2024-05-01 01:52:19,908 - Lists of intent labels are: ['Complain', 'Praise', 'Apologise', 'Thank', 'Criticize', 'Agree', 'Taunt', 'Flaunt', 'Joke', 'Oppose', 'Comfort', 'Care', 'Inform', 'Advise', 'Arrange', 'Introduce', 'Leave', 'Prevent', 'Greet', 'Ask for help']
2024-05-01 01:52:19,908 - ID Data preparation...
2024-05-01 01:52:26,317 - OOD Data preparation...
2024-05-01 01:52:27,765 - ============================== Params ==============================
2024-05-01 01:52:27,765 - logger_name: mmim_msp_MIntRec_multi-class_0
2024-05-01 01:52:27,765 - dataset: MIntRec
2024-05-01 01:52:27,765 - ood_dataset: MIntRec-OOD
2024-05-01 01:52:27,765 - data_mode: multi-class
2024-05-01 01:52:27,765 - multimodal_method: mmim
2024-05-01 01:52:27,765 - method: mmim
2024-05-01 01:52:27,765 - ood_detection_method: msp
2024-05-01 01:52:27,765 - text_backbone: bert-base-uncased
2024-05-01 01:52:27,765 - seed: 0
2024-05-01 01:52:27,765 - num_workers: 8
2024-05-01 01:52:27,765 - log_id: mmim_msp_MIntRec_multi-class_0_2024-05-01-01-52-19
2024-05-01 01:52:27,765 - gpu_id: 3
2024-05-01 01:52:27,765 - data_path: /home/sharing/disk2/sjh/intentDataset
2024-05-01 01:52:27,765 - train: False
2024-05-01 01:52:27,765 - tune: True
2024-05-01 01:52:27,765 - ood: True
2024-05-01 01:52:27,765 - save_model: True
2024-05-01 01:52:27,765 - save_results: True
2024-05-01 01:52:27,765 - log_path: logs
2024-05-01 01:52:27,765 - cache_path: cache
2024-05-01 01:52:27,765 - video_data_path: video_data
2024-05-01 01:52:27,765 - audio_data_path: audio_data
2024-05-01 01:52:27,765 - video_feats_path: swin_feats.pkl
2024-05-01 01:52:27,765 - ood_video_feats_path: swin_feats.pkl
2024-05-01 01:52:27,765 - ood_audio_feats_path: wavlm_feats.pkl
2024-05-01 01:52:27,765 - audio_feats_path: wavlm_feats.pkl
2024-05-01 01:52:27,765 - results_path: results
2024-05-01 01:52:27,765 - output_path: /home/sharing/disk2/sjh/Outputs/OOD_MIntRec/mmim
2024-05-01 01:52:27,765 - model_path: models
2024-05-01 01:52:27,765 - config_file_name: mmim_MIntRec
2024-05-01 01:52:27,765 - results_file_name: results_mmim_MIntRec.csv
2024-05-01 01:52:27,765 - text_pretrained_model: /home/sharing/disk1/pretrained_embedding/bert/uncased_L-12_H-768_A-12/
2024-05-01 01:52:27,766 - text_seq_len: 30
2024-05-01 01:52:27,766 - video_seq_len: 230
2024-05-01 01:52:27,766 - audio_seq_len: 480
2024-05-01 01:52:27,766 - text_feat_dim: 768
2024-05-01 01:52:27,766 - video_feat_dim: 1024
2024-05-01 01:52:27,766 - audio_feat_dim: 768
2024-05-01 01:52:27,766 - ood_label_id: 20
2024-05-01 01:52:27,766 - num_labels: 20
2024-05-01 01:52:27,766 - num_train_examples: 1334
2024-05-01 01:52:27,766 - need_aligned: False
2024-05-01 01:52:27,766 - eval_monitor: f1
2024-05-01 01:52:27,766 - train_batch_size: 32
2024-05-01 01:52:27,766 - eval_batch_size: 16
2024-05-01 01:52:27,766 - test_batch_size: 16
2024-05-01 01:52:27,766 - wait_patience: 5
2024-05-01 01:52:27,766 - num_train_epochs: 100
2024-05-01 01:52:27,766 - add_va: False
2024-05-01 01:52:27,766 - cpc_activation: Tanh
2024-05-01 01:52:27,766 - mmilb_mid_activation: ReLU
2024-05-01 01:52:27,766 - mmilb_last_activation: Tanh
2024-05-01 01:52:27,766 - optim: Adam
2024-05-01 01:52:27,766 - contrast: True
2024-05-01 01:52:27,766 - bidirectional: True
2024-05-01 01:52:27,766 - grad_clip: 1.0
2024-05-01 01:52:27,766 - lr_main: [0.0002]
2024-05-01 01:52:27,766 - weight_decay_main: [0.0003]
2024-05-01 01:52:27,766 - lr_bert: [4e-05]
2024-05-01 01:52:27,766 - weight_decay_bert: [8e-05]
2024-05-01 01:52:27,766 - lr_mmilb: [0.003]
2024-05-01 01:52:27,766 - weight_decay_mmilb: [0.0001]
2024-05-01 01:52:27,766 - alpha: [0.1]
2024-05-01 01:52:27,766 - dropout_a: [0.1]
2024-05-01 01:52:27,766 - dropout_v: [0.1]
2024-05-01 01:52:27,766 - dropout_prj: [0.1]
2024-05-01 01:52:27,766 - n_layer: [1]
2024-05-01 01:52:27,766 - cpc_layers: [1]
2024-05-01 01:52:27,766 - d_vh: [32]
2024-05-01 01:52:27,766 - d_ah: [16]
2024-05-01 01:52:27,766 - d_vout: [8]
2024-05-01 01:52:27,766 - d_aout: [8]
2024-05-01 01:52:27,766 - d_prjh: [512]
2024-05-01 01:52:27,766 - scale: [20]
2024-05-01 01:52:27,766 - beta: [0.5]
2024-05-01 01:52:27,766 - pred_output_path: /home/sharing/disk2/sjh/Outputs/OOD_MIntRec/mmim/mmim_MIntRec_bert-base-uncased_multi-class_0
2024-05-01 01:52:27,767 - model_output_path: /home/sharing/disk2/sjh/Outputs/OOD_MIntRec/mmim/mmim_MIntRec_bert-base-uncased_multi-class_0/models
2024-05-01 01:52:27,767 - pretrained_save_model: /home/sharing/disk2/sjh/Outputs/OOD_MIntRec/mmim/binary_mmim_MIntRec_bert-base-uncased_0
2024-05-01 01:52:27,767 - ============================== End Params ==============================
2024-05-01 01:52:30,743 - Multimodal Intent Recognition begins...
2024-05-01 01:52:30,743 - Testing begins...
2024-05-01 01:52:38,318 - ***** Out-of-domain Evaluation results *****
2024-05-01 01:52:38,318 -   aupr_in = 0.7277
2024-05-01 01:52:38,318 -   aupr_out = 0.7007
2024-05-01 01:52:38,318 -   auroc = 0.7332
2024-05-01 01:52:38,318 -   der = 0.4392
2024-05-01 01:52:38,318 -   eer = 0.3289
2024-05-01 01:52:38,318 -   fpr95 = 0.8356
2024-05-01 01:52:38,318 - Testing is finished...
2024-05-01 01:52:38,318 - Multimodal intent recognition is finished...
2024-05-01 01:52:38,318 - Results are saved in results/results_mmim_MIntRec.csv
2024-05-01 01:52:38,367 - ============================== Params ==============================
2024-05-01 01:52:38,367 - logger_name: mmim_msp_MIntRec_multi-class_0
2024-05-01 01:52:38,367 - dataset: MIntRec
2024-05-01 01:52:38,367 - ood_dataset: MIntRec-OOD
2024-05-01 01:52:38,367 - data_mode: multi-class
2024-05-01 01:52:38,367 - multimodal_method: mmim
2024-05-01 01:52:38,367 - method: mmim
2024-05-01 01:52:38,367 - ood_detection_method: msp
2024-05-01 01:52:38,367 - text_backbone: bert-base-uncased
2024-05-01 01:52:38,367 - seed: 1
2024-05-01 01:52:38,367 - num_workers: 8
2024-05-01 01:52:38,367 - log_id: mmim_msp_MIntRec_multi-class_0_2024-05-01-01-52-19
2024-05-01 01:52:38,367 - gpu_id: 3
2024-05-01 01:52:38,367 - data_path: /home/sharing/disk2/sjh/intentDataset
2024-05-01 01:52:38,367 - train: False
2024-05-01 01:52:38,367 - tune: True
2024-05-01 01:52:38,367 - ood: True
2024-05-01 01:52:38,367 - save_model: True
2024-05-01 01:52:38,367 - save_results: True
2024-05-01 01:52:38,367 - log_path: logs
2024-05-01 01:52:38,367 - cache_path: cache
2024-05-01 01:52:38,367 - video_data_path: video_data
2024-05-01 01:52:38,367 - audio_data_path: audio_data
2024-05-01 01:52:38,367 - video_feats_path: swin_feats.pkl
2024-05-01 01:52:38,367 - ood_video_feats_path: swin_feats.pkl
2024-05-01 01:52:38,367 - ood_audio_feats_path: wavlm_feats.pkl
2024-05-01 01:52:38,367 - audio_feats_path: wavlm_feats.pkl
2024-05-01 01:52:38,368 - results_path: results
2024-05-01 01:52:38,368 - output_path: /home/sharing/disk2/sjh/Outputs/OOD_MIntRec/mmim
2024-05-01 01:52:38,368 - model_path: models
2024-05-01 01:52:38,368 - config_file_name: mmim_MIntRec
2024-05-01 01:52:38,368 - results_file_name: results_mmim_MIntRec.csv
2024-05-01 01:52:38,368 - text_pretrained_model: /home/sharing/disk1/pretrained_embedding/bert/uncased_L-12_H-768_A-12/
2024-05-01 01:52:38,368 - text_seq_len: 30
2024-05-01 01:52:38,368 - video_seq_len: 230
2024-05-01 01:52:38,368 - audio_seq_len: 480
2024-05-01 01:52:38,368 - text_feat_dim: 768
2024-05-01 01:52:38,368 - video_feat_dim: 1024
2024-05-01 01:52:38,368 - audio_feat_dim: 768
2024-05-01 01:52:38,368 - ood_label_id: 20
2024-05-01 01:52:38,368 - num_labels: 20
2024-05-01 01:52:38,368 - num_train_examples: 1334
2024-05-01 01:52:38,368 - need_aligned: False
2024-05-01 01:52:38,368 - eval_monitor: f1
2024-05-01 01:52:38,368 - train_batch_size: 32
2024-05-01 01:52:38,368 - eval_batch_size: 16
2024-05-01 01:52:38,368 - test_batch_size: 16
2024-05-01 01:52:38,368 - wait_patience: 5
2024-05-01 01:52:38,368 - num_train_epochs: 100
2024-05-01 01:52:38,368 - add_va: False
2024-05-01 01:52:38,368 - cpc_activation: Tanh
2024-05-01 01:52:38,368 - mmilb_mid_activation: ReLU
2024-05-01 01:52:38,368 - mmilb_last_activation: Tanh
2024-05-01 01:52:38,368 - optim: Adam
2024-05-01 01:52:38,368 - contrast: True
2024-05-01 01:52:38,368 - bidirectional: True
2024-05-01 01:52:38,368 - grad_clip: 1.0
2024-05-01 01:52:38,368 - lr_main: [0.0002]
2024-05-01 01:52:38,368 - weight_decay_main: [0.0003]
2024-05-01 01:52:38,368 - lr_bert: [4e-05]
2024-05-01 01:52:38,368 - weight_decay_bert: [8e-05]
2024-05-01 01:52:38,368 - lr_mmilb: [0.003]
2024-05-01 01:52:38,368 - weight_decay_mmilb: [0.0001]
2024-05-01 01:52:38,368 - alpha: [0.1]
2024-05-01 01:52:38,368 - dropout_a: [0.1]
2024-05-01 01:52:38,369 - dropout_v: [0.1]
2024-05-01 01:52:38,369 - dropout_prj: [0.1]
2024-05-01 01:52:38,369 - n_layer: [1]
2024-05-01 01:52:38,369 - cpc_layers: [1]
2024-05-01 01:52:38,369 - d_vh: [32]
2024-05-01 01:52:38,369 - d_ah: [16]
2024-05-01 01:52:38,369 - d_vout: [8]
2024-05-01 01:52:38,369 - d_aout: [8]
2024-05-01 01:52:38,369 - d_prjh: [512]
2024-05-01 01:52:38,369 - scale: [20]
2024-05-01 01:52:38,369 - beta: [0.5]
2024-05-01 01:52:38,369 - pred_output_path: /home/sharing/disk2/sjh/Outputs/OOD_MIntRec/mmim/mmim_MIntRec_bert-base-uncased_multi-class_1
2024-05-01 01:52:38,369 - model_output_path: /home/sharing/disk2/sjh/Outputs/OOD_MIntRec/mmim/mmim_MIntRec_bert-base-uncased_multi-class_1/models
2024-05-01 01:52:38,369 - pretrained_save_model: /home/sharing/disk2/sjh/Outputs/OOD_MIntRec/mmim/binary_mmim_MIntRec_bert-base-uncased_1
2024-05-01 01:52:38,369 - device: cuda
2024-05-01 01:52:38,369 - d_tout: 768
2024-05-01 01:52:38,369 - feat_size: 512
2024-05-01 01:52:38,369 - ============================== End Params ==============================
2024-05-01 01:52:39,715 - Multimodal Intent Recognition begins...
2024-05-01 01:52:39,715 - Testing begins...
2024-05-01 01:52:46,375 - ***** Out-of-domain Evaluation results *****
2024-05-01 01:52:46,376 -   aupr_in = 0.7424
2024-05-01 01:52:46,376 -   aupr_out = 0.7069
2024-05-01 01:52:46,376 -   auroc = 0.7329
2024-05-01 01:52:46,376 -   der = 0.427
2024-05-01 01:52:46,376 -   eer = 0.3356
2024-05-01 01:52:46,376 -   fpr95 = 0.8111
2024-05-01 01:52:46,376 - Testing is finished...
2024-05-01 01:52:46,376 - Multimodal intent recognition is finished...
2024-05-01 01:52:46,376 - Results are saved in results/results_mmim_MIntRec.csv
2024-05-01 01:52:46,435 - ============================== Params ==============================
2024-05-01 01:52:46,435 - logger_name: mmim_msp_MIntRec_multi-class_0
2024-05-01 01:52:46,435 - dataset: MIntRec
2024-05-01 01:52:46,435 - ood_dataset: MIntRec-OOD
2024-05-01 01:52:46,435 - data_mode: multi-class
2024-05-01 01:52:46,435 - multimodal_method: mmim
2024-05-01 01:52:46,435 - method: mmim
2024-05-01 01:52:46,435 - ood_detection_method: msp
2024-05-01 01:52:46,435 - text_backbone: bert-base-uncased
2024-05-01 01:52:46,435 - seed: 2
2024-05-01 01:52:46,435 - num_workers: 8
2024-05-01 01:52:46,435 - log_id: mmim_msp_MIntRec_multi-class_0_2024-05-01-01-52-19
2024-05-01 01:52:46,435 - gpu_id: 3
2024-05-01 01:52:46,435 - data_path: /home/sharing/disk2/sjh/intentDataset
2024-05-01 01:52:46,435 - train: False
2024-05-01 01:52:46,435 - tune: True
2024-05-01 01:52:46,435 - ood: True
2024-05-01 01:52:46,435 - save_model: True
2024-05-01 01:52:46,436 - save_results: True
2024-05-01 01:52:46,436 - log_path: logs
2024-05-01 01:52:46,436 - cache_path: cache
2024-05-01 01:52:46,436 - video_data_path: video_data
2024-05-01 01:52:46,436 - audio_data_path: audio_data
2024-05-01 01:52:46,436 - video_feats_path: swin_feats.pkl
2024-05-01 01:52:46,436 - ood_video_feats_path: swin_feats.pkl
2024-05-01 01:52:46,436 - ood_audio_feats_path: wavlm_feats.pkl
2024-05-01 01:52:46,436 - audio_feats_path: wavlm_feats.pkl
2024-05-01 01:52:46,436 - results_path: results
2024-05-01 01:52:46,436 - output_path: /home/sharing/disk2/sjh/Outputs/OOD_MIntRec/mmim
2024-05-01 01:52:46,436 - model_path: models
2024-05-01 01:52:46,436 - config_file_name: mmim_MIntRec
2024-05-01 01:52:46,436 - results_file_name: results_mmim_MIntRec.csv
2024-05-01 01:52:46,436 - text_pretrained_model: /home/sharing/disk1/pretrained_embedding/bert/uncased_L-12_H-768_A-12/
2024-05-01 01:52:46,436 - text_seq_len: 30
2024-05-01 01:52:46,436 - video_seq_len: 230
2024-05-01 01:52:46,436 - audio_seq_len: 480
2024-05-01 01:52:46,436 - text_feat_dim: 768
2024-05-01 01:52:46,436 - video_feat_dim: 1024
2024-05-01 01:52:46,436 - audio_feat_dim: 768
2024-05-01 01:52:46,436 - ood_label_id: 20
2024-05-01 01:52:46,436 - num_labels: 20
2024-05-01 01:52:46,436 - num_train_examples: 1334
2024-05-01 01:52:46,436 - need_aligned: False
2024-05-01 01:52:46,436 - eval_monitor: f1
2024-05-01 01:52:46,436 - train_batch_size: 32
2024-05-01 01:52:46,436 - eval_batch_size: 16
2024-05-01 01:52:46,436 - test_batch_size: 16
2024-05-01 01:52:46,436 - wait_patience: 5
2024-05-01 01:52:46,436 - num_train_epochs: 100
2024-05-01 01:52:46,436 - add_va: False
2024-05-01 01:52:46,436 - cpc_activation: Tanh
2024-05-01 01:52:46,436 - mmilb_mid_activation: ReLU
2024-05-01 01:52:46,436 - mmilb_last_activation: Tanh
2024-05-01 01:52:46,436 - optim: Adam
2024-05-01 01:52:46,437 - contrast: True
2024-05-01 01:52:46,437 - bidirectional: True
2024-05-01 01:52:46,437 - grad_clip: 1.0
2024-05-01 01:52:46,437 - lr_main: [0.0002]
2024-05-01 01:52:46,437 - weight_decay_main: [0.0003]
2024-05-01 01:52:46,437 - lr_bert: [4e-05]
2024-05-01 01:52:46,437 - weight_decay_bert: [8e-05]
2024-05-01 01:52:46,437 - lr_mmilb: [0.003]
2024-05-01 01:52:46,437 - weight_decay_mmilb: [0.0001]
2024-05-01 01:52:46,437 - alpha: [0.1]
2024-05-01 01:52:46,437 - dropout_a: [0.1]
2024-05-01 01:52:46,437 - dropout_v: [0.1]
2024-05-01 01:52:46,437 - dropout_prj: [0.1]
2024-05-01 01:52:46,437 - n_layer: [1]
2024-05-01 01:52:46,437 - cpc_layers: [1]
2024-05-01 01:52:46,437 - d_vh: [32]
2024-05-01 01:52:46,437 - d_ah: [16]
2024-05-01 01:52:46,437 - d_vout: [8]
2024-05-01 01:52:46,437 - d_aout: [8]
2024-05-01 01:52:46,437 - d_prjh: [512]
2024-05-01 01:52:46,437 - scale: [20]
2024-05-01 01:52:46,437 - beta: [0.5]
2024-05-01 01:52:46,437 - pred_output_path: /home/sharing/disk2/sjh/Outputs/OOD_MIntRec/mmim/mmim_MIntRec_bert-base-uncased_multi-class_2
2024-05-01 01:52:46,437 - model_output_path: /home/sharing/disk2/sjh/Outputs/OOD_MIntRec/mmim/mmim_MIntRec_bert-base-uncased_multi-class_2/models
2024-05-01 01:52:46,437 - pretrained_save_model: /home/sharing/disk2/sjh/Outputs/OOD_MIntRec/mmim/binary_mmim_MIntRec_bert-base-uncased_2
2024-05-01 01:52:46,437 - device: cuda
2024-05-01 01:52:46,437 - d_tout: 768
2024-05-01 01:52:46,437 - feat_size: 512
2024-05-01 01:52:46,437 - ============================== End Params ==============================
2024-05-01 01:52:47,794 - Multimodal Intent Recognition begins...
2024-05-01 01:52:47,794 - Testing begins...
2024-05-01 01:52:54,278 - ***** Out-of-domain Evaluation results *****
2024-05-01 01:52:54,279 -   aupr_in = 0.7185
2024-05-01 01:52:54,279 -   aupr_out = 0.6672
2024-05-01 01:52:54,279 -   auroc = 0.7132
2024-05-01 01:52:54,279 -   der = 0.4668
2024-05-01 01:52:54,279 -   eer = 0.3444
2024-05-01 01:52:54,279 -   fpr95 = 0.8889
2024-05-01 01:52:54,279 - Testing is finished...
2024-05-01 01:52:54,279 - Multimodal intent recognition is finished...
2024-05-01 01:52:54,279 - Results are saved in results/results_mmim_MIntRec.csv
2024-05-01 01:52:54,338 - ============================== Params ==============================
2024-05-01 01:52:54,338 - logger_name: mmim_msp_MIntRec_multi-class_0
2024-05-01 01:52:54,338 - dataset: MIntRec
2024-05-01 01:52:54,338 - ood_dataset: MIntRec-OOD
2024-05-01 01:52:54,338 - data_mode: multi-class
2024-05-01 01:52:54,338 - multimodal_method: mmim
2024-05-01 01:52:54,338 - method: mmim
2024-05-01 01:52:54,338 - ood_detection_method: msp
2024-05-01 01:52:54,338 - text_backbone: bert-base-uncased
2024-05-01 01:52:54,338 - seed: 3
2024-05-01 01:52:54,338 - num_workers: 8
2024-05-01 01:52:54,338 - log_id: mmim_msp_MIntRec_multi-class_0_2024-05-01-01-52-19
2024-05-01 01:52:54,338 - gpu_id: 3
2024-05-01 01:52:54,338 - data_path: /home/sharing/disk2/sjh/intentDataset
2024-05-01 01:52:54,338 - train: False
2024-05-01 01:52:54,338 - tune: True
2024-05-01 01:52:54,338 - ood: True
2024-05-01 01:52:54,338 - save_model: True
2024-05-01 01:52:54,338 - save_results: True
2024-05-01 01:52:54,338 - log_path: logs
2024-05-01 01:52:54,339 - cache_path: cache
2024-05-01 01:52:54,339 - video_data_path: video_data
2024-05-01 01:52:54,339 - audio_data_path: audio_data
2024-05-01 01:52:54,339 - video_feats_path: swin_feats.pkl
2024-05-01 01:52:54,339 - ood_video_feats_path: swin_feats.pkl
2024-05-01 01:52:54,339 - ood_audio_feats_path: wavlm_feats.pkl
2024-05-01 01:52:54,339 - audio_feats_path: wavlm_feats.pkl
2024-05-01 01:52:54,339 - results_path: results
2024-05-01 01:52:54,339 - output_path: /home/sharing/disk2/sjh/Outputs/OOD_MIntRec/mmim
2024-05-01 01:52:54,339 - model_path: models
2024-05-01 01:52:54,339 - config_file_name: mmim_MIntRec
2024-05-01 01:52:54,339 - results_file_name: results_mmim_MIntRec.csv
2024-05-01 01:52:54,339 - text_pretrained_model: /home/sharing/disk1/pretrained_embedding/bert/uncased_L-12_H-768_A-12/
2024-05-01 01:52:54,339 - text_seq_len: 30
2024-05-01 01:52:54,339 - video_seq_len: 230
2024-05-01 01:52:54,339 - audio_seq_len: 480
2024-05-01 01:52:54,339 - text_feat_dim: 768
2024-05-01 01:52:54,339 - video_feat_dim: 1024
2024-05-01 01:52:54,339 - audio_feat_dim: 768
2024-05-01 01:52:54,339 - ood_label_id: 20
2024-05-01 01:52:54,339 - num_labels: 20
2024-05-01 01:52:54,339 - num_train_examples: 1334
2024-05-01 01:52:54,339 - need_aligned: False
2024-05-01 01:52:54,339 - eval_monitor: f1
2024-05-01 01:52:54,339 - train_batch_size: 32
2024-05-01 01:52:54,339 - eval_batch_size: 16
2024-05-01 01:52:54,339 - test_batch_size: 16
2024-05-01 01:52:54,339 - wait_patience: 5
2024-05-01 01:52:54,339 - num_train_epochs: 100
2024-05-01 01:52:54,339 - add_va: False
2024-05-01 01:52:54,339 - cpc_activation: Tanh
2024-05-01 01:52:54,339 - mmilb_mid_activation: ReLU
2024-05-01 01:52:54,339 - mmilb_last_activation: Tanh
2024-05-01 01:52:54,339 - optim: Adam
2024-05-01 01:52:54,339 - contrast: True
2024-05-01 01:52:54,339 - bidirectional: True
2024-05-01 01:52:54,339 - grad_clip: 1.0
2024-05-01 01:52:54,339 - lr_main: [0.0002]
2024-05-01 01:52:54,340 - weight_decay_main: [0.0003]
2024-05-01 01:52:54,340 - lr_bert: [4e-05]
2024-05-01 01:52:54,340 - weight_decay_bert: [8e-05]
2024-05-01 01:52:54,340 - lr_mmilb: [0.003]
2024-05-01 01:52:54,340 - weight_decay_mmilb: [0.0001]
2024-05-01 01:52:54,340 - alpha: [0.1]
2024-05-01 01:52:54,340 - dropout_a: [0.1]
2024-05-01 01:52:54,340 - dropout_v: [0.1]
2024-05-01 01:52:54,340 - dropout_prj: [0.1]
2024-05-01 01:52:54,340 - n_layer: [1]
2024-05-01 01:52:54,340 - cpc_layers: [1]
2024-05-01 01:52:54,340 - d_vh: [32]
2024-05-01 01:52:54,340 - d_ah: [16]
2024-05-01 01:52:54,340 - d_vout: [8]
2024-05-01 01:52:54,340 - d_aout: [8]
2024-05-01 01:52:54,340 - d_prjh: [512]
2024-05-01 01:52:54,340 - scale: [20]
2024-05-01 01:52:54,340 - beta: [0.5]
2024-05-01 01:52:54,340 - pred_output_path: /home/sharing/disk2/sjh/Outputs/OOD_MIntRec/mmim/mmim_MIntRec_bert-base-uncased_multi-class_3
2024-05-01 01:52:54,340 - model_output_path: /home/sharing/disk2/sjh/Outputs/OOD_MIntRec/mmim/mmim_MIntRec_bert-base-uncased_multi-class_3/models
2024-05-01 01:52:54,340 - pretrained_save_model: /home/sharing/disk2/sjh/Outputs/OOD_MIntRec/mmim/binary_mmim_MIntRec_bert-base-uncased_3
2024-05-01 01:52:54,340 - device: cuda
2024-05-01 01:52:54,340 - d_tout: 768
2024-05-01 01:52:54,340 - feat_size: 512
2024-05-01 01:52:54,340 - ============================== End Params ==============================
2024-05-01 01:52:55,488 - Multimodal Intent Recognition begins...
2024-05-01 01:52:55,488 - Testing begins...
2024-05-01 01:53:02,384 - ***** Out-of-domain Evaluation results *****
2024-05-01 01:53:02,384 -   aupr_in = 0.7561
2024-05-01 01:53:02,384 -   aupr_out = 0.7027
2024-05-01 01:53:02,384 -   auroc = 0.7406
2024-05-01 01:53:02,384 -   der = 0.4469
2024-05-01 01:53:02,384 -   eer = 0.3244
2024-05-01 01:53:02,384 -   fpr95 = 0.8489
2024-05-01 01:53:02,384 - Testing is finished...
2024-05-01 01:53:02,384 - Multimodal intent recognition is finished...
2024-05-01 01:53:02,384 - Results are saved in results/results_mmim_MIntRec.csv
2024-05-01 01:53:02,432 - ============================== Params ==============================
2024-05-01 01:53:02,432 - logger_name: mmim_msp_MIntRec_multi-class_0
2024-05-01 01:53:02,432 - dataset: MIntRec
2024-05-01 01:53:02,432 - ood_dataset: MIntRec-OOD
2024-05-01 01:53:02,432 - data_mode: multi-class
2024-05-01 01:53:02,432 - multimodal_method: mmim
2024-05-01 01:53:02,432 - method: mmim
2024-05-01 01:53:02,432 - ood_detection_method: msp
2024-05-01 01:53:02,432 - text_backbone: bert-base-uncased
2024-05-01 01:53:02,432 - seed: 4
2024-05-01 01:53:02,432 - num_workers: 8
2024-05-01 01:53:02,432 - log_id: mmim_msp_MIntRec_multi-class_0_2024-05-01-01-52-19
2024-05-01 01:53:02,432 - gpu_id: 3
2024-05-01 01:53:02,432 - data_path: /home/sharing/disk2/sjh/intentDataset
2024-05-01 01:53:02,432 - train: False
2024-05-01 01:53:02,432 - tune: True
2024-05-01 01:53:02,432 - ood: True
2024-05-01 01:53:02,432 - save_model: True
2024-05-01 01:53:02,432 - save_results: True
2024-05-01 01:53:02,432 - log_path: logs
2024-05-01 01:53:02,432 - cache_path: cache
2024-05-01 01:53:02,432 - video_data_path: video_data
2024-05-01 01:53:02,432 - audio_data_path: audio_data
2024-05-01 01:53:02,432 - video_feats_path: swin_feats.pkl
2024-05-01 01:53:02,432 - ood_video_feats_path: swin_feats.pkl
2024-05-01 01:53:02,433 - ood_audio_feats_path: wavlm_feats.pkl
2024-05-01 01:53:02,433 - audio_feats_path: wavlm_feats.pkl
2024-05-01 01:53:02,433 - results_path: results
2024-05-01 01:53:02,433 - output_path: /home/sharing/disk2/sjh/Outputs/OOD_MIntRec/mmim
2024-05-01 01:53:02,433 - model_path: models
2024-05-01 01:53:02,433 - config_file_name: mmim_MIntRec
2024-05-01 01:53:02,433 - results_file_name: results_mmim_MIntRec.csv
2024-05-01 01:53:02,433 - text_pretrained_model: /home/sharing/disk1/pretrained_embedding/bert/uncased_L-12_H-768_A-12/
2024-05-01 01:53:02,433 - text_seq_len: 30
2024-05-01 01:53:02,433 - video_seq_len: 230
2024-05-01 01:53:02,433 - audio_seq_len: 480
2024-05-01 01:53:02,433 - text_feat_dim: 768
2024-05-01 01:53:02,433 - video_feat_dim: 1024
2024-05-01 01:53:02,433 - audio_feat_dim: 768
2024-05-01 01:53:02,433 - ood_label_id: 20
2024-05-01 01:53:02,433 - num_labels: 20
2024-05-01 01:53:02,433 - num_train_examples: 1334
2024-05-01 01:53:02,433 - need_aligned: False
2024-05-01 01:53:02,433 - eval_monitor: f1
2024-05-01 01:53:02,433 - train_batch_size: 32
2024-05-01 01:53:02,433 - eval_batch_size: 16
2024-05-01 01:53:02,433 - test_batch_size: 16
2024-05-01 01:53:02,433 - wait_patience: 5
2024-05-01 01:53:02,433 - num_train_epochs: 100
2024-05-01 01:53:02,433 - add_va: False
2024-05-01 01:53:02,433 - cpc_activation: Tanh
2024-05-01 01:53:02,433 - mmilb_mid_activation: ReLU
2024-05-01 01:53:02,433 - mmilb_last_activation: Tanh
2024-05-01 01:53:02,433 - optim: Adam
2024-05-01 01:53:02,433 - contrast: True
2024-05-01 01:53:02,433 - bidirectional: True
2024-05-01 01:53:02,433 - grad_clip: 1.0
2024-05-01 01:53:02,433 - lr_main: [0.0002]
2024-05-01 01:53:02,433 - weight_decay_main: [0.0003]
2024-05-01 01:53:02,433 - lr_bert: [4e-05]
2024-05-01 01:53:02,433 - weight_decay_bert: [8e-05]
2024-05-01 01:53:02,433 - lr_mmilb: [0.003]
2024-05-01 01:53:02,433 - weight_decay_mmilb: [0.0001]
2024-05-01 01:53:02,433 - alpha: [0.1]
2024-05-01 01:53:02,434 - dropout_a: [0.1]
2024-05-01 01:53:02,434 - dropout_v: [0.1]
2024-05-01 01:53:02,434 - dropout_prj: [0.1]
2024-05-01 01:53:02,434 - n_layer: [1]
2024-05-01 01:53:02,434 - cpc_layers: [1]
2024-05-01 01:53:02,434 - d_vh: [32]
2024-05-01 01:53:02,434 - d_ah: [16]
2024-05-01 01:53:02,434 - d_vout: [8]
2024-05-01 01:53:02,434 - d_aout: [8]
2024-05-01 01:53:02,434 - d_prjh: [512]
2024-05-01 01:53:02,434 - scale: [20]
2024-05-01 01:53:02,434 - beta: [0.5]
2024-05-01 01:53:02,434 - pred_output_path: /home/sharing/disk2/sjh/Outputs/OOD_MIntRec/mmim/mmim_MIntRec_bert-base-uncased_multi-class_4
2024-05-01 01:53:02,434 - model_output_path: /home/sharing/disk2/sjh/Outputs/OOD_MIntRec/mmim/mmim_MIntRec_bert-base-uncased_multi-class_4/models
2024-05-01 01:53:02,434 - pretrained_save_model: /home/sharing/disk2/sjh/Outputs/OOD_MIntRec/mmim/binary_mmim_MIntRec_bert-base-uncased_4
2024-05-01 01:53:02,434 - device: cuda
2024-05-01 01:53:02,434 - d_tout: 768
2024-05-01 01:53:02,434 - feat_size: 512
2024-05-01 01:53:02,434 - ============================== End Params ==============================
2024-05-01 01:53:03,721 - Multimodal Intent Recognition begins...
2024-05-01 01:53:03,721 - Testing begins...
2024-05-01 01:53:10,321 - ***** Out-of-domain Evaluation results *****
2024-05-01 01:53:10,321 -   aupr_in = 0.7345
2024-05-01 01:53:10,321 -   aupr_out = 0.7004
2024-05-01 01:53:10,321 -   auroc = 0.7363
2024-05-01 01:53:10,321 -   der = 0.4425
2024-05-01 01:53:10,321 -   eer = 0.3089
2024-05-01 01:53:10,321 -   fpr95 = 0.84
2024-05-01 01:53:10,321 - Testing is finished...
2024-05-01 01:53:10,321 - Multimodal intent recognition is finished...
2024-05-01 01:53:10,321 - Results are saved in results/results_mmim_MIntRec.csv
