2024-05-18 09:11:54,500 - Lists of intent labels are: ['Complain', 'Praise', 'Apologise', 'Thank', 'Criticize', 'Agree', 'Taunt', 'Flaunt', 'Joke', 'Oppose', 'Comfort', 'Care', 'Inform', 'Advise', 'Arrange', 'Introduce', 'Leave', 'Prevent', 'Greet', 'Ask for help']
2024-05-18 09:11:54,500 - ID Data preparation...
2024-05-18 09:12:00,875 - OOD Data preparation...
2024-05-18 09:12:02,222 - ============================== Params ==============================
2024-05-18 09:12:02,222 - logger_name: msz_residual_MIntRec_multi-class_0
2024-05-18 09:12:02,222 - dataset: MIntRec
2024-05-18 09:12:02,223 - ood_dataset: MIntRec-OOD
2024-05-18 09:12:02,223 - data_mode: multi-class
2024-05-18 09:12:02,223 - multimodal_method: msz
2024-05-18 09:12:02,223 - method: msz
2024-05-18 09:12:02,223 - ood_detection_method: residual
2024-05-18 09:12:02,223 - text_backbone: bert-base-uncased
2024-05-18 09:12:02,223 - seed: 0
2024-05-18 09:12:02,223 - num_workers: 8
2024-05-18 09:12:02,223 - log_id: msz_residual_MIntRec_multi-class_0_2024-05-18-09-11-54
2024-05-18 09:12:02,223 - gpu_id: 2
2024-05-18 09:12:02,223 - data_path: /home/sharing/disk2/sjh/intentDataset
2024-05-18 09:12:02,223 - train: False
2024-05-18 09:12:02,223 - tune: True
2024-05-18 09:12:02,223 - ood: True
2024-05-18 09:12:02,223 - save_model: False
2024-05-18 09:12:02,223 - save_results: True
2024-05-18 09:12:02,223 - log_path: logs
2024-05-18 09:12:02,223 - cache_path: cache
2024-05-18 09:12:02,223 - video_data_path: video_data
2024-05-18 09:12:02,223 - audio_data_path: audio_data
2024-05-18 09:12:02,223 - video_feats_path: swin_feats.pkl
2024-05-18 09:12:02,223 - ood_video_feats_path: swin_feats.pkl
2024-05-18 09:12:02,223 - ood_audio_feats_path: wavlm_feats.pkl
2024-05-18 09:12:02,223 - audio_feats_path: wavlm_feats.pkl
2024-05-18 09:12:02,223 - results_path: results
2024-05-18 09:12:02,223 - output_path: /home/sharing/disk2/sjh/Outputs/OOD_MIntRec/dir_ablation/no_binary_msz
2024-05-18 09:12:02,223 - model_path: models
2024-05-18 09:12:02,223 - config_file_name: msz_MIntRec
2024-05-18 09:12:02,223 - results_file_name: results_msz_ablation_MIntRec.csv
2024-05-18 09:12:02,223 - text_pretrained_model: /home/sharing/disk1/pretrained_embedding/bert/uncased_L-12_H-768_A-12/
2024-05-18 09:12:02,223 - text_seq_len: 30
2024-05-18 09:12:02,223 - video_seq_len: 230
2024-05-18 09:12:02,223 - audio_seq_len: 480
2024-05-18 09:12:02,223 - text_feat_dim: 768
2024-05-18 09:12:02,223 - video_feat_dim: 1024
2024-05-18 09:12:02,223 - audio_feat_dim: 768
2024-05-18 09:12:02,223 - ood_label_id: 20
2024-05-18 09:12:02,223 - num_labels: 20
2024-05-18 09:12:02,223 - num_train_examples: 1334
2024-05-18 09:12:02,223 - need_aligned: True
2024-05-18 09:12:02,223 - freeze_parameters: False
2024-05-18 09:12:02,223 - eval_monitor: acc
2024-05-18 09:12:02,223 - train_batch_size: 32
2024-05-18 09:12:02,223 - eval_batch_size: 16
2024-05-18 09:12:02,223 - num_train_epochs: 100
2024-05-18 09:12:02,224 - lr: [2e-05]
2024-05-18 09:12:02,224 - weight_decay: [0.1]
2024-05-18 09:12:02,224 - wait_patience: 5
2024-05-18 09:12:02,224 - warmup_proportion: [0.1]
2024-05-18 09:12:02,224 - hidden_dims: [768]
2024-05-18 09:12:02,224 - num_attention_heads: [4]
2024-05-18 09:12:02,224 - attention_probs_dropout_prob: [0.3]
2024-05-18 09:12:02,224 - hidden_dropout_prob: [0.1]
2024-05-18 09:12:02,224 - intermediate_size: [768]
2024-05-18 09:12:02,224 - num_hidden_layers: [4]
2024-05-18 09:12:02,224 - max_position_embeddings: [900]
2024-05-18 09:12:02,224 - position_embedding_type: absolute
2024-05-18 09:12:02,224 - batch_first: True
2024-05-18 09:12:02,224 - aligned_method: ['ctc']
2024-05-18 09:12:02,224 - sampler: ['dir']
2024-05-18 09:12:02,224 - multiple_ood: [1]
2024-05-18 09:12:02,224 - select_number_min: [2]
2024-05-18 09:12:02,224 - select_number_max: [3]
2024-05-18 09:12:02,224 - alpha: [4]
2024-05-18 09:12:02,224 - mlp_hidden_size: [256]
2024-05-18 09:12:02,224 - mlp_dropout: [0.3]
2024-05-18 09:12:02,224 - scale: [16]
2024-05-18 09:12:02,224 - ablation: ['no_binary']
2024-05-18 09:12:02,224 - pred_output_path: /home/sharing/disk2/sjh/Outputs/OOD_MIntRec/dir_ablation/no_binary_msz/msz_MIntRec_bert-base-uncased_multi-class_0
2024-05-18 09:12:02,224 - model_output_path: /home/sharing/disk2/sjh/Outputs/OOD_MIntRec/dir_ablation/no_binary_msz/msz_MIntRec_bert-base-uncased_multi-class_0/models
2024-05-18 09:12:02,224 - pretrained_save_model: /home/sharing/disk2/sjh/Outputs/OOD_MIntRec/dir_ablation/no_binary_msz/binary_msz_MIntRec_bert-base-uncased_0
2024-05-18 09:12:02,224 - ============================== End Params ==============================
2024-05-18 09:12:05,549 - Multimodal Intent Recognition begins...
2024-05-18 09:12:05,549 - Testing begins...
2024-05-18 09:12:19,571 - ***** Out-of-domain Evaluation results *****
2024-05-18 09:12:19,571 -   aupr_in = 0.804
2024-05-18 09:12:19,571 -   aupr_out = 0.8051
2024-05-18 09:12:19,572 -   auroc = 0.8068
2024-05-18 09:12:19,572 -   der = 0.3641
2024-05-18 09:12:19,572 -   eer = 0.2711
2024-05-18 09:12:19,572 -   fpr95 = 0.6822
2024-05-18 09:12:19,572 - Testing is finished...
2024-05-18 09:12:19,572 - Multimodal intent recognition is finished...
2024-05-18 09:12:19,572 - Results are saved in results/results_msz_ablation_MIntRec.csv
2024-05-18 09:12:19,661 - ============================== Params ==============================
2024-05-18 09:12:19,662 - logger_name: msz_residual_MIntRec_multi-class_0
2024-05-18 09:12:19,662 - dataset: MIntRec
2024-05-18 09:12:19,662 - ood_dataset: MIntRec-OOD
2024-05-18 09:12:19,662 - data_mode: multi-class
2024-05-18 09:12:19,662 - multimodal_method: msz
2024-05-18 09:12:19,662 - method: msz
2024-05-18 09:12:19,662 - ood_detection_method: residual
2024-05-18 09:12:19,662 - text_backbone: bert-base-uncased
2024-05-18 09:12:19,662 - seed: 1
2024-05-18 09:12:19,662 - num_workers: 8
2024-05-18 09:12:19,662 - log_id: msz_residual_MIntRec_multi-class_0_2024-05-18-09-11-54
2024-05-18 09:12:19,662 - gpu_id: 2
2024-05-18 09:12:19,662 - data_path: /home/sharing/disk2/sjh/intentDataset
2024-05-18 09:12:19,662 - train: False
2024-05-18 09:12:19,662 - tune: True
2024-05-18 09:12:19,662 - ood: True
2024-05-18 09:12:19,662 - save_model: False
2024-05-18 09:12:19,662 - save_results: True
2024-05-18 09:12:19,662 - log_path: logs
2024-05-18 09:12:19,662 - cache_path: cache
2024-05-18 09:12:19,662 - video_data_path: video_data
2024-05-18 09:12:19,662 - audio_data_path: audio_data
2024-05-18 09:12:19,662 - video_feats_path: swin_feats.pkl
2024-05-18 09:12:19,662 - ood_video_feats_path: swin_feats.pkl
2024-05-18 09:12:19,662 - ood_audio_feats_path: wavlm_feats.pkl
2024-05-18 09:12:19,662 - audio_feats_path: wavlm_feats.pkl
2024-05-18 09:12:19,662 - results_path: results
2024-05-18 09:12:19,662 - output_path: /home/sharing/disk2/sjh/Outputs/OOD_MIntRec/dir_ablation/no_binary_msz
2024-05-18 09:12:19,662 - model_path: models
2024-05-18 09:12:19,662 - config_file_name: msz_MIntRec
2024-05-18 09:12:19,662 - results_file_name: results_msz_ablation_MIntRec.csv
2024-05-18 09:12:19,662 - text_pretrained_model: /home/sharing/disk1/pretrained_embedding/bert/uncased_L-12_H-768_A-12/
2024-05-18 09:12:19,662 - text_seq_len: 30
2024-05-18 09:12:19,662 - video_seq_len: 230
2024-05-18 09:12:19,662 - audio_seq_len: 480
2024-05-18 09:12:19,662 - text_feat_dim: 768
2024-05-18 09:12:19,662 - video_feat_dim: 1024
2024-05-18 09:12:19,662 - audio_feat_dim: 768
2024-05-18 09:12:19,662 - ood_label_id: 20
2024-05-18 09:12:19,662 - num_labels: 20
2024-05-18 09:12:19,662 - num_train_examples: 1334
2024-05-18 09:12:19,662 - need_aligned: True
2024-05-18 09:12:19,662 - freeze_parameters: False
2024-05-18 09:12:19,662 - eval_monitor: acc
2024-05-18 09:12:19,662 - train_batch_size: 32
2024-05-18 09:12:19,663 - eval_batch_size: 16
2024-05-18 09:12:19,663 - num_train_epochs: 100
2024-05-18 09:12:19,663 - lr: [2e-05]
2024-05-18 09:12:19,663 - weight_decay: [0.1]
2024-05-18 09:12:19,663 - wait_patience: 5
2024-05-18 09:12:19,663 - warmup_proportion: [0.1]
2024-05-18 09:12:19,663 - hidden_dims: [768]
2024-05-18 09:12:19,663 - num_attention_heads: [4]
2024-05-18 09:12:19,663 - attention_probs_dropout_prob: [0.3]
2024-05-18 09:12:19,663 - hidden_dropout_prob: [0.1]
2024-05-18 09:12:19,663 - intermediate_size: [768]
2024-05-18 09:12:19,663 - num_hidden_layers: [4]
2024-05-18 09:12:19,663 - max_position_embeddings: [900]
2024-05-18 09:12:19,663 - position_embedding_type: absolute
2024-05-18 09:12:19,663 - batch_first: True
2024-05-18 09:12:19,663 - aligned_method: ['ctc']
2024-05-18 09:12:19,663 - sampler: ['dir']
2024-05-18 09:12:19,663 - multiple_ood: [1]
2024-05-18 09:12:19,663 - select_number_min: [2]
2024-05-18 09:12:19,663 - select_number_max: [3]
2024-05-18 09:12:19,663 - alpha: [4]
2024-05-18 09:12:19,663 - mlp_hidden_size: [256]
2024-05-18 09:12:19,663 - mlp_dropout: [0.3]
2024-05-18 09:12:19,663 - scale: [16]
2024-05-18 09:12:19,663 - ablation: ['no_binary']
2024-05-18 09:12:19,663 - pred_output_path: /home/sharing/disk2/sjh/Outputs/OOD_MIntRec/dir_ablation/no_binary_msz/msz_MIntRec_bert-base-uncased_multi-class_1
2024-05-18 09:12:19,663 - model_output_path: /home/sharing/disk2/sjh/Outputs/OOD_MIntRec/dir_ablation/no_binary_msz/msz_MIntRec_bert-base-uncased_multi-class_1/models
2024-05-18 09:12:19,663 - pretrained_save_model: /home/sharing/disk2/sjh/Outputs/OOD_MIntRec/dir_ablation/no_binary_msz/binary_msz_MIntRec_bert-base-uncased_1
2024-05-18 09:12:19,663 - device: cuda
2024-05-18 09:12:19,663 - ============================== End Params ==============================
2024-05-18 09:12:21,518 - Multimodal Intent Recognition begins...
2024-05-18 09:12:21,518 - Testing begins...
2024-05-18 09:12:33,782 - ***** Out-of-domain Evaluation results *****
2024-05-18 09:12:33,782 -   aupr_in = 0.8127
2024-05-18 09:12:33,782 -   aupr_out = 0.8136
2024-05-18 09:12:33,782 -   auroc = 0.8158
2024-05-18 09:12:33,782 -   der = 0.3386
2024-05-18 09:12:33,782 -   eer = 0.2733
2024-05-18 09:12:33,782 -   fpr95 = 0.6333
2024-05-18 09:12:33,782 - Testing is finished...
2024-05-18 09:12:33,783 - Multimodal intent recognition is finished...
2024-05-18 09:12:33,783 - Results are saved in results/results_msz_ablation_MIntRec.csv
2024-05-18 09:12:33,878 - ============================== Params ==============================
2024-05-18 09:12:33,878 - logger_name: msz_residual_MIntRec_multi-class_0
2024-05-18 09:12:33,878 - dataset: MIntRec
2024-05-18 09:12:33,878 - ood_dataset: MIntRec-OOD
2024-05-18 09:12:33,878 - data_mode: multi-class
2024-05-18 09:12:33,878 - multimodal_method: msz
2024-05-18 09:12:33,878 - method: msz
2024-05-18 09:12:33,878 - ood_detection_method: residual
2024-05-18 09:12:33,878 - text_backbone: bert-base-uncased
2024-05-18 09:12:33,878 - seed: 2
2024-05-18 09:12:33,879 - num_workers: 8
2024-05-18 09:12:33,879 - log_id: msz_residual_MIntRec_multi-class_0_2024-05-18-09-11-54
2024-05-18 09:12:33,879 - gpu_id: 2
2024-05-18 09:12:33,879 - data_path: /home/sharing/disk2/sjh/intentDataset
2024-05-18 09:12:33,879 - train: False
2024-05-18 09:12:33,879 - tune: True
2024-05-18 09:12:33,879 - ood: True
2024-05-18 09:12:33,879 - save_model: False
2024-05-18 09:12:33,879 - save_results: True
2024-05-18 09:12:33,879 - log_path: logs
2024-05-18 09:12:33,879 - cache_path: cache
2024-05-18 09:12:33,879 - video_data_path: video_data
2024-05-18 09:12:33,879 - audio_data_path: audio_data
2024-05-18 09:12:33,879 - video_feats_path: swin_feats.pkl
2024-05-18 09:12:33,879 - ood_video_feats_path: swin_feats.pkl
2024-05-18 09:12:33,879 - ood_audio_feats_path: wavlm_feats.pkl
2024-05-18 09:12:33,879 - audio_feats_path: wavlm_feats.pkl
2024-05-18 09:12:33,879 - results_path: results
2024-05-18 09:12:33,879 - output_path: /home/sharing/disk2/sjh/Outputs/OOD_MIntRec/dir_ablation/no_binary_msz
2024-05-18 09:12:33,879 - model_path: models
2024-05-18 09:12:33,879 - config_file_name: msz_MIntRec
2024-05-18 09:12:33,879 - results_file_name: results_msz_ablation_MIntRec.csv
2024-05-18 09:12:33,879 - text_pretrained_model: /home/sharing/disk1/pretrained_embedding/bert/uncased_L-12_H-768_A-12/
2024-05-18 09:12:33,879 - text_seq_len: 30
2024-05-18 09:12:33,879 - video_seq_len: 230
2024-05-18 09:12:33,879 - audio_seq_len: 480
2024-05-18 09:12:33,879 - text_feat_dim: 768
2024-05-18 09:12:33,879 - video_feat_dim: 1024
2024-05-18 09:12:33,879 - audio_feat_dim: 768
2024-05-18 09:12:33,879 - ood_label_id: 20
2024-05-18 09:12:33,879 - num_labels: 20
2024-05-18 09:12:33,879 - num_train_examples: 1334
2024-05-18 09:12:33,880 - need_aligned: True
2024-05-18 09:12:33,880 - freeze_parameters: False
2024-05-18 09:12:33,880 - eval_monitor: acc
2024-05-18 09:12:33,880 - train_batch_size: 32
2024-05-18 09:12:33,880 - eval_batch_size: 16
2024-05-18 09:12:33,880 - num_train_epochs: 100
2024-05-18 09:12:33,880 - lr: [2e-05]
2024-05-18 09:12:33,880 - weight_decay: [0.1]
2024-05-18 09:12:33,880 - wait_patience: 5
2024-05-18 09:12:33,880 - warmup_proportion: [0.1]
2024-05-18 09:12:33,880 - hidden_dims: [768]
2024-05-18 09:12:33,880 - num_attention_heads: [4]
2024-05-18 09:12:33,880 - attention_probs_dropout_prob: [0.3]
2024-05-18 09:12:33,880 - hidden_dropout_prob: [0.1]
2024-05-18 09:12:33,880 - intermediate_size: [768]
2024-05-18 09:12:33,880 - num_hidden_layers: [4]
2024-05-18 09:12:33,880 - max_position_embeddings: [900]
2024-05-18 09:12:33,880 - position_embedding_type: absolute
2024-05-18 09:12:33,880 - batch_first: True
2024-05-18 09:12:33,880 - aligned_method: ['ctc']
2024-05-18 09:12:33,880 - sampler: ['dir']
2024-05-18 09:12:33,880 - multiple_ood: [1]
2024-05-18 09:12:33,880 - select_number_min: [2]
2024-05-18 09:12:33,880 - select_number_max: [3]
2024-05-18 09:12:33,880 - alpha: [4]
2024-05-18 09:12:33,880 - mlp_hidden_size: [256]
2024-05-18 09:12:33,880 - mlp_dropout: [0.3]
2024-05-18 09:12:33,880 - scale: [16]
2024-05-18 09:12:33,880 - ablation: ['no_binary']
2024-05-18 09:12:33,880 - pred_output_path: /home/sharing/disk2/sjh/Outputs/OOD_MIntRec/dir_ablation/no_binary_msz/msz_MIntRec_bert-base-uncased_multi-class_2
2024-05-18 09:12:33,880 - model_output_path: /home/sharing/disk2/sjh/Outputs/OOD_MIntRec/dir_ablation/no_binary_msz/msz_MIntRec_bert-base-uncased_multi-class_2/models
2024-05-18 09:12:33,881 - pretrained_save_model: /home/sharing/disk2/sjh/Outputs/OOD_MIntRec/dir_ablation/no_binary_msz/binary_msz_MIntRec_bert-base-uncased_2
2024-05-18 09:12:33,881 - device: cuda
2024-05-18 09:12:33,881 - ============================== End Params ==============================
2024-05-18 09:12:35,817 - Multimodal Intent Recognition begins...
2024-05-18 09:12:35,817 - Testing begins...
2024-05-18 09:12:47,984 - ***** Out-of-domain Evaluation results *****
2024-05-18 09:12:47,984 -   aupr_in = 0.8225
2024-05-18 09:12:47,984 -   aupr_out = 0.7999
2024-05-18 09:12:47,984 -   auroc = 0.812
2024-05-18 09:12:47,984 -   der = 0.3839
2024-05-18 09:12:47,984 -   eer = 0.2711
2024-05-18 09:12:47,986 -   fpr95 = 0.7222
2024-05-18 09:12:47,987 - Testing is finished...
2024-05-18 09:12:47,987 - Multimodal intent recognition is finished...
2024-05-18 09:12:47,987 - Results are saved in results/results_msz_ablation_MIntRec.csv
2024-05-18 09:12:48,072 - ============================== Params ==============================
2024-05-18 09:12:48,073 - logger_name: msz_residual_MIntRec_multi-class_0
2024-05-18 09:12:48,073 - dataset: MIntRec
2024-05-18 09:12:48,073 - ood_dataset: MIntRec-OOD
2024-05-18 09:12:48,073 - data_mode: multi-class
2024-05-18 09:12:48,073 - multimodal_method: msz
2024-05-18 09:12:48,073 - method: msz
2024-05-18 09:12:48,073 - ood_detection_method: residual
2024-05-18 09:12:48,073 - text_backbone: bert-base-uncased
2024-05-18 09:12:48,073 - seed: 3
2024-05-18 09:12:48,073 - num_workers: 8
2024-05-18 09:12:48,073 - log_id: msz_residual_MIntRec_multi-class_0_2024-05-18-09-11-54
2024-05-18 09:12:48,073 - gpu_id: 2
2024-05-18 09:12:48,073 - data_path: /home/sharing/disk2/sjh/intentDataset
2024-05-18 09:12:48,073 - train: False
2024-05-18 09:12:48,073 - tune: True
2024-05-18 09:12:48,073 - ood: True
2024-05-18 09:12:48,073 - save_model: False
2024-05-18 09:12:48,073 - save_results: True
2024-05-18 09:12:48,073 - log_path: logs
2024-05-18 09:12:48,073 - cache_path: cache
2024-05-18 09:12:48,073 - video_data_path: video_data
2024-05-18 09:12:48,073 - audio_data_path: audio_data
2024-05-18 09:12:48,073 - video_feats_path: swin_feats.pkl
2024-05-18 09:12:48,073 - ood_video_feats_path: swin_feats.pkl
2024-05-18 09:12:48,073 - ood_audio_feats_path: wavlm_feats.pkl
2024-05-18 09:12:48,073 - audio_feats_path: wavlm_feats.pkl
2024-05-18 09:12:48,073 - results_path: results
2024-05-18 09:12:48,073 - output_path: /home/sharing/disk2/sjh/Outputs/OOD_MIntRec/dir_ablation/no_binary_msz
2024-05-18 09:12:48,073 - model_path: models
2024-05-18 09:12:48,073 - config_file_name: msz_MIntRec
2024-05-18 09:12:48,073 - results_file_name: results_msz_ablation_MIntRec.csv
2024-05-18 09:12:48,073 - text_pretrained_model: /home/sharing/disk1/pretrained_embedding/bert/uncased_L-12_H-768_A-12/
2024-05-18 09:12:48,073 - text_seq_len: 30
2024-05-18 09:12:48,073 - video_seq_len: 230
2024-05-18 09:12:48,073 - audio_seq_len: 480
2024-05-18 09:12:48,073 - text_feat_dim: 768
2024-05-18 09:12:48,073 - video_feat_dim: 1024
2024-05-18 09:12:48,073 - audio_feat_dim: 768
2024-05-18 09:12:48,073 - ood_label_id: 20
2024-05-18 09:12:48,073 - num_labels: 20
2024-05-18 09:12:48,073 - num_train_examples: 1334
2024-05-18 09:12:48,073 - need_aligned: True
2024-05-18 09:12:48,073 - freeze_parameters: False
2024-05-18 09:12:48,073 - eval_monitor: acc
2024-05-18 09:12:48,074 - train_batch_size: 32
2024-05-18 09:12:48,074 - eval_batch_size: 16
2024-05-18 09:12:48,074 - num_train_epochs: 100
2024-05-18 09:12:48,074 - lr: [2e-05]
2024-05-18 09:12:48,074 - weight_decay: [0.1]
2024-05-18 09:12:48,074 - wait_patience: 5
2024-05-18 09:12:48,074 - warmup_proportion: [0.1]
2024-05-18 09:12:48,074 - hidden_dims: [768]
2024-05-18 09:12:48,074 - num_attention_heads: [4]
2024-05-18 09:12:48,074 - attention_probs_dropout_prob: [0.3]
2024-05-18 09:12:48,074 - hidden_dropout_prob: [0.1]
2024-05-18 09:12:48,074 - intermediate_size: [768]
2024-05-18 09:12:48,074 - num_hidden_layers: [4]
2024-05-18 09:12:48,074 - max_position_embeddings: [900]
2024-05-18 09:12:48,074 - position_embedding_type: absolute
2024-05-18 09:12:48,074 - batch_first: True
2024-05-18 09:12:48,074 - aligned_method: ['ctc']
2024-05-18 09:12:48,074 - sampler: ['dir']
2024-05-18 09:12:48,074 - multiple_ood: [1]
2024-05-18 09:12:48,074 - select_number_min: [2]
2024-05-18 09:12:48,074 - select_number_max: [3]
2024-05-18 09:12:48,074 - alpha: [4]
2024-05-18 09:12:48,074 - mlp_hidden_size: [256]
2024-05-18 09:12:48,074 - mlp_dropout: [0.3]
2024-05-18 09:12:48,074 - scale: [16]
2024-05-18 09:12:48,074 - ablation: ['no_binary']
2024-05-18 09:12:48,074 - pred_output_path: /home/sharing/disk2/sjh/Outputs/OOD_MIntRec/dir_ablation/no_binary_msz/msz_MIntRec_bert-base-uncased_multi-class_3
2024-05-18 09:12:48,074 - model_output_path: /home/sharing/disk2/sjh/Outputs/OOD_MIntRec/dir_ablation/no_binary_msz/msz_MIntRec_bert-base-uncased_multi-class_3/models
2024-05-18 09:12:48,074 - pretrained_save_model: /home/sharing/disk2/sjh/Outputs/OOD_MIntRec/dir_ablation/no_binary_msz/binary_msz_MIntRec_bert-base-uncased_3
2024-05-18 09:12:48,074 - device: cuda
2024-05-18 09:12:48,074 - ============================== End Params ==============================
2024-05-18 09:12:49,955 - Multimodal Intent Recognition begins...
2024-05-18 09:12:49,955 - Testing begins...
2024-05-18 09:13:02,326 - ***** Out-of-domain Evaluation results *****
2024-05-18 09:13:02,326 -   aupr_in = 0.8058
2024-05-18 09:13:02,326 -   aupr_out = 0.7958
2024-05-18 09:13:02,326 -   auroc = 0.8031
2024-05-18 09:13:02,326 -   der = 0.3464
2024-05-18 09:13:02,326 -   eer = 0.2756
2024-05-18 09:13:02,326 -   fpr95 = 0.6489
2024-05-18 09:13:02,326 - Testing is finished...
2024-05-18 09:13:02,326 - Multimodal intent recognition is finished...
2024-05-18 09:13:02,326 - Results are saved in results/results_msz_ablation_MIntRec.csv
2024-05-18 09:13:02,425 - ============================== Params ==============================
2024-05-18 09:13:02,425 - logger_name: msz_residual_MIntRec_multi-class_0
2024-05-18 09:13:02,425 - dataset: MIntRec
2024-05-18 09:13:02,425 - ood_dataset: MIntRec-OOD
2024-05-18 09:13:02,425 - data_mode: multi-class
2024-05-18 09:13:02,425 - multimodal_method: msz
2024-05-18 09:13:02,425 - method: msz
2024-05-18 09:13:02,425 - ood_detection_method: residual
2024-05-18 09:13:02,425 - text_backbone: bert-base-uncased
2024-05-18 09:13:02,425 - seed: 4
2024-05-18 09:13:02,425 - num_workers: 8
2024-05-18 09:13:02,425 - log_id: msz_residual_MIntRec_multi-class_0_2024-05-18-09-11-54
2024-05-18 09:13:02,425 - gpu_id: 2
2024-05-18 09:13:02,425 - data_path: /home/sharing/disk2/sjh/intentDataset
2024-05-18 09:13:02,425 - train: False
2024-05-18 09:13:02,425 - tune: True
2024-05-18 09:13:02,425 - ood: True
2024-05-18 09:13:02,425 - save_model: False
2024-05-18 09:13:02,425 - save_results: True
2024-05-18 09:13:02,425 - log_path: logs
2024-05-18 09:13:02,425 - cache_path: cache
2024-05-18 09:13:02,425 - video_data_path: video_data
2024-05-18 09:13:02,425 - audio_data_path: audio_data
2024-05-18 09:13:02,425 - video_feats_path: swin_feats.pkl
2024-05-18 09:13:02,425 - ood_video_feats_path: swin_feats.pkl
2024-05-18 09:13:02,425 - ood_audio_feats_path: wavlm_feats.pkl
2024-05-18 09:13:02,425 - audio_feats_path: wavlm_feats.pkl
2024-05-18 09:13:02,425 - results_path: results
2024-05-18 09:13:02,425 - output_path: /home/sharing/disk2/sjh/Outputs/OOD_MIntRec/dir_ablation/no_binary_msz
2024-05-18 09:13:02,425 - model_path: models
2024-05-18 09:13:02,426 - config_file_name: msz_MIntRec
2024-05-18 09:13:02,426 - results_file_name: results_msz_ablation_MIntRec.csv
2024-05-18 09:13:02,426 - text_pretrained_model: /home/sharing/disk1/pretrained_embedding/bert/uncased_L-12_H-768_A-12/
2024-05-18 09:13:02,426 - text_seq_len: 30
2024-05-18 09:13:02,426 - video_seq_len: 230
2024-05-18 09:13:02,426 - audio_seq_len: 480
2024-05-18 09:13:02,426 - text_feat_dim: 768
2024-05-18 09:13:02,426 - video_feat_dim: 1024
2024-05-18 09:13:02,426 - audio_feat_dim: 768
2024-05-18 09:13:02,426 - ood_label_id: 20
2024-05-18 09:13:02,426 - num_labels: 20
2024-05-18 09:13:02,426 - num_train_examples: 1334
2024-05-18 09:13:02,426 - need_aligned: True
2024-05-18 09:13:02,426 - freeze_parameters: False
2024-05-18 09:13:02,426 - eval_monitor: acc
2024-05-18 09:13:02,426 - train_batch_size: 32
2024-05-18 09:13:02,426 - eval_batch_size: 16
2024-05-18 09:13:02,426 - num_train_epochs: 100
2024-05-18 09:13:02,426 - lr: [2e-05]
2024-05-18 09:13:02,426 - weight_decay: [0.1]
2024-05-18 09:13:02,426 - wait_patience: 5
2024-05-18 09:13:02,426 - warmup_proportion: [0.1]
2024-05-18 09:13:02,426 - hidden_dims: [768]
2024-05-18 09:13:02,426 - num_attention_heads: [4]
2024-05-18 09:13:02,426 - attention_probs_dropout_prob: [0.3]
2024-05-18 09:13:02,426 - hidden_dropout_prob: [0.1]
2024-05-18 09:13:02,426 - intermediate_size: [768]
2024-05-18 09:13:02,426 - num_hidden_layers: [4]
2024-05-18 09:13:02,426 - max_position_embeddings: [900]
2024-05-18 09:13:02,426 - position_embedding_type: absolute
2024-05-18 09:13:02,426 - batch_first: True
2024-05-18 09:13:02,426 - aligned_method: ['ctc']
2024-05-18 09:13:02,426 - sampler: ['dir']
2024-05-18 09:13:02,426 - multiple_ood: [1]
2024-05-18 09:13:02,426 - select_number_min: [2]
2024-05-18 09:13:02,426 - select_number_max: [3]
2024-05-18 09:13:02,426 - alpha: [4]
2024-05-18 09:13:02,426 - mlp_hidden_size: [256]
2024-05-18 09:13:02,427 - mlp_dropout: [0.3]
2024-05-18 09:13:02,427 - scale: [16]
2024-05-18 09:13:02,427 - ablation: ['no_binary']
2024-05-18 09:13:02,427 - pred_output_path: /home/sharing/disk2/sjh/Outputs/OOD_MIntRec/dir_ablation/no_binary_msz/msz_MIntRec_bert-base-uncased_multi-class_4
2024-05-18 09:13:02,427 - model_output_path: /home/sharing/disk2/sjh/Outputs/OOD_MIntRec/dir_ablation/no_binary_msz/msz_MIntRec_bert-base-uncased_multi-class_4/models
2024-05-18 09:13:02,427 - pretrained_save_model: /home/sharing/disk2/sjh/Outputs/OOD_MIntRec/dir_ablation/no_binary_msz/binary_msz_MIntRec_bert-base-uncased_4
2024-05-18 09:13:02,427 - device: cuda
2024-05-18 09:13:02,427 - ============================== End Params ==============================
2024-05-18 09:13:04,488 - Multimodal Intent Recognition begins...
2024-05-18 09:13:04,488 - Testing begins...
2024-05-18 09:13:16,597 - ***** Out-of-domain Evaluation results *****
2024-05-18 09:13:16,597 -   aupr_in = 0.7953
2024-05-18 09:13:16,597 -   aupr_out = 0.786
2024-05-18 09:13:16,597 -   auroc = 0.792
2024-05-18 09:13:16,598 -   der = 0.3806
2024-05-18 09:13:16,598 -   eer = 0.2756
2024-05-18 09:13:16,598 -   fpr95 = 0.72
2024-05-18 09:13:16,598 - Testing is finished...
2024-05-18 09:13:16,598 - Multimodal intent recognition is finished...
2024-05-18 09:13:16,598 - Results are saved in results/results_msz_ablation_MIntRec.csv
