2024-05-15 10:54:46,155 - Lists of intent labels are: ['Complain', 'Praise', 'Apologise', 'Thank', 'Criticize', 'Agree', 'Taunt', 'Flaunt', 'Joke', 'Oppose', 'Comfort', 'Care', 'Inform', 'Advise', 'Arrange', 'Introduce', 'Leave', 'Prevent', 'Greet', 'Ask for help']
2024-05-15 10:54:46,155 - ID Data preparation...
2024-05-15 10:54:52,491 - OOD Data preparation...
2024-05-15 10:54:53,848 - ============================== Params ==============================
2024-05-15 10:54:53,848 - logger_name: msz_residual_MIntRec_multi-class_0
2024-05-15 10:54:53,848 - dataset: MIntRec
2024-05-15 10:54:53,848 - ood_dataset: MIntRec-OOD
2024-05-15 10:54:53,848 - data_mode: multi-class
2024-05-15 10:54:53,848 - multimodal_method: msz
2024-05-15 10:54:53,848 - method: msz
2024-05-15 10:54:53,848 - ood_detection_method: residual
2024-05-15 10:54:53,848 - text_backbone: bert-base-uncased
2024-05-15 10:54:53,848 - seed: 0
2024-05-15 10:54:53,848 - num_workers: 8
2024-05-15 10:54:53,848 - log_id: msz_residual_MIntRec_multi-class_0_2024-05-15-10-54-46
2024-05-15 10:54:53,848 - gpu_id: 0
2024-05-15 10:54:53,848 - data_path: /home/sharing/disk2/sjh/intentDataset
2024-05-15 10:54:53,848 - train: False
2024-05-15 10:54:53,848 - tune: True
2024-05-15 10:54:53,848 - ood: True
2024-05-15 10:54:53,848 - save_model: False
2024-05-15 10:54:53,848 - save_results: True
2024-05-15 10:54:53,848 - log_path: logs
2024-05-15 10:54:53,848 - cache_path: cache
2024-05-15 10:54:53,848 - video_data_path: video_data
2024-05-15 10:54:53,848 - audio_data_path: audio_data
2024-05-15 10:54:53,848 - video_feats_path: swin_feats.pkl
2024-05-15 10:54:53,848 - ood_video_feats_path: swin_feats.pkl
2024-05-15 10:54:53,848 - ood_audio_feats_path: wavlm_feats.pkl
2024-05-15 10:54:53,848 - audio_feats_path: wavlm_feats.pkl
2024-05-15 10:54:53,849 - results_path: results
2024-05-15 10:54:53,849 - output_path: /home/sharing/disk2/sjh/Outputs/OOD_MIntRec/ablation/no_fusion_add_msz
2024-05-15 10:54:53,849 - model_path: models
2024-05-15 10:54:53,849 - config_file_name: msz_MIntRec
2024-05-15 10:54:53,849 - results_file_name: results_msz_ablation_MIntRec.csv
2024-05-15 10:54:53,849 - text_pretrained_model: /home/sharing/disk1/pretrained_embedding/bert/uncased_L-12_H-768_A-12/
2024-05-15 10:54:53,849 - text_seq_len: 30
2024-05-15 10:54:53,849 - video_seq_len: 230
2024-05-15 10:54:53,849 - audio_seq_len: 480
2024-05-15 10:54:53,849 - text_feat_dim: 768
2024-05-15 10:54:53,849 - video_feat_dim: 1024
2024-05-15 10:54:53,849 - audio_feat_dim: 768
2024-05-15 10:54:53,849 - ood_label_id: 20
2024-05-15 10:54:53,849 - num_labels: 20
2024-05-15 10:54:53,849 - num_train_examples: 1334
2024-05-15 10:54:53,849 - need_aligned: True
2024-05-15 10:54:53,849 - freeze_parameters: False
2024-05-15 10:54:53,849 - eval_monitor: acc
2024-05-15 10:54:53,849 - train_batch_size: 32
2024-05-15 10:54:53,849 - eval_batch_size: 16
2024-05-15 10:54:53,849 - num_train_epochs: 100
2024-05-15 10:54:53,849 - lr: [2e-05]
2024-05-15 10:54:53,849 - weight_decay: [0.1]
2024-05-15 10:54:53,849 - wait_patience: 5
2024-05-15 10:54:53,849 - warmup_proportion: [0.01]
2024-05-15 10:54:53,849 - hidden_dims: [768]
2024-05-15 10:54:53,849 - num_attention_heads: [8]
2024-05-15 10:54:53,849 - attention_probs_dropout_prob: [0.3]
2024-05-15 10:54:53,849 - hidden_dropout_prob: [0.2]
2024-05-15 10:54:53,849 - intermediate_size: [768]
2024-05-15 10:54:53,849 - num_hidden_layers: [4]
2024-05-15 10:54:53,849 - max_position_embeddings: [900]
2024-05-15 10:54:53,849 - position_embedding_type: absolute
2024-05-15 10:54:53,849 - batch_first: True
2024-05-15 10:54:53,849 - aligned_method: ['ctc']
2024-05-15 10:54:53,849 - sampler: beta
2024-05-15 10:54:53,849 - multiple_ood: [1]
2024-05-15 10:54:53,849 - select_number_min: [2]
2024-05-15 10:54:53,849 - select_number_max: [3]
2024-05-15 10:54:53,849 - alpha: [4]
2024-05-15 10:54:53,849 - mlp_hidden_size: [256]
2024-05-15 10:54:53,849 - mlp_dropout: [0.3]
2024-05-15 10:54:53,849 - scale: [8]
2024-05-15 10:54:53,849 - ablation: ['no_fusion_add']
2024-05-15 10:54:53,849 - pred_output_path: /home/sharing/disk2/sjh/Outputs/OOD_MIntRec/ablation/no_fusion_add_msz/msz_MIntRec_bert-base-uncased_multi-class_0
2024-05-15 10:54:53,850 - model_output_path: /home/sharing/disk2/sjh/Outputs/OOD_MIntRec/ablation/no_fusion_add_msz/msz_MIntRec_bert-base-uncased_multi-class_0/models
2024-05-15 10:54:53,850 - pretrained_save_model: /home/sharing/disk2/sjh/Outputs/OOD_MIntRec/ablation/no_fusion_add_msz/binary_msz_MIntRec_bert-base-uncased_0
2024-05-15 10:54:53,850 - ============================== End Params ==============================
2024-05-15 10:54:57,073 - Multimodal Intent Recognition begins...
2024-05-15 10:54:57,074 - Testing begins...
2024-05-15 10:55:09,007 - ***** Out-of-domain Evaluation results *****
2024-05-15 10:55:09,008 -   aupr_in = 0.6551
2024-05-15 10:55:09,008 -   aupr_out = 0.578
2024-05-15 10:55:09,008 -   auroc = 0.641
2024-05-15 10:55:09,008 -   der = 0.4972
2024-05-15 10:55:09,008 -   eer = 0.3844
2024-05-15 10:55:09,008 -   fpr95 = 0.9667
2024-05-15 10:55:09,008 - Testing is finished...
2024-05-15 10:55:09,008 - Multimodal intent recognition is finished...
2024-05-15 10:55:09,008 - Results are saved in results/results_msz_ablation_MIntRec.csv
2024-05-15 10:55:09,089 - ============================== Params ==============================
2024-05-15 10:55:09,090 - logger_name: msz_residual_MIntRec_multi-class_0
2024-05-15 10:55:09,090 - dataset: MIntRec
2024-05-15 10:55:09,090 - ood_dataset: MIntRec-OOD
2024-05-15 10:55:09,090 - data_mode: multi-class
2024-05-15 10:55:09,090 - multimodal_method: msz
2024-05-15 10:55:09,090 - method: msz
2024-05-15 10:55:09,090 - ood_detection_method: residual
2024-05-15 10:55:09,090 - text_backbone: bert-base-uncased
2024-05-15 10:55:09,090 - seed: 1
2024-05-15 10:55:09,090 - num_workers: 8
2024-05-15 10:55:09,090 - log_id: msz_residual_MIntRec_multi-class_0_2024-05-15-10-54-46
2024-05-15 10:55:09,090 - gpu_id: 0
2024-05-15 10:55:09,090 - data_path: /home/sharing/disk2/sjh/intentDataset
2024-05-15 10:55:09,090 - train: False
2024-05-15 10:55:09,090 - tune: True
2024-05-15 10:55:09,090 - ood: True
2024-05-15 10:55:09,090 - save_model: False
2024-05-15 10:55:09,090 - save_results: True
2024-05-15 10:55:09,090 - log_path: logs
2024-05-15 10:55:09,090 - cache_path: cache
2024-05-15 10:55:09,091 - video_data_path: video_data
2024-05-15 10:55:09,091 - audio_data_path: audio_data
2024-05-15 10:55:09,091 - video_feats_path: swin_feats.pkl
2024-05-15 10:55:09,091 - ood_video_feats_path: swin_feats.pkl
2024-05-15 10:55:09,091 - ood_audio_feats_path: wavlm_feats.pkl
2024-05-15 10:55:09,091 - audio_feats_path: wavlm_feats.pkl
2024-05-15 10:55:09,091 - results_path: results
2024-05-15 10:55:09,091 - output_path: /home/sharing/disk2/sjh/Outputs/OOD_MIntRec/ablation/no_fusion_add_msz
2024-05-15 10:55:09,091 - model_path: models
2024-05-15 10:55:09,091 - config_file_name: msz_MIntRec
2024-05-15 10:55:09,091 - results_file_name: results_msz_ablation_MIntRec.csv
2024-05-15 10:55:09,091 - text_pretrained_model: /home/sharing/disk1/pretrained_embedding/bert/uncased_L-12_H-768_A-12/
2024-05-15 10:55:09,091 - text_seq_len: 30
2024-05-15 10:55:09,091 - video_seq_len: 230
2024-05-15 10:55:09,091 - audio_seq_len: 480
2024-05-15 10:55:09,091 - text_feat_dim: 768
2024-05-15 10:55:09,091 - video_feat_dim: 1024
2024-05-15 10:55:09,091 - audio_feat_dim: 768
2024-05-15 10:55:09,091 - ood_label_id: 20
2024-05-15 10:55:09,091 - num_labels: 20
2024-05-15 10:55:09,091 - num_train_examples: 1334
2024-05-15 10:55:09,091 - need_aligned: True
2024-05-15 10:55:09,091 - freeze_parameters: False
2024-05-15 10:55:09,092 - eval_monitor: acc
2024-05-15 10:55:09,092 - train_batch_size: 32
2024-05-15 10:55:09,092 - eval_batch_size: 16
2024-05-15 10:55:09,092 - num_train_epochs: 100
2024-05-15 10:55:09,092 - lr: [2e-05]
2024-05-15 10:55:09,092 - weight_decay: [0.1]
2024-05-15 10:55:09,092 - wait_patience: 5
2024-05-15 10:55:09,092 - warmup_proportion: [0.01]
2024-05-15 10:55:09,092 - hidden_dims: [768]
2024-05-15 10:55:09,092 - num_attention_heads: [8]
2024-05-15 10:55:09,092 - attention_probs_dropout_prob: [0.3]
2024-05-15 10:55:09,092 - hidden_dropout_prob: [0.2]
2024-05-15 10:55:09,092 - intermediate_size: [768]
2024-05-15 10:55:09,092 - num_hidden_layers: [4]
2024-05-15 10:55:09,092 - max_position_embeddings: [900]
2024-05-15 10:55:09,092 - position_embedding_type: absolute
2024-05-15 10:55:09,092 - batch_first: True
2024-05-15 10:55:09,092 - aligned_method: ['ctc']
2024-05-15 10:55:09,092 - sampler: beta
2024-05-15 10:55:09,092 - multiple_ood: [1]
2024-05-15 10:55:09,092 - select_number_min: [2]
2024-05-15 10:55:09,092 - select_number_max: [3]
2024-05-15 10:55:09,092 - alpha: [4]
2024-05-15 10:55:09,092 - mlp_hidden_size: [256]
2024-05-15 10:55:09,092 - mlp_dropout: [0.3]
2024-05-15 10:55:09,092 - scale: [8]
2024-05-15 10:55:09,092 - ablation: ['no_fusion_add']
2024-05-15 10:55:09,092 - pred_output_path: /home/sharing/disk2/sjh/Outputs/OOD_MIntRec/ablation/no_fusion_add_msz/msz_MIntRec_bert-base-uncased_multi-class_1
2024-05-15 10:55:09,092 - model_output_path: /home/sharing/disk2/sjh/Outputs/OOD_MIntRec/ablation/no_fusion_add_msz/msz_MIntRec_bert-base-uncased_multi-class_1/models
2024-05-15 10:55:09,092 - pretrained_save_model: /home/sharing/disk2/sjh/Outputs/OOD_MIntRec/ablation/no_fusion_add_msz/binary_msz_MIntRec_bert-base-uncased_1
2024-05-15 10:55:09,093 - device: cuda
2024-05-15 10:55:09,093 - ============================== End Params ==============================
2024-05-15 10:55:11,124 - Multimodal Intent Recognition begins...
2024-05-15 10:55:11,124 - Testing begins...
2024-05-15 10:55:22,470 - ***** Out-of-domain Evaluation results *****
2024-05-15 10:55:22,470 -   aupr_in = 0.648
2024-05-15 10:55:22,470 -   aupr_out = 0.5605
2024-05-15 10:55:22,470 -   auroc = 0.6218
2024-05-15 10:55:22,470 -   der = 0.4972
2024-05-15 10:55:22,470 -   eer = 0.4044
2024-05-15 10:55:22,470 -   fpr95 = 0.9778
2024-05-15 10:55:22,470 - Testing is finished...
2024-05-15 10:55:22,470 - Multimodal intent recognition is finished...
2024-05-15 10:55:22,470 - Results are saved in results/results_msz_ablation_MIntRec.csv
2024-05-15 10:55:22,516 - ============================== Params ==============================
2024-05-15 10:55:22,516 - logger_name: msz_residual_MIntRec_multi-class_0
2024-05-15 10:55:22,516 - dataset: MIntRec
2024-05-15 10:55:22,516 - ood_dataset: MIntRec-OOD
2024-05-15 10:55:22,516 - data_mode: multi-class
2024-05-15 10:55:22,516 - multimodal_method: msz
2024-05-15 10:55:22,516 - method: msz
2024-05-15 10:55:22,516 - ood_detection_method: residual
2024-05-15 10:55:22,516 - text_backbone: bert-base-uncased
2024-05-15 10:55:22,516 - seed: 2
2024-05-15 10:55:22,516 - num_workers: 8
2024-05-15 10:55:22,516 - log_id: msz_residual_MIntRec_multi-class_0_2024-05-15-10-54-46
2024-05-15 10:55:22,516 - gpu_id: 0
2024-05-15 10:55:22,516 - data_path: /home/sharing/disk2/sjh/intentDataset
2024-05-15 10:55:22,516 - train: False
2024-05-15 10:55:22,516 - tune: True
2024-05-15 10:55:22,516 - ood: True
2024-05-15 10:55:22,516 - save_model: False
2024-05-15 10:55:22,516 - save_results: True
2024-05-15 10:55:22,516 - log_path: logs
2024-05-15 10:55:22,516 - cache_path: cache
2024-05-15 10:55:22,516 - video_data_path: video_data
2024-05-15 10:55:22,516 - audio_data_path: audio_data
2024-05-15 10:55:22,516 - video_feats_path: swin_feats.pkl
2024-05-15 10:55:22,516 - ood_video_feats_path: swin_feats.pkl
2024-05-15 10:55:22,516 - ood_audio_feats_path: wavlm_feats.pkl
2024-05-15 10:55:22,516 - audio_feats_path: wavlm_feats.pkl
2024-05-15 10:55:22,516 - results_path: results
2024-05-15 10:55:22,516 - output_path: /home/sharing/disk2/sjh/Outputs/OOD_MIntRec/ablation/no_fusion_add_msz
2024-05-15 10:55:22,516 - model_path: models
2024-05-15 10:55:22,516 - config_file_name: msz_MIntRec
2024-05-15 10:55:22,517 - results_file_name: results_msz_ablation_MIntRec.csv
2024-05-15 10:55:22,517 - text_pretrained_model: /home/sharing/disk1/pretrained_embedding/bert/uncased_L-12_H-768_A-12/
2024-05-15 10:55:22,517 - text_seq_len: 30
2024-05-15 10:55:22,517 - video_seq_len: 230
2024-05-15 10:55:22,517 - audio_seq_len: 480
2024-05-15 10:55:22,517 - text_feat_dim: 768
2024-05-15 10:55:22,517 - video_feat_dim: 1024
2024-05-15 10:55:22,517 - audio_feat_dim: 768
2024-05-15 10:55:22,517 - ood_label_id: 20
2024-05-15 10:55:22,517 - num_labels: 20
2024-05-15 10:55:22,517 - num_train_examples: 1334
2024-05-15 10:55:22,517 - need_aligned: True
2024-05-15 10:55:22,517 - freeze_parameters: False
2024-05-15 10:55:22,517 - eval_monitor: acc
2024-05-15 10:55:22,517 - train_batch_size: 32
2024-05-15 10:55:22,517 - eval_batch_size: 16
2024-05-15 10:55:22,517 - num_train_epochs: 100
2024-05-15 10:55:22,517 - lr: [2e-05]
2024-05-15 10:55:22,517 - weight_decay: [0.1]
2024-05-15 10:55:22,517 - wait_patience: 5
2024-05-15 10:55:22,517 - warmup_proportion: [0.01]
2024-05-15 10:55:22,517 - hidden_dims: [768]
2024-05-15 10:55:22,517 - num_attention_heads: [8]
2024-05-15 10:55:22,517 - attention_probs_dropout_prob: [0.3]
2024-05-15 10:55:22,517 - hidden_dropout_prob: [0.2]
2024-05-15 10:55:22,517 - intermediate_size: [768]
2024-05-15 10:55:22,517 - num_hidden_layers: [4]
2024-05-15 10:55:22,517 - max_position_embeddings: [900]
2024-05-15 10:55:22,517 - position_embedding_type: absolute
2024-05-15 10:55:22,517 - batch_first: True
2024-05-15 10:55:22,517 - aligned_method: ['ctc']
2024-05-15 10:55:22,517 - sampler: beta
2024-05-15 10:55:22,517 - multiple_ood: [1]
2024-05-15 10:55:22,517 - select_number_min: [2]
2024-05-15 10:55:22,517 - select_number_max: [3]
2024-05-15 10:55:22,517 - alpha: [4]
2024-05-15 10:55:22,517 - mlp_hidden_size: [256]
2024-05-15 10:55:22,517 - mlp_dropout: [0.3]
2024-05-15 10:55:22,518 - scale: [8]
2024-05-15 10:55:22,518 - ablation: ['no_fusion_add']
2024-05-15 10:55:22,518 - pred_output_path: /home/sharing/disk2/sjh/Outputs/OOD_MIntRec/ablation/no_fusion_add_msz/msz_MIntRec_bert-base-uncased_multi-class_2
2024-05-15 10:55:22,518 - model_output_path: /home/sharing/disk2/sjh/Outputs/OOD_MIntRec/ablation/no_fusion_add_msz/msz_MIntRec_bert-base-uncased_multi-class_2/models
2024-05-15 10:55:22,518 - pretrained_save_model: /home/sharing/disk2/sjh/Outputs/OOD_MIntRec/ablation/no_fusion_add_msz/binary_msz_MIntRec_bert-base-uncased_2
2024-05-15 10:55:22,518 - device: cuda
2024-05-15 10:55:22,518 - ============================== End Params ==============================
2024-05-15 10:55:24,410 - Multimodal Intent Recognition begins...
2024-05-15 10:55:24,410 - Testing begins...
2024-05-15 10:55:36,257 - ***** Out-of-domain Evaluation results *****
2024-05-15 10:55:36,257 -   aupr_in = 0.6558
2024-05-15 10:55:36,258 -   aupr_out = 0.5688
2024-05-15 10:55:36,258 -   auroc = 0.6305
2024-05-15 10:55:36,258 -   der = 0.4972
2024-05-15 10:55:36,258 -   eer = 0.4178
2024-05-15 10:55:36,258 -   fpr95 = 0.9644
2024-05-15 10:55:36,258 - Testing is finished...
2024-05-15 10:55:36,258 - Multimodal intent recognition is finished...
2024-05-15 10:55:36,258 - Results are saved in results/results_msz_ablation_MIntRec.csv
2024-05-15 10:55:36,356 - ============================== Params ==============================
2024-05-15 10:55:36,356 - logger_name: msz_residual_MIntRec_multi-class_0
2024-05-15 10:55:36,356 - dataset: MIntRec
2024-05-15 10:55:36,356 - ood_dataset: MIntRec-OOD
2024-05-15 10:55:36,356 - data_mode: multi-class
2024-05-15 10:55:36,356 - multimodal_method: msz
2024-05-15 10:55:36,356 - method: msz
2024-05-15 10:55:36,356 - ood_detection_method: residual
2024-05-15 10:55:36,356 - text_backbone: bert-base-uncased
2024-05-15 10:55:36,356 - seed: 3
2024-05-15 10:55:36,356 - num_workers: 8
2024-05-15 10:55:36,356 - log_id: msz_residual_MIntRec_multi-class_0_2024-05-15-10-54-46
2024-05-15 10:55:36,356 - gpu_id: 0
2024-05-15 10:55:36,356 - data_path: /home/sharing/disk2/sjh/intentDataset
2024-05-15 10:55:36,356 - train: False
2024-05-15 10:55:36,356 - tune: True
2024-05-15 10:55:36,356 - ood: True
2024-05-15 10:55:36,356 - save_model: False
2024-05-15 10:55:36,356 - save_results: True
2024-05-15 10:55:36,356 - log_path: logs
2024-05-15 10:55:36,356 - cache_path: cache
2024-05-15 10:55:36,356 - video_data_path: video_data
2024-05-15 10:55:36,356 - audio_data_path: audio_data
2024-05-15 10:55:36,356 - video_feats_path: swin_feats.pkl
2024-05-15 10:55:36,356 - ood_video_feats_path: swin_feats.pkl
2024-05-15 10:55:36,356 - ood_audio_feats_path: wavlm_feats.pkl
2024-05-15 10:55:36,356 - audio_feats_path: wavlm_feats.pkl
2024-05-15 10:55:36,356 - results_path: results
2024-05-15 10:55:36,356 - output_path: /home/sharing/disk2/sjh/Outputs/OOD_MIntRec/ablation/no_fusion_add_msz
2024-05-15 10:55:36,356 - model_path: models
2024-05-15 10:55:36,356 - config_file_name: msz_MIntRec
2024-05-15 10:55:36,356 - results_file_name: results_msz_ablation_MIntRec.csv
2024-05-15 10:55:36,357 - text_pretrained_model: /home/sharing/disk1/pretrained_embedding/bert/uncased_L-12_H-768_A-12/
2024-05-15 10:55:36,357 - text_seq_len: 30
2024-05-15 10:55:36,357 - video_seq_len: 230
2024-05-15 10:55:36,357 - audio_seq_len: 480
2024-05-15 10:55:36,357 - text_feat_dim: 768
2024-05-15 10:55:36,357 - video_feat_dim: 1024
2024-05-15 10:55:36,357 - audio_feat_dim: 768
2024-05-15 10:55:36,357 - ood_label_id: 20
2024-05-15 10:55:36,357 - num_labels: 20
2024-05-15 10:55:36,357 - num_train_examples: 1334
2024-05-15 10:55:36,357 - need_aligned: True
2024-05-15 10:55:36,357 - freeze_parameters: False
2024-05-15 10:55:36,357 - eval_monitor: acc
2024-05-15 10:55:36,357 - train_batch_size: 32
2024-05-15 10:55:36,357 - eval_batch_size: 16
2024-05-15 10:55:36,357 - num_train_epochs: 100
2024-05-15 10:55:36,357 - lr: [2e-05]
2024-05-15 10:55:36,357 - weight_decay: [0.1]
2024-05-15 10:55:36,357 - wait_patience: 5
2024-05-15 10:55:36,357 - warmup_proportion: [0.01]
2024-05-15 10:55:36,357 - hidden_dims: [768]
2024-05-15 10:55:36,357 - num_attention_heads: [8]
2024-05-15 10:55:36,357 - attention_probs_dropout_prob: [0.3]
2024-05-15 10:55:36,357 - hidden_dropout_prob: [0.2]
2024-05-15 10:55:36,357 - intermediate_size: [768]
2024-05-15 10:55:36,357 - num_hidden_layers: [4]
2024-05-15 10:55:36,357 - max_position_embeddings: [900]
2024-05-15 10:55:36,357 - position_embedding_type: absolute
2024-05-15 10:55:36,357 - batch_first: True
2024-05-15 10:55:36,357 - aligned_method: ['ctc']
2024-05-15 10:55:36,357 - sampler: beta
2024-05-15 10:55:36,357 - multiple_ood: [1]
2024-05-15 10:55:36,357 - select_number_min: [2]
2024-05-15 10:55:36,357 - select_number_max: [3]
2024-05-15 10:55:36,357 - alpha: [4]
2024-05-15 10:55:36,357 - mlp_hidden_size: [256]
2024-05-15 10:55:36,357 - mlp_dropout: [0.3]
2024-05-15 10:55:36,358 - scale: [8]
2024-05-15 10:55:36,358 - ablation: ['no_fusion_add']
2024-05-15 10:55:36,358 - pred_output_path: /home/sharing/disk2/sjh/Outputs/OOD_MIntRec/ablation/no_fusion_add_msz/msz_MIntRec_bert-base-uncased_multi-class_3
2024-05-15 10:55:36,358 - model_output_path: /home/sharing/disk2/sjh/Outputs/OOD_MIntRec/ablation/no_fusion_add_msz/msz_MIntRec_bert-base-uncased_multi-class_3/models
2024-05-15 10:55:36,358 - pretrained_save_model: /home/sharing/disk2/sjh/Outputs/OOD_MIntRec/ablation/no_fusion_add_msz/binary_msz_MIntRec_bert-base-uncased_3
2024-05-15 10:55:36,358 - device: cuda
2024-05-15 10:55:36,358 - ============================== End Params ==============================
2024-05-15 10:55:38,465 - Multimodal Intent Recognition begins...
2024-05-15 10:55:38,466 - Testing begins...
2024-05-15 10:55:50,267 - ***** Out-of-domain Evaluation results *****
2024-05-15 10:55:50,268 -   aupr_in = 0.6413
2024-05-15 10:55:50,268 -   aupr_out = 0.5425
2024-05-15 10:55:50,268 -   auroc = 0.6019
2024-05-15 10:55:50,268 -   der = 0.4972
2024-05-15 10:55:50,268 -   eer = 0.4133
2024-05-15 10:55:50,268 -   fpr95 = 0.9667
2024-05-15 10:55:50,268 - Testing is finished...
2024-05-15 10:55:50,268 - Multimodal intent recognition is finished...
2024-05-15 10:55:50,268 - Results are saved in results/results_msz_ablation_MIntRec.csv
2024-05-15 10:55:50,354 - ============================== Params ==============================
2024-05-15 10:55:50,354 - logger_name: msz_residual_MIntRec_multi-class_0
2024-05-15 10:55:50,354 - dataset: MIntRec
2024-05-15 10:55:50,354 - ood_dataset: MIntRec-OOD
2024-05-15 10:55:50,354 - data_mode: multi-class
2024-05-15 10:55:50,354 - multimodal_method: msz
2024-05-15 10:55:50,354 - method: msz
2024-05-15 10:55:50,354 - ood_detection_method: residual
2024-05-15 10:55:50,354 - text_backbone: bert-base-uncased
2024-05-15 10:55:50,354 - seed: 4
2024-05-15 10:55:50,354 - num_workers: 8
2024-05-15 10:55:50,355 - log_id: msz_residual_MIntRec_multi-class_0_2024-05-15-10-54-46
2024-05-15 10:55:50,355 - gpu_id: 0
2024-05-15 10:55:50,355 - data_path: /home/sharing/disk2/sjh/intentDataset
2024-05-15 10:55:50,355 - train: False
2024-05-15 10:55:50,355 - tune: True
2024-05-15 10:55:50,355 - ood: True
2024-05-15 10:55:50,355 - save_model: False
2024-05-15 10:55:50,355 - save_results: True
2024-05-15 10:55:50,355 - log_path: logs
2024-05-15 10:55:50,355 - cache_path: cache
2024-05-15 10:55:50,355 - video_data_path: video_data
2024-05-15 10:55:50,355 - audio_data_path: audio_data
2024-05-15 10:55:50,355 - video_feats_path: swin_feats.pkl
2024-05-15 10:55:50,355 - ood_video_feats_path: swin_feats.pkl
2024-05-15 10:55:50,355 - ood_audio_feats_path: wavlm_feats.pkl
2024-05-15 10:55:50,355 - audio_feats_path: wavlm_feats.pkl
2024-05-15 10:55:50,355 - results_path: results
2024-05-15 10:55:50,355 - output_path: /home/sharing/disk2/sjh/Outputs/OOD_MIntRec/ablation/no_fusion_add_msz
2024-05-15 10:55:50,355 - model_path: models
2024-05-15 10:55:50,355 - config_file_name: msz_MIntRec
2024-05-15 10:55:50,355 - results_file_name: results_msz_ablation_MIntRec.csv
2024-05-15 10:55:50,355 - text_pretrained_model: /home/sharing/disk1/pretrained_embedding/bert/uncased_L-12_H-768_A-12/
2024-05-15 10:55:50,355 - text_seq_len: 30
2024-05-15 10:55:50,355 - video_seq_len: 230
2024-05-15 10:55:50,355 - audio_seq_len: 480
2024-05-15 10:55:50,355 - text_feat_dim: 768
2024-05-15 10:55:50,355 - video_feat_dim: 1024
2024-05-15 10:55:50,355 - audio_feat_dim: 768
2024-05-15 10:55:50,355 - ood_label_id: 20
2024-05-15 10:55:50,355 - num_labels: 20
2024-05-15 10:55:50,355 - num_train_examples: 1334
2024-05-15 10:55:50,355 - need_aligned: True
2024-05-15 10:55:50,355 - freeze_parameters: False
2024-05-15 10:55:50,355 - eval_monitor: acc
2024-05-15 10:55:50,355 - train_batch_size: 32
2024-05-15 10:55:50,356 - eval_batch_size: 16
2024-05-15 10:55:50,356 - num_train_epochs: 100
2024-05-15 10:55:50,356 - lr: [2e-05]
2024-05-15 10:55:50,356 - weight_decay: [0.1]
2024-05-15 10:55:50,356 - wait_patience: 5
2024-05-15 10:55:50,356 - warmup_proportion: [0.01]
2024-05-15 10:55:50,356 - hidden_dims: [768]
2024-05-15 10:55:50,356 - num_attention_heads: [8]
2024-05-15 10:55:50,356 - attention_probs_dropout_prob: [0.3]
2024-05-15 10:55:50,356 - hidden_dropout_prob: [0.2]
2024-05-15 10:55:50,356 - intermediate_size: [768]
2024-05-15 10:55:50,356 - num_hidden_layers: [4]
2024-05-15 10:55:50,356 - max_position_embeddings: [900]
2024-05-15 10:55:50,356 - position_embedding_type: absolute
2024-05-15 10:55:50,356 - batch_first: True
2024-05-15 10:55:50,356 - aligned_method: ['ctc']
2024-05-15 10:55:50,356 - sampler: beta
2024-05-15 10:55:50,356 - multiple_ood: [1]
2024-05-15 10:55:50,356 - select_number_min: [2]
2024-05-15 10:55:50,356 - select_number_max: [3]
2024-05-15 10:55:50,356 - alpha: [4]
2024-05-15 10:55:50,356 - mlp_hidden_size: [256]
2024-05-15 10:55:50,356 - mlp_dropout: [0.3]
2024-05-15 10:55:50,356 - scale: [8]
2024-05-15 10:55:50,356 - ablation: ['no_fusion_add']
2024-05-15 10:55:50,356 - pred_output_path: /home/sharing/disk2/sjh/Outputs/OOD_MIntRec/ablation/no_fusion_add_msz/msz_MIntRec_bert-base-uncased_multi-class_4
2024-05-15 10:55:50,356 - model_output_path: /home/sharing/disk2/sjh/Outputs/OOD_MIntRec/ablation/no_fusion_add_msz/msz_MIntRec_bert-base-uncased_multi-class_4/models
2024-05-15 10:55:50,356 - pretrained_save_model: /home/sharing/disk2/sjh/Outputs/OOD_MIntRec/ablation/no_fusion_add_msz/binary_msz_MIntRec_bert-base-uncased_4
2024-05-15 10:55:50,356 - device: cuda
2024-05-15 10:55:50,356 - ============================== End Params ==============================
2024-05-15 10:55:52,423 - Multimodal Intent Recognition begins...
2024-05-15 10:55:52,423 - Testing begins...
2024-05-15 10:56:04,242 - ***** Out-of-domain Evaluation results *****
2024-05-15 10:56:04,242 -   aupr_in = 0.6524
2024-05-15 10:56:04,242 -   aupr_out = 0.5649
2024-05-15 10:56:04,242 -   auroc = 0.628
2024-05-15 10:56:04,242 -   der = 0.4972
2024-05-15 10:56:04,242 -   eer = 0.4
2024-05-15 10:56:04,242 -   fpr95 = 0.9644
2024-05-15 10:56:04,242 - Testing is finished...
2024-05-15 10:56:04,243 - Multimodal intent recognition is finished...
2024-05-15 10:56:04,243 - Results are saved in results/results_msz_ablation_MIntRec.csv
