2024-05-16 06:29:20,580 - Lists of intent labels are: ['Acknowledge', 'Advise', 'Agree', 'Apologise', 'Arrange', 'Ask for help', 'Asking for opinions', 'Care', 'Comfort', 'Complain', 'Confirm', 'Criticize', 'Doubt', 'Emphasize', 'Explain', 'Flaunt', 'Greet', 'Inform', 'Introduce', 'Invite', 'Joke', 'Leave', 'Oppose', 'Plan', 'Praise', 'Prevent', 'Refuse', 'Taunt', 'Thank', 'Warn']
2024-05-16 06:29:20,581 - ID Data preparation...
2024-05-16 06:30:04,351 - OOD Data preparation...
2024-05-16 06:30:29,560 - ============================== Params ==============================
2024-05-16 06:30:29,560 - logger_name: msz_residual_MIntRec2_multi-class_0
2024-05-16 06:30:29,560 - dataset: MIntRec2
2024-05-16 06:30:29,560 - ood_dataset: MIntRec2-OOD
2024-05-16 06:30:29,560 - data_mode: multi-class
2024-05-16 06:30:29,560 - multimodal_method: msz
2024-05-16 06:30:29,560 - method: msz
2024-05-16 06:30:29,560 - ood_detection_method: residual
2024-05-16 06:30:29,560 - text_backbone: bert-base-uncased
2024-05-16 06:30:29,560 - seed: 0
2024-05-16 06:30:29,560 - num_workers: 8
2024-05-16 06:30:29,560 - log_id: msz_residual_MIntRec2_multi-class_0_2024-05-16-06-29-20
2024-05-16 06:30:29,560 - gpu_id: 3
2024-05-16 06:30:29,560 - data_path: /home/sharing/disk2/sjh/intentDataset
2024-05-16 06:30:29,560 - train: False
2024-05-16 06:30:29,560 - tune: True
2024-05-16 06:30:29,560 - ood: True
2024-05-16 06:30:29,560 - save_model: False
2024-05-16 06:30:29,560 - save_results: True
2024-05-16 06:30:29,560 - log_path: logs
2024-05-16 06:30:29,560 - cache_path: cache
2024-05-16 06:30:29,560 - video_data_path: video_data
2024-05-16 06:30:29,560 - audio_data_path: audio_data
2024-05-16 06:30:29,560 - video_feats_path: swin_feats.pkl
2024-05-16 06:30:29,560 - ood_video_feats_path: swin_feats.pkl
2024-05-16 06:30:29,561 - ood_audio_feats_path: wavlm_feats.pkl
2024-05-16 06:30:29,561 - audio_feats_path: wavlm_feats.pkl
2024-05-16 06:30:29,561 - results_path: results
2024-05-16 06:30:29,561 - output_path: /home/sharing/disk2/sjh/Outputs/OOD_MIntRec2/ablation/no_binary_msz
2024-05-16 06:30:29,561 - model_path: models
2024-05-16 06:30:29,561 - config_file_name: msz_MIntRec2
2024-05-16 06:30:29,561 - results_file_name: results_msz_ablation_MIntRec2.csv
2024-05-16 06:30:29,561 - text_pretrained_model: /home/sharing/disk1/pretrained_embedding/bert/uncased_L-12_H-768_A-12/
2024-05-16 06:30:29,561 - text_seq_len: 50
2024-05-16 06:30:29,561 - video_seq_len: 180
2024-05-16 06:30:29,561 - audio_seq_len: 400
2024-05-16 06:30:29,561 - text_feat_dim: 768
2024-05-16 06:30:29,561 - video_feat_dim: 256
2024-05-16 06:30:29,561 - audio_feat_dim: 768
2024-05-16 06:30:29,561 - ood_label_id: 30
2024-05-16 06:30:29,561 - num_labels: 30
2024-05-16 06:30:29,561 - num_train_examples: 6165
2024-05-16 06:30:29,561 - need_aligned: True
2024-05-16 06:30:29,561 - freeze_parameters: False
2024-05-16 06:30:29,561 - eval_monitor: acc
2024-05-16 06:30:29,561 - train_batch_size: 32
2024-05-16 06:30:29,561 - eval_batch_size: 16
2024-05-16 06:30:29,561 - num_train_epochs: 100
2024-05-16 06:30:29,561 - lr: [1e-05]
2024-05-16 06:30:29,561 - weight_decay: [0.1]
2024-05-16 06:30:29,561 - wait_patience: 3
2024-05-16 06:30:29,561 - warmup_proportion: [0.01]
2024-05-16 06:30:29,561 - hidden_dims: [768]
2024-05-16 06:30:29,561 - num_attention_heads: [6]
2024-05-16 06:30:29,561 - attention_probs_dropout_prob: [0.3]
2024-05-16 06:30:29,561 - hidden_dropout_prob: [0.3]
2024-05-16 06:30:29,561 - intermediate_size: [768]
2024-05-16 06:30:29,561 - num_hidden_layers: [6]
2024-05-16 06:30:29,561 - max_position_embeddings: [768]
2024-05-16 06:30:29,561 - position_embedding_type: absolute
2024-05-16 06:30:29,561 - batch_first: True
2024-05-16 06:30:29,561 - aligned_method: ['ctc']
2024-05-16 06:30:29,561 - sampler: beta
2024-05-16 06:30:29,561 - multiple_ood: [1]
2024-05-16 06:30:29,561 - select_number_min: [2]
2024-05-16 06:30:29,561 - select_number_max: [3]
2024-05-16 06:30:29,561 - alpha: [2]
2024-05-16 06:30:29,561 - mlp_hidden_size: [256]
2024-05-16 06:30:29,561 - mlp_dropout: [0.3]
2024-05-16 06:30:29,561 - scale: [8]
2024-05-16 06:30:29,562 - ablation: ['no_binary']
2024-05-16 06:30:29,562 - pred_output_path: /home/sharing/disk2/sjh/Outputs/OOD_MIntRec2/ablation/no_binary_msz/msz_MIntRec2_bert-base-uncased_multi-class_0
2024-05-16 06:30:29,562 - model_output_path: /home/sharing/disk2/sjh/Outputs/OOD_MIntRec2/ablation/no_binary_msz/msz_MIntRec2_bert-base-uncased_multi-class_0/models
2024-05-16 06:30:29,562 - pretrained_save_model: /home/sharing/disk2/sjh/Outputs/OOD_MIntRec2/ablation/no_binary_msz/binary_msz_MIntRec2_bert-base-uncased_0
2024-05-16 06:30:29,562 - ============================== End Params ==============================
2024-05-16 06:30:33,167 - Multimodal Intent Recognition begins...
2024-05-16 06:30:33,167 - Testing begins...
2024-05-16 06:31:26,018 - ***** Out-of-domain Evaluation results *****
2024-05-16 06:31:26,019 -   aupr_in = 0.5746
2024-05-16 06:31:26,019 -   aupr_out = 0.4478
2024-05-16 06:31:26,019 -   auroc = 0.5161
2024-05-16 06:31:26,019 -   der = 0.5566
2024-05-16 06:31:26,019 -   eer = 0.4888
2024-05-16 06:31:26,019 -   fpr95 = 0.9463
2024-05-16 06:31:26,019 - Testing is finished...
2024-05-16 06:31:26,020 - Multimodal intent recognition is finished...
2024-05-16 06:31:26,020 - Results are saved in results/results_msz_ablation_MIntRec2.csv
2024-05-16 06:31:26,103 - ============================== Params ==============================
2024-05-16 06:31:26,103 - logger_name: msz_residual_MIntRec2_multi-class_0
2024-05-16 06:31:26,103 - dataset: MIntRec2
2024-05-16 06:31:26,103 - ood_dataset: MIntRec2-OOD
2024-05-16 06:31:26,103 - data_mode: multi-class
2024-05-16 06:31:26,103 - multimodal_method: msz
2024-05-16 06:31:26,103 - method: msz
2024-05-16 06:31:26,103 - ood_detection_method: residual
2024-05-16 06:31:26,103 - text_backbone: bert-base-uncased
2024-05-16 06:31:26,103 - seed: 1
2024-05-16 06:31:26,103 - num_workers: 8
2024-05-16 06:31:26,103 - log_id: msz_residual_MIntRec2_multi-class_0_2024-05-16-06-29-20
2024-05-16 06:31:26,103 - gpu_id: 3
2024-05-16 06:31:26,103 - data_path: /home/sharing/disk2/sjh/intentDataset
2024-05-16 06:31:26,103 - train: False
2024-05-16 06:31:26,103 - tune: True
2024-05-16 06:31:26,103 - ood: True
2024-05-16 06:31:26,103 - save_model: False
2024-05-16 06:31:26,103 - save_results: True
2024-05-16 06:31:26,103 - log_path: logs
2024-05-16 06:31:26,103 - cache_path: cache
2024-05-16 06:31:26,103 - video_data_path: video_data
2024-05-16 06:31:26,103 - audio_data_path: audio_data
2024-05-16 06:31:26,103 - video_feats_path: swin_feats.pkl
2024-05-16 06:31:26,103 - ood_video_feats_path: swin_feats.pkl
2024-05-16 06:31:26,103 - ood_audio_feats_path: wavlm_feats.pkl
2024-05-16 06:31:26,103 - audio_feats_path: wavlm_feats.pkl
2024-05-16 06:31:26,103 - results_path: results
2024-05-16 06:31:26,103 - output_path: /home/sharing/disk2/sjh/Outputs/OOD_MIntRec2/ablation/no_binary_msz
2024-05-16 06:31:26,103 - model_path: models
2024-05-16 06:31:26,103 - config_file_name: msz_MIntRec2
2024-05-16 06:31:26,103 - results_file_name: results_msz_ablation_MIntRec2.csv
2024-05-16 06:31:26,104 - text_pretrained_model: /home/sharing/disk1/pretrained_embedding/bert/uncased_L-12_H-768_A-12/
2024-05-16 06:31:26,104 - text_seq_len: 50
2024-05-16 06:31:26,104 - video_seq_len: 180
2024-05-16 06:31:26,104 - audio_seq_len: 400
2024-05-16 06:31:26,104 - text_feat_dim: 768
2024-05-16 06:31:26,104 - video_feat_dim: 256
2024-05-16 06:31:26,104 - audio_feat_dim: 768
2024-05-16 06:31:26,104 - ood_label_id: 30
2024-05-16 06:31:26,104 - num_labels: 30
2024-05-16 06:31:26,104 - num_train_examples: 6165
2024-05-16 06:31:26,104 - need_aligned: True
2024-05-16 06:31:26,104 - freeze_parameters: False
2024-05-16 06:31:26,104 - eval_monitor: acc
2024-05-16 06:31:26,104 - train_batch_size: 32
2024-05-16 06:31:26,104 - eval_batch_size: 16
2024-05-16 06:31:26,104 - num_train_epochs: 100
2024-05-16 06:31:26,104 - lr: [1e-05]
2024-05-16 06:31:26,104 - weight_decay: [0.1]
2024-05-16 06:31:26,104 - wait_patience: 3
2024-05-16 06:31:26,104 - warmup_proportion: [0.01]
2024-05-16 06:31:26,104 - hidden_dims: [768]
2024-05-16 06:31:26,104 - num_attention_heads: [6]
2024-05-16 06:31:26,104 - attention_probs_dropout_prob: [0.3]
2024-05-16 06:31:26,104 - hidden_dropout_prob: [0.3]
2024-05-16 06:31:26,104 - intermediate_size: [768]
2024-05-16 06:31:26,104 - num_hidden_layers: [6]
2024-05-16 06:31:26,104 - max_position_embeddings: [768]
2024-05-16 06:31:26,104 - position_embedding_type: absolute
2024-05-16 06:31:26,104 - batch_first: True
2024-05-16 06:31:26,104 - aligned_method: ['ctc']
2024-05-16 06:31:26,104 - sampler: beta
2024-05-16 06:31:26,104 - multiple_ood: [1]
2024-05-16 06:31:26,104 - select_number_min: [2]
2024-05-16 06:31:26,104 - select_number_max: [3]
2024-05-16 06:31:26,104 - alpha: [2]
2024-05-16 06:31:26,104 - mlp_hidden_size: [256]
2024-05-16 06:31:26,104 - mlp_dropout: [0.3]
2024-05-16 06:31:26,104 - scale: [8]
2024-05-16 06:31:26,104 - ablation: ['no_binary']
2024-05-16 06:31:26,104 - pred_output_path: /home/sharing/disk2/sjh/Outputs/OOD_MIntRec2/ablation/no_binary_msz/msz_MIntRec2_bert-base-uncased_multi-class_1
2024-05-16 06:31:26,104 - model_output_path: /home/sharing/disk2/sjh/Outputs/OOD_MIntRec2/ablation/no_binary_msz/msz_MIntRec2_bert-base-uncased_multi-class_1/models
2024-05-16 06:31:26,104 - pretrained_save_model: /home/sharing/disk2/sjh/Outputs/OOD_MIntRec2/ablation/no_binary_msz/binary_msz_MIntRec2_bert-base-uncased_1
2024-05-16 06:31:26,104 - device: cuda
2024-05-16 06:31:26,104 - ============================== End Params ==============================
2024-05-16 06:31:28,207 - Multimodal Intent Recognition begins...
2024-05-16 06:31:28,207 - Testing begins...
2024-05-16 06:32:19,878 - ***** Out-of-domain Evaluation results *****
2024-05-16 06:32:19,878 -   aupr_in = 0.5731
2024-05-16 06:32:19,885 -   aupr_out = 0.4443
2024-05-16 06:32:19,886 -   auroc = 0.5136
2024-05-16 06:32:19,886 -   der = 0.5594
2024-05-16 06:32:19,886 -   eer = 0.4914
2024-05-16 06:32:19,886 -   fpr95 = 0.9463
2024-05-16 06:32:19,886 - Testing is finished...
2024-05-16 06:32:19,886 - Multimodal intent recognition is finished...
2024-05-16 06:32:19,887 - Results are saved in results/results_msz_ablation_MIntRec2.csv
2024-05-16 06:32:19,963 - ============================== Params ==============================
2024-05-16 06:32:19,963 - logger_name: msz_residual_MIntRec2_multi-class_0
2024-05-16 06:32:19,963 - dataset: MIntRec2
2024-05-16 06:32:19,963 - ood_dataset: MIntRec2-OOD
2024-05-16 06:32:19,963 - data_mode: multi-class
2024-05-16 06:32:19,963 - multimodal_method: msz
2024-05-16 06:32:19,963 - method: msz
2024-05-16 06:32:19,963 - ood_detection_method: residual
2024-05-16 06:32:19,963 - text_backbone: bert-base-uncased
2024-05-16 06:32:19,963 - seed: 2
2024-05-16 06:32:19,963 - num_workers: 8
2024-05-16 06:32:19,963 - log_id: msz_residual_MIntRec2_multi-class_0_2024-05-16-06-29-20
2024-05-16 06:32:19,963 - gpu_id: 3
2024-05-16 06:32:19,963 - data_path: /home/sharing/disk2/sjh/intentDataset
2024-05-16 06:32:19,963 - train: False
2024-05-16 06:32:19,964 - tune: True
2024-05-16 06:32:19,964 - ood: True
2024-05-16 06:32:19,964 - save_model: False
2024-05-16 06:32:19,964 - save_results: True
2024-05-16 06:32:19,964 - log_path: logs
2024-05-16 06:32:19,964 - cache_path: cache
2024-05-16 06:32:19,964 - video_data_path: video_data
2024-05-16 06:32:19,964 - audio_data_path: audio_data
2024-05-16 06:32:19,964 - video_feats_path: swin_feats.pkl
2024-05-16 06:32:19,964 - ood_video_feats_path: swin_feats.pkl
2024-05-16 06:32:19,964 - ood_audio_feats_path: wavlm_feats.pkl
2024-05-16 06:32:19,964 - audio_feats_path: wavlm_feats.pkl
2024-05-16 06:32:19,964 - results_path: results
2024-05-16 06:32:19,964 - output_path: /home/sharing/disk2/sjh/Outputs/OOD_MIntRec2/ablation/no_binary_msz
2024-05-16 06:32:19,964 - model_path: models
2024-05-16 06:32:19,964 - config_file_name: msz_MIntRec2
2024-05-16 06:32:19,964 - results_file_name: results_msz_ablation_MIntRec2.csv
2024-05-16 06:32:19,964 - text_pretrained_model: /home/sharing/disk1/pretrained_embedding/bert/uncased_L-12_H-768_A-12/
2024-05-16 06:32:19,964 - text_seq_len: 50
2024-05-16 06:32:19,964 - video_seq_len: 180
2024-05-16 06:32:19,964 - audio_seq_len: 400
2024-05-16 06:32:19,964 - text_feat_dim: 768
2024-05-16 06:32:19,964 - video_feat_dim: 256
2024-05-16 06:32:19,964 - audio_feat_dim: 768
2024-05-16 06:32:19,964 - ood_label_id: 30
2024-05-16 06:32:19,964 - num_labels: 30
2024-05-16 06:32:19,964 - num_train_examples: 6165
2024-05-16 06:32:19,964 - need_aligned: True
2024-05-16 06:32:19,964 - freeze_parameters: False
2024-05-16 06:32:19,964 - eval_monitor: acc
2024-05-16 06:32:19,964 - train_batch_size: 32
2024-05-16 06:32:19,964 - eval_batch_size: 16
2024-05-16 06:32:19,964 - num_train_epochs: 100
2024-05-16 06:32:19,964 - lr: [1e-05]
2024-05-16 06:32:19,964 - weight_decay: [0.1]
2024-05-16 06:32:19,964 - wait_patience: 3
2024-05-16 06:32:19,964 - warmup_proportion: [0.01]
2024-05-16 06:32:19,964 - hidden_dims: [768]
2024-05-16 06:32:19,964 - num_attention_heads: [6]
2024-05-16 06:32:19,964 - attention_probs_dropout_prob: [0.3]
2024-05-16 06:32:19,964 - hidden_dropout_prob: [0.3]
2024-05-16 06:32:19,964 - intermediate_size: [768]
2024-05-16 06:32:19,964 - num_hidden_layers: [6]
2024-05-16 06:32:19,964 - max_position_embeddings: [768]
2024-05-16 06:32:19,964 - position_embedding_type: absolute
2024-05-16 06:32:19,965 - batch_first: True
2024-05-16 06:32:19,965 - aligned_method: ['ctc']
2024-05-16 06:32:19,965 - sampler: beta
2024-05-16 06:32:19,965 - multiple_ood: [1]
2024-05-16 06:32:19,965 - select_number_min: [2]
2024-05-16 06:32:19,965 - select_number_max: [3]
2024-05-16 06:32:19,965 - alpha: [2]
2024-05-16 06:32:19,965 - mlp_hidden_size: [256]
2024-05-16 06:32:19,965 - mlp_dropout: [0.3]
2024-05-16 06:32:19,965 - scale: [8]
2024-05-16 06:32:19,965 - ablation: ['no_binary']
2024-05-16 06:32:19,965 - pred_output_path: /home/sharing/disk2/sjh/Outputs/OOD_MIntRec2/ablation/no_binary_msz/msz_MIntRec2_bert-base-uncased_multi-class_2
2024-05-16 06:32:19,965 - model_output_path: /home/sharing/disk2/sjh/Outputs/OOD_MIntRec2/ablation/no_binary_msz/msz_MIntRec2_bert-base-uncased_multi-class_2/models
2024-05-16 06:32:19,965 - pretrained_save_model: /home/sharing/disk2/sjh/Outputs/OOD_MIntRec2/ablation/no_binary_msz/binary_msz_MIntRec2_bert-base-uncased_2
2024-05-16 06:32:19,965 - device: cuda
2024-05-16 06:32:19,965 - ============================== End Params ==============================
2024-05-16 06:32:22,152 - Multimodal Intent Recognition begins...
2024-05-16 06:32:22,152 - Testing begins...
2024-05-16 06:33:14,623 - ***** Out-of-domain Evaluation results *****
2024-05-16 06:33:14,624 -   aupr_in = 0.5735
2024-05-16 06:33:14,624 -   aupr_out = 0.4461
2024-05-16 06:33:14,624 -   auroc = 0.5146
2024-05-16 06:33:14,624 -   der = 0.5571
2024-05-16 06:33:14,625 -   eer = 0.4843
2024-05-16 06:33:14,625 -   fpr95 = 0.9469
2024-05-16 06:33:14,625 - Testing is finished...
2024-05-16 06:33:14,625 - Multimodal intent recognition is finished...
2024-05-16 06:33:14,625 - Results are saved in results/results_msz_ablation_MIntRec2.csv
2024-05-16 06:33:14,721 - ============================== Params ==============================
2024-05-16 06:33:14,721 - logger_name: msz_residual_MIntRec2_multi-class_0
2024-05-16 06:33:14,721 - dataset: MIntRec2
2024-05-16 06:33:14,722 - ood_dataset: MIntRec2-OOD
2024-05-16 06:33:14,722 - data_mode: multi-class
2024-05-16 06:33:14,722 - multimodal_method: msz
2024-05-16 06:33:14,722 - method: msz
2024-05-16 06:33:14,722 - ood_detection_method: residual
2024-05-16 06:33:14,722 - text_backbone: bert-base-uncased
2024-05-16 06:33:14,722 - seed: 3
2024-05-16 06:33:14,722 - num_workers: 8
2024-05-16 06:33:14,722 - log_id: msz_residual_MIntRec2_multi-class_0_2024-05-16-06-29-20
2024-05-16 06:33:14,722 - gpu_id: 3
2024-05-16 06:33:14,722 - data_path: /home/sharing/disk2/sjh/intentDataset
2024-05-16 06:33:14,722 - train: False
2024-05-16 06:33:14,722 - tune: True
2024-05-16 06:33:14,722 - ood: True
2024-05-16 06:33:14,722 - save_model: False
2024-05-16 06:33:14,722 - save_results: True
2024-05-16 06:33:14,722 - log_path: logs
2024-05-16 06:33:14,722 - cache_path: cache
2024-05-16 06:33:14,722 - video_data_path: video_data
2024-05-16 06:33:14,722 - audio_data_path: audio_data
2024-05-16 06:33:14,722 - video_feats_path: swin_feats.pkl
2024-05-16 06:33:14,722 - ood_video_feats_path: swin_feats.pkl
2024-05-16 06:33:14,722 - ood_audio_feats_path: wavlm_feats.pkl
2024-05-16 06:33:14,722 - audio_feats_path: wavlm_feats.pkl
2024-05-16 06:33:14,722 - results_path: results
2024-05-16 06:33:14,722 - output_path: /home/sharing/disk2/sjh/Outputs/OOD_MIntRec2/ablation/no_binary_msz
2024-05-16 06:33:14,722 - model_path: models
2024-05-16 06:33:14,722 - config_file_name: msz_MIntRec2
2024-05-16 06:33:14,722 - results_file_name: results_msz_ablation_MIntRec2.csv
2024-05-16 06:33:14,722 - text_pretrained_model: /home/sharing/disk1/pretrained_embedding/bert/uncased_L-12_H-768_A-12/
2024-05-16 06:33:14,722 - text_seq_len: 50
2024-05-16 06:33:14,722 - video_seq_len: 180
2024-05-16 06:33:14,723 - audio_seq_len: 400
2024-05-16 06:33:14,723 - text_feat_dim: 768
2024-05-16 06:33:14,723 - video_feat_dim: 256
2024-05-16 06:33:14,723 - audio_feat_dim: 768
2024-05-16 06:33:14,723 - ood_label_id: 30
2024-05-16 06:33:14,723 - num_labels: 30
2024-05-16 06:33:14,723 - num_train_examples: 6165
2024-05-16 06:33:14,723 - need_aligned: True
2024-05-16 06:33:14,723 - freeze_parameters: False
2024-05-16 06:33:14,723 - eval_monitor: acc
2024-05-16 06:33:14,723 - train_batch_size: 32
2024-05-16 06:33:14,723 - eval_batch_size: 16
2024-05-16 06:33:14,723 - num_train_epochs: 100
2024-05-16 06:33:14,723 - lr: [1e-05]
2024-05-16 06:33:14,723 - weight_decay: [0.1]
2024-05-16 06:33:14,723 - wait_patience: 3
2024-05-16 06:33:14,723 - warmup_proportion: [0.01]
2024-05-16 06:33:14,723 - hidden_dims: [768]
2024-05-16 06:33:14,723 - num_attention_heads: [6]
2024-05-16 06:33:14,723 - attention_probs_dropout_prob: [0.3]
2024-05-16 06:33:14,723 - hidden_dropout_prob: [0.3]
2024-05-16 06:33:14,723 - intermediate_size: [768]
2024-05-16 06:33:14,723 - num_hidden_layers: [6]
2024-05-16 06:33:14,723 - max_position_embeddings: [768]
2024-05-16 06:33:14,723 - position_embedding_type: absolute
2024-05-16 06:33:14,723 - batch_first: True
2024-05-16 06:33:14,723 - aligned_method: ['ctc']
2024-05-16 06:33:14,723 - sampler: beta
2024-05-16 06:33:14,723 - multiple_ood: [1]
2024-05-16 06:33:14,723 - select_number_min: [2]
2024-05-16 06:33:14,723 - select_number_max: [3]
2024-05-16 06:33:14,723 - alpha: [2]
2024-05-16 06:33:14,723 - mlp_hidden_size: [256]
2024-05-16 06:33:14,724 - mlp_dropout: [0.3]
2024-05-16 06:33:14,724 - scale: [8]
2024-05-16 06:33:14,724 - ablation: ['no_binary']
2024-05-16 06:33:14,724 - pred_output_path: /home/sharing/disk2/sjh/Outputs/OOD_MIntRec2/ablation/no_binary_msz/msz_MIntRec2_bert-base-uncased_multi-class_3
2024-05-16 06:33:14,724 - model_output_path: /home/sharing/disk2/sjh/Outputs/OOD_MIntRec2/ablation/no_binary_msz/msz_MIntRec2_bert-base-uncased_multi-class_3/models
2024-05-16 06:33:14,724 - pretrained_save_model: /home/sharing/disk2/sjh/Outputs/OOD_MIntRec2/ablation/no_binary_msz/binary_msz_MIntRec2_bert-base-uncased_3
2024-05-16 06:33:14,724 - device: cuda
2024-05-16 06:33:14,724 - ============================== End Params ==============================
2024-05-16 06:33:16,945 - Multimodal Intent Recognition begins...
2024-05-16 06:33:16,945 - Testing begins...
2024-05-16 06:34:09,038 - ***** Out-of-domain Evaluation results *****
2024-05-16 06:34:09,038 -   aupr_in = 0.5733
2024-05-16 06:34:09,038 -   aupr_out = 0.4467
2024-05-16 06:34:09,039 -   auroc = 0.5127
2024-05-16 06:34:09,039 -   der = 0.5535
2024-05-16 06:34:09,039 -   eer = 0.4882
2024-05-16 06:34:09,039 -   fpr95 = 0.9392
2024-05-16 06:34:09,039 - Testing is finished...
2024-05-16 06:34:09,039 - Multimodal intent recognition is finished...
2024-05-16 06:34:09,039 - Results are saved in results/results_msz_ablation_MIntRec2.csv
2024-05-16 06:34:09,106 - ============================== Params ==============================
2024-05-16 06:34:09,106 - logger_name: msz_residual_MIntRec2_multi-class_0
2024-05-16 06:34:09,106 - dataset: MIntRec2
2024-05-16 06:34:09,106 - ood_dataset: MIntRec2-OOD
2024-05-16 06:34:09,106 - data_mode: multi-class
2024-05-16 06:34:09,107 - multimodal_method: msz
2024-05-16 06:34:09,107 - method: msz
2024-05-16 06:34:09,107 - ood_detection_method: residual
2024-05-16 06:34:09,107 - text_backbone: bert-base-uncased
2024-05-16 06:34:09,107 - seed: 4
2024-05-16 06:34:09,107 - num_workers: 8
2024-05-16 06:34:09,107 - log_id: msz_residual_MIntRec2_multi-class_0_2024-05-16-06-29-20
2024-05-16 06:34:09,107 - gpu_id: 3
2024-05-16 06:34:09,107 - data_path: /home/sharing/disk2/sjh/intentDataset
2024-05-16 06:34:09,107 - train: False
2024-05-16 06:34:09,107 - tune: True
2024-05-16 06:34:09,107 - ood: True
2024-05-16 06:34:09,108 - save_model: False
2024-05-16 06:34:09,108 - save_results: True
2024-05-16 06:34:09,108 - log_path: logs
2024-05-16 06:34:09,108 - cache_path: cache
2024-05-16 06:34:09,108 - video_data_path: video_data
2024-05-16 06:34:09,108 - audio_data_path: audio_data
2024-05-16 06:34:09,108 - video_feats_path: swin_feats.pkl
2024-05-16 06:34:09,108 - ood_video_feats_path: swin_feats.pkl
2024-05-16 06:34:09,108 - ood_audio_feats_path: wavlm_feats.pkl
2024-05-16 06:34:09,108 - audio_feats_path: wavlm_feats.pkl
2024-05-16 06:34:09,108 - results_path: results
2024-05-16 06:34:09,108 - output_path: /home/sharing/disk2/sjh/Outputs/OOD_MIntRec2/ablation/no_binary_msz
2024-05-16 06:34:09,109 - model_path: models
2024-05-16 06:34:09,109 - config_file_name: msz_MIntRec2
2024-05-16 06:34:09,109 - results_file_name: results_msz_ablation_MIntRec2.csv
2024-05-16 06:34:09,109 - text_pretrained_model: /home/sharing/disk1/pretrained_embedding/bert/uncased_L-12_H-768_A-12/
2024-05-16 06:34:09,109 - text_seq_len: 50
2024-05-16 06:34:09,109 - video_seq_len: 180
2024-05-16 06:34:09,109 - audio_seq_len: 400
2024-05-16 06:34:09,109 - text_feat_dim: 768
2024-05-16 06:34:09,109 - video_feat_dim: 256
2024-05-16 06:34:09,109 - audio_feat_dim: 768
2024-05-16 06:34:09,109 - ood_label_id: 30
2024-05-16 06:34:09,109 - num_labels: 30
2024-05-16 06:34:09,109 - num_train_examples: 6165
2024-05-16 06:34:09,109 - need_aligned: True
2024-05-16 06:34:09,109 - freeze_parameters: False
2024-05-16 06:34:09,109 - eval_monitor: acc
2024-05-16 06:34:09,109 - train_batch_size: 32
2024-05-16 06:34:09,109 - eval_batch_size: 16
2024-05-16 06:34:09,109 - num_train_epochs: 100
2024-05-16 06:34:09,109 - lr: [1e-05]
2024-05-16 06:34:09,110 - weight_decay: [0.1]
2024-05-16 06:34:09,110 - wait_patience: 3
2024-05-16 06:34:09,110 - warmup_proportion: [0.01]
2024-05-16 06:34:09,110 - hidden_dims: [768]
2024-05-16 06:34:09,110 - num_attention_heads: [6]
2024-05-16 06:34:09,110 - attention_probs_dropout_prob: [0.3]
2024-05-16 06:34:09,110 - hidden_dropout_prob: [0.3]
2024-05-16 06:34:09,110 - intermediate_size: [768]
2024-05-16 06:34:09,110 - num_hidden_layers: [6]
2024-05-16 06:34:09,110 - max_position_embeddings: [768]
2024-05-16 06:34:09,110 - position_embedding_type: absolute
2024-05-16 06:34:09,110 - batch_first: True
2024-05-16 06:34:09,110 - aligned_method: ['ctc']
2024-05-16 06:34:09,110 - sampler: beta
2024-05-16 06:34:09,110 - multiple_ood: [1]
2024-05-16 06:34:09,110 - select_number_min: [2]
2024-05-16 06:34:09,110 - select_number_max: [3]
2024-05-16 06:34:09,110 - alpha: [2]
2024-05-16 06:34:09,110 - mlp_hidden_size: [256]
2024-05-16 06:34:09,110 - mlp_dropout: [0.3]
2024-05-16 06:34:09,110 - scale: [8]
2024-05-16 06:34:09,110 - ablation: ['no_binary']
2024-05-16 06:34:09,110 - pred_output_path: /home/sharing/disk2/sjh/Outputs/OOD_MIntRec2/ablation/no_binary_msz/msz_MIntRec2_bert-base-uncased_multi-class_4
2024-05-16 06:34:09,111 - model_output_path: /home/sharing/disk2/sjh/Outputs/OOD_MIntRec2/ablation/no_binary_msz/msz_MIntRec2_bert-base-uncased_multi-class_4/models
2024-05-16 06:34:09,111 - pretrained_save_model: /home/sharing/disk2/sjh/Outputs/OOD_MIntRec2/ablation/no_binary_msz/binary_msz_MIntRec2_bert-base-uncased_4
2024-05-16 06:34:09,111 - device: cuda
2024-05-16 06:34:09,111 - ============================== End Params ==============================
2024-05-16 06:34:11,313 - Multimodal Intent Recognition begins...
2024-05-16 06:34:11,313 - Testing begins...
2024-05-16 06:35:02,715 - ***** Out-of-domain Evaluation results *****
2024-05-16 06:35:02,716 -   aupr_in = 0.5735
2024-05-16 06:35:02,716 -   aupr_out = 0.4466
2024-05-16 06:35:02,716 -   auroc = 0.5135
2024-05-16 06:35:02,717 -   der = 0.5545
2024-05-16 06:35:02,717 -   eer = 0.4888
2024-05-16 06:35:02,717 -   fpr95 = 0.9431
2024-05-16 06:35:02,717 - Testing is finished...
2024-05-16 06:35:02,718 - Multimodal intent recognition is finished...
2024-05-16 06:35:02,718 - Results are saved in results/results_msz_ablation_MIntRec2.csv
