2024-05-18 09:16:46,000 - Lists of intent labels are: ['Complain', 'Praise', 'Apologise', 'Thank', 'Criticize', 'Agree', 'Taunt', 'Flaunt', 'Joke', 'Oppose', 'Comfort', 'Care', 'Inform', 'Advise', 'Arrange', 'Introduce', 'Leave', 'Prevent', 'Greet', 'Ask for help']
2024-05-18 09:16:46,000 - ID Data preparation...
2024-05-18 09:16:52,478 - OOD Data preparation...
2024-05-18 09:16:53,842 - ============================== Params ==============================
2024-05-18 09:16:53,842 - logger_name: msz_msp_MIntRec_multi-class_0
2024-05-18 09:16:53,842 - dataset: MIntRec
2024-05-18 09:16:53,842 - ood_dataset: MIntRec-OOD
2024-05-18 09:16:53,842 - data_mode: multi-class
2024-05-18 09:16:53,842 - multimodal_method: msz
2024-05-18 09:16:53,842 - method: msz
2024-05-18 09:16:53,842 - ood_detection_method: msp
2024-05-18 09:16:53,842 - text_backbone: bert-base-uncased
2024-05-18 09:16:53,842 - seed: 0
2024-05-18 09:16:53,842 - num_workers: 8
2024-05-18 09:16:53,842 - log_id: msz_msp_MIntRec_multi-class_0_2024-05-18-09-16-45
2024-05-18 09:16:53,842 - gpu_id: 2
2024-05-18 09:16:53,842 - data_path: /home/sharing/disk2/sjh/intentDataset
2024-05-18 09:16:53,842 - train: False
2024-05-18 09:16:53,842 - tune: True
2024-05-18 09:16:53,842 - ood: True
2024-05-18 09:16:53,842 - save_model: False
2024-05-18 09:16:53,842 - save_results: True
2024-05-18 09:16:53,842 - log_path: logs
2024-05-18 09:16:53,842 - cache_path: cache
2024-05-18 09:16:53,842 - video_data_path: video_data
2024-05-18 09:16:53,842 - audio_data_path: audio_data
2024-05-18 09:16:53,842 - video_feats_path: swin_feats.pkl
2024-05-18 09:16:53,843 - ood_video_feats_path: swin_feats.pkl
2024-05-18 09:16:53,843 - ood_audio_feats_path: wavlm_feats.pkl
2024-05-18 09:16:53,843 - audio_feats_path: wavlm_feats.pkl
2024-05-18 09:16:53,843 - results_path: results
2024-05-18 09:16:53,843 - output_path: /home/sharing/disk2/sjh/Outputs/OOD_MIntRec/dir_ablation/no_binary_msz
2024-05-18 09:16:53,843 - model_path: models
2024-05-18 09:16:53,843 - config_file_name: msz_MIntRec
2024-05-18 09:16:53,843 - results_file_name: results_msz_ablation_MIntRec.csv
2024-05-18 09:16:53,843 - text_pretrained_model: /home/sharing/disk1/pretrained_embedding/bert/uncased_L-12_H-768_A-12/
2024-05-18 09:16:53,843 - text_seq_len: 30
2024-05-18 09:16:53,843 - video_seq_len: 230
2024-05-18 09:16:53,843 - audio_seq_len: 480
2024-05-18 09:16:53,843 - text_feat_dim: 768
2024-05-18 09:16:53,843 - video_feat_dim: 1024
2024-05-18 09:16:53,843 - audio_feat_dim: 768
2024-05-18 09:16:53,843 - ood_label_id: 20
2024-05-18 09:16:53,843 - num_labels: 20
2024-05-18 09:16:53,843 - num_train_examples: 1334
2024-05-18 09:16:53,843 - need_aligned: True
2024-05-18 09:16:53,843 - freeze_parameters: False
2024-05-18 09:16:53,843 - eval_monitor: acc
2024-05-18 09:16:53,843 - train_batch_size: 32
2024-05-18 09:16:53,843 - eval_batch_size: 16
2024-05-18 09:16:53,843 - num_train_epochs: 100
2024-05-18 09:16:53,843 - lr: [2e-05]
2024-05-18 09:16:53,843 - weight_decay: [0.1]
2024-05-18 09:16:53,843 - wait_patience: 5
2024-05-18 09:16:53,843 - warmup_proportion: [0.1]
2024-05-18 09:16:53,843 - hidden_dims: [768]
2024-05-18 09:16:53,843 - num_attention_heads: [4]
2024-05-18 09:16:53,843 - attention_probs_dropout_prob: [0.3]
2024-05-18 09:16:53,843 - hidden_dropout_prob: [0.1]
2024-05-18 09:16:53,843 - intermediate_size: [768]
2024-05-18 09:16:53,843 - num_hidden_layers: [4]
2024-05-18 09:16:53,843 - max_position_embeddings: [900]
2024-05-18 09:16:53,843 - position_embedding_type: absolute
2024-05-18 09:16:53,843 - batch_first: True
2024-05-18 09:16:53,843 - aligned_method: ['ctc']
2024-05-18 09:16:53,843 - sampler: ['dir']
2024-05-18 09:16:53,843 - multiple_ood: [1]
2024-05-18 09:16:53,843 - select_number_min: [2]
2024-05-18 09:16:53,843 - select_number_max: [3]
2024-05-18 09:16:53,843 - alpha: [4]
2024-05-18 09:16:53,843 - mlp_hidden_size: [256]
2024-05-18 09:16:53,843 - mlp_dropout: [0.3]
2024-05-18 09:16:53,843 - scale: [16]
2024-05-18 09:16:53,844 - ablation: ['no_binary']
2024-05-18 09:16:53,844 - pred_output_path: /home/sharing/disk2/sjh/Outputs/OOD_MIntRec/dir_ablation/no_binary_msz/msz_MIntRec_bert-base-uncased_multi-class_0
2024-05-18 09:16:53,844 - model_output_path: /home/sharing/disk2/sjh/Outputs/OOD_MIntRec/dir_ablation/no_binary_msz/msz_MIntRec_bert-base-uncased_multi-class_0/models
2024-05-18 09:16:53,844 - pretrained_save_model: /home/sharing/disk2/sjh/Outputs/OOD_MIntRec/dir_ablation/no_binary_msz/binary_msz_MIntRec_bert-base-uncased_0
2024-05-18 09:16:53,844 - ============================== End Params ==============================
2024-05-18 09:16:57,137 - Multimodal Intent Recognition begins...
2024-05-18 09:16:57,137 - Testing begins...
2024-05-18 09:17:05,328 - ***** Out-of-domain Evaluation results *****
2024-05-18 09:17:05,328 -   aupr_in = 0.7553
2024-05-18 09:17:05,328 -   aupr_out = 0.7475
2024-05-18 09:17:05,328 -   auroc = 0.7698
2024-05-18 09:17:05,328 -   der = 0.3862
2024-05-18 09:17:05,328 -   eer = 0.3089
2024-05-18 09:17:05,329 -   fpr95 = 0.7267
2024-05-18 09:17:05,329 - Testing is finished...
2024-05-18 09:17:05,329 - Multimodal intent recognition is finished...
2024-05-18 09:17:05,329 - Results are saved in results/results_msz_ablation_MIntRec.csv
2024-05-18 09:17:05,404 - ============================== Params ==============================
2024-05-18 09:17:05,404 - logger_name: msz_msp_MIntRec_multi-class_0
2024-05-18 09:17:05,404 - dataset: MIntRec
2024-05-18 09:17:05,404 - ood_dataset: MIntRec-OOD
2024-05-18 09:17:05,404 - data_mode: multi-class
2024-05-18 09:17:05,404 - multimodal_method: msz
2024-05-18 09:17:05,404 - method: msz
2024-05-18 09:17:05,404 - ood_detection_method: msp
2024-05-18 09:17:05,404 - text_backbone: bert-base-uncased
2024-05-18 09:17:05,405 - seed: 1
2024-05-18 09:17:05,405 - num_workers: 8
2024-05-18 09:17:05,405 - log_id: msz_msp_MIntRec_multi-class_0_2024-05-18-09-16-45
2024-05-18 09:17:05,405 - gpu_id: 2
2024-05-18 09:17:05,405 - data_path: /home/sharing/disk2/sjh/intentDataset
2024-05-18 09:17:05,405 - train: False
2024-05-18 09:17:05,405 - tune: True
2024-05-18 09:17:05,405 - ood: True
2024-05-18 09:17:05,405 - save_model: False
2024-05-18 09:17:05,405 - save_results: True
2024-05-18 09:17:05,405 - log_path: logs
2024-05-18 09:17:05,405 - cache_path: cache
2024-05-18 09:17:05,405 - video_data_path: video_data
2024-05-18 09:17:05,405 - audio_data_path: audio_data
2024-05-18 09:17:05,405 - video_feats_path: swin_feats.pkl
2024-05-18 09:17:05,405 - ood_video_feats_path: swin_feats.pkl
2024-05-18 09:17:05,405 - ood_audio_feats_path: wavlm_feats.pkl
2024-05-18 09:17:05,405 - audio_feats_path: wavlm_feats.pkl
2024-05-18 09:17:05,405 - results_path: results
2024-05-18 09:17:05,405 - output_path: /home/sharing/disk2/sjh/Outputs/OOD_MIntRec/dir_ablation/no_binary_msz
2024-05-18 09:17:05,405 - model_path: models
2024-05-18 09:17:05,405 - config_file_name: msz_MIntRec
2024-05-18 09:17:05,405 - results_file_name: results_msz_ablation_MIntRec.csv
2024-05-18 09:17:05,405 - text_pretrained_model: /home/sharing/disk1/pretrained_embedding/bert/uncased_L-12_H-768_A-12/
2024-05-18 09:17:05,405 - text_seq_len: 30
2024-05-18 09:17:05,405 - video_seq_len: 230
2024-05-18 09:17:05,405 - audio_seq_len: 480
2024-05-18 09:17:05,405 - text_feat_dim: 768
2024-05-18 09:17:05,405 - video_feat_dim: 1024
2024-05-18 09:17:05,405 - audio_feat_dim: 768
2024-05-18 09:17:05,405 - ood_label_id: 20
2024-05-18 09:17:05,405 - num_labels: 20
2024-05-18 09:17:05,405 - num_train_examples: 1334
2024-05-18 09:17:05,405 - need_aligned: True
2024-05-18 09:17:05,405 - freeze_parameters: False
2024-05-18 09:17:05,405 - eval_monitor: acc
2024-05-18 09:17:05,405 - train_batch_size: 32
2024-05-18 09:17:05,405 - eval_batch_size: 16
2024-05-18 09:17:05,405 - num_train_epochs: 100
2024-05-18 09:17:05,406 - lr: [2e-05]
2024-05-18 09:17:05,406 - weight_decay: [0.1]
2024-05-18 09:17:05,406 - wait_patience: 5
2024-05-18 09:17:05,406 - warmup_proportion: [0.1]
2024-05-18 09:17:05,406 - hidden_dims: [768]
2024-05-18 09:17:05,406 - num_attention_heads: [4]
2024-05-18 09:17:05,406 - attention_probs_dropout_prob: [0.3]
2024-05-18 09:17:05,406 - hidden_dropout_prob: [0.1]
2024-05-18 09:17:05,406 - intermediate_size: [768]
2024-05-18 09:17:05,406 - num_hidden_layers: [4]
2024-05-18 09:17:05,406 - max_position_embeddings: [900]
2024-05-18 09:17:05,406 - position_embedding_type: absolute
2024-05-18 09:17:05,406 - batch_first: True
2024-05-18 09:17:05,406 - aligned_method: ['ctc']
2024-05-18 09:17:05,406 - sampler: ['dir']
2024-05-18 09:17:05,406 - multiple_ood: [1]
2024-05-18 09:17:05,406 - select_number_min: [2]
2024-05-18 09:17:05,406 - select_number_max: [3]
2024-05-18 09:17:05,406 - alpha: [4]
2024-05-18 09:17:05,406 - mlp_hidden_size: [256]
2024-05-18 09:17:05,406 - mlp_dropout: [0.3]
2024-05-18 09:17:05,406 - scale: [16]
2024-05-18 09:17:05,406 - ablation: ['no_binary']
2024-05-18 09:17:05,406 - pred_output_path: /home/sharing/disk2/sjh/Outputs/OOD_MIntRec/dir_ablation/no_binary_msz/msz_MIntRec_bert-base-uncased_multi-class_1
2024-05-18 09:17:05,406 - model_output_path: /home/sharing/disk2/sjh/Outputs/OOD_MIntRec/dir_ablation/no_binary_msz/msz_MIntRec_bert-base-uncased_multi-class_1/models
2024-05-18 09:17:05,406 - pretrained_save_model: /home/sharing/disk2/sjh/Outputs/OOD_MIntRec/dir_ablation/no_binary_msz/binary_msz_MIntRec_bert-base-uncased_1
2024-05-18 09:17:05,406 - device: cuda
2024-05-18 09:17:05,406 - ============================== End Params ==============================
2024-05-18 09:17:07,483 - Multimodal Intent Recognition begins...
2024-05-18 09:17:07,483 - Testing begins...
2024-05-18 09:17:14,780 - ***** Out-of-domain Evaluation results *****
2024-05-18 09:17:14,780 -   aupr_in = 0.7564
2024-05-18 09:17:14,780 -   aupr_out = 0.7325
2024-05-18 09:17:14,780 -   auroc = 0.7571
2024-05-18 09:17:14,780 -   der = 0.4237
2024-05-18 09:17:14,780 -   eer = 0.3067
2024-05-18 09:17:14,780 -   fpr95 = 0.8022
2024-05-18 09:17:14,780 - Testing is finished...
2024-05-18 09:17:14,780 - Multimodal intent recognition is finished...
2024-05-18 09:17:14,780 - Results are saved in results/results_msz_ablation_MIntRec.csv
2024-05-18 09:17:14,844 - ============================== Params ==============================
2024-05-18 09:17:14,844 - logger_name: msz_msp_MIntRec_multi-class_0
2024-05-18 09:17:14,844 - dataset: MIntRec
2024-05-18 09:17:14,844 - ood_dataset: MIntRec-OOD
2024-05-18 09:17:14,844 - data_mode: multi-class
2024-05-18 09:17:14,844 - multimodal_method: msz
2024-05-18 09:17:14,844 - method: msz
2024-05-18 09:17:14,844 - ood_detection_method: msp
2024-05-18 09:17:14,845 - text_backbone: bert-base-uncased
2024-05-18 09:17:14,845 - seed: 2
2024-05-18 09:17:14,845 - num_workers: 8
2024-05-18 09:17:14,845 - log_id: msz_msp_MIntRec_multi-class_0_2024-05-18-09-16-45
2024-05-18 09:17:14,845 - gpu_id: 2
2024-05-18 09:17:14,845 - data_path: /home/sharing/disk2/sjh/intentDataset
2024-05-18 09:17:14,845 - train: False
2024-05-18 09:17:14,845 - tune: True
2024-05-18 09:17:14,845 - ood: True
2024-05-18 09:17:14,845 - save_model: False
2024-05-18 09:17:14,845 - save_results: True
2024-05-18 09:17:14,845 - log_path: logs
2024-05-18 09:17:14,845 - cache_path: cache
2024-05-18 09:17:14,845 - video_data_path: video_data
2024-05-18 09:17:14,845 - audio_data_path: audio_data
2024-05-18 09:17:14,845 - video_feats_path: swin_feats.pkl
2024-05-18 09:17:14,845 - ood_video_feats_path: swin_feats.pkl
2024-05-18 09:17:14,845 - ood_audio_feats_path: wavlm_feats.pkl
2024-05-18 09:17:14,845 - audio_feats_path: wavlm_feats.pkl
2024-05-18 09:17:14,845 - results_path: results
2024-05-18 09:17:14,845 - output_path: /home/sharing/disk2/sjh/Outputs/OOD_MIntRec/dir_ablation/no_binary_msz
2024-05-18 09:17:14,845 - model_path: models
2024-05-18 09:17:14,845 - config_file_name: msz_MIntRec
2024-05-18 09:17:14,845 - results_file_name: results_msz_ablation_MIntRec.csv
2024-05-18 09:17:14,845 - text_pretrained_model: /home/sharing/disk1/pretrained_embedding/bert/uncased_L-12_H-768_A-12/
2024-05-18 09:17:14,845 - text_seq_len: 30
2024-05-18 09:17:14,845 - video_seq_len: 230
2024-05-18 09:17:14,845 - audio_seq_len: 480
2024-05-18 09:17:14,845 - text_feat_dim: 768
2024-05-18 09:17:14,845 - video_feat_dim: 1024
2024-05-18 09:17:14,845 - audio_feat_dim: 768
2024-05-18 09:17:14,845 - ood_label_id: 20
2024-05-18 09:17:14,845 - num_labels: 20
2024-05-18 09:17:14,845 - num_train_examples: 1334
2024-05-18 09:17:14,845 - need_aligned: True
2024-05-18 09:17:14,845 - freeze_parameters: False
2024-05-18 09:17:14,845 - eval_monitor: acc
2024-05-18 09:17:14,846 - train_batch_size: 32
2024-05-18 09:17:14,846 - eval_batch_size: 16
2024-05-18 09:17:14,846 - num_train_epochs: 100
2024-05-18 09:17:14,846 - lr: [2e-05]
2024-05-18 09:17:14,846 - weight_decay: [0.1]
2024-05-18 09:17:14,846 - wait_patience: 5
2024-05-18 09:17:14,846 - warmup_proportion: [0.1]
2024-05-18 09:17:14,846 - hidden_dims: [768]
2024-05-18 09:17:14,846 - num_attention_heads: [4]
2024-05-18 09:17:14,846 - attention_probs_dropout_prob: [0.3]
2024-05-18 09:17:14,846 - hidden_dropout_prob: [0.1]
2024-05-18 09:17:14,846 - intermediate_size: [768]
2024-05-18 09:17:14,846 - num_hidden_layers: [4]
2024-05-18 09:17:14,846 - max_position_embeddings: [900]
2024-05-18 09:17:14,846 - position_embedding_type: absolute
2024-05-18 09:17:14,846 - batch_first: True
2024-05-18 09:17:14,846 - aligned_method: ['ctc']
2024-05-18 09:17:14,846 - sampler: ['dir']
2024-05-18 09:17:14,846 - multiple_ood: [1]
2024-05-18 09:17:14,846 - select_number_min: [2]
2024-05-18 09:17:14,846 - select_number_max: [3]
2024-05-18 09:17:14,846 - alpha: [4]
2024-05-18 09:17:14,846 - mlp_hidden_size: [256]
2024-05-18 09:17:14,846 - mlp_dropout: [0.3]
2024-05-18 09:17:14,846 - scale: [16]
2024-05-18 09:17:14,846 - ablation: ['no_binary']
2024-05-18 09:17:14,846 - pred_output_path: /home/sharing/disk2/sjh/Outputs/OOD_MIntRec/dir_ablation/no_binary_msz/msz_MIntRec_bert-base-uncased_multi-class_2
2024-05-18 09:17:14,846 - model_output_path: /home/sharing/disk2/sjh/Outputs/OOD_MIntRec/dir_ablation/no_binary_msz/msz_MIntRec_bert-base-uncased_multi-class_2/models
2024-05-18 09:17:14,846 - pretrained_save_model: /home/sharing/disk2/sjh/Outputs/OOD_MIntRec/dir_ablation/no_binary_msz/binary_msz_MIntRec_bert-base-uncased_2
2024-05-18 09:17:14,846 - device: cuda
2024-05-18 09:17:14,846 - ============================== End Params ==============================
2024-05-18 09:17:16,750 - Multimodal Intent Recognition begins...
2024-05-18 09:17:16,751 - Testing begins...
2024-05-18 09:17:24,230 - ***** Out-of-domain Evaluation results *****
2024-05-18 09:17:24,230 -   aupr_in = 0.763
2024-05-18 09:17:24,230 -   aupr_out = 0.7166
2024-05-18 09:17:24,230 -   auroc = 0.7498
2024-05-18 09:17:24,230 -   der = 0.4414
2024-05-18 09:17:24,230 -   eer = 0.3222
2024-05-18 09:17:24,230 -   fpr95 = 0.8378
2024-05-18 09:17:24,230 - Testing is finished...
2024-05-18 09:17:24,230 - Multimodal intent recognition is finished...
2024-05-18 09:17:24,230 - Results are saved in results/results_msz_ablation_MIntRec.csv
2024-05-18 09:17:24,302 - ============================== Params ==============================
2024-05-18 09:17:24,302 - logger_name: msz_msp_MIntRec_multi-class_0
2024-05-18 09:17:24,302 - dataset: MIntRec
2024-05-18 09:17:24,302 - ood_dataset: MIntRec-OOD
2024-05-18 09:17:24,302 - data_mode: multi-class
2024-05-18 09:17:24,302 - multimodal_method: msz
2024-05-18 09:17:24,302 - method: msz
2024-05-18 09:17:24,302 - ood_detection_method: msp
2024-05-18 09:17:24,302 - text_backbone: bert-base-uncased
2024-05-18 09:17:24,302 - seed: 3
2024-05-18 09:17:24,302 - num_workers: 8
2024-05-18 09:17:24,302 - log_id: msz_msp_MIntRec_multi-class_0_2024-05-18-09-16-45
2024-05-18 09:17:24,302 - gpu_id: 2
2024-05-18 09:17:24,302 - data_path: /home/sharing/disk2/sjh/intentDataset
2024-05-18 09:17:24,302 - train: False
2024-05-18 09:17:24,302 - tune: True
2024-05-18 09:17:24,302 - ood: True
2024-05-18 09:17:24,302 - save_model: False
2024-05-18 09:17:24,302 - save_results: True
2024-05-18 09:17:24,302 - log_path: logs
2024-05-18 09:17:24,302 - cache_path: cache
2024-05-18 09:17:24,302 - video_data_path: video_data
2024-05-18 09:17:24,302 - audio_data_path: audio_data
2024-05-18 09:17:24,302 - video_feats_path: swin_feats.pkl
2024-05-18 09:17:24,302 - ood_video_feats_path: swin_feats.pkl
2024-05-18 09:17:24,302 - ood_audio_feats_path: wavlm_feats.pkl
2024-05-18 09:17:24,302 - audio_feats_path: wavlm_feats.pkl
2024-05-18 09:17:24,303 - results_path: results
2024-05-18 09:17:24,303 - output_path: /home/sharing/disk2/sjh/Outputs/OOD_MIntRec/dir_ablation/no_binary_msz
2024-05-18 09:17:24,303 - model_path: models
2024-05-18 09:17:24,303 - config_file_name: msz_MIntRec
2024-05-18 09:17:24,303 - results_file_name: results_msz_ablation_MIntRec.csv
2024-05-18 09:17:24,303 - text_pretrained_model: /home/sharing/disk1/pretrained_embedding/bert/uncased_L-12_H-768_A-12/
2024-05-18 09:17:24,303 - text_seq_len: 30
2024-05-18 09:17:24,303 - video_seq_len: 230
2024-05-18 09:17:24,303 - audio_seq_len: 480
2024-05-18 09:17:24,303 - text_feat_dim: 768
2024-05-18 09:17:24,303 - video_feat_dim: 1024
2024-05-18 09:17:24,303 - audio_feat_dim: 768
2024-05-18 09:17:24,303 - ood_label_id: 20
2024-05-18 09:17:24,303 - num_labels: 20
2024-05-18 09:17:24,303 - num_train_examples: 1334
2024-05-18 09:17:24,303 - need_aligned: True
2024-05-18 09:17:24,303 - freeze_parameters: False
2024-05-18 09:17:24,303 - eval_monitor: acc
2024-05-18 09:17:24,303 - train_batch_size: 32
2024-05-18 09:17:24,303 - eval_batch_size: 16
2024-05-18 09:17:24,303 - num_train_epochs: 100
2024-05-18 09:17:24,303 - lr: [2e-05]
2024-05-18 09:17:24,303 - weight_decay: [0.1]
2024-05-18 09:17:24,303 - wait_patience: 5
2024-05-18 09:17:24,303 - warmup_proportion: [0.1]
2024-05-18 09:17:24,303 - hidden_dims: [768]
2024-05-18 09:17:24,303 - num_attention_heads: [4]
2024-05-18 09:17:24,303 - attention_probs_dropout_prob: [0.3]
2024-05-18 09:17:24,303 - hidden_dropout_prob: [0.1]
2024-05-18 09:17:24,303 - intermediate_size: [768]
2024-05-18 09:17:24,303 - num_hidden_layers: [4]
2024-05-18 09:17:24,303 - max_position_embeddings: [900]
2024-05-18 09:17:24,303 - position_embedding_type: absolute
2024-05-18 09:17:24,303 - batch_first: True
2024-05-18 09:17:24,303 - aligned_method: ['ctc']
2024-05-18 09:17:24,303 - sampler: ['dir']
2024-05-18 09:17:24,303 - multiple_ood: [1]
2024-05-18 09:17:24,303 - select_number_min: [2]
2024-05-18 09:17:24,304 - select_number_max: [3]
2024-05-18 09:17:24,304 - alpha: [4]
2024-05-18 09:17:24,304 - mlp_hidden_size: [256]
2024-05-18 09:17:24,304 - mlp_dropout: [0.3]
2024-05-18 09:17:24,304 - scale: [16]
2024-05-18 09:17:24,304 - ablation: ['no_binary']
2024-05-18 09:17:24,304 - pred_output_path: /home/sharing/disk2/sjh/Outputs/OOD_MIntRec/dir_ablation/no_binary_msz/msz_MIntRec_bert-base-uncased_multi-class_3
2024-05-18 09:17:24,304 - model_output_path: /home/sharing/disk2/sjh/Outputs/OOD_MIntRec/dir_ablation/no_binary_msz/msz_MIntRec_bert-base-uncased_multi-class_3/models
2024-05-18 09:17:24,304 - pretrained_save_model: /home/sharing/disk2/sjh/Outputs/OOD_MIntRec/dir_ablation/no_binary_msz/binary_msz_MIntRec_bert-base-uncased_3
2024-05-18 09:17:24,304 - device: cuda
2024-05-18 09:17:24,304 - ============================== End Params ==============================
2024-05-18 09:17:26,225 - Multimodal Intent Recognition begins...
2024-05-18 09:17:26,226 - Testing begins...
2024-05-18 09:17:33,989 - ***** Out-of-domain Evaluation results *****
2024-05-18 09:17:33,989 -   aupr_in = 0.7586
2024-05-18 09:17:33,989 -   aupr_out = 0.7378
2024-05-18 09:17:33,990 -   auroc = 0.7591
2024-05-18 09:17:33,990 -   der = 0.4115
2024-05-18 09:17:33,990 -   eer = 0.3111
2024-05-18 09:17:33,990 -   fpr95 = 0.78
2024-05-18 09:17:33,990 - Testing is finished...
2024-05-18 09:17:33,990 - Multimodal intent recognition is finished...
2024-05-18 09:17:33,990 - Results are saved in results/results_msz_ablation_MIntRec.csv
2024-05-18 09:17:34,082 - ============================== Params ==============================
2024-05-18 09:17:34,083 - logger_name: msz_msp_MIntRec_multi-class_0
2024-05-18 09:17:34,083 - dataset: MIntRec
2024-05-18 09:17:34,083 - ood_dataset: MIntRec-OOD
2024-05-18 09:17:34,083 - data_mode: multi-class
2024-05-18 09:17:34,083 - multimodal_method: msz
2024-05-18 09:17:34,083 - method: msz
2024-05-18 09:17:34,083 - ood_detection_method: msp
2024-05-18 09:17:34,083 - text_backbone: bert-base-uncased
2024-05-18 09:17:34,083 - seed: 4
2024-05-18 09:17:34,083 - num_workers: 8
2024-05-18 09:17:34,083 - log_id: msz_msp_MIntRec_multi-class_0_2024-05-18-09-16-45
2024-05-18 09:17:34,083 - gpu_id: 2
2024-05-18 09:17:34,083 - data_path: /home/sharing/disk2/sjh/intentDataset
2024-05-18 09:17:34,083 - train: False
2024-05-18 09:17:34,083 - tune: True
2024-05-18 09:17:34,083 - ood: True
2024-05-18 09:17:34,083 - save_model: False
2024-05-18 09:17:34,083 - save_results: True
2024-05-18 09:17:34,083 - log_path: logs
2024-05-18 09:17:34,083 - cache_path: cache
2024-05-18 09:17:34,083 - video_data_path: video_data
2024-05-18 09:17:34,083 - audio_data_path: audio_data
2024-05-18 09:17:34,083 - video_feats_path: swin_feats.pkl
2024-05-18 09:17:34,083 - ood_video_feats_path: swin_feats.pkl
2024-05-18 09:17:34,083 - ood_audio_feats_path: wavlm_feats.pkl
2024-05-18 09:17:34,083 - audio_feats_path: wavlm_feats.pkl
2024-05-18 09:17:34,083 - results_path: results
2024-05-18 09:17:34,083 - output_path: /home/sharing/disk2/sjh/Outputs/OOD_MIntRec/dir_ablation/no_binary_msz
2024-05-18 09:17:34,083 - model_path: models
2024-05-18 09:17:34,083 - config_file_name: msz_MIntRec
2024-05-18 09:17:34,083 - results_file_name: results_msz_ablation_MIntRec.csv
2024-05-18 09:17:34,083 - text_pretrained_model: /home/sharing/disk1/pretrained_embedding/bert/uncased_L-12_H-768_A-12/
2024-05-18 09:17:34,083 - text_seq_len: 30
2024-05-18 09:17:34,083 - video_seq_len: 230
2024-05-18 09:17:34,083 - audio_seq_len: 480
2024-05-18 09:17:34,083 - text_feat_dim: 768
2024-05-18 09:17:34,083 - video_feat_dim: 1024
2024-05-18 09:17:34,084 - audio_feat_dim: 768
2024-05-18 09:17:34,084 - ood_label_id: 20
2024-05-18 09:17:34,084 - num_labels: 20
2024-05-18 09:17:34,084 - num_train_examples: 1334
2024-05-18 09:17:34,084 - need_aligned: True
2024-05-18 09:17:34,084 - freeze_parameters: False
2024-05-18 09:17:34,084 - eval_monitor: acc
2024-05-18 09:17:34,084 - train_batch_size: 32
2024-05-18 09:17:34,084 - eval_batch_size: 16
2024-05-18 09:17:34,084 - num_train_epochs: 100
2024-05-18 09:17:34,084 - lr: [2e-05]
2024-05-18 09:17:34,084 - weight_decay: [0.1]
2024-05-18 09:17:34,084 - wait_patience: 5
2024-05-18 09:17:34,084 - warmup_proportion: [0.1]
2024-05-18 09:17:34,084 - hidden_dims: [768]
2024-05-18 09:17:34,084 - num_attention_heads: [4]
2024-05-18 09:17:34,084 - attention_probs_dropout_prob: [0.3]
2024-05-18 09:17:34,084 - hidden_dropout_prob: [0.1]
2024-05-18 09:17:34,084 - intermediate_size: [768]
2024-05-18 09:17:34,084 - num_hidden_layers: [4]
2024-05-18 09:17:34,084 - max_position_embeddings: [900]
2024-05-18 09:17:34,084 - position_embedding_type: absolute
2024-05-18 09:17:34,084 - batch_first: True
2024-05-18 09:17:34,084 - aligned_method: ['ctc']
2024-05-18 09:17:34,084 - sampler: ['dir']
2024-05-18 09:17:34,084 - multiple_ood: [1]
2024-05-18 09:17:34,084 - select_number_min: [2]
2024-05-18 09:17:34,084 - select_number_max: [3]
2024-05-18 09:17:34,084 - alpha: [4]
2024-05-18 09:17:34,084 - mlp_hidden_size: [256]
2024-05-18 09:17:34,084 - mlp_dropout: [0.3]
2024-05-18 09:17:34,084 - scale: [16]
2024-05-18 09:17:34,084 - ablation: ['no_binary']
2024-05-18 09:17:34,084 - pred_output_path: /home/sharing/disk2/sjh/Outputs/OOD_MIntRec/dir_ablation/no_binary_msz/msz_MIntRec_bert-base-uncased_multi-class_4
2024-05-18 09:17:34,084 - model_output_path: /home/sharing/disk2/sjh/Outputs/OOD_MIntRec/dir_ablation/no_binary_msz/msz_MIntRec_bert-base-uncased_multi-class_4/models
2024-05-18 09:17:34,084 - pretrained_save_model: /home/sharing/disk2/sjh/Outputs/OOD_MIntRec/dir_ablation/no_binary_msz/binary_msz_MIntRec_bert-base-uncased_4
2024-05-18 09:17:34,084 - device: cuda
2024-05-18 09:17:34,084 - ============================== End Params ==============================
2024-05-18 09:17:35,856 - Multimodal Intent Recognition begins...
2024-05-18 09:17:35,856 - Testing begins...
2024-05-18 09:17:43,153 - ***** Out-of-domain Evaluation results *****
2024-05-18 09:17:43,153 -   aupr_in = 0.7529
2024-05-18 09:17:43,153 -   aupr_out = 0.7328
2024-05-18 09:17:43,153 -   auroc = 0.7519
2024-05-18 09:17:43,153 -   der = 0.4302
2024-05-18 09:17:43,153 -   eer = 0.32
2024-05-18 09:17:43,153 -   fpr95 = 0.8178
2024-05-18 09:17:43,153 - Testing is finished...
2024-05-18 09:17:43,153 - Multimodal intent recognition is finished...
2024-05-18 09:17:43,153 - Results are saved in results/results_msz_ablation_MIntRec.csv
