2024-05-18 05:51:51,928 - Lists of intent labels are: ['Acknowledge', 'Advise', 'Agree', 'Apologise', 'Arrange', 'Ask for help', 'Asking for opinions', 'Care', 'Comfort', 'Complain', 'Confirm', 'Criticize', 'Doubt', 'Emphasize', 'Explain', 'Flaunt', 'Greet', 'Inform', 'Introduce', 'Invite', 'Joke', 'Leave', 'Oppose', 'Plan', 'Praise', 'Prevent', 'Refuse', 'Taunt', 'Thank', 'Warn']
2024-05-18 05:51:51,928 - ID Data preparation...
2024-05-18 05:52:10,747 - OOD Data preparation...
2024-05-18 05:52:14,128 - ============================== Params ==============================
2024-05-18 05:52:14,128 - logger_name: msz_maxlogit_MIntRec2_multi-class_0
2024-05-18 05:52:14,128 - dataset: MIntRec2
2024-05-18 05:52:14,128 - ood_dataset: MIntRec2-OOD
2024-05-18 05:52:14,128 - data_mode: multi-class
2024-05-18 05:52:14,128 - multimodal_method: msz
2024-05-18 05:52:14,128 - method: msz
2024-05-18 05:52:14,128 - ood_detection_method: maxlogit
2024-05-18 05:52:14,128 - text_backbone: bert-base-uncased
2024-05-18 05:52:14,128 - seed: 0
2024-05-18 05:52:14,128 - num_workers: 8
2024-05-18 05:52:14,128 - log_id: msz_maxlogit_MIntRec2_multi-class_0_2024-05-18-05-51-51
2024-05-18 05:52:14,128 - gpu_id: 3
2024-05-18 05:52:14,128 - data_path: /home/sharing/disk2/sjh/intentDataset
2024-05-18 05:52:14,128 - train: False
2024-05-18 05:52:14,128 - tune: True
2024-05-18 05:52:14,128 - ood: True
2024-05-18 05:52:14,128 - save_model: False
2024-05-18 05:52:14,128 - save_results: True
2024-05-18 05:52:14,128 - log_path: logs
2024-05-18 05:52:14,128 - cache_path: cache
2024-05-18 05:52:14,128 - video_data_path: video_data
2024-05-18 05:52:14,128 - audio_data_path: audio_data
2024-05-18 05:52:14,128 - video_feats_path: swin_feats.pkl
2024-05-18 05:52:14,128 - ood_video_feats_path: swin_feats.pkl
2024-05-18 05:52:14,128 - ood_audio_feats_path: wavlm_feats.pkl
2024-05-18 05:52:14,128 - audio_feats_path: wavlm_feats.pkl
2024-05-18 05:52:14,128 - results_path: results
2024-05-18 05:52:14,128 - output_path: /home/sharing/disk2/sjh/Outputs/OOD_MIntRec2/ablation/no_CosClass_msz
2024-05-18 05:52:14,128 - model_path: models
2024-05-18 05:52:14,128 - config_file_name: msz_MIntRec2
2024-05-18 05:52:14,128 - results_file_name: results_msz_ablation_MIntRec2.csv
2024-05-18 05:52:14,129 - text_pretrained_model: /home/sharing/disk1/pretrained_embedding/bert/uncased_L-12_H-768_A-12/
2024-05-18 05:52:14,129 - text_seq_len: 50
2024-05-18 05:52:14,129 - video_seq_len: 180
2024-05-18 05:52:14,129 - audio_seq_len: 400
2024-05-18 05:52:14,129 - text_feat_dim: 768
2024-05-18 05:52:14,129 - video_feat_dim: 256
2024-05-18 05:52:14,129 - audio_feat_dim: 768
2024-05-18 05:52:14,129 - ood_label_id: 30
2024-05-18 05:52:14,129 - num_labels: 30
2024-05-18 05:52:14,129 - num_train_examples: 6165
2024-05-18 05:52:14,129 - need_aligned: True
2024-05-18 05:52:14,129 - freeze_parameters: False
2024-05-18 05:52:14,129 - eval_monitor: acc
2024-05-18 05:52:14,129 - train_batch_size: 32
2024-05-18 05:52:14,129 - eval_batch_size: 16
2024-05-18 05:52:14,129 - num_train_epochs: 100
2024-05-18 05:52:14,129 - lr: [1e-05]
2024-05-18 05:52:14,129 - weight_decay: [0.1]
2024-05-18 05:52:14,129 - wait_patience: 3
2024-05-18 05:52:14,129 - warmup_proportion: [0.01]
2024-05-18 05:52:14,129 - hidden_dims: [768]
2024-05-18 05:52:14,129 - num_attention_heads: [6]
2024-05-18 05:52:14,129 - attention_probs_dropout_prob: [0.3]
2024-05-18 05:52:14,129 - hidden_dropout_prob: [0.3]
2024-05-18 05:52:14,129 - intermediate_size: [768]
2024-05-18 05:52:14,129 - num_hidden_layers: [6]
2024-05-18 05:52:14,129 - max_position_embeddings: [768]
2024-05-18 05:52:14,129 - position_embedding_type: absolute
2024-05-18 05:52:14,129 - batch_first: True
2024-05-18 05:52:14,129 - aligned_method: ['ctc']
2024-05-18 05:52:14,129 - sampler: beta
2024-05-18 05:52:14,129 - multiple_ood: [1]
2024-05-18 05:52:14,129 - select_number_min: [2]
2024-05-18 05:52:14,129 - select_number_max: [3]
2024-05-18 05:52:14,129 - alpha: [2]
2024-05-18 05:52:14,129 - mlp_hidden_size: [256]
2024-05-18 05:52:14,129 - mlp_dropout: [0.3]
2024-05-18 05:52:14,129 - scale: [8]
2024-05-18 05:52:14,129 - ablation: ['no_CosClass']
2024-05-18 05:52:14,129 - pred_output_path: /home/sharing/disk2/sjh/Outputs/OOD_MIntRec2/ablation/no_CosClass_msz/msz_MIntRec2_bert-base-uncased_multi-class_0
2024-05-18 05:52:14,129 - model_output_path: /home/sharing/disk2/sjh/Outputs/OOD_MIntRec2/ablation/no_CosClass_msz/msz_MIntRec2_bert-base-uncased_multi-class_0/models
2024-05-18 05:52:14,129 - pretrained_save_model: /home/sharing/disk2/sjh/Outputs/OOD_MIntRec2/ablation/no_CosClass_msz/binary_msz_MIntRec2_bert-base-uncased_0
2024-05-18 05:52:14,129 - ============================== End Params ==============================
2024-05-18 05:52:17,640 - Multimodal Intent Recognition begins...
2024-05-18 05:52:17,640 - Testing begins...
2024-05-18 05:52:42,786 - ***** Out-of-domain Evaluation results *****
2024-05-18 05:52:42,786 -   aupr_in = 0.6466
2024-05-18 05:52:42,786 -   aupr_out = 0.3784
2024-05-18 05:52:42,787 -   auroc = 0.5063
2024-05-18 05:52:42,787 -   der = 0.6124
2024-05-18 05:52:42,787 -   eer = 0.5088
2024-05-18 05:52:42,787 -   fpr95 = 0.944
2024-05-18 05:52:42,787 - Testing is finished...
2024-05-18 05:52:42,787 - Multimodal intent recognition is finished...
2024-05-18 05:52:42,787 - Results are saved in results/results_msz_ablation_MIntRec2.csv
2024-05-18 05:52:42,853 - ============================== Params ==============================
2024-05-18 05:52:42,853 - logger_name: msz_maxlogit_MIntRec2_multi-class_0
2024-05-18 05:52:42,854 - dataset: MIntRec2
2024-05-18 05:52:42,854 - ood_dataset: MIntRec2-OOD
2024-05-18 05:52:42,854 - data_mode: multi-class
2024-05-18 05:52:42,854 - multimodal_method: msz
2024-05-18 05:52:42,854 - method: msz
2024-05-18 05:52:42,854 - ood_detection_method: maxlogit
2024-05-18 05:52:42,854 - text_backbone: bert-base-uncased
2024-05-18 05:52:42,854 - seed: 1
2024-05-18 05:52:42,854 - num_workers: 8
2024-05-18 05:52:42,854 - log_id: msz_maxlogit_MIntRec2_multi-class_0_2024-05-18-05-51-51
2024-05-18 05:52:42,854 - gpu_id: 3
2024-05-18 05:52:42,854 - data_path: /home/sharing/disk2/sjh/intentDataset
2024-05-18 05:52:42,854 - train: False
2024-05-18 05:52:42,854 - tune: True
2024-05-18 05:52:42,854 - ood: True
2024-05-18 05:52:42,854 - save_model: False
2024-05-18 05:52:42,854 - save_results: True
2024-05-18 05:52:42,854 - log_path: logs
2024-05-18 05:52:42,854 - cache_path: cache
2024-05-18 05:52:42,854 - video_data_path: video_data
2024-05-18 05:52:42,854 - audio_data_path: audio_data
2024-05-18 05:52:42,854 - video_feats_path: swin_feats.pkl
2024-05-18 05:52:42,854 - ood_video_feats_path: swin_feats.pkl
2024-05-18 05:52:42,854 - ood_audio_feats_path: wavlm_feats.pkl
2024-05-18 05:52:42,854 - audio_feats_path: wavlm_feats.pkl
2024-05-18 05:52:42,854 - results_path: results
2024-05-18 05:52:42,854 - output_path: /home/sharing/disk2/sjh/Outputs/OOD_MIntRec2/ablation/no_CosClass_msz
2024-05-18 05:52:42,854 - model_path: models
2024-05-18 05:52:42,854 - config_file_name: msz_MIntRec2
2024-05-18 05:52:42,854 - results_file_name: results_msz_ablation_MIntRec2.csv
2024-05-18 05:52:42,854 - text_pretrained_model: /home/sharing/disk1/pretrained_embedding/bert/uncased_L-12_H-768_A-12/
2024-05-18 05:52:42,854 - text_seq_len: 50
2024-05-18 05:52:42,854 - video_seq_len: 180
2024-05-18 05:52:42,854 - audio_seq_len: 400
2024-05-18 05:52:42,854 - text_feat_dim: 768
2024-05-18 05:52:42,854 - video_feat_dim: 256
2024-05-18 05:52:42,854 - audio_feat_dim: 768
2024-05-18 05:52:42,854 - ood_label_id: 30
2024-05-18 05:52:42,854 - num_labels: 30
2024-05-18 05:52:42,854 - num_train_examples: 6165
2024-05-18 05:52:42,854 - need_aligned: True
2024-05-18 05:52:42,854 - freeze_parameters: False
2024-05-18 05:52:42,854 - eval_monitor: acc
2024-05-18 05:52:42,855 - train_batch_size: 32
2024-05-18 05:52:42,855 - eval_batch_size: 16
2024-05-18 05:52:42,855 - num_train_epochs: 100
2024-05-18 05:52:42,855 - lr: [1e-05]
2024-05-18 05:52:42,855 - weight_decay: [0.1]
2024-05-18 05:52:42,855 - wait_patience: 3
2024-05-18 05:52:42,855 - warmup_proportion: [0.01]
2024-05-18 05:52:42,855 - hidden_dims: [768]
2024-05-18 05:52:42,855 - num_attention_heads: [6]
2024-05-18 05:52:42,855 - attention_probs_dropout_prob: [0.3]
2024-05-18 05:52:42,855 - hidden_dropout_prob: [0.3]
2024-05-18 05:52:42,855 - intermediate_size: [768]
2024-05-18 05:52:42,855 - num_hidden_layers: [6]
2024-05-18 05:52:42,855 - max_position_embeddings: [768]
2024-05-18 05:52:42,855 - position_embedding_type: absolute
2024-05-18 05:52:42,855 - batch_first: True
2024-05-18 05:52:42,855 - aligned_method: ['ctc']
2024-05-18 05:52:42,855 - sampler: beta
2024-05-18 05:52:42,855 - multiple_ood: [1]
2024-05-18 05:52:42,855 - select_number_min: [2]
2024-05-18 05:52:42,855 - select_number_max: [3]
2024-05-18 05:52:42,855 - alpha: [2]
2024-05-18 05:52:42,855 - mlp_hidden_size: [256]
2024-05-18 05:52:42,855 - mlp_dropout: [0.3]
2024-05-18 05:52:42,855 - scale: [8]
2024-05-18 05:52:42,855 - ablation: ['no_CosClass']
2024-05-18 05:52:42,855 - pred_output_path: /home/sharing/disk2/sjh/Outputs/OOD_MIntRec2/ablation/no_CosClass_msz/msz_MIntRec2_bert-base-uncased_multi-class_1
2024-05-18 05:52:42,855 - model_output_path: /home/sharing/disk2/sjh/Outputs/OOD_MIntRec2/ablation/no_CosClass_msz/msz_MIntRec2_bert-base-uncased_multi-class_1/models
2024-05-18 05:52:42,855 - pretrained_save_model: /home/sharing/disk2/sjh/Outputs/OOD_MIntRec2/ablation/no_CosClass_msz/binary_msz_MIntRec2_bert-base-uncased_1
2024-05-18 05:52:42,855 - device: cuda
2024-05-18 05:52:42,855 - ============================== End Params ==============================
2024-05-18 05:52:44,903 - Multimodal Intent Recognition begins...
2024-05-18 05:52:44,903 - Testing begins...
2024-05-18 05:53:09,482 - ***** Out-of-domain Evaluation results *****
2024-05-18 05:53:09,483 -   aupr_in = 0.7763
2024-05-18 05:53:09,483 -   aupr_out = 0.5276
2024-05-18 05:53:09,483 -   auroc = 0.6729
2024-05-18 05:53:09,483 -   der = 0.5614
2024-05-18 05:53:09,483 -   eer = 0.3776
2024-05-18 05:53:09,483 -   fpr95 = 0.863
2024-05-18 05:53:09,483 - Testing is finished...
2024-05-18 05:53:09,483 - Multimodal intent recognition is finished...
2024-05-18 05:53:09,483 - Results are saved in results/results_msz_ablation_MIntRec2.csv
2024-05-18 05:53:09,547 - ============================== Params ==============================
2024-05-18 05:53:09,547 - logger_name: msz_maxlogit_MIntRec2_multi-class_0
2024-05-18 05:53:09,547 - dataset: MIntRec2
2024-05-18 05:53:09,547 - ood_dataset: MIntRec2-OOD
2024-05-18 05:53:09,547 - data_mode: multi-class
2024-05-18 05:53:09,547 - multimodal_method: msz
2024-05-18 05:53:09,547 - method: msz
2024-05-18 05:53:09,547 - ood_detection_method: maxlogit
2024-05-18 05:53:09,547 - text_backbone: bert-base-uncased
2024-05-18 05:53:09,547 - seed: 2
2024-05-18 05:53:09,547 - num_workers: 8
2024-05-18 05:53:09,547 - log_id: msz_maxlogit_MIntRec2_multi-class_0_2024-05-18-05-51-51
2024-05-18 05:53:09,547 - gpu_id: 3
2024-05-18 05:53:09,547 - data_path: /home/sharing/disk2/sjh/intentDataset
2024-05-18 05:53:09,547 - train: False
2024-05-18 05:53:09,547 - tune: True
2024-05-18 05:53:09,547 - ood: True
2024-05-18 05:53:09,547 - save_model: False
2024-05-18 05:53:09,547 - save_results: True
2024-05-18 05:53:09,547 - log_path: logs
2024-05-18 05:53:09,547 - cache_path: cache
2024-05-18 05:53:09,547 - video_data_path: video_data
2024-05-18 05:53:09,548 - audio_data_path: audio_data
2024-05-18 05:53:09,548 - video_feats_path: swin_feats.pkl
2024-05-18 05:53:09,548 - ood_video_feats_path: swin_feats.pkl
2024-05-18 05:53:09,548 - ood_audio_feats_path: wavlm_feats.pkl
2024-05-18 05:53:09,548 - audio_feats_path: wavlm_feats.pkl
2024-05-18 05:53:09,548 - results_path: results
2024-05-18 05:53:09,548 - output_path: /home/sharing/disk2/sjh/Outputs/OOD_MIntRec2/ablation/no_CosClass_msz
2024-05-18 05:53:09,548 - model_path: models
2024-05-18 05:53:09,548 - config_file_name: msz_MIntRec2
2024-05-18 05:53:09,548 - results_file_name: results_msz_ablation_MIntRec2.csv
2024-05-18 05:53:09,548 - text_pretrained_model: /home/sharing/disk1/pretrained_embedding/bert/uncased_L-12_H-768_A-12/
2024-05-18 05:53:09,548 - text_seq_len: 50
2024-05-18 05:53:09,548 - video_seq_len: 180
2024-05-18 05:53:09,548 - audio_seq_len: 400
2024-05-18 05:53:09,548 - text_feat_dim: 768
2024-05-18 05:53:09,548 - video_feat_dim: 256
2024-05-18 05:53:09,548 - audio_feat_dim: 768
2024-05-18 05:53:09,548 - ood_label_id: 30
2024-05-18 05:53:09,548 - num_labels: 30
2024-05-18 05:53:09,548 - num_train_examples: 6165
2024-05-18 05:53:09,548 - need_aligned: True
2024-05-18 05:53:09,548 - freeze_parameters: False
2024-05-18 05:53:09,548 - eval_monitor: acc
2024-05-18 05:53:09,548 - train_batch_size: 32
2024-05-18 05:53:09,548 - eval_batch_size: 16
2024-05-18 05:53:09,548 - num_train_epochs: 100
2024-05-18 05:53:09,548 - lr: [1e-05]
2024-05-18 05:53:09,548 - weight_decay: [0.1]
2024-05-18 05:53:09,548 - wait_patience: 3
2024-05-18 05:53:09,548 - warmup_proportion: [0.01]
2024-05-18 05:53:09,548 - hidden_dims: [768]
2024-05-18 05:53:09,548 - num_attention_heads: [6]
2024-05-18 05:53:09,548 - attention_probs_dropout_prob: [0.3]
2024-05-18 05:53:09,548 - hidden_dropout_prob: [0.3]
2024-05-18 05:53:09,548 - intermediate_size: [768]
2024-05-18 05:53:09,548 - num_hidden_layers: [6]
2024-05-18 05:53:09,548 - max_position_embeddings: [768]
2024-05-18 05:53:09,548 - position_embedding_type: absolute
2024-05-18 05:53:09,548 - batch_first: True
2024-05-18 05:53:09,548 - aligned_method: ['ctc']
2024-05-18 05:53:09,548 - sampler: beta
2024-05-18 05:53:09,548 - multiple_ood: [1]
2024-05-18 05:53:09,549 - select_number_min: [2]
2024-05-18 05:53:09,549 - select_number_max: [3]
2024-05-18 05:53:09,549 - alpha: [2]
2024-05-18 05:53:09,549 - mlp_hidden_size: [256]
2024-05-18 05:53:09,549 - mlp_dropout: [0.3]
2024-05-18 05:53:09,549 - scale: [8]
2024-05-18 05:53:09,549 - ablation: ['no_CosClass']
2024-05-18 05:53:09,549 - pred_output_path: /home/sharing/disk2/sjh/Outputs/OOD_MIntRec2/ablation/no_CosClass_msz/msz_MIntRec2_bert-base-uncased_multi-class_2
2024-05-18 05:53:09,549 - model_output_path: /home/sharing/disk2/sjh/Outputs/OOD_MIntRec2/ablation/no_CosClass_msz/msz_MIntRec2_bert-base-uncased_multi-class_2/models
2024-05-18 05:53:09,549 - pretrained_save_model: /home/sharing/disk2/sjh/Outputs/OOD_MIntRec2/ablation/no_CosClass_msz/binary_msz_MIntRec2_bert-base-uncased_2
2024-05-18 05:53:09,549 - device: cuda
2024-05-18 05:53:09,549 - ============================== End Params ==============================
2024-05-18 05:53:11,594 - Multimodal Intent Recognition begins...
2024-05-18 05:53:11,594 - Testing begins...
2024-05-18 05:53:36,166 - ***** Out-of-domain Evaluation results *****
2024-05-18 05:53:36,166 -   aupr_in = 0.7786
2024-05-18 05:53:36,166 -   aupr_out = 0.5331
2024-05-18 05:53:36,166 -   auroc = 0.6754
2024-05-18 05:53:36,166 -   der = 0.5579
2024-05-18 05:53:36,166 -   eer = 0.3743
2024-05-18 05:53:36,166 -   fpr95 = 0.8571
2024-05-18 05:53:36,166 - Testing is finished...
2024-05-18 05:53:36,166 - Multimodal intent recognition is finished...
2024-05-18 05:53:36,167 - Results are saved in results/results_msz_ablation_MIntRec2.csv
2024-05-18 05:53:36,230 - ============================== Params ==============================
2024-05-18 05:53:36,230 - logger_name: msz_maxlogit_MIntRec2_multi-class_0
2024-05-18 05:53:36,230 - dataset: MIntRec2
2024-05-18 05:53:36,230 - ood_dataset: MIntRec2-OOD
2024-05-18 05:53:36,230 - data_mode: multi-class
2024-05-18 05:53:36,230 - multimodal_method: msz
2024-05-18 05:53:36,230 - method: msz
2024-05-18 05:53:36,230 - ood_detection_method: maxlogit
2024-05-18 05:53:36,230 - text_backbone: bert-base-uncased
2024-05-18 05:53:36,230 - seed: 3
2024-05-18 05:53:36,230 - num_workers: 8
2024-05-18 05:53:36,230 - log_id: msz_maxlogit_MIntRec2_multi-class_0_2024-05-18-05-51-51
2024-05-18 05:53:36,230 - gpu_id: 3
2024-05-18 05:53:36,230 - data_path: /home/sharing/disk2/sjh/intentDataset
2024-05-18 05:53:36,230 - train: False
2024-05-18 05:53:36,230 - tune: True
2024-05-18 05:53:36,230 - ood: True
2024-05-18 05:53:36,230 - save_model: False
2024-05-18 05:53:36,230 - save_results: True
2024-05-18 05:53:36,230 - log_path: logs
2024-05-18 05:53:36,230 - cache_path: cache
2024-05-18 05:53:36,230 - video_data_path: video_data
2024-05-18 05:53:36,230 - audio_data_path: audio_data
2024-05-18 05:53:36,230 - video_feats_path: swin_feats.pkl
2024-05-18 05:53:36,230 - ood_video_feats_path: swin_feats.pkl
2024-05-18 05:53:36,230 - ood_audio_feats_path: wavlm_feats.pkl
2024-05-18 05:53:36,230 - audio_feats_path: wavlm_feats.pkl
2024-05-18 05:53:36,230 - results_path: results
2024-05-18 05:53:36,230 - output_path: /home/sharing/disk2/sjh/Outputs/OOD_MIntRec2/ablation/no_CosClass_msz
2024-05-18 05:53:36,230 - model_path: models
2024-05-18 05:53:36,230 - config_file_name: msz_MIntRec2
2024-05-18 05:53:36,230 - results_file_name: results_msz_ablation_MIntRec2.csv
2024-05-18 05:53:36,230 - text_pretrained_model: /home/sharing/disk1/pretrained_embedding/bert/uncased_L-12_H-768_A-12/
2024-05-18 05:53:36,231 - text_seq_len: 50
2024-05-18 05:53:36,231 - video_seq_len: 180
2024-05-18 05:53:36,231 - audio_seq_len: 400
2024-05-18 05:53:36,231 - text_feat_dim: 768
2024-05-18 05:53:36,231 - video_feat_dim: 256
2024-05-18 05:53:36,231 - audio_feat_dim: 768
2024-05-18 05:53:36,231 - ood_label_id: 30
2024-05-18 05:53:36,231 - num_labels: 30
2024-05-18 05:53:36,231 - num_train_examples: 6165
2024-05-18 05:53:36,231 - need_aligned: True
2024-05-18 05:53:36,231 - freeze_parameters: False
2024-05-18 05:53:36,231 - eval_monitor: acc
2024-05-18 05:53:36,231 - train_batch_size: 32
2024-05-18 05:53:36,231 - eval_batch_size: 16
2024-05-18 05:53:36,231 - num_train_epochs: 100
2024-05-18 05:53:36,231 - lr: [1e-05]
2024-05-18 05:53:36,231 - weight_decay: [0.1]
2024-05-18 05:53:36,231 - wait_patience: 3
2024-05-18 05:53:36,231 - warmup_proportion: [0.01]
2024-05-18 05:53:36,231 - hidden_dims: [768]
2024-05-18 05:53:36,231 - num_attention_heads: [6]
2024-05-18 05:53:36,231 - attention_probs_dropout_prob: [0.3]
2024-05-18 05:53:36,231 - hidden_dropout_prob: [0.3]
2024-05-18 05:53:36,231 - intermediate_size: [768]
2024-05-18 05:53:36,231 - num_hidden_layers: [6]
2024-05-18 05:53:36,231 - max_position_embeddings: [768]
2024-05-18 05:53:36,231 - position_embedding_type: absolute
2024-05-18 05:53:36,231 - batch_first: True
2024-05-18 05:53:36,231 - aligned_method: ['ctc']
2024-05-18 05:53:36,231 - sampler: beta
2024-05-18 05:53:36,231 - multiple_ood: [1]
2024-05-18 05:53:36,231 - select_number_min: [2]
2024-05-18 05:53:36,231 - select_number_max: [3]
2024-05-18 05:53:36,231 - alpha: [2]
2024-05-18 05:53:36,231 - mlp_hidden_size: [256]
2024-05-18 05:53:36,231 - mlp_dropout: [0.3]
2024-05-18 05:53:36,231 - scale: [8]
2024-05-18 05:53:36,231 - ablation: ['no_CosClass']
2024-05-18 05:53:36,231 - pred_output_path: /home/sharing/disk2/sjh/Outputs/OOD_MIntRec2/ablation/no_CosClass_msz/msz_MIntRec2_bert-base-uncased_multi-class_3
2024-05-18 05:53:36,231 - model_output_path: /home/sharing/disk2/sjh/Outputs/OOD_MIntRec2/ablation/no_CosClass_msz/msz_MIntRec2_bert-base-uncased_multi-class_3/models
2024-05-18 05:53:36,231 - pretrained_save_model: /home/sharing/disk2/sjh/Outputs/OOD_MIntRec2/ablation/no_CosClass_msz/binary_msz_MIntRec2_bert-base-uncased_3
2024-05-18 05:53:36,232 - device: cuda
2024-05-18 05:53:36,232 - ============================== End Params ==============================
2024-05-18 05:53:38,234 - Multimodal Intent Recognition begins...
2024-05-18 05:53:38,234 - Testing begins...
2024-05-18 05:54:02,690 - ***** Out-of-domain Evaluation results *****
2024-05-18 05:54:02,691 -   aupr_in = 0.7947
2024-05-18 05:54:02,691 -   aupr_out = 0.5366
2024-05-18 05:54:02,691 -   auroc = 0.6982
2024-05-18 05:54:02,691 -   der = 0.5651
2024-05-18 05:54:02,691 -   eer = 0.3534
2024-05-18 05:54:02,691 -   fpr95 = 0.8688
2024-05-18 05:54:02,691 - Testing is finished...
2024-05-18 05:54:02,691 - Multimodal intent recognition is finished...
2024-05-18 05:54:02,691 - Results are saved in results/results_msz_ablation_MIntRec2.csv
2024-05-18 05:54:02,755 - ============================== Params ==============================
2024-05-18 05:54:02,756 - logger_name: msz_maxlogit_MIntRec2_multi-class_0
2024-05-18 05:54:02,756 - dataset: MIntRec2
2024-05-18 05:54:02,756 - ood_dataset: MIntRec2-OOD
2024-05-18 05:54:02,756 - data_mode: multi-class
2024-05-18 05:54:02,756 - multimodal_method: msz
2024-05-18 05:54:02,756 - method: msz
2024-05-18 05:54:02,756 - ood_detection_method: maxlogit
2024-05-18 05:54:02,756 - text_backbone: bert-base-uncased
2024-05-18 05:54:02,756 - seed: 4
2024-05-18 05:54:02,756 - num_workers: 8
2024-05-18 05:54:02,756 - log_id: msz_maxlogit_MIntRec2_multi-class_0_2024-05-18-05-51-51
2024-05-18 05:54:02,756 - gpu_id: 3
2024-05-18 05:54:02,756 - data_path: /home/sharing/disk2/sjh/intentDataset
2024-05-18 05:54:02,756 - train: False
2024-05-18 05:54:02,756 - tune: True
2024-05-18 05:54:02,756 - ood: True
2024-05-18 05:54:02,756 - save_model: False
2024-05-18 05:54:02,756 - save_results: True
2024-05-18 05:54:02,756 - log_path: logs
2024-05-18 05:54:02,756 - cache_path: cache
2024-05-18 05:54:02,756 - video_data_path: video_data
2024-05-18 05:54:02,756 - audio_data_path: audio_data
2024-05-18 05:54:02,756 - video_feats_path: swin_feats.pkl
2024-05-18 05:54:02,756 - ood_video_feats_path: swin_feats.pkl
2024-05-18 05:54:02,756 - ood_audio_feats_path: wavlm_feats.pkl
2024-05-18 05:54:02,756 - audio_feats_path: wavlm_feats.pkl
2024-05-18 05:54:02,756 - results_path: results
2024-05-18 05:54:02,756 - output_path: /home/sharing/disk2/sjh/Outputs/OOD_MIntRec2/ablation/no_CosClass_msz
2024-05-18 05:54:02,756 - model_path: models
2024-05-18 05:54:02,756 - config_file_name: msz_MIntRec2
2024-05-18 05:54:02,756 - results_file_name: results_msz_ablation_MIntRec2.csv
2024-05-18 05:54:02,756 - text_pretrained_model: /home/sharing/disk1/pretrained_embedding/bert/uncased_L-12_H-768_A-12/
2024-05-18 05:54:02,756 - text_seq_len: 50
2024-05-18 05:54:02,756 - video_seq_len: 180
2024-05-18 05:54:02,756 - audio_seq_len: 400
2024-05-18 05:54:02,756 - text_feat_dim: 768
2024-05-18 05:54:02,756 - video_feat_dim: 256
2024-05-18 05:54:02,756 - audio_feat_dim: 768
2024-05-18 05:54:02,756 - ood_label_id: 30
2024-05-18 05:54:02,756 - num_labels: 30
2024-05-18 05:54:02,756 - num_train_examples: 6165
2024-05-18 05:54:02,757 - need_aligned: True
2024-05-18 05:54:02,757 - freeze_parameters: False
2024-05-18 05:54:02,757 - eval_monitor: acc
2024-05-18 05:54:02,757 - train_batch_size: 32
2024-05-18 05:54:02,757 - eval_batch_size: 16
2024-05-18 05:54:02,757 - num_train_epochs: 100
2024-05-18 05:54:02,757 - lr: [1e-05]
2024-05-18 05:54:02,757 - weight_decay: [0.1]
2024-05-18 05:54:02,757 - wait_patience: 3
2024-05-18 05:54:02,757 - warmup_proportion: [0.01]
2024-05-18 05:54:02,757 - hidden_dims: [768]
2024-05-18 05:54:02,757 - num_attention_heads: [6]
2024-05-18 05:54:02,757 - attention_probs_dropout_prob: [0.3]
2024-05-18 05:54:02,757 - hidden_dropout_prob: [0.3]
2024-05-18 05:54:02,757 - intermediate_size: [768]
2024-05-18 05:54:02,757 - num_hidden_layers: [6]
2024-05-18 05:54:02,757 - max_position_embeddings: [768]
2024-05-18 05:54:02,757 - position_embedding_type: absolute
2024-05-18 05:54:02,757 - batch_first: True
2024-05-18 05:54:02,757 - aligned_method: ['ctc']
2024-05-18 05:54:02,757 - sampler: beta
2024-05-18 05:54:02,757 - multiple_ood: [1]
2024-05-18 05:54:02,757 - select_number_min: [2]
2024-05-18 05:54:02,757 - select_number_max: [3]
2024-05-18 05:54:02,757 - alpha: [2]
2024-05-18 05:54:02,757 - mlp_hidden_size: [256]
2024-05-18 05:54:02,757 - mlp_dropout: [0.3]
2024-05-18 05:54:02,757 - scale: [8]
2024-05-18 05:54:02,757 - ablation: ['no_CosClass']
2024-05-18 05:54:02,757 - pred_output_path: /home/sharing/disk2/sjh/Outputs/OOD_MIntRec2/ablation/no_CosClass_msz/msz_MIntRec2_bert-base-uncased_multi-class_4
2024-05-18 05:54:02,757 - model_output_path: /home/sharing/disk2/sjh/Outputs/OOD_MIntRec2/ablation/no_CosClass_msz/msz_MIntRec2_bert-base-uncased_multi-class_4/models
2024-05-18 05:54:02,757 - pretrained_save_model: /home/sharing/disk2/sjh/Outputs/OOD_MIntRec2/ablation/no_CosClass_msz/binary_msz_MIntRec2_bert-base-uncased_4
2024-05-18 05:54:02,757 - device: cuda
2024-05-18 05:54:02,757 - ============================== End Params ==============================
2024-05-18 05:54:04,742 - Multimodal Intent Recognition begins...
2024-05-18 05:54:04,742 - Testing begins...
2024-05-18 05:54:29,698 - ***** Out-of-domain Evaluation results *****
2024-05-18 05:54:29,698 -   aupr_in = 0.6669
2024-05-18 05:54:29,698 -   aupr_out = 0.4206
2024-05-18 05:54:29,698 -   auroc = 0.5541
2024-05-18 05:54:29,698 -   der = 0.5898
2024-05-18 05:54:29,698 -   eer = 0.4595
2024-05-18 05:54:29,698 -   fpr95 = 0.9081
2024-05-18 05:54:29,698 - Testing is finished...
2024-05-18 05:54:29,698 - Multimodal intent recognition is finished...
2024-05-18 05:54:29,699 - Results are saved in results/results_msz_ablation_MIntRec2.csv
