2024-05-04 13:09:42,656 - Lists of intent labels are: ['Complain', 'Praise', 'Apologise', 'Thank', 'Criticize', 'Agree', 'Taunt', 'Flaunt', 'Joke', 'Oppose', 'Comfort', 'Care', 'Inform', 'Advise', 'Arrange', 'Introduce', 'Leave', 'Prevent', 'Greet', 'Ask for help']
2024-05-04 13:09:42,656 - ID Data preparation...
2024-05-04 13:09:48,873 - OOD Data preparation...
2024-05-04 13:09:50,196 - ============================== Params ==============================
2024-05-04 13:09:50,196 - logger_name: msz_ma_MIntRec_multi-class_0
2024-05-04 13:09:50,196 - dataset: MIntRec
2024-05-04 13:09:50,196 - ood_dataset: MIntRec-OOD
2024-05-04 13:09:50,196 - data_mode: multi-class
2024-05-04 13:09:50,196 - multimodal_method: msz
2024-05-04 13:09:50,196 - method: msz
2024-05-04 13:09:50,196 - ood_detection_method: ma
2024-05-04 13:09:50,196 - text_backbone: bert-base-uncased
2024-05-04 13:09:50,196 - seed: 1
2024-05-04 13:09:50,196 - num_workers: 8
2024-05-04 13:09:50,196 - log_id: msz_ma_MIntRec_multi-class_0_2024-05-04-13-09-42
2024-05-04 13:09:50,196 - gpu_id: 2
2024-05-04 13:09:50,196 - data_path: /home/sharing/disk2/sjh/intentDataset
2024-05-04 13:09:50,196 - train: True
2024-05-04 13:09:50,196 - tune: True
2024-05-04 13:09:50,196 - ood: True
2024-05-04 13:09:50,196 - save_model: False
2024-05-04 13:09:50,196 - save_results: True
2024-05-04 13:09:50,196 - log_path: logs
2024-05-04 13:09:50,196 - cache_path: cache
2024-05-04 13:09:50,196 - video_data_path: video_data
2024-05-04 13:09:50,196 - audio_data_path: audio_data
2024-05-04 13:09:50,196 - video_feats_path: swin_feats.pkl
2024-05-04 13:09:50,196 - ood_video_feats_path: swin_feats.pkl
2024-05-04 13:09:50,196 - ood_audio_feats_path: wavlm_feats.pkl
2024-05-04 13:09:50,196 - audio_feats_path: wavlm_feats.pkl
2024-05-04 13:09:50,196 - results_path: results
2024-05-04 13:09:50,197 - output_path: /home/sharing/disk2/sjh/Outputs/OOD_MIntRec/msz
2024-05-04 13:09:50,197 - model_path: models
2024-05-04 13:09:50,197 - config_file_name: msz_MIntRec
2024-05-04 13:09:50,197 - results_file_name: results_msz_MIntRec.csv
2024-05-04 13:09:50,197 - text_pretrained_model: /home/sharing/disk1/pretrained_embedding/bert/uncased_L-12_H-768_A-12/
2024-05-04 13:09:50,197 - text_seq_len: 30
2024-05-04 13:09:50,197 - video_seq_len: 230
2024-05-04 13:09:50,197 - audio_seq_len: 480
2024-05-04 13:09:50,197 - text_feat_dim: 768
2024-05-04 13:09:50,197 - video_feat_dim: 1024
2024-05-04 13:09:50,197 - audio_feat_dim: 768
2024-05-04 13:09:50,197 - ood_label_id: 20
2024-05-04 13:09:50,197 - num_labels: 20
2024-05-04 13:09:50,197 - num_train_examples: 1334
2024-05-04 13:09:50,197 - need_aligned: True
2024-05-04 13:09:50,197 - freeze_parameters: False
2024-05-04 13:09:50,197 - eval_monitor: acc
2024-05-04 13:09:50,197 - train_batch_size: 32
2024-05-04 13:09:50,197 - eval_batch_size: 16
2024-05-04 13:09:50,197 - num_train_epochs: 100
2024-05-04 13:09:50,197 - lr: [2e-05]
2024-05-04 13:09:50,197 - weight_decay: [0.1]
2024-05-04 13:09:50,197 - wait_patience: 5
2024-05-04 13:09:50,197 - warmup_proportion: [0.1]
2024-05-04 13:09:50,197 - hidden_dims: [768]
2024-05-04 13:09:50,197 - num_attention_heads: [6]
2024-05-04 13:09:50,197 - attention_probs_dropout_prob: [0.3]
2024-05-04 13:09:50,197 - hidden_dropout_prob: [0.1]
2024-05-04 13:09:50,197 - intermediate_size: [768]
2024-05-04 13:09:50,197 - num_hidden_layers: [5]
2024-05-04 13:09:50,197 - max_position_embeddings: [768]
2024-05-04 13:09:50,197 - position_embedding_type: absolute
2024-05-04 13:09:50,197 - batch_first: True
2024-05-04 13:09:50,197 - aligned_method: ['ctc']
2024-05-04 13:09:50,197 - sampler: beta
2024-05-04 13:09:50,197 - multiple_ood: [1]
2024-05-04 13:09:50,197 - select_number_min: [2]
2024-05-04 13:09:50,197 - select_number_max: [3]
2024-05-04 13:09:50,197 - alpha: [4]
2024-05-04 13:09:50,197 - mlp_hidden_size: [256]
2024-05-04 13:09:50,197 - mlp_dropout: [0.3]
2024-05-04 13:09:50,197 - scale: [8]
2024-05-04 13:09:50,197 - pred_output_path: /home/sharing/disk2/sjh/Outputs/OOD_MIntRec/msz/msz_MIntRec_bert-base-uncased_multi-class_1
2024-05-04 13:09:50,197 - model_output_path: /home/sharing/disk2/sjh/Outputs/OOD_MIntRec/msz/msz_MIntRec_bert-base-uncased_multi-class_1/models
2024-05-04 13:09:50,198 - pretrained_save_model: /home/sharing/disk2/sjh/Outputs/OOD_MIntRec/msz/binary_msz_MIntRec_bert-base-uncased_1
2024-05-04 13:09:50,198 - ============================== End Params ==============================
2024-05-04 13:09:53,016 - Multimodal Intent Recognition begins...
2024-05-04 13:09:53,016 - Training begins...
2024-05-04 13:10:28,962 - ***** Epoch: 1: Eval results *****
2024-05-04 13:10:28,963 -   binary_train_loss = 0.6925
2024-05-04 13:10:28,963 -   binary_eval_score = 0.5315
2024-05-04 13:10:28,963 -   train_loss = 2.7762
2024-05-04 13:10:28,963 -   eval_score = 0.3034
2024-05-04 13:10:28,963 -   best_eval_score = 0.0
2024-05-04 13:11:03,211 - ***** Epoch: 2: Eval results *****
2024-05-04 13:11:03,212 -   binary_train_loss = 0.6895
2024-05-04 13:11:03,212 -   binary_eval_score = 0.6483
2024-05-04 13:11:03,212 -   train_loss = 1.7044
2024-05-04 13:11:03,212 -   eval_score = 0.6472
2024-05-04 13:11:03,212 -   best_eval_score = 0.3034
2024-05-04 13:11:38,063 - ***** Epoch: 3: Eval results *****
2024-05-04 13:11:38,063 -   binary_train_loss = 0.6899
2024-05-04 13:11:38,063 -   binary_eval_score = 0.6101
2024-05-04 13:11:38,063 -   train_loss = 0.9173
2024-05-04 13:11:38,063 -   eval_score = 0.6989
2024-05-04 13:11:38,063 -   best_eval_score = 0.6472
2024-05-04 13:12:12,777 - ***** Epoch: 4: Eval results *****
2024-05-04 13:12:12,777 -   binary_train_loss = 0.688
2024-05-04 13:12:12,777 -   binary_eval_score = 0.6101
2024-05-04 13:12:12,777 -   train_loss = 0.5132
2024-05-04 13:12:12,777 -   eval_score = 0.7124
2024-05-04 13:12:12,777 -   best_eval_score = 0.6989
2024-05-04 13:12:47,931 - ***** Epoch: 5: Eval results *****
2024-05-04 13:12:47,931 -   binary_train_loss = 0.6817
2024-05-04 13:12:47,931 -   binary_eval_score = 0.6045
2024-05-04 13:12:47,931 -   train_loss = 0.2431
2024-05-04 13:12:47,931 -   eval_score = 0.7213
2024-05-04 13:12:47,931 -   best_eval_score = 0.7124
2024-05-04 13:13:22,567 - ***** Epoch: 6: Eval results *****
2024-05-04 13:13:22,568 -   binary_train_loss = 0.658
2024-05-04 13:13:22,568 -   binary_eval_score = 0.7888
2024-05-04 13:13:22,568 -   train_loss = 0.1027
2024-05-04 13:13:22,568 -   eval_score = 0.7101
2024-05-04 13:13:22,568 -   best_eval_score = 0.7213
2024-05-04 13:13:22,568 - EarlyStopping counter: 1 out of 5
2024-05-04 13:13:56,894 - ***** Epoch: 7: Eval results *****
2024-05-04 13:13:56,895 -   binary_train_loss = 0.5366
2024-05-04 13:13:56,895 -   binary_eval_score = 0.8978
2024-05-04 13:13:56,895 -   train_loss = 0.0732
2024-05-04 13:13:56,895 -   eval_score = 0.7281
2024-05-04 13:13:56,895 -   best_eval_score = 0.7213
2024-05-04 13:14:31,271 - ***** Epoch: 8: Eval results *****
2024-05-04 13:14:31,271 -   binary_train_loss = 0.2647
2024-05-04 13:14:31,271 -   binary_eval_score = 0.8719
2024-05-04 13:14:31,271 -   train_loss = 0.1078
2024-05-04 13:14:31,271 -   eval_score = 0.7303
2024-05-04 13:14:31,272 -   best_eval_score = 0.7281
2024-05-04 13:15:05,459 - ***** Epoch: 9: Eval results *****
2024-05-04 13:15:05,459 -   binary_train_loss = 0.2034
2024-05-04 13:15:05,459 -   binary_eval_score = 0.9067
2024-05-04 13:15:05,459 -   train_loss = 0.0832
2024-05-04 13:15:05,459 -   eval_score = 0.7281
2024-05-04 13:15:05,459 -   best_eval_score = 0.7303
2024-05-04 13:15:05,459 - EarlyStopping counter: 1 out of 5
2024-05-04 13:15:39,795 - ***** Epoch: 10: Eval results *****
2024-05-04 13:15:39,795 -   binary_train_loss = 0.1785
2024-05-04 13:15:39,795 -   binary_eval_score = 0.9483
2024-05-04 13:15:39,795 -   train_loss = 0.0557
2024-05-04 13:15:39,795 -   eval_score = 0.7258
2024-05-04 13:15:39,795 -   best_eval_score = 0.7303
2024-05-04 13:15:39,795 - EarlyStopping counter: 2 out of 5
2024-05-04 13:16:14,357 - ***** Epoch: 11: Eval results *****
2024-05-04 13:16:14,357 -   binary_train_loss = 0.1785
2024-05-04 13:16:14,357 -   binary_eval_score = 0.9618
2024-05-04 13:16:14,358 -   train_loss = 0.0484
2024-05-04 13:16:14,358 -   eval_score = 0.7326
2024-05-04 13:16:14,358 -   best_eval_score = 0.7303
2024-05-04 13:16:48,884 - ***** Epoch: 12: Eval results *****
2024-05-04 13:16:48,884 -   binary_train_loss = 0.1202
2024-05-04 13:16:48,884 -   binary_eval_score = 0.8966
2024-05-04 13:16:48,884 -   train_loss = 0.041
2024-05-04 13:16:48,884 -   eval_score = 0.7303
2024-05-04 13:16:48,884 -   best_eval_score = 0.7326
2024-05-04 13:16:48,884 - EarlyStopping counter: 1 out of 5
2024-05-04 13:17:23,595 - ***** Epoch: 13: Eval results *****
2024-05-04 13:17:23,595 -   binary_train_loss = 0.1003
2024-05-04 13:17:23,595 -   binary_eval_score = 0.973
2024-05-04 13:17:23,595 -   train_loss = 0.0511
2024-05-04 13:17:23,595 -   eval_score = 0.7079
2024-05-04 13:17:23,595 -   best_eval_score = 0.7326
2024-05-04 13:17:23,595 - EarlyStopping counter: 2 out of 5
2024-05-04 13:17:57,945 - ***** Epoch: 14: Eval results *****
2024-05-04 13:17:57,945 -   binary_train_loss = 0.1498
2024-05-04 13:17:57,945 -   binary_eval_score = 0.9775
2024-05-04 13:17:57,946 -   train_loss = 0.0317
2024-05-04 13:17:57,946 -   eval_score = 0.7079
2024-05-04 13:17:57,946 -   best_eval_score = 0.7326
2024-05-04 13:17:57,946 - EarlyStopping counter: 3 out of 5
2024-05-04 13:18:32,430 - ***** Epoch: 15: Eval results *****
2024-05-04 13:18:32,430 -   binary_train_loss = 0.0788
2024-05-04 13:18:32,430 -   binary_eval_score = 0.9843
2024-05-04 13:18:32,430 -   train_loss = 0.0254
2024-05-04 13:18:32,430 -   eval_score = 0.7191
2024-05-04 13:18:32,430 -   best_eval_score = 0.7326
2024-05-04 13:18:32,430 - EarlyStopping counter: 4 out of 5
2024-05-04 13:19:07,434 - ***** Epoch: 16: Eval results *****
2024-05-04 13:19:07,434 -   binary_train_loss = 0.0906
2024-05-04 13:19:07,434 -   binary_eval_score = 0.9865
2024-05-04 13:19:07,434 -   train_loss = 0.0242
2024-05-04 13:19:07,435 -   eval_score = 0.7213
2024-05-04 13:19:07,435 -   best_eval_score = 0.7326
2024-05-04 13:19:07,435 - EarlyStopping counter: 5 out of 5
2024-05-04 13:19:07,435 - EarlyStopping at epoch 16
2024-05-04 13:19:07,438 - Training is finished...
2024-05-04 13:19:07,438 - Testing begins...
2024-05-04 13:19:20,481 - ***** Out-of-domain Evaluation results *****
2024-05-04 13:19:20,481 -   aupr_in = 0.7768
2024-05-04 13:19:20,481 -   aupr_out = 0.7831
2024-05-04 13:19:20,481 -   auroc = 0.7902
2024-05-04 13:19:20,481 -   der = 0.3817
2024-05-04 13:19:20,481 -   eer = 0.28
2024-05-04 13:19:20,481 -   fpr95 = 0.7178
2024-05-04 13:19:20,482 - Testing is finished...
2024-05-04 13:19:20,482 - Multimodal intent recognition is finished...
2024-05-04 13:19:20,482 - Results are saved in results/results_msz_MIntRec.csv
2024-05-04 13:19:20,823 - ============================== Params ==============================
2024-05-04 13:19:20,823 - logger_name: msz_ma_MIntRec_multi-class_0
2024-05-04 13:19:20,823 - dataset: MIntRec
2024-05-04 13:19:20,824 - ood_dataset: MIntRec-OOD
2024-05-04 13:19:20,824 - data_mode: multi-class
2024-05-04 13:19:20,824 - multimodal_method: msz
2024-05-04 13:19:20,824 - method: msz
2024-05-04 13:19:20,824 - ood_detection_method: ma
2024-05-04 13:19:20,824 - text_backbone: bert-base-uncased
2024-05-04 13:19:20,824 - seed: 2
2024-05-04 13:19:20,824 - num_workers: 8
2024-05-04 13:19:20,824 - log_id: msz_ma_MIntRec_multi-class_0_2024-05-04-13-09-42
2024-05-04 13:19:20,824 - gpu_id: 2
2024-05-04 13:19:20,824 - data_path: /home/sharing/disk2/sjh/intentDataset
2024-05-04 13:19:20,824 - train: True
2024-05-04 13:19:20,824 - tune: True
2024-05-04 13:19:20,824 - ood: True
2024-05-04 13:19:20,824 - save_model: False
2024-05-04 13:19:20,824 - save_results: True
2024-05-04 13:19:20,824 - log_path: logs
2024-05-04 13:19:20,824 - cache_path: cache
2024-05-04 13:19:20,824 - video_data_path: video_data
2024-05-04 13:19:20,824 - audio_data_path: audio_data
2024-05-04 13:19:20,824 - video_feats_path: swin_feats.pkl
2024-05-04 13:19:20,824 - ood_video_feats_path: swin_feats.pkl
2024-05-04 13:19:20,824 - ood_audio_feats_path: wavlm_feats.pkl
2024-05-04 13:19:20,824 - audio_feats_path: wavlm_feats.pkl
2024-05-04 13:19:20,824 - results_path: results
2024-05-04 13:19:20,824 - output_path: /home/sharing/disk2/sjh/Outputs/OOD_MIntRec/msz
2024-05-04 13:19:20,824 - model_path: models
2024-05-04 13:19:20,824 - config_file_name: msz_MIntRec
2024-05-04 13:19:20,824 - results_file_name: results_msz_MIntRec.csv
2024-05-04 13:19:20,824 - text_pretrained_model: /home/sharing/disk1/pretrained_embedding/bert/uncased_L-12_H-768_A-12/
2024-05-04 13:19:20,824 - text_seq_len: 30
2024-05-04 13:19:20,824 - video_seq_len: 230
2024-05-04 13:19:20,824 - audio_seq_len: 480
2024-05-04 13:19:20,824 - text_feat_dim: 768
2024-05-04 13:19:20,824 - video_feat_dim: 1024
2024-05-04 13:19:20,824 - audio_feat_dim: 768
2024-05-04 13:19:20,825 - ood_label_id: 20
2024-05-04 13:19:20,825 - num_labels: 20
2024-05-04 13:19:20,825 - num_train_examples: 1334
2024-05-04 13:19:20,825 - need_aligned: True
2024-05-04 13:19:20,825 - freeze_parameters: False
2024-05-04 13:19:20,825 - eval_monitor: acc
2024-05-04 13:19:20,825 - train_batch_size: 32
2024-05-04 13:19:20,825 - eval_batch_size: 16
2024-05-04 13:19:20,825 - num_train_epochs: 100
2024-05-04 13:19:20,825 - lr: [2e-05]
2024-05-04 13:19:20,825 - weight_decay: [0.1]
2024-05-04 13:19:20,825 - wait_patience: 5
2024-05-04 13:19:20,825 - warmup_proportion: [0.1]
2024-05-04 13:19:20,825 - hidden_dims: [768]
2024-05-04 13:19:20,825 - num_attention_heads: [6]
2024-05-04 13:19:20,825 - attention_probs_dropout_prob: [0.3]
2024-05-04 13:19:20,825 - hidden_dropout_prob: [0.1]
2024-05-04 13:19:20,825 - intermediate_size: [768]
2024-05-04 13:19:20,825 - num_hidden_layers: [5]
2024-05-04 13:19:20,825 - max_position_embeddings: [768]
2024-05-04 13:19:20,825 - position_embedding_type: absolute
2024-05-04 13:19:20,825 - batch_first: True
2024-05-04 13:19:20,825 - aligned_method: ['ctc']
2024-05-04 13:19:20,825 - sampler: beta
2024-05-04 13:19:20,825 - multiple_ood: [1]
2024-05-04 13:19:20,825 - select_number_min: [2]
2024-05-04 13:19:20,825 - select_number_max: [3]
2024-05-04 13:19:20,825 - alpha: [4]
2024-05-04 13:19:20,825 - mlp_hidden_size: [256]
2024-05-04 13:19:20,825 - mlp_dropout: [0.3]
2024-05-04 13:19:20,825 - scale: [8]
2024-05-04 13:19:20,825 - pred_output_path: /home/sharing/disk2/sjh/Outputs/OOD_MIntRec/msz/msz_MIntRec_bert-base-uncased_multi-class_2
2024-05-04 13:19:20,825 - model_output_path: /home/sharing/disk2/sjh/Outputs/OOD_MIntRec/msz/msz_MIntRec_bert-base-uncased_multi-class_2/models
2024-05-04 13:19:20,825 - pretrained_save_model: /home/sharing/disk2/sjh/Outputs/OOD_MIntRec/msz/binary_msz_MIntRec_bert-base-uncased_2
2024-05-04 13:19:20,825 - device: cuda
2024-05-04 13:19:20,825 - ============================== End Params ==============================
2024-05-04 13:19:22,802 - Multimodal Intent Recognition begins...
2024-05-04 13:19:22,802 - Training begins...
2024-05-04 13:19:57,600 - ***** Epoch: 1: Eval results *****
2024-05-04 13:19:57,600 -   binary_train_loss = 0.6921
2024-05-04 13:19:57,600 -   binary_eval_score = 0.5236
2024-05-04 13:19:57,601 -   train_loss = 2.7514
2024-05-04 13:19:57,601 -   eval_score = 0.3213
2024-05-04 13:19:57,601 -   best_eval_score = 0.0
2024-05-04 13:20:32,835 - ***** Epoch: 2: Eval results *****
2024-05-04 13:20:32,836 -   binary_train_loss = 0.6895
2024-05-04 13:20:32,836 -   binary_eval_score = 0.6528
2024-05-04 13:20:32,836 -   train_loss = 1.6649
2024-05-04 13:20:32,836 -   eval_score = 0.6764
2024-05-04 13:20:32,836 -   best_eval_score = 0.3213
2024-05-04 13:21:07,710 - ***** Epoch: 3: Eval results *****
2024-05-04 13:21:07,710 -   binary_train_loss = 0.6893
2024-05-04 13:21:07,710 -   binary_eval_score = 0.5596
2024-05-04 13:21:07,710 -   train_loss = 0.8767
2024-05-04 13:21:07,710 -   eval_score = 0.6899
2024-05-04 13:21:07,710 -   best_eval_score = 0.6764
2024-05-04 13:21:43,733 - ***** Epoch: 4: Eval results *****
2024-05-04 13:21:43,733 -   binary_train_loss = 0.6859
2024-05-04 13:21:43,733 -   binary_eval_score = 0.527
2024-05-04 13:21:43,733 -   train_loss = 0.5187
2024-05-04 13:21:43,733 -   eval_score = 0.7191
2024-05-04 13:21:43,733 -   best_eval_score = 0.6899
2024-05-04 13:22:19,382 - ***** Epoch: 5: Eval results *****
2024-05-04 13:22:19,382 -   binary_train_loss = 0.6804
2024-05-04 13:22:19,382 -   binary_eval_score = 0.6326
2024-05-04 13:22:19,382 -   train_loss = 0.2725
2024-05-04 13:22:19,382 -   eval_score = 0.7281
2024-05-04 13:22:19,382 -   best_eval_score = 0.7191
2024-05-04 13:22:54,394 - ***** Epoch: 6: Eval results *****
2024-05-04 13:22:54,395 -   binary_train_loss = 0.6621
2024-05-04 13:22:54,395 -   binary_eval_score = 0.7551
2024-05-04 13:22:54,395 -   train_loss = 0.1389
2024-05-04 13:22:54,395 -   eval_score = 0.7258
2024-05-04 13:22:54,395 -   best_eval_score = 0.7281
2024-05-04 13:22:54,395 - EarlyStopping counter: 1 out of 5
