2024-05-15 10:06:54,975 - Lists of intent labels are: ['Complain', 'Praise', 'Apologise', 'Thank', 'Criticize', 'Agree', 'Taunt', 'Flaunt', 'Joke', 'Oppose', 'Comfort', 'Care', 'Inform', 'Advise', 'Arrange', 'Introduce', 'Leave', 'Prevent', 'Greet', 'Ask for help']
2024-05-15 10:06:54,975 - ID Data preparation...
2024-05-15 10:07:01,349 - OOD Data preparation...
2024-05-15 10:07:02,695 - ============================== Params ==============================
2024-05-15 10:07:02,695 - logger_name: msz_energy_MIntRec_multi-class_0
2024-05-15 10:07:02,695 - dataset: MIntRec
2024-05-15 10:07:02,695 - ood_dataset: MIntRec-OOD
2024-05-15 10:07:02,695 - data_mode: multi-class
2024-05-15 10:07:02,695 - multimodal_method: msz
2024-05-15 10:07:02,695 - method: msz
2024-05-15 10:07:02,695 - ood_detection_method: energy
2024-05-15 10:07:02,695 - text_backbone: bert-base-uncased
2024-05-15 10:07:02,695 - seed: 0
2024-05-15 10:07:02,695 - num_workers: 8
2024-05-15 10:07:02,695 - log_id: msz_energy_MIntRec_multi-class_0_2024-05-15-10-06-54
2024-05-15 10:07:02,695 - gpu_id: 0
2024-05-15 10:07:02,695 - data_path: /home/sharing/disk2/sjh/intentDataset
2024-05-15 10:07:02,695 - train: False
2024-05-15 10:07:02,695 - tune: True
2024-05-15 10:07:02,695 - ood: True
2024-05-15 10:07:02,695 - save_model: False
2024-05-15 10:07:02,695 - save_results: True
2024-05-15 10:07:02,695 - log_path: logs
2024-05-15 10:07:02,695 - cache_path: cache
2024-05-15 10:07:02,696 - video_data_path: video_data
2024-05-15 10:07:02,696 - audio_data_path: audio_data
2024-05-15 10:07:02,696 - video_feats_path: swin_feats.pkl
2024-05-15 10:07:02,696 - ood_video_feats_path: swin_feats.pkl
2024-05-15 10:07:02,696 - ood_audio_feats_path: wavlm_feats.pkl
2024-05-15 10:07:02,696 - audio_feats_path: wavlm_feats.pkl
2024-05-15 10:07:02,696 - results_path: results
2024-05-15 10:07:02,696 - output_path: /home/sharing/disk2/sjh/Outputs/OOD_MIntRec/ablation/no_binary_msz
2024-05-15 10:07:02,696 - model_path: models
2024-05-15 10:07:02,696 - config_file_name: msz_MIntRec
2024-05-15 10:07:02,696 - results_file_name: results_msz_ablation_MIntRec.csv
2024-05-15 10:07:02,696 - text_pretrained_model: /home/sharing/disk1/pretrained_embedding/bert/uncased_L-12_H-768_A-12/
2024-05-15 10:07:02,696 - text_seq_len: 30
2024-05-15 10:07:02,696 - video_seq_len: 230
2024-05-15 10:07:02,696 - audio_seq_len: 480
2024-05-15 10:07:02,696 - text_feat_dim: 768
2024-05-15 10:07:02,696 - video_feat_dim: 1024
2024-05-15 10:07:02,696 - audio_feat_dim: 768
2024-05-15 10:07:02,696 - ood_label_id: 20
2024-05-15 10:07:02,696 - num_labels: 20
2024-05-15 10:07:02,696 - num_train_examples: 1334
2024-05-15 10:07:02,696 - need_aligned: True
2024-05-15 10:07:02,696 - freeze_parameters: False
2024-05-15 10:07:02,696 - eval_monitor: acc
2024-05-15 10:07:02,696 - train_batch_size: 32
2024-05-15 10:07:02,696 - eval_batch_size: 16
2024-05-15 10:07:02,696 - num_train_epochs: 100
2024-05-15 10:07:02,696 - lr: [2e-05]
2024-05-15 10:07:02,696 - weight_decay: [0.1]
2024-05-15 10:07:02,696 - wait_patience: 5
2024-05-15 10:07:02,696 - warmup_proportion: [0.01]
2024-05-15 10:07:02,696 - hidden_dims: [768]
2024-05-15 10:07:02,696 - num_attention_heads: [8]
2024-05-15 10:07:02,696 - attention_probs_dropout_prob: [0.3]
2024-05-15 10:07:02,696 - hidden_dropout_prob: [0.2]
2024-05-15 10:07:02,696 - intermediate_size: [768]
2024-05-15 10:07:02,696 - num_hidden_layers: [4]
2024-05-15 10:07:02,696 - max_position_embeddings: [900]
2024-05-15 10:07:02,696 - position_embedding_type: absolute
2024-05-15 10:07:02,696 - batch_first: True
2024-05-15 10:07:02,696 - aligned_method: ['ctc']
2024-05-15 10:07:02,696 - sampler: beta
2024-05-15 10:07:02,696 - multiple_ood: [1]
2024-05-15 10:07:02,696 - select_number_min: [2]
2024-05-15 10:07:02,696 - select_number_max: [3]
2024-05-15 10:07:02,697 - alpha: [4]
2024-05-15 10:07:02,697 - mlp_hidden_size: [256]
2024-05-15 10:07:02,697 - mlp_dropout: [0.3]
2024-05-15 10:07:02,697 - scale: [8]
2024-05-15 10:07:02,697 - ablation: ['no_binary']
2024-05-15 10:07:02,697 - pred_output_path: /home/sharing/disk2/sjh/Outputs/OOD_MIntRec/ablation/no_binary_msz/msz_MIntRec_bert-base-uncased_multi-class_0
2024-05-15 10:07:02,697 - model_output_path: /home/sharing/disk2/sjh/Outputs/OOD_MIntRec/ablation/no_binary_msz/msz_MIntRec_bert-base-uncased_multi-class_0/models
2024-05-15 10:07:02,697 - pretrained_save_model: /home/sharing/disk2/sjh/Outputs/OOD_MIntRec/ablation/no_binary_msz/binary_msz_MIntRec_bert-base-uncased_0
2024-05-15 10:07:02,697 - ============================== End Params ==============================
2024-05-15 10:07:05,972 - Multimodal Intent Recognition begins...
2024-05-15 10:07:05,972 - Testing begins...
2024-05-15 10:07:14,373 - ***** Out-of-domain Evaluation results *****
2024-05-15 10:07:14,373 -   aupr_in = 0.7733
2024-05-15 10:07:14,373 -   aupr_out = 0.7883
2024-05-15 10:07:14,373 -   auroc = 0.7872
2024-05-15 10:07:14,373 -   der = 0.3751
2024-05-15 10:07:14,373 -   eer = 0.2933
2024-05-15 10:07:14,373 -   fpr95 = 0.7067
2024-05-15 10:07:14,373 - Testing is finished...
2024-05-15 10:07:14,374 - Multimodal intent recognition is finished...
2024-05-15 10:07:14,374 - Results are saved in results/results_msz_ablation_MIntRec.csv
2024-05-15 10:07:14,466 - ============================== Params ==============================
2024-05-15 10:07:14,466 - logger_name: msz_energy_MIntRec_multi-class_0
2024-05-15 10:07:14,467 - dataset: MIntRec
2024-05-15 10:07:14,467 - ood_dataset: MIntRec-OOD
2024-05-15 10:07:14,467 - data_mode: multi-class
2024-05-15 10:07:14,467 - multimodal_method: msz
2024-05-15 10:07:14,467 - method: msz
2024-05-15 10:07:14,467 - ood_detection_method: energy
2024-05-15 10:07:14,467 - text_backbone: bert-base-uncased
2024-05-15 10:07:14,467 - seed: 1
2024-05-15 10:07:14,467 - num_workers: 8
2024-05-15 10:07:14,467 - log_id: msz_energy_MIntRec_multi-class_0_2024-05-15-10-06-54
2024-05-15 10:07:14,467 - gpu_id: 0
2024-05-15 10:07:14,467 - data_path: /home/sharing/disk2/sjh/intentDataset
2024-05-15 10:07:14,467 - train: False
2024-05-15 10:07:14,467 - tune: True
2024-05-15 10:07:14,467 - ood: True
2024-05-15 10:07:14,467 - save_model: False
2024-05-15 10:07:14,467 - save_results: True
2024-05-15 10:07:14,467 - log_path: logs
2024-05-15 10:07:14,467 - cache_path: cache
2024-05-15 10:07:14,467 - video_data_path: video_data
2024-05-15 10:07:14,467 - audio_data_path: audio_data
2024-05-15 10:07:14,467 - video_feats_path: swin_feats.pkl
2024-05-15 10:07:14,467 - ood_video_feats_path: swin_feats.pkl
2024-05-15 10:07:14,467 - ood_audio_feats_path: wavlm_feats.pkl
2024-05-15 10:07:14,467 - audio_feats_path: wavlm_feats.pkl
2024-05-15 10:07:14,467 - results_path: results
2024-05-15 10:07:14,467 - output_path: /home/sharing/disk2/sjh/Outputs/OOD_MIntRec/ablation/no_binary_msz
2024-05-15 10:07:14,467 - model_path: models
2024-05-15 10:07:14,467 - config_file_name: msz_MIntRec
2024-05-15 10:07:14,467 - results_file_name: results_msz_ablation_MIntRec.csv
2024-05-15 10:07:14,467 - text_pretrained_model: /home/sharing/disk1/pretrained_embedding/bert/uncased_L-12_H-768_A-12/
2024-05-15 10:07:14,467 - text_seq_len: 30
2024-05-15 10:07:14,467 - video_seq_len: 230
2024-05-15 10:07:14,467 - audio_seq_len: 480
2024-05-15 10:07:14,467 - text_feat_dim: 768
2024-05-15 10:07:14,468 - video_feat_dim: 1024
2024-05-15 10:07:14,468 - audio_feat_dim: 768
2024-05-15 10:07:14,468 - ood_label_id: 20
2024-05-15 10:07:14,468 - num_labels: 20
2024-05-15 10:07:14,468 - num_train_examples: 1334
2024-05-15 10:07:14,468 - need_aligned: True
2024-05-15 10:07:14,468 - freeze_parameters: False
2024-05-15 10:07:14,468 - eval_monitor: acc
2024-05-15 10:07:14,468 - train_batch_size: 32
2024-05-15 10:07:14,468 - eval_batch_size: 16
2024-05-15 10:07:14,468 - num_train_epochs: 100
2024-05-15 10:07:14,468 - lr: [2e-05]
2024-05-15 10:07:14,468 - weight_decay: [0.1]
2024-05-15 10:07:14,468 - wait_patience: 5
2024-05-15 10:07:14,468 - warmup_proportion: [0.01]
2024-05-15 10:07:14,468 - hidden_dims: [768]
2024-05-15 10:07:14,468 - num_attention_heads: [8]
2024-05-15 10:07:14,468 - attention_probs_dropout_prob: [0.3]
2024-05-15 10:07:14,468 - hidden_dropout_prob: [0.2]
2024-05-15 10:07:14,468 - intermediate_size: [768]
2024-05-15 10:07:14,468 - num_hidden_layers: [4]
2024-05-15 10:07:14,468 - max_position_embeddings: [900]
2024-05-15 10:07:14,468 - position_embedding_type: absolute
2024-05-15 10:07:14,468 - batch_first: True
2024-05-15 10:07:14,468 - aligned_method: ['ctc']
2024-05-15 10:07:14,468 - sampler: beta
2024-05-15 10:07:14,468 - multiple_ood: [1]
2024-05-15 10:07:14,468 - select_number_min: [2]
2024-05-15 10:07:14,468 - select_number_max: [3]
2024-05-15 10:07:14,468 - alpha: [4]
2024-05-15 10:07:14,468 - mlp_hidden_size: [256]
2024-05-15 10:07:14,468 - mlp_dropout: [0.3]
2024-05-15 10:07:14,468 - scale: [8]
2024-05-15 10:07:14,468 - ablation: ['no_binary']
2024-05-15 10:07:14,469 - pred_output_path: /home/sharing/disk2/sjh/Outputs/OOD_MIntRec/ablation/no_binary_msz/msz_MIntRec_bert-base-uncased_multi-class_1
2024-05-15 10:07:14,469 - model_output_path: /home/sharing/disk2/sjh/Outputs/OOD_MIntRec/ablation/no_binary_msz/msz_MIntRec_bert-base-uncased_multi-class_1/models
2024-05-15 10:07:14,469 - pretrained_save_model: /home/sharing/disk2/sjh/Outputs/OOD_MIntRec/ablation/no_binary_msz/binary_msz_MIntRec_bert-base-uncased_1
2024-05-15 10:07:14,469 - device: cuda
2024-05-15 10:07:14,469 - ============================== End Params ==============================
2024-05-15 10:07:16,636 - Multimodal Intent Recognition begins...
2024-05-15 10:07:16,636 - Testing begins...
2024-05-15 10:07:24,581 - ***** Out-of-domain Evaluation results *****
2024-05-15 10:07:24,581 -   aupr_in = 0.7675
2024-05-15 10:07:24,581 -   aupr_out = 0.7789
2024-05-15 10:07:24,581 -   auroc = 0.7854
2024-05-15 10:07:24,581 -   der = 0.3817
2024-05-15 10:07:24,581 -   eer = 0.2844
2024-05-15 10:07:24,581 -   fpr95 = 0.72
2024-05-15 10:07:24,581 - Testing is finished...
2024-05-15 10:07:24,581 - Multimodal intent recognition is finished...
2024-05-15 10:07:24,581 - Results are saved in results/results_msz_ablation_MIntRec.csv
2024-05-15 10:07:24,624 - ============================== Params ==============================
2024-05-15 10:07:24,624 - logger_name: msz_energy_MIntRec_multi-class_0
2024-05-15 10:07:24,624 - dataset: MIntRec
2024-05-15 10:07:24,624 - ood_dataset: MIntRec-OOD
2024-05-15 10:07:24,624 - data_mode: multi-class
2024-05-15 10:07:24,624 - multimodal_method: msz
2024-05-15 10:07:24,624 - method: msz
2024-05-15 10:07:24,624 - ood_detection_method: energy
2024-05-15 10:07:24,624 - text_backbone: bert-base-uncased
2024-05-15 10:07:24,624 - seed: 2
2024-05-15 10:07:24,624 - num_workers: 8
2024-05-15 10:07:24,624 - log_id: msz_energy_MIntRec_multi-class_0_2024-05-15-10-06-54
2024-05-15 10:07:24,624 - gpu_id: 0
2024-05-15 10:07:24,624 - data_path: /home/sharing/disk2/sjh/intentDataset
2024-05-15 10:07:24,624 - train: False
2024-05-15 10:07:24,624 - tune: True
2024-05-15 10:07:24,624 - ood: True
2024-05-15 10:07:24,624 - save_model: False
2024-05-15 10:07:24,624 - save_results: True
2024-05-15 10:07:24,624 - log_path: logs
2024-05-15 10:07:24,624 - cache_path: cache
2024-05-15 10:07:24,624 - video_data_path: video_data
2024-05-15 10:07:24,624 - audio_data_path: audio_data
2024-05-15 10:07:24,624 - video_feats_path: swin_feats.pkl
2024-05-15 10:07:24,624 - ood_video_feats_path: swin_feats.pkl
2024-05-15 10:07:24,624 - ood_audio_feats_path: wavlm_feats.pkl
2024-05-15 10:07:24,624 - audio_feats_path: wavlm_feats.pkl
2024-05-15 10:07:24,624 - results_path: results
2024-05-15 10:07:24,624 - output_path: /home/sharing/disk2/sjh/Outputs/OOD_MIntRec/ablation/no_binary_msz
2024-05-15 10:07:24,624 - model_path: models
2024-05-15 10:07:24,624 - config_file_name: msz_MIntRec
2024-05-15 10:07:24,624 - results_file_name: results_msz_ablation_MIntRec.csv
2024-05-15 10:07:24,624 - text_pretrained_model: /home/sharing/disk1/pretrained_embedding/bert/uncased_L-12_H-768_A-12/
2024-05-15 10:07:24,624 - text_seq_len: 30
2024-05-15 10:07:24,625 - video_seq_len: 230
2024-05-15 10:07:24,625 - audio_seq_len: 480
2024-05-15 10:07:24,625 - text_feat_dim: 768
2024-05-15 10:07:24,625 - video_feat_dim: 1024
2024-05-15 10:07:24,625 - audio_feat_dim: 768
2024-05-15 10:07:24,625 - ood_label_id: 20
2024-05-15 10:07:24,625 - num_labels: 20
2024-05-15 10:07:24,625 - num_train_examples: 1334
2024-05-15 10:07:24,625 - need_aligned: True
2024-05-15 10:07:24,625 - freeze_parameters: False
2024-05-15 10:07:24,625 - eval_monitor: acc
2024-05-15 10:07:24,625 - train_batch_size: 32
2024-05-15 10:07:24,625 - eval_batch_size: 16
2024-05-15 10:07:24,625 - num_train_epochs: 100
2024-05-15 10:07:24,625 - lr: [2e-05]
2024-05-15 10:07:24,625 - weight_decay: [0.1]
2024-05-15 10:07:24,625 - wait_patience: 5
2024-05-15 10:07:24,625 - warmup_proportion: [0.01]
2024-05-15 10:07:24,625 - hidden_dims: [768]
2024-05-15 10:07:24,625 - num_attention_heads: [8]
2024-05-15 10:07:24,625 - attention_probs_dropout_prob: [0.3]
2024-05-15 10:07:24,625 - hidden_dropout_prob: [0.2]
2024-05-15 10:07:24,625 - intermediate_size: [768]
2024-05-15 10:07:24,625 - num_hidden_layers: [4]
2024-05-15 10:07:24,625 - max_position_embeddings: [900]
2024-05-15 10:07:24,625 - position_embedding_type: absolute
2024-05-15 10:07:24,625 - batch_first: True
2024-05-15 10:07:24,625 - aligned_method: ['ctc']
2024-05-15 10:07:24,625 - sampler: beta
2024-05-15 10:07:24,625 - multiple_ood: [1]
2024-05-15 10:07:24,625 - select_number_min: [2]
2024-05-15 10:07:24,625 - select_number_max: [3]
2024-05-15 10:07:24,625 - alpha: [4]
2024-05-15 10:07:24,625 - mlp_hidden_size: [256]
2024-05-15 10:07:24,625 - mlp_dropout: [0.3]
2024-05-15 10:07:24,625 - scale: [8]
2024-05-15 10:07:24,625 - ablation: ['no_binary']
2024-05-15 10:07:24,625 - pred_output_path: /home/sharing/disk2/sjh/Outputs/OOD_MIntRec/ablation/no_binary_msz/msz_MIntRec_bert-base-uncased_multi-class_2
2024-05-15 10:07:24,625 - model_output_path: /home/sharing/disk2/sjh/Outputs/OOD_MIntRec/ablation/no_binary_msz/msz_MIntRec_bert-base-uncased_multi-class_2/models
2024-05-15 10:07:24,625 - pretrained_save_model: /home/sharing/disk2/sjh/Outputs/OOD_MIntRec/ablation/no_binary_msz/binary_msz_MIntRec_bert-base-uncased_2
2024-05-15 10:07:24,625 - device: cuda
2024-05-15 10:07:24,625 - ============================== End Params ==============================
2024-05-15 10:07:26,414 - Multimodal Intent Recognition begins...
2024-05-15 10:07:26,414 - Testing begins...
2024-05-15 10:07:33,948 - ***** Out-of-domain Evaluation results *****
2024-05-15 10:07:33,948 -   aupr_in = 0.7718
2024-05-15 10:07:33,948 -   aupr_out = 0.753
2024-05-15 10:07:33,948 -   auroc = 0.772
2024-05-15 10:07:33,948 -   der = 0.3828
2024-05-15 10:07:33,948 -   eer = 0.3067
2024-05-15 10:07:33,948 -   fpr95 = 0.72
2024-05-15 10:07:33,948 - Testing is finished...
2024-05-15 10:07:33,948 - Multimodal intent recognition is finished...
2024-05-15 10:07:33,948 - Results are saved in results/results_msz_ablation_MIntRec.csv
2024-05-15 10:07:34,015 - ============================== Params ==============================
2024-05-15 10:07:34,015 - logger_name: msz_energy_MIntRec_multi-class_0
2024-05-15 10:07:34,015 - dataset: MIntRec
2024-05-15 10:07:34,015 - ood_dataset: MIntRec-OOD
2024-05-15 10:07:34,015 - data_mode: multi-class
2024-05-15 10:07:34,015 - multimodal_method: msz
2024-05-15 10:07:34,015 - method: msz
2024-05-15 10:07:34,015 - ood_detection_method: energy
2024-05-15 10:07:34,016 - text_backbone: bert-base-uncased
2024-05-15 10:07:34,016 - seed: 3
2024-05-15 10:07:34,016 - num_workers: 8
2024-05-15 10:07:34,016 - log_id: msz_energy_MIntRec_multi-class_0_2024-05-15-10-06-54
2024-05-15 10:07:34,016 - gpu_id: 0
2024-05-15 10:07:34,016 - data_path: /home/sharing/disk2/sjh/intentDataset
2024-05-15 10:07:34,016 - train: False
2024-05-15 10:07:34,016 - tune: True
2024-05-15 10:07:34,016 - ood: True
2024-05-15 10:07:34,016 - save_model: False
2024-05-15 10:07:34,016 - save_results: True
2024-05-15 10:07:34,016 - log_path: logs
2024-05-15 10:07:34,016 - cache_path: cache
2024-05-15 10:07:34,016 - video_data_path: video_data
2024-05-15 10:07:34,016 - audio_data_path: audio_data
2024-05-15 10:07:34,016 - video_feats_path: swin_feats.pkl
2024-05-15 10:07:34,016 - ood_video_feats_path: swin_feats.pkl
2024-05-15 10:07:34,016 - ood_audio_feats_path: wavlm_feats.pkl
2024-05-15 10:07:34,016 - audio_feats_path: wavlm_feats.pkl
2024-05-15 10:07:34,016 - results_path: results
2024-05-15 10:07:34,016 - output_path: /home/sharing/disk2/sjh/Outputs/OOD_MIntRec/ablation/no_binary_msz
2024-05-15 10:07:34,016 - model_path: models
2024-05-15 10:07:34,016 - config_file_name: msz_MIntRec
2024-05-15 10:07:34,016 - results_file_name: results_msz_ablation_MIntRec.csv
2024-05-15 10:07:34,016 - text_pretrained_model: /home/sharing/disk1/pretrained_embedding/bert/uncased_L-12_H-768_A-12/
2024-05-15 10:07:34,016 - text_seq_len: 30
2024-05-15 10:07:34,016 - video_seq_len: 230
2024-05-15 10:07:34,016 - audio_seq_len: 480
2024-05-15 10:07:34,016 - text_feat_dim: 768
2024-05-15 10:07:34,016 - video_feat_dim: 1024
2024-05-15 10:07:34,016 - audio_feat_dim: 768
2024-05-15 10:07:34,016 - ood_label_id: 20
2024-05-15 10:07:34,016 - num_labels: 20
2024-05-15 10:07:34,016 - num_train_examples: 1334
2024-05-15 10:07:34,016 - need_aligned: True
2024-05-15 10:07:34,016 - freeze_parameters: False
2024-05-15 10:07:34,017 - eval_monitor: acc
2024-05-15 10:07:34,017 - train_batch_size: 32
2024-05-15 10:07:34,017 - eval_batch_size: 16
2024-05-15 10:07:34,017 - num_train_epochs: 100
2024-05-15 10:07:34,017 - lr: [2e-05]
2024-05-15 10:07:34,017 - weight_decay: [0.1]
2024-05-15 10:07:34,017 - wait_patience: 5
2024-05-15 10:07:34,017 - warmup_proportion: [0.01]
2024-05-15 10:07:34,017 - hidden_dims: [768]
2024-05-15 10:07:34,017 - num_attention_heads: [8]
2024-05-15 10:07:34,017 - attention_probs_dropout_prob: [0.3]
2024-05-15 10:07:34,017 - hidden_dropout_prob: [0.2]
2024-05-15 10:07:34,017 - intermediate_size: [768]
2024-05-15 10:07:34,017 - num_hidden_layers: [4]
2024-05-15 10:07:34,017 - max_position_embeddings: [900]
2024-05-15 10:07:34,017 - position_embedding_type: absolute
2024-05-15 10:07:34,017 - batch_first: True
2024-05-15 10:07:34,017 - aligned_method: ['ctc']
2024-05-15 10:07:34,017 - sampler: beta
2024-05-15 10:07:34,017 - multiple_ood: [1]
2024-05-15 10:07:34,017 - select_number_min: [2]
2024-05-15 10:07:34,017 - select_number_max: [3]
2024-05-15 10:07:34,017 - alpha: [4]
2024-05-15 10:07:34,017 - mlp_hidden_size: [256]
2024-05-15 10:07:34,017 - mlp_dropout: [0.3]
2024-05-15 10:07:34,017 - scale: [8]
2024-05-15 10:07:34,017 - ablation: ['no_binary']
2024-05-15 10:07:34,017 - pred_output_path: /home/sharing/disk2/sjh/Outputs/OOD_MIntRec/ablation/no_binary_msz/msz_MIntRec_bert-base-uncased_multi-class_3
2024-05-15 10:07:34,017 - model_output_path: /home/sharing/disk2/sjh/Outputs/OOD_MIntRec/ablation/no_binary_msz/msz_MIntRec_bert-base-uncased_multi-class_3/models
2024-05-15 10:07:34,017 - pretrained_save_model: /home/sharing/disk2/sjh/Outputs/OOD_MIntRec/ablation/no_binary_msz/binary_msz_MIntRec_bert-base-uncased_3
2024-05-15 10:07:34,017 - device: cuda
2024-05-15 10:07:34,017 - ============================== End Params ==============================
2024-05-15 10:07:36,027 - Multimodal Intent Recognition begins...
2024-05-15 10:07:36,027 - Testing begins...
2024-05-15 10:07:43,562 - ***** Out-of-domain Evaluation results *****
2024-05-15 10:07:43,562 -   aupr_in = 0.7653
2024-05-15 10:07:43,562 -   aupr_out = 0.7679
2024-05-15 10:07:43,562 -   auroc = 0.7799
2024-05-15 10:07:43,562 -   der = 0.3828
2024-05-15 10:07:43,562 -   eer = 0.28
2024-05-15 10:07:43,562 -   fpr95 = 0.7222
2024-05-15 10:07:43,562 - Testing is finished...
2024-05-15 10:07:43,562 - Multimodal intent recognition is finished...
2024-05-15 10:07:43,562 - Results are saved in results/results_msz_ablation_MIntRec.csv
2024-05-15 10:07:43,616 - ============================== Params ==============================
2024-05-15 10:07:43,616 - logger_name: msz_energy_MIntRec_multi-class_0
2024-05-15 10:07:43,616 - dataset: MIntRec
2024-05-15 10:07:43,616 - ood_dataset: MIntRec-OOD
2024-05-15 10:07:43,616 - data_mode: multi-class
2024-05-15 10:07:43,616 - multimodal_method: msz
2024-05-15 10:07:43,616 - method: msz
2024-05-15 10:07:43,616 - ood_detection_method: energy
2024-05-15 10:07:43,616 - text_backbone: bert-base-uncased
2024-05-15 10:07:43,616 - seed: 4
2024-05-15 10:07:43,616 - num_workers: 8
2024-05-15 10:07:43,616 - log_id: msz_energy_MIntRec_multi-class_0_2024-05-15-10-06-54
2024-05-15 10:07:43,616 - gpu_id: 0
2024-05-15 10:07:43,616 - data_path: /home/sharing/disk2/sjh/intentDataset
2024-05-15 10:07:43,616 - train: False
2024-05-15 10:07:43,616 - tune: True
2024-05-15 10:07:43,616 - ood: True
2024-05-15 10:07:43,616 - save_model: False
2024-05-15 10:07:43,616 - save_results: True
2024-05-15 10:07:43,616 - log_path: logs
2024-05-15 10:07:43,616 - cache_path: cache
2024-05-15 10:07:43,616 - video_data_path: video_data
2024-05-15 10:07:43,616 - audio_data_path: audio_data
2024-05-15 10:07:43,617 - video_feats_path: swin_feats.pkl
2024-05-15 10:07:43,617 - ood_video_feats_path: swin_feats.pkl
2024-05-15 10:07:43,617 - ood_audio_feats_path: wavlm_feats.pkl
2024-05-15 10:07:43,617 - audio_feats_path: wavlm_feats.pkl
2024-05-15 10:07:43,617 - results_path: results
2024-05-15 10:07:43,617 - output_path: /home/sharing/disk2/sjh/Outputs/OOD_MIntRec/ablation/no_binary_msz
2024-05-15 10:07:43,617 - model_path: models
2024-05-15 10:07:43,617 - config_file_name: msz_MIntRec
2024-05-15 10:07:43,617 - results_file_name: results_msz_ablation_MIntRec.csv
2024-05-15 10:07:43,617 - text_pretrained_model: /home/sharing/disk1/pretrained_embedding/bert/uncased_L-12_H-768_A-12/
2024-05-15 10:07:43,617 - text_seq_len: 30
2024-05-15 10:07:43,617 - video_seq_len: 230
2024-05-15 10:07:43,617 - audio_seq_len: 480
2024-05-15 10:07:43,617 - text_feat_dim: 768
2024-05-15 10:07:43,617 - video_feat_dim: 1024
2024-05-15 10:07:43,617 - audio_feat_dim: 768
2024-05-15 10:07:43,617 - ood_label_id: 20
2024-05-15 10:07:43,617 - num_labels: 20
2024-05-15 10:07:43,617 - num_train_examples: 1334
2024-05-15 10:07:43,617 - need_aligned: True
2024-05-15 10:07:43,617 - freeze_parameters: False
2024-05-15 10:07:43,617 - eval_monitor: acc
2024-05-15 10:07:43,617 - train_batch_size: 32
2024-05-15 10:07:43,617 - eval_batch_size: 16
2024-05-15 10:07:43,617 - num_train_epochs: 100
2024-05-15 10:07:43,617 - lr: [2e-05]
2024-05-15 10:07:43,617 - weight_decay: [0.1]
2024-05-15 10:07:43,617 - wait_patience: 5
2024-05-15 10:07:43,617 - warmup_proportion: [0.01]
2024-05-15 10:07:43,617 - hidden_dims: [768]
2024-05-15 10:07:43,617 - num_attention_heads: [8]
2024-05-15 10:07:43,617 - attention_probs_dropout_prob: [0.3]
2024-05-15 10:07:43,617 - hidden_dropout_prob: [0.2]
2024-05-15 10:07:43,617 - intermediate_size: [768]
2024-05-15 10:07:43,617 - num_hidden_layers: [4]
2024-05-15 10:07:43,617 - max_position_embeddings: [900]
2024-05-15 10:07:43,617 - position_embedding_type: absolute
2024-05-15 10:07:43,617 - batch_first: True
2024-05-15 10:07:43,618 - aligned_method: ['ctc']
2024-05-15 10:07:43,618 - sampler: beta
2024-05-15 10:07:43,618 - multiple_ood: [1]
2024-05-15 10:07:43,618 - select_number_min: [2]
2024-05-15 10:07:43,618 - select_number_max: [3]
2024-05-15 10:07:43,618 - alpha: [4]
2024-05-15 10:07:43,618 - mlp_hidden_size: [256]
2024-05-15 10:07:43,618 - mlp_dropout: [0.3]
2024-05-15 10:07:43,618 - scale: [8]
2024-05-15 10:07:43,618 - ablation: ['no_binary']
2024-05-15 10:07:43,618 - pred_output_path: /home/sharing/disk2/sjh/Outputs/OOD_MIntRec/ablation/no_binary_msz/msz_MIntRec_bert-base-uncased_multi-class_4
2024-05-15 10:07:43,618 - model_output_path: /home/sharing/disk2/sjh/Outputs/OOD_MIntRec/ablation/no_binary_msz/msz_MIntRec_bert-base-uncased_multi-class_4/models
2024-05-15 10:07:43,618 - pretrained_save_model: /home/sharing/disk2/sjh/Outputs/OOD_MIntRec/ablation/no_binary_msz/binary_msz_MIntRec_bert-base-uncased_4
2024-05-15 10:07:43,618 - device: cuda
2024-05-15 10:07:43,618 - ============================== End Params ==============================
2024-05-15 10:07:45,667 - Multimodal Intent Recognition begins...
2024-05-15 10:07:45,667 - Testing begins...
2024-05-15 10:07:53,837 - ***** Out-of-domain Evaluation results *****
2024-05-15 10:07:53,837 -   aupr_in = 0.7618
2024-05-15 10:07:53,837 -   aupr_out = 0.7543
2024-05-15 10:07:53,838 -   auroc = 0.7666
2024-05-15 10:07:53,838 -   der = 0.4093
2024-05-15 10:07:53,838 -   eer = 0.3022
2024-05-15 10:07:53,838 -   fpr95 = 0.7756
2024-05-15 10:07:53,838 - Testing is finished...
2024-05-15 10:07:53,838 - Multimodal intent recognition is finished...
2024-05-15 10:07:53,838 - Results are saved in results/results_msz_ablation_MIntRec.csv
