2024-04-30 15:18:39,331 - Lists of intent labels are: ['Acknowledge', 'Advise', 'Agree', 'Apologise', 'Arrange', 'Ask for help', 'Asking for opinions', 'Care', 'Comfort', 'Complain', 'Confirm', 'Criticize', 'Doubt', 'Emphasize', 'Explain', 'Flaunt', 'Greet', 'Inform', 'Introduce', 'Invite', 'Joke', 'Leave', 'Oppose', 'Plan', 'Praise', 'Prevent', 'Refuse', 'Taunt', 'Thank', 'Warn']
2024-04-30 15:18:39,331 - ID Data preparation...
2024-04-30 15:18:59,186 - OOD Data preparation...
2024-04-30 15:19:03,459 - ============================== Params ==============================
2024-04-30 15:19:03,459 - logger_name: msz_msp_MIntRec2_multi-class_0
2024-04-30 15:19:03,459 - dataset: MIntRec2
2024-04-30 15:19:03,459 - ood_dataset: MIntRec2-OOD
2024-04-30 15:19:03,459 - data_mode: multi-class
2024-04-30 15:19:03,459 - multimodal_method: msz
2024-04-30 15:19:03,459 - method: msz
2024-04-30 15:19:03,459 - ood_detection_method: msp
2024-04-30 15:19:03,459 - text_backbone: bert-base-uncased
2024-04-30 15:19:03,459 - seed: 0
2024-04-30 15:19:03,459 - num_workers: 8
2024-04-30 15:19:03,459 - log_id: msz_msp_MIntRec2_multi-class_0_2024-04-30-15-18-39
2024-04-30 15:19:03,459 - gpu_id: 3
2024-04-30 15:19:03,459 - data_path: /home/sharing/disk2/sjh/intentDataset
2024-04-30 15:19:03,459 - train: False
2024-04-30 15:19:03,459 - tune: True
2024-04-30 15:19:03,459 - ood: True
2024-04-30 15:19:03,459 - save_model: True
2024-04-30 15:19:03,459 - save_results: True
2024-04-30 15:19:03,459 - log_path: logs
2024-04-30 15:19:03,459 - cache_path: cache
2024-04-30 15:19:03,459 - video_data_path: video_data
2024-04-30 15:19:03,459 - audio_data_path: audio_data
2024-04-30 15:19:03,459 - video_feats_path: swin_feats.pkl
2024-04-30 15:19:03,459 - ood_video_feats_path: swin_feats.pkl
2024-04-30 15:19:03,459 - ood_audio_feats_path: wavlm_feats.pkl
2024-04-30 15:19:03,459 - audio_feats_path: wavlm_feats.pkl
2024-04-30 15:19:03,459 - results_path: results
2024-04-30 15:19:03,459 - output_path: /home/sharing/disk2/sjh/Outputs/OOD_MIntRec2/msz
2024-04-30 15:19:03,459 - model_path: models
2024-04-30 15:19:03,459 - config_file_name: msz_MIntRec2
2024-04-30 15:19:03,459 - results_file_name: results_msz_MIntRec2.csv
2024-04-30 15:19:03,459 - text_pretrained_model: /home/sharing/disk1/pretrained_embedding/bert/uncased_L-12_H-768_A-12/
2024-04-30 15:19:03,459 - text_seq_len: 50
2024-04-30 15:19:03,459 - video_seq_len: 180
2024-04-30 15:19:03,459 - audio_seq_len: 400
2024-04-30 15:19:03,460 - text_feat_dim: 768
2024-04-30 15:19:03,460 - video_feat_dim: 256
2024-04-30 15:19:03,460 - audio_feat_dim: 768
2024-04-30 15:19:03,460 - ood_label_id: 30
2024-04-30 15:19:03,460 - num_labels: 30
2024-04-30 15:19:03,460 - num_train_examples: 6165
2024-04-30 15:19:03,460 - need_aligned: True
2024-04-30 15:19:03,460 - freeze_parameters: False
2024-04-30 15:19:03,460 - eval_monitor: acc
2024-04-30 15:19:03,460 - train_batch_size: 32
2024-04-30 15:19:03,460 - eval_batch_size: 16
2024-04-30 15:19:03,460 - num_train_epochs: 100
2024-04-30 15:19:03,460 - lr: [1e-05]
2024-04-30 15:19:03,460 - weight_decay: [0.1]
2024-04-30 15:19:03,460 - wait_patience: 3
2024-04-30 15:19:03,460 - warmup_proportion: [0.01]
2024-04-30 15:19:03,460 - hidden_dims: [768]
2024-04-30 15:19:03,460 - num_attention_heads: [6]
2024-04-30 15:19:03,460 - attention_probs_dropout_prob: [0.3]
2024-04-30 15:19:03,460 - hidden_dropout_prob: [0.3]
2024-04-30 15:19:03,460 - intermediate_size: [768]
2024-04-30 15:19:03,460 - num_hidden_layers: [6]
2024-04-30 15:19:03,460 - max_position_embeddings: [768]
2024-04-30 15:19:03,460 - position_embedding_type: absolute
2024-04-30 15:19:03,460 - batch_first: True
2024-04-30 15:19:03,460 - aligned_method: ['ctc']
2024-04-30 15:19:03,460 - sampler: beta
2024-04-30 15:19:03,460 - multiple_ood: [1]
2024-04-30 15:19:03,460 - select_number_min: [2]
2024-04-30 15:19:03,460 - select_number_max: [3]
2024-04-30 15:19:03,460 - mlp_hidden_size: [256]
2024-04-30 15:19:03,460 - mlp_dropout: [0.3]
2024-04-30 15:19:03,460 - alpha: [2]
2024-04-30 15:19:03,460 - scale: [8]
2024-04-30 15:19:03,460 - pred_output_path: /home/sharing/disk2/sjh/Outputs/OOD_MIntRec2/msz/msz_MIntRec2_bert-base-uncased_multi-class_0
2024-04-30 15:19:03,460 - model_output_path: /home/sharing/disk2/sjh/Outputs/OOD_MIntRec2/msz/msz_MIntRec2_bert-base-uncased_multi-class_0/models
2024-04-30 15:19:03,460 - pretrained_save_model: /home/sharing/disk2/sjh/Outputs/OOD_MIntRec2/msz/binary_msz_MIntRec2_bert-base-uncased_0
2024-04-30 15:19:03,460 - ============================== End Params ==============================
2024-04-30 15:19:06,803 - Multimodal Intent Recognition begins...
2024-04-30 15:19:06,803 - Testing begins...
2024-04-30 15:19:35,910 - ***** Out-of-domain Evaluation results *****
2024-04-30 15:19:35,910 -   aupr_in = 0.5708
2024-04-30 15:19:35,911 -   aupr_out = 0.4398
2024-04-30 15:19:35,911 -   auroc = 0.5052
2024-04-30 15:19:35,911 -   der = 0.556
2024-04-30 15:19:35,911 -   eer = 0.4984
2024-04-30 15:19:35,911 -   fpr95 = 0.945
2024-04-30 15:19:35,911 - Testing is finished...
2024-04-30 15:19:35,911 - Multimodal intent recognition is finished...
2024-04-30 15:19:35,911 - Results are saved in results/results_msz_MIntRec2.csv
2024-04-30 15:19:35,973 - ============================== Params ==============================
2024-04-30 15:19:35,973 - logger_name: msz_msp_MIntRec2_multi-class_0
2024-04-30 15:19:35,973 - dataset: MIntRec2
2024-04-30 15:19:35,973 - ood_dataset: MIntRec2-OOD
2024-04-30 15:19:35,973 - data_mode: multi-class
2024-04-30 15:19:35,973 - multimodal_method: msz
2024-04-30 15:19:35,973 - method: msz
2024-04-30 15:19:35,973 - ood_detection_method: msp
2024-04-30 15:19:35,973 - text_backbone: bert-base-uncased
2024-04-30 15:19:35,973 - seed: 1
2024-04-30 15:19:35,973 - num_workers: 8
2024-04-30 15:19:35,973 - log_id: msz_msp_MIntRec2_multi-class_0_2024-04-30-15-18-39
2024-04-30 15:19:35,973 - gpu_id: 3
2024-04-30 15:19:35,973 - data_path: /home/sharing/disk2/sjh/intentDataset
2024-04-30 15:19:35,973 - train: False
2024-04-30 15:19:35,973 - tune: True
2024-04-30 15:19:35,973 - ood: True
2024-04-30 15:19:35,973 - save_model: True
2024-04-30 15:19:35,973 - save_results: True
2024-04-30 15:19:35,973 - log_path: logs
2024-04-30 15:19:35,973 - cache_path: cache
2024-04-30 15:19:35,973 - video_data_path: video_data
2024-04-30 15:19:35,973 - audio_data_path: audio_data
2024-04-30 15:19:35,973 - video_feats_path: swin_feats.pkl
2024-04-30 15:19:35,973 - ood_video_feats_path: swin_feats.pkl
2024-04-30 15:19:35,973 - ood_audio_feats_path: wavlm_feats.pkl
2024-04-30 15:19:35,973 - audio_feats_path: wavlm_feats.pkl
2024-04-30 15:19:35,973 - results_path: results
2024-04-30 15:19:35,973 - output_path: /home/sharing/disk2/sjh/Outputs/OOD_MIntRec2/msz
2024-04-30 15:19:35,973 - model_path: models
2024-04-30 15:19:35,973 - config_file_name: msz_MIntRec2
2024-04-30 15:19:35,973 - results_file_name: results_msz_MIntRec2.csv
2024-04-30 15:19:35,973 - text_pretrained_model: /home/sharing/disk1/pretrained_embedding/bert/uncased_L-12_H-768_A-12/
2024-04-30 15:19:35,973 - text_seq_len: 50
2024-04-30 15:19:35,973 - video_seq_len: 180
2024-04-30 15:19:35,973 - audio_seq_len: 400
2024-04-30 15:19:35,973 - text_feat_dim: 768
2024-04-30 15:19:35,973 - video_feat_dim: 256
2024-04-30 15:19:35,974 - audio_feat_dim: 768
2024-04-30 15:19:35,974 - ood_label_id: 30
2024-04-30 15:19:35,974 - num_labels: 30
2024-04-30 15:19:35,974 - num_train_examples: 6165
2024-04-30 15:19:35,974 - need_aligned: True
2024-04-30 15:19:35,974 - freeze_parameters: False
2024-04-30 15:19:35,974 - eval_monitor: acc
2024-04-30 15:19:35,974 - train_batch_size: 32
2024-04-30 15:19:35,974 - eval_batch_size: 16
2024-04-30 15:19:35,974 - num_train_epochs: 100
2024-04-30 15:19:35,974 - lr: [1e-05]
2024-04-30 15:19:35,974 - weight_decay: [0.1]
2024-04-30 15:19:35,974 - wait_patience: 3
2024-04-30 15:19:35,974 - warmup_proportion: [0.01]
2024-04-30 15:19:35,974 - hidden_dims: [768]
2024-04-30 15:19:35,974 - num_attention_heads: [6]
2024-04-30 15:19:35,974 - attention_probs_dropout_prob: [0.3]
2024-04-30 15:19:35,974 - hidden_dropout_prob: [0.3]
2024-04-30 15:19:35,974 - intermediate_size: [768]
2024-04-30 15:19:35,974 - num_hidden_layers: [6]
2024-04-30 15:19:35,974 - max_position_embeddings: [768]
2024-04-30 15:19:35,974 - position_embedding_type: absolute
2024-04-30 15:19:35,974 - batch_first: True
2024-04-30 15:19:35,974 - aligned_method: ['ctc']
2024-04-30 15:19:35,974 - sampler: beta
2024-04-30 15:19:35,974 - multiple_ood: [1]
2024-04-30 15:19:35,974 - select_number_min: [2]
2024-04-30 15:19:35,974 - select_number_max: [3]
2024-04-30 15:19:35,974 - mlp_hidden_size: [256]
2024-04-30 15:19:35,974 - mlp_dropout: [0.3]
2024-04-30 15:19:35,974 - alpha: [2]
2024-04-30 15:19:35,974 - scale: [8]
2024-04-30 15:19:35,974 - pred_output_path: /home/sharing/disk2/sjh/Outputs/OOD_MIntRec2/msz/msz_MIntRec2_bert-base-uncased_multi-class_1
2024-04-30 15:19:35,974 - model_output_path: /home/sharing/disk2/sjh/Outputs/OOD_MIntRec2/msz/msz_MIntRec2_bert-base-uncased_multi-class_1/models
2024-04-30 15:19:35,974 - pretrained_save_model: /home/sharing/disk2/sjh/Outputs/OOD_MIntRec2/msz/binary_msz_MIntRec2_bert-base-uncased_1
2024-04-30 15:19:35,974 - device: cuda
2024-04-30 15:19:35,974 - ============================== End Params ==============================
2024-04-30 15:19:38,102 - Multimodal Intent Recognition begins...
2024-04-30 15:19:38,102 - Testing begins...
2024-04-30 15:20:06,323 - ***** Out-of-domain Evaluation results *****
2024-04-30 15:20:06,324 -   aupr_in = 0.5685
2024-04-30 15:20:06,324 -   aupr_out = 0.4421
2024-04-30 15:20:06,324 -   auroc = 0.5082
2024-04-30 15:20:06,324 -   der = 0.5571
2024-04-30 15:20:06,324 -   eer = 0.4958
2024-04-30 15:20:06,324 -   fpr95 = 0.9475
2024-04-30 15:20:06,324 - Testing is finished...
2024-04-30 15:20:06,324 - Multimodal intent recognition is finished...
2024-04-30 15:20:06,324 - Results are saved in results/results_msz_MIntRec2.csv
2024-04-30 15:20:06,400 - ============================== Params ==============================
2024-04-30 15:20:06,400 - logger_name: msz_msp_MIntRec2_multi-class_0
2024-04-30 15:20:06,400 - dataset: MIntRec2
2024-04-30 15:20:06,400 - ood_dataset: MIntRec2-OOD
2024-04-30 15:20:06,400 - data_mode: multi-class
2024-04-30 15:20:06,400 - multimodal_method: msz
2024-04-30 15:20:06,401 - method: msz
2024-04-30 15:20:06,401 - ood_detection_method: msp
2024-04-30 15:20:06,401 - text_backbone: bert-base-uncased
2024-04-30 15:20:06,401 - seed: 2
2024-04-30 15:20:06,401 - num_workers: 8
2024-04-30 15:20:06,401 - log_id: msz_msp_MIntRec2_multi-class_0_2024-04-30-15-18-39
2024-04-30 15:20:06,401 - gpu_id: 3
2024-04-30 15:20:06,401 - data_path: /home/sharing/disk2/sjh/intentDataset
2024-04-30 15:20:06,401 - train: False
2024-04-30 15:20:06,401 - tune: True
2024-04-30 15:20:06,401 - ood: True
2024-04-30 15:20:06,402 - save_model: True
2024-04-30 15:20:06,402 - save_results: True
2024-04-30 15:20:06,402 - log_path: logs
2024-04-30 15:20:06,402 - cache_path: cache
2024-04-30 15:20:06,402 - video_data_path: video_data
2024-04-30 15:20:06,402 - audio_data_path: audio_data
2024-04-30 15:20:06,402 - video_feats_path: swin_feats.pkl
2024-04-30 15:20:06,402 - ood_video_feats_path: swin_feats.pkl
2024-04-30 15:20:06,402 - ood_audio_feats_path: wavlm_feats.pkl
2024-04-30 15:20:06,402 - audio_feats_path: wavlm_feats.pkl
2024-04-30 15:20:06,403 - results_path: results
2024-04-30 15:20:06,403 - output_path: /home/sharing/disk2/sjh/Outputs/OOD_MIntRec2/msz
2024-04-30 15:20:06,403 - model_path: models
2024-04-30 15:20:06,403 - config_file_name: msz_MIntRec2
2024-04-30 15:20:06,403 - results_file_name: results_msz_MIntRec2.csv
2024-04-30 15:20:06,403 - text_pretrained_model: /home/sharing/disk1/pretrained_embedding/bert/uncased_L-12_H-768_A-12/
2024-04-30 15:20:06,403 - text_seq_len: 50
2024-04-30 15:20:06,403 - video_seq_len: 180
2024-04-30 15:20:06,403 - audio_seq_len: 400
2024-04-30 15:20:06,403 - text_feat_dim: 768
2024-04-30 15:20:06,403 - video_feat_dim: 256
2024-04-30 15:20:06,404 - audio_feat_dim: 768
2024-04-30 15:20:06,404 - ood_label_id: 30
2024-04-30 15:20:06,404 - num_labels: 30
2024-04-30 15:20:06,404 - num_train_examples: 6165
2024-04-30 15:20:06,404 - need_aligned: True
2024-04-30 15:20:06,404 - freeze_parameters: False
2024-04-30 15:20:06,404 - eval_monitor: acc
2024-04-30 15:20:06,404 - train_batch_size: 32
2024-04-30 15:20:06,404 - eval_batch_size: 16
2024-04-30 15:20:06,404 - num_train_epochs: 100
2024-04-30 15:20:06,405 - lr: [1e-05]
2024-04-30 15:20:06,405 - weight_decay: [0.1]
2024-04-30 15:20:06,405 - wait_patience: 3
2024-04-30 15:20:06,405 - warmup_proportion: [0.01]
2024-04-30 15:20:06,405 - hidden_dims: [768]
2024-04-30 15:20:06,405 - num_attention_heads: [6]
2024-04-30 15:20:06,405 - attention_probs_dropout_prob: [0.3]
2024-04-30 15:20:06,405 - hidden_dropout_prob: [0.3]
2024-04-30 15:20:06,405 - intermediate_size: [768]
2024-04-30 15:20:06,405 - num_hidden_layers: [6]
2024-04-30 15:20:06,405 - max_position_embeddings: [768]
2024-04-30 15:20:06,406 - position_embedding_type: absolute
2024-04-30 15:20:06,406 - batch_first: True
2024-04-30 15:20:06,406 - aligned_method: ['ctc']
2024-04-30 15:20:06,406 - sampler: beta
2024-04-30 15:20:06,406 - multiple_ood: [1]
2024-04-30 15:20:06,406 - select_number_min: [2]
2024-04-30 15:20:06,406 - select_number_max: [3]
2024-04-30 15:20:06,406 - mlp_hidden_size: [256]
2024-04-30 15:20:06,406 - mlp_dropout: [0.3]
2024-04-30 15:20:06,407 - alpha: [2]
2024-04-30 15:20:06,407 - scale: [8]
2024-04-30 15:20:06,407 - pred_output_path: /home/sharing/disk2/sjh/Outputs/OOD_MIntRec2/msz/msz_MIntRec2_bert-base-uncased_multi-class_2
2024-04-30 15:20:06,407 - model_output_path: /home/sharing/disk2/sjh/Outputs/OOD_MIntRec2/msz/msz_MIntRec2_bert-base-uncased_multi-class_2/models
2024-04-30 15:20:06,407 - pretrained_save_model: /home/sharing/disk2/sjh/Outputs/OOD_MIntRec2/msz/binary_msz_MIntRec2_bert-base-uncased_2
2024-04-30 15:20:06,407 - device: cuda
2024-04-30 15:20:06,407 - ============================== End Params ==============================
2024-04-30 15:20:09,598 - Multimodal Intent Recognition begins...
2024-04-30 15:20:09,598 - Testing begins...
2024-04-30 15:20:37,754 - ***** Out-of-domain Evaluation results *****
2024-04-30 15:20:37,755 -   aupr_in = 0.5704
2024-04-30 15:20:37,755 -   aupr_out = 0.4419
2024-04-30 15:20:37,755 -   auroc = 0.5079
2024-04-30 15:20:37,755 -   der = 0.558
2024-04-30 15:20:37,755 -   eer = 0.492
2024-04-30 15:20:37,755 -   fpr95 = 0.9482
2024-04-30 15:20:37,755 - Testing is finished...
2024-04-30 15:20:37,755 - Multimodal intent recognition is finished...
2024-04-30 15:20:37,755 - Results are saved in results/results_msz_MIntRec2.csv
2024-04-30 15:20:37,815 - ============================== Params ==============================
2024-04-30 15:20:37,815 - logger_name: msz_msp_MIntRec2_multi-class_0
2024-04-30 15:20:37,815 - dataset: MIntRec2
2024-04-30 15:20:37,815 - ood_dataset: MIntRec2-OOD
2024-04-30 15:20:37,815 - data_mode: multi-class
2024-04-30 15:20:37,815 - multimodal_method: msz
2024-04-30 15:20:37,815 - method: msz
2024-04-30 15:20:37,815 - ood_detection_method: msp
2024-04-30 15:20:37,815 - text_backbone: bert-base-uncased
2024-04-30 15:20:37,815 - seed: 3
2024-04-30 15:20:37,815 - num_workers: 8
2024-04-30 15:20:37,815 - log_id: msz_msp_MIntRec2_multi-class_0_2024-04-30-15-18-39
2024-04-30 15:20:37,815 - gpu_id: 3
2024-04-30 15:20:37,816 - data_path: /home/sharing/disk2/sjh/intentDataset
2024-04-30 15:20:37,816 - train: False
2024-04-30 15:20:37,816 - tune: True
2024-04-30 15:20:37,816 - ood: True
2024-04-30 15:20:37,816 - save_model: True
2024-04-30 15:20:37,816 - save_results: True
2024-04-30 15:20:37,816 - log_path: logs
2024-04-30 15:20:37,816 - cache_path: cache
2024-04-30 15:20:37,816 - video_data_path: video_data
2024-04-30 15:20:37,816 - audio_data_path: audio_data
2024-04-30 15:20:37,816 - video_feats_path: swin_feats.pkl
2024-04-30 15:20:37,816 - ood_video_feats_path: swin_feats.pkl
2024-04-30 15:20:37,816 - ood_audio_feats_path: wavlm_feats.pkl
2024-04-30 15:20:37,816 - audio_feats_path: wavlm_feats.pkl
2024-04-30 15:20:37,816 - results_path: results
2024-04-30 15:20:37,816 - output_path: /home/sharing/disk2/sjh/Outputs/OOD_MIntRec2/msz
2024-04-30 15:20:37,816 - model_path: models
2024-04-30 15:20:37,816 - config_file_name: msz_MIntRec2
2024-04-30 15:20:37,816 - results_file_name: results_msz_MIntRec2.csv
2024-04-30 15:20:37,816 - text_pretrained_model: /home/sharing/disk1/pretrained_embedding/bert/uncased_L-12_H-768_A-12/
2024-04-30 15:20:37,816 - text_seq_len: 50
2024-04-30 15:20:37,816 - video_seq_len: 180
2024-04-30 15:20:37,816 - audio_seq_len: 400
2024-04-30 15:20:37,816 - text_feat_dim: 768
2024-04-30 15:20:37,816 - video_feat_dim: 256
2024-04-30 15:20:37,816 - audio_feat_dim: 768
2024-04-30 15:20:37,816 - ood_label_id: 30
2024-04-30 15:20:37,816 - num_labels: 30
2024-04-30 15:20:37,816 - num_train_examples: 6165
2024-04-30 15:20:37,816 - need_aligned: True
2024-04-30 15:20:37,816 - freeze_parameters: False
2024-04-30 15:20:37,816 - eval_monitor: acc
2024-04-30 15:20:37,816 - train_batch_size: 32
2024-04-30 15:20:37,816 - eval_batch_size: 16
2024-04-30 15:20:37,816 - num_train_epochs: 100
2024-04-30 15:20:37,816 - lr: [1e-05]
2024-04-30 15:20:37,816 - weight_decay: [0.1]
2024-04-30 15:20:37,816 - wait_patience: 3
2024-04-30 15:20:37,816 - warmup_proportion: [0.01]
2024-04-30 15:20:37,816 - hidden_dims: [768]
2024-04-30 15:20:37,816 - num_attention_heads: [6]
2024-04-30 15:20:37,816 - attention_probs_dropout_prob: [0.3]
2024-04-30 15:20:37,816 - hidden_dropout_prob: [0.3]
2024-04-30 15:20:37,817 - intermediate_size: [768]
2024-04-30 15:20:37,817 - num_hidden_layers: [6]
2024-04-30 15:20:37,817 - max_position_embeddings: [768]
2024-04-30 15:20:37,817 - position_embedding_type: absolute
2024-04-30 15:20:37,817 - batch_first: True
2024-04-30 15:20:37,817 - aligned_method: ['ctc']
2024-04-30 15:20:37,817 - sampler: beta
2024-04-30 15:20:37,817 - multiple_ood: [1]
2024-04-30 15:20:37,817 - select_number_min: [2]
2024-04-30 15:20:37,817 - select_number_max: [3]
2024-04-30 15:20:37,817 - mlp_hidden_size: [256]
2024-04-30 15:20:37,817 - mlp_dropout: [0.3]
2024-04-30 15:20:37,817 - alpha: [2]
2024-04-30 15:20:37,817 - scale: [8]
2024-04-30 15:20:37,817 - pred_output_path: /home/sharing/disk2/sjh/Outputs/OOD_MIntRec2/msz/msz_MIntRec2_bert-base-uncased_multi-class_3
2024-04-30 15:20:37,817 - model_output_path: /home/sharing/disk2/sjh/Outputs/OOD_MIntRec2/msz/msz_MIntRec2_bert-base-uncased_multi-class_3/models
2024-04-30 15:20:37,817 - pretrained_save_model: /home/sharing/disk2/sjh/Outputs/OOD_MIntRec2/msz/binary_msz_MIntRec2_bert-base-uncased_3
2024-04-30 15:20:37,817 - device: cuda
2024-04-30 15:20:37,817 - ============================== End Params ==============================
2024-04-30 15:20:41,117 - Multimodal Intent Recognition begins...
2024-04-30 15:20:41,117 - Testing begins...
2024-04-30 15:21:09,694 - ***** Out-of-domain Evaluation results *****
2024-04-30 15:21:09,695 -   aupr_in = 0.5692
2024-04-30 15:21:09,695 -   aupr_out = 0.4413
2024-04-30 15:21:09,695 -   auroc = 0.505
2024-04-30 15:21:09,695 -   der = 0.5554
2024-04-30 15:21:09,695 -   eer = 0.4958
2024-04-30 15:21:09,695 -   fpr95 = 0.9443
2024-04-30 15:21:09,695 - Testing is finished...
2024-04-30 15:21:09,695 - Multimodal intent recognition is finished...
2024-04-30 15:21:09,695 - Results are saved in results/results_msz_MIntRec2.csv
2024-04-30 15:21:09,754 - ============================== Params ==============================
2024-04-30 15:21:09,754 - logger_name: msz_msp_MIntRec2_multi-class_0
2024-04-30 15:21:09,754 - dataset: MIntRec2
2024-04-30 15:21:09,754 - ood_dataset: MIntRec2-OOD
2024-04-30 15:21:09,754 - data_mode: multi-class
2024-04-30 15:21:09,754 - multimodal_method: msz
2024-04-30 15:21:09,754 - method: msz
2024-04-30 15:21:09,754 - ood_detection_method: msp
2024-04-30 15:21:09,754 - text_backbone: bert-base-uncased
2024-04-30 15:21:09,754 - seed: 4
2024-04-30 15:21:09,754 - num_workers: 8
2024-04-30 15:21:09,754 - log_id: msz_msp_MIntRec2_multi-class_0_2024-04-30-15-18-39
2024-04-30 15:21:09,754 - gpu_id: 3
2024-04-30 15:21:09,754 - data_path: /home/sharing/disk2/sjh/intentDataset
2024-04-30 15:21:09,754 - train: False
2024-04-30 15:21:09,754 - tune: True
2024-04-30 15:21:09,754 - ood: True
2024-04-30 15:21:09,754 - save_model: True
2024-04-30 15:21:09,754 - save_results: True
2024-04-30 15:21:09,754 - log_path: logs
2024-04-30 15:21:09,754 - cache_path: cache
2024-04-30 15:21:09,754 - video_data_path: video_data
2024-04-30 15:21:09,755 - audio_data_path: audio_data
2024-04-30 15:21:09,755 - video_feats_path: swin_feats.pkl
2024-04-30 15:21:09,755 - ood_video_feats_path: swin_feats.pkl
2024-04-30 15:21:09,755 - ood_audio_feats_path: wavlm_feats.pkl
2024-04-30 15:21:09,755 - audio_feats_path: wavlm_feats.pkl
2024-04-30 15:21:09,755 - results_path: results
2024-04-30 15:21:09,755 - output_path: /home/sharing/disk2/sjh/Outputs/OOD_MIntRec2/msz
2024-04-30 15:21:09,755 - model_path: models
2024-04-30 15:21:09,755 - config_file_name: msz_MIntRec2
2024-04-30 15:21:09,755 - results_file_name: results_msz_MIntRec2.csv
2024-04-30 15:21:09,755 - text_pretrained_model: /home/sharing/disk1/pretrained_embedding/bert/uncased_L-12_H-768_A-12/
2024-04-30 15:21:09,755 - text_seq_len: 50
2024-04-30 15:21:09,755 - video_seq_len: 180
2024-04-30 15:21:09,755 - audio_seq_len: 400
2024-04-30 15:21:09,755 - text_feat_dim: 768
2024-04-30 15:21:09,755 - video_feat_dim: 256
2024-04-30 15:21:09,755 - audio_feat_dim: 768
2024-04-30 15:21:09,755 - ood_label_id: 30
2024-04-30 15:21:09,755 - num_labels: 30
2024-04-30 15:21:09,755 - num_train_examples: 6165
2024-04-30 15:21:09,755 - need_aligned: True
2024-04-30 15:21:09,755 - freeze_parameters: False
2024-04-30 15:21:09,755 - eval_monitor: acc
2024-04-30 15:21:09,755 - train_batch_size: 32
2024-04-30 15:21:09,755 - eval_batch_size: 16
2024-04-30 15:21:09,755 - num_train_epochs: 100
2024-04-30 15:21:09,755 - lr: [1e-05]
2024-04-30 15:21:09,755 - weight_decay: [0.1]
2024-04-30 15:21:09,755 - wait_patience: 3
2024-04-30 15:21:09,755 - warmup_proportion: [0.01]
2024-04-30 15:21:09,755 - hidden_dims: [768]
2024-04-30 15:21:09,755 - num_attention_heads: [6]
2024-04-30 15:21:09,755 - attention_probs_dropout_prob: [0.3]
2024-04-30 15:21:09,755 - hidden_dropout_prob: [0.3]
2024-04-30 15:21:09,755 - intermediate_size: [768]
2024-04-30 15:21:09,755 - num_hidden_layers: [6]
2024-04-30 15:21:09,755 - max_position_embeddings: [768]
2024-04-30 15:21:09,755 - position_embedding_type: absolute
2024-04-30 15:21:09,755 - batch_first: True
2024-04-30 15:21:09,755 - aligned_method: ['ctc']
2024-04-30 15:21:09,755 - sampler: beta
2024-04-30 15:21:09,755 - multiple_ood: [1]
2024-04-30 15:21:09,755 - select_number_min: [2]
2024-04-30 15:21:09,755 - select_number_max: [3]
2024-04-30 15:21:09,756 - mlp_hidden_size: [256]
2024-04-30 15:21:09,756 - mlp_dropout: [0.3]
2024-04-30 15:21:09,756 - alpha: [2]
2024-04-30 15:21:09,756 - scale: [8]
2024-04-30 15:21:09,756 - pred_output_path: /home/sharing/disk2/sjh/Outputs/OOD_MIntRec2/msz/msz_MIntRec2_bert-base-uncased_multi-class_4
2024-04-30 15:21:09,756 - model_output_path: /home/sharing/disk2/sjh/Outputs/OOD_MIntRec2/msz/msz_MIntRec2_bert-base-uncased_multi-class_4/models
2024-04-30 15:21:09,756 - pretrained_save_model: /home/sharing/disk2/sjh/Outputs/OOD_MIntRec2/msz/binary_msz_MIntRec2_bert-base-uncased_4
2024-04-30 15:21:09,756 - device: cuda
2024-04-30 15:21:09,756 - ============================== End Params ==============================
2024-04-30 15:21:13,825 - Multimodal Intent Recognition begins...
2024-04-30 15:21:13,825 - Testing begins...
2024-04-30 15:21:41,944 - ***** Out-of-domain Evaluation results *****
2024-04-30 15:21:41,944 -   aupr_in = 0.5703
2024-04-30 15:21:41,944 -   aupr_out = 0.4424
2024-04-30 15:21:41,944 -   auroc = 0.5077
2024-04-30 15:21:41,944 -   der = 0.556
2024-04-30 15:21:41,944 -   eer = 0.4952
2024-04-30 15:21:41,944 -   fpr95 = 0.9456
2024-04-30 15:21:41,944 - Testing is finished...
2024-04-30 15:21:41,944 - Multimodal intent recognition is finished...
2024-04-30 15:21:41,945 - Results are saved in results/results_msz_MIntRec2.csv
