2024-04-30 15:08:02,160 - Lists of intent labels are: ['Complain', 'Praise', 'Apologise', 'Thank', 'Criticize', 'Agree', 'Taunt', 'Flaunt', 'Joke', 'Oppose', 'Comfort', 'Care', 'Inform', 'Advise', 'Arrange', 'Introduce', 'Leave', 'Prevent', 'Greet', 'Ask for help']
2024-04-30 15:08:02,160 - ID Data preparation...
2024-04-30 15:08:08,916 - OOD Data preparation...
2024-04-30 15:08:10,345 - ============================== Params ==============================
2024-04-30 15:08:10,346 - logger_name: msz_msp_MIntRec_multi-class_0
2024-04-30 15:08:10,346 - dataset: MIntRec
2024-04-30 15:08:10,346 - ood_dataset: MIntRec-OOD
2024-04-30 15:08:10,346 - data_mode: multi-class
2024-04-30 15:08:10,346 - multimodal_method: msz
2024-04-30 15:08:10,346 - method: msz
2024-04-30 15:08:10,346 - ood_detection_method: msp
2024-04-30 15:08:10,346 - text_backbone: bert-base-uncased
2024-04-30 15:08:10,346 - seed: 0
2024-04-30 15:08:10,346 - num_workers: 8
2024-04-30 15:08:10,346 - log_id: msz_msp_MIntRec_multi-class_0_2024-04-30-15-08-02
2024-04-30 15:08:10,346 - gpu_id: 2
2024-04-30 15:08:10,346 - data_path: /home/sharing/disk2/sjh/intentDataset
2024-04-30 15:08:10,346 - train: False
2024-04-30 15:08:10,346 - tune: True
2024-04-30 15:08:10,346 - ood: True
2024-04-30 15:08:10,346 - save_model: True
2024-04-30 15:08:10,346 - save_results: True
2024-04-30 15:08:10,346 - log_path: logs
2024-04-30 15:08:10,346 - cache_path: cache
2024-04-30 15:08:10,346 - video_data_path: video_data
2024-04-30 15:08:10,346 - audio_data_path: audio_data
2024-04-30 15:08:10,346 - video_feats_path: swin_feats.pkl
2024-04-30 15:08:10,346 - ood_video_feats_path: swin_feats.pkl
2024-04-30 15:08:10,346 - ood_audio_feats_path: wavlm_feats.pkl
2024-04-30 15:08:10,346 - audio_feats_path: wavlm_feats.pkl
2024-04-30 15:08:10,346 - results_path: results
2024-04-30 15:08:10,346 - output_path: /home/sharing/disk2/sjh/Outputs/OOD_MIntRec/msz
2024-04-30 15:08:10,346 - model_path: models
2024-04-30 15:08:10,346 - config_file_name: msz_MIntRec
2024-04-30 15:08:10,346 - results_file_name: results_msz_MIntRec.csv
2024-04-30 15:08:10,346 - text_pretrained_model: /home/sharing/disk1/pretrained_embedding/bert/uncased_L-12_H-768_A-12/
2024-04-30 15:08:10,346 - text_seq_len: 30
2024-04-30 15:08:10,346 - video_seq_len: 230
2024-04-30 15:08:10,346 - audio_seq_len: 480
2024-04-30 15:08:10,346 - text_feat_dim: 768
2024-04-30 15:08:10,346 - video_feat_dim: 1024
2024-04-30 15:08:10,346 - audio_feat_dim: 768
2024-04-30 15:08:10,346 - ood_label_id: 20
2024-04-30 15:08:10,346 - num_labels: 20
2024-04-30 15:08:10,346 - num_train_examples: 1334
2024-04-30 15:08:10,346 - need_aligned: True
2024-04-30 15:08:10,347 - freeze_parameters: False
2024-04-30 15:08:10,347 - eval_monitor: acc
2024-04-30 15:08:10,347 - train_batch_size: 32
2024-04-30 15:08:10,347 - eval_batch_size: 16
2024-04-30 15:08:10,347 - num_train_epochs: 100
2024-04-30 15:08:10,347 - lr: [2e-05]
2024-04-30 15:08:10,347 - weight_decay: [0.1]
2024-04-30 15:08:10,347 - wait_patience: 5
2024-04-30 15:08:10,347 - warmup_proportion: [0.1]
2024-04-30 15:08:10,347 - hidden_dims: [768]
2024-04-30 15:08:10,347 - num_attention_heads: [4]
2024-04-30 15:08:10,347 - attention_probs_dropout_prob: [0.3]
2024-04-30 15:08:10,347 - hidden_dropout_prob: [0.1]
2024-04-30 15:08:10,347 - intermediate_size: [768]
2024-04-30 15:08:10,347 - num_hidden_layers: [4]
2024-04-30 15:08:10,347 - max_position_embeddings: [900]
2024-04-30 15:08:10,347 - position_embedding_type: absolute
2024-04-30 15:08:10,347 - batch_first: True
2024-04-30 15:08:10,347 - aligned_method: ['ctc']
2024-04-30 15:08:10,347 - sampler: mood
2024-04-30 15:08:10,347 - multiple_ood: [1]
2024-04-30 15:08:10,347 - select_number_min: [2]
2024-04-30 15:08:10,347 - select_number_max: [3]
2024-04-30 15:08:10,347 - mlp_hidden_size: [256]
2024-04-30 15:08:10,347 - mlp_dropout: [0.3]
2024-04-30 15:08:10,347 - alpha: [4]
2024-04-30 15:08:10,347 - scale: [16]
2024-04-30 15:08:10,347 - pred_output_path: /home/sharing/disk2/sjh/Outputs/OOD_MIntRec/msz/msz_MIntRec_bert-base-uncased_multi-class_0
2024-04-30 15:08:10,347 - model_output_path: /home/sharing/disk2/sjh/Outputs/OOD_MIntRec/msz/msz_MIntRec_bert-base-uncased_multi-class_0/models
2024-04-30 15:08:10,347 - pretrained_save_model: /home/sharing/disk2/sjh/Outputs/OOD_MIntRec/msz/binary_msz_MIntRec_bert-base-uncased_0
2024-04-30 15:08:10,347 - ============================== End Params ==============================
2024-04-30 15:08:14,258 - Multimodal Intent Recognition begins...
2024-04-30 15:08:14,258 - Testing begins...
2024-04-30 15:08:23,216 - ***** Out-of-domain Evaluation results *****
2024-04-30 15:08:23,216 -   aupr_in = 0.7412
2024-04-30 15:08:23,217 -   aupr_out = 0.7157
2024-04-30 15:08:23,217 -   auroc = 0.742
2024-04-30 15:08:23,217 -   der = 0.4237
2024-04-30 15:08:23,217 -   eer = 0.32
2024-04-30 15:08:23,217 -   fpr95 = 0.8044
2024-04-30 15:08:23,217 - Testing is finished...
2024-04-30 15:08:23,217 - Multimodal intent recognition is finished...
2024-04-30 15:08:23,217 - Results are saved in results/results_msz_MIntRec.csv
2024-04-30 15:08:23,265 - ============================== Params ==============================
2024-04-30 15:08:23,265 - logger_name: msz_msp_MIntRec_multi-class_0
2024-04-30 15:08:23,265 - dataset: MIntRec
2024-04-30 15:08:23,265 - ood_dataset: MIntRec-OOD
2024-04-30 15:08:23,265 - data_mode: multi-class
2024-04-30 15:08:23,265 - multimodal_method: msz
2024-04-30 15:08:23,265 - method: msz
2024-04-30 15:08:23,265 - ood_detection_method: msp
2024-04-30 15:08:23,265 - text_backbone: bert-base-uncased
2024-04-30 15:08:23,265 - seed: 1
2024-04-30 15:08:23,265 - num_workers: 8
2024-04-30 15:08:23,265 - log_id: msz_msp_MIntRec_multi-class_0_2024-04-30-15-08-02
2024-04-30 15:08:23,265 - gpu_id: 2
2024-04-30 15:08:23,265 - data_path: /home/sharing/disk2/sjh/intentDataset
2024-04-30 15:08:23,265 - train: False
2024-04-30 15:08:23,265 - tune: True
2024-04-30 15:08:23,265 - ood: True
2024-04-30 15:08:23,265 - save_model: True
2024-04-30 15:08:23,265 - save_results: True
2024-04-30 15:08:23,265 - log_path: logs
2024-04-30 15:08:23,265 - cache_path: cache
2024-04-30 15:08:23,265 - video_data_path: video_data
2024-04-30 15:08:23,265 - audio_data_path: audio_data
2024-04-30 15:08:23,265 - video_feats_path: swin_feats.pkl
2024-04-30 15:08:23,265 - ood_video_feats_path: swin_feats.pkl
2024-04-30 15:08:23,265 - ood_audio_feats_path: wavlm_feats.pkl
2024-04-30 15:08:23,265 - audio_feats_path: wavlm_feats.pkl
2024-04-30 15:08:23,266 - results_path: results
2024-04-30 15:08:23,266 - output_path: /home/sharing/disk2/sjh/Outputs/OOD_MIntRec/msz
2024-04-30 15:08:23,266 - model_path: models
2024-04-30 15:08:23,266 - config_file_name: msz_MIntRec
2024-04-30 15:08:23,266 - results_file_name: results_msz_MIntRec.csv
2024-04-30 15:08:23,266 - text_pretrained_model: /home/sharing/disk1/pretrained_embedding/bert/uncased_L-12_H-768_A-12/
2024-04-30 15:08:23,266 - text_seq_len: 30
2024-04-30 15:08:23,266 - video_seq_len: 230
2024-04-30 15:08:23,266 - audio_seq_len: 480
2024-04-30 15:08:23,266 - text_feat_dim: 768
2024-04-30 15:08:23,266 - video_feat_dim: 1024
2024-04-30 15:08:23,266 - audio_feat_dim: 768
2024-04-30 15:08:23,266 - ood_label_id: 20
2024-04-30 15:08:23,266 - num_labels: 20
2024-04-30 15:08:23,266 - num_train_examples: 1334
2024-04-30 15:08:23,266 - need_aligned: True
2024-04-30 15:08:23,266 - freeze_parameters: False
2024-04-30 15:08:23,266 - eval_monitor: acc
2024-04-30 15:08:23,266 - train_batch_size: 32
2024-04-30 15:08:23,266 - eval_batch_size: 16
2024-04-30 15:08:23,266 - num_train_epochs: 100
2024-04-30 15:08:23,266 - lr: [2e-05]
2024-04-30 15:08:23,266 - weight_decay: [0.1]
2024-04-30 15:08:23,266 - wait_patience: 5
2024-04-30 15:08:23,266 - warmup_proportion: [0.1]
2024-04-30 15:08:23,266 - hidden_dims: [768]
2024-04-30 15:08:23,266 - num_attention_heads: [4]
2024-04-30 15:08:23,266 - attention_probs_dropout_prob: [0.3]
2024-04-30 15:08:23,266 - hidden_dropout_prob: [0.1]
2024-04-30 15:08:23,266 - intermediate_size: [768]
2024-04-30 15:08:23,266 - num_hidden_layers: [4]
2024-04-30 15:08:23,266 - max_position_embeddings: [900]
2024-04-30 15:08:23,266 - position_embedding_type: absolute
2024-04-30 15:08:23,266 - batch_first: True
2024-04-30 15:08:23,266 - aligned_method: ['ctc']
2024-04-30 15:08:23,266 - sampler: mood
2024-04-30 15:08:23,266 - multiple_ood: [1]
2024-04-30 15:08:23,266 - select_number_min: [2]
2024-04-30 15:08:23,266 - select_number_max: [3]
2024-04-30 15:08:23,266 - mlp_hidden_size: [256]
2024-04-30 15:08:23,266 - mlp_dropout: [0.3]
2024-04-30 15:08:23,266 - alpha: [4]
2024-04-30 15:08:23,266 - scale: [16]
2024-04-30 15:08:23,267 - pred_output_path: /home/sharing/disk2/sjh/Outputs/OOD_MIntRec/msz/msz_MIntRec_bert-base-uncased_multi-class_1
2024-04-30 15:08:23,267 - model_output_path: /home/sharing/disk2/sjh/Outputs/OOD_MIntRec/msz/msz_MIntRec_bert-base-uncased_multi-class_1/models
2024-04-30 15:08:23,267 - pretrained_save_model: /home/sharing/disk2/sjh/Outputs/OOD_MIntRec/msz/binary_msz_MIntRec_bert-base-uncased_1
2024-04-30 15:08:23,267 - device: cuda
2024-04-30 15:08:23,267 - ============================== End Params ==============================
2024-04-30 15:08:25,240 - Multimodal Intent Recognition begins...
2024-04-30 15:08:25,240 - Testing begins...
2024-04-30 15:08:32,693 - ***** Out-of-domain Evaluation results *****
2024-04-30 15:08:32,693 -   aupr_in = 0.7546
2024-04-30 15:08:32,694 -   aupr_out = 0.735
2024-04-30 15:08:32,694 -   auroc = 0.7478
2024-04-30 15:08:32,694 -   der = 0.4138
2024-04-30 15:08:32,694 -   eer = 0.32
2024-04-30 15:08:32,694 -   fpr95 = 0.7822
2024-04-30 15:08:32,694 - Testing is finished...
2024-04-30 15:08:32,694 - Multimodal intent recognition is finished...
2024-04-30 15:08:32,694 - Results are saved in results/results_msz_MIntRec.csv
2024-04-30 15:08:32,796 - ============================== Params ==============================
2024-04-30 15:08:32,796 - logger_name: msz_msp_MIntRec_multi-class_0
2024-04-30 15:08:32,796 - dataset: MIntRec
2024-04-30 15:08:32,796 - ood_dataset: MIntRec-OOD
2024-04-30 15:08:32,796 - data_mode: multi-class
2024-04-30 15:08:32,796 - multimodal_method: msz
2024-04-30 15:08:32,797 - method: msz
2024-04-30 15:08:32,797 - ood_detection_method: msp
2024-04-30 15:08:32,797 - text_backbone: bert-base-uncased
2024-04-30 15:08:32,797 - seed: 2
2024-04-30 15:08:32,797 - num_workers: 8
2024-04-30 15:08:32,797 - log_id: msz_msp_MIntRec_multi-class_0_2024-04-30-15-08-02
2024-04-30 15:08:32,797 - gpu_id: 2
2024-04-30 15:08:32,797 - data_path: /home/sharing/disk2/sjh/intentDataset
2024-04-30 15:08:32,797 - train: False
2024-04-30 15:08:32,797 - tune: True
2024-04-30 15:08:32,797 - ood: True
2024-04-30 15:08:32,797 - save_model: True
2024-04-30 15:08:32,797 - save_results: True
2024-04-30 15:08:32,797 - log_path: logs
2024-04-30 15:08:32,797 - cache_path: cache
2024-04-30 15:08:32,797 - video_data_path: video_data
2024-04-30 15:08:32,797 - audio_data_path: audio_data
2024-04-30 15:08:32,797 - video_feats_path: swin_feats.pkl
2024-04-30 15:08:32,797 - ood_video_feats_path: swin_feats.pkl
2024-04-30 15:08:32,797 - ood_audio_feats_path: wavlm_feats.pkl
2024-04-30 15:08:32,797 - audio_feats_path: wavlm_feats.pkl
2024-04-30 15:08:32,797 - results_path: results
2024-04-30 15:08:32,797 - output_path: /home/sharing/disk2/sjh/Outputs/OOD_MIntRec/msz
2024-04-30 15:08:32,797 - model_path: models
2024-04-30 15:08:32,797 - config_file_name: msz_MIntRec
2024-04-30 15:08:32,797 - results_file_name: results_msz_MIntRec.csv
2024-04-30 15:08:32,797 - text_pretrained_model: /home/sharing/disk1/pretrained_embedding/bert/uncased_L-12_H-768_A-12/
2024-04-30 15:08:32,797 - text_seq_len: 30
2024-04-30 15:08:32,797 - video_seq_len: 230
2024-04-30 15:08:32,797 - audio_seq_len: 480
2024-04-30 15:08:32,797 - text_feat_dim: 768
2024-04-30 15:08:32,797 - video_feat_dim: 1024
2024-04-30 15:08:32,797 - audio_feat_dim: 768
2024-04-30 15:08:32,797 - ood_label_id: 20
2024-04-30 15:08:32,797 - num_labels: 20
2024-04-30 15:08:32,797 - num_train_examples: 1334
2024-04-30 15:08:32,797 - need_aligned: True
2024-04-30 15:08:32,798 - freeze_parameters: False
2024-04-30 15:08:32,798 - eval_monitor: acc
2024-04-30 15:08:32,798 - train_batch_size: 32
2024-04-30 15:08:32,798 - eval_batch_size: 16
2024-04-30 15:08:32,798 - num_train_epochs: 100
2024-04-30 15:08:32,798 - lr: [2e-05]
2024-04-30 15:08:32,798 - weight_decay: [0.1]
2024-04-30 15:08:32,798 - wait_patience: 5
2024-04-30 15:08:32,798 - warmup_proportion: [0.1]
2024-04-30 15:08:32,798 - hidden_dims: [768]
2024-04-30 15:08:32,798 - num_attention_heads: [4]
2024-04-30 15:08:32,798 - attention_probs_dropout_prob: [0.3]
2024-04-30 15:08:32,798 - hidden_dropout_prob: [0.1]
2024-04-30 15:08:32,798 - intermediate_size: [768]
2024-04-30 15:08:32,798 - num_hidden_layers: [4]
2024-04-30 15:08:32,798 - max_position_embeddings: [900]
2024-04-30 15:08:32,798 - position_embedding_type: absolute
2024-04-30 15:08:32,798 - batch_first: True
2024-04-30 15:08:32,798 - aligned_method: ['ctc']
2024-04-30 15:08:32,798 - sampler: mood
2024-04-30 15:08:32,798 - multiple_ood: [1]
2024-04-30 15:08:32,798 - select_number_min: [2]
2024-04-30 15:08:32,798 - select_number_max: [3]
2024-04-30 15:08:32,798 - mlp_hidden_size: [256]
2024-04-30 15:08:32,798 - mlp_dropout: [0.3]
2024-04-30 15:08:32,798 - alpha: [4]
2024-04-30 15:08:32,798 - scale: [16]
2024-04-30 15:08:32,798 - pred_output_path: /home/sharing/disk2/sjh/Outputs/OOD_MIntRec/msz/msz_MIntRec_bert-base-uncased_multi-class_2
2024-04-30 15:08:32,798 - model_output_path: /home/sharing/disk2/sjh/Outputs/OOD_MIntRec/msz/msz_MIntRec_bert-base-uncased_multi-class_2/models
2024-04-30 15:08:32,798 - pretrained_save_model: /home/sharing/disk2/sjh/Outputs/OOD_MIntRec/msz/binary_msz_MIntRec_bert-base-uncased_2
2024-04-30 15:08:32,798 - device: cuda
2024-04-30 15:08:32,798 - ============================== End Params ==============================
2024-04-30 15:08:34,932 - Multimodal Intent Recognition begins...
2024-04-30 15:08:34,932 - Testing begins...
2024-04-30 15:08:42,749 - ***** Out-of-domain Evaluation results *****
2024-04-30 15:08:42,749 -   aupr_in = 0.7569
2024-04-30 15:08:42,749 -   aupr_out = 0.7268
2024-04-30 15:08:42,749 -   auroc = 0.7504
2024-04-30 15:08:42,749 -   der = 0.4237
2024-04-30 15:08:42,749 -   eer = 0.3133
2024-04-30 15:08:42,749 -   fpr95 = 0.8022
2024-04-30 15:08:42,749 - Testing is finished...
2024-04-30 15:08:42,749 - Multimodal intent recognition is finished...
2024-04-30 15:08:42,750 - Results are saved in results/results_msz_MIntRec.csv
2024-04-30 15:08:42,819 - ============================== Params ==============================
2024-04-30 15:08:42,819 - logger_name: msz_msp_MIntRec_multi-class_0
2024-04-30 15:08:42,819 - dataset: MIntRec
2024-04-30 15:08:42,819 - ood_dataset: MIntRec-OOD
2024-04-30 15:08:42,819 - data_mode: multi-class
2024-04-30 15:08:42,819 - multimodal_method: msz
2024-04-30 15:08:42,820 - method: msz
2024-04-30 15:08:42,820 - ood_detection_method: msp
2024-04-30 15:08:42,820 - text_backbone: bert-base-uncased
2024-04-30 15:08:42,820 - seed: 3
2024-04-30 15:08:42,820 - num_workers: 8
2024-04-30 15:08:42,820 - log_id: msz_msp_MIntRec_multi-class_0_2024-04-30-15-08-02
2024-04-30 15:08:42,820 - gpu_id: 2
2024-04-30 15:08:42,820 - data_path: /home/sharing/disk2/sjh/intentDataset
2024-04-30 15:08:42,820 - train: False
2024-04-30 15:08:42,820 - tune: True
2024-04-30 15:08:42,820 - ood: True
2024-04-30 15:08:42,820 - save_model: True
2024-04-30 15:08:42,820 - save_results: True
2024-04-30 15:08:42,820 - log_path: logs
2024-04-30 15:08:42,820 - cache_path: cache
2024-04-30 15:08:42,820 - video_data_path: video_data
2024-04-30 15:08:42,820 - audio_data_path: audio_data
2024-04-30 15:08:42,820 - video_feats_path: swin_feats.pkl
2024-04-30 15:08:42,820 - ood_video_feats_path: swin_feats.pkl
2024-04-30 15:08:42,820 - ood_audio_feats_path: wavlm_feats.pkl
2024-04-30 15:08:42,820 - audio_feats_path: wavlm_feats.pkl
2024-04-30 15:08:42,820 - results_path: results
2024-04-30 15:08:42,820 - output_path: /home/sharing/disk2/sjh/Outputs/OOD_MIntRec/msz
2024-04-30 15:08:42,820 - model_path: models
2024-04-30 15:08:42,820 - config_file_name: msz_MIntRec
2024-04-30 15:08:42,820 - results_file_name: results_msz_MIntRec.csv
2024-04-30 15:08:42,820 - text_pretrained_model: /home/sharing/disk1/pretrained_embedding/bert/uncased_L-12_H-768_A-12/
2024-04-30 15:08:42,820 - text_seq_len: 30
2024-04-30 15:08:42,820 - video_seq_len: 230
2024-04-30 15:08:42,820 - audio_seq_len: 480
2024-04-30 15:08:42,820 - text_feat_dim: 768
2024-04-30 15:08:42,820 - video_feat_dim: 1024
2024-04-30 15:08:42,820 - audio_feat_dim: 768
2024-04-30 15:08:42,820 - ood_label_id: 20
2024-04-30 15:08:42,820 - num_labels: 20
2024-04-30 15:08:42,820 - num_train_examples: 1334
2024-04-30 15:08:42,820 - need_aligned: True
2024-04-30 15:08:42,820 - freeze_parameters: False
2024-04-30 15:08:42,821 - eval_monitor: acc
2024-04-30 15:08:42,821 - train_batch_size: 32
2024-04-30 15:08:42,821 - eval_batch_size: 16
2024-04-30 15:08:42,821 - num_train_epochs: 100
2024-04-30 15:08:42,821 - lr: [2e-05]
2024-04-30 15:08:42,821 - weight_decay: [0.1]
2024-04-30 15:08:42,821 - wait_patience: 5
2024-04-30 15:08:42,821 - warmup_proportion: [0.1]
2024-04-30 15:08:42,821 - hidden_dims: [768]
2024-04-30 15:08:42,821 - num_attention_heads: [4]
2024-04-30 15:08:42,821 - attention_probs_dropout_prob: [0.3]
2024-04-30 15:08:42,821 - hidden_dropout_prob: [0.1]
2024-04-30 15:08:42,821 - intermediate_size: [768]
2024-04-30 15:08:42,821 - num_hidden_layers: [4]
2024-04-30 15:08:42,821 - max_position_embeddings: [900]
2024-04-30 15:08:42,821 - position_embedding_type: absolute
2024-04-30 15:08:42,821 - batch_first: True
2024-04-30 15:08:42,821 - aligned_method: ['ctc']
2024-04-30 15:08:42,821 - sampler: mood
2024-04-30 15:08:42,821 - multiple_ood: [1]
2024-04-30 15:08:42,821 - select_number_min: [2]
2024-04-30 15:08:42,821 - select_number_max: [3]
2024-04-30 15:08:42,821 - mlp_hidden_size: [256]
2024-04-30 15:08:42,821 - mlp_dropout: [0.3]
2024-04-30 15:08:42,821 - alpha: [4]
2024-04-30 15:08:42,821 - scale: [16]
2024-04-30 15:08:42,821 - pred_output_path: /home/sharing/disk2/sjh/Outputs/OOD_MIntRec/msz/msz_MIntRec_bert-base-uncased_multi-class_3
2024-04-30 15:08:42,821 - model_output_path: /home/sharing/disk2/sjh/Outputs/OOD_MIntRec/msz/msz_MIntRec_bert-base-uncased_multi-class_3/models
2024-04-30 15:08:42,821 - pretrained_save_model: /home/sharing/disk2/sjh/Outputs/OOD_MIntRec/msz/binary_msz_MIntRec_bert-base-uncased_3
2024-04-30 15:08:42,821 - device: cuda
2024-04-30 15:08:42,821 - ============================== End Params ==============================
2024-04-30 15:08:44,910 - Multimodal Intent Recognition begins...
2024-04-30 15:08:44,910 - Testing begins...
2024-04-30 15:08:52,484 - ***** Out-of-domain Evaluation results *****
2024-04-30 15:08:52,484 -   aupr_in = 0.7391
2024-04-30 15:08:52,484 -   aupr_out = 0.7178
2024-04-30 15:08:52,484 -   auroc = 0.7406
2024-04-30 15:08:52,484 -   der = 0.4303
2024-04-30 15:08:52,484 -   eer = 0.3178
2024-04-30 15:08:52,484 -   fpr95 = 0.8178
2024-04-30 15:08:52,484 - Testing is finished...
2024-04-30 15:08:52,484 - Multimodal intent recognition is finished...
2024-04-30 15:08:52,484 - Results are saved in results/results_msz_MIntRec.csv
2024-04-30 15:08:52,539 - ============================== Params ==============================
2024-04-30 15:08:52,539 - logger_name: msz_msp_MIntRec_multi-class_0
2024-04-30 15:08:52,539 - dataset: MIntRec
2024-04-30 15:08:52,539 - ood_dataset: MIntRec-OOD
2024-04-30 15:08:52,539 - data_mode: multi-class
2024-04-30 15:08:52,539 - multimodal_method: msz
2024-04-30 15:08:52,539 - method: msz
2024-04-30 15:08:52,539 - ood_detection_method: msp
2024-04-30 15:08:52,539 - text_backbone: bert-base-uncased
2024-04-30 15:08:52,539 - seed: 4
2024-04-30 15:08:52,539 - num_workers: 8
2024-04-30 15:08:52,539 - log_id: msz_msp_MIntRec_multi-class_0_2024-04-30-15-08-02
2024-04-30 15:08:52,539 - gpu_id: 2
2024-04-30 15:08:52,539 - data_path: /home/sharing/disk2/sjh/intentDataset
2024-04-30 15:08:52,539 - train: False
2024-04-30 15:08:52,539 - tune: True
2024-04-30 15:08:52,539 - ood: True
2024-04-30 15:08:52,539 - save_model: True
2024-04-30 15:08:52,539 - save_results: True
2024-04-30 15:08:52,539 - log_path: logs
2024-04-30 15:08:52,539 - cache_path: cache
2024-04-30 15:08:52,539 - video_data_path: video_data
2024-04-30 15:08:52,539 - audio_data_path: audio_data
2024-04-30 15:08:52,539 - video_feats_path: swin_feats.pkl
2024-04-30 15:08:52,539 - ood_video_feats_path: swin_feats.pkl
2024-04-30 15:08:52,539 - ood_audio_feats_path: wavlm_feats.pkl
2024-04-30 15:08:52,539 - audio_feats_path: wavlm_feats.pkl
2024-04-30 15:08:52,539 - results_path: results
2024-04-30 15:08:52,539 - output_path: /home/sharing/disk2/sjh/Outputs/OOD_MIntRec/msz
2024-04-30 15:08:52,539 - model_path: models
2024-04-30 15:08:52,539 - config_file_name: msz_MIntRec
2024-04-30 15:08:52,539 - results_file_name: results_msz_MIntRec.csv
2024-04-30 15:08:52,539 - text_pretrained_model: /home/sharing/disk1/pretrained_embedding/bert/uncased_L-12_H-768_A-12/
2024-04-30 15:08:52,540 - text_seq_len: 30
2024-04-30 15:08:52,540 - video_seq_len: 230
2024-04-30 15:08:52,540 - audio_seq_len: 480
2024-04-30 15:08:52,540 - text_feat_dim: 768
2024-04-30 15:08:52,540 - video_feat_dim: 1024
2024-04-30 15:08:52,540 - audio_feat_dim: 768
2024-04-30 15:08:52,540 - ood_label_id: 20
2024-04-30 15:08:52,540 - num_labels: 20
2024-04-30 15:08:52,540 - num_train_examples: 1334
2024-04-30 15:08:52,540 - need_aligned: True
2024-04-30 15:08:52,540 - freeze_parameters: False
2024-04-30 15:08:52,540 - eval_monitor: acc
2024-04-30 15:08:52,540 - train_batch_size: 32
2024-04-30 15:08:52,540 - eval_batch_size: 16
2024-04-30 15:08:52,540 - num_train_epochs: 100
2024-04-30 15:08:52,540 - lr: [2e-05]
2024-04-30 15:08:52,540 - weight_decay: [0.1]
2024-04-30 15:08:52,540 - wait_patience: 5
2024-04-30 15:08:52,540 - warmup_proportion: [0.1]
2024-04-30 15:08:52,540 - hidden_dims: [768]
2024-04-30 15:08:52,540 - num_attention_heads: [4]
2024-04-30 15:08:52,540 - attention_probs_dropout_prob: [0.3]
2024-04-30 15:08:52,540 - hidden_dropout_prob: [0.1]
2024-04-30 15:08:52,540 - intermediate_size: [768]
2024-04-30 15:08:52,540 - num_hidden_layers: [4]
2024-04-30 15:08:52,540 - max_position_embeddings: [900]
2024-04-30 15:08:52,540 - position_embedding_type: absolute
2024-04-30 15:08:52,540 - batch_first: True
2024-04-30 15:08:52,540 - aligned_method: ['ctc']
2024-04-30 15:08:52,540 - sampler: mood
2024-04-30 15:08:52,540 - multiple_ood: [1]
2024-04-30 15:08:52,540 - select_number_min: [2]
2024-04-30 15:08:52,540 - select_number_max: [3]
2024-04-30 15:08:52,540 - mlp_hidden_size: [256]
2024-04-30 15:08:52,540 - mlp_dropout: [0.3]
2024-04-30 15:08:52,540 - alpha: [4]
2024-04-30 15:08:52,540 - scale: [16]
2024-04-30 15:08:52,540 - pred_output_path: /home/sharing/disk2/sjh/Outputs/OOD_MIntRec/msz/msz_MIntRec_bert-base-uncased_multi-class_4
2024-04-30 15:08:52,541 - model_output_path: /home/sharing/disk2/sjh/Outputs/OOD_MIntRec/msz/msz_MIntRec_bert-base-uncased_multi-class_4/models
2024-04-30 15:08:52,541 - pretrained_save_model: /home/sharing/disk2/sjh/Outputs/OOD_MIntRec/msz/binary_msz_MIntRec_bert-base-uncased_4
2024-04-30 15:08:52,541 - device: cuda
2024-04-30 15:08:52,541 - ============================== End Params ==============================
2024-04-30 15:08:54,662 - Multimodal Intent Recognition begins...
2024-04-30 15:08:54,663 - Testing begins...
2024-04-30 15:09:02,375 - ***** Out-of-domain Evaluation results *****
2024-04-30 15:09:02,375 -   aupr_in = 0.7627
2024-04-30 15:09:02,375 -   aupr_out = 0.7278
2024-04-30 15:09:02,375 -   auroc = 0.7534
2024-04-30 15:09:02,375 -   der = 0.4348
2024-04-30 15:09:02,375 -   eer = 0.3111
2024-04-30 15:09:02,375 -   fpr95 = 0.8267
2024-04-30 15:09:02,376 - Testing is finished...
2024-04-30 15:09:02,376 - Multimodal intent recognition is finished...
2024-04-30 15:09:02,376 - Results are saved in results/results_msz_MIntRec.csv
