2024-04-14 08:33:29,448 - Lists of intent labels are: ['Acknowledge', 'Advise', 'Agree', 'Apologise', 'Arrange', 'Ask for help', 'Asking for opinions', 'Care', 'Comfort', 'Complain', 'Confirm', 'Criticize', 'Doubt', 'Emphasize', 'Explain', 'Flaunt', 'Greet', 'Inform', 'Introduce', 'Invite', 'Joke', 'Leave', 'Oppose', 'Plan', 'Praise', 'Prevent', 'Refuse', 'Taunt', 'Thank', 'Warn']
2024-04-14 08:33:29,448 - ID Data preparation...
2024-04-14 08:33:51,084 - OOD Data preparation...
2024-04-14 08:33:56,099 - ============================== Params ==============================
2024-04-14 08:33:56,099 - logger_name: msz_ma_MIntRec2_multi-class_0
2024-04-14 08:33:56,099 - dataset: MIntRec2
2024-04-14 08:33:56,099 - ood_dataset: MIntRec2-OOD
2024-04-14 08:33:56,099 - data_mode: multi-class
2024-04-14 08:33:56,099 - multimodal_method: msz
2024-04-14 08:33:56,099 - method: msz
2024-04-14 08:33:56,099 - ood_detection_method: ma
2024-04-14 08:33:56,099 - text_backbone: bert-base-uncased
2024-04-14 08:33:56,099 - seed: 0
2024-04-14 08:33:56,099 - num_workers: 8
2024-04-14 08:33:56,099 - log_id: msz_ma_MIntRec2_multi-class_0_2024-04-14-08-33-29
2024-04-14 08:33:56,099 - gpu_id: 2
2024-04-14 08:33:56,100 - data_path: /home/sharing/disk2/sjh/intentDataset
2024-04-14 08:33:56,100 - train: True
2024-04-14 08:33:56,100 - tune: True
2024-04-14 08:33:56,100 - ood: True
2024-04-14 08:33:56,100 - save_model: False
2024-04-14 08:33:56,100 - save_results: True
2024-04-14 08:33:56,100 - log_path: logs
2024-04-14 08:33:56,100 - cache_path: cache
2024-04-14 08:33:56,100 - video_data_path: video_data
2024-04-14 08:33:56,100 - audio_data_path: audio_data
2024-04-14 08:33:56,100 - video_feats_path: swin_feats.pkl
2024-04-14 08:33:56,100 - ood_video_feats_path: swin_feats.pkl
2024-04-14 08:33:56,100 - ood_audio_feats_path: wavlm_feats.pkl
2024-04-14 08:33:56,100 - audio_feats_path: wavlm_feats.pkl
2024-04-14 08:33:56,100 - results_path: results
2024-04-14 08:33:56,100 - output_path: /home/sharing/disk2/sjh/Outputs/OOD_MIntRec2/msz
2024-04-14 08:33:56,100 - model_path: models
2024-04-14 08:33:56,100 - config_file_name: msz_MIntRec2
2024-04-14 08:33:56,100 - results_file_name: results_msz_MIntRec2.csv
2024-04-14 08:33:56,100 - text_pretrained_model: /home/sharing/disk1/pretrained_embedding/bert/uncased_L-12_H-768_A-12/
2024-04-14 08:33:56,100 - text_seq_len: 50
2024-04-14 08:33:56,100 - video_seq_len: 180
2024-04-14 08:33:56,100 - audio_seq_len: 400
2024-04-14 08:33:56,100 - text_feat_dim: 768
2024-04-14 08:33:56,100 - video_feat_dim: 256
2024-04-14 08:33:56,100 - audio_feat_dim: 768
2024-04-14 08:33:56,100 - ood_label_id: 30
2024-04-14 08:33:56,100 - num_labels: 30
2024-04-14 08:33:56,100 - num_train_examples: 6165
2024-04-14 08:33:56,100 - need_aligned: True
2024-04-14 08:33:56,100 - freeze_parameters: False
2024-04-14 08:33:56,100 - eval_monitor: f1
2024-04-14 08:33:56,100 - train_batch_size: 32
2024-04-14 08:33:56,100 - eval_batch_size: 16
2024-04-14 08:33:56,100 - num_train_epochs: 100
2024-04-14 08:33:56,100 - lr: [3e-05, 2e-05, 1e-05]
2024-04-14 08:33:56,100 - weight_decay: [0.1]
2024-04-14 08:33:56,100 - wait_patience: 5
2024-04-14 08:33:56,100 - warmup_proportion: [0.1]
2024-04-14 08:33:56,100 - hidden_dims: [768]
2024-04-14 08:33:56,100 - num_attention_heads: [4, 6, 8]
2024-04-14 08:33:56,100 - attention_probs_dropout_prob: [0.3]
2024-04-14 08:33:56,100 - hidden_dropout_prob: [0.1]
2024-04-14 08:33:56,100 - intermediate_size: [768]
2024-04-14 08:33:56,101 - num_hidden_layers: [4, 5, 6, 7, 8]
2024-04-14 08:33:56,101 - max_position_embeddings: [768]
2024-04-14 08:33:56,101 - position_embedding_type: absolute
2024-04-14 08:33:56,101 - batch_first: True
2024-04-14 08:33:56,101 - aligned_method: ['ctc', 'conv1d']
2024-04-14 08:33:56,101 - multiple_ood: [1]
2024-04-14 08:33:56,101 - select_number_min: [2]
2024-04-14 08:33:56,101 - select_number_max: [3]
2024-04-14 08:33:56,101 - mlp_hidden_size: [256]
2024-04-14 08:33:56,101 - mlp_dropout: [0.3]
2024-04-14 08:33:56,101 - alpha: [3]
2024-04-14 08:33:56,101 - scale: [16]
2024-04-14 08:33:56,101 - pred_output_path: /home/sharing/disk2/sjh/Outputs/OOD_MIntRec2/msz/msz_MIntRec2_bert-base-uncased_multi-class_0
2024-04-14 08:33:56,101 - model_output_path: /home/sharing/disk2/sjh/Outputs/OOD_MIntRec2/msz/msz_MIntRec2_bert-base-uncased_multi-class_0/models
2024-04-14 08:33:56,101 - pretrained_save_model: /home/sharing/disk2/sjh/Outputs/OOD_MIntRec2/msz/binary_msz_MIntRec2_bert-base-uncased_0
2024-04-14 08:33:56,101 - ============================== End Params ==============================
2024-04-14 08:34:00,637 - Multimodal Intent Recognition begins...
2024-04-14 08:34:00,637 - Training begins...
2024-04-14 08:37:11,057 - ***** Epoch: 1: Eval results *****
2024-04-14 08:37:11,057 -   binary_train_loss = 0.6747
2024-04-14 08:37:11,057 -   binary_eval_score = 0.9381
2024-04-14 08:37:11,058 -   train_loss = 2.0265
2024-04-14 08:37:11,058 -   eval_score = 0.5407
2024-04-14 08:37:11,058 -   best_eval_score = 0.0
2024-04-14 08:40:19,628 - ***** Epoch: 2: Eval results *****
2024-04-14 08:40:19,629 -   binary_train_loss = 0.4652
2024-04-14 08:40:19,629 -   binary_eval_score = 0.9652
2024-04-14 08:40:19,629 -   train_loss = 1.3834
2024-04-14 08:40:19,629 -   eval_score = 0.566
2024-04-14 08:40:19,629 -   best_eval_score = 0.5407
2024-04-14 08:43:28,130 - ***** Epoch: 3: Eval results *****
2024-04-14 08:43:28,130 -   binary_train_loss = 0.1303
2024-04-14 08:43:28,130 -   binary_eval_score = 0.9385
2024-04-14 08:43:28,130 -   train_loss = 1.0647
2024-04-14 08:43:28,130 -   eval_score = 0.5524
2024-04-14 08:43:28,130 -   best_eval_score = 0.566
2024-04-14 08:43:28,130 - EarlyStopping counter: 1 out of 5
2024-04-14 08:46:36,423 - ***** Epoch: 4: Eval results *****
2024-04-14 08:46:36,423 -   binary_train_loss = 0.1112
2024-04-14 08:46:36,423 -   binary_eval_score = 0.9901
2024-04-14 08:46:36,423 -   train_loss = 0.7436
2024-04-14 08:46:36,424 -   eval_score = 0.5624
2024-04-14 08:46:36,424 -   best_eval_score = 0.566
2024-04-14 08:46:36,424 - EarlyStopping counter: 2 out of 5
2024-04-14 08:49:44,588 - ***** Epoch: 5: Eval results *****
2024-04-14 08:49:44,588 -   binary_train_loss = 0.0869
2024-04-14 08:49:44,588 -   binary_eval_score = 0.9842
2024-04-14 08:49:44,588 -   train_loss = 0.4924
2024-04-14 08:49:44,588 -   eval_score = 0.5524
2024-04-14 08:49:44,588 -   best_eval_score = 0.566
2024-04-14 08:49:44,588 - EarlyStopping counter: 3 out of 5
2024-04-14 08:52:53,539 - ***** Epoch: 6: Eval results *****
2024-04-14 08:52:53,539 -   binary_train_loss = 0.0825
2024-04-14 08:52:53,539 -   binary_eval_score = 0.9873
2024-04-14 08:52:53,539 -   train_loss = 0.3211
2024-04-14 08:52:53,539 -   eval_score = 0.5723
2024-04-14 08:52:53,539 -   best_eval_score = 0.566
2024-04-14 08:56:01,295 - ***** Epoch: 7: Eval results *****
2024-04-14 08:56:01,296 -   binary_train_loss = 0.0578
2024-04-14 08:56:01,296 -   binary_eval_score = 0.9873
2024-04-14 08:56:01,296 -   train_loss = 0.1965
2024-04-14 08:56:01,296 -   eval_score = 0.5542
2024-04-14 08:56:01,296 -   best_eval_score = 0.5723
2024-04-14 08:56:01,297 - EarlyStopping counter: 1 out of 5
2024-04-14 08:59:11,342 - ***** Epoch: 8: Eval results *****
2024-04-14 08:59:11,342 -   binary_train_loss = 0.0532
2024-04-14 08:59:11,342 -   binary_eval_score = 0.9923
2024-04-14 08:59:11,342 -   train_loss = 0.1516
2024-04-14 08:59:11,342 -   eval_score = 0.5597
2024-04-14 08:59:11,342 -   best_eval_score = 0.5723
2024-04-14 08:59:11,342 - EarlyStopping counter: 2 out of 5
2024-04-14 09:02:19,313 - ***** Epoch: 9: Eval results *****
2024-04-14 09:02:19,314 -   binary_train_loss = 0.054
2024-04-14 09:02:19,314 -   binary_eval_score = 0.9887
2024-04-14 09:02:19,314 -   train_loss = 0.1144
2024-04-14 09:02:19,314 -   eval_score = 0.5443
2024-04-14 09:02:19,314 -   best_eval_score = 0.5723
2024-04-14 09:02:19,314 - EarlyStopping counter: 3 out of 5
2024-04-14 09:05:27,894 - ***** Epoch: 10: Eval results *****
2024-04-14 09:05:27,894 -   binary_train_loss = 0.0498
2024-04-14 09:05:27,895 -   binary_eval_score = 0.9842
2024-04-14 09:05:27,895 -   train_loss = 0.1215
2024-04-14 09:05:27,895 -   eval_score = 0.5371
2024-04-14 09:05:27,895 -   best_eval_score = 0.5723
2024-04-14 09:05:27,895 - EarlyStopping counter: 4 out of 5
2024-04-14 09:08:35,618 - ***** Epoch: 11: Eval results *****
2024-04-14 09:08:35,619 -   binary_train_loss = 0.0435
2024-04-14 09:08:35,619 -   binary_eval_score = 0.9919
2024-04-14 09:08:35,619 -   train_loss = 0.1386
2024-04-14 09:08:35,619 -   eval_score = 0.547
2024-04-14 09:08:35,619 -   best_eval_score = 0.5723
2024-04-14 09:08:35,619 - EarlyStopping counter: 5 out of 5
2024-04-14 09:08:35,619 - EarlyStopping at epoch 11
2024-04-14 09:08:35,623 - Training is finished...
2024-04-14 09:08:35,623 - Testing begins...
2024-04-14 09:09:44,068 - ***** Out-of-domain Evaluation results *****
2024-04-14 09:09:44,068 -   aupr_in = 0.5799
2024-04-14 09:09:44,068 -   aupr_out = 0.4508
2024-04-14 09:09:44,068 -   auroc = 0.5203
2024-04-14 09:09:44,069 -   der = 0.5543
2024-04-14 09:09:44,069 -   eer = 0.483
2024-04-14 09:09:44,069 -   fpr95 = 0.9418
2024-04-14 09:09:44,069 - Testing is finished...
2024-04-14 09:09:44,070 - Multimodal intent recognition is finished...
2024-04-14 09:09:44,070 - Results are saved in results/results_msz_MIntRec2.csv
2024-04-14 09:09:46,850 - Multimodal Intent Recognition begins...
2024-04-14 09:09:46,850 - Training begins...
