2024-05-06 07:38:38,233 - Lists of intent labels are: ['Complain', 'Praise', 'Apologise', 'Thank', 'Criticize', 'Agree', 'Taunt', 'Flaunt', 'Joke', 'Oppose', 'Comfort', 'Care', 'Inform', 'Advise', 'Arrange', 'Introduce', 'Leave', 'Prevent', 'Greet', 'Ask for help']
2024-05-06 07:38:38,233 - ID Data preparation...
2024-05-06 07:38:45,062 - OOD Data preparation...
2024-05-06 07:38:46,688 - ============================== Params ==============================
2024-05-06 07:38:46,688 - logger_name: msz_vim_MIntRec_multi-class_0
2024-05-06 07:38:46,688 - dataset: MIntRec
2024-05-06 07:38:46,688 - ood_dataset: MIntRec-OOD
2024-05-06 07:38:46,688 - data_mode: multi-class
2024-05-06 07:38:46,689 - multimodal_method: msz
2024-05-06 07:38:46,689 - method: msz
2024-05-06 07:38:46,689 - ood_detection_method: vim
2024-05-06 07:38:46,689 - text_backbone: bert-base-uncased
2024-05-06 07:38:46,689 - seed: 0
2024-05-06 07:38:46,689 - num_workers: 8
2024-05-06 07:38:46,689 - log_id: msz_vim_MIntRec_multi-class_0_2024-05-06-07-38-38
2024-05-06 07:38:46,689 - gpu_id: 0
2024-05-06 07:38:46,689 - data_path: /home/sharing/disk2/sjh/intentDataset
2024-05-06 07:38:46,689 - train: False
2024-05-06 07:38:46,689 - tune: True
2024-05-06 07:38:46,689 - ood: True
2024-05-06 07:38:46,689 - save_model: False
2024-05-06 07:38:46,689 - save_results: True
2024-05-06 07:38:46,689 - log_path: logs
2024-05-06 07:38:46,689 - cache_path: cache
2024-05-06 07:38:46,689 - video_data_path: video_data
2024-05-06 07:38:46,689 - audio_data_path: audio_data
2024-05-06 07:38:46,689 - video_feats_path: swin_feats.pkl
2024-05-06 07:38:46,689 - ood_video_feats_path: swin_feats.pkl
2024-05-06 07:38:46,689 - ood_audio_feats_path: wavlm_feats.pkl
2024-05-06 07:38:46,689 - audio_feats_path: wavlm_feats.pkl
2024-05-06 07:38:46,689 - results_path: results
2024-05-06 07:38:46,689 - output_path: /home/sharing/disk2/sjh/Outputs/OOD_MIntRec/msz
2024-05-06 07:38:46,689 - model_path: models
2024-05-06 07:38:46,689 - config_file_name: msz_MIntRec
2024-05-06 07:38:46,689 - results_file_name: results_msz_MIntRec.csv
2024-05-06 07:38:46,689 - text_pretrained_model: /home/sharing/disk1/pretrained_embedding/bert/uncased_L-12_H-768_A-12/
2024-05-06 07:38:46,689 - text_seq_len: 30
2024-05-06 07:38:46,689 - video_seq_len: 230
2024-05-06 07:38:46,689 - audio_seq_len: 480
2024-05-06 07:38:46,689 - text_feat_dim: 768
2024-05-06 07:38:46,689 - video_feat_dim: 1024
2024-05-06 07:38:46,689 - audio_feat_dim: 768
2024-05-06 07:38:46,689 - ood_label_id: 20
2024-05-06 07:38:46,689 - num_labels: 20
2024-05-06 07:38:46,689 - num_train_examples: 1334
2024-05-06 07:38:46,689 - need_aligned: True
2024-05-06 07:38:46,689 - freeze_parameters: False
2024-05-06 07:38:46,689 - eval_monitor: acc
2024-05-06 07:38:46,689 - train_batch_size: 32
2024-05-06 07:38:46,689 - eval_batch_size: 16
2024-05-06 07:38:46,689 - num_train_epochs: 100
2024-05-06 07:38:46,689 - lr: [2e-05]
2024-05-06 07:38:46,690 - weight_decay: [0.1]
2024-05-06 07:38:46,690 - wait_patience: 5
2024-05-06 07:38:46,690 - warmup_proportion: [0.01]
2024-05-06 07:38:46,690 - hidden_dims: [768]
2024-05-06 07:38:46,690 - num_attention_heads: [8]
2024-05-06 07:38:46,690 - attention_probs_dropout_prob: [0.3]
2024-05-06 07:38:46,690 - hidden_dropout_prob: [0.1]
2024-05-06 07:38:46,690 - intermediate_size: [768]
2024-05-06 07:38:46,690 - num_hidden_layers: [4]
2024-05-06 07:38:46,690 - max_position_embeddings: [900]
2024-05-06 07:38:46,690 - position_embedding_type: absolute
2024-05-06 07:38:46,690 - batch_first: True
2024-05-06 07:38:46,690 - aligned_method: ['ctc']
2024-05-06 07:38:46,690 - sampler: beta
2024-05-06 07:38:46,690 - multiple_ood: [1]
2024-05-06 07:38:46,690 - select_number_min: [2]
2024-05-06 07:38:46,690 - select_number_max: [3]
2024-05-06 07:38:46,690 - alpha: [4]
2024-05-06 07:38:46,690 - mlp_hidden_size: [256]
2024-05-06 07:38:46,690 - mlp_dropout: [0.3]
2024-05-06 07:38:46,690 - scale: [8]
2024-05-06 07:38:46,690 - pred_output_path: /home/sharing/disk2/sjh/Outputs/OOD_MIntRec/msz/msz_MIntRec_bert-base-uncased_multi-class_0
2024-05-06 07:38:46,690 - model_output_path: /home/sharing/disk2/sjh/Outputs/OOD_MIntRec/msz/msz_MIntRec_bert-base-uncased_multi-class_0/models
2024-05-06 07:38:46,690 - pretrained_save_model: /home/sharing/disk2/sjh/Outputs/OOD_MIntRec/msz/binary_msz_MIntRec_bert-base-uncased_0
2024-05-06 07:38:46,690 - ============================== End Params ==============================
2024-05-06 07:38:50,415 - Multimodal Intent Recognition begins...
2024-05-06 07:38:50,415 - Testing begins...
2024-05-06 07:39:05,874 - ***** Out-of-domain Evaluation results *****
2024-05-06 07:39:05,874 -   aupr_in = 0.7897
2024-05-06 07:39:05,874 -   aupr_out = 0.7881
2024-05-06 07:39:05,874 -   auroc = 0.7985
2024-05-06 07:39:05,874 -   der = 0.3862
2024-05-06 07:39:05,874 -   eer = 0.2667
2024-05-06 07:39:05,874 -   fpr95 = 0.7267
2024-05-06 07:39:05,875 - Testing is finished...
2024-05-06 07:39:05,875 - Multimodal intent recognition is finished...
2024-05-06 07:39:05,875 - Results are saved in results/results_msz_MIntRec.csv
2024-05-06 07:39:05,971 - ============================== Params ==============================
2024-05-06 07:39:05,971 - logger_name: msz_vim_MIntRec_multi-class_0
2024-05-06 07:39:05,971 - dataset: MIntRec
2024-05-06 07:39:05,971 - ood_dataset: MIntRec-OOD
2024-05-06 07:39:05,971 - data_mode: multi-class
2024-05-06 07:39:05,971 - multimodal_method: msz
2024-05-06 07:39:05,972 - method: msz
2024-05-06 07:39:05,972 - ood_detection_method: vim
2024-05-06 07:39:05,972 - text_backbone: bert-base-uncased
2024-05-06 07:39:05,972 - seed: 1
2024-05-06 07:39:05,972 - num_workers: 8
2024-05-06 07:39:05,972 - log_id: msz_vim_MIntRec_multi-class_0_2024-05-06-07-38-38
2024-05-06 07:39:05,972 - gpu_id: 0
2024-05-06 07:39:05,972 - data_path: /home/sharing/disk2/sjh/intentDataset
2024-05-06 07:39:05,972 - train: False
2024-05-06 07:39:05,972 - tune: True
2024-05-06 07:39:05,972 - ood: True
2024-05-06 07:39:05,972 - save_model: False
2024-05-06 07:39:05,972 - save_results: True
2024-05-06 07:39:05,972 - log_path: logs
2024-05-06 07:39:05,972 - cache_path: cache
2024-05-06 07:39:05,972 - video_data_path: video_data
2024-05-06 07:39:05,972 - audio_data_path: audio_data
2024-05-06 07:39:05,972 - video_feats_path: swin_feats.pkl
2024-05-06 07:39:05,972 - ood_video_feats_path: swin_feats.pkl
2024-05-06 07:39:05,972 - ood_audio_feats_path: wavlm_feats.pkl
2024-05-06 07:39:05,972 - audio_feats_path: wavlm_feats.pkl
2024-05-06 07:39:05,972 - results_path: results
2024-05-06 07:39:05,972 - output_path: /home/sharing/disk2/sjh/Outputs/OOD_MIntRec/msz
2024-05-06 07:39:05,972 - model_path: models
2024-05-06 07:39:05,972 - config_file_name: msz_MIntRec
2024-05-06 07:39:05,972 - results_file_name: results_msz_MIntRec.csv
2024-05-06 07:39:05,972 - text_pretrained_model: /home/sharing/disk1/pretrained_embedding/bert/uncased_L-12_H-768_A-12/
2024-05-06 07:39:05,972 - text_seq_len: 30
2024-05-06 07:39:05,972 - video_seq_len: 230
2024-05-06 07:39:05,972 - audio_seq_len: 480
2024-05-06 07:39:05,972 - text_feat_dim: 768
2024-05-06 07:39:05,972 - video_feat_dim: 1024
2024-05-06 07:39:05,972 - audio_feat_dim: 768
2024-05-06 07:39:05,972 - ood_label_id: 20
2024-05-06 07:39:05,972 - num_labels: 20
2024-05-06 07:39:05,972 - num_train_examples: 1334
2024-05-06 07:39:05,972 - need_aligned: True
2024-05-06 07:39:05,973 - freeze_parameters: False
2024-05-06 07:39:05,973 - eval_monitor: acc
2024-05-06 07:39:05,973 - train_batch_size: 32
2024-05-06 07:39:05,973 - eval_batch_size: 16
2024-05-06 07:39:05,973 - num_train_epochs: 100
2024-05-06 07:39:05,973 - lr: [2e-05]
2024-05-06 07:39:05,973 - weight_decay: [0.1]
2024-05-06 07:39:05,973 - wait_patience: 5
2024-05-06 07:39:05,973 - warmup_proportion: [0.01]
2024-05-06 07:39:05,973 - hidden_dims: [768]
2024-05-06 07:39:05,973 - num_attention_heads: [8]
2024-05-06 07:39:05,973 - attention_probs_dropout_prob: [0.3]
2024-05-06 07:39:05,973 - hidden_dropout_prob: [0.1]
2024-05-06 07:39:05,973 - intermediate_size: [768]
2024-05-06 07:39:05,973 - num_hidden_layers: [4]
2024-05-06 07:39:05,973 - max_position_embeddings: [900]
2024-05-06 07:39:05,973 - position_embedding_type: absolute
2024-05-06 07:39:05,973 - batch_first: True
2024-05-06 07:39:05,973 - aligned_method: ['ctc']
2024-05-06 07:39:05,973 - sampler: beta
2024-05-06 07:39:05,973 - multiple_ood: [1]
2024-05-06 07:39:05,973 - select_number_min: [2]
2024-05-06 07:39:05,973 - select_number_max: [3]
2024-05-06 07:39:05,973 - alpha: [4]
2024-05-06 07:39:05,973 - mlp_hidden_size: [256]
2024-05-06 07:39:05,973 - mlp_dropout: [0.3]
2024-05-06 07:39:05,973 - scale: [8]
2024-05-06 07:39:05,973 - pred_output_path: /home/sharing/disk2/sjh/Outputs/OOD_MIntRec/msz/msz_MIntRec_bert-base-uncased_multi-class_1
2024-05-06 07:39:05,973 - model_output_path: /home/sharing/disk2/sjh/Outputs/OOD_MIntRec/msz/msz_MIntRec_bert-base-uncased_multi-class_1/models
2024-05-06 07:39:05,973 - pretrained_save_model: /home/sharing/disk2/sjh/Outputs/OOD_MIntRec/msz/binary_msz_MIntRec_bert-base-uncased_1
2024-05-06 07:39:05,973 - device: cuda
2024-05-06 07:39:05,973 - ============================== End Params ==============================
2024-05-06 07:39:08,027 - Multimodal Intent Recognition begins...
2024-05-06 07:39:08,027 - Testing begins...
2024-05-06 07:39:22,389 - ***** Out-of-domain Evaluation results *****
2024-05-06 07:39:22,389 -   aupr_in = 0.7918
2024-05-06 07:39:22,389 -   aupr_out = 0.7894
2024-05-06 07:39:22,390 -   auroc = 0.799
2024-05-06 07:39:22,390 -   der = 0.363
2024-05-06 07:39:22,390 -   eer = 0.2667
2024-05-06 07:39:22,390 -   fpr95 = 0.68
2024-05-06 07:39:22,390 - Testing is finished...
2024-05-06 07:39:22,390 - Multimodal intent recognition is finished...
2024-05-06 07:39:22,390 - Results are saved in results/results_msz_MIntRec.csv
2024-05-06 07:39:22,493 - ============================== Params ==============================
2024-05-06 07:39:22,493 - logger_name: msz_vim_MIntRec_multi-class_0
2024-05-06 07:39:22,493 - dataset: MIntRec
2024-05-06 07:39:22,493 - ood_dataset: MIntRec-OOD
2024-05-06 07:39:22,494 - data_mode: multi-class
2024-05-06 07:39:22,494 - multimodal_method: msz
2024-05-06 07:39:22,494 - method: msz
2024-05-06 07:39:22,494 - ood_detection_method: vim
2024-05-06 07:39:22,494 - text_backbone: bert-base-uncased
2024-05-06 07:39:22,494 - seed: 2
2024-05-06 07:39:22,494 - num_workers: 8
2024-05-06 07:39:22,494 - log_id: msz_vim_MIntRec_multi-class_0_2024-05-06-07-38-38
2024-05-06 07:39:22,494 - gpu_id: 0
2024-05-06 07:39:22,494 - data_path: /home/sharing/disk2/sjh/intentDataset
2024-05-06 07:39:22,494 - train: False
2024-05-06 07:39:22,494 - tune: True
2024-05-06 07:39:22,494 - ood: True
2024-05-06 07:39:22,494 - save_model: False
2024-05-06 07:39:22,494 - save_results: True
2024-05-06 07:39:22,494 - log_path: logs
2024-05-06 07:39:22,494 - cache_path: cache
2024-05-06 07:39:22,494 - video_data_path: video_data
2024-05-06 07:39:22,494 - audio_data_path: audio_data
2024-05-06 07:39:22,494 - video_feats_path: swin_feats.pkl
2024-05-06 07:39:22,494 - ood_video_feats_path: swin_feats.pkl
2024-05-06 07:39:22,494 - ood_audio_feats_path: wavlm_feats.pkl
2024-05-06 07:39:22,494 - audio_feats_path: wavlm_feats.pkl
2024-05-06 07:39:22,494 - results_path: results
2024-05-06 07:39:22,494 - output_path: /home/sharing/disk2/sjh/Outputs/OOD_MIntRec/msz
2024-05-06 07:39:22,494 - model_path: models
2024-05-06 07:39:22,494 - config_file_name: msz_MIntRec
2024-05-06 07:39:22,494 - results_file_name: results_msz_MIntRec.csv
2024-05-06 07:39:22,494 - text_pretrained_model: /home/sharing/disk1/pretrained_embedding/bert/uncased_L-12_H-768_A-12/
2024-05-06 07:39:22,494 - text_seq_len: 30
2024-05-06 07:39:22,494 - video_seq_len: 230
2024-05-06 07:39:22,494 - audio_seq_len: 480
2024-05-06 07:39:22,495 - text_feat_dim: 768
2024-05-06 07:39:22,495 - video_feat_dim: 1024
2024-05-06 07:39:22,495 - audio_feat_dim: 768
2024-05-06 07:39:22,495 - ood_label_id: 20
2024-05-06 07:39:22,495 - num_labels: 20
2024-05-06 07:39:22,495 - num_train_examples: 1334
2024-05-06 07:39:22,495 - need_aligned: True
2024-05-06 07:39:22,495 - freeze_parameters: False
2024-05-06 07:39:22,495 - eval_monitor: acc
2024-05-06 07:39:22,495 - train_batch_size: 32
2024-05-06 07:39:22,495 - eval_batch_size: 16
2024-05-06 07:39:22,495 - num_train_epochs: 100
2024-05-06 07:39:22,495 - lr: [2e-05]
2024-05-06 07:39:22,495 - weight_decay: [0.1]
2024-05-06 07:39:22,495 - wait_patience: 5
2024-05-06 07:39:22,495 - warmup_proportion: [0.01]
2024-05-06 07:39:22,495 - hidden_dims: [768]
2024-05-06 07:39:22,495 - num_attention_heads: [8]
2024-05-06 07:39:22,495 - attention_probs_dropout_prob: [0.3]
2024-05-06 07:39:22,495 - hidden_dropout_prob: [0.1]
2024-05-06 07:39:22,495 - intermediate_size: [768]
2024-05-06 07:39:22,495 - num_hidden_layers: [4]
2024-05-06 07:39:22,495 - max_position_embeddings: [900]
2024-05-06 07:39:22,495 - position_embedding_type: absolute
2024-05-06 07:39:22,495 - batch_first: True
2024-05-06 07:39:22,495 - aligned_method: ['ctc']
2024-05-06 07:39:22,495 - sampler: beta
2024-05-06 07:39:22,495 - multiple_ood: [1]
2024-05-06 07:39:22,495 - select_number_min: [2]
2024-05-06 07:39:22,495 - select_number_max: [3]
2024-05-06 07:39:22,495 - alpha: [4]
2024-05-06 07:39:22,495 - mlp_hidden_size: [256]
2024-05-06 07:39:22,496 - mlp_dropout: [0.3]
2024-05-06 07:39:22,496 - scale: [8]
2024-05-06 07:39:22,496 - pred_output_path: /home/sharing/disk2/sjh/Outputs/OOD_MIntRec/msz/msz_MIntRec_bert-base-uncased_multi-class_2
2024-05-06 07:39:22,496 - model_output_path: /home/sharing/disk2/sjh/Outputs/OOD_MIntRec/msz/msz_MIntRec_bert-base-uncased_multi-class_2/models
2024-05-06 07:39:22,496 - pretrained_save_model: /home/sharing/disk2/sjh/Outputs/OOD_MIntRec/msz/binary_msz_MIntRec_bert-base-uncased_2
2024-05-06 07:39:22,496 - device: cuda
2024-05-06 07:39:22,496 - ============================== End Params ==============================
2024-05-06 07:39:24,812 - Multimodal Intent Recognition begins...
2024-05-06 07:39:24,812 - Testing begins...
2024-05-06 07:39:39,159 - ***** Out-of-domain Evaluation results *****
2024-05-06 07:39:39,160 -   aupr_in = 0.7999
2024-05-06 07:39:39,160 -   aupr_out = 0.7728
2024-05-06 07:39:39,160 -   auroc = 0.7884
2024-05-06 07:39:39,160 -   der = 0.3784
2024-05-06 07:39:39,160 -   eer = 0.2889
2024-05-06 07:39:39,160 -   fpr95 = 0.7111
2024-05-06 07:39:39,160 - Testing is finished...
2024-05-06 07:39:39,160 - Multimodal intent recognition is finished...
2024-05-06 07:39:39,160 - Results are saved in results/results_msz_MIntRec.csv
2024-05-06 07:39:39,263 - ============================== Params ==============================
2024-05-06 07:39:39,263 - logger_name: msz_vim_MIntRec_multi-class_0
2024-05-06 07:39:39,264 - dataset: MIntRec
2024-05-06 07:39:39,264 - ood_dataset: MIntRec-OOD
2024-05-06 07:39:39,264 - data_mode: multi-class
2024-05-06 07:39:39,264 - multimodal_method: msz
2024-05-06 07:39:39,264 - method: msz
2024-05-06 07:39:39,264 - ood_detection_method: vim
2024-05-06 07:39:39,264 - text_backbone: bert-base-uncased
2024-05-06 07:39:39,264 - seed: 3
2024-05-06 07:39:39,264 - num_workers: 8
2024-05-06 07:39:39,264 - log_id: msz_vim_MIntRec_multi-class_0_2024-05-06-07-38-38
2024-05-06 07:39:39,264 - gpu_id: 0
2024-05-06 07:39:39,264 - data_path: /home/sharing/disk2/sjh/intentDataset
2024-05-06 07:39:39,264 - train: False
2024-05-06 07:39:39,264 - tune: True
2024-05-06 07:39:39,264 - ood: True
2024-05-06 07:39:39,264 - save_model: False
2024-05-06 07:39:39,264 - save_results: True
2024-05-06 07:39:39,264 - log_path: logs
2024-05-06 07:39:39,264 - cache_path: cache
2024-05-06 07:39:39,264 - video_data_path: video_data
2024-05-06 07:39:39,264 - audio_data_path: audio_data
2024-05-06 07:39:39,264 - video_feats_path: swin_feats.pkl
2024-05-06 07:39:39,264 - ood_video_feats_path: swin_feats.pkl
2024-05-06 07:39:39,264 - ood_audio_feats_path: wavlm_feats.pkl
2024-05-06 07:39:39,264 - audio_feats_path: wavlm_feats.pkl
2024-05-06 07:39:39,264 - results_path: results
2024-05-06 07:39:39,264 - output_path: /home/sharing/disk2/sjh/Outputs/OOD_MIntRec/msz
2024-05-06 07:39:39,264 - model_path: models
2024-05-06 07:39:39,264 - config_file_name: msz_MIntRec
2024-05-06 07:39:39,264 - results_file_name: results_msz_MIntRec.csv
2024-05-06 07:39:39,265 - text_pretrained_model: /home/sharing/disk1/pretrained_embedding/bert/uncased_L-12_H-768_A-12/
2024-05-06 07:39:39,265 - text_seq_len: 30
2024-05-06 07:39:39,265 - video_seq_len: 230
2024-05-06 07:39:39,265 - audio_seq_len: 480
2024-05-06 07:39:39,265 - text_feat_dim: 768
2024-05-06 07:39:39,265 - video_feat_dim: 1024
2024-05-06 07:39:39,265 - audio_feat_dim: 768
2024-05-06 07:39:39,265 - ood_label_id: 20
2024-05-06 07:39:39,265 - num_labels: 20
2024-05-06 07:39:39,265 - num_train_examples: 1334
2024-05-06 07:39:39,265 - need_aligned: True
2024-05-06 07:39:39,265 - freeze_parameters: False
2024-05-06 07:39:39,265 - eval_monitor: acc
2024-05-06 07:39:39,265 - train_batch_size: 32
2024-05-06 07:39:39,265 - eval_batch_size: 16
2024-05-06 07:39:39,265 - num_train_epochs: 100
2024-05-06 07:39:39,265 - lr: [2e-05]
2024-05-06 07:39:39,265 - weight_decay: [0.1]
2024-05-06 07:39:39,265 - wait_patience: 5
2024-05-06 07:39:39,265 - warmup_proportion: [0.01]
2024-05-06 07:39:39,265 - hidden_dims: [768]
2024-05-06 07:39:39,265 - num_attention_heads: [8]
2024-05-06 07:39:39,265 - attention_probs_dropout_prob: [0.3]
2024-05-06 07:39:39,265 - hidden_dropout_prob: [0.1]
2024-05-06 07:39:39,265 - intermediate_size: [768]
2024-05-06 07:39:39,265 - num_hidden_layers: [4]
2024-05-06 07:39:39,265 - max_position_embeddings: [900]
2024-05-06 07:39:39,265 - position_embedding_type: absolute
2024-05-06 07:39:39,265 - batch_first: True
2024-05-06 07:39:39,265 - aligned_method: ['ctc']
2024-05-06 07:39:39,265 - sampler: beta
2024-05-06 07:39:39,265 - multiple_ood: [1]
2024-05-06 07:39:39,266 - select_number_min: [2]
2024-05-06 07:39:39,266 - select_number_max: [3]
2024-05-06 07:39:39,266 - alpha: [4]
2024-05-06 07:39:39,266 - mlp_hidden_size: [256]
2024-05-06 07:39:39,266 - mlp_dropout: [0.3]
2024-05-06 07:39:39,266 - scale: [8]
2024-05-06 07:39:39,266 - pred_output_path: /home/sharing/disk2/sjh/Outputs/OOD_MIntRec/msz/msz_MIntRec_bert-base-uncased_multi-class_3
2024-05-06 07:39:39,266 - model_output_path: /home/sharing/disk2/sjh/Outputs/OOD_MIntRec/msz/msz_MIntRec_bert-base-uncased_multi-class_3/models
2024-05-06 07:39:39,266 - pretrained_save_model: /home/sharing/disk2/sjh/Outputs/OOD_MIntRec/msz/binary_msz_MIntRec_bert-base-uncased_3
2024-05-06 07:39:39,266 - device: cuda
2024-05-06 07:39:39,266 - ============================== End Params ==============================
2024-05-06 07:39:41,446 - Multimodal Intent Recognition begins...
2024-05-06 07:39:41,447 - Testing begins...
2024-05-06 07:39:56,001 - ***** Out-of-domain Evaluation results *****
2024-05-06 07:39:56,001 -   aupr_in = 0.7901
2024-05-06 07:39:56,001 -   aupr_out = 0.7856
2024-05-06 07:39:56,001 -   auroc = 0.7924
2024-05-06 07:39:56,001 -   der = 0.3718
2024-05-06 07:39:56,001 -   eer = 0.2733
2024-05-06 07:39:56,001 -   fpr95 = 0.6978
2024-05-06 07:39:56,001 - Testing is finished...
2024-05-06 07:39:56,002 - Multimodal intent recognition is finished...
2024-05-06 07:39:56,002 - Results are saved in results/results_msz_MIntRec.csv
2024-05-06 07:39:56,095 - ============================== Params ==============================
2024-05-06 07:39:56,095 - logger_name: msz_vim_MIntRec_multi-class_0
2024-05-06 07:39:56,095 - dataset: MIntRec
2024-05-06 07:39:56,095 - ood_dataset: MIntRec-OOD
2024-05-06 07:39:56,095 - data_mode: multi-class
2024-05-06 07:39:56,095 - multimodal_method: msz
2024-05-06 07:39:56,095 - method: msz
2024-05-06 07:39:56,095 - ood_detection_method: vim
2024-05-06 07:39:56,095 - text_backbone: bert-base-uncased
2024-05-06 07:39:56,095 - seed: 4
2024-05-06 07:39:56,095 - num_workers: 8
2024-05-06 07:39:56,095 - log_id: msz_vim_MIntRec_multi-class_0_2024-05-06-07-38-38
2024-05-06 07:39:56,095 - gpu_id: 0
2024-05-06 07:39:56,095 - data_path: /home/sharing/disk2/sjh/intentDataset
2024-05-06 07:39:56,095 - train: False
2024-05-06 07:39:56,095 - tune: True
2024-05-06 07:39:56,095 - ood: True
2024-05-06 07:39:56,095 - save_model: False
2024-05-06 07:39:56,095 - save_results: True
2024-05-06 07:39:56,095 - log_path: logs
2024-05-06 07:39:56,095 - cache_path: cache
2024-05-06 07:39:56,095 - video_data_path: video_data
2024-05-06 07:39:56,095 - audio_data_path: audio_data
2024-05-06 07:39:56,095 - video_feats_path: swin_feats.pkl
2024-05-06 07:39:56,095 - ood_video_feats_path: swin_feats.pkl
2024-05-06 07:39:56,095 - ood_audio_feats_path: wavlm_feats.pkl
2024-05-06 07:39:56,095 - audio_feats_path: wavlm_feats.pkl
2024-05-06 07:39:56,095 - results_path: results
2024-05-06 07:39:56,095 - output_path: /home/sharing/disk2/sjh/Outputs/OOD_MIntRec/msz
2024-05-06 07:39:56,095 - model_path: models
2024-05-06 07:39:56,095 - config_file_name: msz_MIntRec
2024-05-06 07:39:56,095 - results_file_name: results_msz_MIntRec.csv
2024-05-06 07:39:56,095 - text_pretrained_model: /home/sharing/disk1/pretrained_embedding/bert/uncased_L-12_H-768_A-12/
2024-05-06 07:39:56,095 - text_seq_len: 30
2024-05-06 07:39:56,095 - video_seq_len: 230
2024-05-06 07:39:56,096 - audio_seq_len: 480
2024-05-06 07:39:56,096 - text_feat_dim: 768
2024-05-06 07:39:56,096 - video_feat_dim: 1024
2024-05-06 07:39:56,096 - audio_feat_dim: 768
2024-05-06 07:39:56,096 - ood_label_id: 20
2024-05-06 07:39:56,096 - num_labels: 20
2024-05-06 07:39:56,096 - num_train_examples: 1334
2024-05-06 07:39:56,096 - need_aligned: True
2024-05-06 07:39:56,096 - freeze_parameters: False
2024-05-06 07:39:56,096 - eval_monitor: acc
2024-05-06 07:39:56,096 - train_batch_size: 32
2024-05-06 07:39:56,096 - eval_batch_size: 16
2024-05-06 07:39:56,096 - num_train_epochs: 100
2024-05-06 07:39:56,096 - lr: [2e-05]
2024-05-06 07:39:56,096 - weight_decay: [0.1]
2024-05-06 07:39:56,096 - wait_patience: 5
2024-05-06 07:39:56,096 - warmup_proportion: [0.01]
2024-05-06 07:39:56,096 - hidden_dims: [768]
2024-05-06 07:39:56,096 - num_attention_heads: [8]
2024-05-06 07:39:56,096 - attention_probs_dropout_prob: [0.3]
2024-05-06 07:39:56,096 - hidden_dropout_prob: [0.1]
2024-05-06 07:39:56,096 - intermediate_size: [768]
2024-05-06 07:39:56,096 - num_hidden_layers: [4]
2024-05-06 07:39:56,096 - max_position_embeddings: [900]
2024-05-06 07:39:56,096 - position_embedding_type: absolute
2024-05-06 07:39:56,096 - batch_first: True
2024-05-06 07:39:56,096 - aligned_method: ['ctc']
2024-05-06 07:39:56,096 - sampler: beta
2024-05-06 07:39:56,096 - multiple_ood: [1]
2024-05-06 07:39:56,096 - select_number_min: [2]
2024-05-06 07:39:56,096 - select_number_max: [3]
2024-05-06 07:39:56,096 - alpha: [4]
2024-05-06 07:39:56,096 - mlp_hidden_size: [256]
2024-05-06 07:39:56,096 - mlp_dropout: [0.3]
2024-05-06 07:39:56,096 - scale: [8]
2024-05-06 07:39:56,096 - pred_output_path: /home/sharing/disk2/sjh/Outputs/OOD_MIntRec/msz/msz_MIntRec_bert-base-uncased_multi-class_4
2024-05-06 07:39:56,096 - model_output_path: /home/sharing/disk2/sjh/Outputs/OOD_MIntRec/msz/msz_MIntRec_bert-base-uncased_multi-class_4/models
2024-05-06 07:39:56,096 - pretrained_save_model: /home/sharing/disk2/sjh/Outputs/OOD_MIntRec/msz/binary_msz_MIntRec_bert-base-uncased_4
2024-05-06 07:39:56,096 - device: cuda
2024-05-06 07:39:56,096 - ============================== End Params ==============================
2024-05-06 07:39:58,007 - Multimodal Intent Recognition begins...
2024-05-06 07:39:58,007 - Testing begins...
2024-05-06 07:40:12,060 - ***** Out-of-domain Evaluation results *****
2024-05-06 07:40:12,061 -   aupr_in = 0.7867
2024-05-06 07:40:12,061 -   aupr_out = 0.7794
2024-05-06 07:40:12,061 -   auroc = 0.7894
2024-05-06 07:40:12,061 -   der = 0.385
2024-05-06 07:40:12,061 -   eer = 0.2822
2024-05-06 07:40:12,061 -   fpr95 = 0.7244
2024-05-06 07:40:12,061 - Testing is finished...
2024-05-06 07:40:12,062 - Multimodal intent recognition is finished...
2024-05-06 07:40:12,062 - Results are saved in results/results_msz_MIntRec.csv
