2024-04-13 06:39:43,023 - Lists of intent labels are: ['Complain', 'Praise', 'Apologise', 'Thank', 'Criticize', 'Agree', 'Taunt', 'Flaunt', 'Joke', 'Oppose', 'Comfort', 'Care', 'Inform', 'Advise', 'Arrange', 'Introduce', 'Leave', 'Prevent', 'Greet', 'Ask for help']
2024-04-13 06:39:43,023 - ID Data preparation...
2024-04-13 06:39:50,527 - OOD Data preparation...
2024-04-13 06:39:57,126 - ============================== Params ==============================
2024-04-13 06:39:57,126 - logger_name: msz_ma_MIntRec_multi-class_0
2024-04-13 06:39:57,126 - dataset: MIntRec
2024-04-13 06:39:57,126 - ood_dataset: MIntRec-OOD
2024-04-13 06:39:57,126 - data_mode: multi-class
2024-04-13 06:39:57,126 - multimodal_method: msz
2024-04-13 06:39:57,126 - method: msz
2024-04-13 06:39:57,126 - ood_detection_method: ma
2024-04-13 06:39:57,126 - text_backbone: bert-base-uncased
2024-04-13 06:39:57,126 - seed: 0
2024-04-13 06:39:57,126 - num_workers: 8
2024-04-13 06:39:57,126 - log_id: msz_ma_MIntRec_multi-class_0_2024-04-13-06-39-43
2024-04-13 06:39:57,126 - gpu_id: 2
2024-04-13 06:39:57,126 - data_path: /home/sharing/disk2/sjh/intentDataset
2024-04-13 06:39:57,126 - train: True
2024-04-13 06:39:57,126 - tune: True
2024-04-13 06:39:57,126 - ood: True
2024-04-13 06:39:57,127 - save_model: False
2024-04-13 06:39:57,127 - save_results: True
2024-04-13 06:39:57,127 - log_path: logs
2024-04-13 06:39:57,127 - cache_path: cache
2024-04-13 06:39:57,127 - video_data_path: video_data
2024-04-13 06:39:57,127 - audio_data_path: audio_data
2024-04-13 06:39:57,127 - video_feats_path: swin_feats.pkl
2024-04-13 06:39:57,127 - ood_video_feats_path: swin_feats.pkl
2024-04-13 06:39:57,127 - ood_audio_feats_path: wavlm_feats.pkl
2024-04-13 06:39:57,127 - audio_feats_path: wavlm_feats.pkl
2024-04-13 06:39:57,127 - results_path: results
2024-04-13 06:39:57,127 - output_path: /home/sharing/disk2/sjh/Outputs/OOD_MIntRec/msz
2024-04-13 06:39:57,127 - model_path: models
2024-04-13 06:39:57,127 - config_file_name: msz_MIntRec
2024-04-13 06:39:57,127 - results_file_name: results_msz_MIntRec.csv
2024-04-13 06:39:57,127 - text_pretrained_model: /home/sharing/disk1/pretrained_embedding/bert/uncased_L-12_H-768_A-12/
2024-04-13 06:39:57,127 - text_seq_len: 30
2024-04-13 06:39:57,127 - video_seq_len: 230
2024-04-13 06:39:57,127 - audio_seq_len: 480
2024-04-13 06:39:57,127 - text_feat_dim: 768
2024-04-13 06:39:57,127 - video_feat_dim: 1024
2024-04-13 06:39:57,127 - audio_feat_dim: 768
2024-04-13 06:39:57,127 - ood_label_id: 20
2024-04-13 06:39:57,127 - num_labels: 20
2024-04-13 06:39:57,127 - num_train_examples: 1334
2024-04-13 06:39:57,127 - need_aligned: True
2024-04-13 06:39:57,127 - freeze_parameters: False
2024-04-13 06:39:57,127 - eval_monitor: f1
2024-04-13 06:39:57,127 - train_batch_size: 32
2024-04-13 06:39:57,127 - eval_batch_size: 16
2024-04-13 06:39:57,127 - num_train_epochs: 100
2024-04-13 06:39:57,127 - lr: [2e-05]
2024-04-13 06:39:57,127 - weight_decay: [0.1]
2024-04-13 06:39:57,127 - wait_patience: 5
2024-04-13 06:39:57,127 - warmup_proportion: [0.1]
2024-04-13 06:39:57,127 - hidden_dims: [768]
2024-04-13 06:39:57,127 - num_attention_heads: [4]
2024-04-13 06:39:57,127 - attention_probs_dropout_prob: [0.3]
2024-04-13 06:39:57,128 - hidden_dropout_prob: [0.1]
2024-04-13 06:39:57,128 - intermediate_size: [768]
2024-04-13 06:39:57,128 - num_hidden_layers: [4]
2024-04-13 06:39:57,128 - max_position_embeddings: [900]
2024-04-13 06:39:57,128 - position_embedding_type: absolute
2024-04-13 06:39:57,128 - batch_first: True
2024-04-13 06:39:57,128 - aligned_method: ['ctc']
2024-04-13 06:39:57,128 - multiple_ood: [1]
2024-04-13 06:39:57,128 - select_number_min: [2]
2024-04-13 06:39:57,128 - select_number_max: [3]
2024-04-13 06:39:57,128 - mlp_hidden_size: [256]
2024-04-13 06:39:57,128 - mlp_dropout: [0.3]
2024-04-13 06:39:57,128 - alpha: [4]
2024-04-13 06:39:57,128 - scale: [16]
2024-04-13 06:39:57,128 - pred_output_path: /home/sharing/disk2/sjh/Outputs/OOD_MIntRec/msz/msz_MIntRec_bert-base-uncased_multi-class_0
2024-04-13 06:39:57,128 - model_output_path: /home/sharing/disk2/sjh/Outputs/OOD_MIntRec/msz/msz_MIntRec_bert-base-uncased_multi-class_0/models
2024-04-13 06:39:57,128 - pretrained_save_model: /home/sharing/disk2/sjh/Outputs/OOD_MIntRec/msz/binary_msz_MIntRec_bert-base-uncased_0
2024-04-13 06:39:57,128 - ============================== End Params ==============================
2024-04-13 06:40:01,270 - Multimodal Intent Recognition begins...
2024-04-13 06:40:01,270 - Training begins...
2024-04-13 06:40:44,712 - ***** Epoch: 1: Eval results *****
2024-04-13 06:40:44,712 -   binary_train_loss = 0.6915
2024-04-13 06:40:44,712 -   binary_eval_score = 0.5
2024-04-13 06:40:44,712 -   train_loss = 2.6884
2024-04-13 06:40:44,712 -   eval_score = 0.3955
2024-04-13 06:40:44,712 -   best_eval_score = 0.0
2024-04-13 06:41:25,995 - ***** Epoch: 2: Eval results *****
2024-04-13 06:41:25,995 -   binary_train_loss = 0.6872
2024-04-13 06:41:25,995 -   binary_eval_score = 0.5045
2024-04-13 06:41:25,995 -   train_loss = 1.452
2024-04-13 06:41:25,995 -   eval_score = 0.6764
2024-04-13 06:41:25,995 -   best_eval_score = 0.3955
