2024-05-19 13:34:54,311 - Lists of intent labels are: ['Complain', 'Praise', 'Apologise', 'Thank', 'Criticize', 'Agree', 'Taunt', 'Flaunt', 'Joke', 'Oppose', 'Comfort', 'Care', 'Inform', 'Advise', 'Arrange', 'Introduce', 'Leave', 'Prevent', 'Greet', 'Ask for help']
2024-05-19 13:34:54,311 - ID Data preparation...
2024-05-19 13:35:00,701 - OOD Data preparation...
2024-05-19 13:35:02,085 - ============================== Params ==============================
2024-05-19 13:35:02,085 - logger_name: mag_bert_maxlogit_MIntRec_multi-class_0
2024-05-19 13:35:02,085 - dataset: MIntRec
2024-05-19 13:35:02,085 - ood_dataset: MIntRec-OOD
2024-05-19 13:35:02,085 - data_mode: multi-class
2024-05-19 13:35:02,085 - multimodal_method: mag_bert
2024-05-19 13:35:02,085 - method: mag_bert
2024-05-19 13:35:02,085 - ood_detection_method: maxlogit
2024-05-19 13:35:02,085 - text_backbone: bert-base-uncased
2024-05-19 13:35:02,085 - seed: 0
2024-05-19 13:35:02,085 - num_workers: 8
2024-05-19 13:35:02,085 - log_id: mag_bert_maxlogit_MIntRec_multi-class_0_2024-05-19-13-34-54
2024-05-19 13:35:02,085 - gpu_id: 3
2024-05-19 13:35:02,085 - data_path: /home/sharing/disk2/sjh/intentDataset
2024-05-19 13:35:02,085 - train: False
2024-05-19 13:35:02,085 - tune: True
2024-05-19 13:35:02,085 - ood: True
2024-05-19 13:35:02,085 - save_model: False
2024-05-19 13:35:02,085 - save_results: True
2024-05-19 13:35:02,085 - log_path: logs
2024-05-19 13:35:02,085 - cache_path: cache
2024-05-19 13:35:02,085 - video_data_path: video_data
2024-05-19 13:35:02,085 - audio_data_path: audio_data
2024-05-19 13:35:02,085 - video_feats_path: swin_feats.pkl
2024-05-19 13:35:02,086 - ood_video_feats_path: swin_feats.pkl
2024-05-19 13:35:02,086 - ood_audio_feats_path: wavlm_feats.pkl
2024-05-19 13:35:02,086 - audio_feats_path: wavlm_feats.pkl
2024-05-19 13:35:02,086 - results_path: results
2024-05-19 13:35:02,086 - output_path: /home/sharing/disk2/sjh/Outputs/OOD_MIntRec/mag_bert
2024-05-19 13:35:02,086 - model_path: models
2024-05-19 13:35:02,086 - config_file_name: mag_bert_MIntRec
2024-05-19 13:35:02,086 - results_file_name: results_mag_bert_MIntRec_ood.csv
2024-05-19 13:35:02,086 - text_pretrained_model: /home/sharing/disk1/pretrained_embedding/bert/uncased_L-12_H-768_A-12/
2024-05-19 13:35:02,086 - text_seq_len: 30
2024-05-19 13:35:02,086 - video_seq_len: 230
2024-05-19 13:35:02,086 - audio_seq_len: 480
2024-05-19 13:35:02,086 - text_feat_dim: 768
2024-05-19 13:35:02,086 - video_feat_dim: 1024
2024-05-19 13:35:02,086 - audio_feat_dim: 768
2024-05-19 13:35:02,086 - ood_label_id: 20
2024-05-19 13:35:02,086 - num_labels: 20
2024-05-19 13:35:02,086 - num_train_examples: 1334
2024-05-19 13:35:02,086 - need_aligned: True
2024-05-19 13:35:02,086 - eval_monitor: acc
2024-05-19 13:35:02,086 - train_batch_size: 32
2024-05-19 13:35:02,086 - eval_batch_size: 16
2024-05-19 13:35:02,086 - test_batch_size: 16
2024-05-19 13:35:02,086 - wait_patience: 5
2024-05-19 13:35:02,086 - num_train_epochs: 100
2024-05-19 13:35:02,086 - beta_shift: [0.006]
2024-05-19 13:35:02,086 - dropout_prob: [0.4]
2024-05-19 13:35:02,086 - warmup_proportion: [0.1]
2024-05-19 13:35:02,086 - lr: [2e-05]
2024-05-19 13:35:02,086 - aligned_method: ['ctc']
2024-05-19 13:35:02,086 - weight_decay: [0.03]
2024-05-19 13:35:02,086 - scale: [32]
2024-05-19 13:35:02,086 - pred_output_path: /home/sharing/disk2/sjh/Outputs/OOD_MIntRec/mag_bert/mag_bert_MIntRec_bert-base-uncased_multi-class_0
2024-05-19 13:35:02,086 - model_output_path: /home/sharing/disk2/sjh/Outputs/OOD_MIntRec/mag_bert/mag_bert_MIntRec_bert-base-uncased_multi-class_0/models
2024-05-19 13:35:02,086 - pretrained_save_model: /home/sharing/disk2/sjh/Outputs/OOD_MIntRec/mag_bert/binary_mag_bert_MIntRec_bert-base-uncased_0
2024-05-19 13:35:02,086 - ============================== End Params ==============================
2024-05-19 13:35:04,652 - Multimodal Intent Recognition begins...
2024-05-19 13:35:04,652 - Testing begins...
2024-05-19 13:35:12,170 - ***** Out-of-domain Evaluation results *****
2024-05-19 13:35:12,170 -   aupr_in = 0.7112
2024-05-19 13:35:12,170 -   aupr_out = 0.7079
2024-05-19 13:35:12,170 -   auroc = 0.7223
2024-05-19 13:35:12,170 -   der = 0.4193
2024-05-19 13:35:12,170 -   eer = 0.3422
2024-05-19 13:35:12,171 -   fpr95 = 0.7933
2024-05-19 13:35:12,171 - Testing is finished...
2024-05-19 13:35:12,171 - Multimodal intent recognition is finished...
2024-05-19 13:35:12,171 - Results are saved in results/results_mag_bert_MIntRec_ood.csv
2024-05-19 13:35:12,237 - ============================== Params ==============================
2024-05-19 13:35:12,237 - logger_name: mag_bert_maxlogit_MIntRec_multi-class_0
2024-05-19 13:35:12,237 - dataset: MIntRec
2024-05-19 13:35:12,237 - ood_dataset: MIntRec-OOD
2024-05-19 13:35:12,237 - data_mode: multi-class
2024-05-19 13:35:12,237 - multimodal_method: mag_bert
2024-05-19 13:35:12,237 - method: mag_bert
2024-05-19 13:35:12,237 - ood_detection_method: maxlogit
2024-05-19 13:35:12,237 - text_backbone: bert-base-uncased
2024-05-19 13:35:12,237 - seed: 1
2024-05-19 13:35:12,238 - num_workers: 8
2024-05-19 13:35:12,238 - log_id: mag_bert_maxlogit_MIntRec_multi-class_0_2024-05-19-13-34-54
2024-05-19 13:35:12,238 - gpu_id: 3
2024-05-19 13:35:12,238 - data_path: /home/sharing/disk2/sjh/intentDataset
2024-05-19 13:35:12,238 - train: False
2024-05-19 13:35:12,238 - tune: True
2024-05-19 13:35:12,238 - ood: True
2024-05-19 13:35:12,238 - save_model: False
2024-05-19 13:35:12,238 - save_results: True
2024-05-19 13:35:12,238 - log_path: logs
2024-05-19 13:35:12,238 - cache_path: cache
2024-05-19 13:35:12,238 - video_data_path: video_data
2024-05-19 13:35:12,238 - audio_data_path: audio_data
2024-05-19 13:35:12,238 - video_feats_path: swin_feats.pkl
2024-05-19 13:35:12,238 - ood_video_feats_path: swin_feats.pkl
2024-05-19 13:35:12,238 - ood_audio_feats_path: wavlm_feats.pkl
2024-05-19 13:35:12,238 - audio_feats_path: wavlm_feats.pkl
2024-05-19 13:35:12,238 - results_path: results
2024-05-19 13:35:12,238 - output_path: /home/sharing/disk2/sjh/Outputs/OOD_MIntRec/mag_bert
2024-05-19 13:35:12,238 - model_path: models
2024-05-19 13:35:12,238 - config_file_name: mag_bert_MIntRec
2024-05-19 13:35:12,238 - results_file_name: results_mag_bert_MIntRec_ood.csv
2024-05-19 13:35:12,238 - text_pretrained_model: /home/sharing/disk1/pretrained_embedding/bert/uncased_L-12_H-768_A-12/
2024-05-19 13:35:12,238 - text_seq_len: 30
2024-05-19 13:35:12,238 - video_seq_len: 230
2024-05-19 13:35:12,238 - audio_seq_len: 480
2024-05-19 13:35:12,238 - text_feat_dim: 768
2024-05-19 13:35:12,238 - video_feat_dim: 1024
2024-05-19 13:35:12,238 - audio_feat_dim: 768
2024-05-19 13:35:12,238 - ood_label_id: 20
2024-05-19 13:35:12,238 - num_labels: 20
2024-05-19 13:35:12,238 - num_train_examples: 1334
2024-05-19 13:35:12,238 - need_aligned: True
2024-05-19 13:35:12,239 - eval_monitor: acc
2024-05-19 13:35:12,239 - train_batch_size: 32
2024-05-19 13:35:12,239 - eval_batch_size: 16
2024-05-19 13:35:12,239 - test_batch_size: 16
2024-05-19 13:35:12,239 - wait_patience: 5
2024-05-19 13:35:12,239 - num_train_epochs: 100
2024-05-19 13:35:12,239 - beta_shift: [0.006]
2024-05-19 13:35:12,239 - dropout_prob: [0.4]
2024-05-19 13:35:12,239 - warmup_proportion: [0.1]
2024-05-19 13:35:12,239 - lr: [2e-05]
2024-05-19 13:35:12,239 - aligned_method: ['ctc']
2024-05-19 13:35:12,239 - weight_decay: [0.03]
2024-05-19 13:35:12,239 - scale: [32]
2024-05-19 13:35:12,239 - pred_output_path: /home/sharing/disk2/sjh/Outputs/OOD_MIntRec/mag_bert/mag_bert_MIntRec_bert-base-uncased_multi-class_1
2024-05-19 13:35:12,239 - model_output_path: /home/sharing/disk2/sjh/Outputs/OOD_MIntRec/mag_bert/mag_bert_MIntRec_bert-base-uncased_multi-class_1/models
2024-05-19 13:35:12,239 - pretrained_save_model: /home/sharing/disk2/sjh/Outputs/OOD_MIntRec/mag_bert/binary_mag_bert_MIntRec_bert-base-uncased_1
2024-05-19 13:35:12,239 - device: cuda
2024-05-19 13:35:12,239 - feat_size: 768
2024-05-19 13:35:12,239 - ============================== End Params ==============================
2024-05-19 13:35:13,835 - Multimodal Intent Recognition begins...
2024-05-19 13:35:13,835 - Testing begins...
2024-05-19 13:35:21,535 - ***** Out-of-domain Evaluation results *****
2024-05-19 13:35:21,536 -   aupr_in = 0.7085
2024-05-19 13:35:21,536 -   aupr_out = 0.7426
2024-05-19 13:35:21,536 -   auroc = 0.7376
2024-05-19 13:35:21,536 -   der = 0.4004
2024-05-19 13:35:21,536 -   eer = 0.32
2024-05-19 13:35:21,537 -   fpr95 = 0.7644
2024-05-19 13:35:21,537 - Testing is finished...
2024-05-19 13:35:21,537 - Multimodal intent recognition is finished...
2024-05-19 13:35:21,537 - Results are saved in results/results_mag_bert_MIntRec_ood.csv
2024-05-19 13:35:21,602 - ============================== Params ==============================
2024-05-19 13:35:21,602 - logger_name: mag_bert_maxlogit_MIntRec_multi-class_0
2024-05-19 13:35:21,602 - dataset: MIntRec
2024-05-19 13:35:21,602 - ood_dataset: MIntRec-OOD
2024-05-19 13:35:21,602 - data_mode: multi-class
2024-05-19 13:35:21,602 - multimodal_method: mag_bert
2024-05-19 13:35:21,602 - method: mag_bert
2024-05-19 13:35:21,602 - ood_detection_method: maxlogit
2024-05-19 13:35:21,602 - text_backbone: bert-base-uncased
2024-05-19 13:35:21,602 - seed: 2
2024-05-19 13:35:21,602 - num_workers: 8
2024-05-19 13:35:21,602 - log_id: mag_bert_maxlogit_MIntRec_multi-class_0_2024-05-19-13-34-54
2024-05-19 13:35:21,602 - gpu_id: 3
2024-05-19 13:35:21,602 - data_path: /home/sharing/disk2/sjh/intentDataset
2024-05-19 13:35:21,602 - train: False
2024-05-19 13:35:21,602 - tune: True
2024-05-19 13:35:21,603 - ood: True
2024-05-19 13:35:21,603 - save_model: False
2024-05-19 13:35:21,603 - save_results: True
2024-05-19 13:35:21,603 - log_path: logs
2024-05-19 13:35:21,603 - cache_path: cache
2024-05-19 13:35:21,603 - video_data_path: video_data
2024-05-19 13:35:21,603 - audio_data_path: audio_data
2024-05-19 13:35:21,603 - video_feats_path: swin_feats.pkl
2024-05-19 13:35:21,603 - ood_video_feats_path: swin_feats.pkl
2024-05-19 13:35:21,603 - ood_audio_feats_path: wavlm_feats.pkl
2024-05-19 13:35:21,603 - audio_feats_path: wavlm_feats.pkl
2024-05-19 13:35:21,603 - results_path: results
2024-05-19 13:35:21,603 - output_path: /home/sharing/disk2/sjh/Outputs/OOD_MIntRec/mag_bert
2024-05-19 13:35:21,603 - model_path: models
2024-05-19 13:35:21,603 - config_file_name: mag_bert_MIntRec
2024-05-19 13:35:21,603 - results_file_name: results_mag_bert_MIntRec_ood.csv
2024-05-19 13:35:21,603 - text_pretrained_model: /home/sharing/disk1/pretrained_embedding/bert/uncased_L-12_H-768_A-12/
2024-05-19 13:35:21,603 - text_seq_len: 30
2024-05-19 13:35:21,603 - video_seq_len: 230
2024-05-19 13:35:21,603 - audio_seq_len: 480
2024-05-19 13:35:21,603 - text_feat_dim: 768
2024-05-19 13:35:21,603 - video_feat_dim: 1024
2024-05-19 13:35:21,603 - audio_feat_dim: 768
2024-05-19 13:35:21,603 - ood_label_id: 20
2024-05-19 13:35:21,603 - num_labels: 20
2024-05-19 13:35:21,603 - num_train_examples: 1334
2024-05-19 13:35:21,603 - need_aligned: True
2024-05-19 13:35:21,603 - eval_monitor: acc
2024-05-19 13:35:21,603 - train_batch_size: 32
2024-05-19 13:35:21,603 - eval_batch_size: 16
2024-05-19 13:35:21,603 - test_batch_size: 16
2024-05-19 13:35:21,603 - wait_patience: 5
2024-05-19 13:35:21,604 - num_train_epochs: 100
2024-05-19 13:35:21,604 - beta_shift: [0.006]
2024-05-19 13:35:21,604 - dropout_prob: [0.4]
2024-05-19 13:35:21,604 - warmup_proportion: [0.1]
2024-05-19 13:35:21,604 - lr: [2e-05]
2024-05-19 13:35:21,604 - aligned_method: ['ctc']
2024-05-19 13:35:21,604 - weight_decay: [0.03]
2024-05-19 13:35:21,604 - scale: [32]
2024-05-19 13:35:21,604 - pred_output_path: /home/sharing/disk2/sjh/Outputs/OOD_MIntRec/mag_bert/mag_bert_MIntRec_bert-base-uncased_multi-class_2
2024-05-19 13:35:21,604 - model_output_path: /home/sharing/disk2/sjh/Outputs/OOD_MIntRec/mag_bert/mag_bert_MIntRec_bert-base-uncased_multi-class_2/models
2024-05-19 13:35:21,604 - pretrained_save_model: /home/sharing/disk2/sjh/Outputs/OOD_MIntRec/mag_bert/binary_mag_bert_MIntRec_bert-base-uncased_2
2024-05-19 13:35:21,604 - device: cuda
2024-05-19 13:35:21,604 - feat_size: 768
2024-05-19 13:35:21,604 - ============================== End Params ==============================
2024-05-19 13:35:23,088 - Multimodal Intent Recognition begins...
2024-05-19 13:35:23,089 - Testing begins...
2024-05-19 13:35:31,221 - ***** Out-of-domain Evaluation results *****
2024-05-19 13:35:31,221 -   aupr_in = 0.7228
2024-05-19 13:35:31,221 -   aupr_out = 0.729
2024-05-19 13:35:31,221 -   auroc = 0.747
2024-05-19 13:35:31,221 -   der = 0.4148
2024-05-19 13:35:31,221 -   eer = 0.3
2024-05-19 13:35:31,221 -   fpr95 = 0.7867
2024-05-19 13:35:31,222 - Testing is finished...
2024-05-19 13:35:31,222 - Multimodal intent recognition is finished...
2024-05-19 13:35:31,222 - Results are saved in results/results_mag_bert_MIntRec_ood.csv
2024-05-19 13:35:31,279 - ============================== Params ==============================
2024-05-19 13:35:31,279 - logger_name: mag_bert_maxlogit_MIntRec_multi-class_0
2024-05-19 13:35:31,279 - dataset: MIntRec
2024-05-19 13:35:31,279 - ood_dataset: MIntRec-OOD
2024-05-19 13:35:31,279 - data_mode: multi-class
2024-05-19 13:35:31,279 - multimodal_method: mag_bert
2024-05-19 13:35:31,279 - method: mag_bert
2024-05-19 13:35:31,279 - ood_detection_method: maxlogit
2024-05-19 13:35:31,279 - text_backbone: bert-base-uncased
2024-05-19 13:35:31,280 - seed: 3
2024-05-19 13:35:31,280 - num_workers: 8
2024-05-19 13:35:31,280 - log_id: mag_bert_maxlogit_MIntRec_multi-class_0_2024-05-19-13-34-54
2024-05-19 13:35:31,280 - gpu_id: 3
2024-05-19 13:35:31,280 - data_path: /home/sharing/disk2/sjh/intentDataset
2024-05-19 13:35:31,280 - train: False
2024-05-19 13:35:31,280 - tune: True
2024-05-19 13:35:31,280 - ood: True
2024-05-19 13:35:31,280 - save_model: False
2024-05-19 13:35:31,280 - save_results: True
2024-05-19 13:35:31,280 - log_path: logs
2024-05-19 13:35:31,280 - cache_path: cache
2024-05-19 13:35:31,280 - video_data_path: video_data
2024-05-19 13:35:31,280 - audio_data_path: audio_data
2024-05-19 13:35:31,280 - video_feats_path: swin_feats.pkl
2024-05-19 13:35:31,280 - ood_video_feats_path: swin_feats.pkl
2024-05-19 13:35:31,280 - ood_audio_feats_path: wavlm_feats.pkl
2024-05-19 13:35:31,280 - audio_feats_path: wavlm_feats.pkl
2024-05-19 13:35:31,280 - results_path: results
2024-05-19 13:35:31,280 - output_path: /home/sharing/disk2/sjh/Outputs/OOD_MIntRec/mag_bert
2024-05-19 13:35:31,280 - model_path: models
2024-05-19 13:35:31,280 - config_file_name: mag_bert_MIntRec
2024-05-19 13:35:31,280 - results_file_name: results_mag_bert_MIntRec_ood.csv
2024-05-19 13:35:31,280 - text_pretrained_model: /home/sharing/disk1/pretrained_embedding/bert/uncased_L-12_H-768_A-12/
2024-05-19 13:35:31,280 - text_seq_len: 30
2024-05-19 13:35:31,280 - video_seq_len: 230
2024-05-19 13:35:31,280 - audio_seq_len: 480
2024-05-19 13:35:31,280 - text_feat_dim: 768
2024-05-19 13:35:31,280 - video_feat_dim: 1024
2024-05-19 13:35:31,280 - audio_feat_dim: 768
2024-05-19 13:35:31,281 - ood_label_id: 20
2024-05-19 13:35:31,281 - num_labels: 20
2024-05-19 13:35:31,281 - num_train_examples: 1334
2024-05-19 13:35:31,281 - need_aligned: True
2024-05-19 13:35:31,281 - eval_monitor: acc
2024-05-19 13:35:31,281 - train_batch_size: 32
2024-05-19 13:35:31,281 - eval_batch_size: 16
2024-05-19 13:35:31,281 - test_batch_size: 16
2024-05-19 13:35:31,281 - wait_patience: 5
2024-05-19 13:35:31,281 - num_train_epochs: 100
2024-05-19 13:35:31,281 - beta_shift: [0.006]
2024-05-19 13:35:31,281 - dropout_prob: [0.4]
2024-05-19 13:35:31,281 - warmup_proportion: [0.1]
2024-05-19 13:35:31,281 - lr: [2e-05]
2024-05-19 13:35:31,281 - aligned_method: ['ctc']
2024-05-19 13:35:31,281 - weight_decay: [0.03]
2024-05-19 13:35:31,281 - scale: [32]
2024-05-19 13:35:31,281 - pred_output_path: /home/sharing/disk2/sjh/Outputs/OOD_MIntRec/mag_bert/mag_bert_MIntRec_bert-base-uncased_multi-class_3
2024-05-19 13:35:31,281 - model_output_path: /home/sharing/disk2/sjh/Outputs/OOD_MIntRec/mag_bert/mag_bert_MIntRec_bert-base-uncased_multi-class_3/models
2024-05-19 13:35:31,281 - pretrained_save_model: /home/sharing/disk2/sjh/Outputs/OOD_MIntRec/mag_bert/binary_mag_bert_MIntRec_bert-base-uncased_3
2024-05-19 13:35:31,281 - device: cuda
2024-05-19 13:35:31,281 - feat_size: 768
2024-05-19 13:35:31,281 - ============================== End Params ==============================
2024-05-19 13:35:32,763 - Multimodal Intent Recognition begins...
2024-05-19 13:35:32,763 - Testing begins...
2024-05-19 13:35:39,999 - ***** Out-of-domain Evaluation results *****
2024-05-19 13:35:39,999 -   aupr_in = 0.7352
2024-05-19 13:35:39,999 -   aupr_out = 0.7493
2024-05-19 13:35:39,999 -   auroc = 0.754
2024-05-19 13:35:39,999 -   der = 0.3994
2024-05-19 13:35:39,999 -   eer = 0.3222
2024-05-19 13:35:39,999 -   fpr95 = 0.7533
2024-05-19 13:35:39,999 - Testing is finished...
2024-05-19 13:35:39,999 - Multimodal intent recognition is finished...
2024-05-19 13:35:39,999 - Results are saved in results/results_mag_bert_MIntRec_ood.csv
2024-05-19 13:35:40,050 - ============================== Params ==============================
2024-05-19 13:35:40,050 - logger_name: mag_bert_maxlogit_MIntRec_multi-class_0
2024-05-19 13:35:40,050 - dataset: MIntRec
2024-05-19 13:35:40,050 - ood_dataset: MIntRec-OOD
2024-05-19 13:35:40,050 - data_mode: multi-class
2024-05-19 13:35:40,050 - multimodal_method: mag_bert
2024-05-19 13:35:40,050 - method: mag_bert
2024-05-19 13:35:40,050 - ood_detection_method: maxlogit
2024-05-19 13:35:40,050 - text_backbone: bert-base-uncased
2024-05-19 13:35:40,050 - seed: 4
2024-05-19 13:35:40,050 - num_workers: 8
2024-05-19 13:35:40,050 - log_id: mag_bert_maxlogit_MIntRec_multi-class_0_2024-05-19-13-34-54
2024-05-19 13:35:40,050 - gpu_id: 3
2024-05-19 13:35:40,050 - data_path: /home/sharing/disk2/sjh/intentDataset
2024-05-19 13:35:40,050 - train: False
2024-05-19 13:35:40,050 - tune: True
2024-05-19 13:35:40,050 - ood: True
2024-05-19 13:35:40,050 - save_model: False
2024-05-19 13:35:40,051 - save_results: True
2024-05-19 13:35:40,051 - log_path: logs
2024-05-19 13:35:40,051 - cache_path: cache
2024-05-19 13:35:40,051 - video_data_path: video_data
2024-05-19 13:35:40,051 - audio_data_path: audio_data
2024-05-19 13:35:40,051 - video_feats_path: swin_feats.pkl
2024-05-19 13:35:40,051 - ood_video_feats_path: swin_feats.pkl
2024-05-19 13:35:40,051 - ood_audio_feats_path: wavlm_feats.pkl
2024-05-19 13:35:40,051 - audio_feats_path: wavlm_feats.pkl
2024-05-19 13:35:40,051 - results_path: results
2024-05-19 13:35:40,051 - output_path: /home/sharing/disk2/sjh/Outputs/OOD_MIntRec/mag_bert
2024-05-19 13:35:40,051 - model_path: models
2024-05-19 13:35:40,051 - config_file_name: mag_bert_MIntRec
2024-05-19 13:35:40,051 - results_file_name: results_mag_bert_MIntRec_ood.csv
2024-05-19 13:35:40,051 - text_pretrained_model: /home/sharing/disk1/pretrained_embedding/bert/uncased_L-12_H-768_A-12/
2024-05-19 13:35:40,051 - text_seq_len: 30
2024-05-19 13:35:40,051 - video_seq_len: 230
2024-05-19 13:35:40,051 - audio_seq_len: 480
2024-05-19 13:35:40,051 - text_feat_dim: 768
2024-05-19 13:35:40,051 - video_feat_dim: 1024
2024-05-19 13:35:40,051 - audio_feat_dim: 768
2024-05-19 13:35:40,051 - ood_label_id: 20
2024-05-19 13:35:40,051 - num_labels: 20
2024-05-19 13:35:40,051 - num_train_examples: 1334
2024-05-19 13:35:40,051 - need_aligned: True
2024-05-19 13:35:40,051 - eval_monitor: acc
2024-05-19 13:35:40,051 - train_batch_size: 32
2024-05-19 13:35:40,051 - eval_batch_size: 16
2024-05-19 13:35:40,051 - test_batch_size: 16
2024-05-19 13:35:40,051 - wait_patience: 5
2024-05-19 13:35:40,051 - num_train_epochs: 100
2024-05-19 13:35:40,051 - beta_shift: [0.006]
2024-05-19 13:35:40,052 - dropout_prob: [0.4]
2024-05-19 13:35:40,052 - warmup_proportion: [0.1]
2024-05-19 13:35:40,052 - lr: [2e-05]
2024-05-19 13:35:40,052 - aligned_method: ['ctc']
2024-05-19 13:35:40,052 - weight_decay: [0.03]
2024-05-19 13:35:40,052 - scale: [32]
2024-05-19 13:35:40,052 - pred_output_path: /home/sharing/disk2/sjh/Outputs/OOD_MIntRec/mag_bert/mag_bert_MIntRec_bert-base-uncased_multi-class_4
2024-05-19 13:35:40,052 - model_output_path: /home/sharing/disk2/sjh/Outputs/OOD_MIntRec/mag_bert/mag_bert_MIntRec_bert-base-uncased_multi-class_4/models
2024-05-19 13:35:40,052 - pretrained_save_model: /home/sharing/disk2/sjh/Outputs/OOD_MIntRec/mag_bert/binary_mag_bert_MIntRec_bert-base-uncased_4
2024-05-19 13:35:40,052 - device: cuda
2024-05-19 13:35:40,052 - feat_size: 768
2024-05-19 13:35:40,052 - ============================== End Params ==============================
2024-05-19 13:35:41,199 - Multimodal Intent Recognition begins...
2024-05-19 13:35:41,199 - Testing begins...
2024-05-19 13:35:48,309 - ***** Out-of-domain Evaluation results *****
2024-05-19 13:35:48,310 -   aupr_in = 0.7456
2024-05-19 13:35:48,310 -   aupr_out = 0.7287
2024-05-19 13:35:48,310 -   auroc = 0.7488
2024-05-19 13:35:48,310 -   der = 0.4303
2024-05-19 13:35:48,310 -   eer = 0.3133
2024-05-19 13:35:48,310 -   fpr95 = 0.82
2024-05-19 13:35:48,310 - Testing is finished...
2024-05-19 13:35:48,310 - Multimodal intent recognition is finished...
2024-05-19 13:35:48,310 - Results are saved in results/results_mag_bert_MIntRec_ood.csv
