2024-05-18 02:22:57,377 - Lists of intent labels are: ['Acknowledge', 'Advise', 'Agree', 'Apologise', 'Arrange', 'Ask for help', 'Asking for opinions', 'Care', 'Comfort', 'Complain', 'Confirm', 'Criticize', 'Doubt', 'Emphasize', 'Explain', 'Flaunt', 'Greet', 'Inform', 'Introduce', 'Invite', 'Joke', 'Leave', 'Oppose', 'Plan', 'Praise', 'Prevent', 'Refuse', 'Taunt', 'Thank', 'Warn']
2024-05-18 02:22:57,377 - ID Data preparation...
2024-05-18 02:23:17,402 - OOD Data preparation...
2024-05-18 02:23:20,938 - ============================== Params ==============================
2024-05-18 02:23:20,938 - logger_name: mag_bert_ma_MIntRec2_multi-class_0
2024-05-18 02:23:20,939 - dataset: MIntRec2
2024-05-18 02:23:20,939 - ood_dataset: MIntRec2-OOD
2024-05-18 02:23:20,939 - data_mode: multi-class
2024-05-18 02:23:20,939 - multimodal_method: mag_bert
2024-05-18 02:23:20,939 - method: mag_bert
2024-05-18 02:23:20,939 - ood_detection_method: ma
2024-05-18 02:23:20,939 - text_backbone: bert-base-uncased
2024-05-18 02:23:20,939 - seed: 0
2024-05-18 02:23:20,939 - num_workers: 8
2024-05-18 02:23:20,939 - log_id: mag_bert_ma_MIntRec2_multi-class_0_2024-05-18-02-22-57
2024-05-18 02:23:20,939 - gpu_id: 3
2024-05-18 02:23:20,939 - data_path: /home/sharing/disk2/sjh/intentDataset
2024-05-18 02:23:20,939 - train: False
2024-05-18 02:23:20,939 - tune: True
2024-05-18 02:23:20,939 - ood: True
2024-05-18 02:23:20,939 - save_model: False
2024-05-18 02:23:20,939 - save_results: True
2024-05-18 02:23:20,939 - log_path: logs
2024-05-18 02:23:20,939 - cache_path: cache
2024-05-18 02:23:20,939 - video_data_path: video_data
2024-05-18 02:23:20,939 - audio_data_path: audio_data
2024-05-18 02:23:20,939 - video_feats_path: swin_feats.pkl
2024-05-18 02:23:20,939 - ood_video_feats_path: swin_feats.pkl
2024-05-18 02:23:20,939 - ood_audio_feats_path: wavlm_feats.pkl
2024-05-18 02:23:20,939 - audio_feats_path: wavlm_feats.pkl
2024-05-18 02:23:20,939 - results_path: results
2024-05-18 02:23:20,939 - output_path: /home/sharing/disk2/sjh/Outputs/OOD_MIntRec2/mag_bert
2024-05-18 02:23:20,939 - model_path: models
2024-05-18 02:23:20,939 - config_file_name: mag_bert_MIntRec2
2024-05-18 02:23:20,939 - results_file_name: results_mag_bert_MIntRec2_ood.csv
2024-05-18 02:23:20,939 - text_pretrained_model: /home/sharing/disk1/pretrained_embedding/bert/uncased_L-12_H-768_A-12/
2024-05-18 02:23:20,939 - text_seq_len: 50
2024-05-18 02:23:20,939 - video_seq_len: 180
2024-05-18 02:23:20,939 - audio_seq_len: 400
2024-05-18 02:23:20,939 - text_feat_dim: 768
2024-05-18 02:23:20,939 - video_feat_dim: 256
2024-05-18 02:23:20,939 - audio_feat_dim: 768
2024-05-18 02:23:20,939 - ood_label_id: 30
2024-05-18 02:23:20,939 - num_labels: 30
2024-05-18 02:23:20,939 - num_train_examples: 6165
2024-05-18 02:23:20,939 - need_aligned: True
2024-05-18 02:23:20,939 - eval_monitor: acc
2024-05-18 02:23:20,939 - train_batch_size: 32
2024-05-18 02:23:20,939 - eval_batch_size: 16
2024-05-18 02:23:20,939 - test_batch_size: 16
2024-05-18 02:23:20,940 - wait_patience: 3
2024-05-18 02:23:20,940 - num_train_epochs: 100
2024-05-18 02:23:20,940 - beta_shift: [0.01]
2024-05-18 02:23:20,940 - dropout_prob: [0.2]
2024-05-18 02:23:20,940 - warmup_proportion: [0.05]
2024-05-18 02:23:20,940 - lr: [2e-05]
2024-05-18 02:23:20,940 - aligned_method: ['conv1d']
2024-05-18 02:23:20,940 - weight_decay: [0.1]
2024-05-18 02:23:20,940 - scale: [2]
2024-05-18 02:23:20,940 - pred_output_path: /home/sharing/disk2/sjh/Outputs/OOD_MIntRec2/mag_bert/mag_bert_MIntRec2_bert-base-uncased_multi-class_0
2024-05-18 02:23:20,940 - model_output_path: /home/sharing/disk2/sjh/Outputs/OOD_MIntRec2/mag_bert/mag_bert_MIntRec2_bert-base-uncased_multi-class_0/models
2024-05-18 02:23:20,940 - pretrained_save_model: /home/sharing/disk2/sjh/Outputs/OOD_MIntRec2/mag_bert/binary_mag_bert_MIntRec2_bert-base-uncased_0
2024-05-18 02:23:20,940 - ============================== End Params ==============================
2024-05-18 02:23:27,158 - Multimodal Intent Recognition begins...
2024-05-18 02:23:27,159 - Testing begins...
2024-05-18 02:23:53,084 - ***** Out-of-domain Evaluation results *****
2024-05-18 02:23:53,085 -   aupr_in = 0.8006
2024-05-18 02:23:53,085 -   aupr_out = 0.5442
2024-05-18 02:23:53,085 -   auroc = 0.7071
2024-05-18 02:23:53,085 -   der = 0.5574
2024-05-18 02:23:53,085 -   eer = 0.3475
2024-05-18 02:23:53,085 -   fpr95 = 0.8563
2024-05-18 02:23:53,085 - Testing is finished...
2024-05-18 02:23:53,085 - Multimodal intent recognition is finished...
2024-05-18 02:23:53,085 - Results are saved in results/results_mag_bert_MIntRec2_ood.csv
2024-05-18 02:23:53,139 - ============================== Params ==============================
2024-05-18 02:23:53,139 - logger_name: mag_bert_ma_MIntRec2_multi-class_0
2024-05-18 02:23:53,139 - dataset: MIntRec2
2024-05-18 02:23:53,140 - ood_dataset: MIntRec2-OOD
2024-05-18 02:23:53,140 - data_mode: multi-class
2024-05-18 02:23:53,140 - multimodal_method: mag_bert
2024-05-18 02:23:53,140 - method: mag_bert
2024-05-18 02:23:53,140 - ood_detection_method: ma
2024-05-18 02:23:53,140 - text_backbone: bert-base-uncased
2024-05-18 02:23:53,140 - seed: 1
2024-05-18 02:23:53,140 - num_workers: 8
2024-05-18 02:23:53,140 - log_id: mag_bert_ma_MIntRec2_multi-class_0_2024-05-18-02-22-57
2024-05-18 02:23:53,140 - gpu_id: 3
2024-05-18 02:23:53,140 - data_path: /home/sharing/disk2/sjh/intentDataset
2024-05-18 02:23:53,140 - train: False
2024-05-18 02:23:53,140 - tune: True
2024-05-18 02:23:53,140 - ood: True
2024-05-18 02:23:53,140 - save_model: False
2024-05-18 02:23:53,140 - save_results: True
2024-05-18 02:23:53,140 - log_path: logs
2024-05-18 02:23:53,140 - cache_path: cache
2024-05-18 02:23:53,140 - video_data_path: video_data
2024-05-18 02:23:53,140 - audio_data_path: audio_data
2024-05-18 02:23:53,140 - video_feats_path: swin_feats.pkl
2024-05-18 02:23:53,140 - ood_video_feats_path: swin_feats.pkl
2024-05-18 02:23:53,140 - ood_audio_feats_path: wavlm_feats.pkl
2024-05-18 02:23:53,140 - audio_feats_path: wavlm_feats.pkl
2024-05-18 02:23:53,140 - results_path: results
2024-05-18 02:23:53,140 - output_path: /home/sharing/disk2/sjh/Outputs/OOD_MIntRec2/mag_bert
2024-05-18 02:23:53,140 - model_path: models
2024-05-18 02:23:53,140 - config_file_name: mag_bert_MIntRec2
2024-05-18 02:23:53,140 - results_file_name: results_mag_bert_MIntRec2_ood.csv
2024-05-18 02:23:53,141 - text_pretrained_model: /home/sharing/disk1/pretrained_embedding/bert/uncased_L-12_H-768_A-12/
2024-05-18 02:23:53,141 - text_seq_len: 50
2024-05-18 02:23:53,141 - video_seq_len: 180
2024-05-18 02:23:53,141 - audio_seq_len: 400
2024-05-18 02:23:53,141 - text_feat_dim: 768
2024-05-18 02:23:53,141 - video_feat_dim: 256
2024-05-18 02:23:53,141 - audio_feat_dim: 768
2024-05-18 02:23:53,141 - ood_label_id: 30
2024-05-18 02:23:53,141 - num_labels: 30
2024-05-18 02:23:53,141 - num_train_examples: 6165
2024-05-18 02:23:53,141 - need_aligned: True
2024-05-18 02:23:53,141 - eval_monitor: acc
2024-05-18 02:23:53,141 - train_batch_size: 32
2024-05-18 02:23:53,141 - eval_batch_size: 16
2024-05-18 02:23:53,141 - test_batch_size: 16
2024-05-18 02:23:53,141 - wait_patience: 3
2024-05-18 02:23:53,141 - num_train_epochs: 100
2024-05-18 02:23:53,141 - beta_shift: [0.01]
2024-05-18 02:23:53,141 - dropout_prob: [0.2]
2024-05-18 02:23:53,141 - warmup_proportion: [0.05]
2024-05-18 02:23:53,141 - lr: [2e-05]
2024-05-18 02:23:53,141 - aligned_method: ['conv1d']
2024-05-18 02:23:53,141 - weight_decay: [0.1]
2024-05-18 02:23:53,141 - scale: [2]
2024-05-18 02:23:53,141 - pred_output_path: /home/sharing/disk2/sjh/Outputs/OOD_MIntRec2/mag_bert/mag_bert_MIntRec2_bert-base-uncased_multi-class_1
2024-05-18 02:23:53,141 - model_output_path: /home/sharing/disk2/sjh/Outputs/OOD_MIntRec2/mag_bert/mag_bert_MIntRec2_bert-base-uncased_multi-class_1/models
2024-05-18 02:23:53,141 - pretrained_save_model: /home/sharing/disk2/sjh/Outputs/OOD_MIntRec2/mag_bert/binary_mag_bert_MIntRec2_bert-base-uncased_1
2024-05-18 02:23:53,141 - device: cuda
2024-05-18 02:23:53,142 - feat_size: 768
2024-05-18 02:23:53,142 - ============================== End Params ==============================
2024-05-18 02:23:57,417 - Multimodal Intent Recognition begins...
2024-05-18 02:23:57,417 - Testing begins...
2024-05-18 02:24:22,576 - ***** Out-of-domain Evaluation results *****
2024-05-18 02:24:22,577 -   aupr_in = 0.7952
2024-05-18 02:24:22,577 -   aupr_out = 0.5551
2024-05-18 02:24:22,577 -   auroc = 0.7051
2024-05-18 02:24:22,577 -   der = 0.5584
2024-05-18 02:24:22,577 -   eer = 0.3425
2024-05-18 02:24:22,577 -   fpr95 = 0.858
2024-05-18 02:24:22,578 - Testing is finished...
2024-05-18 02:24:22,578 - Multimodal intent recognition is finished...
2024-05-18 02:24:22,578 - Results are saved in results/results_mag_bert_MIntRec2_ood.csv
2024-05-18 02:24:22,635 - ============================== Params ==============================
2024-05-18 02:24:22,635 - logger_name: mag_bert_ma_MIntRec2_multi-class_0
2024-05-18 02:24:22,635 - dataset: MIntRec2
2024-05-18 02:24:22,635 - ood_dataset: MIntRec2-OOD
2024-05-18 02:24:22,635 - data_mode: multi-class
2024-05-18 02:24:22,635 - multimodal_method: mag_bert
2024-05-18 02:24:22,635 - method: mag_bert
2024-05-18 02:24:22,636 - ood_detection_method: ma
2024-05-18 02:24:22,636 - text_backbone: bert-base-uncased
2024-05-18 02:24:22,636 - seed: 2
2024-05-18 02:24:22,636 - num_workers: 8
2024-05-18 02:24:22,636 - log_id: mag_bert_ma_MIntRec2_multi-class_0_2024-05-18-02-22-57
2024-05-18 02:24:22,636 - gpu_id: 3
2024-05-18 02:24:22,636 - data_path: /home/sharing/disk2/sjh/intentDataset
2024-05-18 02:24:22,636 - train: False
2024-05-18 02:24:22,636 - tune: True
2024-05-18 02:24:22,636 - ood: True
2024-05-18 02:24:22,636 - save_model: False
2024-05-18 02:24:22,636 - save_results: True
2024-05-18 02:24:22,636 - log_path: logs
2024-05-18 02:24:22,636 - cache_path: cache
2024-05-18 02:24:22,636 - video_data_path: video_data
2024-05-18 02:24:22,636 - audio_data_path: audio_data
2024-05-18 02:24:22,636 - video_feats_path: swin_feats.pkl
2024-05-18 02:24:22,636 - ood_video_feats_path: swin_feats.pkl
2024-05-18 02:24:22,636 - ood_audio_feats_path: wavlm_feats.pkl
2024-05-18 02:24:22,636 - audio_feats_path: wavlm_feats.pkl
2024-05-18 02:24:22,636 - results_path: results
2024-05-18 02:24:22,637 - output_path: /home/sharing/disk2/sjh/Outputs/OOD_MIntRec2/mag_bert
2024-05-18 02:24:22,637 - model_path: models
2024-05-18 02:24:22,637 - config_file_name: mag_bert_MIntRec2
2024-05-18 02:24:22,637 - results_file_name: results_mag_bert_MIntRec2_ood.csv
2024-05-18 02:24:22,637 - text_pretrained_model: /home/sharing/disk1/pretrained_embedding/bert/uncased_L-12_H-768_A-12/
2024-05-18 02:24:22,637 - text_seq_len: 50
2024-05-18 02:24:22,637 - video_seq_len: 180
2024-05-18 02:24:22,637 - audio_seq_len: 400
2024-05-18 02:24:22,637 - text_feat_dim: 768
2024-05-18 02:24:22,637 - video_feat_dim: 256
2024-05-18 02:24:22,637 - audio_feat_dim: 768
2024-05-18 02:24:22,637 - ood_label_id: 30
2024-05-18 02:24:22,637 - num_labels: 30
2024-05-18 02:24:22,637 - num_train_examples: 6165
2024-05-18 02:24:22,637 - need_aligned: True
2024-05-18 02:24:22,637 - eval_monitor: acc
2024-05-18 02:24:22,637 - train_batch_size: 32
2024-05-18 02:24:22,637 - eval_batch_size: 16
2024-05-18 02:24:22,637 - test_batch_size: 16
2024-05-18 02:24:22,637 - wait_patience: 3
2024-05-18 02:24:22,637 - num_train_epochs: 100
2024-05-18 02:24:22,637 - beta_shift: [0.01]
2024-05-18 02:24:22,637 - dropout_prob: [0.2]
2024-05-18 02:24:22,638 - warmup_proportion: [0.05]
2024-05-18 02:24:22,638 - lr: [2e-05]
2024-05-18 02:24:22,638 - aligned_method: ['conv1d']
2024-05-18 02:24:22,638 - weight_decay: [0.1]
2024-05-18 02:24:22,638 - scale: [2]
2024-05-18 02:24:22,638 - pred_output_path: /home/sharing/disk2/sjh/Outputs/OOD_MIntRec2/mag_bert/mag_bert_MIntRec2_bert-base-uncased_multi-class_2
2024-05-18 02:24:22,638 - model_output_path: /home/sharing/disk2/sjh/Outputs/OOD_MIntRec2/mag_bert/mag_bert_MIntRec2_bert-base-uncased_multi-class_2/models
2024-05-18 02:24:22,638 - pretrained_save_model: /home/sharing/disk2/sjh/Outputs/OOD_MIntRec2/mag_bert/binary_mag_bert_MIntRec2_bert-base-uncased_2
2024-05-18 02:24:22,638 - device: cuda
2024-05-18 02:24:22,638 - feat_size: 768
2024-05-18 02:24:22,638 - ============================== End Params ==============================
2024-05-18 02:24:28,117 - Multimodal Intent Recognition begins...
2024-05-18 02:24:28,117 - Testing begins...
2024-05-18 02:24:51,574 - ***** Out-of-domain Evaluation results *****
2024-05-18 02:24:51,574 -   aupr_in = 0.7949
2024-05-18 02:24:51,574 -   aupr_out = 0.5489
2024-05-18 02:24:51,575 -   auroc = 0.7027
2024-05-18 02:24:51,575 -   der = 0.55
2024-05-18 02:24:51,575 -   eer = 0.3434
2024-05-18 02:24:51,575 -   fpr95 = 0.8446
2024-05-18 02:24:51,575 - Testing is finished...
2024-05-18 02:24:51,575 - Multimodal intent recognition is finished...
2024-05-18 02:24:51,575 - Results are saved in results/results_mag_bert_MIntRec2_ood.csv
2024-05-18 02:24:51,637 - ============================== Params ==============================
2024-05-18 02:24:51,637 - logger_name: mag_bert_ma_MIntRec2_multi-class_0
2024-05-18 02:24:51,637 - dataset: MIntRec2
2024-05-18 02:24:51,637 - ood_dataset: MIntRec2-OOD
2024-05-18 02:24:51,637 - data_mode: multi-class
2024-05-18 02:24:51,637 - multimodal_method: mag_bert
2024-05-18 02:24:51,637 - method: mag_bert
2024-05-18 02:24:51,637 - ood_detection_method: ma
2024-05-18 02:24:51,637 - text_backbone: bert-base-uncased
2024-05-18 02:24:51,637 - seed: 3
2024-05-18 02:24:51,637 - num_workers: 8
2024-05-18 02:24:51,637 - log_id: mag_bert_ma_MIntRec2_multi-class_0_2024-05-18-02-22-57
2024-05-18 02:24:51,637 - gpu_id: 3
2024-05-18 02:24:51,637 - data_path: /home/sharing/disk2/sjh/intentDataset
2024-05-18 02:24:51,637 - train: False
2024-05-18 02:24:51,637 - tune: True
2024-05-18 02:24:51,637 - ood: True
2024-05-18 02:24:51,637 - save_model: False
2024-05-18 02:24:51,637 - save_results: True
2024-05-18 02:24:51,637 - log_path: logs
2024-05-18 02:24:51,637 - cache_path: cache
2024-05-18 02:24:51,637 - video_data_path: video_data
2024-05-18 02:24:51,637 - audio_data_path: audio_data
2024-05-18 02:24:51,637 - video_feats_path: swin_feats.pkl
2024-05-18 02:24:51,637 - ood_video_feats_path: swin_feats.pkl
2024-05-18 02:24:51,637 - ood_audio_feats_path: wavlm_feats.pkl
2024-05-18 02:24:51,637 - audio_feats_path: wavlm_feats.pkl
2024-05-18 02:24:51,637 - results_path: results
2024-05-18 02:24:51,637 - output_path: /home/sharing/disk2/sjh/Outputs/OOD_MIntRec2/mag_bert
2024-05-18 02:24:51,637 - model_path: models
2024-05-18 02:24:51,637 - config_file_name: mag_bert_MIntRec2
2024-05-18 02:24:51,637 - results_file_name: results_mag_bert_MIntRec2_ood.csv
2024-05-18 02:24:51,637 - text_pretrained_model: /home/sharing/disk1/pretrained_embedding/bert/uncased_L-12_H-768_A-12/
2024-05-18 02:24:51,637 - text_seq_len: 50
2024-05-18 02:24:51,638 - video_seq_len: 180
2024-05-18 02:24:51,638 - audio_seq_len: 400
2024-05-18 02:24:51,638 - text_feat_dim: 768
2024-05-18 02:24:51,638 - video_feat_dim: 256
2024-05-18 02:24:51,638 - audio_feat_dim: 768
2024-05-18 02:24:51,638 - ood_label_id: 30
2024-05-18 02:24:51,638 - num_labels: 30
2024-05-18 02:24:51,638 - num_train_examples: 6165
2024-05-18 02:24:51,638 - need_aligned: True
2024-05-18 02:24:51,638 - eval_monitor: acc
2024-05-18 02:24:51,638 - train_batch_size: 32
2024-05-18 02:24:51,638 - eval_batch_size: 16
2024-05-18 02:24:51,638 - test_batch_size: 16
2024-05-18 02:24:51,638 - wait_patience: 3
2024-05-18 02:24:51,638 - num_train_epochs: 100
2024-05-18 02:24:51,638 - beta_shift: [0.01]
2024-05-18 02:24:51,638 - dropout_prob: [0.2]
2024-05-18 02:24:51,638 - warmup_proportion: [0.05]
2024-05-18 02:24:51,638 - lr: [2e-05]
2024-05-18 02:24:51,638 - aligned_method: ['conv1d']
2024-05-18 02:24:51,638 - weight_decay: [0.1]
2024-05-18 02:24:51,638 - scale: [2]
2024-05-18 02:24:51,638 - pred_output_path: /home/sharing/disk2/sjh/Outputs/OOD_MIntRec2/mag_bert/mag_bert_MIntRec2_bert-base-uncased_multi-class_3
2024-05-18 02:24:51,638 - model_output_path: /home/sharing/disk2/sjh/Outputs/OOD_MIntRec2/mag_bert/mag_bert_MIntRec2_bert-base-uncased_multi-class_3/models
2024-05-18 02:24:51,638 - pretrained_save_model: /home/sharing/disk2/sjh/Outputs/OOD_MIntRec2/mag_bert/binary_mag_bert_MIntRec2_bert-base-uncased_3
2024-05-18 02:24:51,638 - device: cuda
2024-05-18 02:24:51,638 - feat_size: 768
2024-05-18 02:24:51,638 - ============================== End Params ==============================
2024-05-18 02:24:56,783 - Multimodal Intent Recognition begins...
2024-05-18 02:24:56,783 - Testing begins...
2024-05-18 02:25:20,219 - ***** Out-of-domain Evaluation results *****
2024-05-18 02:25:20,220 -   aupr_in = 0.7936
2024-05-18 02:25:20,220 -   aupr_out = 0.5544
2024-05-18 02:25:20,220 -   auroc = 0.7037
2024-05-18 02:25:20,220 -   der = 0.5511
2024-05-18 02:25:20,220 -   eer = 0.3475
2024-05-18 02:25:20,220 -   fpr95 = 0.8463
2024-05-18 02:25:20,220 - Testing is finished...
2024-05-18 02:25:20,221 - Multimodal intent recognition is finished...
2024-05-18 02:25:20,221 - Results are saved in results/results_mag_bert_MIntRec2_ood.csv
2024-05-18 02:25:20,289 - ============================== Params ==============================
2024-05-18 02:25:20,289 - logger_name: mag_bert_ma_MIntRec2_multi-class_0
2024-05-18 02:25:20,289 - dataset: MIntRec2
2024-05-18 02:25:20,289 - ood_dataset: MIntRec2-OOD
2024-05-18 02:25:20,289 - data_mode: multi-class
2024-05-18 02:25:20,289 - multimodal_method: mag_bert
2024-05-18 02:25:20,289 - method: mag_bert
2024-05-18 02:25:20,289 - ood_detection_method: ma
2024-05-18 02:25:20,289 - text_backbone: bert-base-uncased
2024-05-18 02:25:20,289 - seed: 4
2024-05-18 02:25:20,289 - num_workers: 8
2024-05-18 02:25:20,289 - log_id: mag_bert_ma_MIntRec2_multi-class_0_2024-05-18-02-22-57
2024-05-18 02:25:20,289 - gpu_id: 3
2024-05-18 02:25:20,290 - data_path: /home/sharing/disk2/sjh/intentDataset
2024-05-18 02:25:20,290 - train: False
2024-05-18 02:25:20,290 - tune: True
2024-05-18 02:25:20,290 - ood: True
2024-05-18 02:25:20,290 - save_model: False
2024-05-18 02:25:20,290 - save_results: True
2024-05-18 02:25:20,290 - log_path: logs
2024-05-18 02:25:20,290 - cache_path: cache
2024-05-18 02:25:20,290 - video_data_path: video_data
2024-05-18 02:25:20,290 - audio_data_path: audio_data
2024-05-18 02:25:20,290 - video_feats_path: swin_feats.pkl
2024-05-18 02:25:20,290 - ood_video_feats_path: swin_feats.pkl
2024-05-18 02:25:20,290 - ood_audio_feats_path: wavlm_feats.pkl
2024-05-18 02:25:20,290 - audio_feats_path: wavlm_feats.pkl
2024-05-18 02:25:20,290 - results_path: results
2024-05-18 02:25:20,290 - output_path: /home/sharing/disk2/sjh/Outputs/OOD_MIntRec2/mag_bert
2024-05-18 02:25:20,290 - model_path: models
2024-05-18 02:25:20,290 - config_file_name: mag_bert_MIntRec2
2024-05-18 02:25:20,290 - results_file_name: results_mag_bert_MIntRec2_ood.csv
2024-05-18 02:25:20,290 - text_pretrained_model: /home/sharing/disk1/pretrained_embedding/bert/uncased_L-12_H-768_A-12/
2024-05-18 02:25:20,290 - text_seq_len: 50
2024-05-18 02:25:20,290 - video_seq_len: 180
2024-05-18 02:25:20,290 - audio_seq_len: 400
2024-05-18 02:25:20,290 - text_feat_dim: 768
2024-05-18 02:25:20,290 - video_feat_dim: 256
2024-05-18 02:25:20,290 - audio_feat_dim: 768
2024-05-18 02:25:20,290 - ood_label_id: 30
2024-05-18 02:25:20,291 - num_labels: 30
2024-05-18 02:25:20,291 - num_train_examples: 6165
2024-05-18 02:25:20,291 - need_aligned: True
2024-05-18 02:25:20,291 - eval_monitor: acc
2024-05-18 02:25:20,291 - train_batch_size: 32
2024-05-18 02:25:20,291 - eval_batch_size: 16
2024-05-18 02:25:20,291 - test_batch_size: 16
2024-05-18 02:25:20,291 - wait_patience: 3
2024-05-18 02:25:20,291 - num_train_epochs: 100
2024-05-18 02:25:20,291 - beta_shift: [0.01]
2024-05-18 02:25:20,291 - dropout_prob: [0.2]
2024-05-18 02:25:20,291 - warmup_proportion: [0.05]
2024-05-18 02:25:20,291 - lr: [2e-05]
2024-05-18 02:25:20,291 - aligned_method: ['conv1d']
2024-05-18 02:25:20,291 - weight_decay: [0.1]
2024-05-18 02:25:20,291 - scale: [2]
2024-05-18 02:25:20,291 - pred_output_path: /home/sharing/disk2/sjh/Outputs/OOD_MIntRec2/mag_bert/mag_bert_MIntRec2_bert-base-uncased_multi-class_4
2024-05-18 02:25:20,291 - model_output_path: /home/sharing/disk2/sjh/Outputs/OOD_MIntRec2/mag_bert/mag_bert_MIntRec2_bert-base-uncased_multi-class_4/models
2024-05-18 02:25:20,291 - pretrained_save_model: /home/sharing/disk2/sjh/Outputs/OOD_MIntRec2/mag_bert/binary_mag_bert_MIntRec2_bert-base-uncased_4
2024-05-18 02:25:20,291 - device: cuda
2024-05-18 02:25:20,291 - feat_size: 768
2024-05-18 02:25:20,291 - ============================== End Params ==============================
2024-05-18 02:25:25,011 - Multimodal Intent Recognition begins...
2024-05-18 02:25:25,011 - Testing begins...
2024-05-18 02:25:48,666 - ***** Out-of-domain Evaluation results *****
2024-05-18 02:25:48,667 -   aupr_in = 0.807
2024-05-18 02:25:48,667 -   aupr_out = 0.5619
2024-05-18 02:25:48,667 -   auroc = 0.7216
2024-05-18 02:25:48,667 -   der = 0.56
2024-05-18 02:25:48,667 -   eer = 0.3325
2024-05-18 02:25:48,667 -   fpr95 = 0.8605
2024-05-18 02:25:48,667 - Testing is finished...
2024-05-18 02:25:48,667 - Multimodal intent recognition is finished...
2024-05-18 02:25:48,667 - Results are saved in results/results_mag_bert_MIntRec2_ood.csv
