2024-05-18 02:41:39,478 - Lists of intent labels are: ['Acknowledge', 'Advise', 'Agree', 'Apologise', 'Arrange', 'Ask for help', 'Asking for opinions', 'Care', 'Comfort', 'Complain', 'Confirm', 'Criticize', 'Doubt', 'Emphasize', 'Explain', 'Flaunt', 'Greet', 'Inform', 'Introduce', 'Invite', 'Joke', 'Leave', 'Oppose', 'Plan', 'Praise', 'Prevent', 'Refuse', 'Taunt', 'Thank', 'Warn']
2024-05-18 02:41:39,478 - ID Data preparation...
2024-05-18 02:41:59,017 - OOD Data preparation...
2024-05-18 02:42:02,508 - ============================== Params ==============================
2024-05-18 02:42:02,508 - logger_name: misa_vim_MIntRec2_multi-class_0
2024-05-18 02:42:02,508 - dataset: MIntRec2
2024-05-18 02:42:02,508 - ood_dataset: MIntRec2-OOD
2024-05-18 02:42:02,508 - data_mode: multi-class
2024-05-18 02:42:02,508 - multimodal_method: misa
2024-05-18 02:42:02,508 - method: misa
2024-05-18 02:42:02,508 - ood_detection_method: vim
2024-05-18 02:42:02,508 - text_backbone: bert-base-uncased
2024-05-18 02:42:02,508 - seed: 0
2024-05-18 02:42:02,508 - num_workers: 8
2024-05-18 02:42:02,508 - log_id: misa_vim_MIntRec2_multi-class_0_2024-05-18-02-41-39
2024-05-18 02:42:02,508 - gpu_id: 3
2024-05-18 02:42:02,508 - data_path: /home/sharing/disk2/sjh/intentDataset
2024-05-18 02:42:02,508 - train: False
2024-05-18 02:42:02,508 - tune: True
2024-05-18 02:42:02,508 - ood: True
2024-05-18 02:42:02,508 - save_model: False
2024-05-18 02:42:02,508 - save_results: True
2024-05-18 02:42:02,508 - log_path: logs
2024-05-18 02:42:02,508 - cache_path: cache
2024-05-18 02:42:02,508 - video_data_path: video_data
2024-05-18 02:42:02,508 - audio_data_path: audio_data
2024-05-18 02:42:02,508 - video_feats_path: swin_feats.pkl
2024-05-18 02:42:02,508 - ood_video_feats_path: swin_feats.pkl
2024-05-18 02:42:02,508 - ood_audio_feats_path: wavlm_feats.pkl
2024-05-18 02:42:02,508 - audio_feats_path: wavlm_feats.pkl
2024-05-18 02:42:02,508 - results_path: results
2024-05-18 02:42:02,508 - output_path: /home/sharing/disk2/sjh/Outputs/OOD_MIntRec2/misa
2024-05-18 02:42:02,508 - model_path: models
2024-05-18 02:42:02,508 - config_file_name: misa_MIntRec2
2024-05-18 02:42:02,508 - results_file_name: results_misa_MIntRec2_ood.csv
2024-05-18 02:42:02,508 - text_pretrained_model: /home/sharing/disk1/pretrained_embedding/bert/uncased_L-12_H-768_A-12/
2024-05-18 02:42:02,508 - text_seq_len: 50
2024-05-18 02:42:02,508 - video_seq_len: 180
2024-05-18 02:42:02,508 - audio_seq_len: 400
2024-05-18 02:42:02,508 - text_feat_dim: 768
2024-05-18 02:42:02,508 - video_feat_dim: 256
2024-05-18 02:42:02,509 - audio_feat_dim: 768
2024-05-18 02:42:02,509 - ood_label_id: 30
2024-05-18 02:42:02,509 - num_labels: 30
2024-05-18 02:42:02,509 - num_train_examples: 6165
2024-05-18 02:42:02,509 - padding_mode: zero
2024-05-18 02:42:02,509 - padding_loc: end
2024-05-18 02:42:02,509 - need_aligned: False
2024-05-18 02:42:02,509 - eval_monitor: acc
2024-05-18 02:42:02,509 - train_batch_size: 32
2024-05-18 02:42:02,509 - eval_batch_size: 16
2024-05-18 02:42:02,509 - test_batch_size: 16
2024-05-18 02:42:02,509 - wait_patience: 3
2024-05-18 02:42:02,509 - num_train_epochs: 100
2024-05-18 02:42:02,509 - rnncell: lstm
2024-05-18 02:42:02,509 - use_cmd_sim: False
2024-05-18 02:42:02,509 - reverse_grad_weight: [0.3]
2024-05-18 02:42:02,509 - hidden_size: [256]
2024-05-18 02:42:02,509 - dropout_rate: [0.1]
2024-05-18 02:42:02,509 - diff_weight: [0.5]
2024-05-18 02:42:02,509 - sim_weight: [0.7]
2024-05-18 02:42:02,509 - recon_weight: [0.3]
2024-05-18 02:42:02,509 - lr: [2e-05]
2024-05-18 02:42:02,509 - grad_clip: -1.0
2024-05-18 02:42:02,509 - gamma: 0.5
2024-05-18 02:42:02,509 - pred_output_path: /home/sharing/disk2/sjh/Outputs/OOD_MIntRec2/misa/misa_MIntRec2_bert-base-uncased_multi-class_0
2024-05-18 02:42:02,509 - model_output_path: /home/sharing/disk2/sjh/Outputs/OOD_MIntRec2/misa/misa_MIntRec2_bert-base-uncased_multi-class_0/models
2024-05-18 02:42:02,509 - pretrained_save_model: /home/sharing/disk2/sjh/Outputs/OOD_MIntRec2/misa/binary_misa_MIntRec2_bert-base-uncased_0
2024-05-18 02:42:02,509 - ============================== End Params ==============================
2024-05-18 02:42:05,310 - Multimodal Intent Recognition begins...
2024-05-18 02:42:05,310 - Testing begins...
2024-05-18 02:42:32,247 - ***** Out-of-domain Evaluation results *****
2024-05-18 02:42:32,248 -   aupr_in = 0.7949
2024-05-18 02:42:32,248 -   aupr_out = 0.5611
2024-05-18 02:42:32,248 -   auroc = 0.7066
2024-05-18 02:42:32,249 -   der = 0.5353
2024-05-18 02:42:32,249 -   eer = 0.345
2024-05-18 02:42:32,249 -   fpr95 = 0.8212
2024-05-18 02:42:32,249 - Testing is finished...
2024-05-18 02:42:32,249 - Multimodal intent recognition is finished...
2024-05-18 02:42:32,249 - Results are saved in results/results_misa_MIntRec2_ood.csv
2024-05-18 02:42:32,302 - ============================== Params ==============================
2024-05-18 02:42:32,302 - logger_name: misa_vim_MIntRec2_multi-class_0
2024-05-18 02:42:32,302 - dataset: MIntRec2
2024-05-18 02:42:32,302 - ood_dataset: MIntRec2-OOD
2024-05-18 02:42:32,302 - data_mode: multi-class
2024-05-18 02:42:32,302 - multimodal_method: misa
2024-05-18 02:42:32,302 - method: misa
2024-05-18 02:42:32,302 - ood_detection_method: vim
2024-05-18 02:42:32,302 - text_backbone: bert-base-uncased
2024-05-18 02:42:32,302 - seed: 1
2024-05-18 02:42:32,302 - num_workers: 8
2024-05-18 02:42:32,303 - log_id: misa_vim_MIntRec2_multi-class_0_2024-05-18-02-41-39
2024-05-18 02:42:32,303 - gpu_id: 3
2024-05-18 02:42:32,303 - data_path: /home/sharing/disk2/sjh/intentDataset
2024-05-18 02:42:32,303 - train: False
2024-05-18 02:42:32,303 - tune: True
2024-05-18 02:42:32,303 - ood: True
2024-05-18 02:42:32,303 - save_model: False
2024-05-18 02:42:32,303 - save_results: True
2024-05-18 02:42:32,303 - log_path: logs
2024-05-18 02:42:32,303 - cache_path: cache
2024-05-18 02:42:32,303 - video_data_path: video_data
2024-05-18 02:42:32,303 - audio_data_path: audio_data
2024-05-18 02:42:32,303 - video_feats_path: swin_feats.pkl
2024-05-18 02:42:32,303 - ood_video_feats_path: swin_feats.pkl
2024-05-18 02:42:32,303 - ood_audio_feats_path: wavlm_feats.pkl
2024-05-18 02:42:32,303 - audio_feats_path: wavlm_feats.pkl
2024-05-18 02:42:32,303 - results_path: results
2024-05-18 02:42:32,303 - output_path: /home/sharing/disk2/sjh/Outputs/OOD_MIntRec2/misa
2024-05-18 02:42:32,303 - model_path: models
2024-05-18 02:42:32,303 - config_file_name: misa_MIntRec2
2024-05-18 02:42:32,303 - results_file_name: results_misa_MIntRec2_ood.csv
2024-05-18 02:42:32,303 - text_pretrained_model: /home/sharing/disk1/pretrained_embedding/bert/uncased_L-12_H-768_A-12/
2024-05-18 02:42:32,304 - text_seq_len: 50
2024-05-18 02:42:32,304 - video_seq_len: 180
2024-05-18 02:42:32,304 - audio_seq_len: 400
2024-05-18 02:42:32,304 - text_feat_dim: 768
2024-05-18 02:42:32,304 - video_feat_dim: 256
2024-05-18 02:42:32,304 - audio_feat_dim: 768
2024-05-18 02:42:32,304 - ood_label_id: 30
2024-05-18 02:42:32,304 - num_labels: 30
2024-05-18 02:42:32,304 - num_train_examples: 6165
2024-05-18 02:42:32,304 - padding_mode: zero
2024-05-18 02:42:32,304 - padding_loc: end
2024-05-18 02:42:32,304 - need_aligned: False
2024-05-18 02:42:32,304 - eval_monitor: acc
2024-05-18 02:42:32,304 - train_batch_size: 32
2024-05-18 02:42:32,304 - eval_batch_size: 16
2024-05-18 02:42:32,304 - test_batch_size: 16
2024-05-18 02:42:32,304 - wait_patience: 3
2024-05-18 02:42:32,304 - num_train_epochs: 100
2024-05-18 02:42:32,304 - rnncell: lstm
2024-05-18 02:42:32,304 - use_cmd_sim: False
2024-05-18 02:42:32,304 - reverse_grad_weight: [0.3]
2024-05-18 02:42:32,304 - hidden_size: [256]
2024-05-18 02:42:32,304 - dropout_rate: [0.1]
2024-05-18 02:42:32,304 - diff_weight: [0.5]
2024-05-18 02:42:32,305 - sim_weight: [0.7]
2024-05-18 02:42:32,305 - recon_weight: [0.3]
2024-05-18 02:42:32,305 - lr: [2e-05]
2024-05-18 02:42:32,305 - grad_clip: -1.0
2024-05-18 02:42:32,305 - gamma: 0.5
2024-05-18 02:42:32,305 - pred_output_path: /home/sharing/disk2/sjh/Outputs/OOD_MIntRec2/misa/misa_MIntRec2_bert-base-uncased_multi-class_1
2024-05-18 02:42:32,305 - model_output_path: /home/sharing/disk2/sjh/Outputs/OOD_MIntRec2/misa/misa_MIntRec2_bert-base-uncased_multi-class_1/models
2024-05-18 02:42:32,305 - pretrained_save_model: /home/sharing/disk2/sjh/Outputs/OOD_MIntRec2/misa/binary_misa_MIntRec2_bert-base-uncased_1
2024-05-18 02:42:32,305 - device: cuda
2024-05-18 02:42:32,305 - feat_size: 768
2024-05-18 02:42:32,305 - text_feat_size: 768
2024-05-18 02:42:32,305 - video_feat_size: 1024
2024-05-18 02:42:32,305 - audio_feat_size: 3072
2024-05-18 02:42:32,305 - ============================== End Params ==============================
2024-05-18 02:42:34,239 - Multimodal Intent Recognition begins...
2024-05-18 02:42:34,239 - Testing begins...
2024-05-18 02:42:59,142 - ***** Out-of-domain Evaluation results *****
2024-05-18 02:42:59,143 -   aupr_in = 0.7855
2024-05-18 02:42:59,143 -   aupr_out = 0.5291
2024-05-18 02:42:59,143 -   auroc = 0.6857
2024-05-18 02:42:59,143 -   der = 0.5663
2024-05-18 02:42:59,143 -   eer = 0.3684
2024-05-18 02:42:59,143 -   fpr95 = 0.8705
2024-05-18 02:42:59,143 - Testing is finished...
2024-05-18 02:42:59,143 - Multimodal intent recognition is finished...
2024-05-18 02:42:59,144 - Results are saved in results/results_misa_MIntRec2_ood.csv
2024-05-18 02:42:59,185 - ============================== Params ==============================
2024-05-18 02:42:59,185 - logger_name: misa_vim_MIntRec2_multi-class_0
2024-05-18 02:42:59,185 - dataset: MIntRec2
2024-05-18 02:42:59,185 - ood_dataset: MIntRec2-OOD
2024-05-18 02:42:59,185 - data_mode: multi-class
2024-05-18 02:42:59,185 - multimodal_method: misa
2024-05-18 02:42:59,185 - method: misa
2024-05-18 02:42:59,185 - ood_detection_method: vim
2024-05-18 02:42:59,185 - text_backbone: bert-base-uncased
2024-05-18 02:42:59,185 - seed: 2
2024-05-18 02:42:59,185 - num_workers: 8
2024-05-18 02:42:59,185 - log_id: misa_vim_MIntRec2_multi-class_0_2024-05-18-02-41-39
2024-05-18 02:42:59,185 - gpu_id: 3
2024-05-18 02:42:59,185 - data_path: /home/sharing/disk2/sjh/intentDataset
2024-05-18 02:42:59,185 - train: False
2024-05-18 02:42:59,185 - tune: True
2024-05-18 02:42:59,185 - ood: True
2024-05-18 02:42:59,185 - save_model: False
2024-05-18 02:42:59,185 - save_results: True
2024-05-18 02:42:59,185 - log_path: logs
2024-05-18 02:42:59,185 - cache_path: cache
2024-05-18 02:42:59,185 - video_data_path: video_data
2024-05-18 02:42:59,185 - audio_data_path: audio_data
2024-05-18 02:42:59,185 - video_feats_path: swin_feats.pkl
2024-05-18 02:42:59,185 - ood_video_feats_path: swin_feats.pkl
2024-05-18 02:42:59,185 - ood_audio_feats_path: wavlm_feats.pkl
2024-05-18 02:42:59,186 - audio_feats_path: wavlm_feats.pkl
2024-05-18 02:42:59,186 - results_path: results
2024-05-18 02:42:59,186 - output_path: /home/sharing/disk2/sjh/Outputs/OOD_MIntRec2/misa
2024-05-18 02:42:59,186 - model_path: models
2024-05-18 02:42:59,186 - config_file_name: misa_MIntRec2
2024-05-18 02:42:59,186 - results_file_name: results_misa_MIntRec2_ood.csv
2024-05-18 02:42:59,186 - text_pretrained_model: /home/sharing/disk1/pretrained_embedding/bert/uncased_L-12_H-768_A-12/
2024-05-18 02:42:59,186 - text_seq_len: 50
2024-05-18 02:42:59,186 - video_seq_len: 180
2024-05-18 02:42:59,186 - audio_seq_len: 400
2024-05-18 02:42:59,186 - text_feat_dim: 768
2024-05-18 02:42:59,186 - video_feat_dim: 256
2024-05-18 02:42:59,186 - audio_feat_dim: 768
2024-05-18 02:42:59,186 - ood_label_id: 30
2024-05-18 02:42:59,186 - num_labels: 30
2024-05-18 02:42:59,186 - num_train_examples: 6165
2024-05-18 02:42:59,186 - padding_mode: zero
2024-05-18 02:42:59,186 - padding_loc: end
2024-05-18 02:42:59,186 - need_aligned: False
2024-05-18 02:42:59,186 - eval_monitor: acc
2024-05-18 02:42:59,186 - train_batch_size: 32
2024-05-18 02:42:59,186 - eval_batch_size: 16
2024-05-18 02:42:59,186 - test_batch_size: 16
2024-05-18 02:42:59,186 - wait_patience: 3
2024-05-18 02:42:59,186 - num_train_epochs: 100
2024-05-18 02:42:59,186 - rnncell: lstm
2024-05-18 02:42:59,186 - use_cmd_sim: False
2024-05-18 02:42:59,186 - reverse_grad_weight: [0.3]
2024-05-18 02:42:59,186 - hidden_size: [256]
2024-05-18 02:42:59,186 - dropout_rate: [0.1]
2024-05-18 02:42:59,186 - diff_weight: [0.5]
2024-05-18 02:42:59,186 - sim_weight: [0.7]
2024-05-18 02:42:59,186 - recon_weight: [0.3]
2024-05-18 02:42:59,186 - lr: [2e-05]
2024-05-18 02:42:59,186 - grad_clip: -1.0
2024-05-18 02:42:59,186 - gamma: 0.5
2024-05-18 02:42:59,186 - pred_output_path: /home/sharing/disk2/sjh/Outputs/OOD_MIntRec2/misa/misa_MIntRec2_bert-base-uncased_multi-class_2
2024-05-18 02:42:59,186 - model_output_path: /home/sharing/disk2/sjh/Outputs/OOD_MIntRec2/misa/misa_MIntRec2_bert-base-uncased_multi-class_2/models
2024-05-18 02:42:59,186 - pretrained_save_model: /home/sharing/disk2/sjh/Outputs/OOD_MIntRec2/misa/binary_misa_MIntRec2_bert-base-uncased_2
2024-05-18 02:42:59,186 - device: cuda
2024-05-18 02:42:59,186 - feat_size: 768
2024-05-18 02:42:59,186 - text_feat_size: 768
2024-05-18 02:42:59,186 - video_feat_size: 1024
2024-05-18 02:42:59,187 - audio_feat_size: 3072
2024-05-18 02:42:59,187 - ============================== End Params ==============================
2024-05-18 02:43:00,555 - Multimodal Intent Recognition begins...
2024-05-18 02:43:00,555 - Testing begins...
2024-05-18 02:43:26,275 - ***** Out-of-domain Evaluation results *****
2024-05-18 02:43:26,276 -   aupr_in = 0.7861
2024-05-18 02:43:26,276 -   aupr_out = 0.532
2024-05-18 02:43:26,276 -   auroc = 0.6902
2024-05-18 02:43:26,276 -   der = 0.5663
2024-05-18 02:43:26,276 -   eer = 0.3609
2024-05-18 02:43:26,276 -   fpr95 = 0.8705
2024-05-18 02:43:26,276 - Testing is finished...
2024-05-18 02:43:26,276 - Multimodal intent recognition is finished...
2024-05-18 02:43:26,276 - Results are saved in results/results_misa_MIntRec2_ood.csv
2024-05-18 02:43:26,339 - ============================== Params ==============================
2024-05-18 02:43:26,339 - logger_name: misa_vim_MIntRec2_multi-class_0
2024-05-18 02:43:26,339 - dataset: MIntRec2
2024-05-18 02:43:26,339 - ood_dataset: MIntRec2-OOD
2024-05-18 02:43:26,339 - data_mode: multi-class
2024-05-18 02:43:26,339 - multimodal_method: misa
2024-05-18 02:43:26,339 - method: misa
2024-05-18 02:43:26,339 - ood_detection_method: vim
2024-05-18 02:43:26,339 - text_backbone: bert-base-uncased
2024-05-18 02:43:26,339 - seed: 3
2024-05-18 02:43:26,339 - num_workers: 8
2024-05-18 02:43:26,339 - log_id: misa_vim_MIntRec2_multi-class_0_2024-05-18-02-41-39
2024-05-18 02:43:26,339 - gpu_id: 3
2024-05-18 02:43:26,339 - data_path: /home/sharing/disk2/sjh/intentDataset
2024-05-18 02:43:26,339 - train: False
2024-05-18 02:43:26,339 - tune: True
2024-05-18 02:43:26,339 - ood: True
2024-05-18 02:43:26,339 - save_model: False
2024-05-18 02:43:26,339 - save_results: True
2024-05-18 02:43:26,339 - log_path: logs
2024-05-18 02:43:26,339 - cache_path: cache
2024-05-18 02:43:26,339 - video_data_path: video_data
2024-05-18 02:43:26,339 - audio_data_path: audio_data
2024-05-18 02:43:26,339 - video_feats_path: swin_feats.pkl
2024-05-18 02:43:26,340 - ood_video_feats_path: swin_feats.pkl
2024-05-18 02:43:26,340 - ood_audio_feats_path: wavlm_feats.pkl
2024-05-18 02:43:26,340 - audio_feats_path: wavlm_feats.pkl
2024-05-18 02:43:26,340 - results_path: results
2024-05-18 02:43:26,340 - output_path: /home/sharing/disk2/sjh/Outputs/OOD_MIntRec2/misa
2024-05-18 02:43:26,340 - model_path: models
2024-05-18 02:43:26,340 - config_file_name: misa_MIntRec2
2024-05-18 02:43:26,340 - results_file_name: results_misa_MIntRec2_ood.csv
2024-05-18 02:43:26,340 - text_pretrained_model: /home/sharing/disk1/pretrained_embedding/bert/uncased_L-12_H-768_A-12/
2024-05-18 02:43:26,340 - text_seq_len: 50
2024-05-18 02:43:26,340 - video_seq_len: 180
2024-05-18 02:43:26,340 - audio_seq_len: 400
2024-05-18 02:43:26,340 - text_feat_dim: 768
2024-05-18 02:43:26,340 - video_feat_dim: 256
2024-05-18 02:43:26,340 - audio_feat_dim: 768
2024-05-18 02:43:26,340 - ood_label_id: 30
2024-05-18 02:43:26,340 - num_labels: 30
2024-05-18 02:43:26,340 - num_train_examples: 6165
2024-05-18 02:43:26,340 - padding_mode: zero
2024-05-18 02:43:26,340 - padding_loc: end
2024-05-18 02:43:26,340 - need_aligned: False
2024-05-18 02:43:26,340 - eval_monitor: acc
2024-05-18 02:43:26,340 - train_batch_size: 32
2024-05-18 02:43:26,340 - eval_batch_size: 16
2024-05-18 02:43:26,340 - test_batch_size: 16
2024-05-18 02:43:26,340 - wait_patience: 3
2024-05-18 02:43:26,340 - num_train_epochs: 100
2024-05-18 02:43:26,340 - rnncell: lstm
2024-05-18 02:43:26,340 - use_cmd_sim: False
2024-05-18 02:43:26,341 - reverse_grad_weight: [0.3]
2024-05-18 02:43:26,341 - hidden_size: [256]
2024-05-18 02:43:26,341 - dropout_rate: [0.1]
2024-05-18 02:43:26,341 - diff_weight: [0.5]
2024-05-18 02:43:26,341 - sim_weight: [0.7]
2024-05-18 02:43:26,341 - recon_weight: [0.3]
2024-05-18 02:43:26,341 - lr: [2e-05]
2024-05-18 02:43:26,341 - grad_clip: -1.0
2024-05-18 02:43:26,341 - gamma: 0.5
2024-05-18 02:43:26,341 - pred_output_path: /home/sharing/disk2/sjh/Outputs/OOD_MIntRec2/misa/misa_MIntRec2_bert-base-uncased_multi-class_3
2024-05-18 02:43:26,341 - model_output_path: /home/sharing/disk2/sjh/Outputs/OOD_MIntRec2/misa/misa_MIntRec2_bert-base-uncased_multi-class_3/models
2024-05-18 02:43:26,341 - pretrained_save_model: /home/sharing/disk2/sjh/Outputs/OOD_MIntRec2/misa/binary_misa_MIntRec2_bert-base-uncased_3
2024-05-18 02:43:26,341 - device: cuda
2024-05-18 02:43:26,341 - feat_size: 768
2024-05-18 02:43:26,341 - text_feat_size: 768
2024-05-18 02:43:26,341 - video_feat_size: 1024
2024-05-18 02:43:26,341 - audio_feat_size: 3072
2024-05-18 02:43:26,341 - ============================== End Params ==============================
2024-05-18 02:43:27,719 - Multimodal Intent Recognition begins...
2024-05-18 02:43:27,719 - Testing begins...
2024-05-18 02:43:53,966 - ***** Out-of-domain Evaluation results *****
2024-05-18 02:43:53,967 -   aupr_in = 0.7824
2024-05-18 02:43:53,967 -   aupr_out = 0.5247
2024-05-18 02:43:53,967 -   auroc = 0.6818
2024-05-18 02:43:53,967 -   der = 0.5611
2024-05-18 02:43:53,967 -   eer = 0.3676
2024-05-18 02:43:53,967 -   fpr95 = 0.8622
2024-05-18 02:43:53,967 - Testing is finished...
2024-05-18 02:43:53,967 - Multimodal intent recognition is finished...
2024-05-18 02:43:53,967 - Results are saved in results/results_misa_MIntRec2_ood.csv
2024-05-18 02:43:54,028 - ============================== Params ==============================
2024-05-18 02:43:54,028 - logger_name: misa_vim_MIntRec2_multi-class_0
2024-05-18 02:43:54,028 - dataset: MIntRec2
2024-05-18 02:43:54,028 - ood_dataset: MIntRec2-OOD
2024-05-18 02:43:54,028 - data_mode: multi-class
2024-05-18 02:43:54,028 - multimodal_method: misa
2024-05-18 02:43:54,029 - method: misa
2024-05-18 02:43:54,029 - ood_detection_method: vim
2024-05-18 02:43:54,029 - text_backbone: bert-base-uncased
2024-05-18 02:43:54,029 - seed: 4
2024-05-18 02:43:54,029 - num_workers: 8
2024-05-18 02:43:54,029 - log_id: misa_vim_MIntRec2_multi-class_0_2024-05-18-02-41-39
2024-05-18 02:43:54,029 - gpu_id: 3
2024-05-18 02:43:54,029 - data_path: /home/sharing/disk2/sjh/intentDataset
2024-05-18 02:43:54,029 - train: False
2024-05-18 02:43:54,029 - tune: True
2024-05-18 02:43:54,029 - ood: True
2024-05-18 02:43:54,029 - save_model: False
2024-05-18 02:43:54,029 - save_results: True
2024-05-18 02:43:54,029 - log_path: logs
2024-05-18 02:43:54,029 - cache_path: cache
2024-05-18 02:43:54,029 - video_data_path: video_data
2024-05-18 02:43:54,029 - audio_data_path: audio_data
2024-05-18 02:43:54,029 - video_feats_path: swin_feats.pkl
2024-05-18 02:43:54,029 - ood_video_feats_path: swin_feats.pkl
2024-05-18 02:43:54,029 - ood_audio_feats_path: wavlm_feats.pkl
2024-05-18 02:43:54,029 - audio_feats_path: wavlm_feats.pkl
2024-05-18 02:43:54,029 - results_path: results
2024-05-18 02:43:54,029 - output_path: /home/sharing/disk2/sjh/Outputs/OOD_MIntRec2/misa
2024-05-18 02:43:54,029 - model_path: models
2024-05-18 02:43:54,029 - config_file_name: misa_MIntRec2
2024-05-18 02:43:54,029 - results_file_name: results_misa_MIntRec2_ood.csv
2024-05-18 02:43:54,029 - text_pretrained_model: /home/sharing/disk1/pretrained_embedding/bert/uncased_L-12_H-768_A-12/
2024-05-18 02:43:54,029 - text_seq_len: 50
2024-05-18 02:43:54,029 - video_seq_len: 180
2024-05-18 02:43:54,030 - audio_seq_len: 400
2024-05-18 02:43:54,030 - text_feat_dim: 768
2024-05-18 02:43:54,030 - video_feat_dim: 256
2024-05-18 02:43:54,030 - audio_feat_dim: 768
2024-05-18 02:43:54,030 - ood_label_id: 30
2024-05-18 02:43:54,030 - num_labels: 30
2024-05-18 02:43:54,030 - num_train_examples: 6165
2024-05-18 02:43:54,030 - padding_mode: zero
2024-05-18 02:43:54,030 - padding_loc: end
2024-05-18 02:43:54,030 - need_aligned: False
2024-05-18 02:43:54,030 - eval_monitor: acc
2024-05-18 02:43:54,030 - train_batch_size: 32
2024-05-18 02:43:54,030 - eval_batch_size: 16
2024-05-18 02:43:54,030 - test_batch_size: 16
2024-05-18 02:43:54,030 - wait_patience: 3
2024-05-18 02:43:54,030 - num_train_epochs: 100
2024-05-18 02:43:54,030 - rnncell: lstm
2024-05-18 02:43:54,030 - use_cmd_sim: False
2024-05-18 02:43:54,030 - reverse_grad_weight: [0.3]
2024-05-18 02:43:54,030 - hidden_size: [256]
2024-05-18 02:43:54,030 - dropout_rate: [0.1]
2024-05-18 02:43:54,030 - diff_weight: [0.5]
2024-05-18 02:43:54,030 - sim_weight: [0.7]
2024-05-18 02:43:54,030 - recon_weight: [0.3]
2024-05-18 02:43:54,030 - lr: [2e-05]
2024-05-18 02:43:54,030 - grad_clip: -1.0
2024-05-18 02:43:54,030 - gamma: 0.5
2024-05-18 02:43:54,030 - pred_output_path: /home/sharing/disk2/sjh/Outputs/OOD_MIntRec2/misa/misa_MIntRec2_bert-base-uncased_multi-class_4
2024-05-18 02:43:54,030 - model_output_path: /home/sharing/disk2/sjh/Outputs/OOD_MIntRec2/misa/misa_MIntRec2_bert-base-uncased_multi-class_4/models
2024-05-18 02:43:54,031 - pretrained_save_model: /home/sharing/disk2/sjh/Outputs/OOD_MIntRec2/misa/binary_misa_MIntRec2_bert-base-uncased_4
2024-05-18 02:43:54,031 - device: cuda
2024-05-18 02:43:54,031 - feat_size: 768
2024-05-18 02:43:54,031 - text_feat_size: 768
2024-05-18 02:43:54,031 - video_feat_size: 1024
2024-05-18 02:43:54,031 - audio_feat_size: 3072
2024-05-18 02:43:54,031 - ============================== End Params ==============================
2024-05-18 02:43:55,421 - Multimodal Intent Recognition begins...
2024-05-18 02:43:55,421 - Testing begins...
2024-05-18 02:44:21,712 - ***** Out-of-domain Evaluation results *****
2024-05-18 02:44:21,713 -   aupr_in = 0.7792
2024-05-18 02:44:21,713 -   aupr_out = 0.5382
2024-05-18 02:44:21,713 -   auroc = 0.686
2024-05-18 02:44:21,713 -   der = 0.5647
2024-05-18 02:44:21,713 -   eer = 0.3642
2024-05-18 02:44:21,713 -   fpr95 = 0.8688
2024-05-18 02:44:21,713 - Testing is finished...
2024-05-18 02:44:21,713 - Multimodal intent recognition is finished...
2024-05-18 02:44:21,713 - Results are saved in results/results_misa_MIntRec2_ood.csv
