2024-04-25 09:54:25,520 - Lists of intent labels are: ['Acknowledge', 'Advise', 'Agree', 'Apologise', 'Arrange', 'Ask for help', 'Asking for opinions', 'Care', 'Comfort', 'Complain', 'Confirm', 'Criticize', 'Doubt', 'Emphasize', 'Explain', 'Flaunt', 'Greet', 'Inform', 'Introduce', 'Invite', 'Joke', 'Leave', 'Oppose', 'Plan', 'Praise', 'Prevent', 'Refuse', 'Taunt', 'Thank', 'Warn']
2024-04-25 09:54:25,520 - ID Data preparation...
2024-04-25 09:55:28,476 - OOD Data preparation...
2024-04-25 09:55:53,417 - ============================== Params ==============================
2024-04-25 09:55:53,417 - logger_name: msz_ma_MIntRec2_multi-class_0
2024-04-25 09:55:53,417 - dataset: MIntRec2
2024-04-25 09:55:53,417 - ood_dataset: MIntRec2-OOD
2024-04-25 09:55:53,417 - data_mode: multi-class
2024-04-25 09:55:53,417 - multimodal_method: msz
2024-04-25 09:55:53,417 - method: msz
2024-04-25 09:55:53,417 - ood_detection_method: ma
2024-04-25 09:55:53,417 - text_backbone: bert-base-uncased
2024-04-25 09:55:53,417 - seed: 2
2024-04-25 09:55:53,417 - num_workers: 8
2024-04-25 09:55:53,417 - log_id: msz_ma_MIntRec2_multi-class_0_2024-04-25-09-54-25
2024-04-25 09:55:53,417 - gpu_id: 3
2024-04-25 09:55:53,417 - data_path: /home/sharing/disk2/sjh/intentDataset
2024-04-25 09:55:53,417 - train: True
2024-04-25 09:55:53,417 - tune: True
2024-04-25 09:55:53,417 - ood: True
2024-04-25 09:55:53,417 - save_model: False
2024-04-25 09:55:53,417 - save_results: True
2024-04-25 09:55:53,417 - log_path: logs
2024-04-25 09:55:53,417 - cache_path: cache
2024-04-25 09:55:53,418 - video_data_path: video_data
2024-04-25 09:55:53,418 - audio_data_path: audio_data
2024-04-25 09:55:53,418 - video_feats_path: swin_feats.pkl
2024-04-25 09:55:53,418 - ood_video_feats_path: swin_feats.pkl
2024-04-25 09:55:53,418 - ood_audio_feats_path: wavlm_feats.pkl
2024-04-25 09:55:53,418 - audio_feats_path: wavlm_feats.pkl
2024-04-25 09:55:53,418 - results_path: results
2024-04-25 09:55:53,418 - output_path: /home/sharing/disk2/sjh/Outputs/OOD_MIntRec2/msz
2024-04-25 09:55:53,418 - model_path: models
2024-04-25 09:55:53,418 - config_file_name: msz_MIntRec2
2024-04-25 09:55:53,418 - results_file_name: results_msz_MIntRec2.csv
2024-04-25 09:55:53,418 - text_pretrained_model: /home/sharing/disk1/pretrained_embedding/bert/uncased_L-12_H-768_A-12/
2024-04-25 09:55:53,418 - text_seq_len: 50
2024-04-25 09:55:53,418 - video_seq_len: 180
2024-04-25 09:55:53,418 - audio_seq_len: 400
2024-04-25 09:55:53,418 - text_feat_dim: 768
2024-04-25 09:55:53,418 - video_feat_dim: 256
2024-04-25 09:55:53,418 - audio_feat_dim: 768
2024-04-25 09:55:53,418 - ood_label_id: 30
2024-04-25 09:55:53,418 - num_labels: 30
2024-04-25 09:55:53,418 - num_train_examples: 6165
2024-04-25 09:55:53,418 - need_aligned: True
2024-04-25 09:55:53,418 - freeze_parameters: False
2024-04-25 09:55:53,418 - eval_monitor: acc
2024-04-25 09:55:53,418 - train_batch_size: 32
2024-04-25 09:55:53,418 - eval_batch_size: 16
2024-04-25 09:55:53,418 - num_train_epochs: 100
2024-04-25 09:55:53,418 - lr: [1e-05]
2024-04-25 09:55:53,418 - weight_decay: [0.1]
2024-04-25 09:55:53,418 - wait_patience: 3
2024-04-25 09:55:53,418 - warmup_proportion: [0.01]
2024-04-25 09:55:53,418 - hidden_dims: [768]
2024-04-25 09:55:53,418 - num_attention_heads: [4]
2024-04-25 09:55:53,418 - attention_probs_dropout_prob: [0.3]
2024-04-25 09:55:53,418 - hidden_dropout_prob: [0.3]
2024-04-25 09:55:53,418 - intermediate_size: [768]
2024-04-25 09:55:53,418 - num_hidden_layers: [5]
2024-04-25 09:55:53,418 - max_position_embeddings: [768]
2024-04-25 09:55:53,418 - position_embedding_type: absolute
2024-04-25 09:55:53,418 - batch_first: True
2024-04-25 09:55:53,418 - aligned_method: ['ctc']
2024-04-25 09:55:53,418 - sampler: beta
2024-04-25 09:55:53,418 - multiple_ood: [1]
2024-04-25 09:55:53,418 - select_number_min: [2]
2024-04-25 09:55:53,419 - select_number_max: [3]
2024-04-25 09:55:53,419 - mlp_hidden_size: [256]
2024-04-25 09:55:53,419 - mlp_dropout: [0.3]
2024-04-25 09:55:53,419 - alpha: [2]
2024-04-25 09:55:53,419 - scale: [8]
2024-04-25 09:55:53,419 - pred_output_path: /home/sharing/disk2/sjh/Outputs/OOD_MIntRec2/msz/msz_MIntRec2_bert-base-uncased_multi-class_2
2024-04-25 09:55:53,419 - model_output_path: /home/sharing/disk2/sjh/Outputs/OOD_MIntRec2/msz/msz_MIntRec2_bert-base-uncased_multi-class_2/models
2024-04-25 09:55:53,419 - pretrained_save_model: /home/sharing/disk2/sjh/Outputs/OOD_MIntRec2/msz/binary_msz_MIntRec2_bert-base-uncased_2
2024-04-25 09:55:53,419 - ============================== End Params ==============================
2024-04-25 09:55:56,769 - Multimodal Intent Recognition begins...
2024-04-25 09:55:56,769 - Training begins...
2024-04-25 09:58:58,201 - ***** Epoch: 1: Eval results *****
2024-04-25 09:58:58,209 -   binary_train_loss = 0.5597
2024-04-25 09:58:58,210 -   binary_eval_score = 0.9471
2024-04-25 09:58:58,210 -   train_loss = 2.5199
2024-04-25 09:58:58,210 -   eval_score = 0.4964
2024-04-25 09:58:58,210 -   best_eval_score = 0.0
2024-04-25 10:01:58,585 - ***** Epoch: 2: Eval results *****
2024-04-25 10:01:58,585 -   binary_train_loss = 0.1777
2024-04-25 10:01:58,585 -   binary_eval_score = 0.9806
2024-04-25 10:01:58,585 -   train_loss = 1.496
2024-04-25 10:01:58,585 -   eval_score = 0.5778
2024-04-25 10:01:58,585 -   best_eval_score = 0.4964
2024-04-25 10:05:01,941 - ***** Epoch: 3: Eval results *****
2024-04-25 10:05:01,941 -   binary_train_loss = 0.1205
2024-04-25 10:05:01,941 -   binary_eval_score = 0.9168
2024-04-25 10:05:01,942 -   train_loss = 1.1459
2024-04-25 10:05:01,942 -   eval_score = 0.575
2024-04-25 10:05:01,942 -   best_eval_score = 0.5778
2024-04-25 10:05:01,942 - EarlyStopping counter: 1 out of 3
2024-04-25 10:08:04,890 - ***** Epoch: 4: Eval results *****
2024-04-25 10:08:04,890 -   binary_train_loss = 0.1051
2024-04-25 10:08:04,890 -   binary_eval_score = 0.9837
2024-04-25 10:08:04,890 -   train_loss = 0.8733
2024-04-25 10:08:04,890 -   eval_score = 0.5805
2024-04-25 10:08:04,890 -   best_eval_score = 0.5778
2024-04-25 10:11:08,002 - ***** Epoch: 5: Eval results *****
2024-04-25 10:11:08,003 -   binary_train_loss = 0.1005
2024-04-25 10:11:08,003 -   binary_eval_score = 0.9846
2024-04-25 10:11:08,003 -   train_loss = 0.6447
2024-04-25 10:11:08,003 -   eval_score = 0.5922
2024-04-25 10:11:08,003 -   best_eval_score = 0.5805
2024-04-25 10:14:11,511 - ***** Epoch: 6: Eval results *****
2024-04-25 10:14:11,511 -   binary_train_loss = 0.0903
2024-04-25 10:14:11,511 -   binary_eval_score = 0.9819
2024-04-25 10:14:11,511 -   train_loss = 0.467
2024-04-25 10:14:11,512 -   eval_score = 0.5723
2024-04-25 10:14:11,512 -   best_eval_score = 0.5922
2024-04-25 10:14:11,512 - EarlyStopping counter: 1 out of 3
2024-04-25 10:17:14,847 - ***** Epoch: 7: Eval results *****
2024-04-25 10:17:14,848 -   binary_train_loss = 0.0788
2024-04-25 10:17:14,848 -   binary_eval_score = 0.9855
2024-04-25 10:17:14,848 -   train_loss = 0.348
2024-04-25 10:17:14,848 -   eval_score = 0.5787
2024-04-25 10:17:14,848 -   best_eval_score = 0.5922
2024-04-25 10:17:14,848 - EarlyStopping counter: 2 out of 3
2024-04-25 10:20:17,651 - ***** Epoch: 8: Eval results *****
2024-04-25 10:20:17,651 -   binary_train_loss = 0.0887
2024-04-25 10:20:17,652 -   binary_eval_score = 0.9435
2024-04-25 10:20:17,652 -   train_loss = 0.262
2024-04-25 10:20:17,652 -   eval_score = 0.5769
2024-04-25 10:20:17,652 -   best_eval_score = 0.5922
2024-04-25 10:20:17,652 - EarlyStopping counter: 3 out of 3
2024-04-25 10:20:17,652 - EarlyStopping at epoch 8
2024-04-25 10:20:17,659 - Training is finished...
2024-04-25 10:20:17,660 - Testing begins...
2024-04-25 10:21:07,741 - ***** Out-of-domain Evaluation results *****
2024-04-25 10:21:07,742 -   aupr_in = 0.5763
2024-04-25 10:21:07,742 -   aupr_out = 0.4475
2024-04-25 10:21:07,742 -   auroc = 0.5155
2024-04-25 10:21:07,742 -   der = 0.5569
2024-04-25 10:21:07,742 -   eer = 0.4869
2024-04-25 10:21:07,743 -   fpr95 = 0.9469
2024-04-25 10:21:07,743 - Testing is finished...
2024-04-25 10:21:07,743 - Multimodal intent recognition is finished...
2024-04-25 10:21:07,743 - Results are saved in results/results_msz_MIntRec2.csv
2024-04-25 10:21:07,826 - ============================== Params ==============================
2024-04-25 10:21:07,826 - logger_name: msz_ma_MIntRec2_multi-class_0
2024-04-25 10:21:07,826 - dataset: MIntRec2
2024-04-25 10:21:07,826 - ood_dataset: MIntRec2-OOD
2024-04-25 10:21:07,826 - data_mode: multi-class
2024-04-25 10:21:07,826 - multimodal_method: msz
2024-04-25 10:21:07,826 - method: msz
2024-04-25 10:21:07,826 - ood_detection_method: ma
2024-04-25 10:21:07,826 - text_backbone: bert-base-uncased
2024-04-25 10:21:07,826 - seed: 3
2024-04-25 10:21:07,826 - num_workers: 8
2024-04-25 10:21:07,826 - log_id: msz_ma_MIntRec2_multi-class_0_2024-04-25-09-54-25
2024-04-25 10:21:07,826 - gpu_id: 3
2024-04-25 10:21:07,826 - data_path: /home/sharing/disk2/sjh/intentDataset
2024-04-25 10:21:07,826 - train: True
2024-04-25 10:21:07,826 - tune: True
2024-04-25 10:21:07,826 - ood: True
2024-04-25 10:21:07,826 - save_model: False
2024-04-25 10:21:07,826 - save_results: True
2024-04-25 10:21:07,826 - log_path: logs
2024-04-25 10:21:07,826 - cache_path: cache
2024-04-25 10:21:07,826 - video_data_path: video_data
2024-04-25 10:21:07,827 - audio_data_path: audio_data
2024-04-25 10:21:07,827 - video_feats_path: swin_feats.pkl
2024-04-25 10:21:07,827 - ood_video_feats_path: swin_feats.pkl
2024-04-25 10:21:07,827 - ood_audio_feats_path: wavlm_feats.pkl
2024-04-25 10:21:07,827 - audio_feats_path: wavlm_feats.pkl
2024-04-25 10:21:07,827 - results_path: results
2024-04-25 10:21:07,827 - output_path: /home/sharing/disk2/sjh/Outputs/OOD_MIntRec2/msz
2024-04-25 10:21:07,827 - model_path: models
2024-04-25 10:21:07,827 - config_file_name: msz_MIntRec2
2024-04-25 10:21:07,827 - results_file_name: results_msz_MIntRec2.csv
2024-04-25 10:21:07,827 - text_pretrained_model: /home/sharing/disk1/pretrained_embedding/bert/uncased_L-12_H-768_A-12/
2024-04-25 10:21:07,827 - text_seq_len: 50
2024-04-25 10:21:07,827 - video_seq_len: 180
2024-04-25 10:21:07,827 - audio_seq_len: 400
2024-04-25 10:21:07,827 - text_feat_dim: 768
2024-04-25 10:21:07,827 - video_feat_dim: 256
2024-04-25 10:21:07,827 - audio_feat_dim: 768
2024-04-25 10:21:07,827 - ood_label_id: 30
2024-04-25 10:21:07,827 - num_labels: 30
2024-04-25 10:21:07,827 - num_train_examples: 6165
2024-04-25 10:21:07,827 - need_aligned: True
2024-04-25 10:21:07,827 - freeze_parameters: False
2024-04-25 10:21:07,827 - eval_monitor: acc
2024-04-25 10:21:07,827 - train_batch_size: 32
2024-04-25 10:21:07,827 - eval_batch_size: 16
2024-04-25 10:21:07,827 - num_train_epochs: 100
2024-04-25 10:21:07,827 - lr: [1e-05]
2024-04-25 10:21:07,827 - weight_decay: [0.1]
2024-04-25 10:21:07,827 - wait_patience: 3
2024-04-25 10:21:07,827 - warmup_proportion: [0.01]
2024-04-25 10:21:07,827 - hidden_dims: [768]
2024-04-25 10:21:07,827 - num_attention_heads: [4]
2024-04-25 10:21:07,827 - attention_probs_dropout_prob: [0.3]
2024-04-25 10:21:07,827 - hidden_dropout_prob: [0.3]
2024-04-25 10:21:07,827 - intermediate_size: [768]
2024-04-25 10:21:07,827 - num_hidden_layers: [5]
2024-04-25 10:21:07,827 - max_position_embeddings: [768]
2024-04-25 10:21:07,827 - position_embedding_type: absolute
2024-04-25 10:21:07,827 - batch_first: True
2024-04-25 10:21:07,827 - aligned_method: ['ctc']
2024-04-25 10:21:07,827 - sampler: beta
2024-04-25 10:21:07,827 - multiple_ood: [1]
2024-04-25 10:21:07,827 - select_number_min: [2]
2024-04-25 10:21:07,827 - select_number_max: [3]
2024-04-25 10:21:07,827 - mlp_hidden_size: [256]
2024-04-25 10:21:07,828 - mlp_dropout: [0.3]
2024-04-25 10:21:07,828 - alpha: [2]
2024-04-25 10:21:07,828 - scale: [8]
2024-04-25 10:21:07,828 - pred_output_path: /home/sharing/disk2/sjh/Outputs/OOD_MIntRec2/msz/msz_MIntRec2_bert-base-uncased_multi-class_3
2024-04-25 10:21:07,828 - model_output_path: /home/sharing/disk2/sjh/Outputs/OOD_MIntRec2/msz/msz_MIntRec2_bert-base-uncased_multi-class_3/models
2024-04-25 10:21:07,828 - pretrained_save_model: /home/sharing/disk2/sjh/Outputs/OOD_MIntRec2/msz/binary_msz_MIntRec2_bert-base-uncased_3
2024-04-25 10:21:07,828 - device: cuda
2024-04-25 10:21:07,828 - ============================== End Params ==============================
2024-04-25 10:21:09,526 - Multimodal Intent Recognition begins...
2024-04-25 10:21:09,526 - Training begins...
2024-04-25 10:24:12,622 - ***** Epoch: 1: Eval results *****
2024-04-25 10:24:12,623 -   binary_train_loss = 0.5331
2024-04-25 10:24:12,623 -   binary_eval_score = 0.9702
2024-04-25 10:24:12,623 -   train_loss = 2.6496
2024-04-25 10:24:12,623 -   eval_score = 0.4819
2024-04-25 10:24:12,623 -   best_eval_score = 0.0
2024-04-25 10:27:17,586 - ***** Epoch: 2: Eval results *****
2024-04-25 10:27:17,586 -   binary_train_loss = 0.1734
2024-04-25 10:27:17,586 -   binary_eval_score = 0.9611
2024-04-25 10:27:17,586 -   train_loss = 1.5506
2024-04-25 10:27:17,586 -   eval_score = 0.5723
2024-04-25 10:27:17,586 -   best_eval_score = 0.4819
2024-04-25 10:30:22,016 - ***** Epoch: 3: Eval results *****
2024-04-25 10:30:22,016 -   binary_train_loss = 0.1358
2024-04-25 10:30:22,016 -   binary_eval_score = 0.7848
2024-04-25 10:30:22,016 -   train_loss = 1.1853
2024-04-25 10:30:22,016 -   eval_score = 0.575
2024-04-25 10:30:22,016 -   best_eval_score = 0.5723
2024-04-25 10:33:25,987 - ***** Epoch: 4: Eval results *****
2024-04-25 10:33:25,987 -   binary_train_loss = 0.1253
2024-04-25 10:33:25,987 -   binary_eval_score = 0.9494
2024-04-25 10:33:25,987 -   train_loss = 0.91
2024-04-25 10:33:25,987 -   eval_score = 0.5949
2024-04-25 10:33:25,987 -   best_eval_score = 0.575
2024-04-25 10:36:30,419 - ***** Epoch: 5: Eval results *****
2024-04-25 10:36:30,428 -   binary_train_loss = 0.1141
2024-04-25 10:36:30,428 -   binary_eval_score = 0.972
2024-04-25 10:36:30,428 -   train_loss = 0.6904
2024-04-25 10:36:30,428 -   eval_score = 0.5895
2024-04-25 10:36:30,428 -   best_eval_score = 0.5949
2024-04-25 10:36:30,428 - EarlyStopping counter: 1 out of 3
2024-04-25 10:39:34,646 - ***** Epoch: 6: Eval results *****
2024-04-25 10:39:34,646 -   binary_train_loss = 0.1036
2024-04-25 10:39:34,646 -   binary_eval_score = 0.9295
2024-04-25 10:39:34,646 -   train_loss = 0.5116
2024-04-25 10:39:34,646 -   eval_score = 0.5877
2024-04-25 10:39:34,646 -   best_eval_score = 0.5949
2024-04-25 10:39:34,646 - EarlyStopping counter: 2 out of 3
2024-04-25 10:42:39,324 - ***** Epoch: 7: Eval results *****
2024-04-25 10:42:39,324 -   binary_train_loss = 0.0845
2024-04-25 10:42:39,324 -   binary_eval_score = 0.9828
2024-04-25 10:42:39,324 -   train_loss = 0.3671
2024-04-25 10:42:39,324 -   eval_score = 0.5868
2024-04-25 10:42:39,324 -   best_eval_score = 0.5949
2024-04-25 10:42:39,324 - EarlyStopping counter: 3 out of 3
2024-04-25 10:42:39,324 - EarlyStopping at epoch 7
2024-04-25 10:42:39,330 - Training is finished...
2024-04-25 10:42:39,330 - Testing begins...
2024-04-25 10:43:30,075 - ***** Out-of-domain Evaluation results *****
2024-04-25 10:43:30,075 -   aupr_in = 0.5803
2024-04-25 10:43:30,076 -   aupr_out = 0.4506
2024-04-25 10:43:30,076 -   auroc = 0.5199
2024-04-25 10:43:30,076 -   der = 0.5556
2024-04-25 10:43:30,076 -   eer = 0.485
2024-04-25 10:43:30,076 -   fpr95 = 0.945
2024-04-25 10:43:30,076 - Testing is finished...
2024-04-25 10:43:30,076 - Multimodal intent recognition is finished...
2024-04-25 10:43:30,076 - Results are saved in results/results_msz_MIntRec2.csv
2024-04-25 10:43:30,441 - ============================== Params ==============================
2024-04-25 10:43:30,441 - logger_name: msz_ma_MIntRec2_multi-class_0
2024-04-25 10:43:30,441 - dataset: MIntRec2
2024-04-25 10:43:30,441 - ood_dataset: MIntRec2-OOD
2024-04-25 10:43:30,441 - data_mode: multi-class
2024-04-25 10:43:30,441 - multimodal_method: msz
2024-04-25 10:43:30,441 - method: msz
2024-04-25 10:43:30,441 - ood_detection_method: ma
2024-04-25 10:43:30,441 - text_backbone: bert-base-uncased
2024-04-25 10:43:30,442 - seed: 4
2024-04-25 10:43:30,442 - num_workers: 8
2024-04-25 10:43:30,442 - log_id: msz_ma_MIntRec2_multi-class_0_2024-04-25-09-54-25
2024-04-25 10:43:30,442 - gpu_id: 3
2024-04-25 10:43:30,442 - data_path: /home/sharing/disk2/sjh/intentDataset
2024-04-25 10:43:30,442 - train: True
2024-04-25 10:43:30,442 - tune: True
2024-04-25 10:43:30,442 - ood: True
2024-04-25 10:43:30,442 - save_model: False
2024-04-25 10:43:30,442 - save_results: True
2024-04-25 10:43:30,442 - log_path: logs
2024-04-25 10:43:30,442 - cache_path: cache
2024-04-25 10:43:30,442 - video_data_path: video_data
2024-04-25 10:43:30,442 - audio_data_path: audio_data
2024-04-25 10:43:30,442 - video_feats_path: swin_feats.pkl
2024-04-25 10:43:30,442 - ood_video_feats_path: swin_feats.pkl
2024-04-25 10:43:30,442 - ood_audio_feats_path: wavlm_feats.pkl
2024-04-25 10:43:30,442 - audio_feats_path: wavlm_feats.pkl
2024-04-25 10:43:30,442 - results_path: results
2024-04-25 10:43:30,442 - output_path: /home/sharing/disk2/sjh/Outputs/OOD_MIntRec2/msz
2024-04-25 10:43:30,442 - model_path: models
2024-04-25 10:43:30,442 - config_file_name: msz_MIntRec2
2024-04-25 10:43:30,442 - results_file_name: results_msz_MIntRec2.csv
2024-04-25 10:43:30,442 - text_pretrained_model: /home/sharing/disk1/pretrained_embedding/bert/uncased_L-12_H-768_A-12/
2024-04-25 10:43:30,442 - text_seq_len: 50
2024-04-25 10:43:30,442 - video_seq_len: 180
2024-04-25 10:43:30,442 - audio_seq_len: 400
2024-04-25 10:43:30,442 - text_feat_dim: 768
2024-04-25 10:43:30,442 - video_feat_dim: 256
2024-04-25 10:43:30,442 - audio_feat_dim: 768
2024-04-25 10:43:30,442 - ood_label_id: 30
2024-04-25 10:43:30,442 - num_labels: 30
2024-04-25 10:43:30,442 - num_train_examples: 6165
2024-04-25 10:43:30,442 - need_aligned: True
2024-04-25 10:43:30,442 - freeze_parameters: False
2024-04-25 10:43:30,442 - eval_monitor: acc
2024-04-25 10:43:30,442 - train_batch_size: 32
2024-04-25 10:43:30,442 - eval_batch_size: 16
2024-04-25 10:43:30,442 - num_train_epochs: 100
2024-04-25 10:43:30,442 - lr: [1e-05]
2024-04-25 10:43:30,442 - weight_decay: [0.1]
2024-04-25 10:43:30,442 - wait_patience: 3
2024-04-25 10:43:30,442 - warmup_proportion: [0.01]
2024-04-25 10:43:30,442 - hidden_dims: [768]
2024-04-25 10:43:30,443 - num_attention_heads: [4]
2024-04-25 10:43:30,443 - attention_probs_dropout_prob: [0.3]
2024-04-25 10:43:30,443 - hidden_dropout_prob: [0.3]
2024-04-25 10:43:30,443 - intermediate_size: [768]
2024-04-25 10:43:30,443 - num_hidden_layers: [5]
2024-04-25 10:43:30,443 - max_position_embeddings: [768]
2024-04-25 10:43:30,443 - position_embedding_type: absolute
2024-04-25 10:43:30,443 - batch_first: True
2024-04-25 10:43:30,443 - aligned_method: ['ctc']
2024-04-25 10:43:30,443 - sampler: beta
2024-04-25 10:43:30,443 - multiple_ood: [1]
2024-04-25 10:43:30,443 - select_number_min: [2]
2024-04-25 10:43:30,443 - select_number_max: [3]
2024-04-25 10:43:30,443 - mlp_hidden_size: [256]
2024-04-25 10:43:30,443 - mlp_dropout: [0.3]
2024-04-25 10:43:30,443 - alpha: [2]
2024-04-25 10:43:30,443 - scale: [8]
2024-04-25 10:43:30,443 - pred_output_path: /home/sharing/disk2/sjh/Outputs/OOD_MIntRec2/msz/msz_MIntRec2_bert-base-uncased_multi-class_4
2024-04-25 10:43:30,443 - model_output_path: /home/sharing/disk2/sjh/Outputs/OOD_MIntRec2/msz/msz_MIntRec2_bert-base-uncased_multi-class_4/models
2024-04-25 10:43:30,443 - pretrained_save_model: /home/sharing/disk2/sjh/Outputs/OOD_MIntRec2/msz/binary_msz_MIntRec2_bert-base-uncased_4
2024-04-25 10:43:30,443 - device: cuda
2024-04-25 10:43:30,443 - ============================== End Params ==============================
2024-04-25 10:43:32,224 - Multimodal Intent Recognition begins...
2024-04-25 10:43:32,225 - Training begins...
2024-04-25 10:46:36,503 - ***** Epoch: 1: Eval results *****
2024-04-25 10:46:36,504 -   binary_train_loss = 0.5603
2024-04-25 10:46:36,504 -   binary_eval_score = 0.8978
2024-04-25 10:46:36,504 -   train_loss = 2.6857
2024-04-25 10:46:36,504 -   eval_score = 0.509
2024-04-25 10:46:36,504 -   best_eval_score = 0.0
2024-04-25 10:49:41,498 - ***** Epoch: 2: Eval results *****
2024-04-25 10:49:41,498 -   binary_train_loss = 0.1909
2024-04-25 10:49:41,498 -   binary_eval_score = 0.8847
2024-04-25 10:49:41,498 -   train_loss = 1.571
2024-04-25 10:49:41,498 -   eval_score = 0.557
2024-04-25 10:49:41,498 -   best_eval_score = 0.509
2024-04-25 10:52:46,748 - ***** Epoch: 3: Eval results *****
2024-04-25 10:52:46,749 -   binary_train_loss = 0.1264
2024-04-25 10:52:46,749 -   binary_eval_score = 0.9729
2024-04-25 10:52:46,749 -   train_loss = 1.2003
2024-04-25 10:52:46,749 -   eval_score = 0.5669
2024-04-25 10:52:46,749 -   best_eval_score = 0.557
2024-04-25 10:55:51,652 - ***** Epoch: 4: Eval results *****
2024-04-25 10:55:51,653 -   binary_train_loss = 0.1097
2024-04-25 10:55:51,653 -   binary_eval_score = 0.9679
2024-04-25 10:55:51,653 -   train_loss = 0.9372
2024-04-25 10:55:51,653 -   eval_score = 0.5705
2024-04-25 10:55:51,653 -   best_eval_score = 0.5669
2024-04-25 10:58:56,925 - ***** Epoch: 5: Eval results *****
2024-04-25 10:58:56,926 -   binary_train_loss = 0.0951
2024-04-25 10:58:56,926 -   binary_eval_score = 0.9778
2024-04-25 10:58:56,926 -   train_loss = 0.7059
2024-04-25 10:58:56,926 -   eval_score = 0.5913
2024-04-25 10:58:56,926 -   best_eval_score = 0.5705
2024-04-25 11:02:02,234 - ***** Epoch: 6: Eval results *****
2024-04-25 11:02:02,235 -   binary_train_loss = 0.0937
2024-04-25 11:02:02,235 -   binary_eval_score = 0.9824
2024-04-25 11:02:02,235 -   train_loss = 0.5231
2024-04-25 11:02:02,235 -   eval_score = 0.5886
2024-04-25 11:02:02,235 -   best_eval_score = 0.5913
2024-04-25 11:02:02,235 - EarlyStopping counter: 1 out of 3
2024-04-25 11:05:06,904 - ***** Epoch: 7: Eval results *****
2024-04-25 11:05:06,904 -   binary_train_loss = 0.0795
2024-04-25 11:05:06,904 -   binary_eval_score = 0.9878
2024-04-25 11:05:06,904 -   train_loss = 0.3868
2024-04-25 11:05:06,904 -   eval_score = 0.5796
2024-04-25 11:05:06,904 -   best_eval_score = 0.5913
2024-04-25 11:05:06,904 - EarlyStopping counter: 2 out of 3
2024-04-25 11:08:11,869 - ***** Epoch: 8: Eval results *****
2024-04-25 11:08:11,869 -   binary_train_loss = 0.0769
2024-04-25 11:08:11,869 -   binary_eval_score = 0.9801
2024-04-25 11:08:11,869 -   train_loss = 0.2846
2024-04-25 11:08:11,869 -   eval_score = 0.5787
2024-04-25 11:08:11,870 -   best_eval_score = 0.5913
2024-04-25 11:08:11,870 - EarlyStopping counter: 3 out of 3
2024-04-25 11:08:11,870 - EarlyStopping at epoch 8
2024-04-25 11:08:11,879 - Training is finished...
2024-04-25 11:08:11,880 - Testing begins...
2024-04-25 11:09:02,831 - ***** Out-of-domain Evaluation results *****
2024-04-25 11:09:02,831 -   aupr_in = 0.5824
2024-04-25 11:09:02,831 -   aupr_out = 0.451
2024-04-25 11:09:02,831 -   auroc = 0.5213
2024-04-25 11:09:02,831 -   der = 0.5553
2024-04-25 11:09:02,831 -   eer = 0.4805
2024-04-25 11:09:02,831 -   fpr95 = 0.9431
2024-04-25 11:09:02,831 - Testing is finished...
2024-04-25 11:09:02,831 - Multimodal intent recognition is finished...
2024-04-25 11:09:02,831 - Results are saved in results/results_msz_MIntRec2.csv
