2024-05-06 05:05:39,031 - Lists of intent labels are: ['Complain', 'Praise', 'Apologise', 'Thank', 'Criticize', 'Agree', 'Taunt', 'Flaunt', 'Joke', 'Oppose', 'Comfort', 'Care', 'Inform', 'Advise', 'Arrange', 'Introduce', 'Leave', 'Prevent', 'Greet', 'Ask for help']
2024-05-06 05:05:39,032 - ID Data preparation...
2024-05-06 05:05:45,626 - OOD Data preparation...
2024-05-06 05:05:47,024 - ============================== Params ==============================
2024-05-06 05:05:47,025 - logger_name: msz_ma_MIntRec_multi-class_0
2024-05-06 05:05:47,025 - dataset: MIntRec
2024-05-06 05:05:47,025 - ood_dataset: MIntRec-OOD
2024-05-06 05:05:47,025 - data_mode: multi-class
2024-05-06 05:05:47,025 - multimodal_method: msz
2024-05-06 05:05:47,025 - method: msz
2024-05-06 05:05:47,025 - ood_detection_method: ma
2024-05-06 05:05:47,025 - text_backbone: bert-base-uncased
2024-05-06 05:05:47,025 - seed: 0
2024-05-06 05:05:47,025 - num_workers: 8
2024-05-06 05:05:47,025 - log_id: msz_ma_MIntRec_multi-class_0_2024-05-06-05-05-39
2024-05-06 05:05:47,025 - gpu_id: 0
2024-05-06 05:05:47,025 - data_path: /home/sharing/disk2/sjh/intentDataset
2024-05-06 05:05:47,025 - train: True
2024-05-06 05:05:47,025 - tune: True
2024-05-06 05:05:47,025 - ood: True
2024-05-06 05:05:47,025 - save_model: False
2024-05-06 05:05:47,025 - save_results: True
2024-05-06 05:05:47,025 - log_path: logs
2024-05-06 05:05:47,025 - cache_path: cache
2024-05-06 05:05:47,025 - video_data_path: video_data
2024-05-06 05:05:47,025 - audio_data_path: audio_data
2024-05-06 05:05:47,025 - video_feats_path: swin_feats.pkl
2024-05-06 05:05:47,025 - ood_video_feats_path: swin_feats.pkl
2024-05-06 05:05:47,025 - ood_audio_feats_path: wavlm_feats.pkl
2024-05-06 05:05:47,025 - audio_feats_path: wavlm_feats.pkl
2024-05-06 05:05:47,025 - results_path: results
2024-05-06 05:05:47,025 - output_path: /home/sharing/disk2/sjh/Outputs/OOD_MIntRec/msz
2024-05-06 05:05:47,025 - model_path: models
2024-05-06 05:05:47,025 - config_file_name: msz_MIntRec
2024-05-06 05:05:47,025 - results_file_name: results_msz_MIntRec.csv
2024-05-06 05:05:47,025 - text_pretrained_model: /home/sharing/disk1/pretrained_embedding/bert/uncased_L-12_H-768_A-12/
2024-05-06 05:05:47,025 - text_seq_len: 30
2024-05-06 05:05:47,025 - video_seq_len: 230
2024-05-06 05:05:47,025 - audio_seq_len: 480
2024-05-06 05:05:47,025 - text_feat_dim: 768
2024-05-06 05:05:47,025 - video_feat_dim: 1024
2024-05-06 05:05:47,025 - audio_feat_dim: 768
2024-05-06 05:05:47,025 - ood_label_id: 20
2024-05-06 05:05:47,025 - num_labels: 20
2024-05-06 05:05:47,025 - num_train_examples: 1334
2024-05-06 05:05:47,025 - need_aligned: True
2024-05-06 05:05:47,025 - freeze_parameters: False
2024-05-06 05:05:47,025 - eval_monitor: acc
2024-05-06 05:05:47,026 - train_batch_size: 32
2024-05-06 05:05:47,026 - eval_batch_size: 16
2024-05-06 05:05:47,026 - num_train_epochs: 100
2024-05-06 05:05:47,026 - lr: [2e-05]
2024-05-06 05:05:47,026 - weight_decay: [0.1]
2024-05-06 05:05:47,026 - wait_patience: 5
2024-05-06 05:05:47,026 - warmup_proportion: [0.01]
2024-05-06 05:05:47,026 - hidden_dims: [768]
2024-05-06 05:05:47,026 - num_attention_heads: [4]
2024-05-06 05:05:47,026 - attention_probs_dropout_prob: [0.3]
2024-05-06 05:05:47,026 - hidden_dropout_prob: [0.1]
2024-05-06 05:05:47,026 - intermediate_size: [768]
2024-05-06 05:05:47,026 - num_hidden_layers: [3]
2024-05-06 05:05:47,026 - max_position_embeddings: [768]
2024-05-06 05:05:47,026 - position_embedding_type: absolute
2024-05-06 05:05:47,026 - batch_first: True
2024-05-06 05:05:47,026 - aligned_method: ['ctc']
2024-05-06 05:05:47,026 - sampler: beta
2024-05-06 05:05:47,026 - multiple_ood: [1]
2024-05-06 05:05:47,026 - select_number_min: [2]
2024-05-06 05:05:47,026 - select_number_max: [3]
2024-05-06 05:05:47,026 - alpha: [4]
2024-05-06 05:05:47,026 - mlp_hidden_size: [256]
2024-05-06 05:05:47,026 - mlp_dropout: [0.3]
2024-05-06 05:05:47,026 - scale: [16]
2024-05-06 05:05:47,026 - pred_output_path: /home/sharing/disk2/sjh/Outputs/OOD_MIntRec/msz/msz_MIntRec_bert-base-uncased_multi-class_0
2024-05-06 05:05:47,026 - model_output_path: /home/sharing/disk2/sjh/Outputs/OOD_MIntRec/msz/msz_MIntRec_bert-base-uncased_multi-class_0/models
2024-05-06 05:05:47,026 - pretrained_save_model: /home/sharing/disk2/sjh/Outputs/OOD_MIntRec/msz/binary_msz_MIntRec_bert-base-uncased_0
2024-05-06 05:05:47,026 - ============================== End Params ==============================
2024-05-06 05:05:49,811 - Multimodal Intent Recognition begins...
2024-05-06 05:05:49,811 - Training begins...
2024-05-06 05:06:20,291 - ***** Epoch: 1: Eval results *****
2024-05-06 05:06:20,291 -   binary_train_loss = 0.6833
2024-05-06 05:06:20,291 -   binary_eval_score = 0.8472
2024-05-06 05:06:20,291 -   train_loss = 2.0691
2024-05-06 05:06:20,291 -   eval_score = 0.6742
2024-05-06 05:06:20,291 -   best_eval_score = 0.0
2024-05-06 05:06:48,623 - ***** Epoch: 2: Eval results *****
2024-05-06 05:06:48,623 -   binary_train_loss = 0.6598
2024-05-06 05:06:48,623 -   binary_eval_score = 0.8079
2024-05-06 05:06:48,623 -   train_loss = 0.7016
2024-05-06 05:06:48,623 -   eval_score = 0.7236
2024-05-06 05:06:48,623 -   best_eval_score = 0.6742
2024-05-06 05:07:17,246 - ***** Epoch: 3: Eval results *****
2024-05-06 05:07:17,246 -   binary_train_loss = 0.61
2024-05-06 05:07:17,246 -   binary_eval_score = 0.8809
2024-05-06 05:07:17,246 -   train_loss = 0.2984
2024-05-06 05:07:17,246 -   eval_score = 0.7393
2024-05-06 05:07:17,246 -   best_eval_score = 0.7236
2024-05-06 05:07:46,363 - ***** Epoch: 4: Eval results *****
2024-05-06 05:07:46,364 -   binary_train_loss = 0.4602
2024-05-06 05:07:46,364 -   binary_eval_score = 0.9292
2024-05-06 05:07:46,364 -   train_loss = 0.1147
2024-05-06 05:07:46,364 -   eval_score = 0.7326
2024-05-06 05:07:46,364 -   best_eval_score = 0.7393
2024-05-06 05:07:46,364 - EarlyStopping counter: 1 out of 5
2024-05-06 05:08:15,455 - ***** Epoch: 5: Eval results *****
2024-05-06 05:08:15,455 -   binary_train_loss = 0.216
2024-05-06 05:08:15,455 -   binary_eval_score = 0.9472
2024-05-06 05:08:15,455 -   train_loss = 0.0502
2024-05-06 05:08:15,456 -   eval_score = 0.7236
2024-05-06 05:08:15,456 -   best_eval_score = 0.7393
2024-05-06 05:08:15,456 - EarlyStopping counter: 2 out of 5
2024-05-06 05:08:44,432 - ***** Epoch: 6: Eval results *****
2024-05-06 05:08:44,432 -   binary_train_loss = 0.1443
2024-05-06 05:08:44,433 -   binary_eval_score = 0.9416
2024-05-06 05:08:44,433 -   train_loss = 0.0336
2024-05-06 05:08:44,433 -   eval_score = 0.7303
2024-05-06 05:08:44,433 -   best_eval_score = 0.7393
2024-05-06 05:08:44,433 - EarlyStopping counter: 3 out of 5
2024-05-06 05:09:13,180 - ***** Epoch: 7: Eval results *****
2024-05-06 05:09:13,181 -   binary_train_loss = 0.1405
2024-05-06 05:09:13,181 -   binary_eval_score = 0.9404
2024-05-06 05:09:13,181 -   train_loss = 0.0232
2024-05-06 05:09:13,181 -   eval_score = 0.7281
2024-05-06 05:09:13,181 -   best_eval_score = 0.7393
2024-05-06 05:09:13,181 - EarlyStopping counter: 4 out of 5
2024-05-06 05:09:42,555 - ***** Epoch: 8: Eval results *****
2024-05-06 05:09:42,556 -   binary_train_loss = 0.1059
2024-05-06 05:09:42,556 -   binary_eval_score = 0.8978
2024-05-06 05:09:42,556 -   train_loss = 0.0155
2024-05-06 05:09:42,556 -   eval_score = 0.7348
2024-05-06 05:09:42,556 -   best_eval_score = 0.7393
2024-05-06 05:09:42,556 - EarlyStopping counter: 5 out of 5
2024-05-06 05:09:42,556 - EarlyStopping at epoch 8
2024-05-06 05:09:42,559 - Training is finished...
2024-05-06 05:09:42,559 - Testing begins...
2024-05-06 05:09:55,816 - ***** Out-of-domain Evaluation results *****
2024-05-06 05:09:55,816 -   aupr_in = 0.7945
2024-05-06 05:09:55,816 -   aupr_out = 0.8134
2024-05-06 05:09:55,816 -   auroc = 0.8108
2024-05-06 05:09:55,817 -   der = 0.3563
2024-05-06 05:09:55,817 -   eer = 0.2578
2024-05-06 05:09:55,817 -   fpr95 = 0.6667
2024-05-06 05:09:55,817 - Testing is finished...
2024-05-06 05:09:55,817 - Multimodal intent recognition is finished...
2024-05-06 05:09:55,818 - Results are saved in results/results_msz_MIntRec.csv
2024-05-06 05:09:55,928 - ============================== Params ==============================
2024-05-06 05:09:55,928 - logger_name: msz_ma_MIntRec_multi-class_0
2024-05-06 05:09:55,928 - dataset: MIntRec
2024-05-06 05:09:55,928 - ood_dataset: MIntRec-OOD
2024-05-06 05:09:55,928 - data_mode: multi-class
2024-05-06 05:09:55,928 - multimodal_method: msz
2024-05-06 05:09:55,928 - method: msz
2024-05-06 05:09:55,928 - ood_detection_method: ma
2024-05-06 05:09:55,928 - text_backbone: bert-base-uncased
2024-05-06 05:09:55,928 - seed: 3
2024-05-06 05:09:55,928 - num_workers: 8
2024-05-06 05:09:55,928 - log_id: msz_ma_MIntRec_multi-class_0_2024-05-06-05-05-39
2024-05-06 05:09:55,928 - gpu_id: 0
2024-05-06 05:09:55,928 - data_path: /home/sharing/disk2/sjh/intentDataset
2024-05-06 05:09:55,928 - train: True
2024-05-06 05:09:55,928 - tune: True
2024-05-06 05:09:55,928 - ood: True
2024-05-06 05:09:55,928 - save_model: False
2024-05-06 05:09:55,928 - save_results: True
2024-05-06 05:09:55,928 - log_path: logs
2024-05-06 05:09:55,928 - cache_path: cache
2024-05-06 05:09:55,928 - video_data_path: video_data
2024-05-06 05:09:55,928 - audio_data_path: audio_data
2024-05-06 05:09:55,928 - video_feats_path: swin_feats.pkl
2024-05-06 05:09:55,928 - ood_video_feats_path: swin_feats.pkl
2024-05-06 05:09:55,928 - ood_audio_feats_path: wavlm_feats.pkl
2024-05-06 05:09:55,928 - audio_feats_path: wavlm_feats.pkl
2024-05-06 05:09:55,928 - results_path: results
2024-05-06 05:09:55,928 - output_path: /home/sharing/disk2/sjh/Outputs/OOD_MIntRec/msz
2024-05-06 05:09:55,929 - model_path: models
2024-05-06 05:09:55,929 - config_file_name: msz_MIntRec
2024-05-06 05:09:55,929 - results_file_name: results_msz_MIntRec.csv
2024-05-06 05:09:55,929 - text_pretrained_model: /home/sharing/disk1/pretrained_embedding/bert/uncased_L-12_H-768_A-12/
2024-05-06 05:09:55,929 - text_seq_len: 30
2024-05-06 05:09:55,929 - video_seq_len: 230
2024-05-06 05:09:55,929 - audio_seq_len: 480
2024-05-06 05:09:55,929 - text_feat_dim: 768
2024-05-06 05:09:55,929 - video_feat_dim: 1024
2024-05-06 05:09:55,929 - audio_feat_dim: 768
2024-05-06 05:09:55,929 - ood_label_id: 20
2024-05-06 05:09:55,929 - num_labels: 20
2024-05-06 05:09:55,929 - num_train_examples: 1334
2024-05-06 05:09:55,929 - need_aligned: True
2024-05-06 05:09:55,929 - freeze_parameters: False
2024-05-06 05:09:55,929 - eval_monitor: acc
2024-05-06 05:09:55,929 - train_batch_size: 32
2024-05-06 05:09:55,929 - eval_batch_size: 16
2024-05-06 05:09:55,929 - num_train_epochs: 100
2024-05-06 05:09:55,929 - lr: [2e-05]
2024-05-06 05:09:55,929 - weight_decay: [0.1]
2024-05-06 05:09:55,929 - wait_patience: 5
2024-05-06 05:09:55,929 - warmup_proportion: [0.01]
2024-05-06 05:09:55,929 - hidden_dims: [768]
2024-05-06 05:09:55,929 - num_attention_heads: [4]
2024-05-06 05:09:55,929 - attention_probs_dropout_prob: [0.3]
2024-05-06 05:09:55,929 - hidden_dropout_prob: [0.1]
2024-05-06 05:09:55,929 - intermediate_size: [768]
2024-05-06 05:09:55,929 - num_hidden_layers: [3]
2024-05-06 05:09:55,929 - max_position_embeddings: [768]
2024-05-06 05:09:55,929 - position_embedding_type: absolute
2024-05-06 05:09:55,929 - batch_first: True
2024-05-06 05:09:55,929 - aligned_method: ['ctc']
2024-05-06 05:09:55,929 - sampler: beta
2024-05-06 05:09:55,929 - multiple_ood: [1]
2024-05-06 05:09:55,929 - select_number_min: [2]
2024-05-06 05:09:55,929 - select_number_max: [3]
2024-05-06 05:09:55,929 - alpha: [4]
2024-05-06 05:09:55,929 - mlp_hidden_size: [256]
2024-05-06 05:09:55,930 - mlp_dropout: [0.3]
2024-05-06 05:09:55,930 - scale: [16]
2024-05-06 05:09:55,930 - pred_output_path: /home/sharing/disk2/sjh/Outputs/OOD_MIntRec/msz/msz_MIntRec_bert-base-uncased_multi-class_3
2024-05-06 05:09:55,930 - model_output_path: /home/sharing/disk2/sjh/Outputs/OOD_MIntRec/msz/msz_MIntRec_bert-base-uncased_multi-class_3/models
2024-05-06 05:09:55,930 - pretrained_save_model: /home/sharing/disk2/sjh/Outputs/OOD_MIntRec/msz/binary_msz_MIntRec_bert-base-uncased_3
2024-05-06 05:09:55,930 - device: cuda
2024-05-06 05:09:55,930 - ============================== End Params ==============================
2024-05-06 05:09:57,709 - Multimodal Intent Recognition begins...
2024-05-06 05:09:57,709 - Training begins...
2024-05-06 05:10:26,408 - ***** Epoch: 1: Eval results *****
2024-05-06 05:10:26,408 -   binary_train_loss = 0.6851
2024-05-06 05:10:26,408 -   binary_eval_score = 0.8449
2024-05-06 05:10:26,408 -   train_loss = 1.9366
2024-05-06 05:10:26,408 -   eval_score = 0.6809
2024-05-06 05:10:26,408 -   best_eval_score = 0.0
2024-05-06 05:10:55,384 - ***** Epoch: 2: Eval results *****
2024-05-06 05:10:55,384 -   binary_train_loss = 0.6606
2024-05-06 05:10:55,384 -   binary_eval_score = 0.791
2024-05-06 05:10:55,384 -   train_loss = 0.6627
2024-05-06 05:10:55,384 -   eval_score = 0.6854
2024-05-06 05:10:55,384 -   best_eval_score = 0.6809
2024-05-06 05:11:23,913 - ***** Epoch: 3: Eval results *****
2024-05-06 05:11:23,914 -   binary_train_loss = 0.6153
2024-05-06 05:11:23,914 -   binary_eval_score = 0.8944
2024-05-06 05:11:23,914 -   train_loss = 0.2731
2024-05-06 05:11:23,914 -   eval_score = 0.7079
2024-05-06 05:11:23,914 -   best_eval_score = 0.6854
2024-05-06 05:11:52,854 - ***** Epoch: 4: Eval results *****
2024-05-06 05:11:52,854 -   binary_train_loss = 0.4815
2024-05-06 05:11:52,854 -   binary_eval_score = 0.9281
2024-05-06 05:11:52,854 -   train_loss = 0.1058
2024-05-06 05:11:52,854 -   eval_score = 0.7079
2024-05-06 05:11:52,854 -   best_eval_score = 0.7079
2024-05-06 05:11:52,854 - EarlyStopping counter: 1 out of 5
2024-05-06 05:12:21,431 - ***** Epoch: 5: Eval results *****
2024-05-06 05:12:21,432 -   binary_train_loss = 0.2695
2024-05-06 05:12:21,432 -   binary_eval_score = 0.9191
2024-05-06 05:12:21,432 -   train_loss = 0.0576
2024-05-06 05:12:21,432 -   eval_score = 0.7258
2024-05-06 05:12:21,432 -   best_eval_score = 0.7079
2024-05-06 05:12:50,265 - ***** Epoch: 6: Eval results *****
2024-05-06 05:12:50,265 -   binary_train_loss = 0.1594
2024-05-06 05:12:50,265 -   binary_eval_score = 0.9573
2024-05-06 05:12:50,265 -   train_loss = 0.0305
2024-05-06 05:12:50,265 -   eval_score = 0.7101
2024-05-06 05:12:50,265 -   best_eval_score = 0.7258
2024-05-06 05:12:50,265 - EarlyStopping counter: 1 out of 5
2024-05-06 05:13:18,820 - ***** Epoch: 7: Eval results *****
2024-05-06 05:13:18,820 -   binary_train_loss = 0.1381
2024-05-06 05:13:18,820 -   binary_eval_score = 0.9326
2024-05-06 05:13:18,821 -   train_loss = 0.019
2024-05-06 05:13:18,821 -   eval_score = 0.7258
2024-05-06 05:13:18,821 -   best_eval_score = 0.7258
2024-05-06 05:13:18,821 - EarlyStopping counter: 2 out of 5
2024-05-06 05:13:47,994 - ***** Epoch: 8: Eval results *****
2024-05-06 05:13:47,994 -   binary_train_loss = 0.1222
2024-05-06 05:13:47,995 -   binary_eval_score = 0.8719
2024-05-06 05:13:47,995 -   train_loss = 0.0214
2024-05-06 05:13:47,995 -   eval_score = 0.7258
2024-05-06 05:13:47,995 -   best_eval_score = 0.7258
2024-05-06 05:13:47,995 - EarlyStopping counter: 3 out of 5
2024-05-06 05:14:17,420 - ***** Epoch: 9: Eval results *****
2024-05-06 05:14:17,421 -   binary_train_loss = 0.111
2024-05-06 05:14:17,421 -   binary_eval_score = 0.9674
2024-05-06 05:14:17,421 -   train_loss = 0.0125
2024-05-06 05:14:17,421 -   eval_score = 0.7146
2024-05-06 05:14:17,421 -   best_eval_score = 0.7258
2024-05-06 05:14:17,421 - EarlyStopping counter: 4 out of 5
2024-05-06 05:14:46,262 - ***** Epoch: 10: Eval results *****
2024-05-06 05:14:46,262 -   binary_train_loss = 0.0908
2024-05-06 05:14:46,262 -   binary_eval_score = 0.9742
2024-05-06 05:14:46,262 -   train_loss = 0.0113
2024-05-06 05:14:46,262 -   eval_score = 0.7169
2024-05-06 05:14:46,263 -   best_eval_score = 0.7258
2024-05-06 05:14:46,263 - EarlyStopping counter: 5 out of 5
2024-05-06 05:14:46,263 - EarlyStopping at epoch 10
2024-05-06 05:14:46,268 - Training is finished...
2024-05-06 05:14:46,269 - Testing begins...
2024-05-06 05:14:59,584 - ***** Out-of-domain Evaluation results *****
2024-05-06 05:14:59,584 -   aupr_in = 0.7763
2024-05-06 05:14:59,584 -   aupr_out = 0.7962
2024-05-06 05:14:59,584 -   auroc = 0.803
2024-05-06 05:14:59,584 -   der = 0.363
2024-05-06 05:14:59,584 -   eer = 0.2622
2024-05-06 05:14:59,584 -   fpr95 = 0.68
2024-05-06 05:14:59,584 - Testing is finished...
2024-05-06 05:14:59,584 - Multimodal intent recognition is finished...
2024-05-06 05:14:59,584 - Results are saved in results/results_msz_MIntRec.csv
2024-05-06 05:14:59,691 - ============================== Params ==============================
2024-05-06 05:14:59,691 - logger_name: msz_ma_MIntRec_multi-class_0
2024-05-06 05:14:59,691 - dataset: MIntRec
2024-05-06 05:14:59,691 - ood_dataset: MIntRec-OOD
2024-05-06 05:14:59,691 - data_mode: multi-class
2024-05-06 05:14:59,691 - multimodal_method: msz
2024-05-06 05:14:59,691 - method: msz
2024-05-06 05:14:59,691 - ood_detection_method: ma
2024-05-06 05:14:59,691 - text_backbone: bert-base-uncased
2024-05-06 05:14:59,691 - seed: 4
2024-05-06 05:14:59,691 - num_workers: 8
2024-05-06 05:14:59,691 - log_id: msz_ma_MIntRec_multi-class_0_2024-05-06-05-05-39
2024-05-06 05:14:59,691 - gpu_id: 0
2024-05-06 05:14:59,691 - data_path: /home/sharing/disk2/sjh/intentDataset
2024-05-06 05:14:59,691 - train: True
2024-05-06 05:14:59,691 - tune: True
2024-05-06 05:14:59,691 - ood: True
2024-05-06 05:14:59,691 - save_model: False
2024-05-06 05:14:59,691 - save_results: True
2024-05-06 05:14:59,691 - log_path: logs
2024-05-06 05:14:59,691 - cache_path: cache
2024-05-06 05:14:59,691 - video_data_path: video_data
2024-05-06 05:14:59,691 - audio_data_path: audio_data
2024-05-06 05:14:59,692 - video_feats_path: swin_feats.pkl
2024-05-06 05:14:59,692 - ood_video_feats_path: swin_feats.pkl
2024-05-06 05:14:59,692 - ood_audio_feats_path: wavlm_feats.pkl
2024-05-06 05:14:59,692 - audio_feats_path: wavlm_feats.pkl
2024-05-06 05:14:59,692 - results_path: results
2024-05-06 05:14:59,692 - output_path: /home/sharing/disk2/sjh/Outputs/OOD_MIntRec/msz
2024-05-06 05:14:59,692 - model_path: models
2024-05-06 05:14:59,692 - config_file_name: msz_MIntRec
2024-05-06 05:14:59,692 - results_file_name: results_msz_MIntRec.csv
2024-05-06 05:14:59,692 - text_pretrained_model: /home/sharing/disk1/pretrained_embedding/bert/uncased_L-12_H-768_A-12/
2024-05-06 05:14:59,692 - text_seq_len: 30
2024-05-06 05:14:59,692 - video_seq_len: 230
2024-05-06 05:14:59,692 - audio_seq_len: 480
2024-05-06 05:14:59,692 - text_feat_dim: 768
2024-05-06 05:14:59,692 - video_feat_dim: 1024
2024-05-06 05:14:59,692 - audio_feat_dim: 768
2024-05-06 05:14:59,692 - ood_label_id: 20
2024-05-06 05:14:59,692 - num_labels: 20
2024-05-06 05:14:59,692 - num_train_examples: 1334
2024-05-06 05:14:59,692 - need_aligned: True
2024-05-06 05:14:59,692 - freeze_parameters: False
2024-05-06 05:14:59,692 - eval_monitor: acc
2024-05-06 05:14:59,692 - train_batch_size: 32
2024-05-06 05:14:59,692 - eval_batch_size: 16
2024-05-06 05:14:59,692 - num_train_epochs: 100
2024-05-06 05:14:59,692 - lr: [2e-05]
2024-05-06 05:14:59,692 - weight_decay: [0.1]
2024-05-06 05:14:59,692 - wait_patience: 5
2024-05-06 05:14:59,692 - warmup_proportion: [0.01]
2024-05-06 05:14:59,692 - hidden_dims: [768]
2024-05-06 05:14:59,692 - num_attention_heads: [4]
2024-05-06 05:14:59,692 - attention_probs_dropout_prob: [0.3]
2024-05-06 05:14:59,692 - hidden_dropout_prob: [0.1]
2024-05-06 05:14:59,692 - intermediate_size: [768]
2024-05-06 05:14:59,692 - num_hidden_layers: [3]
2024-05-06 05:14:59,692 - max_position_embeddings: [768]
2024-05-06 05:14:59,692 - position_embedding_type: absolute
2024-05-06 05:14:59,693 - batch_first: True
2024-05-06 05:14:59,693 - aligned_method: ['ctc']
2024-05-06 05:14:59,693 - sampler: beta
2024-05-06 05:14:59,693 - multiple_ood: [1]
2024-05-06 05:14:59,693 - select_number_min: [2]
2024-05-06 05:14:59,693 - select_number_max: [3]
2024-05-06 05:14:59,693 - alpha: [4]
2024-05-06 05:14:59,693 - mlp_hidden_size: [256]
2024-05-06 05:14:59,693 - mlp_dropout: [0.3]
2024-05-06 05:14:59,693 - scale: [16]
2024-05-06 05:14:59,693 - pred_output_path: /home/sharing/disk2/sjh/Outputs/OOD_MIntRec/msz/msz_MIntRec_bert-base-uncased_multi-class_4
2024-05-06 05:14:59,693 - model_output_path: /home/sharing/disk2/sjh/Outputs/OOD_MIntRec/msz/msz_MIntRec_bert-base-uncased_multi-class_4/models
2024-05-06 05:14:59,693 - pretrained_save_model: /home/sharing/disk2/sjh/Outputs/OOD_MIntRec/msz/binary_msz_MIntRec_bert-base-uncased_4
2024-05-06 05:14:59,693 - device: cuda
2024-05-06 05:14:59,693 - ============================== End Params ==============================
2024-05-06 05:15:01,491 - Multimodal Intent Recognition begins...
2024-05-06 05:15:01,491 - Training begins...
2024-05-06 05:15:30,865 - ***** Epoch: 1: Eval results *****
2024-05-06 05:15:30,865 -   binary_train_loss = 0.6854
2024-05-06 05:15:30,865 -   binary_eval_score = 0.7
2024-05-06 05:15:30,865 -   train_loss = 1.8715
2024-05-06 05:15:30,865 -   eval_score = 0.6629
2024-05-06 05:15:30,865 -   best_eval_score = 0.0
2024-05-06 05:15:59,879 - ***** Epoch: 2: Eval results *****
2024-05-06 05:15:59,879 -   binary_train_loss = 0.6749
2024-05-06 05:15:59,880 -   binary_eval_score = 0.6562
2024-05-06 05:15:59,880 -   train_loss = 0.7384
2024-05-06 05:15:59,880 -   eval_score = 0.7191
2024-05-06 05:15:59,880 -   best_eval_score = 0.6629
2024-05-06 05:16:28,495 - ***** Epoch: 3: Eval results *****
2024-05-06 05:16:28,495 -   binary_train_loss = 0.6498
2024-05-06 05:16:28,495 -   binary_eval_score = 0.8191
2024-05-06 05:16:28,495 -   train_loss = 0.3562
2024-05-06 05:16:28,495 -   eval_score = 0.7258
2024-05-06 05:16:28,495 -   best_eval_score = 0.7191
2024-05-06 05:16:57,855 - ***** Epoch: 4: Eval results *****
2024-05-06 05:16:57,855 -   binary_train_loss = 0.5738
2024-05-06 05:16:57,855 -   binary_eval_score = 0.891
2024-05-06 05:16:57,855 -   train_loss = 0.1348
2024-05-06 05:16:57,855 -   eval_score = 0.7191
2024-05-06 05:16:57,855 -   best_eval_score = 0.7258
2024-05-06 05:16:57,855 - EarlyStopping counter: 1 out of 5
2024-05-06 05:17:26,813 - ***** Epoch: 5: Eval results *****
2024-05-06 05:17:26,814 -   binary_train_loss = 0.3419
2024-05-06 05:17:26,814 -   binary_eval_score = 0.9146
2024-05-06 05:17:26,814 -   train_loss = 0.0565
2024-05-06 05:17:26,814 -   eval_score = 0.7146
2024-05-06 05:17:26,814 -   best_eval_score = 0.7258
2024-05-06 05:17:26,814 - EarlyStopping counter: 2 out of 5
