2024-05-07 13:25:50,184 - Lists of intent labels are: ['Complain', 'Praise', 'Apologise', 'Thank', 'Criticize', 'Agree', 'Taunt', 'Flaunt', 'Joke', 'Oppose', 'Comfort', 'Care', 'Inform', 'Advise', 'Arrange', 'Introduce', 'Leave', 'Prevent', 'Greet', 'Ask for help']
2024-05-07 13:25:50,184 - ID Data preparation...
2024-05-07 13:25:56,493 - OOD Data preparation...
2024-05-07 13:25:57,818 - ============================== Params ==============================
2024-05-07 13:25:57,818 - logger_name: msz_ma_MIntRec_multi-class_0
2024-05-07 13:25:57,818 - dataset: MIntRec
2024-05-07 13:25:57,818 - ood_dataset: MIntRec-OOD
2024-05-07 13:25:57,818 - data_mode: multi-class
2024-05-07 13:25:57,818 - multimodal_method: msz
2024-05-07 13:25:57,818 - method: msz
2024-05-07 13:25:57,818 - ood_detection_method: ma
2024-05-07 13:25:57,818 - text_backbone: bert-base-uncased
2024-05-07 13:25:57,818 - seed: 1
2024-05-07 13:25:57,818 - num_workers: 8
2024-05-07 13:25:57,818 - log_id: msz_ma_MIntRec_multi-class_0_2024-05-07-13-25-50
2024-05-07 13:25:57,818 - gpu_id: 0
2024-05-07 13:25:57,819 - data_path: /home/sharing/disk2/sjh/intentDataset
2024-05-07 13:25:57,819 - train: True
2024-05-07 13:25:57,819 - tune: True
2024-05-07 13:25:57,819 - ood: True
2024-05-07 13:25:57,819 - save_model: False
2024-05-07 13:25:57,819 - save_results: True
2024-05-07 13:25:57,819 - log_path: logs
2024-05-07 13:25:57,819 - cache_path: cache
2024-05-07 13:25:57,819 - video_data_path: video_data
2024-05-07 13:25:57,819 - audio_data_path: audio_data
2024-05-07 13:25:57,819 - video_feats_path: swin_feats.pkl
2024-05-07 13:25:57,819 - ood_video_feats_path: swin_feats.pkl
2024-05-07 13:25:57,819 - ood_audio_feats_path: wavlm_feats.pkl
2024-05-07 13:25:57,819 - audio_feats_path: wavlm_feats.pkl
2024-05-07 13:25:57,819 - results_path: results
2024-05-07 13:25:57,819 - output_path: /home/sharing/disk2/sjh/Outputs/OOD_MIntRec/msz
2024-05-07 13:25:57,819 - model_path: models
2024-05-07 13:25:57,819 - config_file_name: msz_MIntRec
2024-05-07 13:25:57,819 - results_file_name: results_msz_MIntRec.csv
2024-05-07 13:25:57,819 - text_pretrained_model: /home/sharing/disk1/pretrained_embedding/bert/uncased_L-12_H-768_A-12/
2024-05-07 13:25:57,819 - text_seq_len: 30
2024-05-07 13:25:57,819 - video_seq_len: 230
2024-05-07 13:25:57,819 - audio_seq_len: 480
2024-05-07 13:25:57,819 - text_feat_dim: 768
2024-05-07 13:25:57,819 - video_feat_dim: 1024
2024-05-07 13:25:57,819 - audio_feat_dim: 768
2024-05-07 13:25:57,819 - ood_label_id: 20
2024-05-07 13:25:57,819 - num_labels: 20
2024-05-07 13:25:57,819 - num_train_examples: 1334
2024-05-07 13:25:57,819 - need_aligned: True
2024-05-07 13:25:57,819 - freeze_parameters: False
2024-05-07 13:25:57,819 - eval_monitor: acc
2024-05-07 13:25:57,819 - train_batch_size: 32
2024-05-07 13:25:57,819 - eval_batch_size: 16
2024-05-07 13:25:57,819 - num_train_epochs: 100
2024-05-07 13:25:57,819 - lr: [2e-05]
2024-05-07 13:25:57,819 - weight_decay: [0.1]
2024-05-07 13:25:57,819 - wait_patience: 5
2024-05-07 13:25:57,819 - warmup_proportion: [0.01]
2024-05-07 13:25:57,819 - hidden_dims: [768]
2024-05-07 13:25:57,819 - num_attention_heads: [8]
2024-05-07 13:25:57,819 - attention_probs_dropout_prob: [0.4, 0.3]
2024-05-07 13:25:57,819 - hidden_dropout_prob: [0.3, 0.2]
2024-05-07 13:25:57,819 - intermediate_size: [768]
2024-05-07 13:25:57,819 - num_hidden_layers: [4]
2024-05-07 13:25:57,820 - max_position_embeddings: [900]
2024-05-07 13:25:57,820 - position_embedding_type: absolute
2024-05-07 13:25:57,820 - batch_first: True
2024-05-07 13:25:57,820 - aligned_method: ['ctc']
2024-05-07 13:25:57,820 - sampler: beta
2024-05-07 13:25:57,820 - multiple_ood: [1]
2024-05-07 13:25:57,820 - select_number_min: [2]
2024-05-07 13:25:57,820 - select_number_max: [3]
2024-05-07 13:25:57,820 - alpha: [6, 4]
2024-05-07 13:25:57,820 - mlp_hidden_size: [256]
2024-05-07 13:25:57,820 - mlp_dropout: [0.3]
2024-05-07 13:25:57,820 - scale: [8]
2024-05-07 13:25:57,820 - pred_output_path: /home/sharing/disk2/sjh/Outputs/OOD_MIntRec/msz/msz_MIntRec_bert-base-uncased_multi-class_1
2024-05-07 13:25:57,820 - model_output_path: /home/sharing/disk2/sjh/Outputs/OOD_MIntRec/msz/msz_MIntRec_bert-base-uncased_multi-class_1/models
2024-05-07 13:25:57,820 - pretrained_save_model: /home/sharing/disk2/sjh/Outputs/OOD_MIntRec/msz/binary_msz_MIntRec_bert-base-uncased_1
2024-05-07 13:25:57,820 - ============================== End Params ==============================
2024-05-07 13:26:00,638 - Multimodal Intent Recognition begins...
2024-05-07 13:26:00,638 - Training begins...
2024-05-07 13:26:31,327 - ***** Epoch: 1: Eval results *****
2024-05-07 13:26:31,327 -   binary_train_loss = 0.6843
2024-05-07 13:26:31,328 -   binary_eval_score = 0.7888
2024-05-07 13:26:31,328 -   train_loss = 2.035
2024-05-07 13:26:31,328 -   eval_score = 0.6674
2024-05-07 13:26:31,328 -   best_eval_score = 0.0
2024-05-07 13:27:00,838 - ***** Epoch: 2: Eval results *****
2024-05-07 13:27:00,838 -   binary_train_loss = 0.6676
2024-05-07 13:27:00,838 -   binary_eval_score = 0.8067
2024-05-07 13:27:00,838 -   train_loss = 0.7826
2024-05-07 13:27:00,838 -   eval_score = 0.7213
2024-05-07 13:27:00,838 -   best_eval_score = 0.6674
2024-05-07 13:27:30,671 - ***** Epoch: 3: Eval results *****
2024-05-07 13:27:30,671 -   binary_train_loss = 0.5945
2024-05-07 13:27:30,671 -   binary_eval_score = 0.8798
2024-05-07 13:27:30,671 -   train_loss = 0.3531
2024-05-07 13:27:30,671 -   eval_score = 0.7393
2024-05-07 13:27:30,671 -   best_eval_score = 0.7213
2024-05-07 13:27:59,843 - ***** Epoch: 4: Eval results *****
2024-05-07 13:27:59,844 -   binary_train_loss = 0.3247
2024-05-07 13:27:59,844 -   binary_eval_score = 0.9213
2024-05-07 13:27:59,844 -   train_loss = 0.2492
2024-05-07 13:27:59,844 -   eval_score = 0.7213
2024-05-07 13:27:59,844 -   best_eval_score = 0.7393
2024-05-07 13:27:59,844 - EarlyStopping counter: 1 out of 5
2024-05-07 13:28:29,925 - ***** Epoch: 5: Eval results *****
2024-05-07 13:28:29,925 -   binary_train_loss = 0.1746
2024-05-07 13:28:29,925 -   binary_eval_score = 0.9236
2024-05-07 13:28:29,925 -   train_loss = 0.1653
2024-05-07 13:28:29,925 -   eval_score = 0.7281
2024-05-07 13:28:29,925 -   best_eval_score = 0.7393
2024-05-07 13:28:29,925 - EarlyStopping counter: 2 out of 5
2024-05-07 13:28:59,918 - ***** Epoch: 6: Eval results *****
2024-05-07 13:28:59,918 -   binary_train_loss = 0.1579
2024-05-07 13:28:59,918 -   binary_eval_score = 0.8382
2024-05-07 13:28:59,918 -   train_loss = 0.0837
2024-05-07 13:28:59,918 -   eval_score = 0.7258
2024-05-07 13:28:59,918 -   best_eval_score = 0.7393
2024-05-07 13:28:59,918 - EarlyStopping counter: 3 out of 5
2024-05-07 13:29:29,412 - ***** Epoch: 7: Eval results *****
2024-05-07 13:29:29,412 -   binary_train_loss = 0.1418
2024-05-07 13:29:29,412 -   binary_eval_score = 0.973
2024-05-07 13:29:29,412 -   train_loss = 0.0627
2024-05-07 13:29:29,412 -   eval_score = 0.7303
2024-05-07 13:29:29,412 -   best_eval_score = 0.7393
2024-05-07 13:29:29,412 - EarlyStopping counter: 4 out of 5
2024-05-07 13:29:58,492 - ***** Epoch: 8: Eval results *****
2024-05-07 13:29:58,492 -   binary_train_loss = 0.0788
2024-05-07 13:29:58,492 -   binary_eval_score = 0.9742
2024-05-07 13:29:58,492 -   train_loss = 0.0396
2024-05-07 13:29:58,492 -   eval_score = 0.7281
2024-05-07 13:29:58,492 -   best_eval_score = 0.7393
2024-05-07 13:29:58,492 - EarlyStopping counter: 5 out of 5
2024-05-07 13:29:58,492 - EarlyStopping at epoch 8
2024-05-07 13:29:58,496 - Training is finished...
2024-05-07 13:29:58,496 - Testing begins...
2024-05-07 13:30:09,649 - ***** Out-of-domain Evaluation results *****
2024-05-07 13:30:09,650 -   aupr_in = 0.7885
2024-05-07 13:30:09,650 -   aupr_out = 0.8097
2024-05-07 13:30:09,650 -   auroc = 0.8061
2024-05-07 13:30:09,650 -   der = 0.3475
2024-05-07 13:30:09,650 -   eer = 0.2733
2024-05-07 13:30:09,650 -   fpr95 = 0.6489
2024-05-07 13:30:09,650 - Testing is finished...
2024-05-07 13:30:09,650 - Multimodal intent recognition is finished...
2024-05-07 13:30:09,650 - Results are saved in results/results_msz_MIntRec.csv
2024-05-07 13:30:11,401 - Multimodal Intent Recognition begins...
2024-05-07 13:30:11,401 - Training begins...
2024-05-07 13:30:40,897 - ***** Epoch: 1: Eval results *****
2024-05-07 13:30:40,898 -   binary_train_loss = 0.6853
2024-05-07 13:30:40,898 -   binary_eval_score = 0.7966
2024-05-07 13:30:40,898 -   train_loss = 2.0459
2024-05-07 13:30:40,898 -   eval_score = 0.6764
2024-05-07 13:30:40,898 -   best_eval_score = 0.0
2024-05-07 13:31:10,831 - ***** Epoch: 2: Eval results *****
2024-05-07 13:31:10,831 -   binary_train_loss = 0.6733
2024-05-07 13:31:10,831 -   binary_eval_score = 0.7281
2024-05-07 13:31:10,831 -   train_loss = 0.7934
2024-05-07 13:31:10,831 -   eval_score = 0.7011
2024-05-07 13:31:10,831 -   best_eval_score = 0.6764
2024-05-07 13:31:40,889 - ***** Epoch: 3: Eval results *****
2024-05-07 13:31:40,889 -   binary_train_loss = 0.6342
2024-05-07 13:31:40,889 -   binary_eval_score = 0.8551
2024-05-07 13:31:40,889 -   train_loss = 0.3562
2024-05-07 13:31:40,889 -   eval_score = 0.7393
2024-05-07 13:31:40,889 -   best_eval_score = 0.7011
2024-05-07 13:32:10,808 - ***** Epoch: 4: Eval results *****
2024-05-07 13:32:10,809 -   binary_train_loss = 0.4531
2024-05-07 13:32:10,809 -   binary_eval_score = 0.8978
2024-05-07 13:32:10,809 -   train_loss = 0.226
2024-05-07 13:32:10,809 -   eval_score = 0.7124
2024-05-07 13:32:10,809 -   best_eval_score = 0.7393
2024-05-07 13:32:10,809 - EarlyStopping counter: 1 out of 5
2024-05-07 13:32:40,988 - ***** Epoch: 5: Eval results *****
2024-05-07 13:32:40,988 -   binary_train_loss = 0.2396
2024-05-07 13:32:40,988 -   binary_eval_score = 0.7416
2024-05-07 13:32:40,988 -   train_loss = 0.1694
2024-05-07 13:32:40,988 -   eval_score = 0.7371
2024-05-07 13:32:40,988 -   best_eval_score = 0.7393
2024-05-07 13:32:40,988 - EarlyStopping counter: 2 out of 5
2024-05-07 13:33:11,906 - ***** Epoch: 6: Eval results *****
2024-05-07 13:33:11,906 -   binary_train_loss = 0.1863
2024-05-07 13:33:11,906 -   binary_eval_score = 0.8584
2024-05-07 13:33:11,906 -   train_loss = 0.0913
2024-05-07 13:33:11,906 -   eval_score = 0.7258
2024-05-07 13:33:11,907 -   best_eval_score = 0.7393
2024-05-07 13:33:11,907 - EarlyStopping counter: 3 out of 5
2024-05-07 13:33:43,809 - ***** Epoch: 7: Eval results *****
2024-05-07 13:33:43,809 -   binary_train_loss = 0.1731
2024-05-07 13:33:43,809 -   binary_eval_score = 0.8966
2024-05-07 13:33:43,809 -   train_loss = 0.0634
2024-05-07 13:33:43,810 -   eval_score = 0.7213
2024-05-07 13:33:43,810 -   best_eval_score = 0.7393
2024-05-07 13:33:43,810 - EarlyStopping counter: 4 out of 5
2024-05-07 13:34:14,729 - ***** Epoch: 8: Eval results *****
2024-05-07 13:34:14,729 -   binary_train_loss = 0.1698
2024-05-07 13:34:14,729 -   binary_eval_score = 0.9416
2024-05-07 13:34:14,729 -   train_loss = 0.0555
2024-05-07 13:34:14,729 -   eval_score = 0.7303
2024-05-07 13:34:14,729 -   best_eval_score = 0.7393
2024-05-07 13:34:14,729 - EarlyStopping counter: 5 out of 5
2024-05-07 13:34:14,729 - EarlyStopping at epoch 8
2024-05-07 13:34:14,733 - Training is finished...
2024-05-07 13:34:14,733 - Testing begins...
2024-05-07 13:34:27,244 - ***** Out-of-domain Evaluation results *****
2024-05-07 13:34:27,245 -   aupr_in = 0.7801
2024-05-07 13:34:27,245 -   aupr_out = 0.7964
2024-05-07 13:34:27,246 -   auroc = 0.7973
2024-05-07 13:34:27,246 -   der = 0.3541
2024-05-07 13:34:27,246 -   eer = 0.2644
2024-05-07 13:34:27,246 -   fpr95 = 0.6622
2024-05-07 13:34:27,247 - Testing is finished...
2024-05-07 13:34:27,247 - Multimodal intent recognition is finished...
2024-05-07 13:34:27,247 - Results are saved in results/results_msz_MIntRec.csv
2024-05-07 13:34:29,344 - Multimodal Intent Recognition begins...
2024-05-07 13:34:29,344 - Training begins...
2024-05-07 13:35:01,429 - ***** Epoch: 1: Eval results *****
2024-05-07 13:35:01,429 -   binary_train_loss = 0.684
2024-05-07 13:35:01,429 -   binary_eval_score = 0.7978
2024-05-07 13:35:01,429 -   train_loss = 2.0252
2024-05-07 13:35:01,429 -   eval_score = 0.6742
2024-05-07 13:35:01,429 -   best_eval_score = 0.0
2024-05-07 13:35:32,543 - ***** Epoch: 2: Eval results *****
2024-05-07 13:35:32,544 -   binary_train_loss = 0.6662
2024-05-07 13:35:32,544 -   binary_eval_score = 0.8191
2024-05-07 13:35:32,544 -   train_loss = 0.7768
2024-05-07 13:35:32,544 -   eval_score = 0.7079
2024-05-07 13:35:32,544 -   best_eval_score = 0.6742
2024-05-07 13:36:04,660 - ***** Epoch: 3: Eval results *****
2024-05-07 13:36:04,661 -   binary_train_loss = 0.5816
2024-05-07 13:36:04,661 -   binary_eval_score = 0.8831
2024-05-07 13:36:04,661 -   train_loss = 0.353
2024-05-07 13:36:04,661 -   eval_score = 0.7281
2024-05-07 13:36:04,661 -   best_eval_score = 0.7079
2024-05-07 13:36:36,617 - ***** Epoch: 4: Eval results *****
2024-05-07 13:36:36,617 -   binary_train_loss = 0.3051
2024-05-07 13:36:36,617 -   binary_eval_score = 0.918
2024-05-07 13:36:36,617 -   train_loss = 0.2401
2024-05-07 13:36:36,617 -   eval_score = 0.7191
2024-05-07 13:36:36,617 -   best_eval_score = 0.7281
2024-05-07 13:36:36,617 - EarlyStopping counter: 1 out of 5
2024-05-07 13:37:07,928 - ***** Epoch: 5: Eval results *****
2024-05-07 13:37:07,928 -   binary_train_loss = 0.1792
2024-05-07 13:37:07,928 -   binary_eval_score = 0.9337
2024-05-07 13:37:07,928 -   train_loss = 0.1605
2024-05-07 13:37:07,928 -   eval_score = 0.7258
2024-05-07 13:37:07,928 -   best_eval_score = 0.7281
2024-05-07 13:37:07,928 - EarlyStopping counter: 2 out of 5
2024-05-07 13:37:39,093 - ***** Epoch: 6: Eval results *****
2024-05-07 13:37:39,093 -   binary_train_loss = 0.1339
2024-05-07 13:37:39,093 -   binary_eval_score = 0.9112
2024-05-07 13:37:39,093 -   train_loss = 0.0832
2024-05-07 13:37:39,093 -   eval_score = 0.7213
2024-05-07 13:37:39,093 -   best_eval_score = 0.7281
2024-05-07 13:37:39,093 - EarlyStopping counter: 3 out of 5
2024-05-07 13:38:10,489 - ***** Epoch: 7: Eval results *****
2024-05-07 13:38:10,489 -   binary_train_loss = 0.154
2024-05-07 13:38:10,489 -   binary_eval_score = 0.9584
2024-05-07 13:38:10,490 -   train_loss = 0.0673
2024-05-07 13:38:10,490 -   eval_score = 0.7281
2024-05-07 13:38:10,490 -   best_eval_score = 0.7281
2024-05-07 13:38:10,490 - EarlyStopping counter: 4 out of 5
2024-05-07 13:38:41,598 - ***** Epoch: 8: Eval results *****
2024-05-07 13:38:41,598 -   binary_train_loss = 0.0933
2024-05-07 13:38:41,598 -   binary_eval_score = 0.9854
2024-05-07 13:38:41,598 -   train_loss = 0.0438
2024-05-07 13:38:41,598 -   eval_score = 0.7348
2024-05-07 13:38:41,598 -   best_eval_score = 0.7281
2024-05-07 13:39:13,438 - ***** Epoch: 9: Eval results *****
2024-05-07 13:39:13,439 -   binary_train_loss = 0.0923
2024-05-07 13:39:13,439 -   binary_eval_score = 0.9876
2024-05-07 13:39:13,439 -   train_loss = 0.0399
2024-05-07 13:39:13,439 -   eval_score = 0.7258
2024-05-07 13:39:13,439 -   best_eval_score = 0.7348
2024-05-07 13:39:13,439 - EarlyStopping counter: 1 out of 5
2024-05-07 13:39:44,584 - ***** Epoch: 10: Eval results *****
2024-05-07 13:39:44,584 -   binary_train_loss = 0.0797
2024-05-07 13:39:44,584 -   binary_eval_score = 0.9843
2024-05-07 13:39:44,584 -   train_loss = 0.0324
2024-05-07 13:39:44,584 -   eval_score = 0.7236
2024-05-07 13:39:44,585 -   best_eval_score = 0.7348
2024-05-07 13:39:44,585 - EarlyStopping counter: 2 out of 5
2024-05-07 13:40:16,133 - ***** Epoch: 11: Eval results *****
2024-05-07 13:40:16,133 -   binary_train_loss = 0.0714
2024-05-07 13:40:16,133 -   binary_eval_score = 0.9494
2024-05-07 13:40:16,133 -   train_loss = 0.0268
2024-05-07 13:40:16,133 -   eval_score = 0.7146
2024-05-07 13:40:16,133 -   best_eval_score = 0.7348
2024-05-07 13:40:16,133 - EarlyStopping counter: 3 out of 5
2024-05-07 13:40:47,745 - ***** Epoch: 12: Eval results *****
2024-05-07 13:40:47,745 -   binary_train_loss = 0.0635
2024-05-07 13:40:47,745 -   binary_eval_score = 0.9854
2024-05-07 13:40:47,745 -   train_loss = 0.0305
2024-05-07 13:40:47,745 -   eval_score = 0.7213
2024-05-07 13:40:47,745 -   best_eval_score = 0.7348
2024-05-07 13:40:47,745 - EarlyStopping counter: 4 out of 5
2024-05-07 13:41:19,001 - ***** Epoch: 13: Eval results *****
2024-05-07 13:41:19,002 -   binary_train_loss = 0.06
2024-05-07 13:41:19,002 -   binary_eval_score = 0.9888
2024-05-07 13:41:19,002 -   train_loss = 0.0255
2024-05-07 13:41:19,002 -   eval_score = 0.7213
2024-05-07 13:41:19,002 -   best_eval_score = 0.7348
2024-05-07 13:41:19,002 - EarlyStopping counter: 5 out of 5
2024-05-07 13:41:19,002 - EarlyStopping at epoch 13
2024-05-07 13:41:19,007 - Training is finished...
2024-05-07 13:41:19,007 - Testing begins...
2024-05-07 13:41:31,929 - ***** Out-of-domain Evaluation results *****
2024-05-07 13:41:31,930 -   aupr_in = 0.7814
2024-05-07 13:41:31,931 -   aupr_out = 0.7881
2024-05-07 13:41:31,931 -   auroc = 0.7911
2024-05-07 13:41:31,931 -   der = 0.364
2024-05-07 13:41:31,932 -   eer = 0.2778
2024-05-07 13:41:31,932 -   fpr95 = 0.6844
2024-05-07 13:41:31,932 - Testing is finished...
2024-05-07 13:41:31,933 - Multimodal intent recognition is finished...
2024-05-07 13:41:31,933 - Results are saved in results/results_msz_MIntRec.csv
2024-05-07 13:41:33,900 - Multimodal Intent Recognition begins...
2024-05-07 13:41:33,900 - Training begins...
2024-05-07 13:42:05,198 - ***** Epoch: 1: Eval results *****
2024-05-07 13:42:05,198 -   binary_train_loss = 0.6847
2024-05-07 13:42:05,199 -   binary_eval_score = 0.8382
2024-05-07 13:42:05,199 -   train_loss = 2.0209
2024-05-07 13:42:05,199 -   eval_score = 0.6787
2024-05-07 13:42:05,199 -   best_eval_score = 0.0
2024-05-07 13:42:36,717 - ***** Epoch: 2: Eval results *****
2024-05-07 13:42:36,717 -   binary_train_loss = 0.6706
2024-05-07 13:42:36,717 -   binary_eval_score = 0.7472
2024-05-07 13:42:36,717 -   train_loss = 0.7737
2024-05-07 13:42:36,717 -   eval_score = 0.7101
2024-05-07 13:42:36,717 -   best_eval_score = 0.6787
2024-05-07 13:43:08,136 - ***** Epoch: 3: Eval results *****
2024-05-07 13:43:08,136 -   binary_train_loss = 0.6151
2024-05-07 13:43:08,136 -   binary_eval_score = 0.8798
2024-05-07 13:43:08,136 -   train_loss = 0.3498
2024-05-07 13:43:08,136 -   eval_score = 0.7326
2024-05-07 13:43:08,136 -   best_eval_score = 0.7101
2024-05-07 13:43:39,866 - ***** Epoch: 4: Eval results *****
2024-05-07 13:43:39,866 -   binary_train_loss = 0.389
2024-05-07 13:43:39,866 -   binary_eval_score = 0.9427
2024-05-07 13:43:39,867 -   train_loss = 0.2567
2024-05-07 13:43:39,867 -   eval_score = 0.7348
2024-05-07 13:43:39,867 -   best_eval_score = 0.7326
2024-05-07 13:44:12,476 - ***** Epoch: 5: Eval results *****
2024-05-07 13:44:12,476 -   binary_train_loss = 0.2223
2024-05-07 13:44:12,476 -   binary_eval_score = 0.8865
2024-05-07 13:44:12,476 -   train_loss = 0.1628
2024-05-07 13:44:12,476 -   eval_score = 0.7528
2024-05-07 13:44:12,476 -   best_eval_score = 0.7348
2024-05-07 13:44:43,658 - ***** Epoch: 6: Eval results *****
2024-05-07 13:44:43,658 -   binary_train_loss = 0.1657
2024-05-07 13:44:43,659 -   binary_eval_score = 0.8663
2024-05-07 13:44:43,659 -   train_loss = 0.0977
2024-05-07 13:44:43,659 -   eval_score = 0.7258
2024-05-07 13:44:43,659 -   best_eval_score = 0.7528
2024-05-07 13:44:43,659 - EarlyStopping counter: 1 out of 5
2024-05-07 13:45:14,734 - ***** Epoch: 7: Eval results *****
2024-05-07 13:45:14,735 -   binary_train_loss = 0.1881
2024-05-07 13:45:14,735 -   binary_eval_score = 0.9551
2024-05-07 13:45:14,735 -   train_loss = 0.0566
2024-05-07 13:45:14,735 -   eval_score = 0.7326
2024-05-07 13:45:14,735 -   best_eval_score = 0.7528
2024-05-07 13:45:14,735 - EarlyStopping counter: 2 out of 5
2024-05-07 13:45:45,777 - ***** Epoch: 8: Eval results *****
2024-05-07 13:45:45,778 -   binary_train_loss = 0.1488
2024-05-07 13:45:45,778 -   binary_eval_score = 0.9258
2024-05-07 13:45:45,778 -   train_loss = 0.0423
2024-05-07 13:45:45,778 -   eval_score = 0.7371
2024-05-07 13:45:45,778 -   best_eval_score = 0.7528
2024-05-07 13:45:45,778 - EarlyStopping counter: 3 out of 5
2024-05-07 13:46:17,688 - ***** Epoch: 9: Eval results *****
2024-05-07 13:46:17,688 -   binary_train_loss = 0.0931
2024-05-07 13:46:17,688 -   binary_eval_score = 0.973
2024-05-07 13:46:17,688 -   train_loss = 0.0421
2024-05-07 13:46:17,688 -   eval_score = 0.7213
2024-05-07 13:46:17,689 -   best_eval_score = 0.7528
2024-05-07 13:46:17,689 - EarlyStopping counter: 4 out of 5
2024-05-07 13:46:49,017 - ***** Epoch: 10: Eval results *****
2024-05-07 13:46:49,017 -   binary_train_loss = 0.148
2024-05-07 13:46:49,017 -   binary_eval_score = 0.9809
2024-05-07 13:46:49,017 -   train_loss = 0.0426
2024-05-07 13:46:49,017 -   eval_score = 0.7124
2024-05-07 13:46:49,017 -   best_eval_score = 0.7528
2024-05-07 13:46:49,017 - EarlyStopping counter: 5 out of 5
2024-05-07 13:46:49,017 - EarlyStopping at epoch 10
2024-05-07 13:46:49,021 - Training is finished...
2024-05-07 13:46:49,021 - Testing begins...
2024-05-07 13:47:02,058 - ***** Out-of-domain Evaluation results *****
2024-05-07 13:47:02,059 -   aupr_in = 0.7862
2024-05-07 13:47:02,059 -   aupr_out = 0.7978
2024-05-07 13:47:02,060 -   auroc = 0.7991
2024-05-07 13:47:02,060 -   der = 0.3652
2024-05-07 13:47:02,060 -   eer = 0.2644
2024-05-07 13:47:02,061 -   fpr95 = 0.6844
2024-05-07 13:47:02,061 - Testing is finished...
2024-05-07 13:47:02,061 - Multimodal intent recognition is finished...
2024-05-07 13:47:02,062 - Results are saved in results/results_msz_MIntRec.csv
2024-05-07 13:47:04,016 - Multimodal Intent Recognition begins...
2024-05-07 13:47:04,016 - Training begins...
2024-05-07 13:47:34,907 - ***** Epoch: 1: Eval results *****
2024-05-07 13:47:34,908 -   binary_train_loss = 0.6843
2024-05-07 13:47:34,908 -   binary_eval_score = 0.8404
2024-05-07 13:47:34,908 -   train_loss = 2.0333
2024-05-07 13:47:34,908 -   eval_score = 0.6697
2024-05-07 13:47:34,908 -   best_eval_score = 0.0
2024-05-07 13:48:06,844 - ***** Epoch: 2: Eval results *****
2024-05-07 13:48:06,844 -   binary_train_loss = 0.6679
2024-05-07 13:48:06,844 -   binary_eval_score = 0.7944
2024-05-07 13:48:06,844 -   train_loss = 0.7793
2024-05-07 13:48:06,844 -   eval_score = 0.7146
2024-05-07 13:48:06,844 -   best_eval_score = 0.6697
2024-05-07 13:48:38,720 - ***** Epoch: 3: Eval results *****
2024-05-07 13:48:38,720 -   binary_train_loss = 0.5946
2024-05-07 13:48:38,720 -   binary_eval_score = 0.8854
2024-05-07 13:48:38,720 -   train_loss = 0.3523
2024-05-07 13:48:38,720 -   eval_score = 0.7371
2024-05-07 13:48:38,720 -   best_eval_score = 0.7146
2024-05-07 13:49:10,010 - ***** Epoch: 4: Eval results *****
2024-05-07 13:49:10,010 -   binary_train_loss = 0.3256
2024-05-07 13:49:10,010 -   binary_eval_score = 0.927
2024-05-07 13:49:10,010 -   train_loss = 0.2495
2024-05-07 13:49:10,010 -   eval_score = 0.7258
2024-05-07 13:49:10,010 -   best_eval_score = 0.7371
2024-05-07 13:49:10,010 - EarlyStopping counter: 1 out of 5
2024-05-07 13:49:41,777 - ***** Epoch: 5: Eval results *****
2024-05-07 13:49:41,777 -   binary_train_loss = 0.1734
2024-05-07 13:49:41,777 -   binary_eval_score = 0.9517
2024-05-07 13:49:41,777 -   train_loss = 0.1574
2024-05-07 13:49:41,777 -   eval_score = 0.7303
2024-05-07 13:49:41,777 -   best_eval_score = 0.7371
2024-05-07 13:49:41,778 - EarlyStopping counter: 2 out of 5
2024-05-07 13:50:13,323 - ***** Epoch: 6: Eval results *****
2024-05-07 13:50:13,324 -   binary_train_loss = 0.1649
2024-05-07 13:50:13,324 -   binary_eval_score = 0.918
2024-05-07 13:50:13,324 -   train_loss = 0.0884
2024-05-07 13:50:13,324 -   eval_score = 0.7348
2024-05-07 13:50:13,324 -   best_eval_score = 0.7371
2024-05-07 13:50:13,324 - EarlyStopping counter: 3 out of 5
2024-05-07 13:50:44,949 - ***** Epoch: 7: Eval results *****
2024-05-07 13:50:44,949 -   binary_train_loss = 0.1796
2024-05-07 13:50:44,949 -   binary_eval_score = 0.9303
2024-05-07 13:50:44,949 -   train_loss = 0.0579
2024-05-07 13:50:44,949 -   eval_score = 0.7326
2024-05-07 13:50:44,949 -   best_eval_score = 0.7371
2024-05-07 13:50:44,949 - EarlyStopping counter: 4 out of 5
2024-05-07 13:51:16,375 - ***** Epoch: 8: Eval results *****
2024-05-07 13:51:16,375 -   binary_train_loss = 0.0821
2024-05-07 13:51:16,375 -   binary_eval_score = 0.9888
2024-05-07 13:51:16,375 -   train_loss = 0.0398
2024-05-07 13:51:16,375 -   eval_score = 0.7303
2024-05-07 13:51:16,375 -   best_eval_score = 0.7371
2024-05-07 13:51:16,375 - EarlyStopping counter: 5 out of 5
2024-05-07 13:51:16,375 - EarlyStopping at epoch 8
2024-05-07 13:51:16,379 - Training is finished...
2024-05-07 13:51:16,379 - Testing begins...
2024-05-07 13:51:28,918 - ***** Out-of-domain Evaluation results *****
2024-05-07 13:51:28,919 -   aupr_in = 0.7889
2024-05-07 13:51:28,919 -   aupr_out = 0.8105
2024-05-07 13:51:28,919 -   auroc = 0.806
2024-05-07 13:51:28,919 -   der = 0.3342
2024-05-07 13:51:28,919 -   eer = 0.2689
2024-05-07 13:51:28,920 -   fpr95 = 0.6222
2024-05-07 13:51:28,920 - Testing is finished...
2024-05-07 13:51:28,920 - Multimodal intent recognition is finished...
2024-05-07 13:51:28,920 - Results are saved in results/results_msz_MIntRec.csv
2024-05-07 13:51:30,715 - Multimodal Intent Recognition begins...
2024-05-07 13:51:30,715 - Training begins...
2024-05-07 13:52:02,241 - ***** Epoch: 1: Eval results *****
2024-05-07 13:52:02,241 -   binary_train_loss = 0.685
2024-05-07 13:52:02,241 -   binary_eval_score = 0.7899
2024-05-07 13:52:02,241 -   train_loss = 2.0323
2024-05-07 13:52:02,241 -   eval_score = 0.6831
2024-05-07 13:52:02,241 -   best_eval_score = 0.0
2024-05-07 13:52:33,723 - ***** Epoch: 2: Eval results *****
2024-05-07 13:52:33,723 -   binary_train_loss = 0.6715
2024-05-07 13:52:33,723 -   binary_eval_score = 0.7461
2024-05-07 13:52:33,723 -   train_loss = 0.7833
2024-05-07 13:52:33,723 -   eval_score = 0.7101
2024-05-07 13:52:33,723 -   best_eval_score = 0.6831
2024-05-07 13:53:05,504 - ***** Epoch: 3: Eval results *****
2024-05-07 13:53:05,504 -   binary_train_loss = 0.6202
2024-05-07 13:53:05,504 -   binary_eval_score = 0.8798
2024-05-07 13:53:05,504 -   train_loss = 0.3526
2024-05-07 13:53:05,505 -   eval_score = 0.7393
2024-05-07 13:53:05,505 -   best_eval_score = 0.7101
2024-05-07 13:53:37,099 - ***** Epoch: 4: Eval results *****
2024-05-07 13:53:37,099 -   binary_train_loss = 0.4022
2024-05-07 13:53:37,099 -   binary_eval_score = 0.9427
2024-05-07 13:53:37,099 -   train_loss = 0.2462
2024-05-07 13:53:37,099 -   eval_score = 0.7303
2024-05-07 13:53:37,099 -   best_eval_score = 0.7393
2024-05-07 13:53:37,099 - EarlyStopping counter: 1 out of 5
2024-05-07 13:54:08,882 - ***** Epoch: 5: Eval results *****
2024-05-07 13:54:08,882 -   binary_train_loss = 0.2217
2024-05-07 13:54:08,882 -   binary_eval_score = 0.8539
2024-05-07 13:54:08,882 -   train_loss = 0.1658
2024-05-07 13:54:08,882 -   eval_score = 0.7461
2024-05-07 13:54:08,883 -   best_eval_score = 0.7393
2024-05-07 13:54:40,616 - ***** Epoch: 6: Eval results *****
2024-05-07 13:54:40,616 -   binary_train_loss = 0.1755
2024-05-07 13:54:40,616 -   binary_eval_score = 0.8416
2024-05-07 13:54:40,616 -   train_loss = 0.0909
2024-05-07 13:54:40,616 -   eval_score = 0.7326
2024-05-07 13:54:40,616 -   best_eval_score = 0.7461
2024-05-07 13:54:40,616 - EarlyStopping counter: 1 out of 5
2024-05-07 13:55:12,123 - ***** Epoch: 7: Eval results *****
2024-05-07 13:55:12,123 -   binary_train_loss = 0.1758
2024-05-07 13:55:12,123 -   binary_eval_score = 0.9382
2024-05-07 13:55:12,123 -   train_loss = 0.0636
2024-05-07 13:55:12,123 -   eval_score = 0.7348
2024-05-07 13:55:12,123 -   best_eval_score = 0.7461
2024-05-07 13:55:12,123 - EarlyStopping counter: 2 out of 5
2024-05-07 13:55:43,409 - ***** Epoch: 8: Eval results *****
2024-05-07 13:55:43,409 -   binary_train_loss = 0.1704
2024-05-07 13:55:43,409 -   binary_eval_score = 0.9663
2024-05-07 13:55:43,409 -   train_loss = 0.0497
2024-05-07 13:55:43,409 -   eval_score = 0.7213
2024-05-07 13:55:43,409 -   best_eval_score = 0.7461
2024-05-07 13:55:43,409 - EarlyStopping counter: 3 out of 5
2024-05-07 13:56:14,697 - ***** Epoch: 9: Eval results *****
2024-05-07 13:56:14,697 -   binary_train_loss = 0.1012
2024-05-07 13:56:14,697 -   binary_eval_score = 0.9719
2024-05-07 13:56:14,697 -   train_loss = 0.0384
2024-05-07 13:56:14,697 -   eval_score = 0.7393
2024-05-07 13:56:14,697 -   best_eval_score = 0.7461
2024-05-07 13:56:14,697 - EarlyStopping counter: 4 out of 5
2024-05-07 13:56:46,970 - ***** Epoch: 10: Eval results *****
2024-05-07 13:56:46,971 -   binary_train_loss = 0.1384
2024-05-07 13:56:46,971 -   binary_eval_score = 0.9775
2024-05-07 13:56:46,971 -   train_loss = 0.0369
2024-05-07 13:56:46,971 -   eval_score = 0.7348
2024-05-07 13:56:46,971 -   best_eval_score = 0.7461
2024-05-07 13:56:46,971 - EarlyStopping counter: 5 out of 5
2024-05-07 13:56:46,971 - EarlyStopping at epoch 10
2024-05-07 13:56:46,977 - Training is finished...
2024-05-07 13:56:46,977 - Testing begins...
2024-05-07 13:56:59,394 - ***** Out-of-domain Evaluation results *****
2024-05-07 13:56:59,395 -   aupr_in = 0.7773
2024-05-07 13:56:59,395 -   aupr_out = 0.7867
2024-05-07 13:56:59,396 -   auroc = 0.7902
2024-05-07 13:56:59,396 -   der = 0.3861
2024-05-07 13:56:59,396 -   eer = 0.28
2024-05-07 13:56:59,397 -   fpr95 = 0.7289
2024-05-07 13:56:59,397 - Testing is finished...
2024-05-07 13:56:59,398 - Multimodal intent recognition is finished...
2024-05-07 13:56:59,398 - Results are saved in results/results_msz_MIntRec.csv
2024-05-07 13:57:01,360 - Multimodal Intent Recognition begins...
2024-05-07 13:57:01,361 - Training begins...
