2024-05-19 05:19:05,472 - Lists of intent labels are: ['Acknowledge', 'Advise', 'Agree', 'Apologise', 'Arrange', 'Ask for help', 'Asking for opinions', 'Care', 'Comfort', 'Complain', 'Confirm', 'Criticize', 'Doubt', 'Emphasize', 'Explain', 'Flaunt', 'Greet', 'Inform', 'Introduce', 'Invite', 'Joke', 'Leave', 'Oppose', 'Plan', 'Praise', 'Prevent', 'Refuse', 'Taunt', 'Thank', 'Warn']
2024-05-19 05:19:05,472 - ID Data preparation...
2024-05-19 05:19:50,336 - OOD Data preparation...
2024-05-19 05:19:55,837 - ============================== Params ==============================
2024-05-19 05:19:55,837 - logger_name: msz_ma_MIntRec2_multi-class_0
2024-05-19 05:19:55,837 - dataset: MIntRec2
2024-05-19 05:19:55,837 - ood_dataset: MIntRec2-OOD
2024-05-19 05:19:55,838 - data_mode: multi-class
2024-05-19 05:19:55,838 - multimodal_method: msz
2024-05-19 05:19:55,838 - method: msz
2024-05-19 05:19:55,838 - ood_detection_method: ma
2024-05-19 05:19:55,838 - text_backbone: bert-base-uncased
2024-05-19 05:19:55,838 - seed: 1
2024-05-19 05:19:55,838 - num_workers: 8
2024-05-19 05:19:55,838 - log_id: msz_ma_MIntRec2_multi-class_0_2024-05-19-05-19-05
2024-05-19 05:19:55,838 - gpu_id: 0
2024-05-19 05:19:55,838 - data_path: /home/sharing/disk2/sjh/intentDataset
2024-05-19 05:19:55,838 - train: True
2024-05-19 05:19:55,838 - tune: True
2024-05-19 05:19:55,838 - ood: True
2024-05-19 05:19:55,838 - save_model: False
2024-05-19 05:19:55,838 - save_results: True
2024-05-19 05:19:55,838 - log_path: logs
2024-05-19 05:19:55,838 - cache_path: cache
2024-05-19 05:19:55,838 - video_data_path: video_data
2024-05-19 05:19:55,838 - audio_data_path: audio_data
2024-05-19 05:19:55,838 - video_feats_path: swin_feats.pkl
2024-05-19 05:19:55,838 - ood_video_feats_path: swin_feats.pkl
2024-05-19 05:19:55,838 - ood_audio_feats_path: wavlm_feats.pkl
2024-05-19 05:19:55,838 - audio_feats_path: wavlm_feats.pkl
2024-05-19 05:19:55,838 - results_path: results
2024-05-19 05:19:55,838 - output_path: /home/sharing/disk2/sjh/Outputs/OOD_MIntRec2/msz
2024-05-19 05:19:55,838 - model_path: models
2024-05-19 05:19:55,838 - config_file_name: msz_MIntRec20
2024-05-19 05:19:55,838 - results_file_name: results_msz_MIntRec20.csv
2024-05-19 05:19:55,838 - text_pretrained_model: /home/sharing/disk1/pretrained_embedding/bert/uncased_L-12_H-768_A-12/
2024-05-19 05:19:55,838 - text_seq_len: 50
2024-05-19 05:19:55,838 - video_seq_len: 180
2024-05-19 05:19:55,838 - audio_seq_len: 400
2024-05-19 05:19:55,838 - text_feat_dim: 768
2024-05-19 05:19:55,838 - video_feat_dim: 256
2024-05-19 05:19:55,838 - audio_feat_dim: 768
2024-05-19 05:19:55,838 - ood_label_id: 30
2024-05-19 05:19:55,838 - num_labels: 30
2024-05-19 05:19:55,838 - num_train_examples: 6165
2024-05-19 05:19:55,838 - need_aligned: True
2024-05-19 05:19:55,838 - freeze_parameters: False
2024-05-19 05:19:55,838 - eval_monitor: acc
2024-05-19 05:19:55,838 - train_batch_size: 32
2024-05-19 05:19:55,838 - eval_batch_size: 16
2024-05-19 05:19:55,838 - num_train_epochs: 100
2024-05-19 05:19:55,838 - lr: [1e-05]
2024-05-19 05:19:55,839 - weight_decay: [0.1]
2024-05-19 05:19:55,839 - wait_patience: 3
2024-05-19 05:19:55,839 - warmup_proportion: [0.1]
2024-05-19 05:19:55,839 - hidden_dims: [768]
2024-05-19 05:19:55,839 - num_attention_heads: [6]
2024-05-19 05:19:55,839 - attention_probs_dropout_prob: [0.3]
2024-05-19 05:19:55,839 - hidden_dropout_prob: [0.3]
2024-05-19 05:19:55,839 - intermediate_size: [768]
2024-05-19 05:19:55,839 - num_hidden_layers: [6]
2024-05-19 05:19:55,839 - max_position_embeddings: [768]
2024-05-19 05:19:55,839 - position_embedding_type: absolute
2024-05-19 05:19:55,839 - batch_first: True
2024-05-19 05:19:55,839 - aligned_method: ['ctc']
2024-05-19 05:19:55,839 - sampler: ['dir']
2024-05-19 05:19:55,839 - multiple_ood: [1]
2024-05-19 05:19:55,839 - select_number_min: [2]
2024-05-19 05:19:55,839 - select_number_max: [3]
2024-05-19 05:19:55,839 - alpha: [3]
2024-05-19 05:19:55,839 - mlp_hidden_size: [256]
2024-05-19 05:19:55,839 - mlp_dropout: [0.3]
2024-05-19 05:19:55,839 - scale: [8]
2024-05-19 05:19:55,839 - pred_output_path: /home/sharing/disk2/sjh/Outputs/OOD_MIntRec2/msz/msz_MIntRec2_bert-base-uncased_multi-class_1
2024-05-19 05:19:55,839 - model_output_path: /home/sharing/disk2/sjh/Outputs/OOD_MIntRec2/msz/msz_MIntRec2_bert-base-uncased_multi-class_1/models
2024-05-19 05:19:55,839 - pretrained_save_model: /home/sharing/disk2/sjh/Outputs/OOD_MIntRec2/msz/binary_msz_MIntRec2_bert-base-uncased_1
2024-05-19 05:19:55,839 - ============================== End Params ==============================
2024-05-19 05:19:58,557 - Multimodal Intent Recognition begins...
2024-05-19 05:19:58,557 - Training begins...
2024-05-19 05:23:18,528 - ***** Epoch: 1: Eval results *****
2024-05-19 05:23:18,528 -   binary_train_loss = 0.6891
2024-05-19 05:23:18,529 -   binary_eval_score = 0.7468
2024-05-19 05:23:18,529 -   train_loss = 2.6619
2024-05-19 05:23:18,529 -   eval_score = 0.4557
2024-05-19 05:23:18,529 -   best_eval_score = 0.0
2024-05-19 05:26:38,714 - ***** Epoch: 2: Eval results *****
2024-05-19 05:26:38,714 -   binary_train_loss = 0.6761
2024-05-19 05:26:38,714 -   binary_eval_score = 0.7369
2024-05-19 05:26:38,714 -   train_loss = 1.6836
2024-05-19 05:26:38,714 -   eval_score = 0.566
2024-05-19 05:26:38,714 -   best_eval_score = 0.4557
2024-05-19 05:29:57,619 - ***** Epoch: 3: Eval results *****
2024-05-19 05:29:57,619 -   binary_train_loss = 0.6235
2024-05-19 05:29:57,619 -   binary_eval_score = 0.891
2024-05-19 05:29:57,619 -   train_loss = 1.3744
2024-05-19 05:29:57,619 -   eval_score = 0.5606
2024-05-19 05:29:57,619 -   best_eval_score = 0.566
2024-05-19 05:29:57,619 - EarlyStopping counter: 1 out of 3
2024-05-19 05:33:21,013 - ***** Epoch: 4: Eval results *****
2024-05-19 05:33:21,013 -   binary_train_loss = 0.2913
2024-05-19 05:33:21,013 -   binary_eval_score = 0.8843
2024-05-19 05:33:21,013 -   train_loss = 1.1441
2024-05-19 05:33:21,014 -   eval_score = 0.6022
2024-05-19 05:33:21,014 -   best_eval_score = 0.566
2024-05-19 05:36:40,566 - ***** Epoch: 5: Eval results *****
2024-05-19 05:36:40,567 -   binary_train_loss = 0.1233
2024-05-19 05:36:40,567 -   binary_eval_score = 0.9417
2024-05-19 05:36:40,567 -   train_loss = 0.9119
2024-05-19 05:36:40,567 -   eval_score = 0.5868
2024-05-19 05:36:40,567 -   best_eval_score = 0.6022
2024-05-19 05:36:40,567 - EarlyStopping counter: 1 out of 3
2024-05-19 05:40:00,348 - ***** Epoch: 6: Eval results *****
2024-05-19 05:40:00,348 -   binary_train_loss = 0.0697
2024-05-19 05:40:00,348 -   binary_eval_score = 0.9864
2024-05-19 05:40:00,349 -   train_loss = 0.6515
2024-05-19 05:40:00,349 -   eval_score = 0.5841
2024-05-19 05:40:00,349 -   best_eval_score = 0.6022
2024-05-19 05:40:00,349 - EarlyStopping counter: 2 out of 3
2024-05-19 05:43:20,477 - ***** Epoch: 7: Eval results *****
2024-05-19 05:43:20,477 -   binary_train_loss = 0.0663
2024-05-19 05:43:20,478 -   binary_eval_score = 0.9919
2024-05-19 05:43:20,478 -   train_loss = 0.4518
2024-05-19 05:43:20,478 -   eval_score = 0.5805
2024-05-19 05:43:20,478 -   best_eval_score = 0.6022
2024-05-19 05:43:20,478 - EarlyStopping counter: 3 out of 3
2024-05-19 05:43:20,478 - EarlyStopping at epoch 7
2024-05-19 05:43:20,488 - Training is finished...
2024-05-19 05:43:20,488 - Testing begins...
2024-05-19 05:44:07,426 - ***** Out-of-domain Evaluation results *****
2024-05-19 05:44:07,426 -   aupr_in = 0.8119
2024-05-19 05:44:07,426 -   aupr_out = 0.5998
2024-05-19 05:44:07,426 -   auroc = 0.7347
2024-05-19 05:44:07,426 -   der = 0.53
2024-05-19 05:44:07,426 -   eer = 0.3233
2024-05-19 05:44:07,426 -   fpr95 = 0.8129
2024-05-19 05:44:07,426 - Testing is finished...
2024-05-19 05:44:07,426 - Multimodal intent recognition is finished...
2024-05-19 05:44:07,426 - Results are saved in results/results_msz_MIntRec20.csv
2024-05-19 05:44:07,500 - ============================== Params ==============================
2024-05-19 05:44:07,500 - logger_name: msz_ma_MIntRec2_multi-class_0
2024-05-19 05:44:07,500 - dataset: MIntRec2
2024-05-19 05:44:07,500 - ood_dataset: MIntRec2-OOD
2024-05-19 05:44:07,500 - data_mode: multi-class
2024-05-19 05:44:07,500 - multimodal_method: msz
2024-05-19 05:44:07,500 - method: msz
2024-05-19 05:44:07,500 - ood_detection_method: ma
2024-05-19 05:44:07,500 - text_backbone: bert-base-uncased
2024-05-19 05:44:07,500 - seed: 2
2024-05-19 05:44:07,500 - num_workers: 8
2024-05-19 05:44:07,500 - log_id: msz_ma_MIntRec2_multi-class_0_2024-05-19-05-19-05
2024-05-19 05:44:07,500 - gpu_id: 0
2024-05-19 05:44:07,500 - data_path: /home/sharing/disk2/sjh/intentDataset
2024-05-19 05:44:07,500 - train: True
2024-05-19 05:44:07,500 - tune: True
2024-05-19 05:44:07,500 - ood: True
2024-05-19 05:44:07,500 - save_model: False
2024-05-19 05:44:07,500 - save_results: True
2024-05-19 05:44:07,500 - log_path: logs
2024-05-19 05:44:07,500 - cache_path: cache
2024-05-19 05:44:07,501 - video_data_path: video_data
2024-05-19 05:44:07,501 - audio_data_path: audio_data
2024-05-19 05:44:07,501 - video_feats_path: swin_feats.pkl
2024-05-19 05:44:07,501 - ood_video_feats_path: swin_feats.pkl
2024-05-19 05:44:07,501 - ood_audio_feats_path: wavlm_feats.pkl
2024-05-19 05:44:07,501 - audio_feats_path: wavlm_feats.pkl
2024-05-19 05:44:07,501 - results_path: results
2024-05-19 05:44:07,501 - output_path: /home/sharing/disk2/sjh/Outputs/OOD_MIntRec2/msz
2024-05-19 05:44:07,501 - model_path: models
2024-05-19 05:44:07,501 - config_file_name: msz_MIntRec20
2024-05-19 05:44:07,501 - results_file_name: results_msz_MIntRec20.csv
2024-05-19 05:44:07,501 - text_pretrained_model: /home/sharing/disk1/pretrained_embedding/bert/uncased_L-12_H-768_A-12/
2024-05-19 05:44:07,501 - text_seq_len: 50
2024-05-19 05:44:07,501 - video_seq_len: 180
2024-05-19 05:44:07,501 - audio_seq_len: 400
2024-05-19 05:44:07,501 - text_feat_dim: 768
2024-05-19 05:44:07,501 - video_feat_dim: 256
2024-05-19 05:44:07,501 - audio_feat_dim: 768
2024-05-19 05:44:07,501 - ood_label_id: 30
2024-05-19 05:44:07,501 - num_labels: 30
2024-05-19 05:44:07,501 - num_train_examples: 6165
2024-05-19 05:44:07,501 - need_aligned: True
2024-05-19 05:44:07,501 - freeze_parameters: False
2024-05-19 05:44:07,501 - eval_monitor: acc
2024-05-19 05:44:07,501 - train_batch_size: 32
2024-05-19 05:44:07,501 - eval_batch_size: 16
2024-05-19 05:44:07,501 - num_train_epochs: 100
2024-05-19 05:44:07,501 - lr: [1e-05]
2024-05-19 05:44:07,501 - weight_decay: [0.1]
2024-05-19 05:44:07,501 - wait_patience: 3
2024-05-19 05:44:07,501 - warmup_proportion: [0.1]
2024-05-19 05:44:07,501 - hidden_dims: [768]
2024-05-19 05:44:07,501 - num_attention_heads: [6]
2024-05-19 05:44:07,501 - attention_probs_dropout_prob: [0.3]
2024-05-19 05:44:07,501 - hidden_dropout_prob: [0.3]
2024-05-19 05:44:07,501 - intermediate_size: [768]
2024-05-19 05:44:07,501 - num_hidden_layers: [6]
2024-05-19 05:44:07,501 - max_position_embeddings: [768]
2024-05-19 05:44:07,501 - position_embedding_type: absolute
2024-05-19 05:44:07,501 - batch_first: True
2024-05-19 05:44:07,501 - aligned_method: ['ctc']
2024-05-19 05:44:07,501 - sampler: ['dir']
2024-05-19 05:44:07,501 - multiple_ood: [1]
2024-05-19 05:44:07,501 - select_number_min: [2]
2024-05-19 05:44:07,501 - select_number_max: [3]
2024-05-19 05:44:07,502 - alpha: [3]
2024-05-19 05:44:07,502 - mlp_hidden_size: [256]
2024-05-19 05:44:07,502 - mlp_dropout: [0.3]
2024-05-19 05:44:07,502 - scale: [8]
2024-05-19 05:44:07,502 - pred_output_path: /home/sharing/disk2/sjh/Outputs/OOD_MIntRec2/msz/msz_MIntRec2_bert-base-uncased_multi-class_2
2024-05-19 05:44:07,502 - model_output_path: /home/sharing/disk2/sjh/Outputs/OOD_MIntRec2/msz/msz_MIntRec2_bert-base-uncased_multi-class_2/models
2024-05-19 05:44:07,502 - pretrained_save_model: /home/sharing/disk2/sjh/Outputs/OOD_MIntRec2/msz/binary_msz_MIntRec2_bert-base-uncased_2
2024-05-19 05:44:07,502 - device: cuda
2024-05-19 05:44:07,502 - ============================== End Params ==============================
2024-05-19 05:44:09,173 - Multimodal Intent Recognition begins...
2024-05-19 05:44:09,173 - Training begins...
2024-05-19 05:47:29,215 - ***** Epoch: 1: Eval results *****
2024-05-19 05:47:29,215 -   binary_train_loss = 0.6888
2024-05-19 05:47:29,215 -   binary_eval_score = 0.528
2024-05-19 05:47:29,215 -   train_loss = 2.6734
2024-05-19 05:47:29,215 -   eval_score = 0.462
2024-05-19 05:47:29,215 -   best_eval_score = 0.0
2024-05-19 05:50:49,443 - ***** Epoch: 2: Eval results *****
2024-05-19 05:50:49,443 -   binary_train_loss = 0.6782
2024-05-19 05:50:49,443 -   binary_eval_score = 0.6352
2024-05-19 05:50:49,443 -   train_loss = 1.7091
2024-05-19 05:50:49,443 -   eval_score = 0.5425
2024-05-19 05:50:49,443 -   best_eval_score = 0.462
2024-05-19 05:54:09,770 - ***** Epoch: 3: Eval results *****
2024-05-19 05:54:09,770 -   binary_train_loss = 0.6317
2024-05-19 05:54:09,770 -   binary_eval_score = 0.8603
2024-05-19 05:54:09,770 -   train_loss = 1.3733
2024-05-19 05:54:09,770 -   eval_score = 0.5769
2024-05-19 05:54:09,770 -   best_eval_score = 0.5425
2024-05-19 05:57:29,524 - ***** Epoch: 4: Eval results *****
2024-05-19 05:57:29,525 -   binary_train_loss = 0.3197
2024-05-19 05:57:29,525 -   binary_eval_score = 0.958
2024-05-19 05:57:29,525 -   train_loss = 1.1625
2024-05-19 05:57:29,525 -   eval_score = 0.5705
2024-05-19 05:57:29,525 -   best_eval_score = 0.5769
2024-05-19 05:57:29,525 - EarlyStopping counter: 1 out of 3
2024-05-19 06:00:49,898 - ***** Epoch: 5: Eval results *****
2024-05-19 06:00:49,898 -   binary_train_loss = 0.1338
2024-05-19 06:00:49,898 -   binary_eval_score = 0.9616
2024-05-19 06:00:49,898 -   train_loss = 0.9295
2024-05-19 06:00:49,898 -   eval_score = 0.6022
2024-05-19 06:00:49,898 -   best_eval_score = 0.5769
2024-05-19 06:04:09,810 - ***** Epoch: 6: Eval results *****
2024-05-19 06:04:09,810 -   binary_train_loss = 0.1003
2024-05-19 06:04:09,810 -   binary_eval_score = 0.9855
2024-05-19 06:04:09,810 -   train_loss = 0.6624
2024-05-19 06:04:09,810 -   eval_score = 0.5859
2024-05-19 06:04:09,811 -   best_eval_score = 0.6022
2024-05-19 06:04:09,811 - EarlyStopping counter: 1 out of 3
2024-05-19 06:07:29,554 - ***** Epoch: 7: Eval results *****
2024-05-19 06:07:29,554 -   binary_train_loss = 0.0906
2024-05-19 06:07:29,555 -   binary_eval_score = 0.9688
2024-05-19 06:07:29,555 -   train_loss = 0.4602
2024-05-19 06:07:29,555 -   eval_score = 0.5958
2024-05-19 06:07:29,555 -   best_eval_score = 0.6022
2024-05-19 06:07:29,555 - EarlyStopping counter: 2 out of 3
2024-05-19 06:10:49,396 - ***** Epoch: 8: Eval results *****
2024-05-19 06:10:49,396 -   binary_train_loss = 0.061
2024-05-19 06:10:49,396 -   binary_eval_score = 0.9855
2024-05-19 06:10:49,396 -   train_loss = 0.3147
2024-05-19 06:10:49,396 -   eval_score = 0.5805
2024-05-19 06:10:49,396 -   best_eval_score = 0.6022
2024-05-19 06:10:49,396 - EarlyStopping counter: 3 out of 3
2024-05-19 06:10:49,396 - EarlyStopping at epoch 8
2024-05-19 06:10:49,402 - Training is finished...
2024-05-19 06:10:49,402 - Testing begins...
2024-05-19 06:11:37,029 - ***** Out-of-domain Evaluation results *****
2024-05-19 06:11:37,029 -   aupr_in = 0.8117
2024-05-19 06:11:37,029 -   aupr_out = 0.5931
2024-05-19 06:11:37,029 -   auroc = 0.7323
2024-05-19 06:11:37,029 -   der = 0.5363
2024-05-19 06:11:37,030 -   eer = 0.3275
2024-05-19 06:11:37,030 -   fpr95 = 0.8229
2024-05-19 06:11:37,030 - Testing is finished...
2024-05-19 06:11:37,030 - Multimodal intent recognition is finished...
2024-05-19 06:11:37,030 - Results are saved in results/results_msz_MIntRec20.csv
2024-05-19 06:11:37,103 - ============================== Params ==============================
2024-05-19 06:11:37,103 - logger_name: msz_ma_MIntRec2_multi-class_0
2024-05-19 06:11:37,103 - dataset: MIntRec2
2024-05-19 06:11:37,103 - ood_dataset: MIntRec2-OOD
2024-05-19 06:11:37,103 - data_mode: multi-class
2024-05-19 06:11:37,103 - multimodal_method: msz
2024-05-19 06:11:37,103 - method: msz
2024-05-19 06:11:37,103 - ood_detection_method: ma
2024-05-19 06:11:37,103 - text_backbone: bert-base-uncased
2024-05-19 06:11:37,103 - seed: 3
2024-05-19 06:11:37,103 - num_workers: 8
2024-05-19 06:11:37,103 - log_id: msz_ma_MIntRec2_multi-class_0_2024-05-19-05-19-05
2024-05-19 06:11:37,103 - gpu_id: 0
2024-05-19 06:11:37,103 - data_path: /home/sharing/disk2/sjh/intentDataset
2024-05-19 06:11:37,103 - train: True
2024-05-19 06:11:37,103 - tune: True
2024-05-19 06:11:37,103 - ood: True
2024-05-19 06:11:37,103 - save_model: False
2024-05-19 06:11:37,103 - save_results: True
2024-05-19 06:11:37,103 - log_path: logs
2024-05-19 06:11:37,103 - cache_path: cache
2024-05-19 06:11:37,103 - video_data_path: video_data
2024-05-19 06:11:37,103 - audio_data_path: audio_data
2024-05-19 06:11:37,103 - video_feats_path: swin_feats.pkl
2024-05-19 06:11:37,103 - ood_video_feats_path: swin_feats.pkl
2024-05-19 06:11:37,103 - ood_audio_feats_path: wavlm_feats.pkl
2024-05-19 06:11:37,103 - audio_feats_path: wavlm_feats.pkl
2024-05-19 06:11:37,103 - results_path: results
2024-05-19 06:11:37,103 - output_path: /home/sharing/disk2/sjh/Outputs/OOD_MIntRec2/msz
2024-05-19 06:11:37,103 - model_path: models
2024-05-19 06:11:37,104 - config_file_name: msz_MIntRec20
2024-05-19 06:11:37,104 - results_file_name: results_msz_MIntRec20.csv
2024-05-19 06:11:37,104 - text_pretrained_model: /home/sharing/disk1/pretrained_embedding/bert/uncased_L-12_H-768_A-12/
2024-05-19 06:11:37,104 - text_seq_len: 50
2024-05-19 06:11:37,104 - video_seq_len: 180
2024-05-19 06:11:37,104 - audio_seq_len: 400
2024-05-19 06:11:37,104 - text_feat_dim: 768
2024-05-19 06:11:37,104 - video_feat_dim: 256
2024-05-19 06:11:37,104 - audio_feat_dim: 768
2024-05-19 06:11:37,104 - ood_label_id: 30
2024-05-19 06:11:37,104 - num_labels: 30
2024-05-19 06:11:37,104 - num_train_examples: 6165
2024-05-19 06:11:37,104 - need_aligned: True
2024-05-19 06:11:37,104 - freeze_parameters: False
2024-05-19 06:11:37,104 - eval_monitor: acc
2024-05-19 06:11:37,104 - train_batch_size: 32
2024-05-19 06:11:37,104 - eval_batch_size: 16
2024-05-19 06:11:37,104 - num_train_epochs: 100
2024-05-19 06:11:37,104 - lr: [1e-05]
2024-05-19 06:11:37,104 - weight_decay: [0.1]
2024-05-19 06:11:37,104 - wait_patience: 3
2024-05-19 06:11:37,104 - warmup_proportion: [0.1]
2024-05-19 06:11:37,104 - hidden_dims: [768]
2024-05-19 06:11:37,104 - num_attention_heads: [6]
2024-05-19 06:11:37,104 - attention_probs_dropout_prob: [0.3]
2024-05-19 06:11:37,104 - hidden_dropout_prob: [0.3]
2024-05-19 06:11:37,104 - intermediate_size: [768]
2024-05-19 06:11:37,104 - num_hidden_layers: [6]
2024-05-19 06:11:37,104 - max_position_embeddings: [768]
2024-05-19 06:11:37,104 - position_embedding_type: absolute
2024-05-19 06:11:37,104 - batch_first: True
2024-05-19 06:11:37,104 - aligned_method: ['ctc']
2024-05-19 06:11:37,104 - sampler: ['dir']
2024-05-19 06:11:37,104 - multiple_ood: [1]
2024-05-19 06:11:37,104 - select_number_min: [2]
2024-05-19 06:11:37,104 - select_number_max: [3]
2024-05-19 06:11:37,104 - alpha: [3]
2024-05-19 06:11:37,104 - mlp_hidden_size: [256]
2024-05-19 06:11:37,104 - mlp_dropout: [0.3]
2024-05-19 06:11:37,104 - scale: [8]
2024-05-19 06:11:37,104 - pred_output_path: /home/sharing/disk2/sjh/Outputs/OOD_MIntRec2/msz/msz_MIntRec2_bert-base-uncased_multi-class_3
2024-05-19 06:11:37,104 - model_output_path: /home/sharing/disk2/sjh/Outputs/OOD_MIntRec2/msz/msz_MIntRec2_bert-base-uncased_multi-class_3/models
2024-05-19 06:11:37,104 - pretrained_save_model: /home/sharing/disk2/sjh/Outputs/OOD_MIntRec2/msz/binary_msz_MIntRec2_bert-base-uncased_3
2024-05-19 06:11:37,105 - device: cuda
2024-05-19 06:11:37,105 - ============================== End Params ==============================
2024-05-19 06:11:38,734 - Multimodal Intent Recognition begins...
2024-05-19 06:11:38,734 - Training begins...
2024-05-19 06:14:58,323 - ***** Epoch: 1: Eval results *****
2024-05-19 06:14:58,323 -   binary_train_loss = 0.6881
2024-05-19 06:14:58,323 -   binary_eval_score = 0.7419
2024-05-19 06:14:58,323 -   train_loss = 2.6845
2024-05-19 06:14:58,323 -   eval_score = 0.4467
2024-05-19 06:14:58,323 -   best_eval_score = 0.0
