2024-05-18 04:21:29,243 - Lists of intent labels are: ['Complain', 'Praise', 'Apologise', 'Thank', 'Criticize', 'Agree', 'Taunt', 'Flaunt', 'Joke', 'Oppose', 'Comfort', 'Care', 'Inform', 'Advise', 'Arrange', 'Introduce', 'Leave', 'Prevent', 'Greet', 'Ask for help']
2024-05-18 04:21:29,243 - ID Data preparation...
2024-05-18 04:21:36,105 - OOD Data preparation...
2024-05-18 04:21:37,827 - ============================== Params ==============================
2024-05-18 04:21:37,827 - logger_name: msz_msp_MIntRec_multi-class_0
2024-05-18 04:21:37,827 - dataset: MIntRec
2024-05-18 04:21:37,827 - ood_dataset: MIntRec-OOD
2024-05-18 04:21:37,827 - data_mode: multi-class
2024-05-18 04:21:37,827 - multimodal_method: msz
2024-05-18 04:21:37,827 - method: msz
2024-05-18 04:21:37,827 - ood_detection_method: msp
2024-05-18 04:21:37,827 - text_backbone: bert-base-uncased
2024-05-18 04:21:37,827 - seed: 4
2024-05-18 04:21:37,827 - num_workers: 8
2024-05-18 04:21:37,827 - log_id: msz_msp_MIntRec_multi-class_0_2024-05-18-04-21-29
2024-05-18 04:21:37,827 - gpu_id: 3
2024-05-18 04:21:37,827 - data_path: /home/sharing/disk2/sjh/intentDataset
2024-05-18 04:21:37,827 - train: False
2024-05-18 04:21:37,827 - tune: True
2024-05-18 04:21:37,827 - ood: True
2024-05-18 04:21:37,827 - save_model: False
2024-05-18 04:21:37,827 - save_results: True
2024-05-18 04:21:37,827 - log_path: logs
2024-05-18 04:21:37,827 - cache_path: cache
2024-05-18 04:21:37,827 - video_data_path: video_data
2024-05-18 04:21:37,827 - audio_data_path: audio_data
2024-05-18 04:21:37,827 - video_feats_path: swin_feats.pkl
2024-05-18 04:21:37,827 - ood_video_feats_path: swin_feats.pkl
2024-05-18 04:21:37,827 - ood_audio_feats_path: wavlm_feats.pkl
2024-05-18 04:21:37,827 - audio_feats_path: wavlm_feats.pkl
2024-05-18 04:21:37,828 - results_path: results
2024-05-18 04:21:37,828 - output_path: /home/sharing/disk2/sjh/Outputs/OOD_MIntRec/dir_msz
2024-05-18 04:21:37,828 - model_path: models
2024-05-18 04:21:37,828 - config_file_name: msz_MIntRec
2024-05-18 04:21:37,828 - results_file_name: results_msz_MIntRec.csv
2024-05-18 04:21:37,828 - text_pretrained_model: /home/sharing/disk1/pretrained_embedding/bert/uncased_L-12_H-768_A-12/
2024-05-18 04:21:37,828 - text_seq_len: 30
2024-05-18 04:21:37,828 - video_seq_len: 230
2024-05-18 04:21:37,828 - audio_seq_len: 480
2024-05-18 04:21:37,828 - text_feat_dim: 768
2024-05-18 04:21:37,828 - video_feat_dim: 1024
2024-05-18 04:21:37,828 - audio_feat_dim: 768
2024-05-18 04:21:37,828 - ood_label_id: 20
2024-05-18 04:21:37,828 - num_labels: 20
2024-05-18 04:21:37,828 - num_train_examples: 1334
2024-05-18 04:21:37,828 - need_aligned: True
2024-05-18 04:21:37,828 - freeze_parameters: False
2024-05-18 04:21:37,828 - eval_monitor: acc
2024-05-18 04:21:37,828 - train_batch_size: 32
2024-05-18 04:21:37,828 - eval_batch_size: 16
2024-05-18 04:21:37,828 - num_train_epochs: 100
2024-05-18 04:21:37,828 - lr: [2e-05]
2024-05-18 04:21:37,828 - weight_decay: [0.1]
2024-05-18 04:21:37,828 - wait_patience: 5
2024-05-18 04:21:37,828 - warmup_proportion: [0.1]
2024-05-18 04:21:37,828 - hidden_dims: [768]
2024-05-18 04:21:37,828 - num_attention_heads: [4]
2024-05-18 04:21:37,828 - attention_probs_dropout_prob: [0.3]
2024-05-18 04:21:37,828 - hidden_dropout_prob: [0.1]
2024-05-18 04:21:37,828 - intermediate_size: [768]
2024-05-18 04:21:37,828 - num_hidden_layers: [4]
2024-05-18 04:21:37,828 - max_position_embeddings: [900]
2024-05-18 04:21:37,828 - position_embedding_type: absolute
2024-05-18 04:21:37,828 - batch_first: True
2024-05-18 04:21:37,828 - aligned_method: ['ctc']
2024-05-18 04:21:37,828 - sampler: ['dir']
2024-05-18 04:21:37,828 - multiple_ood: [1]
2024-05-18 04:21:37,828 - select_number_min: [2]
2024-05-18 04:21:37,828 - select_number_max: [3]
2024-05-18 04:21:37,828 - alpha: [4]
2024-05-18 04:21:37,828 - mlp_hidden_size: [256]
2024-05-18 04:21:37,828 - mlp_dropout: [0.3]
2024-05-18 04:21:37,828 - scale: [16]
2024-05-18 04:21:37,828 - pred_output_path: /home/sharing/disk2/sjh/Outputs/OOD_MIntRec/dir_msz/msz_MIntRec_bert-base-uncased_multi-class_4
2024-05-18 04:21:37,829 - model_output_path: /home/sharing/disk2/sjh/Outputs/OOD_MIntRec/dir_msz/msz_MIntRec_bert-base-uncased_multi-class_4/models
2024-05-18 04:21:37,829 - pretrained_save_model: /home/sharing/disk2/sjh/Outputs/OOD_MIntRec/dir_msz/binary_msz_MIntRec_bert-base-uncased_4
2024-05-18 04:21:37,829 - ============================== End Params ==============================
2024-05-18 04:21:41,310 - Multimodal Intent Recognition begins...
2024-05-18 04:21:41,310 - Testing begins...
2024-05-18 04:21:49,538 - ***** Out-of-domain Evaluation results *****
2024-05-18 04:21:49,538 -   aupr_in = 0.7627
2024-05-18 04:21:49,538 -   aupr_out = 0.7278
2024-05-18 04:21:49,538 -   auroc = 0.7534
2024-05-18 04:21:49,539 -   der = 0.4348
2024-05-18 04:21:49,539 -   eer = 0.3111
2024-05-18 04:21:49,539 -   fpr95 = 0.8267
2024-05-18 04:21:49,539 - Testing is finished...
2024-05-18 04:21:49,539 - Multimodal intent recognition is finished...
2024-05-18 04:21:49,539 - Results are saved in results/results_msz_MIntRec.csv
