2024-05-19 13:09:11,701 - Lists of intent labels are: ['Acknowledge', 'Advise', 'Agree', 'Apologise', 'Arrange', 'Ask for help', 'Asking for opinions', 'Care', 'Comfort', 'Complain', 'Confirm', 'Criticize', 'Doubt', 'Emphasize', 'Explain', 'Flaunt', 'Greet', 'Inform', 'Introduce', 'Invite', 'Joke', 'Leave', 'Oppose', 'Plan', 'Praise', 'Prevent', 'Refuse', 'Taunt', 'Thank', 'Warn']
2024-05-19 13:09:11,701 - ID Data preparation...
2024-05-19 13:09:30,873 - OOD Data preparation...
2024-05-19 13:09:34,283 - ============================== Params ==============================
2024-05-19 13:09:34,283 - logger_name: msz_maxlogit_MIntRec2_multi-class_0
2024-05-19 13:09:34,283 - dataset: MIntRec2
2024-05-19 13:09:34,283 - ood_dataset: MIntRec2-OOD
2024-05-19 13:09:34,283 - data_mode: multi-class
2024-05-19 13:09:34,283 - multimodal_method: msz
2024-05-19 13:09:34,283 - method: msz
2024-05-19 13:09:34,283 - ood_detection_method: maxlogit
2024-05-19 13:09:34,283 - text_backbone: bert-base-uncased
2024-05-19 13:09:34,283 - seed: 0
2024-05-19 13:09:34,283 - num_workers: 8
2024-05-19 13:09:34,283 - log_id: msz_maxlogit_MIntRec2_multi-class_0_2024-05-19-13-09-11
2024-05-19 13:09:34,283 - gpu_id: 0
2024-05-19 13:09:34,283 - data_path: /home/sharing/disk2/sjh/intentDataset
2024-05-19 13:09:34,283 - train: False
2024-05-19 13:09:34,283 - tune: True
2024-05-19 13:09:34,284 - ood: True
2024-05-19 13:09:34,284 - save_model: False
2024-05-19 13:09:34,284 - save_results: True
2024-05-19 13:09:34,284 - log_path: logs
2024-05-19 13:09:34,284 - cache_path: cache
2024-05-19 13:09:34,284 - video_data_path: video_data
2024-05-19 13:09:34,284 - audio_data_path: audio_data
2024-05-19 13:09:34,284 - video_feats_path: swin_feats.pkl
2024-05-19 13:09:34,284 - ood_video_feats_path: swin_feats.pkl
2024-05-19 13:09:34,284 - ood_audio_feats_path: wavlm_feats.pkl
2024-05-19 13:09:34,284 - audio_feats_path: wavlm_feats.pkl
2024-05-19 13:09:34,284 - results_path: results
2024-05-19 13:09:34,284 - output_path: /home/sharing/disk2/sjh/Outputs/OOD_MIntRec2/msz
2024-05-19 13:09:34,284 - model_path: models
2024-05-19 13:09:34,284 - config_file_name: msz_MIntRec2
2024-05-19 13:09:34,284 - results_file_name: results_msz_MIntRec2_ood.csv
2024-05-19 13:09:34,284 - text_pretrained_model: /home/sharing/disk1/pretrained_embedding/bert/uncased_L-12_H-768_A-12/
2024-05-19 13:09:34,284 - text_seq_len: 50
2024-05-19 13:09:34,284 - video_seq_len: 180
2024-05-19 13:09:34,284 - audio_seq_len: 400
2024-05-19 13:09:34,284 - text_feat_dim: 768
2024-05-19 13:09:34,284 - video_feat_dim: 256
2024-05-19 13:09:34,284 - audio_feat_dim: 768
2024-05-19 13:09:34,284 - ood_label_id: 30
2024-05-19 13:09:34,284 - num_labels: 30
2024-05-19 13:09:34,284 - num_train_examples: 6165
2024-05-19 13:09:34,284 - need_aligned: True
2024-05-19 13:09:34,284 - freeze_parameters: False
2024-05-19 13:09:34,284 - eval_monitor: acc
2024-05-19 13:09:34,284 - train_batch_size: 32
2024-05-19 13:09:34,284 - eval_batch_size: 16
2024-05-19 13:09:34,284 - num_train_epochs: 100
2024-05-19 13:09:34,284 - lr: [1e-05]
2024-05-19 13:09:34,284 - weight_decay: [0.1]
2024-05-19 13:09:34,284 - wait_patience: 3
2024-05-19 13:09:34,284 - warmup_proportion: [0.01]
2024-05-19 13:09:34,284 - hidden_dims: [768]
2024-05-19 13:09:34,284 - num_attention_heads: [4]
2024-05-19 13:09:34,284 - attention_probs_dropout_prob: [0.3]
2024-05-19 13:09:34,284 - hidden_dropout_prob: [0.3]
2024-05-19 13:09:34,284 - intermediate_size: [768]
2024-05-19 13:09:34,284 - num_hidden_layers: [6]
2024-05-19 13:09:34,284 - max_position_embeddings: [768]
2024-05-19 13:09:34,284 - position_embedding_type: absolute
2024-05-19 13:09:34,285 - batch_first: True
2024-05-19 13:09:34,285 - aligned_method: ['ctc']
2024-05-19 13:09:34,285 - sampler: ['dir']
2024-05-19 13:09:34,285 - multiple_ood: [1]
2024-05-19 13:09:34,285 - select_number_min: [2]
2024-05-19 13:09:34,285 - select_number_max: [3]
2024-05-19 13:09:34,285 - alpha: [2]
2024-05-19 13:09:34,285 - mlp_hidden_size: [256]
2024-05-19 13:09:34,285 - mlp_dropout: [0.3]
2024-05-19 13:09:34,285 - scale: [8]
2024-05-19 13:09:34,285 - pred_output_path: /home/sharing/disk2/sjh/Outputs/OOD_MIntRec2/msz/msz_MIntRec2_bert-base-uncased_multi-class_0
2024-05-19 13:09:34,285 - model_output_path: /home/sharing/disk2/sjh/Outputs/OOD_MIntRec2/msz/msz_MIntRec2_bert-base-uncased_multi-class_0/models
2024-05-19 13:09:34,285 - pretrained_save_model: /home/sharing/disk2/sjh/Outputs/OOD_MIntRec2/msz/binary_msz_MIntRec2_bert-base-uncased_0
2024-05-19 13:09:34,285 - ============================== End Params ==============================
2024-05-19 13:09:37,750 - Multimodal Intent Recognition begins...
2024-05-19 13:09:37,750 - Testing begins...
2024-05-19 13:10:07,567 - ***** Out-of-domain Evaluation results *****
2024-05-19 13:10:07,567 -   aupr_in = 0.7614
2024-05-19 13:10:07,567 -   aupr_out = 0.5316
2024-05-19 13:10:07,567 -   auroc = 0.6696
2024-05-19 13:10:07,567 -   der = 0.5625
2024-05-19 13:10:07,567 -   eer = 0.3734
2024-05-19 13:10:07,567 -   fpr95 = 0.8647
2024-05-19 13:10:07,567 - Testing is finished...
2024-05-19 13:10:07,567 - Multimodal intent recognition is finished...
2024-05-19 13:10:07,567 - Results are saved in results/results_msz_MIntRec2_ood.csv
2024-05-19 13:10:07,637 - ============================== Params ==============================
2024-05-19 13:10:07,637 - logger_name: msz_maxlogit_MIntRec2_multi-class_0
2024-05-19 13:10:07,637 - dataset: MIntRec2
2024-05-19 13:10:07,637 - ood_dataset: MIntRec2-OOD
2024-05-19 13:10:07,637 - data_mode: multi-class
2024-05-19 13:10:07,637 - multimodal_method: msz
2024-05-19 13:10:07,638 - method: msz
2024-05-19 13:10:07,638 - ood_detection_method: maxlogit
2024-05-19 13:10:07,638 - text_backbone: bert-base-uncased
2024-05-19 13:10:07,638 - seed: 1
2024-05-19 13:10:07,638 - num_workers: 8
2024-05-19 13:10:07,638 - log_id: msz_maxlogit_MIntRec2_multi-class_0_2024-05-19-13-09-11
2024-05-19 13:10:07,638 - gpu_id: 0
2024-05-19 13:10:07,638 - data_path: /home/sharing/disk2/sjh/intentDataset
2024-05-19 13:10:07,638 - train: False
2024-05-19 13:10:07,638 - tune: True
2024-05-19 13:10:07,638 - ood: True
2024-05-19 13:10:07,638 - save_model: False
2024-05-19 13:10:07,638 - save_results: True
2024-05-19 13:10:07,638 - log_path: logs
2024-05-19 13:10:07,638 - cache_path: cache
2024-05-19 13:10:07,638 - video_data_path: video_data
2024-05-19 13:10:07,638 - audio_data_path: audio_data
2024-05-19 13:10:07,638 - video_feats_path: swin_feats.pkl
2024-05-19 13:10:07,638 - ood_video_feats_path: swin_feats.pkl
2024-05-19 13:10:07,638 - ood_audio_feats_path: wavlm_feats.pkl
2024-05-19 13:10:07,638 - audio_feats_path: wavlm_feats.pkl
2024-05-19 13:10:07,638 - results_path: results
2024-05-19 13:10:07,638 - output_path: /home/sharing/disk2/sjh/Outputs/OOD_MIntRec2/msz
2024-05-19 13:10:07,638 - model_path: models
2024-05-19 13:10:07,638 - config_file_name: msz_MIntRec2
2024-05-19 13:10:07,638 - results_file_name: results_msz_MIntRec2_ood.csv
2024-05-19 13:10:07,638 - text_pretrained_model: /home/sharing/disk1/pretrained_embedding/bert/uncased_L-12_H-768_A-12/
2024-05-19 13:10:07,638 - text_seq_len: 50
2024-05-19 13:10:07,638 - video_seq_len: 180
2024-05-19 13:10:07,638 - audio_seq_len: 400
2024-05-19 13:10:07,638 - text_feat_dim: 768
2024-05-19 13:10:07,638 - video_feat_dim: 256
2024-05-19 13:10:07,638 - audio_feat_dim: 768
2024-05-19 13:10:07,638 - ood_label_id: 30
2024-05-19 13:10:07,638 - num_labels: 30
2024-05-19 13:10:07,638 - num_train_examples: 6165
2024-05-19 13:10:07,638 - need_aligned: True
2024-05-19 13:10:07,638 - freeze_parameters: False
2024-05-19 13:10:07,638 - eval_monitor: acc
2024-05-19 13:10:07,638 - train_batch_size: 32
2024-05-19 13:10:07,638 - eval_batch_size: 16
2024-05-19 13:10:07,638 - num_train_epochs: 100
2024-05-19 13:10:07,638 - lr: [1e-05]
2024-05-19 13:10:07,638 - weight_decay: [0.1]
2024-05-19 13:10:07,638 - wait_patience: 3
2024-05-19 13:10:07,638 - warmup_proportion: [0.01]
2024-05-19 13:10:07,639 - hidden_dims: [768]
2024-05-19 13:10:07,639 - num_attention_heads: [4]
2024-05-19 13:10:07,639 - attention_probs_dropout_prob: [0.3]
2024-05-19 13:10:07,639 - hidden_dropout_prob: [0.3]
2024-05-19 13:10:07,639 - intermediate_size: [768]
2024-05-19 13:10:07,639 - num_hidden_layers: [6]
2024-05-19 13:10:07,639 - max_position_embeddings: [768]
2024-05-19 13:10:07,639 - position_embedding_type: absolute
2024-05-19 13:10:07,639 - batch_first: True
2024-05-19 13:10:07,639 - aligned_method: ['ctc']
2024-05-19 13:10:07,639 - sampler: ['dir']
2024-05-19 13:10:07,639 - multiple_ood: [1]
2024-05-19 13:10:07,639 - select_number_min: [2]
2024-05-19 13:10:07,639 - select_number_max: [3]
2024-05-19 13:10:07,639 - alpha: [2]
2024-05-19 13:10:07,639 - mlp_hidden_size: [256]
2024-05-19 13:10:07,639 - mlp_dropout: [0.3]
2024-05-19 13:10:07,639 - scale: [8]
2024-05-19 13:10:07,639 - pred_output_path: /home/sharing/disk2/sjh/Outputs/OOD_MIntRec2/msz/msz_MIntRec2_bert-base-uncased_multi-class_1
2024-05-19 13:10:07,639 - model_output_path: /home/sharing/disk2/sjh/Outputs/OOD_MIntRec2/msz/msz_MIntRec2_bert-base-uncased_multi-class_1/models
2024-05-19 13:10:07,639 - pretrained_save_model: /home/sharing/disk2/sjh/Outputs/OOD_MIntRec2/msz/binary_msz_MIntRec2_bert-base-uncased_1
2024-05-19 13:10:07,639 - device: cuda
2024-05-19 13:10:07,639 - ============================== End Params ==============================
2024-05-19 13:10:09,665 - Multimodal Intent Recognition begins...
2024-05-19 13:10:09,665 - Testing begins...
2024-05-19 13:10:38,080 - ***** Out-of-domain Evaluation results *****
2024-05-19 13:10:38,080 -   aupr_in = 0.7789
2024-05-19 13:10:38,080 -   aupr_out = 0.5487
2024-05-19 13:10:38,080 -   auroc = 0.6878
2024-05-19 13:10:38,080 -   der = 0.5523
2024-05-19 13:10:38,080 -   eer = 0.3617
2024-05-19 13:10:38,080 -   fpr95 = 0.8488
2024-05-19 13:10:38,080 - Testing is finished...
2024-05-19 13:10:38,080 - Multimodal intent recognition is finished...
2024-05-19 13:10:38,080 - Results are saved in results/results_msz_MIntRec2_ood.csv
2024-05-19 13:10:38,145 - ============================== Params ==============================
2024-05-19 13:10:38,145 - logger_name: msz_maxlogit_MIntRec2_multi-class_0
2024-05-19 13:10:38,145 - dataset: MIntRec2
2024-05-19 13:10:38,145 - ood_dataset: MIntRec2-OOD
2024-05-19 13:10:38,145 - data_mode: multi-class
2024-05-19 13:10:38,145 - multimodal_method: msz
2024-05-19 13:10:38,145 - method: msz
2024-05-19 13:10:38,145 - ood_detection_method: maxlogit
2024-05-19 13:10:38,145 - text_backbone: bert-base-uncased
2024-05-19 13:10:38,145 - seed: 2
2024-05-19 13:10:38,145 - num_workers: 8
2024-05-19 13:10:38,145 - log_id: msz_maxlogit_MIntRec2_multi-class_0_2024-05-19-13-09-11
2024-05-19 13:10:38,145 - gpu_id: 0
2024-05-19 13:10:38,145 - data_path: /home/sharing/disk2/sjh/intentDataset
2024-05-19 13:10:38,145 - train: False
2024-05-19 13:10:38,145 - tune: True
2024-05-19 13:10:38,145 - ood: True
2024-05-19 13:10:38,145 - save_model: False
2024-05-19 13:10:38,146 - save_results: True
2024-05-19 13:10:38,146 - log_path: logs
2024-05-19 13:10:38,146 - cache_path: cache
2024-05-19 13:10:38,146 - video_data_path: video_data
2024-05-19 13:10:38,146 - audio_data_path: audio_data
2024-05-19 13:10:38,146 - video_feats_path: swin_feats.pkl
2024-05-19 13:10:38,146 - ood_video_feats_path: swin_feats.pkl
2024-05-19 13:10:38,146 - ood_audio_feats_path: wavlm_feats.pkl
2024-05-19 13:10:38,146 - audio_feats_path: wavlm_feats.pkl
2024-05-19 13:10:38,146 - results_path: results
2024-05-19 13:10:38,146 - output_path: /home/sharing/disk2/sjh/Outputs/OOD_MIntRec2/msz
2024-05-19 13:10:38,146 - model_path: models
2024-05-19 13:10:38,146 - config_file_name: msz_MIntRec2
2024-05-19 13:10:38,146 - results_file_name: results_msz_MIntRec2_ood.csv
2024-05-19 13:10:38,146 - text_pretrained_model: /home/sharing/disk1/pretrained_embedding/bert/uncased_L-12_H-768_A-12/
2024-05-19 13:10:38,146 - text_seq_len: 50
2024-05-19 13:10:38,146 - video_seq_len: 180
2024-05-19 13:10:38,146 - audio_seq_len: 400
2024-05-19 13:10:38,146 - text_feat_dim: 768
2024-05-19 13:10:38,146 - video_feat_dim: 256
2024-05-19 13:10:38,146 - audio_feat_dim: 768
2024-05-19 13:10:38,146 - ood_label_id: 30
2024-05-19 13:10:38,146 - num_labels: 30
2024-05-19 13:10:38,146 - num_train_examples: 6165
2024-05-19 13:10:38,146 - need_aligned: True
2024-05-19 13:10:38,146 - freeze_parameters: False
2024-05-19 13:10:38,146 - eval_monitor: acc
2024-05-19 13:10:38,146 - train_batch_size: 32
2024-05-19 13:10:38,146 - eval_batch_size: 16
2024-05-19 13:10:38,146 - num_train_epochs: 100
2024-05-19 13:10:38,146 - lr: [1e-05]
2024-05-19 13:10:38,146 - weight_decay: [0.1]
2024-05-19 13:10:38,146 - wait_patience: 3
2024-05-19 13:10:38,146 - warmup_proportion: [0.01]
2024-05-19 13:10:38,146 - hidden_dims: [768]
2024-05-19 13:10:38,146 - num_attention_heads: [4]
2024-05-19 13:10:38,146 - attention_probs_dropout_prob: [0.3]
2024-05-19 13:10:38,146 - hidden_dropout_prob: [0.3]
2024-05-19 13:10:38,146 - intermediate_size: [768]
2024-05-19 13:10:38,146 - num_hidden_layers: [6]
2024-05-19 13:10:38,146 - max_position_embeddings: [768]
2024-05-19 13:10:38,146 - position_embedding_type: absolute
2024-05-19 13:10:38,146 - batch_first: True
2024-05-19 13:10:38,146 - aligned_method: ['ctc']
2024-05-19 13:10:38,146 - sampler: ['dir']
2024-05-19 13:10:38,147 - multiple_ood: [1]
2024-05-19 13:10:38,147 - select_number_min: [2]
2024-05-19 13:10:38,147 - select_number_max: [3]
2024-05-19 13:10:38,147 - alpha: [2]
2024-05-19 13:10:38,147 - mlp_hidden_size: [256]
2024-05-19 13:10:38,147 - mlp_dropout: [0.3]
2024-05-19 13:10:38,147 - scale: [8]
2024-05-19 13:10:38,147 - pred_output_path: /home/sharing/disk2/sjh/Outputs/OOD_MIntRec2/msz/msz_MIntRec2_bert-base-uncased_multi-class_2
2024-05-19 13:10:38,147 - model_output_path: /home/sharing/disk2/sjh/Outputs/OOD_MIntRec2/msz/msz_MIntRec2_bert-base-uncased_multi-class_2/models
2024-05-19 13:10:38,147 - pretrained_save_model: /home/sharing/disk2/sjh/Outputs/OOD_MIntRec2/msz/binary_msz_MIntRec2_bert-base-uncased_2
2024-05-19 13:10:38,147 - device: cuda
2024-05-19 13:10:38,147 - ============================== End Params ==============================
2024-05-19 13:10:40,181 - Multimodal Intent Recognition begins...
2024-05-19 13:10:40,182 - Testing begins...
2024-05-19 13:11:07,928 - ***** Out-of-domain Evaluation results *****
2024-05-19 13:11:07,929 -   aupr_in = 0.787
2024-05-19 13:11:07,929 -   aupr_out = 0.541
2024-05-19 13:11:07,929 -   auroc = 0.6872
2024-05-19 13:11:07,929 -   der = 0.5406
2024-05-19 13:11:07,929 -   eer = 0.3651
2024-05-19 13:11:07,929 -   fpr95 = 0.8296
2024-05-19 13:11:07,929 - Testing is finished...
2024-05-19 13:11:07,929 - Multimodal intent recognition is finished...
2024-05-19 13:11:07,929 - Results are saved in results/results_msz_MIntRec2_ood.csv
2024-05-19 13:11:07,998 - ============================== Params ==============================
2024-05-19 13:11:07,998 - logger_name: msz_maxlogit_MIntRec2_multi-class_0
2024-05-19 13:11:07,998 - dataset: MIntRec2
2024-05-19 13:11:07,998 - ood_dataset: MIntRec2-OOD
2024-05-19 13:11:07,998 - data_mode: multi-class
2024-05-19 13:11:07,998 - multimodal_method: msz
2024-05-19 13:11:07,998 - method: msz
2024-05-19 13:11:07,998 - ood_detection_method: maxlogit
2024-05-19 13:11:07,998 - text_backbone: bert-base-uncased
2024-05-19 13:11:07,998 - seed: 3
2024-05-19 13:11:07,998 - num_workers: 8
2024-05-19 13:11:07,998 - log_id: msz_maxlogit_MIntRec2_multi-class_0_2024-05-19-13-09-11
2024-05-19 13:11:07,998 - gpu_id: 0
2024-05-19 13:11:07,998 - data_path: /home/sharing/disk2/sjh/intentDataset
2024-05-19 13:11:07,998 - train: False
2024-05-19 13:11:07,998 - tune: True
2024-05-19 13:11:07,998 - ood: True
2024-05-19 13:11:07,998 - save_model: False
2024-05-19 13:11:07,998 - save_results: True
2024-05-19 13:11:07,998 - log_path: logs
2024-05-19 13:11:07,998 - cache_path: cache
2024-05-19 13:11:07,998 - video_data_path: video_data
2024-05-19 13:11:07,998 - audio_data_path: audio_data
2024-05-19 13:11:07,998 - video_feats_path: swin_feats.pkl
2024-05-19 13:11:07,998 - ood_video_feats_path: swin_feats.pkl
2024-05-19 13:11:07,998 - ood_audio_feats_path: wavlm_feats.pkl
2024-05-19 13:11:07,998 - audio_feats_path: wavlm_feats.pkl
2024-05-19 13:11:07,998 - results_path: results
2024-05-19 13:11:07,998 - output_path: /home/sharing/disk2/sjh/Outputs/OOD_MIntRec2/msz
2024-05-19 13:11:07,998 - model_path: models
2024-05-19 13:11:07,998 - config_file_name: msz_MIntRec2
2024-05-19 13:11:07,998 - results_file_name: results_msz_MIntRec2_ood.csv
2024-05-19 13:11:07,998 - text_pretrained_model: /home/sharing/disk1/pretrained_embedding/bert/uncased_L-12_H-768_A-12/
2024-05-19 13:11:07,998 - text_seq_len: 50
2024-05-19 13:11:07,998 - video_seq_len: 180
2024-05-19 13:11:07,999 - audio_seq_len: 400
2024-05-19 13:11:07,999 - text_feat_dim: 768
2024-05-19 13:11:07,999 - video_feat_dim: 256
2024-05-19 13:11:07,999 - audio_feat_dim: 768
2024-05-19 13:11:07,999 - ood_label_id: 30
2024-05-19 13:11:07,999 - num_labels: 30
2024-05-19 13:11:07,999 - num_train_examples: 6165
2024-05-19 13:11:07,999 - need_aligned: True
2024-05-19 13:11:07,999 - freeze_parameters: False
2024-05-19 13:11:07,999 - eval_monitor: acc
2024-05-19 13:11:07,999 - train_batch_size: 32
2024-05-19 13:11:07,999 - eval_batch_size: 16
2024-05-19 13:11:07,999 - num_train_epochs: 100
2024-05-19 13:11:07,999 - lr: [1e-05]
2024-05-19 13:11:07,999 - weight_decay: [0.1]
2024-05-19 13:11:07,999 - wait_patience: 3
2024-05-19 13:11:07,999 - warmup_proportion: [0.01]
2024-05-19 13:11:07,999 - hidden_dims: [768]
2024-05-19 13:11:07,999 - num_attention_heads: [4]
2024-05-19 13:11:07,999 - attention_probs_dropout_prob: [0.3]
2024-05-19 13:11:07,999 - hidden_dropout_prob: [0.3]
2024-05-19 13:11:07,999 - intermediate_size: [768]
2024-05-19 13:11:07,999 - num_hidden_layers: [6]
2024-05-19 13:11:07,999 - max_position_embeddings: [768]
2024-05-19 13:11:07,999 - position_embedding_type: absolute
2024-05-19 13:11:07,999 - batch_first: True
2024-05-19 13:11:07,999 - aligned_method: ['ctc']
2024-05-19 13:11:07,999 - sampler: ['dir']
2024-05-19 13:11:07,999 - multiple_ood: [1]
2024-05-19 13:11:07,999 - select_number_min: [2]
2024-05-19 13:11:07,999 - select_number_max: [3]
2024-05-19 13:11:07,999 - alpha: [2]
2024-05-19 13:11:07,999 - mlp_hidden_size: [256]
2024-05-19 13:11:07,999 - mlp_dropout: [0.3]
2024-05-19 13:11:07,999 - scale: [8]
2024-05-19 13:11:07,999 - pred_output_path: /home/sharing/disk2/sjh/Outputs/OOD_MIntRec2/msz/msz_MIntRec2_bert-base-uncased_multi-class_3
2024-05-19 13:11:07,999 - model_output_path: /home/sharing/disk2/sjh/Outputs/OOD_MIntRec2/msz/msz_MIntRec2_bert-base-uncased_multi-class_3/models
2024-05-19 13:11:07,999 - pretrained_save_model: /home/sharing/disk2/sjh/Outputs/OOD_MIntRec2/msz/binary_msz_MIntRec2_bert-base-uncased_3
2024-05-19 13:11:07,999 - device: cuda
2024-05-19 13:11:07,999 - ============================== End Params ==============================
2024-05-19 13:11:10,007 - Multimodal Intent Recognition begins...
2024-05-19 13:11:10,007 - Testing begins...
2024-05-19 13:11:37,852 - ***** Out-of-domain Evaluation results *****
2024-05-19 13:11:37,852 -   aupr_in = 0.7774
2024-05-19 13:11:37,852 -   aupr_out = 0.5337
2024-05-19 13:11:37,852 -   auroc = 0.682
2024-05-19 13:11:37,852 -   der = 0.5679
2024-05-19 13:11:37,852 -   eer = 0.3676
2024-05-19 13:11:37,852 -   fpr95 = 0.873
2024-05-19 13:11:37,852 - Testing is finished...
2024-05-19 13:11:37,852 - Multimodal intent recognition is finished...
2024-05-19 13:11:37,853 - Results are saved in results/results_msz_MIntRec2_ood.csv
2024-05-19 13:11:37,925 - ============================== Params ==============================
2024-05-19 13:11:37,925 - logger_name: msz_maxlogit_MIntRec2_multi-class_0
2024-05-19 13:11:37,925 - dataset: MIntRec2
2024-05-19 13:11:37,925 - ood_dataset: MIntRec2-OOD
2024-05-19 13:11:37,925 - data_mode: multi-class
2024-05-19 13:11:37,925 - multimodal_method: msz
2024-05-19 13:11:37,925 - method: msz
2024-05-19 13:11:37,925 - ood_detection_method: maxlogit
2024-05-19 13:11:37,925 - text_backbone: bert-base-uncased
2024-05-19 13:11:37,925 - seed: 4
2024-05-19 13:11:37,925 - num_workers: 8
2024-05-19 13:11:37,925 - log_id: msz_maxlogit_MIntRec2_multi-class_0_2024-05-19-13-09-11
2024-05-19 13:11:37,925 - gpu_id: 0
2024-05-19 13:11:37,925 - data_path: /home/sharing/disk2/sjh/intentDataset
2024-05-19 13:11:37,925 - train: False
2024-05-19 13:11:37,925 - tune: True
2024-05-19 13:11:37,925 - ood: True
2024-05-19 13:11:37,925 - save_model: False
2024-05-19 13:11:37,925 - save_results: True
2024-05-19 13:11:37,925 - log_path: logs
2024-05-19 13:11:37,925 - cache_path: cache
2024-05-19 13:11:37,925 - video_data_path: video_data
2024-05-19 13:11:37,925 - audio_data_path: audio_data
2024-05-19 13:11:37,925 - video_feats_path: swin_feats.pkl
2024-05-19 13:11:37,925 - ood_video_feats_path: swin_feats.pkl
2024-05-19 13:11:37,925 - ood_audio_feats_path: wavlm_feats.pkl
2024-05-19 13:11:37,925 - audio_feats_path: wavlm_feats.pkl
2024-05-19 13:11:37,925 - results_path: results
2024-05-19 13:11:37,925 - output_path: /home/sharing/disk2/sjh/Outputs/OOD_MIntRec2/msz
2024-05-19 13:11:37,925 - model_path: models
2024-05-19 13:11:37,925 - config_file_name: msz_MIntRec2
2024-05-19 13:11:37,925 - results_file_name: results_msz_MIntRec2_ood.csv
2024-05-19 13:11:37,925 - text_pretrained_model: /home/sharing/disk1/pretrained_embedding/bert/uncased_L-12_H-768_A-12/
2024-05-19 13:11:37,925 - text_seq_len: 50
2024-05-19 13:11:37,925 - video_seq_len: 180
2024-05-19 13:11:37,925 - audio_seq_len: 400
2024-05-19 13:11:37,925 - text_feat_dim: 768
2024-05-19 13:11:37,925 - video_feat_dim: 256
2024-05-19 13:11:37,925 - audio_feat_dim: 768
2024-05-19 13:11:37,925 - ood_label_id: 30
2024-05-19 13:11:37,925 - num_labels: 30
2024-05-19 13:11:37,925 - num_train_examples: 6165
2024-05-19 13:11:37,926 - need_aligned: True
2024-05-19 13:11:37,926 - freeze_parameters: False
2024-05-19 13:11:37,926 - eval_monitor: acc
2024-05-19 13:11:37,926 - train_batch_size: 32
2024-05-19 13:11:37,926 - eval_batch_size: 16
2024-05-19 13:11:37,926 - num_train_epochs: 100
2024-05-19 13:11:37,926 - lr: [1e-05]
2024-05-19 13:11:37,926 - weight_decay: [0.1]
2024-05-19 13:11:37,926 - wait_patience: 3
2024-05-19 13:11:37,926 - warmup_proportion: [0.01]
2024-05-19 13:11:37,926 - hidden_dims: [768]
2024-05-19 13:11:37,926 - num_attention_heads: [4]
2024-05-19 13:11:37,926 - attention_probs_dropout_prob: [0.3]
2024-05-19 13:11:37,926 - hidden_dropout_prob: [0.3]
2024-05-19 13:11:37,926 - intermediate_size: [768]
2024-05-19 13:11:37,926 - num_hidden_layers: [6]
2024-05-19 13:11:37,926 - max_position_embeddings: [768]
2024-05-19 13:11:37,926 - position_embedding_type: absolute
2024-05-19 13:11:37,926 - batch_first: True
2024-05-19 13:11:37,926 - aligned_method: ['ctc']
2024-05-19 13:11:37,926 - sampler: ['dir']
2024-05-19 13:11:37,926 - multiple_ood: [1]
2024-05-19 13:11:37,926 - select_number_min: [2]
2024-05-19 13:11:37,926 - select_number_max: [3]
2024-05-19 13:11:37,926 - alpha: [2]
2024-05-19 13:11:37,926 - mlp_hidden_size: [256]
2024-05-19 13:11:37,926 - mlp_dropout: [0.3]
2024-05-19 13:11:37,926 - scale: [8]
2024-05-19 13:11:37,926 - pred_output_path: /home/sharing/disk2/sjh/Outputs/OOD_MIntRec2/msz/msz_MIntRec2_bert-base-uncased_multi-class_4
2024-05-19 13:11:37,926 - model_output_path: /home/sharing/disk2/sjh/Outputs/OOD_MIntRec2/msz/msz_MIntRec2_bert-base-uncased_multi-class_4/models
2024-05-19 13:11:37,926 - pretrained_save_model: /home/sharing/disk2/sjh/Outputs/OOD_MIntRec2/msz/binary_msz_MIntRec2_bert-base-uncased_4
2024-05-19 13:11:37,926 - device: cuda
2024-05-19 13:11:37,926 - ============================== End Params ==============================
2024-05-19 13:11:39,914 - Multimodal Intent Recognition begins...
2024-05-19 13:11:39,914 - Testing begins...
2024-05-19 13:12:07,638 - ***** Out-of-domain Evaluation results *****
2024-05-19 13:12:07,638 -   aupr_in = 0.7718
2024-05-19 13:12:07,638 -   aupr_out = 0.5225
2024-05-19 13:12:07,638 -   auroc = 0.6731
2024-05-19 13:12:07,638 -   der = 0.564
2024-05-19 13:12:07,638 -   eer = 0.3784
2024-05-19 13:12:07,639 -   fpr95 = 0.8672
2024-05-19 13:12:07,639 - Testing is finished...
2024-05-19 13:12:07,639 - Multimodal intent recognition is finished...
2024-05-19 13:12:07,639 - Results are saved in results/results_msz_MIntRec2_ood.csv
