2024-05-18 04:19:45,777 - Lists of intent labels are: ['Complain', 'Praise', 'Apologise', 'Thank', 'Criticize', 'Agree', 'Taunt', 'Flaunt', 'Joke', 'Oppose', 'Comfort', 'Care', 'Inform', 'Advise', 'Arrange', 'Introduce', 'Leave', 'Prevent', 'Greet', 'Ask for help']
2024-05-18 04:19:45,777 - ID Data preparation...
2024-05-18 04:19:52,557 - OOD Data preparation...
2024-05-18 04:19:53,971 - ============================== Params ==============================
2024-05-18 04:19:53,972 - logger_name: msz_residual_MIntRec_multi-class_0
2024-05-18 04:19:53,972 - dataset: MIntRec
2024-05-18 04:19:53,972 - ood_dataset: MIntRec-OOD
2024-05-18 04:19:53,972 - data_mode: multi-class
2024-05-18 04:19:53,972 - multimodal_method: msz
2024-05-18 04:19:53,972 - method: msz
2024-05-18 04:19:53,972 - ood_detection_method: residual
2024-05-18 04:19:53,972 - text_backbone: bert-base-uncased
2024-05-18 04:19:53,972 - seed: 4
2024-05-18 04:19:53,972 - num_workers: 8
2024-05-18 04:19:53,972 - log_id: msz_residual_MIntRec_multi-class_0_2024-05-18-04-19-45
2024-05-18 04:19:53,972 - gpu_id: 3
2024-05-18 04:19:53,972 - data_path: /home/sharing/disk2/sjh/intentDataset
2024-05-18 04:19:53,972 - train: False
2024-05-18 04:19:53,972 - tune: True
2024-05-18 04:19:53,972 - ood: True
2024-05-18 04:19:53,972 - save_model: False
2024-05-18 04:19:53,972 - save_results: True
2024-05-18 04:19:53,972 - log_path: logs
2024-05-18 04:19:53,972 - cache_path: cache
2024-05-18 04:19:53,972 - video_data_path: video_data
2024-05-18 04:19:53,972 - audio_data_path: audio_data
2024-05-18 04:19:53,972 - video_feats_path: swin_feats.pkl
2024-05-18 04:19:53,972 - ood_video_feats_path: swin_feats.pkl
2024-05-18 04:19:53,972 - ood_audio_feats_path: wavlm_feats.pkl
2024-05-18 04:19:53,972 - audio_feats_path: wavlm_feats.pkl
2024-05-18 04:19:53,972 - results_path: results
2024-05-18 04:19:53,972 - output_path: /home/sharing/disk2/sjh/Outputs/OOD_MIntRec/dir_msz
2024-05-18 04:19:53,972 - model_path: models
2024-05-18 04:19:53,972 - config_file_name: msz_MIntRec
2024-05-18 04:19:53,972 - results_file_name: results_msz_MIntRec.csv
2024-05-18 04:19:53,972 - text_pretrained_model: /home/sharing/disk1/pretrained_embedding/bert/uncased_L-12_H-768_A-12/
2024-05-18 04:19:53,972 - text_seq_len: 30
2024-05-18 04:19:53,972 - video_seq_len: 230
2024-05-18 04:19:53,972 - audio_seq_len: 480
2024-05-18 04:19:53,972 - text_feat_dim: 768
2024-05-18 04:19:53,972 - video_feat_dim: 1024
2024-05-18 04:19:53,972 - audio_feat_dim: 768
2024-05-18 04:19:53,972 - ood_label_id: 20
2024-05-18 04:19:53,972 - num_labels: 20
2024-05-18 04:19:53,972 - num_train_examples: 1334
2024-05-18 04:19:53,972 - need_aligned: True
2024-05-18 04:19:53,973 - freeze_parameters: False
2024-05-18 04:19:53,973 - eval_monitor: acc
2024-05-18 04:19:53,973 - train_batch_size: 32
2024-05-18 04:19:53,973 - eval_batch_size: 16
2024-05-18 04:19:53,973 - num_train_epochs: 100
2024-05-18 04:19:53,973 - lr: [2e-05]
2024-05-18 04:19:53,973 - weight_decay: [0.1]
2024-05-18 04:19:53,973 - wait_patience: 5
2024-05-18 04:19:53,973 - warmup_proportion: [0.1]
2024-05-18 04:19:53,973 - hidden_dims: [768]
2024-05-18 04:19:53,973 - num_attention_heads: [4]
2024-05-18 04:19:53,973 - attention_probs_dropout_prob: [0.3]
2024-05-18 04:19:53,973 - hidden_dropout_prob: [0.1]
2024-05-18 04:19:53,973 - intermediate_size: [768]
2024-05-18 04:19:53,973 - num_hidden_layers: [4]
2024-05-18 04:19:53,973 - max_position_embeddings: [900]
2024-05-18 04:19:53,973 - position_embedding_type: absolute
2024-05-18 04:19:53,973 - batch_first: True
2024-05-18 04:19:53,973 - aligned_method: ['ctc']
2024-05-18 04:19:53,973 - sampler: ['dir']
2024-05-18 04:19:53,973 - multiple_ood: [1]
2024-05-18 04:19:53,973 - select_number_min: [2]
2024-05-18 04:19:53,973 - select_number_max: [3]
2024-05-18 04:19:53,973 - alpha: [4]
2024-05-18 04:19:53,973 - mlp_hidden_size: [256]
2024-05-18 04:19:53,973 - mlp_dropout: [0.3]
2024-05-18 04:19:53,973 - scale: [16]
2024-05-18 04:19:53,973 - pred_output_path: /home/sharing/disk2/sjh/Outputs/OOD_MIntRec/dir_msz/msz_MIntRec_bert-base-uncased_multi-class_4
2024-05-18 04:19:53,973 - model_output_path: /home/sharing/disk2/sjh/Outputs/OOD_MIntRec/dir_msz/msz_MIntRec_bert-base-uncased_multi-class_4/models
2024-05-18 04:19:53,973 - pretrained_save_model: /home/sharing/disk2/sjh/Outputs/OOD_MIntRec/dir_msz/binary_msz_MIntRec_bert-base-uncased_4
2024-05-18 04:19:53,973 - ============================== End Params ==============================
2024-05-18 04:19:57,438 - Multimodal Intent Recognition begins...
2024-05-18 04:19:57,438 - Testing begins...
2024-05-18 04:20:11,697 - ***** Out-of-domain Evaluation results *****
2024-05-18 04:20:11,698 -   aupr_in = 0.8117
2024-05-18 04:20:11,698 -   aupr_out = 0.8047
2024-05-18 04:20:11,698 -   auroc = 0.8053
2024-05-18 04:20:11,699 -   der = 0.3674
2024-05-18 04:20:11,699 -   eer = 0.2867
2024-05-18 04:20:11,699 -   fpr95 = 0.6911
2024-05-18 04:20:11,699 - Testing is finished...
2024-05-18 04:20:11,700 - Multimodal intent recognition is finished...
2024-05-18 04:20:11,700 - Results are saved in results/results_msz_MIntRec.csv
