2024-04-13 07:29:31,458 - Lists of intent labels are: ['Acknowledge', 'Advise', 'Agree', 'Apologise', 'Arrange', 'Ask for help', 'Asking for opinions', 'Care', 'Comfort', 'Complain', 'Confirm', 'Criticize', 'Doubt', 'Emphasize', 'Explain', 'Flaunt', 'Greet', 'Inform', 'Introduce', 'Invite', 'Joke', 'Leave', 'Oppose', 'Plan', 'Praise', 'Prevent', 'Refuse', 'Taunt', 'Thank', 'Warn']
2024-04-13 07:29:31,458 - ID Data preparation...
2024-04-13 07:33:28,117 - OOD Data preparation...
2024-04-13 07:35:19,592 - ============================== Params ==============================
2024-04-13 07:35:19,592 - logger_name: msz_ma_MIntRec2_multi-class_0
2024-04-13 07:35:19,592 - dataset: MIntRec2
2024-04-13 07:35:19,592 - ood_dataset: MIntRec2-OOD
2024-04-13 07:35:19,592 - data_mode: multi-class
2024-04-13 07:35:19,592 - multimodal_method: msz
2024-04-13 07:35:19,592 - method: msz
2024-04-13 07:35:19,592 - ood_detection_method: ma
2024-04-13 07:35:19,592 - text_backbone: bert-base-uncased
2024-04-13 07:35:19,592 - seed: 0
2024-04-13 07:35:19,592 - num_workers: 8
2024-04-13 07:35:19,592 - log_id: msz_ma_MIntRec2_multi-class_0_2024-04-13-07-29-31
2024-04-13 07:35:19,592 - gpu_id: 2
2024-04-13 07:35:19,592 - data_path: /home/sharing/disk2/sjh/intentDataset
2024-04-13 07:35:19,592 - train: True
2024-04-13 07:35:19,592 - tune: True
2024-04-13 07:35:19,592 - ood: True
2024-04-13 07:35:19,592 - save_model: False
2024-04-13 07:35:19,592 - save_results: True
2024-04-13 07:35:19,592 - log_path: logs
2024-04-13 07:35:19,593 - cache_path: cache
2024-04-13 07:35:19,593 - video_data_path: video_data
2024-04-13 07:35:19,593 - audio_data_path: audio_data
2024-04-13 07:35:19,593 - video_feats_path: swin_feats.pkl
2024-04-13 07:35:19,593 - ood_video_feats_path: swin_feats.pkl
2024-04-13 07:35:19,593 - ood_audio_feats_path: wavlm_feats.pkl
2024-04-13 07:35:19,593 - audio_feats_path: wavlm_feats.pkl
2024-04-13 07:35:19,593 - results_path: results
2024-04-13 07:35:19,593 - output_path: /home/sharing/disk2/sjh/Outputs/OOD_MIntRec2/msz
2024-04-13 07:35:19,593 - model_path: models
2024-04-13 07:35:19,593 - config_file_name: msz_MIntRec2
2024-04-13 07:35:19,593 - results_file_name: results_msz_MIntRec2.csv
2024-04-13 07:35:19,593 - text_pretrained_model: /home/sharing/disk1/pretrained_embedding/bert/uncased_L-12_H-768_A-12/
2024-04-13 07:35:19,593 - text_seq_len: 50
2024-04-13 07:35:19,593 - video_seq_len: 180
2024-04-13 07:35:19,593 - audio_seq_len: 400
2024-04-13 07:35:19,593 - text_feat_dim: 768
2024-04-13 07:35:19,593 - video_feat_dim: 256
2024-04-13 07:35:19,593 - audio_feat_dim: 768
2024-04-13 07:35:19,593 - ood_label_id: 30
2024-04-13 07:35:19,593 - num_labels: 30
2024-04-13 07:35:19,593 - num_train_examples: 6165
2024-04-13 07:35:19,593 - need_aligned: True
2024-04-13 07:35:19,593 - freeze_parameters: False
2024-04-13 07:35:19,593 - eval_monitor: f1
2024-04-13 07:35:19,593 - train_batch_size: 32
2024-04-13 07:35:19,593 - eval_batch_size: 16
2024-04-13 07:35:19,593 - num_train_epochs: 100
2024-04-13 07:35:19,593 - lr: [2e-05]
2024-04-13 07:35:19,593 - weight_decay: [0.1]
2024-04-13 07:35:19,593 - wait_patience: 5
2024-04-13 07:35:19,593 - warmup_proportion: [0.1]
2024-04-13 07:35:19,593 - hidden_dims: [768]
2024-04-13 07:35:19,593 - num_attention_heads: [4]
2024-04-13 07:35:19,593 - attention_probs_dropout_prob: [0.3]
2024-04-13 07:35:19,593 - hidden_dropout_prob: [0.1]
2024-04-13 07:35:19,593 - intermediate_size: [768]
2024-04-13 07:35:19,593 - num_hidden_layers: [4]
2024-04-13 07:35:19,594 - max_position_embeddings: [900]
2024-04-13 07:35:19,594 - position_embedding_type: absolute
2024-04-13 07:35:19,594 - batch_first: True
2024-04-13 07:35:19,594 - aligned_method: ['ctc']
2024-04-13 07:35:19,594 - multiple_ood: [1]
2024-04-13 07:35:19,594 - select_number_min: [2]
2024-04-13 07:35:19,594 - select_number_max: [3]
2024-04-13 07:35:19,594 - mlp_hidden_size: [256]
2024-04-13 07:35:19,594 - mlp_dropout: [0.3]
2024-04-13 07:35:19,594 - alpha: [4]
2024-04-13 07:35:19,594 - scale: [16]
2024-04-13 07:35:19,594 - pred_output_path: /home/sharing/disk2/sjh/Outputs/OOD_MIntRec2/msz/msz_MIntRec2_bert-base-uncased_multi-class_0
2024-04-13 07:35:19,594 - model_output_path: /home/sharing/disk2/sjh/Outputs/OOD_MIntRec2/msz/msz_MIntRec2_bert-base-uncased_multi-class_0/models
2024-04-13 07:35:19,594 - pretrained_save_model: /home/sharing/disk2/sjh/Outputs/OOD_MIntRec2/msz/binary_msz_MIntRec2_bert-base-uncased_0
2024-04-13 07:35:19,594 - ============================== End Params ==============================
2024-04-13 07:35:29,310 - Multimodal Intent Recognition begins...
2024-04-13 07:35:29,310 - Training begins...
