2024-05-18 03:12:21,585 - Lists of intent labels are: ['Acknowledge', 'Advise', 'Agree', 'Apologise', 'Arrange', 'Ask for help', 'Asking for opinions', 'Care', 'Comfort', 'Complain', 'Confirm', 'Criticize', 'Doubt', 'Emphasize', 'Explain', 'Flaunt', 'Greet', 'Inform', 'Introduce', 'Invite', 'Joke', 'Leave', 'Oppose', 'Plan', 'Praise', 'Prevent', 'Refuse', 'Taunt', 'Thank', 'Warn']
2024-05-18 03:12:21,585 - ID Data preparation...
2024-05-18 03:12:40,886 - OOD Data preparation...
2024-05-18 03:12:44,324 - ============================== Params ==============================
2024-05-18 03:12:44,324 - logger_name: mult_maxlogit_MIntRec2_multi-class_0
2024-05-18 03:12:44,324 - dataset: MIntRec2
2024-05-18 03:12:44,324 - ood_dataset: MIntRec2-OOD
2024-05-18 03:12:44,324 - data_mode: multi-class
2024-05-18 03:12:44,324 - multimodal_method: mult
2024-05-18 03:12:44,324 - method: mult
2024-05-18 03:12:44,324 - ood_detection_method: maxlogit
2024-05-18 03:12:44,324 - text_backbone: bert-base-uncased
2024-05-18 03:12:44,324 - seed: 0
2024-05-18 03:12:44,324 - num_workers: 8
2024-05-18 03:12:44,324 - log_id: mult_maxlogit_MIntRec2_multi-class_0_2024-05-18-03-12-21
2024-05-18 03:12:44,324 - gpu_id: 3
2024-05-18 03:12:44,324 - data_path: /home/sharing/disk2/sjh/intentDataset
2024-05-18 03:12:44,325 - train: False
2024-05-18 03:12:44,325 - tune: True
2024-05-18 03:12:44,325 - ood: True
2024-05-18 03:12:44,325 - save_model: False
2024-05-18 03:12:44,325 - save_results: True
2024-05-18 03:12:44,325 - log_path: logs
2024-05-18 03:12:44,325 - cache_path: cache
2024-05-18 03:12:44,325 - video_data_path: video_data
2024-05-18 03:12:44,325 - audio_data_path: audio_data
2024-05-18 03:12:44,325 - video_feats_path: swin_feats.pkl
2024-05-18 03:12:44,325 - ood_video_feats_path: swin_feats.pkl
2024-05-18 03:12:44,325 - ood_audio_feats_path: wavlm_feats.pkl
2024-05-18 03:12:44,325 - audio_feats_path: wavlm_feats.pkl
2024-05-18 03:12:44,325 - results_path: results
2024-05-18 03:12:44,325 - output_path: /home/sharing/disk2/sjh/Outputs/OOD_MIntRec2/mult
2024-05-18 03:12:44,325 - model_path: models
2024-05-18 03:12:44,325 - config_file_name: mult_MIntRec2
2024-05-18 03:12:44,325 - results_file_name: results_mult_MIntRec2_ood.csv
2024-05-18 03:12:44,325 - text_pretrained_model: /home/sharing/disk1/pretrained_embedding/bert/uncased_L-12_H-768_A-12/
2024-05-18 03:12:44,325 - text_seq_len: 50
2024-05-18 03:12:44,325 - video_seq_len: 180
2024-05-18 03:12:44,325 - audio_seq_len: 400
2024-05-18 03:12:44,325 - text_feat_dim: 768
2024-05-18 03:12:44,325 - video_feat_dim: 256
2024-05-18 03:12:44,325 - audio_feat_dim: 768
2024-05-18 03:12:44,325 - ood_label_id: 30
2024-05-18 03:12:44,325 - num_labels: 30
2024-05-18 03:12:44,325 - num_train_examples: 6165
2024-05-18 03:12:44,325 - padding_mode: zero
2024-05-18 03:12:44,325 - padding_loc: end
2024-05-18 03:12:44,325 - need_aligned: False
2024-05-18 03:12:44,325 - eval_monitor: acc
2024-05-18 03:12:44,325 - train_batch_size: 32
2024-05-18 03:12:44,325 - eval_batch_size: 16
2024-05-18 03:12:44,325 - test_batch_size: 16
2024-05-18 03:12:44,325 - wait_patience: 3
2024-05-18 03:12:44,325 - num_train_epochs: 100
2024-05-18 03:12:44,325 - dst_feature_dims: [80]
2024-05-18 03:12:44,325 - nheads: [4]
2024-05-18 03:12:44,325 - n_levels: [8]
2024-05-18 03:12:44,325 - attn_dropout: [0.0]
2024-05-18 03:12:44,325 - attn_dropout_v: [0.2]
2024-05-18 03:12:44,325 - attn_dropout_a: [0.2]
2024-05-18 03:12:44,325 - relu_dropout: [0.0]
2024-05-18 03:12:44,325 - embed_dropout: [0.1]
2024-05-18 03:12:44,325 - res_dropout: [0.0]
2024-05-18 03:12:44,326 - output_dropout: [0.2]
2024-05-18 03:12:44,326 - text_dropout: [0.4]
2024-05-18 03:12:44,326 - grad_clip: 0.5
2024-05-18 03:12:44,326 - attn_mask: True
2024-05-18 03:12:44,326 - conv1d_kernel_size_l: [5]
2024-05-18 03:12:44,326 - conv1d_kernel_size_v: [1]
2024-05-18 03:12:44,326 - conv1d_kernel_size_a: [1]
2024-05-18 03:12:44,326 - lr: [3e-05]
2024-05-18 03:12:44,326 - scale: 20
2024-05-18 03:12:44,326 - pred_output_path: /home/sharing/disk2/sjh/Outputs/OOD_MIntRec2/mult/mult_MIntRec2_bert-base-uncased_multi-class_0
2024-05-18 03:12:44,326 - model_output_path: /home/sharing/disk2/sjh/Outputs/OOD_MIntRec2/mult/mult_MIntRec2_bert-base-uncased_multi-class_0/models
2024-05-18 03:12:44,326 - pretrained_save_model: /home/sharing/disk2/sjh/Outputs/OOD_MIntRec2/mult/binary_mult_MIntRec2_bert-base-uncased_0
2024-05-18 03:12:44,326 - ============================== End Params ==============================
2024-05-18 03:12:47,654 - Multimodal Intent Recognition begins...
2024-05-18 03:12:47,654 - Testing begins...
2024-05-18 03:13:07,997 - ***** Test: Confusion Matrix *****
2024-05-18 03:13:07,999 - [[ 46   0  15   0   0   0   0   0   0   0   2   0   0   1   0   0   0   1
    0   0   0   1   0   0   2   0   0   0   0   0   0]
 [  0  52   0   0   7   1   5   0   4   0   1   0   3   0   6   0   0   7
    0   2   0   0   1   0   2   0   0   5   0   1   0]
 [  9   0  43   0   2   0   0   0   0   0   1   0   0   2   0   0   0   3
    0   0   0   0   0   1   2   0   0   1   0   0   0]
 [  0   0   0  62   0   0   0   1   0   0   0   0   0   0   2   0   0   0
    0   0   0   0   0   0   0   0   0   0   0   0   0]
 [  0   3   0   0  33   0   0   0   1   0   0   0   0   0   0   0   0   7
    0   0   0   3   0   1   1   0   0   0   1   1   0]
 [  0   1   0   0   1  20   1   1   0   1   2   0   0   0   1   0   0   5
    0   0   1   0   0   1   0   0   1   0   0   1   0]
 [  0   1   0   0   0   3  27   7   0   2   0   0   8   0   0   0   0   0
    0   0   0   0   0   0   0   0   0   0   0   0   0]
 [  0   1   0   0   0   0   7  24   0   2   5   0   6   0   0   0   1   0
    0   0   0   0   1   0   0   0   0   0   0   0   0]
 [  1   1   1   3   1   0   0   0  21   0   0   1   1   1   7   0   0   4
    0   0   0   0   3   0   2   0   1   1   0   0   0]
 [  0   0   1   0   0   0   0   0   4  48   0   5   9   0  11   1   0   6
    3   0   2   3   3   1   1   1   0   6   0   2   0]
 [  2   0   0   0   0   3   1   4   0   0  40   0  33   0   2   0   0   1
    0   3   2   0   0   0   1   0   0   1   0   0   0]
 [  0   0   0   0   0   0   1   0   0   5   0  18   9   0   2   0   0   2
    1   0   2   0   2   0   0   0   0   4   0   1   0]
 [  0   2   0   0   0   0   9   5   2   2  20   1  90   0   0   0   2   0
    0   0   0   0   0   0   0   0   0   2   0   0   0]
 [  0   0   1   0   1   0   0   0   0   2   0   0   0   0   5   2   0   3
    2   0   1   0   0   0   0   0   0   0   0   0   0]
 [  0   3   1   0   0   1   0   1   4   7   1   0   2   2 127   1   0  23
    1   0   1   1   9   0   3   0   0   5   0   0   0]
 [  0   0   1   0   0   0   0   0   0   3   0   0   0   1   2   6   0   3
    2   0   1   1   0   0   0   0   0   1   1   0   0]
 [  0   0   0   0   1   0   1   2   0   0   1   0   1   0   0   1  54   0
    5   0   0   0   0   0   0   0   0   0   0   0   0]
 [  0   5   2   0   8   2   0   0   2  10   0   0   1   1  19   2   2 122
    7   0   3   7   5   8   0   1   2   5   1   2   0]
 [  0   1   0   0   1   0   0   0   0   3   2   0   0   3   9   0   1   8
   27   1   3   0   0   0   0   0   0   1   0   0   0]
 [  0   5   0   0   0   0   2   0   0   0   2   0   0   0   0   0   0   0
    0   6   0   2   0   0   0   0   0   0   0   0   0]
 [  0   1   2   0   1   0   0   0   0   2   0   0   1   0   6   1   0   5
    4   0   2   0   0   1   0   0   0   3   0   0   0]
 [  6   1   1   0   0   0   0   0   0   2   0   0   0   0   1   0   4   1
    1   1   1  25   2   4   0   0   0   1   0   2   0]
 [  0   0   1   0   0   0   0   0   1   4   0   3   0   0  12   0   0   6
    0   0   1   1  78   0   0   3   6   0   0   1   0]
 [  0   1   1   0   1   0   0   0   0   1   0   0   0   0   0   0   0   9
    0   0   0   1   0  23   0   0   0   1   0   0   0]
 [  1   0   3   0   0   0   0   0   0   1   1   3   0   0   3   2   0   2
    1   0   0   0   1   1  84   0   0   9   1   0   0]
 [  1   0   0   0   0   0   0   0   0   0   0   0   0   0   0   0   0   2
    0   0   0   0   1   0   1  24   0   0   0   2   0]
 [  0   0   0   0   0   0   0   0   1   1   0   0   0   0   3   0   0   4
    0   0   0   1   2   0   0   0   3   0   2   0   0]
 [  0   4   1   0   0   0   0   0   3   5   1   3   5   1   5   0   0   2
    0   0   2   0   2   0   9   1   0  12   1   1   0]
 [  0   0   0   0   0   0   0   0   0   0   0   0   0   0   0   0   1   0
    0   0   0   0   0   0   0   0   0   0  57   0   0]
 [  0   1   0   0   0   0   0   0   4   0   1   2   0   0   0   0   0   3
    1   0   0   0   0   0   0   1   0   1   0   5   0]
 [ 55  32  49   3  21   7  22   3  38  97  18  25  40  39 159  27  13 167
   58  12  43  22  65  23  56   7   6  77   4   9   0]]
2024-05-18 03:13:08,000 - ***** In-domain Evaluation results *****
2024-05-18 03:13:08,000 -   acc = 0.365
2024-05-18 03:13:08,000 -   f1 = 0.4126
2024-05-18 03:13:08,000 -   prec = 0.358
2024-05-18 03:13:08,000 -   rec = 0.501
2024-05-18 03:13:08,000 -   weighted_f1 = 0.2922
2024-05-18 03:13:08,000 -   weighted_prec = 0.2486
2024-05-18 03:13:08,000 -   weighted_rec = 0.365
2024-05-18 03:13:25,829 - ***** Out-of-domain Evaluation results *****
2024-05-18 03:13:25,829 -   aupr_in = 0.7478
2024-05-18 03:13:25,829 -   aupr_out = 0.5227
2024-05-18 03:13:25,829 -   auroc = 0.664
2024-05-18 03:13:25,829 -   der = 0.5689
2024-05-18 03:13:25,829 -   eer = 0.3801
2024-05-18 03:13:25,829 -   fpr95 = 0.8747
2024-05-18 03:13:25,829 - Testing is finished...
2024-05-18 03:13:25,829 - Multimodal intent recognition is finished...
2024-05-18 03:13:25,829 - Results are saved in results/results_mult_MIntRec2_ood.csv
2024-05-18 03:13:25,872 - ============================== Params ==============================
2024-05-18 03:13:25,873 - logger_name: mult_maxlogit_MIntRec2_multi-class_0
2024-05-18 03:13:25,873 - dataset: MIntRec2
2024-05-18 03:13:25,873 - ood_dataset: MIntRec2-OOD
2024-05-18 03:13:25,873 - data_mode: multi-class
2024-05-18 03:13:25,873 - multimodal_method: mult
2024-05-18 03:13:25,873 - method: mult
2024-05-18 03:13:25,873 - ood_detection_method: maxlogit
2024-05-18 03:13:25,873 - text_backbone: bert-base-uncased
2024-05-18 03:13:25,873 - seed: 1
2024-05-18 03:13:25,873 - num_workers: 8
2024-05-18 03:13:25,873 - log_id: mult_maxlogit_MIntRec2_multi-class_0_2024-05-18-03-12-21
2024-05-18 03:13:25,873 - gpu_id: 3
2024-05-18 03:13:25,873 - data_path: /home/sharing/disk2/sjh/intentDataset
2024-05-18 03:13:25,873 - train: False
2024-05-18 03:13:25,873 - tune: True
2024-05-18 03:13:25,873 - ood: True
2024-05-18 03:13:25,873 - save_model: False
2024-05-18 03:13:25,873 - save_results: True
2024-05-18 03:13:25,873 - log_path: logs
2024-05-18 03:13:25,873 - cache_path: cache
2024-05-18 03:13:25,873 - video_data_path: video_data
2024-05-18 03:13:25,873 - audio_data_path: audio_data
2024-05-18 03:13:25,873 - video_feats_path: swin_feats.pkl
2024-05-18 03:13:25,873 - ood_video_feats_path: swin_feats.pkl
2024-05-18 03:13:25,873 - ood_audio_feats_path: wavlm_feats.pkl
2024-05-18 03:13:25,873 - audio_feats_path: wavlm_feats.pkl
2024-05-18 03:13:25,873 - results_path: results
2024-05-18 03:13:25,873 - output_path: /home/sharing/disk2/sjh/Outputs/OOD_MIntRec2/mult
2024-05-18 03:13:25,873 - model_path: models
2024-05-18 03:13:25,873 - config_file_name: mult_MIntRec2
2024-05-18 03:13:25,873 - results_file_name: results_mult_MIntRec2_ood.csv
2024-05-18 03:13:25,873 - text_pretrained_model: /home/sharing/disk1/pretrained_embedding/bert/uncased_L-12_H-768_A-12/
2024-05-18 03:13:25,873 - text_seq_len: 50
2024-05-18 03:13:25,873 - video_seq_len: 180
2024-05-18 03:13:25,873 - audio_seq_len: 400
2024-05-18 03:13:25,873 - text_feat_dim: 768
2024-05-18 03:13:25,873 - video_feat_dim: 256
2024-05-18 03:13:25,873 - audio_feat_dim: 768
2024-05-18 03:13:25,873 - ood_label_id: 30
2024-05-18 03:13:25,873 - num_labels: 30
2024-05-18 03:13:25,873 - num_train_examples: 6165
2024-05-18 03:13:25,873 - padding_mode: zero
2024-05-18 03:13:25,874 - padding_loc: end
2024-05-18 03:13:25,874 - need_aligned: False
2024-05-18 03:13:25,874 - eval_monitor: acc
2024-05-18 03:13:25,874 - train_batch_size: 32
2024-05-18 03:13:25,874 - eval_batch_size: 16
2024-05-18 03:13:25,874 - test_batch_size: 16
2024-05-18 03:13:25,874 - wait_patience: 3
2024-05-18 03:13:25,874 - num_train_epochs: 100
2024-05-18 03:13:25,874 - dst_feature_dims: [80]
2024-05-18 03:13:25,874 - nheads: [4]
2024-05-18 03:13:25,874 - n_levels: [8]
2024-05-18 03:13:25,874 - attn_dropout: [0.0]
2024-05-18 03:13:25,874 - attn_dropout_v: [0.2]
2024-05-18 03:13:25,874 - attn_dropout_a: [0.2]
2024-05-18 03:13:25,874 - relu_dropout: [0.0]
2024-05-18 03:13:25,874 - embed_dropout: [0.1]
2024-05-18 03:13:25,874 - res_dropout: [0.0]
2024-05-18 03:13:25,874 - output_dropout: [0.2]
2024-05-18 03:13:25,874 - text_dropout: [0.4]
2024-05-18 03:13:25,874 - grad_clip: 0.5
2024-05-18 03:13:25,874 - attn_mask: True
2024-05-18 03:13:25,874 - conv1d_kernel_size_l: [5]
2024-05-18 03:13:25,874 - conv1d_kernel_size_v: [1]
2024-05-18 03:13:25,874 - conv1d_kernel_size_a: [1]
2024-05-18 03:13:25,874 - lr: [3e-05]
2024-05-18 03:13:25,874 - scale: 20
2024-05-18 03:13:25,874 - pred_output_path: /home/sharing/disk2/sjh/Outputs/OOD_MIntRec2/mult/mult_MIntRec2_bert-base-uncased_multi-class_1
2024-05-18 03:13:25,874 - model_output_path: /home/sharing/disk2/sjh/Outputs/OOD_MIntRec2/mult/mult_MIntRec2_bert-base-uncased_multi-class_1/models
2024-05-18 03:13:25,874 - pretrained_save_model: /home/sharing/disk2/sjh/Outputs/OOD_MIntRec2/mult/binary_mult_MIntRec2_bert-base-uncased_1
2024-05-18 03:13:25,874 - device: cuda
2024-05-18 03:13:25,874 - ============================== End Params ==============================
2024-05-18 03:13:28,260 - Multimodal Intent Recognition begins...
2024-05-18 03:13:28,260 - Testing begins...
2024-05-18 03:13:46,773 - ***** Test: Confusion Matrix *****
2024-05-18 03:13:46,775 - [[ 50   0   7   0   0   0   0   0   1   0   2   0   0   0   0   1   0   1
    0   0   0   2   1   0   3   0   0   0   0   0   0]
 [  0  61   0   0   7   1   8   0   1   0   2   0   2   0   3   0   0   5
    0   2   0   0   2   0   1   0   0   2   0   0   0]
 [ 12   0  37   0   2   0   0   0   0   0   1   0   0   1   0   1   0   3
    0   0   0   1   0   2   3   0   0   1   0   0   0]
 [  0   0   0  61   0   0   0   1   0   1   0   0   0   0   1   0   0   0
    0   0   0   0   0   0   0   0   0   1   0   0   0]
 [  0   4   0   0  36   1   0   0   1   0   0   0   0   0   1   0   0   4
    0   1   0   0   0   0   1   0   0   0   1   1   0]
 [  0   1   0   0   0  20   2   0   0   2   1   0   0   0   1   0   0   6
    0   2   0   0   1   1   0   0   0   0   0   0   0]
 [  0   0   0   0   0   3  28  12   0   2   0   1   2   0   0   0   0   0
    0   0   0   0   0   0   0   0   0   0   0   0   0]
 [  0   0   0   0   0   0   9  26   0   1   4   0   4   0   0   0   1   0
    0   1   0   0   1   0   0   0   0   0   0   0   0]
 [  1   3   1   3   1   0   0   0  23   2   0   1   1   0   2   0   0   2
    1   0   0   1   3   0   2   0   0   2   0   0   0]
 [  0   1   0   1   1   1   0   0   1  49   0   6   9   1  15   0   0   5
    1   0   0   0   3   1   5   1   0   6   0   0   0]
 [  0   1   0   0   0   2  14   2   2   2  36   0  24   0   1   0   1   2
    0   4   0   0   1   0   1   0   0   0   0   0   0]
 [  0   0   0   0   0   0   2   1   0   7   0  16   6   0   3   0   0   4
    1   0   0   0   2   0   1   0   0   4   0   0   0]
 [  0   1   0   0   0   1  12  11   0   4  21   1  77   0   0   0   3   1
    0   1   0   0   0   0   0   0   0   2   0   0   0]
 [  0   0   2   0   1   0   0   0   0   2   0   0   0   1   3   2   0   2
    2   0   1   0   1   0   0   0   0   0   0   0   0]
 [  0   0   0   0   1   0   2   0   1   8   1   1   2   2 106   1   0  35
    5   0   1   0  13   4   5   0   0   5   0   0   0]
 [  0   0   1   0   1   0   0   0   0   6   0   0   0   1   1   2   0   5
    2   0   0   1   0   0   0   0   0   1   1   0   0]
 [  0   0   0   0   1   0   1   2   0   0   2   0   1   0   0   0  53   0
    5   0   0   0   0   0   1   0   0   0   0   0   0]
 [  1   7   0   0   9   3   0   0   3  13   0   0   1   0  15   2   3 118
   11   2   1   2   8   9   1   1   0   5   1   1   0]
 [  1   3   0   0   0   0   1   0   0   3   1   0   0   0   2   1   3   9
   28   0   2   0   2   0   3   0   0   1   0   0   0]
 [  0   5   0   0   1   0   3   0   0   0   0   0   0   0   0   0   0   0
    0   7   0   1   0   0   0   0   0   0   0   0   0]
 [  0   1   1   0   1   0   1   0   0   1   0   1   0   1   5   0   0   5
    4   0   1   0   0   1   2   0   0   3   0   1   0]
 [  7   1   0   0   2   0   0   0   0   5   0   0   0   0   0   0   4   2
    0   0   0  26   2   3   1   0   0   0   0   0   0]
 [  0   1   0   1   0   0   0   0   1   4   0   3   0   1   7   0   0   6
    0   0   0   1  87   0   1   0   3   1   0   0   0]
 [  0   3   0   0   1   0   0   0   0   0   0   0   0   0   0   0   0  10
    0   0   0   1   0  23   0   0   0   0   0   0   0]
 [  1   0   2   0   1   0   1   0   0   1   0   1   0   0   2   0   0   4
    0   0   0   1   1   1  92   0   0   4   1   0   0]
 [  1   2   0   0   1   0   0   0   0   0   0   3   0   0   0   0   0   1
    0   0   0   0   4   0   1  17   0   0   0   1   0]
 [  0   0   0   0   0   0   0   0   0   3   0   0   0   0   2   0   0   4
    0   0   0   0   2   0   0   0   4   0   2   0   0]
 [  0   2   0   0   2   0   0   1   2   8   2   3   3   0   2   0   0   2
    1   0   0   0   3   1  11   1   0  13   1   0   0]
 [  0   0   0   0   0   0   0   0   0   1   0   0   0   0   0   0   1   0
    0   0   0   0   0   0   0   0   0   0  56   0   0]
 [  0   3   0   0   1   0   0   0   2   1   1   1   0   0   0   0   0   4
    1   0   0   0   0   0   1   1   0   0   0   3   0]
 [ 59  44  29   3  29   9  21   5  37 115  17  23  37   9 121  15  16 191
   77  13  14  14  67  22 103   9   5  85   3   5   0]]
2024-05-18 03:13:46,776 - ***** In-domain Evaluation results *****
2024-05-18 03:13:46,776 -   acc = 0.3582
2024-05-18 03:13:46,776 -   f1 = 0.4009
2024-05-18 03:13:46,776 -   prec = 0.3525
2024-05-18 03:13:46,776 -   rec = 0.4914
2024-05-18 03:13:46,776 -   weighted_f1 = 0.2824
2024-05-18 03:13:46,776 -   weighted_prec = 0.2405
2024-05-18 03:13:46,776 -   weighted_rec = 0.3582
2024-05-18 03:14:04,948 - ***** Out-of-domain Evaluation results *****
2024-05-18 03:14:04,948 -   aupr_in = 0.767
2024-05-18 03:14:04,948 -   aupr_out = 0.513
2024-05-18 03:14:04,948 -   auroc = 0.6662
2024-05-18 03:14:04,948 -   der = 0.573
2024-05-18 03:14:04,948 -   eer = 0.3768
2024-05-18 03:14:04,949 -   fpr95 = 0.8814
2024-05-18 03:14:04,949 - Testing is finished...
2024-05-18 03:14:04,949 - Multimodal intent recognition is finished...
2024-05-18 03:14:04,949 - Results are saved in results/results_mult_MIntRec2_ood.csv
2024-05-18 03:14:04,997 - ============================== Params ==============================
2024-05-18 03:14:04,998 - logger_name: mult_maxlogit_MIntRec2_multi-class_0
2024-05-18 03:14:04,998 - dataset: MIntRec2
2024-05-18 03:14:04,998 - ood_dataset: MIntRec2-OOD
2024-05-18 03:14:04,998 - data_mode: multi-class
2024-05-18 03:14:04,998 - multimodal_method: mult
2024-05-18 03:14:04,998 - method: mult
2024-05-18 03:14:04,998 - ood_detection_method: maxlogit
2024-05-18 03:14:04,998 - text_backbone: bert-base-uncased
2024-05-18 03:14:04,998 - seed: 2
2024-05-18 03:14:04,998 - num_workers: 8
2024-05-18 03:14:04,998 - log_id: mult_maxlogit_MIntRec2_multi-class_0_2024-05-18-03-12-21
2024-05-18 03:14:04,998 - gpu_id: 3
2024-05-18 03:14:04,998 - data_path: /home/sharing/disk2/sjh/intentDataset
2024-05-18 03:14:04,998 - train: False
2024-05-18 03:14:04,998 - tune: True
2024-05-18 03:14:04,998 - ood: True
2024-05-18 03:14:04,998 - save_model: False
2024-05-18 03:14:04,998 - save_results: True
2024-05-18 03:14:04,998 - log_path: logs
2024-05-18 03:14:04,998 - cache_path: cache
2024-05-18 03:14:04,998 - video_data_path: video_data
2024-05-18 03:14:04,998 - audio_data_path: audio_data
2024-05-18 03:14:04,998 - video_feats_path: swin_feats.pkl
2024-05-18 03:14:04,998 - ood_video_feats_path: swin_feats.pkl
2024-05-18 03:14:04,998 - ood_audio_feats_path: wavlm_feats.pkl
2024-05-18 03:14:04,998 - audio_feats_path: wavlm_feats.pkl
2024-05-18 03:14:04,998 - results_path: results
2024-05-18 03:14:04,998 - output_path: /home/sharing/disk2/sjh/Outputs/OOD_MIntRec2/mult
2024-05-18 03:14:04,998 - model_path: models
2024-05-18 03:14:04,998 - config_file_name: mult_MIntRec2
2024-05-18 03:14:04,998 - results_file_name: results_mult_MIntRec2_ood.csv
2024-05-18 03:14:04,998 - text_pretrained_model: /home/sharing/disk1/pretrained_embedding/bert/uncased_L-12_H-768_A-12/
2024-05-18 03:14:04,998 - text_seq_len: 50
2024-05-18 03:14:04,998 - video_seq_len: 180
2024-05-18 03:14:04,998 - audio_seq_len: 400
2024-05-18 03:14:04,998 - text_feat_dim: 768
2024-05-18 03:14:04,998 - video_feat_dim: 256
2024-05-18 03:14:04,998 - audio_feat_dim: 768
2024-05-18 03:14:04,998 - ood_label_id: 30
2024-05-18 03:14:04,998 - num_labels: 30
2024-05-18 03:14:04,998 - num_train_examples: 6165
2024-05-18 03:14:04,998 - padding_mode: zero
2024-05-18 03:14:04,998 - padding_loc: end
2024-05-18 03:14:04,999 - need_aligned: False
2024-05-18 03:14:04,999 - eval_monitor: acc
2024-05-18 03:14:04,999 - train_batch_size: 32
2024-05-18 03:14:04,999 - eval_batch_size: 16
2024-05-18 03:14:04,999 - test_batch_size: 16
2024-05-18 03:14:04,999 - wait_patience: 3
2024-05-18 03:14:04,999 - num_train_epochs: 100
2024-05-18 03:14:04,999 - dst_feature_dims: [80]
2024-05-18 03:14:04,999 - nheads: [4]
2024-05-18 03:14:04,999 - n_levels: [8]
2024-05-18 03:14:04,999 - attn_dropout: [0.0]
2024-05-18 03:14:04,999 - attn_dropout_v: [0.2]
2024-05-18 03:14:04,999 - attn_dropout_a: [0.2]
2024-05-18 03:14:04,999 - relu_dropout: [0.0]
2024-05-18 03:14:04,999 - embed_dropout: [0.1]
2024-05-18 03:14:04,999 - res_dropout: [0.0]
2024-05-18 03:14:04,999 - output_dropout: [0.2]
2024-05-18 03:14:04,999 - text_dropout: [0.4]
2024-05-18 03:14:04,999 - grad_clip: 0.5
2024-05-18 03:14:04,999 - attn_mask: True
2024-05-18 03:14:04,999 - conv1d_kernel_size_l: [5]
2024-05-18 03:14:04,999 - conv1d_kernel_size_v: [1]
2024-05-18 03:14:04,999 - conv1d_kernel_size_a: [1]
2024-05-18 03:14:04,999 - lr: [3e-05]
2024-05-18 03:14:04,999 - scale: 20
2024-05-18 03:14:04,999 - pred_output_path: /home/sharing/disk2/sjh/Outputs/OOD_MIntRec2/mult/mult_MIntRec2_bert-base-uncased_multi-class_2
2024-05-18 03:14:04,999 - model_output_path: /home/sharing/disk2/sjh/Outputs/OOD_MIntRec2/mult/mult_MIntRec2_bert-base-uncased_multi-class_2/models
2024-05-18 03:14:04,999 - pretrained_save_model: /home/sharing/disk2/sjh/Outputs/OOD_MIntRec2/mult/binary_mult_MIntRec2_bert-base-uncased_2
2024-05-18 03:14:04,999 - device: cuda
2024-05-18 03:14:04,999 - ============================== End Params ==============================
2024-05-18 03:14:07,273 - Multimodal Intent Recognition begins...
2024-05-18 03:14:07,273 - Testing begins...
2024-05-18 03:14:24,937 - ***** Test: Confusion Matrix *****
2024-05-18 03:14:24,940 - [[ 47   0  14   0   0   0   0   0   0   0   2   0   0   1   1   0   0   0
    0   0   0   0   0   1   2   0   0   0   0   0   0]
 [  0  58   0   0   9   1   4   0   2   0   1   0   3   0   6   1   0   5
    0   2   0   0   1   0   2   1   0   1   0   0   0]
 [  9   0  44   0   1   0   0   0   0   0   1   0   0   0   1   0   0   4
    0   0   0   1   0   0   3   0   0   0   0   0   0]
 [  0   0   0  61   0   0   0   1   0   0   0   0   0   0   2   0   0   1
    0   0   0   0   0   0   0   0   0   0   0   0   0]
 [  0   5   0   0  34   0   0   0   1   0   0   0   0   0   0   0   0   4
    0   0   0   2   0   1   1   0   0   0   1   2   0]
 [  0   1   0   0   2  26   0   0   0   0   1   0   0   0   1   0   0   4
    0   0   0   0   0   1   0   0   1   0   0   0   0]
 [  0   1   0   0   0   2  27   8   0   1   3   1   5   0   0   0   0   0
    0   0   0   0   0   0   0   0   0   0   0   0   0]
 [  0   0   0   0   0   0   5  25   0   0   6   0   6   0   0   0   2   0
    1   0   0   0   1   0   0   0   0   1   0   0   0]
 [  1   2   1   3   1   0   0   0  21   0   0   2   1   1   5   0   0   6
    0   0   0   0   3   0   2   0   0   0   0   0   0]
 [  0   1   1   0   0   1   0   0   2  43   0   4   8   0  15   1   0   9
    1   0   0   3   4   1   2   1   0   8   0   2   0]
 [  2   0   0   0   0   1   5   2   0   0  47   0  28   0   2   0   1   1
    0   2   1   1   0   0   0   0   0   0   0   0   0]
 [  0   0   0   0   0   0   0   1   1   4   1  18   9   0   2   0   0   3
    1   0   0   0   2   0   1   0   0   4   0   0   0]
 [  0   1   2   0   0   2   3   7   0   4  22   0  87   0   1   0   3   0
    0   1   0   0   1   0   0   0   0   1   0   0   0]
 [  0   0   2   0   1   0   0   0   0   1   0   0   0   2   3   1   0   4
    2   0   1   0   0   0   0   0   0   0   0   0   0]
 [  0   1   1   0   0   2   0   0   2   8   3   1   1   2 118   1   0  27
    3   0   3   0  10   0   5   0   0   4   0   1   0]
 [  0   0   3   0   0   0   0   0   0   4   0   0   0   0   2   4   0   2
    1   0   2   0   1   0   0   0   1   1   1   0   0]
 [  0   0   0   0   1   0   1   1   0   0   0   0   1   0   0   1  56   0
    4   0   0   0   0   0   1   0   0   0   0   0   0]
 [  0   3   3   0   6   2   1   0   3   9   0   1   0   1  24   4   2 120
    9   2   0   5   5   8   1   1   1   2   1   3   0]
 [  0   1   0   0   0   0   0   0   0   5   2   0   0   1   8   0   2  10
   25   2   4   0   0   0   0   0   0   0   0   0   0]
 [  0   5   0   0   0   0   3   0   0   0   1   0   0   0   1   0   0   1
    0   5   0   1   0   0   0   0   0   0   0   0   0]
 [  0   2   2   0   1   0   0   0   0   1   0   0   1   0   5   2   0   1
    5   0   4   0   0   1   1   0   0   3   0   0   0]
 [  7   1   0   0   1   0   0   0   0   2   0   0   0   0   0   0   4   0
    0   0   1  26   3   5   0   0   1   1   0   1   0]
 [  0   0   1   1   0   0   0   0   1   2   1   2   1   0  11   1   0   4
    0   0   0   2  78   0   1   2   8   1   0   0   0]
 [  0   3   1   0   1   0   0   0   0   2   0   0   0   0   1   0   0   6
    0   0   0   4   0  20   0   0   0   0   0   0   0]
 [  1   0   3   0   0   0   0   0   0   1   2   1   0   0   2   0   0   3
    0   0   0   0   1   1  91   0   0   6   1   0   0]
 [  1   1   0   0   0   0   0   0   0   0   0   0   0   0   0   0   0   1
    0   0   0   1   3   0   1  21   1   0   0   1   0]
 [  0   0   0   1   0   0   0   0   0   1   0   0   0   0   2   0   0   4
    0   0   0   0   1   0   0   0   6   0   2   0   0]
 [  0   2   1   0   1   0   0   1   3   6   2   1   3   1   5   0   0   4
    0   0   3   0   2   0   7   1   0  14   1   0   0]
 [  0   0   0   0   0   0   0   0   0   0   0   0   0   0   1   0   1   0
    0   0   0   0   0   0   0   0   0   0  56   0   0]
 [  0   1   0   0   0   0   0   0   1   1   1   1   0   0   0   0   0   3
    1   0   0   0   0   0   0   1   0   2   0   7   0]
 [ 50  43  41   4  20   8  18   4  35  93  19  22  35  38 172  29  19 176
   57  11  30  20  66  13  58   5   6  89   1  15   0]]
2024-05-18 03:14:24,940 - ***** In-domain Evaluation results *****
2024-05-18 03:14:24,940 -   acc = 0.3687
2024-05-18 03:14:24,940 -   f1 = 0.4242
2024-05-18 03:14:24,940 -   prec = 0.3664
2024-05-18 03:14:24,940 -   rec = 0.5161
2024-05-18 03:14:24,940 -   weighted_f1 = 0.2943
2024-05-18 03:14:24,940 -   weighted_prec = 0.249
2024-05-18 03:14:24,940 -   weighted_rec = 0.3687
2024-05-18 03:14:42,644 - ***** Out-of-domain Evaluation results *****
2024-05-18 03:14:42,644 -   aupr_in = 0.7517
2024-05-18 03:14:42,645 -   aupr_out = 0.5293
2024-05-18 03:14:42,645 -   auroc = 0.6638
2024-05-18 03:14:42,645 -   der = 0.559
2024-05-18 03:14:42,645 -   eer = 0.3726
2024-05-18 03:14:42,645 -   fpr95 = 0.8588
2024-05-18 03:14:42,645 - Testing is finished...
2024-05-18 03:14:42,645 - Multimodal intent recognition is finished...
2024-05-18 03:14:42,645 - Results are saved in results/results_mult_MIntRec2_ood.csv
2024-05-18 03:14:42,693 - ============================== Params ==============================
2024-05-18 03:14:42,693 - logger_name: mult_maxlogit_MIntRec2_multi-class_0
2024-05-18 03:14:42,693 - dataset: MIntRec2
2024-05-18 03:14:42,693 - ood_dataset: MIntRec2-OOD
2024-05-18 03:14:42,693 - data_mode: multi-class
2024-05-18 03:14:42,693 - multimodal_method: mult
2024-05-18 03:14:42,693 - method: mult
2024-05-18 03:14:42,693 - ood_detection_method: maxlogit
2024-05-18 03:14:42,693 - text_backbone: bert-base-uncased
2024-05-18 03:14:42,693 - seed: 3
2024-05-18 03:14:42,693 - num_workers: 8
2024-05-18 03:14:42,693 - log_id: mult_maxlogit_MIntRec2_multi-class_0_2024-05-18-03-12-21
2024-05-18 03:14:42,694 - gpu_id: 3
2024-05-18 03:14:42,694 - data_path: /home/sharing/disk2/sjh/intentDataset
2024-05-18 03:14:42,694 - train: False
2024-05-18 03:14:42,694 - tune: True
2024-05-18 03:14:42,694 - ood: True
2024-05-18 03:14:42,694 - save_model: False
2024-05-18 03:14:42,694 - save_results: True
2024-05-18 03:14:42,694 - log_path: logs
2024-05-18 03:14:42,694 - cache_path: cache
2024-05-18 03:14:42,694 - video_data_path: video_data
2024-05-18 03:14:42,694 - audio_data_path: audio_data
2024-05-18 03:14:42,694 - video_feats_path: swin_feats.pkl
2024-05-18 03:14:42,694 - ood_video_feats_path: swin_feats.pkl
2024-05-18 03:14:42,694 - ood_audio_feats_path: wavlm_feats.pkl
2024-05-18 03:14:42,694 - audio_feats_path: wavlm_feats.pkl
2024-05-18 03:14:42,694 - results_path: results
2024-05-18 03:14:42,694 - output_path: /home/sharing/disk2/sjh/Outputs/OOD_MIntRec2/mult
2024-05-18 03:14:42,694 - model_path: models
2024-05-18 03:14:42,694 - config_file_name: mult_MIntRec2
2024-05-18 03:14:42,694 - results_file_name: results_mult_MIntRec2_ood.csv
2024-05-18 03:14:42,694 - text_pretrained_model: /home/sharing/disk1/pretrained_embedding/bert/uncased_L-12_H-768_A-12/
2024-05-18 03:14:42,694 - text_seq_len: 50
2024-05-18 03:14:42,694 - video_seq_len: 180
2024-05-18 03:14:42,694 - audio_seq_len: 400
2024-05-18 03:14:42,694 - text_feat_dim: 768
2024-05-18 03:14:42,694 - video_feat_dim: 256
2024-05-18 03:14:42,694 - audio_feat_dim: 768
2024-05-18 03:14:42,694 - ood_label_id: 30
2024-05-18 03:14:42,694 - num_labels: 30
2024-05-18 03:14:42,694 - num_train_examples: 6165
2024-05-18 03:14:42,694 - padding_mode: zero
2024-05-18 03:14:42,694 - padding_loc: end
2024-05-18 03:14:42,694 - need_aligned: False
2024-05-18 03:14:42,694 - eval_monitor: acc
2024-05-18 03:14:42,694 - train_batch_size: 32
2024-05-18 03:14:42,694 - eval_batch_size: 16
2024-05-18 03:14:42,694 - test_batch_size: 16
2024-05-18 03:14:42,694 - wait_patience: 3
2024-05-18 03:14:42,694 - num_train_epochs: 100
2024-05-18 03:14:42,694 - dst_feature_dims: [80]
2024-05-18 03:14:42,694 - nheads: [4]
2024-05-18 03:14:42,694 - n_levels: [8]
2024-05-18 03:14:42,694 - attn_dropout: [0.0]
2024-05-18 03:14:42,695 - attn_dropout_v: [0.2]
2024-05-18 03:14:42,695 - attn_dropout_a: [0.2]
2024-05-18 03:14:42,695 - relu_dropout: [0.0]
2024-05-18 03:14:42,695 - embed_dropout: [0.1]
2024-05-18 03:14:42,695 - res_dropout: [0.0]
2024-05-18 03:14:42,695 - output_dropout: [0.2]
2024-05-18 03:14:42,695 - text_dropout: [0.4]
2024-05-18 03:14:42,695 - grad_clip: 0.5
2024-05-18 03:14:42,695 - attn_mask: True
2024-05-18 03:14:42,695 - conv1d_kernel_size_l: [5]
2024-05-18 03:14:42,695 - conv1d_kernel_size_v: [1]
2024-05-18 03:14:42,695 - conv1d_kernel_size_a: [1]
2024-05-18 03:14:42,695 - lr: [3e-05]
2024-05-18 03:14:42,695 - scale: 20
2024-05-18 03:14:42,695 - pred_output_path: /home/sharing/disk2/sjh/Outputs/OOD_MIntRec2/mult/mult_MIntRec2_bert-base-uncased_multi-class_3
2024-05-18 03:14:42,695 - model_output_path: /home/sharing/disk2/sjh/Outputs/OOD_MIntRec2/mult/mult_MIntRec2_bert-base-uncased_multi-class_3/models
2024-05-18 03:14:42,695 - pretrained_save_model: /home/sharing/disk2/sjh/Outputs/OOD_MIntRec2/mult/binary_mult_MIntRec2_bert-base-uncased_3
2024-05-18 03:14:42,695 - device: cuda
2024-05-18 03:14:42,695 - ============================== End Params ==============================
2024-05-18 03:14:44,961 - Multimodal Intent Recognition begins...
2024-05-18 03:14:44,961 - Testing begins...
2024-05-18 03:15:03,025 - ***** Test: Confusion Matrix *****
2024-05-18 03:15:03,028 - [[ 50   0  13   0   0   0   0   0   0   0   2   0   0   0   0   0   0   1
    0   0   0   1   1   0   0   0   0   0   0   0   0]
 [  0  63   0   0   7   1   4   0   2   0   1   0   4   0   3   0   0   4
    0   3   0   1   2   0   1   0   0   1   0   0   0]
 [  9   0  42   0   1   0   0   0   0   0   1   1   0   0   2   0   0   4
    1   0   0   1   0   0   2   0   0   0   0   0   0]
 [  0   0   0  61   0   0   0   1   0   1   0   0   0   0   1   0   0   1
    0   0   0   0   0   0   0   0   0   0   0   0   0]
 [  0   3   0   0  31   0   0   0   2   0   0   0   0   0   0   0   0   7
    0   1   0   2   0   2   1   1   0   0   1   0   0]
 [  0   1   0   0   1  18   2   0   0   1   1   0   0   0   0   0   0   8
    0   4   0   0   1   0   0   0   0   0   0   0   0]
 [  0   0   0   0   0   2  33   4   0   2   0   0   6   0   0   0   0   0
    0   1   0   0   0   0   0   0   0   0   0   0   0]
 [  0   0   0   0   0   0   7  26   0   1   8   0   4   0   0   0   0   0
    0   0   0   0   1   0   0   0   0   0   0   0   0]
 [  1   1   1   3   1   0   0   0  22   1   0   0   1   0   4   0   0   4
    0   1   0   0   6   0   3   0   0   0   0   0   0]
 [  0   1   1   0   0   0   0   0   1  52   0   4  10   0  12   1   0  16
    0   0   0   0   4   0   2   1   0   2   0   0   0]
 [  0   0   0   0   1   4   6   0   0   0  50   0  26   0   2   0   1   0
    0   3   0   0   0   0   0   0   0   0   0   0   0]
 [  0   0   0   0   0   0   0   0   0   7   0  19   9   0   3   0   0   4
    0   0   0   0   3   0   0   0   0   2   0   0   0]
 [  0   0   0   0   0   1   6   5   0   6  31   0  84   0   0   0   0   0
    0   1   0   0   1   0   0   0   0   0   0   0   0]
 [  0   1   2   0   0   0   0   0   0   3   0   0   0   0   4   0   0   4
    3   0   0   0   0   0   0   0   0   0   0   0   0]
 [  0   3   1   0   0   0   0   0   2   7   4   1   2   0 111   1   0  35
    2   1   0   1  14   1   4   0   0   3   0   0   0]
 [  0   0   1   0   0   0   0   0   0   6   0   0   0   0   2   1   0   6
    3   0   0   1   1   0   0   0   0   0   1   0   0]
 [  0   0   0   0   1   0   0   3   0   0   3   0   1   0   0   0  54   1
    2   0   0   1   0   0   0   0   0   0   0   0   0]
 [  0   9   2   0   6   1   0   0   0  13   2   0   0   0  16   1   2 131
   11   5   0   3   7   4   0   2   0   1   1   0   0]
 [  0   2   1   0   0   0   0   0   0   2   1   0   0   0   4   0   2   7
   36   0   0   0   2   0   3   0   0   0   0   0   0]
 [  0   4   0   0   0   0   3   0   1   0   0   0   0   0   0   0   0   0
    0   8   0   1   0   0   0   0   0   0   0   0   0]
 [  0   3   2   0   1   0   0   0   1   3   1   1   0   0   2   0   0   5
    4   0   0   0   2   1   3   0   0   0   0   0   0]
 [  6   1   0   0   1   0   0   0   0   5   0   0   0   0   1   0   0   0
    0   0   0  32   1   3   2   1   0   0   0   0   0]
 [  0   0   0   1   0   0   0   0   1   1   1   1   0   0   9   0   0   3
    0   0   0   0  96   0   2   2   0   0   0   0   0]
 [  0   3   2   0   1   0   0   0   0   0   0   0   0   0   0   0   0   8
    0   0   0   4   0  20   0   0   0   0   0   0   0]
 [  2   0   0   0   0   0   0   0   2   3   2   2   1   0   3   0   0   2
    0   0   0   0   1   1  89   0   0   4   1   0   0]
 [  1   0   0   0   0   0   0   0   1   0   0   0   0   0   0   0   0   2
    0   0   0   0   5   0   1  20   0   0   0   1   0]
 [  0   1   0   1   0   0   0   0   0   1   0   0   0   0   1   0   0   2
    0   0   0   0   5   0   0   1   2   0   3   0   0]
 [  0   3   3   0   0   0   0   0   2   8   3   4   3   0   4   0   0   7
    2   0   0   0   1   1   9   1   0   6   1   0   0]
 [  0   0   0   0   0   0   0   0   0   1   0   0   0   0   0   0   1   0
    0   0   0   0   0   0   0   0   0   0  56   0   0]
 [  0   2   0   0   1   0   0   0   3   2   1   1   0   0   0   0   0   3
    1   0   0   0   0   0   1   1   0   0   0   3   0]
 [ 57  64  43   3  19   6  17   2  33 123  23  14  42   2 149   6  14 237
   78  11   0  12  98  19  76   9   0  36   4   0   0]]
2024-05-18 03:15:03,028 - ***** In-domain Evaluation results *****
2024-05-18 03:15:03,028 -   acc = 0.3765
2024-05-18 03:15:03,028 -   f1 = 0.4166
2024-05-18 03:15:03,028 -   prec = 0.4064
2024-05-18 03:15:03,028 -   rec = 0.505
2024-05-18 03:15:03,028 -   weighted_f1 = 0.2915
2024-05-18 03:15:03,028 -   weighted_prec = 0.2524
2024-05-18 03:15:03,028 -   weighted_rec = 0.3765
2024-05-18 03:15:20,695 - ***** Out-of-domain Evaluation results *****
2024-05-18 03:15:20,695 -   aupr_in = 0.7856
2024-05-18 03:15:20,695 -   aupr_out = 0.5611
2024-05-18 03:15:20,695 -   auroc = 0.6973
2024-05-18 03:15:20,695 -   der = 0.5449
2024-05-18 03:15:20,695 -   eer = 0.3534
2024-05-18 03:15:20,695 -   fpr95 = 0.8371
2024-05-18 03:15:20,695 - Testing is finished...
2024-05-18 03:15:20,695 - Multimodal intent recognition is finished...
2024-05-18 03:15:20,695 - Results are saved in results/results_mult_MIntRec2_ood.csv
2024-05-18 03:15:20,755 - ============================== Params ==============================
2024-05-18 03:15:20,755 - logger_name: mult_maxlogit_MIntRec2_multi-class_0
2024-05-18 03:15:20,755 - dataset: MIntRec2
2024-05-18 03:15:20,755 - ood_dataset: MIntRec2-OOD
2024-05-18 03:15:20,755 - data_mode: multi-class
2024-05-18 03:15:20,755 - multimodal_method: mult
2024-05-18 03:15:20,755 - method: mult
2024-05-18 03:15:20,755 - ood_detection_method: maxlogit
2024-05-18 03:15:20,755 - text_backbone: bert-base-uncased
2024-05-18 03:15:20,755 - seed: 4
2024-05-18 03:15:20,755 - num_workers: 8
2024-05-18 03:15:20,755 - log_id: mult_maxlogit_MIntRec2_multi-class_0_2024-05-18-03-12-21
2024-05-18 03:15:20,755 - gpu_id: 3
2024-05-18 03:15:20,755 - data_path: /home/sharing/disk2/sjh/intentDataset
2024-05-18 03:15:20,755 - train: False
2024-05-18 03:15:20,755 - tune: True
2024-05-18 03:15:20,755 - ood: True
2024-05-18 03:15:20,755 - save_model: False
2024-05-18 03:15:20,755 - save_results: True
2024-05-18 03:15:20,755 - log_path: logs
2024-05-18 03:15:20,755 - cache_path: cache
2024-05-18 03:15:20,756 - video_data_path: video_data
2024-05-18 03:15:20,756 - audio_data_path: audio_data
2024-05-18 03:15:20,756 - video_feats_path: swin_feats.pkl
2024-05-18 03:15:20,756 - ood_video_feats_path: swin_feats.pkl
2024-05-18 03:15:20,756 - ood_audio_feats_path: wavlm_feats.pkl
2024-05-18 03:15:20,756 - audio_feats_path: wavlm_feats.pkl
2024-05-18 03:15:20,756 - results_path: results
2024-05-18 03:15:20,756 - output_path: /home/sharing/disk2/sjh/Outputs/OOD_MIntRec2/mult
2024-05-18 03:15:20,756 - model_path: models
2024-05-18 03:15:20,756 - config_file_name: mult_MIntRec2
2024-05-18 03:15:20,756 - results_file_name: results_mult_MIntRec2_ood.csv
2024-05-18 03:15:20,756 - text_pretrained_model: /home/sharing/disk1/pretrained_embedding/bert/uncased_L-12_H-768_A-12/
2024-05-18 03:15:20,756 - text_seq_len: 50
2024-05-18 03:15:20,756 - video_seq_len: 180
2024-05-18 03:15:20,756 - audio_seq_len: 400
2024-05-18 03:15:20,756 - text_feat_dim: 768
2024-05-18 03:15:20,756 - video_feat_dim: 256
2024-05-18 03:15:20,756 - audio_feat_dim: 768
2024-05-18 03:15:20,756 - ood_label_id: 30
2024-05-18 03:15:20,756 - num_labels: 30
2024-05-18 03:15:20,756 - num_train_examples: 6165
2024-05-18 03:15:20,756 - padding_mode: zero
2024-05-18 03:15:20,756 - padding_loc: end
2024-05-18 03:15:20,756 - need_aligned: False
2024-05-18 03:15:20,756 - eval_monitor: acc
2024-05-18 03:15:20,756 - train_batch_size: 32
2024-05-18 03:15:20,756 - eval_batch_size: 16
2024-05-18 03:15:20,756 - test_batch_size: 16
2024-05-18 03:15:20,756 - wait_patience: 3
2024-05-18 03:15:20,756 - num_train_epochs: 100
2024-05-18 03:15:20,756 - dst_feature_dims: [80]
2024-05-18 03:15:20,756 - nheads: [4]
2024-05-18 03:15:20,756 - n_levels: [8]
2024-05-18 03:15:20,756 - attn_dropout: [0.0]
2024-05-18 03:15:20,756 - attn_dropout_v: [0.2]
2024-05-18 03:15:20,756 - attn_dropout_a: [0.2]
2024-05-18 03:15:20,756 - relu_dropout: [0.0]
2024-05-18 03:15:20,756 - embed_dropout: [0.1]
2024-05-18 03:15:20,756 - res_dropout: [0.0]
2024-05-18 03:15:20,756 - output_dropout: [0.2]
2024-05-18 03:15:20,756 - text_dropout: [0.4]
2024-05-18 03:15:20,756 - grad_clip: 0.5
2024-05-18 03:15:20,756 - attn_mask: True
2024-05-18 03:15:20,756 - conv1d_kernel_size_l: [5]
2024-05-18 03:15:20,756 - conv1d_kernel_size_v: [1]
2024-05-18 03:15:20,757 - conv1d_kernel_size_a: [1]
2024-05-18 03:15:20,757 - lr: [3e-05]
2024-05-18 03:15:20,757 - scale: 20
2024-05-18 03:15:20,757 - pred_output_path: /home/sharing/disk2/sjh/Outputs/OOD_MIntRec2/mult/mult_MIntRec2_bert-base-uncased_multi-class_4
2024-05-18 03:15:20,757 - model_output_path: /home/sharing/disk2/sjh/Outputs/OOD_MIntRec2/mult/mult_MIntRec2_bert-base-uncased_multi-class_4/models
2024-05-18 03:15:20,757 - pretrained_save_model: /home/sharing/disk2/sjh/Outputs/OOD_MIntRec2/mult/binary_mult_MIntRec2_bert-base-uncased_4
2024-05-18 03:15:20,757 - device: cuda
2024-05-18 03:15:20,757 - ============================== End Params ==============================
2024-05-18 03:15:23,058 - Multimodal Intent Recognition begins...
2024-05-18 03:15:23,058 - Testing begins...
2024-05-18 03:15:40,605 - ***** Test: Confusion Matrix *****
2024-05-18 03:15:40,608 - [[ 52   0   8   0   0   0   0   0   1   2   1   0   1   0   0   0   0   1
    0   0   0   1   1   0   0   0   0   0   0   0   0]
 [  0  57   0   0   8   1   0   0   2   0   4   0   1   0   2   0   0  15
    0   4   0   0   1   0   1   0   0   1   0   0   0]
 [ 10   0  38   0   0   0   0   0   0   1   1   0   0   2   1   0   0   3
    0   0   0   1   0   3   3   0   0   0   0   1   0]
 [  0   0   0  61   0   0   0   1   0   0   0   0   0   0   2   0   0   1
    0   0   0   0   0   0   0   0   0   0   0   0   0]
 [  0   2   0   0  29   0   0   0   1   0   0   0   0   0   0   0   0  10
    0   1   0   4   0   1   1   0   0   0   1   1   0]
 [  0   1   0   0   1  17   1   1   0   2   4   0   0   0   1   0   0   8
    0   1   0   0   0   0   0   0   0   0   0   0   0]
 [  0   1   0   0   0   1  27   4   0   0   5   0   7   0   0   0   0   0
    0   3   0   0   0   0   0   0   0   0   0   0   0]
 [  0   0   0   0   0   0   5  17   0   3  11   0   6   0   0   0   4   0
    0   0   0   0   1   0   0   0   0   0   0   0   0]
 [  0   2   1   3   1   0   0   0  23   1   0   0   1   0   4   0   0   4
    1   0   0   1   5   0   2   0   0   0   0   0   0]
 [  0   2   0   0   0   0   0   0   1  66   0   3   7   0   7   0   0  10
    2   0   0   1   3   0   3   0   0   1   0   1   0]
 [  0   0   0   0   0   1   0   1   0   1  54   0  29   0   1   0   1   3
    0   1   0   0   0   0   1   0   0   0   0   0   0]
 [  0   0   0   0   0   0   1   0   0  12   0  15   8   0   1   0   0   4
    1   0   0   0   2   0   1   0   0   2   0   0   0]
 [  0   3   2   0   0   0   1   3   0   6  27   0  90   0   1   0   1   0
    0   0   0   0   1   0   0   0   0   0   0   0   0]
 [  0   0   1   0   1   0   0   0   0   3   0   0   0   1   2   0   0   6
    2   0   0   0   1   0   0   0   0   0   0   0   0]
 [  0   1   0   0   0   1   0   0   3  13   3   0   0   0 116   0   0  39
    3   1   1   0  10   0   0   0   0   2   0   0   0]
 [  0   0   0   0   1   0   0   0   0   7   0   0   0   1   2   3   0   3
    2   0   0   1   1   0   0   0   0   0   1   0   0]
 [  0   0   0   0   1   0   0   1   0   0   2   0   1   0   0   1  54   1
    4   0   0   1   0   0   0   0   0   0   0   0   0]
 [  0   5   1   0   6   0   0   0   0  14   2   0   0   1  16   0   2 144
    7   2   0   3   4   6   1   0   1   1   1   0   0]
 [  0   2   0   0   0   0   0   0   0   5   1   0   0   0   6   0   2  14
   28   0   0   0   0   0   2   0   0   0   0   0   0]
 [  0   5   0   0   1   0   2   0   0   0   1   0   0   0   0   0   0   1
    0   6   0   1   0   0   0   0   0   0   0   0   0]
 [  0   1   1   0   1   0   0   0   0   5   0   1   1   1   1   0   0   6
    5   0   1   0   1   1   1   0   0   2   0   0   0]
 [  7   0   0   0   1   0   0   0   1   5   0   0   0   0   0   0   4   1
    0   0   0  28   0   4   0   1   0   0   0   1   0]
 [  0   0   1   1   1   0   0   0   1   4   1   1   0   0  12   0   0   2
    0   0   0   0  92   0   0   1   0   0   0   0   0]
 [  0   3   2   0   0   0   0   0   0   1   0   0   0   0   1   0   0   9
    0   0   0   4   0  18   0   0   0   0   0   0   0]
 [  1   0   2   0   0   0   1   0   1   3   0   1   1   0   3   0   0   4
    0   0   0   1   1   1  90   0   0   2   1   0   0]
 [  1   0   0   0   0   0   0   0   0   0   0   1   0   0   0   0   0   2
    0   0   0   0   7   0   1  16   1   0   0   2   0]
 [  0   0   0   0   0   0   0   0   1   2   0   0   0   0   2   0   0   3
    0   0   0   1   5   0   0   0   3   0   0   0   0]
 [  0   2   1   0   0   0   0   0   2  13   3   4   3   0   2   0   0   8
    1   0   0   0   2   0   9   1   0   5   1   1   0]
 [  0   0   0   0   0   0   0   0   0   0   0   0   0   0   1   0   1   0
    0   0   0   0   0   0   0   0   0   0  56   0   0]
 [  0   1   0   0   3   0   0   0   1   1   1   1   0   0   0   0   0   4
    1   0   0   1   0   0   0   1   0   1   0   3   0]
 [ 57  35  34   2  22   5  10   1  29 184  24  10  43  14 146   6  15 271
   72   6   4  21  67  19  55  10   1  29   0   5   0]]
2024-05-18 03:15:40,608 - ***** In-domain Evaluation results *****
2024-05-18 03:15:40,608 -   acc = 0.3746
2024-05-18 03:15:40,608 -   f1 = 0.418
2024-05-18 03:15:40,608 -   prec = 0.3976
2024-05-18 03:15:40,608 -   rec = 0.4874
2024-05-18 03:15:40,608 -   weighted_f1 = 0.2952
2024-05-18 03:15:40,609 -   weighted_prec = 0.2588
2024-05-18 03:15:40,609 -   weighted_rec = 0.3746
2024-05-18 03:15:58,445 - ***** Out-of-domain Evaluation results *****
2024-05-18 03:15:58,445 -   aupr_in = 0.7563
2024-05-18 03:15:58,446 -   aupr_out = 0.502
2024-05-18 03:15:58,446 -   auroc = 0.6584
2024-05-18 03:15:58,446 -   der = 0.5732
2024-05-18 03:15:58,446 -   eer = 0.3759
2024-05-18 03:15:58,446 -   fpr95 = 0.8814
2024-05-18 03:15:58,446 - Testing is finished...
2024-05-18 03:15:58,446 - Multimodal intent recognition is finished...
2024-05-18 03:15:58,446 - Results are saved in results/results_mult_MIntRec2_ood.csv
