2024-05-19 13:28:47,183 - Lists of intent labels are: ['Complain', 'Praise', 'Apologise', 'Thank', 'Criticize', 'Agree', 'Taunt', 'Flaunt', 'Joke', 'Oppose', 'Comfort', 'Care', 'Inform', 'Advise', 'Arrange', 'Introduce', 'Leave', 'Prevent', 'Greet', 'Ask for help']
2024-05-19 13:28:47,183 - ID Data preparation...
2024-05-19 13:28:47,593 - OOD Data preparation...
2024-05-19 13:28:47,670 - ============================== Params ==============================
2024-05-19 13:28:47,670 - logger_name: text_maxlogit_MIntRec_multi-class_0
2024-05-19 13:28:47,670 - dataset: MIntRec
2024-05-19 13:28:47,670 - ood_dataset: MIntRec-OOD
2024-05-19 13:28:47,670 - data_mode: multi-class
2024-05-19 13:28:47,670 - multimodal_method: text
2024-05-19 13:28:47,670 - method: text
2024-05-19 13:28:47,670 - ood_detection_method: maxlogit
2024-05-19 13:28:47,670 - text_backbone: bert-base-uncased
2024-05-19 13:28:47,670 - seed: 0
2024-05-19 13:28:47,670 - num_workers: 8
2024-05-19 13:28:47,670 - log_id: text_maxlogit_MIntRec_multi-class_0_2024-05-19-13-28-47
2024-05-19 13:28:47,670 - gpu_id: 3
2024-05-19 13:28:47,670 - data_path: /home/sharing/disk2/sjh/intentDataset
2024-05-19 13:28:47,670 - train: False
2024-05-19 13:28:47,670 - tune: True
2024-05-19 13:28:47,670 - ood: True
2024-05-19 13:28:47,670 - save_model: False
2024-05-19 13:28:47,670 - save_results: True
2024-05-19 13:28:47,670 - log_path: logs
2024-05-19 13:28:47,670 - cache_path: cache
2024-05-19 13:28:47,670 - video_data_path: video_data
2024-05-19 13:28:47,670 - audio_data_path: audio_data
2024-05-19 13:28:47,670 - video_feats_path: swin_feats.pkl
2024-05-19 13:28:47,670 - ood_video_feats_path: swin_feats.pkl
2024-05-19 13:28:47,670 - ood_audio_feats_path: wavlm_feats.pkl
2024-05-19 13:28:47,670 - audio_feats_path: wavlm_feats.pkl
2024-05-19 13:28:47,670 - results_path: results
2024-05-19 13:28:47,670 - output_path: /home/sharing/disk2/sjh/Outputs/OOD_MIntRec/text
2024-05-19 13:28:47,670 - model_path: models
2024-05-19 13:28:47,670 - config_file_name: text_MIntRec
2024-05-19 13:28:47,670 - results_file_name: results_text_MIntRec_ood.csv
2024-05-19 13:28:47,670 - text_pretrained_model: /home/sharing/disk1/pretrained_embedding/bert/uncased_L-12_H-768_A-12/
2024-05-19 13:28:47,670 - text_seq_len: 30
2024-05-19 13:28:47,670 - video_seq_len: 230
2024-05-19 13:28:47,670 - audio_seq_len: 480
2024-05-19 13:28:47,670 - text_feat_dim: 768
2024-05-19 13:28:47,670 - video_feat_dim: 1024
2024-05-19 13:28:47,671 - audio_feat_dim: 768
2024-05-19 13:28:47,671 - ood_label_id: 20
2024-05-19 13:28:47,671 - num_labels: 20
2024-05-19 13:28:47,671 - num_train_examples: 1334
2024-05-19 13:28:47,671 - eval_monitor: acc
2024-05-19 13:28:47,671 - train_batch_size: 32
2024-05-19 13:28:47,671 - eval_batch_size: 16
2024-05-19 13:28:47,671 - test_batch_size: 16
2024-05-19 13:28:47,671 - wait_patience: 5
2024-05-19 13:28:47,671 - num_train_epochs: 100
2024-05-19 13:28:47,671 - multiple_ood: 1
2024-05-19 13:28:47,671 - warmup_proportion: [0.1]
2024-05-19 13:28:47,671 - lr: [2e-05]
2024-05-19 13:28:47,671 - weight_decay: [0.1]
2024-05-19 13:28:47,671 - pred_output_path: /home/sharing/disk2/sjh/Outputs/OOD_MIntRec/text/text_MIntRec_bert-base-uncased_multi-class_0
2024-05-19 13:28:47,671 - model_output_path: /home/sharing/disk2/sjh/Outputs/OOD_MIntRec/text/text_MIntRec_bert-base-uncased_multi-class_0/models
2024-05-19 13:28:47,671 - pretrained_save_model: /home/sharing/disk2/sjh/Outputs/OOD_MIntRec/text/binary_text_MIntRec_bert-base-uncased_0
2024-05-19 13:28:47,671 - ============================== End Params ==============================
2024-05-19 13:28:50,115 - Multimodal Intent Recognition begins...
2024-05-19 13:28:50,115 - Testing begins...
2024-05-19 13:28:52,534 - ***** Out-of-domain Evaluation results *****
2024-05-19 13:28:52,534 -   aupr_in = 0.7291
2024-05-19 13:28:52,534 -   aupr_out = 0.7331
2024-05-19 13:28:52,534 -   auroc = 0.7522
2024-05-19 13:28:52,534 -   der = 0.416
2024-05-19 13:28:52,534 -   eer = 0.3067
2024-05-19 13:28:52,534 -   fpr95 = 0.7867
2024-05-19 13:28:52,534 - Testing is finished...
2024-05-19 13:28:52,534 - Multimodal intent recognition is finished...
2024-05-19 13:28:52,534 - Results are saved in results/results_text_MIntRec_ood.csv
2024-05-19 13:28:52,579 - ============================== Params ==============================
2024-05-19 13:28:52,579 - logger_name: text_maxlogit_MIntRec_multi-class_0
2024-05-19 13:28:52,579 - dataset: MIntRec
2024-05-19 13:28:52,579 - ood_dataset: MIntRec-OOD
2024-05-19 13:28:52,579 - data_mode: multi-class
2024-05-19 13:28:52,579 - multimodal_method: text
2024-05-19 13:28:52,579 - method: text
2024-05-19 13:28:52,579 - ood_detection_method: maxlogit
2024-05-19 13:28:52,579 - text_backbone: bert-base-uncased
2024-05-19 13:28:52,579 - seed: 1
2024-05-19 13:28:52,579 - num_workers: 8
2024-05-19 13:28:52,579 - log_id: text_maxlogit_MIntRec_multi-class_0_2024-05-19-13-28-47
2024-05-19 13:28:52,579 - gpu_id: 3
2024-05-19 13:28:52,579 - data_path: /home/sharing/disk2/sjh/intentDataset
2024-05-19 13:28:52,579 - train: False
2024-05-19 13:28:52,579 - tune: True
2024-05-19 13:28:52,579 - ood: True
2024-05-19 13:28:52,579 - save_model: False
2024-05-19 13:28:52,579 - save_results: True
2024-05-19 13:28:52,579 - log_path: logs
2024-05-19 13:28:52,579 - cache_path: cache
2024-05-19 13:28:52,579 - video_data_path: video_data
2024-05-19 13:28:52,579 - audio_data_path: audio_data
2024-05-19 13:28:52,579 - video_feats_path: swin_feats.pkl
2024-05-19 13:28:52,579 - ood_video_feats_path: swin_feats.pkl
2024-05-19 13:28:52,579 - ood_audio_feats_path: wavlm_feats.pkl
2024-05-19 13:28:52,579 - audio_feats_path: wavlm_feats.pkl
2024-05-19 13:28:52,580 - results_path: results
2024-05-19 13:28:52,580 - output_path: /home/sharing/disk2/sjh/Outputs/OOD_MIntRec/text
2024-05-19 13:28:52,580 - model_path: models
2024-05-19 13:28:52,580 - config_file_name: text_MIntRec
2024-05-19 13:28:52,580 - results_file_name: results_text_MIntRec_ood.csv
2024-05-19 13:28:52,580 - text_pretrained_model: /home/sharing/disk1/pretrained_embedding/bert/uncased_L-12_H-768_A-12/
2024-05-19 13:28:52,580 - text_seq_len: 30
2024-05-19 13:28:52,580 - video_seq_len: 230
2024-05-19 13:28:52,580 - audio_seq_len: 480
2024-05-19 13:28:52,580 - text_feat_dim: 768
2024-05-19 13:28:52,580 - video_feat_dim: 1024
2024-05-19 13:28:52,580 - audio_feat_dim: 768
2024-05-19 13:28:52,580 - ood_label_id: 20
2024-05-19 13:28:52,580 - num_labels: 20
2024-05-19 13:28:52,580 - num_train_examples: 1334
2024-05-19 13:28:52,580 - eval_monitor: acc
2024-05-19 13:28:52,580 - train_batch_size: 32
2024-05-19 13:28:52,580 - eval_batch_size: 16
2024-05-19 13:28:52,580 - test_batch_size: 16
2024-05-19 13:28:52,580 - wait_patience: 5
2024-05-19 13:28:52,580 - num_train_epochs: 100
2024-05-19 13:28:52,580 - multiple_ood: 1
2024-05-19 13:28:52,580 - warmup_proportion: [0.1]
2024-05-19 13:28:52,580 - lr: [2e-05]
2024-05-19 13:28:52,580 - weight_decay: [0.1]
2024-05-19 13:28:52,580 - pred_output_path: /home/sharing/disk2/sjh/Outputs/OOD_MIntRec/text/text_MIntRec_bert-base-uncased_multi-class_1
2024-05-19 13:28:52,580 - model_output_path: /home/sharing/disk2/sjh/Outputs/OOD_MIntRec/text/text_MIntRec_bert-base-uncased_multi-class_1/models
2024-05-19 13:28:52,580 - pretrained_save_model: /home/sharing/disk2/sjh/Outputs/OOD_MIntRec/text/binary_text_MIntRec_bert-base-uncased_1
2024-05-19 13:28:52,580 - ============================== End Params ==============================
2024-05-19 13:28:54,083 - Multimodal Intent Recognition begins...
2024-05-19 13:28:54,083 - Testing begins...
2024-05-19 13:28:55,973 - ***** Out-of-domain Evaluation results *****
2024-05-19 13:28:55,973 -   aupr_in = 0.7399
2024-05-19 13:28:55,974 -   aupr_out = 0.7359
2024-05-19 13:28:55,974 -   auroc = 0.7581
2024-05-19 13:28:55,974 -   der = 0.4083
2024-05-19 13:28:55,974 -   eer = 0.3022
2024-05-19 13:28:55,974 -   fpr95 = 0.7711
2024-05-19 13:28:55,974 - Testing is finished...
2024-05-19 13:28:55,974 - Multimodal intent recognition is finished...
2024-05-19 13:28:55,974 - Results are saved in results/results_text_MIntRec_ood.csv
2024-05-19 13:28:56,006 - ============================== Params ==============================
2024-05-19 13:28:56,006 - logger_name: text_maxlogit_MIntRec_multi-class_0
2024-05-19 13:28:56,006 - dataset: MIntRec
2024-05-19 13:28:56,006 - ood_dataset: MIntRec-OOD
2024-05-19 13:28:56,006 - data_mode: multi-class
2024-05-19 13:28:56,006 - multimodal_method: text
2024-05-19 13:28:56,006 - method: text
2024-05-19 13:28:56,006 - ood_detection_method: maxlogit
2024-05-19 13:28:56,006 - text_backbone: bert-base-uncased
2024-05-19 13:28:56,006 - seed: 2
2024-05-19 13:28:56,006 - num_workers: 8
2024-05-19 13:28:56,006 - log_id: text_maxlogit_MIntRec_multi-class_0_2024-05-19-13-28-47
2024-05-19 13:28:56,006 - gpu_id: 3
2024-05-19 13:28:56,006 - data_path: /home/sharing/disk2/sjh/intentDataset
2024-05-19 13:28:56,006 - train: False
2024-05-19 13:28:56,006 - tune: True
2024-05-19 13:28:56,006 - ood: True
2024-05-19 13:28:56,006 - save_model: False
2024-05-19 13:28:56,006 - save_results: True
2024-05-19 13:28:56,006 - log_path: logs
2024-05-19 13:28:56,006 - cache_path: cache
2024-05-19 13:28:56,006 - video_data_path: video_data
2024-05-19 13:28:56,006 - audio_data_path: audio_data
2024-05-19 13:28:56,006 - video_feats_path: swin_feats.pkl
2024-05-19 13:28:56,006 - ood_video_feats_path: swin_feats.pkl
2024-05-19 13:28:56,006 - ood_audio_feats_path: wavlm_feats.pkl
2024-05-19 13:28:56,006 - audio_feats_path: wavlm_feats.pkl
2024-05-19 13:28:56,006 - results_path: results
2024-05-19 13:28:56,006 - output_path: /home/sharing/disk2/sjh/Outputs/OOD_MIntRec/text
2024-05-19 13:28:56,006 - model_path: models
2024-05-19 13:28:56,006 - config_file_name: text_MIntRec
2024-05-19 13:28:56,006 - results_file_name: results_text_MIntRec_ood.csv
2024-05-19 13:28:56,007 - text_pretrained_model: /home/sharing/disk1/pretrained_embedding/bert/uncased_L-12_H-768_A-12/
2024-05-19 13:28:56,007 - text_seq_len: 30
2024-05-19 13:28:56,007 - video_seq_len: 230
2024-05-19 13:28:56,007 - audio_seq_len: 480
2024-05-19 13:28:56,007 - text_feat_dim: 768
2024-05-19 13:28:56,007 - video_feat_dim: 1024
2024-05-19 13:28:56,007 - audio_feat_dim: 768
2024-05-19 13:28:56,007 - ood_label_id: 20
2024-05-19 13:28:56,007 - num_labels: 20
2024-05-19 13:28:56,007 - num_train_examples: 1334
2024-05-19 13:28:56,007 - eval_monitor: acc
2024-05-19 13:28:56,007 - train_batch_size: 32
2024-05-19 13:28:56,007 - eval_batch_size: 16
2024-05-19 13:28:56,007 - test_batch_size: 16
2024-05-19 13:28:56,007 - wait_patience: 5
2024-05-19 13:28:56,007 - num_train_epochs: 100
2024-05-19 13:28:56,007 - multiple_ood: 1
2024-05-19 13:28:56,007 - warmup_proportion: [0.1]
2024-05-19 13:28:56,007 - lr: [2e-05]
2024-05-19 13:28:56,007 - weight_decay: [0.1]
2024-05-19 13:28:56,007 - pred_output_path: /home/sharing/disk2/sjh/Outputs/OOD_MIntRec/text/text_MIntRec_bert-base-uncased_multi-class_2
2024-05-19 13:28:56,007 - model_output_path: /home/sharing/disk2/sjh/Outputs/OOD_MIntRec/text/text_MIntRec_bert-base-uncased_multi-class_2/models
2024-05-19 13:28:56,007 - pretrained_save_model: /home/sharing/disk2/sjh/Outputs/OOD_MIntRec/text/binary_text_MIntRec_bert-base-uncased_2
2024-05-19 13:28:56,007 - ============================== End Params ==============================
2024-05-19 13:28:57,125 - Multimodal Intent Recognition begins...
2024-05-19 13:28:57,125 - Testing begins...
2024-05-19 13:28:58,903 - ***** Out-of-domain Evaluation results *****
2024-05-19 13:28:58,903 -   aupr_in = 0.7224
2024-05-19 13:28:58,903 -   aupr_out = 0.7024
2024-05-19 13:28:58,903 -   auroc = 0.7285
2024-05-19 13:28:58,903 -   der = 0.4348
2024-05-19 13:28:58,903 -   eer = 0.3333
2024-05-19 13:28:58,903 -   fpr95 = 0.8244
2024-05-19 13:28:58,903 - Testing is finished...
2024-05-19 13:28:58,904 - Multimodal intent recognition is finished...
2024-05-19 13:28:58,904 - Results are saved in results/results_text_MIntRec_ood.csv
2024-05-19 13:28:58,930 - ============================== Params ==============================
2024-05-19 13:28:58,930 - logger_name: text_maxlogit_MIntRec_multi-class_0
2024-05-19 13:28:58,930 - dataset: MIntRec
2024-05-19 13:28:58,930 - ood_dataset: MIntRec-OOD
2024-05-19 13:28:58,930 - data_mode: multi-class
2024-05-19 13:28:58,930 - multimodal_method: text
2024-05-19 13:28:58,930 - method: text
2024-05-19 13:28:58,930 - ood_detection_method: maxlogit
2024-05-19 13:28:58,930 - text_backbone: bert-base-uncased
2024-05-19 13:28:58,930 - seed: 3
2024-05-19 13:28:58,930 - num_workers: 8
2024-05-19 13:28:58,930 - log_id: text_maxlogit_MIntRec_multi-class_0_2024-05-19-13-28-47
2024-05-19 13:28:58,930 - gpu_id: 3
2024-05-19 13:28:58,930 - data_path: /home/sharing/disk2/sjh/intentDataset
2024-05-19 13:28:58,930 - train: False
2024-05-19 13:28:58,930 - tune: True
2024-05-19 13:28:58,930 - ood: True
2024-05-19 13:28:58,930 - save_model: False
2024-05-19 13:28:58,930 - save_results: True
2024-05-19 13:28:58,930 - log_path: logs
2024-05-19 13:28:58,930 - cache_path: cache
2024-05-19 13:28:58,930 - video_data_path: video_data
2024-05-19 13:28:58,930 - audio_data_path: audio_data
2024-05-19 13:28:58,930 - video_feats_path: swin_feats.pkl
2024-05-19 13:28:58,930 - ood_video_feats_path: swin_feats.pkl
2024-05-19 13:28:58,930 - ood_audio_feats_path: wavlm_feats.pkl
2024-05-19 13:28:58,930 - audio_feats_path: wavlm_feats.pkl
2024-05-19 13:28:58,931 - results_path: results
2024-05-19 13:28:58,931 - output_path: /home/sharing/disk2/sjh/Outputs/OOD_MIntRec/text
2024-05-19 13:28:58,931 - model_path: models
2024-05-19 13:28:58,931 - config_file_name: text_MIntRec
2024-05-19 13:28:58,931 - results_file_name: results_text_MIntRec_ood.csv
2024-05-19 13:28:58,931 - text_pretrained_model: /home/sharing/disk1/pretrained_embedding/bert/uncased_L-12_H-768_A-12/
2024-05-19 13:28:58,931 - text_seq_len: 30
2024-05-19 13:28:58,931 - video_seq_len: 230
2024-05-19 13:28:58,931 - audio_seq_len: 480
2024-05-19 13:28:58,931 - text_feat_dim: 768
2024-05-19 13:28:58,931 - video_feat_dim: 1024
2024-05-19 13:28:58,931 - audio_feat_dim: 768
2024-05-19 13:28:58,931 - ood_label_id: 20
2024-05-19 13:28:58,931 - num_labels: 20
2024-05-19 13:28:58,931 - num_train_examples: 1334
2024-05-19 13:28:58,931 - eval_monitor: acc
2024-05-19 13:28:58,931 - train_batch_size: 32
2024-05-19 13:28:58,931 - eval_batch_size: 16
2024-05-19 13:28:58,931 - test_batch_size: 16
2024-05-19 13:28:58,931 - wait_patience: 5
2024-05-19 13:28:58,931 - num_train_epochs: 100
2024-05-19 13:28:58,931 - multiple_ood: 1
2024-05-19 13:28:58,931 - warmup_proportion: [0.1]
2024-05-19 13:28:58,931 - lr: [2e-05]
2024-05-19 13:28:58,931 - weight_decay: [0.1]
2024-05-19 13:28:58,931 - pred_output_path: /home/sharing/disk2/sjh/Outputs/OOD_MIntRec/text/text_MIntRec_bert-base-uncased_multi-class_3
2024-05-19 13:28:58,931 - model_output_path: /home/sharing/disk2/sjh/Outputs/OOD_MIntRec/text/text_MIntRec_bert-base-uncased_multi-class_3/models
2024-05-19 13:28:58,931 - pretrained_save_model: /home/sharing/disk2/sjh/Outputs/OOD_MIntRec/text/binary_text_MIntRec_bert-base-uncased_3
2024-05-19 13:28:58,931 - ============================== End Params ==============================
2024-05-19 13:29:00,058 - Multimodal Intent Recognition begins...
2024-05-19 13:29:00,058 - Testing begins...
2024-05-19 13:29:01,849 - ***** Out-of-domain Evaluation results *****
2024-05-19 13:29:01,849 -   aupr_in = 0.7209
2024-05-19 13:29:01,849 -   aupr_out = 0.7298
2024-05-19 13:29:01,849 -   auroc = 0.7398
2024-05-19 13:29:01,850 -   der = 0.4193
2024-05-19 13:29:01,850 -   eer = 0.3244
2024-05-19 13:29:01,850 -   fpr95 = 0.7933
2024-05-19 13:29:01,850 - Testing is finished...
2024-05-19 13:29:01,850 - Multimodal intent recognition is finished...
2024-05-19 13:29:01,850 - Results are saved in results/results_text_MIntRec_ood.csv
2024-05-19 13:29:01,876 - ============================== Params ==============================
2024-05-19 13:29:01,876 - logger_name: text_maxlogit_MIntRec_multi-class_0
2024-05-19 13:29:01,876 - dataset: MIntRec
2024-05-19 13:29:01,876 - ood_dataset: MIntRec-OOD
2024-05-19 13:29:01,876 - data_mode: multi-class
2024-05-19 13:29:01,876 - multimodal_method: text
2024-05-19 13:29:01,876 - method: text
2024-05-19 13:29:01,876 - ood_detection_method: maxlogit
2024-05-19 13:29:01,876 - text_backbone: bert-base-uncased
2024-05-19 13:29:01,876 - seed: 4
2024-05-19 13:29:01,876 - num_workers: 8
2024-05-19 13:29:01,876 - log_id: text_maxlogit_MIntRec_multi-class_0_2024-05-19-13-28-47
2024-05-19 13:29:01,876 - gpu_id: 3
2024-05-19 13:29:01,876 - data_path: /home/sharing/disk2/sjh/intentDataset
2024-05-19 13:29:01,876 - train: False
2024-05-19 13:29:01,876 - tune: True
2024-05-19 13:29:01,876 - ood: True
2024-05-19 13:29:01,876 - save_model: False
2024-05-19 13:29:01,876 - save_results: True
2024-05-19 13:29:01,876 - log_path: logs
2024-05-19 13:29:01,876 - cache_path: cache
2024-05-19 13:29:01,876 - video_data_path: video_data
2024-05-19 13:29:01,876 - audio_data_path: audio_data
2024-05-19 13:29:01,876 - video_feats_path: swin_feats.pkl
2024-05-19 13:29:01,876 - ood_video_feats_path: swin_feats.pkl
2024-05-19 13:29:01,876 - ood_audio_feats_path: wavlm_feats.pkl
2024-05-19 13:29:01,876 - audio_feats_path: wavlm_feats.pkl
2024-05-19 13:29:01,876 - results_path: results
2024-05-19 13:29:01,876 - output_path: /home/sharing/disk2/sjh/Outputs/OOD_MIntRec/text
2024-05-19 13:29:01,876 - model_path: models
2024-05-19 13:29:01,876 - config_file_name: text_MIntRec
2024-05-19 13:29:01,876 - results_file_name: results_text_MIntRec_ood.csv
2024-05-19 13:29:01,877 - text_pretrained_model: /home/sharing/disk1/pretrained_embedding/bert/uncased_L-12_H-768_A-12/
2024-05-19 13:29:01,877 - text_seq_len: 30
2024-05-19 13:29:01,877 - video_seq_len: 230
2024-05-19 13:29:01,877 - audio_seq_len: 480
2024-05-19 13:29:01,877 - text_feat_dim: 768
2024-05-19 13:29:01,877 - video_feat_dim: 1024
2024-05-19 13:29:01,877 - audio_feat_dim: 768
2024-05-19 13:29:01,877 - ood_label_id: 20
2024-05-19 13:29:01,877 - num_labels: 20
2024-05-19 13:29:01,877 - num_train_examples: 1334
2024-05-19 13:29:01,877 - eval_monitor: acc
2024-05-19 13:29:01,877 - train_batch_size: 32
2024-05-19 13:29:01,877 - eval_batch_size: 16
2024-05-19 13:29:01,877 - test_batch_size: 16
2024-05-19 13:29:01,877 - wait_patience: 5
2024-05-19 13:29:01,877 - num_train_epochs: 100
2024-05-19 13:29:01,877 - multiple_ood: 1
2024-05-19 13:29:01,877 - warmup_proportion: [0.1]
2024-05-19 13:29:01,877 - lr: [2e-05]
2024-05-19 13:29:01,877 - weight_decay: [0.1]
2024-05-19 13:29:01,877 - pred_output_path: /home/sharing/disk2/sjh/Outputs/OOD_MIntRec/text/text_MIntRec_bert-base-uncased_multi-class_4
2024-05-19 13:29:01,877 - model_output_path: /home/sharing/disk2/sjh/Outputs/OOD_MIntRec/text/text_MIntRec_bert-base-uncased_multi-class_4/models
2024-05-19 13:29:01,877 - pretrained_save_model: /home/sharing/disk2/sjh/Outputs/OOD_MIntRec/text/binary_text_MIntRec_bert-base-uncased_4
2024-05-19 13:29:01,877 - ============================== End Params ==============================
2024-05-19 13:29:02,946 - Multimodal Intent Recognition begins...
2024-05-19 13:29:02,946 - Testing begins...
2024-05-19 13:29:04,670 - ***** Out-of-domain Evaluation results *****
2024-05-19 13:29:04,670 -   aupr_in = 0.735
2024-05-19 13:29:04,670 -   aupr_out = 0.7242
2024-05-19 13:29:04,670 -   auroc = 0.7479
2024-05-19 13:29:04,670 -   der = 0.4226
2024-05-19 13:29:04,670 -   eer = 0.3156
2024-05-19 13:29:04,671 -   fpr95 = 0.8022
2024-05-19 13:29:04,671 - Testing is finished...
2024-05-19 13:29:04,671 - Multimodal intent recognition is finished...
2024-05-19 13:29:04,671 - Results are saved in results/results_text_MIntRec_ood.csv
