2024-05-19 13:26:49,856 - Lists of intent labels are: ['Complain', 'Praise', 'Apologise', 'Thank', 'Criticize', 'Agree', 'Taunt', 'Flaunt', 'Joke', 'Oppose', 'Comfort', 'Care', 'Inform', 'Advise', 'Arrange', 'Introduce', 'Leave', 'Prevent', 'Greet', 'Ask for help']
2024-05-19 13:26:49,856 - ID Data preparation...
2024-05-19 13:26:50,267 - OOD Data preparation...
2024-05-19 13:26:50,352 - ============================== Params ==============================
2024-05-19 13:26:50,353 - logger_name: text_ma_MIntRec_multi-class_0
2024-05-19 13:26:50,353 - dataset: MIntRec
2024-05-19 13:26:50,353 - ood_dataset: MIntRec-OOD
2024-05-19 13:26:50,353 - data_mode: multi-class
2024-05-19 13:26:50,353 - multimodal_method: text
2024-05-19 13:26:50,353 - method: text
2024-05-19 13:26:50,353 - ood_detection_method: ma
2024-05-19 13:26:50,353 - text_backbone: bert-base-uncased
2024-05-19 13:26:50,353 - seed: 0
2024-05-19 13:26:50,353 - num_workers: 8
2024-05-19 13:26:50,353 - log_id: text_ma_MIntRec_multi-class_0_2024-05-19-13-26-49
2024-05-19 13:26:50,353 - gpu_id: 3
2024-05-19 13:26:50,353 - data_path: /home/sharing/disk2/sjh/intentDataset
2024-05-19 13:26:50,353 - train: False
2024-05-19 13:26:50,353 - tune: True
2024-05-19 13:26:50,353 - ood: True
2024-05-19 13:26:50,353 - save_model: False
2024-05-19 13:26:50,353 - save_results: True
2024-05-19 13:26:50,353 - log_path: logs
2024-05-19 13:26:50,353 - cache_path: cache
2024-05-19 13:26:50,353 - video_data_path: video_data
2024-05-19 13:26:50,353 - audio_data_path: audio_data
2024-05-19 13:26:50,353 - video_feats_path: swin_feats.pkl
2024-05-19 13:26:50,353 - ood_video_feats_path: swin_feats.pkl
2024-05-19 13:26:50,353 - ood_audio_feats_path: wavlm_feats.pkl
2024-05-19 13:26:50,353 - audio_feats_path: wavlm_feats.pkl
2024-05-19 13:26:50,353 - results_path: results
2024-05-19 13:26:50,353 - output_path: /home/sharing/disk2/sjh/Outputs/OOD_MIntRec/text
2024-05-19 13:26:50,353 - model_path: models
2024-05-19 13:26:50,353 - config_file_name: text_MIntRec
2024-05-19 13:26:50,353 - results_file_name: results_text_MIntRec_ood.csv
2024-05-19 13:26:50,353 - text_pretrained_model: /home/sharing/disk1/pretrained_embedding/bert/uncased_L-12_H-768_A-12/
2024-05-19 13:26:50,353 - text_seq_len: 30
2024-05-19 13:26:50,353 - video_seq_len: 230
2024-05-19 13:26:50,353 - audio_seq_len: 480
2024-05-19 13:26:50,353 - text_feat_dim: 768
2024-05-19 13:26:50,353 - video_feat_dim: 1024
2024-05-19 13:26:50,353 - audio_feat_dim: 768
2024-05-19 13:26:50,353 - ood_label_id: 20
2024-05-19 13:26:50,353 - num_labels: 20
2024-05-19 13:26:50,353 - num_train_examples: 1334
2024-05-19 13:26:50,353 - eval_monitor: acc
2024-05-19 13:26:50,353 - train_batch_size: 32
2024-05-19 13:26:50,354 - eval_batch_size: 16
2024-05-19 13:26:50,354 - test_batch_size: 16
2024-05-19 13:26:50,354 - wait_patience: 5
2024-05-19 13:26:50,354 - num_train_epochs: 100
2024-05-19 13:26:50,354 - multiple_ood: 1
2024-05-19 13:26:50,354 - warmup_proportion: [0.1]
2024-05-19 13:26:50,354 - lr: [2e-05]
2024-05-19 13:26:50,354 - weight_decay: [0.1]
2024-05-19 13:26:50,354 - pred_output_path: /home/sharing/disk2/sjh/Outputs/OOD_MIntRec/text/text_MIntRec_bert-base-uncased_multi-class_0
2024-05-19 13:26:50,354 - model_output_path: /home/sharing/disk2/sjh/Outputs/OOD_MIntRec/text/text_MIntRec_bert-base-uncased_multi-class_0/models
2024-05-19 13:26:50,354 - pretrained_save_model: /home/sharing/disk2/sjh/Outputs/OOD_MIntRec/text/binary_text_MIntRec_bert-base-uncased_0
2024-05-19 13:26:50,354 - ============================== End Params ==============================
2024-05-19 13:26:54,972 - Multimodal Intent Recognition begins...
2024-05-19 13:26:54,972 - Testing begins...
2024-05-19 13:26:58,703 - ***** Out-of-domain Evaluation results *****
2024-05-19 13:26:58,704 -   aupr_in = 0.76
2024-05-19 13:26:58,704 -   aupr_out = 0.7626
2024-05-19 13:26:58,704 -   auroc = 0.7784
2024-05-19 13:26:58,704 -   der = 0.4005
2024-05-19 13:26:58,704 -   eer = 0.2822
2024-05-19 13:26:58,705 -   fpr95 = 0.7556
2024-05-19 13:26:58,705 - Testing is finished...
2024-05-19 13:26:58,705 - Multimodal intent recognition is finished...
2024-05-19 13:26:58,705 - Results are saved in results/results_text_MIntRec_ood.csv
2024-05-19 13:26:58,756 - ============================== Params ==============================
2024-05-19 13:26:58,756 - logger_name: text_ma_MIntRec_multi-class_0
2024-05-19 13:26:58,756 - dataset: MIntRec
2024-05-19 13:26:58,756 - ood_dataset: MIntRec-OOD
2024-05-19 13:26:58,756 - data_mode: multi-class
2024-05-19 13:26:58,757 - multimodal_method: text
2024-05-19 13:26:58,757 - method: text
2024-05-19 13:26:58,757 - ood_detection_method: ma
2024-05-19 13:26:58,757 - text_backbone: bert-base-uncased
2024-05-19 13:26:58,757 - seed: 1
2024-05-19 13:26:58,757 - num_workers: 8
2024-05-19 13:26:58,757 - log_id: text_ma_MIntRec_multi-class_0_2024-05-19-13-26-49
2024-05-19 13:26:58,757 - gpu_id: 3
2024-05-19 13:26:58,757 - data_path: /home/sharing/disk2/sjh/intentDataset
2024-05-19 13:26:58,758 - train: False
2024-05-19 13:26:58,758 - tune: True
2024-05-19 13:26:58,758 - ood: True
2024-05-19 13:26:58,758 - save_model: False
2024-05-19 13:26:58,758 - save_results: True
2024-05-19 13:26:58,758 - log_path: logs
2024-05-19 13:26:58,758 - cache_path: cache
2024-05-19 13:26:58,758 - video_data_path: video_data
2024-05-19 13:26:58,758 - audio_data_path: audio_data
2024-05-19 13:26:58,759 - video_feats_path: swin_feats.pkl
2024-05-19 13:26:58,759 - ood_video_feats_path: swin_feats.pkl
2024-05-19 13:26:58,759 - ood_audio_feats_path: wavlm_feats.pkl
2024-05-19 13:26:58,759 - audio_feats_path: wavlm_feats.pkl
2024-05-19 13:26:58,759 - results_path: results
2024-05-19 13:26:58,759 - output_path: /home/sharing/disk2/sjh/Outputs/OOD_MIntRec/text
2024-05-19 13:26:58,759 - model_path: models
2024-05-19 13:26:58,759 - config_file_name: text_MIntRec
2024-05-19 13:26:58,759 - results_file_name: results_text_MIntRec_ood.csv
2024-05-19 13:26:58,759 - text_pretrained_model: /home/sharing/disk1/pretrained_embedding/bert/uncased_L-12_H-768_A-12/
2024-05-19 13:26:58,760 - text_seq_len: 30
2024-05-19 13:26:58,760 - video_seq_len: 230
2024-05-19 13:26:58,760 - audio_seq_len: 480
2024-05-19 13:26:58,760 - text_feat_dim: 768
2024-05-19 13:26:58,760 - video_feat_dim: 1024
2024-05-19 13:26:58,760 - audio_feat_dim: 768
2024-05-19 13:26:58,760 - ood_label_id: 20
2024-05-19 13:26:58,760 - num_labels: 20
2024-05-19 13:26:58,760 - num_train_examples: 1334
2024-05-19 13:26:58,761 - eval_monitor: acc
2024-05-19 13:26:58,761 - train_batch_size: 32
2024-05-19 13:26:58,761 - eval_batch_size: 16
2024-05-19 13:26:58,761 - test_batch_size: 16
2024-05-19 13:26:58,761 - wait_patience: 5
2024-05-19 13:26:58,761 - num_train_epochs: 100
2024-05-19 13:26:58,761 - multiple_ood: 1
2024-05-19 13:26:58,761 - warmup_proportion: [0.1]
2024-05-19 13:26:58,761 - lr: [2e-05]
2024-05-19 13:26:58,762 - weight_decay: [0.1]
2024-05-19 13:26:58,762 - pred_output_path: /home/sharing/disk2/sjh/Outputs/OOD_MIntRec/text/text_MIntRec_bert-base-uncased_multi-class_1
2024-05-19 13:26:58,762 - model_output_path: /home/sharing/disk2/sjh/Outputs/OOD_MIntRec/text/text_MIntRec_bert-base-uncased_multi-class_1/models
2024-05-19 13:26:58,762 - pretrained_save_model: /home/sharing/disk2/sjh/Outputs/OOD_MIntRec/text/binary_text_MIntRec_bert-base-uncased_1
2024-05-19 13:26:58,762 - ============================== End Params ==============================
2024-05-19 13:27:02,987 - Multimodal Intent Recognition begins...
2024-05-19 13:27:02,987 - Testing begins...
2024-05-19 13:27:06,630 - ***** Out-of-domain Evaluation results *****
2024-05-19 13:27:06,631 -   aupr_in = 0.7597
2024-05-19 13:27:06,631 -   aupr_out = 0.7663
2024-05-19 13:27:06,631 -   auroc = 0.7803
2024-05-19 13:27:06,631 -   der = 0.3707
2024-05-19 13:27:06,631 -   eer = 0.2844
2024-05-19 13:27:06,631 -   fpr95 = 0.6956
2024-05-19 13:27:06,631 - Testing is finished...
2024-05-19 13:27:06,631 - Multimodal intent recognition is finished...
2024-05-19 13:27:06,631 - Results are saved in results/results_text_MIntRec_ood.csv
2024-05-19 13:27:06,672 - ============================== Params ==============================
2024-05-19 13:27:06,672 - logger_name: text_ma_MIntRec_multi-class_0
2024-05-19 13:27:06,672 - dataset: MIntRec
2024-05-19 13:27:06,672 - ood_dataset: MIntRec-OOD
2024-05-19 13:27:06,673 - data_mode: multi-class
2024-05-19 13:27:06,673 - multimodal_method: text
2024-05-19 13:27:06,673 - method: text
2024-05-19 13:27:06,673 - ood_detection_method: ma
2024-05-19 13:27:06,673 - text_backbone: bert-base-uncased
2024-05-19 13:27:06,673 - seed: 2
2024-05-19 13:27:06,673 - num_workers: 8
2024-05-19 13:27:06,673 - log_id: text_ma_MIntRec_multi-class_0_2024-05-19-13-26-49
2024-05-19 13:27:06,673 - gpu_id: 3
2024-05-19 13:27:06,673 - data_path: /home/sharing/disk2/sjh/intentDataset
2024-05-19 13:27:06,673 - train: False
2024-05-19 13:27:06,673 - tune: True
2024-05-19 13:27:06,673 - ood: True
2024-05-19 13:27:06,673 - save_model: False
2024-05-19 13:27:06,673 - save_results: True
2024-05-19 13:27:06,674 - log_path: logs
2024-05-19 13:27:06,674 - cache_path: cache
2024-05-19 13:27:06,674 - video_data_path: video_data
2024-05-19 13:27:06,674 - audio_data_path: audio_data
2024-05-19 13:27:06,674 - video_feats_path: swin_feats.pkl
2024-05-19 13:27:06,674 - ood_video_feats_path: swin_feats.pkl
2024-05-19 13:27:06,674 - ood_audio_feats_path: wavlm_feats.pkl
2024-05-19 13:27:06,674 - audio_feats_path: wavlm_feats.pkl
2024-05-19 13:27:06,674 - results_path: results
2024-05-19 13:27:06,674 - output_path: /home/sharing/disk2/sjh/Outputs/OOD_MIntRec/text
2024-05-19 13:27:06,674 - model_path: models
2024-05-19 13:27:06,674 - config_file_name: text_MIntRec
2024-05-19 13:27:06,674 - results_file_name: results_text_MIntRec_ood.csv
2024-05-19 13:27:06,674 - text_pretrained_model: /home/sharing/disk1/pretrained_embedding/bert/uncased_L-12_H-768_A-12/
2024-05-19 13:27:06,674 - text_seq_len: 30
2024-05-19 13:27:06,674 - video_seq_len: 230
2024-05-19 13:27:06,674 - audio_seq_len: 480
2024-05-19 13:27:06,675 - text_feat_dim: 768
2024-05-19 13:27:06,675 - video_feat_dim: 1024
2024-05-19 13:27:06,675 - audio_feat_dim: 768
2024-05-19 13:27:06,675 - ood_label_id: 20
2024-05-19 13:27:06,675 - num_labels: 20
2024-05-19 13:27:06,675 - num_train_examples: 1334
2024-05-19 13:27:06,675 - eval_monitor: acc
2024-05-19 13:27:06,675 - train_batch_size: 32
2024-05-19 13:27:06,675 - eval_batch_size: 16
2024-05-19 13:27:06,675 - test_batch_size: 16
2024-05-19 13:27:06,675 - wait_patience: 5
2024-05-19 13:27:06,675 - num_train_epochs: 100
2024-05-19 13:27:06,675 - multiple_ood: 1
2024-05-19 13:27:06,675 - warmup_proportion: [0.1]
2024-05-19 13:27:06,675 - lr: [2e-05]
2024-05-19 13:27:06,676 - weight_decay: [0.1]
2024-05-19 13:27:06,676 - pred_output_path: /home/sharing/disk2/sjh/Outputs/OOD_MIntRec/text/text_MIntRec_bert-base-uncased_multi-class_2
2024-05-19 13:27:06,676 - model_output_path: /home/sharing/disk2/sjh/Outputs/OOD_MIntRec/text/text_MIntRec_bert-base-uncased_multi-class_2/models
2024-05-19 13:27:06,676 - pretrained_save_model: /home/sharing/disk2/sjh/Outputs/OOD_MIntRec/text/binary_text_MIntRec_bert-base-uncased_2
2024-05-19 13:27:06,676 - ============================== End Params ==============================
2024-05-19 13:27:10,867 - Multimodal Intent Recognition begins...
2024-05-19 13:27:10,867 - Testing begins...
2024-05-19 13:27:14,326 - ***** Out-of-domain Evaluation results *****
2024-05-19 13:27:14,326 -   aupr_in = 0.7592
2024-05-19 13:27:14,326 -   aupr_out = 0.7697
2024-05-19 13:27:14,326 -   auroc = 0.776
2024-05-19 13:27:14,326 -   der = 0.4092
2024-05-19 13:27:14,327 -   eer = 0.2844
2024-05-19 13:27:14,327 -   fpr95 = 0.7733
2024-05-19 13:27:14,327 - Testing is finished...
2024-05-19 13:27:14,327 - Multimodal intent recognition is finished...
2024-05-19 13:27:14,327 - Results are saved in results/results_text_MIntRec_ood.csv
2024-05-19 13:27:14,361 - ============================== Params ==============================
2024-05-19 13:27:14,361 - logger_name: text_ma_MIntRec_multi-class_0
2024-05-19 13:27:14,361 - dataset: MIntRec
2024-05-19 13:27:14,361 - ood_dataset: MIntRec-OOD
2024-05-19 13:27:14,361 - data_mode: multi-class
2024-05-19 13:27:14,361 - multimodal_method: text
2024-05-19 13:27:14,361 - method: text
2024-05-19 13:27:14,361 - ood_detection_method: ma
2024-05-19 13:27:14,361 - text_backbone: bert-base-uncased
2024-05-19 13:27:14,362 - seed: 3
2024-05-19 13:27:14,362 - num_workers: 8
2024-05-19 13:27:14,362 - log_id: text_ma_MIntRec_multi-class_0_2024-05-19-13-26-49
2024-05-19 13:27:14,362 - gpu_id: 3
2024-05-19 13:27:14,362 - data_path: /home/sharing/disk2/sjh/intentDataset
2024-05-19 13:27:14,362 - train: False
2024-05-19 13:27:14,362 - tune: True
2024-05-19 13:27:14,362 - ood: True
2024-05-19 13:27:14,362 - save_model: False
2024-05-19 13:27:14,362 - save_results: True
2024-05-19 13:27:14,363 - log_path: logs
2024-05-19 13:27:14,363 - cache_path: cache
2024-05-19 13:27:14,363 - video_data_path: video_data
2024-05-19 13:27:14,363 - audio_data_path: audio_data
2024-05-19 13:27:14,363 - video_feats_path: swin_feats.pkl
2024-05-19 13:27:14,363 - ood_video_feats_path: swin_feats.pkl
2024-05-19 13:27:14,363 - ood_audio_feats_path: wavlm_feats.pkl
2024-05-19 13:27:14,363 - audio_feats_path: wavlm_feats.pkl
2024-05-19 13:27:14,363 - results_path: results
2024-05-19 13:27:14,363 - output_path: /home/sharing/disk2/sjh/Outputs/OOD_MIntRec/text
2024-05-19 13:27:14,363 - model_path: models
2024-05-19 13:27:14,364 - config_file_name: text_MIntRec
2024-05-19 13:27:14,364 - results_file_name: results_text_MIntRec_ood.csv
2024-05-19 13:27:14,364 - text_pretrained_model: /home/sharing/disk1/pretrained_embedding/bert/uncased_L-12_H-768_A-12/
2024-05-19 13:27:14,364 - text_seq_len: 30
2024-05-19 13:27:14,364 - video_seq_len: 230
2024-05-19 13:27:14,364 - audio_seq_len: 480
2024-05-19 13:27:14,364 - text_feat_dim: 768
2024-05-19 13:27:14,364 - video_feat_dim: 1024
2024-05-19 13:27:14,364 - audio_feat_dim: 768
2024-05-19 13:27:14,364 - ood_label_id: 20
2024-05-19 13:27:14,364 - num_labels: 20
2024-05-19 13:27:14,365 - num_train_examples: 1334
2024-05-19 13:27:14,365 - eval_monitor: acc
2024-05-19 13:27:14,365 - train_batch_size: 32
2024-05-19 13:27:14,365 - eval_batch_size: 16
2024-05-19 13:27:14,365 - test_batch_size: 16
2024-05-19 13:27:14,365 - wait_patience: 5
2024-05-19 13:27:14,365 - num_train_epochs: 100
2024-05-19 13:27:14,365 - multiple_ood: 1
2024-05-19 13:27:14,365 - warmup_proportion: [0.1]
2024-05-19 13:27:14,365 - lr: [2e-05]
2024-05-19 13:27:14,365 - weight_decay: [0.1]
2024-05-19 13:27:14,365 - pred_output_path: /home/sharing/disk2/sjh/Outputs/OOD_MIntRec/text/text_MIntRec_bert-base-uncased_multi-class_3
2024-05-19 13:27:14,366 - model_output_path: /home/sharing/disk2/sjh/Outputs/OOD_MIntRec/text/text_MIntRec_bert-base-uncased_multi-class_3/models
2024-05-19 13:27:14,366 - pretrained_save_model: /home/sharing/disk2/sjh/Outputs/OOD_MIntRec/text/binary_text_MIntRec_bert-base-uncased_3
2024-05-19 13:27:14,366 - ============================== End Params ==============================
2024-05-19 13:27:18,369 - Multimodal Intent Recognition begins...
2024-05-19 13:27:18,370 - Testing begins...
2024-05-19 13:27:21,698 - ***** Out-of-domain Evaluation results *****
2024-05-19 13:27:21,698 -   aupr_in = 0.7523
2024-05-19 13:27:21,698 -   aupr_out = 0.7737
2024-05-19 13:27:21,698 -   auroc = 0.7808
2024-05-19 13:27:21,698 -   der = 0.3961
2024-05-19 13:27:21,699 -   eer = 0.2778
2024-05-19 13:27:21,699 -   fpr95 = 0.7467
2024-05-19 13:27:21,699 - Testing is finished...
2024-05-19 13:27:21,699 - Multimodal intent recognition is finished...
2024-05-19 13:27:21,699 - Results are saved in results/results_text_MIntRec_ood.csv
2024-05-19 13:27:21,733 - ============================== Params ==============================
2024-05-19 13:27:21,734 - logger_name: text_ma_MIntRec_multi-class_0
2024-05-19 13:27:21,734 - dataset: MIntRec
2024-05-19 13:27:21,734 - ood_dataset: MIntRec-OOD
2024-05-19 13:27:21,734 - data_mode: multi-class
2024-05-19 13:27:21,734 - multimodal_method: text
2024-05-19 13:27:21,734 - method: text
2024-05-19 13:27:21,734 - ood_detection_method: ma
2024-05-19 13:27:21,734 - text_backbone: bert-base-uncased
2024-05-19 13:27:21,734 - seed: 4
2024-05-19 13:27:21,735 - num_workers: 8
2024-05-19 13:27:21,735 - log_id: text_ma_MIntRec_multi-class_0_2024-05-19-13-26-49
2024-05-19 13:27:21,735 - gpu_id: 3
2024-05-19 13:27:21,735 - data_path: /home/sharing/disk2/sjh/intentDataset
2024-05-19 13:27:21,735 - train: False
2024-05-19 13:27:21,735 - tune: True
2024-05-19 13:27:21,735 - ood: True
2024-05-19 13:27:21,735 - save_model: False
2024-05-19 13:27:21,735 - save_results: True
2024-05-19 13:27:21,735 - log_path: logs
2024-05-19 13:27:21,735 - cache_path: cache
2024-05-19 13:27:21,736 - video_data_path: video_data
2024-05-19 13:27:21,736 - audio_data_path: audio_data
2024-05-19 13:27:21,736 - video_feats_path: swin_feats.pkl
2024-05-19 13:27:21,736 - ood_video_feats_path: swin_feats.pkl
2024-05-19 13:27:21,736 - ood_audio_feats_path: wavlm_feats.pkl
2024-05-19 13:27:21,736 - audio_feats_path: wavlm_feats.pkl
2024-05-19 13:27:21,736 - results_path: results
2024-05-19 13:27:21,736 - output_path: /home/sharing/disk2/sjh/Outputs/OOD_MIntRec/text
2024-05-19 13:27:21,736 - model_path: models
2024-05-19 13:27:21,736 - config_file_name: text_MIntRec
2024-05-19 13:27:21,736 - results_file_name: results_text_MIntRec_ood.csv
2024-05-19 13:27:21,737 - text_pretrained_model: /home/sharing/disk1/pretrained_embedding/bert/uncased_L-12_H-768_A-12/
2024-05-19 13:27:21,737 - text_seq_len: 30
2024-05-19 13:27:21,737 - video_seq_len: 230
2024-05-19 13:27:21,737 - audio_seq_len: 480
2024-05-19 13:27:21,737 - text_feat_dim: 768
2024-05-19 13:27:21,737 - video_feat_dim: 1024
2024-05-19 13:27:21,737 - audio_feat_dim: 768
2024-05-19 13:27:21,737 - ood_label_id: 20
2024-05-19 13:27:21,737 - num_labels: 20
2024-05-19 13:27:21,737 - num_train_examples: 1334
2024-05-19 13:27:21,737 - eval_monitor: acc
2024-05-19 13:27:21,737 - train_batch_size: 32
2024-05-19 13:27:21,738 - eval_batch_size: 16
2024-05-19 13:27:21,738 - test_batch_size: 16
2024-05-19 13:27:21,738 - wait_patience: 5
2024-05-19 13:27:21,738 - num_train_epochs: 100
2024-05-19 13:27:21,738 - multiple_ood: 1
2024-05-19 13:27:21,738 - warmup_proportion: [0.1]
2024-05-19 13:27:21,738 - lr: [2e-05]
2024-05-19 13:27:21,738 - weight_decay: [0.1]
2024-05-19 13:27:21,738 - pred_output_path: /home/sharing/disk2/sjh/Outputs/OOD_MIntRec/text/text_MIntRec_bert-base-uncased_multi-class_4
2024-05-19 13:27:21,738 - model_output_path: /home/sharing/disk2/sjh/Outputs/OOD_MIntRec/text/text_MIntRec_bert-base-uncased_multi-class_4/models
2024-05-19 13:27:21,738 - pretrained_save_model: /home/sharing/disk2/sjh/Outputs/OOD_MIntRec/text/binary_text_MIntRec_bert-base-uncased_4
2024-05-19 13:27:21,739 - ============================== End Params ==============================
2024-05-19 13:27:25,598 - Multimodal Intent Recognition begins...
2024-05-19 13:27:25,598 - Testing begins...
2024-05-19 13:27:29,367 - ***** Out-of-domain Evaluation results *****
2024-05-19 13:27:29,367 -   aupr_in = 0.7517
2024-05-19 13:27:29,367 -   aupr_out = 0.7601
2024-05-19 13:27:29,368 -   auroc = 0.7743
2024-05-19 13:27:29,368 -   der = 0.3884
2024-05-19 13:27:29,368 -   eer = 0.2867
2024-05-19 13:27:29,368 -   fpr95 = 0.7311
2024-05-19 13:27:29,368 - Testing is finished...
2024-05-19 13:27:29,368 - Multimodal intent recognition is finished...
2024-05-19 13:27:29,368 - Results are saved in results/results_text_MIntRec_ood.csv
