2024-03-16 14:30:44,328 - ============================== Params ==============================
2024-03-16 14:30:44,329 - logger_name: mag_bert_MIntRec2_multi-class_seed-4_2024-03-16-14-30-44
2024-03-16 14:30:44,329 - dataset: MIntRec2
2024-03-16 14:30:44,329 - data_mode: multi-class
2024-03-16 14:30:44,329 - method: mag_bert
2024-03-16 14:30:44,329 - text_backbone: bert-base-uncased
2024-03-16 14:30:44,329 - text_backbone_path: /home/sharing/disk1/pretrained_embedding/bert/uncased_L-12_H-768_A-12/
2024-03-16 14:30:44,329 - seed: 4
2024-03-16 14:30:44,329 - num_workers: 8
2024-03-16 14:30:44,329 - gpu_id: 2
2024-03-16 14:30:44,329 - data_path: /home/sharing/disk2/sjh/intentDataset
2024-03-16 14:30:44,329 - train: True
2024-03-16 14:30:44,329 - tune: True
2024-03-16 14:30:44,329 - save_model: False
2024-03-16 14:30:44,329 - save_results: True
2024-03-16 14:30:44,329 - log_path: logs
2024-03-16 14:30:44,329 - cache_path: 
2024-03-16 14:30:44,329 - video_data_path: video_data
2024-03-16 14:30:44,329 - audio_data_path: audio_data
2024-03-16 14:30:44,329 - video_feats_path: video_feats.pkl
2024-03-16 14:30:44,329 - audio_feats_path: audio_feats.pkl
2024-03-16 14:30:44,329 - results_path: results
2024-03-16 14:30:44,329 - output_path: /home/sharing/disk2/sjh/Outputs/MIntRec2
2024-03-16 14:30:44,329 - model_path: models
2024-03-16 14:30:44,329 - config_file_name: mag_bert_MIntRec2
2024-03-16 14:30:44,329 - results_file_name: mag_bert.csv
2024-03-16 14:30:44,329 - padding_mode: zero
2024-03-16 14:30:44,329 - padding_loc: end
2024-03-16 14:30:44,329 - need_aligned: True
2024-03-16 14:30:44,329 - eval_monitor: f1
2024-03-16 14:30:44,329 - train_batch_size: 32
2024-03-16 14:30:44,329 - eval_batch_size: 16
2024-03-16 14:30:44,329 - test_batch_size: 16
2024-03-16 14:30:44,329 - wait_patience: 8
2024-03-16 14:30:44,329 - num_train_epochs: 100
2024-03-16 14:30:44,329 - beta_shift: 0.01
2024-03-16 14:30:44,329 - dropout_prob: 0.5
2024-03-16 14:30:44,329 - warmup_proportion: 0.01
2024-03-16 14:30:44,329 - lr: 2e-05
2024-03-16 14:30:44,329 - aligned_method: conv1d
2024-03-16 14:30:44,329 - weight_decay: 0.01
2024-03-16 14:30:44,329 - pred_output_path: /home/sharing/disk2/sjh/Outputs/MIntRec2/mag_bert_MIntRec2_multi-class_seed-4_2024-03-16-14-30-44
2024-03-16 14:30:44,330 - model_output_path: /home/sharing/disk2/sjh/Outputs/MIntRec2/mag_bert_MIntRec2_multi-class_seed-4_2024-03-16-14-30-44/models
2024-03-16 14:30:44,330 - num_labels: 30
2024-03-16 14:30:44,330 - text_feat_dim: 768
2024-03-16 14:30:44,330 - video_feat_dim: 256
2024-03-16 14:30:44,330 - audio_feat_dim: 768
2024-03-16 14:30:44,330 - text_seq_len: 50
2024-03-16 14:30:44,330 - video_seq_len: 180
2024-03-16 14:30:44,330 - audio_seq_len: 400
2024-03-16 14:30:44,330 - device: cuda:2
2024-03-16 14:30:44,330 - ============================== End Params ==============================
2024-03-16 14:30:44,343 - Generate Text Features Begin...
2024-03-16 14:30:45,935 - Generate Text Features Finished...
2024-03-16 14:30:45,936 - Load Video Features Begin...
2024-03-16 14:30:46,922 - Load Video Features Finished...
2024-03-16 14:30:48,365 - Load Audio Features Begin...
2024-03-16 14:30:52,077 - Load Audio Features Finished...
2024-03-16 14:31:01,777 - method  begins...
2024-03-16 14:31:02,663 - Multimodal intent recognition begins...
2024-03-16 14:31:02,663 - Training begins...
2024-03-16 14:31:37,871 - ***** Epoch: 1: Eval results *****
2024-03-16 14:31:37,872 -   train_loss = 2.7379
2024-03-16 14:31:37,872 -   best_eval_score = 0.0
2024-03-16 14:31:37,872 -   eval_score = 0.3203
2024-03-16 14:32:14,909 - ***** Epoch: 2: Eval results *****
2024-03-16 14:32:14,910 -   train_loss = 1.6813
2024-03-16 14:32:14,910 -   best_eval_score = 0.3203
2024-03-16 14:32:14,910 -   eval_score = 0.407
2024-03-16 14:32:49,419 - ***** Epoch: 3: Eval results *****
2024-03-16 14:32:49,420 -   train_loss = 1.2957
2024-03-16 14:32:49,420 -   best_eval_score = 0.407
2024-03-16 14:32:49,420 -   eval_score = 0.4558
2024-03-16 14:33:26,385 - ***** Epoch: 4: Eval results *****
2024-03-16 14:33:26,385 -   train_loss = 1.0427
2024-03-16 14:33:26,385 -   best_eval_score = 0.4558
2024-03-16 14:33:26,385 -   eval_score = 0.4828
2024-03-16 14:34:00,801 - ***** Epoch: 5: Eval results *****
2024-03-16 14:34:00,802 -   train_loss = 0.8401
2024-03-16 14:34:00,802 -   best_eval_score = 0.4828
2024-03-16 14:34:00,802 -   eval_score = 0.4781
2024-03-16 14:34:00,802 - EarlyStopping counter: 1 out of 8
2024-03-16 14:34:38,887 - ***** Epoch: 6: Eval results *****
2024-03-16 14:34:38,887 -   train_loss = 0.6542
2024-03-16 14:34:38,887 -   best_eval_score = 0.4828
2024-03-16 14:34:38,887 -   eval_score = 0.4955
2024-03-16 14:35:14,095 - ***** Epoch: 7: Eval results *****
2024-03-16 14:35:14,096 -   train_loss = 0.5179
2024-03-16 14:35:14,096 -   best_eval_score = 0.4955
2024-03-16 14:35:14,096 -   eval_score = 0.5093
2024-03-16 14:35:52,275 - ***** Epoch: 8: Eval results *****
2024-03-16 14:35:52,275 -   train_loss = 0.4022
2024-03-16 14:35:52,275 -   best_eval_score = 0.5093
2024-03-16 14:35:52,275 -   eval_score = 0.4996
2024-03-16 14:35:52,275 - EarlyStopping counter: 1 out of 8
2024-03-16 14:36:27,987 - ***** Epoch: 9: Eval results *****
2024-03-16 14:36:27,987 -   train_loss = 0.3167
2024-03-16 14:36:27,987 -   best_eval_score = 0.5093
2024-03-16 14:36:27,987 -   eval_score = 0.5132
2024-03-16 14:37:05,438 - ***** Epoch: 10: Eval results *****
2024-03-16 14:37:05,438 -   train_loss = 0.2553
2024-03-16 14:37:05,438 -   best_eval_score = 0.5132
2024-03-16 14:37:05,438 -   eval_score = 0.5074
2024-03-16 14:37:05,438 - EarlyStopping counter: 1 out of 8
2024-03-16 14:37:41,335 - ***** Epoch: 11: Eval results *****
2024-03-16 14:37:41,335 -   train_loss = 0.1994
2024-03-16 14:37:41,335 -   best_eval_score = 0.5132
2024-03-16 14:37:41,335 -   eval_score = 0.5037
2024-03-16 14:37:41,335 - EarlyStopping counter: 2 out of 8
2024-03-16 14:38:18,027 - ***** Epoch: 12: Eval results *****
2024-03-16 14:38:18,027 -   train_loss = 0.1771
2024-03-16 14:38:18,027 -   best_eval_score = 0.5132
2024-03-16 14:38:18,027 -   eval_score = 0.5221
2024-03-16 14:38:54,126 - ***** Epoch: 13: Eval results *****
2024-03-16 14:38:54,126 -   train_loss = 0.1563
2024-03-16 14:38:54,126 -   best_eval_score = 0.5221
2024-03-16 14:38:54,126 -   eval_score = 0.5049
2024-03-16 14:38:54,126 - EarlyStopping counter: 1 out of 8
2024-03-16 14:39:29,823 - ***** Epoch: 14: Eval results *****
2024-03-16 14:39:29,823 -   train_loss = 0.1218
2024-03-16 14:39:29,823 -   best_eval_score = 0.5221
2024-03-16 14:39:29,823 -   eval_score = 0.497
2024-03-16 14:39:29,824 - EarlyStopping counter: 2 out of 8
2024-03-16 14:40:04,548 - ***** Epoch: 15: Eval results *****
2024-03-16 14:40:04,549 -   train_loss = 0.1137
2024-03-16 14:40:04,549 -   best_eval_score = 0.5221
2024-03-16 14:40:04,550 -   eval_score = 0.498
2024-03-16 14:40:04,550 - EarlyStopping counter: 3 out of 8
2024-03-16 14:40:42,473 - ***** Epoch: 16: Eval results *****
2024-03-16 14:40:42,473 -   train_loss = 0.1012
2024-03-16 14:40:42,473 -   best_eval_score = 0.5221
2024-03-16 14:40:42,474 -   eval_score = 0.4927
2024-03-16 14:40:42,474 - EarlyStopping counter: 4 out of 8
2024-03-16 14:41:21,068 - ***** Epoch: 17: Eval results *****
2024-03-16 14:41:21,068 -   train_loss = 0.1051
2024-03-16 14:41:21,069 -   best_eval_score = 0.5221
2024-03-16 14:41:21,069 -   eval_score = 0.5034
2024-03-16 14:41:21,069 - EarlyStopping counter: 5 out of 8
2024-03-16 14:41:56,300 - ***** Epoch: 18: Eval results *****
2024-03-16 14:41:56,300 -   train_loss = 0.0911
2024-03-16 14:41:56,300 -   best_eval_score = 0.5221
2024-03-16 14:41:56,300 -   eval_score = 0.5019
2024-03-16 14:41:56,300 - EarlyStopping counter: 6 out of 8
2024-03-16 14:42:30,868 - ***** Epoch: 19: Eval results *****
2024-03-16 14:42:30,869 -   train_loss = 0.0809
2024-03-16 14:42:30,869 -   best_eval_score = 0.5221
2024-03-16 14:42:30,869 -   eval_score = 0.4936
2024-03-16 14:42:30,870 - EarlyStopping counter: 7 out of 8
2024-03-16 14:43:07,066 - ***** Epoch: 20: Eval results *****
2024-03-16 14:43:07,066 -   train_loss = 0.0741
2024-03-16 14:43:07,066 -   best_eval_score = 0.5221
2024-03-16 14:43:07,066 -   eval_score = 0.5016
2024-03-16 14:43:07,066 - EarlyStopping counter: 8 out of 8
2024-03-16 14:43:07,066 - EarlyStopping at epoch 20
2024-03-16 14:43:07,068 - Training is finished...
2024-03-16 14:43:07,069 - Testing begins...
2024-03-16 14:43:16,129 - ***** Test: Confusion Matrix *****
2024-03-16 14:43:16,138 - [[ 50   0  13   0   0   0   0   0   0   1   2   0   0   0   0   0   0   1
    0   0   0   0   1   0   0   0   0   0   0   0]
 [  0  53   0   0  10   2   5   0   2   0   1   2   4   0   5   0   0   6
    0   0   1   0   1   0   3   0   0   2   0   0]
 [  8   1  43   0   0   0   0   0   0   0   1   1   0   2   0   0   0   3
    0   0   0   2   0   1   1   0   0   1   0   0]
 [  0   0   0  63   0   0   0   1   0   0   0   0   0   0   1   0   0   0
    0   0   0   0   0   0   0   0   0   0   0   0]
 [  0   5   0   0  28   2   0   0   1   1   0   0   0   0   1   0   0   5
    0   0   0   2   1   1   1   1   0   0   1   1]
 [  0   1   0   0   1  25   0   0   1   2   2   0   0   0   0   0   0   2
    0   1   0   0   0   1   0   0   1   0   0   0]
 [  0   1   0   0   0   5  24  10   0   0   4   0   4   0   0   0   0   0
    0   0   0   0   0   0   0   0   0   0   0   0]
 [  0   0   0   0   0   2   3  23   0   0   7   0   5   0   0   0   4   0
    0   0   0   0   1   0   1   0   0   1   0   0]
 [  2   1   1   3   1   0   0   1  25   1   0   2   0   1   2   0   0   5
    0   0   0   0   2   0   2   0   0   0   0   0]
 [  0   0   1   0   1   0   1   0   2  49   0   5   7   0  17   0   0   4
    2   0   1   4   4   1   1   0   0   6   0   1]
 [  0   0   0   0   0   5   1   2   2   1  47   0  27   0   2   0   1   2
    0   3   0   0   0   0   0   0   0   0   0   0]
 [  0   0   0   0   0   0   0   1   0   9   0  18   9   1   1   0   0   3
    0   0   1   0   3   0   0   0   0   1   0   0]
 [  0   2   0   0   0   1   4   6   0   4  22   2  89   0   0   0   2   0
    0   0   0   0   1   0   0   0   0   2   0   0]
 [  0   0   2   0   1   0   0   0   0   2   0   0   0   1   3   3   0   2
    1   0   0   0   2   0   0   0   0   0   0   0]
 [  0   2   0   3   0   3   1   1   4  10   2   1   1   0 115   2   0  26
    3   0   2   0   8   2   2   0   1   4   0   0]
 [  0   0   2   0   0   0   0   0   0   3   0   0   0   0   3   6   0   2
    2   0   0   1   1   0   0   0   0   1   1   0]
 [  0   0   0   0   1   0   0   0   0   0   2   0   1   0   0   1  59   0
    2   0   0   0   0   0   0   0   0   0   0   0]
 [  1   6   2   0   9   4   0   0   4  15   1   1   1   1  20   4   0 117
    5   0   1   4   6  10   0   0   2   1   1   1]
 [  0   2   0   0   0   1   0   0   0   3   1   0   0   1   8   1   3  14
   23   0   0   0   1   0   1   0   0   1   0   0]
 [  0   6   0   0   1   0   2   0   0   0   1   0   0   0   0   0   0   0
    0   4   0   3   0   0   0   0   0   0   0   0]
 [  0   2   2   0   1   0   0   0   0   0   0   0   1   0   5   0   0   5
    3   0   5   0   0   1   2   0   0   2   0   0]
 [  6   1   0   0   1   0   0   0   0   4   0   0   0   0   2   0   4   1
    0   0   1  24   1   5   0   0   1   1   0   1]
 [  0   0   1   1   0   0   0   0   1   5   1   4   1   0   7   0   0   4
    0   0   0   0  81   0   2   1   8   0   0   0]
 [  0   2   1   0   1   1   0   0   0   2   0   0   0   0   0   0   0   7
    0   0   0   3   0  21   0   0   0   0   0   0]
 [  2   0   2   0   0   0   0   0   3   2   0   4   0   0   3   1   0   4
    0   0   0   0   1   0  83   0   0   6   2   0]
 [  1   0   0   0   1   0   0   0   0   0   0   1   0   0   0   0   0   1
    0   0   0   0   3   1   1  18   2   0   0   2]
 [  0   0   0   1   0   0   0   0   0   0   0   0   0   0   3   0   0   2
    0   0   0   0   2   0   0   0   7   0   2   0]
 [  0   2   1   0   1   0   0   0   3   7   4   2   2   1   4   0   0   3
    1   0   0   0   3   0   8   1   0  13   1   1]
 [  0   0   0   0   0   0   0   0   0   0   0   0   0   0   1   0   1   0
    0   0   0   0   0   0   0   0   0   0  56   0]
 [  0   1   0   0   0   0   0   0   4   1   1   1   0   0   0   0   0   4
    1   0   1   0   0   0   1   1   0   0   0   3]]
2024-03-16 14:43:16,139 - ***** Evaluation results *****
2024-03-16 14:43:16,139 -   acc = 0.577
2024-03-16 14:43:16,139 -   f1 = 0.5203
2024-03-16 14:43:16,140 -   prec = 0.5358
2024-03-16 14:43:16,140 -   rec = 0.5192
2024-03-16 14:43:16,140 - Testing is finished...
2024-03-16 14:43:16,140 - Multimodal intent recognition is finished...
2024-03-16 14:43:16,141 - Results are saved in results/mag_bert.csv
