2024-03-16 17:44:31,319 - ============================== Params ==============================
2024-03-16 17:44:31,320 - logger_name: mag_bert_MIntRec2_multi-class_seed-4_2024-03-16-17-44-31
2024-03-16 17:44:31,320 - dataset: MIntRec2
2024-03-16 17:44:31,320 - data_mode: multi-class
2024-03-16 17:44:31,320 - method: mag_bert
2024-03-16 17:44:31,320 - text_backbone: bert-base-uncased
2024-03-16 17:44:31,320 - text_backbone_path: /home/sharing/disk1/pretrained_embedding/bert/uncased_L-12_H-768_A-12/
2024-03-16 17:44:31,320 - seed: 4
2024-03-16 17:44:31,320 - num_workers: 8
2024-03-16 17:44:31,320 - gpu_id: 2
2024-03-16 17:44:31,320 - data_path: /home/sharing/disk2/sjh/intentDataset
2024-03-16 17:44:31,320 - train: True
2024-03-16 17:44:31,320 - tune: True
2024-03-16 17:44:31,320 - save_model: False
2024-03-16 17:44:31,320 - save_results: True
2024-03-16 17:44:31,320 - log_path: logs
2024-03-16 17:44:31,320 - cache_path: 
2024-03-16 17:44:31,320 - video_data_path: video_data
2024-03-16 17:44:31,320 - audio_data_path: audio_data
2024-03-16 17:44:31,320 - video_feats_path: video_feats.pkl
2024-03-16 17:44:31,320 - audio_feats_path: audio_feats.pkl
2024-03-16 17:44:31,320 - results_path: results
2024-03-16 17:44:31,320 - output_path: /home/sharing/disk2/sjh/Outputs/MIntRec2
2024-03-16 17:44:31,320 - model_path: models
2024-03-16 17:44:31,320 - config_file_name: mag_bert_MIntRec2
2024-03-16 17:44:31,320 - results_file_name: mag_bert.csv
2024-03-16 17:44:31,320 - padding_mode: zero
2024-03-16 17:44:31,320 - padding_loc: end
2024-03-16 17:44:31,320 - need_aligned: True
2024-03-16 17:44:31,320 - eval_monitor: f1
2024-03-16 17:44:31,320 - train_batch_size: 32
2024-03-16 17:44:31,321 - eval_batch_size: 16
2024-03-16 17:44:31,321 - test_batch_size: 16
2024-03-16 17:44:31,321 - wait_patience: 8
2024-03-16 17:44:31,321 - num_train_epochs: 100
2024-03-16 17:44:31,321 - beta_shift: 0.01
2024-03-16 17:44:31,321 - dropout_prob: 0.5
2024-03-16 17:44:31,321 - warmup_proportion: 0.05
2024-03-16 17:44:31,321 - lr: 2e-05
2024-03-16 17:44:31,321 - aligned_method: ctc
2024-03-16 17:44:31,321 - weight_decay: 0.03
2024-03-16 17:44:31,321 - pred_output_path: /home/sharing/disk2/sjh/Outputs/MIntRec2/mag_bert_MIntRec2_multi-class_seed-4_2024-03-16-17-44-31
2024-03-16 17:44:31,321 - model_output_path: /home/sharing/disk2/sjh/Outputs/MIntRec2/mag_bert_MIntRec2_multi-class_seed-4_2024-03-16-17-44-31/models
2024-03-16 17:44:31,321 - num_labels: 30
2024-03-16 17:44:31,321 - text_feat_dim: 768
2024-03-16 17:44:31,321 - video_feat_dim: 256
2024-03-16 17:44:31,321 - audio_feat_dim: 768
2024-03-16 17:44:31,321 - text_seq_len: 50
2024-03-16 17:44:31,321 - video_seq_len: 180
2024-03-16 17:44:31,321 - audio_seq_len: 400
2024-03-16 17:44:31,321 - device: cuda:2
2024-03-16 17:44:31,321 - ============================== End Params ==============================
2024-03-16 17:44:31,337 - Generate Text Features Begin...
2024-03-16 17:44:33,308 - Generate Text Features Finished...
2024-03-16 17:44:33,310 - Load Video Features Begin...
2024-03-16 17:44:34,347 - Load Video Features Finished...
2024-03-16 17:44:36,078 - Load Audio Features Begin...
2024-03-16 17:44:40,041 - Load Audio Features Finished...
2024-03-16 17:44:50,624 - method  begins...
2024-03-16 17:44:51,495 - Multimodal intent recognition begins...
2024-03-16 17:44:51,495 - Training begins...
2024-03-16 17:45:29,511 - ***** Epoch: 1: Eval results *****
2024-03-16 17:45:29,511 -   train_loss = 3.1914
2024-03-16 17:45:29,511 -   best_eval_score = 0.0
2024-03-16 17:45:29,511 -   eval_score = 0.0841
2024-03-16 17:46:07,324 - ***** Epoch: 2: Eval results *****
2024-03-16 17:46:07,325 -   train_loss = 2.4897
2024-03-16 17:46:07,325 -   best_eval_score = 0.0841
2024-03-16 17:46:07,325 -   eval_score = 0.281
2024-03-16 17:46:45,505 - ***** Epoch: 3: Eval results *****
2024-03-16 17:46:45,505 -   train_loss = 1.9055
2024-03-16 17:46:45,505 -   best_eval_score = 0.281
2024-03-16 17:46:45,505 -   eval_score = 0.3668
2024-03-16 17:47:25,290 - ***** Epoch: 4: Eval results *****
2024-03-16 17:47:25,290 -   train_loss = 1.5647
2024-03-16 17:47:25,291 -   best_eval_score = 0.3668
2024-03-16 17:47:25,291 -   eval_score = 0.4347
2024-03-16 17:48:04,783 - ***** Epoch: 5: Eval results *****
2024-03-16 17:48:04,783 -   train_loss = 1.3361
2024-03-16 17:48:04,783 -   best_eval_score = 0.4347
2024-03-16 17:48:04,784 -   eval_score = 0.4473
2024-03-16 17:48:41,639 - ***** Epoch: 6: Eval results *****
2024-03-16 17:48:41,639 -   train_loss = 1.1306
2024-03-16 17:48:41,639 -   best_eval_score = 0.4473
2024-03-16 17:48:41,639 -   eval_score = 0.4789
2024-03-16 17:49:20,472 - ***** Epoch: 7: Eval results *****
2024-03-16 17:49:20,472 -   train_loss = 0.9295
2024-03-16 17:49:20,472 -   best_eval_score = 0.4789
2024-03-16 17:49:20,472 -   eval_score = 0.4922
2024-03-16 17:49:55,573 - ***** Epoch: 8: Eval results *****
2024-03-16 17:49:55,573 -   train_loss = 0.7311
2024-03-16 17:49:55,573 -   best_eval_score = 0.4922
2024-03-16 17:49:55,574 -   eval_score = 0.4997
2024-03-16 17:50:33,071 - ***** Epoch: 9: Eval results *****
2024-03-16 17:50:33,071 -   train_loss = 0.604
2024-03-16 17:50:33,071 -   best_eval_score = 0.4997
2024-03-16 17:50:33,071 -   eval_score = 0.498
2024-03-16 17:50:33,071 - EarlyStopping counter: 1 out of 8
2024-03-16 17:51:08,831 - ***** Epoch: 10: Eval results *****
2024-03-16 17:51:08,831 -   train_loss = 0.482
2024-03-16 17:51:08,831 -   best_eval_score = 0.4997
2024-03-16 17:51:08,831 -   eval_score = 0.5097
2024-03-16 17:51:45,723 - ***** Epoch: 11: Eval results *****
2024-03-16 17:51:45,724 -   train_loss = 0.3851
2024-03-16 17:51:45,724 -   best_eval_score = 0.5097
2024-03-16 17:51:45,724 -   eval_score = 0.5135
2024-03-16 17:52:21,451 - ***** Epoch: 12: Eval results *****
2024-03-16 17:52:21,452 -   train_loss = 0.3129
2024-03-16 17:52:21,452 -   best_eval_score = 0.5135
2024-03-16 17:52:21,452 -   eval_score = 0.4924
2024-03-16 17:52:21,452 - EarlyStopping counter: 1 out of 8
2024-03-16 17:53:00,141 - ***** Epoch: 13: Eval results *****
2024-03-16 17:53:00,142 -   train_loss = 0.2601
2024-03-16 17:53:00,142 -   best_eval_score = 0.5135
2024-03-16 17:53:00,142 -   eval_score = 0.5079
2024-03-16 17:53:00,142 - EarlyStopping counter: 2 out of 8
2024-03-16 17:53:37,972 - ***** Epoch: 14: Eval results *****
2024-03-16 17:53:37,973 -   train_loss = 0.2092
2024-03-16 17:53:37,973 -   best_eval_score = 0.5135
2024-03-16 17:53:37,973 -   eval_score = 0.5016
2024-03-16 17:53:37,973 - EarlyStopping counter: 3 out of 8
2024-03-16 17:54:14,441 - ***** Epoch: 15: Eval results *****
2024-03-16 17:54:14,441 -   train_loss = 0.1811
2024-03-16 17:54:14,442 -   best_eval_score = 0.5135
2024-03-16 17:54:14,442 -   eval_score = 0.4983
2024-03-16 17:54:14,442 - EarlyStopping counter: 4 out of 8
2024-03-16 17:54:53,016 - ***** Epoch: 16: Eval results *****
2024-03-16 17:54:53,016 -   train_loss = 0.1564
2024-03-16 17:54:53,016 -   best_eval_score = 0.5135
2024-03-16 17:54:53,016 -   eval_score = 0.5024
2024-03-16 17:54:53,016 - EarlyStopping counter: 5 out of 8
2024-03-16 17:55:29,793 - ***** Epoch: 17: Eval results *****
2024-03-16 17:55:29,794 -   train_loss = 0.1277
2024-03-16 17:55:29,794 -   best_eval_score = 0.5135
2024-03-16 17:55:29,794 -   eval_score = 0.5105
2024-03-16 17:55:29,794 - EarlyStopping counter: 6 out of 8
2024-03-16 17:56:08,223 - ***** Epoch: 18: Eval results *****
2024-03-16 17:56:08,223 -   train_loss = 0.1145
2024-03-16 17:56:08,224 -   best_eval_score = 0.5135
2024-03-16 17:56:08,224 -   eval_score = 0.5059
2024-03-16 17:56:08,224 - EarlyStopping counter: 7 out of 8
2024-03-16 17:56:46,083 - ***** Epoch: 19: Eval results *****
2024-03-16 17:56:46,083 -   train_loss = 0.1065
2024-03-16 17:56:46,083 -   best_eval_score = 0.5135
2024-03-16 17:56:46,083 -   eval_score = 0.505
2024-03-16 17:56:46,083 - EarlyStopping counter: 8 out of 8
2024-03-16 17:56:46,083 - EarlyStopping at epoch 19
2024-03-16 17:56:46,085 - Training is finished...
2024-03-16 17:56:46,086 - Testing begins...
2024-03-16 17:56:53,492 - ***** Test: Confusion Matrix *****
2024-03-16 17:56:53,497 - [[ 52   0  10   0   0   0   0   0   0   0   2   0   0   0   0   1   0   1
    0   0   0   0   0   1   1   0   0   0   0   0]
 [  0  56   0   0  11   1   2   0   1   1   3   0   3   0   6   0   0   8
    0   0   0   2   0   0   2   0   0   1   0   0]
 [ 13   0  40   0   1   0   0   0   0   0   1   1   0   0   1   0   0   2
    0   0   0   2   0   1   2   0   0   0   0   0]
 [  0   0   0  63   0   0   0   1   0   0   0   0   0   0   1   0   0   0
    0   0   0   0   0   0   0   0   0   0   0   0]
 [  0   4   0   0  29   1   0   0   1   0   0   0   0   0   0   0   0   5
    0   1   0   4   0   1   1   1   0   0   1   2]
 [  0   1   0   0   1  26   0   0   0   1   2   0   0   0   1   0   0   2
    0   0   0   0   0   1   0   1   0   0   1   0]
 [  0   1   0   0   0   3  25   6   0   1   3   0   9   0   0   0   0   0
    0   0   0   0   0   0   0   0   0   0   0   0]
 [  0   0   0   0   0   0   7  19   0   1   6   0   8   0   0   0   2   0
    0   1   0   0   0   0   0   1   0   2   0   0]
 [  1   0   1   3   1   0   0   0  22   1   0   0   1   0   3   0   0   5
    0   1   0   1   4   0   2   3   0   0   0   0]
 [  0   1   1   2   1   0   0   0   1  44   0   8  10   0  10   0   1   7
    1   0   0   4   3   1   4   2   0   5   0   1]
 [  2   0   0   0   0   3   3   1   1   1  48   0  27   0   2   0   2   0
    0   2   0   1   0   0   0   0   0   0   0   0]
 [  0   0   0   0   0   0   0   0   0   4   0  19  10   0   2   0   0   2
    1   0   0   1   1   0   1   0   1   2   1   2]
 [  0   2   0   1   0   1   2   3   0   2  23   0  95   1   0   0   3   0
    0   1   0   0   1   0   0   0   0   0   0   0]
 [  0   0   1   0   1   0   0   0   1   2   0   0   0   1   3   2   0   1
    2   0   1   0   2   0   0   0   0   0   0   0]
 [  0   2   3   2   0   4   0   0   4  10   2   0   3   5 105   2   0  22
    5   0   0   1  15   1   5   0   1   1   0   0]
 [  0   0   2   0   0   0   0   0   0   4   0   0   0   0   1   6   0   1
    1   0   2   2   1   0   0   0   0   2   0   0]
 [  0   0   0   0   1   0   1   0   0   0   2   0   0   0   0   0  60   0
    2   0   0   0   0   0   0   0   0   0   0   0]
 [  1   5   2   1  10   3   0   0   2   9   1   0   1   3  19   6   2 110
    8   0   1   8   9  12   0   1   1   1   1   0]
 [  0   1   1   0   0   0   1   0   0   2   1   0   0   1   9   2   4   4
   29   1   1   0   2   0   1   0   0   0   0   0]
 [  0   5   0   0   0   0   2   0   0   0   1   0   0   0   0   0   0   0
    0   5   0   4   0   0   0   0   0   0   0   0]
 [  0   1   2   0   1   0   0   0   0   1   0   0   1   0   3   1   0   3
    5   0   3   0   1   2   2   0   0   1   0   2]
 [  7   1   0   0   1   0   0   0   0   2   0   0   0   0   1   0   6   0
    0   0   0  25   2   4   0   0   2   1   0   1]
 [  0   0   2   1   0   1   0   0   0   2   0   3   2   2   6   0   0   3
    0   0   0   0  83   0   1   8   3   0   0   0]
 [  0   2   1   0   1   0   0   0   0   0   0   0   0   0   1   1   0   7
    0   0   0   7   0  18   0   0   0   0   0   0]
 [  2   0   1   1   0   0   0   0   0   2   0   2   1   0   1   1   0   3
    1   0   0   0   1   1  90   0   0   4   2   0]
 [  1   0   0   0   0   0   0   0   0   0   0   0   0   0   0   0   0   2
    0   0   0   0   2   0   1  23   0   0   0   2]
 [  0   0   0   1   0   0   0   0   0   2   0   0   0   0   0   0   0   2
    0   0   0   1   3   0   0   0   6   0   2   0]
 [  1   2   1   0   2   0   0   0   1   3   2   4   4   0   5   0   0   5
    3   0   0   1   2   0   9   2   0   8   1   2]
 [  0   0   0   1   0   0   0   0   0   0   0   0   0   0   0   0   1   0
    0   0   0   0   0   0   0   0   0   0  56   0]
 [  0   1   0   0   0   0   0   0   3   1   1   1   0   0   0   0   0   2
    2   0   0   0   0   0   1   1   0   1   0   5]]
2024-03-16 17:56:53,497 - ***** Evaluation results *****
2024-03-16 17:56:53,497 -   acc = 0.576
2024-03-16 17:56:53,497 -   f1 = 0.5153
2024-03-16 17:56:53,497 -   prec = 0.5226
2024-03-16 17:56:53,497 -   rec = 0.5234
2024-03-16 17:56:53,497 - Testing is finished...
2024-03-16 17:56:53,498 - Multimodal intent recognition is finished...
2024-03-16 17:56:53,498 - Results are saved in results/mag_bert.csv
