2024-03-17 05:12:14,758 - ============================== Params ==============================
2024-03-17 05:12:14,758 - logger_name: mag_bert_MIntRec2_multi-class_seed-4_2024-03-17-05-12-14
2024-03-17 05:12:14,758 - dataset: MIntRec2
2024-03-17 05:12:14,759 - data_mode: multi-class
2024-03-17 05:12:14,759 - method: mag_bert
2024-03-17 05:12:14,759 - text_backbone: bert-base-uncased
2024-03-17 05:12:14,759 - text_backbone_path: /home/sharing/disk1/pretrained_embedding/bert/uncased_L-12_H-768_A-12/
2024-03-17 05:12:14,759 - seed: 4
2024-03-17 05:12:14,759 - num_workers: 8
2024-03-17 05:12:14,759 - gpu_id: 2
2024-03-17 05:12:14,759 - data_path: /home/sharing/disk2/sjh/intentDataset
2024-03-17 05:12:14,759 - train: True
2024-03-17 05:12:14,759 - tune: True
2024-03-17 05:12:14,759 - save_model: False
2024-03-17 05:12:14,759 - save_results: True
2024-03-17 05:12:14,759 - log_path: logs
2024-03-17 05:12:14,759 - cache_path: 
2024-03-17 05:12:14,760 - video_data_path: video_data
2024-03-17 05:12:14,760 - audio_data_path: audio_data
2024-03-17 05:12:14,760 - video_feats_path: video_feats.pkl
2024-03-17 05:12:14,760 - audio_feats_path: audio_feats.pkl
2024-03-17 05:12:14,760 - results_path: results
2024-03-17 05:12:14,760 - output_path: /home/sharing/disk2/sjh/Outputs/MIntRec2
2024-03-17 05:12:14,760 - model_path: models
2024-03-17 05:12:14,760 - config_file_name: mag_bert_MIntRec2
2024-03-17 05:12:14,760 - results_file_name: mag_bert.csv
2024-03-17 05:12:14,760 - padding_mode: zero
2024-03-17 05:12:14,760 - padding_loc: end
2024-03-17 05:12:14,760 - need_aligned: True
2024-03-17 05:12:14,760 - eval_monitor: f1
2024-03-17 05:12:14,760 - train_batch_size: 32
2024-03-17 05:12:14,761 - eval_batch_size: 16
2024-03-17 05:12:14,761 - test_batch_size: 16
2024-03-17 05:12:14,761 - wait_patience: 8
2024-03-17 05:12:14,761 - num_train_epochs: 100
2024-03-17 05:12:14,761 - beta_shift: 0.01
2024-03-17 05:12:14,761 - dropout_prob: 0.3
2024-03-17 05:12:14,761 - warmup_proportion: 0.01
2024-03-17 05:12:14,761 - lr: 2e-05
2024-03-17 05:12:14,761 - aligned_method: conv1d
2024-03-17 05:12:14,761 - weight_decay: 0.01
2024-03-17 05:12:14,761 - pred_output_path: /home/sharing/disk2/sjh/Outputs/MIntRec2/mag_bert_MIntRec2_multi-class_seed-4_2024-03-17-05-12-14
2024-03-17 05:12:14,761 - model_output_path: /home/sharing/disk2/sjh/Outputs/MIntRec2/mag_bert_MIntRec2_multi-class_seed-4_2024-03-17-05-12-14/models
2024-03-17 05:12:14,761 - num_labels: 30
2024-03-17 05:12:14,761 - text_feat_dim: 768
2024-03-17 05:12:14,762 - video_feat_dim: 256
2024-03-17 05:12:14,762 - audio_feat_dim: 768
2024-03-17 05:12:14,762 - text_seq_len: 50
2024-03-17 05:12:14,762 - video_seq_len: 180
2024-03-17 05:12:14,762 - audio_seq_len: 400
2024-03-17 05:12:14,762 - device: cuda:2
2024-03-17 05:12:14,762 - ============================== End Params ==============================
2024-03-17 05:12:14,803 - Generate Text Features Begin...
2024-03-17 05:12:19,261 - Generate Text Features Finished...
2024-03-17 05:12:19,264 - Load Video Features Begin...
2024-03-17 05:12:21,349 - Load Video Features Finished...
2024-03-17 05:12:23,035 - Load Audio Features Begin...
2024-03-17 05:12:27,051 - Load Audio Features Finished...
2024-03-17 05:12:37,545 - method  begins...
2024-03-17 05:12:38,473 - Multimodal intent recognition begins...
2024-03-17 05:12:38,474 - Training begins...
2024-03-17 05:13:13,179 - ***** Epoch: 1: Eval results *****
2024-03-17 05:13:13,179 -   train_loss = 2.6693
2024-03-17 05:13:13,179 -   best_eval_score = 0.0
2024-03-17 05:13:13,179 -   eval_score = 0.3322
2024-03-17 05:13:51,149 - ***** Epoch: 2: Eval results *****
2024-03-17 05:13:51,149 -   train_loss = 1.5952
2024-03-17 05:13:51,149 -   best_eval_score = 0.3322
2024-03-17 05:13:51,149 -   eval_score = 0.4293
2024-03-17 05:14:24,924 - ***** Epoch: 3: Eval results *****
2024-03-17 05:14:24,925 -   train_loss = 1.1647
2024-03-17 05:14:24,925 -   best_eval_score = 0.4293
2024-03-17 05:14:24,925 -   eval_score = 0.4599
2024-03-17 05:15:02,926 - ***** Epoch: 4: Eval results *****
2024-03-17 05:15:02,926 -   train_loss = 0.8598
2024-03-17 05:15:02,927 -   best_eval_score = 0.4599
2024-03-17 05:15:02,927 -   eval_score = 0.483
2024-03-17 05:15:39,460 - ***** Epoch: 5: Eval results *****
2024-03-17 05:15:39,460 -   train_loss = 0.6304
2024-03-17 05:15:39,460 -   best_eval_score = 0.483
2024-03-17 05:15:39,460 -   eval_score = 0.4836
2024-03-17 05:16:17,966 - ***** Epoch: 6: Eval results *****
2024-03-17 05:16:17,966 -   train_loss = 0.4567
2024-03-17 05:16:17,966 -   best_eval_score = 0.4836
2024-03-17 05:16:17,966 -   eval_score = 0.4925
2024-03-17 05:16:55,188 - ***** Epoch: 7: Eval results *****
2024-03-17 05:16:55,189 -   train_loss = 0.3321
2024-03-17 05:16:55,190 -   best_eval_score = 0.4925
2024-03-17 05:16:55,190 -   eval_score = 0.501
2024-03-17 05:17:30,883 - ***** Epoch: 8: Eval results *****
2024-03-17 05:17:30,883 -   train_loss = 0.2544
2024-03-17 05:17:30,883 -   best_eval_score = 0.501
2024-03-17 05:17:30,883 -   eval_score = 0.5032
2024-03-17 05:18:08,844 - ***** Epoch: 9: Eval results *****
2024-03-17 05:18:08,844 -   train_loss = 0.1926
2024-03-17 05:18:08,844 -   best_eval_score = 0.5032
2024-03-17 05:18:08,844 -   eval_score = 0.5064
2024-03-17 05:18:44,596 - ***** Epoch: 10: Eval results *****
2024-03-17 05:18:44,601 -   train_loss = 0.1568
2024-03-17 05:18:44,602 -   best_eval_score = 0.5064
2024-03-17 05:18:44,602 -   eval_score = 0.4941
2024-03-17 05:18:44,602 - EarlyStopping counter: 1 out of 8
2024-03-17 05:19:23,544 - ***** Epoch: 11: Eval results *****
2024-03-17 05:19:23,544 -   train_loss = 0.1269
2024-03-17 05:19:23,544 -   best_eval_score = 0.5064
2024-03-17 05:19:23,544 -   eval_score = 0.4978
2024-03-17 05:19:23,544 - EarlyStopping counter: 2 out of 8
2024-03-17 05:19:58,955 - ***** Epoch: 12: Eval results *****
2024-03-17 05:19:58,956 -   train_loss = 0.1063
2024-03-17 05:19:58,956 -   best_eval_score = 0.5064
2024-03-17 05:19:58,956 -   eval_score = 0.5033
2024-03-17 05:19:58,956 - EarlyStopping counter: 3 out of 8
2024-03-17 05:20:35,786 - ***** Epoch: 13: Eval results *****
2024-03-17 05:20:35,787 -   train_loss = 0.0905
2024-03-17 05:20:35,787 -   best_eval_score = 0.5064
2024-03-17 05:20:35,787 -   eval_score = 0.4981
2024-03-17 05:20:35,787 - EarlyStopping counter: 4 out of 8
2024-03-17 05:21:11,811 - ***** Epoch: 14: Eval results *****
2024-03-17 05:21:11,812 -   train_loss = 0.0859
2024-03-17 05:21:11,812 -   best_eval_score = 0.5064
2024-03-17 05:21:11,812 -   eval_score = 0.5051
2024-03-17 05:21:11,812 - EarlyStopping counter: 5 out of 8
2024-03-17 05:21:49,973 - ***** Epoch: 15: Eval results *****
2024-03-17 05:21:49,973 -   train_loss = 0.0743
2024-03-17 05:21:49,974 -   best_eval_score = 0.5064
2024-03-17 05:21:49,974 -   eval_score = 0.5108
2024-03-17 05:22:25,466 - ***** Epoch: 16: Eval results *****
2024-03-17 05:22:25,467 -   train_loss = 0.0731
2024-03-17 05:22:25,468 -   best_eval_score = 0.5108
2024-03-17 05:22:25,468 -   eval_score = 0.498
2024-03-17 05:22:25,468 - EarlyStopping counter: 1 out of 8
2024-03-17 05:23:00,916 - ***** Epoch: 17: Eval results *****
2024-03-17 05:23:00,916 -   train_loss = 0.0696
2024-03-17 05:23:00,916 -   best_eval_score = 0.5108
2024-03-17 05:23:00,916 -   eval_score = 0.5049
2024-03-17 05:23:00,917 - EarlyStopping counter: 2 out of 8
2024-03-17 05:23:36,738 - ***** Epoch: 18: Eval results *****
2024-03-17 05:23:36,738 -   train_loss = 0.0619
2024-03-17 05:23:36,738 -   best_eval_score = 0.5108
2024-03-17 05:23:36,738 -   eval_score = 0.4896
2024-03-17 05:23:36,738 - EarlyStopping counter: 3 out of 8
2024-03-17 05:24:12,334 - ***** Epoch: 19: Eval results *****
2024-03-17 05:24:12,334 -   train_loss = 0.057
2024-03-17 05:24:12,334 -   best_eval_score = 0.5108
2024-03-17 05:24:12,334 -   eval_score = 0.4945
2024-03-17 05:24:12,334 - EarlyStopping counter: 4 out of 8
2024-03-17 05:24:47,899 - ***** Epoch: 20: Eval results *****
2024-03-17 05:24:47,899 -   train_loss = 0.0584
2024-03-17 05:24:47,899 -   best_eval_score = 0.5108
2024-03-17 05:24:47,900 -   eval_score = 0.5071
2024-03-17 05:24:47,900 - EarlyStopping counter: 5 out of 8
2024-03-17 05:25:23,777 - ***** Epoch: 21: Eval results *****
2024-03-17 05:25:23,777 -   train_loss = 0.057
2024-03-17 05:25:23,777 -   best_eval_score = 0.5108
2024-03-17 05:25:23,777 -   eval_score = 0.4898
2024-03-17 05:25:23,777 - EarlyStopping counter: 6 out of 8
2024-03-17 05:26:00,838 - ***** Epoch: 22: Eval results *****
2024-03-17 05:26:00,838 -   train_loss = 0.0541
2024-03-17 05:26:00,839 -   best_eval_score = 0.5108
2024-03-17 05:26:00,839 -   eval_score = 0.5006
2024-03-17 05:26:00,839 - EarlyStopping counter: 7 out of 8
2024-03-17 05:26:36,631 - ***** Epoch: 23: Eval results *****
2024-03-17 05:26:36,632 -   train_loss = 0.0535
2024-03-17 05:26:36,632 -   best_eval_score = 0.5108
2024-03-17 05:26:36,632 -   eval_score = 0.5005
2024-03-17 05:26:36,632 - EarlyStopping counter: 8 out of 8
2024-03-17 05:26:36,632 - EarlyStopping at epoch 23
2024-03-17 05:26:36,634 - Training is finished...
2024-03-17 05:26:36,634 - Testing begins...
2024-03-17 05:26:43,291 - ***** Test: Confusion Matrix *****
2024-03-17 05:26:43,297 - [[ 50   0  11   0   0   0   0   0   0   0   2   0   0   0   0   0   0   1
    0   0   0   0   0   1   1   0   0   2   0   0]
 [  0  61   0   0   9   2   4   0   0   1   2   1   3   0   4   0   0   5
    0   1   0   0   0   0   2   0   0   2   0   0]
 [ 13   1  39   0   1   0   0   0   0   0   1   0   0   1   0   0   0   3
    1   0   0   1   0   1   2   0   0   0   0   0]
 [  0   0   0  61   0   0   0   1   0   0   0   1   0   0   1   0   0   0
    0   0   0   0   0   0   0   0   1   0   0   0]
 [  0   4   0   0  33   1   0   0   1   0   0   1   0   0   0   0   0   4
    0   0   0   3   1   1   1   0   0   0   0   1]
 [  0   1   0   0   0  28   0   1   0   1   2   0   0   0   0   0   0   2
    0   0   0   0   0   1   0   1   0   0   0   0]
 [  0   1   0   0   0   4  19   8   0   2   7   0   6   0   0   0   0   0
    0   0   0   0   0   0   0   1   0   0   0   0]
 [  0   2   0   0   0   0   4  19   0   1   9   0   6   0   0   0   4   0
    0   0   0   0   1   0   0   0   0   1   0   0]
 [  2   2   2   3   1   1   0   0  20   2   1   2   0   0   3   0   0   4
    0   0   0   0   4   0   2   0   0   0   0   0]
 [  0   1   1   2   1   1   0   0   1  41   0   6   9   0  13   0   0   8
    3   0   2   3   2   1   2   2   0   7   0   1]
 [  2   0   0   0   0   4   0   2   0   0  48   0  30   0   1   0   1   2
    0   2   0   0   0   0   0   0   0   1   0   0]
 [  0   0   0   0   0   0   1   1   0   4   0  21   7   1   3   0   0   3
    1   0   1   0   2   0   0   0   0   2   0   0]
 [  0   1   0   0   0   0   2   8   0   3  28   2  87   0   0   0   1   1
    0   0   0   0   1   0   0   0   0   1   0   0]
 [  0   0   2   0   1   0   0   0   0   1   0   0   0   2   2   1   0   3
    3   0   1   0   1   0   0   0   0   0   0   0]
 [  0   4   3   1   0   2   0   0   2  10   3   0   1   5  99   2   0  30
    7   0   2   0  10   2   3   0   0   7   0   0]
 [  0   0   1   0   0   0   0   0   0   5   0   0   0   0   2   6   0   3
    1   0   1   1   1   0   0   0   0   0   1   0]
 [  0   0   0   0   1   0   0   1   0   0   3   0   2   0   0   0  56   0
    3   0   0   0   0   0   0   0   0   0   0   0]
 [  2   8   0   0  12   6   0   0   0  14   2   1   1   1  14   1   4 104
   16   0   1   3   5  14   1   0   1   2   1   3]
 [  0   2   0   0   0   0   0   0   0   4   1   0   0   1   5   1   2   6
   34   1   1   0   1   0   0   0   0   1   0   0]
 [  0   6   0   0   0   0   2   0   0   0   1   0   0   0   0   0   0   0
    0   6   0   2   0   0   0   0   0   0   0   0]
 [  0   3   1   0   1   0   0   0   0   0   0   0   1   0   4   2   0   2
    4   0   6   0   1   1   0   0   0   3   0   0]
 [  7   1   0   0   1   1   0   0   0   5   0   0   0   0   0   0   4   0
    1   0   0  25   0   5   0   0   1   1   0   1]
 [  0   0   1   0   0   1   0   0   1   7   0   4   1   1   6   1   0   3
    1   0   2   1  78   0   1   1   7   0   0   0]
 [  0   2   0   0   1   0   0   0   0   0   0   0   0   0   0   0   0   6
    0   0   0   5   0  24   0   0   0   0   0   0]
 [  3   0   0   0   0   0   0   0   1   2   1   3   0   1   2   1   0   3
    2   0   0   0   1   0  83   0   0   8   2   0]
 [  1   0   0   0   0   0   0   0   0   0   0   2   0   0   0   0   0   1
    0   0   0   0   3   1   1  18   2   0   0   2]
 [  0   0   0   0   0   0   0   0   0   1   0   0   0   0   0   0   0   3
    0   0   0   1   2   1   0   0   7   0   2   0]
 [  0   3   1   0   0   0   0   0   2   6   2   5   4   0   4   0   0   2
    4   0   1   0   2   0   8   1   0  12   0   1]
 [  0   0   0   0   0   0   0   0   0   0   0   0   0   0   1   0   1   0
    0   0   0   0   0   0   0   0   0   1  55   0]
 [  0   1   0   0   0   0   0   0   1   1   1   1   0   0   0   0   0   5
    1   0   1   0   0   0   0   1   0   2   0   4]]
2024-03-17 05:26:43,297 - ***** Evaluation results *****
2024-03-17 05:26:43,297 -   acc = 0.5637
2024-03-17 05:26:43,297 -   f1 = 0.5234
2024-03-17 05:26:43,297 -   prec = 0.5362
2024-03-17 05:26:43,297 -   rec = 0.5245
2024-03-17 05:26:43,298 - Testing is finished...
2024-03-17 05:26:43,298 - Multimodal intent recognition is finished...
2024-03-17 05:26:43,298 - Results are saved in results/mag_bert.csv
