2024-03-15 21:10:59,855 - ============================== Params ==============================
2024-03-15 21:10:59,855 - logger_name: mag_bert_MIntRec2_multi-class_seed-2_2024-03-15-21-10-59
2024-03-15 21:10:59,855 - dataset: MIntRec2
2024-03-15 21:10:59,855 - data_mode: multi-class
2024-03-15 21:10:59,855 - method: mag_bert
2024-03-15 21:10:59,855 - text_backbone: bert-base-uncased
2024-03-15 21:10:59,855 - text_backbone_path: /home/sharing/disk1/pretrained_embedding/bert/uncased_L-12_H-768_A-12/
2024-03-15 21:10:59,855 - seed: 2
2024-03-15 21:10:59,855 - num_workers: 8
2024-03-15 21:10:59,855 - gpu_id: 2
2024-03-15 21:10:59,855 - data_path: /home/sharing/disk2/sjh/intentDataset
2024-03-15 21:10:59,855 - train: True
2024-03-15 21:10:59,855 - tune: True
2024-03-15 21:10:59,855 - save_model: False
2024-03-15 21:10:59,855 - save_results: True
2024-03-15 21:10:59,855 - log_path: logs
2024-03-15 21:10:59,855 - cache_path: 
2024-03-15 21:10:59,855 - video_data_path: video_data
2024-03-15 21:10:59,855 - audio_data_path: audio_data
2024-03-15 21:10:59,855 - video_feats_path: video_feats.pkl
2024-03-15 21:10:59,855 - audio_feats_path: audio_feats.pkl
2024-03-15 21:10:59,855 - results_path: results
2024-03-15 21:10:59,855 - output_path: /home/sharing/disk2/sjh/Outputs/MIntRec2
2024-03-15 21:10:59,855 - model_path: models
2024-03-15 21:10:59,856 - config_file_name: mag_bert_MIntRec2
2024-03-15 21:10:59,856 - results_file_name: mag_bert.csv
2024-03-15 21:10:59,856 - padding_mode: zero
2024-03-15 21:10:59,856 - padding_loc: end
2024-03-15 21:10:59,856 - need_aligned: True
2024-03-15 21:10:59,856 - eval_monitor: f1
2024-03-15 21:10:59,856 - train_batch_size: 32
2024-03-15 21:10:59,856 - eval_batch_size: 16
2024-03-15 21:10:59,856 - test_batch_size: 16
2024-03-15 21:10:59,856 - wait_patience: 8
2024-03-15 21:10:59,856 - num_train_epochs: 100
2024-03-15 21:10:59,856 - beta_shift: 0.01
2024-03-15 21:10:59,856 - dropout_prob: 0.1
2024-03-15 21:10:59,856 - warmup_proportion: 0.3
2024-03-15 21:10:59,856 - lr: 3e-05
2024-03-15 21:10:59,856 - aligned_method: ctc
2024-03-15 21:10:59,856 - weight_decay: 0.03
2024-03-15 21:10:59,856 - pred_output_path: /home/sharing/disk2/sjh/Outputs/MIntRec2/mag_bert_MIntRec2_multi-class_seed-2_2024-03-15-21-10-59
2024-03-15 21:10:59,856 - model_output_path: /home/sharing/disk2/sjh/Outputs/MIntRec2/mag_bert_MIntRec2_multi-class_seed-2_2024-03-15-21-10-59/models
2024-03-15 21:10:59,856 - num_labels: 30
2024-03-15 21:10:59,856 - text_feat_dim: 768
2024-03-15 21:10:59,856 - video_feat_dim: 256
2024-03-15 21:10:59,856 - audio_feat_dim: 768
2024-03-15 21:10:59,856 - text_seq_len: 50
2024-03-15 21:10:59,856 - video_seq_len: 180
2024-03-15 21:10:59,856 - audio_seq_len: 400
2024-03-15 21:10:59,856 - device: cuda:2
2024-03-15 21:10:59,856 - ============================== End Params ==============================
2024-03-15 21:10:59,871 - Generate Text Features Begin...
2024-03-15 21:11:01,773 - Generate Text Features Finished...
2024-03-15 21:11:01,774 - Load Video Features Begin...
2024-03-15 21:11:02,935 - Load Video Features Finished...
2024-03-15 21:11:04,586 - Load Audio Features Begin...
2024-03-15 21:11:08,903 - Load Audio Features Finished...
2024-03-15 21:11:22,725 - method  begins...
2024-03-15 21:11:23,693 - Multimodal intent recognition begins...
2024-03-15 21:11:23,693 - Training begins...
2024-03-15 21:11:56,868 - ***** Epoch: 1: Eval results *****
2024-03-15 21:11:56,869 -   train_loss = 3.4004
2024-03-15 21:11:56,869 -   best_eval_score = 0.0
2024-03-15 21:11:56,869 -   eval_score = 0.0386
2024-03-15 21:12:30,690 - ***** Epoch: 2: Eval results *****
2024-03-15 21:12:30,691 -   train_loss = 3.1776
2024-03-15 21:12:30,691 -   best_eval_score = 0.0386
2024-03-15 21:12:30,691 -   eval_score = 0.1064
2024-03-15 21:13:04,018 - ***** Epoch: 3: Eval results *****
2024-03-15 21:13:04,018 -   train_loss = 2.7547
2024-03-15 21:13:04,018 -   best_eval_score = 0.1064
2024-03-15 21:13:04,018 -   eval_score = 0.2448
2024-03-15 21:13:37,739 - ***** Epoch: 4: Eval results *****
2024-03-15 21:13:37,739 -   train_loss = 2.3204
2024-03-15 21:13:37,739 -   best_eval_score = 0.2448
2024-03-15 21:13:37,739 -   eval_score = 0.2922
2024-03-15 21:14:11,607 - ***** Epoch: 5: Eval results *****
2024-03-15 21:14:11,607 -   train_loss = 1.9788
2024-03-15 21:14:11,607 -   best_eval_score = 0.2922
2024-03-15 21:14:11,607 -   eval_score = 0.3365
2024-03-15 21:14:44,855 - ***** Epoch: 6: Eval results *****
2024-03-15 21:14:44,855 -   train_loss = 1.7257
2024-03-15 21:14:44,855 -   best_eval_score = 0.3365
2024-03-15 21:14:44,855 -   eval_score = 0.3701
2024-03-15 21:15:18,369 - ***** Epoch: 7: Eval results *****
2024-03-15 21:15:18,369 -   train_loss = 1.5154
2024-03-15 21:15:18,369 -   best_eval_score = 0.3701
2024-03-15 21:15:18,369 -   eval_score = 0.415
2024-03-15 21:15:52,008 - ***** Epoch: 8: Eval results *****
2024-03-15 21:15:52,009 -   train_loss = 1.3246
2024-03-15 21:15:52,009 -   best_eval_score = 0.415
2024-03-15 21:15:52,009 -   eval_score = 0.4355
2024-03-15 21:16:25,748 - ***** Epoch: 9: Eval results *****
2024-03-15 21:16:25,749 -   train_loss = 1.1568
2024-03-15 21:16:25,749 -   best_eval_score = 0.4355
2024-03-15 21:16:25,749 -   eval_score = 0.4345
2024-03-15 21:16:25,749 - EarlyStopping counter: 1 out of 8
2024-03-15 21:16:59,712 - ***** Epoch: 10: Eval results *****
2024-03-15 21:16:59,713 -   train_loss = 0.995
2024-03-15 21:16:59,713 -   best_eval_score = 0.4355
2024-03-15 21:16:59,713 -   eval_score = 0.4688
2024-03-15 21:17:33,567 - ***** Epoch: 11: Eval results *****
2024-03-15 21:17:33,568 -   train_loss = 0.8406
2024-03-15 21:17:33,568 -   best_eval_score = 0.4688
2024-03-15 21:17:33,568 -   eval_score = 0.4607
2024-03-15 21:17:33,568 - EarlyStopping counter: 1 out of 8
2024-03-15 21:18:07,556 - ***** Epoch: 12: Eval results *****
2024-03-15 21:18:07,556 -   train_loss = 0.6964
2024-03-15 21:18:07,556 -   best_eval_score = 0.4688
2024-03-15 21:18:07,556 -   eval_score = 0.4753
2024-03-15 21:18:40,133 - ***** Epoch: 13: Eval results *****
2024-03-15 21:18:40,134 -   train_loss = 0.5591
2024-03-15 21:18:40,134 -   best_eval_score = 0.4753
2024-03-15 21:18:40,134 -   eval_score = 0.4621
2024-03-15 21:18:40,134 - EarlyStopping counter: 1 out of 8
2024-03-15 21:19:14,027 - ***** Epoch: 14: Eval results *****
2024-03-15 21:19:14,027 -   train_loss = 0.4584
2024-03-15 21:19:14,028 -   best_eval_score = 0.4753
2024-03-15 21:19:14,028 -   eval_score = 0.4814
2024-03-15 21:19:46,674 - ***** Epoch: 15: Eval results *****
2024-03-15 21:19:46,674 -   train_loss = 0.3682
2024-03-15 21:19:46,674 -   best_eval_score = 0.4814
2024-03-15 21:19:46,674 -   eval_score = 0.4953
2024-03-15 21:20:19,287 - ***** Epoch: 16: Eval results *****
2024-03-15 21:20:19,287 -   train_loss = 0.2993
2024-03-15 21:20:19,287 -   best_eval_score = 0.4953
2024-03-15 21:20:19,287 -   eval_score = 0.5039
2024-03-15 21:20:52,987 - ***** Epoch: 17: Eval results *****
2024-03-15 21:20:52,987 -   train_loss = 0.2397
2024-03-15 21:20:52,987 -   best_eval_score = 0.5039
2024-03-15 21:20:52,987 -   eval_score = 0.492
2024-03-15 21:20:52,987 - EarlyStopping counter: 1 out of 8
2024-03-15 21:21:26,202 - ***** Epoch: 18: Eval results *****
2024-03-15 21:21:26,202 -   train_loss = 0.1977
2024-03-15 21:21:26,203 -   best_eval_score = 0.5039
2024-03-15 21:21:26,203 -   eval_score = 0.4948
2024-03-15 21:21:26,203 - EarlyStopping counter: 2 out of 8
2024-03-15 21:21:58,655 - ***** Epoch: 19: Eval results *****
2024-03-15 21:21:58,656 -   train_loss = 0.1591
2024-03-15 21:21:58,656 -   best_eval_score = 0.5039
2024-03-15 21:21:58,656 -   eval_score = 0.4933
2024-03-15 21:21:58,656 - EarlyStopping counter: 3 out of 8
2024-03-15 21:22:31,714 - ***** Epoch: 20: Eval results *****
2024-03-15 21:22:31,714 -   train_loss = 0.1458
2024-03-15 21:22:31,714 -   best_eval_score = 0.5039
2024-03-15 21:22:31,714 -   eval_score = 0.502
2024-03-15 21:22:31,714 - EarlyStopping counter: 4 out of 8
2024-03-15 21:23:05,436 - ***** Epoch: 21: Eval results *****
2024-03-15 21:23:05,436 -   train_loss = 0.1313
2024-03-15 21:23:05,436 -   best_eval_score = 0.5039
2024-03-15 21:23:05,436 -   eval_score = 0.496
2024-03-15 21:23:05,436 - EarlyStopping counter: 5 out of 8
2024-03-15 21:23:39,100 - ***** Epoch: 22: Eval results *****
2024-03-15 21:23:39,100 -   train_loss = 0.1253
2024-03-15 21:23:39,100 -   best_eval_score = 0.5039
2024-03-15 21:23:39,100 -   eval_score = 0.4823
2024-03-15 21:23:39,100 - EarlyStopping counter: 6 out of 8
2024-03-15 21:24:12,500 - ***** Epoch: 23: Eval results *****
2024-03-15 21:24:12,500 -   train_loss = 0.1162
2024-03-15 21:24:12,500 -   best_eval_score = 0.5039
2024-03-15 21:24:12,500 -   eval_score = 0.4783
2024-03-15 21:24:12,500 - EarlyStopping counter: 7 out of 8
2024-03-15 21:24:46,202 - ***** Epoch: 24: Eval results *****
2024-03-15 21:24:46,202 -   train_loss = 0.1015
2024-03-15 21:24:46,202 -   best_eval_score = 0.5039
2024-03-15 21:24:46,202 -   eval_score = 0.4929
2024-03-15 21:24:46,202 - EarlyStopping counter: 8 out of 8
2024-03-15 21:24:46,202 - EarlyStopping at epoch 24
2024-03-15 21:24:46,205 - Training is finished...
2024-03-15 21:24:46,206 - Testing begins...
2024-03-15 21:24:52,729 - ***** Test: Confusion Matrix *****
2024-03-15 21:24:52,732 - [[ 45   0  18   0   0   0   0   0   0   0   2   0   0   0   0   0   0   1
    0   0   0   1   0   0   1   0   0   0   0   0]
 [  0  56   0   0  11   1   3   0   4   0   3   0   2   0   5   0   0   6
    0   2   0   0   1   0   1   0   0   2   0   0]
 [  6   1  47   0   0   0   0   0   0   0   1   0   0   1   1   0   0   2
    0   0   0   2   0   0   2   0   0   1   0   0]
 [  0   0   0  63   0   0   0   1   0   0   0   0   0   0   1   0   0   0
    0   0   0   0   0   0   0   0   0   0   0   0]
 [  0   2   0   0  33   1   0   0   1   0   0   0   0   0   0   0   0   4
    0   2   0   2   0   1   1   0   0   0   1   3]
 [  0   0   0   0   1  23   2   0   0   1   3   0   0   0   0   0   0   5
    0   1   0   0   0   1   0   0   0   0   0   0]
 [  0   1   0   0   0   2  29   7   0   1   5   0   3   0   0   0   0   0
    0   0   0   0   0   0   0   0   0   0   0   0]
 [  0   0   0   0   0   0   5  27   0   2   7   0   5   0   0   0   0   0
    0   0   0   0   0   0   0   0   0   1   0   0]
 [  1   2   1   3   1   0   0   0  27   2   1   1   0   1   1   0   0   4
    0   0   0   0   2   0   2   0   0   0   0   0]
 [  0   1   1   0   0   0   0   0   3  43   1   8   9   0  13   0   0   9
    2   0   0   3   4   2   2   1   0   5   0   0]
 [  0   0   0   0   0   3   4   1   0   0  51   0  26   0   2   0   0   2
    0   2   0   0   0   0   1   0   0   1   0   0]
 [  0   0   0   0   0   0   1   0   1   3   1  22   8   0   2   0   0   1
    0   0   0   0   3   0   1   0   0   4   0   0]
 [  0   0   0   0   0   0   4   7   1   3  24   0  92   0   1   0   1   0
    0   1   0   1   0   0   0   0   0   0   0   0]
 [  0   0   2   0   1   0   0   0   1   0   0   0   0   1   5   0   0   5
    2   0   0   0   0   0   0   0   0   0   0   0]
 [  0   3   4   1   0   1   1   0   6   8   2   0   0   3 102   2   0  27
    6   0   2   2  14   1   3   0   0   5   0   0]
 [  0   0   2   0   0   0   0   0   0   4   0   0   0   0   1   4   0   1
    3   0   1   1   2   0   0   0   0   2   1   0]
 [  0   0   0   0   1   0   0   3   0   0   1   0   2   0   0   0  55   0
    3   0   0   0   0   0   0   0   0   1   0   0]
 [  0   5   2   0   9   3   0   0   3  11   2   1   1   1  16   4   2 119
    9   2   1   5   6   5   1   0   2   2   1   4]
 [  0   2   1   0   0   0   0   0   0   3   2   0   0   2   5   0   2  12
   26   0   1   0   0   0   3   0   0   1   0   0]
 [  0   4   0   0   0   0   3   0   0   0   0   0   0   0   0   0   0   0
    0   9   0   1   0   0   0   0   0   0   0   0]
 [  0   2   2   0   0   0   0   0   0   2   0   0   1   0   3   2   0   4
    4   0   3   0   1   1   2   0   0   1   0   1]
 [  7   0   0   0   1   0   0   0   0   4   0   0   0   0   0   0   4   1
    0   0   0  30   0   2   0   0   1   2   0   1]
 [  0   0   1   0   0   0   0   0   2   3   0   2   0   0   6   1   0   6
    0   0   0   1  90   0   0   2   2   1   0   0]
 [  0   2   3   0   1   0   0   0   0   2   0   0   0   0   1   0   0   7
    1   0   1   6   0  14   0   0   0   0   0   0]
 [  1   0   2   0   0   0   0   0   2   2   0   1   0   1   1   1   0   0
    0   0   0   1   1   1  88   0   0   9   2   0]
 [  1   1   0   0   1   0   0   1   1   0   0   0   0   0   0   0   0   0
    0   0   0   0   2   1   1  22   0   0   0   0]
 [  0   0   0   1   0   0   0   0   0   2   0   0   0   0   0   0   0   3
    0   0   0   3   4   0   0   0   3   0   1   0]
 [  0   2   1   0   0   0   0   0   2   6   3   2   3   0   4   0   0   5
    1   0   0   0   3   0   9   1   0  13   1   2]
 [  0   0   0   0   0   0   0   0   0   1   0   0   0   0   0   0   1   0
    0   0   0   0   0   0   0   0   0   0  56   0]
 [  0   2   0   0   1   0   0   0   2   1   1   1   0   0   0   0   0   3
    1   0   0   0   0   0   1   1   0   0   0   5]]
2024-03-15 21:24:52,732 - ***** Evaluation results *****
2024-03-15 21:24:52,732 -   acc = 0.5893
2024-03-15 21:24:52,732 -   f1 = 0.5356
2024-03-15 21:24:52,732 -   prec = 0.5471
2024-03-15 21:24:52,733 -   rec = 0.536
2024-03-15 21:24:52,733 - Testing is finished...
2024-03-15 21:24:52,733 - Multimodal intent recognition is finished...
2024-03-15 21:24:52,733 - Results are saved in results/mag_bert.csv
