2024-03-16 00:11:05,056 - ============================== Params ==============================
2024-03-16 00:11:05,056 - logger_name: mag_bert_MIntRec2_multi-class_seed-2_2024-03-16-00-11-05
2024-03-16 00:11:05,056 - dataset: MIntRec2
2024-03-16 00:11:05,056 - data_mode: multi-class
2024-03-16 00:11:05,057 - method: mag_bert
2024-03-16 00:11:05,057 - text_backbone: bert-base-uncased
2024-03-16 00:11:05,057 - text_backbone_path: /home/sharing/disk1/pretrained_embedding/bert/uncased_L-12_H-768_A-12/
2024-03-16 00:11:05,057 - seed: 2
2024-03-16 00:11:05,057 - num_workers: 8
2024-03-16 00:11:05,057 - gpu_id: 2
2024-03-16 00:11:05,057 - data_path: /home/sharing/disk2/sjh/intentDataset
2024-03-16 00:11:05,057 - train: True
2024-03-16 00:11:05,057 - tune: True
2024-03-16 00:11:05,057 - save_model: False
2024-03-16 00:11:05,057 - save_results: True
2024-03-16 00:11:05,057 - log_path: logs
2024-03-16 00:11:05,057 - cache_path: 
2024-03-16 00:11:05,057 - video_data_path: video_data
2024-03-16 00:11:05,057 - audio_data_path: audio_data
2024-03-16 00:11:05,057 - video_feats_path: video_feats.pkl
2024-03-16 00:11:05,057 - audio_feats_path: audio_feats.pkl
2024-03-16 00:11:05,057 - results_path: results
2024-03-16 00:11:05,057 - output_path: /home/sharing/disk2/sjh/Outputs/MIntRec2
2024-03-16 00:11:05,057 - model_path: models
2024-03-16 00:11:05,057 - config_file_name: mag_bert_MIntRec2
2024-03-16 00:11:05,057 - results_file_name: mag_bert.csv
2024-03-16 00:11:05,057 - padding_mode: zero
2024-03-16 00:11:05,057 - padding_loc: end
2024-03-16 00:11:05,057 - need_aligned: True
2024-03-16 00:11:05,057 - eval_monitor: f1
2024-03-16 00:11:05,057 - train_batch_size: 32
2024-03-16 00:11:05,057 - eval_batch_size: 16
2024-03-16 00:11:05,057 - test_batch_size: 16
2024-03-16 00:11:05,057 - wait_patience: 8
2024-03-16 00:11:05,057 - num_train_epochs: 100
2024-03-16 00:11:05,057 - beta_shift: 0.01
2024-03-16 00:11:05,057 - dropout_prob: 0.3
2024-03-16 00:11:05,057 - warmup_proportion: 0.1
2024-03-16 00:11:05,057 - lr: 2e-05
2024-03-16 00:11:05,057 - aligned_method: ctc
2024-03-16 00:11:05,057 - weight_decay: 0.03
2024-03-16 00:11:05,057 - pred_output_path: /home/sharing/disk2/sjh/Outputs/MIntRec2/mag_bert_MIntRec2_multi-class_seed-2_2024-03-16-00-11-05
2024-03-16 00:11:05,058 - model_output_path: /home/sharing/disk2/sjh/Outputs/MIntRec2/mag_bert_MIntRec2_multi-class_seed-2_2024-03-16-00-11-05/models
2024-03-16 00:11:05,058 - num_labels: 30
2024-03-16 00:11:05,058 - text_feat_dim: 768
2024-03-16 00:11:05,058 - video_feat_dim: 256
2024-03-16 00:11:05,058 - audio_feat_dim: 768
2024-03-16 00:11:05,058 - text_seq_len: 50
2024-03-16 00:11:05,058 - video_seq_len: 180
2024-03-16 00:11:05,058 - audio_seq_len: 400
2024-03-16 00:11:05,058 - device: cuda:2
2024-03-16 00:11:05,058 - ============================== End Params ==============================
2024-03-16 00:11:05,073 - Generate Text Features Begin...
2024-03-16 00:11:06,761 - Generate Text Features Finished...
2024-03-16 00:11:06,762 - Load Video Features Begin...
2024-03-16 00:11:07,762 - Load Video Features Finished...
2024-03-16 00:11:09,243 - Load Audio Features Begin...
2024-03-16 00:11:13,163 - Load Audio Features Finished...
2024-03-16 00:11:22,950 - method  begins...
2024-03-16 00:11:23,900 - Multimodal intent recognition begins...
2024-03-16 00:11:23,900 - Training begins...
2024-03-16 00:11:56,700 - ***** Epoch: 1: Eval results *****
2024-03-16 00:11:56,700 -   train_loss = 3.356
2024-03-16 00:11:56,700 -   best_eval_score = 0.0
2024-03-16 00:11:56,700 -   eval_score = 0.0816
2024-03-16 00:12:28,000 - ***** Epoch: 2: Eval results *****
2024-03-16 00:12:28,000 -   train_loss = 2.8787
2024-03-16 00:12:28,000 -   best_eval_score = 0.0816
2024-03-16 00:12:28,000 -   eval_score = 0.2446
2024-03-16 00:13:00,527 - ***** Epoch: 3: Eval results *****
2024-03-16 00:13:00,527 -   train_loss = 2.2429
2024-03-16 00:13:00,527 -   best_eval_score = 0.2446
2024-03-16 00:13:00,527 -   eval_score = 0.3158
2024-03-16 00:13:33,070 - ***** Epoch: 4: Eval results *****
2024-03-16 00:13:33,070 -   train_loss = 1.8213
2024-03-16 00:13:33,070 -   best_eval_score = 0.3158
2024-03-16 00:13:33,070 -   eval_score = 0.3669
2024-03-16 00:14:05,870 - ***** Epoch: 5: Eval results *****
2024-03-16 00:14:05,871 -   train_loss = 1.5506
2024-03-16 00:14:05,871 -   best_eval_score = 0.3669
2024-03-16 00:14:05,871 -   eval_score = 0.4121
2024-03-16 00:14:38,328 - ***** Epoch: 6: Eval results *****
2024-03-16 00:14:38,329 -   train_loss = 1.3352
2024-03-16 00:14:38,329 -   best_eval_score = 0.4121
2024-03-16 00:14:38,329 -   eval_score = 0.4356
2024-03-16 00:15:10,914 - ***** Epoch: 7: Eval results *****
2024-03-16 00:15:10,914 -   train_loss = 1.1377
2024-03-16 00:15:10,914 -   best_eval_score = 0.4356
2024-03-16 00:15:10,914 -   eval_score = 0.4616
2024-03-16 00:15:43,332 - ***** Epoch: 8: Eval results *****
2024-03-16 00:15:43,333 -   train_loss = 0.9425
2024-03-16 00:15:43,333 -   best_eval_score = 0.4616
2024-03-16 00:15:43,333 -   eval_score = 0.477
2024-03-16 00:16:15,700 - ***** Epoch: 9: Eval results *****
2024-03-16 00:16:15,700 -   train_loss = 0.7703
2024-03-16 00:16:15,700 -   best_eval_score = 0.477
2024-03-16 00:16:15,700 -   eval_score = 0.4803
2024-03-16 00:16:47,974 - ***** Epoch: 10: Eval results *****
2024-03-16 00:16:47,974 -   train_loss = 0.6239
2024-03-16 00:16:47,974 -   best_eval_score = 0.4803
2024-03-16 00:16:47,974 -   eval_score = 0.4825
2024-03-16 00:17:20,450 - ***** Epoch: 11: Eval results *****
2024-03-16 00:17:20,450 -   train_loss = 0.4726
2024-03-16 00:17:20,450 -   best_eval_score = 0.4825
2024-03-16 00:17:20,450 -   eval_score = 0.4644
2024-03-16 00:17:20,450 - EarlyStopping counter: 1 out of 8
2024-03-16 00:17:53,169 - ***** Epoch: 12: Eval results *****
2024-03-16 00:17:53,169 -   train_loss = 0.3678
2024-03-16 00:17:53,169 -   best_eval_score = 0.4825
2024-03-16 00:17:53,169 -   eval_score = 0.4994
2024-03-16 00:18:25,440 - ***** Epoch: 13: Eval results *****
2024-03-16 00:18:25,440 -   train_loss = 0.2759
2024-03-16 00:18:25,440 -   best_eval_score = 0.4994
2024-03-16 00:18:25,440 -   eval_score = 0.4762
2024-03-16 00:18:25,440 - EarlyStopping counter: 1 out of 8
2024-03-16 00:18:58,410 - ***** Epoch: 14: Eval results *****
2024-03-16 00:18:58,411 -   train_loss = 0.2227
2024-03-16 00:18:58,411 -   best_eval_score = 0.4994
2024-03-16 00:18:58,411 -   eval_score = 0.4936
2024-03-16 00:18:58,411 - EarlyStopping counter: 2 out of 8
2024-03-16 00:19:31,566 - ***** Epoch: 15: Eval results *****
2024-03-16 00:19:31,566 -   train_loss = 0.1786
2024-03-16 00:19:31,566 -   best_eval_score = 0.4994
2024-03-16 00:19:31,566 -   eval_score = 0.5108
2024-03-16 00:20:04,984 - ***** Epoch: 16: Eval results *****
2024-03-16 00:20:04,984 -   train_loss = 0.1507
2024-03-16 00:20:04,984 -   best_eval_score = 0.5108
2024-03-16 00:20:04,984 -   eval_score = 0.4935
2024-03-16 00:20:04,984 - EarlyStopping counter: 1 out of 8
2024-03-16 00:20:37,815 - ***** Epoch: 17: Eval results *****
2024-03-16 00:20:37,815 -   train_loss = 0.1317
2024-03-16 00:20:37,815 -   best_eval_score = 0.5108
2024-03-16 00:20:37,815 -   eval_score = 0.49
2024-03-16 00:20:37,816 - EarlyStopping counter: 2 out of 8
2024-03-16 00:21:10,574 - ***** Epoch: 18: Eval results *****
2024-03-16 00:21:10,575 -   train_loss = 0.1153
2024-03-16 00:21:10,575 -   best_eval_score = 0.5108
2024-03-16 00:21:10,575 -   eval_score = 0.496
2024-03-16 00:21:10,575 - EarlyStopping counter: 3 out of 8
2024-03-16 00:21:44,537 - ***** Epoch: 19: Eval results *****
2024-03-16 00:21:44,537 -   train_loss = 0.098
2024-03-16 00:21:44,537 -   best_eval_score = 0.5108
2024-03-16 00:21:44,537 -   eval_score = 0.5005
2024-03-16 00:21:44,537 - EarlyStopping counter: 4 out of 8
2024-03-16 00:22:17,482 - ***** Epoch: 20: Eval results *****
2024-03-16 00:22:17,483 -   train_loss = 0.0902
2024-03-16 00:22:17,483 -   best_eval_score = 0.5108
2024-03-16 00:22:17,483 -   eval_score = 0.5228
2024-03-16 00:22:50,233 - ***** Epoch: 21: Eval results *****
2024-03-16 00:22:50,233 -   train_loss = 0.085
2024-03-16 00:22:50,233 -   best_eval_score = 0.5228
2024-03-16 00:22:50,233 -   eval_score = 0.4994
2024-03-16 00:22:50,233 - EarlyStopping counter: 1 out of 8
2024-03-16 00:23:23,380 - ***** Epoch: 22: Eval results *****
2024-03-16 00:23:23,380 -   train_loss = 0.0779
2024-03-16 00:23:23,380 -   best_eval_score = 0.5228
2024-03-16 00:23:23,380 -   eval_score = 0.5034
2024-03-16 00:23:23,380 - EarlyStopping counter: 2 out of 8
2024-03-16 00:23:56,298 - ***** Epoch: 23: Eval results *****
2024-03-16 00:23:56,298 -   train_loss = 0.0734
2024-03-16 00:23:56,298 -   best_eval_score = 0.5228
2024-03-16 00:23:56,298 -   eval_score = 0.4901
2024-03-16 00:23:56,298 - EarlyStopping counter: 3 out of 8
2024-03-16 00:24:28,544 - ***** Epoch: 24: Eval results *****
2024-03-16 00:24:28,544 -   train_loss = 0.07
2024-03-16 00:24:28,544 -   best_eval_score = 0.5228
2024-03-16 00:24:28,544 -   eval_score = 0.4696
2024-03-16 00:24:28,544 - EarlyStopping counter: 4 out of 8
2024-03-16 00:25:00,974 - ***** Epoch: 25: Eval results *****
2024-03-16 00:25:00,974 -   train_loss = 0.0648
2024-03-16 00:25:00,974 -   best_eval_score = 0.5228
2024-03-16 00:25:00,974 -   eval_score = 0.5098
2024-03-16 00:25:00,974 - EarlyStopping counter: 5 out of 8
2024-03-16 00:25:33,336 - ***** Epoch: 26: Eval results *****
2024-03-16 00:25:33,336 -   train_loss = 0.0631
2024-03-16 00:25:33,336 -   best_eval_score = 0.5228
2024-03-16 00:25:33,336 -   eval_score = 0.4859
2024-03-16 00:25:33,336 - EarlyStopping counter: 6 out of 8
2024-03-16 00:26:06,148 - ***** Epoch: 27: Eval results *****
2024-03-16 00:26:06,148 -   train_loss = 0.0575
2024-03-16 00:26:06,148 -   best_eval_score = 0.5228
2024-03-16 00:26:06,148 -   eval_score = 0.4912
2024-03-16 00:26:06,148 - EarlyStopping counter: 7 out of 8
2024-03-16 00:26:38,829 - ***** Epoch: 28: Eval results *****
2024-03-16 00:26:38,829 -   train_loss = 0.0571
2024-03-16 00:26:38,829 -   best_eval_score = 0.5228
2024-03-16 00:26:38,829 -   eval_score = 0.4815
2024-03-16 00:26:38,829 - EarlyStopping counter: 8 out of 8
2024-03-16 00:26:38,829 - EarlyStopping at epoch 28
2024-03-16 00:26:38,831 - Training is finished...
2024-03-16 00:26:38,831 - Testing begins...
2024-03-16 00:26:44,658 - ***** Test: Confusion Matrix *****
2024-03-16 00:26:44,660 - [[ 49   0  12   0   0   0   0   0   0   0   2   0   0   0   0   0   0   1
    0   0   0   1   1   1   1   0   0   0   0   0]
 [  0  56   0   0   9   2   4   0   2   1   3   1   3   0   4   0   0   7
    0   0   0   0   1   0   2   0   0   2   0   0]
 [ 11   0  43   0   1   0   0   0   0   0   1   0   0   0   0   0   0   4
    0   0   0   0   0   1   2   0   0   1   0   0]
 [  0   0   0  62   0   0   0   1   0   0   0   0   0   0   2   0   0   0
    0   0   0   0   0   0   0   0   0   0   0   0]
 [  0   4   0   0  34   0   0   0   0   0   0   0   0   1   0   0   0   2
    0   0   1   3   0   2   1   1   0   0   1   1]
 [  0   0   0   0   2  22   2   0   0   2   0   0   1   0   1   0   0   4
    0   0   0   0   0   2   0   0   1   0   0   0]
 [  0   1   0   0   0   3  26   9   0   2   2   0   5   0   0   0   0   0
    0   0   0   0   0   0   0   0   0   0   0   0]
 [  0   2   0   0   0   0   3  26   0   0   3   0   8   0   0   0   3   1
    0   0   0   0   0   0   0   0   0   1   0   0]
 [  1   3   1   3   1   0   0   0  24   0   0   0   1   1   2   1   0   6
    0   0   0   0   3   0   2   0   0   0   0   0]
 [  0   1   1   0   0   0   0   1   3  35   0   5  10   1  17   0   0  11
    2   0   0   3   4   2   3   0   1   5   0   2]
 [  0   0   0   0   0   4   2   3   2   0  42   0  33   0   2   0   0   2
    0   1   1   0   0   0   1   0   0   0   0   0]
 [  0   0   0   0   0   0   0   0   0   3   0  18   9   0   1   0   0   4
    1   0   0   0   3   0   1   0   0   6   0   1]
 [  0   0   2   0   0   1   5   8   0   2  22   1  90   0   0   0   2   1
    0   0   0   0   1   0   0   0   0   0   0   0]
 [  0   0   2   0   1   0   0   0   0   1   0   0   0   1   4   1   0   4
    1   0   1   0   1   0   0   0   0   0   0   0]
 [  0   2   3   0   0   3   0   0   5   4   1   0   1   6 113   2   0  26
    3   0   0   0  15   0   5   0   0   3   0   1]
 [  0   0   2   0   0   0   0   0   0   3   0   0   0   0   1   6   0   2
    2   0   1   1   3   0   0   0   0   0   1   0]
 [  0   0   0   0   1   0   0   2   0   0   2   0   1   0   0   0  56   1
    2   0   0   1   0   0   0   0   0   0   0   0]
 [  1   5   3   0   8   3   0   0   3  10   1   0   1   3  13   4   0 125
    6   1   1   6   6   9   1   0   2   2   1   2]
 [  0   3   0   0   0   0   0   0   0   2   1   0   1   2   7   0   3  11
   27   0   1   0   0   0   2   0   0   0   0   0]
 [  0   6   0   0   0   0   3   0   0   0   2   0   0   0   0   0   0   0
    0   4   0   2   0   0   0   0   0   0   0   0]
 [  0   1   2   0   1   0   0   0   0   2   0   0   1   0   5   2   0   4
    4   0   2   0   1   1   1   0   0   1   0   1]
 [  7   1   0   0   1   0   0   0   0   2   0   0   0   0   0   0   0   1
    0   0   0  29   3   6   0   0   0   2   0   1]
 [  0   0   1   0   0   0   0   0   0   1   0   0   0   0   6   0   0   5
    0   0   0   1  88   0   2   5   6   2   0   0]
 [  0   2   1   0   1   0   0   0   0   1   0   0   0   0   0   0   0   7
    0   0   0   1   0  25   0   0   0   0   0   0]
 [  1   0   3   0   0   0   0   0   1   2   1   2   1   1   2   1   0   3
    0   0   0   0   1   0  88   0   0   5   1   0]
 [  1   0   0   0   1   0   0   0   0   0   0   0   0   0   0   0   0   2
    0   0   0   0   2   0   1  22   2   0   0   0]
 [  0   0   0   1   0   0   0   0   0   0   0   0   0   0   1   0   0   3
    0   0   0   0   3   0   0   0   8   0   1   0]
 [  0   3   0   0   1   0   0   0   3   6   2   1   4   2   4   1   0   3
    1   0   5   0   3   0   7   1   0  10   1   0]
 [  0   0   0   0   0   0   0   0   0   0   0   0   0   0   1   0   1   0
    0   0   0   0   0   0   0   0   0   0  56   0]
 [  0   2   0   0   0   0   0   0   1   0   1   1   0   0   0   0   0   2
    1   0   0   0   0   0   1   1   0   1   0   8]]
2024-03-16 00:26:44,660 - ***** Evaluation results *****
2024-03-16 00:26:44,660 -   acc = 0.5878
2024-03-16 00:26:44,660 -   f1 = 0.5392
2024-03-16 00:26:44,660 -   prec = 0.5539
2024-03-16 00:26:44,661 -   rec = 0.539
2024-03-16 00:26:44,661 - Testing is finished...
2024-03-16 00:26:44,661 - Multimodal intent recognition is finished...
2024-03-16 00:26:44,661 - Results are saved in results/mag_bert.csv
