2024-03-16 15:34:39,431 - ============================== Params ==============================
2024-03-16 15:34:39,431 - logger_name: mag_bert_MIntRec2_multi-class_seed-4_2024-03-16-15-34-39
2024-03-16 15:34:39,431 - dataset: MIntRec2
2024-03-16 15:34:39,431 - data_mode: multi-class
2024-03-16 15:34:39,431 - method: mag_bert
2024-03-16 15:34:39,431 - text_backbone: bert-base-uncased
2024-03-16 15:34:39,431 - text_backbone_path: /home/sharing/disk1/pretrained_embedding/bert/uncased_L-12_H-768_A-12/
2024-03-16 15:34:39,431 - seed: 4
2024-03-16 15:34:39,431 - num_workers: 8
2024-03-16 15:34:39,431 - gpu_id: 2
2024-03-16 15:34:39,431 - data_path: /home/sharing/disk2/sjh/intentDataset
2024-03-16 15:34:39,431 - train: True
2024-03-16 15:34:39,431 - tune: True
2024-03-16 15:34:39,431 - save_model: False
2024-03-16 15:34:39,431 - save_results: True
2024-03-16 15:34:39,431 - log_path: logs
2024-03-16 15:34:39,431 - cache_path: 
2024-03-16 15:34:39,431 - video_data_path: video_data
2024-03-16 15:34:39,431 - audio_data_path: audio_data
2024-03-16 15:34:39,431 - video_feats_path: video_feats.pkl
2024-03-16 15:34:39,431 - audio_feats_path: audio_feats.pkl
2024-03-16 15:34:39,431 - results_path: results
2024-03-16 15:34:39,431 - output_path: /home/sharing/disk2/sjh/Outputs/MIntRec2
2024-03-16 15:34:39,431 - model_path: models
2024-03-16 15:34:39,431 - config_file_name: mag_bert_MIntRec2
2024-03-16 15:34:39,431 - results_file_name: mag_bert.csv
2024-03-16 15:34:39,431 - padding_mode: zero
2024-03-16 15:34:39,432 - padding_loc: end
2024-03-16 15:34:39,432 - need_aligned: True
2024-03-16 15:34:39,432 - eval_monitor: f1
2024-03-16 15:34:39,432 - train_batch_size: 32
2024-03-16 15:34:39,432 - eval_batch_size: 16
2024-03-16 15:34:39,432 - test_batch_size: 16
2024-03-16 15:34:39,432 - wait_patience: 8
2024-03-16 15:34:39,432 - num_train_epochs: 100
2024-03-16 15:34:39,432 - beta_shift: 0.01
2024-03-16 15:34:39,432 - dropout_prob: 0.5
2024-03-16 15:34:39,432 - warmup_proportion: 0.01
2024-03-16 15:34:39,432 - lr: 3e-05
2024-03-16 15:34:39,432 - aligned_method: conv1d
2024-03-16 15:34:39,432 - weight_decay: 0.03
2024-03-16 15:34:39,432 - pred_output_path: /home/sharing/disk2/sjh/Outputs/MIntRec2/mag_bert_MIntRec2_multi-class_seed-4_2024-03-16-15-34-39
2024-03-16 15:34:39,432 - model_output_path: /home/sharing/disk2/sjh/Outputs/MIntRec2/mag_bert_MIntRec2_multi-class_seed-4_2024-03-16-15-34-39/models
2024-03-16 15:34:39,432 - num_labels: 30
2024-03-16 15:34:39,432 - text_feat_dim: 768
2024-03-16 15:34:39,432 - video_feat_dim: 256
2024-03-16 15:34:39,432 - audio_feat_dim: 768
2024-03-16 15:34:39,432 - text_seq_len: 50
2024-03-16 15:34:39,432 - video_seq_len: 180
2024-03-16 15:34:39,432 - audio_seq_len: 400
2024-03-16 15:34:39,432 - device: cuda:2
2024-03-16 15:34:39,432 - ============================== End Params ==============================
2024-03-16 15:34:39,447 - Generate Text Features Begin...
2024-03-16 15:34:41,426 - Generate Text Features Finished...
2024-03-16 15:34:41,428 - Load Video Features Begin...
2024-03-16 15:34:42,525 - Load Video Features Finished...
2024-03-16 15:34:44,254 - Load Audio Features Begin...
2024-03-16 15:34:48,124 - Load Audio Features Finished...
2024-03-16 15:34:57,606 - method  begins...
2024-03-16 15:34:58,524 - Multimodal intent recognition begins...
2024-03-16 15:34:58,524 - Training begins...
2024-03-16 15:35:35,094 - ***** Epoch: 1: Eval results *****
2024-03-16 15:35:35,094 -   train_loss = 2.5924
2024-03-16 15:35:35,094 -   best_eval_score = 0.0
2024-03-16 15:35:35,094 -   eval_score = 0.3464
2024-03-16 15:36:11,559 - ***** Epoch: 2: Eval results *****
2024-03-16 15:36:11,559 -   train_loss = 1.6003
2024-03-16 15:36:11,559 -   best_eval_score = 0.3464
2024-03-16 15:36:11,560 -   eval_score = 0.4169
2024-03-16 15:36:45,874 - ***** Epoch: 3: Eval results *****
2024-03-16 15:36:45,875 -   train_loss = 1.2029
2024-03-16 15:36:45,876 -   best_eval_score = 0.4169
2024-03-16 15:36:45,876 -   eval_score = 0.4562
2024-03-16 15:37:22,353 - ***** Epoch: 4: Eval results *****
2024-03-16 15:37:22,353 -   train_loss = 0.9181
2024-03-16 15:37:22,353 -   best_eval_score = 0.4562
2024-03-16 15:37:22,353 -   eval_score = 0.4808
2024-03-16 15:37:58,181 - ***** Epoch: 5: Eval results *****
2024-03-16 15:37:58,182 -   train_loss = 0.6802
2024-03-16 15:37:58,182 -   best_eval_score = 0.4808
2024-03-16 15:37:58,182 -   eval_score = 0.499
2024-03-16 15:38:33,464 - ***** Epoch: 6: Eval results *****
2024-03-16 15:38:33,464 -   train_loss = 0.4943
2024-03-16 15:38:33,464 -   best_eval_score = 0.499
2024-03-16 15:38:33,464 -   eval_score = 0.5091
2024-03-16 15:39:11,355 - ***** Epoch: 7: Eval results *****
2024-03-16 15:39:11,356 -   train_loss = 0.3591
2024-03-16 15:39:11,356 -   best_eval_score = 0.5091
2024-03-16 15:39:11,356 -   eval_score = 0.5003
2024-03-16 15:39:11,356 - EarlyStopping counter: 1 out of 8
2024-03-16 15:39:47,269 - ***** Epoch: 8: Eval results *****
2024-03-16 15:39:47,270 -   train_loss = 0.2624
2024-03-16 15:39:47,271 -   best_eval_score = 0.5091
2024-03-16 15:39:47,271 -   eval_score = 0.4896
2024-03-16 15:39:47,271 - EarlyStopping counter: 2 out of 8
2024-03-16 15:40:24,395 - ***** Epoch: 9: Eval results *****
2024-03-16 15:40:24,395 -   train_loss = 0.2036
2024-03-16 15:40:24,395 -   best_eval_score = 0.5091
2024-03-16 15:40:24,395 -   eval_score = 0.5026
2024-03-16 15:40:24,395 - EarlyStopping counter: 3 out of 8
2024-03-16 15:41:00,429 - ***** Epoch: 10: Eval results *****
2024-03-16 15:41:00,429 -   train_loss = 0.1628
2024-03-16 15:41:00,429 -   best_eval_score = 0.5091
2024-03-16 15:41:00,429 -   eval_score = 0.4999
2024-03-16 15:41:00,429 - EarlyStopping counter: 4 out of 8
2024-03-16 15:41:35,813 - ***** Epoch: 11: Eval results *****
2024-03-16 15:41:35,814 -   train_loss = 0.1298
2024-03-16 15:41:35,814 -   best_eval_score = 0.5091
2024-03-16 15:41:35,814 -   eval_score = 0.5043
2024-03-16 15:41:35,814 - EarlyStopping counter: 5 out of 8
2024-03-16 15:42:10,255 - ***** Epoch: 12: Eval results *****
2024-03-16 15:42:10,256 -   train_loss = 0.1078
2024-03-16 15:42:10,256 -   best_eval_score = 0.5091
2024-03-16 15:42:10,257 -   eval_score = 0.5
2024-03-16 15:42:10,257 - EarlyStopping counter: 6 out of 8
2024-03-16 15:42:47,469 - ***** Epoch: 13: Eval results *****
2024-03-16 15:42:47,469 -   train_loss = 0.0961
2024-03-16 15:42:47,469 -   best_eval_score = 0.5091
2024-03-16 15:42:47,469 -   eval_score = 0.504
2024-03-16 15:42:47,470 - EarlyStopping counter: 7 out of 8
2024-03-16 15:43:23,987 - ***** Epoch: 14: Eval results *****
2024-03-16 15:43:23,987 -   train_loss = 0.0877
2024-03-16 15:43:23,987 -   best_eval_score = 0.5091
2024-03-16 15:43:23,987 -   eval_score = 0.506
2024-03-16 15:43:23,987 - EarlyStopping counter: 8 out of 8
2024-03-16 15:43:23,988 - EarlyStopping at epoch 14
2024-03-16 15:43:23,991 - Training is finished...
2024-03-16 15:43:23,992 - Testing begins...
2024-03-16 15:43:31,025 - ***** Test: Confusion Matrix *****
2024-03-16 15:43:31,031 - [[ 45   0  15   0   0   0   0   0   1   1   2   0   0   0   1   0   0   0
    0   0   0   0   0   0   2   0   0   1   0   0]
 [  0  60   0   0   9   0   6   0   2   0   1   0   3   0   8   0   0   2
    0   2   0   0   1   0   2   0   0   1   0   0]
 [  6   1  47   0   0   0   0   0   0   0   1   0   0   1   1   0   0   2
    1   0   0   0   0   1   1   0   0   2   0   0]
 [  0   0   0  63   0   0   0   1   0   0   0   0   0   0   1   0   0   0
    0   0   0   0   0   0   0   0   0   0   0   0]
 [  0   2   0   0  33   1   0   0   1   1   0   0   0   1   0   0   0   4
    0   3   0   0   1   1   1   1   0   0   1   0]
 [  0   0   0   0   1  24   0   0   0   1   2   0   0   0   0   0   0   4
    0   2   0   0   0   1   0   1   1   0   0   0]
 [  0   1   0   0   0   1  23   8   0   1   6   1   5   0   0   0   0   0
    0   1   0   0   0   0   0   1   0   0   0   0]
 [  0   0   0   0   0   0   3  25   0   0   7   1   5   0   0   0   4   0
    0   0   0   0   1   0   0   0   0   1   0   0]
 [  2   1   1   3   1   0   0   0  24   1   0   2   0   0   6   0   0   1
    0   1   0   0   3   0   2   0   0   0   0   1]
 [  1   1   1   0   0   0   0   0   2  49   0   7  12   0  12   0   0   7
    3   0   0   2   3   0   1   1   0   3   0   2]
 [  0   0   0   0   0   2   1   1   0   0  56   0  25   0   1   0   1   2
    0   2   0   0   1   0   1   0   0   0   0   0]
 [  0   1   0   0   0   1   0   1   0   6   0  23   6   0   2   0   0   1
    0   0   0   0   3   0   1   0   0   1   0   1]
 [  0   0   0   0   0   0   1   6   0   5  29   3  82   0   0   0   4   1
    0   2   0   0   1   0   0   0   0   1   0   0]
 [  0   0   2   0   1   0   0   0   0   2   0   0   0   0   2   2   0   2
    2   0   0   0   3   0   0   0   0   1   0   0]
 [  0   3   2   1   1   1   1   0   4   9   2   1   1   0 118   1   0  23
    3   0   0   0  12   2   4   0   0   4   0   0]
 [  0   0   1   0   0   1   0   0   0   4   0   0   1   1   2   4   0   2
    1   0   0   1   1   0   0   0   0   2   1   0]
 [  0   0   0   0   1   0   1   0   0   0   0   0   1   0   0   0  59   0
    3   0   0   0   0   0   1   0   0   0   0   0]
 [  1  11   2   0   9   2   0   0   3  16   2   2   1   0  23   1   1 108
    8   1   0   4   6   7   1   1   0   4   1   2]
 [  0   2   0   0   0   0   1   0   0   5   2   0   0   1   7   0   2  10
   26   0   2   0   1   0   1   0   0   0   0   0]
 [  0   5   0   0   0   0   1   0   0   0   2   0   0   0   0   0   0   0
    0   8   0   1   0   0   0   0   0   0   0   0]
 [  0   1   2   0   2   0   0   0   1   1   0   2   1   0   3   2   0   3
    4   0   3   0   1   2   0   0   0   1   0   0]
 [  5   1   1   0   1   0   0   0   0   4   0   1   0   0   0   0   4   0
    1   0   1  23   1   6   1   0   2   0   0   1]
 [  0   0   0   0   0   0   0   0   2   5   0   3   1   0   5   0   0   2
    0   0   0   0  92   0   1   2   4   0   0   0]
 [  0   2   2   0   1   1   0   0   0   0   0   0   0   0   0   0   0   4
    1   0   0   2   0  25   0   0   0   0   0   0]
 [  1   0   1   0   0   0   0   0   1   2   1   4   0   0   4   0   0   3
    1   1   0   0   1   1  85   0   0   5   2   0]
 [  1   0   0   0   0   0   0   0   0   0   0   0   0   0   0   0   0   2
    0   0   0   0   3   0   1  23   1   0   0   0]
 [  0   1   0   0   0   0   0   0   0   2   0   0   0   0   0   0   0   2
    0   0   0   1   3   0   0   0   5   0   3   0]
 [  0   2   1   0   2   0   0   0   3   7   3   4   3   1   5   0   0   3
    2   0   0   0   3   0   8   0   0   8   1   2]
 [  0   0   0   1   0   0   0   0   0   0   0   0   0   0   0   0   1   0
    0   0   0   0   0   0   0   0   0   0  56   0]
 [  0   1   0   0   0   0   0   0   3   2   1   1   0   0   0   0   0   3
    1   0   0   0   0   0   1   2   0   0   0   4]]
2024-03-16 15:43:31,031 - ***** Evaluation results *****
2024-03-16 15:43:31,031 -   acc = 0.5908
2024-03-16 15:43:31,031 -   f1 = 0.5325
2024-03-16 15:43:31,031 -   prec = 0.5475
2024-03-16 15:43:31,032 -   rec = 0.537
2024-03-16 15:43:31,032 - Testing is finished...
2024-03-16 15:43:31,032 - Multimodal intent recognition is finished...
2024-03-16 15:43:31,032 - Results are saved in results/mag_bert.csv
