2024-03-17 21:03:10,673 - ============================== Params ==============================
2024-03-17 21:03:10,673 - logger_name: mag_bert_MIntRec2_multi-class_seed-4_2024-03-17-21-03-10
2024-03-17 21:03:10,673 - dataset: MIntRec2
2024-03-17 21:03:10,673 - data_mode: multi-class
2024-03-17 21:03:10,673 - method: mag_bert
2024-03-17 21:03:10,673 - text_backbone: bert-base-uncased
2024-03-17 21:03:10,673 - text_backbone_path: /home/sharing/disk1/pretrained_embedding/bert/uncased_L-12_H-768_A-12/
2024-03-17 21:03:10,673 - seed: 4
2024-03-17 21:03:10,673 - num_workers: 8
2024-03-17 21:03:10,673 - gpu_id: 2
2024-03-17 21:03:10,673 - data_path: /home/sharing/disk2/sjh/intentDataset
2024-03-17 21:03:10,673 - train: True
2024-03-17 21:03:10,673 - tune: True
2024-03-17 21:03:10,673 - save_model: False
2024-03-17 21:03:10,673 - save_results: True
2024-03-17 21:03:10,673 - log_path: logs
2024-03-17 21:03:10,674 - cache_path: 
2024-03-17 21:03:10,674 - video_data_path: video_data
2024-03-17 21:03:10,674 - audio_data_path: audio_data
2024-03-17 21:03:10,674 - video_feats_path: video_feats.pkl
2024-03-17 21:03:10,674 - audio_feats_path: audio_feats.pkl
2024-03-17 21:03:10,674 - results_path: results
2024-03-17 21:03:10,674 - output_path: /home/sharing/disk2/sjh/Outputs/MIntRec2
2024-03-17 21:03:10,674 - model_path: models
2024-03-17 21:03:10,674 - config_file_name: mag_bert_MIntRec2
2024-03-17 21:03:10,674 - results_file_name: mag_bert.csv
2024-03-17 21:03:10,674 - padding_mode: zero
2024-03-17 21:03:10,674 - padding_loc: end
2024-03-17 21:03:10,674 - need_aligned: True
2024-03-17 21:03:10,674 - eval_monitor: f1
2024-03-17 21:03:10,674 - train_batch_size: 32
2024-03-17 21:03:10,674 - eval_batch_size: 16
2024-03-17 21:03:10,674 - test_batch_size: 16
2024-03-17 21:03:10,674 - wait_patience: 8
2024-03-17 21:03:10,674 - num_train_epochs: 100
2024-03-17 21:03:10,674 - beta_shift: 0.01
2024-03-17 21:03:10,674 - dropout_prob: 0.1
2024-03-17 21:03:10,674 - warmup_proportion: 0.01
2024-03-17 21:03:10,674 - lr: 3e-05
2024-03-17 21:03:10,674 - aligned_method: conv1d
2024-03-17 21:03:10,674 - weight_decay: 0.01
2024-03-17 21:03:10,674 - pred_output_path: /home/sharing/disk2/sjh/Outputs/MIntRec2/mag_bert_MIntRec2_multi-class_seed-4_2024-03-17-21-03-10
2024-03-17 21:03:10,674 - model_output_path: /home/sharing/disk2/sjh/Outputs/MIntRec2/mag_bert_MIntRec2_multi-class_seed-4_2024-03-17-21-03-10/models
2024-03-17 21:03:10,674 - num_labels: 30
2024-03-17 21:03:10,674 - text_feat_dim: 768
2024-03-17 21:03:10,674 - video_feat_dim: 256
2024-03-17 21:03:10,674 - audio_feat_dim: 768
2024-03-17 21:03:10,674 - text_seq_len: 50
2024-03-17 21:03:10,674 - video_seq_len: 180
2024-03-17 21:03:10,674 - audio_seq_len: 400
2024-03-17 21:03:10,674 - device: cuda:2
2024-03-17 21:03:10,674 - ============================== End Params ==============================
2024-03-17 21:03:10,689 - Generate Text Features Begin...
2024-03-17 21:03:12,414 - Generate Text Features Finished...
2024-03-17 21:03:12,415 - Load Video Features Begin...
2024-03-17 21:03:13,476 - Load Video Features Finished...
2024-03-17 21:03:15,251 - Load Audio Features Begin...
2024-03-17 21:03:20,506 - Load Audio Features Finished...
2024-03-17 21:03:32,592 - method  begins...
2024-03-17 21:03:33,899 - Multimodal intent recognition begins...
2024-03-17 21:03:33,899 - Training begins...
2024-03-17 21:04:07,927 - ***** Epoch: 1: Eval results *****
2024-03-17 21:04:07,928 -   train_loss = 2.5214
2024-03-17 21:04:07,928 -   best_eval_score = 0.0
2024-03-17 21:04:07,928 -   eval_score = 0.366
2024-03-17 21:04:38,879 - ***** Epoch: 2: Eval results *****
2024-03-17 21:04:38,879 -   train_loss = 1.4753
2024-03-17 21:04:38,879 -   best_eval_score = 0.366
2024-03-17 21:04:38,879 -   eval_score = 0.4464
2024-03-17 21:05:11,726 - ***** Epoch: 3: Eval results *****
2024-03-17 21:05:11,726 -   train_loss = 0.9599
2024-03-17 21:05:11,726 -   best_eval_score = 0.4464
2024-03-17 21:05:11,726 -   eval_score = 0.4635
2024-03-17 21:05:44,279 - ***** Epoch: 4: Eval results *****
2024-03-17 21:05:44,279 -   train_loss = 0.6079
2024-03-17 21:05:44,279 -   best_eval_score = 0.4635
2024-03-17 21:05:44,279 -   eval_score = 0.4905
2024-03-17 21:06:16,411 - ***** Epoch: 5: Eval results *****
2024-03-17 21:06:16,411 -   train_loss = 0.3648
2024-03-17 21:06:16,412 -   best_eval_score = 0.4905
2024-03-17 21:06:16,412 -   eval_score = 0.5116
2024-03-17 21:06:49,239 - ***** Epoch: 6: Eval results *****
2024-03-17 21:06:49,239 -   train_loss = 0.2285
2024-03-17 21:06:49,239 -   best_eval_score = 0.5116
2024-03-17 21:06:49,239 -   eval_score = 0.5266
2024-03-17 21:07:21,932 - ***** Epoch: 7: Eval results *****
2024-03-17 21:07:21,933 -   train_loss = 0.1571
2024-03-17 21:07:21,933 -   best_eval_score = 0.5266
2024-03-17 21:07:21,933 -   eval_score = 0.5048
2024-03-17 21:07:21,933 - EarlyStopping counter: 1 out of 8
2024-03-17 21:07:53,450 - ***** Epoch: 8: Eval results *****
2024-03-17 21:07:53,450 -   train_loss = 0.1117
2024-03-17 21:07:53,450 -   best_eval_score = 0.5266
2024-03-17 21:07:53,450 -   eval_score = 0.5097
2024-03-17 21:07:53,450 - EarlyStopping counter: 2 out of 8
2024-03-17 21:08:26,431 - ***** Epoch: 9: Eval results *****
2024-03-17 21:08:26,431 -   train_loss = 0.0942
2024-03-17 21:08:26,431 -   best_eval_score = 0.5266
2024-03-17 21:08:26,431 -   eval_score = 0.4906
2024-03-17 21:08:26,431 - EarlyStopping counter: 3 out of 8
2024-03-17 21:08:59,104 - ***** Epoch: 10: Eval results *****
2024-03-17 21:08:59,104 -   train_loss = 0.0829
2024-03-17 21:08:59,104 -   best_eval_score = 0.5266
2024-03-17 21:08:59,104 -   eval_score = 0.4956
2024-03-17 21:08:59,105 - EarlyStopping counter: 4 out of 8
2024-03-17 21:09:31,437 - ***** Epoch: 11: Eval results *****
2024-03-17 21:09:31,437 -   train_loss = 0.0735
2024-03-17 21:09:31,437 -   best_eval_score = 0.5266
2024-03-17 21:09:31,437 -   eval_score = 0.4939
2024-03-17 21:09:31,437 - EarlyStopping counter: 5 out of 8
2024-03-17 21:10:04,311 - ***** Epoch: 12: Eval results *****
2024-03-17 21:10:04,311 -   train_loss = 0.0628
2024-03-17 21:10:04,311 -   best_eval_score = 0.5266
2024-03-17 21:10:04,311 -   eval_score = 0.5033
2024-03-17 21:10:04,311 - EarlyStopping counter: 6 out of 8
2024-03-17 21:10:38,245 - ***** Epoch: 13: Eval results *****
2024-03-17 21:10:38,245 -   train_loss = 0.064
2024-03-17 21:10:38,245 -   best_eval_score = 0.5266
2024-03-17 21:10:38,245 -   eval_score = 0.4949
2024-03-17 21:10:38,245 - EarlyStopping counter: 7 out of 8
2024-03-17 21:11:12,572 - ***** Epoch: 14: Eval results *****
2024-03-17 21:11:12,572 -   train_loss = 0.0672
2024-03-17 21:11:12,572 -   best_eval_score = 0.5266
2024-03-17 21:11:12,573 -   eval_score = 0.5062
2024-03-17 21:11:12,573 - EarlyStopping counter: 8 out of 8
2024-03-17 21:11:12,573 - EarlyStopping at epoch 14
2024-03-17 21:11:12,574 - Training is finished...
2024-03-17 21:11:12,574 - Testing begins...
2024-03-17 21:11:20,202 - ***** Test: Confusion Matrix *****
2024-03-17 21:11:20,205 - [[ 49   0  13   0   0   0   0   0   0   0   2   0   0   1   0   0   0   0
    0   0   0   0   0   1   2   0   0   0   0   0]
 [  0  51   0   0   9   2   8   0   1   0   1   0   4   0   6   0   0   6
    1   3   0   1   1   0   0   0   0   3   0   0]
 [ 11   1  43   0   0   0   0   0   0   0   1   0   0   2   1   0   0   2
    0   0   0   0   0   1   1   0   0   1   0   0]
 [  0   0   0  60   0   0   0   1   0   0   0   1   0   0   2   0   0   0
    0   0   0   0   0   0   0   0   1   0   0   0]
 [  0   2   0   0  35   0   0   0   1   0   0   0   0   0   0   0   0   3
    0   1   0   3   1   2   1   0   0   0   1   1]
 [  0   0   0   0   0  29   0   1   0   1   1   0   0   0   1   0   0   3
    0   0   0   0   0   1   0   0   0   0   0   0]
 [  0   1   0   0   0   3  28   8   0   0   4   0   4   0   0   0   0   0
    0   0   0   0   0   0   0   0   0   0   0   0]
 [  0   0   0   0   0   0   5  25   0   2  10   0   2   0   0   0   1   0
    0   0   0   0   1   0   0   0   0   1   0   0]
 [  2   2   1   3   1   0   0   1  24   1   0   0   0   0   6   0   0   2
    0   0   0   0   4   0   2   0   0   0   0   0]
 [  0   2   1   0   1   1   1   0   2  40   0   7   9   1  11   1   0   8
    1   0   1   5   6   1   0   0   0   5   0   3]
 [  0   0   0   0   0   4   4   1   2   2  52   0  22   0   1   0   0   2
    0   1   1   0   0   0   0   0   0   1   0   0]
 [  0   0   0   0   0   0   0   1   0   7   0  16   8   1   3   0   0   2
    1   0   1   0   2   0   0   0   0   4   0   1]
 [  0   3   0   0   0   1   5   4   0   1  32   0  83   0   1   0   2   0
    0   1   0   0   1   0   0   0   0   1   0   0]
 [  0   0   1   0   1   0   0   0   0   2   0   0   0   3   6   0   0   3
    1   0   0   0   0   0   0   0   0   0   0   0]
 [  0   2   2   1   1   1   1   0   6   6   2   1   1   4 126   1   0  19
    4   0   1   0   7   1   3   0   1   2   0   0]
 [  0   0   2   0   0   0   0   0   0   4   0   0   0   0   3   4   0   1
    3   0   1   1   1   0   0   0   0   1   1   0]
 [  0   0   0   0   1   0   1   2   1   0   1   0   1   0   0   0  54   0
    5   0   0   0   0   0   0   0   0   0   0   0]
 [  1   6   2   0   8   4   0   0   4  10   1   2   0   1  20   1   1 113
   11   0   3   3   5   8   0   1   1   3   1   7]
 [  0   2   0   0   0   0   1   0   0   3   2   0   0   1  10   0   2   9
   26   0   2   0   0   0   1   0   0   1   0   0]
 [  0   5   0   0   0   0   2   0   0   0   1   0   0   0   0   0   0   0
    0   8   0   1   0   0   0   0   0   0   0   0]
 [  0   2   2   0   1   0   0   0   0   0   1   0   0   0   5   3   0   2
    4   0   4   0   0   1   0   0   0   4   0   0]
 [  6   1   1   0   2   0   0   0   0   2   0   0   0   0   0   0   4   1
    1   1   1  28   2   1   0   0   0   1   0   1]
 [  0   0   2   0   0   0   0   0   2   2   1   3   0   1  12   0   0   3
    0   0   0   0  83   0   0   2   6   0   0   0]
 [  0   2   1   0   1   0   0   0   0   0   0   0   0   0   0   0   0   6
    1   0   0   3   0  24   0   0   0   0   0   0]
 [  2   1   2   0   0   0   0   0   2   1   0   3   0   0   3   0   0   2
    0   0   0   1   1   1  79   0   0  14   1   0]
 [  1   1   0   0   1   0   0   0   0   0   0   0   1   0   0   0   0   1
    0   0   0   1   2   1   1  16   3   0   0   2]
 [  0   0   0   1   0   0   0   0   0   0   0   0   0   0   2   0   0   4
    0   0   0   1   3   0   0   0   4   0   2   0]
 [  0   3   2   0   2   0   0   0   1   3   4   4   2   0   6   0   0   3
    0   0   1   0   2   0   8   2   0  12   1   2]
 [  0   0   0   0   0   0   0   0   0   0   0   0   0   0   1   0   1   0
    0   0   0   0   0   0   0   0   0   0  56   0]
 [  0   2   0   0   3   0   0   0   0   0   1   1   0   0   0   0   0   2
    1   0   0   1   0   0   0   2   0   2   0   4]]
2024-03-17 21:11:20,205 - ***** Evaluation results *****
2024-03-17 21:11:20,205 -   acc = 0.5799
2024-03-17 21:11:20,205 -   f1 = 0.5285
2024-03-17 21:11:20,205 -   prec = 0.5357
2024-03-17 21:11:20,205 -   rec = 0.53
2024-03-17 21:11:20,205 - Testing is finished...
2024-03-17 21:11:20,205 - Multimodal intent recognition is finished...
2024-03-17 21:11:20,206 - Results are saved in results/mag_bert.csv
