2024-03-16 16:07:44,753 - ============================== Params ==============================
2024-03-16 16:07:44,753 - logger_name: mag_bert_MIntRec2_multi-class_seed-4_2024-03-16-16-07-44
2024-03-16 16:07:44,753 - dataset: MIntRec2
2024-03-16 16:07:44,753 - data_mode: multi-class
2024-03-16 16:07:44,753 - method: mag_bert
2024-03-16 16:07:44,753 - text_backbone: bert-base-uncased
2024-03-16 16:07:44,753 - text_backbone_path: /home/sharing/disk1/pretrained_embedding/bert/uncased_L-12_H-768_A-12/
2024-03-16 16:07:44,753 - seed: 4
2024-03-16 16:07:44,753 - num_workers: 8
2024-03-16 16:07:44,753 - gpu_id: 2
2024-03-16 16:07:44,753 - data_path: /home/sharing/disk2/sjh/intentDataset
2024-03-16 16:07:44,753 - train: True
2024-03-16 16:07:44,753 - tune: True
2024-03-16 16:07:44,753 - save_model: False
2024-03-16 16:07:44,754 - save_results: True
2024-03-16 16:07:44,754 - log_path: logs
2024-03-16 16:07:44,754 - cache_path: 
2024-03-16 16:07:44,754 - video_data_path: video_data
2024-03-16 16:07:44,754 - audio_data_path: audio_data
2024-03-16 16:07:44,754 - video_feats_path: video_feats.pkl
2024-03-16 16:07:44,754 - audio_feats_path: audio_feats.pkl
2024-03-16 16:07:44,754 - results_path: results
2024-03-16 16:07:44,754 - output_path: /home/sharing/disk2/sjh/Outputs/MIntRec2
2024-03-16 16:07:44,754 - model_path: models
2024-03-16 16:07:44,754 - config_file_name: mag_bert_MIntRec2
2024-03-16 16:07:44,754 - results_file_name: mag_bert.csv
2024-03-16 16:07:44,754 - padding_mode: zero
2024-03-16 16:07:44,754 - padding_loc: end
2024-03-16 16:07:44,754 - need_aligned: True
2024-03-16 16:07:44,754 - eval_monitor: f1
2024-03-16 16:07:44,754 - train_batch_size: 32
2024-03-16 16:07:44,754 - eval_batch_size: 16
2024-03-16 16:07:44,754 - test_batch_size: 16
2024-03-16 16:07:44,754 - wait_patience: 8
2024-03-16 16:07:44,754 - num_train_epochs: 100
2024-03-16 16:07:44,754 - beta_shift: 0.01
2024-03-16 16:07:44,754 - dropout_prob: 0.5
2024-03-16 16:07:44,754 - warmup_proportion: 0.01
2024-03-16 16:07:44,754 - lr: 9e-06
2024-03-16 16:07:44,754 - aligned_method: ctc
2024-03-16 16:07:44,754 - weight_decay: 0.03
2024-03-16 16:07:44,754 - pred_output_path: /home/sharing/disk2/sjh/Outputs/MIntRec2/mag_bert_MIntRec2_multi-class_seed-4_2024-03-16-16-07-44
2024-03-16 16:07:44,754 - model_output_path: /home/sharing/disk2/sjh/Outputs/MIntRec2/mag_bert_MIntRec2_multi-class_seed-4_2024-03-16-16-07-44/models
2024-03-16 16:07:44,754 - num_labels: 30
2024-03-16 16:07:44,754 - text_feat_dim: 768
2024-03-16 16:07:44,754 - video_feat_dim: 256
2024-03-16 16:07:44,754 - audio_feat_dim: 768
2024-03-16 16:07:44,754 - text_seq_len: 50
2024-03-16 16:07:44,754 - video_seq_len: 180
2024-03-16 16:07:44,754 - audio_seq_len: 400
2024-03-16 16:07:44,754 - device: cuda:2
2024-03-16 16:07:44,755 - ============================== End Params ==============================
2024-03-16 16:07:44,773 - Generate Text Features Begin...
2024-03-16 16:07:46,722 - Generate Text Features Finished...
2024-03-16 16:07:46,724 - Load Video Features Begin...
2024-03-16 16:07:47,730 - Load Video Features Finished...
2024-03-16 16:07:49,426 - Load Audio Features Begin...
2024-03-16 16:07:53,265 - Load Audio Features Finished...
2024-03-16 16:08:02,865 - method  begins...
2024-03-16 16:08:03,790 - Multimodal intent recognition begins...
2024-03-16 16:08:03,790 - Training begins...
2024-03-16 16:08:39,662 - ***** Epoch: 1: Eval results *****
2024-03-16 16:08:39,662 -   train_loss = 3.0078
2024-03-16 16:08:39,662 -   best_eval_score = 0.0
2024-03-16 16:08:39,662 -   eval_score = 0.1853
2024-03-16 16:09:17,191 - ***** Epoch: 2: Eval results *****
2024-03-16 16:09:17,191 -   train_loss = 2.0669
2024-03-16 16:09:17,191 -   best_eval_score = 0.1853
2024-03-16 16:09:17,191 -   eval_score = 0.3479
2024-03-16 16:09:50,937 - ***** Epoch: 3: Eval results *****
2024-03-16 16:09:50,938 -   train_loss = 1.6521
2024-03-16 16:09:50,939 -   best_eval_score = 0.3479
2024-03-16 16:09:50,939 -   eval_score = 0.3979
2024-03-16 16:10:30,280 - ***** Epoch: 4: Eval results *****
2024-03-16 16:10:30,280 -   train_loss = 1.431
2024-03-16 16:10:30,280 -   best_eval_score = 0.3979
2024-03-16 16:10:30,281 -   eval_score = 0.4262
2024-03-16 16:11:08,212 - ***** Epoch: 5: Eval results *****
2024-03-16 16:11:08,212 -   train_loss = 1.2762
2024-03-16 16:11:08,212 -   best_eval_score = 0.4262
2024-03-16 16:11:08,212 -   eval_score = 0.4588
2024-03-16 16:11:44,646 - ***** Epoch: 6: Eval results *****
2024-03-16 16:11:44,646 -   train_loss = 1.1535
2024-03-16 16:11:44,647 -   best_eval_score = 0.4588
2024-03-16 16:11:44,647 -   eval_score = 0.4587
2024-03-16 16:11:44,647 - EarlyStopping counter: 1 out of 8
2024-03-16 16:12:23,799 - ***** Epoch: 7: Eval results *****
2024-03-16 16:12:23,800 -   train_loss = 1.0459
2024-03-16 16:12:23,800 -   best_eval_score = 0.4588
2024-03-16 16:12:23,800 -   eval_score = 0.475
2024-03-16 16:12:58,690 - ***** Epoch: 8: Eval results *****
2024-03-16 16:12:58,691 -   train_loss = 0.935
2024-03-16 16:12:58,691 -   best_eval_score = 0.475
2024-03-16 16:12:58,691 -   eval_score = 0.4813
2024-03-16 16:13:37,853 - ***** Epoch: 9: Eval results *****
2024-03-16 16:13:37,853 -   train_loss = 0.8476
2024-03-16 16:13:37,853 -   best_eval_score = 0.4813
2024-03-16 16:13:37,853 -   eval_score = 0.5012
2024-03-16 16:14:13,523 - ***** Epoch: 10: Eval results *****
2024-03-16 16:14:13,524 -   train_loss = 0.7713
2024-03-16 16:14:13,524 -   best_eval_score = 0.5012
2024-03-16 16:14:13,524 -   eval_score = 0.5025
2024-03-16 16:14:52,929 - ***** Epoch: 11: Eval results *****
2024-03-16 16:14:52,929 -   train_loss = 0.7039
2024-03-16 16:14:52,929 -   best_eval_score = 0.5025
2024-03-16 16:14:52,929 -   eval_score = 0.497
2024-03-16 16:14:52,930 - EarlyStopping counter: 1 out of 8
2024-03-16 16:15:32,103 - ***** Epoch: 12: Eval results *****
2024-03-16 16:15:32,104 -   train_loss = 0.6274
2024-03-16 16:15:32,104 -   best_eval_score = 0.5025
2024-03-16 16:15:32,104 -   eval_score = 0.4929
2024-03-16 16:15:32,104 - EarlyStopping counter: 2 out of 8
2024-03-16 16:16:06,521 - ***** Epoch: 13: Eval results *****
2024-03-16 16:16:06,521 -   train_loss = 0.5671
2024-03-16 16:16:06,522 -   best_eval_score = 0.5025
2024-03-16 16:16:06,522 -   eval_score = 0.4784
2024-03-16 16:16:06,522 - EarlyStopping counter: 3 out of 8
2024-03-16 16:16:46,467 - ***** Epoch: 14: Eval results *****
2024-03-16 16:16:46,468 -   train_loss = 0.5035
2024-03-16 16:16:46,468 -   best_eval_score = 0.5025
2024-03-16 16:16:46,468 -   eval_score = 0.487
2024-03-16 16:16:46,468 - EarlyStopping counter: 4 out of 8
2024-03-16 16:17:25,080 - ***** Epoch: 15: Eval results *****
2024-03-16 16:17:25,080 -   train_loss = 0.4625
2024-03-16 16:17:25,080 -   best_eval_score = 0.5025
2024-03-16 16:17:25,080 -   eval_score = 0.4941
2024-03-16 16:17:25,080 - EarlyStopping counter: 5 out of 8
2024-03-16 16:18:03,524 - ***** Epoch: 16: Eval results *****
2024-03-16 16:18:03,525 -   train_loss = 0.4219
2024-03-16 16:18:03,525 -   best_eval_score = 0.5025
2024-03-16 16:18:03,525 -   eval_score = 0.4917
2024-03-16 16:18:03,525 - EarlyStopping counter: 6 out of 8
2024-03-16 16:18:38,992 - ***** Epoch: 17: Eval results *****
2024-03-16 16:18:38,993 -   train_loss = 0.3741
2024-03-16 16:18:38,993 -   best_eval_score = 0.5025
2024-03-16 16:18:38,993 -   eval_score = 0.4909
2024-03-16 16:18:38,993 - EarlyStopping counter: 7 out of 8
2024-03-16 16:19:17,117 - ***** Epoch: 18: Eval results *****
2024-03-16 16:19:17,118 -   train_loss = 0.3386
2024-03-16 16:19:17,118 -   best_eval_score = 0.5025
2024-03-16 16:19:17,118 -   eval_score = 0.496
2024-03-16 16:19:17,118 - EarlyStopping counter: 8 out of 8
2024-03-16 16:19:17,118 - EarlyStopping at epoch 18
2024-03-16 16:19:17,122 - Training is finished...
2024-03-16 16:19:17,123 - Testing begins...
2024-03-16 16:19:26,399 - ***** Test: Confusion Matrix *****
2024-03-16 16:19:26,413 - [[ 50   0  11   0   0   0   0   0   0   0   2   0   0   0   0   0   0   1
    1   0   0   0   1   1   1   0   0   0   0   0]
 [  0  56   0   0   9   1   3   0   2   1   2   0   3   0   3   0   1  11
    2   0   0   0   1   0   2   0   0   0   0   0]
 [ 13   0  38   0   1   0   0   0   0   0   1   1   0   0   2   0   0   3
    1   0   0   1   0   2   1   0   0   0   0   0]
 [  0   0   0  62   0   0   0   1   0   0   0   0   0   0   1   0   0   1
    0   0   0   0   0   0   0   0   0   0   0   0]
 [  0   5   0   0  28   0   0   0   1   0   0   0   0   0   0   0   0   8
    0   2   0   2   0   1   1   1   0   0   1   1]
 [  0   1   0   0   1  22   0   2   0   2   1   0   0   0   0   0   0   4
    0   2   0   0   0   1   0   1   0   0   0   0]
 [  0   0   0   0   0   1  30   6   0   1   3   0   7   0   0   0   0   0
    0   0   0   0   0   0   0   0   0   0   0   0]
 [  0   0   0   0   0   0   6  24   0   0   6   1   7   0   0   0   1   0
    0   0   0   0   0   0   0   1   0   1   0   0]
 [  0   0   1   3   1   0   0   0  23   1   0   1   1   0   3   0   0   9
    0   0   0   1   3   0   2   0   0   0   0   0]
 [  0   1   1   1   1   0   1   0   2  60   0   6   5   0   9   0   1   5
    2   0   0   1   2   2   3   1   0   3   0   0]
 [  2   0   0   0   0   4   4   0   0   1  47   0  26   0   3   0   1   1
    0   3   0   0   0   0   1   0   0   0   0   0]
 [  0   0   0   0   0   0   0   0   0   6   0  21   8   0   1   0   0   3
    1   0   0   0   3   0   1   0   0   3   0   0]
 [  0   3   0   0   0   1   1   6   1   5  28   1  86   0   0   0   2   0
    0   0   0   0   1   0   0   0   0   0   0   0]
 [  0   0   1   0   1   0   0   0   0   2   0   0   0   0   5   1   0   3
    3   0   0   0   1   0   0   0   0   0   0   0]
 [  0   3   2   1   0   1   1   0   2  12   2   0   2   0  99   0   0  37
    8   1   0   0  13   0   6   0   0   3   0   0]
 [  0   0   0   0   1   0   0   0   0   6   0   0   0   0   1   0   0   4
    7   0   0   1   1   0   0   0   0   0   1   0]
 [  0   0   0   0   1   0   0   2   0   0   3   0   0   0   0   0  56   1
    3   0   0   0   0   0   0   0   0   0   0   0]
 [  0   3   2   0   7   3   0   0   1  15   2   1   0   0  12   1   1 138
   12   2   0   4   6   5   0   0   0   1   1   0]
 [  0   2   1   0   0   0   0   0   0   3   2   0   0   0  10   0   2   6
   31   0   0   0   1   0   2   0   0   0   0   0]
 [  0   5   0   0   0   0   2   0   0   0   1   0   0   0   0   0   0   0
    0   7   0   2   0   0   0   0   0   0   0   0]
 [  0   1   2   0   1   0   0   0   0   2   0   1   1   0   5   0   0   4
    8   0   0   0   0   0   2   0   0   2   0   0]
 [  6   1   1   0   1   0   0   0   0   6   0   0   0   0   1   0   5   1
    0   0   0  23   0   7   0   0   0   0   0   1]
 [  0   0   1   1   0   0   1   0   2   7   0   3   0   0   5   0   0   6
    1   0   0   0  82   0   1   6   1   0   0   0]
 [  0   3   1   0   1   0   0   0   0   2   0   0   0   0   0   0   0   9
    1   0   0   3   0  18   0   0   0   0   0   0]
 [  2   0   2   0   0   0   0   0   0   3   1   1   0   0   1   0   0   3
    3   0   0   0   1   1  90   0   0   3   2   0]
 [  1   1   0   0   0   0   0   0   0   0   0   0   0   0   0   0   0   2
    0   0   0   0   2   0   1  22   0   0   0   2]
 [  0   0   0   2   0   0   0   0   0   3   0   0   0   0   0   0   0   3
    0   0   0   3   3   0   0   0   3   0   0   0]
 [  1   3   1   0   0   0   0   0   0   8   3   6   3   0   2   0   0   7
    2   0   0   0   2   0  12   2   0   4   1   1]
 [  0   0   0   0   0   0   0   0   0   1   0   0   0   0   0   0   1   0
    0   0   0   0   0   0   0   0   0   0  56   0]
 [  0   1   0   0   0   0   0   0   2   2   1   1   0   0   0   0   0   5
    1   0   0   0   0   0   1   2   0   0   0   3]]
2024-03-16 16:19:26,413 - ***** Evaluation results *****
2024-03-16 16:19:26,414 -   acc = 0.5799
2024-03-16 16:19:26,414 -   f1 = 0.5017
2024-03-16 16:19:26,414 -   prec = 0.5203
2024-03-16 16:19:26,414 -   rec = 0.5056
2024-03-16 16:19:26,414 - Testing is finished...
2024-03-16 16:19:26,415 - Multimodal intent recognition is finished...
2024-03-16 16:19:26,415 - Results are saved in results/mag_bert.csv
