2024-03-17 10:12:50,037 - ============================== Params ==============================
2024-03-17 10:12:50,037 - logger_name: mag_bert_MIntRec2_multi-class_seed-4_2024-03-17-10-12-49
2024-03-17 10:12:50,037 - dataset: MIntRec2
2024-03-17 10:12:50,037 - data_mode: multi-class
2024-03-17 10:12:50,037 - method: mag_bert
2024-03-17 10:12:50,037 - text_backbone: bert-base-uncased
2024-03-17 10:12:50,037 - text_backbone_path: /home/sharing/disk1/pretrained_embedding/bert/uncased_L-12_H-768_A-12/
2024-03-17 10:12:50,037 - seed: 4
2024-03-17 10:12:50,037 - num_workers: 8
2024-03-17 10:12:50,037 - gpu_id: 2
2024-03-17 10:12:50,037 - data_path: /home/sharing/disk2/sjh/intentDataset
2024-03-17 10:12:50,037 - train: True
2024-03-17 10:12:50,037 - tune: True
2024-03-17 10:12:50,037 - save_model: False
2024-03-17 10:12:50,037 - save_results: True
2024-03-17 10:12:50,037 - log_path: logs
2024-03-17 10:12:50,037 - cache_path: 
2024-03-17 10:12:50,037 - video_data_path: video_data
2024-03-17 10:12:50,037 - audio_data_path: audio_data
2024-03-17 10:12:50,038 - video_feats_path: video_feats.pkl
2024-03-17 10:12:50,038 - audio_feats_path: audio_feats.pkl
2024-03-17 10:12:50,038 - results_path: results
2024-03-17 10:12:50,038 - output_path: /home/sharing/disk2/sjh/Outputs/MIntRec2
2024-03-17 10:12:50,038 - model_path: models
2024-03-17 10:12:50,038 - config_file_name: mag_bert_MIntRec2
2024-03-17 10:12:50,038 - results_file_name: mag_bert.csv
2024-03-17 10:12:50,038 - padding_mode: zero
2024-03-17 10:12:50,038 - padding_loc: end
2024-03-17 10:12:50,038 - need_aligned: True
2024-03-17 10:12:50,038 - eval_monitor: f1
2024-03-17 10:12:50,038 - train_batch_size: 32
2024-03-17 10:12:50,038 - eval_batch_size: 16
2024-03-17 10:12:50,038 - test_batch_size: 16
2024-03-17 10:12:50,038 - wait_patience: 8
2024-03-17 10:12:50,038 - num_train_epochs: 100
2024-03-17 10:12:50,038 - beta_shift: 0.01
2024-03-17 10:12:50,038 - dropout_prob: 0.3
2024-03-17 10:12:50,038 - warmup_proportion: 0.05
2024-03-17 10:12:50,038 - lr: 3e-05
2024-03-17 10:12:50,038 - aligned_method: ctc
2024-03-17 10:12:50,038 - weight_decay: 0.03
2024-03-17 10:12:50,038 - pred_output_path: /home/sharing/disk2/sjh/Outputs/MIntRec2/mag_bert_MIntRec2_multi-class_seed-4_2024-03-17-10-12-49
2024-03-17 10:12:50,038 - model_output_path: /home/sharing/disk2/sjh/Outputs/MIntRec2/mag_bert_MIntRec2_multi-class_seed-4_2024-03-17-10-12-49/models
2024-03-17 10:12:50,038 - num_labels: 30
2024-03-17 10:12:50,038 - text_feat_dim: 768
2024-03-17 10:12:50,038 - video_feat_dim: 256
2024-03-17 10:12:50,038 - audio_feat_dim: 768
2024-03-17 10:12:50,038 - text_seq_len: 50
2024-03-17 10:12:50,039 - video_seq_len: 180
2024-03-17 10:12:50,039 - audio_seq_len: 400
2024-03-17 10:12:50,039 - device: cuda:2
2024-03-17 10:12:50,039 - ============================== End Params ==============================
2024-03-17 10:12:50,061 - Generate Text Features Begin...
2024-03-17 10:12:52,465 - Generate Text Features Finished...
2024-03-17 10:12:52,466 - Load Video Features Begin...
2024-03-17 10:12:53,498 - Load Video Features Finished...
2024-03-17 10:12:55,145 - Load Audio Features Begin...
2024-03-17 10:13:00,941 - Load Audio Features Finished...
2024-03-17 10:13:16,841 - method  begins...
2024-03-17 10:13:17,757 - Multimodal intent recognition begins...
2024-03-17 10:13:17,758 - Training begins...
2024-03-17 10:13:54,757 - ***** Epoch: 1: Eval results *****
2024-03-17 10:13:54,757 -   train_loss = 3.0916
2024-03-17 10:13:54,758 -   best_eval_score = 0.0
2024-03-17 10:13:54,758 -   eval_score = 0.1268
2024-03-17 10:14:29,584 - ***** Epoch: 2: Eval results *****
2024-03-17 10:14:29,584 -   train_loss = 2.2289
2024-03-17 10:14:29,584 -   best_eval_score = 0.1268
2024-03-17 10:14:29,584 -   eval_score = 0.32
2024-03-17 10:15:09,173 - ***** Epoch: 3: Eval results *****
2024-03-17 10:15:09,173 -   train_loss = 1.6496
2024-03-17 10:15:09,173 -   best_eval_score = 0.32
2024-03-17 10:15:09,173 -   eval_score = 0.4137
2024-03-17 10:15:47,325 - ***** Epoch: 4: Eval results *****
2024-03-17 10:15:47,325 -   train_loss = 1.3026
2024-03-17 10:15:47,325 -   best_eval_score = 0.4137
2024-03-17 10:15:47,325 -   eval_score = 0.4586
2024-03-17 10:16:25,353 - ***** Epoch: 5: Eval results *****
2024-03-17 10:16:25,354 -   train_loss = 1.0182
2024-03-17 10:16:25,354 -   best_eval_score = 0.4586
2024-03-17 10:16:25,354 -   eval_score = 0.467
2024-03-17 10:17:04,914 - ***** Epoch: 6: Eval results *****
2024-03-17 10:17:04,915 -   train_loss = 0.7679
2024-03-17 10:17:04,915 -   best_eval_score = 0.467
2024-03-17 10:17:04,915 -   eval_score = 0.4842
2024-03-17 10:17:41,776 - ***** Epoch: 7: Eval results *****
2024-03-17 10:17:41,777 -   train_loss = 0.5279
2024-03-17 10:17:41,778 -   best_eval_score = 0.4842
2024-03-17 10:17:41,778 -   eval_score = 0.4935
2024-03-17 10:18:19,280 - ***** Epoch: 8: Eval results *****
2024-03-17 10:18:19,280 -   train_loss = 0.3719
2024-03-17 10:18:19,280 -   best_eval_score = 0.4935
2024-03-17 10:18:19,280 -   eval_score = 0.5128
2024-03-17 10:18:54,874 - ***** Epoch: 9: Eval results *****
2024-03-17 10:18:54,874 -   train_loss = 0.2657
2024-03-17 10:18:54,874 -   best_eval_score = 0.5128
2024-03-17 10:18:54,874 -   eval_score = 0.5095
2024-03-17 10:18:54,874 - EarlyStopping counter: 1 out of 8
2024-03-17 10:19:32,014 - ***** Epoch: 10: Eval results *****
2024-03-17 10:19:32,014 -   train_loss = 0.1886
2024-03-17 10:19:32,014 -   best_eval_score = 0.5128
2024-03-17 10:19:32,014 -   eval_score = 0.5067
2024-03-17 10:19:32,014 - EarlyStopping counter: 2 out of 8
2024-03-17 10:20:09,476 - ***** Epoch: 11: Eval results *****
2024-03-17 10:20:09,476 -   train_loss = 0.1461
2024-03-17 10:20:09,476 -   best_eval_score = 0.5128
2024-03-17 10:20:09,476 -   eval_score = 0.5065
2024-03-17 10:20:09,476 - EarlyStopping counter: 3 out of 8
2024-03-17 10:20:41,849 - ***** Epoch: 12: Eval results *****
2024-03-17 10:20:41,849 -   train_loss = 0.1211
2024-03-17 10:20:41,849 -   best_eval_score = 0.5128
2024-03-17 10:20:41,849 -   eval_score = 0.5181
2024-03-17 10:21:18,448 - ***** Epoch: 13: Eval results *****
2024-03-17 10:21:18,448 -   train_loss = 0.1031
2024-03-17 10:21:18,448 -   best_eval_score = 0.5181
2024-03-17 10:21:18,448 -   eval_score = 0.5043
2024-03-17 10:21:18,448 - EarlyStopping counter: 1 out of 8
2024-03-17 10:21:54,278 - ***** Epoch: 14: Eval results *****
2024-03-17 10:21:54,278 -   train_loss = 0.0859
2024-03-17 10:21:54,278 -   best_eval_score = 0.5181
2024-03-17 10:21:54,278 -   eval_score = 0.5035
2024-03-17 10:21:54,278 - EarlyStopping counter: 2 out of 8
2024-03-17 10:22:32,872 - ***** Epoch: 15: Eval results *****
2024-03-17 10:22:32,872 -   train_loss = 0.0674
2024-03-17 10:22:32,873 -   best_eval_score = 0.5181
2024-03-17 10:22:32,873 -   eval_score = 0.5014
2024-03-17 10:22:32,873 - EarlyStopping counter: 3 out of 8
2024-03-17 10:23:08,593 - ***** Epoch: 16: Eval results *****
2024-03-17 10:23:08,594 -   train_loss = 0.0706
2024-03-17 10:23:08,595 -   best_eval_score = 0.5181
2024-03-17 10:23:08,595 -   eval_score = 0.5073
2024-03-17 10:23:08,595 - EarlyStopping counter: 4 out of 8
2024-03-17 10:23:47,432 - ***** Epoch: 17: Eval results *****
2024-03-17 10:23:47,432 -   train_loss = 0.0703
2024-03-17 10:23:47,432 -   best_eval_score = 0.5181
2024-03-17 10:23:47,432 -   eval_score = 0.4977
2024-03-17 10:23:47,433 - EarlyStopping counter: 5 out of 8
2024-03-17 10:24:23,211 - ***** Epoch: 18: Eval results *****
2024-03-17 10:24:23,211 -   train_loss = 0.073
2024-03-17 10:24:23,211 -   best_eval_score = 0.5181
2024-03-17 10:24:23,211 -   eval_score = 0.5083
2024-03-17 10:24:23,211 - EarlyStopping counter: 6 out of 8
2024-03-17 10:24:58,788 - ***** Epoch: 19: Eval results *****
2024-03-17 10:24:58,788 -   train_loss = 0.0652
2024-03-17 10:24:58,788 -   best_eval_score = 0.5181
2024-03-17 10:24:58,788 -   eval_score = 0.4911
2024-03-17 10:24:58,788 - EarlyStopping counter: 7 out of 8
2024-03-17 10:25:36,080 - ***** Epoch: 20: Eval results *****
2024-03-17 10:25:36,080 -   train_loss = 0.0681
2024-03-17 10:25:36,080 -   best_eval_score = 0.5181
2024-03-17 10:25:36,080 -   eval_score = 0.5086
2024-03-17 10:25:36,081 - EarlyStopping counter: 8 out of 8
2024-03-17 10:25:36,081 - EarlyStopping at epoch 20
2024-03-17 10:25:36,084 - Training is finished...
2024-03-17 10:25:36,085 - Testing begins...
2024-03-17 10:25:43,660 - ***** Test: Confusion Matrix *****
2024-03-17 10:25:43,664 - [[ 52   0  10   0   0   0   0   0   0   0   2   0   0   1   1   0   0   1
    0   0   0   0   0   0   1   0   0   0   0   0]
 [  0  42   1   0   9   2   5   1   2   0   1   1   4   0   2   1   0  16
    1   2   2   2   0   0   2   0   0   1   0   0]
 [ 15   0  37   0   1   0   0   0   0   0   1   0   0   2   0   0   0   4
    0   0   0   0   0   2   2   0   0   0   0   0]
 [  0   0   0  61   0   0   0   1   0   0   0   0   0   0   2   0   0   1
    0   0   0   0   0   0   0   0   0   0   0   0]
 [  0   2   0   0  27   1   0   0   1   0   0   0   0   1   0   0   0   9
    0   1   0   3   0   2   1   0   0   0   1   2]
 [  0   1   0   0   1  23   0   0   1   2   1   0   0   1   0   0   0   6
    0   0   0   0   0   0   0   0   1   0   0   0]
 [  0   1   0   0   0   2  25   7   0   1   1   1   8   0   0   0   0   0
    0   1   0   0   0   0   0   1   0   0   0   0]
 [  0   0   0   0   0   0   5  21   1   0   6   1   8   0   0   0   2   1
    0   0   0   0   0   0   1   1   0   0   0   0]
 [  1   1   2   2   1   0   0   0  24   1   0   2   0   0   1   0   0   9
    0   0   0   0   3   0   2   0   0   0   0   0]
 [  0   1   1   2   1   0   1   0   1  43   0   8   9   2  11   2   1   6
    3   0   1   2   4   1   4   1   0   1   0   1]
 [  2   0   0   0   0   4   5   4   0   0  38   1  30   0   2   0   2   2
    0   3   0   0   0   0   0   0   0   0   0   0]
 [  0   0   0   0   0   0   0   1   0   6   0  21   7   1   3   0   0   3
    1   0   0   0   1   0   1   0   1   1   0   0]
 [  0   0   2   0   0   3   4   6   1   2  16   4  93   0   0   0   3   0
    0   1   0   0   0   0   0   0   0   0   0   0]
 [  0   0   1   0   1   0   0   0   0   1   0   0   0   3   2   2   0   4
    1   0   1   0   0   0   1   0   0   0   0   0]
 [  0   1   0   0   0   2   1   0   4  14   1   3   2  12  88   3   0  38
    3   0   1   0  13   0   6   0   1   0   0   0]
 [  0   0   1   0   0   0   0   0   0   3   0   0   0   4   1   5   0   2
    1   0   2   1   1   0   0   0   0   0   1   0]
 [  0   0   0   0   1   0   1   1   1   0   1   0   1   1   0   0  56   0
    3   0   0   0   0   0   0   0   0   0   0   0]
 [  1   4   1   0   4   2   1   0   3  12   1   2   0   6  12   2   4 125
   10   0   1   2   7   8   2   0   1   1   1   4]
 [  0   1   0   0   1   0   0   0   0   3   1   0   0   3   6   1   3   8
   28   1   1   0   1   0   2   0   0   0   0   0]
 [  0   4   0   0   1   0   3   0   0   0   0   0   0   0   0   0   0   1
    0   6   0   2   0   0   0   0   0   0   0   0]
 [  0   1   1   0   1   0   0   0   0   1   0   0   1   1   3   0   0   6
    6   0   4   0   0   1   2   0   0   1   0   0]
 [  7   1   0   0   1   0   0   0   0   3   0   0   0   0   0   0   5   0
    0   1   0  25   3   3   0   0   1   1   0   2]
 [  0   0   1   0   0   0   0   0   0   3   0   5   1   1   8   1   0   8
    0   0   0   0  75   0   2   1  11   0   0   0]
 [  0   2   1   0   1   0   0   0   0   2   0   0   0   0   0   0   0  10
    0   0   0   4   0  18   0   0   0   0   0   0]
 [  2   0   1   0   0   0   1   0   1   1   0   5   0   2   3   1   0   1
    2   0   0   0   1   0  89   0   0   2   1   0]
 [  1   1   0   0   1   0   0   0   0   0   0   0   0   0   0   0   0   2
    0   0   0   1   2   0   1  17   2   0   0   3]
 [  0   0   0   0   0   0   0   0   0   1   0   0   1   0   0   0   0   4
    0   0   0   2   2   1   0   0   5   0   1   0]
 [  0   3   1   0   1   0   0   0   1   5   2   6   4   0   5   1   0   5
    2   0   2   0   2   0   9   1   0   6   1   1]
 [  0   0   0   0   0   0   0   0   0   0   0   0   0   0   1   0   1   0
    0   0   0   0   0   0   0   0   0   0  56   0]
 [  0   1   0   0   0   0   0   0   0   1   1   1   0   0   0   0   0   5
    1   0   1   0   0   0   1   1   0   0   0   6]]
2024-03-17 10:25:43,664 - ***** Evaluation results *****
2024-03-17 10:25:43,665 -   acc = 0.5504
2024-03-17 10:25:43,665 -   f1 = 0.5021
2024-03-17 10:25:43,665 -   prec = 0.5164
2024-03-17 10:25:43,665 -   rec = 0.5037
2024-03-17 10:25:43,665 - Testing is finished...
2024-03-17 10:25:43,665 - Multimodal intent recognition is finished...
2024-03-17 10:25:43,665 - Results are saved in results/mag_bert.csv
