2024-03-17 18:16:50,838 - ============================== Params ==============================
2024-03-17 18:16:50,838 - logger_name: mag_bert_MIntRec2_multi-class_seed-4_2024-03-17-18-16-50
2024-03-17 18:16:50,838 - dataset: MIntRec2
2024-03-17 18:16:50,838 - data_mode: multi-class
2024-03-17 18:16:50,838 - method: mag_bert
2024-03-17 18:16:50,838 - text_backbone: bert-base-uncased
2024-03-17 18:16:50,839 - text_backbone_path: /home/sharing/disk1/pretrained_embedding/bert/uncased_L-12_H-768_A-12/
2024-03-17 18:16:50,839 - seed: 4
2024-03-17 18:16:50,839 - num_workers: 8
2024-03-17 18:16:50,839 - gpu_id: 2
2024-03-17 18:16:50,839 - data_path: /home/sharing/disk2/sjh/intentDataset
2024-03-17 18:16:50,839 - train: True
2024-03-17 18:16:50,839 - tune: True
2024-03-17 18:16:50,839 - save_model: False
2024-03-17 18:16:50,839 - save_results: True
2024-03-17 18:16:50,839 - log_path: logs
2024-03-17 18:16:50,839 - cache_path: 
2024-03-17 18:16:50,839 - video_data_path: video_data
2024-03-17 18:16:50,839 - audio_data_path: audio_data
2024-03-17 18:16:50,839 - video_feats_path: video_feats.pkl
2024-03-17 18:16:50,839 - audio_feats_path: audio_feats.pkl
2024-03-17 18:16:50,839 - results_path: results
2024-03-17 18:16:50,839 - output_path: /home/sharing/disk2/sjh/Outputs/MIntRec2
2024-03-17 18:16:50,839 - model_path: models
2024-03-17 18:16:50,839 - config_file_name: mag_bert_MIntRec2
2024-03-17 18:16:50,839 - results_file_name: mag_bert.csv
2024-03-17 18:16:50,839 - padding_mode: zero
2024-03-17 18:16:50,839 - padding_loc: end
2024-03-17 18:16:50,839 - need_aligned: True
2024-03-17 18:16:50,839 - eval_monitor: f1
2024-03-17 18:16:50,839 - train_batch_size: 32
2024-03-17 18:16:50,839 - eval_batch_size: 16
2024-03-17 18:16:50,839 - test_batch_size: 16
2024-03-17 18:16:50,839 - wait_patience: 8
2024-03-17 18:16:50,839 - num_train_epochs: 100
2024-03-17 18:16:50,839 - beta_shift: 0.01
2024-03-17 18:16:50,839 - dropout_prob: 0.1
2024-03-17 18:16:50,839 - warmup_proportion: 0.1
2024-03-17 18:16:50,839 - lr: 9e-06
2024-03-17 18:16:50,839 - aligned_method: conv1d
2024-03-17 18:16:50,839 - weight_decay: 0.1
2024-03-17 18:16:50,839 - pred_output_path: /home/sharing/disk2/sjh/Outputs/MIntRec2/mag_bert_MIntRec2_multi-class_seed-4_2024-03-17-18-16-50
2024-03-17 18:16:50,839 - model_output_path: /home/sharing/disk2/sjh/Outputs/MIntRec2/mag_bert_MIntRec2_multi-class_seed-4_2024-03-17-18-16-50/models
2024-03-17 18:16:50,839 - num_labels: 30
2024-03-17 18:16:50,839 - text_feat_dim: 768
2024-03-17 18:16:50,839 - video_feat_dim: 256
2024-03-17 18:16:50,839 - audio_feat_dim: 768
2024-03-17 18:16:50,839 - text_seq_len: 50
2024-03-17 18:16:50,839 - video_seq_len: 180
2024-03-17 18:16:50,839 - audio_seq_len: 400
2024-03-17 18:16:50,839 - device: cuda:2
2024-03-17 18:16:50,839 - ============================== End Params ==============================
2024-03-17 18:16:50,853 - Generate Text Features Begin...
2024-03-17 18:16:52,872 - Generate Text Features Finished...
2024-03-17 18:16:52,873 - Load Video Features Begin...
2024-03-17 18:16:54,018 - Load Video Features Finished...
2024-03-17 18:16:55,759 - Load Audio Features Begin...
2024-03-17 18:17:16,377 - Load Audio Features Finished...
2024-03-17 18:17:32,876 - method  begins...
2024-03-17 18:17:34,107 - Multimodal intent recognition begins...
2024-03-17 18:17:34,107 - Training begins...
2024-03-17 18:18:06,092 - ***** Epoch: 1: Eval results *****
2024-03-17 18:18:06,101 -   train_loss = 3.4015
2024-03-17 18:18:06,101 -   best_eval_score = 0.0
2024-03-17 18:18:06,101 -   eval_score = 0.0334
2024-03-17 18:18:38,773 - ***** Epoch: 2: Eval results *****
2024-03-17 18:18:38,774 -   train_loss = 3.1582
2024-03-17 18:18:38,774 -   best_eval_score = 0.0334
2024-03-17 18:18:38,774 -   eval_score = 0.1213
2024-03-17 18:19:13,583 - ***** Epoch: 3: Eval results *****
2024-03-17 18:19:13,584 -   train_loss = 2.8033
2024-03-17 18:19:13,584 -   best_eval_score = 0.1213
2024-03-17 18:19:13,585 -   eval_score = 0.1881
2024-03-17 18:19:47,247 - ***** Epoch: 4: Eval results *****
2024-03-17 18:19:47,247 -   train_loss = 2.4246
2024-03-17 18:19:47,247 -   best_eval_score = 0.1881
2024-03-17 18:19:47,247 -   eval_score = 0.2675
2024-03-17 18:20:21,744 - ***** Epoch: 5: Eval results *****
2024-03-17 18:20:21,745 -   train_loss = 2.0964
2024-03-17 18:20:21,745 -   best_eval_score = 0.2675
2024-03-17 18:20:21,745 -   eval_score = 0.3153
2024-03-17 18:20:54,376 - ***** Epoch: 6: Eval results *****
2024-03-17 18:20:54,377 -   train_loss = 1.8408
2024-03-17 18:20:54,377 -   best_eval_score = 0.3153
2024-03-17 18:20:54,377 -   eval_score = 0.3539
2024-03-17 18:21:29,314 - ***** Epoch: 7: Eval results *****
2024-03-17 18:21:29,314 -   train_loss = 1.6358
2024-03-17 18:21:29,314 -   best_eval_score = 0.3539
2024-03-17 18:21:29,314 -   eval_score = 0.3745
2024-03-17 18:22:03,738 - ***** Epoch: 8: Eval results *****
2024-03-17 18:22:03,739 -   train_loss = 1.4466
2024-03-17 18:22:03,739 -   best_eval_score = 0.3745
2024-03-17 18:22:03,739 -   eval_score = 0.4054
2024-03-17 18:22:37,486 - ***** Epoch: 9: Eval results *****
2024-03-17 18:22:37,486 -   train_loss = 1.2819
2024-03-17 18:22:37,486 -   best_eval_score = 0.4054
2024-03-17 18:22:37,486 -   eval_score = 0.4217
2024-03-17 18:23:11,911 - ***** Epoch: 10: Eval results *****
2024-03-17 18:23:11,911 -   train_loss = 1.1199
2024-03-17 18:23:11,911 -   best_eval_score = 0.4217
2024-03-17 18:23:11,911 -   eval_score = 0.4318
2024-03-17 18:23:44,863 - ***** Epoch: 11: Eval results *****
2024-03-17 18:23:44,863 -   train_loss = 0.9696
2024-03-17 18:23:44,863 -   best_eval_score = 0.4318
2024-03-17 18:23:44,863 -   eval_score = 0.4585
2024-03-17 18:24:18,642 - ***** Epoch: 12: Eval results *****
2024-03-17 18:24:18,643 -   train_loss = 0.8178
2024-03-17 18:24:18,643 -   best_eval_score = 0.4585
2024-03-17 18:24:18,643 -   eval_score = 0.4814
2024-03-17 18:24:53,328 - ***** Epoch: 13: Eval results *****
2024-03-17 18:24:53,328 -   train_loss = 0.6974
2024-03-17 18:24:53,328 -   best_eval_score = 0.4814
2024-03-17 18:24:53,328 -   eval_score = 0.4775
2024-03-17 18:24:53,328 - EarlyStopping counter: 1 out of 8
2024-03-17 18:25:26,813 - ***** Epoch: 14: Eval results *****
2024-03-17 18:25:26,813 -   train_loss = 0.5863
2024-03-17 18:25:26,813 -   best_eval_score = 0.4814
2024-03-17 18:25:26,813 -   eval_score = 0.4772
2024-03-17 18:25:26,814 - EarlyStopping counter: 2 out of 8
2024-03-17 18:25:59,857 - ***** Epoch: 15: Eval results *****
2024-03-17 18:25:59,858 -   train_loss = 0.4955
2024-03-17 18:25:59,858 -   best_eval_score = 0.4814
2024-03-17 18:25:59,858 -   eval_score = 0.4964
2024-03-17 18:26:34,864 - ***** Epoch: 16: Eval results *****
2024-03-17 18:26:34,865 -   train_loss = 0.4221
2024-03-17 18:26:34,865 -   best_eval_score = 0.4964
2024-03-17 18:26:34,865 -   eval_score = 0.4831
2024-03-17 18:26:34,865 - EarlyStopping counter: 1 out of 8
2024-03-17 18:27:10,205 - ***** Epoch: 17: Eval results *****
2024-03-17 18:27:10,205 -   train_loss = 0.3691
2024-03-17 18:27:10,205 -   best_eval_score = 0.4964
2024-03-17 18:27:10,205 -   eval_score = 0.5029
2024-03-17 18:27:44,147 - ***** Epoch: 18: Eval results *****
2024-03-17 18:27:44,147 -   train_loss = 0.3126
2024-03-17 18:27:44,147 -   best_eval_score = 0.5029
2024-03-17 18:27:44,147 -   eval_score = 0.4972
2024-03-17 18:27:44,147 - EarlyStopping counter: 1 out of 8
2024-03-17 18:28:17,405 - ***** Epoch: 19: Eval results *****
2024-03-17 18:28:17,405 -   train_loss = 0.2679
2024-03-17 18:28:17,405 -   best_eval_score = 0.5029
2024-03-17 18:28:17,405 -   eval_score = 0.4985
2024-03-17 18:28:17,406 - EarlyStopping counter: 2 out of 8
2024-03-17 18:28:49,606 - ***** Epoch: 20: Eval results *****
2024-03-17 18:28:49,606 -   train_loss = 0.2362
2024-03-17 18:28:49,606 -   best_eval_score = 0.5029
2024-03-17 18:28:49,606 -   eval_score = 0.5
2024-03-17 18:28:49,606 - EarlyStopping counter: 3 out of 8
2024-03-17 18:29:21,697 - ***** Epoch: 21: Eval results *****
2024-03-17 18:29:21,698 -   train_loss = 0.2037
2024-03-17 18:29:21,698 -   best_eval_score = 0.5029
2024-03-17 18:29:21,698 -   eval_score = 0.5096
2024-03-17 18:29:54,184 - ***** Epoch: 22: Eval results *****
2024-03-17 18:29:54,184 -   train_loss = 0.1829
2024-03-17 18:29:54,184 -   best_eval_score = 0.5096
2024-03-17 18:29:54,185 -   eval_score = 0.5004
2024-03-17 18:29:54,185 - EarlyStopping counter: 1 out of 8
2024-03-17 18:30:25,884 - ***** Epoch: 23: Eval results *****
2024-03-17 18:30:25,885 -   train_loss = 0.1616
2024-03-17 18:30:25,885 -   best_eval_score = 0.5096
2024-03-17 18:30:25,885 -   eval_score = 0.5049
2024-03-17 18:30:25,885 - EarlyStopping counter: 2 out of 8
2024-03-17 18:30:56,686 - ***** Epoch: 24: Eval results *****
2024-03-17 18:30:56,686 -   train_loss = 0.1462
2024-03-17 18:30:56,686 -   best_eval_score = 0.5096
2024-03-17 18:30:56,686 -   eval_score = 0.5053
2024-03-17 18:30:56,686 - EarlyStopping counter: 3 out of 8
2024-03-17 18:31:29,386 - ***** Epoch: 25: Eval results *****
2024-03-17 18:31:29,387 -   train_loss = 0.1259
2024-03-17 18:31:29,387 -   best_eval_score = 0.5096
2024-03-17 18:31:29,387 -   eval_score = 0.4902
2024-03-17 18:31:29,387 - EarlyStopping counter: 4 out of 8
2024-03-17 18:32:02,392 - ***** Epoch: 26: Eval results *****
2024-03-17 18:32:02,392 -   train_loss = 0.1144
2024-03-17 18:32:02,393 -   best_eval_score = 0.5096
2024-03-17 18:32:02,393 -   eval_score = 0.4934
2024-03-17 18:32:02,393 - EarlyStopping counter: 5 out of 8
2024-03-17 18:32:35,227 - ***** Epoch: 27: Eval results *****
2024-03-17 18:32:35,227 -   train_loss = 0.1117
2024-03-17 18:32:35,228 -   best_eval_score = 0.5096
2024-03-17 18:32:35,228 -   eval_score = 0.4934
2024-03-17 18:32:35,228 - EarlyStopping counter: 6 out of 8
2024-03-17 18:33:06,935 - ***** Epoch: 28: Eval results *****
2024-03-17 18:33:06,935 -   train_loss = 0.0981
2024-03-17 18:33:06,935 -   best_eval_score = 0.5096
2024-03-17 18:33:06,935 -   eval_score = 0.506
2024-03-17 18:33:06,936 - EarlyStopping counter: 7 out of 8
2024-03-17 18:33:38,849 - ***** Epoch: 29: Eval results *****
2024-03-17 18:33:38,849 -   train_loss = 0.0933
2024-03-17 18:33:38,849 -   best_eval_score = 0.5096
2024-03-17 18:33:38,849 -   eval_score = 0.4987
2024-03-17 18:33:38,849 - EarlyStopping counter: 8 out of 8
2024-03-17 18:33:38,849 - EarlyStopping at epoch 29
2024-03-17 18:33:38,851 - Training is finished...
2024-03-17 18:33:38,852 - Testing begins...
2024-03-17 18:33:45,925 - ***** Test: Confusion Matrix *****
2024-03-17 18:33:45,927 - [[ 45   0  16   0   0   0   0   0   1   0   2   0   0   0   0   0   0   0
    0   0   0   1   0   0   2   0   0   1   0   0]
 [  0  55   0   0  12   2   3   0   2   0   3   0   2   0   4   0   0   9
    1   0   0   0   1   0   1   0   0   2   0   0]
 [  9   1  41   0   0   0   0   0   0   0   1   0   0   2   1   0   0   3
    1   0   0   0   0   2   3   0   0   0   0   0]
 [  0   0   0  62   0   0   0   1   0   0   0   0   0   0   2   0   0   0
    0   0   0   0   0   0   0   0   0   0   0   0]
 [  0   2   0   0  31   1   0   0   1   0   0   0   0   0   0   0   0   4
    0   2   0   2   1   2   1   1   0   0   1   2]
 [  0   0   0   0   1  22   0   1   1   2   1   0   0   0   1   0   0   7
    0   0   0   0   0   0   0   1   0   0   0   0]
 [  0   1   0   0   0   3  26   8   0   2   3   0   5   0   0   0   0   0
    0   0   0   0   0   0   0   0   0   0   0   0]
 [  0   0   0   0   0   0   5  27   0   1   6   0   6   0   0   0   1   0
    0   0   0   0   0   0   0   0   0   1   0   0]
 [  2   2   1   3   1   0   0   0  23   1   0   2   1   0   3   1   0   2
    0   0   0   0   4   0   2   1   0   0   0   0]
 [  0   1   1   0   1   0   1   0   3  44   0   7   7   2  17   0   0   7
    1   0   0   2   4   2   1   1   0   5   0   0]
 [  2   0   0   0   0   3   2   1   0   1  51   0  26   0   2   0   0   2
    0   2   0   0   0   0   1   0   0   0   0   0]
 [  0   0   1   0   0   0   0   0   1   3   1  20   8   0   2   0   0   3
    0   0   0   0   3   0   1   0   0   3   0   1]
 [  0   1   0   0   0   0   4   5   0   4  31   1  85   0   1   0   0   0
    0   0   0   1   1   0   0   0   0   1   0   0]
 [  0   0   2   0   1   0   0   0   1   1   0   0   0   0   4   1   0   4
    2   0   0   0   1   0   0   0   0   0   0   0]
 [  0   2   2   0   0   2   0   0   7   8   2   0   1   3 109   2   0  29
    5   0   0   0  13   0   3   0   1   4   0   0]
 [  0   0   1   0   1   0   0   0   0   4   0   0   0   1   2   5   0   1
    3   0   0   1   1   0   0   0   0   1   1   0]
 [  0   0   0   0   1   0   1   2   0   0   0   0   2   0   0   0  58   0
    2   0   0   0   0   0   0   0   0   0   0   0]
 [  0   3   1   0   6   4   0   0   6  11   2   0   0   2  22   4   1 115
    7   1   1   2   8   9   0   1   2   2   1   6]
 [  0   1   0   0   0   0   1   0   1   3   1   0   0   1   5   2   2  11
   28   0   1   0   2   0   0   0   0   1   0   0]
 [  0   5   0   0   2   0   2   0   0   0   2   0   0   0   0   0   0   0
    0   4   0   2   0   0   0   0   0   0   0   0]
 [  0   1   2   0   1   0   0   0   0   0   0   1   1   1   5   1   0   4
    5   0   2   0   1   2   0   0   0   2   0   0]
 [  6   0   1   0   1   0   0   0   0   1   0   1   0   0   2   0   4   1
    0   1   0  25   0   6   0   1   0   2   0   1]
 [  0   0   1   1   0   0   0   0   2   3   0   3   0   1  11   0   0   4
    0   0   0   0  82   0   1   2   6   0   0   0]
 [  0   3   2   0   1   0   0   0   0   2   0   0   0   0   1   0   0   6
    1   0   0   3   0  19   0   0   0   0   0   0]
 [  1   0   2   0   0   0   1   0   3   1   0   2   0   1   3   1   0   1
    1   0   0   1   1   1  84   0   0   7   2   0]
 [  2   0   0   0   0   0   0   0   1   0   0   0   0   0   0   0   0   1
    0   0   0   0   3   0   1  21   1   0   0   1]
 [  0   1   0   1   0   0   0   0   0   1   0   0   0   0   0   0   0   2
    0   0   0   2   3   0   0   0   4   0   3   0]
 [  1   2   1   0   1   0   0   1   4   6   2   5   3   2   4   0   0   0
    1   0   0   0   3   0   9   1   0  10   1   1]
 [  0   0   0   0   0   0   0   0   0   0   0   0   0   0   1   0   1   0
    0   0   0   0   0   0   0   0   0   0  56   0]
 [  0   1   0   0   0   0   0   0   3   1   1   1   0   0   0   0   0   3
    1   0   0   0   0   0   1   2   0   1   0   4]]
2024-03-17 18:33:45,927 - ***** Evaluation results *****
2024-03-17 18:33:45,927 -   acc = 0.5696
2024-03-17 18:33:45,927 -   f1 = 0.5083
2024-03-17 18:33:45,927 -   prec = 0.5231
2024-03-17 18:33:45,927 -   rec = 0.5092
2024-03-17 18:33:45,927 - Testing is finished...
2024-03-17 18:33:45,927 - Multimodal intent recognition is finished...
2024-03-17 18:33:45,927 - Results are saved in results/mag_bert.csv
