2024-03-18 00:16:41,296 - ============================== Params ==============================
2024-03-18 00:16:41,296 - logger_name: mag_bert_MIntRec2_multi-class_seed-4_2024-03-18-00-16-41
2024-03-18 00:16:41,296 - dataset: MIntRec2
2024-03-18 00:16:41,296 - data_mode: multi-class
2024-03-18 00:16:41,296 - method: mag_bert
2024-03-18 00:16:41,296 - text_backbone: bert-base-uncased
2024-03-18 00:16:41,296 - text_backbone_path: /home/sharing/disk1/pretrained_embedding/bert/uncased_L-12_H-768_A-12/
2024-03-18 00:16:41,296 - seed: 4
2024-03-18 00:16:41,296 - num_workers: 8
2024-03-18 00:16:41,297 - gpu_id: 2
2024-03-18 00:16:41,297 - data_path: /home/sharing/disk2/sjh/intentDataset
2024-03-18 00:16:41,297 - train: True
2024-03-18 00:16:41,297 - tune: True
2024-03-18 00:16:41,297 - save_model: False
2024-03-18 00:16:41,297 - save_results: True
2024-03-18 00:16:41,297 - log_path: logs
2024-03-18 00:16:41,297 - cache_path: 
2024-03-18 00:16:41,297 - video_data_path: video_data
2024-03-18 00:16:41,297 - audio_data_path: audio_data
2024-03-18 00:16:41,297 - video_feats_path: video_feats.pkl
2024-03-18 00:16:41,297 - audio_feats_path: audio_feats.pkl
2024-03-18 00:16:41,297 - results_path: results
2024-03-18 00:16:41,297 - output_path: /home/sharing/disk2/sjh/Outputs/MIntRec2
2024-03-18 00:16:41,297 - model_path: models
2024-03-18 00:16:41,297 - config_file_name: mag_bert_MIntRec2
2024-03-18 00:16:41,297 - results_file_name: mag_bert.csv
2024-03-18 00:16:41,297 - padding_mode: zero
2024-03-18 00:16:41,297 - padding_loc: end
2024-03-18 00:16:41,297 - need_aligned: True
2024-03-18 00:16:41,297 - eval_monitor: f1
2024-03-18 00:16:41,297 - train_batch_size: 32
2024-03-18 00:16:41,297 - eval_batch_size: 16
2024-03-18 00:16:41,297 - test_batch_size: 16
2024-03-18 00:16:41,297 - wait_patience: 8
2024-03-18 00:16:41,297 - num_train_epochs: 100
2024-03-18 00:16:41,297 - beta_shift: 0.01
2024-03-18 00:16:41,297 - dropout_prob: 0.1
2024-03-18 00:16:41,297 - warmup_proportion: 0.05
2024-03-18 00:16:41,297 - lr: 2e-05
2024-03-18 00:16:41,297 - aligned_method: conv1d
2024-03-18 00:16:41,297 - weight_decay: 0.1
2024-03-18 00:16:41,297 - pred_output_path: /home/sharing/disk2/sjh/Outputs/MIntRec2/mag_bert_MIntRec2_multi-class_seed-4_2024-03-18-00-16-41
2024-03-18 00:16:41,297 - model_output_path: /home/sharing/disk2/sjh/Outputs/MIntRec2/mag_bert_MIntRec2_multi-class_seed-4_2024-03-18-00-16-41/models
2024-03-18 00:16:41,297 - num_labels: 30
2024-03-18 00:16:41,297 - text_feat_dim: 768
2024-03-18 00:16:41,297 - video_feat_dim: 256
2024-03-18 00:16:41,297 - audio_feat_dim: 768
2024-03-18 00:16:41,297 - text_seq_len: 50
2024-03-18 00:16:41,297 - video_seq_len: 180
2024-03-18 00:16:41,297 - audio_seq_len: 400
2024-03-18 00:16:41,297 - device: cuda:2
2024-03-18 00:16:41,297 - ============================== End Params ==============================
2024-03-18 00:16:41,310 - Generate Text Features Begin...
2024-03-18 00:16:42,920 - Generate Text Features Finished...
2024-03-18 00:16:42,921 - Load Video Features Begin...
2024-03-18 00:16:44,041 - Load Video Features Finished...
2024-03-18 00:16:46,185 - Load Audio Features Begin...
2024-03-18 00:16:51,443 - Load Audio Features Finished...
2024-03-18 00:17:03,043 - method  begins...
2024-03-18 00:17:04,024 - Multimodal intent recognition begins...
2024-03-18 00:17:04,024 - Training begins...
2024-03-18 00:17:36,890 - ***** Epoch: 1: Eval results *****
2024-03-18 00:17:36,890 -   train_loss = 3.2146
2024-03-18 00:17:36,890 -   best_eval_score = 0.0
2024-03-18 00:17:36,890 -   eval_score = 0.1429
2024-03-18 00:18:08,271 - ***** Epoch: 2: Eval results *****
2024-03-18 00:18:08,271 -   train_loss = 2.3636
2024-03-18 00:18:08,271 -   best_eval_score = 0.1429
2024-03-18 00:18:08,271 -   eval_score = 0.3175
2024-03-18 00:18:40,199 - ***** Epoch: 3: Eval results *****
2024-03-18 00:18:40,200 -   train_loss = 1.7583
2024-03-18 00:18:40,200 -   best_eval_score = 0.3175
2024-03-18 00:18:40,200 -   eval_score = 0.3682
2024-03-18 00:19:12,714 - ***** Epoch: 4: Eval results *****
2024-03-18 00:19:12,714 -   train_loss = 1.395
2024-03-18 00:19:12,715 -   best_eval_score = 0.3682
2024-03-18 00:19:12,715 -   eval_score = 0.4085
2024-03-18 00:19:45,684 - ***** Epoch: 5: Eval results *****
2024-03-18 00:19:45,684 -   train_loss = 1.0894
2024-03-18 00:19:45,684 -   best_eval_score = 0.4085
2024-03-18 00:19:45,684 -   eval_score = 0.4643
2024-03-18 00:20:16,297 - ***** Epoch: 6: Eval results *****
2024-03-18 00:20:16,298 -   train_loss = 0.7962
2024-03-18 00:20:16,298 -   best_eval_score = 0.4643
2024-03-18 00:20:16,298 -   eval_score = 0.4703
2024-03-18 00:20:47,527 - ***** Epoch: 7: Eval results *****
2024-03-18 00:20:47,527 -   train_loss = 0.5727
2024-03-18 00:20:47,527 -   best_eval_score = 0.4703
2024-03-18 00:20:47,527 -   eval_score = 0.4879
2024-03-18 00:21:20,012 - ***** Epoch: 8: Eval results *****
2024-03-18 00:21:20,012 -   train_loss = 0.4041
2024-03-18 00:21:20,012 -   best_eval_score = 0.4879
2024-03-18 00:21:20,012 -   eval_score = 0.4865
2024-03-18 00:21:20,012 - EarlyStopping counter: 1 out of 8
2024-03-18 00:21:52,518 - ***** Epoch: 9: Eval results *****
2024-03-18 00:21:52,518 -   train_loss = 0.2891
2024-03-18 00:21:52,518 -   best_eval_score = 0.4879
2024-03-18 00:21:52,518 -   eval_score = 0.4896
2024-03-18 00:22:24,870 - ***** Epoch: 10: Eval results *****
2024-03-18 00:22:24,870 -   train_loss = 0.2172
2024-03-18 00:22:24,871 -   best_eval_score = 0.4896
2024-03-18 00:22:24,871 -   eval_score = 0.487
2024-03-18 00:22:24,871 - EarlyStopping counter: 1 out of 8
2024-03-18 00:22:55,637 - ***** Epoch: 11: Eval results *****
2024-03-18 00:22:55,637 -   train_loss = 0.1666
2024-03-18 00:22:55,637 -   best_eval_score = 0.4896
2024-03-18 00:22:55,637 -   eval_score = 0.5215
2024-03-18 00:23:27,277 - ***** Epoch: 12: Eval results *****
2024-03-18 00:23:27,278 -   train_loss = 0.1328
2024-03-18 00:23:27,278 -   best_eval_score = 0.5215
2024-03-18 00:23:27,278 -   eval_score = 0.5064
2024-03-18 00:23:27,278 - EarlyStopping counter: 1 out of 8
2024-03-18 00:23:59,543 - ***** Epoch: 13: Eval results *****
2024-03-18 00:23:59,544 -   train_loss = 0.1117
2024-03-18 00:23:59,544 -   best_eval_score = 0.5215
2024-03-18 00:23:59,544 -   eval_score = 0.4968
2024-03-18 00:23:59,544 - EarlyStopping counter: 2 out of 8
2024-03-18 00:24:31,010 - ***** Epoch: 14: Eval results *****
2024-03-18 00:24:31,010 -   train_loss = 0.0927
2024-03-18 00:24:31,010 -   best_eval_score = 0.5215
2024-03-18 00:24:31,010 -   eval_score = 0.4987
2024-03-18 00:24:31,010 - EarlyStopping counter: 3 out of 8
2024-03-18 00:25:02,562 - ***** Epoch: 15: Eval results *****
2024-03-18 00:25:02,563 -   train_loss = 0.0791
2024-03-18 00:25:02,563 -   best_eval_score = 0.5215
2024-03-18 00:25:02,563 -   eval_score = 0.5081
2024-03-18 00:25:02,563 - EarlyStopping counter: 4 out of 8
2024-03-18 00:25:34,394 - ***** Epoch: 16: Eval results *****
2024-03-18 00:25:34,395 -   train_loss = 0.0792
2024-03-18 00:25:34,395 -   best_eval_score = 0.5215
2024-03-18 00:25:34,395 -   eval_score = 0.5046
2024-03-18 00:25:34,396 - EarlyStopping counter: 5 out of 8
2024-03-18 00:26:07,794 - ***** Epoch: 17: Eval results *****
2024-03-18 00:26:07,794 -   train_loss = 0.0773
2024-03-18 00:26:07,795 -   best_eval_score = 0.5215
2024-03-18 00:26:07,795 -   eval_score = 0.4901
2024-03-18 00:26:07,795 - EarlyStopping counter: 6 out of 8
2024-03-18 00:26:41,010 - ***** Epoch: 18: Eval results *****
2024-03-18 00:26:41,010 -   train_loss = 0.0711
2024-03-18 00:26:41,010 -   best_eval_score = 0.5215
2024-03-18 00:26:41,011 -   eval_score = 0.5147
2024-03-18 00:26:41,011 - EarlyStopping counter: 7 out of 8
2024-03-18 00:27:14,476 - ***** Epoch: 19: Eval results *****
2024-03-18 00:27:14,476 -   train_loss = 0.0611
2024-03-18 00:27:14,476 -   best_eval_score = 0.5215
2024-03-18 00:27:14,476 -   eval_score = 0.502
2024-03-18 00:27:14,476 - EarlyStopping counter: 8 out of 8
2024-03-18 00:27:14,477 - EarlyStopping at epoch 19
2024-03-18 00:27:14,479 - Training is finished...
2024-03-18 00:27:14,480 - Testing begins...
2024-03-18 00:27:21,479 - ***** Test: Confusion Matrix *****
2024-03-18 00:27:21,482 - [[ 47   0  13   0   0   0   0   0   1   1   2   0   0   0   0   0   0   0
    0   0   0   0   0   1   2   0   0   1   0   0]
 [  0  52   0   0   8   2   7   0   3   0   1   0   2   1   5   0   1   7
    0   0   1   2   0   0   2   0   0   3   0   0]
 [  7   1  40   0   1   0   0   0   0   0   1   0   0   2   2   0   0   3
    0   0   0   0   0   2   4   0   0   0   0   1]
 [  0   0   0  62   0   0   0   1   0   0   0   0   0   0   1   0   0   0
    0   0   0   0   0   0   0   0   1   0   0   0]
 [  0   3   0   0  32   1   0   0   0   0   0   0   0   0   0   0   0   3
    0   1   0   3   1   2   1   0   0   0   1   3]
 [  0   0   0   0   1  27   0   1   1   2   0   0   1   0   1   0   0   1
    0   0   0   0   0   2   0   0   0   0   0   0]
 [  0   1   0   0   0   3  30   7   0   2   1   0   4   0   0   0   0   0
    0   0   0   0   0   0   0   0   0   0   0   0]
 [  0   0   0   0   0   0   8  25   0   0   7   1   1   0   0   0   3   0
    0   1   0   0   0   0   0   0   0   1   0   0]
 [  0   3   1   3   1   0   0   1  22   0   0   2   0   0   3   0   0   6
    0   0   0   1   2   0   2   1   0   1   0   0]
 [  0   1   1   0   1   0   1   0   2  48   0   5   8   1  19   0   0   6
    2   0   0   1   2   1   2   0   0   5   0   1]
 [  2   0   0   0   0   5   6   2   0   1  42   0  26   0   2   0   0   2
    0   2   0   1   0   0   1   0   0   1   0   0]
 [  0   0   0   0   0   0   1   1   1   8   1  13   7   1   3   0   0   1
    1   0   0   0   1   0   0   0   1   7   0   0]
 [  0   3   0   1   0   1   6  10   1   1  26   1  79   0   0   0   2   1
    0   0   0   1   0   0   0   0   0   2   0   0]
 [  0   0   2   0   0   0   0   0   0   1   0   0   0   0   5   1   0   3
    2   0   1   0   0   0   0   0   0   1   0   1]
 [  0   1   0   0   0   0   1   0   5   9   3   0   0   2 128   2   0  18
    4   0   2   1   6   1   3   0   1   6   0   0]
 [  0   0   0   0   0   0   0   0   0   4   0   0   0   0   2   5   0   2
    2   0   1   1   1   1   1   0   0   1   1   0]
 [  0   0   0   0   1   0   0   1   0   0   2   0   1   0   0   0  57   0
    3   0   0   1   0   0   0   0   0   0   0   0]
 [  1   3   2   0   6   3   0   0   5  11   1   0   1   2  26   2   2 111
    6   1   3   3   4  13   0   0   1   5   2   3]
 [  0   1   0   0   0   0   1   0   0   3   1   0   0   1  13   1   1   8
   28   0   1   0   0   0   1   0   0   0   0   0]
 [  0   5   0   0   1   0   3   0   0   0   2   0   0   0   0   0   0   0
    0   5   0   1   0   0   0   0   0   0   0   0]
 [  0   2   2   0   0   0   0   0   0   2   0   0   1   0   5   2   0   5
    4   0   1   0   0   1   1   0   0   3   0   0]
 [  7   1   0   0   1   0   0   0   0   3   0   0   0   0   2   0   5   0
    0   0   0  26   1   5   0   0   0   1   0   1]
 [  0   0   0   1   0   1   0   0   1   4   0   2   0   2  12   1   0   3
    0   0   0   1  77   0   1   4   7   0   0   0]
 [  0   2   0   0   1   0   0   0   0   2   0   0   0   0   0   0   0   6
    1   0   0   3   0  23   0   0   0   0   0   0]
 [  1   0   1   0   0   0   1   0   0   1   0   2   0   0   4   1   0   3
    0   0   0   0   1   1  87   0   0   9   1   0]
 [  1   1   0   0   0   0   0   0   2   0   0   0   0   0   0   0   0   2
    0   0   0   0   1   0   1  20   1   0   0   2]
 [  0   0   0   1   0   0   0   0   0   2   0   0   0   0   1   0   0   3
    0   0   0   2   1   0   0   0   5   0   2   0]
 [  0   3   0   0   0   0   0   1   2   4   2   2   3   1   3   0   0   2
    1   0   0   0   3   0   7   1   0  20   1   2]
 [  0   0   0   0   0   0   0   0   0   0   0   0   0   0   1   0   1   0
    0   0   0   0   0   0   0   0   0   0  56   0]
 [  0   2   0   0   0   0   0   0   2   1   1   1   0   0   0   0   0   3
    1   0   0   0   0   0   1   1   0   1   0   5]]
2024-03-18 00:27:21,482 - ***** Evaluation results *****
2024-03-18 00:27:21,482 -   acc = 0.577
2024-03-18 00:27:21,483 -   f1 = 0.5182
2024-03-18 00:27:21,483 -   prec = 0.5242
2024-03-18 00:27:21,483 -   rec = 0.521
2024-03-18 00:27:21,483 - Testing is finished...
2024-03-18 00:27:21,483 - Multimodal intent recognition is finished...
2024-03-18 00:27:21,483 - Results are saved in results/mag_bert.csv
