2024-03-18 01:07:48,150 - ============================== Params ==============================
2024-03-18 01:07:48,150 - logger_name: mag_bert_MIntRec2_multi-class_seed-4_2024-03-18-01-07-48
2024-03-18 01:07:48,150 - dataset: MIntRec2
2024-03-18 01:07:48,150 - data_mode: multi-class
2024-03-18 01:07:48,150 - method: mag_bert
2024-03-18 01:07:48,150 - text_backbone: bert-base-uncased
2024-03-18 01:07:48,150 - text_backbone_path: /home/sharing/disk1/pretrained_embedding/bert/uncased_L-12_H-768_A-12/
2024-03-18 01:07:48,150 - seed: 4
2024-03-18 01:07:48,150 - num_workers: 8
2024-03-18 01:07:48,150 - gpu_id: 2
2024-03-18 01:07:48,150 - data_path: /home/sharing/disk2/sjh/intentDataset
2024-03-18 01:07:48,150 - train: True
2024-03-18 01:07:48,150 - tune: True
2024-03-18 01:07:48,150 - save_model: False
2024-03-18 01:07:48,150 - save_results: True
2024-03-18 01:07:48,150 - log_path: logs
2024-03-18 01:07:48,150 - cache_path: 
2024-03-18 01:07:48,150 - video_data_path: video_data
2024-03-18 01:07:48,150 - audio_data_path: audio_data
2024-03-18 01:07:48,150 - video_feats_path: video_feats.pkl
2024-03-18 01:07:48,150 - audio_feats_path: audio_feats.pkl
2024-03-18 01:07:48,150 - results_path: results
2024-03-18 01:07:48,150 - output_path: /home/sharing/disk2/sjh/Outputs/MIntRec2
2024-03-18 01:07:48,150 - model_path: models
2024-03-18 01:07:48,150 - config_file_name: mag_bert_MIntRec2
2024-03-18 01:07:48,150 - results_file_name: mag_bert.csv
2024-03-18 01:07:48,150 - padding_mode: zero
2024-03-18 01:07:48,150 - padding_loc: end
2024-03-18 01:07:48,150 - need_aligned: True
2024-03-18 01:07:48,150 - eval_monitor: f1
2024-03-18 01:07:48,150 - train_batch_size: 32
2024-03-18 01:07:48,150 - eval_batch_size: 16
2024-03-18 01:07:48,150 - test_batch_size: 16
2024-03-18 01:07:48,150 - wait_patience: 8
2024-03-18 01:07:48,150 - num_train_epochs: 100
2024-03-18 01:07:48,150 - beta_shift: 0.01
2024-03-18 01:07:48,150 - dropout_prob: 0.1
2024-03-18 01:07:48,150 - warmup_proportion: 0.05
2024-03-18 01:07:48,150 - lr: 3e-05
2024-03-18 01:07:48,150 - aligned_method: conv1d
2024-03-18 01:07:48,150 - weight_decay: 0.03
2024-03-18 01:07:48,151 - pred_output_path: /home/sharing/disk2/sjh/Outputs/MIntRec2/mag_bert_MIntRec2_multi-class_seed-4_2024-03-18-01-07-48
2024-03-18 01:07:48,151 - model_output_path: /home/sharing/disk2/sjh/Outputs/MIntRec2/mag_bert_MIntRec2_multi-class_seed-4_2024-03-18-01-07-48/models
2024-03-18 01:07:48,151 - num_labels: 30
2024-03-18 01:07:48,151 - text_feat_dim: 768
2024-03-18 01:07:48,151 - video_feat_dim: 256
2024-03-18 01:07:48,151 - audio_feat_dim: 768
2024-03-18 01:07:48,151 - text_seq_len: 50
2024-03-18 01:07:48,151 - video_seq_len: 180
2024-03-18 01:07:48,151 - audio_seq_len: 400
2024-03-18 01:07:48,151 - device: cuda:2
2024-03-18 01:07:48,151 - ============================== End Params ==============================
2024-03-18 01:07:48,163 - Generate Text Features Begin...
2024-03-18 01:07:49,756 - Generate Text Features Finished...
2024-03-18 01:07:49,757 - Load Video Features Begin...
2024-03-18 01:07:50,854 - Load Video Features Finished...
2024-03-18 01:07:52,891 - Load Audio Features Begin...
2024-03-18 01:07:56,896 - Load Audio Features Finished...
2024-03-18 01:08:08,510 - method  begins...
2024-03-18 01:08:09,475 - Multimodal intent recognition begins...
2024-03-18 01:08:09,475 - Training begins...
2024-03-18 01:08:40,392 - ***** Epoch: 1: Eval results *****
2024-03-18 01:08:40,392 -   train_loss = 3.1279
2024-03-18 01:08:40,392 -   best_eval_score = 0.0
2024-03-18 01:08:40,392 -   eval_score = 0.1706
2024-03-18 01:09:12,205 - ***** Epoch: 2: Eval results *****
2024-03-18 01:09:12,205 -   train_loss = 2.1419
2024-03-18 01:09:12,205 -   best_eval_score = 0.1706
2024-03-18 01:09:12,205 -   eval_score = 0.3488
2024-03-18 01:09:44,939 - ***** Epoch: 3: Eval results *****
2024-03-18 01:09:44,939 -   train_loss = 1.5673
2024-03-18 01:09:44,939 -   best_eval_score = 0.3488
2024-03-18 01:09:44,939 -   eval_score = 0.4027
2024-03-18 01:10:17,707 - ***** Epoch: 4: Eval results *****
2024-03-18 01:10:17,707 -   train_loss = 1.1991
2024-03-18 01:10:17,707 -   best_eval_score = 0.4027
2024-03-18 01:10:17,707 -   eval_score = 0.441
2024-03-18 01:10:50,640 - ***** Epoch: 5: Eval results *****
2024-03-18 01:10:50,640 -   train_loss = 0.8819
2024-03-18 01:10:50,643 -   best_eval_score = 0.441
2024-03-18 01:10:50,643 -   eval_score = 0.4769
2024-03-18 01:11:23,445 - ***** Epoch: 6: Eval results *****
2024-03-18 01:11:23,445 -   train_loss = 0.5973
2024-03-18 01:11:23,445 -   best_eval_score = 0.4769
2024-03-18 01:11:23,446 -   eval_score = 0.4758
2024-03-18 01:11:23,446 - EarlyStopping counter: 1 out of 8
2024-03-18 01:11:55,626 - ***** Epoch: 7: Eval results *****
2024-03-18 01:11:55,627 -   train_loss = 0.4018
2024-03-18 01:11:55,627 -   best_eval_score = 0.4769
2024-03-18 01:11:55,627 -   eval_score = 0.5159
2024-03-18 01:12:28,878 - ***** Epoch: 8: Eval results *****
2024-03-18 01:12:28,878 -   train_loss = 0.2574
2024-03-18 01:12:28,879 -   best_eval_score = 0.5159
2024-03-18 01:12:28,879 -   eval_score = 0.496
2024-03-18 01:12:28,879 - EarlyStopping counter: 1 out of 8
2024-03-18 01:13:00,938 - ***** Epoch: 9: Eval results *****
2024-03-18 01:13:00,939 -   train_loss = 0.184
2024-03-18 01:13:00,939 -   best_eval_score = 0.5159
2024-03-18 01:13:00,939 -   eval_score = 0.5188
2024-03-18 01:13:33,702 - ***** Epoch: 10: Eval results *****
2024-03-18 01:13:33,702 -   train_loss = 0.1286
2024-03-18 01:13:33,702 -   best_eval_score = 0.5188
2024-03-18 01:13:33,702 -   eval_score = 0.5122
2024-03-18 01:13:33,702 - EarlyStopping counter: 1 out of 8
2024-03-18 01:14:05,646 - ***** Epoch: 11: Eval results *****
2024-03-18 01:14:05,647 -   train_loss = 0.1055
2024-03-18 01:14:05,647 -   best_eval_score = 0.5188
2024-03-18 01:14:05,647 -   eval_score = 0.5106
2024-03-18 01:14:05,647 - EarlyStopping counter: 2 out of 8
2024-03-18 01:14:38,388 - ***** Epoch: 12: Eval results *****
2024-03-18 01:14:38,388 -   train_loss = 0.0945
2024-03-18 01:14:38,388 -   best_eval_score = 0.5188
2024-03-18 01:14:38,388 -   eval_score = 0.5014
2024-03-18 01:14:38,388 - EarlyStopping counter: 3 out of 8
2024-03-18 01:15:11,677 - ***** Epoch: 13: Eval results *****
2024-03-18 01:15:11,677 -   train_loss = 0.0829
2024-03-18 01:15:11,677 -   best_eval_score = 0.5188
2024-03-18 01:15:11,677 -   eval_score = 0.5088
2024-03-18 01:15:11,677 - EarlyStopping counter: 4 out of 8
2024-03-18 01:15:43,125 - ***** Epoch: 14: Eval results *****
2024-03-18 01:15:43,125 -   train_loss = 0.0692
2024-03-18 01:15:43,125 -   best_eval_score = 0.5188
2024-03-18 01:15:43,125 -   eval_score = 0.5046
2024-03-18 01:15:43,125 - EarlyStopping counter: 5 out of 8
2024-03-18 01:16:14,570 - ***** Epoch: 15: Eval results *****
2024-03-18 01:16:14,570 -   train_loss = 0.0585
2024-03-18 01:16:14,570 -   best_eval_score = 0.5188
2024-03-18 01:16:14,570 -   eval_score = 0.512
2024-03-18 01:16:14,570 - EarlyStopping counter: 6 out of 8
2024-03-18 01:16:46,305 - ***** Epoch: 16: Eval results *****
2024-03-18 01:16:46,305 -   train_loss = 0.0614
2024-03-18 01:16:46,305 -   best_eval_score = 0.5188
2024-03-18 01:16:46,305 -   eval_score = 0.5067
2024-03-18 01:16:46,306 - EarlyStopping counter: 7 out of 8
2024-03-18 01:17:18,856 - ***** Epoch: 17: Eval results *****
2024-03-18 01:17:18,857 -   train_loss = 0.0658
2024-03-18 01:17:18,857 -   best_eval_score = 0.5188
2024-03-18 01:17:18,857 -   eval_score = 0.5181
2024-03-18 01:17:18,857 - EarlyStopping counter: 8 out of 8
2024-03-18 01:17:18,857 - EarlyStopping at epoch 17
2024-03-18 01:17:18,859 - Training is finished...
2024-03-18 01:17:18,860 - Testing begins...
2024-03-18 01:17:25,429 - ***** Test: Confusion Matrix *****
2024-03-18 01:17:25,431 - [[ 45   0  15   0   0   0   0   0   0   0   2   0   0   2   0   0   0   0
    0   0   0   0   0   0   3   0   0   1   0   0]
 [  0  38   0   0  10   3   9   0   3   1   1   1   3   1   3   0   1   9
    0   2   2   1   1   0   3   0   0   5   0   0]
 [  7   0  42   0   2   0   0   0   0   0   1   0   0   3   1   0   0   3
    0   0   0   0   0   1   4   0   0   0   0   0]
 [  0   0   0  62   0   0   0   1   0   0   0   0   0   0   1   0   0   0
    0   0   0   0   0   0   0   0   0   1   0   0]
 [  0   2   0   0  29   1   0   0   2   0   0   0   0   0   1   1   0   4
    0   1   0   4   1   2   1   0   0   0   1   1]
 [  0   0   0   0   1  24   0   1   0   2   2   0   0   0   1   0   0   3
    0   0   0   0   0   1   0   1   1   0   0   0]
 [  0   0   0   0   0   2  26   9   0   2   1   1   7   0   0   0   0   0
    0   0   0   0   0   0   0   0   0   0   0   0]
 [  0   0   0   0   0   2   5  24   0   1   4   0   6   0   0   0   4   0
    0   0   0   0   0   0   1   0   0   0   0   0]
 [  3   0   2   2   2   0   0   0  23   1   0   2   1   0   3   0   1   2
    0   0   1   1   3   0   2   0   0   0   0   0]
 [  0   1   1   1   0   0   1   0   2  48   0   7   7   1  13   1   0   7
    1   0   2   2   3   1   2   0   0   6   0   0]
 [  0   0   0   0   0   3   4   5   0   1  43   1  28   0   2   0   0   2
    0   2   1   0   0   0   0   0   0   1   0   0]
 [  0   0   0   0   0   0   1   1   2   8   0  15   5   0   2   0   0   2
    1   0   1   0   2   0   1   0   0   6   0   0]
 [  0   2   0   0   0   1   3   8   0   5  10   2  96   0   0   0   1   0
    0   0   1   1   0   0   0   0   0   5   0   0]
 [  0   0   2   0   0   0   0   0   0   1   0   0   0   1   4   2   0   3
    1   0   1   0   0   0   0   0   0   2   0   0]
 [  0   2   1   1   0   1   0   0   4   7   2   1   0   2 119   1   0  23
    4   0   4   0   8   2   3   0   0   8   0   0]
 [  0   0   2   0   0   0   0   0   0   5   0   0   0   0   4   4   0   0
    3   0   1   1   1   0   0   0   0   0   1   0]
 [  0   0   0   0   1   0   0   1   0   0   0   0   2   0   0   0  59   0
    2   0   0   1   0   0   0   0   0   0   0   0]
 [  1   5   2   0   4   2   1   0   2  13   1   2   1   1  20   3   3  97
   13   2   5   4   7  13   2   0   1   5   2   5]
 [  0   2   0   0   0   0   1   0   0   2   1   0   1   2   6   0   2   6
   32   1   2   0   1   0   1   0   0   0   0   0]
 [  0   3   0   0   1   0   2   0   1   0   1   0   0   0   0   0   0   0
    0   5   0   3   0   1   0   0   0   0   0   0]
 [  0   2   2   0   0   0   0   0   0   1   0   0   1   0   2   1   0   4
    5   0   5   0   0   1   2   0   0   2   0   1]
 [  6   0   0   0   1   0   0   0   0   2   0   0   0   0   0   0   4   0
    0   0   0  28   1   5   1   0   1   3   0   1]
 [  0   0   0   1   0   0   0   0   0   4   0   3   1   0   9   0   0   4
    0   0   1   0  86   0   1   1   5   0   1   0]
 [  0   3   0   0   1   0   0   0   0   2   0   0   0   0   0   0   0   6
    1   0   0   4   0  21   0   0   0   0   0   0]
 [  1   0   2   0   0   0   0   0   3   1   0   1   0   1   1   1   0   1
    1   0   0   0   1   1  88   0   0   8   2   0]
 [  1   0   0   0   0   0   0   0   0   0   0   1   0   0   0   0   1   2
    0   0   0   0   2   0   1  21   0   0   0   2]
 [  0   0   0   0   0   0   0   0   0   1   0   0   0   0   1   0   0   3
    0   0   0   0   3   1   0   0   6   0   2   0]
 [  1   3   2   0   0   0   0   0   3   3   3   4   3   1   2   0   0   2
    0   0   2   0   3   0   9   1   0  14   1   1]
 [  0   0   0   0   0   0   0   0   0   0   0   0   0   0   1   0   1   0
    0   0   0   1   0   0   0   0   0   0  55   0]
 [  0   1   0   0   0   0   0   0   1   1   1   1   0   0   0   1   0   4
    1   0   1   0   0   0   1   1   0   1   0   4]]
2024-03-18 01:17:25,431 - ***** Evaluation results *****
2024-03-18 01:17:25,431 -   acc = 0.5706
2024-03-18 01:17:25,431 -   f1 = 0.5166
2024-03-18 01:17:25,432 -   prec = 0.5207
2024-03-18 01:17:25,432 -   rec = 0.5189
2024-03-18 01:17:25,432 - Testing is finished...
2024-03-18 01:17:25,432 - Multimodal intent recognition is finished...
2024-03-18 01:17:25,432 - Results are saved in results/mag_bert.csv
