2024-03-11 23:46:07,120 - ============================== Params ==============================
2024-03-11 23:46:07,120 - logger_name: misa_MIntRec2_multi-class_seed-1_2024-03-11-23-46-06
2024-03-11 23:46:07,120 - dataset: MIntRec2
2024-03-11 23:46:07,120 - data_mode: multi-class
2024-03-11 23:46:07,120 - method: misa
2024-03-11 23:46:07,120 - text_backbone: bert-base-uncased
2024-03-11 23:46:07,120 - text_backbone_path: /home/sharing/disk1/pretrained_embedding/bert/uncased_L-12_H-768_A-12/
2024-03-11 23:46:07,120 - seed: 1
2024-03-11 23:46:07,120 - num_workers: 8
2024-03-11 23:46:07,120 - gpu_id: 3
2024-03-11 23:46:07,120 - data_path: /home/sharing/disk2/sjh/intentDataset
2024-03-11 23:46:07,120 - train: True
2024-03-11 23:46:07,120 - tune: True
2024-03-11 23:46:07,120 - save_model: False
2024-03-11 23:46:07,120 - save_results: True
2024-03-11 23:46:07,120 - log_path: logs
2024-03-11 23:46:07,120 - cache_path: 
2024-03-11 23:46:07,120 - video_data_path: video_data
2024-03-11 23:46:07,120 - audio_data_path: audio_data
2024-03-11 23:46:07,120 - video_feats_path: video_feats.pkl
2024-03-11 23:46:07,120 - audio_feats_path: audio_feats.pkl
2024-03-11 23:46:07,121 - results_path: results
2024-03-11 23:46:07,121 - output_path: /home/sharing/disk2/sjh/Outputs/MIntRec2
2024-03-11 23:46:07,121 - model_path: models
2024-03-11 23:46:07,121 - config_file_name: misa_bert_MIntRec2
2024-03-11 23:46:07,121 - results_file_name: misa_bert.csv
2024-03-11 23:46:07,121 - padding_mode: zero
2024-03-11 23:46:07,121 - padding_loc: end
2024-03-11 23:46:07,121 - need_aligned: False
2024-03-11 23:46:07,121 - eval_monitor: f1
2024-03-11 23:46:07,121 - train_batch_size: 16
2024-03-11 23:46:07,121 - eval_batch_size: 8
2024-03-11 23:46:07,121 - test_batch_size: 8
2024-03-11 23:46:07,121 - wait_patience: 8
2024-03-11 23:46:07,121 - num_train_epochs: 100
2024-03-11 23:46:07,121 - rnncell: lstm
2024-03-11 23:46:07,121 - use_cmd_sim: False
2024-03-11 23:46:07,121 - reverse_grad_weight: 0.6
2024-03-11 23:46:07,121 - hidden_size: 256
2024-03-11 23:46:07,121 - dropout_rate: 0.3
2024-03-11 23:46:07,121 - diff_weight: 0.7
2024-03-11 23:46:07,121 - sim_weight: 0.3
2024-03-11 23:46:07,121 - recon_weight: 0.6
2024-03-11 23:46:07,121 - lr: 1e-05
2024-03-11 23:46:07,121 - grad_clip: -1.0
2024-03-11 23:46:07,121 - gamma: 0.5
2024-03-11 23:46:07,121 - pred_output_path: /home/sharing/disk2/sjh/Outputs/MIntRec2/misa_MIntRec2_multi-class_seed-1_2024-03-11-23-46-06
2024-03-11 23:46:07,121 - model_output_path: /home/sharing/disk2/sjh/Outputs/MIntRec2/misa_MIntRec2_multi-class_seed-1_2024-03-11-23-46-06/models
2024-03-11 23:46:07,121 - num_labels: 30
2024-03-11 23:46:07,121 - text_feat_dim: 768
2024-03-11 23:46:07,121 - video_feat_dim: 256
2024-03-11 23:46:07,121 - audio_feat_dim: 768
2024-03-11 23:46:07,121 - text_seq_len: 50
2024-03-11 23:46:07,121 - video_seq_len: 180
2024-03-11 23:46:07,121 - audio_seq_len: 400
2024-03-11 23:46:07,121 - device: cuda:3
2024-03-11 23:46:07,121 - ============================== End Params ==============================
2024-03-11 23:46:07,134 - Generate Text Features Begin...
2024-03-11 23:46:08,720 - Generate Text Features Finished...
2024-03-11 23:46:08,721 - Load Video Features Begin...
2024-03-11 23:46:09,736 - Load Video Features Finished...
2024-03-11 23:46:11,461 - Load Audio Features Begin...
2024-03-11 23:46:15,480 - Load Audio Features Finished...
2024-03-11 23:46:27,418 - method  begins...
2024-03-11 23:46:28,493 - Multimodal intent recognition begins...
2024-03-11 23:46:28,493 - Training begins...
2024-03-11 23:47:18,658 - ***** Epoch: 1: Eval results *****
2024-03-11 23:47:18,658 -   best_eval_score = 0.0
2024-03-11 23:47:18,658 -   eval_score = 0.2326
2024-03-11 23:47:18,658 -   train_loss = 3.5558
2024-03-11 23:48:08,137 - ***** Epoch: 2: Eval results *****
2024-03-11 23:48:08,137 -   best_eval_score = 0.2326
2024-03-11 23:48:08,137 -   eval_score = 0.3702
2024-03-11 23:48:08,137 -   train_loss = 2.3931
2024-03-11 23:48:57,036 - ***** Epoch: 3: Eval results *****
2024-03-11 23:48:57,036 -   best_eval_score = 0.3702
2024-03-11 23:48:57,036 -   eval_score = 0.4271
2024-03-11 23:48:57,036 -   train_loss = 1.7903
2024-03-11 23:49:46,436 - ***** Epoch: 4: Eval results *****
2024-03-11 23:49:46,437 -   best_eval_score = 0.4271
2024-03-11 23:49:46,437 -   eval_score = 0.4403
2024-03-11 23:49:46,437 -   train_loss = 1.4
2024-03-11 23:50:36,675 - ***** Epoch: 5: Eval results *****
2024-03-11 23:50:36,675 -   best_eval_score = 0.4403
2024-03-11 23:50:36,675 -   eval_score = 0.4728
2024-03-11 23:50:36,675 -   train_loss = 1.125
2024-03-11 23:51:26,145 - ***** Epoch: 6: Eval results *****
2024-03-11 23:51:26,146 -   best_eval_score = 0.4728
2024-03-11 23:51:26,146 -   eval_score = 0.5034
2024-03-11 23:51:26,146 -   train_loss = 0.9163
2024-03-11 23:52:16,152 - ***** Epoch: 7: Eval results *****
2024-03-11 23:52:16,153 -   best_eval_score = 0.5034
2024-03-11 23:52:16,153 -   eval_score = 0.4929
2024-03-11 23:52:16,153 -   train_loss = 0.7814
2024-03-11 23:52:16,153 - EarlyStopping counter: 1 out of 8
2024-03-11 23:53:07,412 - ***** Epoch: 8: Eval results *****
2024-03-11 23:53:07,412 -   best_eval_score = 0.5034
2024-03-11 23:53:07,412 -   eval_score = 0.5075
2024-03-11 23:53:07,412 -   train_loss = 0.6714
2024-03-11 23:53:57,951 - ***** Epoch: 9: Eval results *****
2024-03-11 23:53:57,951 -   best_eval_score = 0.5075
2024-03-11 23:53:57,951 -   eval_score = 0.5077
2024-03-11 23:53:57,951 -   train_loss = 0.6271
2024-03-11 23:54:48,411 - ***** Epoch: 10: Eval results *****
2024-03-11 23:54:48,411 -   best_eval_score = 0.5077
2024-03-11 23:54:48,411 -   eval_score = 0.5087
2024-03-11 23:54:48,412 -   train_loss = 0.5897
2024-03-11 23:55:39,062 - ***** Epoch: 11: Eval results *****
2024-03-11 23:55:39,062 -   best_eval_score = 0.5087
2024-03-11 23:55:39,062 -   eval_score = 0.5052
2024-03-11 23:55:39,062 -   train_loss = 0.566
2024-03-11 23:55:39,062 - EarlyStopping counter: 1 out of 8
2024-03-11 23:56:29,462 - ***** Epoch: 12: Eval results *****
2024-03-11 23:56:29,462 -   best_eval_score = 0.5087
2024-03-11 23:56:29,462 -   eval_score = 0.5011
2024-03-11 23:56:29,463 -   train_loss = 0.5402
2024-03-11 23:56:29,463 - EarlyStopping counter: 2 out of 8
2024-03-11 23:57:19,698 - ***** Epoch: 13: Eval results *****
2024-03-11 23:57:19,698 -   best_eval_score = 0.5087
2024-03-11 23:57:19,698 -   eval_score = 0.5071
2024-03-11 23:57:19,698 -   train_loss = 0.519
2024-03-11 23:57:19,698 - EarlyStopping counter: 3 out of 8
2024-03-11 23:58:10,305 - ***** Epoch: 14: Eval results *****
2024-03-11 23:58:10,305 -   best_eval_score = 0.5087
2024-03-11 23:58:10,305 -   eval_score = 0.5035
2024-03-11 23:58:10,305 -   train_loss = 0.5128
2024-03-11 23:58:10,305 - EarlyStopping counter: 4 out of 8
2024-03-11 23:58:59,578 - ***** Epoch: 15: Eval results *****
2024-03-11 23:58:59,579 -   best_eval_score = 0.5087
2024-03-11 23:58:59,579 -   eval_score = 0.5068
2024-03-11 23:58:59,579 -   train_loss = 0.5108
2024-03-11 23:58:59,579 - EarlyStopping counter: 5 out of 8
2024-03-11 23:59:49,864 - ***** Epoch: 16: Eval results *****
2024-03-11 23:59:49,864 -   best_eval_score = 0.5087
2024-03-11 23:59:49,864 -   eval_score = 0.5068
2024-03-11 23:59:49,864 -   train_loss = 0.5073
2024-03-11 23:59:49,864 - EarlyStopping counter: 6 out of 8
2024-03-12 00:00:39,881 - ***** Epoch: 17: Eval results *****
2024-03-12 00:00:39,881 -   best_eval_score = 0.5087
2024-03-12 00:00:39,881 -   eval_score = 0.5076
2024-03-12 00:00:39,881 -   train_loss = 0.5086
2024-03-12 00:00:39,881 - EarlyStopping counter: 7 out of 8
2024-03-12 00:01:29,628 - ***** Epoch: 18: Eval results *****
2024-03-12 00:01:29,629 -   best_eval_score = 0.5087
2024-03-12 00:01:29,629 -   eval_score = 0.5085
2024-03-12 00:01:29,629 -   train_loss = 0.5019
2024-03-12 00:01:29,629 - EarlyStopping counter: 8 out of 8
2024-03-12 00:01:29,629 - EarlyStopping at epoch 18
2024-03-12 00:01:29,631 - Training is finished...
2024-03-12 00:01:29,632 - Testing begins...
2024-03-12 00:01:37,852 - ***** Test: Confusion Matrix *****
2024-03-12 00:01:37,854 - [[ 36   0  27   0   0   0   0   0   0   0   2   0   0   0   0   0   0   1
    0   0   0   0   0   1   1   0   0   0   0   0]
 [  0  56   0   0   7   2   5   0   0   0   3   0   2   0   3   0   0  11
    0   1   1   3   1   0   1   0   0   1   0   0]
 [  4   1  47   0   0   0   0   0   1   0   1   0   0   0   1   0   0   3
    0   0   1   1   0   1   3   0   0   0   0   0]
 [  0   0   0  62   0   0   0   1   0   0   0   0   0   0   1   0   0   1
    0   0   0   0   0   0   0   0   0   0   0   0]
 [  0   4   0   0  35   0   0   0   1   0   0   0   0   0   0   0   0   2
    0   1   0   3   0   2   1   1   1   0   0   0]
 [  0   1   0   0   1  25   1   0   0   2   1   0   0   0   1   0   0   5
    0   0   0   0   0   0   0   0   0   0   0   0]
 [  0   1   0   0   0   2  30   7   0   1   3   0   4   0   0   0   0   0
    0   0   0   0   0   0   0   0   0   0   0   0]
 [  0   0   0   0   0   0   8  26   0   1   6   0   4   0   0   0   1   0
    0   0   0   0   1   0   0   0   0   0   0   0]
 [  1   2   1   3   1   0   0   0  24   2   0   0   1   1   1   0   0   6
    0   0   0   0   4   0   2   0   0   0   0   0]
 [  0   0   1   0   1   0   0   0   3  49   1   8   7   0  12   0   0  12
    0   0   0   2   2   0   2   1   0   5   0   1]
 [  2   0   0   0   0   4   8   3   0   2  41   0  24   1   0   0   0   3
    0   2   0   0   0   0   1   0   0   2   0   0]
 [  0   0   0   0   0   0   1   1   0   7   0  19   5   0   1   0   0   0
    2   0   1   0   2   0   0   0   1   3   0   4]
 [  0   2   0   0   0   0   5  11   0   6  24   1  80   0   0   0   2   0
    0   1   0   1   0   0   0   0   1   1   0   0]
 [  0   0   2   0   1   0   0   0   0   3   0   0   0   2   2   1   0   3
    3   0   0   0   0   0   0   0   0   0   0   0]
 [  0   3   2   0   0   0   2   0   4   5   2   1   1   1 113   3   0  32
    4   0   0   1   7   1   3   0   1   7   0   0]
 [  0   0   1   0   1   0   0   0   0   5   0   0   0   1   1   2   0   4
    2   0   1   1   1   0   0   0   0   1   1   0]
 [  0   0   0   0   1   0   1   2   0   0   0   0   2   0   0   0  57   0
    3   0   0   0   0   0   0   0   0   0   0   0]
 [  0   2   1   0   6   7   0   0   2  12   1   0   0   1  13   5   1 127
   10   0   2   7   5   8   0   1   2   2   1   1]
 [  0   0   0   0   0   0   1   0   1   3   1   0   0   1   5   1   3  13
   26   0   3   0   0   0   1   0   0   1   0   0]
 [  0   5   0   0   0   0   4   0   0   0   0   0   0   0   0   0   0   1
    0   4   0   3   0   0   0   0   0   0   0   0]
 [  0   1   2   0   1   0   0   0   0   2   1   1   0   0   3   1   0   6
    4   0   3   0   0   0   2   0   1   1   0   0]
 [  5   0   1   0   1   0   0   0   0   3   0   0   0   0   1   0   5   0
    0   0   0  27   0   5   1   0   2   1   0   1]
 [  0   0   1   1   0   0   0   0   2   6   0   3   0   1  10   1   0   3
    0   0   1   0  77   0   1   1   8   1   0   0]
 [  0   3   0   0   1   0   0   0   0   0   0   0   0   0   0   0   0   8
    0   0   0   3   0  23   0   0   0   0   0   0]
 [  1   0   3   0   0   0   0   0   1   1   0   2   0   1   2   2   0   1
    0   0   0   1   1   1  85   0   0  10   1   0]
 [  1   0   0   0   0   0   0   0   0   0   0   0   0   0   0   0   0   0
    0   0   0   1   4   1   1  22   0   0   0   1]
 [  0   1   0   0   0   0   0   0   0   2   0   0   0   0   1   0   0   4
    0   0   0   1   2   0   0   0   4   0   2   0]
 [  0   3   1   0   0   0   0   1   2   6   2   5   3   1   3   0   0   3
    0   0   3   0   1   0   8   2   1  10   1   2]
 [  0   0   0   0   0   0   0   0   0   0   0   0   0   0   0   0   1   0
    0   0   0   0   0   0   0   0   1   0  56   0]
 [  0   2   0   0   0   0   0   0   2   1   1   1   0   0   0   0   0   4
    1   0   0   1   0   0   0   2   0   1   0   3]]
2024-03-12 00:01:37,854 - ***** Evaluation results *****
2024-03-12 00:01:37,854 -   acc = 0.576
2024-03-12 00:01:37,855 -   f1 = 0.5142
2024-03-12 00:01:37,855 -   prec = 0.5208
2024-03-12 00:01:37,855 -   rec = 0.5167
2024-03-12 00:01:37,855 - Testing is finished...
2024-03-12 00:01:37,855 - Multimodal intent recognition is finished...
2024-03-12 00:01:37,855 - Results are saved in results/misa_bert.csv
