2024-03-13 02:56:02,736 - ============================== Params ==============================
2024-03-13 02:56:02,737 - logger_name: misa_MIntRec2_multi-class_seed-2_2024-03-13-02-56-02
2024-03-13 02:56:02,737 - dataset: MIntRec2
2024-03-13 02:56:02,737 - data_mode: multi-class
2024-03-13 02:56:02,737 - method: misa
2024-03-13 02:56:02,737 - text_backbone: bert-base-uncased
2024-03-13 02:56:02,737 - text_backbone_path: /home/sharing/disk1/pretrained_embedding/bert/uncased_L-12_H-768_A-12/
2024-03-13 02:56:02,737 - seed: 2
2024-03-13 02:56:02,737 - num_workers: 8
2024-03-13 02:56:02,737 - gpu_id: 3
2024-03-13 02:56:02,737 - data_path: /home/sharing/disk2/sjh/intentDataset
2024-03-13 02:56:02,737 - train: True
2024-03-13 02:56:02,737 - tune: True
2024-03-13 02:56:02,737 - save_model: False
2024-03-13 02:56:02,737 - save_results: True
2024-03-13 02:56:02,737 - log_path: logs
2024-03-13 02:56:02,737 - cache_path: 
2024-03-13 02:56:02,737 - video_data_path: video_data
2024-03-13 02:56:02,737 - audio_data_path: audio_data
2024-03-13 02:56:02,737 - video_feats_path: video_feats.pkl
2024-03-13 02:56:02,737 - audio_feats_path: audio_feats.pkl
2024-03-13 02:56:02,737 - results_path: results
2024-03-13 02:56:02,737 - output_path: /home/sharing/disk2/sjh/Outputs/MIntRec2
2024-03-13 02:56:02,737 - model_path: models
2024-03-13 02:56:02,737 - config_file_name: misa_bert_MIntRec2
2024-03-13 02:56:02,737 - results_file_name: misa_bert.csv
2024-03-13 02:56:02,737 - padding_mode: zero
2024-03-13 02:56:02,737 - padding_loc: end
2024-03-13 02:56:02,737 - need_aligned: False
2024-03-13 02:56:02,737 - eval_monitor: f1
2024-03-13 02:56:02,737 - train_batch_size: 32
2024-03-13 02:56:02,737 - eval_batch_size: 16
2024-03-13 02:56:02,737 - test_batch_size: 16
2024-03-13 02:56:02,737 - wait_patience: 8
2024-03-13 02:56:02,737 - num_train_epochs: 100
2024-03-13 02:56:02,737 - rnncell: lstm
2024-03-13 02:56:02,737 - use_cmd_sim: False
2024-03-13 02:56:02,738 - reverse_grad_weight: 0.2
2024-03-13 02:56:02,738 - hidden_size: 768
2024-03-13 02:56:02,738 - dropout_rate: 0.3
2024-03-13 02:56:02,738 - diff_weight: 0.3
2024-03-13 02:56:02,738 - sim_weight: 0.1
2024-03-13 02:56:02,738 - recon_weight: 0.1
2024-03-13 02:56:02,738 - lr: 2e-05
2024-03-13 02:56:02,738 - grad_clip: -1.0
2024-03-13 02:56:02,738 - gamma: 0.5
2024-03-13 02:56:02,738 - pred_output_path: /home/sharing/disk2/sjh/Outputs/MIntRec2/misa_MIntRec2_multi-class_seed-2_2024-03-13-02-56-02
2024-03-13 02:56:02,738 - model_output_path: /home/sharing/disk2/sjh/Outputs/MIntRec2/misa_MIntRec2_multi-class_seed-2_2024-03-13-02-56-02/models
2024-03-13 02:56:02,738 - ============================== End Params ==============================
2024-03-13 02:56:02,959 - Generate Text Features Begin...
2024-03-13 02:56:05,017 - Generate Text Features Finished...
2024-03-13 02:56:05,018 - Load Video Features Begin...
2024-03-13 02:57:23,656 - Load Video Features Finished...
2024-03-13 02:57:25,778 - Load Audio Features Begin...
2024-03-13 03:02:20,508 - Load Audio Features Finished...
2024-03-13 03:02:34,636 - method  begins...
2024-03-13 03:02:44,371 - Multimodal intent recognition begins...
2024-03-13 03:02:44,372 - Training begins...
2024-03-13 03:03:24,644 - ***** Epoch: 1: Eval results *****
2024-03-13 03:03:24,644 -   best_eval_score = 0.0
2024-03-13 03:03:24,644 -   eval_score = 0.3901
2024-03-13 03:03:24,644 -   train_loss = 2.4871
2024-03-13 03:04:03,347 - ***** Epoch: 2: Eval results *****
2024-03-13 03:04:03,347 -   best_eval_score = 0.3901
2024-03-13 03:04:03,347 -   eval_score = 0.4852
2024-03-13 03:04:03,347 -   train_loss = 1.4133
2024-03-13 03:04:41,561 - ***** Epoch: 3: Eval results *****
2024-03-13 03:04:41,562 -   best_eval_score = 0.4852
2024-03-13 03:04:41,562 -   eval_score = 0.487
2024-03-13 03:04:41,562 -   train_loss = 0.9681
2024-03-13 03:05:20,991 - ***** Epoch: 4: Eval results *****
2024-03-13 03:05:20,992 -   best_eval_score = 0.487
2024-03-13 03:05:20,992 -   eval_score = 0.4888
2024-03-13 03:05:20,992 -   train_loss = 0.6258
2024-03-13 03:05:59,603 - ***** Epoch: 5: Eval results *****
2024-03-13 03:05:59,604 -   best_eval_score = 0.4888
2024-03-13 03:05:59,604 -   eval_score = 0.4994
2024-03-13 03:05:59,604 -   train_loss = 0.3879
2024-03-13 03:06:38,590 - ***** Epoch: 6: Eval results *****
2024-03-13 03:06:38,591 -   best_eval_score = 0.4994
2024-03-13 03:06:38,591 -   eval_score = 0.482
2024-03-13 03:06:38,591 -   train_loss = 0.2436
2024-03-13 03:06:38,591 - EarlyStopping counter: 1 out of 8
2024-03-13 03:07:17,232 - ***** Epoch: 7: Eval results *****
2024-03-13 03:07:17,232 -   best_eval_score = 0.4994
2024-03-13 03:07:17,233 -   eval_score = 0.5181
2024-03-13 03:07:17,233 -   train_loss = 0.1513
2024-03-13 03:07:56,850 - ***** Epoch: 8: Eval results *****
2024-03-13 03:07:56,851 -   best_eval_score = 0.5181
2024-03-13 03:07:56,851 -   eval_score = 0.5138
2024-03-13 03:07:56,851 -   train_loss = 0.114
2024-03-13 03:07:56,851 - EarlyStopping counter: 1 out of 8
2024-03-13 03:08:36,486 - ***** Epoch: 9: Eval results *****
2024-03-13 03:08:36,486 -   best_eval_score = 0.5181
2024-03-13 03:08:36,486 -   eval_score = 0.5079
2024-03-13 03:08:36,486 -   train_loss = 0.0878
2024-03-13 03:08:36,487 - EarlyStopping counter: 2 out of 8
2024-03-13 03:09:15,222 - ***** Epoch: 10: Eval results *****
2024-03-13 03:09:15,222 -   best_eval_score = 0.5181
2024-03-13 03:09:15,222 -   eval_score = 0.5233
2024-03-13 03:09:15,222 -   train_loss = 0.0805
2024-03-13 03:09:54,849 - ***** Epoch: 11: Eval results *****
2024-03-13 03:09:54,849 -   best_eval_score = 0.5233
2024-03-13 03:09:54,849 -   eval_score = 0.5082
2024-03-13 03:09:54,849 -   train_loss = 0.0736
2024-03-13 03:09:54,849 - EarlyStopping counter: 1 out of 8
2024-03-13 03:10:34,115 - ***** Epoch: 12: Eval results *****
2024-03-13 03:10:34,115 -   best_eval_score = 0.5233
2024-03-13 03:10:34,115 -   eval_score = 0.5188
2024-03-13 03:10:34,115 -   train_loss = 0.0708
2024-03-13 03:10:34,115 - EarlyStopping counter: 2 out of 8
2024-03-13 03:11:13,051 - ***** Epoch: 13: Eval results *****
2024-03-13 03:11:13,051 -   best_eval_score = 0.5233
2024-03-13 03:11:13,051 -   eval_score = 0.5173
2024-03-13 03:11:13,051 -   train_loss = 0.0676
2024-03-13 03:11:13,051 - EarlyStopping counter: 3 out of 8
2024-03-13 03:11:51,760 - ***** Epoch: 14: Eval results *****
2024-03-13 03:11:51,760 -   best_eval_score = 0.5233
2024-03-13 03:11:51,760 -   eval_score = 0.5192
2024-03-13 03:11:51,760 -   train_loss = 0.0661
2024-03-13 03:11:51,760 - EarlyStopping counter: 4 out of 8
2024-03-13 03:12:30,258 - ***** Epoch: 15: Eval results *****
2024-03-13 03:12:30,258 -   best_eval_score = 0.5233
2024-03-13 03:12:30,258 -   eval_score = 0.52
2024-03-13 03:12:30,258 -   train_loss = 0.0676
2024-03-13 03:12:30,258 - EarlyStopping counter: 5 out of 8
2024-03-13 03:13:09,190 - ***** Epoch: 16: Eval results *****
2024-03-13 03:13:09,190 -   best_eval_score = 0.5233
2024-03-13 03:13:09,190 -   eval_score = 0.5207
2024-03-13 03:13:09,190 -   train_loss = 0.0653
2024-03-13 03:13:09,190 - EarlyStopping counter: 6 out of 8
2024-03-13 03:13:48,557 - ***** Epoch: 17: Eval results *****
2024-03-13 03:13:48,557 -   best_eval_score = 0.5233
2024-03-13 03:13:48,557 -   eval_score = 0.5203
2024-03-13 03:13:48,557 -   train_loss = 0.0665
2024-03-13 03:13:48,557 - EarlyStopping counter: 7 out of 8
2024-03-13 03:14:28,528 - ***** Epoch: 18: Eval results *****
2024-03-13 03:14:28,529 -   best_eval_score = 0.5233
2024-03-13 03:14:28,529 -   eval_score = 0.5175
2024-03-13 03:14:28,529 -   train_loss = 0.0655
2024-03-13 03:14:28,529 - EarlyStopping counter: 8 out of 8
2024-03-13 03:14:28,529 - EarlyStopping at epoch 18
2024-03-13 03:14:28,530 - Training is finished...
2024-03-13 03:14:28,530 - Testing begins...
2024-03-13 03:14:36,390 - ***** Test: Confusion Matrix *****
2024-03-13 03:14:36,393 - [[ 44   0  18   0   0   0   0   0   1   0   2   0   0   1   0   0   0   0
    0   0   0   0   0   1   0   0   0   1   0   0]
 [  0  55   0   0  11   1   5   0   2   0   2   0   3   0   4   0   0   7
    1   3   0   0   1   0   1   0   0   1   0   0]
 [ 10   0  41   0   1   0   0   0   0   0   1   0   0   3   1   0   0   2
    0   0   0   0   0   2   2   0   0   1   0   0]
 [  0   0   0  62   0   0   0   1   0   0   0   0   0   0   1   0   0   1
    0   0   0   0   0   0   0   0   0   0   0   0]
 [  0   4   0   0  33   0   0   0   1   0   0   0   0   0   0   0   0   3
    0   1   0   3   0   2   1   1   0   0   0   2]
 [  0   1   0   0   2  22   0   0   0   1   2   0   0   0   1   0   0   4
    0   1   0   0   0   1   0   1   1   0   0   0]
 [  0   1   0   0   0   3  26   6   0   1   2   0   9   0   0   0   0   0
    0   0   0   0   0   0   0   0   0   0   0   0]
 [  0   2   0   0   0   0   4  22   1   0   8   0   6   0   0   0   2   0
    0   0   0   0   1   0   0   0   0   1   0   0]
 [  1   3   1   3   1   0   0   0  22   1   0   0   1   1   3   0   0   5
    0   0   0   0   4   0   2   0   0   1   0   0]
 [  0   1   0   0   1   0   0   0   1  50   1   5   9   2  13   0   0   7
    1   0   1   2   2   2   3   1   1   1   0   3]
 [  2   0   0   0   0   3   4   1   0   0  47   0  29   0   2   0   0   2
    0   2   0   0   0   0   1   0   0   0   0   0]
 [  0   0   0   0   0   0   0   0   0   4   0  19  10   0   1   0   0   3
    0   0   1   0   3   0   0   0   0   4   0   2]
 [  0   2   0   0   0   0   4  10   0   2  19   0  90   1   0   0   2   0
    0   1   2   0   1   0   0   0   0   1   0   0]
 [  0   0   2   0   1   0   0   0   1   1   0   0   0   3   4   1   0   2
    2   0   0   0   0   0   0   0   0   0   0   0]
 [  1   2   1   0   0   2   0   0   3   7   4   0   1   5 118   2   0  25
    4   0   3   0   7   0   4   0   0   3   0   1]
 [  0   0   0   0   1   0   0   0   0   3   0   0   0   0   2   8   0   3
    2   0   0   1   0   1   0   0   0   0   1   0]
 [  0   0   0   0   1   0   0   3   0   0   2   0   2   0   0   0  53   1
    3   0   0   0   0   0   1   0   0   0   0   0]
 [  0   3   1   0   8   3   0   0   1   8   2   0   1   2  23   3   1 122
    9   1   1   6   5   6   1   1   1   3   2   3]
 [  0   2   0   0   0   0   0   0   0   2   2   0   0   2   7   1   2   9
   23   1   7   0   0   0   1   0   0   1   0   0]
 [  0   5   0   0   0   0   2   0   0   0   1   0   0   0   0   0   0   1
    0   6   0   2   0   0   0   0   0   0   0   0]
 [  0   1   1   0   1   0   0   0   0   2   0   1   1   0   3   1   0   3
    5   0   5   0   0   1   1   0   0   3   0   0]
 [  5   1   2   0   0   0   0   0   0   2   0   0   0   0   0   0   4   1
    0   0   1  27   1   4   1   0   0   2   0   2]
 [  0   1   1   0   0   0   0   0   2   3   0   1   0   0   9   1   0   5
    0   0   1   1  79   0   1   3   7   2   0   0]
 [  0   3   1   0   1   1   0   0   0   1   0   0   0   0   1   0   0   7
    0   0   0   4   0  19   0   0   0   0   0   0]
 [  2   0   2   1   0   0   1   0   2   1   0   1   0   0   3   2   0   1
    0   0   0   0   1   1  87   0   0   7   1   0]
 [  0   1   1   0   1   0   0   0   0   0   0   0   0   0   0   0   0   1
    0   0   0   0   2   1   1  21   0   0   0   2]
 [  0   0   0   0   0   0   0   0   0   1   0   0   0   1   2   0   0   4
    0   0   0   1   2   0   0   0   4   0   2   0]
 [  0   2   0   0   0   0   0   0   2   5   2   6   4   0   2   0   0   2
    1   0   4   0   2   0   9   1   0  14   1   1]
 [  0   0   0   0   0   0   0   0   0   0   0   0   0   0   1   0   1   0
    0   0   0   0   0   0   0   0   0   0  56   0]
 [  0   1   0   0   0   0   0   0   2   1   1   1   0   0   0   0   0   4
    1   0   1   1   0   0   1   1   0   0   0   4]]
2024-03-13 03:14:36,393 - ***** Evaluation results *****
2024-03-13 03:14:36,393 -   acc = 0.5814
2024-03-13 03:14:36,393 -   f1 = 0.528
2024-03-13 03:14:36,393 -   prec = 0.5341
2024-03-13 03:14:36,393 -   rec = 0.5254
2024-03-13 03:14:36,393 - Testing is finished...
2024-03-13 03:14:36,394 - Multimodal intent recognition is finished...
2024-03-13 03:14:36,394 - Results are saved in results/misa_bert.csv
