2024-03-12 09:17:55,791 - ============================== Params ==============================
2024-03-12 09:17:55,791 - logger_name: misa_MIntRec2_multi-class_seed-3_2024-03-12-09-17-55
2024-03-12 09:17:55,791 - dataset: MIntRec2
2024-03-12 09:17:55,791 - data_mode: multi-class
2024-03-12 09:17:55,791 - method: misa
2024-03-12 09:17:55,791 - text_backbone: bert-base-uncased
2024-03-12 09:17:55,791 - text_backbone_path: /home/sharing/disk1/pretrained_embedding/bert/uncased_L-12_H-768_A-12/
2024-03-12 09:17:55,791 - seed: 3
2024-03-12 09:17:55,791 - num_workers: 8
2024-03-12 09:17:55,792 - gpu_id: 3
2024-03-12 09:17:55,792 - data_path: /home/sharing/disk2/sjh/intentDataset
2024-03-12 09:17:55,792 - train: True
2024-03-12 09:17:55,792 - tune: True
2024-03-12 09:17:55,792 - save_model: False
2024-03-12 09:17:55,792 - save_results: True
2024-03-12 09:17:55,792 - log_path: logs
2024-03-12 09:17:55,792 - cache_path: 
2024-03-12 09:17:55,792 - video_data_path: video_data
2024-03-12 09:17:55,792 - audio_data_path: audio_data
2024-03-12 09:17:55,792 - video_feats_path: video_feats.pkl
2024-03-12 09:17:55,792 - audio_feats_path: audio_feats.pkl
2024-03-12 09:17:55,792 - results_path: results
2024-03-12 09:17:55,792 - output_path: /home/sharing/disk2/sjh/Outputs/MIntRec2
2024-03-12 09:17:55,792 - model_path: models
2024-03-12 09:17:55,792 - config_file_name: misa_bert_MIntRec2
2024-03-12 09:17:55,792 - results_file_name: misa_bert.csv
2024-03-12 09:17:55,792 - padding_mode: zero
2024-03-12 09:17:55,792 - padding_loc: end
2024-03-12 09:17:55,792 - need_aligned: False
2024-03-12 09:17:55,792 - eval_monitor: f1
2024-03-12 09:17:55,792 - train_batch_size: 16
2024-03-12 09:17:55,792 - eval_batch_size: 8
2024-03-12 09:17:55,792 - test_batch_size: 8
2024-03-12 09:17:55,792 - wait_patience: 8
2024-03-12 09:17:55,792 - num_train_epochs: 100
2024-03-12 09:17:55,792 - rnncell: lstm
2024-03-12 09:17:55,792 - use_cmd_sim: False
2024-03-12 09:17:55,792 - reverse_grad_weight: 0.1
2024-03-12 09:17:55,793 - hidden_size: 256
2024-03-12 09:17:55,793 - dropout_rate: 0.4
2024-03-12 09:17:55,793 - diff_weight: 0.5
2024-03-12 09:17:55,793 - sim_weight: 0.4
2024-03-12 09:17:55,793 - recon_weight: 0.6
2024-03-12 09:17:55,793 - lr: 1e-05
2024-03-12 09:17:55,793 - grad_clip: -1.0
2024-03-12 09:17:55,793 - gamma: 0.5
2024-03-12 09:17:55,793 - pred_output_path: /home/sharing/disk2/sjh/Outputs/MIntRec2/misa_MIntRec2_multi-class_seed-3_2024-03-12-09-17-55
2024-03-12 09:17:55,793 - model_output_path: /home/sharing/disk2/sjh/Outputs/MIntRec2/misa_MIntRec2_multi-class_seed-3_2024-03-12-09-17-55/models
2024-03-12 09:17:55,793 - ============================== End Params ==============================
2024-03-12 09:17:55,928 - Generate Text Features Begin...
2024-03-12 09:17:57,778 - Generate Text Features Finished...
2024-03-12 09:17:57,780 - Load Video Features Begin...
2024-03-12 09:19:38,788 - Load Video Features Finished...
2024-03-12 09:19:40,748 - Load Audio Features Begin...
2024-03-12 09:21:23,004 - Load Audio Features Finished...
2024-03-12 09:21:35,479 - method  begins...
2024-03-12 09:21:44,070 - Multimodal intent recognition begins...
2024-03-12 09:21:44,070 - Training begins...
2024-03-12 09:22:32,493 - ***** Epoch: 1: Eval results *****
2024-03-12 09:22:32,494 -   best_eval_score = 0.0
2024-03-12 09:22:32,494 -   eval_score = 0.222
2024-03-12 09:22:32,494 -   train_loss = 3.666
2024-03-12 09:23:20,231 - ***** Epoch: 2: Eval results *****
2024-03-12 09:23:20,232 -   best_eval_score = 0.222
2024-03-12 09:23:20,232 -   eval_score = 0.3565
2024-03-12 09:23:20,232 -   train_loss = 2.4953
2024-03-12 09:24:07,602 - ***** Epoch: 3: Eval results *****
2024-03-12 09:24:07,602 -   best_eval_score = 0.3565
2024-03-12 09:24:07,602 -   eval_score = 0.4253
2024-03-12 09:24:07,602 -   train_loss = 1.879
2024-03-12 09:24:55,806 - ***** Epoch: 4: Eval results *****
2024-03-12 09:24:55,807 -   best_eval_score = 0.4253
2024-03-12 09:24:55,807 -   eval_score = 0.4435
2024-03-12 09:24:55,807 -   train_loss = 1.4562
2024-03-12 09:25:44,384 - ***** Epoch: 5: Eval results *****
2024-03-12 09:25:44,385 -   best_eval_score = 0.4435
2024-03-12 09:25:44,385 -   eval_score = 0.4744
2024-03-12 09:25:44,385 -   train_loss = 1.1227
2024-03-12 09:26:33,692 - ***** Epoch: 6: Eval results *****
2024-03-12 09:26:33,692 -   best_eval_score = 0.4744
2024-03-12 09:26:33,693 -   eval_score = 0.4849
2024-03-12 09:26:33,693 -   train_loss = 0.8716
2024-03-12 09:27:24,159 - ***** Epoch: 7: Eval results *****
2024-03-12 09:27:24,159 -   best_eval_score = 0.4849
2024-03-12 09:27:24,159 -   eval_score = 0.4877
2024-03-12 09:27:24,159 -   train_loss = 0.6644
2024-03-12 09:28:12,885 - ***** Epoch: 8: Eval results *****
2024-03-12 09:28:12,885 -   best_eval_score = 0.4877
2024-03-12 09:28:12,885 -   eval_score = 0.4861
2024-03-12 09:28:12,885 -   train_loss = 0.514
2024-03-12 09:28:12,885 - EarlyStopping counter: 1 out of 8
2024-03-12 09:29:03,020 - ***** Epoch: 9: Eval results *****
2024-03-12 09:29:03,020 -   best_eval_score = 0.4877
2024-03-12 09:29:03,020 -   eval_score = 0.5061
2024-03-12 09:29:03,020 -   train_loss = 0.3871
2024-03-12 09:29:54,876 - ***** Epoch: 10: Eval results *****
2024-03-12 09:29:54,876 -   best_eval_score = 0.5061
2024-03-12 09:29:54,876 -   eval_score = 0.5125
2024-03-12 09:29:54,877 -   train_loss = 0.3365
2024-03-12 09:30:45,334 - ***** Epoch: 11: Eval results *****
2024-03-12 09:30:45,334 -   best_eval_score = 0.5125
2024-03-12 09:30:45,334 -   eval_score = 0.5096
2024-03-12 09:30:45,334 -   train_loss = 0.2976
2024-03-12 09:30:45,334 - EarlyStopping counter: 1 out of 8
2024-03-12 09:31:36,326 - ***** Epoch: 12: Eval results *****
2024-03-12 09:31:36,327 -   best_eval_score = 0.5125
2024-03-12 09:31:36,327 -   eval_score = 0.5197
2024-03-12 09:31:36,327 -   train_loss = 0.2647
2024-03-12 09:32:26,347 - ***** Epoch: 13: Eval results *****
2024-03-12 09:32:26,347 -   best_eval_score = 0.5197
2024-03-12 09:32:26,347 -   eval_score = 0.5264
2024-03-12 09:32:26,347 -   train_loss = 0.2521
