2024-03-12 20:25:09,481 - ============================== Params ==============================
2024-03-12 20:25:09,482 - logger_name: misa_MIntRec2_multi-class_seed-1_2024-03-12-20-25-09
2024-03-12 20:25:09,482 - dataset: MIntRec2
2024-03-12 20:25:09,482 - data_mode: multi-class
2024-03-12 20:25:09,482 - method: misa
2024-03-12 20:25:09,482 - text_backbone: bert-base-uncased
2024-03-12 20:25:09,482 - text_backbone_path: /home/sharing/disk1/pretrained_embedding/bert/uncased_L-12_H-768_A-12/
2024-03-12 20:25:09,482 - seed: 1
2024-03-12 20:25:09,482 - num_workers: 8
2024-03-12 20:25:09,482 - gpu_id: 3
2024-03-12 20:25:09,482 - data_path: /home/sharing/disk2/sjh/intentDataset
2024-03-12 20:25:09,482 - train: True
2024-03-12 20:25:09,482 - tune: True
2024-03-12 20:25:09,482 - save_model: False
2024-03-12 20:25:09,482 - save_results: True
2024-03-12 20:25:09,482 - log_path: logs
2024-03-12 20:25:09,482 - cache_path: 
2024-03-12 20:25:09,482 - video_data_path: video_data
2024-03-12 20:25:09,482 - audio_data_path: audio_data
2024-03-12 20:25:09,482 - video_feats_path: video_feats.pkl
2024-03-12 20:25:09,482 - audio_feats_path: audio_feats.pkl
2024-03-12 20:25:09,482 - results_path: results
2024-03-12 20:25:09,482 - output_path: /home/sharing/disk2/sjh/Outputs/MIntRec2
2024-03-12 20:25:09,482 - model_path: models
2024-03-12 20:25:09,482 - config_file_name: misa_bert_MIntRec2
2024-03-12 20:25:09,482 - results_file_name: misa_bert.csv
2024-03-12 20:25:09,482 - padding_mode: zero
2024-03-12 20:25:09,482 - padding_loc: end
2024-03-12 20:25:09,482 - need_aligned: False
2024-03-12 20:25:09,482 - eval_monitor: f1
2024-03-12 20:25:09,482 - train_batch_size: 32
2024-03-12 20:25:09,482 - eval_batch_size: 16
2024-03-12 20:25:09,482 - test_batch_size: 16
2024-03-12 20:25:09,482 - wait_patience: 8
2024-03-12 20:25:09,482 - num_train_epochs: 100
2024-03-12 20:25:09,482 - rnncell: lstm
2024-03-12 20:25:09,482 - use_cmd_sim: False
2024-03-12 20:25:09,482 - reverse_grad_weight: 0.2
2024-03-12 20:25:09,482 - hidden_size: 256
2024-03-12 20:25:09,483 - dropout_rate: 0.3
2024-03-12 20:25:09,483 - diff_weight: 0.3
2024-03-12 20:25:09,483 - sim_weight: 0.1
2024-03-12 20:25:09,483 - recon_weight: 0.1
2024-03-12 20:25:09,483 - lr: 3e-05
2024-03-12 20:25:09,483 - grad_clip: -1.0
2024-03-12 20:25:09,483 - gamma: 0.5
2024-03-12 20:25:09,483 - pred_output_path: /home/sharing/disk2/sjh/Outputs/MIntRec2/misa_MIntRec2_multi-class_seed-1_2024-03-12-20-25-09
2024-03-12 20:25:09,483 - model_output_path: /home/sharing/disk2/sjh/Outputs/MIntRec2/misa_MIntRec2_multi-class_seed-1_2024-03-12-20-25-09/models
2024-03-12 20:25:09,483 - num_labels: 30
2024-03-12 20:25:09,483 - text_feat_dim: 768
2024-03-12 20:25:09,483 - video_feat_dim: 256
2024-03-12 20:25:09,483 - audio_feat_dim: 768
2024-03-12 20:25:09,483 - text_seq_len: 50
2024-03-12 20:25:09,483 - video_seq_len: 180
2024-03-12 20:25:09,483 - audio_seq_len: 400
2024-03-12 20:25:09,483 - device: cuda:3
2024-03-12 20:25:09,483 - ============================== End Params ==============================
2024-03-12 20:25:09,561 - Generate Text Features Begin...
2024-03-12 20:25:11,547 - Generate Text Features Finished...
2024-03-12 20:25:11,548 - Load Video Features Begin...
2024-03-12 20:25:16,002 - Load Video Features Finished...
2024-03-12 20:25:17,599 - Load Audio Features Begin...
2024-03-12 20:25:42,681 - Load Audio Features Finished...
2024-03-12 20:25:55,690 - method  begins...
2024-03-12 20:25:57,659 - Multimodal intent recognition begins...
2024-03-12 20:25:57,659 - Training begins...
2024-03-12 20:26:37,250 - ***** Epoch: 1: Eval results *****
2024-03-12 20:26:37,250 -   best_eval_score = 0.0
2024-03-12 20:26:37,250 -   eval_score = 0.3277
2024-03-12 20:26:37,250 -   train_loss = 2.7382
2024-03-12 20:27:15,767 - ***** Epoch: 2: Eval results *****
2024-03-12 20:27:15,767 -   best_eval_score = 0.3277
2024-03-12 20:27:15,767 -   eval_score = 0.4317
2024-03-12 20:27:15,768 -   train_loss = 1.6322
2024-03-12 20:27:55,142 - ***** Epoch: 3: Eval results *****
2024-03-12 20:27:55,142 -   best_eval_score = 0.4317
2024-03-12 20:27:55,142 -   eval_score = 0.4709
2024-03-12 20:27:55,142 -   train_loss = 1.1061
2024-03-12 20:28:34,936 - ***** Epoch: 4: Eval results *****
2024-03-12 20:28:34,936 -   best_eval_score = 0.4709
2024-03-12 20:28:34,936 -   eval_score = 0.4845
2024-03-12 20:28:34,937 -   train_loss = 0.7126
2024-03-12 20:29:13,486 - ***** Epoch: 5: Eval results *****
2024-03-12 20:29:13,487 -   best_eval_score = 0.4845
2024-03-12 20:29:13,487 -   eval_score = 0.4959
2024-03-12 20:29:13,487 -   train_loss = 0.4561
2024-03-12 20:29:53,038 - ***** Epoch: 6: Eval results *****
2024-03-12 20:29:53,039 -   best_eval_score = 0.4959
2024-03-12 20:29:53,039 -   eval_score = 0.5015
2024-03-12 20:29:53,039 -   train_loss = 0.2891
2024-03-12 20:30:32,977 - ***** Epoch: 7: Eval results *****
2024-03-12 20:30:32,977 -   best_eval_score = 0.5015
2024-03-12 20:30:32,977 -   eval_score = 0.4956
2024-03-12 20:30:32,978 -   train_loss = 0.2218
2024-03-12 20:30:32,978 - EarlyStopping counter: 1 out of 8
2024-03-12 20:31:12,143 - ***** Epoch: 8: Eval results *****
2024-03-12 20:31:12,144 -   best_eval_score = 0.5015
2024-03-12 20:31:12,144 -   eval_score = 0.5015
2024-03-12 20:31:12,144 -   train_loss = 0.1435
2024-03-12 20:31:51,538 - ***** Epoch: 9: Eval results *****
2024-03-12 20:31:51,539 -   best_eval_score = 0.5015
2024-03-12 20:31:51,539 -   eval_score = 0.5137
2024-03-12 20:31:51,539 -   train_loss = 0.1072
2024-03-12 20:32:30,003 - ***** Epoch: 10: Eval results *****
2024-03-12 20:32:30,003 -   best_eval_score = 0.5137
2024-03-12 20:32:30,003 -   eval_score = 0.5128
2024-03-12 20:32:30,003 -   train_loss = 0.0997
2024-03-12 20:32:30,003 - EarlyStopping counter: 1 out of 8
2024-03-12 20:33:09,381 - ***** Epoch: 11: Eval results *****
2024-03-12 20:33:09,381 -   best_eval_score = 0.5137
2024-03-12 20:33:09,381 -   eval_score = 0.5116
2024-03-12 20:33:09,381 -   train_loss = 0.0861
2024-03-12 20:33:09,381 - EarlyStopping counter: 2 out of 8
2024-03-12 20:33:48,222 - ***** Epoch: 12: Eval results *****
2024-03-12 20:33:48,222 -   best_eval_score = 0.5137
2024-03-12 20:33:48,222 -   eval_score = 0.511
2024-03-12 20:33:48,222 -   train_loss = 0.0806
2024-03-12 20:33:48,222 - EarlyStopping counter: 3 out of 8
2024-03-12 20:34:27,157 - ***** Epoch: 13: Eval results *****
2024-03-12 20:34:27,158 -   best_eval_score = 0.5137
2024-03-12 20:34:27,158 -   eval_score = 0.508
2024-03-12 20:34:27,158 -   train_loss = 0.076
2024-03-12 20:34:27,158 - EarlyStopping counter: 4 out of 8
2024-03-12 20:35:07,542 - ***** Epoch: 14: Eval results *****
2024-03-12 20:35:07,542 -   best_eval_score = 0.5137
2024-03-12 20:35:07,542 -   eval_score = 0.5118
2024-03-12 20:35:07,542 -   train_loss = 0.0748
2024-03-12 20:35:07,542 - EarlyStopping counter: 5 out of 8
2024-03-12 20:35:46,353 - ***** Epoch: 15: Eval results *****
2024-03-12 20:35:46,353 -   best_eval_score = 0.5137
2024-03-12 20:35:46,354 -   eval_score = 0.5119
2024-03-12 20:35:46,354 -   train_loss = 0.0736
2024-03-12 20:35:46,354 - EarlyStopping counter: 6 out of 8
2024-03-12 20:36:26,903 - ***** Epoch: 16: Eval results *****
2024-03-12 20:36:26,904 -   best_eval_score = 0.5137
2024-03-12 20:36:26,904 -   eval_score = 0.513
2024-03-12 20:36:26,904 -   train_loss = 0.0749
2024-03-12 20:36:26,904 - EarlyStopping counter: 7 out of 8
2024-03-12 20:37:07,435 - ***** Epoch: 17: Eval results *****
2024-03-12 20:37:07,435 -   best_eval_score = 0.5137
2024-03-12 20:37:07,436 -   eval_score = 0.5134
2024-03-12 20:37:07,436 -   train_loss = 0.074
2024-03-12 20:37:07,436 - EarlyStopping counter: 8 out of 8
2024-03-12 20:37:07,436 - EarlyStopping at epoch 17
2024-03-12 20:37:07,440 - Training is finished...
2024-03-12 20:37:07,442 - Testing begins...
2024-03-12 20:37:14,836 - ***** Test: Confusion Matrix *****
2024-03-12 20:37:14,838 - [[ 43   0  17   0   0   0   0   0   0   0   2   0   0   0   0   1   0   1
    0   0   0   2   0   0   2   0   0   0   0   0]
 [  0  52   0   0   9   2   4   0   1   0   3   0   3   0   6   0   0   7
    1   0   0   0   1   0   1   0   0   7   0   0]
 [  6   1  45   0   0   0   0   0   1   0   1   0   0   1   1   1   0   2
    0   0   0   1   0   1   2   0   0   1   0   0]
 [  0   0   0  61   0   0   0   1   0   0   0   0   0   0   2   0   0   0
    1   0   0   0   0   0   0   0   0   0   0   0]
 [  0   6   0   0  32   0   0   0   1   0   0   1   0   0   0   0   0   3
    0   0   0   2   0   2   1   1   0   0   1   1]
 [  0   0   0   0   1  25   0   0   0   2   1   0   1   0   1   0   0   4
    0   0   0   0   0   0   0   0   1   0   0   1]
 [  0   1   0   0   0   3  27   4   0   1   2   0   8   0   0   2   0   0
    0   0   0   0   0   0   0   0   0   0   0   0]
 [  0   0   0   0   0   0   4  23   0   2  10   0   4   0   0   0   2   0
    0   0   0   0   1   0   0   0   0   1   0   0]
 [  0   2   2   3   1   1   0   0  23   1   0   1   1   2   7   0   0   2
    0   0   0   0   1   0   2   0   0   0   0   0]
 [  0   2   1   0   1   0   1   0   1  50   0   7   8   0  14   0   0   7
    1   0   0   3   1   1   1   0   2   3   0   3]
 [  2   0   0   0   0   3   3   1   0   1  47   0  31   0   1   0   0   1
    0   1   0   0   0   1   0   0   0   1   0   0]
 [  0   0   0   0   0   0   1   1   1   7   0  18   8   0   1   0   0   0
    1   0   1   0   1   0   0   0   1   5   0   1]
 [  0   0   0   1   0   1   4   5   0   4  21   1  92   1   0   0   2   0
    0   0   1   0   1   0   0   0   0   1   0   0]
 [  0   0   2   0   1   0   0   0   0   2   0   0   0   2   4   2   0   0
    3   0   1   0   0   0   0   0   0   0   0   0]
 [  0   2   0   1   0   1   1   0   3   5   2   1   2   5 123   5   0  22
    4   1   0   0   6   1   3   0   0   5   0   0]
 [  0   0   1   0   0   0   0   0   0   3   0   0   0   1   2   3   0   4
    3   0   1   1   1   0   0   0   0   1   1   0]
 [  0   0   0   0   1   0   1   1   0   0   1   0   2   0   0   0  53   0
    5   0   0   1   0   0   1   0   0   0   0   0]
 [  0   2   1   0  10   3   0   0   2  11   0   2   1   4  26   4   1 111
    9   1   3   7   5   7   1   0   1   2   1   2]
 [  0   2   0   0   0   0   0   0   0   3   2   0   0   4   9   0   2   7
   27   0   3   0   0   0   0   0   0   1   0   0]
 [  0   7   0   0   0   1   2   0   0   0   0   0   1   0   0   0   0   0
    0   4   0   2   0   0   0   0   0   0   0   0]
 [  0   1   1   0   1   0   0   0   0   1   1   1   0   0   5   1   0   3
    6   0   3   0   0   1   0   0   0   4   0   0]
 [  6   1   0   0   0   0   0   0   0   2   0   0   0   0   2   0   4   0
    0   1   1  26   0   4   1   0   2   1   0   2]
 [  0   0   1   1   0   0   0   0   1   4   0   3   0   4  12   0   0   4
    0   0   0   0  72   0   1   1  11   2   0   0]
 [  0   3   1   0   1   0   0   0   0   2   0   0   0   0   0   0   0   8
    0   0   0   3   0  20   0   0   0   0   0   0]
 [  1   0   3   0   0   0   0   0   2   2   1   2   0   0   2   3   0   1
    1   0   0   1   1   1  81   0   0  10   1   0]
 [  1   2   0   0   1   0   0   0   0   0   0   3   0   0   0   1   0   0
    0   0   1   0   2   1   1  15   2   0   0   1]
 [  0   0   0   2   0   0   0   0   0   1   0   0   0   1   2   0   0   2
    0   0   0   0   2   0   0   0   5   0   2   0]
 [  1   2   0   0   0   0   0   0   3   6   2   4   3   0   5   1   0   1
    1   0   4   0   1   0   5   1   1  13   1   3]
 [  0   0   0   0   0   0   0   0   0   0   0   0   0   0   1   0   1   0
    0   0   0   0   0   0   0   0   0   0  56   0]
 [  0   2   0   0   0   0   0   0   1   1   1   1   0   0   0   0   0   5
    1   0   0   0   0   0   0   1   0   1   0   5]]
2024-03-12 20:37:14,839 - ***** Evaluation results *****
2024-03-12 20:37:14,839 -   acc = 0.5691
2024-03-12 20:37:14,839 -   f1 = 0.5116
2024-03-12 20:37:14,839 -   prec = 0.5254
2024-03-12 20:37:14,839 -   rec = 0.5082
2024-03-12 20:37:14,839 - Testing is finished...
2024-03-12 20:37:14,839 - Multimodal intent recognition is finished...
2024-03-12 20:37:14,839 - Results are saved in results/misa_bert.csv
