2024-01-04 09:13:05,046 - ============================== Params ==============================
2024-01-04 09:13:05,046 - logger_name: msz_MIntRec_multi-class_seed-0_2024-01-04-09-13-05
2024-01-04 09:13:05,046 - dataset: MIntRec
2024-01-04 09:13:05,046 - data_mode: multi-class
2024-01-04 09:13:05,046 - method: msz
2024-01-04 09:13:05,046 - text_backbone: bert-base-uncased
2024-01-04 09:13:05,046 - text_backbone_path: /home/sharing/disk1/pretrained_embedding/bert/uncased_L-12_H-768_A-12/
2024-01-04 09:13:05,046 - seed: 0
2024-01-04 09:13:05,046 - num_workers: 8
2024-01-04 09:13:05,046 - gpu_id: 1
2024-01-04 09:13:05,046 - data_path: /home/sharing/disk2/sjh/intentDataset
2024-01-04 09:13:05,046 - train: True
2024-01-04 09:13:05,046 - tune: False
2024-01-04 09:13:05,046 - save_model: False
2024-01-04 09:13:05,046 - save_results: True
2024-01-04 09:13:05,046 - log_path: logs
2024-01-04 09:13:05,046 - cache_path: 
2024-01-04 09:13:05,046 - video_data_path: video_data
2024-01-04 09:13:05,046 - audio_data_path: audio_data
2024-01-04 09:13:05,046 - video_feats_path: video_feats.pkl
2024-01-04 09:13:05,046 - audio_feats_path: audio_feats.pkl
2024-01-04 09:13:05,046 - results_path: results
2024-01-04 09:13:05,046 - output_path: /home/sujianhua/Outputs/MIntRec
2024-01-04 09:13:05,046 - model_path: models
2024-01-04 09:13:05,047 - config_file_name: msz
2024-01-04 09:13:05,047 - results_file_name: msz.csv
2024-01-04 09:13:05,047 - padding_mode: zero
2024-01-04 09:13:05,047 - padding_loc: end
2024-01-04 09:13:05,047 - need_aligned: False
2024-01-04 09:13:05,047 - eval_monitor: f1
2024-01-04 09:13:05,047 - train_batch_size: 16
2024-01-04 09:13:05,047 - eval_batch_size: 8
2024-01-04 09:13:05,047 - test_batch_size: 8
2024-01-04 09:13:05,047 - wait_patience: 8
2024-01-04 09:13:05,047 - nheads: 2
2024-01-04 09:13:05,047 - encoder_layers: 2
2024-01-04 09:13:05,047 - attn_dropout: 0.1
2024-01-04 09:13:05,047 - relu_dropout: 0.1
2024-01-04 09:13:05,047 - embed_dropout: 0.1
2024-01-04 09:13:05,047 - res_dropout: 0.1
2024-01-04 09:13:05,047 - attn_mask: False
2024-01-04 09:13:05,047 - hidden_size: 768
2024-01-04 09:13:05,047 - num_attention_heads: 12
2024-01-04 09:13:05,047 - attention_probs_dropout_prob: 0.2
2024-01-04 09:13:05,047 - hidden_dropout_prob: 0.2
2024-01-04 09:13:05,047 - intermediate_size: 768
2024-01-04 09:13:05,047 - num_hidden_layers: 3
2024-01-04 09:13:05,047 - max_position_embeddings: 512
2024-01-04 09:13:05,047 - position_embedding_type: absolute
2024-01-04 09:13:05,047 - batch_first: True
2024-01-04 09:13:05,047 - hidden_dims: 768
2024-01-04 09:13:05,047 - att_dropouts: [0.2, 0.2, 0.2]
2024-01-04 09:13:05,047 - spe_dropouts: [0.1, 0.1, 0.1]
2024-01-04 09:13:05,047 - ta_loss: 0.1
2024-01-04 09:13:05,047 - tv_loss: 0.1
2024-01-04 09:13:05,047 - av_loss: 0.1
2024-01-04 09:13:05,047 - aligned_method: conv1d
2024-01-04 09:13:05,047 - grad_clip: -1
2024-01-04 09:13:05,047 - num_train_epochs: 100
2024-01-04 09:13:05,047 - warmup_proportion: 0.1
2024-01-04 09:13:05,047 - lr: 1e-06
2024-01-04 09:13:05,047 - weight_decay: 0.01
2024-01-04 09:13:05,047 - pred_output_path: /home/sujianhua/Outputs/MIntRec/msz_MIntRec_multi-class_seed-0_2024-01-04-09-13-05
2024-01-04 09:13:05,048 - model_output_path: /home/sujianhua/Outputs/MIntRec/msz_MIntRec_multi-class_seed-0_2024-01-04-09-13-05/models
2024-01-04 09:13:05,048 - ============================== End Params ==============================
2024-01-04 09:13:05,050 - Generate Text Features Begin...
2024-01-04 09:13:05,544 - Generate Text Features Finished...
2024-01-04 09:13:05,545 - Load Video Features Begin...
2024-01-04 09:13:23,902 - Load Video Features Finished...
2024-01-04 09:13:24,512 - Load Audio Features Begin...
2024-01-04 09:20:52,015 - Load Audio Features Finished...
2024-01-04 09:20:55,883 - method  begins...
2024-01-04 09:21:00,403 - Multimodal intent recognition begins...
2024-01-04 09:21:00,404 - Training begins...
