2023-12-25 13:41:27,477 - ============================== Params ==============================
2023-12-25 13:41:27,477 - logger_name: msz_MIntRec_multi-class_seed-8_2023-12-25-13-41-27
2023-12-25 13:41:27,477 - dataset: MIntRec
2023-12-25 13:41:27,477 - data_mode: multi-class
2023-12-25 13:41:27,477 - method: msz
2023-12-25 13:41:27,477 - text_backbone: bert-base-uncased
2023-12-25 13:41:27,478 - text_backbone_path: /home/sharing/disk1/pretrained_embedding/bert/uncased_L-12_H-768_A-12/
2023-12-25 13:41:27,478 - seed: 8
2023-12-25 13:41:27,478 - num_workers: 8
2023-12-25 13:41:27,478 - gpu_id: 0
2023-12-25 13:41:27,478 - data_path: /home/sharing/disk2/sjh/intentDataset
2023-12-25 13:41:27,478 - train: True
2023-12-25 13:41:27,478 - tune: False
2023-12-25 13:41:27,478 - save_model: False
2023-12-25 13:41:27,478 - save_results: True
2023-12-25 13:41:27,478 - log_path: logs
2023-12-25 13:41:27,478 - cache_path: 
2023-12-25 13:41:27,478 - video_data_path: video_data
2023-12-25 13:41:27,478 - audio_data_path: audio_data
2023-12-25 13:41:27,478 - video_feats_path: video_feats.pkl
2023-12-25 13:41:27,478 - audio_feats_path: audio_feats.pkl
2023-12-25 13:41:27,478 - results_path: results
2023-12-25 13:41:27,478 - output_path: /home/sujianhua/Outputs/MIntRec
2023-12-25 13:41:27,478 - model_path: models
2023-12-25 13:41:27,478 - config_file_name: msz
2023-12-25 13:41:27,478 - results_file_name: msz.csv
2023-12-25 13:41:27,478 - padding_mode: zero
2023-12-25 13:41:27,478 - padding_loc: end
2023-12-25 13:41:27,478 - need_aligned: False
2023-12-25 13:41:27,478 - eval_monitor: f1
2023-12-25 13:41:27,478 - train_batch_size: 16
2023-12-25 13:41:27,478 - eval_batch_size: 8
2023-12-25 13:41:27,478 - test_batch_size: 8
2023-12-25 13:41:27,478 - wait_patience: 8
2023-12-25 13:41:27,478 - nheads: 2
2023-12-25 13:41:27,478 - encoder_layers: 2
2023-12-25 13:41:27,478 - attn_dropout: 0.1
2023-12-25 13:41:27,478 - relu_dropout: 0.1
2023-12-25 13:41:27,478 - embed_dropout: 0.1
2023-12-25 13:41:27,478 - res_dropout: 0.1
2023-12-25 13:41:27,478 - attn_mask: False
2023-12-25 13:41:27,478 - hidden_size: 768
2023-12-25 13:41:27,478 - num_attention_heads: 12
2023-12-25 13:41:27,478 - attention_probs_dropout_prob: 0.2
2023-12-25 13:41:27,478 - hidden_dropout_prob: 0.2
2023-12-25 13:41:27,478 - intermediate_size: 768
2023-12-25 13:41:27,478 - num_hidden_layers: 3
2023-12-25 13:41:27,478 - max_position_embeddings: 512
2023-12-25 13:41:27,478 - position_embedding_type: absolute
2023-12-25 13:41:27,478 - add_cross_attention: False
2023-12-25 13:41:27,478 - batch_first: True
2023-12-25 13:41:27,479 - hidden_dims: 768
2023-12-25 13:41:27,479 - att_dropouts: [0.1, 0.1, 0.1]
2023-12-25 13:41:27,479 - spe_dropouts: [0.1, 0.1, 0.1]
2023-12-25 13:41:27,479 - sl: 0.1
2023-12-25 13:41:27,479 - cl: 0.1
2023-12-25 13:41:27,479 - num_train_epochs: 100
2023-12-25 13:41:27,479 - warmup_proportion: 0.1
2023-12-25 13:41:27,479 - lr: 5e-06
2023-12-25 13:41:27,479 - weight_decay: 0.01
2023-12-25 13:41:27,479 - pred_output_path: /home/sujianhua/Outputs/MIntRec/msz_MIntRec_multi-class_seed-8_2023-12-25-13-41-27
2023-12-25 13:41:27,479 - model_output_path: /home/sujianhua/Outputs/MIntRec/msz_MIntRec_multi-class_seed-8_2023-12-25-13-41-27/models
2023-12-25 13:41:27,479 - ============================== End Params ==============================
2023-12-25 13:41:27,691 - Generate Text Features Begin...
2023-12-25 13:41:28,398 - Generate Text Features Finished...
2023-12-25 13:41:28,400 - Load Video Features Begin...
2023-12-25 13:41:42,450 - Load Video Features Finished...
2023-12-25 13:41:43,064 - Load Audio Features Begin...
2023-12-25 13:42:03,847 - Load Audio Features Finished...
2023-12-25 13:42:08,542 - method  begins...
2023-12-25 13:42:15,883 - Multimodal intent recognition begins...
2023-12-25 13:42:15,883 - Training begins...
2023-12-25 13:42:38,580 - ***** Epoch: 1: Eval results *****
2023-12-25 13:42:38,582 -   train_loss = 2.8988
2023-12-25 13:42:38,582 -   best_eval_score = 0.0
2023-12-25 13:42:38,582 -   eval_score = 0.0454
2023-12-25 13:42:59,557 - ***** Epoch: 2: Eval results *****
2023-12-25 13:42:59,558 -   train_loss = 2.4838
2023-12-25 13:42:59,558 -   best_eval_score = 0.0454
2023-12-25 13:42:59,558 -   eval_score = 0.2045
2023-12-25 13:43:23,222 - ***** Epoch: 3: Eval results *****
2023-12-25 13:43:23,223 -   train_loss = 1.8373
2023-12-25 13:43:23,223 -   best_eval_score = 0.2045
2023-12-25 13:43:23,223 -   eval_score = 0.426
2023-12-25 13:43:45,098 - ***** Epoch: 4: Eval results *****
2023-12-25 13:43:45,098 -   train_loss = 1.3853
2023-12-25 13:43:45,098 -   best_eval_score = 0.426
2023-12-25 13:43:45,098 -   eval_score = 0.3946
2023-12-25 13:43:45,098 - EarlyStopping counter: 1 out of 8
2023-12-25 13:44:05,492 - ***** Epoch: 5: Eval results *****
2023-12-25 13:44:05,492 -   train_loss = 1.1913
2023-12-25 13:44:05,492 -   best_eval_score = 0.426
2023-12-25 13:44:05,493 -   eval_score = 0.4732
2023-12-25 13:44:26,916 - ***** Epoch: 6: Eval results *****
2023-12-25 13:44:26,916 -   train_loss = 0.8785
2023-12-25 13:44:26,916 -   best_eval_score = 0.4732
2023-12-25 13:44:26,916 -   eval_score = 0.5287
2023-12-25 13:44:48,895 - ***** Epoch: 7: Eval results *****
2023-12-25 13:44:48,895 -   train_loss = 0.74
2023-12-25 13:44:48,895 -   best_eval_score = 0.5287
2023-12-25 13:44:48,895 -   eval_score = 0.5424
2023-12-25 13:45:09,737 - ***** Epoch: 8: Eval results *****
2023-12-25 13:45:09,739 -   train_loss = 0.6983
2023-12-25 13:45:09,739 -   best_eval_score = 0.5424
2023-12-25 13:45:09,739 -   eval_score = 0.5537
2023-12-25 13:45:29,856 - ***** Epoch: 9: Eval results *****
2023-12-25 13:45:29,856 -   train_loss = 0.6292
2023-12-25 13:45:29,857 -   best_eval_score = 0.5537
2023-12-25 13:45:29,857 -   eval_score = 0.5356
2023-12-25 13:45:29,857 - EarlyStopping counter: 1 out of 8
2023-12-25 13:45:51,197 - ***** Epoch: 10: Eval results *****
2023-12-25 13:45:51,197 -   train_loss = 0.6143
2023-12-25 13:45:51,198 -   best_eval_score = 0.5537
2023-12-25 13:45:51,198 -   eval_score = 0.523
2023-12-25 13:45:51,198 - EarlyStopping counter: 2 out of 8
2023-12-25 13:46:13,363 - ***** Epoch: 11: Eval results *****
2023-12-25 13:46:13,364 -   train_loss = 0.9472
2023-12-25 13:46:13,364 -   best_eval_score = 0.5537
2023-12-25 13:46:13,364 -   eval_score = 0.4849
2023-12-25 13:46:13,364 - EarlyStopping counter: 3 out of 8
2023-12-25 13:46:33,078 - ***** Epoch: 12: Eval results *****
2023-12-25 13:46:33,078 -   train_loss = 1.1355
2023-12-25 13:46:33,078 -   best_eval_score = 0.5537
2023-12-25 13:46:33,078 -   eval_score = 0.5104
2023-12-25 13:46:33,078 - EarlyStopping counter: 4 out of 8
2023-12-25 13:46:53,085 - ***** Epoch: 13: Eval results *****
2023-12-25 13:46:53,085 -   train_loss = 1.2602
2023-12-25 13:46:53,085 -   best_eval_score = 0.5537
2023-12-25 13:46:53,086 -   eval_score = 0.4881
2023-12-25 13:46:53,086 - EarlyStopping counter: 5 out of 8
2023-12-25 13:47:14,087 - ***** Epoch: 14: Eval results *****
2023-12-25 13:47:14,087 -   train_loss = 0.9894
2023-12-25 13:47:14,087 -   best_eval_score = 0.5537
2023-12-25 13:47:14,087 -   eval_score = 0.4966
2023-12-25 13:47:14,087 - EarlyStopping counter: 6 out of 8
2023-12-25 13:47:34,728 - ***** Epoch: 15: Eval results *****
2023-12-25 13:47:34,728 -   train_loss = 1.1317
2023-12-25 13:47:34,728 -   best_eval_score = 0.5537
2023-12-25 13:47:34,728 -   eval_score = 0.4397
2023-12-25 13:47:34,728 - EarlyStopping counter: 7 out of 8
2023-12-25 13:47:54,745 - ***** Epoch: 16: Eval results *****
2023-12-25 13:47:54,746 -   train_loss = 1.4523
2023-12-25 13:47:54,746 -   best_eval_score = 0.5537
2023-12-25 13:47:54,747 -   eval_score = 0.4212
2023-12-25 13:47:54,747 - EarlyStopping counter: 8 out of 8
2023-12-25 13:47:54,747 - EarlyStopping at epoch 16
2023-12-25 13:47:54,751 - Training is finished...
2023-12-25 13:47:54,751 - Testing begins...
2023-12-25 13:48:00,719 - ***** Test: Confusion Matrix *****
2023-12-25 13:48:00,724 - [[26  1  0  0 10  1  1  5  0  3  0  0  2  1  2  5  0  0  0  0]
 [ 0 34  0  1  0  0  0  0  1  0  1  0  0  0  5  1  0  0  0  0]
 [ 1  0 24  0  0  0  0  0  0  0  1  0  0  0  0  0  1  0  0  0]
 [ 0  0  0 25  0  0  0  0  0  0  0  0  0  0  0  0  0  0  0  0]
 [ 4  0  0  0 13  0  1  0  1  1  0  0  0  1  1  0  0  1  0  0]
 [ 0  0  0  0  0 10  0  0  0  0  0  0  0  0  2  0  0  0  0  0]
 [ 1  0  0  0  5  0  2  0  1  0  0  0  0  0  2  1  0  0  0  0]
 [ 3  0  0  0  0  0  0  4  1  2  0  0  0  0  0  0  0  0  0  0]
 [ 1  0  0  0  1  0  0  3  0  0  0  0  0  2  1  2  0  0  0  0]
 [ 1  0  0  0  0  0  1  0  0  3  0  0  0  0  1  3  0  1  0  0]
 [ 1  0  0  0  1  0  1  0  0  0 13  0  0  0  2  0  0  0  0  0]
 [ 0  0  0  0  3  0  0  0  1  0  0 14  0  0  0  0  0  0  0  1]
 [ 4  0  0  1  0  1  0  1  1  0  0  0 11  4 27  2  2  2  0  1]
 [ 0  0  0  0  1  0  0  0  0  0  1  1  0 19  2  1  0  0  0  0]
 [ 0  0  0  0  0  1  0  0  0  0  0  0  0  1 20  0  0  0  0  0]
 [ 0  0  0  1  1  0  0  1  0  0  0  0  3  0  5 10  0  0  0  0]
 [ 0  0  0  0  0  0  0  1  0  0  0  0  0  0  5  0 10  0  0  1]
 [ 0  0  0  0  1  0  0  0  0  1  0  0  1  0  1  0  0 11  0  0]
 [ 0  0  0  0  0  0  0  0  0  0  0  0  0  0  6  1  0  0  5  0]
 [ 0  0  0  0  0  0  0  0  0  0  0  1  0  1  5  0  0  0  0  3]]
2023-12-25 13:48:00,725 - ***** Evaluation results *****
2023-12-25 13:48:00,725 -   acc = 0.5775
2023-12-25 13:48:00,725 -   f1 = 0.5543
2023-12-25 13:48:00,725 -   prec = 0.606
2023-12-25 13:48:00,725 -   rec = 0.5618
2023-12-25 13:48:00,725 - Testing is finished...
2023-12-25 13:48:00,725 - Multimodal intent recognition is finished...
2023-12-25 13:48:00,725 - Results are saved in results/msz.csv
