2024-03-09 17:21:09,640 - ============================== Params ==============================
2024-03-09 17:21:09,640 - logger_name: msz_MIntRec_multi-class_seed-1_2024-03-09-17-21-09
2024-03-09 17:21:09,640 - dataset: MIntRec
2024-03-09 17:21:09,640 - data_mode: multi-class
2024-03-09 17:21:09,640 - method: msz
2024-03-09 17:21:09,640 - text_backbone: bert-base-uncased
2024-03-09 17:21:09,640 - text_backbone_path: /home/sharing/disk1/pretrained_embedding/bert/uncased_L-12_H-768_A-12/
2024-03-09 17:21:09,640 - seed: 1
2024-03-09 17:21:09,640 - num_workers: 8
2024-03-09 17:21:09,640 - gpu_id: 2
2024-03-09 17:21:09,640 - data_path: /home/sharing/disk2/sjh/intentDataset
2024-03-09 17:21:09,640 - train: True
2024-03-09 17:21:09,640 - tune: True
2024-03-09 17:21:09,640 - save_model: False
2024-03-09 17:21:09,640 - save_results: True
2024-03-09 17:21:09,640 - log_path: logs
2024-03-09 17:21:09,640 - cache_path: 
2024-03-09 17:21:09,640 - video_data_path: video_data
2024-03-09 17:21:09,640 - audio_data_path: audio_data
2024-03-09 17:21:09,640 - video_feats_path: video_feats.pkl
2024-03-09 17:21:09,640 - audio_feats_path: audio_feats.pkl
2024-03-09 17:21:09,640 - results_path: results
2024-03-09 17:21:09,640 - output_path: /home/sharing/disk2/sjh/Outputs/MIntRec
2024-03-09 17:21:09,640 - model_path: models
2024-03-09 17:21:09,640 - config_file_name: msz_MIntRec
2024-03-09 17:21:09,640 - results_file_name: msz.csv
2024-03-09 17:21:09,640 - padding_mode: zero
2024-03-09 17:21:09,640 - padding_loc: end
2024-03-09 17:21:09,640 - need_aligned: False
2024-03-09 17:21:09,640 - eval_monitor: f1
2024-03-09 17:21:09,640 - train_batch_size: 16
2024-03-09 17:21:09,640 - eval_batch_size: 8
2024-03-09 17:21:09,640 - test_batch_size: 8
2024-03-09 17:21:09,640 - wait_patience: 8
2024-03-09 17:21:09,640 - hidden_dims: 768
2024-03-09 17:21:09,640 - intermediate_size: 768
2024-03-09 17:21:09,640 - position_embedding_type: absolute
2024-03-09 17:21:09,641 - batch_first: True
2024-03-09 17:21:09,641 - d_num_attention_heads: 8
2024-03-09 17:21:09,641 - d_attention_probs_dropout_prob: 0.2
2024-03-09 17:21:09,641 - d_hidden_dropout_prob: 0.2
2024-03-09 17:21:09,641 - d_num_hidden_layers: 10
2024-03-09 17:21:09,641 - d_max_position_embeddings: 768
2024-03-09 17:21:09,641 - m_num_attention_heads: 12
2024-03-09 17:21:09,641 - m_attention_probs_dropout_prob: 0.1
2024-03-09 17:21:09,641 - m_hidden_dropout_prob: 0.3
2024-03-09 17:21:09,641 - m_num_hidden_layers: 10
2024-03-09 17:21:09,641 - m_max_position_embeddings: 768
2024-03-09 17:21:09,641 - dropout: 0.2
2024-03-09 17:21:09,641 - aligned_method: conv1d
2024-03-09 17:21:09,641 - num_train_epochs: 100
2024-03-09 17:21:09,641 - lr: 5e-06
2024-03-09 17:21:09,641 - lr_mode: min
2024-03-09 17:21:09,641 - pred_output_path: /home/sharing/disk2/sjh/Outputs/MIntRec/msz_MIntRec_multi-class_seed-1_2024-03-09-17-21-09
2024-03-09 17:21:09,641 - model_output_path: /home/sharing/disk2/sjh/Outputs/MIntRec/msz_MIntRec_multi-class_seed-1_2024-03-09-17-21-09/models
2024-03-09 17:21:09,641 - num_labels: 20
2024-03-09 17:21:09,641 - text_feat_dim: 768
2024-03-09 17:21:09,641 - video_feat_dim: 256
2024-03-09 17:21:09,641 - audio_feat_dim: 768
2024-03-09 17:21:09,641 - text_seq_len: 30
2024-03-09 17:21:09,641 - video_seq_len: 230
2024-03-09 17:21:09,641 - audio_seq_len: 480
2024-03-09 17:21:09,641 - device: cuda:2
2024-03-09 17:21:09,641 - ============================== End Params ==============================
2024-03-09 17:21:09,643 - Generate Text Features Begin...
2024-03-09 17:21:10,017 - Generate Text Features Finished...
2024-03-09 17:21:10,017 - Load Video Features Begin...
2024-03-09 17:21:10,267 - Load Video Features Finished...
2024-03-09 17:21:10,733 - Load Audio Features Begin...
2024-03-09 17:21:11,550 - Load Audio Features Finished...
2024-03-09 17:21:13,866 - method  begins...
2024-03-09 17:21:15,843 - Multimodal intent recognition begins...
2024-03-09 17:21:15,843 - Training begins...
2024-03-09 17:21:38,594 - ***** Epoch: 1: Eval results *****
2024-03-09 17:21:38,594 -   train_loss = 2.7007
2024-03-09 17:21:38,594 -   best_eval_score = 0.0
2024-03-09 17:21:38,594 -   eval_score = 0.2006
2024-03-09 17:22:01,861 - ***** Epoch: 2: Eval results *****
2024-03-09 17:22:01,862 -   train_loss = 1.867
2024-03-09 17:22:01,862 -   best_eval_score = 0.2006
2024-03-09 17:22:01,862 -   eval_score = 0.4575
2024-03-09 17:22:25,544 - ***** Epoch: 3: Eval results *****
2024-03-09 17:22:25,545 -   train_loss = 1.2022
2024-03-09 17:22:25,545 -   best_eval_score = 0.4575
2024-03-09 17:22:25,545 -   eval_score = 0.5731
2024-03-09 17:22:49,559 - ***** Epoch: 4: Eval results *****
2024-03-09 17:22:49,559 -   train_loss = 0.7478
2024-03-09 17:22:49,559 -   best_eval_score = 0.5731
2024-03-09 17:22:49,559 -   eval_score = 0.6131
2024-03-09 17:23:12,885 - ***** Epoch: 5: Eval results *****
2024-03-09 17:23:12,885 -   train_loss = 0.4641
2024-03-09 17:23:12,885 -   best_eval_score = 0.6131
2024-03-09 17:23:12,885 -   eval_score = 0.6389
2024-03-09 17:23:35,608 - ***** Epoch: 6: Eval results *****
2024-03-09 17:23:35,608 -   train_loss = 0.2896
2024-03-09 17:23:35,608 -   best_eval_score = 0.6389
2024-03-09 17:23:35,608 -   eval_score = 0.6507
2024-03-09 17:23:58,325 - ***** Epoch: 7: Eval results *****
2024-03-09 17:23:58,325 -   train_loss = 0.1649
2024-03-09 17:23:58,325 -   best_eval_score = 0.6507
2024-03-09 17:23:58,325 -   eval_score = 0.6762
2024-03-09 17:24:22,433 - ***** Epoch: 8: Eval results *****
2024-03-09 17:24:22,434 -   train_loss = 0.1034
2024-03-09 17:24:22,434 -   best_eval_score = 0.6762
2024-03-09 17:24:22,434 -   eval_score = 0.6825
2024-03-09 17:24:45,854 - ***** Epoch: 9: Eval results *****
2024-03-09 17:24:45,854 -   train_loss = 0.0688
2024-03-09 17:24:45,854 -   best_eval_score = 0.6825
2024-03-09 17:24:45,854 -   eval_score = 0.681
2024-03-09 17:24:45,854 - EarlyStopping counter: 1 out of 8
2024-03-09 17:25:09,211 - ***** Epoch: 10: Eval results *****
2024-03-09 17:25:09,211 -   train_loss = 0.0429
2024-03-09 17:25:09,211 -   best_eval_score = 0.6825
2024-03-09 17:25:09,211 -   eval_score = 0.6757
2024-03-09 17:25:09,211 - EarlyStopping counter: 2 out of 8
2024-03-09 17:25:32,424 - ***** Epoch: 11: Eval results *****
2024-03-09 17:25:32,425 -   train_loss = 0.0342
2024-03-09 17:25:32,425 -   best_eval_score = 0.6825
2024-03-09 17:25:32,425 -   eval_score = 0.6831
2024-03-09 17:25:55,940 - ***** Epoch: 12: Eval results *****
2024-03-09 17:25:55,941 -   train_loss = 0.029
2024-03-09 17:25:55,941 -   best_eval_score = 0.6831
2024-03-09 17:25:55,941 -   eval_score = 0.6831
2024-03-09 17:25:55,941 - EarlyStopping counter: 1 out of 8
2024-03-09 17:26:19,436 - ***** Epoch: 13: Eval results *****
2024-03-09 17:26:19,436 -   train_loss = 0.0283
2024-03-09 17:26:19,436 -   best_eval_score = 0.6831
2024-03-09 17:26:19,436 -   eval_score = 0.6841
2024-03-09 17:26:42,676 - ***** Epoch: 14: Eval results *****
2024-03-09 17:26:42,676 -   train_loss = 0.0277
2024-03-09 17:26:42,677 -   best_eval_score = 0.6841
2024-03-09 17:26:42,677 -   eval_score = 0.6852
2024-03-09 17:27:06,022 - ***** Epoch: 15: Eval results *****
2024-03-09 17:27:06,023 -   train_loss = 0.0262
2024-03-09 17:27:06,023 -   best_eval_score = 0.6852
2024-03-09 17:27:06,023 -   eval_score = 0.688
2024-03-09 17:27:30,046 - ***** Epoch: 16: Eval results *****
2024-03-09 17:27:30,046 -   train_loss = 0.0253
2024-03-09 17:27:30,047 -   best_eval_score = 0.688
2024-03-09 17:27:30,047 -   eval_score = 0.6922
2024-03-09 17:27:53,277 - ***** Epoch: 17: Eval results *****
2024-03-09 17:27:53,277 -   train_loss = 0.0241
2024-03-09 17:27:53,277 -   best_eval_score = 0.6922
2024-03-09 17:27:53,277 -   eval_score = 0.6891
2024-03-09 17:27:53,277 - EarlyStopping counter: 1 out of 8
2024-03-09 17:28:17,073 - ***** Epoch: 18: Eval results *****
2024-03-09 17:28:17,073 -   train_loss = 0.0232
2024-03-09 17:28:17,073 -   best_eval_score = 0.6922
2024-03-09 17:28:17,073 -   eval_score = 0.6859
2024-03-09 17:28:17,073 - EarlyStopping counter: 2 out of 8
2024-03-09 17:28:40,009 - ***** Epoch: 19: Eval results *****
2024-03-09 17:28:40,009 -   train_loss = 0.0217
2024-03-09 17:28:40,009 -   best_eval_score = 0.6922
2024-03-09 17:28:40,009 -   eval_score = 0.6847
2024-03-09 17:28:40,010 - EarlyStopping counter: 3 out of 8
2024-03-09 17:29:03,237 - ***** Epoch: 20: Eval results *****
2024-03-09 17:29:03,237 -   train_loss = 0.0222
2024-03-09 17:29:03,237 -   best_eval_score = 0.6922
2024-03-09 17:29:03,237 -   eval_score = 0.6826
2024-03-09 17:29:03,237 - EarlyStopping counter: 4 out of 8
2024-03-09 17:29:26,179 - ***** Epoch: 21: Eval results *****
2024-03-09 17:29:26,179 -   train_loss = 0.0232
2024-03-09 17:29:26,179 -   best_eval_score = 0.6922
2024-03-09 17:29:26,179 -   eval_score = 0.6847
2024-03-09 17:29:26,179 - EarlyStopping counter: 5 out of 8
2024-03-09 17:29:49,416 - ***** Epoch: 22: Eval results *****
2024-03-09 17:29:49,416 -   train_loss = 0.022
2024-03-09 17:29:49,416 -   best_eval_score = 0.6922
2024-03-09 17:29:49,416 -   eval_score = 0.6881
2024-03-09 17:29:49,416 - EarlyStopping counter: 6 out of 8
2024-03-09 17:30:12,732 - ***** Epoch: 23: Eval results *****
2024-03-09 17:30:12,733 -   train_loss = 0.0224
2024-03-09 17:30:12,733 -   best_eval_score = 0.6922
2024-03-09 17:30:12,733 -   eval_score = 0.6881
2024-03-09 17:30:12,733 - EarlyStopping counter: 7 out of 8
2024-03-09 17:30:36,769 - ***** Epoch: 24: Eval results *****
2024-03-09 17:30:36,769 -   train_loss = 0.0231
2024-03-09 17:30:36,770 -   best_eval_score = 0.6922
2024-03-09 17:30:36,770 -   eval_score = 0.6878
2024-03-09 17:30:36,770 - EarlyStopping counter: 8 out of 8
2024-03-09 17:30:36,770 - EarlyStopping at epoch 24
2024-03-09 17:30:36,773 - Training is finished...
2024-03-09 17:30:36,774 - Testing begins...
2024-03-09 17:30:40,959 - ***** Test: Confusion Matrix *****
2024-03-09 17:30:40,960 - [[38  2  0  0  9  0  1  0  0  1  1  0  4  1  0  0  0  0  0  0]
 [ 0 35  0  1  0  3  0  0  0  0  1  0  2  1  0  0  0  0  0  0]
 [ 1  0 26  0  0  0  0  0  0  0  0  0  0  0  0  0  0  0  0  0]
 [ 0  1  0 24  0  0  0  0  0  0  0  0  0  0  0  0  0  0  0  0]
 [ 5  0  0  0 11  0  1  0  0  1  0  1  1  1  0  0  0  2  0  0]
 [ 0  0  0  0  0 11  0  0  0  0  0  0  1  0  0  0  0  0  0  0]
 [ 2  1  0  0  3  0  1  1  2  0  0  0  1  0  0  0  1  0  0  0]
 [ 3  0  0  0  0  0  0  5  1  1  0  0  0  0  0  0  0  0  0  0]
 [ 1  0  0  0  0  0  0  2  5  0  0  0  0  2  0  0  0  0  0  0]
 [ 1  0  0  0  0  0  1  0  0  4  1  0  0  0  0  2  0  1  0  0]
 [ 1  0  0  0  0  0  1  0  0  1 13  0  0  0  1  0  1  0  0  0]
 [ 0  0  0  0  0  0  1  0  0  0  0 17  0  0  0  0  0  0  0  1]
 [ 3  2  0  0  0  0  0  2  0  0  0  1 37  2  5  1  3  0  0  1]
 [ 0  1  0  0  0  0  2  0  0  0  1  1  0 18  2  0  0  0  0  0]
 [ 0  0  0  0  1  0  0  0  1  0  0  0  0  2 17  0  1  0  0  0]
 [ 0  0  0  0  0  0  0  1  0  0  0  0  5  0  0 14  0  0  0  1]
 [ 0  0  0  0  0  0  0  0  0  0  0  0  3  0  2  0 12  0  0  0]
 [ 0  0  0  0  0  0  0  0  0  1  1  0  2  0  0  0  0 11  0  0]
 [ 0  0  0  0  0  0  0  0  0  0  0  0  2  0  0  1  0  0  9  0]
 [ 0  0  0  0  0  0  0  0  0  0  0  0  0  1  2  0  1  0  0  6]]
2024-03-09 17:30:40,960 - ***** Evaluation results *****
2024-03-09 17:30:40,960 -   acc = 0.7056
2024-03-09 17:30:40,960 -   f1 = 0.6748
2024-03-09 17:30:40,960 -   prec = 0.6804
2024-03-09 17:30:40,960 -   rec = 0.6748
2024-03-09 17:30:40,960 - Testing is finished...
2024-03-09 17:30:40,960 - Multimodal intent recognition is finished...
2024-03-09 17:30:40,961 - Results are saved in results/msz.csv
