2024-03-05 14:09:07,125 - ============================== Params ==============================
2024-03-05 14:09:07,125 - logger_name: msz_MIntRec2_multi-class_seed-1_2024-03-05-14-09-07
2024-03-05 14:09:07,125 - dataset: MIntRec2
2024-03-05 14:09:07,125 - data_mode: multi-class
2024-03-05 14:09:07,125 - method: msz
2024-03-05 14:09:07,125 - text_backbone: bert-base-uncased
2024-03-05 14:09:07,125 - text_backbone_path: /home/sharing/disk1/pretrained_embedding/bert/uncased_L-12_H-768_A-12/
2024-03-05 14:09:07,125 - seed: 1
2024-03-05 14:09:07,125 - num_workers: 8
2024-03-05 14:09:07,125 - gpu_id: 2
2024-03-05 14:09:07,125 - data_path: /home/sharing/disk2/sjh/intentDataset
2024-03-05 14:09:07,125 - train: True
2024-03-05 14:09:07,125 - tune: True
2024-03-05 14:09:07,125 - save_model: False
2024-03-05 14:09:07,125 - save_results: True
2024-03-05 14:09:07,125 - log_path: logs
2024-03-05 14:09:07,125 - cache_path: 
2024-03-05 14:09:07,125 - video_data_path: video_data
2024-03-05 14:09:07,125 - audio_data_path: audio_data
2024-03-05 14:09:07,125 - video_feats_path: video_feats.pkl
2024-03-05 14:09:07,125 - audio_feats_path: audio_feats.pkl
2024-03-05 14:09:07,125 - results_path: results
2024-03-05 14:09:07,125 - output_path: /home/sharing/disk2/sjh/Outputs/MIntRec2
2024-03-05 14:09:07,125 - model_path: models
2024-03-05 14:09:07,125 - config_file_name: msz_MIntRec2
2024-03-05 14:09:07,125 - results_file_name: msz.csv
2024-03-05 14:09:07,125 - padding_mode: zero
2024-03-05 14:09:07,125 - padding_loc: end
2024-03-05 14:09:07,125 - need_aligned: False
2024-03-05 14:09:07,125 - eval_monitor: f1
2024-03-05 14:09:07,125 - train_batch_size: 8
2024-03-05 14:09:07,126 - eval_batch_size: 4
2024-03-05 14:09:07,126 - test_batch_size: 4
2024-03-05 14:09:07,126 - wait_patience: 8
2024-03-05 14:09:07,126 - hidden_dims: 1024
2024-03-05 14:09:07,126 - num_attention_heads: 8
2024-03-05 14:09:07,126 - attention_probs_dropout_prob: 0.2
2024-03-05 14:09:07,126 - hidden_dropout_prob: 0.2
2024-03-05 14:09:07,126 - intermediate_size: 768
2024-03-05 14:09:07,126 - num_hidden_layers: 8
2024-03-05 14:09:07,126 - max_position_embeddings: 768
2024-03-05 14:09:07,126 - position_embedding_type: absolute
2024-03-05 14:09:07,126 - batch_first: True
2024-03-05 14:09:07,126 - dropout: 0.1
2024-03-05 14:09:07,126 - aligned_method: conv1d
2024-03-05 14:09:07,126 - num_train_epochs: 100
2024-03-05 14:09:07,126 - lr: 6e-06
2024-03-05 14:09:07,126 - pred_output_path: /home/sharing/disk2/sjh/Outputs/MIntRec2/msz_MIntRec2_multi-class_seed-1_2024-03-05-14-09-07
2024-03-05 14:09:07,126 - model_output_path: /home/sharing/disk2/sjh/Outputs/MIntRec2/msz_MIntRec2_multi-class_seed-1_2024-03-05-14-09-07/models
2024-03-05 14:09:07,126 - ============================== End Params ==============================
2024-03-05 14:09:07,257 - Generate Text Features Begin...
2024-03-05 14:09:08,987 - Generate Text Features Finished...
2024-03-05 14:09:08,989 - Load Video Features Begin...
2024-03-05 14:09:52,456 - Load Video Features Finished...
2024-03-05 14:09:54,409 - Load Audio Features Begin...
2024-03-05 14:10:25,760 - Load Audio Features Finished...
2024-03-05 14:10:39,481 - method  begins...
2024-03-05 14:10:50,650 - Multimodal intent recognition begins...
2024-03-05 14:10:50,651 - Training begins...
