2024-01-03 06:49:52,148 - ============================== Params ==============================
2024-01-03 06:49:52,148 - logger_name: msz_MIntRec_multi-class_seed-1_2024-01-03-06-49-52
2024-01-03 06:49:52,148 - dataset: MIntRec
2024-01-03 06:49:52,148 - data_mode: multi-class
2024-01-03 06:49:52,148 - method: msz
2024-01-03 06:49:52,148 - text_backbone: bert-base-uncased
2024-01-03 06:49:52,148 - text_backbone_path: /home/sharing/disk1/pretrained_embedding/bert/uncased_L-12_H-768_A-12/
2024-01-03 06:49:52,148 - seed: 1
2024-01-03 06:49:52,148 - num_workers: 8
2024-01-03 06:49:52,148 - gpu_id: 1
2024-01-03 06:49:52,148 - data_path: /home/sharing/disk2/sjh/intentDataset
2024-01-03 06:49:52,148 - train: True
2024-01-03 06:49:52,148 - tune: False
2024-01-03 06:49:52,148 - save_model: False
2024-01-03 06:49:52,148 - save_results: True
2024-01-03 06:49:52,148 - log_path: logs
2024-01-03 06:49:52,149 - cache_path: 
2024-01-03 06:49:52,149 - video_data_path: video_data
2024-01-03 06:49:52,149 - audio_data_path: audio_data
2024-01-03 06:49:52,149 - video_feats_path: video_feats.pkl
2024-01-03 06:49:52,149 - audio_feats_path: audio_feats.pkl
2024-01-03 06:49:52,149 - results_path: results
2024-01-03 06:49:52,149 - output_path: /home/sujianhua/Outputs/MIntRec
2024-01-03 06:49:52,149 - model_path: models
2024-01-03 06:49:52,149 - config_file_name: msz
2024-01-03 06:49:52,149 - results_file_name: msz.csv
2024-01-03 06:49:52,149 - padding_mode: zero
2024-01-03 06:49:52,149 - padding_loc: end
2024-01-03 06:49:52,149 - need_aligned: False
2024-01-03 06:49:52,149 - eval_monitor: f1
2024-01-03 06:49:52,149 - train_batch_size: 16
2024-01-03 06:49:52,149 - eval_batch_size: 8
2024-01-03 06:49:52,149 - test_batch_size: 8
2024-01-03 06:49:52,149 - wait_patience: 8
2024-01-03 06:49:52,149 - nheads: 2
2024-01-03 06:49:52,149 - encoder_layers: 2
2024-01-03 06:49:52,149 - attn_dropout: 0.1
2024-01-03 06:49:52,149 - relu_dropout: 0.1
2024-01-03 06:49:52,149 - embed_dropout: 0.1
2024-01-03 06:49:52,149 - res_dropout: 0.1
2024-01-03 06:49:52,149 - attn_mask: False
2024-01-03 06:49:52,149 - hidden_size: 768
2024-01-03 06:49:52,149 - num_attention_heads: 12
2024-01-03 06:49:52,149 - attention_probs_dropout_prob: 0.2
2024-01-03 06:49:52,149 - hidden_dropout_prob: 0.2
2024-01-03 06:49:52,149 - intermediate_size: 768
2024-01-03 06:49:52,149 - num_hidden_layers: 3
2024-01-03 06:49:52,149 - max_position_embeddings: 512
2024-01-03 06:49:52,149 - position_embedding_type: absolute
2024-01-03 06:49:52,149 - batch_first: True
2024-01-03 06:49:52,149 - hidden_dims: 768
2024-01-03 06:49:52,149 - att_dropouts: [0.2, 0.2, 0.2]
2024-01-03 06:49:52,149 - spe_dropouts: [0.1, 0.1, 0.1]
2024-01-03 06:49:52,149 - ta_loss: 0.01
2024-01-03 06:49:52,149 - tv_loss: 0.01
2024-01-03 06:49:52,150 - av_loss: 0.01
2024-01-03 06:49:52,150 - aligned_method: conv1d
2024-01-03 06:49:52,150 - grad_clip: -1
2024-01-03 06:49:52,150 - num_train_epochs: 100
2024-01-03 06:49:52,150 - warmup_proportion: 0.1
2024-01-03 06:49:52,150 - lr: 1e-06
2024-01-03 06:49:52,150 - weight_decay: 0.01
2024-01-03 06:49:52,150 - pred_output_path: /home/sujianhua/Outputs/MIntRec/msz_MIntRec_multi-class_seed-1_2024-01-03-06-49-52
2024-01-03 06:49:52,150 - model_output_path: /home/sujianhua/Outputs/MIntRec/msz_MIntRec_multi-class_seed-1_2024-01-03-06-49-52/models
2024-01-03 06:49:52,150 - ============================== End Params ==============================
2024-01-03 06:49:52,152 - Generate Text Features Begin...
2024-01-03 06:49:52,649 - Generate Text Features Finished...
2024-01-03 06:49:52,650 - Load Video Features Begin...
2024-01-03 06:49:53,024 - Load Video Features Finished...
2024-01-03 06:49:53,628 - Load Audio Features Begin...
2024-01-03 06:49:54,673 - Load Audio Features Finished...
2024-01-03 06:49:58,156 - method  begins...
2024-01-03 06:50:00,826 - Multimodal intent recognition begins...
2024-01-03 06:50:00,826 - Training begins...
2024-01-03 06:50:25,867 - ***** Epoch: 1: Eval results *****
2024-01-03 06:50:25,868 -   train_loss = 3.5214
2024-01-03 06:50:25,868 -   best_eval_score = 0.0
2024-01-03 06:50:25,868 -   eval_score = 0.0409
2024-01-03 06:50:49,509 - ***** Epoch: 2: Eval results *****
2024-01-03 06:50:49,510 -   train_loss = 3.2888
2024-01-03 06:50:49,510 -   best_eval_score = 0.0409
2024-01-03 06:50:49,510 -   eval_score = 0.0301
2024-01-03 06:50:49,510 - EarlyStopping counter: 1 out of 8
2024-01-03 06:51:12,757 - ***** Epoch: 3: Eval results *****
2024-01-03 06:51:12,757 -   train_loss = 3.1239
2024-01-03 06:51:12,757 -   best_eval_score = 0.0409
2024-01-03 06:51:12,757 -   eval_score = 0.0326
2024-01-03 06:51:12,757 - EarlyStopping counter: 2 out of 8
2024-01-03 06:51:36,056 - ***** Epoch: 4: Eval results *****
2024-01-03 06:51:36,056 -   train_loss = 2.9833
2024-01-03 06:51:36,056 -   best_eval_score = 0.0409
2024-01-03 06:51:36,056 -   eval_score = 0.1109
2024-01-03 06:51:59,382 - ***** Epoch: 5: Eval results *****
2024-01-03 06:51:59,382 -   train_loss = 2.7937
2024-01-03 06:51:59,382 -   best_eval_score = 0.1109
2024-01-03 06:51:59,382 -   eval_score = 0.194
2024-01-03 06:52:22,635 - ***** Epoch: 6: Eval results *****
2024-01-03 06:52:22,636 -   train_loss = 2.5005
2024-01-03 06:52:22,636 -   best_eval_score = 0.194
2024-01-03 06:52:22,636 -   eval_score = 0.2907
2024-01-03 06:52:45,901 - ***** Epoch: 7: Eval results *****
2024-01-03 06:52:45,901 -   train_loss = 2.1755
2024-01-03 06:52:45,901 -   best_eval_score = 0.2907
2024-01-03 06:52:45,901 -   eval_score = 0.3963
2024-01-03 06:53:09,096 - ***** Epoch: 8: Eval results *****
2024-01-03 06:53:09,097 -   train_loss = 1.8457
2024-01-03 06:53:09,097 -   best_eval_score = 0.3963
2024-01-03 06:53:09,097 -   eval_score = 0.4798
2024-01-03 06:53:32,357 - ***** Epoch: 9: Eval results *****
2024-01-03 06:53:32,357 -   train_loss = 1.5484
2024-01-03 06:53:32,357 -   best_eval_score = 0.4798
2024-01-03 06:53:32,357 -   eval_score = 0.5162
2024-01-03 06:53:55,286 - ***** Epoch: 10: Eval results *****
2024-01-03 06:53:55,286 -   train_loss = 1.2878
2024-01-03 06:53:55,286 -   best_eval_score = 0.5162
2024-01-03 06:53:55,286 -   eval_score = 0.5908
2024-01-03 06:54:18,293 - ***** Epoch: 11: Eval results *****
2024-01-03 06:54:18,293 -   train_loss = 1.1018
2024-01-03 06:54:18,293 -   best_eval_score = 0.5908
2024-01-03 06:54:18,293 -   eval_score = 0.57
2024-01-03 06:54:18,293 - EarlyStopping counter: 1 out of 8
2024-01-03 06:54:41,078 - ***** Epoch: 12: Eval results *****
2024-01-03 06:54:41,078 -   train_loss = 0.986
2024-01-03 06:54:41,078 -   best_eval_score = 0.5908
2024-01-03 06:54:41,078 -   eval_score = 0.6144
2024-01-03 06:55:04,236 - ***** Epoch: 13: Eval results *****
2024-01-03 06:55:04,236 -   train_loss = 0.8531
2024-01-03 06:55:04,236 -   best_eval_score = 0.6144
2024-01-03 06:55:04,236 -   eval_score = 0.5879
2024-01-03 06:55:04,236 - EarlyStopping counter: 1 out of 8
2024-01-03 06:55:27,392 - ***** Epoch: 14: Eval results *****
2024-01-03 06:55:27,392 -   train_loss = 0.7073
2024-01-03 06:55:27,392 -   best_eval_score = 0.6144
2024-01-03 06:55:27,392 -   eval_score = 0.6019
2024-01-03 06:55:27,393 - EarlyStopping counter: 2 out of 8
2024-01-03 06:55:50,538 - ***** Epoch: 15: Eval results *****
2024-01-03 06:55:50,538 -   train_loss = 0.6043
2024-01-03 06:55:50,538 -   best_eval_score = 0.6144
2024-01-03 06:55:50,538 -   eval_score = 0.6184
2024-01-03 06:56:13,323 - ***** Epoch: 16: Eval results *****
2024-01-03 06:56:13,323 -   train_loss = 0.5763
2024-01-03 06:56:13,323 -   best_eval_score = 0.6184
2024-01-03 06:56:13,323 -   eval_score = 0.6187
2024-01-03 06:56:36,391 - ***** Epoch: 17: Eval results *****
2024-01-03 06:56:36,391 -   train_loss = 0.4336
2024-01-03 06:56:36,391 -   best_eval_score = 0.6187
2024-01-03 06:56:36,391 -   eval_score = 0.6303
2024-01-03 06:56:59,587 - ***** Epoch: 18: Eval results *****
2024-01-03 06:56:59,587 -   train_loss = 0.3803
2024-01-03 06:56:59,587 -   best_eval_score = 0.6303
2024-01-03 06:56:59,587 -   eval_score = 0.6356
2024-01-03 06:57:22,912 - ***** Epoch: 19: Eval results *****
2024-01-03 06:57:22,912 -   train_loss = 0.3612
2024-01-03 06:57:22,912 -   best_eval_score = 0.6356
2024-01-03 06:57:22,913 -   eval_score = 0.6577
2024-01-03 06:57:45,754 - ***** Epoch: 20: Eval results *****
2024-01-03 06:57:45,754 -   train_loss = 0.3047
2024-01-03 06:57:45,755 -   best_eval_score = 0.6577
2024-01-03 06:57:45,755 -   eval_score = 0.668
2024-01-03 06:58:08,661 - ***** Epoch: 21: Eval results *****
2024-01-03 06:58:08,661 -   train_loss = 0.2477
2024-01-03 06:58:08,662 -   best_eval_score = 0.668
2024-01-03 06:58:08,662 -   eval_score = 0.6722
2024-01-03 06:58:31,594 - ***** Epoch: 22: Eval results *****
2024-01-03 06:58:31,594 -   train_loss = 0.2317
2024-01-03 06:58:31,594 -   best_eval_score = 0.6722
2024-01-03 06:58:31,594 -   eval_score = 0.6714
2024-01-03 06:58:31,594 - EarlyStopping counter: 1 out of 8
2024-01-03 06:58:54,613 - ***** Epoch: 23: Eval results *****
2024-01-03 06:58:54,613 -   train_loss = 0.2283
2024-01-03 06:58:54,614 -   best_eval_score = 0.6722
2024-01-03 06:58:54,614 -   eval_score = 0.6732
2024-01-03 06:59:17,738 - ***** Epoch: 24: Eval results *****
2024-01-03 06:59:17,738 -   train_loss = 0.2021
2024-01-03 06:59:17,738 -   best_eval_score = 0.6732
2024-01-03 06:59:17,738 -   eval_score = 0.676
2024-01-03 06:59:40,424 - ***** Epoch: 25: Eval results *****
2024-01-03 06:59:40,424 -   train_loss = 0.18
2024-01-03 06:59:40,424 -   best_eval_score = 0.676
2024-01-03 06:59:40,424 -   eval_score = 0.6694
2024-01-03 06:59:40,424 - EarlyStopping counter: 1 out of 8
2024-01-03 07:00:03,491 - ***** Epoch: 26: Eval results *****
2024-01-03 07:00:03,491 -   train_loss = 0.1693
2024-01-03 07:00:03,491 -   best_eval_score = 0.676
2024-01-03 07:00:03,491 -   eval_score = 0.6508
2024-01-03 07:00:03,491 - EarlyStopping counter: 2 out of 8
2024-01-03 07:00:26,378 - ***** Epoch: 27: Eval results *****
2024-01-03 07:00:26,378 -   train_loss = 0.1552
2024-01-03 07:00:26,378 -   best_eval_score = 0.676
2024-01-03 07:00:26,379 -   eval_score = 0.6357
2024-01-03 07:00:26,379 - EarlyStopping counter: 3 out of 8
2024-01-03 07:00:49,516 - ***** Epoch: 28: Eval results *****
2024-01-03 07:00:49,516 -   train_loss = 0.1524
2024-01-03 07:00:49,516 -   best_eval_score = 0.676
2024-01-03 07:00:49,516 -   eval_score = 0.6496
2024-01-03 07:00:49,516 - EarlyStopping counter: 4 out of 8
