2024-03-02 21:41:45,584 - ============================== Params ==============================
2024-03-02 21:41:45,584 - logger_name: msz_MIntRec2_multi-class_seed-2_2024-03-02-21-41-45
2024-03-02 21:41:45,584 - dataset: MIntRec2
2024-03-02 21:41:45,584 - data_mode: multi-class
2024-03-02 21:41:45,584 - method: msz
2024-03-02 21:41:45,584 - text_backbone: bert-base-uncased
2024-03-02 21:41:45,584 - text_backbone_path: /home/sharing/disk1/pretrained_embedding/bert/uncased_L-12_H-768_A-12/
2024-03-02 21:41:45,584 - seed: 2
2024-03-02 21:41:45,585 - num_workers: 8
2024-03-02 21:41:45,585 - gpu_id: 3
2024-03-02 21:41:45,585 - data_path: /home/sharing/disk2/sjh/intentDataset
2024-03-02 21:41:45,585 - train: True
2024-03-02 21:41:45,585 - tune: True
2024-03-02 21:41:45,585 - save_model: True
2024-03-02 21:41:45,585 - save_results: True
2024-03-02 21:41:45,585 - log_path: logs
2024-03-02 21:41:45,585 - cache_path: 
2024-03-02 21:41:45,585 - video_data_path: video_data
2024-03-02 21:41:45,585 - audio_data_path: audio_data
2024-03-02 21:41:45,585 - video_feats_path: video_feats.pkl
2024-03-02 21:41:45,585 - audio_feats_path: audio_feats.pkl
2024-03-02 21:41:45,585 - results_path: results
2024-03-02 21:41:45,585 - output_path: /home/sharing/disk2/sjh/Outputs/MIntRec2
2024-03-02 21:41:45,585 - model_path: models
2024-03-02 21:41:45,585 - config_file_name: msz_MIntRec2
2024-03-02 21:41:45,585 - results_file_name: msz.csv
2024-03-02 21:41:45,585 - padding_mode: zero
2024-03-02 21:41:45,585 - padding_loc: end
2024-03-02 21:41:45,585 - need_aligned: False
2024-03-02 21:41:45,585 - eval_monitor: f1
2024-03-02 21:41:45,585 - train_batch_size: 16
2024-03-02 21:41:45,585 - eval_batch_size: 8
2024-03-02 21:41:45,585 - test_batch_size: 8
2024-03-02 21:41:45,585 - wait_patience: 8
2024-03-02 21:41:45,585 - hidden_size: 768
2024-03-02 21:41:45,585 - num_attention_heads: 8
2024-03-02 21:41:45,585 - attention_probs_dropout_prob: 0.2
2024-03-02 21:41:45,585 - hidden_dropout_prob: 0.2
2024-03-02 21:41:45,585 - intermediate_size: 768
2024-03-02 21:41:45,585 - num_hidden_layers: 6
2024-03-02 21:41:45,585 - max_position_embeddings: 768
2024-03-02 21:41:45,585 - position_embedding_type: absolute
2024-03-02 21:41:45,585 - batch_first: True
2024-03-02 21:41:45,585 - hidden_dims: 768
2024-03-02 21:41:45,585 - dropout: 0.1
2024-03-02 21:41:45,585 - aligned_method: conv1d
2024-03-02 21:41:45,585 - num_train_epochs: 100
2024-03-02 21:41:45,585 - lr: 1e-05
2024-03-02 21:41:45,585 - pred_output_path: /home/sharing/disk2/sjh/Outputs/MIntRec2/msz_MIntRec2_multi-class_seed-2_2024-03-02-21-41-45
2024-03-02 21:41:45,585 - model_output_path: /home/sharing/disk2/sjh/Outputs/MIntRec2/msz_MIntRec2_multi-class_seed-2_2024-03-02-21-41-45/models
2024-03-02 21:41:45,585 - num_labels: 30
2024-03-02 21:41:45,585 - text_feat_dim: 768
2024-03-02 21:41:45,585 - video_feat_dim: 256
2024-03-02 21:41:45,586 - audio_feat_dim: 768
2024-03-02 21:41:45,586 - text_seq_len: 50
2024-03-02 21:41:45,586 - video_seq_len: 180
2024-03-02 21:41:45,586 - audio_seq_len: 400
2024-03-02 21:41:45,586 - device: cuda:3
2024-03-02 21:41:45,586 - ============================== End Params ==============================
2024-03-02 21:41:45,599 - Generate Text Features Begin...
2024-03-02 21:41:47,185 - Generate Text Features Finished...
2024-03-02 21:41:47,186 - Load Video Features Begin...
2024-03-02 21:41:48,312 - Load Video Features Finished...
2024-03-02 21:41:50,047 - Load Audio Features Begin...
2024-03-02 21:41:53,873 - Load Audio Features Finished...
2024-03-02 21:42:03,803 - method  begins...
2024-03-02 21:42:05,324 - Multimodal intent recognition begins...
2024-03-02 21:42:05,324 - Training begins...
2024-03-02 21:43:27,967 - ***** Epoch: 1: Eval results *****
2024-03-02 21:43:27,967 -   train_loss = 2.1618
2024-03-02 21:43:27,967 -   best_eval_score = 0.0
2024-03-02 21:43:27,967 -   eval_score = 0.4146
2024-03-02 21:44:51,551 - ***** Epoch: 2: Eval results *****
2024-03-02 21:44:51,551 -   train_loss = 1.3188
2024-03-02 21:44:51,551 -   best_eval_score = 0.4146
2024-03-02 21:44:51,551 -   eval_score = 0.4406
2024-03-02 21:46:15,381 - ***** Epoch: 3: Eval results *****
2024-03-02 21:46:15,381 -   train_loss = 0.9796
2024-03-02 21:46:15,381 -   best_eval_score = 0.4406
2024-03-02 21:46:15,381 -   eval_score = 0.4777
2024-03-02 21:47:39,102 - ***** Epoch: 4: Eval results *****
2024-03-02 21:47:39,102 -   train_loss = 0.6799
2024-03-02 21:47:39,102 -   best_eval_score = 0.4777
2024-03-02 21:47:39,102 -   eval_score = 0.4968
2024-03-02 21:49:01,142 - ***** Epoch: 5: Eval results *****
2024-03-02 21:49:01,142 -   train_loss = 0.4458
2024-03-02 21:49:01,142 -   best_eval_score = 0.4968
2024-03-02 21:49:01,142 -   eval_score = 0.5274
2024-03-02 21:50:26,499 - ***** Epoch: 6: Eval results *****
2024-03-02 21:50:26,499 -   train_loss = 0.2904
2024-03-02 21:50:26,499 -   best_eval_score = 0.5274
2024-03-02 21:50:26,499 -   eval_score = 0.5088
2024-03-02 21:50:26,499 - EarlyStopping counter: 1 out of 8
2024-03-02 21:51:50,303 - ***** Epoch: 7: Eval results *****
2024-03-02 21:51:50,303 -   train_loss = 0.1865
2024-03-02 21:51:50,303 -   best_eval_score = 0.5274
2024-03-02 21:51:50,303 -   eval_score = 0.5032
2024-03-02 21:51:50,303 - EarlyStopping counter: 2 out of 8
2024-03-02 21:53:13,080 - ***** Epoch: 8: Eval results *****
2024-03-02 21:53:13,080 -   train_loss = 0.1302
2024-03-02 21:53:13,080 -   best_eval_score = 0.5274
2024-03-02 21:53:13,080 -   eval_score = 0.5212
2024-03-02 21:53:13,080 - EarlyStopping counter: 3 out of 8
2024-03-02 21:54:37,007 - ***** Epoch: 9: Eval results *****
2024-03-02 21:54:37,007 -   train_loss = 0.11
2024-03-02 21:54:37,007 -   best_eval_score = 0.5274
2024-03-02 21:54:37,008 -   eval_score = 0.4953
2024-03-02 21:54:37,008 - EarlyStopping counter: 4 out of 8
2024-03-02 21:56:01,095 - ***** Epoch: 10: Eval results *****
2024-03-02 21:56:01,095 -   train_loss = 0.0914
2024-03-02 21:56:01,095 -   best_eval_score = 0.5274
2024-03-02 21:56:01,095 -   eval_score = 0.5125
2024-03-02 21:56:01,095 - EarlyStopping counter: 5 out of 8
2024-03-02 21:57:24,778 - ***** Epoch: 11: Eval results *****
2024-03-02 21:57:24,778 -   train_loss = 0.0567
2024-03-02 21:57:24,778 -   best_eval_score = 0.5274
2024-03-02 21:57:24,778 -   eval_score = 0.5081
2024-03-02 21:57:24,778 - EarlyStopping counter: 6 out of 8
2024-03-02 21:58:48,279 - ***** Epoch: 12: Eval results *****
2024-03-02 21:58:48,280 -   train_loss = 0.0452
2024-03-02 21:58:48,280 -   best_eval_score = 0.5274
2024-03-02 21:58:48,280 -   eval_score = 0.5096
2024-03-02 21:58:48,280 - EarlyStopping counter: 7 out of 8
2024-03-02 22:00:11,167 - ***** Epoch: 13: Eval results *****
2024-03-02 22:00:11,167 -   train_loss = 0.0426
2024-03-02 22:00:11,167 -   best_eval_score = 0.5274
2024-03-02 22:00:11,167 -   eval_score = 0.5101
2024-03-02 22:00:11,168 - EarlyStopping counter: 8 out of 8
2024-03-02 22:00:11,168 - EarlyStopping at epoch 13
2024-03-02 22:00:11,168 - Trained models are saved in /home/sharing/disk2/sjh/Outputs/MIntRec2/msz_MIntRec2_multi-class_seed-2_2024-03-02-21-41-45/models
2024-03-02 22:00:12,081 - Training is finished...
2024-03-02 22:00:12,082 - Testing begins...
2024-03-02 22:00:23,916 - ***** Test: Confusion Matrix *****
2024-03-02 22:00:23,918 - [[ 38   0  22   0   0   0   0   0   0   0   2   0   0   0   0   1   0   1
    0   0   0   0   1   1   2   0   0   0   0   0]
 [  0  57   0   0  14   1   5   0   1   0   1   0   3   0   3   0   0   6
    0   0   0   1   1   1   1   0   0   2   0   0]
 [  6   0  46   0   2   0   0   0   0   0   1   0   0   0   1   1   0   3
    0   0   0   1   0   0   3   0   0   0   0   0]
 [  0   0   0  56   0   0   0   1   0   1   0   0   0   0   4   0   0   1
    0   0   0   1   1   0   0   0   0   0   0   0]
 [  0   4   0   0  37   0   0   0   1   0   0   0   0   0   0   0   0   3
    0   1   0   1   0   1   1   0   0   0   1   1]
 [  0   2   0   0   3  22   0   0   0   0   1   0   0   0   1   0   0   6
    0   0   0   0   0   1   0   0   1   0   0   0]
 [  0   1   0   0   0   3  26  10   0   0   2   0   6   0   0   0   0   0
    0   0   0   0   0   0   0   0   0   0   0   0]
 [  0   0   0   0   0   0   6  23   0   0   7   1   6   0   0   0   2   0
    0   1   0   0   1   0   0   0   0   0   0   0]
 [  1   2   2   3   1   0   0   0  19   0   0   1   1   0   3   0   0   5
    0   0   0   1   7   0   2   1   0   0   0   0]
 [  0   1   0   1   1   0   0   0   2  35   0   5  12   0  16   0   0  13
    1   0   1   4   4   1   3   1   1   4   0   1]
 [  2   2   0   0   1   3   2   0   0   0  44   0  33   0   2   0   0   1
    0   2   0   0   0   0   1   0   0   0   0   0]
 [  0   0   0   0   0   0   1   1   0   3   1  16   9   0   1   0   0   3
    1   0   0   0   4   0   1   0   0   3   0   3]
 [  0   3   0   0   0   1   6   5   0   1  21   0  96   0   0   0   1   0
    0   0   0   0   1   0   0   0   0   0   0   0]
 [  0   0   1   0   1   0   0   0   1   0   0   0   0   0   2   2   0   7
    1   0   0   0   2   0   0   0   0   0   0   0]
 [  0   4   3   0   0   1   0   0   1   5   2   2   1   1 117   0   0  33
    3   1   0   1   9   1   4   0   1   3   0   0]
 [  0   0   1   0   1   0   0   0   0   4   0   0   0   1   1   4   0   6
    0   0   0   1   0   1   0   0   0   1   1   0]
 [  0   0   0   1   1   0   1   2   0   0   2   0   1   0   0   0  51   1
    5   0   0   0   0   0   1   0   0   0   0   0]
 [  0   6   1   0   9   4   0   0   1   6   1   1   1   0  14   0   2 131
    6   3   1   7   6   7   2   1   1   2   2   2]
 [  0   6   0   0   0   0   0   0   0   3   1   0   0   0   7   0   1  15
   23   1   0   0   2   0   1   0   0   0   0   0]
 [  0   7   0   0   0   0   2   0   0   0   1   0   0   0   0   0   0   0
    0   6   0   1   0   0   0   0   0   0   0   0]
 [  0   3   2   0   2   0   0   0   0   1   0   1   1   0   3   0   0   3
    3   0   5   0   0   2   1   0   0   2   0   0]
 [  6   1   0   2   1   2   0   0   1   1   0   0   0   0   0   0   0   1
    0   0   0  30   2   2   1   1   1   0   0   1]
 [  0   0   2   1   0   0   0   0   0   1   1   1   1   0   9   1   0   6
    0   0   0   0  84   0   1   5   3   1   0   0]
 [  0   4   0   0   1   0   0   0   0   0   0   0   0   0   1   0   0   5
    0   0   0   8   0  19   0   0   0   0   0   0]
 [  1   0   0   0   1   0   0   0   0   1   1   3   1   0   3   0   0   4
    0   0   0   0   1   1  90   0   0   5   1   0]
 [  1   2   0   0   1   0   0   0   0   0   0   0   0   0   0   0   0   1
    0   0   0   1   2   0   1  21   0   0   0   1]
 [  0   0   0   0   0   0   0   0   0   1   0   0   0   0   0   0   0   4
    0   0   0   2   3   0   0   0   5   0   2   0]
 [  1   3   2   0   0   0   0   0   2   3   4   6   3   0   1   0   0   2
    0   0   2   0   3   0   8   1   0  14   1   2]
 [  0   0   0   0   0   0   0   0   0   0   0   0   0   0   1   0   1   0
    0   0   0   0   0   0   0   0   0   0  56   0]
 [  0   2   0   0   2   0   0   0   1   0   1   1   0   0   0   0   0   4
    1   0   0   1   0   0   1   1   0   0   0   4]]
2024-03-02 22:00:23,918 - ***** Evaluation results *****
2024-03-02 22:00:23,918 -   acc = 0.578
2024-03-02 22:00:23,918 -   f1 = 0.5149
2024-03-02 22:00:23,918 -   prec = 0.5396
2024-03-02 22:00:23,918 -   rec = 0.512
2024-03-02 22:00:23,919 - Testing is finished...
2024-03-02 22:00:23,919 - Multimodal intent recognition is finished...
2024-03-02 22:00:23,919 - Results are saved in results/msz.csv
