2023-12-26 14:32:31,423 - ============================== Params ==============================
2023-12-26 14:32:31,423 - logger_name: msz_MIntRec_multi-class_seed-3_2023-12-26-14-32-31
2023-12-26 14:32:31,423 - dataset: MIntRec
2023-12-26 14:32:31,423 - data_mode: multi-class
2023-12-26 14:32:31,424 - method: msz
2023-12-26 14:32:31,424 - text_backbone: bert-base-uncased
2023-12-26 14:32:31,424 - text_backbone_path: /home/sharing/disk1/pretrained_embedding/bert/uncased_L-12_H-768_A-12/
2023-12-26 14:32:31,424 - seed: 3
2023-12-26 14:32:31,424 - num_workers: 8
2023-12-26 14:32:31,424 - gpu_id: 3
2023-12-26 14:32:31,425 - data_path: /home/sharing/disk2/sjh/intentDataset
2023-12-26 14:32:31,425 - train: True
2023-12-26 14:32:31,425 - tune: False
2023-12-26 14:32:31,425 - save_model: False
2023-12-26 14:32:31,425 - save_results: True
2023-12-26 14:32:31,426 - log_path: logs
2023-12-26 14:32:31,426 - cache_path: 
2023-12-26 14:32:31,426 - video_data_path: video_data
2023-12-26 14:32:31,426 - audio_data_path: audio_data
2023-12-26 14:32:31,426 - video_feats_path: video_feats.pkl
2023-12-26 14:32:31,426 - audio_feats_path: audio_feats.pkl
2023-12-26 14:32:31,426 - results_path: results
2023-12-26 14:32:31,427 - output_path: /home/sujianhua/Outputs/MIntRec
2023-12-26 14:32:31,427 - model_path: models
2023-12-26 14:32:31,427 - config_file_name: msz
2023-12-26 14:32:31,427 - results_file_name: msz.csv
2023-12-26 14:32:31,427 - padding_mode: zero
2023-12-26 14:32:31,427 - padding_loc: end
2023-12-26 14:32:31,428 - need_aligned: False
2023-12-26 14:32:31,428 - eval_monitor: f1
2023-12-26 14:32:31,428 - train_batch_size: 16
2023-12-26 14:32:31,428 - eval_batch_size: 8
2023-12-26 14:32:31,428 - test_batch_size: 8
2023-12-26 14:32:31,428 - wait_patience: 8
2023-12-26 14:32:31,428 - nheads: 2
2023-12-26 14:32:31,429 - encoder_layers: 2
2023-12-26 14:32:31,429 - attn_dropout: 0.1
2023-12-26 14:32:31,429 - relu_dropout: 0.1
2023-12-26 14:32:31,429 - embed_dropout: 0.1
2023-12-26 14:32:31,429 - res_dropout: 0.1
2023-12-26 14:32:31,429 - attn_mask: False
2023-12-26 14:32:31,430 - hidden_size: 768
2023-12-26 14:32:31,430 - num_attention_heads: 12
2023-12-26 14:32:31,430 - attention_probs_dropout_prob: 0.2
2023-12-26 14:32:31,430 - hidden_dropout_prob: 0.2
2023-12-26 14:32:31,430 - intermediate_size: 768
2023-12-26 14:32:31,430 - num_hidden_layers: 3
2023-12-26 14:32:31,431 - max_position_embeddings: 512
2023-12-26 14:32:31,431 - position_embedding_type: absolute
2023-12-26 14:32:31,431 - add_cross_attention: False
2023-12-26 14:32:31,431 - batch_first: True
2023-12-26 14:32:31,431 - hidden_dims: 768
2023-12-26 14:32:31,431 - att_dropouts: [0.2, 0.2, 0.2]
2023-12-26 14:32:31,431 - spe_dropouts: [0.1, 0.1, 0.1]
2023-12-26 14:32:31,432 - tv_c_loss: 0.1
2023-12-26 14:32:31,432 - vt_c_loss: 0.1
2023-12-26 14:32:31,432 - at_c_loss: 0.1
2023-12-26 14:32:31,432 - aligned_method: conv1d
2023-12-26 14:32:31,432 - grad_clip: 2
2023-12-26 14:32:31,432 - num_train_epochs: 100
2023-12-26 14:32:31,433 - warmup_proportion: 0.1
2023-12-26 14:32:31,433 - lr: 1e-06
2023-12-26 14:32:31,433 - weight_decay: 0.02
2023-12-26 14:32:31,433 - pred_output_path: /home/sujianhua/Outputs/MIntRec/msz_MIntRec_multi-class_seed-3_2023-12-26-14-32-31
2023-12-26 14:32:31,433 - model_output_path: /home/sujianhua/Outputs/MIntRec/msz_MIntRec_multi-class_seed-3_2023-12-26-14-32-31/models
2023-12-26 14:32:31,433 - ============================== End Params ==============================
2023-12-26 14:32:31,488 - Generate Text Features Begin...
2023-12-26 14:32:32,261 - Generate Text Features Finished...
2023-12-26 14:32:32,262 - Load Video Features Begin...
2023-12-26 14:32:34,910 - Load Video Features Finished...
2023-12-26 14:32:35,572 - Load Audio Features Begin...
2023-12-26 14:32:52,262 - Load Audio Features Finished...
2023-12-26 14:32:56,276 - method  begins...
2023-12-26 14:33:03,315 - Multimodal intent recognition begins...
2023-12-26 14:33:03,316 - Training begins...
2023-12-26 14:33:51,121 - ***** Epoch: 1: Eval results *****
2023-12-26 14:33:51,121 -   train_loss = 6.3201
2023-12-26 14:33:51,121 -   best_eval_score = 0.0
2023-12-26 14:33:51,121 -   eval_score = 0.0348
2023-12-26 14:34:24,186 - ***** Epoch: 2: Eval results *****
2023-12-26 14:34:24,186 -   train_loss = 5.4162
2023-12-26 14:34:24,187 -   best_eval_score = 0.0348
2023-12-26 14:34:24,187 -   eval_score = 0.0225
2023-12-26 14:34:24,187 - EarlyStopping counter: 1 out of 8
2023-12-26 14:35:08,222 - ***** Epoch: 3: Eval results *****
2023-12-26 14:35:08,222 -   train_loss = 4.741
2023-12-26 14:35:08,222 -   best_eval_score = 0.0348
2023-12-26 14:35:08,222 -   eval_score = 0.023
2023-12-26 14:35:08,222 - EarlyStopping counter: 2 out of 8
2023-12-26 14:35:50,419 - ***** Epoch: 4: Eval results *****
2023-12-26 14:35:50,420 -   train_loss = 4.185
2023-12-26 14:35:50,420 -   best_eval_score = 0.0348
2023-12-26 14:35:50,421 -   eval_score = 0.0191
2023-12-26 14:35:50,421 - EarlyStopping counter: 3 out of 8
2023-12-26 14:36:29,607 - ***** Epoch: 5: Eval results *****
2023-12-26 14:36:29,608 -   train_loss = 3.7972
2023-12-26 14:36:29,608 -   best_eval_score = 0.0348
2023-12-26 14:36:29,608 -   eval_score = 0.0156
2023-12-26 14:36:29,608 - EarlyStopping counter: 4 out of 8
2023-12-26 14:37:15,878 - ***** Epoch: 6: Eval results *****
2023-12-26 14:37:15,878 -   train_loss = 3.5337
2023-12-26 14:37:15,878 -   best_eval_score = 0.0348
2023-12-26 14:37:15,879 -   eval_score = 0.025
2023-12-26 14:37:15,879 - EarlyStopping counter: 5 out of 8
2023-12-26 14:37:53,037 - ***** Epoch: 7: Eval results *****
2023-12-26 14:37:53,037 -   train_loss = 3.3812
2023-12-26 14:37:53,037 -   best_eval_score = 0.0348
2023-12-26 14:37:53,037 -   eval_score = 0.0232
2023-12-26 14:37:53,037 - EarlyStopping counter: 6 out of 8
2023-12-26 14:38:36,929 - ***** Epoch: 8: Eval results *****
2023-12-26 14:38:36,929 -   train_loss = 3.2695
2023-12-26 14:38:36,929 -   best_eval_score = 0.0348
2023-12-26 14:38:36,929 -   eval_score = 0.0191
2023-12-26 14:38:36,930 - EarlyStopping counter: 7 out of 8
2023-12-26 14:39:17,479 - ***** Epoch: 9: Eval results *****
2023-12-26 14:39:17,480 -   train_loss = 3.1907
2023-12-26 14:39:17,480 -   best_eval_score = 0.0348
2023-12-26 14:39:17,480 -   eval_score = 0.0167
2023-12-26 14:39:17,480 - EarlyStopping counter: 8 out of 8
2023-12-26 14:39:17,481 - EarlyStopping at epoch 9
2023-12-26 14:39:17,483 - Training is finished...
2023-12-26 14:39:17,483 - Testing begins...
2023-12-26 14:39:25,407 - ***** Test: Confusion Matrix *****
2023-12-26 14:39:25,408 - [[32  0  0  0  0 11  3  0  0  0  2  0  6  3  0  0  0  0  0  0]
 [27  0  0  1  0  8  1  0  0  0  1  0  3  1  0  0  0  0  1  0]
 [20  0  0  1  0  2  1  0  0  0  2  0  1  0  0  0  0  0  0  0]
 [18  0  0  4  0  1  0  0  0  0  0  0  2  0  0  0  0  0  0  0]
 [10  0  0  1  0  2  3  0  0  0  0  0  5  0  0  0  0  2  0  0]
 [ 5  0  0  1  0  2  1  0  0  0  0  0  2  1  0  0  0  0  0  0]
 [ 7  0  0  2  0  1  1  0  0  0  0  0  1  0  0  0  0  0  0  0]
 [ 6  0  0  1  0  1  0  0  0  0  0  0  1  1  0  0  0  0  0  0]
 [ 4  0  0  0  0  4  1  0  0  0  0  0  1  0  0  0  0  0  0  0]
 [ 3  0  0  1  0  3  0  0  0  0  0  0  1  2  0  0  0  0  0  0]
 [12  0  0  1  0  1  1  0  0  0  0  0  2  1  0  0  0  0  0  0]
 [14  0  0  0  0  3  2  0  0  0  0  0  0  0  0  0  0  0  0  0]
 [25  0  0  4  0 13  4  0  0  0  0  0  7  4  0  0  0  0  0  0]
 [12  0  0  1  0  1  3  0  0  0  0  0  6  2  0  0  0  0  0  0]
 [10  0  0  1  0  8  1  0  0  0  0  0  0  1  0  0  0  0  1  0]
 [11  0  0  1  0  1  0  0  0  1  0  0  4  3  0  0  0  0  0  0]
 [10  0  0  0  0  2  0  0  0  0  0  0  3  1  0  0  0  0  1  0]
 [ 8  0  0  2  0  1  1  0  0  0  0  0  2  1  0  0  0  0  0  0]
 [ 7  0  0  0  0  4  0  0  0  1  0  0  0  0  0  0  0  0  0  0]
 [ 6  0  0  0  0  1  1  0  0  0  0  0  0  2  0  0  0  0  0  0]]
2023-12-26 14:39:25,408 - ***** Evaluation results *****
2023-12-26 14:39:25,409 -   acc = 0.1079
2023-12-26 14:39:25,409 -   f1 = 0.0352
2023-12-26 14:39:25,409 -   prec = 0.0309
2023-12-26 14:39:25,409 -   rec = 0.0587
2023-12-26 14:39:25,409 - Testing is finished...
2023-12-26 14:39:25,409 - Multimodal intent recognition is finished...
2023-12-26 14:39:25,409 - Results are saved in results/msz.csv
