2024-05-08 10:37:05,554 - ============================== Params ==============================
2024-05-08 10:37:05,554 - logger_name: msz_MIntRec2_multi-class_seed-3_2024-05-08-10-37-05
2024-05-08 10:37:05,554 - dataset: MIntRec2
2024-05-08 10:37:05,554 - data_mode: multi-class
2024-05-08 10:37:05,554 - method: msz
2024-05-08 10:37:05,554 - text_backbone: bert-base-uncased
2024-05-08 10:37:05,554 - text_backbone_path: /home/sharing/disk1/pretrained_embedding/bert/uncased_L-12_H-768_A-12/
2024-05-08 10:37:05,554 - seed: 3
2024-05-08 10:37:05,554 - num_workers: 8
2024-05-08 10:37:05,554 - gpu_id: 2
2024-05-08 10:37:05,554 - data_path: /home/sharing/disk2/sjh/intentDataset
2024-05-08 10:37:05,554 - train: True
2024-05-08 10:37:05,554 - tune: True
2024-05-08 10:37:05,554 - save_model: False
2024-05-08 10:37:05,554 - save_results: True
2024-05-08 10:37:05,554 - log_path: logs
2024-05-08 10:37:05,554 - cache_path: 
2024-05-08 10:37:05,554 - video_data_path: video_data
2024-05-08 10:37:05,554 - audio_data_path: audio_data
2024-05-08 10:37:05,554 - video_feats_path: video_feats.pkl
2024-05-08 10:37:05,554 - audio_feats_path: audio_feats.pkl
2024-05-08 10:37:05,554 - results_path: results
2024-05-08 10:37:05,554 - output_path: /home/sharing/disk2/sjh/Outputs/ablation_MIntRec2
2024-05-08 10:37:05,554 - model_path: models
2024-05-08 10:37:05,554 - config_file_name: msz_MIntRec2
2024-05-08 10:37:05,554 - results_file_name: ablation_msz.csv
2024-05-08 10:37:05,554 - ablation: no_audio
2024-05-08 10:37:05,555 - padding_mode: zero
2024-05-08 10:37:05,555 - padding_loc: end
2024-05-08 10:37:05,555 - need_aligned: False
2024-05-08 10:37:05,555 - eval_monitor: f1
2024-05-08 10:37:05,555 - train_batch_size: 32
2024-05-08 10:37:05,555 - eval_batch_size: 16
2024-05-08 10:37:05,555 - test_batch_size: 16
2024-05-08 10:37:05,555 - wait_patience: 8
2024-05-08 10:37:05,555 - hidden_dims: 768
2024-05-08 10:37:05,555 - num_attention_heads: 6
2024-05-08 10:37:05,555 - attention_probs_dropout_prob: 0.3
2024-05-08 10:37:05,555 - hidden_dropout_prob: 0.5
2024-05-08 10:37:05,555 - intermediate_size: 768
2024-05-08 10:37:05,555 - num_hidden_layers: 6
2024-05-08 10:37:05,555 - max_position_embeddings: 1000
2024-05-08 10:37:05,555 - position_embedding_type: absolute
2024-05-08 10:37:05,555 - batch_first: True
2024-05-08 10:37:05,555 - dropout: 0.2
2024-05-08 10:37:05,555 - aligned_method: conv1d
2024-05-08 10:37:05,555 - num_train_epochs: 100
2024-05-08 10:37:05,555 - lr: 5e-06
2024-05-08 10:37:05,555 - lr_mode: max
2024-05-08 10:37:05,555 - patience: 5
2024-05-08 10:37:05,555 - factor: 0.2
2024-05-08 10:37:05,555 - pred_output_path: /home/sharing/disk2/sjh/Outputs/ablation_MIntRec2/msz_MIntRec2_multi-class_seed-3_2024-05-08-10-37-05
2024-05-08 10:37:05,555 - model_output_path: /home/sharing/disk2/sjh/Outputs/ablation_MIntRec2/msz_MIntRec2_multi-class_seed-3_2024-05-08-10-37-05/models
2024-05-08 10:37:05,555 - ============================== End Params ==============================
2024-05-08 10:37:05,583 - Generate Text Features Begin...
2024-05-08 10:37:07,187 - Generate Text Features Finished...
2024-05-08 10:37:07,188 - Load Video Features Begin...
2024-05-08 10:37:08,238 - Load Video Features Finished...
2024-05-08 10:37:09,852 - Load Audio Features Begin...
2024-05-08 10:37:14,096 - Load Audio Features Finished...
2024-05-08 10:37:24,962 - method  begins...
2024-05-08 10:37:27,342 - Multimodal intent recognition begins...
2024-05-08 10:37:27,342 - Training begins...
2024-05-08 10:38:36,916 - ***** Epoch: 1: Eval results *****
2024-05-08 10:38:36,917 -   train_loss = 2.8392
2024-05-08 10:38:36,917 -   best_eval_score = 0.0
2024-05-08 10:38:36,917 -   eval_score = 0.2373
2024-05-08 10:39:45,014 - ***** Epoch: 2: Eval results *****
2024-05-08 10:39:45,014 -   train_loss = 1.8231
2024-05-08 10:39:45,014 -   best_eval_score = 0.2373
2024-05-08 10:39:45,014 -   eval_score = 0.3786
2024-05-08 10:40:52,154 - ***** Epoch: 3: Eval results *****
2024-05-08 10:40:52,155 -   train_loss = 1.403
2024-05-08 10:40:52,155 -   best_eval_score = 0.3786
2024-05-08 10:40:52,155 -   eval_score = 0.4301
2024-05-08 10:42:00,096 - ***** Epoch: 4: Eval results *****
2024-05-08 10:42:00,097 -   train_loss = 1.1818
2024-05-08 10:42:00,097 -   best_eval_score = 0.4301
2024-05-08 10:42:00,097 -   eval_score = 0.4622
2024-05-08 10:43:07,713 - ***** Epoch: 5: Eval results *****
2024-05-08 10:43:07,713 -   train_loss = 1.0138
2024-05-08 10:43:07,713 -   best_eval_score = 0.4622
2024-05-08 10:43:07,713 -   eval_score = 0.478
2024-05-08 10:44:14,524 - ***** Epoch: 6: Eval results *****
2024-05-08 10:44:14,524 -   train_loss = 0.8545
2024-05-08 10:44:14,524 -   best_eval_score = 0.478
2024-05-08 10:44:14,524 -   eval_score = 0.5053
2024-05-08 10:45:21,816 - ***** Epoch: 7: Eval results *****
2024-05-08 10:45:21,816 -   train_loss = 0.7093
2024-05-08 10:45:21,816 -   best_eval_score = 0.5053
2024-05-08 10:45:21,816 -   eval_score = 0.5082
2024-05-08 10:46:29,637 - ***** Epoch: 8: Eval results *****
2024-05-08 10:46:29,637 -   train_loss = 0.5575
2024-05-08 10:46:29,637 -   best_eval_score = 0.5082
2024-05-08 10:46:29,637 -   eval_score = 0.5109
2024-05-08 10:47:36,695 - ***** Epoch: 9: Eval results *****
2024-05-08 10:47:36,695 -   train_loss = 0.5268
2024-05-08 10:47:36,695 -   best_eval_score = 0.5109
2024-05-08 10:47:36,695 -   eval_score = 0.5147
2024-05-08 10:48:44,435 - ***** Epoch: 10: Eval results *****
2024-05-08 10:48:44,436 -   train_loss = 0.4965
2024-05-08 10:48:44,436 -   best_eval_score = 0.5147
2024-05-08 10:48:44,436 -   eval_score = 0.5145
2024-05-08 10:48:44,436 - EarlyStopping counter: 1 out of 8
2024-05-08 10:49:52,245 - ***** Epoch: 11: Eval results *****
2024-05-08 10:49:52,245 -   train_loss = 0.477
2024-05-08 10:49:52,245 -   best_eval_score = 0.5147
2024-05-08 10:49:52,246 -   eval_score = 0.521
2024-05-08 10:51:00,229 - ***** Epoch: 12: Eval results *****
2024-05-08 10:51:00,229 -   train_loss = 0.4513
2024-05-08 10:51:00,230 -   best_eval_score = 0.521
2024-05-08 10:51:00,230 -   eval_score = 0.5149
2024-05-08 10:51:00,230 - EarlyStopping counter: 1 out of 8
2024-05-08 10:52:08,192 - ***** Epoch: 13: Eval results *****
2024-05-08 10:52:08,192 -   train_loss = 0.429
2024-05-08 10:52:08,192 -   best_eval_score = 0.521
2024-05-08 10:52:08,192 -   eval_score = 0.5246
2024-05-08 10:53:15,761 - ***** Epoch: 14: Eval results *****
2024-05-08 10:53:15,762 -   train_loss = 0.4082
2024-05-08 10:53:15,762 -   best_eval_score = 0.5246
2024-05-08 10:53:15,762 -   eval_score = 0.5234
2024-05-08 10:53:15,762 - EarlyStopping counter: 1 out of 8
2024-05-08 10:54:22,780 - ***** Epoch: 15: Eval results *****
2024-05-08 10:54:22,780 -   train_loss = 0.4024
2024-05-08 10:54:22,780 -   best_eval_score = 0.5246
2024-05-08 10:54:22,780 -   eval_score = 0.5232
2024-05-08 10:54:22,781 - EarlyStopping counter: 2 out of 8
2024-05-08 10:55:30,165 - ***** Epoch: 16: Eval results *****
2024-05-08 10:55:30,165 -   train_loss = 0.3961
2024-05-08 10:55:30,165 -   best_eval_score = 0.5246
2024-05-08 10:55:30,165 -   eval_score = 0.5266
2024-05-08 10:56:37,557 - ***** Epoch: 17: Eval results *****
2024-05-08 10:56:37,557 -   train_loss = 0.3954
2024-05-08 10:56:37,557 -   best_eval_score = 0.5266
2024-05-08 10:56:37,557 -   eval_score = 0.5237
2024-05-08 10:56:37,557 - EarlyStopping counter: 1 out of 8
2024-05-08 10:57:44,700 - ***** Epoch: 18: Eval results *****
2024-05-08 10:57:44,700 -   train_loss = 0.3923
2024-05-08 10:57:44,700 -   best_eval_score = 0.5266
2024-05-08 10:57:44,700 -   eval_score = 0.5218
2024-05-08 10:57:44,700 - EarlyStopping counter: 2 out of 8
2024-05-08 10:58:52,193 - ***** Epoch: 19: Eval results *****
2024-05-08 10:58:52,193 -   train_loss = 0.3799
2024-05-08 10:58:52,193 -   best_eval_score = 0.5266
2024-05-08 10:58:52,193 -   eval_score = 0.5208
2024-05-08 10:58:52,194 - EarlyStopping counter: 3 out of 8
2024-05-08 10:59:59,672 - ***** Epoch: 20: Eval results *****
2024-05-08 10:59:59,672 -   train_loss = 0.3773
2024-05-08 10:59:59,672 -   best_eval_score = 0.5266
2024-05-08 10:59:59,672 -   eval_score = 0.5205
2024-05-08 10:59:59,672 - EarlyStopping counter: 4 out of 8
2024-05-08 11:01:07,437 - ***** Epoch: 21: Eval results *****
2024-05-08 11:01:07,437 -   train_loss = 0.3768
2024-05-08 11:01:07,437 -   best_eval_score = 0.5266
2024-05-08 11:01:07,437 -   eval_score = 0.5221
2024-05-08 11:01:07,437 - EarlyStopping counter: 5 out of 8
2024-05-08 11:02:15,788 - ***** Epoch: 22: Eval results *****
2024-05-08 11:02:15,788 -   train_loss = 0.372
2024-05-08 11:02:15,788 -   best_eval_score = 0.5266
2024-05-08 11:02:15,788 -   eval_score = 0.5226
2024-05-08 11:02:15,788 - EarlyStopping counter: 6 out of 8
2024-05-08 11:03:24,365 - ***** Epoch: 23: Eval results *****
2024-05-08 11:03:24,365 -   train_loss = 0.3787
2024-05-08 11:03:24,365 -   best_eval_score = 0.5266
2024-05-08 11:03:24,365 -   eval_score = 0.5244
2024-05-08 11:03:24,365 - EarlyStopping counter: 7 out of 8
2024-05-08 11:04:34,087 - ***** Epoch: 24: Eval results *****
2024-05-08 11:04:34,088 -   train_loss = 0.3743
2024-05-08 11:04:34,088 -   best_eval_score = 0.5266
2024-05-08 11:04:34,088 -   eval_score = 0.5252
2024-05-08 11:04:34,088 - EarlyStopping counter: 8 out of 8
2024-05-08 11:04:34,088 - EarlyStopping at epoch 24
2024-05-08 11:04:34,093 - Training is finished...
2024-05-08 11:04:34,093 - Testing begins...
2024-05-08 11:04:45,299 - ***** Test: Confusion Matrix *****
2024-05-08 11:04:45,302 - [[ 50   0  12   0   0   0   0   0   1   0   2   0   0   0   0   1   0   0
    0   0   0   0   0   1   1   0   0   0   0   0]
 [  0  56   0   0   9   1   5   0   0   0   2   1   3   0   3   1   0   7
    1   1   0   2   0   1   1   0   1   2   0   0]
 [ 10   0  43   0   1   0   0   0   0   0   1   0   0   1   1   0   0   2
    0   0   0   0   0   2   3   0   0   0   0   0]
 [  0   0   0  61   0   0   0   0   0   0   0   0   0   0   1   0   1   0
    0   0   0   0   0   0   0   0   0   1   0   1]
 [  0   6   0   0  33   0   0   0   1   0   0   0   0   0   0   0   0   4
    0   1   0   1   0   1   1   1   0   0   1   1]
 [  0   2   0   0   2  22   0   0   0   1   0   0   1   0   1   0   0   5
    0   1   0   0   0   0   0   1   1   0   0   0]
 [  0   1   0   0   0   4  26  10   0   1   2   1   3   0   0   0   0   0
    0   0   0   0   0   0   0   0   0   0   0   0]
 [  0   0   0   0   0   0   8  27   0   1   5   0   4   0   0   0   1   0
    0   0   0   0   0   0   0   1   0   0   0   0]
 [  1   2   1   3   1   0   0   0  22   2   0   2   0   1   2   0   0   3
    0   0   0   1   6   0   2   0   0   0   0   0]
 [  0   0   0   1   1   0   0   0   2  55   0   8   6   0  15   0   0   4
    0   0   0   1   2   2   4   2   1   3   0   0]
 [  2   1   0   0   0   4   4   3   0   2  41   0  30   0   3   0   0   1
    0   1   0   0   0   0   1   0   0   0   0   0]
 [  0   0   0   0   0   0   1   1   0   7   1  24   5   0   1   0   0   0
    1   0   0   0   2   0   1   0   0   2   0   1]
 [  0   4   0   0   0   1   4   7   0   6  25   2  82   0   1   0   2   0
    0   0   0   0   0   0   0   0   0   1   0   0]
 [  0   0   1   0   1   0   0   0   0   2   0   0   0   2   2   2   0   1
    3   0   0   0   2   0   0   0   0   1   0   0]
 [  0   2   2   0   0   1   0   0   4   8   2   2   1   0 114   1   0  27
    4   0   2   1  12   1   5   0   1   3   0   0]
 [  0   0   2   0   1   0   0   0   0   3   0   0   0   1   2   4   0   2
    2   0   0   0   0   0   0   0   0   3   1   1]
 [  0   0   0   0   1   0   0   0   0   0   1   0   2   0   0   0  54   1
    5   0   0   0   0   0   1   0   0   1   0   0]
 [  0   5   1   0   6   3   0   0   3  12   1   0   1   0  18   3   1 121
    9   3   1   5   8   7   1   1   1   3   1   2]
 [  0   3   1   0   0   0   0   0   0   4   1   0   0   0   6   0   2   7
   29   1   2   0   1   0   3   0   0   0   0   0]
 [  0   5   0   0   1   0   2   0   0   0   1   0   0   0   0   0   0   0
    0   7   0   1   0   0   0   0   0   0   0   0]
 [  1   1   2   0   2   0   0   0   0   2   0   1   1   0   3   0   0   5
    5   0   2   0   1   1   1   0   0   1   0   0]
 [  7   1   0   0   1   0   0   0   0   6   0   1   0   0   0   0   4   0
    0   0   0  27   1   4   1   0   0   0   0   0]
 [  0   1   2   1   0   0   0   0   2   6   0   3   0   0  10   1   0   2
    0   0   0   0  84   0   0   3   2   0   0   0]
 [  0   3   1   0   1   0   0   0   0   1   0   0   0   0   0   0   0   7
    0   0   0   2   0  23   0   0   0   0   0   0]
 [  1   0   3   0   0   0   0   0   0   1   1   1   0   0   3   0   0   3
    0   0   0   0   1   1  87   0   0   9   2   0]
 [  1   0   0   0   0   0   0   0   0   0   0   1   0   0   0   0   0   2
    0   0   0   1   2   0   1  21   0   0   0   2]
 [  0   1   0   2   0   0   0   0   0   2   0   0   0   0   1   0   0   4
    0   0   0   2   1   0   0   0   3   0   1   0]
 [  0   2   1   0   0   0   0   0   1   9   2   4   4   0   3   0   0   4
    1   0   2   0   1   0   7   1   0  14   1   1]
 [  0   0   0   0   0   0   0   0   0   0   0   0   0   0   1   0   1   0
    0   0   0   0   0   0   0   0   0   0  56   0]
 [  0   2   0   0   1   0   0   0   1   2   1   1   0   0   0   0   0   4
    1   0   0   0   0   0   0   1   0   1   0   4]]
2024-05-08 11:04:45,302 - ***** Evaluation results *****
2024-05-08 11:04:45,302 -   acc = 0.5873
2024-05-08 11:04:45,302 -   f1 = 0.5304
2024-05-08 11:04:45,303 -   prec = 0.5441
2024-05-08 11:04:45,303 -   rec = 0.5302
2024-05-08 11:04:45,303 - Testing is finished...
2024-05-08 11:04:45,303 - Multimodal intent recognition is finished...
2024-05-08 11:04:45,303 - Results are saved in results/ablation_msz.csv
