2024-01-18 06:34:08,596 - ============================== Params ==============================
2024-01-18 06:34:08,596 - logger_name: msz_MIntRec_multi-class_seed-3_2024-01-18-06-34-08
2024-01-18 06:34:08,596 - dataset: MIntRec
2024-01-18 06:34:08,596 - data_mode: multi-class
2024-01-18 06:34:08,596 - method: msz
2024-01-18 06:34:08,596 - text_backbone: bert-base-uncased
2024-01-18 06:34:08,597 - text_backbone_path: /home/sharing/disk1/pretrained_embedding/bert/uncased_L-12_H-768_A-12/
2024-01-18 06:34:08,597 - seed: 3
2024-01-18 06:34:08,597 - num_workers: 8
2024-01-18 06:34:08,597 - gpu_id: 1
2024-01-18 06:34:08,597 - data_path: /home/sharing/disk2/sjh/intentDataset
2024-01-18 06:34:08,597 - train: True
2024-01-18 06:34:08,597 - tune: False
2024-01-18 06:34:08,597 - save_model: False
2024-01-18 06:34:08,597 - save_results: True
2024-01-18 06:34:08,597 - log_path: logs
2024-01-18 06:34:08,597 - cache_path: 
2024-01-18 06:34:08,597 - video_data_path: video_data
2024-01-18 06:34:08,597 - audio_data_path: audio_data
2024-01-18 06:34:08,597 - video_feats_path: video_feats.pkl
2024-01-18 06:34:08,597 - audio_feats_path: audio_feats.pkl
2024-01-18 06:34:08,597 - results_path: results
2024-01-18 06:34:08,597 - output_path: /home/sharing/disk2/sjh/Outputs/MIntRec
2024-01-18 06:34:08,597 - model_path: models
2024-01-18 06:34:08,597 - config_file_name: msz
2024-01-18 06:34:08,597 - results_file_name: msz.csv
2024-01-18 06:34:08,597 - padding_mode: zero
2024-01-18 06:34:08,597 - padding_loc: end
2024-01-18 06:34:08,597 - need_aligned: False
2024-01-18 06:34:08,597 - eval_monitor: f1
2024-01-18 06:34:08,597 - train_batch_size: 16
2024-01-18 06:34:08,597 - eval_batch_size: 8
2024-01-18 06:34:08,597 - test_batch_size: 8
2024-01-18 06:34:08,597 - wait_patience: 8
2024-01-18 06:34:08,597 - hidden_size: 768
2024-01-18 06:34:08,597 - num_attention_heads: 12
2024-01-18 06:34:08,597 - attention_probs_dropout_prob: 0.2
2024-01-18 06:34:08,597 - hidden_dropout_prob: 0.2
2024-01-18 06:34:08,598 - intermediate_size: 768
2024-01-18 06:34:08,598 - num_hidden_layers: 8
2024-01-18 06:34:08,598 - max_position_embeddings: 768
2024-01-18 06:34:08,598 - position_embedding_type: absolute
2024-01-18 06:34:08,598 - batch_first: True
2024-01-18 06:34:08,598 - hidden_dims: 768
2024-01-18 06:34:08,598 - dropout: 0.1
2024-01-18 06:34:08,598 - aligned_method: conv1d
2024-01-18 06:34:08,598 - num_train_epochs: 100
2024-01-18 06:34:08,598 - lr: 4e-06
2024-01-18 06:34:08,598 - scale: 64
2024-01-18 06:34:08,598 - pred_output_path: /home/sharing/disk2/sjh/Outputs/MIntRec/msz_MIntRec_multi-class_seed-3_2024-01-18-06-34-08
2024-01-18 06:34:08,598 - model_output_path: /home/sharing/disk2/sjh/Outputs/MIntRec/msz_MIntRec_multi-class_seed-3_2024-01-18-06-34-08/models
2024-01-18 06:34:08,598 - ============================== End Params ==============================
2024-01-18 06:34:08,601 - Generate Text Features Begin...
2024-01-18 06:34:09,117 - Generate Text Features Finished...
2024-01-18 06:34:09,118 - Load Video Features Begin...
2024-01-18 06:34:09,503 - Load Video Features Finished...
2024-01-18 06:34:10,224 - Load Audio Features Begin...
2024-01-18 06:34:11,503 - Load Audio Features Finished...
2024-01-18 06:34:17,178 - method  begins...
2024-01-18 06:34:21,864 - Multimodal intent recognition begins...
2024-01-18 06:34:21,865 - Training begins...
2024-01-18 06:34:46,627 - ***** Epoch: 1: Eval results *****
2024-01-18 06:34:46,627 -   train_loss = 3.1812
2024-01-18 06:34:46,628 -   best_eval_score = 0.0
2024-01-18 06:34:46,628 -   eval_score = 0.431
2024-01-18 06:35:10,458 - ***** Epoch: 2: Eval results *****
2024-01-18 06:35:10,458 -   train_loss = 1.9906
2024-01-18 06:35:10,458 -   best_eval_score = 0.431
2024-01-18 06:35:10,458 -   eval_score = 0.5084
2024-01-18 06:35:33,398 - ***** Epoch: 3: Eval results *****
2024-01-18 06:35:33,398 -   train_loss = 1.4869
2024-01-18 06:35:33,398 -   best_eval_score = 0.5084
2024-01-18 06:35:33,398 -   eval_score = 0.6033
2024-01-18 06:35:57,282 - ***** Epoch: 4: Eval results *****
2024-01-18 06:35:57,282 -   train_loss = 1.1876
2024-01-18 06:35:57,282 -   best_eval_score = 0.6033
2024-01-18 06:35:57,282 -   eval_score = 0.6254
2024-01-18 06:36:18,746 - ***** Epoch: 5: Eval results *****
2024-01-18 06:36:18,748 -   train_loss = 0.959
2024-01-18 06:36:18,748 -   best_eval_score = 0.6254
2024-01-18 06:36:18,748 -   eval_score = 0.6172
2024-01-18 06:36:18,748 - EarlyStopping counter: 1 out of 8
2024-01-18 06:36:39,731 - ***** Epoch: 6: Eval results *****
2024-01-18 06:36:39,731 -   train_loss = 0.7582
2024-01-18 06:36:39,731 -   best_eval_score = 0.6254
2024-01-18 06:36:39,731 -   eval_score = 0.624
2024-01-18 06:36:39,731 - EarlyStopping counter: 2 out of 8
2024-01-18 06:37:00,545 - ***** Epoch: 7: Eval results *****
2024-01-18 06:37:00,546 -   train_loss = 0.6069
2024-01-18 06:37:00,546 -   best_eval_score = 0.6254
2024-01-18 06:37:00,546 -   eval_score = 0.6461
2024-01-18 06:37:22,194 - ***** Epoch: 8: Eval results *****
2024-01-18 06:37:22,194 -   train_loss = 0.4751
2024-01-18 06:37:22,195 -   best_eval_score = 0.6461
2024-01-18 06:37:22,195 -   eval_score = 0.66
2024-01-18 06:37:42,508 - ***** Epoch: 9: Eval results *****
2024-01-18 06:37:42,509 -   train_loss = 0.3847
2024-01-18 06:37:42,509 -   best_eval_score = 0.66
2024-01-18 06:37:42,509 -   eval_score = 0.6746
2024-01-18 06:38:05,334 - ***** Epoch: 10: Eval results *****
2024-01-18 06:38:05,335 -   train_loss = 0.3337
2024-01-18 06:38:05,335 -   best_eval_score = 0.6746
2024-01-18 06:38:05,335 -   eval_score = 0.6498
2024-01-18 06:38:05,335 - EarlyStopping counter: 1 out of 8
2024-01-18 06:38:25,638 - ***** Epoch: 11: Eval results *****
2024-01-18 06:38:25,638 -   train_loss = 0.2561
2024-01-18 06:38:25,638 -   best_eval_score = 0.6746
2024-01-18 06:38:25,638 -   eval_score = 0.6749
2024-01-18 06:38:47,393 - ***** Epoch: 12: Eval results *****
2024-01-18 06:38:47,394 -   train_loss = 0.2448
2024-01-18 06:38:47,394 -   best_eval_score = 0.6749
2024-01-18 06:38:47,394 -   eval_score = 0.6697
2024-01-18 06:38:47,394 - EarlyStopping counter: 1 out of 8
2024-01-18 06:39:07,577 - ***** Epoch: 13: Eval results *****
2024-01-18 06:39:07,577 -   train_loss = 0.2381
2024-01-18 06:39:07,577 -   best_eval_score = 0.6749
2024-01-18 06:39:07,577 -   eval_score = 0.6701
2024-01-18 06:39:07,577 - EarlyStopping counter: 2 out of 8
2024-01-18 06:39:28,437 - ***** Epoch: 14: Eval results *****
2024-01-18 06:39:28,438 -   train_loss = 0.225
2024-01-18 06:39:28,438 -   best_eval_score = 0.6749
2024-01-18 06:39:28,438 -   eval_score = 0.6788
