2024-03-09 22:28:39,655 - ============================== Params ==============================
2024-03-09 22:28:39,655 - logger_name: msz_MIntRec_multi-class_seed-1_2024-03-09-22-28-39
2024-03-09 22:28:39,655 - dataset: MIntRec
2024-03-09 22:28:39,655 - data_mode: multi-class
2024-03-09 22:28:39,655 - method: msz
2024-03-09 22:28:39,655 - text_backbone: bert-base-uncased
2024-03-09 22:28:39,655 - text_backbone_path: /home/sharing/disk1/pretrained_embedding/bert/uncased_L-12_H-768_A-12/
2024-03-09 22:28:39,655 - seed: 1
2024-03-09 22:28:39,655 - num_workers: 8
2024-03-09 22:28:39,655 - gpu_id: 2
2024-03-09 22:28:39,655 - data_path: /home/sharing/disk2/sjh/intentDataset
2024-03-09 22:28:39,655 - train: True
2024-03-09 22:28:39,656 - tune: True
2024-03-09 22:28:39,656 - save_model: False
2024-03-09 22:28:39,656 - save_results: True
2024-03-09 22:28:39,656 - log_path: logs
2024-03-09 22:28:39,656 - cache_path: 
2024-03-09 22:28:39,656 - video_data_path: video_data
2024-03-09 22:28:39,656 - audio_data_path: audio_data
2024-03-09 22:28:39,656 - video_feats_path: video_feats.pkl
2024-03-09 22:28:39,656 - audio_feats_path: audio_feats.pkl
2024-03-09 22:28:39,656 - results_path: results
2024-03-09 22:28:39,656 - output_path: /home/sharing/disk2/sjh/Outputs/MIntRec
2024-03-09 22:28:39,656 - model_path: models
2024-03-09 22:28:39,656 - config_file_name: msz_MIntRec
2024-03-09 22:28:39,656 - results_file_name: msz.csv
2024-03-09 22:28:39,656 - padding_mode: zero
2024-03-09 22:28:39,656 - padding_loc: end
2024-03-09 22:28:39,656 - need_aligned: False
2024-03-09 22:28:39,656 - eval_monitor: f1
2024-03-09 22:28:39,656 - train_batch_size: 16
2024-03-09 22:28:39,656 - eval_batch_size: 8
2024-03-09 22:28:39,656 - test_batch_size: 8
2024-03-09 22:28:39,656 - wait_patience: 8
2024-03-09 22:28:39,656 - hidden_dims: 768
2024-03-09 22:28:39,656 - intermediate_size: 768
2024-03-09 22:28:39,656 - position_embedding_type: absolute
2024-03-09 22:28:39,656 - batch_first: True
2024-03-09 22:28:39,656 - d_num_attention_heads: 8
2024-03-09 22:28:39,656 - d_attention_probs_dropout_prob: 0.2
2024-03-09 22:28:39,656 - d_hidden_dropout_prob: 0.2
2024-03-09 22:28:39,656 - d_num_hidden_layers: 10
2024-03-09 22:28:39,656 - d_max_position_embeddings: 768
2024-03-09 22:28:39,656 - m_num_attention_heads: 12
2024-03-09 22:28:39,656 - m_attention_probs_dropout_prob: 0.2
2024-03-09 22:28:39,656 - m_hidden_dropout_prob: 0.3
2024-03-09 22:28:39,656 - m_num_hidden_layers: 8
2024-03-09 22:28:39,656 - m_max_position_embeddings: 1024
2024-03-09 22:28:39,656 - dropout: 0.2
2024-03-09 22:28:39,656 - aligned_method: conv1d
2024-03-09 22:28:39,656 - num_train_epochs: 100
2024-03-09 22:28:39,656 - lr: 5e-06
2024-03-09 22:28:39,656 - lr_mode: min
2024-03-09 22:28:39,656 - pred_output_path: /home/sharing/disk2/sjh/Outputs/MIntRec/msz_MIntRec_multi-class_seed-1_2024-03-09-22-28-39
2024-03-09 22:28:39,656 - model_output_path: /home/sharing/disk2/sjh/Outputs/MIntRec/msz_MIntRec_multi-class_seed-1_2024-03-09-22-28-39/models
2024-03-09 22:28:39,656 - num_labels: 20
2024-03-09 22:28:39,656 - text_feat_dim: 768
2024-03-09 22:28:39,656 - video_feat_dim: 256
2024-03-09 22:28:39,657 - audio_feat_dim: 768
2024-03-09 22:28:39,657 - text_seq_len: 30
2024-03-09 22:28:39,657 - video_seq_len: 230
2024-03-09 22:28:39,657 - audio_seq_len: 480
2024-03-09 22:28:39,657 - device: cuda:2
2024-03-09 22:28:39,657 - ============================== End Params ==============================
2024-03-09 22:28:39,659 - Generate Text Features Begin...
2024-03-09 22:28:40,039 - Generate Text Features Finished...
2024-03-09 22:28:40,039 - Load Video Features Begin...
2024-03-09 22:28:40,293 - Load Video Features Finished...
2024-03-09 22:28:40,735 - Load Audio Features Begin...
2024-03-09 22:28:41,571 - Load Audio Features Finished...
2024-03-09 22:28:44,265 - method  begins...
2024-03-09 22:28:46,325 - Multimodal intent recognition begins...
2024-03-09 22:28:46,326 - Training begins...
2024-03-09 22:29:10,225 - ***** Epoch: 1: Eval results *****
2024-03-09 22:29:10,225 -   train_loss = 2.6955
2024-03-09 22:29:10,225 -   best_eval_score = 0.0
2024-03-09 22:29:10,225 -   eval_score = 0.1995
2024-03-09 22:29:33,352 - ***** Epoch: 2: Eval results *****
2024-03-09 22:29:33,352 -   train_loss = 1.8984
2024-03-09 22:29:33,352 -   best_eval_score = 0.1995
2024-03-09 22:29:33,353 -   eval_score = 0.4866
2024-03-09 22:29:55,897 - ***** Epoch: 3: Eval results *****
2024-03-09 22:29:55,898 -   train_loss = 1.2144
2024-03-09 22:29:55,898 -   best_eval_score = 0.4866
2024-03-09 22:29:55,898 -   eval_score = 0.5683
2024-03-09 22:30:19,028 - ***** Epoch: 4: Eval results *****
2024-03-09 22:30:19,028 -   train_loss = 0.7733
2024-03-09 22:30:19,028 -   best_eval_score = 0.5683
2024-03-09 22:30:19,029 -   eval_score = 0.6316
2024-03-09 22:30:40,907 - ***** Epoch: 5: Eval results *****
2024-03-09 22:30:40,907 -   train_loss = 0.4846
2024-03-09 22:30:40,907 -   best_eval_score = 0.6316
2024-03-09 22:30:40,907 -   eval_score = 0.6604
2024-03-09 22:31:03,376 - ***** Epoch: 6: Eval results *****
2024-03-09 22:31:03,376 -   train_loss = 0.3102
2024-03-09 22:31:03,376 -   best_eval_score = 0.6604
2024-03-09 22:31:03,376 -   eval_score = 0.673
2024-03-09 22:31:26,270 - ***** Epoch: 7: Eval results *****
2024-03-09 22:31:26,270 -   train_loss = 0.1924
2024-03-09 22:31:26,270 -   best_eval_score = 0.673
2024-03-09 22:31:26,270 -   eval_score = 0.6474
2024-03-09 22:31:26,270 - EarlyStopping counter: 1 out of 8
2024-03-09 22:31:48,577 - ***** Epoch: 8: Eval results *****
2024-03-09 22:31:48,577 -   train_loss = 0.1165
2024-03-09 22:31:48,577 -   best_eval_score = 0.673
2024-03-09 22:31:48,577 -   eval_score = 0.6842
2024-03-09 22:32:11,911 - ***** Epoch: 9: Eval results *****
2024-03-09 22:32:11,911 -   train_loss = 0.0732
2024-03-09 22:32:11,911 -   best_eval_score = 0.6842
2024-03-09 22:32:11,912 -   eval_score = 0.6758
2024-03-09 22:32:11,912 - EarlyStopping counter: 1 out of 8
2024-03-09 22:32:34,129 - ***** Epoch: 10: Eval results *****
2024-03-09 22:32:34,129 -   train_loss = 0.0554
2024-03-09 22:32:34,129 -   best_eval_score = 0.6842
2024-03-09 22:32:34,129 -   eval_score = 0.6823
2024-03-09 22:32:34,129 - EarlyStopping counter: 2 out of 8
2024-03-09 22:32:56,452 - ***** Epoch: 11: Eval results *****
2024-03-09 22:32:56,452 -   train_loss = 0.0358
2024-03-09 22:32:56,452 -   best_eval_score = 0.6842
2024-03-09 22:32:56,452 -   eval_score = 0.6835
2024-03-09 22:32:56,452 - EarlyStopping counter: 3 out of 8
2024-03-09 22:33:19,792 - ***** Epoch: 12: Eval results *****
2024-03-09 22:33:19,792 -   train_loss = 0.0343
2024-03-09 22:33:19,792 -   best_eval_score = 0.6842
2024-03-09 22:33:19,793 -   eval_score = 0.6848
2024-03-09 22:33:42,358 - ***** Epoch: 13: Eval results *****
2024-03-09 22:33:42,358 -   train_loss = 0.0342
2024-03-09 22:33:42,358 -   best_eval_score = 0.6848
2024-03-09 22:33:42,358 -   eval_score = 0.6881
2024-03-09 22:34:05,639 - ***** Epoch: 14: Eval results *****
2024-03-09 22:34:05,640 -   train_loss = 0.0315
2024-03-09 22:34:05,640 -   best_eval_score = 0.6881
2024-03-09 22:34:05,640 -   eval_score = 0.6797
2024-03-09 22:34:05,640 - EarlyStopping counter: 1 out of 8
2024-03-09 22:34:29,022 - ***** Epoch: 15: Eval results *****
2024-03-09 22:34:29,022 -   train_loss = 0.0321
2024-03-09 22:34:29,022 -   best_eval_score = 0.6881
2024-03-09 22:34:29,022 -   eval_score = 0.6816
2024-03-09 22:34:29,022 - EarlyStopping counter: 2 out of 8
2024-03-09 22:34:51,475 - ***** Epoch: 16: Eval results *****
2024-03-09 22:34:51,475 -   train_loss = 0.0308
2024-03-09 22:34:51,475 -   best_eval_score = 0.6881
2024-03-09 22:34:51,475 -   eval_score = 0.6773
2024-03-09 22:34:51,475 - EarlyStopping counter: 3 out of 8
2024-03-09 22:35:13,812 - ***** Epoch: 17: Eval results *****
2024-03-09 22:35:13,813 -   train_loss = 0.0286
2024-03-09 22:35:13,813 -   best_eval_score = 0.6881
2024-03-09 22:35:13,813 -   eval_score = 0.6816
2024-03-09 22:35:13,813 - EarlyStopping counter: 4 out of 8
2024-03-09 22:35:35,889 - ***** Epoch: 18: Eval results *****
2024-03-09 22:35:35,889 -   train_loss = 0.027
2024-03-09 22:35:35,889 -   best_eval_score = 0.6881
2024-03-09 22:35:35,889 -   eval_score = 0.6881
2024-03-09 22:35:35,889 - EarlyStopping counter: 5 out of 8
2024-03-09 22:35:58,095 - ***** Epoch: 19: Eval results *****
2024-03-09 22:35:58,095 -   train_loss = 0.0275
2024-03-09 22:35:58,095 -   best_eval_score = 0.6881
2024-03-09 22:35:58,095 -   eval_score = 0.6861
2024-03-09 22:35:58,095 - EarlyStopping counter: 6 out of 8
2024-03-09 22:36:20,343 - ***** Epoch: 20: Eval results *****
2024-03-09 22:36:20,343 -   train_loss = 0.0259
2024-03-09 22:36:20,343 -   best_eval_score = 0.6881
2024-03-09 22:36:20,343 -   eval_score = 0.6861
2024-03-09 22:36:20,343 - EarlyStopping counter: 7 out of 8
2024-03-09 22:36:43,598 - ***** Epoch: 21: Eval results *****
2024-03-09 22:36:43,598 -   train_loss = 0.0257
2024-03-09 22:36:43,599 -   best_eval_score = 0.6881
2024-03-09 22:36:43,599 -   eval_score = 0.686
2024-03-09 22:36:43,599 - EarlyStopping counter: 8 out of 8
2024-03-09 22:36:43,599 - EarlyStopping at epoch 21
2024-03-09 22:36:43,603 - Training is finished...
2024-03-09 22:36:43,603 - Testing begins...
2024-03-09 22:36:47,857 - ***** Test: Confusion Matrix *****
2024-03-09 22:36:47,858 - [[37  3  0  0  8  0  0  1  0  1  1  0  5  1  0  0  0  0  0  0]
 [ 0 35  0  1  0  3  0  0  0  0  1  0  3  0  0  0  0  0  0  0]
 [ 1  0 26  0  0  0  0  0  0  0  0  0  0  0  0  0  0  0  0  0]
 [ 0  1  0 24  0  0  0  0  0  0  0  0  0  0  0  0  0  0  0  0]
 [ 5  0  0  0 11  0  1  0  0  2  0  1  1  0  1  0  0  1  0  0]
 [ 0  0  0  0  0 11  0  0  0  0  1  0  0  0  0  0  0  0  0  0]
 [ 1  1  0  0  2  0  3  0  3  0  0  0  1  0  1  0  0  0  0  0]
 [ 2  0  0  0  0  1  0  6  1  0  0  0  0  0  0  0  0  0  0  0]
 [ 1  0  0  0  0  0  0  2  5  0  0  0  1  0  0  1  0  0  0  0]
 [ 1  0  0  0  1  0  0  0  0  4  0  0  0  0  0  2  1  1  0  0]
 [ 1  0  0  0  0  0  0  0  0  2 13  1  0  0  1  0  0  0  0  0]
 [ 0  0  0  0  0  0  1  0  0  0  0 17  0  0  0  0  0  0  0  1]
 [ 4  2  0  0  1  0  0  0  0  0  0  1 44  2  2  0  1  0  0  0]
 [ 0  0  0  0  0  0  2  0  0  0  2  1  2 17  1  0  0  0  0  0]
 [ 0  0  0  0  1  0  0  0  1  0  0  0  2  2 14  0  1  0  0  1]
 [ 0  0  0  0  0  0  0  1  0  0  0  0  4  1  0 15  0  0  0  0]
 [ 0  0  0  0  0  0  0  0  0  0  0  0  2  0  2  0 13  0  0  0]
 [ 0  0  0  0  0  0  0  0  0  1  1  0  2  0  0  0  0 11  0  0]
 [ 0  0  0  0  0  0  0  0  0  0  0  0  2  0  0  1  0  0  9  0]
 [ 0  0  0  0  0  0  0  0  0  0  0  0  0  1  1  0  2  0  0  6]]
2024-03-09 22:36:47,858 - ***** Evaluation results *****
2024-03-09 22:36:47,858 -   acc = 0.7213
2024-03-09 22:36:47,858 -   f1 = 0.6953
2024-03-09 22:36:47,858 -   prec = 0.7084
2024-03-09 22:36:47,858 -   rec = 0.6899
2024-03-09 22:36:47,859 - Testing is finished...
2024-03-09 22:36:47,859 - Multimodal intent recognition is finished...
2024-03-09 22:36:47,859 - Results are saved in results/msz.csv
