2024-01-11 03:18:38,757 - ============================== Params ==============================
2024-01-11 03:18:38,757 - logger_name: msz_MIntRec_multi-class_seed-5_2024-01-11-03-18-38
2024-01-11 03:18:38,757 - dataset: MIntRec
2024-01-11 03:18:38,757 - data_mode: multi-class
2024-01-11 03:18:38,757 - method: msz
2024-01-11 03:18:38,757 - text_backbone: bert-base-uncased
2024-01-11 03:18:38,757 - text_backbone_path: /home/sharing/disk1/pretrained_embedding/bert/uncased_L-12_H-768_A-12/
2024-01-11 03:18:38,757 - seed: 5
2024-01-11 03:18:38,757 - num_workers: 8
2024-01-11 03:18:38,757 - gpu_id: 1
2024-01-11 03:18:38,757 - data_path: /home/sharing/disk2/sjh/intentDataset
2024-01-11 03:18:38,757 - train: True
2024-01-11 03:18:38,757 - tune: False
2024-01-11 03:18:38,757 - save_model: False
2024-01-11 03:18:38,757 - save_results: True
2024-01-11 03:18:38,757 - log_path: logs
2024-01-11 03:18:38,757 - cache_path: 
2024-01-11 03:18:38,757 - video_data_path: video_data
2024-01-11 03:18:38,757 - audio_data_path: audio_data
2024-01-11 03:18:38,757 - video_feats_path: video_feats.pkl
2024-01-11 03:18:38,757 - audio_feats_path: audio_feats.pkl
2024-01-11 03:18:38,757 - results_path: results
2024-01-11 03:18:38,757 - output_path: /home/sharing/disk2/sjh/Outputs/MIntRec
2024-01-11 03:18:38,757 - model_path: models
2024-01-11 03:18:38,757 - config_file_name: msz
2024-01-11 03:18:38,757 - results_file_name: msz.csv
2024-01-11 03:18:38,758 - padding_mode: zero
2024-01-11 03:18:38,758 - padding_loc: end
2024-01-11 03:18:38,758 - need_aligned: False
2024-01-11 03:18:38,758 - eval_monitor: f1
2024-01-11 03:18:38,758 - train_batch_size: 16
2024-01-11 03:18:38,758 - eval_batch_size: 8
2024-01-11 03:18:38,758 - test_batch_size: 8
2024-01-11 03:18:38,758 - wait_patience: 8
2024-01-11 03:18:38,758 - nheads: 12
2024-01-11 03:18:38,758 - encoder_layers: 4
2024-01-11 03:18:38,758 - attn_dropout: 0.1
2024-01-11 03:18:38,758 - relu_dropout: 0.1
2024-01-11 03:18:38,758 - embed_dropout: 0.1
2024-01-11 03:18:38,758 - res_dropout: 0.1
2024-01-11 03:18:38,758 - attn_mask: False
2024-01-11 03:18:38,758 - hidden_size: 768
2024-01-11 03:18:38,758 - num_attention_heads: 12
2024-01-11 03:18:38,758 - attention_probs_dropout_prob: 0.1
2024-01-11 03:18:38,758 - hidden_dropout_prob: 0.1
2024-01-11 03:18:38,758 - intermediate_size: 768
2024-01-11 03:18:38,758 - num_hidden_layers: 8
2024-01-11 03:18:38,758 - max_position_embeddings: 768
2024-01-11 03:18:38,758 - position_embedding_type: absolute
2024-01-11 03:18:38,758 - batch_first: True
2024-01-11 03:18:38,758 - hidden_dims: 768
2024-01-11 03:18:38,758 - att_dropouts: [0.2, 0.2, 0.2]
2024-01-11 03:18:38,758 - spe_dropouts: [0.2, 0.1, 0.1]
2024-01-11 03:18:38,758 - aligned_method: conv1d
2024-01-11 03:18:38,758 - grad_clip: 2
2024-01-11 03:18:38,758 - num_train_epochs: 100
2024-01-11 03:18:38,758 - warmup_proportion: 0.1
2024-01-11 03:18:38,758 - lr: 3e-06
2024-01-11 03:18:38,758 - weight_decay: 0.01
2024-01-11 03:18:38,758 - pred_output_path: /home/sharing/disk2/sjh/Outputs/MIntRec/msz_MIntRec_multi-class_seed-5_2024-01-11-03-18-38
2024-01-11 03:18:38,758 - model_output_path: /home/sharing/disk2/sjh/Outputs/MIntRec/msz_MIntRec_multi-class_seed-5_2024-01-11-03-18-38/models
2024-01-11 03:18:38,758 - ============================== End Params ==============================
2024-01-11 03:18:38,761 - Generate Text Features Begin...
2024-01-11 03:18:39,195 - Generate Text Features Finished...
2024-01-11 03:18:39,196 - Load Video Features Begin...
2024-01-11 03:18:39,519 - Load Video Features Finished...
2024-01-11 03:18:40,237 - Load Audio Features Begin...
2024-01-11 03:18:41,546 - Load Audio Features Finished...
2024-01-11 03:18:46,215 - method  begins...
2024-01-11 03:18:52,960 - Multimodal intent recognition begins...
2024-01-11 03:18:52,960 - Training begins...
2024-01-11 03:19:45,081 - ***** Epoch: 1: Eval results *****
2024-01-11 03:19:45,081 -   train_loss = 2.9262
2024-01-11 03:19:45,081 -   best_eval_score = 0.0
2024-01-11 03:19:45,081 -   eval_score = 0.0231
2024-01-11 03:20:34,495 - ***** Epoch: 2: Eval results *****
2024-01-11 03:20:34,496 -   train_loss = 2.7886
2024-01-11 03:20:34,496 -   best_eval_score = 0.0231
2024-01-11 03:20:34,496 -   eval_score = 0.051
2024-01-11 03:21:23,929 - ***** Epoch: 3: Eval results *****
2024-01-11 03:21:23,930 -   train_loss = 2.5131
2024-01-11 03:21:23,930 -   best_eval_score = 0.051
2024-01-11 03:21:23,930 -   eval_score = 0.163
2024-01-11 03:22:15,046 - ***** Epoch: 4: Eval results *****
2024-01-11 03:22:15,046 -   train_loss = 2.0259
2024-01-11 03:22:15,046 -   best_eval_score = 0.163
2024-01-11 03:22:15,046 -   eval_score = 0.3528
2024-01-11 03:23:06,064 - ***** Epoch: 5: Eval results *****
2024-01-11 03:23:06,064 -   train_loss = 1.4937
2024-01-11 03:23:06,064 -   best_eval_score = 0.3528
2024-01-11 03:23:06,064 -   eval_score = 0.5043
2024-01-11 03:23:58,004 - ***** Epoch: 6: Eval results *****
2024-01-11 03:23:58,004 -   train_loss = 1.0414
2024-01-11 03:23:58,004 -   best_eval_score = 0.5043
2024-01-11 03:23:58,004 -   eval_score = 0.5576
2024-01-11 03:24:48,722 - ***** Epoch: 7: Eval results *****
2024-01-11 03:24:48,731 -   train_loss = 0.7082
2024-01-11 03:24:48,731 -   best_eval_score = 0.5576
2024-01-11 03:24:48,732 -   eval_score = 0.6012
2024-01-11 03:25:41,308 - ***** Epoch: 8: Eval results *****
2024-01-11 03:25:41,309 -   train_loss = 0.4771
2024-01-11 03:25:41,309 -   best_eval_score = 0.6012
2024-01-11 03:25:41,309 -   eval_score = 0.6443
2024-01-11 03:26:33,991 - ***** Epoch: 9: Eval results *****
2024-01-11 03:26:33,991 -   train_loss = 0.3277
2024-01-11 03:26:33,991 -   best_eval_score = 0.6443
2024-01-11 03:26:33,991 -   eval_score = 0.6695
2024-01-11 03:27:24,568 - ***** Epoch: 10: Eval results *****
2024-01-11 03:27:24,569 -   train_loss = 0.2162
2024-01-11 03:27:24,569 -   best_eval_score = 0.6695
2024-01-11 03:27:24,569 -   eval_score = 0.65
2024-01-11 03:27:24,569 - EarlyStopping counter: 1 out of 8
2024-01-11 03:28:16,788 - ***** Epoch: 11: Eval results *****
2024-01-11 03:28:16,788 -   train_loss = 0.1386
2024-01-11 03:28:16,788 -   best_eval_score = 0.6695
2024-01-11 03:28:16,789 -   eval_score = 0.6698
2024-01-11 03:29:09,016 - ***** Epoch: 12: Eval results *****
2024-01-11 03:29:09,016 -   train_loss = 0.0983
2024-01-11 03:29:09,016 -   best_eval_score = 0.6698
2024-01-11 03:29:09,016 -   eval_score = 0.6966
2024-01-11 03:29:59,538 - ***** Epoch: 13: Eval results *****
2024-01-11 03:29:59,539 -   train_loss = 0.0551
2024-01-11 03:29:59,539 -   best_eval_score = 0.6966
2024-01-11 03:29:59,539 -   eval_score = 0.6805
2024-01-11 03:29:59,539 - EarlyStopping counter: 1 out of 8
2024-01-11 03:30:51,381 - ***** Epoch: 14: Eval results *****
2024-01-11 03:30:51,382 -   train_loss = 0.0427
2024-01-11 03:30:51,382 -   best_eval_score = 0.6966
2024-01-11 03:30:51,382 -   eval_score = 0.6788
2024-01-11 03:30:51,382 - EarlyStopping counter: 2 out of 8
2024-01-11 03:31:43,279 - ***** Epoch: 15: Eval results *****
2024-01-11 03:31:43,279 -   train_loss = 0.029
2024-01-11 03:31:43,279 -   best_eval_score = 0.6966
2024-01-11 03:31:43,279 -   eval_score = 0.6912
2024-01-11 03:31:43,279 - EarlyStopping counter: 3 out of 8
2024-01-11 03:32:35,822 - ***** Epoch: 16: Eval results *****
2024-01-11 03:32:35,823 -   train_loss = 0.0246
2024-01-11 03:32:35,823 -   best_eval_score = 0.6966
2024-01-11 03:32:35,823 -   eval_score = 0.6755
2024-01-11 03:32:35,823 - EarlyStopping counter: 4 out of 8
2024-01-11 03:33:31,121 - ***** Epoch: 17: Eval results *****
2024-01-11 03:33:31,122 -   train_loss = 0.0199
2024-01-11 03:33:31,122 -   best_eval_score = 0.6966
2024-01-11 03:33:31,122 -   eval_score = 0.6864
2024-01-11 03:33:31,122 - EarlyStopping counter: 5 out of 8
2024-01-11 03:34:21,876 - ***** Epoch: 18: Eval results *****
2024-01-11 03:34:21,876 -   train_loss = 0.0169
2024-01-11 03:34:21,876 -   best_eval_score = 0.6966
2024-01-11 03:34:21,877 -   eval_score = 0.7012
2024-01-11 03:35:16,154 - ***** Epoch: 19: Eval results *****
2024-01-11 03:35:16,155 -   train_loss = 0.0157
2024-01-11 03:35:16,155 -   best_eval_score = 0.7012
2024-01-11 03:35:16,155 -   eval_score = 0.679
2024-01-11 03:35:16,155 - EarlyStopping counter: 1 out of 8
2024-01-11 03:36:08,883 - ***** Epoch: 20: Eval results *****
2024-01-11 03:36:08,884 -   train_loss = 0.0127
2024-01-11 03:36:08,884 -   best_eval_score = 0.7012
2024-01-11 03:36:08,884 -   eval_score = 0.687
2024-01-11 03:36:08,884 - EarlyStopping counter: 2 out of 8
2024-01-11 03:36:58,802 - ***** Epoch: 21: Eval results *****
2024-01-11 03:36:58,802 -   train_loss = 0.0096
2024-01-11 03:36:58,802 -   best_eval_score = 0.7012
2024-01-11 03:36:58,802 -   eval_score = 0.7003
2024-01-11 03:36:58,802 - EarlyStopping counter: 3 out of 8
2024-01-11 03:37:48,719 - ***** Epoch: 22: Eval results *****
2024-01-11 03:37:48,720 -   train_loss = 0.0081
2024-01-11 03:37:48,720 -   best_eval_score = 0.7012
2024-01-11 03:37:48,720 -   eval_score = 0.6831
2024-01-11 03:37:48,720 - EarlyStopping counter: 4 out of 8
2024-01-11 03:38:40,213 - ***** Epoch: 23: Eval results *****
2024-01-11 03:38:40,213 -   train_loss = 0.0073
2024-01-11 03:38:40,213 -   best_eval_score = 0.7012
2024-01-11 03:38:40,213 -   eval_score = 0.692
2024-01-11 03:38:40,213 - EarlyStopping counter: 5 out of 8
2024-01-11 03:39:30,123 - ***** Epoch: 24: Eval results *****
2024-01-11 03:39:30,123 -   train_loss = 0.0079
2024-01-11 03:39:30,123 -   best_eval_score = 0.7012
2024-01-11 03:39:30,123 -   eval_score = 0.6957
2024-01-11 03:39:30,123 - EarlyStopping counter: 6 out of 8
2024-01-11 03:40:19,802 - ***** Epoch: 25: Eval results *****
2024-01-11 03:40:19,802 -   train_loss = 0.0056
2024-01-11 03:40:19,802 -   best_eval_score = 0.7012
2024-01-11 03:40:19,802 -   eval_score = 0.6906
2024-01-11 03:40:19,802 - EarlyStopping counter: 7 out of 8
2024-01-11 03:41:11,535 - ***** Epoch: 26: Eval results *****
2024-01-11 03:41:11,535 -   train_loss = 0.0056
2024-01-11 03:41:11,535 -   best_eval_score = 0.7012
2024-01-11 03:41:11,535 -   eval_score = 0.6841
2024-01-11 03:41:11,535 - EarlyStopping counter: 8 out of 8
2024-01-11 03:41:11,535 - EarlyStopping at epoch 26
2024-01-11 03:41:11,544 - Training is finished...
2024-01-11 03:41:11,545 - Testing begins...
2024-01-11 03:41:18,983 - ***** Test: Confusion Matrix *****
2024-01-11 03:41:18,984 - [[39  2  0  0  7  0  0  1  1  1  1  0  4  1  0  0  0  0  0  0]
 [ 2 34  0  1  0  3  0  0  0  0  1  0  1  0  1  0  0  0  0  0]
 [ 1  0 26  0  0  0  0  0  0  0  0  0  0  0  0  0  0  0  0  0]
 [ 0  1  0 24  0  0  0  0  0  0  0  0  0  0  0  0  0  0  0  0]
 [ 5  0  0  0 11  0  2  0  1  0  0  1  1  0  1  0  0  1  0  0]
 [ 0  0  0  0  0 12  0  0  0  0  0  0  0  0  0  0  0  0  0  0]
 [ 2  1  0  0  3  0  1  0  2  0  0  0  1  0  0  1  1  0  0  0]
 [ 2  0  0  0  0  0  0  7  0  1  0  0  0  0  0  0  0  0  0  0]
 [ 1  0  0  0  0  0  0  1  3  0  0  0  0  3  0  2  0  0  0  0]
 [ 1  0  0  0  0  0  1  0  0  3  1  0  0  0  0  3  0  1  0  0]
 [ 1  0  0  0  0  0  0  0  0  1 14  0  0  0  1  0  1  0  0  0]
 [ 0  0  0  0  0  0  1  0  0  0  0 17  0  0  0  0  0  0  0  1]
 [ 4  1  0  0  1  0  0  1  1  0  1  1 33  1  7  3  2  0  1  0]
 [ 0  1  0  0  0  0  2  0  0  0  1  1  0 17  3  0  0  0  0  0]
 [ 0  0  0  0  1  0  0  0  0  0  0  0  1  1 16  0  1  0  0  2]
 [ 0  0  0  0  0  0  0  1  1  0  0  0  2  0  1 15  0  0  0  1]
 [ 0  0  0  0  0  0  0  0  0  0  0  0  2  0  3  0 11  0  0  1]
 [ 0  0  0  0  0  0  0  0  0  1  1  0  2  0  0  0  0 11  0  0]
 [ 0  0  0  0  0  0  0  0  0  0  0  0  1  0  0  1  0  0 10  0]
 [ 0  0  0  0  0  0  0  0  0  0  0  0  0  1  1  0  1  0  0  7]]
2024-01-11 03:41:18,984 - ***** Evaluation results *****
2024-01-11 03:41:18,984 -   acc = 0.6989
2024-01-11 03:41:18,984 -   f1 = 0.667
2024-01-11 03:41:18,984 -   prec = 0.6652
2024-01-11 03:41:18,984 -   rec = 0.6773
2024-01-11 03:41:18,984 - Testing is finished...
2024-01-11 03:41:18,984 - Multimodal intent recognition is finished...
2024-01-11 03:41:18,984 - Results are saved in results/msz.csv
