2024-03-30 18:30:55,571 - ============================== Params ==============================
2024-03-30 18:30:55,571 - logger_name: msz_MIntRec_multi-class_seed-2_2024-03-30-18-30-55
2024-03-30 18:30:55,571 - dataset: MIntRec
2024-03-30 18:30:55,571 - data_mode: multi-class
2024-03-30 18:30:55,571 - method: msz
2024-03-30 18:30:55,571 - text_backbone: bert-base-uncased
2024-03-30 18:30:55,571 - text_backbone_path: /home/sharing/disk1/pretrained_embedding/bert/uncased_L-12_H-768_A-12/
2024-03-30 18:30:55,571 - seed: 2
2024-03-30 18:30:55,571 - num_workers: 8
2024-03-30 18:30:55,572 - gpu_id: 3
2024-03-30 18:30:55,572 - data_path: /home/sharing/disk2/sjh/intentDataset
2024-03-30 18:30:55,572 - train: True
2024-03-30 18:30:55,572 - tune: True
2024-03-30 18:30:55,572 - save_model: False
2024-03-30 18:30:55,572 - save_results: True
2024-03-30 18:30:55,572 - log_path: logs
2024-03-30 18:30:55,572 - cache_path: 
2024-03-30 18:30:55,572 - video_data_path: video_data
2024-03-30 18:30:55,572 - audio_data_path: audio_data
2024-03-30 18:30:55,572 - video_feats_path: video_feats.pkl
2024-03-30 18:30:55,572 - audio_feats_path: audio_feats.pkl
2024-03-30 18:30:55,572 - results_path: results
2024-03-30 18:30:55,572 - output_path: /home/sharing/disk2/sjh/Outputs/MIntRec
2024-03-30 18:30:55,572 - model_path: models
2024-03-30 18:30:55,572 - config_file_name: msz_MIntRec
2024-03-30 18:30:55,572 - results_file_name: msz.csv
2024-03-30 18:30:55,572 - padding_mode: zero
2024-03-30 18:30:55,572 - padding_loc: end
2024-03-30 18:30:55,572 - need_aligned: False
2024-03-30 18:30:55,572 - eval_monitor: f1
2024-03-30 18:30:55,572 - train_batch_size: 16
2024-03-30 18:30:55,572 - eval_batch_size: 8
2024-03-30 18:30:55,572 - test_batch_size: 8
2024-03-30 18:30:55,572 - wait_patience: 8
2024-03-30 18:30:55,572 - hidden_dims: 768
2024-03-30 18:30:55,572 - num_attention_heads: 8
2024-03-30 18:30:55,572 - attention_probs_dropout_prob: 0.2
2024-03-30 18:30:55,572 - hidden_dropout_prob: 0.2
2024-03-30 18:30:55,572 - intermediate_size: 768
2024-03-30 18:30:55,572 - num_hidden_layers: 8
2024-03-30 18:30:55,572 - max_position_embeddings: 768
2024-03-30 18:30:55,572 - position_embedding_type: absolute
2024-03-30 18:30:55,572 - batch_first: True
2024-03-30 18:30:55,572 - dropout: 0.3
2024-03-30 18:30:55,572 - aligned_method: conv1d
2024-03-30 18:30:55,572 - num_train_epochs: 100
2024-03-30 18:30:55,572 - lr: 8e-06
2024-03-30 18:30:55,573 - lr_mode: max
2024-03-30 18:30:55,573 - patience: 3
2024-03-30 18:30:55,573 - factor: 0.6
2024-03-30 18:30:55,573 - pred_output_path: /home/sharing/disk2/sjh/Outputs/MIntRec/msz_MIntRec_multi-class_seed-2_2024-03-30-18-30-55
2024-03-30 18:30:55,573 - model_output_path: /home/sharing/disk2/sjh/Outputs/MIntRec/msz_MIntRec_multi-class_seed-2_2024-03-30-18-30-55/models
2024-03-30 18:30:55,573 - num_labels: 20
2024-03-30 18:30:55,573 - text_feat_dim: 768
2024-03-30 18:30:55,573 - video_feat_dim: 256
2024-03-30 18:30:55,573 - audio_feat_dim: 768
2024-03-30 18:30:55,573 - text_seq_len: 30
2024-03-30 18:30:55,573 - video_seq_len: 230
2024-03-30 18:30:55,573 - audio_seq_len: 480
2024-03-30 18:30:55,573 - device: cuda:3
2024-03-30 18:30:55,573 - ============================== End Params ==============================
2024-03-30 18:30:55,606 - Generate Text Features Begin...
2024-03-30 18:30:56,089 - Generate Text Features Finished...
2024-03-30 18:30:56,089 - Load Video Features Begin...
2024-03-30 18:30:56,922 - Load Video Features Finished...
2024-03-30 18:30:57,373 - Load Audio Features Begin...
2024-03-30 18:31:02,600 - Load Audio Features Finished...
2024-03-30 18:31:04,780 - method  begins...
2024-03-30 18:31:08,696 - Multimodal intent recognition begins...
2024-03-30 18:31:08,696 - Training begins...
2024-03-30 18:31:29,503 - ***** Epoch: 1: Eval results *****
2024-03-30 18:31:29,503 -   train_loss = 2.5882
2024-03-30 18:31:29,503 -   best_eval_score = 0.0
2024-03-30 18:31:29,503 -   eval_score = 0.2128
2024-03-30 18:31:50,448 - ***** Epoch: 2: Eval results *****
2024-03-30 18:31:50,456 -   train_loss = 1.5816
2024-03-30 18:31:50,456 -   best_eval_score = 0.2128
2024-03-30 18:31:50,456 -   eval_score = 0.5342
2024-03-30 18:32:12,878 - ***** Epoch: 3: Eval results *****
2024-03-30 18:32:12,879 -   train_loss = 0.8812
2024-03-30 18:32:12,879 -   best_eval_score = 0.5342
2024-03-30 18:32:12,879 -   eval_score = 0.6254
2024-03-30 18:32:33,722 - ***** Epoch: 4: Eval results *****
2024-03-30 18:32:33,722 -   train_loss = 0.4696
2024-03-30 18:32:33,722 -   best_eval_score = 0.6254
2024-03-30 18:32:33,722 -   eval_score = 0.6323
2024-03-30 18:32:55,621 - ***** Epoch: 5: Eval results *****
2024-03-30 18:32:55,621 -   train_loss = 0.2525
2024-03-30 18:32:55,621 -   best_eval_score = 0.6323
2024-03-30 18:32:55,621 -   eval_score = 0.6917
2024-03-30 18:33:16,419 - ***** Epoch: 6: Eval results *****
2024-03-30 18:33:16,419 -   train_loss = 0.1239
2024-03-30 18:33:16,419 -   best_eval_score = 0.6917
2024-03-30 18:33:16,419 -   eval_score = 0.6937
2024-03-30 18:33:38,226 - ***** Epoch: 7: Eval results *****
2024-03-30 18:33:38,226 -   train_loss = 0.0781
2024-03-30 18:33:38,226 -   best_eval_score = 0.6937
2024-03-30 18:33:38,226 -   eval_score = 0.7007
2024-03-30 18:33:59,473 - ***** Epoch: 8: Eval results *****
2024-03-30 18:33:59,473 -   train_loss = 0.0562
2024-03-30 18:33:59,473 -   best_eval_score = 0.7007
2024-03-30 18:33:59,473 -   eval_score = 0.7148
2024-03-30 18:34:20,764 - ***** Epoch: 9: Eval results *****
2024-03-30 18:34:20,765 -   train_loss = 0.0419
2024-03-30 18:34:20,765 -   best_eval_score = 0.7148
2024-03-30 18:34:20,765 -   eval_score = 0.7142
2024-03-30 18:34:20,765 - EarlyStopping counter: 1 out of 8
2024-03-30 18:34:43,167 - ***** Epoch: 10: Eval results *****
2024-03-30 18:34:43,167 -   train_loss = 0.0294
2024-03-30 18:34:43,167 -   best_eval_score = 0.7148
2024-03-30 18:34:43,167 -   eval_score = 0.7071
2024-03-30 18:34:43,167 - EarlyStopping counter: 2 out of 8
2024-03-30 18:35:04,068 - ***** Epoch: 11: Eval results *****
2024-03-30 18:35:04,076 -   train_loss = 0.0247
2024-03-30 18:35:04,076 -   best_eval_score = 0.7148
2024-03-30 18:35:04,076 -   eval_score = 0.6952
2024-03-30 18:35:04,077 - EarlyStopping counter: 3 out of 8
2024-03-30 18:35:24,906 - ***** Epoch: 12: Eval results *****
2024-03-30 18:35:24,906 -   train_loss = 0.0223
2024-03-30 18:35:24,906 -   best_eval_score = 0.7148
2024-03-30 18:35:24,906 -   eval_score = 0.7026
2024-03-30 18:35:24,907 - EarlyStopping counter: 4 out of 8
2024-03-30 18:35:45,310 - ***** Epoch: 13: Eval results *****
2024-03-30 18:35:45,310 -   train_loss = 0.0191
2024-03-30 18:35:45,310 -   best_eval_score = 0.7148
2024-03-30 18:35:45,310 -   eval_score = 0.6846
2024-03-30 18:35:45,310 - EarlyStopping counter: 5 out of 8
2024-03-30 18:36:06,299 - ***** Epoch: 14: Eval results *****
2024-03-30 18:36:06,299 -   train_loss = 0.0171
2024-03-30 18:36:06,299 -   best_eval_score = 0.7148
2024-03-30 18:36:06,299 -   eval_score = 0.708
2024-03-30 18:36:06,299 - EarlyStopping counter: 6 out of 8
2024-03-30 18:36:27,319 - ***** Epoch: 15: Eval results *****
2024-03-30 18:36:27,320 -   train_loss = 0.0147
2024-03-30 18:36:27,320 -   best_eval_score = 0.7148
2024-03-30 18:36:27,320 -   eval_score = 0.7082
2024-03-30 18:36:27,320 - EarlyStopping counter: 7 out of 8
2024-03-30 18:36:48,866 - ***** Epoch: 16: Eval results *****
2024-03-30 18:36:48,866 -   train_loss = 0.0135
2024-03-30 18:36:48,866 -   best_eval_score = 0.7148
2024-03-30 18:36:48,866 -   eval_score = 0.7082
2024-03-30 18:36:48,866 - EarlyStopping counter: 8 out of 8
2024-03-30 18:36:48,866 - EarlyStopping at epoch 16
2024-03-30 18:36:48,870 - Training is finished...
2024-03-30 18:36:48,870 - Testing begins...
2024-03-30 18:36:52,476 - ***** Test: Confusion Matrix *****
2024-03-30 18:36:52,478 - [[41  1  0  0  9  0  0  0  0  1  1  0  3  1  0  0  0  0  0  0]
 [ 0 33  0  1  0  3  2  0  0  0  1  0  2  1  0  0  0  0  0  0]
 [ 1  0 26  0  0  0  0  0  0  0  0  0  0  0  0  0  0  0  0  0]
 [ 0  0  0 25  0  0  0  0  0  0  0  0  0  0  0  0  0  0  0  0]
 [ 5  0  0  0 11  0  2  0  0  0  0  1  2  1  0  0  0  1  0  0]
 [ 0  0  0  0  0 12  0  0  0  0  0  0  0  0  0  0  0  0  0  0]
 [ 1  1  0  0  3  0  2  0  3  0  0  0  1  0  0  0  1  0  0  0]
 [ 3  1  0  0  0  1  0  5  0  0  0  0  0  0  0  0  0  0  0  0]
 [ 1  0  0  0  0  0  2  2  4  0  0  0  0  1  0  0  0  0  0  0]
 [ 1  0  0  0  1  0  0  0  0  3  0  0  0  0  0  3  0  1  0  1]
 [ 1  0  0  0  0  0  1  0  0  2 13  0  0  0  1  0  0  0  0  0]
 [ 0  0  0  0  1  0  1  0  0  0  0 15  0  0  0  0  0  0  1  1]
 [ 3  1  0  0  1  0  1  0  0  0  0  1 41  3  2  2  1  0  0  1]
 [ 0  0  0  0  0  0  2  1  0  0  1  1  0 19  1  0  0  0  0  0]
 [ 0  0  0  0  1  0  0  0  1  0  0  0  0  2 16  0  1  0  0  1]
 [ 0  0  0  0  0  0  0  1  1  0  0  0  4  0  0 14  0  0  0  1]
 [ 2  0  0  0  0  0  0  0  0  0  0  0  2  0  1  0 12  0  0  0]
 [ 0  0  0  0  0  0  0  0  0  1  1  0  2  0  0  0  0 11  0  0]
 [ 0  0  0  0  0  0  0  0  0  0  0  0  2  0  0  1  0  0  9  0]
 [ 1  0  0  0  0  0  0  0  0  0  0  0  1  1  1  0  0  0  0  6]]
2024-03-30 18:36:52,478 - ***** Evaluation results *****
2024-03-30 18:36:52,478 -   acc = 0.7146
2024-03-30 18:36:52,478 -   f1 = 0.6769
2024-03-30 18:36:52,478 -   prec = 0.6866
2024-03-30 18:36:52,478 -   rec = 0.6734
2024-03-30 18:36:52,478 - Testing is finished...
2024-03-30 18:36:52,478 - Multimodal intent recognition is finished...
2024-03-30 18:36:52,478 - Results are saved in results/msz.csv
