2024-03-29 23:56:16,253 - ============================== Params ==============================
2024-03-29 23:56:16,253 - logger_name: msz_MIntRec_multi-class_seed-2_2024-03-29-23-56-16
2024-03-29 23:56:16,253 - dataset: MIntRec
2024-03-29 23:56:16,253 - data_mode: multi-class
2024-03-29 23:56:16,253 - method: msz
2024-03-29 23:56:16,253 - text_backbone: bert-base-uncased
2024-03-29 23:56:16,253 - text_backbone_path: /home/sharing/disk1/pretrained_embedding/bert/uncased_L-12_H-768_A-12/
2024-03-29 23:56:16,253 - seed: 2
2024-03-29 23:56:16,253 - num_workers: 8
2024-03-29 23:56:16,253 - gpu_id: 3
2024-03-29 23:56:16,253 - data_path: /home/sharing/disk2/sjh/intentDataset
2024-03-29 23:56:16,253 - train: True
2024-03-29 23:56:16,253 - tune: True
2024-03-29 23:56:16,253 - save_model: False
2024-03-29 23:56:16,253 - save_results: True
2024-03-29 23:56:16,253 - log_path: logs
2024-03-29 23:56:16,253 - cache_path: 
2024-03-29 23:56:16,253 - video_data_path: video_data
2024-03-29 23:56:16,253 - audio_data_path: audio_data
2024-03-29 23:56:16,253 - video_feats_path: video_feats.pkl
2024-03-29 23:56:16,253 - audio_feats_path: audio_feats.pkl
2024-03-29 23:56:16,253 - results_path: results
2024-03-29 23:56:16,253 - output_path: /home/sharing/disk2/sjh/Outputs/MIntRec
2024-03-29 23:56:16,253 - model_path: models
2024-03-29 23:56:16,253 - config_file_name: msz_MIntRec
2024-03-29 23:56:16,253 - results_file_name: msz.csv
2024-03-29 23:56:16,253 - padding_mode: zero
2024-03-29 23:56:16,253 - padding_loc: end
2024-03-29 23:56:16,253 - need_aligned: False
2024-03-29 23:56:16,253 - eval_monitor: f1
2024-03-29 23:56:16,253 - train_batch_size: 16
2024-03-29 23:56:16,254 - eval_batch_size: 8
2024-03-29 23:56:16,254 - test_batch_size: 8
2024-03-29 23:56:16,254 - wait_patience: 8
2024-03-29 23:56:16,254 - hidden_dims: 768
2024-03-29 23:56:16,254 - num_attention_heads: 8
2024-03-29 23:56:16,254 - attention_probs_dropout_prob: 0.2
2024-03-29 23:56:16,254 - hidden_dropout_prob: 0.4
2024-03-29 23:56:16,254 - intermediate_size: 768
2024-03-29 23:56:16,254 - num_hidden_layers: 8
2024-03-29 23:56:16,254 - max_position_embeddings: 768
2024-03-29 23:56:16,254 - position_embedding_type: absolute
2024-03-29 23:56:16,254 - batch_first: True
2024-03-29 23:56:16,254 - dropout: 0.1
2024-03-29 23:56:16,254 - aligned_method: conv1d
2024-03-29 23:56:16,254 - num_train_epochs: 100
2024-03-29 23:56:16,254 - lr: 8e-06
2024-03-29 23:56:16,254 - lr_mode: max
2024-03-29 23:56:16,254 - patience: 3
2024-03-29 23:56:16,254 - factor: 0.4
2024-03-29 23:56:16,254 - pred_output_path: /home/sharing/disk2/sjh/Outputs/MIntRec/msz_MIntRec_multi-class_seed-2_2024-03-29-23-56-16
2024-03-29 23:56:16,254 - model_output_path: /home/sharing/disk2/sjh/Outputs/MIntRec/msz_MIntRec_multi-class_seed-2_2024-03-29-23-56-16/models
2024-03-29 23:56:16,254 - num_labels: 20
2024-03-29 23:56:16,254 - text_feat_dim: 768
2024-03-29 23:56:16,254 - video_feat_dim: 256
2024-03-29 23:56:16,254 - audio_feat_dim: 768
2024-03-29 23:56:16,254 - text_seq_len: 30
2024-03-29 23:56:16,254 - video_seq_len: 230
2024-03-29 23:56:16,254 - audio_seq_len: 480
2024-03-29 23:56:16,254 - device: cuda:3
2024-03-29 23:56:16,254 - ============================== End Params ==============================
2024-03-29 23:56:16,258 - Generate Text Features Begin...
2024-03-29 23:56:16,796 - Generate Text Features Finished...
2024-03-29 23:56:16,796 - Load Video Features Begin...
2024-03-29 23:56:17,644 - Load Video Features Finished...
2024-03-29 23:56:18,121 - Load Audio Features Begin...
2024-03-29 23:56:23,190 - Load Audio Features Finished...
2024-03-29 23:56:25,308 - method  begins...
2024-03-29 23:56:28,740 - Multimodal intent recognition begins...
2024-03-29 23:56:28,740 - Training begins...
2024-03-29 23:56:50,352 - ***** Epoch: 1: Eval results *****
2024-03-29 23:56:50,353 -   train_loss = 2.5588
2024-03-29 23:56:50,353 -   best_eval_score = 0.0
2024-03-29 23:56:50,353 -   eval_score = 0.2154
2024-03-29 23:57:12,207 - ***** Epoch: 2: Eval results *****
2024-03-29 23:57:12,207 -   train_loss = 1.519
2024-03-29 23:57:12,207 -   best_eval_score = 0.2154
2024-03-29 23:57:12,207 -   eval_score = 0.5258
2024-03-29 23:57:35,750 - ***** Epoch: 3: Eval results *****
2024-03-29 23:57:35,750 -   train_loss = 0.8297
2024-03-29 23:57:35,750 -   best_eval_score = 0.5258
2024-03-29 23:57:35,750 -   eval_score = 0.6347
2024-03-29 23:57:56,980 - ***** Epoch: 4: Eval results *****
2024-03-29 23:57:56,980 -   train_loss = 0.4341
2024-03-29 23:57:56,980 -   best_eval_score = 0.6347
2024-03-29 23:57:56,981 -   eval_score = 0.6456
2024-03-29 23:58:19,013 - ***** Epoch: 5: Eval results *****
2024-03-29 23:58:19,013 -   train_loss = 0.2312
2024-03-29 23:58:19,013 -   best_eval_score = 0.6456
2024-03-29 23:58:19,014 -   eval_score = 0.6973
2024-03-29 23:58:40,605 - ***** Epoch: 6: Eval results *****
2024-03-29 23:58:40,605 -   train_loss = 0.1078
2024-03-29 23:58:40,605 -   best_eval_score = 0.6973
2024-03-29 23:58:40,605 -   eval_score = 0.7015
2024-03-29 23:59:02,490 - ***** Epoch: 7: Eval results *****
2024-03-29 23:59:02,490 -   train_loss = 0.0772
2024-03-29 23:59:02,490 -   best_eval_score = 0.7015
2024-03-29 23:59:02,490 -   eval_score = 0.7124
2024-03-29 23:59:23,779 - ***** Epoch: 8: Eval results *****
2024-03-29 23:59:23,779 -   train_loss = 0.0571
2024-03-29 23:59:23,779 -   best_eval_score = 0.7124
2024-03-29 23:59:23,779 -   eval_score = 0.7127
2024-03-29 23:59:45,533 - ***** Epoch: 9: Eval results *****
2024-03-29 23:59:45,533 -   train_loss = 0.0453
2024-03-29 23:59:45,534 -   best_eval_score = 0.7127
2024-03-29 23:59:45,534 -   eval_score = 0.706
2024-03-29 23:59:45,534 - EarlyStopping counter: 1 out of 8
2024-03-30 00:00:07,327 - ***** Epoch: 10: Eval results *****
2024-03-30 00:00:07,327 -   train_loss = 0.0365
2024-03-30 00:00:07,328 -   best_eval_score = 0.7127
2024-03-30 00:00:07,328 -   eval_score = 0.6964
2024-03-30 00:00:07,328 - EarlyStopping counter: 2 out of 8
2024-03-30 00:00:28,950 - ***** Epoch: 11: Eval results *****
2024-03-30 00:00:28,950 -   train_loss = 0.0341
2024-03-30 00:00:28,950 -   best_eval_score = 0.7127
2024-03-30 00:00:28,950 -   eval_score = 0.6914
2024-03-30 00:00:28,950 - EarlyStopping counter: 3 out of 8
2024-03-30 00:00:50,481 - ***** Epoch: 12: Eval results *****
2024-03-30 00:00:50,482 -   train_loss = 0.03
2024-03-30 00:00:50,482 -   best_eval_score = 0.7127
2024-03-30 00:00:50,482 -   eval_score = 0.6936
2024-03-30 00:00:50,482 - EarlyStopping counter: 4 out of 8
2024-03-30 00:01:13,170 - ***** Epoch: 13: Eval results *****
2024-03-30 00:01:13,171 -   train_loss = 0.0273
2024-03-30 00:01:13,171 -   best_eval_score = 0.7127
2024-03-30 00:01:13,171 -   eval_score = 0.6935
2024-03-30 00:01:13,171 - EarlyStopping counter: 5 out of 8
2024-03-30 00:01:34,827 - ***** Epoch: 14: Eval results *****
2024-03-30 00:01:34,827 -   train_loss = 0.0249
2024-03-30 00:01:34,827 -   best_eval_score = 0.7127
2024-03-30 00:01:34,827 -   eval_score = 0.6977
2024-03-30 00:01:34,828 - EarlyStopping counter: 6 out of 8
2024-03-30 00:01:57,600 - ***** Epoch: 15: Eval results *****
2024-03-30 00:01:57,600 -   train_loss = 0.0247
2024-03-30 00:01:57,600 -   best_eval_score = 0.7127
2024-03-30 00:01:57,600 -   eval_score = 0.6989
2024-03-30 00:01:57,600 - EarlyStopping counter: 7 out of 8
2024-03-30 00:02:19,380 - ***** Epoch: 16: Eval results *****
2024-03-30 00:02:19,380 -   train_loss = 0.023
2024-03-30 00:02:19,380 -   best_eval_score = 0.7127
2024-03-30 00:02:19,380 -   eval_score = 0.6989
2024-03-30 00:02:19,380 - EarlyStopping counter: 8 out of 8
2024-03-30 00:02:19,380 - EarlyStopping at epoch 16
2024-03-30 00:02:19,383 - Training is finished...
2024-03-30 00:02:19,383 - Testing begins...
2024-03-30 00:02:22,994 - ***** Test: Confusion Matrix *****
2024-03-30 00:02:22,995 - [[40  1  0  0  8  0  2  0  0  1  1  0  3  1  0  0  0  0  0  0]
 [ 1 34  0  1  0  3  0  0  0  0  1  0  2  1  0  0  0  0  0  0]
 [ 1  0 26  0  0  0  0  0  0  0  0  0  0  0  0  0  0  0  0  0]
 [ 0  0  0 25  0  0  0  0  0  0  0  0  0  0  0  0  0  0  0  0]
 [ 5  0  0  0 12  0  2  0  0  0  0  1  1  1  0  0  0  1  0  0]
 [ 0  0  0  0  0 12  0  0  0  0  0  0  0  0  0  0  0  0  0  0]
 [ 1  1  0  0  3  0  2  0  3  0  0  0  1  0  0  0  1  0  0  0]
 [ 3  1  0  0  0  1  0  5  0  0  0  0  0  0  0  0  0  0  0  0]
 [ 1  0  0  0  0  0  2  3  3  0  0  0  0  1  0  0  0  0  0  0]
 [ 1  0  0  0  1  0  0  0  0  4  0  0  0  0  0  2  0  1  0  1]
 [ 1  0  0  0  0  0  1  0  0  1 14  0  0  0  1  0  0  0  0  0]
 [ 0  0  0  0  1  0  1  0  0  0  0 15  0  0  0  0  0  0  1  1]
 [ 4  1  0  0  1  0  0  0  1  0  1  1 41  2  2  2  0  0  0  1]
 [ 0  0  0  0  0  0  2  1  0  0  1  1  0 19  1  0  0  0  0  0]
 [ 0  0  0  0  1  0  0  0  1  0  0  0  0  2 16  0  1  0  0  1]
 [ 0  0  0  0  0  0  0  1  0  0  0  0  4  0  0 15  0  0  0  1]
 [ 1  0  0  0  0  0  0  0  0  0  0  0  3  0  1  0 12  0  0  0]
 [ 0  0  0  0  0  0  0  0  0  1  1  0  1  0  0  0  0 12  0  0]
 [ 0  0  0  0  0  0  0  0  0  0  0  0  2  0  0  1  0  0  9  0]
 [ 1  0  0  0  0  0  0  0  0  0  0  0  1  1  1  0  0  0  0  6]]
2024-03-30 00:02:22,995 - ***** Evaluation results *****
2024-03-30 00:02:22,996 -   acc = 0.7236
2024-03-30 00:02:22,996 -   f1 = 0.6867
2024-03-30 00:02:22,996 -   prec = 0.6956
2024-03-30 00:02:22,996 -   rec = 0.6844
2024-03-30 00:02:22,996 - Testing is finished...
2024-03-30 00:02:22,996 - Multimodal intent recognition is finished...
2024-03-30 00:02:22,996 - Results are saved in results/msz.csv
