2024-01-16 07:36:41,841 - ============================== Params ==============================
2024-01-16 07:36:41,841 - logger_name: msz_MIntRec_multi-class_seed-3_2024-01-16-07-36-41
2024-01-16 07:36:41,841 - dataset: MIntRec
2024-01-16 07:36:41,841 - data_mode: multi-class
2024-01-16 07:36:41,841 - method: msz
2024-01-16 07:36:41,841 - text_backbone: bert-base-uncased
2024-01-16 07:36:41,841 - text_backbone_path: /home/sharing/disk1/pretrained_embedding/bert/uncased_L-12_H-768_A-12/
2024-01-16 07:36:41,841 - seed: 3
2024-01-16 07:36:41,841 - num_workers: 8
2024-01-16 07:36:41,841 - gpu_id: 1
2024-01-16 07:36:41,841 - data_path: /home/sharing/disk2/sjh/intentDataset
2024-01-16 07:36:41,841 - train: True
2024-01-16 07:36:41,841 - tune: False
2024-01-16 07:36:41,841 - save_model: False
2024-01-16 07:36:41,841 - save_results: True
2024-01-16 07:36:41,841 - log_path: logs
2024-01-16 07:36:41,841 - cache_path: 
2024-01-16 07:36:41,841 - video_data_path: video_data
2024-01-16 07:36:41,841 - audio_data_path: audio_data
2024-01-16 07:36:41,841 - video_feats_path: video_feats.pkl
2024-01-16 07:36:41,841 - audio_feats_path: audio_feats.pkl
2024-01-16 07:36:41,841 - results_path: results
2024-01-16 07:36:41,842 - output_path: /home/sharing/disk2/sjh/Outputs/MIntRec
2024-01-16 07:36:41,842 - model_path: models
2024-01-16 07:36:41,842 - config_file_name: msz
2024-01-16 07:36:41,842 - results_file_name: msz.csv
2024-01-16 07:36:41,842 - padding_mode: zero
2024-01-16 07:36:41,842 - padding_loc: end
2024-01-16 07:36:41,842 - need_aligned: False
2024-01-16 07:36:41,842 - eval_monitor: f1
2024-01-16 07:36:41,842 - train_batch_size: 16
2024-01-16 07:36:41,842 - eval_batch_size: 8
2024-01-16 07:36:41,842 - test_batch_size: 8
2024-01-16 07:36:41,842 - wait_patience: 8
2024-01-16 07:36:41,842 - hidden_size: 768
2024-01-16 07:36:41,842 - num_attention_heads: 12
2024-01-16 07:36:41,842 - attention_probs_dropout_prob: 0.2
2024-01-16 07:36:41,842 - hidden_dropout_prob: 0.2
2024-01-16 07:36:41,842 - intermediate_size: 768
2024-01-16 07:36:41,842 - num_hidden_layers: 8
2024-01-16 07:36:41,842 - max_position_embeddings: 768
2024-01-16 07:36:41,842 - position_embedding_type: absolute
2024-01-16 07:36:41,842 - batch_first: True
2024-01-16 07:36:41,842 - hidden_dims: 768
2024-01-16 07:36:41,842 - dropout: 0.1
2024-01-16 07:36:41,842 - aligned_method: conv1d
2024-01-16 07:36:41,842 - num_train_epochs: 100
2024-01-16 07:36:41,842 - lr: 8e-06
2024-01-16 07:36:41,842 - pred_output_path: /home/sharing/disk2/sjh/Outputs/MIntRec/msz_MIntRec_multi-class_seed-3_2024-01-16-07-36-41
2024-01-16 07:36:41,842 - model_output_path: /home/sharing/disk2/sjh/Outputs/MIntRec/msz_MIntRec_multi-class_seed-3_2024-01-16-07-36-41/models
2024-01-16 07:36:41,842 - ============================== End Params ==============================
2024-01-16 07:36:41,845 - Generate Text Features Begin...
2024-01-16 07:36:42,341 - Generate Text Features Finished...
2024-01-16 07:36:42,342 - Load Video Features Begin...
2024-01-16 07:36:42,654 - Load Video Features Finished...
2024-01-16 07:36:43,260 - Load Audio Features Begin...
2024-01-16 07:36:44,283 - Load Audio Features Finished...
2024-01-16 07:36:47,783 - method  begins...
2024-01-16 07:36:50,900 - Multimodal intent recognition begins...
2024-01-16 07:36:50,900 - Training begins...
