2024-01-24 03:51:41,286 - ============================== Params ==============================
2024-01-24 03:51:41,286 - logger_name: msz_MIntRec_multi-class_seed-1_2024-01-24-03-51-41
2024-01-24 03:51:41,286 - dataset: MIntRec
2024-01-24 03:51:41,286 - data_mode: multi-class
2024-01-24 03:51:41,286 - method: msz
2024-01-24 03:51:41,286 - text_backbone: bert-base-uncased
2024-01-24 03:51:41,286 - text_backbone_path: /home/sharing/disk1/pretrained_embedding/bert/uncased_L-12_H-768_A-12/
2024-01-24 03:51:41,286 - seed: 1
2024-01-24 03:51:41,286 - num_workers: 8
2024-01-24 03:51:41,286 - gpu_id: 1
2024-01-24 03:51:41,286 - data_path: /home/sharing/disk2/sjh/intentDataset
2024-01-24 03:51:41,286 - train: True
2024-01-24 03:51:41,286 - tune: False
2024-01-24 03:51:41,286 - save_model: False
2024-01-24 03:51:41,286 - save_results: True
2024-01-24 03:51:41,286 - log_path: logs
2024-01-24 03:51:41,286 - cache_path: 
2024-01-24 03:51:41,286 - video_data_path: video_data
2024-01-24 03:51:41,286 - audio_data_path: audio_data
2024-01-24 03:51:41,286 - video_feats_path: video_feats.pkl
2024-01-24 03:51:41,287 - audio_feats_path: audio_feats.pkl
2024-01-24 03:51:41,287 - results_path: results
2024-01-24 03:51:41,287 - output_path: /home/sharing/disk2/sjh/Outputs/MIntRec
2024-01-24 03:51:41,287 - model_path: models
2024-01-24 03:51:41,287 - config_file_name: msz
2024-01-24 03:51:41,287 - results_file_name: msz.csv
2024-01-24 03:51:41,287 - padding_mode: zero
2024-01-24 03:51:41,287 - padding_loc: end
2024-01-24 03:51:41,287 - need_aligned: False
2024-01-24 03:51:41,287 - eval_monitor: f1
2024-01-24 03:51:41,287 - train_batch_size: 16
2024-01-24 03:51:41,287 - eval_batch_size: 8
2024-01-24 03:51:41,287 - test_batch_size: 8
2024-01-24 03:51:41,287 - wait_patience: 8
2024-01-24 03:51:41,287 - hidden_size: 768
2024-01-24 03:51:41,287 - num_attention_heads: 12
2024-01-24 03:51:41,287 - attention_probs_dropout_prob: 0.2
2024-01-24 03:51:41,287 - hidden_dropout_prob: 0.2
2024-01-24 03:51:41,287 - intermediate_size: 768
2024-01-24 03:51:41,287 - num_hidden_layers: 8
2024-01-24 03:51:41,287 - max_position_embeddings: 768
2024-01-24 03:51:41,287 - position_embedding_type: absolute
2024-01-24 03:51:41,287 - batch_first: True
2024-01-24 03:51:41,287 - hidden_dims: 768
2024-01-24 03:51:41,287 - dropout: 0.1
2024-01-24 03:51:41,287 - aligned_method: conv1d
2024-01-24 03:51:41,287 - num_train_epochs: 100
2024-01-24 03:51:41,287 - lr: 8e-06
2024-01-24 03:51:41,287 - scale: 64
2024-01-24 03:51:41,287 - pred_output_path: /home/sharing/disk2/sjh/Outputs/MIntRec/msz_MIntRec_multi-class_seed-1_2024-01-24-03-51-41
2024-01-24 03:51:41,287 - model_output_path: /home/sharing/disk2/sjh/Outputs/MIntRec/msz_MIntRec_multi-class_seed-1_2024-01-24-03-51-41/models
2024-01-24 03:51:41,287 - ============================== End Params ==============================
2024-01-24 03:51:41,291 - Generate Text Features Begin...
2024-01-24 03:51:42,049 - Generate Text Features Finished...
2024-01-24 03:51:42,050 - Load Video Features Begin...
2024-01-24 03:51:42,367 - Load Video Features Finished...
2024-01-24 03:51:42,966 - Load Audio Features Begin...
2024-01-24 03:52:46,498 - Load Audio Features Finished...
2024-01-24 03:52:51,520 - method  begins...
2024-01-24 03:53:04,948 - Multimodal intent recognition begins...
2024-01-24 03:53:04,948 - Training begins...
2024-01-24 03:53:30,136 - ***** Epoch: 1: Eval results *****
2024-01-24 03:53:30,137 -   train_loss = 2.5105
2024-01-24 03:53:30,137 -   best_eval_score = 0.0
2024-01-24 03:53:30,137 -   eval_score = 0.4032
2024-01-24 03:53:52,750 - ***** Epoch: 2: Eval results *****
2024-01-24 03:53:52,750 -   train_loss = 1.2595
2024-01-24 03:53:52,751 -   best_eval_score = 0.4032
2024-01-24 03:53:52,751 -   eval_score = 0.6047
2024-01-24 03:54:15,701 - ***** Epoch: 3: Eval results *****
2024-01-24 03:54:15,701 -   train_loss = 0.6747
2024-01-24 03:54:15,701 -   best_eval_score = 0.6047
2024-01-24 03:54:15,701 -   eval_score = 0.6083
2024-01-24 03:54:38,380 - ***** Epoch: 4: Eval results *****
2024-01-24 03:54:38,380 -   train_loss = 0.4248
2024-01-24 03:54:38,380 -   best_eval_score = 0.6083
2024-01-24 03:54:38,380 -   eval_score = 0.6527
2024-01-24 03:55:00,959 - ***** Epoch: 5: Eval results *****
2024-01-24 03:55:00,960 -   train_loss = 0.2078
2024-01-24 03:55:00,960 -   best_eval_score = 0.6527
2024-01-24 03:55:00,960 -   eval_score = 0.6776
2024-01-24 03:55:22,884 - ***** Epoch: 6: Eval results *****
2024-01-24 03:55:22,885 -   train_loss = 0.1158
2024-01-24 03:55:22,885 -   best_eval_score = 0.6776
2024-01-24 03:55:22,885 -   eval_score = 0.6714
2024-01-24 03:55:22,885 - EarlyStopping counter: 1 out of 8
2024-01-24 03:55:45,732 - ***** Epoch: 7: Eval results *****
2024-01-24 03:55:45,733 -   train_loss = 0.0601
2024-01-24 03:55:45,733 -   best_eval_score = 0.6776
2024-01-24 03:55:45,733 -   eval_score = 0.651
2024-01-24 03:55:45,733 - EarlyStopping counter: 2 out of 8
2024-01-24 03:56:09,665 - ***** Epoch: 8: Eval results *****
2024-01-24 03:56:09,665 -   train_loss = 0.0488
2024-01-24 03:56:09,665 -   best_eval_score = 0.6776
2024-01-24 03:56:09,665 -   eval_score = 0.6445
2024-01-24 03:56:09,665 - EarlyStopping counter: 3 out of 8
2024-01-24 03:56:31,568 - ***** Epoch: 9: Eval results *****
2024-01-24 03:56:31,568 -   train_loss = 0.034
2024-01-24 03:56:31,568 -   best_eval_score = 0.6776
2024-01-24 03:56:31,568 -   eval_score = 0.6485
2024-01-24 03:56:31,568 - EarlyStopping counter: 4 out of 8
2024-01-24 03:56:53,956 - ***** Epoch: 10: Eval results *****
2024-01-24 03:56:53,956 -   train_loss = 0.0239
2024-01-24 03:56:53,956 -   best_eval_score = 0.6776
2024-01-24 03:56:53,956 -   eval_score = 0.6763
2024-01-24 03:56:53,957 - EarlyStopping counter: 5 out of 8
2024-01-24 03:57:17,896 - ***** Epoch: 11: Eval results *****
2024-01-24 03:57:17,896 -   train_loss = 0.017
2024-01-24 03:57:17,896 -   best_eval_score = 0.6776
2024-01-24 03:57:17,896 -   eval_score = 0.6725
2024-01-24 03:57:17,896 - EarlyStopping counter: 6 out of 8
2024-01-24 03:57:41,071 - ***** Epoch: 12: Eval results *****
2024-01-24 03:57:41,071 -   train_loss = 0.0103
2024-01-24 03:57:41,071 -   best_eval_score = 0.6776
2024-01-24 03:57:41,071 -   eval_score = 0.6726
2024-01-24 03:57:41,071 - EarlyStopping counter: 7 out of 8
2024-01-24 03:58:03,016 - ***** Epoch: 13: Eval results *****
2024-01-24 03:58:03,016 -   train_loss = 0.0073
2024-01-24 03:58:03,016 -   best_eval_score = 0.6776
2024-01-24 03:58:03,016 -   eval_score = 0.6679
2024-01-24 03:58:03,016 - EarlyStopping counter: 8 out of 8
2024-01-24 03:58:03,016 - EarlyStopping at epoch 13
2024-01-24 03:58:03,020 - Training is finished...
2024-01-24 03:58:03,020 - Testing begins...
2024-01-24 03:58:07,395 - ***** Test: Confusion Matrix *****
2024-01-24 03:58:07,397 - [[31  1  0  0 12  0  2  2  0  4  1  0  3  1  0  0  0  0  0  0]
 [ 0 35  0  1  0  2  1  0  0  0  1  0  2  1  0  0  0  0  0  0]
 [ 1  0 25  0  0  0  0  0  0  0  1  0  0  0  0  0  0  0  0  0]
 [ 0  1  0 24  0  0  0  0  0  0  0  0  0  0  0  0  0  0  0  0]
 [ 3  0  0  0  9  0  4  0  0  1  0  1  2  1  0  0  0  2  0  0]
 [ 0  0  0  0  0 11  0  0  0  0  1  0  0  0  0  0  0  0  0  0]
 [ 1  1  0  0  3  0  2  0  3  0  0  0  1  0  0  0  1  0  0  0]
 [ 3  0  0  0  0  0  0  4  1  0  2  0  0  0  0  0  0  0  0  0]
 [ 1  0  0  0  0  0  0  2  6  0  0  0  0  1  0  0  0  0  0  0]
 [ 1  0  0  0  1  0  0  0  0  4  0  0  0  0  0  2  0  1  0  1]
 [ 1  0  0  0  0  0  0  0  0  0 16  0  0  0  1  0  0  0  0  0]
 [ 0  0  0  0  0  0  1  0  0  0  0 17  0  0  0  0  0  0  0  1]
 [ 3  1  0  0  1  0  0  1  3  1  1  2 34  1  5  1  1  0  1  1]
 [ 0  1  0  0  0  0  2  0  0  0  1  1  0 18  2  0  0  0  0  0]
 [ 0  0  1  0  1  0  0  0  1  0  0  0  0  1 15  0  1  0  0  2]
 [ 0  1  0  0  0  0  0  1  2  0  0  0  3  0  0 13  0  0  0  1]
 [ 0  0  0  0  0  0  0  0  0  0  0  0  2  0  1  0 13  0  0  1]
 [ 0  0  0  0  0  0  0  0  0  0  3  0  1  0  0  0  0 11  0  0]
 [ 0  0  0  0  0  0  0  0  0  0  0  0  2  0  0  1  0  0  9  0]
 [ 0  0  0  0  0  0  0  0  0  0  0  0  1  1  1  0  0  0  0  7]]
2024-01-24 03:58:07,397 - ***** Evaluation results *****
2024-01-24 03:58:07,397 -   acc = 0.6831
2024-01-24 03:58:07,397 -   f1 = 0.6597
2024-01-24 03:58:07,397 -   prec = 0.6568
2024-01-24 03:58:07,397 -   rec = 0.6734
2024-01-24 03:58:07,397 - Testing is finished...
2024-01-24 03:58:07,397 - Multimodal intent recognition is finished...
2024-01-24 03:58:07,397 - Results are saved in results/msz.csv
