2024-01-06 10:45:30,984 - ============================== Params ==============================
2024-01-06 10:45:30,984 - logger_name: msz_MIntRec_multi-class_seed-2_2024-01-06-10-45-30
2024-01-06 10:45:30,984 - dataset: MIntRec
2024-01-06 10:45:30,984 - data_mode: multi-class
2024-01-06 10:45:30,984 - method: msz
2024-01-06 10:45:30,984 - text_backbone: bert-base-uncased
2024-01-06 10:45:30,984 - text_backbone_path: /home/sharing/disk1/pretrained_embedding/bert/uncased_L-12_H-768_A-12/
2024-01-06 10:45:30,984 - seed: 2
2024-01-06 10:45:30,984 - num_workers: 8
2024-01-06 10:45:30,984 - gpu_id: 1
2024-01-06 10:45:30,984 - data_path: /home/sharing/disk2/sjh/intentDataset
2024-01-06 10:45:30,984 - train: True
2024-01-06 10:45:30,984 - tune: False
2024-01-06 10:45:30,984 - save_model: False
2024-01-06 10:45:30,984 - save_results: True
2024-01-06 10:45:30,984 - log_path: logs
2024-01-06 10:45:30,984 - cache_path: 
2024-01-06 10:45:30,984 - video_data_path: video_data
2024-01-06 10:45:30,984 - audio_data_path: audio_data
2024-01-06 10:45:30,984 - video_feats_path: video_feats.pkl
2024-01-06 10:45:30,984 - audio_feats_path: audio_feats.pkl
2024-01-06 10:45:30,984 - results_path: results
2024-01-06 10:45:30,984 - output_path: /home/sharing/disk2/sjh/Outputs/MIntRec
2024-01-06 10:45:30,984 - model_path: models
2024-01-06 10:45:30,984 - config_file_name: msz
2024-01-06 10:45:30,984 - results_file_name: msz.csv
2024-01-06 10:45:30,984 - padding_mode: zero
2024-01-06 10:45:30,984 - padding_loc: end
2024-01-06 10:45:30,984 - need_aligned: False
2024-01-06 10:45:30,985 - eval_monitor: f1
2024-01-06 10:45:30,985 - train_batch_size: 16
2024-01-06 10:45:30,985 - eval_batch_size: 8
2024-01-06 10:45:30,985 - test_batch_size: 8
2024-01-06 10:45:30,985 - wait_patience: 8
2024-01-06 10:45:30,985 - nheads: 2
2024-01-06 10:45:30,985 - encoder_layers: 2
2024-01-06 10:45:30,985 - attn_dropout: 0.1
2024-01-06 10:45:30,985 - relu_dropout: 0.1
2024-01-06 10:45:30,985 - embed_dropout: 0.1
2024-01-06 10:45:30,985 - res_dropout: 0.1
2024-01-06 10:45:30,985 - attn_mask: False
2024-01-06 10:45:30,985 - hidden_size: 768
2024-01-06 10:45:30,985 - num_attention_heads: 12
2024-01-06 10:45:30,985 - attention_probs_dropout_prob: 0.2
2024-01-06 10:45:30,985 - hidden_dropout_prob: 0.2
2024-01-06 10:45:30,985 - intermediate_size: 768
2024-01-06 10:45:30,985 - num_hidden_layers: 3
2024-01-06 10:45:30,985 - max_position_embeddings: 512
2024-01-06 10:45:30,985 - position_embedding_type: absolute
2024-01-06 10:45:30,985 - batch_first: True
2024-01-06 10:45:30,985 - hidden_dims: 768
2024-01-06 10:45:30,985 - att_dropouts: [0.2, 0.2, 0.2]
2024-01-06 10:45:30,985 - spe_dropouts: [0.1, 0.1, 0.1]
2024-01-06 10:45:30,985 - ta_loss: 0.1
2024-01-06 10:45:30,985 - tv_loss: 0.1
2024-01-06 10:45:30,985 - av_loss: 0.1
2024-01-06 10:45:30,985 - aligned_method: conv1d
2024-01-06 10:45:30,985 - grad_clip: -1
2024-01-06 10:45:30,985 - num_train_epochs: 100
2024-01-06 10:45:30,985 - warmup_proportion: 0.1
2024-01-06 10:45:30,985 - lr: 1e-05
2024-01-06 10:45:30,985 - weight_decay: 0.01
2024-01-06 10:45:30,985 - pred_output_path: /home/sharing/disk2/sjh/Outputs/MIntRec/msz_MIntRec_multi-class_seed-2_2024-01-06-10-45-30
2024-01-06 10:45:30,985 - model_output_path: /home/sharing/disk2/sjh/Outputs/MIntRec/msz_MIntRec_multi-class_seed-2_2024-01-06-10-45-30/models
2024-01-06 10:45:30,985 - ============================== End Params ==============================
2024-01-06 10:45:30,988 - Generate Text Features Begin...
2024-01-06 10:45:31,486 - Generate Text Features Finished...
2024-01-06 10:45:31,487 - Load Video Features Begin...
2024-01-06 10:45:32,092 - Load Video Features Finished...
2024-01-06 10:45:32,678 - Load Audio Features Begin...
2024-01-06 10:45:33,775 - Load Audio Features Finished...
2024-01-06 10:45:37,360 - method  begins...
2024-01-06 10:45:40,792 - Multimodal intent recognition begins...
2024-01-06 10:45:40,792 - Training begins...
2024-01-06 10:45:58,433 - ***** Epoch: 1: Eval results *****
2024-01-06 10:45:58,434 -   train_loss = 3.0023
2024-01-06 10:45:58,434 -   best_eval_score = 0.0
2024-01-06 10:45:58,434 -   eval_score = 0.0114
2024-01-06 10:46:14,559 - ***** Epoch: 2: Eval results *****
2024-01-06 10:46:14,560 -   train_loss = 2.6997
2024-01-06 10:46:14,560 -   best_eval_score = 0.0114
2024-01-06 10:46:14,560 -   eval_score = 0.2027
2024-01-06 10:46:30,754 - ***** Epoch: 3: Eval results *****
2024-01-06 10:46:30,754 -   train_loss = 2.3027
2024-01-06 10:46:30,754 -   best_eval_score = 0.2027
2024-01-06 10:46:30,755 -   eval_score = 0.1747
2024-01-06 10:46:30,755 - EarlyStopping counter: 1 out of 8
2024-01-06 10:46:46,253 - ***** Epoch: 4: Eval results *****
2024-01-06 10:46:46,253 -   train_loss = 1.9353
2024-01-06 10:46:46,254 -   best_eval_score = 0.2027
2024-01-06 10:46:46,254 -   eval_score = 0.2075
2024-01-06 10:47:01,685 - ***** Epoch: 5: Eval results *****
2024-01-06 10:47:01,686 -   train_loss = 1.7513
2024-01-06 10:47:01,686 -   best_eval_score = 0.2075
2024-01-06 10:47:01,686 -   eval_score = 0.3127
2024-01-06 10:47:17,247 - ***** Epoch: 6: Eval results *****
2024-01-06 10:47:17,247 -   train_loss = 1.6058
2024-01-06 10:47:17,247 -   best_eval_score = 0.3127
2024-01-06 10:47:17,247 -   eval_score = 0.3004
2024-01-06 10:47:17,247 - EarlyStopping counter: 1 out of 8
2024-01-06 10:47:32,800 - ***** Epoch: 7: Eval results *****
2024-01-06 10:47:32,800 -   train_loss = 1.7007
2024-01-06 10:47:32,800 -   best_eval_score = 0.3127
2024-01-06 10:47:32,800 -   eval_score = 0.3043
2024-01-06 10:47:32,800 - EarlyStopping counter: 2 out of 8
2024-01-06 10:47:48,624 - ***** Epoch: 8: Eval results *****
2024-01-06 10:47:48,625 -   train_loss = 2.1255
2024-01-06 10:47:48,625 -   best_eval_score = 0.3127
2024-01-06 10:47:48,625 -   eval_score = 0.0971
2024-01-06 10:47:48,625 - EarlyStopping counter: 3 out of 8
2024-01-06 10:48:04,352 - ***** Epoch: 9: Eval results *****
2024-01-06 10:48:04,352 -   train_loss = 2.3986
2024-01-06 10:48:04,352 -   best_eval_score = 0.3127
2024-01-06 10:48:04,352 -   eval_score = 0.1929
2024-01-06 10:48:04,352 - EarlyStopping counter: 4 out of 8
2024-01-06 10:48:20,155 - ***** Epoch: 10: Eval results *****
2024-01-06 10:48:20,155 -   train_loss = 3.0391
2024-01-06 10:48:20,155 -   best_eval_score = 0.3127
2024-01-06 10:48:20,155 -   eval_score = 0.015
2024-01-06 10:48:20,155 - EarlyStopping counter: 5 out of 8
2024-01-06 10:48:35,777 - ***** Epoch: 11: Eval results *****
2024-01-06 10:48:35,778 -   train_loss = 3.4246
2024-01-06 10:48:35,778 -   best_eval_score = 0.3127
2024-01-06 10:48:35,778 -   eval_score = 0.0033
2024-01-06 10:48:35,778 - EarlyStopping counter: 6 out of 8
2024-01-06 10:48:51,221 - ***** Epoch: 12: Eval results *****
2024-01-06 10:48:51,222 -   train_loss = 3.1099
2024-01-06 10:48:51,222 -   best_eval_score = 0.3127
2024-01-06 10:48:51,222 -   eval_score = 0.0114
2024-01-06 10:48:51,222 - EarlyStopping counter: 7 out of 8
2024-01-06 10:49:07,146 - ***** Epoch: 13: Eval results *****
2024-01-06 10:49:07,146 -   train_loss = 2.9421
2024-01-06 10:49:07,146 -   best_eval_score = 0.3127
2024-01-06 10:49:07,146 -   eval_score = 0.0114
2024-01-06 10:49:07,146 - EarlyStopping counter: 8 out of 8
2024-01-06 10:49:07,147 - EarlyStopping at epoch 13
2024-01-06 10:49:07,148 - Training is finished...
2024-01-06 10:49:07,148 - Testing begins...
2024-01-06 10:49:10,123 - ***** Test: Confusion Matrix *****
2024-01-06 10:49:10,125 - [[51  0  0  0  0  0  0  0  0  0  1  0  2  3  0  0  0  0  0  0]
 [ 7 33  0  1  0  0  0  0  0  0  0  0  0  0  1  1  0  0  0  0]
 [ 0  0 27  0  0  0  0  0  0  0  0  0  0  0  0  0  0  0  0  0]
 [ 0  0  0 24  0  0  0  0  0  0  0  0  1  0  0  0  0  0  0  0]
 [20  0  0  0  0  0  0  0  0  0  0  0  0  2  1  0  0  0  0  0]
 [ 1  0  0  8  0  0  0  0  0  0  1  0  1  1  0  0  0  0  0  0]
 [10  0  0  0  0  0  0  0  0  0  1  0  0  0  1  0  0  0  0  0]
 [ 8  1  0  0  0  0  0  0  0  0  0  0  0  1  0  0  0  0  0  0]
 [ 5  0  0  0  0  0  0  0  0  0  0  0  0  2  3  0  0  0  0  0]
 [ 6  0  0  0  0  0  0  0  0  0  0  0  4  0  0  0  0  0  0  0]
 [10  0  1  0  0  0  0  0  0  0  4  0  0  0  2  0  1  0  0  0]
 [ 4  0  0  0 13  0  0  0  0  0  0  0  1  1  0  0  0  0  0  0]
 [20  1  0  0  1  0  0  0  0  0  1  0 27  2  5  0  0  0  0  0]
 [ 3  0  0  0  1  0  0  0  0  0  0  0  0  3 18  0  0  0  0  0]
 [ 2  0  1  0  1  0  0  0  0  0  0  0 11  0  6  0  1  0  0  0]
 [ 8  0  0  0  0  0  0  0  0  0  0  0 10  0  1  2  0  0  0  0]
 [ 1  0  0  0  0  0  0  0  0  0  0  0  8  0  1  0  7  0  0  0]
 [11  0  0  0  0  0  0  0  0  0  4  0  0  0  0  0  0  0  0  0]
 [ 0  0  0  2  0  0  0  0  0  0  0  0  4  0  0  1  1  0  4  0]
 [ 0  0  0  0  1  0  0  0  0  0  0  0  2  2  5  0  0  0  0  0]]
2024-01-06 10:49:10,125 - ***** Evaluation results *****
2024-01-06 10:49:10,125 -   acc = 0.4225
2024-01-06 10:49:10,125 -   f1 = 0.2629
2024-01-06 10:49:10,125 -   prec = 0.3046
2024-01-06 10:49:10,125 -   rec = 0.2776
2024-01-06 10:49:10,125 - Testing is finished...
2024-01-06 10:49:10,125 - Multimodal intent recognition is finished...
2024-01-06 10:49:10,125 - Results are saved in results/msz.csv
