2024-01-06 12:19:10,674 - ============================== Params ==============================
2024-01-06 12:19:10,674 - logger_name: msz_MIntRec_multi-class_seed-2_2024-01-06-12-19-10
2024-01-06 12:19:10,674 - dataset: MIntRec
2024-01-06 12:19:10,674 - data_mode: multi-class
2024-01-06 12:19:10,674 - method: msz
2024-01-06 12:19:10,674 - text_backbone: bert-base-uncased
2024-01-06 12:19:10,674 - text_backbone_path: /home/sharing/disk1/pretrained_embedding/bert/uncased_L-12_H-768_A-12/
2024-01-06 12:19:10,674 - seed: 2
2024-01-06 12:19:10,674 - num_workers: 8
2024-01-06 12:19:10,674 - gpu_id: 1
2024-01-06 12:19:10,674 - data_path: /home/sharing/disk2/sjh/intentDataset
2024-01-06 12:19:10,674 - train: True
2024-01-06 12:19:10,674 - tune: False
2024-01-06 12:19:10,674 - save_model: False
2024-01-06 12:19:10,674 - save_results: True
2024-01-06 12:19:10,674 - log_path: logs
2024-01-06 12:19:10,674 - cache_path: 
2024-01-06 12:19:10,674 - video_data_path: video_data
2024-01-06 12:19:10,674 - audio_data_path: audio_data
2024-01-06 12:19:10,674 - video_feats_path: video_feats.pkl
2024-01-06 12:19:10,674 - audio_feats_path: audio_feats.pkl
2024-01-06 12:19:10,675 - results_path: results
2024-01-06 12:19:10,675 - output_path: /home/sharing/disk2/sjh/Outputs/MIntRec
2024-01-06 12:19:10,675 - model_path: models
2024-01-06 12:19:10,675 - config_file_name: msz
2024-01-06 12:19:10,675 - results_file_name: msz.csv
2024-01-06 12:19:10,675 - padding_mode: zero
2024-01-06 12:19:10,675 - padding_loc: end
2024-01-06 12:19:10,675 - need_aligned: False
2024-01-06 12:19:10,675 - eval_monitor: f1
2024-01-06 12:19:10,675 - train_batch_size: 16
2024-01-06 12:19:10,675 - eval_batch_size: 8
2024-01-06 12:19:10,675 - test_batch_size: 8
2024-01-06 12:19:10,675 - wait_patience: 8
2024-01-06 12:19:10,675 - nheads: 2
2024-01-06 12:19:10,675 - encoder_layers: 2
2024-01-06 12:19:10,675 - attn_dropout: 0.1
2024-01-06 12:19:10,675 - relu_dropout: 0.1
2024-01-06 12:19:10,675 - embed_dropout: 0.1
2024-01-06 12:19:10,675 - res_dropout: 0.1
2024-01-06 12:19:10,675 - attn_mask: False
2024-01-06 12:19:10,675 - hidden_size: 768
2024-01-06 12:19:10,675 - num_attention_heads: 12
2024-01-06 12:19:10,675 - attention_probs_dropout_prob: 0.2
2024-01-06 12:19:10,675 - hidden_dropout_prob: 0.2
2024-01-06 12:19:10,675 - intermediate_size: 768
2024-01-06 12:19:10,675 - num_hidden_layers: 3
2024-01-06 12:19:10,675 - max_position_embeddings: 512
2024-01-06 12:19:10,675 - position_embedding_type: absolute
2024-01-06 12:19:10,675 - batch_first: True
2024-01-06 12:19:10,675 - hidden_dims: 768
2024-01-06 12:19:10,675 - att_dropouts: [0.2, 0.2, 0.2]
2024-01-06 12:19:10,675 - spe_dropouts: [0.1, 0.1, 0.1]
2024-01-06 12:19:10,675 - ta_loss: 0.1
2024-01-06 12:19:10,675 - tv_loss: 0.1
2024-01-06 12:19:10,675 - av_loss: 0.1
2024-01-06 12:19:10,676 - aligned_method: conv1d
2024-01-06 12:19:10,676 - grad_clip: -1
2024-01-06 12:19:10,676 - num_train_epochs: 100
2024-01-06 12:19:10,676 - warmup_proportion: 0.1
2024-01-06 12:19:10,676 - lr: 1e-06
2024-01-06 12:19:10,676 - weight_decay: 0.01
2024-01-06 12:19:10,676 - pred_output_path: /home/sharing/disk2/sjh/Outputs/MIntRec/msz_MIntRec_multi-class_seed-2_2024-01-06-12-19-10
2024-01-06 12:19:10,676 - model_output_path: /home/sharing/disk2/sjh/Outputs/MIntRec/msz_MIntRec_multi-class_seed-2_2024-01-06-12-19-10/models
2024-01-06 12:19:10,676 - ============================== End Params ==============================
2024-01-06 12:19:10,678 - Generate Text Features Begin...
2024-01-06 12:19:11,190 - Generate Text Features Finished...
2024-01-06 12:19:11,190 - Load Video Features Begin...
2024-01-06 12:19:11,518 - Load Video Features Finished...
2024-01-06 12:19:12,113 - Load Audio Features Begin...
