2024-03-29 22:04:16,280 - ============================== Params ==============================
2024-03-29 22:04:16,280 - logger_name: msz_MIntRec_multi-class_seed-2_2024-03-29-22-04-16
2024-03-29 22:04:16,280 - dataset: MIntRec
2024-03-29 22:04:16,280 - data_mode: multi-class
2024-03-29 22:04:16,280 - method: msz
2024-03-29 22:04:16,280 - text_backbone: bert-base-uncased
2024-03-29 22:04:16,280 - text_backbone_path: /home/sharing/disk1/pretrained_embedding/bert/uncased_L-12_H-768_A-12/
2024-03-29 22:04:16,280 - seed: 2
2024-03-29 22:04:16,280 - num_workers: 8
2024-03-29 22:04:16,280 - gpu_id: 3
2024-03-29 22:04:16,280 - data_path: /home/sharing/disk2/sjh/intentDataset
2024-03-29 22:04:16,280 - train: True
2024-03-29 22:04:16,280 - tune: True
2024-03-29 22:04:16,280 - save_model: False
2024-03-29 22:04:16,280 - save_results: True
2024-03-29 22:04:16,280 - log_path: logs
2024-03-29 22:04:16,280 - cache_path: 
2024-03-29 22:04:16,280 - video_data_path: video_data
2024-03-29 22:04:16,280 - audio_data_path: audio_data
2024-03-29 22:04:16,280 - video_feats_path: video_feats.pkl
2024-03-29 22:04:16,280 - audio_feats_path: audio_feats.pkl
2024-03-29 22:04:16,280 - results_path: results
2024-03-29 22:04:16,280 - output_path: /home/sharing/disk2/sjh/Outputs/MIntRec
2024-03-29 22:04:16,280 - model_path: models
2024-03-29 22:04:16,280 - config_file_name: msz_MIntRec
2024-03-29 22:04:16,280 - results_file_name: msz.csv
2024-03-29 22:04:16,280 - padding_mode: zero
2024-03-29 22:04:16,280 - padding_loc: end
2024-03-29 22:04:16,280 - need_aligned: False
2024-03-29 22:04:16,280 - eval_monitor: f1
2024-03-29 22:04:16,280 - train_batch_size: 16
2024-03-29 22:04:16,280 - eval_batch_size: 8
2024-03-29 22:04:16,280 - test_batch_size: 8
2024-03-29 22:04:16,281 - wait_patience: 8
2024-03-29 22:04:16,281 - hidden_dims: 768
2024-03-29 22:04:16,281 - num_attention_heads: 8
2024-03-29 22:04:16,281 - attention_probs_dropout_prob: 0.2
2024-03-29 22:04:16,281 - hidden_dropout_prob: 0.4
2024-03-29 22:04:16,281 - intermediate_size: 768
2024-03-29 22:04:16,281 - num_hidden_layers: 8
2024-03-29 22:04:16,281 - max_position_embeddings: 768
2024-03-29 22:04:16,281 - position_embedding_type: absolute
2024-03-29 22:04:16,281 - batch_first: True
2024-03-29 22:04:16,281 - dropout: 0.1
2024-03-29 22:04:16,281 - aligned_method: conv1d
2024-03-29 22:04:16,281 - num_train_epochs: 100
2024-03-29 22:04:16,281 - lr: 6e-06
2024-03-29 22:04:16,281 - lr_mode: max
2024-03-29 22:04:16,281 - patience: 3
2024-03-29 22:04:16,281 - factor: 0.4
2024-03-29 22:04:16,281 - pred_output_path: /home/sharing/disk2/sjh/Outputs/MIntRec/msz_MIntRec_multi-class_seed-2_2024-03-29-22-04-16
2024-03-29 22:04:16,281 - model_output_path: /home/sharing/disk2/sjh/Outputs/MIntRec/msz_MIntRec_multi-class_seed-2_2024-03-29-22-04-16/models
2024-03-29 22:04:16,281 - num_labels: 20
2024-03-29 22:04:16,281 - text_feat_dim: 768
2024-03-29 22:04:16,281 - video_feat_dim: 256
2024-03-29 22:04:16,281 - audio_feat_dim: 768
2024-03-29 22:04:16,281 - text_seq_len: 30
2024-03-29 22:04:16,281 - video_seq_len: 230
2024-03-29 22:04:16,281 - audio_seq_len: 480
2024-03-29 22:04:16,281 - device: cuda:3
2024-03-29 22:04:16,281 - ============================== End Params ==============================
2024-03-29 22:04:16,480 - Generate Text Features Begin...
2024-03-29 22:04:17,073 - Generate Text Features Finished...
2024-03-29 22:04:17,073 - Load Video Features Begin...
2024-03-29 22:04:26,584 - Load Video Features Finished...
2024-03-29 22:04:27,096 - Load Audio Features Begin...
2024-03-29 22:04:57,723 - Load Audio Features Finished...
2024-03-29 22:05:00,153 - method  begins...
2024-03-29 22:05:05,137 - Multimodal intent recognition begins...
2024-03-29 22:05:05,137 - Training begins...
2024-03-29 22:05:26,140 - ***** Epoch: 1: Eval results *****
2024-03-29 22:05:26,140 -   train_loss = 2.6551
2024-03-29 22:05:26,140 -   best_eval_score = 0.0
2024-03-29 22:05:26,140 -   eval_score = 0.1825
2024-03-29 22:05:49,100 - ***** Epoch: 2: Eval results *****
2024-03-29 22:05:49,100 -   train_loss = 1.7851
2024-03-29 22:05:49,100 -   best_eval_score = 0.1825
2024-03-29 22:05:49,100 -   eval_score = 0.4961
2024-03-29 22:06:11,343 - ***** Epoch: 3: Eval results *****
2024-03-29 22:06:11,343 -   train_loss = 1.0826
2024-03-29 22:06:11,343 -   best_eval_score = 0.4961
2024-03-29 22:06:11,343 -   eval_score = 0.5794
2024-03-29 22:06:33,003 - ***** Epoch: 4: Eval results *****
2024-03-29 22:06:33,004 -   train_loss = 0.638
2024-03-29 22:06:33,004 -   best_eval_score = 0.5794
2024-03-29 22:06:33,004 -   eval_score = 0.6256
2024-03-29 22:06:55,394 - ***** Epoch: 5: Eval results *****
2024-03-29 22:06:55,394 -   train_loss = 0.3811
2024-03-29 22:06:55,394 -   best_eval_score = 0.6256
2024-03-29 22:06:55,395 -   eval_score = 0.6656
2024-03-29 22:07:17,308 - ***** Epoch: 6: Eval results *****
2024-03-29 22:07:17,308 -   train_loss = 0.2139
2024-03-29 22:07:17,308 -   best_eval_score = 0.6656
2024-03-29 22:07:17,308 -   eval_score = 0.6995
2024-03-29 22:07:39,123 - ***** Epoch: 7: Eval results *****
2024-03-29 22:07:39,124 -   train_loss = 0.168
2024-03-29 22:07:39,124 -   best_eval_score = 0.6995
2024-03-29 22:07:39,124 -   eval_score = 0.6998
2024-03-29 22:07:59,950 - ***** Epoch: 8: Eval results *****
2024-03-29 22:07:59,950 -   train_loss = 0.129
2024-03-29 22:07:59,950 -   best_eval_score = 0.6998
2024-03-29 22:07:59,950 -   eval_score = 0.7038
2024-03-29 22:08:23,874 - ***** Epoch: 9: Eval results *****
2024-03-29 22:08:23,874 -   train_loss = 0.1036
2024-03-29 22:08:23,874 -   best_eval_score = 0.7038
2024-03-29 22:08:23,874 -   eval_score = 0.6922
2024-03-29 22:08:23,874 - EarlyStopping counter: 1 out of 8
2024-03-29 22:08:45,324 - ***** Epoch: 10: Eval results *****
2024-03-29 22:08:45,325 -   train_loss = 0.0851
2024-03-29 22:08:45,325 -   best_eval_score = 0.7038
2024-03-29 22:08:45,325 -   eval_score = 0.7014
2024-03-29 22:08:45,325 - EarlyStopping counter: 2 out of 8
2024-03-29 22:09:07,147 - ***** Epoch: 11: Eval results *****
2024-03-29 22:09:07,147 -   train_loss = 0.0763
2024-03-29 22:09:07,148 -   best_eval_score = 0.7038
2024-03-29 22:09:07,148 -   eval_score = 0.6978
2024-03-29 22:09:07,148 - EarlyStopping counter: 3 out of 8
2024-03-29 22:09:30,175 - ***** Epoch: 12: Eval results *****
2024-03-29 22:09:30,175 -   train_loss = 0.0675
2024-03-29 22:09:30,175 -   best_eval_score = 0.7038
2024-03-29 22:09:30,175 -   eval_score = 0.6954
2024-03-29 22:09:30,175 - EarlyStopping counter: 4 out of 8
2024-03-29 22:09:54,179 - ***** Epoch: 13: Eval results *****
2024-03-29 22:09:54,179 -   train_loss = 0.0605
2024-03-29 22:09:54,179 -   best_eval_score = 0.7038
2024-03-29 22:09:54,179 -   eval_score = 0.6935
2024-03-29 22:09:54,179 - EarlyStopping counter: 5 out of 8
2024-03-29 22:10:16,916 - ***** Epoch: 14: Eval results *****
2024-03-29 22:10:16,916 -   train_loss = 0.0557
2024-03-29 22:10:16,916 -   best_eval_score = 0.7038
2024-03-29 22:10:16,917 -   eval_score = 0.69
2024-03-29 22:10:16,917 - EarlyStopping counter: 6 out of 8
2024-03-29 22:10:37,909 - ***** Epoch: 15: Eval results *****
2024-03-29 22:10:37,909 -   train_loss = 0.0538
2024-03-29 22:10:37,909 -   best_eval_score = 0.7038
2024-03-29 22:10:37,909 -   eval_score = 0.6907
2024-03-29 22:10:37,909 - EarlyStopping counter: 7 out of 8
2024-03-29 22:10:59,469 - ***** Epoch: 16: Eval results *****
2024-03-29 22:10:59,469 -   train_loss = 0.0517
2024-03-29 22:10:59,469 -   best_eval_score = 0.7038
2024-03-29 22:10:59,469 -   eval_score = 0.6906
2024-03-29 22:10:59,469 - EarlyStopping counter: 8 out of 8
2024-03-29 22:10:59,469 - EarlyStopping at epoch 16
2024-03-29 22:10:59,472 - Training is finished...
2024-03-29 22:10:59,472 - Testing begins...
2024-03-29 22:11:03,092 - ***** Test: Confusion Matrix *****
2024-03-29 22:11:03,093 - [[39  3  0  0  8  0  0  0  0  1  1  0  4  1  0  0  0  0  0  0]
 [ 0 35  0  1  0  3  0  0  0  0  1  0  2  1  0  0  0  0  0  0]
 [ 1  0 26  0  0  0  0  0  0  0  0  0  0  0  0  0  0  0  0  0]
 [ 0  0  0 25  0  0  0  0  0  0  0  0  0  0  0  0  0  0  0  0]
 [ 5  0  0  0 11  0  2  0  0  0  0  1  2  1  0  0  0  1  0  0]
 [ 0  0  0  0  0 12  0  0  0  0  0  0  0  0  0  0  0  0  0  0]
 [ 1  1  0  0  3  0  2  0  3  0  0  0  1  0  0  0  1  0  0  0]
 [ 3  1  0  0  0  1  0  5  0  0  0  0  0  0  0  0  0  0  0  0]
 [ 1  0  0  0  0  0  1  3  3  0  0  0  0  1  0  1  0  0  0  0]
 [ 1  0  0  0  1  0  0  0  0  4  1  0  0  0  0  2  0  1  0  0]
 [ 1  0  0  0  0  0  1  0  0  2 13  0  0  0  1  0  0  0  0  0]
 [ 0  0  0  0  1  0  1  0  0  0  0 16  0  0  0  0  0  0  0  1]
 [ 4  2  0  0  1  0  0  0  0  0  0  1 42  2  2  2  1  0  0  0]
 [ 0  0  0  0  0  0  2  1  0  0  1  1  0 19  1  0  0  0  0  0]
 [ 0  0  0  0  1  0  0  0  0  0  0  0  1  2 16  0  1  0  0  1]
 [ 0  1  0  0  0  0  0  0  0  0  0  0  4  0  0 15  0  0  0  1]
 [ 0  0  0  0  0  0  0  0  0  0  0  0  3  0  1  0 13  0  0  0]
 [ 0  0  0  0  0  0  0  0  0  1  1  0  2  0  0  0  0 11  0  0]
 [ 0  0  0  0  0  0  0  0  0  0  0  0  2  0  0  1  0  0  9  0]
 [ 1  0  0  0  0  0  0  0  0  0  0  0  1  1  1  0  1  0  0  5]]
2024-03-29 22:11:03,093 - ***** Evaluation results *****
2024-03-29 22:11:03,094 -   acc = 0.7213
2024-03-29 22:11:03,094 -   f1 = 0.6841
2024-03-29 22:11:03,094 -   prec = 0.6994
2024-03-29 22:11:03,094 -   rec = 0.6778
2024-03-29 22:11:03,094 - Testing is finished...
2024-03-29 22:11:03,094 - Multimodal intent recognition is finished...
2024-03-29 22:11:03,094 - Results are saved in results/msz.csv
