2024-02-29 09:02:39,101 - ============================== Params ==============================
2024-02-29 09:02:39,101 - logger_name: msz_MIntRec2_multi-class_seed-2_2024-02-29-09-02-39
2024-02-29 09:02:39,101 - dataset: MIntRec2
2024-02-29 09:02:39,101 - data_mode: multi-class
2024-02-29 09:02:39,101 - method: msz
2024-02-29 09:02:39,101 - text_backbone: bert-base-uncased
2024-02-29 09:02:39,102 - text_backbone_path: /home/sharing/disk1/pretrained_embedding/bert/uncased_L-12_H-768_A-12/
2024-02-29 09:02:39,102 - seed: 2
2024-02-29 09:02:39,102 - num_workers: 1
2024-02-29 09:02:39,102 - gpu_id: 3
2024-02-29 09:02:39,102 - data_path: /home/sharing/disk2/sjh/intentDataset
2024-02-29 09:02:39,102 - train: True
2024-02-29 09:02:39,102 - tune: False
2024-02-29 09:02:39,102 - save_model: True
2024-02-29 09:02:39,102 - save_results: True
2024-02-29 09:02:39,102 - log_path: logs
2024-02-29 09:02:39,102 - cache_path: 
2024-02-29 09:02:39,102 - video_data_path: video_data
2024-02-29 09:02:39,102 - audio_data_path: audio_data
2024-02-29 09:02:39,102 - video_feats_path: video_feats.pkl
2024-02-29 09:02:39,102 - audio_feats_path: audio_feats.pkl
2024-02-29 09:02:39,102 - results_path: results
2024-02-29 09:02:39,102 - output_path: /home/sharing/disk2/sjh/Outputs/MIntRec2
2024-02-29 09:02:39,102 - model_path: models
2024-02-29 09:02:39,102 - config_file_name: msz_MIntRec2
2024-02-29 09:02:39,102 - results_file_name: msz.csv
2024-02-29 09:02:39,102 - padding_mode: zero
2024-02-29 09:02:39,102 - padding_loc: end
2024-02-29 09:02:39,102 - need_aligned: False
2024-02-29 09:02:39,102 - eval_monitor: f1
2024-02-29 09:02:39,102 - train_batch_size: 4
2024-02-29 09:02:39,102 - eval_batch_size: 2
2024-02-29 09:02:39,102 - test_batch_size: 2
2024-02-29 09:02:39,102 - wait_patience: 8
2024-02-29 09:02:39,102 - hidden_size: 768
2024-02-29 09:02:39,102 - num_attention_heads: 12
2024-02-29 09:02:39,102 - attention_probs_dropout_prob: 0.2
2024-02-29 09:02:39,102 - hidden_dropout_prob: 0.2
2024-02-29 09:02:39,102 - intermediate_size: 768
2024-02-29 09:02:39,102 - num_hidden_layers: 8
2024-02-29 09:02:39,102 - max_position_embeddings: 768
2024-02-29 09:02:39,102 - position_embedding_type: absolute
2024-02-29 09:02:39,102 - batch_first: True
2024-02-29 09:02:39,102 - hidden_dims: 768
2024-02-29 09:02:39,103 - dropout: 0.1
2024-02-29 09:02:39,103 - aligned_method: conv1d
2024-02-29 09:02:39,103 - num_train_epochs: 100
2024-02-29 09:02:39,103 - lr: 8e-06
2024-02-29 09:02:39,103 - pred_output_path: /home/sharing/disk2/sjh/Outputs/MIntRec2/msz_MIntRec2_multi-class_seed-2_2024-02-29-09-02-39
2024-02-29 09:02:39,103 - model_output_path: /home/sharing/disk2/sjh/Outputs/MIntRec2/msz_MIntRec2_multi-class_seed-2_2024-02-29-09-02-39/models
2024-02-29 09:02:39,103 - ============================== End Params ==============================
2024-02-29 09:02:39,244 - Generate Text Features Begin...
2024-02-29 09:02:41,223 - Generate Text Features Finished...
2024-02-29 09:02:41,257 - Load Video Features Begin...
