2023-12-23 09:19:55,947 - ============================== Params ==============================
2023-12-23 09:19:55,948 - logger_name: msz_MIntRec_multi-class_seed-6_2023-12-23-09-19-55
2023-12-23 09:19:55,948 - dataset: MIntRec
2023-12-23 09:19:55,948 - data_mode: multi-class
2023-12-23 09:19:55,948 - method: msz
2023-12-23 09:19:55,948 - text_backbone: bert-base-uncased
2023-12-23 09:19:55,948 - text_backbone_path: /home/sharing/disk1/pretrained_embedding/bert/uncased_L-12_H-768_A-12/
2023-12-23 09:19:55,948 - seed: 6
2023-12-23 09:19:55,948 - num_workers: 8
2023-12-23 09:19:55,948 - gpu_id: 0
2023-12-23 09:19:55,948 - data_path: /home/sharing/disk2/sjh/intentDataset
2023-12-23 09:19:55,948 - train: True
2023-12-23 09:19:55,948 - tune: False
2023-12-23 09:19:55,948 - save_model: False
2023-12-23 09:19:55,948 - save_results: True
2023-12-23 09:19:55,948 - log_path: logs
2023-12-23 09:19:55,948 - cache_path: 
2023-12-23 09:19:55,948 - video_data_path: video_data
2023-12-23 09:19:55,948 - audio_data_path: audio_data
2023-12-23 09:19:55,948 - video_feats_path: video_feats.pkl
2023-12-23 09:19:55,949 - audio_feats_path: audio_feats.pkl
2023-12-23 09:19:55,949 - results_path: results
2023-12-23 09:19:55,949 - output_path: /home/sujianhua/Outputs/MIntRec
2023-12-23 09:19:55,949 - model_path: models
2023-12-23 09:19:55,949 - config_file_name: msz
2023-12-23 09:19:55,949 - results_file_name: msz.csv
2023-12-23 09:19:55,949 - padding_mode: zero
2023-12-23 09:19:55,949 - padding_loc: end
2023-12-23 09:19:55,949 - need_aligned: False
2023-12-23 09:19:55,949 - eval_monitor: f1
2023-12-23 09:19:55,949 - train_batch_size: 16
2023-12-23 09:19:55,949 - eval_batch_size: 8
2023-12-23 09:19:55,949 - test_batch_size: 8
2023-12-23 09:19:55,949 - wait_patience: 8
2023-12-23 09:19:55,949 - nheads: 4
2023-12-23 09:19:55,949 - encoder_layers: 3
2023-12-23 09:19:55,949 - attn_dropout: 0.2
2023-12-23 09:19:55,949 - relu_dropout: 0.2
2023-12-23 09:19:55,949 - embed_dropout: 0.2
2023-12-23 09:19:55,949 - res_dropout: 0.2
2023-12-23 09:19:55,949 - attn_mask: False
2023-12-23 09:19:55,949 - warmup_proportion: 0.1
2023-12-23 09:19:55,949 - hidden_size: 768
2023-12-23 09:19:55,950 - num_attention_heads: 12
2023-12-23 09:19:55,950 - attention_probs_dropout_prob: 0.2
2023-12-23 09:19:55,950 - hidden_dropout_prob: 0.2
2023-12-23 09:19:55,950 - intermediate_size: 768
2023-12-23 09:19:55,950 - num_hidden_layers: 3
2023-12-23 09:19:55,950 - max_position_embeddings: 512
2023-12-23 09:19:55,950 - position_embedding_type: absolute
2023-12-23 09:19:55,950 - add_cross_attention: True
2023-12-23 09:19:55,950 - batch_first: True
2023-12-23 09:19:55,950 - hidden_dims: 768
2023-12-23 09:19:55,950 - att_dropouts: [0.2, 0.2, 0.2]
2023-12-23 09:19:55,950 - spe_dropouts: [0.1, 0.1, 0.1]
2023-12-23 09:19:55,950 - sl: 0.1
2023-12-23 09:19:55,950 - cl: 0.1
2023-12-23 09:19:55,950 - num_train_epochs: 100
2023-12-23 09:19:55,950 - lr: 2e-05
2023-12-23 09:19:55,950 - weight_decay: 0.01
2023-12-23 09:19:55,950 - pred_output_path: /home/sujianhua/Outputs/MIntRec/msz_MIntRec_multi-class_seed-6_2023-12-23-09-19-55
2023-12-23 09:19:55,950 - model_output_path: /home/sujianhua/Outputs/MIntRec/msz_MIntRec_multi-class_seed-6_2023-12-23-09-19-55/models
2023-12-23 09:19:55,950 - ============================== End Params ==============================
2023-12-23 09:19:56,119 - Generate Text Features Begin...
2023-12-23 09:19:57,014 - Generate Text Features Finished...
2023-12-23 09:19:57,015 - Load Video Features Begin...
2023-12-23 09:20:02,503 - Load Video Features Finished...
2023-12-23 09:20:03,318 - Load Audio Features Begin...
2023-12-23 09:20:15,146 - Load Audio Features Finished...
2023-12-23 09:20:20,050 - method  begins...
2023-12-23 09:20:27,675 - Multimodal intent recognition begins...
2023-12-23 09:20:27,675 - Training begins...
2023-12-23 09:20:52,978 - ***** Epoch: 1: Eval results *****
2023-12-23 09:20:52,979 -   train_loss = 2.8037
2023-12-23 09:20:52,979 -   best_eval_score = 0.0
2023-12-23 09:20:52,979 -   eval_score = 0.1554
2023-12-23 09:21:17,708 - ***** Epoch: 2: Eval results *****
2023-12-23 09:21:17,709 -   train_loss = 1.9698
2023-12-23 09:21:17,710 -   best_eval_score = 0.1554
2023-12-23 09:21:17,710 -   eval_score = 0.3736
2023-12-23 09:21:40,563 - ***** Epoch: 3: Eval results *****
2023-12-23 09:21:40,564 -   train_loss = 2.1874
2023-12-23 09:21:40,564 -   best_eval_score = 0.3736
2023-12-23 09:21:40,564 -   eval_score = 0.2602
2023-12-23 09:21:40,564 - EarlyStopping counter: 1 out of 8
2023-12-23 09:22:05,024 - ***** Epoch: 4: Eval results *****
2023-12-23 09:22:05,025 -   train_loss = 2.8077
2023-12-23 09:22:05,025 -   best_eval_score = 0.3736
2023-12-23 09:22:05,025 -   eval_score = 0.2865
2023-12-23 09:22:05,025 - EarlyStopping counter: 2 out of 8
2023-12-23 09:22:30,892 - ***** Epoch: 5: Eval results *****
2023-12-23 09:22:30,892 -   train_loss = 3.3546
2023-12-23 09:22:30,892 -   best_eval_score = 0.3736
2023-12-23 09:22:30,892 -   eval_score = 0.0732
2023-12-23 09:22:30,892 - EarlyStopping counter: 3 out of 8
2023-12-23 09:22:52,937 - ***** Epoch: 6: Eval results *****
2023-12-23 09:22:52,938 -   train_loss = 4.1619
2023-12-23 09:22:52,938 -   best_eval_score = 0.3736
2023-12-23 09:22:52,938 -   eval_score = 0.0998
2023-12-23 09:22:52,938 - EarlyStopping counter: 4 out of 8
2023-12-23 09:23:14,057 - ***** Epoch: 7: Eval results *****
2023-12-23 09:23:14,057 -   train_loss = 7.2076
2023-12-23 09:23:14,057 -   best_eval_score = 0.3736
2023-12-23 09:23:14,057 -   eval_score = 0.0131
2023-12-23 09:23:14,057 - EarlyStopping counter: 5 out of 8
2023-12-23 09:23:34,927 - ***** Epoch: 8: Eval results *****
2023-12-23 09:23:34,927 -   train_loss = 8.5187
2023-12-23 09:23:34,927 -   best_eval_score = 0.3736
2023-12-23 09:23:34,927 -   eval_score = 0.0105
2023-12-23 09:23:34,927 - EarlyStopping counter: 6 out of 8
2023-12-23 09:23:55,196 - ***** Epoch: 9: Eval results *****
2023-12-23 09:23:55,197 -   train_loss = 15.0475
2023-12-23 09:23:55,197 -   best_eval_score = 0.3736
2023-12-23 09:23:55,197 -   eval_score = 0.009
2023-12-23 09:23:55,197 - EarlyStopping counter: 7 out of 8
2023-12-23 09:24:15,708 - ***** Epoch: 10: Eval results *****
2023-12-23 09:24:15,708 -   train_loss = 22.1889
2023-12-23 09:24:15,708 -   best_eval_score = 0.3736
2023-12-23 09:24:15,708 -   eval_score = 0.019
2023-12-23 09:24:15,708 - EarlyStopping counter: 8 out of 8
2023-12-23 09:24:15,708 - EarlyStopping at epoch 10
2023-12-23 09:24:15,710 - Training is finished...
2023-12-23 09:24:15,710 - Testing begins...
2023-12-23 09:24:19,511 - ***** Test: Confusion Matrix *****
2023-12-23 09:24:19,512 - [[24  3  0  0 21  0  0  0  0  0  7  0  0  1  0  1  0  0  0  0]
 [ 1 38  0  0  1  0  0  0  0  0  3  0  0  0  0  0  0  0  0  0]
 [ 0  0 26  0  0  0  0  0  0  0  1  0  0  0  0  0  0  0  0  0]
 [ 0  0  0 25  0  0  0  0  0  0  0  0  0  0  0  0  0  0  0  0]
 [ 0  0  0  0 10  0  0  0  0  0 11  2  0  0  0  0  0  0  0  0]
 [ 0  0  0  0  1  6  0  0  0  0  5  0  0  0  0  0  0  0  0  0]
 [ 1  1  0  0  5  0  0  0  0  0  3  1  0  0  1  0  0  0  0  0]
 [ 0  5  0  0  3  0  0  0  0  0  2  0  0  0  0  0  0  0  0  0]
 [ 3  0  0  0  6  0  0  0  0  0  0  0  0  1  0  0  0  0  0  0]
 [ 0  0  0  0  1  0  0  0  1  0  7  0  0  0  0  1  0  0  0  0]
 [ 1  0  0  0  0  0  0  0  0  0 17  0  0  0  0  0  0  0  0  0]
 [ 0  0  0  0  0  0  0  0  0  0  1 18  0  0  0  0  0  0  0  0]
 [ 7 12  1  0 13  0  0  0  0  0  8  1  2  1  7  5  0  0  0  0]
 [ 0  1  0  0  8  0  0  0  0  0  7  1  0  8  0  0  0  0  0  0]
 [ 0  1  1  0  3  0  0  0  0  0  8  0  0  1  7  0  1  0  0  0]
 [ 0 10  0  0  4  0  0  0  1  0  1  0  0  0  0  5  0  0  0  0]
 [ 1  0  0  0  2  0  0  0  1  0  2  0  0  2  0  0  9  0  0  0]
 [ 0  0  0  0  0  0  0  0  0  0 15  0  0  0  0  0  0  0  0  0]
 [ 0  2  0  0  0  0  0  0  0  0  0  0  0  0  0  0  0  0 10  0]
 [ 1  0  0  0  1  0  0  0  0  0  1  5  0  1  0  0  0  0  0  1]]
2023-12-23 09:24:19,512 - ***** Evaluation results *****
2023-12-23 09:24:19,512 -   acc = 0.4629
2023-12-23 09:24:19,512 -   f1 = 0.3963
2023-12-23 09:24:19,512 -   prec = 0.5161
2023-12-23 09:24:19,513 -   rec = 0.4234
2023-12-23 09:24:19,513 - Testing is finished...
2023-12-23 09:24:19,513 - Multimodal intent recognition is finished...
2023-12-23 09:24:19,513 - Results are saved in results/msz.csv
