2024-01-24 08:36:38,804 - ============================== Params ==============================
2024-01-24 08:36:38,805 - logger_name: msz_MIntRec_multi-class_seed-0_2024-01-24-08-36-38
2024-01-24 08:36:38,805 - dataset: MIntRec
2024-01-24 08:36:38,805 - data_mode: multi-class
2024-01-24 08:36:38,805 - method: msz
2024-01-24 08:36:38,805 - text_backbone: bert-base-uncased
2024-01-24 08:36:38,805 - text_backbone_path: /home/sharing/disk1/pretrained_embedding/bert/uncased_L-12_H-768_A-12/
2024-01-24 08:36:38,805 - seed: 0
2024-01-24 08:36:38,805 - num_workers: 8
2024-01-24 08:36:38,805 - gpu_id: 1
2024-01-24 08:36:38,805 - data_path: /home/sharing/disk2/sjh/intentDataset
2024-01-24 08:36:38,805 - train: True
2024-01-24 08:36:38,805 - tune: False
2024-01-24 08:36:38,805 - save_model: False
2024-01-24 08:36:38,805 - save_results: True
2024-01-24 08:36:38,805 - log_path: logs
2024-01-24 08:36:38,805 - cache_path: 
2024-01-24 08:36:38,805 - video_data_path: video_data
2024-01-24 08:36:38,805 - audio_data_path: audio_data
2024-01-24 08:36:38,805 - video_feats_path: video_feats.pkl
2024-01-24 08:36:38,805 - audio_feats_path: audio_feats.pkl
2024-01-24 08:36:38,805 - results_path: results
2024-01-24 08:36:38,805 - output_path: /home/sharing/disk2/sjh/Outputs/MIntRec
2024-01-24 08:36:38,805 - model_path: models
2024-01-24 08:36:38,805 - config_file_name: msz
2024-01-24 08:36:38,805 - results_file_name: msz.csv
2024-01-24 08:36:38,805 - padding_mode: zero
2024-01-24 08:36:38,805 - padding_loc: end
2024-01-24 08:36:38,805 - need_aligned: False
2024-01-24 08:36:38,805 - eval_monitor: f1
2024-01-24 08:36:38,805 - train_batch_size: 16
2024-01-24 08:36:38,805 - eval_batch_size: 8
2024-01-24 08:36:38,805 - test_batch_size: 8
2024-01-24 08:36:38,805 - wait_patience: 8
2024-01-24 08:36:38,805 - hidden_size: 768
2024-01-24 08:36:38,805 - num_attention_heads: 12
2024-01-24 08:36:38,805 - attention_probs_dropout_prob: 0.2
2024-01-24 08:36:38,806 - hidden_dropout_prob: 0.2
2024-01-24 08:36:38,806 - intermediate_size: 768
2024-01-24 08:36:38,806 - num_hidden_layers: 8
2024-01-24 08:36:38,806 - max_position_embeddings: 768
2024-01-24 08:36:38,806 - position_embedding_type: absolute
2024-01-24 08:36:38,806 - batch_first: True
2024-01-24 08:36:38,806 - hidden_dims: 768
2024-01-24 08:36:38,806 - dropout: 0.1
2024-01-24 08:36:38,806 - aligned_method: conv1d
2024-01-24 08:36:38,806 - num_train_epochs: 100
2024-01-24 08:36:38,806 - lr: 8e-06
2024-01-24 08:36:38,806 - pred_output_path: /home/sharing/disk2/sjh/Outputs/MIntRec/msz_MIntRec_multi-class_seed-0_2024-01-24-08-36-38
2024-01-24 08:36:38,806 - model_output_path: /home/sharing/disk2/sjh/Outputs/MIntRec/msz_MIntRec_multi-class_seed-0_2024-01-24-08-36-38/models
2024-01-24 08:36:38,806 - ============================== End Params ==============================
2024-01-24 08:36:38,808 - Generate Text Features Begin...
2024-01-24 08:36:39,392 - Generate Text Features Finished...
2024-01-24 08:36:39,393 - Load Video Features Begin...
2024-01-24 08:36:39,709 - Load Video Features Finished...
2024-01-24 08:36:40,203 - Load Audio Features Begin...
2024-01-24 08:37:39,605 - Load Audio Features Finished...
2024-01-24 08:37:43,846 - method  begins...
2024-01-24 08:37:53,961 - Multimodal intent recognition begins...
2024-01-24 08:37:53,970 - Training begins...
2024-01-24 08:38:16,768 - ***** Epoch: 1: Eval results *****
2024-01-24 08:38:16,768 -   train_loss = 2.5101
2024-01-24 08:38:16,768 -   best_eval_score = 0.0
2024-01-24 08:38:16,768 -   eval_score = 0.2832
2024-01-24 08:38:37,536 - ***** Epoch: 2: Eval results *****
2024-01-24 08:38:37,537 -   train_loss = 1.437
2024-01-24 08:38:37,537 -   best_eval_score = 0.2832
2024-01-24 08:38:37,537 -   eval_score = 0.566
2024-01-24 08:38:57,850 - ***** Epoch: 3: Eval results *****
2024-01-24 08:38:57,850 -   train_loss = 0.7603
2024-01-24 08:38:57,850 -   best_eval_score = 0.566
2024-01-24 08:38:57,850 -   eval_score = 0.632
2024-01-24 08:39:18,439 - ***** Epoch: 4: Eval results *****
2024-01-24 08:39:18,440 -   train_loss = 0.3892
2024-01-24 08:39:18,440 -   best_eval_score = 0.632
2024-01-24 08:39:18,440 -   eval_score = 0.6519
2024-01-24 08:39:39,300 - ***** Epoch: 5: Eval results *****
2024-01-24 08:39:39,300 -   train_loss = 0.219
2024-01-24 08:39:39,300 -   best_eval_score = 0.6519
2024-01-24 08:39:39,301 -   eval_score = 0.6572
2024-01-24 08:39:59,712 - ***** Epoch: 6: Eval results *****
2024-01-24 08:39:59,712 -   train_loss = 0.1121
2024-01-24 08:39:59,712 -   best_eval_score = 0.6572
2024-01-24 08:39:59,712 -   eval_score = 0.6609
2024-01-24 08:40:20,792 - ***** Epoch: 7: Eval results *****
2024-01-24 08:40:20,792 -   train_loss = 0.0604
2024-01-24 08:40:20,792 -   best_eval_score = 0.6609
2024-01-24 08:40:20,792 -   eval_score = 0.6759
2024-01-24 08:40:42,019 - ***** Epoch: 8: Eval results *****
2024-01-24 08:40:42,019 -   train_loss = 0.039
2024-01-24 08:40:42,019 -   best_eval_score = 0.6759
2024-01-24 08:40:42,019 -   eval_score = 0.6677
2024-01-24 08:40:42,019 - EarlyStopping counter: 1 out of 8
2024-01-24 08:41:02,670 - ***** Epoch: 9: Eval results *****
2024-01-24 08:41:02,670 -   train_loss = 0.0213
2024-01-24 08:41:02,670 -   best_eval_score = 0.6759
2024-01-24 08:41:02,670 -   eval_score = 0.672
2024-01-24 08:41:02,670 - EarlyStopping counter: 2 out of 8
2024-01-24 08:41:23,041 - ***** Epoch: 10: Eval results *****
2024-01-24 08:41:23,041 -   train_loss = 0.0173
2024-01-24 08:41:23,041 -   best_eval_score = 0.6759
2024-01-24 08:41:23,041 -   eval_score = 0.6674
2024-01-24 08:41:23,041 - EarlyStopping counter: 3 out of 8
2024-01-24 08:41:43,073 - ***** Epoch: 11: Eval results *****
2024-01-24 08:41:43,073 -   train_loss = 0.0143
2024-01-24 08:41:43,073 -   best_eval_score = 0.6759
2024-01-24 08:41:43,073 -   eval_score = 0.6768
2024-01-24 08:42:03,348 - ***** Epoch: 12: Eval results *****
2024-01-24 08:42:03,348 -   train_loss = 0.0118
2024-01-24 08:42:03,348 -   best_eval_score = 0.6768
2024-01-24 08:42:03,348 -   eval_score = 0.6764
2024-01-24 08:42:03,348 - EarlyStopping counter: 1 out of 8
2024-01-24 08:42:23,933 - ***** Epoch: 13: Eval results *****
2024-01-24 08:42:23,934 -   train_loss = 0.0104
2024-01-24 08:42:23,934 -   best_eval_score = 0.6768
2024-01-24 08:42:23,934 -   eval_score = 0.6852
2024-01-24 08:42:44,660 - ***** Epoch: 14: Eval results *****
2024-01-24 08:42:44,661 -   train_loss = 0.01
2024-01-24 08:42:44,661 -   best_eval_score = 0.6852
2024-01-24 08:42:44,661 -   eval_score = 0.6853
2024-01-24 08:43:05,876 - ***** Epoch: 15: Eval results *****
2024-01-24 08:43:05,876 -   train_loss = 0.0096
2024-01-24 08:43:05,876 -   best_eval_score = 0.6853
2024-01-24 08:43:05,876 -   eval_score = 0.6838
2024-01-24 08:43:05,876 - EarlyStopping counter: 1 out of 8
2024-01-24 08:43:26,349 - ***** Epoch: 16: Eval results *****
2024-01-24 08:43:26,350 -   train_loss = 0.009
2024-01-24 08:43:26,350 -   best_eval_score = 0.6853
2024-01-24 08:43:26,350 -   eval_score = 0.6869
2024-01-24 08:43:47,746 - ***** Epoch: 17: Eval results *****
2024-01-24 08:43:47,746 -   train_loss = 0.009
2024-01-24 08:43:47,746 -   best_eval_score = 0.6869
2024-01-24 08:43:47,746 -   eval_score = 0.6869
2024-01-24 08:43:47,746 - EarlyStopping counter: 1 out of 8
2024-01-24 08:44:08,741 - ***** Epoch: 18: Eval results *****
2024-01-24 08:44:08,741 -   train_loss = 0.0087
2024-01-24 08:44:08,741 -   best_eval_score = 0.6869
2024-01-24 08:44:08,741 -   eval_score = 0.6867
2024-01-24 08:44:08,741 - EarlyStopping counter: 2 out of 8
2024-01-24 08:44:29,094 - ***** Epoch: 19: Eval results *****
2024-01-24 08:44:29,094 -   train_loss = 0.0084
2024-01-24 08:44:29,094 -   best_eval_score = 0.6869
2024-01-24 08:44:29,094 -   eval_score = 0.69
2024-01-24 08:44:49,972 - ***** Epoch: 20: Eval results *****
2024-01-24 08:44:49,981 -   train_loss = 0.0087
2024-01-24 08:44:49,981 -   best_eval_score = 0.69
2024-01-24 08:44:49,981 -   eval_score = 0.6916
2024-01-24 08:45:10,654 - ***** Epoch: 21: Eval results *****
2024-01-24 08:45:10,655 -   train_loss = 0.008
2024-01-24 08:45:10,655 -   best_eval_score = 0.6916
2024-01-24 08:45:10,655 -   eval_score = 0.6916
2024-01-24 08:45:10,655 - EarlyStopping counter: 1 out of 8
2024-01-24 08:45:31,436 - ***** Epoch: 22: Eval results *****
2024-01-24 08:45:31,436 -   train_loss = 0.0086
2024-01-24 08:45:31,436 -   best_eval_score = 0.6916
2024-01-24 08:45:31,436 -   eval_score = 0.69
2024-01-24 08:45:31,436 - EarlyStopping counter: 2 out of 8
2024-01-24 08:45:51,786 - ***** Epoch: 23: Eval results *****
2024-01-24 08:45:51,786 -   train_loss = 0.0082
2024-01-24 08:45:51,786 -   best_eval_score = 0.6916
2024-01-24 08:45:51,786 -   eval_score = 0.6896
2024-01-24 08:45:51,786 - EarlyStopping counter: 3 out of 8
2024-01-24 08:46:12,473 - ***** Epoch: 24: Eval results *****
2024-01-24 08:46:12,474 -   train_loss = 0.008
2024-01-24 08:46:12,474 -   best_eval_score = 0.6916
2024-01-24 08:46:12,474 -   eval_score = 0.6896
2024-01-24 08:46:12,474 - EarlyStopping counter: 4 out of 8
2024-01-24 08:46:32,861 - ***** Epoch: 25: Eval results *****
2024-01-24 08:46:32,861 -   train_loss = 0.0083
2024-01-24 08:46:32,861 -   best_eval_score = 0.6916
2024-01-24 08:46:32,861 -   eval_score = 0.6913
2024-01-24 08:46:32,861 - EarlyStopping counter: 5 out of 8
2024-01-24 08:46:53,362 - ***** Epoch: 26: Eval results *****
2024-01-24 08:46:53,362 -   train_loss = 0.0081
2024-01-24 08:46:53,362 -   best_eval_score = 0.6916
2024-01-24 08:46:53,362 -   eval_score = 0.6913
2024-01-24 08:46:53,362 - EarlyStopping counter: 6 out of 8
2024-01-24 08:47:13,381 - ***** Epoch: 27: Eval results *****
2024-01-24 08:47:13,381 -   train_loss = 0.0083
2024-01-24 08:47:13,381 -   best_eval_score = 0.6916
2024-01-24 08:47:13,381 -   eval_score = 0.6913
2024-01-24 08:47:13,381 - EarlyStopping counter: 7 out of 8
2024-01-24 08:47:34,690 - ***** Epoch: 28: Eval results *****
2024-01-24 08:47:34,690 -   train_loss = 0.0078
2024-01-24 08:47:34,690 -   best_eval_score = 0.6916
2024-01-24 08:47:34,690 -   eval_score = 0.6913
2024-01-24 08:47:34,690 - EarlyStopping counter: 8 out of 8
2024-01-24 08:47:34,690 - EarlyStopping at epoch 28
2024-01-24 08:47:34,693 - Training is finished...
2024-01-24 08:47:34,694 - Testing begins...
2024-01-24 08:47:38,399 - ***** Test: Confusion Matrix *****
2024-01-24 08:47:38,400 - [[38  3  0  0  6  0  2  1  1  1  1  0  3  1  0  0  0  0  0  0]
 [ 1 34  0  1  0  4  0  0  1  0  0  0  2  0  0  0  0  0  0  0]
 [ 1  0 26  0  0  0  0  0  0  0  0  0  0  0  0  0  0  0  0  0]
 [ 0  1  0 24  0  0  0  0  0  0  0  0  0  0  0  0  0  0  0  0]
 [ 5  0  0  0 11  0  1  0  0  1  0  1  2  0  1  0  0  1  0  0]
 [ 0  0  0  0  0 12  0  0  0  0  0  0  0  0  0  0  0  0  0  0]
 [ 2  1  0  0  2  0  2  0  3  0  0  0  1  0  0  0  1  0  0  0]
 [ 3  0  0  0  0  1  0  5  1  0  0  0  0  0  0  0  0  0  0  0]
 [ 1  0  0  0  0  0  0  2  5  0  0  0  0  1  0  1  0  0  0  0]
 [ 1  0  0  0  0  0  1  0  0  4  1  0  0  0  0  2  0  1  0  0]
 [ 0  0  0  0  0  0  1  1  0  1 14  0  0  0  1  0  0  0  0  0]
 [ 0  0  0  0  0  0  1  0  0  0  0 17  0  0  0  0  0  0  0  1]
 [ 4  2  0  0  1  0  0  2  0  0  0  1 35  5  3  1  2  0  1  0]
 [ 1  0  0  0  0  0  1  0  0  0  2  1  0 17  3  0  0  0  0  0]
 [ 0  0  1  0  1  0  0  0  1  0  0  0  0  1 16  0  1  0  0  1]
 [ 0  2  0  0  0  0  0  0  0  0  0  0  4  1  0 14  0  0  0  0]
 [ 0  0  0  0  0  0  0  0  0  0  0  0  1  0  1  1 14  0  0  0]
 [ 0  0  0  0  0  0  0  0  0  1  2  0  2  0  0  0  0 10  0  0]
 [ 0  0  0  0  0  0  0  0  0  0  0  0  2  0  0  0  0  0 10  0]
 [ 0  0  0  0  0  0  0  0  0  0  0  0  0  1  1  0  2  0  0  6]]
2024-01-24 08:47:38,400 - ***** Evaluation results *****
2024-01-24 08:47:38,400 -   acc = 0.7056
2024-01-24 08:47:38,400 -   f1 = 0.6789
2024-01-24 08:47:38,400 -   prec = 0.68
2024-01-24 08:47:38,400 -   rec = 0.6855
2024-01-24 08:47:38,401 - Testing is finished...
2024-01-24 08:47:38,401 - Multimodal intent recognition is finished...
2024-01-24 08:47:38,401 - Results are saved in results/msz.csv
