2024-03-03 21:10:53,459 - ============================== Params ==============================
2024-03-03 21:10:53,460 - logger_name: msz_MIntRec2_multi-class_seed-1_2024-03-03-21-10-52
2024-03-03 21:10:53,460 - dataset: MIntRec2
2024-03-03 21:10:53,460 - data_mode: multi-class
2024-03-03 21:10:53,460 - method: msz
2024-03-03 21:10:53,460 - text_backbone: bert-base-uncased
2024-03-03 21:10:53,461 - text_backbone_path: /home/sharing/disk1/pretrained_embedding/bert/uncased_L-12_H-768_A-12/
2024-03-03 21:10:53,461 - seed: 1
2024-03-03 21:10:53,461 - num_workers: 8
2024-03-03 21:10:53,461 - gpu_id: 3
2024-03-03 21:10:53,461 - data_path: /home/sharing/disk2/sjh/intentDataset
2024-03-03 21:10:53,461 - train: True
2024-03-03 21:10:53,461 - tune: True
2024-03-03 21:10:53,461 - save_model: True
2024-03-03 21:10:53,461 - save_results: True
2024-03-03 21:10:53,461 - log_path: logs
2024-03-03 21:10:53,461 - cache_path: 
2024-03-03 21:10:53,461 - video_data_path: video_data
2024-03-03 21:10:53,461 - audio_data_path: audio_data
2024-03-03 21:10:53,461 - video_feats_path: video_feats.pkl
2024-03-03 21:10:53,461 - audio_feats_path: audio_feats.pkl
2024-03-03 21:10:53,461 - results_path: results
2024-03-03 21:10:53,461 - output_path: /home/sharing/disk2/sjh/Outputs/MIntRec2
2024-03-03 21:10:53,461 - model_path: models
2024-03-03 21:10:53,461 - config_file_name: msz_MIntRec2
2024-03-03 21:10:53,461 - results_file_name: msz.csv
2024-03-03 21:10:53,461 - padding_mode: zero
2024-03-03 21:10:53,461 - padding_loc: end
2024-03-03 21:10:53,461 - need_aligned: False
2024-03-03 21:10:53,461 - eval_monitor: f1
2024-03-03 21:10:53,461 - train_batch_size: 16
2024-03-03 21:10:53,461 - eval_batch_size: 8
2024-03-03 21:10:53,461 - test_batch_size: 8
2024-03-03 21:10:53,461 - wait_patience: 8
2024-03-03 21:10:53,461 - hidden_dims: 768
2024-03-03 21:10:53,461 - num_attention_heads: 12
2024-03-03 21:10:53,461 - attention_probs_dropout_prob: 0.2
2024-03-03 21:10:53,461 - hidden_dropout_prob: 0.1
2024-03-03 21:10:53,461 - intermediate_size: 512
2024-03-03 21:10:53,461 - num_hidden_layers: 10
2024-03-03 21:10:53,461 - max_position_embeddings: 1024
2024-03-03 21:10:53,461 - position_embedding_type: absolute
2024-03-03 21:10:53,461 - batch_first: True
2024-03-03 21:10:53,461 - dropout: 0.1
2024-03-03 21:10:53,461 - aligned_method: conv1d
2024-03-03 21:10:53,461 - num_train_epochs: 100
2024-03-03 21:10:53,461 - lr: 9e-06
2024-03-03 21:10:53,461 - pred_output_path: /home/sharing/disk2/sjh/Outputs/MIntRec2/msz_MIntRec2_multi-class_seed-1_2024-03-03-21-10-52
2024-03-03 21:10:53,462 - model_output_path: /home/sharing/disk2/sjh/Outputs/MIntRec2/msz_MIntRec2_multi-class_seed-1_2024-03-03-21-10-52/models
2024-03-03 21:10:53,462 - num_labels: 30
2024-03-03 21:10:53,462 - text_feat_dim: 768
2024-03-03 21:10:53,462 - video_feat_dim: 256
2024-03-03 21:10:53,462 - audio_feat_dim: 768
2024-03-03 21:10:53,462 - text_seq_len: 50
2024-03-03 21:10:53,462 - video_seq_len: 180
2024-03-03 21:10:53,462 - audio_seq_len: 400
2024-03-03 21:10:53,462 - device: cuda:3
2024-03-03 21:10:53,462 - ============================== End Params ==============================
2024-03-03 21:10:53,475 - Generate Text Features Begin...
2024-03-03 21:10:55,065 - Generate Text Features Finished...
2024-03-03 21:10:55,066 - Load Video Features Begin...
2024-03-03 21:10:56,024 - Load Video Features Finished...
2024-03-03 21:10:57,460 - Load Audio Features Begin...
2024-03-03 21:11:01,296 - Load Audio Features Finished...
2024-03-03 21:11:11,517 - method  begins...
2024-03-03 21:11:13,326 - Multimodal intent recognition begins...
2024-03-03 21:11:13,326 - Training begins...
2024-03-03 21:13:00,255 - ***** Epoch: 1: Eval results *****
2024-03-03 21:13:00,256 -   train_loss = 2.1543
2024-03-03 21:13:00,256 -   best_eval_score = 0.0
2024-03-03 21:13:00,256 -   eval_score = 0.4047
2024-03-03 21:14:47,673 - ***** Epoch: 2: Eval results *****
2024-03-03 21:14:47,673 -   train_loss = 1.3431
2024-03-03 21:14:47,673 -   best_eval_score = 0.4047
2024-03-03 21:14:47,673 -   eval_score = 0.4711
2024-03-03 21:16:34,872 - ***** Epoch: 3: Eval results *****
2024-03-03 21:16:34,873 -   train_loss = 0.9911
2024-03-03 21:16:34,873 -   best_eval_score = 0.4711
2024-03-03 21:16:34,873 -   eval_score = 0.4788
2024-03-03 21:18:22,206 - ***** Epoch: 4: Eval results *****
2024-03-03 21:18:22,207 -   train_loss = 0.7115
2024-03-03 21:18:22,207 -   best_eval_score = 0.4788
2024-03-03 21:18:22,207 -   eval_score = 0.491
2024-03-03 21:20:09,915 - ***** Epoch: 5: Eval results *****
2024-03-03 21:20:09,915 -   train_loss = 0.4735
2024-03-03 21:20:09,915 -   best_eval_score = 0.491
2024-03-03 21:20:09,915 -   eval_score = 0.4968
2024-03-03 21:21:57,187 - ***** Epoch: 6: Eval results *****
2024-03-03 21:21:57,188 -   train_loss = 0.3078
2024-03-03 21:21:57,188 -   best_eval_score = 0.4968
2024-03-03 21:21:57,188 -   eval_score = 0.4926
2024-03-03 21:21:57,188 - EarlyStopping counter: 1 out of 8
2024-03-03 21:23:45,019 - ***** Epoch: 7: Eval results *****
2024-03-03 21:23:45,019 -   train_loss = 0.1949
2024-03-03 21:23:45,019 -   best_eval_score = 0.4968
2024-03-03 21:23:45,019 -   eval_score = 0.479
2024-03-03 21:23:45,019 - EarlyStopping counter: 2 out of 8
2024-03-03 21:25:32,758 - ***** Epoch: 8: Eval results *****
2024-03-03 21:25:32,758 -   train_loss = 0.1571
2024-03-03 21:25:32,758 -   best_eval_score = 0.4968
2024-03-03 21:25:32,758 -   eval_score = 0.5049
2024-03-03 21:27:20,760 - ***** Epoch: 9: Eval results *****
2024-03-03 21:27:20,760 -   train_loss = 0.1254
2024-03-03 21:27:20,760 -   best_eval_score = 0.5049
2024-03-03 21:27:20,760 -   eval_score = 0.5019
2024-03-03 21:27:20,761 - EarlyStopping counter: 1 out of 8
2024-03-03 21:29:09,159 - ***** Epoch: 10: Eval results *****
2024-03-03 21:29:09,159 -   train_loss = 0.0996
2024-03-03 21:29:09,159 -   best_eval_score = 0.5049
2024-03-03 21:29:09,159 -   eval_score = 0.4923
2024-03-03 21:29:09,159 - EarlyStopping counter: 2 out of 8
2024-03-03 21:30:56,938 - ***** Epoch: 11: Eval results *****
2024-03-03 21:30:56,939 -   train_loss = 0.0631
2024-03-03 21:30:56,939 -   best_eval_score = 0.5049
2024-03-03 21:30:56,939 -   eval_score = 0.5114
2024-03-03 21:32:43,989 - ***** Epoch: 12: Eval results *****
2024-03-03 21:32:43,989 -   train_loss = 0.0492
2024-03-03 21:32:43,990 -   best_eval_score = 0.5114
2024-03-03 21:32:43,990 -   eval_score = 0.5229
2024-03-03 21:34:31,148 - ***** Epoch: 13: Eval results *****
2024-03-03 21:34:31,148 -   train_loss = 0.0457
2024-03-03 21:34:31,148 -   best_eval_score = 0.5229
2024-03-03 21:34:31,148 -   eval_score = 0.5193
2024-03-03 21:34:31,148 - EarlyStopping counter: 1 out of 8
2024-03-03 21:36:18,421 - ***** Epoch: 14: Eval results *****
2024-03-03 21:36:18,422 -   train_loss = 0.044
2024-03-03 21:36:18,422 -   best_eval_score = 0.5229
2024-03-03 21:36:18,422 -   eval_score = 0.5221
2024-03-03 21:36:18,422 - EarlyStopping counter: 2 out of 8
2024-03-03 21:38:07,779 - ***** Epoch: 15: Eval results *****
2024-03-03 21:38:07,780 -   train_loss = 0.0407
2024-03-03 21:38:07,780 -   best_eval_score = 0.5229
2024-03-03 21:38:07,780 -   eval_score = 0.5152
2024-03-03 21:38:07,780 - EarlyStopping counter: 3 out of 8
2024-03-03 21:39:55,376 - ***** Epoch: 16: Eval results *****
2024-03-03 21:39:55,377 -   train_loss = 0.0409
2024-03-03 21:39:55,377 -   best_eval_score = 0.5229
2024-03-03 21:39:55,377 -   eval_score = 0.512
2024-03-03 21:39:55,377 - EarlyStopping counter: 4 out of 8
2024-03-03 21:41:42,739 - ***** Epoch: 17: Eval results *****
2024-03-03 21:41:42,739 -   train_loss = 0.0396
2024-03-03 21:41:42,739 -   best_eval_score = 0.5229
2024-03-03 21:41:42,739 -   eval_score = 0.5205
2024-03-03 21:41:42,739 - EarlyStopping counter: 5 out of 8
2024-03-03 21:43:30,386 - ***** Epoch: 18: Eval results *****
2024-03-03 21:43:30,386 -   train_loss = 0.0363
2024-03-03 21:43:30,387 -   best_eval_score = 0.5229
2024-03-03 21:43:30,387 -   eval_score = 0.5181
2024-03-03 21:43:30,387 - EarlyStopping counter: 6 out of 8
2024-03-03 21:45:18,924 - ***** Epoch: 19: Eval results *****
2024-03-03 21:45:18,925 -   train_loss = 0.0381
2024-03-03 21:45:18,925 -   best_eval_score = 0.5229
2024-03-03 21:45:18,925 -   eval_score = 0.5204
2024-03-03 21:45:18,925 - EarlyStopping counter: 7 out of 8
2024-03-03 21:47:05,843 - ***** Epoch: 20: Eval results *****
2024-03-03 21:47:05,843 -   train_loss = 0.0319
2024-03-03 21:47:05,843 -   best_eval_score = 0.5229
2024-03-03 21:47:05,843 -   eval_score = 0.5195
2024-03-03 21:47:05,844 - EarlyStopping counter: 8 out of 8
2024-03-03 21:47:05,844 - EarlyStopping at epoch 20
2024-03-03 21:47:05,844 - Trained models are saved in /home/sharing/disk2/sjh/Outputs/MIntRec2/msz_MIntRec2_multi-class_seed-1_2024-03-03-21-10-52/models
2024-03-03 21:47:06,961 - Training is finished...
2024-03-03 21:47:06,961 - Testing begins...
2024-03-03 21:47:20,346 - ***** Test: Confusion Matrix *****
2024-03-03 21:47:20,350 - [[ 48   0  13   0   0   0   0   0   0   0   2   0   0   0   2   1   0   0
    0   0   0   1   0   0   1   0   0   0   0   0]
 [  0  50   0   0  11   0   8   0   1   0   2   0   3   0   2   0   0   8
    2   3   0   2   1   0   1   1   0   2   0   0]
 [ 11   0  38   0   1   0   0   0   0   0   1   0   0   1   2   1   0   3
    1   0   0   1   0   1   3   0   0   0   0   0]
 [  0   0   0  61   0   0   0   1   0   0   0   0   0   0   1   0   0   0
    0   0   0   0   0   0   0   0   0   1   0   1]
 [  0   2   0   0  36   1   0   0   1   0   0   0   0   0   0   0   0   4
    0   1   0   2   0   1   1   0   0   1   1   0]
 [  0   1   0   0   2  23   0   0   0   1   3   0   0   0   1   0   0   4
    0   1   0   0   0   0   0   1   0   0   0   0]
 [  0   1   0   0   0   3  26   8   0   1   4   1   4   0   0   0   0   0
    0   0   0   0   0   0   0   0   0   0   0   0]
 [  0   0   0   0   0   0   8  21   0   0   6   1   7   0   0   0   1   0
    0   1   0   0   0   0   1   1   0   0   0   0]
 [  1   2   1   3   1   0   0   0  23   0   0   1   1   1   6   0   0   4
    0   0   0   0   3   0   2   0   0   0   0   0]
 [  0   1   2   0   0   0   0   0   1  47   0   6   8   0  15   2   0   9
    1   0   1   2   1   1   3   0   0   4   0   3]
 [  2   0   0   0   0   4   6   1   0   0  46   0  28   0   2   0   0   2
    0   1   1   0   0   0   0   0   0   0   0   0]
 [  0   0   0   0   0   0   0   2   0   6   0  20   6   1   1   0   0   1
    1   0   0   0   2   0   1   0   0   5   0   1]
 [  0   1   0   0   0   1   5   8   0   5  26   1  85   0   0   0   1   1
    0   0   0   0   0   0   0   0   0   1   0   0]
 [  0   0   2   0   0   0   0   0   0   2   0   0   0   0   6   2   0   2
    2   0   1   0   0   0   0   0   0   0   0   0]
 [  0   2   1   0   1   1   0   0   2   8   1   1   2   1 126   0   0  21
    3   1   2   2  10   0   4   0   0   4   0   0]
 [  0   0   0   0   1   0   0   0   0   3   0   0   0   1   2   5   0   4
    2   0   0   1   0   0   0   0   0   2   1   0]
 [  0   0   0   0   1   0   0   1   0   0   2   0   1   0   0   0  58   0
    2   1   0   0   0   0   0   0   0   0   0   0]
 [  0   5   1   0   9   4   0   0   2  11   2   0   2   0  19   1   1 119
   13   1   1   5   5   9   1   0   1   2   1   2]
 [  0   2   0   0   0   0   0   0   0   3   2   0   0   0   9   1   3   9
   25   1   3   0   1   0   1   0   0   0   0   0]
 [  0   4   0   0   0   0   2   0   0   0   1   0   0   0   1   0   0   0
    0   7   0   2   0   0   0   0   0   0   0   0]
 [  0   1   2   0   2   0   1   0   0   1   0   0   0   0   3   0   0   3
    4   0   4   0   1   1   2   0   0   3   0   1]
 [  6   1   0   0   0   0   0   0   0   4   0   0   0   0   0   0   4   0
    0   0   1  24   0   7   1   0   1   2   0   2]
 [  0   1   1   1   0   0   0   0   0   4   1   3   1   3   8   1   0   5
    0   0   0   1  74   0   1   3   6   2   0   1]
 [  0   2   1   0   1   1   0   0   0   0   0   0   0   0   2   0   0   6
    0   0   0   3   0  22   0   0   0   0   0   0]
 [  2   0   1   0   0   0   0   0   1   1   1   2   0   0   2   0   0   2
    0   0   0   0   1   1  89   0   0   7   2   1]
 [  1   1   0   0   1   0   0   0   0   0   0   1   0   0   0   0   0   1
    0   0   0   0   2   0   1  21   1   0   0   1]
 [  0   0   0   0   0   1   0   0   0   1   0   0   0   0   2   0   0   5
    0   0   0   0   1   0   0   0   7   0   0   0]
 [  0   2   1   0   2   0   0   0   1   8   2   4   4   2   5   0   0   2
    1   0   1   0   1   0   6   1   1  13   1   0]
 [  0   0   0   0   0   0   0   0   0   0   0   0   0   0   1   0   1   0
    0   0   0   0   0   0   0   0   0   0  56   0]
 [  0   2   0   1   1   0   0   0   0   1   1   1   0   0   0   0   0   3
    1   0   0   0   0   0   0   1   0   2   0   5]]
2024-03-03 21:47:20,350 - ***** Evaluation results *****
2024-03-03 21:47:20,350 -   acc = 0.5799
2024-03-03 21:47:20,350 -   f1 = 0.5264
2024-03-03 21:47:20,350 -   prec = 0.5333
2024-03-03 21:47:20,350 -   rec = 0.5265
2024-03-03 21:47:20,351 - Testing is finished...
2024-03-03 21:47:20,351 - Multimodal intent recognition is finished...
2024-03-03 21:47:20,351 - Results are saved in results/msz.csv
