2024-01-09 13:11:13,396 - ============================== Params ==============================
2024-01-09 13:11:13,396 - logger_name: msz_MIntRec_multi-class_seed-1_2024-01-09-13-11-13
2024-01-09 13:11:13,396 - dataset: MIntRec
2024-01-09 13:11:13,396 - data_mode: multi-class
2024-01-09 13:11:13,396 - method: msz
2024-01-09 13:11:13,396 - text_backbone: bert-base-uncased
2024-01-09 13:11:13,396 - text_backbone_path: /home/sharing/disk1/pretrained_embedding/bert/uncased_L-12_H-768_A-12/
2024-01-09 13:11:13,396 - seed: 1
2024-01-09 13:11:13,396 - num_workers: 8
2024-01-09 13:11:13,397 - gpu_id: 1
2024-01-09 13:11:13,397 - data_path: /home/sharing/disk2/sjh/intentDataset
2024-01-09 13:11:13,397 - train: True
2024-01-09 13:11:13,397 - tune: False
2024-01-09 13:11:13,397 - save_model: False
2024-01-09 13:11:13,397 - save_results: True
2024-01-09 13:11:13,397 - log_path: logs
2024-01-09 13:11:13,397 - cache_path: 
2024-01-09 13:11:13,397 - video_data_path: video_data
2024-01-09 13:11:13,397 - audio_data_path: audio_data
2024-01-09 13:11:13,397 - video_feats_path: video_feats.pkl
2024-01-09 13:11:13,397 - audio_feats_path: audio_feats.pkl
2024-01-09 13:11:13,397 - results_path: results
2024-01-09 13:11:13,397 - output_path: /home/sharing/disk2/sjh/Outputs/MIntRec
2024-01-09 13:11:13,397 - model_path: models
2024-01-09 13:11:13,397 - config_file_name: msz
2024-01-09 13:11:13,397 - results_file_name: msz.csv
2024-01-09 13:11:13,397 - padding_mode: zero
2024-01-09 13:11:13,397 - padding_loc: end
2024-01-09 13:11:13,397 - need_aligned: False
2024-01-09 13:11:13,397 - eval_monitor: f1
2024-01-09 13:11:13,397 - train_batch_size: 16
2024-01-09 13:11:13,397 - eval_batch_size: 8
2024-01-09 13:11:13,397 - test_batch_size: 8
2024-01-09 13:11:13,397 - wait_patience: 8
2024-01-09 13:11:13,397 - nheads: 12
2024-01-09 13:11:13,397 - encoder_layers: 6
2024-01-09 13:11:13,397 - attn_dropout: 0.1
2024-01-09 13:11:13,397 - relu_dropout: 0.1
2024-01-09 13:11:13,397 - embed_dropout: 0.1
2024-01-09 13:11:13,397 - res_dropout: 0.1
2024-01-09 13:11:13,397 - attn_mask: False
2024-01-09 13:11:13,397 - hidden_size: 768
2024-01-09 13:11:13,397 - num_attention_heads: 12
2024-01-09 13:11:13,398 - attention_probs_dropout_prob: 0.1
2024-01-09 13:11:13,398 - hidden_dropout_prob: 0.1
2024-01-09 13:11:13,398 - intermediate_size: 768
2024-01-09 13:11:13,398 - num_hidden_layers: 6
2024-01-09 13:11:13,398 - max_position_embeddings: 768
2024-01-09 13:11:13,398 - position_embedding_type: sin
2024-01-09 13:11:13,398 - batch_first: True
2024-01-09 13:11:13,398 - hidden_dims: 768
2024-01-09 13:11:13,398 - att_dropouts: [0.2, 0.2, 0.2]
2024-01-09 13:11:13,398 - spe_dropouts: [0.2, 0.1, 0.1]
2024-01-09 13:11:13,398 - aligned_method: conv1d
2024-01-09 13:11:13,398 - grad_clip: 2
2024-01-09 13:11:13,398 - num_train_epochs: 100
2024-01-09 13:11:13,398 - warmup_proportion: 0.1
2024-01-09 13:11:13,398 - lr: 3e-06
2024-01-09 13:11:13,398 - weight_decay: 0.01
2024-01-09 13:11:13,398 - pred_output_path: /home/sharing/disk2/sjh/Outputs/MIntRec/msz_MIntRec_multi-class_seed-1_2024-01-09-13-11-13
2024-01-09 13:11:13,398 - model_output_path: /home/sharing/disk2/sjh/Outputs/MIntRec/msz_MIntRec_multi-class_seed-1_2024-01-09-13-11-13/models
2024-01-09 13:11:13,398 - ============================== End Params ==============================
2024-01-09 13:11:13,401 - Generate Text Features Begin...
2024-01-09 13:11:13,907 - Generate Text Features Finished...
2024-01-09 13:11:13,908 - Load Video Features Begin...
2024-01-09 13:11:14,256 - Load Video Features Finished...
2024-01-09 13:11:14,959 - Load Audio Features Begin...
2024-01-09 13:11:16,140 - Load Audio Features Finished...
2024-01-09 13:11:20,323 - method  begins...
2024-01-09 13:11:27,432 - Multimodal intent recognition begins...
2024-01-09 13:11:27,433 - Training begins...
