2024-03-01 12:52:48,811 - ============================== Params ==============================
2024-03-01 12:52:48,811 - logger_name: msz_MIntRec_multi-class_seed-2_2024-03-01-12-52-48
2024-03-01 12:52:48,811 - dataset: MIntRec
2024-03-01 12:52:48,811 - data_mode: multi-class
2024-03-01 12:52:48,811 - method: msz
2024-03-01 12:52:48,811 - text_backbone: bert-base-uncased
2024-03-01 12:52:48,811 - text_backbone_path: /home/sharing/disk1/pretrained_embedding/bert/uncased_L-12_H-768_A-12/
2024-03-01 12:52:48,811 - seed: 2
2024-03-01 12:52:48,811 - num_workers: 8
2024-03-01 12:52:48,811 - gpu_id: 3
2024-03-01 12:52:48,811 - data_path: /home/sharing/disk2/sjh/intentDataset
2024-03-01 12:52:48,811 - train: True
2024-03-01 12:52:48,811 - tune: True
2024-03-01 12:52:48,811 - save_model: True
2024-03-01 12:52:48,811 - save_results: True
2024-03-01 12:52:48,811 - log_path: logs
2024-03-01 12:52:48,811 - cache_path: 
2024-03-01 12:52:48,811 - video_data_path: video_data
2024-03-01 12:52:48,811 - audio_data_path: audio_data
2024-03-01 12:52:48,811 - video_feats_path: video_feats.pkl
2024-03-01 12:52:48,811 - audio_feats_path: audio_feats.pkl
2024-03-01 12:52:48,811 - results_path: results
2024-03-01 12:52:48,811 - output_path: /home/sharing/disk2/sjh/Outputs/MIntRec
2024-03-01 12:52:48,811 - model_path: models
2024-03-01 12:52:48,811 - config_file_name: msz_MIntRec
2024-03-01 12:52:48,811 - results_file_name: msz.csv
2024-03-01 12:52:48,811 - padding_mode: zero
2024-03-01 12:52:48,812 - padding_loc: end
2024-03-01 12:52:48,812 - need_aligned: False
2024-03-01 12:52:48,812 - eval_monitor: f1
2024-03-01 12:52:48,812 - train_batch_size: 16
2024-03-01 12:52:48,812 - eval_batch_size: 8
2024-03-01 12:52:48,812 - test_batch_size: 8
2024-03-01 12:52:48,812 - wait_patience: 8
2024-03-01 12:52:48,812 - hidden_size: 768
2024-03-01 12:52:48,812 - num_attention_heads: 12
2024-03-01 12:52:48,812 - attention_probs_dropout_prob: 0.1
2024-03-01 12:52:48,812 - hidden_dropout_prob: 0.2
2024-03-01 12:52:48,812 - intermediate_size: 768
2024-03-01 12:52:48,812 - num_hidden_layers: 6
2024-03-01 12:52:48,812 - max_position_embeddings: 768
2024-03-01 12:52:48,812 - position_embedding_type: absolute
2024-03-01 12:52:48,812 - batch_first: True
2024-03-01 12:52:48,812 - hidden_dims: 256
2024-03-01 12:52:48,812 - dropout: 0.3
2024-03-01 12:52:48,812 - aligned_method: conv1d
2024-03-01 12:52:48,812 - num_train_epochs: 100
2024-03-01 12:52:48,812 - lr: 1e-05
2024-03-01 12:52:48,812 - pred_output_path: /home/sharing/disk2/sjh/Outputs/MIntRec/msz_MIntRec_multi-class_seed-2_2024-03-01-12-52-48
2024-03-01 12:52:48,812 - model_output_path: /home/sharing/disk2/sjh/Outputs/MIntRec/msz_MIntRec_multi-class_seed-2_2024-03-01-12-52-48/models
2024-03-01 12:52:48,812 - ============================== End Params ==============================
2024-03-01 12:52:48,814 - Generate Text Features Begin...
2024-03-01 12:52:49,269 - Generate Text Features Finished...
2024-03-01 12:52:49,270 - Load Video Features Begin...
2024-03-01 12:52:49,549 - Load Video Features Finished...
2024-03-01 12:52:50,003 - Load Audio Features Begin...
2024-03-01 12:52:50,789 - Load Audio Features Finished...
2024-03-01 12:52:53,857 - method  begins...
2024-03-01 12:52:56,261 - Multimodal intent recognition begins...
2024-03-01 12:52:56,262 - Training begins...
