2024-03-31 18:11:44,027 - ============================== Params ==============================
2024-03-31 18:11:44,027 - logger_name: msz_MIntRec_multi-class_seed-1_2024-03-31-18-11-43
2024-03-31 18:11:44,027 - dataset: MIntRec
2024-03-31 18:11:44,027 - data_mode: multi-class
2024-03-31 18:11:44,027 - method: msz
2024-03-31 18:11:44,027 - text_backbone: bert-base-uncased
2024-03-31 18:11:44,027 - text_backbone_path: /home/sharing/disk1/pretrained_embedding/bert/uncased_L-12_H-768_A-12/
2024-03-31 18:11:44,027 - seed: 1
2024-03-31 18:11:44,027 - num_workers: 8
2024-03-31 18:11:44,028 - gpu_id: 3
2024-03-31 18:11:44,028 - data_path: /home/sharing/disk2/sjh/intentDataset
2024-03-31 18:11:44,028 - train: True
2024-03-31 18:11:44,028 - tune: True
2024-03-31 18:11:44,028 - save_model: False
2024-03-31 18:11:44,028 - save_results: True
2024-03-31 18:11:44,028 - log_path: logs
2024-03-31 18:11:44,028 - cache_path: 
2024-03-31 18:11:44,028 - video_data_path: video_data
2024-03-31 18:11:44,028 - audio_data_path: audio_data
2024-03-31 18:11:44,028 - video_feats_path: video_feats.pkl
2024-03-31 18:11:44,028 - audio_feats_path: audio_feats.pkl
2024-03-31 18:11:44,028 - results_path: results
2024-03-31 18:11:44,028 - output_path: /home/sharing/disk2/sjh/Outputs/MIntRec
2024-03-31 18:11:44,028 - model_path: models
2024-03-31 18:11:44,029 - config_file_name: msz_MIntRec
2024-03-31 18:11:44,029 - results_file_name: msz.csv
2024-03-31 18:11:44,029 - padding_mode: zero
2024-03-31 18:11:44,029 - padding_loc: end
2024-03-31 18:11:44,029 - need_aligned: False
2024-03-31 18:11:44,029 - eval_monitor: f1
2024-03-31 18:11:44,029 - train_batch_size: 16
2024-03-31 18:11:44,029 - eval_batch_size: 8
2024-03-31 18:11:44,029 - test_batch_size: 8
2024-03-31 18:11:44,029 - wait_patience: 8
2024-03-31 18:11:44,029 - hidden_dims: 768
2024-03-31 18:11:44,029 - num_attention_heads: 6
2024-03-31 18:11:44,029 - attention_probs_dropout_prob: 0.5
2024-03-31 18:11:44,029 - hidden_dropout_prob: 0.2
2024-03-31 18:11:44,029 - intermediate_size: 768
2024-03-31 18:11:44,030 - num_hidden_layers: 6
2024-03-31 18:11:44,030 - max_position_embeddings: 768
2024-03-31 18:11:44,030 - position_embedding_type: absolute
2024-03-31 18:11:44,030 - batch_first: True
2024-03-31 18:11:44,030 - dropout: 0.4
2024-03-31 18:11:44,030 - aligned_method: conv1d
2024-03-31 18:11:44,030 - num_train_epochs: 100
2024-03-31 18:11:44,030 - lr: 7e-06
2024-03-31 18:11:44,030 - lr_mode: max
2024-03-31 18:11:44,030 - patience: 8
2024-03-31 18:11:44,030 - factor: 0.1
2024-03-31 18:11:44,030 - pred_output_path: /home/sharing/disk2/sjh/Outputs/MIntRec/msz_MIntRec_multi-class_seed-1_2024-03-31-18-11-43
2024-03-31 18:11:44,030 - model_output_path: /home/sharing/disk2/sjh/Outputs/MIntRec/msz_MIntRec_multi-class_seed-1_2024-03-31-18-11-43/models
2024-03-31 18:11:44,030 - num_labels: 20
2024-03-31 18:11:44,030 - text_feat_dim: 768
2024-03-31 18:11:44,030 - video_feat_dim: 256
2024-03-31 18:11:44,031 - audio_feat_dim: 768
2024-03-31 18:11:44,031 - text_seq_len: 30
2024-03-31 18:11:44,031 - video_seq_len: 230
2024-03-31 18:11:44,031 - audio_seq_len: 480
2024-03-31 18:11:44,031 - device: cuda:3
2024-03-31 18:11:44,031 - ============================== End Params ==============================
2024-03-31 18:11:44,274 - Generate Text Features Begin...
2024-03-31 18:11:45,138 - Generate Text Features Finished...
2024-03-31 18:11:45,138 - Load Video Features Begin...
2024-03-31 18:12:03,994 - Load Video Features Finished...
2024-03-31 18:12:04,759 - Load Audio Features Begin...
2024-03-31 18:12:20,247 - Load Audio Features Finished...
2024-03-31 18:12:24,936 - method  begins...
2024-03-31 18:12:29,584 - Multimodal intent recognition begins...
2024-03-31 18:12:29,585 - Training begins...
2024-03-31 18:12:48,849 - ***** Epoch: 1: Eval results *****
2024-03-31 18:12:48,849 -   train_loss = 2.571
2024-03-31 18:12:48,849 -   best_eval_score = 0.0
2024-03-31 18:12:48,849 -   eval_score = 0.4751
2024-03-31 18:13:07,558 - ***** Epoch: 2: Eval results *****
2024-03-31 18:13:07,558 -   train_loss = 1.2437
2024-03-31 18:13:07,559 -   best_eval_score = 0.4751
2024-03-31 18:13:07,559 -   eval_score = 0.5853
2024-03-31 18:13:25,760 - ***** Epoch: 3: Eval results *****
2024-03-31 18:13:25,760 -   train_loss = 0.7474
2024-03-31 18:13:25,760 -   best_eval_score = 0.5853
2024-03-31 18:13:25,760 -   eval_score = 0.6418
2024-03-31 18:13:44,269 - ***** Epoch: 4: Eval results *****
2024-03-31 18:13:44,269 -   train_loss = 0.4713
2024-03-31 18:13:44,269 -   best_eval_score = 0.6418
2024-03-31 18:13:44,269 -   eval_score = 0.6664
2024-03-31 18:14:02,015 - ***** Epoch: 5: Eval results *****
2024-03-31 18:14:02,015 -   train_loss = 0.2622
2024-03-31 18:14:02,015 -   best_eval_score = 0.6664
2024-03-31 18:14:02,015 -   eval_score = 0.6552
2024-03-31 18:14:02,015 - EarlyStopping counter: 1 out of 8
2024-03-31 18:14:21,159 - ***** Epoch: 6: Eval results *****
2024-03-31 18:14:21,159 -   train_loss = 0.1426
2024-03-31 18:14:21,159 -   best_eval_score = 0.6664
2024-03-31 18:14:21,159 -   eval_score = 0.6496
2024-03-31 18:14:21,159 - EarlyStopping counter: 2 out of 8
2024-03-31 18:14:39,816 - ***** Epoch: 7: Eval results *****
2024-03-31 18:14:39,816 -   train_loss = 0.0832
2024-03-31 18:14:39,816 -   best_eval_score = 0.6664
2024-03-31 18:14:39,816 -   eval_score = 0.6648
2024-03-31 18:14:39,817 - EarlyStopping counter: 3 out of 8
2024-03-31 18:14:58,910 - ***** Epoch: 8: Eval results *****
2024-03-31 18:14:58,910 -   train_loss = 0.0541
2024-03-31 18:14:58,910 -   best_eval_score = 0.6664
2024-03-31 18:14:58,910 -   eval_score = 0.6595
2024-03-31 18:14:58,910 - EarlyStopping counter: 4 out of 8
2024-03-31 18:15:16,365 - ***** Epoch: 9: Eval results *****
2024-03-31 18:15:16,365 -   train_loss = 0.0346
2024-03-31 18:15:16,365 -   best_eval_score = 0.6664
2024-03-31 18:15:16,365 -   eval_score = 0.6784
2024-03-31 18:15:33,904 - ***** Epoch: 10: Eval results *****
2024-03-31 18:15:33,904 -   train_loss = 0.0256
2024-03-31 18:15:33,904 -   best_eval_score = 0.6784
2024-03-31 18:15:33,904 -   eval_score = 0.6637
2024-03-31 18:15:33,904 - EarlyStopping counter: 1 out of 8
2024-03-31 18:15:52,712 - ***** Epoch: 11: Eval results *****
2024-03-31 18:15:52,712 -   train_loss = 0.0208
2024-03-31 18:15:52,712 -   best_eval_score = 0.6784
2024-03-31 18:15:52,712 -   eval_score = 0.6611
2024-03-31 18:15:52,712 - EarlyStopping counter: 2 out of 8
2024-03-31 18:16:10,163 - ***** Epoch: 12: Eval results *****
2024-03-31 18:16:10,163 -   train_loss = 0.0176
2024-03-31 18:16:10,163 -   best_eval_score = 0.6784
2024-03-31 18:16:10,163 -   eval_score = 0.6693
2024-03-31 18:16:10,163 - EarlyStopping counter: 3 out of 8
2024-03-31 18:16:27,608 - ***** Epoch: 13: Eval results *****
2024-03-31 18:16:27,609 -   train_loss = 0.0168
2024-03-31 18:16:27,609 -   best_eval_score = 0.6784
2024-03-31 18:16:27,609 -   eval_score = 0.6755
2024-03-31 18:16:27,609 - EarlyStopping counter: 4 out of 8
2024-03-31 18:16:44,872 - ***** Epoch: 14: Eval results *****
2024-03-31 18:16:44,872 -   train_loss = 0.014
2024-03-31 18:16:44,872 -   best_eval_score = 0.6784
2024-03-31 18:16:44,872 -   eval_score = 0.6751
2024-03-31 18:16:44,873 - EarlyStopping counter: 5 out of 8
2024-03-31 18:17:02,609 - ***** Epoch: 15: Eval results *****
2024-03-31 18:17:02,609 -   train_loss = 0.0144
2024-03-31 18:17:02,609 -   best_eval_score = 0.6784
2024-03-31 18:17:02,609 -   eval_score = 0.6713
2024-03-31 18:17:02,609 - EarlyStopping counter: 6 out of 8
2024-03-31 18:17:20,336 - ***** Epoch: 16: Eval results *****
2024-03-31 18:17:20,337 -   train_loss = 0.0151
2024-03-31 18:17:20,337 -   best_eval_score = 0.6784
2024-03-31 18:17:20,337 -   eval_score = 0.6637
2024-03-31 18:17:20,337 - EarlyStopping counter: 7 out of 8
2024-03-31 18:17:39,573 - ***** Epoch: 17: Eval results *****
2024-03-31 18:17:39,582 -   train_loss = 0.0136
2024-03-31 18:17:39,582 -   best_eval_score = 0.6784
2024-03-31 18:17:39,582 -   eval_score = 0.6743
2024-03-31 18:17:39,582 - EarlyStopping counter: 8 out of 8
2024-03-31 18:17:39,582 - EarlyStopping at epoch 17
2024-03-31 18:17:39,585 - Training is finished...
2024-03-31 18:17:39,585 - Testing begins...
2024-03-31 18:17:43,847 - ***** Test: Confusion Matrix *****
2024-03-31 18:17:43,850 - [[40  3  0  0  7  0  0  0  0  1  1  0  4  1  0  0  0  0  0  0]
 [ 1 33  0  1  0  4  0  0  1  0  0  0  2  0  1  0  0  0  0  0]
 [ 1  0 26  0  0  0  0  0  0  0  0  0  0  0  0  0  0  0  0  0]
 [ 0  1  0 24  0  0  0  0  0  0  0  0  0  0  0  0  0  0  0  0]
 [ 5  0  0  0 10  0  3  0  1  0  0  1  1  0  1  0  0  1  0  0]
 [ 0  0  0  0  0 12  0  0  0  0  0  0  0  0  0  0  0  0  0  0]
 [ 1  1  0  0  3  0  4  0  1  0  0  0  1  0  1  0  0  0  0  0]
 [ 4  1  0  0  0  0  0  4  0  1  0  0  0  0  0  0  0  0  0  0]
 [ 1  0  0  0  0  0  0  3  4  0  0  0  0  1  0  1  0  0  0  0]
 [ 1  0  0  0  0  0  1  1  0  4  0  0  0  0  0  2  0  1  0  0]
 [ 1  1  0  0  0  0  0  0  0  2 13  0  0  0  1  0  0  0  0  0]
 [ 0  0  0  0  0  0  1  0  0  0  1 16  0  0  0  0  0  0  0  1]
 [ 4  2  0  0  0  0  0  1  1  1  0  1 33  6  4  0  2  0  1  1]
 [ 1  0  0  0  0  0  1  0  0  0  2  1  1 17  2  0  0  0  0  0]
 [ 0  0  0  0  0  0  0  0  0  0  0  0  0  1 17  0  2  0  0  2]
 [ 0  0  0  0  0  0  0  1  1  0  0  0  4  0  1 13  0  0  0  1]
 [ 0  0  0  0  0  0  0  0  0  0  0  0  3  0  1  0 13  0  0  0]
 [ 0  0  0  0  0  0  0  0  0  1  1  0  2  0  0  0  0 11  0  0]
 [ 0  0  0  0  0  0  0  0  0  0  0  0  2  0  0  1  0  0  9  0]
 [ 1  0  0  0  0  0  0  0  0  0  0  0  0  1  1  0  1  0  0  6]]
2024-03-31 18:17:43,850 - ***** Evaluation results *****
2024-03-31 18:17:43,850 -   acc = 0.6944
2024-03-31 18:17:43,850 -   f1 = 0.6688
2024-03-31 18:17:43,850 -   prec = 0.6729
2024-03-31 18:17:43,850 -   rec = 0.6712
2024-03-31 18:17:43,851 - Testing is finished...
2024-03-31 18:17:43,851 - Multimodal intent recognition is finished...
2024-03-31 18:17:43,851 - Results are saved in results/msz.csv
