2024-01-02 14:10:39,409 - ============================== Params ==============================
2024-01-02 14:10:39,410 - logger_name: msz_MIntRec_multi-class_seed-0_2024-01-02-14-10-39
2024-01-02 14:10:39,410 - dataset: MIntRec
2024-01-02 14:10:39,410 - data_mode: multi-class
2024-01-02 14:10:39,410 - method: msz
2024-01-02 14:10:39,410 - text_backbone: bert-base-uncased
2024-01-02 14:10:39,410 - text_backbone_path: /home/sharing/disk1/pretrained_embedding/bert/uncased_L-12_H-768_A-12/
2024-01-02 14:10:39,410 - seed: 0
2024-01-02 14:10:39,410 - num_workers: 8
2024-01-02 14:10:39,410 - gpu_id: 1
2024-01-02 14:10:39,410 - data_path: /home/sharing/disk2/sjh/intentDataset
2024-01-02 14:10:39,410 - train: True
2024-01-02 14:10:39,410 - tune: False
2024-01-02 14:10:39,410 - save_model: False
2024-01-02 14:10:39,410 - save_results: True
2024-01-02 14:10:39,410 - log_path: logs
2024-01-02 14:10:39,410 - cache_path: 
2024-01-02 14:10:39,410 - video_data_path: video_data
2024-01-02 14:10:39,410 - audio_data_path: audio_data
2024-01-02 14:10:39,410 - video_feats_path: video_feats.pkl
2024-01-02 14:10:39,410 - audio_feats_path: audio_feats.pkl
2024-01-02 14:10:39,410 - results_path: results
2024-01-02 14:10:39,410 - output_path: /home/sujianhua/Outputs/MIntRec
2024-01-02 14:10:39,410 - model_path: models
2024-01-02 14:10:39,410 - config_file_name: msz
2024-01-02 14:10:39,410 - results_file_name: msz.csv
2024-01-02 14:10:39,410 - padding_mode: zero
2024-01-02 14:10:39,410 - padding_loc: end
2024-01-02 14:10:39,410 - need_aligned: False
2024-01-02 14:10:39,410 - eval_monitor: f1
2024-01-02 14:10:39,410 - train_batch_size: 16
2024-01-02 14:10:39,410 - eval_batch_size: 8
2024-01-02 14:10:39,410 - test_batch_size: 8
2024-01-02 14:10:39,410 - wait_patience: 8
2024-01-02 14:10:39,411 - nheads: 2
2024-01-02 14:10:39,411 - encoder_layers: 2
2024-01-02 14:10:39,411 - attn_dropout: 0.1
2024-01-02 14:10:39,411 - relu_dropout: 0.1
2024-01-02 14:10:39,411 - embed_dropout: 0.1
2024-01-02 14:10:39,411 - res_dropout: 0.1
2024-01-02 14:10:39,411 - attn_mask: False
2024-01-02 14:10:39,411 - hidden_size: 768
2024-01-02 14:10:39,411 - num_attention_heads: 12
2024-01-02 14:10:39,411 - attention_probs_dropout_prob: 0.2
2024-01-02 14:10:39,411 - hidden_dropout_prob: 0.2
2024-01-02 14:10:39,411 - intermediate_size: 768
2024-01-02 14:10:39,411 - num_hidden_layers: 3
2024-01-02 14:10:39,411 - max_position_embeddings: 512
2024-01-02 14:10:39,411 - position_embedding_type: absolute
2024-01-02 14:10:39,411 - batch_first: True
2024-01-02 14:10:39,411 - hidden_dims: 768
2024-01-02 14:10:39,411 - att_dropouts: [0.2, 0.2, 0.2]
2024-01-02 14:10:39,411 - spe_dropouts: [0.1, 0.1, 0.1]
2024-01-02 14:10:39,411 - ta_loss: 0.07
2024-01-02 14:10:39,411 - tv_loss: 0.01
2024-01-02 14:10:39,411 - av_loss: 0.01
2024-01-02 14:10:39,411 - aligned_method: conv1d
2024-01-02 14:10:39,411 - grad_clip: -1
2024-01-02 14:10:39,411 - num_train_epochs: 100
2024-01-02 14:10:39,411 - warmup_proportion: 0.1
2024-01-02 14:10:39,411 - lr: 1e-06
2024-01-02 14:10:39,411 - weight_decay: 0.02
2024-01-02 14:10:39,411 - pred_output_path: /home/sujianhua/Outputs/MIntRec/msz_MIntRec_multi-class_seed-0_2024-01-02-14-10-39
2024-01-02 14:10:39,411 - model_output_path: /home/sujianhua/Outputs/MIntRec/msz_MIntRec_multi-class_seed-0_2024-01-02-14-10-39/models
2024-01-02 14:10:39,411 - ============================== End Params ==============================
2024-01-02 14:10:39,414 - Generate Text Features Begin...
2024-01-02 14:10:39,903 - Generate Text Features Finished...
2024-01-02 14:10:39,903 - Load Video Features Begin...
2024-01-02 14:10:40,180 - Load Video Features Finished...
2024-01-02 14:10:40,644 - Load Audio Features Begin...
2024-01-02 14:10:41,455 - Load Audio Features Finished...
2024-01-02 14:10:45,034 - method  begins...
2024-01-02 14:10:47,697 - Multimodal intent recognition begins...
2024-01-02 14:10:47,697 - Training begins...
2024-01-02 14:11:11,352 - ***** Epoch: 1: Eval results *****
2024-01-02 14:11:11,352 -   train_loss = 3.3105
2024-01-02 14:11:11,352 -   best_eval_score = 0.0
2024-01-02 14:11:11,352 -   eval_score = 0.0351
2024-01-02 14:11:33,229 - ***** Epoch: 2: Eval results *****
2024-01-02 14:11:33,229 -   train_loss = 3.1136
2024-01-02 14:11:33,229 -   best_eval_score = 0.0351
2024-01-02 14:11:33,229 -   eval_score = 0.0459
2024-01-02 14:11:54,813 - ***** Epoch: 3: Eval results *****
2024-01-02 14:11:54,813 -   train_loss = 2.924
2024-01-02 14:11:54,813 -   best_eval_score = 0.0459
2024-01-02 14:11:54,813 -   eval_score = 0.1109
2024-01-02 14:12:16,891 - ***** Epoch: 4: Eval results *****
2024-01-02 14:12:16,891 -   train_loss = 2.7307
2024-01-02 14:12:16,891 -   best_eval_score = 0.1109
2024-01-02 14:12:16,891 -   eval_score = 0.2019
2024-01-02 14:12:38,539 - ***** Epoch: 5: Eval results *****
2024-01-02 14:12:38,539 -   train_loss = 2.4471
2024-01-02 14:12:38,539 -   best_eval_score = 0.2019
2024-01-02 14:12:38,539 -   eval_score = 0.2821
2024-01-02 14:13:00,402 - ***** Epoch: 6: Eval results *****
2024-01-02 14:13:00,402 -   train_loss = 2.143
2024-01-02 14:13:00,403 -   best_eval_score = 0.2821
2024-01-02 14:13:00,403 -   eval_score = 0.3716
2024-01-02 14:13:22,388 - ***** Epoch: 7: Eval results *****
2024-01-02 14:13:22,388 -   train_loss = 1.8172
2024-01-02 14:13:22,388 -   best_eval_score = 0.3716
2024-01-02 14:13:22,388 -   eval_score = 0.4663
2024-01-02 14:13:43,971 - ***** Epoch: 8: Eval results *****
2024-01-02 14:13:43,971 -   train_loss = 1.5257
2024-01-02 14:13:43,971 -   best_eval_score = 0.4663
2024-01-02 14:13:43,971 -   eval_score = 0.5213
2024-01-02 14:14:05,694 - ***** Epoch: 9: Eval results *****
2024-01-02 14:14:05,694 -   train_loss = 1.2944
2024-01-02 14:14:05,694 -   best_eval_score = 0.5213
2024-01-02 14:14:05,695 -   eval_score = 0.53
2024-01-02 14:14:27,592 - ***** Epoch: 10: Eval results *****
2024-01-02 14:14:27,593 -   train_loss = 1.0737
2024-01-02 14:14:27,593 -   best_eval_score = 0.53
2024-01-02 14:14:27,593 -   eval_score = 0.5721
2024-01-02 14:14:49,444 - ***** Epoch: 11: Eval results *****
2024-01-02 14:14:49,445 -   train_loss = 0.8639
2024-01-02 14:14:49,445 -   best_eval_score = 0.5721
2024-01-02 14:14:49,445 -   eval_score = 0.5835
2024-01-02 14:15:11,379 - ***** Epoch: 12: Eval results *****
2024-01-02 14:15:11,379 -   train_loss = 0.7374
2024-01-02 14:15:11,379 -   best_eval_score = 0.5835
2024-01-02 14:15:11,379 -   eval_score = 0.618
2024-01-02 14:15:33,354 - ***** Epoch: 13: Eval results *****
2024-01-02 14:15:33,354 -   train_loss = 0.5938
2024-01-02 14:15:33,354 -   best_eval_score = 0.618
2024-01-02 14:15:33,354 -   eval_score = 0.6565
2024-01-02 14:15:55,091 - ***** Epoch: 14: Eval results *****
2024-01-02 14:15:55,091 -   train_loss = 0.4647
2024-01-02 14:15:55,091 -   best_eval_score = 0.6565
2024-01-02 14:15:55,091 -   eval_score = 0.6328
2024-01-02 14:15:55,091 - EarlyStopping counter: 1 out of 8
2024-01-02 14:16:17,553 - ***** Epoch: 15: Eval results *****
2024-01-02 14:16:17,553 -   train_loss = 0.4139
2024-01-02 14:16:17,553 -   best_eval_score = 0.6565
2024-01-02 14:16:17,553 -   eval_score = 0.6231
2024-01-02 14:16:17,553 - EarlyStopping counter: 2 out of 8
2024-01-02 14:16:39,167 - ***** Epoch: 16: Eval results *****
2024-01-02 14:16:39,167 -   train_loss = 0.3221
2024-01-02 14:16:39,167 -   best_eval_score = 0.6565
2024-01-02 14:16:39,168 -   eval_score = 0.655
2024-01-02 14:16:39,168 - EarlyStopping counter: 3 out of 8
2024-01-02 14:17:01,035 - ***** Epoch: 17: Eval results *****
2024-01-02 14:17:01,035 -   train_loss = 0.2497
2024-01-02 14:17:01,036 -   best_eval_score = 0.6565
2024-01-02 14:17:01,036 -   eval_score = 0.67
2024-01-02 14:17:22,937 - ***** Epoch: 18: Eval results *****
2024-01-02 14:17:22,938 -   train_loss = 0.2047
2024-01-02 14:17:22,938 -   best_eval_score = 0.67
2024-01-02 14:17:22,938 -   eval_score = 0.6566
2024-01-02 14:17:22,938 - EarlyStopping counter: 1 out of 8
2024-01-02 14:17:44,702 - ***** Epoch: 19: Eval results *****
2024-01-02 14:17:44,702 -   train_loss = 0.1916
2024-01-02 14:17:44,702 -   best_eval_score = 0.67
2024-01-02 14:17:44,702 -   eval_score = 0.6453
2024-01-02 14:17:44,702 - EarlyStopping counter: 2 out of 8
2024-01-02 14:18:06,615 - ***** Epoch: 20: Eval results *****
2024-01-02 14:18:06,615 -   train_loss = 0.1459
2024-01-02 14:18:06,615 -   best_eval_score = 0.67
2024-01-02 14:18:06,615 -   eval_score = 0.6554
2024-01-02 14:18:06,615 - EarlyStopping counter: 3 out of 8
2024-01-02 14:18:28,343 - ***** Epoch: 21: Eval results *****
2024-01-02 14:18:28,343 -   train_loss = 0.1182
2024-01-02 14:18:28,343 -   best_eval_score = 0.67
2024-01-02 14:18:28,343 -   eval_score = 0.6537
2024-01-02 14:18:28,343 - EarlyStopping counter: 4 out of 8
2024-01-02 14:18:50,156 - ***** Epoch: 22: Eval results *****
2024-01-02 14:18:50,156 -   train_loss = 0.1045
2024-01-02 14:18:50,156 -   best_eval_score = 0.67
2024-01-02 14:18:50,156 -   eval_score = 0.6449
2024-01-02 14:18:50,156 - EarlyStopping counter: 5 out of 8
2024-01-02 14:19:11,927 - ***** Epoch: 23: Eval results *****
2024-01-02 14:19:11,927 -   train_loss = 0.091
2024-01-02 14:19:11,927 -   best_eval_score = 0.67
2024-01-02 14:19:11,927 -   eval_score = 0.6225
2024-01-02 14:19:11,927 - EarlyStopping counter: 6 out of 8
2024-01-02 14:19:33,430 - ***** Epoch: 24: Eval results *****
2024-01-02 14:19:33,430 -   train_loss = 0.0752
2024-01-02 14:19:33,430 -   best_eval_score = 0.67
2024-01-02 14:19:33,430 -   eval_score = 0.6136
2024-01-02 14:19:33,431 - EarlyStopping counter: 7 out of 8
2024-01-02 14:19:55,317 - ***** Epoch: 25: Eval results *****
2024-01-02 14:19:55,317 -   train_loss = 0.0648
2024-01-02 14:19:55,317 -   best_eval_score = 0.67
2024-01-02 14:19:55,317 -   eval_score = 0.6415
2024-01-02 14:19:55,317 - EarlyStopping counter: 8 out of 8
2024-01-02 14:19:55,317 - EarlyStopping at epoch 25
2024-01-02 14:19:55,319 - Training is finished...
2024-01-02 14:19:55,319 - Testing begins...
2024-01-02 14:19:59,055 - ***** Test: Confusion Matrix *****
2024-01-02 14:19:59,056 - [[36  2  0  0  4  0  3  1  2  1  1  0  5  2  0  0  0  0  0  0]
 [ 0 37  0  0  0  0  0  0  1  0  0  0  3  1  0  1  0  0  0  0]
 [ 1  0 26  0  0  0  0  0  0  0  0  0  0  0  0  0  0  0  0  0]
 [ 0  0  0 25  0  0  0  0  0  0  0  0  0  0  0  0  0  0  0  0]
 [ 5  0  0  0  5  0  6  0  0  0  0  1  3  1  1  0  0  1  0  0]
 [ 0  0  0  0  0 11  0  0  0  0  0  0  1  0  0  0  0  0  0  0]
 [ 0  0  0  0  0  0  5  0  1  0  0  1  3  0  0  2  0  0  0  0]
 [ 2  0  0  0  0  0  0  5  1  1  1  0  0  0  0  0  0  0  0  0]
 [ 1  0  0  0  0  0  0  2  2  0  0  0  0  3  0  2  0  0  0  0]
 [ 2  0  0  0  0  0  1  0  0  3  0  0  1  0  0  2  0  1  0  0]
 [ 1  0  0  0  0  1  0  1  0  2 13  0  0  0  0  0  0  0  0  0]
 [ 0  0  0  0  0  0  1  0  0  0  0 18  0  0  0  0  0  0  0  0]
 [ 2  0  0  0  0  1  1  1  1  1  0  0 46  2  1  1  0  0  0  0]
 [ 0  0  0  0  0  0  1  0  0  0  1  1  1 20  1  0  0  0  0  0]
 [ 0  0  0  0  0  0  0  0  0  0  0  0  3  4 13  0  1  0  0  1]
 [ 0  1  0  0  0  0  1  0  0  0  0  0  6  0  0 13  0  0  0  0]
 [ 0  0  0  0  0  0  0  0  0  0  0  0  4  0  2  0 10  0  0  1]
 [ 0  0  0  0  0  0  0  0  0  1  1  0  1  1  0  0  0 11  0  0]
 [ 0  0  0  0  0  0  0  0  0  0  0  0  3  0  0  1  0  0  8  0]
 [ 0  0  0  0  0  0  0  0  0  0  0  2  0  1  1  0  0  0  0  6]]
2024-01-02 14:19:59,056 - ***** Evaluation results *****
2024-01-02 14:19:59,056 -   acc = 0.7034
2024-01-02 14:19:59,056 -   f1 = 0.6621
2024-01-02 14:19:59,056 -   prec = 0.6934
2024-01-02 14:19:59,056 -   rec = 0.654
2024-01-02 14:19:59,057 - Testing is finished...
2024-01-02 14:19:59,057 - Multimodal intent recognition is finished...
2024-01-02 14:19:59,057 - Results are saved in results/msz.csv
