2024-01-06 10:36:10,974 - ============================== Params ==============================
2024-01-06 10:36:10,974 - logger_name: msz_MIntRec_multi-class_seed-5_2024-01-06-10-36-10
2024-01-06 10:36:10,974 - dataset: MIntRec
2024-01-06 10:36:10,974 - data_mode: multi-class
2024-01-06 10:36:10,974 - method: msz
2024-01-06 10:36:10,974 - text_backbone: bert-base-uncased
2024-01-06 10:36:10,974 - text_backbone_path: /home/sharing/disk1/pretrained_embedding/bert/uncased_L-12_H-768_A-12/
2024-01-06 10:36:10,974 - seed: 5
2024-01-06 10:36:10,974 - num_workers: 8
2024-01-06 10:36:10,974 - gpu_id: 1
2024-01-06 10:36:10,974 - data_path: /home/sharing/disk2/sjh/intentDataset
2024-01-06 10:36:10,974 - train: True
2024-01-06 10:36:10,974 - tune: False
2024-01-06 10:36:10,974 - save_model: False
2024-01-06 10:36:10,974 - save_results: True
2024-01-06 10:36:10,974 - log_path: logs
2024-01-06 10:36:10,974 - cache_path: 
2024-01-06 10:36:10,974 - video_data_path: video_data
2024-01-06 10:36:10,974 - audio_data_path: audio_data
2024-01-06 10:36:10,974 - video_feats_path: video_feats.pkl
2024-01-06 10:36:10,975 - audio_feats_path: audio_feats.pkl
2024-01-06 10:36:10,975 - results_path: results
2024-01-06 10:36:10,975 - output_path: /home/sharing/disk2/sjh/Outputs/MIntRec
2024-01-06 10:36:10,975 - model_path: models
2024-01-06 10:36:10,975 - config_file_name: msz
2024-01-06 10:36:10,975 - results_file_name: msz.csv
2024-01-06 10:36:10,975 - padding_mode: zero
2024-01-06 10:36:10,975 - padding_loc: end
2024-01-06 10:36:10,975 - need_aligned: False
2024-01-06 10:36:10,975 - eval_monitor: f1
2024-01-06 10:36:10,975 - train_batch_size: 16
2024-01-06 10:36:10,975 - eval_batch_size: 8
2024-01-06 10:36:10,975 - test_batch_size: 8
2024-01-06 10:36:10,975 - wait_patience: 8
2024-01-06 10:36:10,975 - nheads: 2
2024-01-06 10:36:10,975 - encoder_layers: 2
2024-01-06 10:36:10,975 - attn_dropout: 0.1
2024-01-06 10:36:10,975 - relu_dropout: 0.1
2024-01-06 10:36:10,975 - embed_dropout: 0.1
2024-01-06 10:36:10,975 - res_dropout: 0.1
2024-01-06 10:36:10,975 - attn_mask: False
2024-01-06 10:36:10,975 - hidden_size: 768
2024-01-06 10:36:10,975 - num_attention_heads: 12
2024-01-06 10:36:10,975 - attention_probs_dropout_prob: 0.2
2024-01-06 10:36:10,975 - hidden_dropout_prob: 0.2
2024-01-06 10:36:10,975 - intermediate_size: 768
2024-01-06 10:36:10,975 - num_hidden_layers: 3
2024-01-06 10:36:10,975 - max_position_embeddings: 512
2024-01-06 10:36:10,975 - position_embedding_type: absolute
2024-01-06 10:36:10,975 - batch_first: True
2024-01-06 10:36:10,975 - hidden_dims: 768
2024-01-06 10:36:10,975 - att_dropouts: [0.2, 0.2, 0.2]
2024-01-06 10:36:10,975 - spe_dropouts: [0.1, 0.1, 0.1]
2024-01-06 10:36:10,975 - ta_loss: 0.1
2024-01-06 10:36:10,975 - tv_loss: 0.1
2024-01-06 10:36:10,975 - av_loss: 0.1
2024-01-06 10:36:10,975 - aligned_method: conv1d
2024-01-06 10:36:10,975 - grad_clip: -1
2024-01-06 10:36:10,975 - num_train_epochs: 100
2024-01-06 10:36:10,975 - warmup_proportion: 0.1
2024-01-06 10:36:10,975 - lr: 1e-05
2024-01-06 10:36:10,975 - weight_decay: 0.01
2024-01-06 10:36:10,975 - pred_output_path: /home/sharing/disk2/sjh/Outputs/MIntRec/msz_MIntRec_multi-class_seed-5_2024-01-06-10-36-10
2024-01-06 10:36:10,975 - model_output_path: /home/sharing/disk2/sjh/Outputs/MIntRec/msz_MIntRec_multi-class_seed-5_2024-01-06-10-36-10/models
2024-01-06 10:36:10,976 - ============================== End Params ==============================
2024-01-06 10:36:10,978 - Generate Text Features Begin...
2024-01-06 10:36:11,391 - Generate Text Features Finished...
2024-01-06 10:36:11,392 - Load Video Features Begin...
2024-01-06 10:36:11,669 - Load Video Features Finished...
2024-01-06 10:36:12,192 - Load Audio Features Begin...
2024-01-06 10:36:13,471 - Load Audio Features Finished...
2024-01-06 10:36:16,905 - method  begins...
2024-01-06 10:36:20,265 - Multimodal intent recognition begins...
2024-01-06 10:36:20,265 - Training begins...
