2024-03-31 14:15:06,918 - ============================== Params ==============================
2024-03-31 14:15:06,919 - logger_name: msz_MIntRec_multi-class_seed-1_2024-03-31-14-15-06
2024-03-31 14:15:06,919 - dataset: MIntRec
2024-03-31 14:15:06,919 - data_mode: multi-class
2024-03-31 14:15:06,919 - method: msz
2024-03-31 14:15:06,919 - text_backbone: bert-base-uncased
2024-03-31 14:15:06,919 - text_backbone_path: /home/sharing/disk1/pretrained_embedding/bert/uncased_L-12_H-768_A-12/
2024-03-31 14:15:06,919 - seed: 1
2024-03-31 14:15:06,919 - num_workers: 8
2024-03-31 14:15:06,919 - gpu_id: 3
2024-03-31 14:15:06,919 - data_path: /home/sharing/disk2/sjh/intentDataset
2024-03-31 14:15:06,919 - train: True
2024-03-31 14:15:06,920 - tune: True
2024-03-31 14:15:06,920 - save_model: False
2024-03-31 14:15:06,920 - save_results: True
2024-03-31 14:15:06,920 - log_path: logs
2024-03-31 14:15:06,920 - cache_path: 
2024-03-31 14:15:06,920 - video_data_path: video_data
2024-03-31 14:15:06,920 - audio_data_path: audio_data
2024-03-31 14:15:06,920 - video_feats_path: video_feats.pkl
2024-03-31 14:15:06,920 - audio_feats_path: audio_feats.pkl
2024-03-31 14:15:06,920 - results_path: results
2024-03-31 14:15:06,920 - output_path: /home/sharing/disk2/sjh/Outputs/MIntRec
2024-03-31 14:15:06,921 - model_path: models
2024-03-31 14:15:06,921 - config_file_name: msz_MIntRec
2024-03-31 14:15:06,921 - results_file_name: msz.csv
2024-03-31 14:15:06,921 - padding_mode: zero
2024-03-31 14:15:06,921 - padding_loc: end
2024-03-31 14:15:06,921 - need_aligned: False
2024-03-31 14:15:06,921 - eval_monitor: f1
2024-03-31 14:15:06,921 - train_batch_size: 16
2024-03-31 14:15:06,921 - eval_batch_size: 8
2024-03-31 14:15:06,921 - test_batch_size: 8
2024-03-31 14:15:06,921 - wait_patience: 8
2024-03-31 14:15:06,922 - hidden_dims: 768
2024-03-31 14:15:06,922 - num_attention_heads: 8
2024-03-31 14:15:06,922 - attention_probs_dropout_prob: 0.5
2024-03-31 14:15:06,922 - hidden_dropout_prob: 0.2
2024-03-31 14:15:06,922 - intermediate_size: 768
2024-03-31 14:15:06,922 - num_hidden_layers: 10
2024-03-31 14:15:06,922 - max_position_embeddings: 768
2024-03-31 14:15:06,922 - position_embedding_type: absolute
2024-03-31 14:15:06,922 - batch_first: True
2024-03-31 14:15:06,922 - dropout: 0.2
2024-03-31 14:15:06,922 - aligned_method: conv1d
2024-03-31 14:15:06,922 - num_train_epochs: 100
2024-03-31 14:15:06,922 - lr: 6e-05
2024-03-31 14:15:06,923 - lr_mode: max
2024-03-31 14:15:06,923 - patience: 8
2024-03-31 14:15:06,923 - factor: 0.1
2024-03-31 14:15:06,923 - pred_output_path: /home/sharing/disk2/sjh/Outputs/MIntRec/msz_MIntRec_multi-class_seed-1_2024-03-31-14-15-06
2024-03-31 14:15:06,923 - model_output_path: /home/sharing/disk2/sjh/Outputs/MIntRec/msz_MIntRec_multi-class_seed-1_2024-03-31-14-15-06/models
2024-03-31 14:15:06,923 - num_labels: 20
2024-03-31 14:15:06,923 - text_feat_dim: 768
2024-03-31 14:15:06,923 - video_feat_dim: 256
2024-03-31 14:15:06,923 - audio_feat_dim: 768
2024-03-31 14:15:06,923 - text_seq_len: 30
2024-03-31 14:15:06,923 - video_seq_len: 230
2024-03-31 14:15:06,923 - audio_seq_len: 480
2024-03-31 14:15:06,923 - device: cuda:3
2024-03-31 14:15:06,924 - ============================== End Params ==============================
2024-03-31 14:15:07,010 - Generate Text Features Begin...
2024-03-31 14:15:07,645 - Generate Text Features Finished...
2024-03-31 14:15:07,646 - Load Video Features Begin...
2024-03-31 14:15:08,463 - Load Video Features Finished...
2024-03-31 14:15:08,903 - Load Audio Features Begin...
2024-03-31 14:15:13,798 - Load Audio Features Finished...
2024-03-31 14:15:15,808 - method  begins...
2024-03-31 14:15:20,086 - Multimodal intent recognition begins...
2024-03-31 14:15:20,086 - Training begins...
2024-03-31 14:15:43,363 - ***** Epoch: 1: Eval results *****
2024-03-31 14:15:43,363 -   train_loss = 2.3168
2024-03-31 14:15:43,364 -   best_eval_score = 0.0
2024-03-31 14:15:43,364 -   eval_score = 0.4122
2024-03-31 14:16:07,087 - ***** Epoch: 2: Eval results *****
2024-03-31 14:16:07,087 -   train_loss = 1.1983
2024-03-31 14:16:07,087 -   best_eval_score = 0.4122
2024-03-31 14:16:07,087 -   eval_score = 0.5167
2024-03-31 14:16:30,930 - ***** Epoch: 3: Eval results *****
2024-03-31 14:16:30,931 -   train_loss = 0.7609
2024-03-31 14:16:30,931 -   best_eval_score = 0.5167
2024-03-31 14:16:30,931 -   eval_score = 0.5856
2024-03-31 14:16:53,755 - ***** Epoch: 4: Eval results *****
2024-03-31 14:16:53,755 -   train_loss = 0.5378
2024-03-31 14:16:53,755 -   best_eval_score = 0.5856
2024-03-31 14:16:53,755 -   eval_score = 0.6132
2024-03-31 14:17:16,672 - ***** Epoch: 5: Eval results *****
2024-03-31 14:17:16,672 -   train_loss = 0.3516
2024-03-31 14:17:16,672 -   best_eval_score = 0.6132
2024-03-31 14:17:16,672 -   eval_score = 0.6219
2024-03-31 14:17:39,970 - ***** Epoch: 6: Eval results *****
2024-03-31 14:17:39,970 -   train_loss = 0.3484
2024-03-31 14:17:39,970 -   best_eval_score = 0.6219
2024-03-31 14:17:39,970 -   eval_score = 0.5929
2024-03-31 14:17:39,970 - EarlyStopping counter: 1 out of 8
2024-03-31 14:18:04,826 - ***** Epoch: 7: Eval results *****
2024-03-31 14:18:04,826 -   train_loss = 0.2971
2024-03-31 14:18:04,826 -   best_eval_score = 0.6219
2024-03-31 14:18:04,826 -   eval_score = 0.6284
2024-03-31 14:18:27,674 - ***** Epoch: 8: Eval results *****
2024-03-31 14:18:27,674 -   train_loss = 0.265
2024-03-31 14:18:27,674 -   best_eval_score = 0.6284
2024-03-31 14:18:27,674 -   eval_score = 0.5941
2024-03-31 14:18:27,674 - EarlyStopping counter: 1 out of 8
2024-03-31 14:18:50,316 - ***** Epoch: 9: Eval results *****
2024-03-31 14:18:50,316 -   train_loss = 0.1223
2024-03-31 14:18:50,317 -   best_eval_score = 0.6284
2024-03-31 14:18:50,317 -   eval_score = 0.6145
2024-03-31 14:18:50,317 - EarlyStopping counter: 2 out of 8
2024-03-31 14:19:12,753 - ***** Epoch: 10: Eval results *****
2024-03-31 14:19:12,753 -   train_loss = 0.1568
2024-03-31 14:19:12,753 -   best_eval_score = 0.6284
2024-03-31 14:19:12,753 -   eval_score = 0.6441
2024-03-31 14:19:37,021 - ***** Epoch: 11: Eval results *****
2024-03-31 14:19:37,021 -   train_loss = 0.0422
2024-03-31 14:19:37,022 -   best_eval_score = 0.6441
2024-03-31 14:19:37,022 -   eval_score = 0.669
2024-03-31 14:20:01,712 - ***** Epoch: 12: Eval results *****
2024-03-31 14:20:01,712 -   train_loss = 0.011
2024-03-31 14:20:01,712 -   best_eval_score = 0.669
2024-03-31 14:20:01,712 -   eval_score = 0.6664
2024-03-31 14:20:01,712 - EarlyStopping counter: 1 out of 8
2024-03-31 14:20:24,677 - ***** Epoch: 13: Eval results *****
2024-03-31 14:20:24,686 -   train_loss = 0.0067
2024-03-31 14:20:24,686 -   best_eval_score = 0.669
2024-03-31 14:20:24,686 -   eval_score = 0.6751
2024-03-31 14:20:48,752 - ***** Epoch: 14: Eval results *****
2024-03-31 14:20:48,752 -   train_loss = 0.0055
2024-03-31 14:20:48,752 -   best_eval_score = 0.6751
2024-03-31 14:20:48,752 -   eval_score = 0.6708
2024-03-31 14:20:48,752 - EarlyStopping counter: 1 out of 8
2024-03-31 14:21:13,561 - ***** Epoch: 15: Eval results *****
2024-03-31 14:21:13,561 -   train_loss = 0.0039
2024-03-31 14:21:13,561 -   best_eval_score = 0.6751
2024-03-31 14:21:13,561 -   eval_score = 0.6714
2024-03-31 14:21:13,561 - EarlyStopping counter: 2 out of 8
2024-03-31 14:21:36,661 - ***** Epoch: 16: Eval results *****
2024-03-31 14:21:36,661 -   train_loss = 0.0041
2024-03-31 14:21:36,661 -   best_eval_score = 0.6751
2024-03-31 14:21:36,661 -   eval_score = 0.6672
2024-03-31 14:21:36,661 - EarlyStopping counter: 3 out of 8
2024-03-31 14:22:00,375 - ***** Epoch: 17: Eval results *****
2024-03-31 14:22:00,375 -   train_loss = 0.003
2024-03-31 14:22:00,375 -   best_eval_score = 0.6751
2024-03-31 14:22:00,375 -   eval_score = 0.6719
2024-03-31 14:22:00,375 - EarlyStopping counter: 4 out of 8
2024-03-31 14:22:22,522 - ***** Epoch: 18: Eval results *****
2024-03-31 14:22:22,522 -   train_loss = 0.0027
2024-03-31 14:22:22,522 -   best_eval_score = 0.6751
2024-03-31 14:22:22,522 -   eval_score = 0.6732
2024-03-31 14:22:22,522 - EarlyStopping counter: 5 out of 8
2024-03-31 14:22:47,033 - ***** Epoch: 19: Eval results *****
2024-03-31 14:22:47,034 -   train_loss = 0.0025
2024-03-31 14:22:47,034 -   best_eval_score = 0.6751
2024-03-31 14:22:47,034 -   eval_score = 0.6719
2024-03-31 14:22:47,034 - EarlyStopping counter: 6 out of 8
2024-03-31 14:23:10,541 - ***** Epoch: 20: Eval results *****
2024-03-31 14:23:10,541 -   train_loss = 0.0023
2024-03-31 14:23:10,541 -   best_eval_score = 0.6751
2024-03-31 14:23:10,541 -   eval_score = 0.6719
2024-03-31 14:23:10,541 - EarlyStopping counter: 7 out of 8
2024-03-31 14:23:35,337 - ***** Epoch: 21: Eval results *****
2024-03-31 14:23:35,338 -   train_loss = 0.0024
2024-03-31 14:23:35,338 -   best_eval_score = 0.6751
2024-03-31 14:23:35,338 -   eval_score = 0.6719
2024-03-31 14:23:35,338 - EarlyStopping counter: 8 out of 8
2024-03-31 14:23:35,338 - EarlyStopping at epoch 21
2024-03-31 14:23:35,342 - Training is finished...
2024-03-31 14:23:35,343 - Testing begins...
2024-03-31 14:23:39,249 - ***** Test: Confusion Matrix *****
2024-03-31 14:23:39,250 - [[32  2  0  0  6  0  5  1  0  2  1  0  6  2  0  0  0  0  0  0]
 [ 0 37  0  1  0  0  1  1  1  0  0  0  2  0  0  0  0  0  0  0]
 [ 1  0 26  0  0  0  0  0  0  0  0  0  0  0  0  0  0  0  0  0]
 [ 0  0  0 25  0  0  0  0  0  0  0  0  0  0  0  0  0  0  0  0]
 [ 2  0  0  0 12  0  2  0  0  1  0  1  2  2  0  0  0  1  0  0]
 [ 0  0  0  0  0 11  0  0  0  1  0  0  0  0  0  0  0  0  0  0]
 [ 2  0  0  0  1  0  3  0  2  1  0  0  2  0  0  0  1  0  0  0]
 [ 4  0  0  0  0  0  0  4  0  0  1  0  1  0  0  0  0  0  0  0]
 [ 1  0  0  0  0  0  3  3  1  0  0  0  0  1  0  1  0  0  0  0]
 [ 1  0  0  0  0  0  0  1  0  3  0  0  0  0  0  3  0  2  0  0]
 [ 1  0  0  0  0  0  0  1  0  1 14  0  0  0  0  0  0  1  0  0]
 [ 0  0  1  0  0  0  0  0  1  0  0 16  0  0  0  0  0  0  1  0]
 [ 4  0  0  1  1  0  0  4  1  0  1  0 40  1  2  0  1  1  0  0]
 [ 1  0  0  0  0  0  1  0  0  0  1  1  2 18  0  1  0  0  0  0]
 [ 0  0  0  0  1  0  0  0  1  0  0  0  0  2 14  0  1  0  0  3]
 [ 0  1  0  0  1  0  0  1  0  0  0  0  3  0  0 14  1  0  0  0]
 [ 0  0  0  0  0  0  0  1  0  0  0  0  2  0  1  0 13  0  0  0]
 [ 0  0  0  0  0  0  0  0  0  1  0  0  0  0  0  0  0 14  0  0]
 [ 0  0  0  0  0  0  0  0  0  0  0  0  2  0  0  1  0  0  9  0]
 [ 0  0  0  0  0  0  0  0  0  0  0  1  0  1  1  0  0  0  0  7]]
2024-03-31 14:23:39,250 - ***** Evaluation results *****
2024-03-31 14:23:39,250 -   acc = 0.7034
2024-03-31 14:23:39,250 -   f1 = 0.666
2024-03-31 14:23:39,251 -   prec = 0.6701
2024-03-31 14:23:39,251 -   rec = 0.6683
2024-03-31 14:23:39,251 - Testing is finished...
2024-03-31 14:23:39,251 - Multimodal intent recognition is finished...
2024-03-31 14:23:39,251 - Results are saved in results/msz.csv
