2024-01-03 07:13:12,258 - ============================== Params ==============================
2024-01-03 07:13:12,258 - logger_name: msz_MIntRec_multi-class_seed-0_2024-01-03-07-13-12
2024-01-03 07:13:12,258 - dataset: MIntRec
2024-01-03 07:13:12,258 - data_mode: multi-class
2024-01-03 07:13:12,258 - method: msz
2024-01-03 07:13:12,258 - text_backbone: bert-base-uncased
2024-01-03 07:13:12,258 - text_backbone_path: /home/sharing/disk1/pretrained_embedding/bert/uncased_L-12_H-768_A-12/
2024-01-03 07:13:12,258 - seed: 0
2024-01-03 07:13:12,258 - num_workers: 8
2024-01-03 07:13:12,258 - gpu_id: 1
2024-01-03 07:13:12,258 - data_path: /home/sharing/disk2/sjh/intentDataset
2024-01-03 07:13:12,258 - train: True
2024-01-03 07:13:12,258 - tune: False
2024-01-03 07:13:12,258 - save_model: False
2024-01-03 07:13:12,258 - save_results: True
2024-01-03 07:13:12,258 - log_path: logs
2024-01-03 07:13:12,258 - cache_path: 
2024-01-03 07:13:12,258 - video_data_path: video_data
2024-01-03 07:13:12,258 - audio_data_path: audio_data
2024-01-03 07:13:12,258 - video_feats_path: video_feats.pkl
2024-01-03 07:13:12,258 - audio_feats_path: audio_feats.pkl
2024-01-03 07:13:12,258 - results_path: results
2024-01-03 07:13:12,258 - output_path: /home/sujianhua/Outputs/MIntRec
2024-01-03 07:13:12,258 - model_path: models
2024-01-03 07:13:12,258 - config_file_name: msz
2024-01-03 07:13:12,258 - results_file_name: msz.csv
2024-01-03 07:13:12,258 - padding_mode: zero
2024-01-03 07:13:12,258 - padding_loc: end
2024-01-03 07:13:12,258 - need_aligned: False
2024-01-03 07:13:12,258 - eval_monitor: f1
2024-01-03 07:13:12,258 - train_batch_size: 16
2024-01-03 07:13:12,258 - eval_batch_size: 8
2024-01-03 07:13:12,259 - test_batch_size: 8
2024-01-03 07:13:12,259 - wait_patience: 8
2024-01-03 07:13:12,259 - nheads: 2
2024-01-03 07:13:12,259 - encoder_layers: 2
2024-01-03 07:13:12,259 - attn_dropout: 0.1
2024-01-03 07:13:12,259 - relu_dropout: 0.1
2024-01-03 07:13:12,259 - embed_dropout: 0.1
2024-01-03 07:13:12,259 - res_dropout: 0.1
2024-01-03 07:13:12,259 - attn_mask: False
2024-01-03 07:13:12,259 - hidden_size: 768
2024-01-03 07:13:12,259 - num_attention_heads: 12
2024-01-03 07:13:12,259 - attention_probs_dropout_prob: 0.2
2024-01-03 07:13:12,259 - hidden_dropout_prob: 0.2
2024-01-03 07:13:12,259 - intermediate_size: 768
2024-01-03 07:13:12,259 - num_hidden_layers: 3
2024-01-03 07:13:12,259 - max_position_embeddings: 512
2024-01-03 07:13:12,259 - position_embedding_type: absolute
2024-01-03 07:13:12,259 - batch_first: True
2024-01-03 07:13:12,259 - hidden_dims: 768
2024-01-03 07:13:12,259 - att_dropouts: [0.2, 0.2, 0.2]
2024-01-03 07:13:12,259 - spe_dropouts: [0.1, 0.1, 0.1]
2024-01-03 07:13:12,259 - ta_loss: 0.03
2024-01-03 07:13:12,259 - tv_loss: 0.01
2024-01-03 07:13:12,259 - av_loss: 0.01
2024-01-03 07:13:12,259 - aligned_method: conv1d
2024-01-03 07:13:12,259 - grad_clip: -1
2024-01-03 07:13:12,259 - num_train_epochs: 100
2024-01-03 07:13:12,259 - warmup_proportion: 0.1
2024-01-03 07:13:12,259 - lr: 1e-06
2024-01-03 07:13:12,259 - weight_decay: 0.01
2024-01-03 07:13:12,259 - pred_output_path: /home/sujianhua/Outputs/MIntRec/msz_MIntRec_multi-class_seed-0_2024-01-03-07-13-12
2024-01-03 07:13:12,259 - model_output_path: /home/sujianhua/Outputs/MIntRec/msz_MIntRec_multi-class_seed-0_2024-01-03-07-13-12/models
2024-01-03 07:13:12,259 - ============================== End Params ==============================
2024-01-03 07:13:12,262 - Generate Text Features Begin...
2024-01-03 07:13:12,749 - Generate Text Features Finished...
2024-01-03 07:13:12,750 - Load Video Features Begin...
2024-01-03 07:13:13,054 - Load Video Features Finished...
2024-01-03 07:13:13,588 - Load Audio Features Begin...
2024-01-03 07:13:14,413 - Load Audio Features Finished...
2024-01-03 07:13:17,598 - method  begins...
2024-01-03 07:13:20,033 - Multimodal intent recognition begins...
2024-01-03 07:13:20,033 - Training begins...
2024-01-03 07:13:44,186 - ***** Epoch: 1: Eval results *****
2024-01-03 07:13:44,187 -   train_loss = 3.769
2024-01-03 07:13:44,187 -   best_eval_score = 0.0
2024-01-03 07:13:44,187 -   eval_score = 0.0398
2024-01-03 07:14:06,761 - ***** Epoch: 2: Eval results *****
2024-01-03 07:14:06,761 -   train_loss = 3.5173
2024-01-03 07:14:06,761 -   best_eval_score = 0.0398
2024-01-03 07:14:06,761 -   eval_score = 0.053
2024-01-03 07:14:29,559 - ***** Epoch: 3: Eval results *****
2024-01-03 07:14:29,559 -   train_loss = 3.3087
2024-01-03 07:14:29,559 -   best_eval_score = 0.053
2024-01-03 07:14:29,559 -   eval_score = 0.08
2024-01-03 07:14:52,449 - ***** Epoch: 4: Eval results *****
2024-01-03 07:14:52,449 -   train_loss = 3.134
2024-01-03 07:14:52,449 -   best_eval_score = 0.08
2024-01-03 07:14:52,449 -   eval_score = 0.1632
2024-01-03 07:15:15,068 - ***** Epoch: 5: Eval results *****
2024-01-03 07:15:15,069 -   train_loss = 2.9063
2024-01-03 07:15:15,069 -   best_eval_score = 0.1632
2024-01-03 07:15:15,069 -   eval_score = 0.2152
2024-01-03 07:15:37,891 - ***** Epoch: 6: Eval results *****
2024-01-03 07:15:37,891 -   train_loss = 2.6262
2024-01-03 07:15:37,891 -   best_eval_score = 0.2152
2024-01-03 07:15:37,891 -   eval_score = 0.3337
2024-01-03 07:16:00,476 - ***** Epoch: 7: Eval results *****
2024-01-03 07:16:00,476 -   train_loss = 2.3245
2024-01-03 07:16:00,476 -   best_eval_score = 0.3337
2024-01-03 07:16:00,477 -   eval_score = 0.3834
2024-01-03 07:16:23,059 - ***** Epoch: 8: Eval results *****
2024-01-03 07:16:23,060 -   train_loss = 2.0258
2024-01-03 07:16:23,060 -   best_eval_score = 0.3834
2024-01-03 07:16:23,060 -   eval_score = 0.4635
2024-01-03 07:16:45,601 - ***** Epoch: 9: Eval results *****
2024-01-03 07:16:45,602 -   train_loss = 1.7329
2024-01-03 07:16:45,602 -   best_eval_score = 0.4635
2024-01-03 07:16:45,603 -   eval_score = 0.5105
2024-01-03 07:17:08,599 - ***** Epoch: 10: Eval results *****
2024-01-03 07:17:08,599 -   train_loss = 1.479
2024-01-03 07:17:08,599 -   best_eval_score = 0.5105
2024-01-03 07:17:08,599 -   eval_score = 0.5378
2024-01-03 07:17:31,000 - ***** Epoch: 11: Eval results *****
2024-01-03 07:17:31,000 -   train_loss = 1.2638
2024-01-03 07:17:31,000 -   best_eval_score = 0.5378
2024-01-03 07:17:31,000 -   eval_score = 0.5491
2024-01-03 07:17:53,558 - ***** Epoch: 12: Eval results *****
2024-01-03 07:17:53,558 -   train_loss = 1.0929
2024-01-03 07:17:53,558 -   best_eval_score = 0.5491
2024-01-03 07:17:53,558 -   eval_score = 0.5843
2024-01-03 07:18:16,158 - ***** Epoch: 13: Eval results *****
2024-01-03 07:18:16,158 -   train_loss = 0.9498
2024-01-03 07:18:16,158 -   best_eval_score = 0.5843
2024-01-03 07:18:16,158 -   eval_score = 0.5744
2024-01-03 07:18:16,158 - EarlyStopping counter: 1 out of 8
2024-01-03 07:18:39,090 - ***** Epoch: 14: Eval results *****
2024-01-03 07:18:39,090 -   train_loss = 0.853
2024-01-03 07:18:39,090 -   best_eval_score = 0.5843
2024-01-03 07:18:39,090 -   eval_score = 0.6107
2024-01-03 07:19:01,836 - ***** Epoch: 15: Eval results *****
2024-01-03 07:19:01,836 -   train_loss = 0.6963
2024-01-03 07:19:01,836 -   best_eval_score = 0.6107
2024-01-03 07:19:01,836 -   eval_score = 0.5668
2024-01-03 07:19:01,836 - EarlyStopping counter: 1 out of 8
