2024-01-03 07:57:48,428 - ============================== Params ==============================
2024-01-03 07:57:48,429 - logger_name: msz_MIntRec_multi-class_seed-3_2024-01-03-07-57-48
2024-01-03 07:57:48,429 - dataset: MIntRec
2024-01-03 07:57:48,429 - data_mode: multi-class
2024-01-03 07:57:48,429 - method: msz
2024-01-03 07:57:48,429 - text_backbone: bert-base-uncased
2024-01-03 07:57:48,429 - text_backbone_path: /home/sharing/disk1/pretrained_embedding/bert/uncased_L-12_H-768_A-12/
2024-01-03 07:57:48,429 - seed: 3
2024-01-03 07:57:48,429 - num_workers: 8
2024-01-03 07:57:48,429 - gpu_id: 1
2024-01-03 07:57:48,429 - data_path: /home/sharing/disk2/sjh/intentDataset
2024-01-03 07:57:48,429 - train: True
2024-01-03 07:57:48,429 - tune: False
2024-01-03 07:57:48,429 - save_model: False
2024-01-03 07:57:48,429 - save_results: True
2024-01-03 07:57:48,429 - log_path: logs
2024-01-03 07:57:48,429 - cache_path: 
2024-01-03 07:57:48,429 - video_data_path: video_data
2024-01-03 07:57:48,429 - audio_data_path: audio_data
2024-01-03 07:57:48,429 - video_feats_path: video_feats.pkl
2024-01-03 07:57:48,429 - audio_feats_path: audio_feats.pkl
2024-01-03 07:57:48,429 - results_path: results
2024-01-03 07:57:48,429 - output_path: /home/sujianhua/Outputs/MIntRec
2024-01-03 07:57:48,429 - model_path: models
2024-01-03 07:57:48,429 - config_file_name: msz
2024-01-03 07:57:48,429 - results_file_name: msz.csv
2024-01-03 07:57:48,429 - padding_mode: zero
2024-01-03 07:57:48,429 - padding_loc: end
2024-01-03 07:57:48,429 - need_aligned: False
2024-01-03 07:57:48,429 - eval_monitor: f1
2024-01-03 07:57:48,429 - train_batch_size: 16
2024-01-03 07:57:48,429 - eval_batch_size: 8
2024-01-03 07:57:48,429 - test_batch_size: 8
2024-01-03 07:57:48,429 - wait_patience: 8
2024-01-03 07:57:48,429 - nheads: 2
2024-01-03 07:57:48,430 - encoder_layers: 2
2024-01-03 07:57:48,430 - attn_dropout: 0.1
2024-01-03 07:57:48,430 - relu_dropout: 0.1
2024-01-03 07:57:48,430 - embed_dropout: 0.1
2024-01-03 07:57:48,430 - res_dropout: 0.1
2024-01-03 07:57:48,430 - attn_mask: False
2024-01-03 07:57:48,430 - hidden_size: 768
2024-01-03 07:57:48,430 - num_attention_heads: 12
2024-01-03 07:57:48,430 - attention_probs_dropout_prob: 0.2
2024-01-03 07:57:48,430 - hidden_dropout_prob: 0.2
2024-01-03 07:57:48,430 - intermediate_size: 768
2024-01-03 07:57:48,430 - num_hidden_layers: 3
2024-01-03 07:57:48,430 - max_position_embeddings: 512
2024-01-03 07:57:48,430 - position_embedding_type: absolute
2024-01-03 07:57:48,430 - batch_first: True
2024-01-03 07:57:48,430 - hidden_dims: 768
2024-01-03 07:57:48,430 - att_dropouts: [0.2, 0.2, 0.2]
2024-01-03 07:57:48,430 - spe_dropouts: [0.1, 0.1, 0.1]
2024-01-03 07:57:48,430 - ta_loss: 0.02
2024-01-03 07:57:48,430 - tv_loss: 0.01
2024-01-03 07:57:48,430 - av_loss: 0.01
2024-01-03 07:57:48,430 - aligned_method: conv1d
2024-01-03 07:57:48,430 - grad_clip: -1
2024-01-03 07:57:48,430 - num_train_epochs: 100
2024-01-03 07:57:48,430 - warmup_proportion: 0.1
2024-01-03 07:57:48,430 - lr: 1e-06
2024-01-03 07:57:48,430 - weight_decay: 0.01
2024-01-03 07:57:48,430 - pred_output_path: /home/sujianhua/Outputs/MIntRec/msz_MIntRec_multi-class_seed-3_2024-01-03-07-57-48
2024-01-03 07:57:48,430 - model_output_path: /home/sujianhua/Outputs/MIntRec/msz_MIntRec_multi-class_seed-3_2024-01-03-07-57-48/models
2024-01-03 07:57:48,430 - ============================== End Params ==============================
2024-01-03 07:57:48,433 - Generate Text Features Begin...
2024-01-03 07:57:48,894 - Generate Text Features Finished...
2024-01-03 07:57:48,895 - Load Video Features Begin...
2024-01-03 07:57:49,169 - Load Video Features Finished...
2024-01-03 07:57:49,695 - Load Audio Features Begin...
2024-01-03 07:57:50,517 - Load Audio Features Finished...
2024-01-03 07:57:54,100 - method  begins...
2024-01-03 07:57:56,798 - Multimodal intent recognition begins...
2024-01-03 07:57:56,798 - Training begins...
2024-01-03 07:58:21,741 - ***** Epoch: 1: Eval results *****
2024-01-03 07:58:21,741 -   train_loss = 3.6231
2024-01-03 07:58:21,741 -   best_eval_score = 0.0
2024-01-03 07:58:21,741 -   eval_score = 0.0364
2024-01-03 07:58:44,863 - ***** Epoch: 2: Eval results *****
2024-01-03 07:58:44,864 -   train_loss = 3.4019
2024-01-03 07:58:44,864 -   best_eval_score = 0.0364
2024-01-03 07:58:44,864 -   eval_score = 0.03
2024-01-03 07:58:44,864 - EarlyStopping counter: 1 out of 8
2024-01-03 07:59:08,114 - ***** Epoch: 3: Eval results *****
2024-01-03 07:59:08,114 -   train_loss = 3.238
2024-01-03 07:59:08,114 -   best_eval_score = 0.0364
2024-01-03 07:59:08,115 -   eval_score = 0.0351
2024-01-03 07:59:08,115 - EarlyStopping counter: 2 out of 8
2024-01-03 07:59:30,786 - ***** Epoch: 4: Eval results *****
2024-01-03 07:59:30,787 -   train_loss = 3.0669
2024-01-03 07:59:30,787 -   best_eval_score = 0.0364
2024-01-03 07:59:30,787 -   eval_score = 0.1582
2024-01-03 07:59:53,857 - ***** Epoch: 5: Eval results *****
2024-01-03 07:59:53,857 -   train_loss = 2.8234
2024-01-03 07:59:53,857 -   best_eval_score = 0.1582
2024-01-03 07:59:53,857 -   eval_score = 0.1755
2024-01-03 08:00:16,874 - ***** Epoch: 6: Eval results *****
2024-01-03 08:00:16,874 -   train_loss = 2.5374
2024-01-03 08:00:16,874 -   best_eval_score = 0.1755
2024-01-03 08:00:16,874 -   eval_score = 0.2531
2024-01-03 08:00:40,206 - ***** Epoch: 7: Eval results *****
2024-01-03 08:00:40,206 -   train_loss = 2.2317
2024-01-03 08:00:40,206 -   best_eval_score = 0.2531
2024-01-03 08:00:40,206 -   eval_score = 0.387
2024-01-03 08:01:03,229 - ***** Epoch: 8: Eval results *****
2024-01-03 08:01:03,229 -   train_loss = 1.94
2024-01-03 08:01:03,230 -   best_eval_score = 0.387
2024-01-03 08:01:03,230 -   eval_score = 0.4434
2024-01-03 08:01:26,224 - ***** Epoch: 9: Eval results *****
2024-01-03 08:01:26,224 -   train_loss = 1.6841
2024-01-03 08:01:26,224 -   best_eval_score = 0.4434
2024-01-03 08:01:26,224 -   eval_score = 0.4969
2024-01-03 08:01:49,606 - ***** Epoch: 10: Eval results *****
2024-01-03 08:01:49,607 -   train_loss = 1.4765
2024-01-03 08:01:49,607 -   best_eval_score = 0.4969
2024-01-03 08:01:49,607 -   eval_score = 0.5268
2024-01-03 08:02:12,747 - ***** Epoch: 11: Eval results *****
2024-01-03 08:02:12,748 -   train_loss = 1.2462
2024-01-03 08:02:12,748 -   best_eval_score = 0.5268
2024-01-03 08:02:12,748 -   eval_score = 0.5306
2024-01-03 08:02:35,730 - ***** Epoch: 12: Eval results *****
2024-01-03 08:02:35,730 -   train_loss = 1.0496
2024-01-03 08:02:35,730 -   best_eval_score = 0.5306
2024-01-03 08:02:35,730 -   eval_score = 0.5547
2024-01-03 08:02:58,745 - ***** Epoch: 13: Eval results *****
2024-01-03 08:02:58,745 -   train_loss = 0.9705
2024-01-03 08:02:58,745 -   best_eval_score = 0.5547
2024-01-03 08:02:58,745 -   eval_score = 0.5841
2024-01-03 08:03:21,778 - ***** Epoch: 14: Eval results *****
2024-01-03 08:03:21,779 -   train_loss = 0.7468
2024-01-03 08:03:21,779 -   best_eval_score = 0.5841
2024-01-03 08:03:21,779 -   eval_score = 0.5918
2024-01-03 08:03:44,634 - ***** Epoch: 15: Eval results *****
2024-01-03 08:03:44,634 -   train_loss = 0.7441
2024-01-03 08:03:44,634 -   best_eval_score = 0.5918
2024-01-03 08:03:44,635 -   eval_score = 0.6063
2024-01-03 08:04:07,321 - ***** Epoch: 16: Eval results *****
2024-01-03 08:04:07,321 -   train_loss = 0.5616
2024-01-03 08:04:07,321 -   best_eval_score = 0.6063
2024-01-03 08:04:07,321 -   eval_score = 0.6816
2024-01-03 08:04:30,178 - ***** Epoch: 17: Eval results *****
2024-01-03 08:04:30,178 -   train_loss = 0.5351
2024-01-03 08:04:30,178 -   best_eval_score = 0.6816
2024-01-03 08:04:30,178 -   eval_score = 0.6271
2024-01-03 08:04:30,178 - EarlyStopping counter: 1 out of 8
2024-01-03 08:04:52,922 - ***** Epoch: 18: Eval results *****
2024-01-03 08:04:52,922 -   train_loss = 0.4627
2024-01-03 08:04:52,922 -   best_eval_score = 0.6816
2024-01-03 08:04:52,923 -   eval_score = 0.6515
2024-01-03 08:04:52,923 - EarlyStopping counter: 2 out of 8
2024-01-03 08:05:15,672 - ***** Epoch: 19: Eval results *****
2024-01-03 08:05:15,673 -   train_loss = 0.4048
2024-01-03 08:05:15,673 -   best_eval_score = 0.6816
2024-01-03 08:05:15,673 -   eval_score = 0.663
2024-01-03 08:05:15,673 - EarlyStopping counter: 3 out of 8
2024-01-03 08:05:38,619 - ***** Epoch: 20: Eval results *****
2024-01-03 08:05:38,619 -   train_loss = 0.3763
2024-01-03 08:05:38,619 -   best_eval_score = 0.6816
2024-01-03 08:05:38,619 -   eval_score = 0.6649
2024-01-03 08:05:38,619 - EarlyStopping counter: 4 out of 8
2024-01-03 08:06:01,887 - ***** Epoch: 21: Eval results *****
2024-01-03 08:06:01,887 -   train_loss = 0.3384
2024-01-03 08:06:01,887 -   best_eval_score = 0.6816
2024-01-03 08:06:01,887 -   eval_score = 0.6649
2024-01-03 08:06:01,887 - EarlyStopping counter: 5 out of 8
2024-01-03 08:06:24,803 - ***** Epoch: 22: Eval results *****
2024-01-03 08:06:24,803 -   train_loss = 0.3036
2024-01-03 08:06:24,803 -   best_eval_score = 0.6816
2024-01-03 08:06:24,803 -   eval_score = 0.6347
2024-01-03 08:06:24,803 - EarlyStopping counter: 6 out of 8
2024-01-03 08:06:47,928 - ***** Epoch: 23: Eval results *****
2024-01-03 08:06:47,929 -   train_loss = 0.2655
2024-01-03 08:06:47,929 -   best_eval_score = 0.6816
2024-01-03 08:06:47,929 -   eval_score = 0.6332
2024-01-03 08:06:47,929 - EarlyStopping counter: 7 out of 8
2024-01-03 08:07:11,097 - ***** Epoch: 24: Eval results *****
2024-01-03 08:07:11,097 -   train_loss = 0.2388
2024-01-03 08:07:11,097 -   best_eval_score = 0.6816
2024-01-03 08:07:11,097 -   eval_score = 0.6489
2024-01-03 08:07:11,097 - EarlyStopping counter: 8 out of 8
2024-01-03 08:07:11,097 - EarlyStopping at epoch 24
2024-01-03 08:07:11,099 - Training is finished...
2024-01-03 08:07:11,099 - Testing begins...
2024-01-03 08:07:15,405 - ***** Test: Confusion Matrix *****
2024-01-03 08:07:15,406 - [[22  1  0  0 18  0  1  3  0  5  0  1  2  2  0  2  0  0  0  0]
 [ 0 37  0  0  0  1  1  2  0  0  0  0  1  1  0  0  0  0  0  0]
 [ 0  0 26  0  0  0  0  0  0  1  0  0  0  0  0  0  0  0  0  0]
 [ 0  0  0 25  0  0  0  0  0  0  0  0  0  0  0  0  0  0  0  0]
 [ 0  0  0  0 20  0  0  0  0  1  0  1  0  0  0  0  0  1  0  0]
 [ 0  0  0  0  0 11  0  0  0  0  0  0  0  0  0  0  0  0  1  0]
 [ 0  0  0  0  7  0  2  0  1  0  0  0  0  0  0  1  0  0  0  1]
 [ 2  0  0  0  0  0  0  6  0  1  1  0  0  0  0  0  0  0  0  0]
 [ 1  0  0  0  1  0  0  5  0  0  0  0  0  2  0  1  0  0  0  0]
 [ 0  0  0  0  1  0  0  0  0  4  0  0  0  0  0  3  0  1  0  1]
 [ 0  0  0  0  0  1  0  1  0  2 13  0  0  0  0  0  0  1  0  0]
 [ 0  0  0  0  0  0  0  0  0  0  0 18  0  1  0  0  0  0  0  0]
 [ 5  1  0  0  3  1  0  2  2  0  0  2 29  6  3  2  0  1  0  0]
 [ 0  0  0  0  1  1  0  0  0  0  1  1  0 20  1  0  0  0  0  0]
 [ 0  0  0  0  1  0  0  0  0  0  0  0  0  3 18  0  0  0  0  0]
 [ 0  1  0  0  1  0  0  0  2  0  0  0  0  0  1 15  0  0  0  1]
 [ 1  0  0  0  0  0  0  0  0  0  0  0  2  0  4  0 10  0  0  0]
 [ 0  0  0  0  1  0  0  0  0  1  0  0  1  0  0  0  0 12  0  0]
 [ 0  0  0  0  0  0  0  0  0  0  0  0  1  0  0  1  0  0 10  0]
 [ 0  0  0  0  0  0  0  0  0  0  0  2  0  1  2  0  1  0  0  4]]
2024-01-03 08:07:15,406 - ***** Evaluation results *****
2024-01-03 08:07:15,406 -   acc = 0.6787
2024-01-03 08:07:15,406 -   f1 = 0.6381
2024-01-03 08:07:15,406 -   prec = 0.6564
2024-01-03 08:07:15,406 -   rec = 0.6647
2024-01-03 08:07:15,406 - Testing is finished...
2024-01-03 08:07:15,407 - Multimodal intent recognition is finished...
2024-01-03 08:07:15,407 - Results are saved in results/msz.csv
