2024-01-05 03:35:03,935 - ============================== Params ==============================
2024-01-05 03:35:03,935 - logger_name: msz_MIntRec_multi-class_seed-2_2024-01-05-03-35-03
2024-01-05 03:35:03,936 - dataset: MIntRec
2024-01-05 03:35:03,936 - data_mode: multi-class
2024-01-05 03:35:03,936 - method: msz
2024-01-05 03:35:03,936 - text_backbone: bert-base-uncased
2024-01-05 03:35:03,936 - text_backbone_path: /home/sharing/disk1/pretrained_embedding/bert/uncased_L-12_H-768_A-12/
2024-01-05 03:35:03,936 - seed: 2
2024-01-05 03:35:03,936 - num_workers: 8
2024-01-05 03:35:03,936 - gpu_id: 1
2024-01-05 03:35:03,936 - data_path: /home/sharing/disk2/sjh/intentDataset
2024-01-05 03:35:03,936 - train: True
2024-01-05 03:35:03,936 - tune: False
2024-01-05 03:35:03,936 - save_model: False
2024-01-05 03:35:03,936 - save_results: True
2024-01-05 03:35:03,937 - log_path: logs
2024-01-05 03:35:03,937 - cache_path: 
2024-01-05 03:35:03,937 - video_data_path: video_data
2024-01-05 03:35:03,937 - audio_data_path: audio_data
2024-01-05 03:35:03,937 - video_feats_path: video_feats.pkl
2024-01-05 03:35:03,937 - audio_feats_path: audio_feats.pkl
2024-01-05 03:35:03,937 - results_path: results
2024-01-05 03:35:03,937 - output_path: /home/sharing/disk2/sjh/Outputs/MIntRec
2024-01-05 03:35:03,937 - model_path: models
2024-01-05 03:35:03,937 - config_file_name: msz
2024-01-05 03:35:03,937 - results_file_name: msz.csv
2024-01-05 03:35:03,937 - padding_mode: zero
2024-01-05 03:35:03,937 - padding_loc: end
2024-01-05 03:35:03,938 - need_aligned: False
2024-01-05 03:35:03,938 - eval_monitor: f1
2024-01-05 03:35:03,938 - train_batch_size: 16
2024-01-05 03:35:03,938 - eval_batch_size: 8
2024-01-05 03:35:03,938 - test_batch_size: 8
2024-01-05 03:35:03,938 - wait_patience: 8
2024-01-05 03:35:03,938 - nheads: 2
2024-01-05 03:35:03,938 - encoder_layers: 2
2024-01-05 03:35:03,938 - attn_dropout: 0.1
2024-01-05 03:35:03,938 - relu_dropout: 0.1
2024-01-05 03:35:03,938 - embed_dropout: 0.1
2024-01-05 03:35:03,938 - res_dropout: 0.1
2024-01-05 03:35:03,938 - attn_mask: False
2024-01-05 03:35:03,939 - hidden_size: 768
2024-01-05 03:35:03,939 - num_attention_heads: 12
2024-01-05 03:35:03,939 - attention_probs_dropout_prob: 0.2
2024-01-05 03:35:03,939 - hidden_dropout_prob: 0.2
2024-01-05 03:35:03,939 - intermediate_size: 768
2024-01-05 03:35:03,939 - num_hidden_layers: 3
2024-01-05 03:35:03,939 - max_position_embeddings: 512
2024-01-05 03:35:03,939 - position_embedding_type: absolute
2024-01-05 03:35:03,939 - batch_first: True
2024-01-05 03:35:03,939 - hidden_dims: 768
2024-01-05 03:35:03,939 - att_dropouts: [0.2, 0.2, 0.2]
2024-01-05 03:35:03,939 - spe_dropouts: [0.1, 0.1, 0.1]
2024-01-05 03:35:03,939 - ta_loss: 0.1
2024-01-05 03:35:03,939 - tv_loss: 0.1
2024-01-05 03:35:03,940 - av_loss: 0.1
2024-01-05 03:35:03,940 - aligned_method: conv1d
2024-01-05 03:35:03,940 - grad_clip: -1
2024-01-05 03:35:03,940 - num_train_epochs: 100
2024-01-05 03:35:03,940 - warmup_proportion: 0.1
2024-01-05 03:35:03,940 - lr: 1e-06
2024-01-05 03:35:03,940 - weight_decay: 0.01
2024-01-05 03:35:03,940 - pred_output_path: /home/sharing/disk2/sjh/Outputs/MIntRec/msz_MIntRec_multi-class_seed-2_2024-01-05-03-35-03
2024-01-05 03:35:03,940 - model_output_path: /home/sharing/disk2/sjh/Outputs/MIntRec/msz_MIntRec_multi-class_seed-2_2024-01-05-03-35-03/models
2024-01-05 03:35:03,940 - ============================== End Params ==============================
2024-01-05 03:35:05,088 - Generate Text Features Begin...
2024-01-05 03:35:05,652 - Generate Text Features Finished...
2024-01-05 03:35:05,653 - Load Video Features Begin...
2024-01-05 03:36:12,308 - Load Video Features Finished...
2024-01-05 03:36:13,037 - Load Audio Features Begin...
2024-01-05 03:39:20,290 - Load Audio Features Finished...
2024-01-05 03:39:25,458 - method  begins...
2024-01-05 03:39:34,095 - Multimodal intent recognition begins...
2024-01-05 03:39:34,095 - Training begins...
2024-01-05 03:39:51,771 - ***** Epoch: 1: Eval results *****
2024-01-05 03:39:51,772 -   train_loss = 2.9915
2024-01-05 03:39:51,772 -   best_eval_score = 0.0
2024-01-05 03:39:51,772 -   eval_score = 0.041
2024-01-05 03:40:06,932 - ***** Epoch: 2: Eval results *****
2024-01-05 03:40:06,932 -   train_loss = 2.9612
2024-01-05 03:40:06,932 -   best_eval_score = 0.041
2024-01-05 03:40:06,932 -   eval_score = 0.0865
2024-01-05 03:40:22,094 - ***** Epoch: 3: Eval results *****
2024-01-05 03:40:22,094 -   train_loss = 2.8973
2024-01-05 03:40:22,094 -   best_eval_score = 0.0865
2024-01-05 03:40:22,094 -   eval_score = 0.1047
2024-01-05 03:40:37,193 - ***** Epoch: 4: Eval results *****
2024-01-05 03:40:37,194 -   train_loss = 2.806
2024-01-05 03:40:37,194 -   best_eval_score = 0.1047
2024-01-05 03:40:37,194 -   eval_score = 0.1794
2024-01-05 03:40:52,277 - ***** Epoch: 5: Eval results *****
2024-01-05 03:40:52,277 -   train_loss = 2.6833
2024-01-05 03:40:52,277 -   best_eval_score = 0.1794
2024-01-05 03:40:52,277 -   eval_score = 0.2373
2024-01-05 03:41:07,851 - ***** Epoch: 6: Eval results *****
2024-01-05 03:41:07,851 -   train_loss = 2.5354
2024-01-05 03:41:07,851 -   best_eval_score = 0.2373
2024-01-05 03:41:07,851 -   eval_score = 0.264
2024-01-05 03:41:22,925 - ***** Epoch: 7: Eval results *****
2024-01-05 03:41:22,926 -   train_loss = 2.3586
2024-01-05 03:41:22,926 -   best_eval_score = 0.264
2024-01-05 03:41:22,926 -   eval_score = 0.3101
2024-01-05 03:41:37,958 - ***** Epoch: 8: Eval results *****
2024-01-05 03:41:37,959 -   train_loss = 2.1842
2024-01-05 03:41:37,959 -   best_eval_score = 0.3101
2024-01-05 03:41:37,959 -   eval_score = 0.39
2024-01-05 03:41:54,439 - ***** Epoch: 9: Eval results *****
2024-01-05 03:41:54,440 -   train_loss = 1.9968
2024-01-05 03:41:54,440 -   best_eval_score = 0.39
2024-01-05 03:41:54,440 -   eval_score = 0.4437
2024-01-05 03:42:09,704 - ***** Epoch: 10: Eval results *****
2024-01-05 03:42:09,704 -   train_loss = 1.8327
2024-01-05 03:42:09,704 -   best_eval_score = 0.4437
2024-01-05 03:42:09,704 -   eval_score = 0.4613
2024-01-05 03:42:24,814 - ***** Epoch: 11: Eval results *****
2024-01-05 03:42:24,814 -   train_loss = 1.6663
2024-01-05 03:42:24,815 -   best_eval_score = 0.4613
2024-01-05 03:42:24,815 -   eval_score = 0.4854
2024-01-05 03:42:40,197 - ***** Epoch: 12: Eval results *****
2024-01-05 03:42:40,197 -   train_loss = 1.4609
2024-01-05 03:42:40,197 -   best_eval_score = 0.4854
2024-01-05 03:42:40,197 -   eval_score = 0.5324
2024-01-05 03:42:56,145 - ***** Epoch: 13: Eval results *****
2024-01-05 03:42:56,146 -   train_loss = 1.3281
2024-01-05 03:42:56,146 -   best_eval_score = 0.5324
2024-01-05 03:42:56,146 -   eval_score = 0.5219
2024-01-05 03:42:56,146 - EarlyStopping counter: 1 out of 8
2024-01-05 03:43:11,429 - ***** Epoch: 14: Eval results *****
2024-01-05 03:43:11,430 -   train_loss = 1.138
2024-01-05 03:43:11,430 -   best_eval_score = 0.5324
2024-01-05 03:43:11,430 -   eval_score = 0.5525
2024-01-05 03:43:27,147 - ***** Epoch: 15: Eval results *****
2024-01-05 03:43:27,148 -   train_loss = 1.0093
2024-01-05 03:43:27,148 -   best_eval_score = 0.5525
2024-01-05 03:43:27,148 -   eval_score = 0.5556
2024-01-05 03:43:42,930 - ***** Epoch: 16: Eval results *****
2024-01-05 03:43:42,930 -   train_loss = 0.8597
2024-01-05 03:43:42,930 -   best_eval_score = 0.5556
2024-01-05 03:43:42,930 -   eval_score = 0.5796
2024-01-05 03:43:58,319 - ***** Epoch: 17: Eval results *****
2024-01-05 03:43:58,320 -   train_loss = 0.7396
2024-01-05 03:43:58,320 -   best_eval_score = 0.5796
2024-01-05 03:43:58,320 -   eval_score = 0.5682
2024-01-05 03:43:58,320 - EarlyStopping counter: 1 out of 8
2024-01-05 03:44:13,780 - ***** Epoch: 18: Eval results *****
2024-01-05 03:44:13,780 -   train_loss = 0.6435
2024-01-05 03:44:13,780 -   best_eval_score = 0.5796
2024-01-05 03:44:13,780 -   eval_score = 0.5823
2024-01-05 03:44:29,285 - ***** Epoch: 19: Eval results *****
2024-01-05 03:44:29,285 -   train_loss = 0.5454
2024-01-05 03:44:29,285 -   best_eval_score = 0.5823
2024-01-05 03:44:29,285 -   eval_score = 0.5929
2024-01-05 03:44:44,705 - ***** Epoch: 20: Eval results *****
2024-01-05 03:44:44,705 -   train_loss = 0.4699
2024-01-05 03:44:44,705 -   best_eval_score = 0.5929
2024-01-05 03:44:44,705 -   eval_score = 0.6084
2024-01-05 03:45:00,375 - ***** Epoch: 21: Eval results *****
2024-01-05 03:45:00,375 -   train_loss = 0.4083
2024-01-05 03:45:00,375 -   best_eval_score = 0.6084
2024-01-05 03:45:00,375 -   eval_score = 0.6171
2024-01-05 03:45:15,770 - ***** Epoch: 22: Eval results *****
2024-01-05 03:45:15,771 -   train_loss = 0.3491
2024-01-05 03:45:15,771 -   best_eval_score = 0.6171
2024-01-05 03:45:15,771 -   eval_score = 0.6133
2024-01-05 03:45:15,771 - EarlyStopping counter: 1 out of 8
2024-01-05 03:45:32,122 - ***** Epoch: 23: Eval results *****
2024-01-05 03:45:32,122 -   train_loss = 0.3018
2024-01-05 03:45:32,123 -   best_eval_score = 0.6171
2024-01-05 03:45:32,123 -   eval_score = 0.6096
2024-01-05 03:45:32,123 - EarlyStopping counter: 2 out of 8
2024-01-05 03:45:47,570 - ***** Epoch: 24: Eval results *****
2024-01-05 03:45:47,570 -   train_loss = 0.2565
2024-01-05 03:45:47,570 -   best_eval_score = 0.6171
2024-01-05 03:45:47,570 -   eval_score = 0.6202
2024-01-05 03:46:03,010 - ***** Epoch: 25: Eval results *****
2024-01-05 03:46:03,011 -   train_loss = 0.2148
2024-01-05 03:46:03,011 -   best_eval_score = 0.6202
2024-01-05 03:46:03,011 -   eval_score = 0.6468
2024-01-05 03:46:18,401 - ***** Epoch: 26: Eval results *****
2024-01-05 03:46:18,401 -   train_loss = 0.1861
2024-01-05 03:46:18,401 -   best_eval_score = 0.6468
2024-01-05 03:46:18,401 -   eval_score = 0.6479
2024-01-05 03:46:34,207 - ***** Epoch: 27: Eval results *****
2024-01-05 03:46:34,207 -   train_loss = 0.1603
2024-01-05 03:46:34,207 -   best_eval_score = 0.6479
2024-01-05 03:46:34,207 -   eval_score = 0.6482
2024-01-05 03:46:49,728 - ***** Epoch: 28: Eval results *****
2024-01-05 03:46:49,728 -   train_loss = 0.1417
2024-01-05 03:46:49,728 -   best_eval_score = 0.6482
2024-01-05 03:46:49,728 -   eval_score = 0.6507
2024-01-05 03:47:05,416 - ***** Epoch: 29: Eval results *****
2024-01-05 03:47:05,416 -   train_loss = 0.1197
2024-01-05 03:47:05,416 -   best_eval_score = 0.6507
2024-01-05 03:47:05,416 -   eval_score = 0.6522
2024-01-05 03:47:21,763 - ***** Epoch: 30: Eval results *****
2024-01-05 03:47:21,763 -   train_loss = 0.104
2024-01-05 03:47:21,763 -   best_eval_score = 0.6522
2024-01-05 03:47:21,763 -   eval_score = 0.6656
2024-01-05 03:47:37,414 - ***** Epoch: 31: Eval results *****
2024-01-05 03:47:37,414 -   train_loss = 0.0908
2024-01-05 03:47:37,414 -   best_eval_score = 0.6656
2024-01-05 03:47:37,414 -   eval_score = 0.6572
2024-01-05 03:47:37,414 - EarlyStopping counter: 1 out of 8
2024-01-05 03:47:53,045 - ***** Epoch: 32: Eval results *****
2024-01-05 03:47:53,045 -   train_loss = 0.0771
2024-01-05 03:47:53,045 -   best_eval_score = 0.6656
2024-01-05 03:47:53,045 -   eval_score = 0.6543
2024-01-05 03:47:53,045 - EarlyStopping counter: 2 out of 8
2024-01-05 03:48:09,279 - ***** Epoch: 33: Eval results *****
2024-01-05 03:48:09,279 -   train_loss = 0.0642
2024-01-05 03:48:09,279 -   best_eval_score = 0.6656
2024-01-05 03:48:09,279 -   eval_score = 0.6458
2024-01-05 03:48:09,280 - EarlyStopping counter: 3 out of 8
2024-01-05 03:48:25,114 - ***** Epoch: 34: Eval results *****
2024-01-05 03:48:25,114 -   train_loss = 0.0545
2024-01-05 03:48:25,114 -   best_eval_score = 0.6656
2024-01-05 03:48:25,114 -   eval_score = 0.6492
2024-01-05 03:48:25,114 - EarlyStopping counter: 4 out of 8
2024-01-05 03:48:40,438 - ***** Epoch: 35: Eval results *****
2024-01-05 03:48:40,439 -   train_loss = 0.0488
2024-01-05 03:48:40,439 -   best_eval_score = 0.6656
2024-01-05 03:48:40,439 -   eval_score = 0.6428
2024-01-05 03:48:40,439 - EarlyStopping counter: 5 out of 8
2024-01-05 03:48:57,351 - ***** Epoch: 36: Eval results *****
2024-01-05 03:48:57,351 -   train_loss = 0.0413
2024-01-05 03:48:57,351 -   best_eval_score = 0.6656
2024-01-05 03:48:57,351 -   eval_score = 0.6428
2024-01-05 03:48:57,351 - EarlyStopping counter: 6 out of 8
2024-01-05 03:49:12,500 - ***** Epoch: 37: Eval results *****
2024-01-05 03:49:12,500 -   train_loss = 0.0384
2024-01-05 03:49:12,500 -   best_eval_score = 0.6656
2024-01-05 03:49:12,500 -   eval_score = 0.6379
2024-01-05 03:49:12,500 - EarlyStopping counter: 7 out of 8
2024-01-05 03:49:28,169 - ***** Epoch: 38: Eval results *****
2024-01-05 03:49:28,169 -   train_loss = 0.0319
2024-01-05 03:49:28,169 -   best_eval_score = 0.6656
2024-01-05 03:49:28,169 -   eval_score = 0.6347
2024-01-05 03:49:28,169 - EarlyStopping counter: 8 out of 8
2024-01-05 03:49:28,169 - EarlyStopping at epoch 38
2024-01-05 03:49:28,171 - Training is finished...
2024-01-05 03:49:28,171 - Testing begins...
2024-01-05 03:49:32,047 - ***** Test: Confusion Matrix *****
2024-01-05 03:49:32,049 - [[25  0  0  0 10  1  4  2  1  5  0  0  6  2  0  1  0  0  0  0]
 [ 0 39  0  0  0  0  0  0  1  0  1  0  1  1  0  0  0  0  0  0]
 [ 0  0 27  0  0  0  0  0  0  0  0  0  0  0  0  0  0  0  0  0]
 [ 0  0  0 25  0  0  0  0  0  0  0  0  0  0  0  0  0  0  0  0]
 [ 1  0  0  0 14  0  3  0  0  2  0  1  0  1  1  0  0  0  0  0]
 [ 0  0  0  0  0 12  0  0  0  0  0  0  0  0  0  0  0  0  0  0]
 [ 0  1  0  0  3  0  4  0  1  2  0  1  0  0  0  0  0  0  0  0]
 [ 2  1  0  0  0  0  0  5  0  1  1  0  0  0  0  0  0  0  0  0]
 [ 0  1  0  0  1  0  1  1  3  0  0  0  0  1  0  2  0  0  0  0]
 [ 1  0  0  0  0  0  0  0  0  4  1  0  1  0  0  1  0  2  0  0]
 [ 0  0  0  0  0  0  0  0  0  2 14  0  0  1  0  0  1  0  0  0]
 [ 0  0  0  0  0  0  1  0  0  0  0 16  1  0  0  0  0  0  0  1]
 [ 3  2  0  1  2  1  1  2  4  0  0  1 32  3  1  0  1  1  1  1]
 [ 1  1  0  0  0  0  0  0  0  0  1  1  1 18  1  0  0  1  0  0]
 [ 0  0  0  0  1  0  0  0  2  0  0  0  1  2 12  0  1  0  0  3]
 [ 0  1  0  1  1  0  0  0  1  0  0  0  5  0  1 10  0  0  0  1]
 [ 0  0  0  0  0  0  0  0  0  0  0  0  1  1  1  0 14  0  0  0]
 [ 0  0  0  0  0  0  0  0  0  1  0  0  1  0  0  0  0 13  0  0]
 [ 0  0  0  0  0  0  0  0  0  0  0  0  3  0  0  1  0  0  8  0]
 [ 0  0  0  0  0  0  0  0  0  0  0  0  1  1  1  0  0  0  0  7]]
2024-01-05 03:49:32,049 - ***** Evaluation results *****
2024-01-05 03:49:32,049 -   acc = 0.6787
2024-01-05 03:49:32,049 -   f1 = 0.6585
2024-01-05 03:49:32,049 -   prec = 0.6589
2024-01-05 03:49:32,049 -   rec = 0.6734
2024-01-05 03:49:32,049 - Testing is finished...
2024-01-05 03:49:32,049 - Multimodal intent recognition is finished...
2024-01-05 03:49:32,049 - Results are saved in results/msz.csv
