2024-03-31 18:59:49,927 - ============================== Params ==============================
2024-03-31 18:59:49,927 - logger_name: msz_MIntRec_multi-class_seed-1_2024-03-31-18-59-49
2024-03-31 18:59:49,927 - dataset: MIntRec
2024-03-31 18:59:49,927 - data_mode: multi-class
2024-03-31 18:59:49,927 - method: msz
2024-03-31 18:59:49,927 - text_backbone: bert-base-uncased
2024-03-31 18:59:49,927 - text_backbone_path: /home/sharing/disk1/pretrained_embedding/bert/uncased_L-12_H-768_A-12/
2024-03-31 18:59:49,927 - seed: 1
2024-03-31 18:59:49,927 - num_workers: 8
2024-03-31 18:59:49,927 - gpu_id: 3
2024-03-31 18:59:49,928 - data_path: /home/sharing/disk2/sjh/intentDataset
2024-03-31 18:59:49,928 - train: True
2024-03-31 18:59:49,928 - tune: True
2024-03-31 18:59:49,928 - save_model: False
2024-03-31 18:59:49,928 - save_results: True
2024-03-31 18:59:49,928 - log_path: logs
2024-03-31 18:59:49,928 - cache_path: 
2024-03-31 18:59:49,928 - video_data_path: video_data
2024-03-31 18:59:49,928 - audio_data_path: audio_data
2024-03-31 18:59:49,928 - video_feats_path: video_feats.pkl
2024-03-31 18:59:49,928 - audio_feats_path: audio_feats.pkl
2024-03-31 18:59:49,928 - results_path: results
2024-03-31 18:59:49,928 - output_path: /home/sharing/disk2/sjh/Outputs/MIntRec
2024-03-31 18:59:49,928 - model_path: models
2024-03-31 18:59:49,928 - config_file_name: msz_MIntRec
2024-03-31 18:59:49,928 - results_file_name: msz.csv
2024-03-31 18:59:49,928 - padding_mode: zero
2024-03-31 18:59:49,928 - padding_loc: end
2024-03-31 18:59:49,928 - need_aligned: False
2024-03-31 18:59:49,928 - eval_monitor: f1
2024-03-31 18:59:49,928 - train_batch_size: 16
2024-03-31 18:59:49,929 - eval_batch_size: 8
2024-03-31 18:59:49,929 - test_batch_size: 8
2024-03-31 18:59:49,929 - wait_patience: 8
2024-03-31 18:59:49,929 - hidden_dims: 768
2024-03-31 18:59:49,929 - num_attention_heads: 6
2024-03-31 18:59:49,929 - attention_probs_dropout_prob: 0.5
2024-03-31 18:59:49,929 - hidden_dropout_prob: 0.2
2024-03-31 18:59:49,929 - intermediate_size: 768
2024-03-31 18:59:49,929 - num_hidden_layers: 10
2024-03-31 18:59:49,929 - max_position_embeddings: 768
2024-03-31 18:59:49,929 - position_embedding_type: absolute
2024-03-31 18:59:49,929 - batch_first: True
2024-03-31 18:59:49,929 - dropout: 0.2
2024-03-31 18:59:49,929 - aligned_method: conv1d
2024-03-31 18:59:49,929 - num_train_epochs: 100
2024-03-31 18:59:49,929 - lr: 7e-06
2024-03-31 18:59:49,929 - lr_mode: max
2024-03-31 18:59:49,929 - patience: 8
2024-03-31 18:59:49,929 - factor: 0.1
2024-03-31 18:59:49,929 - pred_output_path: /home/sharing/disk2/sjh/Outputs/MIntRec/msz_MIntRec_multi-class_seed-1_2024-03-31-18-59-49
2024-03-31 18:59:49,929 - model_output_path: /home/sharing/disk2/sjh/Outputs/MIntRec/msz_MIntRec_multi-class_seed-1_2024-03-31-18-59-49/models
2024-03-31 18:59:49,929 - num_labels: 20
2024-03-31 18:59:49,930 - text_feat_dim: 768
2024-03-31 18:59:49,930 - video_feat_dim: 256
2024-03-31 18:59:49,930 - audio_feat_dim: 768
2024-03-31 18:59:49,930 - text_seq_len: 30
2024-03-31 18:59:49,930 - video_seq_len: 230
2024-03-31 18:59:49,930 - audio_seq_len: 480
2024-03-31 18:59:49,930 - device: cuda:3
2024-03-31 18:59:49,930 - ============================== End Params ==============================
2024-03-31 18:59:50,304 - Generate Text Features Begin...
2024-03-31 18:59:51,213 - Generate Text Features Finished...
2024-03-31 18:59:51,216 - Load Video Features Begin...
2024-03-31 19:00:14,608 - Load Video Features Finished...
2024-03-31 19:00:16,635 - Load Audio Features Begin...
2024-03-31 19:00:45,885 - Load Audio Features Finished...
2024-03-31 19:00:57,927 - method  begins...
2024-03-31 19:01:03,568 - Multimodal intent recognition begins...
2024-03-31 19:01:03,569 - Training begins...
2024-03-31 19:01:28,055 - ***** Epoch: 1: Eval results *****
2024-03-31 19:01:28,055 -   train_loss = 2.1892
2024-03-31 19:01:28,055 -   best_eval_score = 0.0
2024-03-31 19:01:28,055 -   eval_score = 0.4607
2024-03-31 19:01:52,625 - ***** Epoch: 2: Eval results *****
2024-03-31 19:01:52,625 -   train_loss = 0.999
2024-03-31 19:01:52,625 -   best_eval_score = 0.4607
2024-03-31 19:01:52,625 -   eval_score = 0.6344
2024-03-31 19:02:16,861 - ***** Epoch: 3: Eval results *****
2024-03-31 19:02:16,862 -   train_loss = 0.5519
2024-03-31 19:02:16,862 -   best_eval_score = 0.6344
2024-03-31 19:02:16,862 -   eval_score = 0.6386
2024-03-31 19:02:41,445 - ***** Epoch: 4: Eval results *****
2024-03-31 19:02:41,445 -   train_loss = 0.308
2024-03-31 19:02:41,445 -   best_eval_score = 0.6386
2024-03-31 19:02:41,445 -   eval_score = 0.6392
2024-03-31 19:03:06,792 - ***** Epoch: 5: Eval results *****
2024-03-31 19:03:06,792 -   train_loss = 0.1515
2024-03-31 19:03:06,792 -   best_eval_score = 0.6392
2024-03-31 19:03:06,792 -   eval_score = 0.666
2024-03-31 19:03:32,121 - ***** Epoch: 6: Eval results *****
2024-03-31 19:03:32,121 -   train_loss = 0.1107
2024-03-31 19:03:32,121 -   best_eval_score = 0.666
2024-03-31 19:03:32,121 -   eval_score = 0.6483
2024-03-31 19:03:32,121 - EarlyStopping counter: 1 out of 8
2024-03-31 19:03:57,272 - ***** Epoch: 7: Eval results *****
2024-03-31 19:03:57,273 -   train_loss = 0.0503
2024-03-31 19:03:57,273 -   best_eval_score = 0.666
2024-03-31 19:03:57,273 -   eval_score = 0.6544
2024-03-31 19:03:57,273 - EarlyStopping counter: 2 out of 8
2024-03-31 19:04:21,578 - ***** Epoch: 8: Eval results *****
2024-03-31 19:04:21,579 -   train_loss = 0.029
2024-03-31 19:04:21,579 -   best_eval_score = 0.666
2024-03-31 19:04:21,579 -   eval_score = 0.6655
2024-03-31 19:04:21,579 - EarlyStopping counter: 3 out of 8
2024-03-31 19:04:46,186 - ***** Epoch: 9: Eval results *****
2024-03-31 19:04:46,187 -   train_loss = 0.0217
2024-03-31 19:04:46,187 -   best_eval_score = 0.666
2024-03-31 19:04:46,187 -   eval_score = 0.6714
2024-03-31 19:05:11,084 - ***** Epoch: 10: Eval results *****
2024-03-31 19:05:11,084 -   train_loss = 0.0128
2024-03-31 19:05:11,084 -   best_eval_score = 0.6714
2024-03-31 19:05:11,085 -   eval_score = 0.6679
2024-03-31 19:05:11,085 - EarlyStopping counter: 1 out of 8
2024-03-31 19:05:34,836 - ***** Epoch: 11: Eval results *****
2024-03-31 19:05:34,837 -   train_loss = 0.0078
2024-03-31 19:05:34,837 -   best_eval_score = 0.6714
2024-03-31 19:05:34,837 -   eval_score = 0.6807
2024-03-31 19:06:00,049 - ***** Epoch: 12: Eval results *****
2024-03-31 19:06:00,050 -   train_loss = 0.007
2024-03-31 19:06:00,050 -   best_eval_score = 0.6807
2024-03-31 19:06:00,050 -   eval_score = 0.6684
2024-03-31 19:06:00,050 - EarlyStopping counter: 1 out of 8
2024-03-31 19:06:23,656 - ***** Epoch: 13: Eval results *****
2024-03-31 19:06:23,656 -   train_loss = 0.007
2024-03-31 19:06:23,656 -   best_eval_score = 0.6807
2024-03-31 19:06:23,656 -   eval_score = 0.6698
2024-03-31 19:06:23,656 - EarlyStopping counter: 2 out of 8
2024-03-31 19:06:46,785 - ***** Epoch: 14: Eval results *****
2024-03-31 19:06:46,785 -   train_loss = 0.008
2024-03-31 19:06:46,785 -   best_eval_score = 0.6807
2024-03-31 19:06:46,785 -   eval_score = 0.6787
2024-03-31 19:06:46,785 - EarlyStopping counter: 3 out of 8
2024-03-31 19:07:10,969 - ***** Epoch: 15: Eval results *****
2024-03-31 19:07:10,978 -   train_loss = 0.0057
2024-03-31 19:07:10,978 -   best_eval_score = 0.6807
2024-03-31 19:07:10,978 -   eval_score = 0.6711
2024-03-31 19:07:10,978 - EarlyStopping counter: 4 out of 8
2024-03-31 19:07:35,199 - ***** Epoch: 16: Eval results *****
2024-03-31 19:07:35,199 -   train_loss = 0.0063
2024-03-31 19:07:35,199 -   best_eval_score = 0.6807
2024-03-31 19:07:35,199 -   eval_score = 0.6692
2024-03-31 19:07:35,200 - EarlyStopping counter: 5 out of 8
2024-03-31 19:07:59,298 - ***** Epoch: 17: Eval results *****
2024-03-31 19:07:59,307 -   train_loss = 0.0058
2024-03-31 19:07:59,307 -   best_eval_score = 0.6807
2024-03-31 19:07:59,307 -   eval_score = 0.6652
2024-03-31 19:07:59,307 - EarlyStopping counter: 6 out of 8
2024-03-31 19:08:22,941 - ***** Epoch: 18: Eval results *****
2024-03-31 19:08:22,942 -   train_loss = 0.0055
2024-03-31 19:08:22,942 -   best_eval_score = 0.6807
2024-03-31 19:08:22,942 -   eval_score = 0.6626
2024-03-31 19:08:22,942 - EarlyStopping counter: 7 out of 8
2024-03-31 19:08:47,017 - ***** Epoch: 19: Eval results *****
2024-03-31 19:08:47,017 -   train_loss = 0.0049
2024-03-31 19:08:47,017 -   best_eval_score = 0.6807
2024-03-31 19:08:47,017 -   eval_score = 0.6652
2024-03-31 19:08:47,017 - EarlyStopping counter: 8 out of 8
2024-03-31 19:08:47,017 - EarlyStopping at epoch 19
2024-03-31 19:08:47,020 - Training is finished...
2024-03-31 19:08:47,021 - Testing begins...
2024-03-31 19:08:51,559 - ***** Test: Confusion Matrix *****
2024-03-31 19:08:51,561 - [[38  3  0  0  8  0  1  0  0  1  1  0  4  1  0  0  0  0  0  0]
 [ 1 34  0  1  0  3  0  0  0  0  1  0  2  0  1  0  0  0  0  0]
 [ 1  0 26  0  0  0  0  0  0  0  0  0  0  0  0  0  0  0  0  0]
 [ 0  1  1 23  0  0  0  0  0  0  0  0  0  0  0  0  0  0  0  0]
 [ 4  0  0  0 11  0  2  0  1  1  0  1  0  0  1  1  0  1  0  0]
 [ 0  0  0  0  0 12  0  0  0  0  0  0  0  0  0  0  0  0  0  0]
 [ 2  1  0  0  2  0  3  0  1  0  0  0  1  0  0  1  1  0  0  0]
 [ 3  0  0  0  0  0  1  5  0  1  0  0  0  0  0  0  0  0  0  0]
 [ 1  0  0  0  0  0  1  2  3  0  0  0  0  2  0  1  0  0  0  0]
 [ 1  0  0  0  0  0  1  0  0  4  1  0  0  0  0  2  0  1  0  0]
 [ 0  1  0  0  0  0  1  0  0  1 13  0  0  0  1  0  1  0  0  0]
 [ 0  0  0  0  0  0  1  0  0  0  0 16  0  0  0  0  0  0  1  1]
 [ 3  1  0  0  1  0  0  1  0  0  1  2 37  3  2  0  4  0  1  1]
 [ 1  1  0  0  0  0  1  0  0  0  1  1  0 19  1  0  0  0  0  0]
 [ 0  0  0  0  0  0  0  0  1  0  0  0  1  2 15  0  2  0  0  1]
 [ 0  1  0  0  0  0  0  0  0  0  0  0  3  1  0 16  0  0  0  0]
 [ 0  0  0  0  0  1  0  0  0  0  0  0  1  0  1  0 13  1  0  0]
 [ 0  0  0  0  0  0  0  0  0  0  0  0  1  0  0  0  1 13  0  0]
 [ 0  1  0  0  0  0  0  0  0  0  0  0  1  0  0  1  0  0  9  0]
 [ 1  0  0  0  0  0  0  0  0  0  0  0  0  1  1  0  0  0  0  7]]
2024-03-31 19:08:51,561 - ***** Evaluation results *****
2024-03-31 19:08:51,561 -   acc = 0.7124
2024-03-31 19:08:51,561 -   f1 = 0.6829
2024-03-31 19:08:51,561 -   prec = 0.6851
2024-03-31 19:08:51,562 -   rec = 0.6884
2024-03-31 19:08:51,562 - Testing is finished...
2024-03-31 19:08:51,562 - Multimodal intent recognition is finished...
2024-03-31 19:08:51,562 - Results are saved in results/msz.csv
