2024-03-31 20:03:23,303 - ============================== Params ==============================
2024-03-31 20:03:23,304 - logger_name: msz_MIntRec_multi-class_seed-1_2024-03-31-20-03-23
2024-03-31 20:03:23,304 - dataset: MIntRec
2024-03-31 20:03:23,304 - data_mode: multi-class
2024-03-31 20:03:23,304 - method: msz
2024-03-31 20:03:23,304 - text_backbone: bert-base-uncased
2024-03-31 20:03:23,304 - text_backbone_path: /home/sharing/disk1/pretrained_embedding/bert/uncased_L-12_H-768_A-12/
2024-03-31 20:03:23,304 - seed: 1
2024-03-31 20:03:23,304 - num_workers: 8
2024-03-31 20:03:23,304 - gpu_id: 3
2024-03-31 20:03:23,304 - data_path: /home/sharing/disk2/sjh/intentDataset
2024-03-31 20:03:23,304 - train: True
2024-03-31 20:03:23,304 - tune: True
2024-03-31 20:03:23,304 - save_model: False
2024-03-31 20:03:23,304 - save_results: True
2024-03-31 20:03:23,304 - log_path: logs
2024-03-31 20:03:23,304 - cache_path: 
2024-03-31 20:03:23,304 - video_data_path: video_data
2024-03-31 20:03:23,304 - audio_data_path: audio_data
2024-03-31 20:03:23,304 - video_feats_path: video_feats.pkl
2024-03-31 20:03:23,304 - audio_feats_path: audio_feats.pkl
2024-03-31 20:03:23,304 - results_path: results
2024-03-31 20:03:23,304 - output_path: /home/sharing/disk2/sjh/Outputs/MIntRec
2024-03-31 20:03:23,304 - model_path: models
2024-03-31 20:03:23,304 - config_file_name: msz_MIntRec
2024-03-31 20:03:23,304 - results_file_name: msz.csv
2024-03-31 20:03:23,305 - padding_mode: zero
2024-03-31 20:03:23,305 - padding_loc: end
2024-03-31 20:03:23,305 - need_aligned: False
2024-03-31 20:03:23,305 - eval_monitor: f1
2024-03-31 20:03:23,305 - train_batch_size: 16
2024-03-31 20:03:23,305 - eval_batch_size: 8
2024-03-31 20:03:23,305 - test_batch_size: 8
2024-03-31 20:03:23,305 - wait_patience: 8
2024-03-31 20:03:23,305 - hidden_dims: 768
2024-03-31 20:03:23,305 - num_attention_heads: 6
2024-03-31 20:03:23,305 - attention_probs_dropout_prob: 0.2
2024-03-31 20:03:23,305 - hidden_dropout_prob: 0.2
2024-03-31 20:03:23,305 - intermediate_size: 768
2024-03-31 20:03:23,305 - num_hidden_layers: 10
2024-03-31 20:03:23,305 - max_position_embeddings: 768
2024-03-31 20:03:23,305 - position_embedding_type: absolute
2024-03-31 20:03:23,305 - batch_first: True
2024-03-31 20:03:23,305 - dropout: 0.4
2024-03-31 20:03:23,305 - aligned_method: conv1d
2024-03-31 20:03:23,305 - num_train_epochs: 100
2024-03-31 20:03:23,305 - lr: 6e-05
2024-03-31 20:03:23,305 - lr_mode: max
2024-03-31 20:03:23,305 - patience: 8
2024-03-31 20:03:23,305 - factor: 0.1
2024-03-31 20:03:23,305 - pred_output_path: /home/sharing/disk2/sjh/Outputs/MIntRec/msz_MIntRec_multi-class_seed-1_2024-03-31-20-03-23
2024-03-31 20:03:23,305 - model_output_path: /home/sharing/disk2/sjh/Outputs/MIntRec/msz_MIntRec_multi-class_seed-1_2024-03-31-20-03-23/models
2024-03-31 20:03:23,305 - num_labels: 20
2024-03-31 20:03:23,305 - text_feat_dim: 768
2024-03-31 20:03:23,305 - video_feat_dim: 256
2024-03-31 20:03:23,305 - audio_feat_dim: 768
2024-03-31 20:03:23,305 - text_seq_len: 30
2024-03-31 20:03:23,305 - video_seq_len: 230
2024-03-31 20:03:23,305 - audio_seq_len: 480
2024-03-31 20:03:23,305 - device: cuda:3
2024-03-31 20:03:23,305 - ============================== End Params ==============================
2024-03-31 20:03:23,357 - Generate Text Features Begin...
2024-03-31 20:03:24,021 - Generate Text Features Finished...
2024-03-31 20:03:24,022 - Load Video Features Begin...
2024-03-31 20:03:24,849 - Load Video Features Finished...
2024-03-31 20:03:25,407 - Load Audio Features Begin...
2024-03-31 20:03:30,581 - Load Audio Features Finished...
2024-03-31 20:03:33,156 - method  begins...
2024-03-31 20:03:37,040 - Multimodal intent recognition begins...
2024-03-31 20:03:37,040 - Training begins...
2024-03-31 20:04:01,249 - ***** Epoch: 1: Eval results *****
2024-03-31 20:04:01,249 -   train_loss = 2.5457
2024-03-31 20:04:01,249 -   best_eval_score = 0.0
2024-03-31 20:04:01,249 -   eval_score = 0.3864
2024-03-31 20:04:25,851 - ***** Epoch: 2: Eval results *****
2024-03-31 20:04:25,851 -   train_loss = 1.3915
2024-03-31 20:04:25,851 -   best_eval_score = 0.3864
2024-03-31 20:04:25,851 -   eval_score = 0.5122
2024-03-31 20:04:50,398 - ***** Epoch: 3: Eval results *****
2024-03-31 20:04:50,398 -   train_loss = 0.9256
2024-03-31 20:04:50,398 -   best_eval_score = 0.5122
2024-03-31 20:04:50,398 -   eval_score = 0.592
2024-03-31 20:05:14,992 - ***** Epoch: 4: Eval results *****
2024-03-31 20:05:14,992 -   train_loss = 0.5514
2024-03-31 20:05:14,992 -   best_eval_score = 0.592
2024-03-31 20:05:14,992 -   eval_score = 0.6425
2024-03-31 20:05:39,548 - ***** Epoch: 5: Eval results *****
2024-03-31 20:05:39,549 -   train_loss = 0.4922
2024-03-31 20:05:39,549 -   best_eval_score = 0.6425
2024-03-31 20:05:39,549 -   eval_score = 0.6313
2024-03-31 20:05:39,549 - EarlyStopping counter: 1 out of 8
2024-03-31 20:06:02,837 - ***** Epoch: 6: Eval results *****
2024-03-31 20:06:02,838 -   train_loss = 0.3926
2024-03-31 20:06:02,838 -   best_eval_score = 0.6425
2024-03-31 20:06:02,838 -   eval_score = 0.6528
2024-03-31 20:06:27,743 - ***** Epoch: 7: Eval results *****
2024-03-31 20:06:27,743 -   train_loss = 0.3405
2024-03-31 20:06:27,743 -   best_eval_score = 0.6528
2024-03-31 20:06:27,743 -   eval_score = 0.5669
2024-03-31 20:06:27,743 - EarlyStopping counter: 1 out of 8
2024-03-31 20:06:51,739 - ***** Epoch: 8: Eval results *****
2024-03-31 20:06:51,739 -   train_loss = 0.3248
2024-03-31 20:06:51,739 -   best_eval_score = 0.6528
2024-03-31 20:06:51,739 -   eval_score = 0.6146
2024-03-31 20:06:51,739 - EarlyStopping counter: 2 out of 8
2024-03-31 20:07:15,079 - ***** Epoch: 9: Eval results *****
2024-03-31 20:07:15,079 -   train_loss = 0.2697
2024-03-31 20:07:15,079 -   best_eval_score = 0.6528
2024-03-31 20:07:15,079 -   eval_score = 0.584
2024-03-31 20:07:15,079 - EarlyStopping counter: 3 out of 8
2024-03-31 20:07:39,695 - ***** Epoch: 10: Eval results *****
2024-03-31 20:07:39,695 -   train_loss = 0.2418
2024-03-31 20:07:39,695 -   best_eval_score = 0.6528
2024-03-31 20:07:39,695 -   eval_score = 0.6233
2024-03-31 20:07:39,695 - EarlyStopping counter: 4 out of 8
2024-03-31 20:08:03,515 - ***** Epoch: 11: Eval results *****
2024-03-31 20:08:03,515 -   train_loss = 0.1406
2024-03-31 20:08:03,515 -   best_eval_score = 0.6528
2024-03-31 20:08:03,515 -   eval_score = 0.661
2024-03-31 20:08:27,908 - ***** Epoch: 12: Eval results *****
2024-03-31 20:08:27,908 -   train_loss = 0.0624
2024-03-31 20:08:27,908 -   best_eval_score = 0.661
2024-03-31 20:08:27,909 -   eval_score = 0.6554
2024-03-31 20:08:27,909 - EarlyStopping counter: 1 out of 8
2024-03-31 20:08:52,192 - ***** Epoch: 13: Eval results *****
2024-03-31 20:08:52,201 -   train_loss = 0.0368
2024-03-31 20:08:52,201 -   best_eval_score = 0.661
2024-03-31 20:08:52,201 -   eval_score = 0.6602
2024-03-31 20:08:52,201 - EarlyStopping counter: 2 out of 8
2024-03-31 20:09:16,532 - ***** Epoch: 14: Eval results *****
2024-03-31 20:09:16,541 -   train_loss = 0.0327
2024-03-31 20:09:16,541 -   best_eval_score = 0.661
2024-03-31 20:09:16,541 -   eval_score = 0.6522
2024-03-31 20:09:16,541 - EarlyStopping counter: 3 out of 8
2024-03-31 20:09:42,204 - ***** Epoch: 15: Eval results *****
2024-03-31 20:09:42,205 -   train_loss = 0.0267
2024-03-31 20:09:42,205 -   best_eval_score = 0.661
2024-03-31 20:09:42,205 -   eval_score = 0.6592
2024-03-31 20:09:42,205 - EarlyStopping counter: 4 out of 8
2024-03-31 20:10:06,817 - ***** Epoch: 16: Eval results *****
2024-03-31 20:10:06,818 -   train_loss = 0.0233
2024-03-31 20:10:06,818 -   best_eval_score = 0.661
2024-03-31 20:10:06,818 -   eval_score = 0.6508
2024-03-31 20:10:06,818 - EarlyStopping counter: 5 out of 8
2024-03-31 20:10:31,432 - ***** Epoch: 17: Eval results *****
2024-03-31 20:10:31,440 -   train_loss = 0.0201
2024-03-31 20:10:31,441 -   best_eval_score = 0.661
2024-03-31 20:10:31,441 -   eval_score = 0.6549
2024-03-31 20:10:31,441 - EarlyStopping counter: 6 out of 8
2024-03-31 20:10:56,197 - ***** Epoch: 18: Eval results *****
2024-03-31 20:10:56,197 -   train_loss = 0.0176
2024-03-31 20:10:56,198 -   best_eval_score = 0.661
2024-03-31 20:10:56,198 -   eval_score = 0.651
2024-03-31 20:10:56,198 - EarlyStopping counter: 7 out of 8
2024-03-31 20:11:22,313 - ***** Epoch: 19: Eval results *****
2024-03-31 20:11:22,313 -   train_loss = 0.0182
2024-03-31 20:11:22,313 -   best_eval_score = 0.661
2024-03-31 20:11:22,313 -   eval_score = 0.6514
2024-03-31 20:11:22,313 - EarlyStopping counter: 8 out of 8
2024-03-31 20:11:22,314 - EarlyStopping at epoch 19
2024-03-31 20:11:22,317 - Training is finished...
2024-03-31 20:11:22,318 - Testing begins...
2024-03-31 20:11:26,454 - ***** Test: Confusion Matrix *****
2024-03-31 20:11:26,455 - [[25  2  0  0  8  0  5  1  1  5  0  0  7  2  0  0  0  1  0  0]
 [ 0 35  0  1  0  2  0  0  1  0  1  0  1  1  1  0  0  0  0  0]
 [ 1  0 26  0  0  0  0  0  0  0  0  0  0  0  0  0  0  0  0  0]
 [ 0  0  0 25  0  0  0  0  0  0  0  0  0  0  0  0  0  0  0  0]
 [ 0  0  0  0 11  0  7  0  0  0  0  1  1  2  1  0  0  0  0  0]
 [ 0  0  0  0  0 11  0  0  0  0  0  0  0  0  1  0  0  0  0  0]
 [ 0  0  0  0  1  0  3  1  2  0  0  0  3  0  2  0  0  0  0  0]
 [ 2  0  0  0  0  0  0  5  1  0  2  0  0  0  0  0  0  0  0  0]
 [ 0  0  0  0  0  0  1  1  5  0  0  0  0  1  0  0  1  0  0  1]
 [ 0  0  0  0  0  0  1  0  0  4  1  0  0  0  0  3  0  1  0  0]
 [ 0  1  0  0  0  0  0  0  0  3 12  0  0  0  1  0  1  0  0  0]
 [ 0  0  0  0  0  0  1  0  0  0  0 17  0  0  0  0  0  0  0  1]
 [ 3  2  0  1  0  0  1  3  0  0  2  0 30  2  6  2  3  1  0  1]
 [ 1  0  0  0  0  0  0  0  0  0  1  1  1 18  1  1  1  0  0  0]
 [ 0  0  0  0  0  0  0  0  1  0  0  0  2  2 14  0  1  0  0  2]
 [ 0  1  0  0  0  0  0  0  2  0  0  0  1  0  3 14  0  0  0  0]
 [ 0  0  0  0  0  0  0  0  0  0  0  0  2  0  1  0 13  0  0  1]
 [ 0  0  0  0  0  0  0  0  0  1  0  0  1  0  1  0  0 12  0  0]
 [ 0  0  0  0  0  0  0  0  0  0  0  0  1  0  0  2  0  0  9  0]
 [ 0  0  0  0  0  0  0  0  0  0  0  0  0  1  1  0  1  0  0  7]]
2024-03-31 20:11:26,455 - ***** Evaluation results *****
2024-03-31 20:11:26,455 -   acc = 0.6652
2024-03-31 20:11:26,455 -   f1 = 0.6531
2024-03-31 20:11:26,455 -   prec = 0.6513
2024-03-31 20:11:26,455 -   rec = 0.6693
2024-03-31 20:11:26,455 - Testing is finished...
2024-03-31 20:11:26,455 - Multimodal intent recognition is finished...
2024-03-31 20:11:26,455 - Results are saved in results/msz.csv
