2024-03-30 00:56:45,465 - ============================== Params ==============================
2024-03-30 00:56:45,465 - logger_name: msz_MIntRec_multi-class_seed-2_2024-03-30-00-56-45
2024-03-30 00:56:45,465 - dataset: MIntRec
2024-03-30 00:56:45,465 - data_mode: multi-class
2024-03-30 00:56:45,465 - method: msz
2024-03-30 00:56:45,465 - text_backbone: bert-base-uncased
2024-03-30 00:56:45,466 - text_backbone_path: /home/sharing/disk1/pretrained_embedding/bert/uncased_L-12_H-768_A-12/
2024-03-30 00:56:45,466 - seed: 2
2024-03-30 00:56:45,466 - num_workers: 8
2024-03-30 00:56:45,466 - gpu_id: 3
2024-03-30 00:56:45,466 - data_path: /home/sharing/disk2/sjh/intentDataset
2024-03-30 00:56:45,466 - train: True
2024-03-30 00:56:45,466 - tune: True
2024-03-30 00:56:45,466 - save_model: False
2024-03-30 00:56:45,466 - save_results: True
2024-03-30 00:56:45,466 - log_path: logs
2024-03-30 00:56:45,466 - cache_path: 
2024-03-30 00:56:45,466 - video_data_path: video_data
2024-03-30 00:56:45,466 - audio_data_path: audio_data
2024-03-30 00:56:45,466 - video_feats_path: video_feats.pkl
2024-03-30 00:56:45,466 - audio_feats_path: audio_feats.pkl
2024-03-30 00:56:45,466 - results_path: results
2024-03-30 00:56:45,466 - output_path: /home/sharing/disk2/sjh/Outputs/MIntRec
2024-03-30 00:56:45,466 - model_path: models
2024-03-30 00:56:45,466 - config_file_name: msz_MIntRec
2024-03-30 00:56:45,466 - results_file_name: msz.csv
2024-03-30 00:56:45,466 - padding_mode: zero
2024-03-30 00:56:45,466 - padding_loc: end
2024-03-30 00:56:45,466 - need_aligned: False
2024-03-30 00:56:45,466 - eval_monitor: f1
2024-03-30 00:56:45,466 - train_batch_size: 16
2024-03-30 00:56:45,466 - eval_batch_size: 8
2024-03-30 00:56:45,466 - test_batch_size: 8
2024-03-30 00:56:45,466 - wait_patience: 8
2024-03-30 00:56:45,466 - hidden_dims: 768
2024-03-30 00:56:45,466 - num_attention_heads: 8
2024-03-30 00:56:45,466 - attention_probs_dropout_prob: 0.2
2024-03-30 00:56:45,466 - hidden_dropout_prob: 0.4
2024-03-30 00:56:45,466 - intermediate_size: 768
2024-03-30 00:56:45,466 - num_hidden_layers: 8
2024-03-30 00:56:45,466 - max_position_embeddings: 768
2024-03-30 00:56:45,466 - position_embedding_type: absolute
2024-03-30 00:56:45,467 - batch_first: True
2024-03-30 00:56:45,467 - dropout: 0.1
2024-03-30 00:56:45,467 - aligned_method: conv1d
2024-03-30 00:56:45,467 - num_train_epochs: 100
2024-03-30 00:56:45,467 - lr: 8e-06
2024-03-30 00:56:45,467 - lr_mode: max
2024-03-30 00:56:45,467 - patience: 6
2024-03-30 00:56:45,467 - factor: 0.5
2024-03-30 00:56:45,467 - pred_output_path: /home/sharing/disk2/sjh/Outputs/MIntRec/msz_MIntRec_multi-class_seed-2_2024-03-30-00-56-45
2024-03-30 00:56:45,467 - model_output_path: /home/sharing/disk2/sjh/Outputs/MIntRec/msz_MIntRec_multi-class_seed-2_2024-03-30-00-56-45/models
2024-03-30 00:56:45,467 - num_labels: 20
2024-03-30 00:56:45,467 - text_feat_dim: 768
2024-03-30 00:56:45,467 - video_feat_dim: 256
2024-03-30 00:56:45,467 - audio_feat_dim: 768
2024-03-30 00:56:45,467 - text_seq_len: 30
2024-03-30 00:56:45,467 - video_seq_len: 230
2024-03-30 00:56:45,467 - audio_seq_len: 480
2024-03-30 00:56:45,467 - device: cuda:3
2024-03-30 00:56:45,467 - ============================== End Params ==============================
2024-03-30 00:56:45,504 - Generate Text Features Begin...
2024-03-30 00:56:46,120 - Generate Text Features Finished...
2024-03-30 00:56:46,120 - Load Video Features Begin...
2024-03-30 00:56:46,953 - Load Video Features Finished...
2024-03-30 00:56:47,401 - Load Audio Features Begin...
2024-03-30 00:56:50,215 - Load Audio Features Finished...
2024-03-30 00:56:52,322 - method  begins...
2024-03-30 00:56:55,743 - Multimodal intent recognition begins...
2024-03-30 00:56:55,743 - Training begins...
2024-03-30 00:57:17,454 - ***** Epoch: 1: Eval results *****
2024-03-30 00:57:17,454 -   train_loss = 2.5588
2024-03-30 00:57:17,454 -   best_eval_score = 0.0
2024-03-30 00:57:17,454 -   eval_score = 0.2154
2024-03-30 00:57:38,430 - ***** Epoch: 2: Eval results *****
2024-03-30 00:57:38,431 -   train_loss = 1.519
2024-03-30 00:57:38,431 -   best_eval_score = 0.2154
2024-03-30 00:57:38,431 -   eval_score = 0.5258
2024-03-30 00:58:00,347 - ***** Epoch: 3: Eval results *****
2024-03-30 00:58:00,347 -   train_loss = 0.8297
2024-03-30 00:58:00,347 -   best_eval_score = 0.5258
2024-03-30 00:58:00,347 -   eval_score = 0.6347
2024-03-30 00:58:22,559 - ***** Epoch: 4: Eval results *****
2024-03-30 00:58:22,559 -   train_loss = 0.4341
2024-03-30 00:58:22,559 -   best_eval_score = 0.6347
2024-03-30 00:58:22,559 -   eval_score = 0.6456
2024-03-30 00:58:43,230 - ***** Epoch: 5: Eval results *****
2024-03-30 00:58:43,230 -   train_loss = 0.2312
2024-03-30 00:58:43,230 -   best_eval_score = 0.6456
2024-03-30 00:58:43,230 -   eval_score = 0.6973
2024-03-30 00:59:04,620 - ***** Epoch: 6: Eval results *****
2024-03-30 00:59:04,620 -   train_loss = 0.1088
2024-03-30 00:59:04,620 -   best_eval_score = 0.6973
2024-03-30 00:59:04,620 -   eval_score = 0.6865
2024-03-30 00:59:04,620 - EarlyStopping counter: 1 out of 8
2024-03-30 00:59:24,951 - ***** Epoch: 7: Eval results *****
2024-03-30 00:59:24,951 -   train_loss = 0.0597
2024-03-30 00:59:24,951 -   best_eval_score = 0.6973
2024-03-30 00:59:24,951 -   eval_score = 0.6934
2024-03-30 00:59:24,951 - EarlyStopping counter: 2 out of 8
2024-03-30 00:59:46,560 - ***** Epoch: 8: Eval results *****
2024-03-30 00:59:46,560 -   train_loss = 0.0423
2024-03-30 00:59:46,560 -   best_eval_score = 0.6973
2024-03-30 00:59:46,560 -   eval_score = 0.6927
2024-03-30 00:59:46,560 - EarlyStopping counter: 3 out of 8
2024-03-30 01:00:06,979 - ***** Epoch: 9: Eval results *****
2024-03-30 01:00:06,980 -   train_loss = 0.0253
2024-03-30 01:00:06,980 -   best_eval_score = 0.6973
2024-03-30 01:00:06,980 -   eval_score = 0.7004
2024-03-30 01:00:28,531 - ***** Epoch: 10: Eval results *****
2024-03-30 01:00:28,531 -   train_loss = 0.0186
2024-03-30 01:00:28,531 -   best_eval_score = 0.7004
2024-03-30 01:00:28,531 -   eval_score = 0.691
2024-03-30 01:00:28,531 - EarlyStopping counter: 1 out of 8
2024-03-30 01:00:50,466 - ***** Epoch: 11: Eval results *****
2024-03-30 01:00:50,466 -   train_loss = 0.0156
2024-03-30 01:00:50,466 -   best_eval_score = 0.7004
2024-03-30 01:00:50,466 -   eval_score = 0.6897
2024-03-30 01:00:50,466 - EarlyStopping counter: 2 out of 8
2024-03-30 01:01:12,937 - ***** Epoch: 12: Eval results *****
2024-03-30 01:01:12,937 -   train_loss = 0.012
2024-03-30 01:01:12,937 -   best_eval_score = 0.7004
2024-03-30 01:01:12,937 -   eval_score = 0.6965
2024-03-30 01:01:12,937 - EarlyStopping counter: 3 out of 8
2024-03-30 01:01:32,860 - ***** Epoch: 13: Eval results *****
2024-03-30 01:01:32,860 -   train_loss = 0.0105
2024-03-30 01:01:32,860 -   best_eval_score = 0.7004
2024-03-30 01:01:32,860 -   eval_score = 0.6973
2024-03-30 01:01:32,860 - EarlyStopping counter: 4 out of 8
2024-03-30 01:01:54,134 - ***** Epoch: 14: Eval results *****
2024-03-30 01:01:54,134 -   train_loss = 0.0119
2024-03-30 01:01:54,134 -   best_eval_score = 0.7004
2024-03-30 01:01:54,134 -   eval_score = 0.7059
2024-03-30 01:02:14,302 - ***** Epoch: 15: Eval results *****
2024-03-30 01:02:14,302 -   train_loss = 0.0084
2024-03-30 01:02:14,302 -   best_eval_score = 0.7059
2024-03-30 01:02:14,302 -   eval_score = 0.6963
2024-03-30 01:02:14,302 - EarlyStopping counter: 1 out of 8
2024-03-30 01:02:35,732 - ***** Epoch: 16: Eval results *****
2024-03-30 01:02:35,733 -   train_loss = 0.0075
2024-03-30 01:02:35,733 -   best_eval_score = 0.7059
2024-03-30 01:02:35,733 -   eval_score = 0.7048
2024-03-30 01:02:35,733 - EarlyStopping counter: 2 out of 8
2024-03-30 01:02:56,095 - ***** Epoch: 17: Eval results *****
2024-03-30 01:02:56,096 -   train_loss = 0.0068
2024-03-30 01:02:56,096 -   best_eval_score = 0.7059
2024-03-30 01:02:56,096 -   eval_score = 0.6973
2024-03-30 01:02:56,096 - EarlyStopping counter: 3 out of 8
2024-03-30 01:03:17,144 - ***** Epoch: 18: Eval results *****
2024-03-30 01:03:17,145 -   train_loss = 0.0064
2024-03-30 01:03:17,145 -   best_eval_score = 0.7059
2024-03-30 01:03:17,145 -   eval_score = 0.6947
2024-03-30 01:03:17,145 - EarlyStopping counter: 4 out of 8
2024-03-30 01:03:39,098 - ***** Epoch: 19: Eval results *****
2024-03-30 01:03:39,098 -   train_loss = 0.0065
2024-03-30 01:03:39,098 -   best_eval_score = 0.7059
2024-03-30 01:03:39,098 -   eval_score = 0.6948
2024-03-30 01:03:39,098 - EarlyStopping counter: 5 out of 8
2024-03-30 01:04:00,035 - ***** Epoch: 20: Eval results *****
2024-03-30 01:04:00,036 -   train_loss = 0.0056
2024-03-30 01:04:00,036 -   best_eval_score = 0.7059
2024-03-30 01:04:00,036 -   eval_score = 0.6938
2024-03-30 01:04:00,036 - EarlyStopping counter: 6 out of 8
2024-03-30 01:04:21,044 - ***** Epoch: 21: Eval results *****
2024-03-30 01:04:21,044 -   train_loss = 0.0056
2024-03-30 01:04:21,044 -   best_eval_score = 0.7059
2024-03-30 01:04:21,044 -   eval_score = 0.6935
2024-03-30 01:04:21,044 - EarlyStopping counter: 7 out of 8
2024-03-30 01:04:42,546 - ***** Epoch: 22: Eval results *****
2024-03-30 01:04:42,547 -   train_loss = 0.0051
2024-03-30 01:04:42,547 -   best_eval_score = 0.7059
2024-03-30 01:04:42,547 -   eval_score = 0.6943
2024-03-30 01:04:42,547 - EarlyStopping counter: 8 out of 8
2024-03-30 01:04:42,547 - EarlyStopping at epoch 22
2024-03-30 01:04:42,549 - Training is finished...
2024-03-30 01:04:42,550 - Testing begins...
2024-03-30 01:04:46,074 - ***** Test: Confusion Matrix *****
2024-03-30 01:04:46,075 - [[38  2  0  0  9  0  1  1  0  1  1  0  3  1  0  0  0  0  0  0]
 [ 0 35  0  1  0  3  0  0  0  0  1  0  2  1  0  0  0  0  0  0]
 [ 1  0 26  0  0  0  0  0  0  0  0  0  0  0  0  0  0  0  0  0]
 [ 0  0  0 25  0  0  0  0  0  0  0  0  0  0  0  0  0  0  0  0]
 [ 5  0  0  0 12  0  2  0  0  0  0  1  1  1  0  0  0  1  0  0]
 [ 0  0  0  0  0 12  0  0  0  0  0  0  0  0  0  0  0  0  0  0]
 [ 1  1  0  0  3  0  2  0  3  0  0  0  1  0  0  0  1  0  0  0]
 [ 3  1  0  0  0  1  0  5  0  0  0  0  0  0  0  0  0  0  0  0]
 [ 1  0  0  0  0  0  2  2  4  0  0  0  0  1  0  0  0  0  0  0]
 [ 1  0  0  0  1  0  0  0  0  4  0  0  0  0  0  2  0  1  0  1]
 [ 1  0  0  0  0  0  1  0  0  2 12  0  0  0  1  0  1  0  0  0]
 [ 0  0  0  0  1  0  1  0  0  0  0 15  0  0  0  0  0  0  1  1]
 [ 3  1  0  0  1  0  0  0  0  0  1  1 38  4  4  1  2  0  0  1]
 [ 0  1  0  0  0  0  2  0  0  0  1  1  0 19  1  0  0  0  0  0]
 [ 0  0  0  0  1  0  0  0  1  0  0  0  0  2 16  0  1  0  0  1]
 [ 0  0  0  0  0  0  0  1  1  0  0  0  4  0  0 14  0  0  0  1]
 [ 0  0  0  0  0  0  0  0  0  0  0  0  2  0  1  0 14  0  0  0]
 [ 0  0  0  0  0  0  0  0  0  1  1  0  1  0  0  0  0 12  0  0]
 [ 0  0  0  0  0  0  0  0  0  0  0  0  2  0  0  1  0  0  9  0]
 [ 0  0  0  0  0  0  0  0  0  0  0  0  1  1  1  0  1  0  0  6]]
2024-03-30 01:04:46,075 - ***** Evaluation results *****
2024-03-30 01:04:46,075 -   acc = 0.7146
2024-03-30 01:04:46,075 -   f1 = 0.6813
2024-03-30 01:04:46,075 -   prec = 0.6845
2024-03-30 01:04:46,075 -   rec = 0.6841
2024-03-30 01:04:46,075 - Testing is finished...
2024-03-30 01:04:46,075 - Multimodal intent recognition is finished...
2024-03-30 01:04:46,075 - Results are saved in results/msz.csv
