2024-03-31 00:32:45,578 - ============================== Params ==============================
2024-03-31 00:32:45,579 - logger_name: msz_MIntRec_multi-class_seed-2_2024-03-31-00-32-45
2024-03-31 00:32:45,579 - dataset: MIntRec
2024-03-31 00:32:45,579 - data_mode: multi-class
2024-03-31 00:32:45,579 - method: msz
2024-03-31 00:32:45,579 - text_backbone: bert-base-uncased
2024-03-31 00:32:45,579 - text_backbone_path: /home/sharing/disk1/pretrained_embedding/bert/uncased_L-12_H-768_A-12/
2024-03-31 00:32:45,579 - seed: 2
2024-03-31 00:32:45,579 - num_workers: 8
2024-03-31 00:32:45,579 - gpu_id: 3
2024-03-31 00:32:45,579 - data_path: /home/sharing/disk2/sjh/intentDataset
2024-03-31 00:32:45,579 - train: True
2024-03-31 00:32:45,579 - tune: True
2024-03-31 00:32:45,579 - save_model: False
2024-03-31 00:32:45,579 - save_results: True
2024-03-31 00:32:45,579 - log_path: logs
2024-03-31 00:32:45,579 - cache_path: 
2024-03-31 00:32:45,579 - video_data_path: video_data
2024-03-31 00:32:45,579 - audio_data_path: audio_data
2024-03-31 00:32:45,579 - video_feats_path: video_feats.pkl
2024-03-31 00:32:45,579 - audio_feats_path: audio_feats.pkl
2024-03-31 00:32:45,579 - results_path: results
2024-03-31 00:32:45,579 - output_path: /home/sharing/disk2/sjh/Outputs/MIntRec
2024-03-31 00:32:45,579 - model_path: models
2024-03-31 00:32:45,579 - config_file_name: msz_MIntRec
2024-03-31 00:32:45,579 - results_file_name: msz.csv
2024-03-31 00:32:45,579 - padding_mode: zero
2024-03-31 00:32:45,579 - padding_loc: end
2024-03-31 00:32:45,579 - need_aligned: False
2024-03-31 00:32:45,579 - eval_monitor: f1
2024-03-31 00:32:45,579 - train_batch_size: 16
2024-03-31 00:32:45,579 - eval_batch_size: 8
2024-03-31 00:32:45,579 - test_batch_size: 8
2024-03-31 00:32:45,579 - wait_patience: 8
2024-03-31 00:32:45,579 - hidden_dims: 768
2024-03-31 00:32:45,579 - num_attention_heads: 8
2024-03-31 00:32:45,579 - attention_probs_dropout_prob: 0.2
2024-03-31 00:32:45,579 - hidden_dropout_prob: 0.2
2024-03-31 00:32:45,579 - intermediate_size: 768
2024-03-31 00:32:45,579 - num_hidden_layers: 8
2024-03-31 00:32:45,579 - max_position_embeddings: 768
2024-03-31 00:32:45,580 - position_embedding_type: absolute
2024-03-31 00:32:45,580 - batch_first: True
2024-03-31 00:32:45,580 - dropout: 0.1
2024-03-31 00:32:45,580 - aligned_method: conv1d
2024-03-31 00:32:45,580 - num_train_epochs: 100
2024-03-31 00:32:45,580 - lr: 8e-06
2024-03-31 00:32:45,580 - lr_mode: max
2024-03-31 00:32:45,580 - patience: 5
2024-03-31 00:32:45,580 - factor: 0.6
2024-03-31 00:32:45,580 - pred_output_path: /home/sharing/disk2/sjh/Outputs/MIntRec/msz_MIntRec_multi-class_seed-2_2024-03-31-00-32-45
2024-03-31 00:32:45,580 - model_output_path: /home/sharing/disk2/sjh/Outputs/MIntRec/msz_MIntRec_multi-class_seed-2_2024-03-31-00-32-45/models
2024-03-31 00:32:45,580 - num_labels: 20
2024-03-31 00:32:45,580 - text_feat_dim: 768
2024-03-31 00:32:45,580 - video_feat_dim: 256
2024-03-31 00:32:45,580 - audio_feat_dim: 768
2024-03-31 00:32:45,580 - text_seq_len: 30
2024-03-31 00:32:45,580 - video_seq_len: 230
2024-03-31 00:32:45,580 - audio_seq_len: 480
2024-03-31 00:32:45,580 - device: cuda:3
2024-03-31 00:32:45,580 - ============================== End Params ==============================
2024-03-31 00:32:45,657 - Generate Text Features Begin...
2024-03-31 00:32:46,163 - Generate Text Features Finished...
2024-03-31 00:32:46,163 - Load Video Features Begin...
2024-03-31 00:32:58,657 - Load Video Features Finished...
2024-03-31 00:32:59,191 - Load Audio Features Begin...
2024-03-31 00:33:24,871 - Load Audio Features Finished...
2024-03-31 00:33:27,196 - method  begins...
2024-03-31 00:33:31,912 - Multimodal intent recognition begins...
2024-03-31 00:33:31,913 - Training begins...
2024-03-31 00:33:52,980 - ***** Epoch: 1: Eval results *****
2024-03-31 00:33:52,980 -   train_loss = 2.5247
2024-03-31 00:33:52,980 -   best_eval_score = 0.0
2024-03-31 00:33:52,980 -   eval_score = 0.2666
2024-03-31 00:34:14,079 - ***** Epoch: 2: Eval results *****
2024-03-31 00:34:14,080 -   train_loss = 1.459
2024-03-31 00:34:14,080 -   best_eval_score = 0.2666
2024-03-31 00:34:14,080 -   eval_score = 0.5348
2024-03-31 00:34:35,184 - ***** Epoch: 3: Eval results *****
2024-03-31 00:34:35,184 -   train_loss = 0.7914
2024-03-31 00:34:35,184 -   best_eval_score = 0.5348
2024-03-31 00:34:35,184 -   eval_score = 0.6312
2024-03-31 00:34:55,257 - ***** Epoch: 4: Eval results *****
2024-03-31 00:34:55,257 -   train_loss = 0.4108
2024-03-31 00:34:55,257 -   best_eval_score = 0.6312
2024-03-31 00:34:55,257 -   eval_score = 0.6466
2024-03-31 00:35:16,178 - ***** Epoch: 5: Eval results *****
2024-03-31 00:35:16,179 -   train_loss = 0.2157
2024-03-31 00:35:16,179 -   best_eval_score = 0.6466
2024-03-31 00:35:16,179 -   eval_score = 0.6875
2024-03-31 00:35:38,130 - ***** Epoch: 6: Eval results *****
2024-03-31 00:35:38,130 -   train_loss = 0.0989
2024-03-31 00:35:38,130 -   best_eval_score = 0.6875
2024-03-31 00:35:38,130 -   eval_score = 0.6883
2024-03-31 00:35:58,641 - ***** Epoch: 7: Eval results *****
2024-03-31 00:35:58,641 -   train_loss = 0.0571
2024-03-31 00:35:58,641 -   best_eval_score = 0.6883
2024-03-31 00:35:58,641 -   eval_score = 0.6971
2024-03-31 00:36:19,703 - ***** Epoch: 8: Eval results *****
2024-03-31 00:36:19,703 -   train_loss = 0.0395
2024-03-31 00:36:19,704 -   best_eval_score = 0.6971
2024-03-31 00:36:19,704 -   eval_score = 0.7076
2024-03-31 00:36:40,392 - ***** Epoch: 9: Eval results *****
2024-03-31 00:36:40,392 -   train_loss = 0.0269
2024-03-31 00:36:40,392 -   best_eval_score = 0.7076
2024-03-31 00:36:40,392 -   eval_score = 0.6996
2024-03-31 00:36:40,392 - EarlyStopping counter: 1 out of 8
2024-03-31 00:37:01,186 - ***** Epoch: 10: Eval results *****
2024-03-31 00:37:01,187 -   train_loss = 0.0188
2024-03-31 00:37:01,187 -   best_eval_score = 0.7076
2024-03-31 00:37:01,187 -   eval_score = 0.6982
2024-03-31 00:37:01,187 - EarlyStopping counter: 2 out of 8
2024-03-31 00:37:21,577 - ***** Epoch: 11: Eval results *****
2024-03-31 00:37:21,577 -   train_loss = 0.0147
2024-03-31 00:37:21,577 -   best_eval_score = 0.7076
2024-03-31 00:37:21,577 -   eval_score = 0.7013
2024-03-31 00:37:21,577 - EarlyStopping counter: 3 out of 8
2024-03-31 00:37:42,697 - ***** Epoch: 12: Eval results *****
2024-03-31 00:37:42,697 -   train_loss = 0.0116
2024-03-31 00:37:42,697 -   best_eval_score = 0.7076
2024-03-31 00:37:42,697 -   eval_score = 0.7046
2024-03-31 00:37:42,697 - EarlyStopping counter: 4 out of 8
2024-03-31 00:38:03,783 - ***** Epoch: 13: Eval results *****
2024-03-31 00:38:03,783 -   train_loss = 0.0093
2024-03-31 00:38:03,784 -   best_eval_score = 0.7076
2024-03-31 00:38:03,784 -   eval_score = 0.7053
2024-03-31 00:38:03,784 - EarlyStopping counter: 5 out of 8
2024-03-31 00:38:24,302 - ***** Epoch: 14: Eval results *****
2024-03-31 00:38:24,302 -   train_loss = 0.009
2024-03-31 00:38:24,302 -   best_eval_score = 0.7076
2024-03-31 00:38:24,302 -   eval_score = 0.7068
2024-03-31 00:38:24,302 - EarlyStopping counter: 6 out of 8
2024-03-31 00:38:45,155 - ***** Epoch: 15: Eval results *****
2024-03-31 00:38:45,155 -   train_loss = 0.008
2024-03-31 00:38:45,155 -   best_eval_score = 0.7076
2024-03-31 00:38:45,155 -   eval_score = 0.7066
2024-03-31 00:38:45,155 - EarlyStopping counter: 7 out of 8
2024-03-31 00:39:05,813 - ***** Epoch: 16: Eval results *****
2024-03-31 00:39:05,813 -   train_loss = 0.0069
2024-03-31 00:39:05,813 -   best_eval_score = 0.7076
2024-03-31 00:39:05,814 -   eval_score = 0.7006
2024-03-31 00:39:05,814 - EarlyStopping counter: 8 out of 8
2024-03-31 00:39:05,814 - EarlyStopping at epoch 16
2024-03-31 00:39:05,818 - Training is finished...
2024-03-31 00:39:05,819 - Testing begins...
2024-03-31 00:39:09,383 - ***** Test: Confusion Matrix *****
2024-03-31 00:39:09,384 - [[40  1  0  0  9  0  1  0  0  1  1  0  3  1  0  0  0  0  0  0]
 [ 1 34  0  1  0  3  1  0  0  0  0  0  2  1  0  0  0  0  0  0]
 [ 1  0 26  0  0  0  0  0  0  0  0  0  0  0  0  0  0  0  0  0]
 [ 0  0  0 25  0  0  0  0  0  0  0  0  0  0  0  0  0  0  0  0]
 [ 5  0  0  0 11  0  2  0  0  0  0  1  2  1  0  0  0  1  0  0]
 [ 0  0  0  0  0 12  0  0  0  0  0  0  0  0  0  0  0  0  0  0]
 [ 1  2  0  0  3  0  2  0  2  0  0  0  1  0  0  0  1  0  0  0]
 [ 3  1  0  0  0  1  0  5  0  0  0  0  0  0  0  0  0  0  0  0]
 [ 1  0  0  0  0  0  2  3  2  0  0  0  0  1  0  1  0  0  0  0]
 [ 1  0  0  0  1  0  0  0  0  4  0  0  0  0  0  2  0  1  0  1]
 [ 1  0  0  0  0  0  1  0  0  2 13  0  0  0  1  0  0  0  0  0]
 [ 0  0  0  0  1  0  1  0  0  0  0 15  0  0  0  0  0  0  1  1]
 [ 3  1  0  0  1  0  0  0  0  0  1  1 41  3  2  1  2  0  0  1]
 [ 0  1  0  0  0  0  2  0  0  0  1  1  0 19  1  0  0  0  0  0]
 [ 0  0  0  0  1  0  0  0  1  0  0  0  0  2 16  0  1  0  0  1]
 [ 0  0  0  0  0  0  0  1  0  0  0  0  4  0  0 15  0  0  0  1]
 [ 1  0  0  0  0  0  0  0  0  0  0  0  3  0  1  0 12  0  0  0]
 [ 0  0  0  0  0  0  0  0  0  1  1  0  1  0  0  0  0 12  0  0]
 [ 0  0  0  0  0  0  0  0  0  0  0  0  2  0  0  1  0  0  9  0]
 [ 1  0  0  0  0  0  0  0  0  0  0  0  1  1  1  0  0  0  0  6]]
2024-03-31 00:39:09,385 - ***** Evaluation results *****
2024-03-31 00:39:09,385 -   acc = 0.7169
2024-03-31 00:39:09,385 -   f1 = 0.6767
2024-03-31 00:39:09,385 -   prec = 0.6868
2024-03-31 00:39:09,385 -   rec = 0.6744
2024-03-31 00:39:09,385 - Testing is finished...
2024-03-31 00:39:09,385 - Multimodal intent recognition is finished...
2024-03-31 00:39:09,385 - Results are saved in results/msz.csv
