2024-03-13 23:23:03,111 - ============================== Params ==============================
2024-03-13 23:23:03,111 - logger_name: msz_MIntRec2_multi-class_seed-2_2024-03-13-23-23-03
2024-03-13 23:23:03,111 - dataset: MIntRec2
2024-03-13 23:23:03,111 - data_mode: multi-class
2024-03-13 23:23:03,111 - method: msz
2024-03-13 23:23:03,111 - text_backbone: bert-base-uncased
2024-03-13 23:23:03,111 - text_backbone_path: /home/sharing/disk1/pretrained_embedding/bert/uncased_L-12_H-768_A-12/
2024-03-13 23:23:03,111 - seed: 2
2024-03-13 23:23:03,111 - num_workers: 8
2024-03-13 23:23:03,111 - gpu_id: 3
2024-03-13 23:23:03,111 - data_path: /home/sharing/disk2/sjh/intentDataset
2024-03-13 23:23:03,111 - train: True
2024-03-13 23:23:03,111 - tune: True
2024-03-13 23:23:03,111 - save_model: False
2024-03-13 23:23:03,111 - save_results: True
2024-03-13 23:23:03,111 - log_path: logs
2024-03-13 23:23:03,111 - cache_path: 
2024-03-13 23:23:03,111 - video_data_path: video_data
2024-03-13 23:23:03,111 - audio_data_path: audio_data
2024-03-13 23:23:03,111 - video_feats_path: video_feats.pkl
2024-03-13 23:23:03,111 - audio_feats_path: audio_feats.pkl
2024-03-13 23:23:03,111 - results_path: results
2024-03-13 23:23:03,111 - output_path: /home/sharing/disk2/sjh/Outputs/MIntRec2
2024-03-13 23:23:03,111 - model_path: models
2024-03-13 23:23:03,111 - config_file_name: msz_MIntRec2
2024-03-13 23:23:03,111 - results_file_name: msz.csv
2024-03-13 23:23:03,111 - padding_mode: zero
2024-03-13 23:23:03,111 - padding_loc: end
2024-03-13 23:23:03,111 - need_aligned: False
2024-03-13 23:23:03,111 - eval_monitor: f1
2024-03-13 23:23:03,111 - train_batch_size: 32
2024-03-13 23:23:03,111 - eval_batch_size: 16
2024-03-13 23:23:03,112 - test_batch_size: 16
2024-03-13 23:23:03,112 - wait_patience: 8
2024-03-13 23:23:03,112 - hidden_dims: 768
2024-03-13 23:23:03,112 - num_attention_heads: 6
2024-03-13 23:23:03,112 - attention_probs_dropout_prob: 0.5
2024-03-13 23:23:03,112 - hidden_dropout_prob: 0.5
2024-03-13 23:23:03,112 - intermediate_size: 768
2024-03-13 23:23:03,112 - num_hidden_layers: 4
2024-03-13 23:23:03,112 - max_position_embeddings: 1000
2024-03-13 23:23:03,112 - position_embedding_type: absolute
2024-03-13 23:23:03,112 - batch_first: True
2024-03-13 23:23:03,112 - dropout: 0.2
2024-03-13 23:23:03,112 - aligned_method: conv1d
2024-03-13 23:23:03,112 - num_train_epochs: 100
2024-03-13 23:23:03,112 - lr: 4e-06
2024-03-13 23:23:03,112 - lr_mode: min
2024-03-13 23:23:03,112 - pred_output_path: /home/sharing/disk2/sjh/Outputs/MIntRec2/msz_MIntRec2_multi-class_seed-2_2024-03-13-23-23-03
2024-03-13 23:23:03,112 - model_output_path: /home/sharing/disk2/sjh/Outputs/MIntRec2/msz_MIntRec2_multi-class_seed-2_2024-03-13-23-23-03/models
2024-03-13 23:23:03,112 - num_labels: 30
2024-03-13 23:23:03,112 - text_feat_dim: 768
2024-03-13 23:23:03,112 - video_feat_dim: 256
2024-03-13 23:23:03,112 - audio_feat_dim: 768
2024-03-13 23:23:03,112 - text_seq_len: 50
2024-03-13 23:23:03,112 - video_seq_len: 180
2024-03-13 23:23:03,112 - audio_seq_len: 400
2024-03-13 23:23:03,112 - device: cuda:3
2024-03-13 23:23:03,112 - ============================== End Params ==============================
2024-03-13 23:23:03,125 - Generate Text Features Begin...
2024-03-13 23:23:04,722 - Generate Text Features Finished...
2024-03-13 23:23:04,723 - Load Video Features Begin...
2024-03-13 23:23:07,190 - Load Video Features Finished...
2024-03-13 23:23:08,990 - Load Audio Features Begin...
2024-03-13 23:23:23,798 - Load Audio Features Finished...
2024-03-13 23:23:36,079 - method  begins...
2024-03-13 23:23:38,082 - Multimodal intent recognition begins...
2024-03-13 23:23:38,082 - Training begins...
2024-03-13 23:24:38,724 - ***** Epoch: 1: Eval results *****
2024-03-13 23:24:38,724 -   train_loss = 2.9911
2024-03-13 23:24:38,725 -   best_eval_score = 0.0
2024-03-13 23:24:38,725 -   eval_score = 0.2079
2024-03-13 23:25:39,776 - ***** Epoch: 2: Eval results *****
2024-03-13 23:25:39,776 -   train_loss = 2.0599
2024-03-13 23:25:39,777 -   best_eval_score = 0.2079
2024-03-13 23:25:39,777 -   eval_score = 0.3293
2024-03-13 23:26:40,536 - ***** Epoch: 3: Eval results *****
2024-03-13 23:26:40,536 -   train_loss = 1.5746
2024-03-13 23:26:40,536 -   best_eval_score = 0.3293
2024-03-13 23:26:40,536 -   eval_score = 0.4105
2024-03-13 23:27:40,263 - ***** Epoch: 4: Eval results *****
2024-03-13 23:27:40,263 -   train_loss = 1.3182
2024-03-13 23:27:40,263 -   best_eval_score = 0.4105
2024-03-13 23:27:40,263 -   eval_score = 0.447
2024-03-13 23:28:41,574 - ***** Epoch: 5: Eval results *****
2024-03-13 23:28:41,575 -   train_loss = 1.1618
2024-03-13 23:28:41,575 -   best_eval_score = 0.447
2024-03-13 23:28:41,575 -   eval_score = 0.4651
2024-03-13 23:29:41,450 - ***** Epoch: 6: Eval results *****
2024-03-13 23:29:41,451 -   train_loss = 1.0179
2024-03-13 23:29:41,451 -   best_eval_score = 0.4651
2024-03-13 23:29:41,451 -   eval_score = 0.4769
2024-03-13 23:30:40,370 - ***** Epoch: 7: Eval results *****
2024-03-13 23:30:40,370 -   train_loss = 0.9004
2024-03-13 23:30:40,370 -   best_eval_score = 0.4769
2024-03-13 23:30:40,370 -   eval_score = 0.4775
2024-03-13 23:31:38,818 - ***** Epoch: 8: Eval results *****
2024-03-13 23:31:38,819 -   train_loss = 0.7916
2024-03-13 23:31:38,819 -   best_eval_score = 0.4775
2024-03-13 23:31:38,819 -   eval_score = 0.4779
2024-03-13 23:32:37,407 - ***** Epoch: 9: Eval results *****
2024-03-13 23:32:37,407 -   train_loss = 0.6826
2024-03-13 23:32:37,407 -   best_eval_score = 0.4779
2024-03-13 23:32:37,407 -   eval_score = 0.488
2024-03-13 23:33:36,053 - ***** Epoch: 10: Eval results *****
2024-03-13 23:33:36,053 -   train_loss = 0.5868
2024-03-13 23:33:36,053 -   best_eval_score = 0.488
2024-03-13 23:33:36,053 -   eval_score = 0.504
2024-03-13 23:34:34,513 - ***** Epoch: 11: Eval results *****
2024-03-13 23:34:34,513 -   train_loss = 0.4953
2024-03-13 23:34:34,513 -   best_eval_score = 0.504
2024-03-13 23:34:34,513 -   eval_score = 0.4998
2024-03-13 23:34:34,514 - EarlyStopping counter: 1 out of 8
2024-03-13 23:35:33,338 - ***** Epoch: 12: Eval results *****
2024-03-13 23:35:33,338 -   train_loss = 0.4744
2024-03-13 23:35:33,338 -   best_eval_score = 0.504
2024-03-13 23:35:33,338 -   eval_score = 0.503
2024-03-13 23:35:33,338 - EarlyStopping counter: 2 out of 8
2024-03-13 23:36:32,915 - ***** Epoch: 13: Eval results *****
2024-03-13 23:36:32,915 -   train_loss = 0.4676
2024-03-13 23:36:32,915 -   best_eval_score = 0.504
2024-03-13 23:36:32,915 -   eval_score = 0.4998
2024-03-13 23:36:32,915 - EarlyStopping counter: 3 out of 8
2024-03-13 23:37:33,104 - ***** Epoch: 14: Eval results *****
2024-03-13 23:37:33,105 -   train_loss = 0.4531
2024-03-13 23:37:33,105 -   best_eval_score = 0.504
2024-03-13 23:37:33,105 -   eval_score = 0.5028
2024-03-13 23:37:33,105 - EarlyStopping counter: 4 out of 8
2024-03-13 23:38:32,905 - ***** Epoch: 15: Eval results *****
2024-03-13 23:38:32,905 -   train_loss = 0.4445
2024-03-13 23:38:32,905 -   best_eval_score = 0.504
2024-03-13 23:38:32,906 -   eval_score = 0.5006
2024-03-13 23:38:32,906 - EarlyStopping counter: 5 out of 8
2024-03-13 23:39:31,425 - ***** Epoch: 16: Eval results *****
2024-03-13 23:39:31,425 -   train_loss = 0.4342
2024-03-13 23:39:31,425 -   best_eval_score = 0.504
2024-03-13 23:39:31,425 -   eval_score = 0.4991
2024-03-13 23:39:31,426 - EarlyStopping counter: 6 out of 8
2024-03-13 23:40:30,197 - ***** Epoch: 17: Eval results *****
2024-03-13 23:40:30,197 -   train_loss = 0.4232
2024-03-13 23:40:30,197 -   best_eval_score = 0.504
2024-03-13 23:40:30,197 -   eval_score = 0.5014
2024-03-13 23:40:30,197 - EarlyStopping counter: 7 out of 8
2024-03-13 23:41:29,604 - ***** Epoch: 18: Eval results *****
2024-03-13 23:41:29,604 -   train_loss = 0.4259
2024-03-13 23:41:29,605 -   best_eval_score = 0.504
2024-03-13 23:41:29,605 -   eval_score = 0.4966
2024-03-13 23:41:29,605 - EarlyStopping counter: 8 out of 8
2024-03-13 23:41:29,605 - EarlyStopping at epoch 18
2024-03-13 23:41:29,608 - Training is finished...
2024-03-13 23:41:29,608 - Testing begins...
2024-03-13 23:41:38,860 - ***** Test: Confusion Matrix *****
2024-03-13 23:41:38,863 - [[ 45   0  16   0   0   0   0   0   1   0   2   0   0   0   0   1   0   0
    0   0   0   1   1   0   1   0   0   0   0   0]
 [  0  60   0   0   6   1   4   0   2   0   3   2   2   0   5   0   0   7
    0   0   0   2   1   0   1   0   0   1   0   0]
 [  6   0  48   0   1   0   0   0   0   0   1   0   0   0   1   1   0   2
    0   0   0   0   0   1   2   0   0   1   0   0]
 [  0   0   0  61   0   0   0   1   0   2   0   0   0   0   0   0   0   1
    0   0   0   0   0   0   0   0   0   0   0   0]
 [  0   5   0   0  34   0   0   0   1   0   0   0   0   0   0   0   0   4
    0   1   0   1   0   2   1   1   0   0   1   0]
 [  0   1   0   0   2  18   0   1   0   2   2   0   0   0   2   0   0   6
    0   2   0   0   0   0   0   1   0   0   0   0]
 [  0   0   0   0   0   1  30   9   0   2   3   0   3   0   0   0   0   0
    0   0   0   0   0   0   0   0   0   0   0   0]
 [  0   0   0   0   0   0   3  27   0   0   8   1   5   0   0   0   2   0
    0   0   0   0   0   0   0   1   0   0   0   0]
 [  1   2   1   3   1   0   0   0  22   1   0   0   1   0   5   0   0   6
    0   0   0   0   5   0   1   0   0   0   0   0]
 [  0   0   2   0   0   0   0   0   2  58   0   6   6   0  18   0   0   5
    0   0   0   0   2   1   2   2   1   2   0   0]
 [  2   0   0   0   0   2   3   1   0   0  49   0  27   0   5   0   1   1
    0   1   0   0   0   0   1   0   0   0   0   0]
 [  0   0   0   0   0   0   1   0   0   4   1  23   8   0   1   0   0   0
    1   0   0   0   3   0   1   0   0   2   0   2]
 [  0   2   0   0   0   0   1   5   0   5  29   0  89   0   0   0   2   0
    0   1   0   0   1   0   0   0   0   0   0   0]
 [  0   0   2   0   1   0   0   0   0   3   0   0   0   0   4   2   0   1
    3   0   0   0   1   0   0   0   0   0   0   0]
 [  0   2   1   0   1   1   0   0   3   8   2   1   0   1 124   0   0  22
    4   0   1   0  12   0   4   1   1   4   0   0]
 [  0   1   1   0   0   0   0   0   0   5   0   0   0   0   2   3   0   3
    4   0   0   1   0   0   0   0   0   1   1   0]
 [  0   0   0   0   1   0   0   2   0   0   3   0   1   0   0   0  56   0
    2   0   0   0   0   0   0   0   0   0   1   0]
 [  0   4   1   1   6   3   0   0   2  13   1   0   1   0  20   3   2 117
   10   2   0   4   6  11   0   2   1   5   1   1]
 [  0   2   0   0   0   0   1   0   1   3   1   0   0   0   9   0   2   5
   31   0   0   0   2   0   2   0   0   1   0   0]
 [  0   6   0   0   0   0   2   0   0   0   1   0   0   0   0   0   0   1
    0   6   0   1   0   0   0   0   0   0   0   0]
 [  1   1   2   0   2   0   0   0   0   3   1   1   0   0   7   0   0   3
    5   0   0   0   1   0   0   0   0   2   0   0]
 [  5   1   0   0   1   0   0   0   0   5   0   1   0   0   0   0   5   1
    0   0   0  22   0   9   1   1   0   1   0   0]
 [  0   0   0   1   0   0   0   0   4   6   0   1   0   1   9   0   0   4
    0   0   0   0  84   0   0   5   2   0   0   0]
 [  0   3   1   0   1   0   0   0   0   0   0   0   0   0   2   0   0   5
    0   0   0   0   0  26   0   0   0   0   0   0]
 [  1   0   3   0   0   0   0   0   1   2   1   2   0   0   4   0   0   2
    1   0   0   0   1   1  84   0   0   7   3   0]
 [  1   0   0   0   1   0   0   0   1   1   0   0   0   0   0   0   0   1
    0   0   0   0   2   0   1  23   0   0   0   0]
 [  0   0   0   2   0   0   0   0   0   3   0   0   0   0   3   0   0   2
    0   0   0   0   3   0   0   0   4   0   0   0]
 [  0   3   2   0   0   0   0   0   2  13   2   6   4   1   4   1   0   1
    0   0   0   0   2   0   6   1   0   8   1   1]
 [  0   0   0   0   0   0   0   0   0   0   0   0   0   0   1   0   1   0
    0   0   0   0   0   0   0   0   0   0  56   0]
 [  0   1   0   0   1   0   0   0   4   2   1   1   0   0   0   0   0   3
    1   0   0   0   0   0   0   1   0   1   0   3]]
2024-03-13 23:41:38,863 - ***** Evaluation results *****
2024-03-13 23:41:38,863 -   acc = 0.5957
2024-03-13 23:41:38,863 -   f1 = 0.5251
2024-03-13 23:41:38,863 -   prec = 0.5392
2024-03-13 23:41:38,863 -   rec = 0.5274
2024-03-13 23:41:38,863 - Testing is finished...
2024-03-13 23:41:38,863 - Multimodal intent recognition is finished...
2024-03-13 23:41:38,863 - Results are saved in results/msz.csv
