2024-01-07 11:26:28,811 - ============================== Params ==============================
2024-01-07 11:26:28,811 - logger_name: msz_MIntRec_multi-class_seed-1_2024-01-07-11-26-28
2024-01-07 11:26:28,811 - dataset: MIntRec
2024-01-07 11:26:28,811 - data_mode: multi-class
2024-01-07 11:26:28,811 - method: msz
2024-01-07 11:26:28,811 - text_backbone: bert-base-uncased
2024-01-07 11:26:28,811 - text_backbone_path: /home/sharing/disk1/pretrained_embedding/bert/uncased_L-12_H-768_A-12/
2024-01-07 11:26:28,811 - seed: 1
2024-01-07 11:26:28,811 - num_workers: 8
2024-01-07 11:26:28,811 - gpu_id: 1
2024-01-07 11:26:28,811 - data_path: /home/sharing/disk2/sjh/intentDataset
2024-01-07 11:26:28,811 - train: True
2024-01-07 11:26:28,811 - tune: False
2024-01-07 11:26:28,811 - save_model: False
2024-01-07 11:26:28,811 - save_results: True
2024-01-07 11:26:28,811 - log_path: logs
2024-01-07 11:26:28,811 - cache_path: 
2024-01-07 11:26:28,811 - video_data_path: video_data
2024-01-07 11:26:28,812 - audio_data_path: audio_data
2024-01-07 11:26:28,812 - video_feats_path: video_feats.pkl
2024-01-07 11:26:28,812 - audio_feats_path: audio_feats.pkl
2024-01-07 11:26:28,812 - results_path: results
2024-01-07 11:26:28,812 - output_path: /home/sharing/disk2/sjh/Outputs/MIntRec
2024-01-07 11:26:28,812 - model_path: models
2024-01-07 11:26:28,812 - config_file_name: msz
2024-01-07 11:26:28,812 - results_file_name: msz.csv
2024-01-07 11:26:28,812 - padding_mode: zero
2024-01-07 11:26:28,812 - padding_loc: end
2024-01-07 11:26:28,812 - need_aligned: False
2024-01-07 11:26:28,812 - eval_monitor: f1
2024-01-07 11:26:28,812 - train_batch_size: 16
2024-01-07 11:26:28,812 - eval_batch_size: 8
2024-01-07 11:26:28,812 - test_batch_size: 8
2024-01-07 11:26:28,812 - wait_patience: 8
2024-01-07 11:26:28,812 - nheads: 2
2024-01-07 11:26:28,812 - encoder_layers: 2
2024-01-07 11:26:28,812 - attn_dropout: 0.1
2024-01-07 11:26:28,812 - relu_dropout: 0.1
2024-01-07 11:26:28,812 - embed_dropout: 0.1
2024-01-07 11:26:28,812 - res_dropout: 0.1
2024-01-07 11:26:28,812 - attn_mask: False
2024-01-07 11:26:28,812 - hidden_size: 768
2024-01-07 11:26:28,812 - num_attention_heads: 12
2024-01-07 11:26:28,812 - attention_probs_dropout_prob: 0.2
2024-01-07 11:26:28,812 - hidden_dropout_prob: 0.2
2024-01-07 11:26:28,812 - intermediate_size: 768
2024-01-07 11:26:28,812 - num_hidden_layers: 3
2024-01-07 11:26:28,812 - max_position_embeddings: 512
2024-01-07 11:26:28,812 - position_embedding_type: absolute
2024-01-07 11:26:28,812 - batch_first: True
2024-01-07 11:26:28,812 - hidden_dims: 768
2024-01-07 11:26:28,812 - att_dropouts: [0.2, 0.2, 0.2]
2024-01-07 11:26:28,812 - spe_dropouts: [0.1, 0.1, 0.1]
2024-01-07 11:26:28,812 - ta_loss: 0.1
2024-01-07 11:26:28,812 - tv_loss: 0.1
2024-01-07 11:26:28,813 - av_loss: 0.1
2024-01-07 11:26:28,813 - aligned_method: avg_pool
2024-01-07 11:26:28,813 - grad_clip: -1
2024-01-07 11:26:28,813 - num_train_epochs: 100
2024-01-07 11:26:28,813 - warmup_proportion: 0.1
2024-01-07 11:26:28,813 - lr: 1e-06
2024-01-07 11:26:28,813 - weight_decay: 0.01
2024-01-07 11:26:28,813 - pred_output_path: /home/sharing/disk2/sjh/Outputs/MIntRec/msz_MIntRec_multi-class_seed-1_2024-01-07-11-26-28
2024-01-07 11:26:28,813 - model_output_path: /home/sharing/disk2/sjh/Outputs/MIntRec/msz_MIntRec_multi-class_seed-1_2024-01-07-11-26-28/models
2024-01-07 11:26:28,813 - ============================== End Params ==============================
2024-01-07 11:26:28,816 - Generate Text Features Begin...
2024-01-07 11:26:29,343 - Generate Text Features Finished...
2024-01-07 11:26:29,344 - Load Video Features Begin...
2024-01-07 11:26:29,855 - Load Video Features Finished...
2024-01-07 11:26:30,533 - Load Audio Features Begin...
2024-01-07 11:26:31,974 - Load Audio Features Finished...
2024-01-07 11:26:36,602 - method  begins...
2024-01-07 11:26:42,351 - Multimodal intent recognition begins...
2024-01-07 11:26:42,351 - Training begins...
2024-01-07 11:27:05,142 - ***** Epoch: 1: Eval results *****
2024-01-07 11:27:05,142 -   train_loss = 2.971
2024-01-07 11:27:05,142 -   best_eval_score = 0.0
2024-01-07 11:27:05,142 -   eval_score = 0.0114
2024-01-07 11:27:24,965 - ***** Epoch: 2: Eval results *****
2024-01-07 11:27:24,965 -   train_loss = 2.9184
2024-01-07 11:27:24,965 -   best_eval_score = 0.0114
2024-01-07 11:27:24,965 -   eval_score = 0.0114
2024-01-07 11:27:24,966 - EarlyStopping counter: 1 out of 8
2024-01-07 11:27:43,650 - ***** Epoch: 3: Eval results *****
2024-01-07 11:27:43,650 -   train_loss = 2.8445
2024-01-07 11:27:43,651 -   best_eval_score = 0.0114
2024-01-07 11:27:43,651 -   eval_score = 0.0331
2024-01-07 11:28:03,128 - ***** Epoch: 4: Eval results *****
2024-01-07 11:28:03,128 -   train_loss = 2.742
2024-01-07 11:28:03,128 -   best_eval_score = 0.0331
2024-01-07 11:28:03,128 -   eval_score = 0.0434
2024-01-07 11:28:22,256 - ***** Epoch: 5: Eval results *****
2024-01-07 11:28:22,257 -   train_loss = 2.6006
2024-01-07 11:28:22,257 -   best_eval_score = 0.0434
2024-01-07 11:28:22,257 -   eval_score = 0.1493
2024-01-07 11:28:41,706 - ***** Epoch: 6: Eval results *****
2024-01-07 11:28:41,707 -   train_loss = 2.3715
2024-01-07 11:28:41,707 -   best_eval_score = 0.1493
2024-01-07 11:28:41,707 -   eval_score = 0.2033
2024-01-07 11:29:02,004 - ***** Epoch: 7: Eval results *****
2024-01-07 11:29:02,005 -   train_loss = 2.0576
2024-01-07 11:29:02,005 -   best_eval_score = 0.2033
2024-01-07 11:29:02,005 -   eval_score = 0.3191
2024-01-07 11:29:20,820 - ***** Epoch: 8: Eval results *****
2024-01-07 11:29:20,820 -   train_loss = 1.7094
2024-01-07 11:29:20,820 -   best_eval_score = 0.3191
2024-01-07 11:29:20,820 -   eval_score = 0.4131
2024-01-07 11:29:40,299 - ***** Epoch: 9: Eval results *****
2024-01-07 11:29:40,300 -   train_loss = 1.3524
2024-01-07 11:29:40,300 -   best_eval_score = 0.4131
2024-01-07 11:29:40,300 -   eval_score = 0.4798
2024-01-07 11:29:59,355 - ***** Epoch: 10: Eval results *****
2024-01-07 11:29:59,356 -   train_loss = 1.0807
2024-01-07 11:29:59,356 -   best_eval_score = 0.4798
2024-01-07 11:29:59,356 -   eval_score = 0.4911
2024-01-07 11:30:18,660 - ***** Epoch: 11: Eval results *****
2024-01-07 11:30:18,661 -   train_loss = 0.8803
2024-01-07 11:30:18,661 -   best_eval_score = 0.4911
2024-01-07 11:30:18,661 -   eval_score = 0.5606
2024-01-07 11:30:37,286 - ***** Epoch: 12: Eval results *****
2024-01-07 11:30:37,286 -   train_loss = 0.6693
2024-01-07 11:30:37,286 -   best_eval_score = 0.5606
2024-01-07 11:30:37,286 -   eval_score = 0.5589
2024-01-07 11:30:37,286 - EarlyStopping counter: 1 out of 8
2024-01-07 11:30:56,385 - ***** Epoch: 13: Eval results *****
2024-01-07 11:30:56,385 -   train_loss = 0.474
2024-01-07 11:30:56,385 -   best_eval_score = 0.5606
2024-01-07 11:30:56,385 -   eval_score = 0.6104
2024-01-07 11:31:15,399 - ***** Epoch: 14: Eval results *****
2024-01-07 11:31:15,399 -   train_loss = 0.3932
2024-01-07 11:31:15,399 -   best_eval_score = 0.6104
2024-01-07 11:31:15,399 -   eval_score = 0.6135
2024-01-07 11:31:35,192 - ***** Epoch: 15: Eval results *****
2024-01-07 11:31:35,192 -   train_loss = 0.2544
2024-01-07 11:31:35,192 -   best_eval_score = 0.6135
2024-01-07 11:31:35,192 -   eval_score = 0.6255
2024-01-07 11:31:54,392 - ***** Epoch: 16: Eval results *****
2024-01-07 11:31:54,392 -   train_loss = 0.2162
2024-01-07 11:31:54,393 -   best_eval_score = 0.6255
2024-01-07 11:31:54,393 -   eval_score = 0.6302
2024-01-07 11:32:13,388 - ***** Epoch: 17: Eval results *****
2024-01-07 11:32:13,388 -   train_loss = 0.1516
2024-01-07 11:32:13,388 -   best_eval_score = 0.6302
2024-01-07 11:32:13,388 -   eval_score = 0.6173
2024-01-07 11:32:13,388 - EarlyStopping counter: 1 out of 8
2024-01-07 11:32:32,730 - ***** Epoch: 18: Eval results *****
2024-01-07 11:32:32,731 -   train_loss = 0.1199
2024-01-07 11:32:32,731 -   best_eval_score = 0.6302
2024-01-07 11:32:32,731 -   eval_score = 0.6187
2024-01-07 11:32:32,731 - EarlyStopping counter: 2 out of 8
2024-01-07 11:32:51,640 - ***** Epoch: 19: Eval results *****
2024-01-07 11:32:51,640 -   train_loss = 0.081
2024-01-07 11:32:51,640 -   best_eval_score = 0.6302
2024-01-07 11:32:51,640 -   eval_score = 0.618
2024-01-07 11:32:51,640 - EarlyStopping counter: 3 out of 8
2024-01-07 11:33:11,012 - ***** Epoch: 20: Eval results *****
2024-01-07 11:33:11,012 -   train_loss = 0.0794
2024-01-07 11:33:11,012 -   best_eval_score = 0.6302
2024-01-07 11:33:11,012 -   eval_score = 0.6214
2024-01-07 11:33:11,012 - EarlyStopping counter: 4 out of 8
2024-01-07 11:33:30,160 - ***** Epoch: 21: Eval results *****
2024-01-07 11:33:30,161 -   train_loss = 0.0488
2024-01-07 11:33:30,161 -   best_eval_score = 0.6302
2024-01-07 11:33:30,161 -   eval_score = 0.6162
2024-01-07 11:33:30,161 - EarlyStopping counter: 5 out of 8
2024-01-07 11:33:49,618 - ***** Epoch: 22: Eval results *****
2024-01-07 11:33:49,619 -   train_loss = 0.0433
2024-01-07 11:33:49,619 -   best_eval_score = 0.6302
2024-01-07 11:33:49,619 -   eval_score = 0.6155
2024-01-07 11:33:49,619 - EarlyStopping counter: 6 out of 8
2024-01-07 11:34:09,414 - ***** Epoch: 23: Eval results *****
2024-01-07 11:34:09,414 -   train_loss = 0.0323
2024-01-07 11:34:09,414 -   best_eval_score = 0.6302
2024-01-07 11:34:09,414 -   eval_score = 0.6126
2024-01-07 11:34:09,414 - EarlyStopping counter: 7 out of 8
2024-01-07 11:34:29,178 - ***** Epoch: 24: Eval results *****
2024-01-07 11:34:29,178 -   train_loss = 0.0205
2024-01-07 11:34:29,178 -   best_eval_score = 0.6302
2024-01-07 11:34:29,178 -   eval_score = 0.6185
2024-01-07 11:34:29,179 - EarlyStopping counter: 8 out of 8
2024-01-07 11:34:29,179 - EarlyStopping at epoch 24
2024-01-07 11:34:29,181 - Training is finished...
2024-01-07 11:34:29,181 - Testing begins...
2024-01-07 11:34:33,274 - ***** Test: Confusion Matrix *****
2024-01-07 11:34:33,275 - [[30  1  0  0 10  0  4  0  0  3  2  0  4  2  0  0  0  1  0  0]
 [ 0 38  0  1  0  0  0  0  1  0  0  0  1  0  1  0  0  1  0  0]
 [ 0  0 26  0  0  0  0  0  0  0  1  0  0  0  0  0  0  0  0  0]
 [ 0  0  0 25  0  0  0  0  0  0  0  0  0  0  0  0  0  0  0  0]
 [ 0  0  0  0 17  0  1  0  0  0  1  0  0  2  1  0  0  1  0  0]
 [ 0  0  0  0  0 12  0  0  0  0  0  0  0  0  0  0  0  0  0  0]
 [ 1  1  0  0  6  0  0  0  2  0  0  1  1  0  0  0  0  0  0  0]
 [ 4  0  0  0  0  0  0  3  1  0  2  0  0  0  0  0  0  0  0  0]
 [ 1  0  0  0  1  0  1  4  1  0  0  0  0  1  0  1  0  0  0  0]
 [ 1  0  0  0  0  0  0  0  0  4  1  0  0  0  0  1  0  3  0  0]
 [ 0  0  0  0  0  0  0  1  0  0 17  0  0  0  0  0  0  0  0  0]
 [ 0  0  0  0  1  0  0  0  0  0  0 17  0  0  0  0  0  0  0  1]
 [ 4  2  0  1  1  0  0  0  2  0  1  0 41  2  1  0  1  0  1  0]
 [ 0  0  0  0  1  0  0  0  0  0  1  1  1 17  3  0  1  0  0  0]
 [ 0  0  0  0  1  0  0  0  0  0  0  0  0  1 17  0  2  0  0  1]
 [ 0  1  0  1  1  0  0  0  2  0  0  0  7  0  0  8  0  1  0  0]
 [ 3  0  0  0  0  0  0  0  0  0  0  0  2  0  0  0 12  0  0  0]
 [ 0  0  0  0  0  0  0  0  0  0  1  0  1  0  0  0  0 13  0  0]
 [ 0  0  0  0  0  0  0  0  0  0  0  0  2  0  0  1  0  0  9  0]
 [ 0  0  0  0  0  0  0  0  0  0  0  0  0  1  1  0  2  0  0  6]]
2024-01-07 11:34:33,276 - ***** Evaluation results *****
2024-01-07 11:34:33,276 -   acc = 0.7034
2024-01-07 11:34:33,276 -   f1 = 0.6515
2024-01-07 11:34:33,276 -   prec = 0.6608
2024-01-07 11:34:33,276 -   rec = 0.6613
2024-01-07 11:34:33,276 - Testing is finished...
2024-01-07 11:34:33,276 - Multimodal intent recognition is finished...
2024-01-07 11:34:33,276 - Results are saved in results/msz.csv
