2024-03-01 14:43:58,864 - ============================== Params ==============================
2024-03-01 14:43:58,864 - logger_name: msz_MIntRec_multi-class_seed-1_2024-03-01-14-43-58
2024-03-01 14:43:58,864 - dataset: MIntRec
2024-03-01 14:43:58,864 - data_mode: multi-class
2024-03-01 14:43:58,864 - method: msz
2024-03-01 14:43:58,864 - text_backbone: bert-base-uncased
2024-03-01 14:43:58,864 - text_backbone_path: /home/sharing/disk1/pretrained_embedding/bert/uncased_L-12_H-768_A-12/
2024-03-01 14:43:58,864 - seed: 1
2024-03-01 14:43:58,864 - num_workers: 8
2024-03-01 14:43:58,864 - gpu_id: 3
2024-03-01 14:43:58,864 - data_path: /home/sharing/disk2/sjh/intentDataset
2024-03-01 14:43:58,864 - train: True
2024-03-01 14:43:58,864 - tune: True
2024-03-01 14:43:58,864 - save_model: True
2024-03-01 14:43:58,865 - save_results: True
2024-03-01 14:43:58,865 - log_path: logs
2024-03-01 14:43:58,865 - cache_path: 
2024-03-01 14:43:58,865 - video_data_path: video_data
2024-03-01 14:43:58,865 - audio_data_path: audio_data
2024-03-01 14:43:58,865 - video_feats_path: video_feats.pkl
2024-03-01 14:43:58,865 - audio_feats_path: audio_feats.pkl
2024-03-01 14:43:58,865 - results_path: results
2024-03-01 14:43:58,865 - output_path: /home/sharing/disk2/sjh/Outputs/MIntRec
2024-03-01 14:43:58,865 - model_path: models
2024-03-01 14:43:58,865 - config_file_name: msz_MIntRec
2024-03-01 14:43:58,865 - results_file_name: msz.csv
2024-03-01 14:43:58,865 - padding_mode: zero
2024-03-01 14:43:58,865 - padding_loc: end
2024-03-01 14:43:58,865 - need_aligned: False
2024-03-01 14:43:58,865 - eval_monitor: f1
2024-03-01 14:43:58,865 - train_batch_size: 16
2024-03-01 14:43:58,865 - eval_batch_size: 8
2024-03-01 14:43:58,865 - test_batch_size: 8
2024-03-01 14:43:58,865 - wait_patience: 8
2024-03-01 14:43:58,865 - hidden_size: 768
2024-03-01 14:43:58,865 - num_attention_heads: 12
2024-03-01 14:43:58,865 - attention_probs_dropout_prob: 0.1
2024-03-01 14:43:58,865 - hidden_dropout_prob: 0.2
2024-03-01 14:43:58,865 - intermediate_size: 768
2024-03-01 14:43:58,865 - num_hidden_layers: 8
2024-03-01 14:43:58,865 - max_position_embeddings: 768
2024-03-01 14:43:58,865 - position_embedding_type: absolute
2024-03-01 14:43:58,865 - batch_first: True
2024-03-01 14:43:58,865 - hidden_dims: 768
2024-03-01 14:43:58,865 - dropout: 0.3
2024-03-01 14:43:58,865 - aligned_method: conv1d
2024-03-01 14:43:58,865 - num_train_epochs: 100
2024-03-01 14:43:58,865 - lr: 1e-05
2024-03-01 14:43:58,865 - pred_output_path: /home/sharing/disk2/sjh/Outputs/MIntRec/msz_MIntRec_multi-class_seed-1_2024-03-01-14-43-58
2024-03-01 14:43:58,865 - model_output_path: /home/sharing/disk2/sjh/Outputs/MIntRec/msz_MIntRec_multi-class_seed-1_2024-03-01-14-43-58/models
2024-03-01 14:43:58,865 - num_labels: 20
2024-03-01 14:43:58,865 - text_feat_dim: 768
2024-03-01 14:43:58,865 - video_feat_dim: 256
2024-03-01 14:43:58,865 - audio_feat_dim: 768
2024-03-01 14:43:58,866 - text_seq_len: 30
2024-03-01 14:43:58,866 - video_seq_len: 230
2024-03-01 14:43:58,866 - audio_seq_len: 480
2024-03-01 14:43:58,866 - device: cuda:3
2024-03-01 14:43:58,866 - ============================== End Params ==============================
2024-03-01 14:43:58,881 - Generate Text Features Begin...
2024-03-01 14:43:59,339 - Generate Text Features Finished...
2024-03-01 14:43:59,339 - Load Video Features Begin...
2024-03-01 14:44:00,005 - Load Video Features Finished...
2024-03-01 14:44:00,470 - Load Audio Features Begin...
2024-03-01 14:44:02,127 - Load Audio Features Finished...
2024-03-01 14:44:04,608 - method  begins...
2024-03-01 14:44:10,784 - Multimodal intent recognition begins...
2024-03-01 14:44:10,784 - Training begins...
2024-03-01 14:44:29,967 - ***** Epoch: 1: Eval results *****
2024-03-01 14:44:29,967 -   train_loss = 2.504
2024-03-01 14:44:29,967 -   best_eval_score = 0.0
2024-03-01 14:44:29,967 -   eval_score = 0.2951
2024-03-01 14:44:49,706 - ***** Epoch: 2: Eval results *****
2024-03-01 14:44:49,707 -   train_loss = 1.3991
2024-03-01 14:44:49,707 -   best_eval_score = 0.2951
2024-03-01 14:44:49,707 -   eval_score = 0.5585
2024-03-01 14:45:09,459 - ***** Epoch: 3: Eval results *****
2024-03-01 14:45:09,459 -   train_loss = 0.7305
2024-03-01 14:45:09,459 -   best_eval_score = 0.5585
2024-03-01 14:45:09,459 -   eval_score = 0.6331
2024-03-01 14:45:29,258 - ***** Epoch: 4: Eval results *****
2024-03-01 14:45:29,258 -   train_loss = 0.3832
2024-03-01 14:45:29,258 -   best_eval_score = 0.6331
2024-03-01 14:45:29,258 -   eval_score = 0.6821
2024-03-01 14:45:48,830 - ***** Epoch: 5: Eval results *****
2024-03-01 14:45:48,830 -   train_loss = 0.1965
2024-03-01 14:45:48,831 -   best_eval_score = 0.6821
2024-03-01 14:45:48,831 -   eval_score = 0.6696
2024-03-01 14:45:48,831 - EarlyStopping counter: 1 out of 8
2024-03-01 14:46:08,106 - ***** Epoch: 6: Eval results *****
2024-03-01 14:46:08,107 -   train_loss = 0.094
2024-03-01 14:46:08,107 -   best_eval_score = 0.6821
2024-03-01 14:46:08,107 -   eval_score = 0.672
2024-03-01 14:46:08,107 - EarlyStopping counter: 2 out of 8
2024-03-01 14:46:27,527 - ***** Epoch: 7: Eval results *****
2024-03-01 14:46:27,527 -   train_loss = 0.0575
2024-03-01 14:46:27,527 -   best_eval_score = 0.6821
2024-03-01 14:46:27,527 -   eval_score = 0.6661
2024-03-01 14:46:27,527 - EarlyStopping counter: 3 out of 8
2024-03-01 14:46:46,532 - ***** Epoch: 8: Eval results *****
2024-03-01 14:46:46,532 -   train_loss = 0.033
2024-03-01 14:46:46,532 -   best_eval_score = 0.6821
2024-03-01 14:46:46,532 -   eval_score = 0.6683
2024-03-01 14:46:46,532 - EarlyStopping counter: 4 out of 8
2024-03-01 14:47:05,377 - ***** Epoch: 9: Eval results *****
2024-03-01 14:47:05,377 -   train_loss = 0.0204
2024-03-01 14:47:05,377 -   best_eval_score = 0.6821
2024-03-01 14:47:05,377 -   eval_score = 0.6625
2024-03-01 14:47:05,377 - EarlyStopping counter: 5 out of 8
2024-03-01 14:47:24,414 - ***** Epoch: 10: Eval results *****
2024-03-01 14:47:24,414 -   train_loss = 0.0145
2024-03-01 14:47:24,414 -   best_eval_score = 0.6821
2024-03-01 14:47:24,414 -   eval_score = 0.6826
2024-03-01 14:47:43,368 - ***** Epoch: 11: Eval results *****
2024-03-01 14:47:43,368 -   train_loss = 0.0098
2024-03-01 14:47:43,368 -   best_eval_score = 0.6826
2024-03-01 14:47:43,368 -   eval_score = 0.6713
2024-03-01 14:47:43,368 - EarlyStopping counter: 1 out of 8
2024-03-01 14:48:02,624 - ***** Epoch: 12: Eval results *****
2024-03-01 14:48:02,624 -   train_loss = 0.0094
2024-03-01 14:48:02,624 -   best_eval_score = 0.6826
2024-03-01 14:48:02,624 -   eval_score = 0.6694
2024-03-01 14:48:02,624 - EarlyStopping counter: 2 out of 8
2024-03-01 14:48:22,154 - ***** Epoch: 13: Eval results *****
2024-03-01 14:48:22,154 -   train_loss = 0.0077
2024-03-01 14:48:22,154 -   best_eval_score = 0.6826
2024-03-01 14:48:22,154 -   eval_score = 0.6694
2024-03-01 14:48:22,154 - EarlyStopping counter: 3 out of 8
2024-03-01 14:48:41,917 - ***** Epoch: 14: Eval results *****
2024-03-01 14:48:41,917 -   train_loss = 0.0084
2024-03-01 14:48:41,917 -   best_eval_score = 0.6826
2024-03-01 14:48:41,917 -   eval_score = 0.6694
2024-03-01 14:48:41,917 - EarlyStopping counter: 4 out of 8
2024-03-01 14:49:01,129 - ***** Epoch: 15: Eval results *****
2024-03-01 14:49:01,129 -   train_loss = 0.0075
2024-03-01 14:49:01,129 -   best_eval_score = 0.6826
2024-03-01 14:49:01,129 -   eval_score = 0.6685
2024-03-01 14:49:01,129 - EarlyStopping counter: 5 out of 8
2024-03-01 14:49:20,022 - ***** Epoch: 16: Eval results *****
2024-03-01 14:49:20,022 -   train_loss = 0.0074
2024-03-01 14:49:20,022 -   best_eval_score = 0.6826
2024-03-01 14:49:20,022 -   eval_score = 0.6685
2024-03-01 14:49:20,022 - EarlyStopping counter: 6 out of 8
2024-03-01 14:49:39,640 - ***** Epoch: 17: Eval results *****
2024-03-01 14:49:39,640 -   train_loss = 0.007
2024-03-01 14:49:39,640 -   best_eval_score = 0.6826
2024-03-01 14:49:39,640 -   eval_score = 0.6685
2024-03-01 14:49:39,640 - EarlyStopping counter: 7 out of 8
2024-03-01 14:49:58,971 - ***** Epoch: 18: Eval results *****
2024-03-01 14:49:58,971 -   train_loss = 0.0069
2024-03-01 14:49:58,971 -   best_eval_score = 0.6826
2024-03-01 14:49:58,972 -   eval_score = 0.664
2024-03-01 14:49:58,972 - EarlyStopping counter: 8 out of 8
2024-03-01 14:49:58,972 - EarlyStopping at epoch 18
2024-03-01 14:49:58,972 - Trained models are saved in /home/sharing/disk2/sjh/Outputs/MIntRec/msz_MIntRec_multi-class_seed-1_2024-03-01-14-43-58/models
2024-03-01 14:49:59,963 - Training is finished...
2024-03-01 14:49:59,964 - Testing begins...
2024-03-01 14:50:03,007 - ***** Test: Confusion Matrix *****
2024-03-01 14:50:03,008 - [[38  2  0  0  8  0  2  0  0  2  1  0  3  1  0  0  0  0  0  0]
 [ 0 34  0  1  0  4  1  0  0  0  0  0  2  0  1  0  0  0  0  0]
 [ 1  0 26  0  0  0  0  0  0  0  0  0  0  0  0  0  0  0  0  0]
 [ 0  1  0 23  0  0  0  0  0  0  0  0  0  1  0  0  0  0  0  0]
 [ 4  0  0  0 11  0  2  0  0  0  0  1  2  1  1  0  0  1  0  0]
 [ 0  0  0  0  0 11  0  0  0  0  1  0  0  0  0  0  0  0  0  0]
 [ 1  1  0  0  2  0  4  0  2  0  0  0  1  0  0  0  1  0  0  0]
 [ 3  0  0  0  0  0  0  5  1  1  0  0  0  0  0  0  0  0  0  0]
 [ 1  0  0  0  0  0  0  2  5  0  0  0  0  2  0  0  0  0  0  0]
 [ 1  0  0  0  0  0  1  0  1  4  0  0  0  0  0  2  0  1  0  0]
 [ 1  0  0  0  0  0  1  0  0  2 13  0  0  0  1  0  0  0  0  0]
 [ 0  0  0  0  0  0  1  0  0  0  0 17  0  0  0  0  0  0  0  1]
 [ 4  1  0  0  1  0  1  2  1  0  0  1 32  3  7  3  1  0  0  0]
 [ 0  1  0  0  0  0  2  0  0  0  1  1  0 18  2  0  0  0  0  0]
 [ 0  0  0  0  1  0  0  0  1  0  0  0  0  2 17  0  1  0  0  0]
 [ 0  1  0  0  0  0  0  0  1  0  0  0  4  0  0 14  0  0  0  1]
 [ 0  0  0  0  0  0  0  0  0  0  0  0  2  0  1  0 14  0  0  0]
 [ 0  0  0  0  0  0  0  0  0  0  4  0  1  0  0  0  0 10  0  0]
 [ 0  0  0  0  0  0  0  0  0  0  0  0  1  0  0  1  0  0 10  0]
 [ 0  0  0  0  0  0  0  0  0  0  0  0  0  1  1  0  1  0  0  7]]
2024-03-01 14:50:03,008 - ***** Evaluation results *****
2024-03-01 14:50:03,009 -   acc = 0.7034
2024-03-01 14:50:03,009 -   f1 = 0.6874
2024-03-01 14:50:03,009 -   prec = 0.6905
2024-03-01 14:50:03,009 -   rec = 0.6915
2024-03-01 14:50:03,009 - Testing is finished...
2024-03-01 14:50:03,009 - Multimodal intent recognition is finished...
2024-03-01 14:50:03,009 - Results are saved in results/msz.csv
