2024-01-02 12:07:01,445 - ============================== Params ==============================
2024-01-02 12:07:01,446 - logger_name: msz_MIntRec_multi-class_seed-2_2024-01-02-12-07-01
2024-01-02 12:07:01,446 - dataset: MIntRec
2024-01-02 12:07:01,446 - data_mode: multi-class
2024-01-02 12:07:01,446 - method: msz
2024-01-02 12:07:01,446 - text_backbone: bert-base-uncased
2024-01-02 12:07:01,446 - text_backbone_path: /home/sharing/disk1/pretrained_embedding/bert/uncased_L-12_H-768_A-12/
2024-01-02 12:07:01,446 - seed: 2
2024-01-02 12:07:01,446 - num_workers: 8
2024-01-02 12:07:01,446 - gpu_id: 1
2024-01-02 12:07:01,446 - data_path: /home/sharing/disk2/sjh/intentDataset
2024-01-02 12:07:01,446 - train: True
2024-01-02 12:07:01,446 - tune: False
2024-01-02 12:07:01,446 - save_model: False
2024-01-02 12:07:01,446 - save_results: True
2024-01-02 12:07:01,446 - log_path: logs
2024-01-02 12:07:01,446 - cache_path: 
2024-01-02 12:07:01,446 - video_data_path: video_data
2024-01-02 12:07:01,446 - audio_data_path: audio_data
2024-01-02 12:07:01,446 - video_feats_path: video_feats.pkl
2024-01-02 12:07:01,446 - audio_feats_path: audio_feats.pkl
2024-01-02 12:07:01,446 - results_path: results
2024-01-02 12:07:01,446 - output_path: /home/sujianhua/Outputs/MIntRec
2024-01-02 12:07:01,446 - model_path: models
2024-01-02 12:07:01,446 - config_file_name: msz
2024-01-02 12:07:01,446 - results_file_name: msz.csv
2024-01-02 12:07:01,446 - padding_mode: zero
2024-01-02 12:07:01,446 - padding_loc: end
2024-01-02 12:07:01,446 - need_aligned: False
2024-01-02 12:07:01,446 - eval_monitor: f1
2024-01-02 12:07:01,446 - train_batch_size: 16
2024-01-02 12:07:01,446 - eval_batch_size: 8
2024-01-02 12:07:01,446 - test_batch_size: 8
2024-01-02 12:07:01,446 - wait_patience: 8
2024-01-02 12:07:01,446 - nheads: 2
2024-01-02 12:07:01,446 - encoder_layers: 2
2024-01-02 12:07:01,446 - attn_dropout: 0.1
2024-01-02 12:07:01,447 - relu_dropout: 0.1
2024-01-02 12:07:01,447 - embed_dropout: 0.1
2024-01-02 12:07:01,447 - res_dropout: 0.1
2024-01-02 12:07:01,447 - attn_mask: False
2024-01-02 12:07:01,447 - hidden_size: 768
2024-01-02 12:07:01,447 - num_attention_heads: 12
2024-01-02 12:07:01,447 - attention_probs_dropout_prob: 0.2
2024-01-02 12:07:01,447 - hidden_dropout_prob: 0.2
2024-01-02 12:07:01,447 - intermediate_size: 768
2024-01-02 12:07:01,447 - num_hidden_layers: 3
2024-01-02 12:07:01,447 - max_position_embeddings: 512
2024-01-02 12:07:01,447 - position_embedding_type: absolute
2024-01-02 12:07:01,447 - batch_first: True
2024-01-02 12:07:01,447 - hidden_dims: 768
2024-01-02 12:07:01,447 - att_dropouts: [0.2, 0.2, 0.2]
2024-01-02 12:07:01,447 - spe_dropouts: [0.1, 0.1, 0.1]
2024-01-02 12:07:01,447 - ta_loss: 0.07
2024-01-02 12:07:01,447 - tv_loss: 0.01
2024-01-02 12:07:01,447 - av_loss: 0.01
2024-01-02 12:07:01,447 - aligned_method: conv1d
2024-01-02 12:07:01,447 - grad_clip: -1
2024-01-02 12:07:01,447 - num_train_epochs: 100
2024-01-02 12:07:01,447 - warmup_proportion: 0.1
2024-01-02 12:07:01,447 - lr: 1e-06
2024-01-02 12:07:01,447 - weight_decay: 0.02
2024-01-02 12:07:01,447 - pred_output_path: /home/sujianhua/Outputs/MIntRec/msz_MIntRec_multi-class_seed-2_2024-01-02-12-07-01
2024-01-02 12:07:01,447 - model_output_path: /home/sujianhua/Outputs/MIntRec/msz_MIntRec_multi-class_seed-2_2024-01-02-12-07-01/models
2024-01-02 12:07:01,447 - ============================== End Params ==============================
2024-01-02 12:07:01,450 - Generate Text Features Begin...
2024-01-02 12:07:01,951 - Generate Text Features Finished...
2024-01-02 12:07:01,952 - Load Video Features Begin...
2024-01-02 12:07:02,264 - Load Video Features Finished...
2024-01-02 12:07:02,818 - Load Audio Features Begin...
2024-01-02 12:07:03,689 - Load Audio Features Finished...
2024-01-02 12:07:07,574 - method  begins...
2024-01-02 12:07:10,273 - Multimodal intent recognition begins...
2024-01-02 12:07:10,273 - Training begins...
2024-01-02 12:07:35,697 - ***** Epoch: 1: Eval results *****
2024-01-02 12:07:35,697 -   train_loss = 3.256
2024-01-02 12:07:35,697 -   best_eval_score = 0.0
2024-01-02 12:07:35,697 -   eval_score = 0.0308
2024-01-02 12:08:00,313 - ***** Epoch: 2: Eval results *****
2024-01-02 12:08:00,313 -   train_loss = 3.0606
2024-01-02 12:08:00,313 -   best_eval_score = 0.0308
2024-01-02 12:08:00,313 -   eval_score = 0.0344
2024-01-02 12:08:23,802 - ***** Epoch: 3: Eval results *****
2024-01-02 12:08:23,803 -   train_loss = 2.9125
2024-01-02 12:08:23,803 -   best_eval_score = 0.0344
2024-01-02 12:08:23,803 -   eval_score = 0.0983
2024-01-02 12:08:47,446 - ***** Epoch: 4: Eval results *****
2024-01-02 12:08:47,446 -   train_loss = 2.7053
2024-01-02 12:08:47,446 -   best_eval_score = 0.0983
2024-01-02 12:08:47,446 -   eval_score = 0.1716
2024-01-02 12:09:11,475 - ***** Epoch: 5: Eval results *****
2024-01-02 12:09:11,475 -   train_loss = 2.3672
2024-01-02 12:09:11,476 -   best_eval_score = 0.1716
2024-01-02 12:09:11,476 -   eval_score = 0.2556
2024-01-02 12:09:33,927 - ***** Epoch: 6: Eval results *****
2024-01-02 12:09:33,927 -   train_loss = 1.9518
2024-01-02 12:09:33,927 -   best_eval_score = 0.2556
2024-01-02 12:09:33,927 -   eval_score = 0.4044
2024-01-02 12:09:56,454 - ***** Epoch: 7: Eval results *****
2024-01-02 12:09:56,454 -   train_loss = 1.5656
2024-01-02 12:09:56,454 -   best_eval_score = 0.4044
2024-01-02 12:09:56,454 -   eval_score = 0.5273
2024-01-02 12:10:19,432 - ***** Epoch: 8: Eval results *****
2024-01-02 12:10:19,432 -   train_loss = 1.289
2024-01-02 12:10:19,432 -   best_eval_score = 0.5273
2024-01-02 12:10:19,432 -   eval_score = 0.4676
2024-01-02 12:10:19,432 - EarlyStopping counter: 1 out of 8
2024-01-02 12:10:41,736 - ***** Epoch: 9: Eval results *****
2024-01-02 12:10:41,736 -   train_loss = 1.1872
2024-01-02 12:10:41,736 -   best_eval_score = 0.5273
2024-01-02 12:10:41,736 -   eval_score = 0.4973
2024-01-02 12:10:41,736 - EarlyStopping counter: 2 out of 8
2024-01-02 12:11:04,068 - ***** Epoch: 10: Eval results *****
2024-01-02 12:11:04,068 -   train_loss = 1.0603
2024-01-02 12:11:04,068 -   best_eval_score = 0.5273
2024-01-02 12:11:04,068 -   eval_score = 0.5494
2024-01-02 12:11:26,517 - ***** Epoch: 11: Eval results *****
2024-01-02 12:11:26,517 -   train_loss = 0.9517
2024-01-02 12:11:26,517 -   best_eval_score = 0.5494
2024-01-02 12:11:26,517 -   eval_score = 0.5691
2024-01-02 12:11:49,404 - ***** Epoch: 12: Eval results *****
2024-01-02 12:11:49,404 -   train_loss = 0.6721
2024-01-02 12:11:49,404 -   best_eval_score = 0.5691
2024-01-02 12:11:49,404 -   eval_score = 0.5847
2024-01-02 12:12:11,874 - ***** Epoch: 13: Eval results *****
2024-01-02 12:12:11,874 -   train_loss = 0.576
2024-01-02 12:12:11,874 -   best_eval_score = 0.5847
2024-01-02 12:12:11,874 -   eval_score = 0.6283
2024-01-02 12:12:34,414 - ***** Epoch: 14: Eval results *****
2024-01-02 12:12:34,415 -   train_loss = 0.3989
2024-01-02 12:12:34,415 -   best_eval_score = 0.6283
2024-01-02 12:12:34,415 -   eval_score = 0.6456
2024-01-02 12:12:57,083 - ***** Epoch: 15: Eval results *****
2024-01-02 12:12:57,083 -   train_loss = 0.2873
2024-01-02 12:12:57,083 -   best_eval_score = 0.6456
2024-01-02 12:12:57,083 -   eval_score = 0.648
2024-01-02 12:13:19,776 - ***** Epoch: 16: Eval results *****
2024-01-02 12:13:19,776 -   train_loss = 0.2728
2024-01-02 12:13:19,776 -   best_eval_score = 0.648
2024-01-02 12:13:19,776 -   eval_score = 0.6585
2024-01-02 12:13:42,008 - ***** Epoch: 17: Eval results *****
2024-01-02 12:13:42,008 -   train_loss = 0.1719
2024-01-02 12:13:42,008 -   best_eval_score = 0.6585
2024-01-02 12:13:42,008 -   eval_score = 0.6661
2024-01-02 12:14:04,527 - ***** Epoch: 18: Eval results *****
2024-01-02 12:14:04,527 -   train_loss = 0.1323
2024-01-02 12:14:04,527 -   best_eval_score = 0.6661
2024-01-02 12:14:04,527 -   eval_score = 0.6307
2024-01-02 12:14:04,527 - EarlyStopping counter: 1 out of 8
2024-01-02 12:14:27,007 - ***** Epoch: 19: Eval results *****
2024-01-02 12:14:27,007 -   train_loss = 0.1213
2024-01-02 12:14:27,007 -   best_eval_score = 0.6661
2024-01-02 12:14:27,007 -   eval_score = 0.6228
2024-01-02 12:14:27,007 - EarlyStopping counter: 2 out of 8
2024-01-02 12:14:49,344 - ***** Epoch: 20: Eval results *****
2024-01-02 12:14:49,344 -   train_loss = 0.0992
2024-01-02 12:14:49,344 -   best_eval_score = 0.6661
2024-01-02 12:14:49,344 -   eval_score = 0.6503
2024-01-02 12:14:49,344 - EarlyStopping counter: 3 out of 8
2024-01-02 12:15:11,985 - ***** Epoch: 21: Eval results *****
2024-01-02 12:15:11,985 -   train_loss = 0.0891
2024-01-02 12:15:11,985 -   best_eval_score = 0.6661
2024-01-02 12:15:11,985 -   eval_score = 0.6421
2024-01-02 12:15:11,985 - EarlyStopping counter: 4 out of 8
2024-01-02 12:15:34,525 - ***** Epoch: 22: Eval results *****
2024-01-02 12:15:34,526 -   train_loss = 0.0758
2024-01-02 12:15:34,526 -   best_eval_score = 0.6661
2024-01-02 12:15:34,526 -   eval_score = 0.6557
2024-01-02 12:15:34,526 - EarlyStopping counter: 5 out of 8
2024-01-02 12:15:57,190 - ***** Epoch: 23: Eval results *****
2024-01-02 12:15:57,191 -   train_loss = 0.0652
2024-01-02 12:15:57,191 -   best_eval_score = 0.6661
2024-01-02 12:15:57,191 -   eval_score = 0.6785
2024-01-02 12:16:19,587 - ***** Epoch: 24: Eval results *****
2024-01-02 12:16:19,587 -   train_loss = 0.0549
2024-01-02 12:16:19,587 -   best_eval_score = 0.6785
2024-01-02 12:16:19,587 -   eval_score = 0.6703
2024-01-02 12:16:19,587 - EarlyStopping counter: 1 out of 8
2024-01-02 12:16:42,077 - ***** Epoch: 25: Eval results *****
2024-01-02 12:16:42,077 -   train_loss = 0.0451
2024-01-02 12:16:42,077 -   best_eval_score = 0.6785
2024-01-02 12:16:42,077 -   eval_score = 0.6793
2024-01-02 12:17:04,604 - ***** Epoch: 26: Eval results *****
2024-01-02 12:17:04,605 -   train_loss = 0.0308
2024-01-02 12:17:04,605 -   best_eval_score = 0.6793
2024-01-02 12:17:04,605 -   eval_score = 0.6762
2024-01-02 12:17:04,605 - EarlyStopping counter: 1 out of 8
2024-01-02 12:17:27,175 - ***** Epoch: 27: Eval results *****
2024-01-02 12:17:27,175 -   train_loss = 0.0333
2024-01-02 12:17:27,175 -   best_eval_score = 0.6793
2024-01-02 12:17:27,175 -   eval_score = 0.6696
2024-01-02 12:17:27,175 - EarlyStopping counter: 2 out of 8
2024-01-02 12:17:49,678 - ***** Epoch: 28: Eval results *****
2024-01-02 12:17:49,678 -   train_loss = 0.0339
2024-01-02 12:17:49,678 -   best_eval_score = 0.6793
2024-01-02 12:17:49,678 -   eval_score = 0.6589
2024-01-02 12:17:49,678 - EarlyStopping counter: 3 out of 8
2024-01-02 12:18:12,033 - ***** Epoch: 29: Eval results *****
2024-01-02 12:18:12,033 -   train_loss = 0.0328
2024-01-02 12:18:12,033 -   best_eval_score = 0.6793
2024-01-02 12:18:12,033 -   eval_score = 0.6664
2024-01-02 12:18:12,033 - EarlyStopping counter: 4 out of 8
2024-01-02 12:18:34,429 - ***** Epoch: 30: Eval results *****
2024-01-02 12:18:34,430 -   train_loss = 0.0246
2024-01-02 12:18:34,430 -   best_eval_score = 0.6793
2024-01-02 12:18:34,430 -   eval_score = 0.6681
2024-01-02 12:18:34,430 - EarlyStopping counter: 5 out of 8
2024-01-02 12:18:57,047 - ***** Epoch: 31: Eval results *****
2024-01-02 12:18:57,047 -   train_loss = 0.0278
2024-01-02 12:18:57,047 -   best_eval_score = 0.6793
2024-01-02 12:18:57,047 -   eval_score = 0.6574
2024-01-02 12:18:57,047 - EarlyStopping counter: 6 out of 8
2024-01-02 12:19:19,531 - ***** Epoch: 32: Eval results *****
2024-01-02 12:19:19,531 -   train_loss = 0.0191
2024-01-02 12:19:19,531 -   best_eval_score = 0.6793
2024-01-02 12:19:19,531 -   eval_score = 0.6706
2024-01-02 12:19:19,531 - EarlyStopping counter: 7 out of 8
2024-01-02 12:19:42,038 - ***** Epoch: 33: Eval results *****
2024-01-02 12:19:42,038 -   train_loss = 0.0106
2024-01-02 12:19:42,038 -   best_eval_score = 0.6793
2024-01-02 12:19:42,038 -   eval_score = 0.6528
2024-01-02 12:19:42,038 - EarlyStopping counter: 8 out of 8
2024-01-02 12:19:42,038 - EarlyStopping at epoch 33
2024-01-02 12:19:42,039 - Training is finished...
2024-01-02 12:19:42,040 - Testing begins...
2024-01-02 12:19:45,887 - ***** Test: Confusion Matrix *****
2024-01-02 12:19:45,888 - [[32  0  0  0  5  0  7  1  0  3  1  0  6  2  0  0  0  0  0  0]
 [ 0 37  0  1  0  0  0  2  1  0  0  0  0  1  0  0  0  1  0  0]
 [ 1  0 26  0  0  0  0  0  0  0  0  0  0  0  0  0  0  0  0  0]
 [ 0  0  0 25  0  0  0  0  0  0  0  0  0  0  0  0  0  0  0  0]
 [ 2  0  0  0 12  0  4  0  0  0  0  1  0  1  1  0  0  2  0  0]
 [ 0  0  0  0  0 11  0  0  0  0  0  0  0  0  0  0  0  1  0  0]
 [ 2  0  0  0  1  0  5  0  1  0  0  0  1  0  1  0  1  0  0  0]
 [ 3  0  0  0  0  0  0  4  1  1  1  0  0  0  0  0  0  0  0  0]
 [ 2  0  0  0  0  0  1  2  3  0  0  0  0  2  0  0  0  0  0  0]
 [ 1  0  0  0  0  0  0  0  1  4  1  0  0  0  0  1  0  2  0  0]
 [ 1  0  0  0  0  0  1  1  0  0 14  0  0  0  0  0  1  0  0  0]
 [ 0  0  0  0  0  0  1  0  0  0  0 18  0  0  0  0  0  0  0  0]
 [ 2  0  0  1  0  0  0  3  2  0  0  0 30  5  3  2  4  0  1  4]
 [ 0  0  0  0  0  1  2  0  0  0  1  1  0 18  2  0  0  0  0  0]
 [ 0  0  0  0  0  0  1  0  0  0  0  0  0  2 13  0  3  0  0  3]
 [ 0  0  0  1  1  0  0  1  2  0  0  0  3  0  0 12  0  0  0  1]
 [ 0  0  0  0  0  0  0  0  0  0  0  0  2  0  0  0 14  0  0  1]
 [ 0  0  0  0  0  0  0  0  0  1  0  0  1  0  0  0  0 13  0  0]
 [ 0  0  0  0  0  0  0  0  0  0  0  0  3  0  0  1  0  0  8  0]
 [ 0  0  0  0  0  0  0  0  0  0  0  0  0  1  1  0  0  0  0  8]]
2024-01-02 12:19:45,888 - ***** Evaluation results *****
2024-01-02 12:19:45,889 -   acc = 0.6899
2024-01-02 12:19:45,889 -   f1 = 0.664
2024-01-02 12:19:45,889 -   prec = 0.664
2024-01-02 12:19:45,889 -   rec = 0.6815
2024-01-02 12:19:45,889 - Testing is finished...
2024-01-02 12:19:45,889 - Multimodal intent recognition is finished...
2024-01-02 12:19:45,889 - Results are saved in results/msz.csv
