2023-12-26 07:35:13,461 - ============================== Params ==============================
2023-12-26 07:35:13,461 - logger_name: msz_MIntRec_multi-class_seed-2_2023-12-26-07-35-13
2023-12-26 07:35:13,461 - dataset: MIntRec
2023-12-26 07:35:13,461 - data_mode: multi-class
2023-12-26 07:35:13,461 - method: msz
2023-12-26 07:35:13,461 - text_backbone: bert-base-uncased
2023-12-26 07:35:13,461 - text_backbone_path: /home/sharing/disk1/pretrained_embedding/bert/uncased_L-12_H-768_A-12/
2023-12-26 07:35:13,461 - seed: 2
2023-12-26 07:35:13,461 - num_workers: 8
2023-12-26 07:35:13,461 - gpu_id: 3
2023-12-26 07:35:13,462 - data_path: /home/sharing/disk2/sjh/intentDataset
2023-12-26 07:35:13,462 - train: True
2023-12-26 07:35:13,462 - tune: False
2023-12-26 07:35:13,462 - save_model: False
2023-12-26 07:35:13,462 - save_results: True
2023-12-26 07:35:13,462 - log_path: logs
2023-12-26 07:35:13,462 - cache_path: 
2023-12-26 07:35:13,462 - video_data_path: video_data
2023-12-26 07:35:13,462 - audio_data_path: audio_data
2023-12-26 07:35:13,462 - video_feats_path: video_feats.pkl
2023-12-26 07:35:13,462 - audio_feats_path: audio_feats.pkl
2023-12-26 07:35:13,462 - results_path: results
2023-12-26 07:35:13,462 - output_path: /home/sujianhua/Outputs/MIntRec
2023-12-26 07:35:13,462 - model_path: models
2023-12-26 07:35:13,462 - config_file_name: msz
2023-12-26 07:35:13,462 - results_file_name: msz.csv
2023-12-26 07:35:13,462 - padding_mode: zero
2023-12-26 07:35:13,462 - padding_loc: end
2023-12-26 07:35:13,462 - need_aligned: False
2023-12-26 07:35:13,462 - eval_monitor: f1
2023-12-26 07:35:13,462 - train_batch_size: 16
2023-12-26 07:35:13,462 - eval_batch_size: 8
2023-12-26 07:35:13,462 - test_batch_size: 8
2023-12-26 07:35:13,462 - wait_patience: 8
2023-12-26 07:35:13,462 - nheads: 2
2023-12-26 07:35:13,463 - encoder_layers: 2
2023-12-26 07:35:13,463 - attn_dropout: 0.1
2023-12-26 07:35:13,463 - relu_dropout: 0.1
2023-12-26 07:35:13,463 - embed_dropout: 0.1
2023-12-26 07:35:13,463 - res_dropout: 0.1
2023-12-26 07:35:13,463 - attn_mask: False
2023-12-26 07:35:13,463 - hidden_size: 768
2023-12-26 07:35:13,463 - num_attention_heads: 12
2023-12-26 07:35:13,463 - attention_probs_dropout_prob: 0.2
2023-12-26 07:35:13,463 - hidden_dropout_prob: 0.2
2023-12-26 07:35:13,463 - intermediate_size: 768
2023-12-26 07:35:13,463 - num_hidden_layers: 3
2023-12-26 07:35:13,463 - max_position_embeddings: 512
2023-12-26 07:35:13,463 - position_embedding_type: absolute
2023-12-26 07:35:13,463 - add_cross_attention: False
2023-12-26 07:35:13,463 - batch_first: True
2023-12-26 07:35:13,463 - hidden_dims: 768
2023-12-26 07:35:13,463 - att_dropouts: [0.1, 0.1, 0.1]
2023-12-26 07:35:13,463 - spe_dropouts: [0.1, 0.1, 0.1]
2023-12-26 07:35:13,463 - sl: 0.1
2023-12-26 07:35:13,463 - cl: 0.1
2023-12-26 07:35:13,463 - aligned_method: ctc
2023-12-26 07:35:13,463 - num_train_epochs: 100
2023-12-26 07:35:13,463 - warmup_proportion: 0.1
2023-12-26 07:35:13,463 - lr: 5e-06
2023-12-26 07:35:13,464 - weight_decay: 0.01
2023-12-26 07:35:13,464 - pred_output_path: /home/sujianhua/Outputs/MIntRec/msz_MIntRec_multi-class_seed-2_2023-12-26-07-35-13
2023-12-26 07:35:13,464 - model_output_path: /home/sujianhua/Outputs/MIntRec/msz_MIntRec_multi-class_seed-2_2023-12-26-07-35-13/models
2023-12-26 07:35:13,464 - ============================== End Params ==============================
2023-12-26 07:35:14,062 - Generate Text Features Begin...
2023-12-26 07:35:15,121 - Generate Text Features Finished...
2023-12-26 07:35:15,123 - Load Video Features Begin...
