2024-03-07 07:26:34,922 - ============================== Params ==============================
2024-03-07 07:26:34,922 - logger_name: msz_MIntRec2_multi-class_seed-5_2024-03-07-07-26-34
2024-03-07 07:26:34,922 - dataset: MIntRec2
2024-03-07 07:26:34,922 - data_mode: multi-class
2024-03-07 07:26:34,922 - method: msz
2024-03-07 07:26:34,922 - text_backbone: bert-base-uncased
2024-03-07 07:26:34,922 - text_backbone_path: /home/sharing/disk1/pretrained_embedding/bert/uncased_L-12_H-768_A-12/
2024-03-07 07:26:34,922 - seed: 5
2024-03-07 07:26:34,922 - num_workers: 8
2024-03-07 07:26:34,922 - gpu_id: 2
2024-03-07 07:26:34,922 - data_path: /home/sharing/disk2/sjh/intentDataset
2024-03-07 07:26:34,922 - train: True
2024-03-07 07:26:34,922 - tune: True
2024-03-07 07:26:34,922 - save_model: False
2024-03-07 07:26:34,922 - save_results: True
2024-03-07 07:26:34,922 - log_path: logs
2024-03-07 07:26:34,922 - cache_path: 
2024-03-07 07:26:34,922 - video_data_path: video_data
2024-03-07 07:26:34,922 - audio_data_path: audio_data
2024-03-07 07:26:34,923 - video_feats_path: video_feats.pkl
2024-03-07 07:26:34,923 - audio_feats_path: audio_feats.pkl
2024-03-07 07:26:34,923 - results_path: results
2024-03-07 07:26:34,923 - output_path: /home/sharing/disk2/sjh/Outputs/MIntRec2
2024-03-07 07:26:34,923 - model_path: models
2024-03-07 07:26:34,923 - config_file_name: msz_MIntRec2
2024-03-07 07:26:34,923 - results_file_name: msz.csv
2024-03-07 07:26:34,923 - padding_mode: zero
2024-03-07 07:26:34,923 - padding_loc: end
2024-03-07 07:26:34,923 - need_aligned: False
2024-03-07 07:26:34,923 - eval_monitor: f1
2024-03-07 07:26:34,923 - train_batch_size: 32
2024-03-07 07:26:34,923 - eval_batch_size: 16
2024-03-07 07:26:34,923 - test_batch_size: 16
2024-03-07 07:26:34,923 - wait_patience: 8
2024-03-07 07:26:34,923 - hidden_dims: 768
2024-03-07 07:26:34,923 - num_attention_heads: 10
2024-03-07 07:26:34,923 - attention_probs_dropout_prob: 0.2
2024-03-07 07:26:34,923 - hidden_dropout_prob: 0.1
2024-03-07 07:26:34,923 - intermediate_size: 768
2024-03-07 07:26:34,923 - num_hidden_layers: 8
2024-03-07 07:26:34,923 - max_position_embeddings: 768
2024-03-07 07:26:34,923 - position_embedding_type: absolute
2024-03-07 07:26:34,923 - batch_first: True
2024-03-07 07:26:34,923 - dropout: 0.2
2024-03-07 07:26:34,923 - aligned_method: conv1d
2024-03-07 07:26:34,923 - num_train_epochs: 100
2024-03-07 07:26:34,923 - lr: 4e-06
2024-03-07 07:26:34,923 - lr_mode: min
2024-03-07 07:26:34,923 - pred_output_path: /home/sharing/disk2/sjh/Outputs/MIntRec2/msz_MIntRec2_multi-class_seed-5_2024-03-07-07-26-34
2024-03-07 07:26:34,923 - model_output_path: /home/sharing/disk2/sjh/Outputs/MIntRec2/msz_MIntRec2_multi-class_seed-5_2024-03-07-07-26-34/models
2024-03-07 07:26:34,923 - ============================== End Params ==============================
2024-03-07 07:26:34,938 - Generate Text Features Begin...
2024-03-07 07:26:36,871 - Generate Text Features Finished...
2024-03-07 07:26:36,872 - Load Video Features Begin...
2024-03-07 07:27:15,083 - Load Video Features Finished...
2024-03-07 07:27:17,109 - Load Audio Features Begin...
2024-03-07 07:29:59,692 - Load Audio Features Finished...
2024-03-07 07:30:12,225 - method  begins...
