2024-03-01 06:45:01,593 - ============================== Params ==============================
2024-03-01 06:45:01,594 - logger_name: msz_MIntRec_multi-class_seed-1_2024-03-01-06-45-01
2024-03-01 06:45:01,594 - dataset: MIntRec
2024-03-01 06:45:01,594 - data_mode: multi-class
2024-03-01 06:45:01,594 - method: msz
2024-03-01 06:45:01,594 - text_backbone: bert-base-uncased
2024-03-01 06:45:01,594 - text_backbone_path: /home/sharing/disk1/pretrained_embedding/bert/uncased_L-12_H-768_A-12/
2024-03-01 06:45:01,594 - seed: 1
2024-03-01 06:45:01,594 - num_workers: 8
2024-03-01 06:45:01,594 - gpu_id: 3
2024-03-01 06:45:01,594 - data_path: /home/sharing/disk2/sjh/intentDataset
2024-03-01 06:45:01,594 - train: True
2024-03-01 06:45:01,594 - tune: True
2024-03-01 06:45:01,594 - save_model: True
2024-03-01 06:45:01,594 - save_results: True
2024-03-01 06:45:01,594 - log_path: logs
2024-03-01 06:45:01,594 - cache_path: 
2024-03-01 06:45:01,594 - video_data_path: video_data
2024-03-01 06:45:01,594 - audio_data_path: audio_data
2024-03-01 06:45:01,594 - video_feats_path: video_feats.pkl
2024-03-01 06:45:01,594 - audio_feats_path: audio_feats.pkl
2024-03-01 06:45:01,594 - results_path: results
2024-03-01 06:45:01,594 - output_path: /home/sharing/disk2/sjh/Outputs/MIntRec
2024-03-01 06:45:01,594 - model_path: models
2024-03-01 06:45:01,594 - config_file_name: msz_MIntRec
2024-03-01 06:45:01,594 - results_file_name: msz.csv
2024-03-01 06:45:01,594 - padding_mode: zero
2024-03-01 06:45:01,595 - padding_loc: end
2024-03-01 06:45:01,595 - need_aligned: False
2024-03-01 06:45:01,595 - eval_monitor: f1
2024-03-01 06:45:01,595 - train_batch_size: 16
2024-03-01 06:45:01,595 - eval_batch_size: 8
2024-03-01 06:45:01,595 - test_batch_size: 8
2024-03-01 06:45:01,595 - wait_patience: 8
2024-03-01 06:45:01,595 - hidden_size: 768
2024-03-01 06:45:01,595 - num_attention_heads: 12
2024-03-01 06:45:01,595 - attention_probs_dropout_prob: 0.1
2024-03-01 06:45:01,595 - hidden_dropout_prob: 0.2
2024-03-01 06:45:01,595 - intermediate_size: 768
2024-03-01 06:45:01,595 - num_hidden_layers: 4
2024-03-01 06:45:01,595 - max_position_embeddings: 768
2024-03-01 06:45:01,595 - position_embedding_type: absolute
2024-03-01 06:45:01,595 - batch_first: True
2024-03-01 06:45:01,595 - hidden_dims: 768
2024-03-01 06:45:01,595 - dropout: 0.5
2024-03-01 06:45:01,595 - aligned_method: ctc
2024-03-01 06:45:01,595 - num_train_epochs: 100
2024-03-01 06:45:01,595 - lr: 6e-06
2024-03-01 06:45:01,595 - pred_output_path: /home/sharing/disk2/sjh/Outputs/MIntRec/msz_MIntRec_multi-class_seed-1_2024-03-01-06-45-01
2024-03-01 06:45:01,595 - model_output_path: /home/sharing/disk2/sjh/Outputs/MIntRec/msz_MIntRec_multi-class_seed-1_2024-03-01-06-45-01/models
2024-03-01 06:45:01,595 - num_labels: 20
2024-03-01 06:45:01,595 - text_feat_dim: 768
2024-03-01 06:45:01,595 - video_feat_dim: 256
2024-03-01 06:45:01,595 - audio_feat_dim: 768
2024-03-01 06:45:01,596 - text_seq_len: 30
2024-03-01 06:45:01,596 - video_seq_len: 230
2024-03-01 06:45:01,596 - audio_seq_len: 480
2024-03-01 06:45:01,596 - device: cuda:3
2024-03-01 06:45:01,596 - ============================== End Params ==============================
2024-03-01 06:45:01,600 - Generate Text Features Begin...
2024-03-01 06:45:02,078 - Generate Text Features Finished...
2024-03-01 06:45:02,079 - Load Video Features Begin...
2024-03-01 06:45:02,369 - Load Video Features Finished...
2024-03-01 06:45:02,839 - Load Audio Features Begin...
2024-03-01 06:45:03,679 - Load Audio Features Finished...
2024-03-01 06:45:06,371 - method  begins...
2024-03-01 06:45:07,763 - Multimodal intent recognition begins...
2024-03-01 06:45:07,763 - Training begins...
2024-03-01 06:45:21,922 - ***** Epoch: 1: Eval results *****
2024-03-01 06:45:21,923 -   train_loss = 2.807
2024-03-01 06:45:21,923 -   best_eval_score = 0.0
2024-03-01 06:45:21,923 -   eval_score = 0.1104
2024-03-01 06:45:39,646 - ***** Epoch: 2: Eval results *****
2024-03-01 06:45:39,646 -   train_loss = 2.3048
2024-03-01 06:45:39,646 -   best_eval_score = 0.1104
2024-03-01 06:45:39,646 -   eval_score = 0.3318
2024-03-01 06:45:54,148 - ***** Epoch: 3: Eval results *****
2024-03-01 06:45:54,149 -   train_loss = 1.6233
2024-03-01 06:45:54,149 -   best_eval_score = 0.3318
2024-03-01 06:45:54,149 -   eval_score = 0.5034
2024-03-01 06:46:10,067 - ***** Epoch: 4: Eval results *****
2024-03-01 06:46:10,067 -   train_loss = 1.112
2024-03-01 06:46:10,067 -   best_eval_score = 0.5034
2024-03-01 06:46:10,068 -   eval_score = 0.5704
2024-03-01 06:46:26,807 - ***** Epoch: 5: Eval results *****
2024-03-01 06:46:26,808 -   train_loss = 0.7332
2024-03-01 06:46:26,808 -   best_eval_score = 0.5704
2024-03-01 06:46:26,808 -   eval_score = 0.6329
2024-03-01 06:46:41,253 - ***** Epoch: 6: Eval results *****
2024-03-01 06:46:41,253 -   train_loss = 0.4896
2024-03-01 06:46:41,253 -   best_eval_score = 0.6329
2024-03-01 06:46:41,253 -   eval_score = 0.6666
2024-03-01 06:46:58,568 - ***** Epoch: 7: Eval results *****
2024-03-01 06:46:58,568 -   train_loss = 0.3092
2024-03-01 06:46:58,568 -   best_eval_score = 0.6666
2024-03-01 06:46:58,569 -   eval_score = 0.6974
2024-03-01 06:47:12,979 - ***** Epoch: 8: Eval results *****
2024-03-01 06:47:12,979 -   train_loss = 0.2274
2024-03-01 06:47:12,979 -   best_eval_score = 0.6974
2024-03-01 06:47:12,979 -   eval_score = 0.6758
2024-03-01 06:47:12,979 - EarlyStopping counter: 1 out of 8
2024-03-01 06:47:27,392 - ***** Epoch: 9: Eval results *****
2024-03-01 06:47:27,393 -   train_loss = 0.1412
2024-03-01 06:47:27,393 -   best_eval_score = 0.6974
2024-03-01 06:47:27,393 -   eval_score = 0.708
2024-03-01 06:47:44,840 - ***** Epoch: 10: Eval results *****
2024-03-01 06:47:44,840 -   train_loss = 0.0944
2024-03-01 06:47:44,840 -   best_eval_score = 0.708
2024-03-01 06:47:44,840 -   eval_score = 0.6719
2024-03-01 06:47:44,840 - EarlyStopping counter: 1 out of 8
2024-03-01 06:47:59,382 - ***** Epoch: 11: Eval results *****
2024-03-01 06:47:59,382 -   train_loss = 0.0686
2024-03-01 06:47:59,383 -   best_eval_score = 0.708
2024-03-01 06:47:59,383 -   eval_score = 0.6905
2024-03-01 06:47:59,383 - EarlyStopping counter: 2 out of 8
2024-03-01 06:48:15,904 - ***** Epoch: 12: Eval results *****
2024-03-01 06:48:15,905 -   train_loss = 0.0635
2024-03-01 06:48:15,906 -   best_eval_score = 0.708
2024-03-01 06:48:15,906 -   eval_score = 0.6937
2024-03-01 06:48:15,906 - EarlyStopping counter: 3 out of 8
2024-03-01 06:48:31,153 - ***** Epoch: 13: Eval results *****
2024-03-01 06:48:31,153 -   train_loss = 0.0592
2024-03-01 06:48:31,153 -   best_eval_score = 0.708
2024-03-01 06:48:31,153 -   eval_score = 0.7031
2024-03-01 06:48:31,153 - EarlyStopping counter: 4 out of 8
2024-03-01 06:48:45,697 - ***** Epoch: 14: Eval results *****
2024-03-01 06:48:45,697 -   train_loss = 0.0564
2024-03-01 06:48:45,697 -   best_eval_score = 0.708
2024-03-01 06:48:45,697 -   eval_score = 0.6946
2024-03-01 06:48:45,697 - EarlyStopping counter: 5 out of 8
2024-03-01 06:49:03,257 - ***** Epoch: 15: Eval results *****
2024-03-01 06:49:03,257 -   train_loss = 0.0562
2024-03-01 06:49:03,257 -   best_eval_score = 0.708
2024-03-01 06:49:03,257 -   eval_score = 0.7004
2024-03-01 06:49:03,257 - EarlyStopping counter: 6 out of 8
2024-03-01 06:49:18,044 - ***** Epoch: 16: Eval results *****
2024-03-01 06:49:18,044 -   train_loss = 0.0519
2024-03-01 06:49:18,044 -   best_eval_score = 0.708
2024-03-01 06:49:18,044 -   eval_score = 0.7
2024-03-01 06:49:18,044 - EarlyStopping counter: 7 out of 8
2024-03-01 06:49:34,472 - ***** Epoch: 17: Eval results *****
2024-03-01 06:49:34,472 -   train_loss = 0.0484
2024-03-01 06:49:34,472 -   best_eval_score = 0.708
2024-03-01 06:49:34,473 -   eval_score = 0.6986
2024-03-01 06:49:34,473 - EarlyStopping counter: 8 out of 8
2024-03-01 06:49:34,473 - EarlyStopping at epoch 17
2024-03-01 06:49:34,474 - Trained models are saved in /home/sharing/disk2/sjh/Outputs/MIntRec/msz_MIntRec_multi-class_seed-1_2024-03-01-06-45-01/models
2024-03-01 06:49:36,790 - Training is finished...
2024-03-01 06:49:36,790 - Testing begins...
2024-03-01 06:49:40,483 - ***** Test: Confusion Matrix *****
2024-03-01 06:49:40,484 - [[31  2  0  0 13  0  1  1  0  3  1  0  3  2  0  0  0  0  0  0]
 [ 0 36  0  1  0  2  0  0  0  0  1  0  2  0  1  0  0  0  0  0]
 [ 1  0 26  0  0  0  0  0  0  0  0  0  0  0  0  0  0  0  0  0]
 [ 0  1  0 24  0  0  0  0  0  0  0  0  0  0  0  0  0  0  0  0]
 [ 4  0  0  0 12  0  0  0  0  0  0  1  2  1  0  0  0  3  0  0]
 [ 0  0  0  0  0 11  0  0  0  0  1  0  0  0  0  0  0  0  0  0]
 [ 0  1  0  0  4  0  3  0  2  0  0  0  1  0  1  0  0  0  0  0]
 [ 2  1  0  0  0  1  0  5  0  1  0  0  0  0  0  0  0  0  0  0]
 [ 1  0  0  0  0  0  0  2  4  0  0  0  0  2  0  1  0  0  0  0]
 [ 1  0  0  0  1  0  0  0  0  3  0  0  0  0  0  3  1  1  0  0]
 [ 1  0  0  0  0  0  1  0  0  1 14  0  0  0  1  0  0  0  0  0]
 [ 0  0  0  0  0  0  1  0  0  0  0 18  0  0  0  0  0  0  0  0]
 [ 3  2  0  0  1  0  0  0  0  0  0  1 37  4  6  0  3  0  0  0]
 [ 0  1  0  0  0  0  2  0  0  0  1  1  0 18  2  0  0  0  0  0]
 [ 0  0  0  0  1  0  0  0  0  0  0  0  0  2 17  0  1  0  0  1]
 [ 0  1  0  0  0  0  0  0  0  0  0  0  3  0  0 16  0  0  0  1]
 [ 0  0  0  0  0  0  0  0  0  0  0  0  2  0  3  0 12  0  0  0]
 [ 0  0  0  0  0  0  0  0  0  0  3  0  2  0  0  0  0 10  0  0]
 [ 0  0  0  0  0  0  0  0  0  0  0  0  2  0  0  1  0  0  9  0]
 [ 0  0  0  0  0  0  0  0  0  0  0  1  0  1  2  0  3  0  0  3]]
2024-03-01 06:49:40,484 - ***** Evaluation results *****
2024-03-01 06:49:40,484 -   acc = 0.6944
2024-03-01 06:49:40,484 -   f1 = 0.6619
2024-03-01 06:49:40,484 -   prec = 0.6814
2024-03-01 06:49:40,484 -   rec = 0.6622
2024-03-01 06:49:40,484 - Testing is finished...
2024-03-01 06:49:40,484 - Multimodal intent recognition is finished...
2024-03-01 06:49:40,484 - Results are saved in results/msz.csv
