2024-05-08 09:12:29,282 - ============================== Params ==============================
2024-05-08 09:12:29,282 - logger_name: msz_MIntRec_multi-class_seed-3_2024-05-08-09-12-29
2024-05-08 09:12:29,282 - dataset: MIntRec
2024-05-08 09:12:29,283 - data_mode: multi-class
2024-05-08 09:12:29,283 - method: msz
2024-05-08 09:12:29,283 - text_backbone: bert-base-uncased
2024-05-08 09:12:29,283 - text_backbone_path: /home/sharing/disk1/pretrained_embedding/bert/uncased_L-12_H-768_A-12/
2024-05-08 09:12:29,283 - seed: 3
2024-05-08 09:12:29,283 - num_workers: 8
2024-05-08 09:12:29,283 - gpu_id: 2
2024-05-08 09:12:29,283 - data_path: /home/sharing/disk2/sjh/intentDataset
2024-05-08 09:12:29,283 - train: True
2024-05-08 09:12:29,283 - tune: True
2024-05-08 09:12:29,283 - save_model: False
2024-05-08 09:12:29,283 - save_results: True
2024-05-08 09:12:29,283 - log_path: logs
2024-05-08 09:12:29,283 - cache_path: 
2024-05-08 09:12:29,283 - video_data_path: video_data
2024-05-08 09:12:29,283 - audio_data_path: audio_data
2024-05-08 09:12:29,283 - video_feats_path: video_feats.pkl
2024-05-08 09:12:29,283 - audio_feats_path: audio_feats.pkl
2024-05-08 09:12:29,283 - results_path: results
2024-05-08 09:12:29,283 - output_path: /home/sharing/disk2/sjh/Outputs/ablation_MIntRec
2024-05-08 09:12:29,283 - model_path: models
2024-05-08 09:12:29,283 - config_file_name: msz_MIntRec
2024-05-08 09:12:29,283 - results_file_name: ablation_msz.csv
2024-05-08 09:12:29,283 - ablation: no_audio
2024-05-08 09:12:29,283 - padding_mode: zero
2024-05-08 09:12:29,283 - padding_loc: end
2024-05-08 09:12:29,283 - need_aligned: False
2024-05-08 09:12:29,283 - eval_monitor: f1
2024-05-08 09:12:29,284 - train_batch_size: 16
2024-05-08 09:12:29,284 - eval_batch_size: 8
2024-05-08 09:12:29,284 - test_batch_size: 8
2024-05-08 09:12:29,284 - wait_patience: 8
2024-05-08 09:12:29,284 - hidden_dims: 768
2024-05-08 09:12:29,284 - num_attention_heads: 12
2024-05-08 09:12:29,284 - attention_probs_dropout_prob: 0.2
2024-05-08 09:12:29,284 - hidden_dropout_prob: 0.2
2024-05-08 09:12:29,284 - intermediate_size: 768
2024-05-08 09:12:29,284 - num_hidden_layers: 8
2024-05-08 09:12:29,284 - max_position_embeddings: 768
2024-05-08 09:12:29,284 - position_embedding_type: absolute
2024-05-08 09:12:29,284 - batch_first: True
2024-05-08 09:12:29,284 - dropout: 0.1
2024-05-08 09:12:29,284 - aligned_method: conv1d
2024-05-08 09:12:29,284 - num_train_epochs: 100
2024-05-08 09:12:29,284 - lr: 8e-06
2024-05-08 09:12:29,284 - lr_mode: max
2024-05-08 09:12:29,284 - patience: 8
2024-05-08 09:12:29,284 - factor: 0.1
2024-05-08 09:12:29,284 - pred_output_path: /home/sharing/disk2/sjh/Outputs/ablation_MIntRec/msz_MIntRec_multi-class_seed-3_2024-05-08-09-12-29
2024-05-08 09:12:29,284 - model_output_path: /home/sharing/disk2/sjh/Outputs/ablation_MIntRec/msz_MIntRec_multi-class_seed-3_2024-05-08-09-12-29/models
2024-05-08 09:12:29,284 - num_labels: 20
2024-05-08 09:12:29,284 - text_feat_dim: 768
2024-05-08 09:12:29,284 - video_feat_dim: 256
2024-05-08 09:12:29,284 - audio_feat_dim: 768
2024-05-08 09:12:29,284 - text_seq_len: 30
2024-05-08 09:12:29,284 - video_seq_len: 230
2024-05-08 09:12:29,285 - audio_seq_len: 480
2024-05-08 09:12:29,285 - device: cuda:2
2024-05-08 09:12:29,285 - ============================== End Params ==============================
2024-05-08 09:12:29,288 - Generate Text Features Begin...
2024-05-08 09:12:29,765 - Generate Text Features Finished...
2024-05-08 09:12:29,766 - Load Video Features Begin...
2024-05-08 09:12:30,045 - Load Video Features Finished...
2024-05-08 09:12:30,506 - Load Audio Features Begin...
2024-05-08 09:12:31,318 - Load Audio Features Finished...
2024-05-08 09:12:33,390 - method  begins...
2024-05-08 09:12:35,088 - Multimodal intent recognition begins...
2024-05-08 09:12:35,088 - Training begins...
2024-05-08 09:12:55,309 - ***** Epoch: 1: Eval results *****
2024-05-08 09:12:55,309 -   train_loss = 2.5381
2024-05-08 09:12:55,309 -   best_eval_score = 0.0
2024-05-08 09:12:55,309 -   eval_score = 0.3095
2024-05-08 09:13:15,364 - ***** Epoch: 2: Eval results *****
2024-05-08 09:13:15,365 -   train_loss = 1.4607
2024-05-08 09:13:15,365 -   best_eval_score = 0.3095
2024-05-08 09:13:15,365 -   eval_score = 0.5713
2024-05-08 09:13:35,406 - ***** Epoch: 3: Eval results *****
2024-05-08 09:13:35,406 -   train_loss = 0.7733
2024-05-08 09:13:35,406 -   best_eval_score = 0.5713
2024-05-08 09:13:35,406 -   eval_score = 0.6178
2024-05-08 09:13:55,647 - ***** Epoch: 4: Eval results *****
2024-05-08 09:13:55,648 -   train_loss = 0.4196
2024-05-08 09:13:55,648 -   best_eval_score = 0.6178
2024-05-08 09:13:55,648 -   eval_score = 0.6376
2024-05-08 09:14:15,598 - ***** Epoch: 5: Eval results *****
2024-05-08 09:14:15,598 -   train_loss = 0.2199
2024-05-08 09:14:15,598 -   best_eval_score = 0.6376
2024-05-08 09:14:15,598 -   eval_score = 0.6769
2024-05-08 09:14:35,375 - ***** Epoch: 6: Eval results *****
2024-05-08 09:14:35,375 -   train_loss = 0.1221
2024-05-08 09:14:35,375 -   best_eval_score = 0.6769
2024-05-08 09:14:35,375 -   eval_score = 0.6657
2024-05-08 09:14:35,375 - EarlyStopping counter: 1 out of 8
2024-05-08 09:14:55,146 - ***** Epoch: 7: Eval results *****
2024-05-08 09:14:55,146 -   train_loss = 0.0541
2024-05-08 09:14:55,146 -   best_eval_score = 0.6769
2024-05-08 09:14:55,146 -   eval_score = 0.6767
2024-05-08 09:14:55,146 - EarlyStopping counter: 2 out of 8
2024-05-08 09:15:15,720 - ***** Epoch: 8: Eval results *****
2024-05-08 09:15:15,721 -   train_loss = 0.0342
2024-05-08 09:15:15,721 -   best_eval_score = 0.6769
2024-05-08 09:15:15,721 -   eval_score = 0.6728
2024-05-08 09:15:15,721 - EarlyStopping counter: 3 out of 8
2024-05-08 09:15:35,854 - ***** Epoch: 9: Eval results *****
2024-05-08 09:15:35,854 -   train_loss = 0.0301
2024-05-08 09:15:35,854 -   best_eval_score = 0.6769
2024-05-08 09:15:35,854 -   eval_score = 0.6845
2024-05-08 09:15:56,432 - ***** Epoch: 10: Eval results *****
2024-05-08 09:15:56,432 -   train_loss = 0.0177
2024-05-08 09:15:56,432 -   best_eval_score = 0.6845
2024-05-08 09:15:56,432 -   eval_score = 0.6732
2024-05-08 09:15:56,432 - EarlyStopping counter: 1 out of 8
2024-05-08 09:16:16,191 - ***** Epoch: 11: Eval results *****
2024-05-08 09:16:16,191 -   train_loss = 0.0114
2024-05-08 09:16:16,191 -   best_eval_score = 0.6845
2024-05-08 09:16:16,191 -   eval_score = 0.6762
2024-05-08 09:16:16,191 - EarlyStopping counter: 2 out of 8
2024-05-08 09:16:36,460 - ***** Epoch: 12: Eval results *****
2024-05-08 09:16:36,460 -   train_loss = 0.0104
2024-05-08 09:16:36,460 -   best_eval_score = 0.6845
2024-05-08 09:16:36,460 -   eval_score = 0.6779
2024-05-08 09:16:36,460 - EarlyStopping counter: 3 out of 8
2024-05-08 09:16:56,651 - ***** Epoch: 13: Eval results *****
2024-05-08 09:16:56,652 -   train_loss = 0.01
2024-05-08 09:16:56,652 -   best_eval_score = 0.6845
2024-05-08 09:16:56,652 -   eval_score = 0.6842
2024-05-08 09:16:56,652 - EarlyStopping counter: 4 out of 8
2024-05-08 09:17:16,802 - ***** Epoch: 14: Eval results *****
2024-05-08 09:17:16,802 -   train_loss = 0.0098
2024-05-08 09:17:16,802 -   best_eval_score = 0.6845
2024-05-08 09:17:16,802 -   eval_score = 0.6827
2024-05-08 09:17:16,803 - EarlyStopping counter: 5 out of 8
2024-05-08 09:17:37,215 - ***** Epoch: 15: Eval results *****
2024-05-08 09:17:37,215 -   train_loss = 0.0113
2024-05-08 09:17:37,216 -   best_eval_score = 0.6845
2024-05-08 09:17:37,216 -   eval_score = 0.6844
2024-05-08 09:17:37,216 - EarlyStopping counter: 6 out of 8
2024-05-08 09:17:57,637 - ***** Epoch: 16: Eval results *****
2024-05-08 09:17:57,637 -   train_loss = 0.0097
2024-05-08 09:17:57,637 -   best_eval_score = 0.6845
2024-05-08 09:17:57,637 -   eval_score = 0.6852
2024-05-08 09:18:18,149 - ***** Epoch: 17: Eval results *****
2024-05-08 09:18:18,149 -   train_loss = 0.0088
2024-05-08 09:18:18,149 -   best_eval_score = 0.6852
2024-05-08 09:18:18,149 -   eval_score = 0.6869
2024-05-08 09:18:38,618 - ***** Epoch: 18: Eval results *****
2024-05-08 09:18:38,618 -   train_loss = 0.0086
2024-05-08 09:18:38,618 -   best_eval_score = 0.6869
2024-05-08 09:18:38,618 -   eval_score = 0.6837
2024-05-08 09:18:38,618 - EarlyStopping counter: 1 out of 8
2024-05-08 09:18:58,798 - ***** Epoch: 19: Eval results *****
2024-05-08 09:18:58,798 -   train_loss = 0.0088
2024-05-08 09:18:58,799 -   best_eval_score = 0.6869
2024-05-08 09:18:58,799 -   eval_score = 0.6869
2024-05-08 09:18:58,799 - EarlyStopping counter: 2 out of 8
2024-05-08 09:19:18,883 - ***** Epoch: 20: Eval results *****
2024-05-08 09:19:18,883 -   train_loss = 0.0087
2024-05-08 09:19:18,883 -   best_eval_score = 0.6869
2024-05-08 09:19:18,884 -   eval_score = 0.6869
2024-05-08 09:19:18,884 - EarlyStopping counter: 3 out of 8
2024-05-08 09:19:38,869 - ***** Epoch: 21: Eval results *****
2024-05-08 09:19:38,869 -   train_loss = 0.0079
2024-05-08 09:19:38,869 -   best_eval_score = 0.6869
2024-05-08 09:19:38,869 -   eval_score = 0.6869
2024-05-08 09:19:38,869 - EarlyStopping counter: 4 out of 8
2024-05-08 09:19:58,880 - ***** Epoch: 22: Eval results *****
2024-05-08 09:19:58,880 -   train_loss = 0.0085
2024-05-08 09:19:58,880 -   best_eval_score = 0.6869
2024-05-08 09:19:58,880 -   eval_score = 0.6847
2024-05-08 09:19:58,880 - EarlyStopping counter: 5 out of 8
2024-05-08 09:20:19,174 - ***** Epoch: 23: Eval results *****
2024-05-08 09:20:19,174 -   train_loss = 0.008
2024-05-08 09:20:19,174 -   best_eval_score = 0.6869
2024-05-08 09:20:19,175 -   eval_score = 0.6847
2024-05-08 09:20:19,175 - EarlyStopping counter: 6 out of 8
2024-05-08 09:20:39,507 - ***** Epoch: 24: Eval results *****
2024-05-08 09:20:39,507 -   train_loss = 0.0082
2024-05-08 09:20:39,507 -   best_eval_score = 0.6869
2024-05-08 09:20:39,507 -   eval_score = 0.6847
2024-05-08 09:20:39,507 - EarlyStopping counter: 7 out of 8
2024-05-08 09:20:59,449 - ***** Epoch: 25: Eval results *****
2024-05-08 09:20:59,449 -   train_loss = 0.0078
2024-05-08 09:20:59,449 -   best_eval_score = 0.6869
2024-05-08 09:20:59,449 -   eval_score = 0.6847
2024-05-08 09:20:59,449 - EarlyStopping counter: 8 out of 8
2024-05-08 09:20:59,449 - EarlyStopping at epoch 25
2024-05-08 09:20:59,452 - Training is finished...
2024-05-08 09:20:59,452 - Testing begins...
2024-05-08 09:21:02,942 - ***** Test: Confusion Matrix *****
2024-05-08 09:21:02,943 - [[41  1  0  0  6  0  2  1  0  1  1  0  3  1  0  0  0  0  0  0]
 [ 2 33  0  1  0  2  1  0  0  0  1  0  2  1  0  0  0  0  0  0]
 [ 1  0 26  0  0  0  0  0  0  0  0  0  0  0  0  0  0  0  0  0]
 [ 0  1  0 24  0  0  0  0  0  0  0  0  0  0  0  0  0  0  0  0]
 [ 4  0  0  0 12  0  3  0  0  0  0  1  1  0  1  0  0  1  0  0]
 [ 0  0  0  0  0 12  0  0  0  0  0  0  0  0  0  0  0  0  0  0]
 [ 2  1  0  0  2  0  2  0  2  0  0  1  1  0  0  1  0  0  0  0]
 [ 4  0  0  0  0  0  0  6  0  0  0  0  0  0  0  0  0  0  0  0]
 [ 2  0  0  0  0  0  0  1  5  0  0  0  0  2  0  0  0  0  0  0]
 [ 1  0  0  0  0  0  1  0  0  4  0  0  0  0  0  2  0  1  0  1]
 [ 1  0  0  0  0  0  1  0  0  1 14  0  0  0  1  0  0  0  0  0]
 [ 0  0  0  0  0  0  1  0  0  0  0 18  0  0  0  0  0  0  0  0]
 [ 3  3  0  0  0  0  0  0  1  0  0  2 40  1  3  0  3  0  0  1]
 [ 0  1  0  0  0  0  2  0  0  0  1  1  0 20  0  0  0  0  0  0]
 [ 0  0  0  0  0  0  0  0  1  0  0  0  2  1 17  0  1  0  0  0]
 [ 0  0  0  0  0  0  0  1  1  0  0  0  2  0  0 16  0  0  0  1]
 [ 0  0  0  0  0  0  0  0  0  0  0  0  2  0  1  0 14  0  0  0]
 [ 0  0  0  0  0  0  0  0  0  1  2  0  1  0  0  0  0 11  0  0]
 [ 0  0  0  0  0  0  0  0  0  0  0  0  2  0  0  1  0  0  9  0]
 [ 0  0  0  0  0  0  0  0  0  0  0  1  0  1  1  0  2  0  0  5]]
2024-05-08 09:21:02,943 - ***** Evaluation results *****
2024-05-08 09:21:02,943 -   acc = 0.7393
2024-05-08 09:21:02,943 -   f1 = 0.711
2024-05-08 09:21:02,943 -   prec = 0.7214
2024-05-08 09:21:02,944 -   rec = 0.7083
2024-05-08 09:21:02,944 - Testing is finished...
2024-05-08 09:21:02,944 - Multimodal intent recognition is finished...
2024-05-08 09:21:02,944 - Results are saved in results/ablation_msz.csv
