2024-03-02 05:33:45,226 - ============================== Params ==============================
2024-03-02 05:33:45,226 - logger_name: msz_MIntRec_multi-class_seed-2_2024-03-02-05-33-45
2024-03-02 05:33:45,226 - dataset: MIntRec
2024-03-02 05:33:45,226 - data_mode: multi-class
2024-03-02 05:33:45,226 - method: msz
2024-03-02 05:33:45,226 - text_backbone: bert-base-uncased
2024-03-02 05:33:45,226 - text_backbone_path: /home/sharing/disk1/pretrained_embedding/bert/uncased_L-12_H-768_A-12/
2024-03-02 05:33:45,226 - seed: 2
2024-03-02 05:33:45,226 - num_workers: 8
2024-03-02 05:33:45,226 - gpu_id: 3
2024-03-02 05:33:45,226 - data_path: /home/sharing/disk2/sjh/intentDataset
2024-03-02 05:33:45,226 - train: True
2024-03-02 05:33:45,226 - tune: True
2024-03-02 05:33:45,226 - save_model: True
2024-03-02 05:33:45,226 - save_results: True
2024-03-02 05:33:45,226 - log_path: logs
2024-03-02 05:33:45,226 - cache_path: 
2024-03-02 05:33:45,226 - video_data_path: video_data
2024-03-02 05:33:45,226 - audio_data_path: audio_data
2024-03-02 05:33:45,226 - video_feats_path: video_feats.pkl
2024-03-02 05:33:45,226 - audio_feats_path: audio_feats.pkl
2024-03-02 05:33:45,226 - results_path: results
2024-03-02 05:33:45,226 - output_path: /home/sharing/disk2/sjh/Outputs/MIntRec
2024-03-02 05:33:45,227 - model_path: models
2024-03-02 05:33:45,227 - config_file_name: msz_MIntRec
2024-03-02 05:33:45,227 - results_file_name: msz.csv
2024-03-02 05:33:45,227 - padding_mode: zero
2024-03-02 05:33:45,227 - padding_loc: end
2024-03-02 05:33:45,227 - need_aligned: False
2024-03-02 05:33:45,227 - eval_monitor: f1
2024-03-02 05:33:45,227 - train_batch_size: 16
2024-03-02 05:33:45,227 - eval_batch_size: 8
2024-03-02 05:33:45,227 - test_batch_size: 8
2024-03-02 05:33:45,227 - wait_patience: 8
2024-03-02 05:33:45,227 - hidden_size: 768
2024-03-02 05:33:45,227 - num_attention_heads: 12
2024-03-02 05:33:45,227 - attention_probs_dropout_prob: 0.2
2024-03-02 05:33:45,227 - hidden_dropout_prob: 0.2
2024-03-02 05:33:45,227 - intermediate_size: 768
2024-03-02 05:33:45,227 - num_hidden_layers: 8
2024-03-02 05:33:45,227 - max_position_embeddings: 768
2024-03-02 05:33:45,227 - position_embedding_type: absolute
2024-03-02 05:33:45,227 - batch_first: True
2024-03-02 05:33:45,227 - hidden_dims: 768
2024-03-02 05:33:45,227 - dropout: 0.1
2024-03-02 05:33:45,227 - aligned_method: ctc
2024-03-02 05:33:45,227 - num_train_epochs: 100
2024-03-02 05:33:45,227 - lr: 1e-05
2024-03-02 05:33:45,227 - pred_output_path: /home/sharing/disk2/sjh/Outputs/MIntRec/msz_MIntRec_multi-class_seed-2_2024-03-02-05-33-45
2024-03-02 05:33:45,227 - model_output_path: /home/sharing/disk2/sjh/Outputs/MIntRec/msz_MIntRec_multi-class_seed-2_2024-03-02-05-33-45/models
2024-03-02 05:33:45,227 - ============================== End Params ==============================
2024-03-02 05:33:45,230 - Generate Text Features Begin...
2024-03-02 05:33:45,713 - Generate Text Features Finished...
2024-03-02 05:33:45,713 - Load Video Features Begin...
2024-03-02 05:33:46,030 - Load Video Features Finished...
2024-03-02 05:33:46,596 - Load Audio Features Begin...
2024-03-02 05:33:47,617 - Load Audio Features Finished...
2024-03-02 05:33:51,085 - method  begins...
2024-03-02 05:33:54,261 - Multimodal intent recognition begins...
2024-03-02 05:33:54,261 - Training begins...
2024-03-02 05:34:16,197 - ***** Epoch: 1: Eval results *****
2024-03-02 05:34:16,197 -   train_loss = 2.4369
2024-03-02 05:34:16,197 -   best_eval_score = 0.0
2024-03-02 05:34:16,197 -   eval_score = 0.3701
2024-03-02 05:34:37,612 - ***** Epoch: 2: Eval results *****
2024-03-02 05:34:37,613 -   train_loss = 1.2903
2024-03-02 05:34:37,613 -   best_eval_score = 0.3701
2024-03-02 05:34:37,613 -   eval_score = 0.5495
2024-03-02 05:34:57,134 - ***** Epoch: 3: Eval results *****
2024-03-02 05:34:57,134 -   train_loss = 0.6334
2024-03-02 05:34:57,134 -   best_eval_score = 0.5495
2024-03-02 05:34:57,134 -   eval_score = 0.6344
2024-03-02 05:35:16,979 - ***** Epoch: 4: Eval results *****
2024-03-02 05:35:16,979 -   train_loss = 0.3233
2024-03-02 05:35:16,979 -   best_eval_score = 0.6344
2024-03-02 05:35:16,979 -   eval_score = 0.6693
2024-03-02 05:35:36,788 - ***** Epoch: 5: Eval results *****
2024-03-02 05:35:36,788 -   train_loss = 0.1493
2024-03-02 05:35:36,788 -   best_eval_score = 0.6693
2024-03-02 05:35:36,788 -   eval_score = 0.675
2024-03-02 05:35:56,802 - ***** Epoch: 6: Eval results *****
2024-03-02 05:35:56,803 -   train_loss = 0.0672
2024-03-02 05:35:56,803 -   best_eval_score = 0.675
2024-03-02 05:35:56,803 -   eval_score = 0.692
2024-03-02 05:36:16,678 - ***** Epoch: 7: Eval results *****
2024-03-02 05:36:16,678 -   train_loss = 0.0421
2024-03-02 05:36:16,678 -   best_eval_score = 0.692
2024-03-02 05:36:16,678 -   eval_score = 0.7001
2024-03-02 05:36:37,026 - ***** Epoch: 8: Eval results *****
2024-03-02 05:36:37,027 -   train_loss = 0.0185
2024-03-02 05:36:37,027 -   best_eval_score = 0.7001
2024-03-02 05:36:37,027 -   eval_score = 0.6975
2024-03-02 05:36:37,027 - EarlyStopping counter: 1 out of 8
2024-03-02 05:36:57,519 - ***** Epoch: 9: Eval results *****
2024-03-02 05:36:57,519 -   train_loss = 0.0146
2024-03-02 05:36:57,519 -   best_eval_score = 0.7001
2024-03-02 05:36:57,519 -   eval_score = 0.7056
2024-03-02 05:37:17,837 - ***** Epoch: 10: Eval results *****
2024-03-02 05:37:17,837 -   train_loss = 0.0098
2024-03-02 05:37:17,837 -   best_eval_score = 0.7056
2024-03-02 05:37:17,837 -   eval_score = 0.6928
2024-03-02 05:37:17,837 - EarlyStopping counter: 1 out of 8
2024-03-02 05:37:38,326 - ***** Epoch: 11: Eval results *****
2024-03-02 05:37:38,326 -   train_loss = 0.0076
2024-03-02 05:37:38,326 -   best_eval_score = 0.7056
2024-03-02 05:37:38,326 -   eval_score = 0.6943
2024-03-02 05:37:38,326 - EarlyStopping counter: 2 out of 8
2024-03-02 05:37:58,690 - ***** Epoch: 12: Eval results *****
2024-03-02 05:37:58,690 -   train_loss = 0.0077
2024-03-02 05:37:58,690 -   best_eval_score = 0.7056
2024-03-02 05:37:58,690 -   eval_score = 0.7043
2024-03-02 05:37:58,690 - EarlyStopping counter: 3 out of 8
2024-03-02 05:38:19,000 - ***** Epoch: 13: Eval results *****
2024-03-02 05:38:19,000 -   train_loss = 0.0069
2024-03-02 05:38:19,000 -   best_eval_score = 0.7056
2024-03-02 05:38:19,000 -   eval_score = 0.7039
2024-03-02 05:38:19,000 - EarlyStopping counter: 4 out of 8
2024-03-02 05:38:39,808 - ***** Epoch: 14: Eval results *****
2024-03-02 05:38:39,809 -   train_loss = 0.0067
2024-03-02 05:38:39,809 -   best_eval_score = 0.7056
2024-03-02 05:38:39,809 -   eval_score = 0.6994
2024-03-02 05:38:39,809 - EarlyStopping counter: 5 out of 8
2024-03-02 05:38:59,844 - ***** Epoch: 15: Eval results *****
2024-03-02 05:38:59,845 -   train_loss = 0.0069
2024-03-02 05:38:59,845 -   best_eval_score = 0.7056
2024-03-02 05:38:59,845 -   eval_score = 0.6976
2024-03-02 05:38:59,845 - EarlyStopping counter: 6 out of 8
2024-03-02 05:39:20,163 - ***** Epoch: 16: Eval results *****
2024-03-02 05:39:20,163 -   train_loss = 0.006
2024-03-02 05:39:20,163 -   best_eval_score = 0.7056
2024-03-02 05:39:20,163 -   eval_score = 0.7077
2024-03-02 05:39:40,216 - ***** Epoch: 17: Eval results *****
2024-03-02 05:39:40,217 -   train_loss = 0.0057
2024-03-02 05:39:40,217 -   best_eval_score = 0.7077
2024-03-02 05:39:40,217 -   eval_score = 0.708
2024-03-02 05:40:00,139 - ***** Epoch: 18: Eval results *****
2024-03-02 05:40:00,139 -   train_loss = 0.0058
2024-03-02 05:40:00,139 -   best_eval_score = 0.708
2024-03-02 05:40:00,139 -   eval_score = 0.708
2024-03-02 05:40:00,139 - EarlyStopping counter: 1 out of 8
2024-03-02 05:40:20,228 - ***** Epoch: 19: Eval results *****
2024-03-02 05:40:20,229 -   train_loss = 0.0056
2024-03-02 05:40:20,229 -   best_eval_score = 0.708
2024-03-02 05:40:20,229 -   eval_score = 0.7044
2024-03-02 05:40:20,229 - EarlyStopping counter: 2 out of 8
2024-03-02 05:40:39,606 - ***** Epoch: 20: Eval results *****
2024-03-02 05:40:39,607 -   train_loss = 0.0054
2024-03-02 05:40:39,607 -   best_eval_score = 0.708
2024-03-02 05:40:39,607 -   eval_score = 0.7044
2024-03-02 05:40:39,607 - EarlyStopping counter: 3 out of 8
2024-03-02 05:40:59,480 - ***** Epoch: 21: Eval results *****
2024-03-02 05:40:59,480 -   train_loss = 0.0056
2024-03-02 05:40:59,480 -   best_eval_score = 0.708
2024-03-02 05:40:59,480 -   eval_score = 0.7044
2024-03-02 05:40:59,480 - EarlyStopping counter: 4 out of 8
2024-03-02 05:41:19,111 - ***** Epoch: 22: Eval results *****
2024-03-02 05:41:19,111 -   train_loss = 0.0053
2024-03-02 05:41:19,111 -   best_eval_score = 0.708
2024-03-02 05:41:19,111 -   eval_score = 0.7044
2024-03-02 05:41:19,111 - EarlyStopping counter: 5 out of 8
2024-03-02 05:41:39,512 - ***** Epoch: 23: Eval results *****
2024-03-02 05:41:39,513 -   train_loss = 0.0056
2024-03-02 05:41:39,513 -   best_eval_score = 0.708
2024-03-02 05:41:39,513 -   eval_score = 0.7044
2024-03-02 05:41:39,513 - EarlyStopping counter: 6 out of 8
2024-03-02 05:41:59,571 - ***** Epoch: 24: Eval results *****
2024-03-02 05:41:59,572 -   train_loss = 0.0054
2024-03-02 05:41:59,572 -   best_eval_score = 0.708
2024-03-02 05:41:59,572 -   eval_score = 0.7044
2024-03-02 05:41:59,572 - EarlyStopping counter: 7 out of 8
2024-03-02 05:42:19,399 - ***** Epoch: 25: Eval results *****
2024-03-02 05:42:19,399 -   train_loss = 0.0052
2024-03-02 05:42:19,399 -   best_eval_score = 0.708
2024-03-02 05:42:19,399 -   eval_score = 0.7044
2024-03-02 05:42:19,399 - EarlyStopping counter: 8 out of 8
2024-03-02 05:42:19,399 - EarlyStopping at epoch 25
2024-03-02 05:42:19,399 - Trained models are saved in /home/sharing/disk2/sjh/Outputs/MIntRec/msz_MIntRec_multi-class_seed-2_2024-03-02-05-33-45/models
2024-03-02 05:42:20,472 - Training is finished...
2024-03-02 05:42:20,473 - Testing begins...
2024-03-02 05:42:23,457 - ***** Test: Confusion Matrix *****
2024-03-02 05:42:23,457 - [[36  2  0  0  8  0  3  1  0  1  1  0  4  1  0  0  0  0  0  0]
 [ 0 34  0  1  0  3  1  0  1  0  0  0  2  1  0  0  0  0  0  0]
 [ 1  0 26  0  0  0  0  0  0  0  0  0  0  0  0  0  0  0  0  0]
 [ 0  1  0 24  0  0  0  0  0  0  0  0  0  0  0  0  0  0  0  0]
 [ 3  0  0  0 13  0  2  0  0  0  0  1  2  1  0  0  0  1  0  0]
 [ 0  0  0  0  0 12  0  0  0  0  0  0  0  0  0  0  0  0  0  0]
 [ 1  1  0  0  3  0  2  1  2  0  0  0  1  0  0  0  1  0  0  0]
 [ 3  1  0  0  0  0  0  5  0  1  0  0  0  0  0  0  0  0  0  0]
 [ 1  0  0  0  0  0  0  2  5  0  0  0  1  0  0  1  0  0  0  0]
 [ 1  0  0  0  0  0  1  0  0  3  0  0  0  0  0  3  0  1  0  1]
 [ 1  0  0  0  0  0  1  0  0  2 12  0  0  0  1  0  1  0  0  0]
 [ 0  0  0  0  1  0  1  0  0  0  0 16  0  0  0  0  0  0  0  1]
 [ 3  1  0  0  1  0  0  0  0  0  1  1 41  2  3  2  2  0  0  0]
 [ 0  1  0  0  0  0  2  0  0  0  1  1  0 20  0  0  0  0  0  0]
 [ 0  0  0  0  1  0  0  0  0  0  0  0  1  2 17  0  1  0  0  0]
 [ 0  0  0  0  0  0  0  1  0  0  0  0  4  0  0 15  0  0  0  1]
 [ 0  0  0  0  0  0  0  0  0  0  0  0  3  0  1  0 13  0  0  0]
 [ 0  0  0  0  0  0  0  0  0  1  1  0  2  0  0  0  0 11  0  0]
 [ 0  0  0  0  0  0  0  0  0  0  0  0  2  0  0  1  0  0  9  0]
 [ 1  0  0  0  0  0  0  0  0  0  0  0  1  1  1  0  1  0  0  5]]
2024-03-02 05:42:23,457 - ***** Evaluation results *****
2024-03-02 05:42:23,457 -   acc = 0.7169
2024-03-02 05:42:23,457 -   f1 = 0.6865
2024-03-02 05:42:23,457 -   prec = 0.6977
2024-03-02 05:42:23,458 -   rec = 0.682
2024-03-02 05:42:23,458 - Testing is finished...
2024-03-02 05:42:23,458 - Multimodal intent recognition is finished...
2024-03-02 05:42:23,458 - Results are saved in results/msz.csv
