2024-02-29 09:00:11,783 - ============================== Params ==============================
2024-02-29 09:00:11,783 - logger_name: msz_MIntRec2_multi-class_seed-1_2024-02-29-09-00-11
2024-02-29 09:00:11,783 - dataset: MIntRec2
2024-02-29 09:00:11,783 - data_mode: multi-class
2024-02-29 09:00:11,783 - method: msz
2024-02-29 09:00:11,783 - text_backbone: bert-base-uncased
2024-02-29 09:00:11,783 - text_backbone_path: /home/sharing/disk1/pretrained_embedding/bert/uncased_L-12_H-768_A-12/
2024-02-29 09:00:11,783 - seed: 1
2024-02-29 09:00:11,783 - num_workers: 8
2024-02-29 09:00:11,783 - gpu_id: 3
2024-02-29 09:00:11,783 - data_path: /home/sharing/disk2/sjh/intentDataset
2024-02-29 09:00:11,783 - train: True
2024-02-29 09:00:11,784 - tune: False
2024-02-29 09:00:11,784 - save_model: True
2024-02-29 09:00:11,784 - save_results: True
2024-02-29 09:00:11,784 - log_path: logs
2024-02-29 09:00:11,784 - cache_path: 
2024-02-29 09:00:11,784 - video_data_path: video_data
2024-02-29 09:00:11,784 - audio_data_path: audio_data
2024-02-29 09:00:11,784 - video_feats_path: video_feats.pkl
2024-02-29 09:00:11,784 - audio_feats_path: audio_feats.pkl
2024-02-29 09:00:11,784 - results_path: results
2024-02-29 09:00:11,784 - output_path: /home/sharing/disk2/sjh/Outputs/MIntRec2
2024-02-29 09:00:11,784 - model_path: models
2024-02-29 09:00:11,784 - config_file_name: msz_MIntRec2
2024-02-29 09:00:11,784 - results_file_name: msz.csv
2024-02-29 09:00:11,784 - padding_mode: zero
2024-02-29 09:00:11,784 - padding_loc: end
2024-02-29 09:00:11,784 - need_aligned: False
2024-02-29 09:00:11,784 - eval_monitor: f1
2024-02-29 09:00:11,784 - train_batch_size: 4
2024-02-29 09:00:11,784 - eval_batch_size: 2
2024-02-29 09:00:11,784 - test_batch_size: 2
2024-02-29 09:00:11,784 - wait_patience: 8
2024-02-29 09:00:11,784 - hidden_size: 768
2024-02-29 09:00:11,784 - num_attention_heads: 12
2024-02-29 09:00:11,784 - attention_probs_dropout_prob: 0.2
2024-02-29 09:00:11,784 - hidden_dropout_prob: 0.2
2024-02-29 09:00:11,784 - intermediate_size: 768
2024-02-29 09:00:11,784 - num_hidden_layers: 8
2024-02-29 09:00:11,784 - max_position_embeddings: 768
2024-02-29 09:00:11,784 - position_embedding_type: absolute
2024-02-29 09:00:11,784 - batch_first: True
2024-02-29 09:00:11,784 - hidden_dims: 768
2024-02-29 09:00:11,784 - dropout: 0.1
2024-02-29 09:00:11,784 - aligned_method: conv1d
2024-02-29 09:00:11,784 - num_train_epochs: 100
2024-02-29 09:00:11,784 - lr: 8e-06
2024-02-29 09:00:11,784 - pred_output_path: /home/sharing/disk2/sjh/Outputs/MIntRec2/msz_MIntRec2_multi-class_seed-1_2024-02-29-09-00-11
2024-02-29 09:00:11,785 - model_output_path: /home/sharing/disk2/sjh/Outputs/MIntRec2/msz_MIntRec2_multi-class_seed-1_2024-02-29-09-00-11/models
2024-02-29 09:00:11,785 - ============================== End Params ==============================
2024-02-29 09:00:11,799 - Generate Text Features Begin...
2024-02-29 09:00:13,745 - Generate Text Features Finished...
2024-02-29 09:00:13,746 - Load Video Features Begin...
2024-02-29 09:00:14,814 - Load Video Features Finished...
2024-02-29 09:00:17,005 - Load Audio Features Begin...
2024-02-29 09:00:21,743 - Load Audio Features Finished...
2024-02-29 09:00:35,128 - method  begins...
2024-02-29 09:00:39,920 - Multimodal intent recognition begins...
2024-02-29 09:00:39,920 - Training begins...
