2024-01-02 08:06:00,932 - ============================== Params ==============================
2024-01-02 08:06:00,932 - logger_name: msz_MIntRec_multi-class_seed-2_2024-01-02-08-06-00
2024-01-02 08:06:00,932 - dataset: MIntRec
2024-01-02 08:06:00,932 - data_mode: multi-class
2024-01-02 08:06:00,932 - method: msz
2024-01-02 08:06:00,932 - text_backbone: bert-base-uncased
2024-01-02 08:06:00,932 - text_backbone_path: /home/sharing/disk1/pretrained_embedding/bert/uncased_L-12_H-768_A-12/
2024-01-02 08:06:00,932 - seed: 2
2024-01-02 08:06:00,932 - num_workers: 8
2024-01-02 08:06:00,932 - gpu_id: 1
2024-01-02 08:06:00,932 - data_path: /home/sharing/disk2/sjh/intentDataset
2024-01-02 08:06:00,932 - train: True
2024-01-02 08:06:00,932 - tune: False
2024-01-02 08:06:00,932 - save_model: False
2024-01-02 08:06:00,932 - save_results: True
2024-01-02 08:06:00,932 - log_path: logs
2024-01-02 08:06:00,932 - cache_path: 
2024-01-02 08:06:00,932 - video_data_path: video_data
2024-01-02 08:06:00,932 - audio_data_path: audio_data
2024-01-02 08:06:00,932 - video_feats_path: video_feats.pkl
2024-01-02 08:06:00,933 - audio_feats_path: audio_feats.pkl
2024-01-02 08:06:00,933 - results_path: results
2024-01-02 08:06:00,933 - output_path: /home/sujianhua/Outputs/MIntRec
2024-01-02 08:06:00,933 - model_path: models
2024-01-02 08:06:00,933 - config_file_name: msz
2024-01-02 08:06:00,933 - results_file_name: msz.csv
2024-01-02 08:06:00,933 - padding_mode: zero
2024-01-02 08:06:00,933 - padding_loc: end
2024-01-02 08:06:00,933 - need_aligned: False
2024-01-02 08:06:00,933 - eval_monitor: f1
2024-01-02 08:06:00,933 - train_batch_size: 16
2024-01-02 08:06:00,933 - eval_batch_size: 8
2024-01-02 08:06:00,933 - test_batch_size: 8
2024-01-02 08:06:00,933 - wait_patience: 8
2024-01-02 08:06:00,933 - nheads: 2
2024-01-02 08:06:00,933 - encoder_layers: 2
2024-01-02 08:06:00,933 - attn_dropout: 0.1
2024-01-02 08:06:00,933 - relu_dropout: 0.1
2024-01-02 08:06:00,933 - embed_dropout: 0.1
2024-01-02 08:06:00,933 - res_dropout: 0.1
2024-01-02 08:06:00,933 - attn_mask: False
2024-01-02 08:06:00,933 - hidden_size: 768
2024-01-02 08:06:00,933 - num_attention_heads: 12
2024-01-02 08:06:00,933 - attention_probs_dropout_prob: 0.2
2024-01-02 08:06:00,933 - hidden_dropout_prob: 0.2
2024-01-02 08:06:00,933 - intermediate_size: 768
2024-01-02 08:06:00,933 - num_hidden_layers: 3
2024-01-02 08:06:00,933 - max_position_embeddings: 512
2024-01-02 08:06:00,933 - position_embedding_type: absolute
2024-01-02 08:06:00,934 - batch_first: True
2024-01-02 08:06:00,934 - hidden_dims: 768
2024-01-02 08:06:00,934 - att_dropouts: [0.2, 0.2, 0.2]
2024-01-02 08:06:00,934 - spe_dropouts: [0.1, 0.1, 0.1]
2024-01-02 08:06:00,934 - ta_loss: 0.01
2024-01-02 08:06:00,934 - tv_loss: 0.01
2024-01-02 08:06:00,934 - av_loss: 0.01
2024-01-02 08:06:00,934 - aligned_method: conv1d
2024-01-02 08:06:00,934 - grad_clip: 2
2024-01-02 08:06:00,934 - num_train_epochs: 100
2024-01-02 08:06:00,934 - warmup_proportion: 0.1
2024-01-02 08:06:00,934 - lr: 1e-06
2024-01-02 08:06:00,934 - weight_decay: 0.02
2024-01-02 08:06:00,934 - pred_output_path: /home/sujianhua/Outputs/MIntRec/msz_MIntRec_multi-class_seed-2_2024-01-02-08-06-00
2024-01-02 08:06:00,934 - model_output_path: /home/sujianhua/Outputs/MIntRec/msz_MIntRec_multi-class_seed-2_2024-01-02-08-06-00/models
2024-01-02 08:06:00,934 - ============================== End Params ==============================
2024-01-02 08:06:00,938 - Generate Text Features Begin...
2024-01-02 08:06:01,364 - Generate Text Features Finished...
2024-01-02 08:06:01,364 - Load Video Features Begin...
2024-01-02 08:06:01,638 - Load Video Features Finished...
2024-01-02 08:06:02,157 - Load Audio Features Begin...
2024-01-02 08:06:03,086 - Load Audio Features Finished...
2024-01-02 08:06:07,036 - method  begins...
2024-01-02 08:06:10,097 - Multimodal intent recognition begins...
2024-01-02 08:06:10,097 - Training begins...
