2024-03-01 18:24:28,706 - ============================== Params ==============================
2024-03-01 18:24:28,706 - logger_name: msz_MIntRec_multi-class_seed-1_2024-03-01-18-24-28
2024-03-01 18:24:28,706 - dataset: MIntRec
2024-03-01 18:24:28,706 - data_mode: multi-class
2024-03-01 18:24:28,706 - method: msz
2024-03-01 18:24:28,706 - text_backbone: bert-base-uncased
2024-03-01 18:24:28,706 - text_backbone_path: /home/sharing/disk1/pretrained_embedding/bert/uncased_L-12_H-768_A-12/
2024-03-01 18:24:28,706 - seed: 1
2024-03-01 18:24:28,707 - num_workers: 8
2024-03-01 18:24:28,707 - gpu_id: 3
2024-03-01 18:24:28,707 - data_path: /home/sharing/disk2/sjh/intentDataset
2024-03-01 18:24:28,707 - train: True
2024-03-01 18:24:28,707 - tune: True
2024-03-01 18:24:28,707 - save_model: True
2024-03-01 18:24:28,707 - save_results: True
2024-03-01 18:24:28,707 - log_path: logs
2024-03-01 18:24:28,707 - cache_path: 
2024-03-01 18:24:28,707 - video_data_path: video_data
2024-03-01 18:24:28,707 - audio_data_path: audio_data
2024-03-01 18:24:28,707 - video_feats_path: video_feats.pkl
2024-03-01 18:24:28,707 - audio_feats_path: audio_feats.pkl
2024-03-01 18:24:28,707 - results_path: results
2024-03-01 18:24:28,707 - output_path: /home/sharing/disk2/sjh/Outputs/MIntRec
2024-03-01 18:24:28,707 - model_path: models
2024-03-01 18:24:28,707 - config_file_name: msz_MIntRec
2024-03-01 18:24:28,707 - results_file_name: msz.csv
2024-03-01 18:24:28,707 - padding_mode: zero
2024-03-01 18:24:28,707 - padding_loc: end
2024-03-01 18:24:28,707 - need_aligned: False
2024-03-01 18:24:28,707 - eval_monitor: f1
2024-03-01 18:24:28,707 - train_batch_size: 16
2024-03-01 18:24:28,707 - eval_batch_size: 8
2024-03-01 18:24:28,707 - test_batch_size: 8
2024-03-01 18:24:28,707 - wait_patience: 8
2024-03-01 18:24:28,707 - hidden_size: 768
2024-03-01 18:24:28,707 - num_attention_heads: 12
2024-03-01 18:24:28,707 - attention_probs_dropout_prob: 0.1
2024-03-01 18:24:28,707 - hidden_dropout_prob: 0.3
2024-03-01 18:24:28,707 - intermediate_size: 768
2024-03-01 18:24:28,707 - num_hidden_layers: 8
2024-03-01 18:24:28,707 - max_position_embeddings: 768
2024-03-01 18:24:28,707 - position_embedding_type: absolute
2024-03-01 18:24:28,707 - batch_first: True
2024-03-01 18:24:28,707 - hidden_dims: 768
2024-03-01 18:24:28,707 - dropout: 0.3
2024-03-01 18:24:28,707 - aligned_method: conv1d
2024-03-01 18:24:28,707 - num_train_epochs: 100
2024-03-01 18:24:28,707 - lr: 1e-05
2024-03-01 18:24:28,708 - pred_output_path: /home/sharing/disk2/sjh/Outputs/MIntRec/msz_MIntRec_multi-class_seed-1_2024-03-01-18-24-28
2024-03-01 18:24:28,708 - model_output_path: /home/sharing/disk2/sjh/Outputs/MIntRec/msz_MIntRec_multi-class_seed-1_2024-03-01-18-24-28/models
2024-03-01 18:24:28,708 - num_labels: 20
2024-03-01 18:24:28,708 - text_feat_dim: 768
2024-03-01 18:24:28,708 - video_feat_dim: 256
2024-03-01 18:24:28,708 - audio_feat_dim: 768
2024-03-01 18:24:28,708 - text_seq_len: 30
2024-03-01 18:24:28,708 - video_seq_len: 230
2024-03-01 18:24:28,708 - audio_seq_len: 480
2024-03-01 18:24:28,708 - device: cuda:3
2024-03-01 18:24:28,708 - ============================== End Params ==============================
2024-03-01 18:24:28,711 - Generate Text Features Begin...
2024-03-01 18:24:29,165 - Generate Text Features Finished...
2024-03-01 18:24:29,165 - Load Video Features Begin...
2024-03-01 18:24:29,448 - Load Video Features Finished...
2024-03-01 18:24:29,924 - Load Audio Features Begin...
2024-03-01 18:24:30,711 - Load Audio Features Finished...
2024-03-01 18:24:33,004 - method  begins...
2024-03-01 18:24:34,737 - Multimodal intent recognition begins...
2024-03-01 18:24:34,737 - Training begins...
2024-03-01 18:24:54,626 - ***** Epoch: 1: Eval results *****
2024-03-01 18:24:54,626 -   train_loss = 2.513
2024-03-01 18:24:54,626 -   best_eval_score = 0.0
2024-03-01 18:24:54,626 -   eval_score = 0.3031
2024-03-01 18:25:14,905 - ***** Epoch: 2: Eval results *****
2024-03-01 18:25:14,905 -   train_loss = 1.4169
2024-03-01 18:25:14,905 -   best_eval_score = 0.3031
2024-03-01 18:25:14,905 -   eval_score = 0.5414
2024-03-01 18:25:35,214 - ***** Epoch: 3: Eval results *****
2024-03-01 18:25:35,215 -   train_loss = 0.748
2024-03-01 18:25:35,215 -   best_eval_score = 0.5414
2024-03-01 18:25:35,215 -   eval_score = 0.6086
2024-03-01 18:25:55,045 - ***** Epoch: 4: Eval results *****
2024-03-01 18:25:55,045 -   train_loss = 0.3917
2024-03-01 18:25:55,046 -   best_eval_score = 0.6086
2024-03-01 18:25:55,046 -   eval_score = 0.6941
2024-03-01 18:26:14,274 - ***** Epoch: 5: Eval results *****
2024-03-01 18:26:14,274 -   train_loss = 0.2047
2024-03-01 18:26:14,274 -   best_eval_score = 0.6941
2024-03-01 18:26:14,274 -   eval_score = 0.6585
2024-03-01 18:26:14,274 - EarlyStopping counter: 1 out of 8
2024-03-01 18:26:34,367 - ***** Epoch: 6: Eval results *****
2024-03-01 18:26:34,367 -   train_loss = 0.0983
2024-03-01 18:26:34,367 -   best_eval_score = 0.6941
2024-03-01 18:26:34,367 -   eval_score = 0.6726
2024-03-01 18:26:34,367 - EarlyStopping counter: 2 out of 8
2024-03-01 18:26:54,228 - ***** Epoch: 7: Eval results *****
2024-03-01 18:26:54,228 -   train_loss = 0.0624
2024-03-01 18:26:54,228 -   best_eval_score = 0.6941
2024-03-01 18:26:54,228 -   eval_score = 0.6649
2024-03-01 18:26:54,228 - EarlyStopping counter: 3 out of 8
2024-03-01 18:27:14,273 - ***** Epoch: 8: Eval results *****
2024-03-01 18:27:14,273 -   train_loss = 0.0343
2024-03-01 18:27:14,273 -   best_eval_score = 0.6941
2024-03-01 18:27:14,273 -   eval_score = 0.67
2024-03-01 18:27:14,273 - EarlyStopping counter: 4 out of 8
2024-03-01 18:27:33,357 - ***** Epoch: 9: Eval results *****
2024-03-01 18:27:33,357 -   train_loss = 0.0231
2024-03-01 18:27:33,358 -   best_eval_score = 0.6941
2024-03-01 18:27:33,358 -   eval_score = 0.6522
2024-03-01 18:27:33,358 - EarlyStopping counter: 5 out of 8
2024-03-01 18:27:53,147 - ***** Epoch: 10: Eval results *****
2024-03-01 18:27:53,147 -   train_loss = 0.0153
2024-03-01 18:27:53,147 -   best_eval_score = 0.6941
2024-03-01 18:27:53,147 -   eval_score = 0.6831
2024-03-01 18:27:53,147 - EarlyStopping counter: 6 out of 8
2024-03-01 18:28:13,155 - ***** Epoch: 11: Eval results *****
2024-03-01 18:28:13,155 -   train_loss = 0.0094
2024-03-01 18:28:13,155 -   best_eval_score = 0.6941
2024-03-01 18:28:13,155 -   eval_score = 0.6802
2024-03-01 18:28:13,155 - EarlyStopping counter: 7 out of 8
2024-03-01 18:28:33,326 - ***** Epoch: 12: Eval results *****
2024-03-01 18:28:33,327 -   train_loss = 0.0096
2024-03-01 18:28:33,327 -   best_eval_score = 0.6941
2024-03-01 18:28:33,327 -   eval_score = 0.6819
2024-03-01 18:28:33,327 - EarlyStopping counter: 8 out of 8
2024-03-01 18:28:33,327 - EarlyStopping at epoch 12
2024-03-01 18:28:33,327 - Trained models are saved in /home/sharing/disk2/sjh/Outputs/MIntRec/msz_MIntRec_multi-class_seed-1_2024-03-01-18-24-28/models
2024-03-01 18:28:34,680 - Training is finished...
2024-03-01 18:28:34,680 - Testing begins...
2024-03-01 18:28:38,036 - ***** Test: Confusion Matrix *****
2024-03-01 18:28:38,037 - [[37  2  0  0  9  0  0  0  0  2  1  0  5  1  0  0  0  0  0  0]
 [ 0 36  0  1  0  2  0  0  0  0  0  0  3  0  1  0  0  0  0  0]
 [ 1  0 26  0  0  0  0  0  0  0  0  0  0  0  0  0  0  0  0  0]
 [ 0  1  0 23  0  0  0  0  0  0  0  0  0  1  0  0  0  0  0  0]
 [ 5  0  0  0  9  0  1  0  0  1  0  1  3  2  0  0  0  1  0  0]
 [ 0  0  0  0  0 11  0  0  0  0  1  0  0  0  0  0  0  0  0  0]
 [ 2  1  0  0  3  0  1  0  2  0  0  0  2  0  0  0  1  0  0  0]
 [ 3  1  0  0  0  1  0  4  0  0  1  0  0  0  0  0  0  0  0  0]
 [ 2  1  0  0  0  0  0  2  2  0  0  0  1  1  0  1  0  0  0  0]
 [ 1  0  0  0  0  0  1  0  0  4  1  0  0  0  0  2  0  1  0  0]
 [ 0  1  0  0  0  0  0  0  0  1 15  0  0  0  1  0  0  0  0  0]
 [ 0  0  0  0  0  0  1  0  0  0  0 17  0  0  0  0  0  0  0  1]
 [ 3  2  0  0  0  0  0  0  0  1  0  1 46  0  3  0  1  0  0  0]
 [ 1  1  0  0  0  0  1  0  0  0  1  1  1 18  1  0  0  0  0  0]
 [ 0  0  0  0  0  0  0  0  0  0  0  0  2  3 16  0  1  0  0  0]
 [ 0  1  0  0  0  0  0  0  0  0  0  0  6  0  0 14  0  0  0  0]
 [ 1  0  0  0  0  0  0  0  0  0  0  0  2  0  1  0 13  0  0  0]
 [ 0  0  0  0  0  0  0  0  0  0  4  0  2  0  0  0  0  9  0  0]
 [ 0  0  0  0  0  0  0  0  0  0  0  0  2  0  0  0  0  0 10  0]
 [ 0  0  0  0  0  0  0  0  0  0  0  0  1  0  2  0  2  0  0  5]]
2024-03-01 18:28:38,037 - ***** Evaluation results *****
2024-03-01 18:28:38,037 -   acc = 0.7101
2024-03-01 18:28:38,037 -   f1 = 0.6663
2024-03-01 18:28:38,037 -   prec = 0.701
2024-03-01 18:28:38,037 -   rec = 0.6554
2024-03-01 18:28:38,037 - Testing is finished...
2024-03-01 18:28:38,037 - Multimodal intent recognition is finished...
2024-03-01 18:28:38,037 - Results are saved in results/msz.csv
