2024-05-08 05:36:50,625 - ============================== Params ==============================
2024-05-08 05:36:50,626 - logger_name: msz_MIntRec2_multi-class_seed-3_2024-05-08-05-36-50
2024-05-08 05:36:50,626 - dataset: MIntRec2
2024-05-08 05:36:50,626 - data_mode: multi-class
2024-05-08 05:36:50,626 - method: msz
2024-05-08 05:36:50,626 - text_backbone: bert-base-uncased
2024-05-08 05:36:50,626 - text_backbone_path: /home/sharing/disk1/pretrained_embedding/bert/uncased_L-12_H-768_A-12/
2024-05-08 05:36:50,626 - seed: 3
2024-05-08 05:36:50,626 - num_workers: 8
2024-05-08 05:36:50,626 - gpu_id: 0
2024-05-08 05:36:50,626 - data_path: /home/sharing/disk2/sjh/intentDataset
2024-05-08 05:36:50,626 - train: True
2024-05-08 05:36:50,626 - tune: True
2024-05-08 05:36:50,626 - save_model: False
2024-05-08 05:36:50,626 - save_results: True
2024-05-08 05:36:50,626 - log_path: logs
2024-05-08 05:36:50,626 - cache_path: 
2024-05-08 05:36:50,626 - video_data_path: video_data
2024-05-08 05:36:50,626 - audio_data_path: audio_data
2024-05-08 05:36:50,626 - video_feats_path: video_feats.pkl
2024-05-08 05:36:50,626 - audio_feats_path: audio_feats.pkl
2024-05-08 05:36:50,626 - results_path: results
2024-05-08 05:36:50,626 - output_path: /home/sharing/disk2/sjh/Outputs/ablation_MIntRec2
2024-05-08 05:36:50,626 - model_path: models
2024-05-08 05:36:50,626 - config_file_name: msz_MIntRec2
2024-05-08 05:36:50,626 - results_file_name: ablation_msz.csv
2024-05-08 05:36:50,626 - ablation: no_cross
2024-05-08 05:36:50,626 - padding_mode: zero
2024-05-08 05:36:50,626 - padding_loc: end
2024-05-08 05:36:50,626 - need_aligned: False
2024-05-08 05:36:50,626 - eval_monitor: f1
2024-05-08 05:36:50,626 - train_batch_size: 32
2024-05-08 05:36:50,626 - eval_batch_size: 16
2024-05-08 05:36:50,626 - test_batch_size: 16
2024-05-08 05:36:50,626 - wait_patience: 8
2024-05-08 05:36:50,627 - hidden_dims: 768
2024-05-08 05:36:50,627 - num_attention_heads: 6
2024-05-08 05:36:50,627 - attention_probs_dropout_prob: 0.3
2024-05-08 05:36:50,627 - hidden_dropout_prob: 0.5
2024-05-08 05:36:50,627 - intermediate_size: 768
2024-05-08 05:36:50,627 - num_hidden_layers: 6
2024-05-08 05:36:50,627 - max_position_embeddings: 1000
2024-05-08 05:36:50,627 - position_embedding_type: absolute
2024-05-08 05:36:50,627 - batch_first: True
2024-05-08 05:36:50,627 - dropout: 0.2
2024-05-08 05:36:50,627 - aligned_method: conv1d
2024-05-08 05:36:50,627 - num_train_epochs: 100
2024-05-08 05:36:50,627 - lr: 5e-06
2024-05-08 05:36:50,627 - lr_mode: max
2024-05-08 05:36:50,627 - patience: 5
2024-05-08 05:36:50,627 - factor: 0.2
2024-05-08 05:36:50,627 - pred_output_path: /home/sharing/disk2/sjh/Outputs/ablation_MIntRec2/msz_MIntRec2_multi-class_seed-3_2024-05-08-05-36-50
2024-05-08 05:36:50,627 - model_output_path: /home/sharing/disk2/sjh/Outputs/ablation_MIntRec2/msz_MIntRec2_multi-class_seed-3_2024-05-08-05-36-50/models
2024-05-08 05:36:50,627 - ============================== End Params ==============================
2024-05-08 05:36:50,642 - Generate Text Features Begin...
2024-05-08 05:36:52,677 - Generate Text Features Finished...
2024-05-08 05:36:52,683 - Load Video Features Begin...
2024-05-08 05:36:53,813 - Load Video Features Finished...
2024-05-08 05:36:55,538 - Load Audio Features Begin...
2024-05-08 05:37:00,058 - Load Audio Features Finished...
2024-05-08 05:37:11,495 - method  begins...
2024-05-08 05:37:13,984 - Multimodal intent recognition begins...
2024-05-08 05:37:13,984 - Training begins...
2024-05-08 05:37:44,707 - ***** Epoch: 1: Eval results *****
2024-05-08 05:37:44,708 -   train_loss = 3.2957
2024-05-08 05:37:44,708 -   best_eval_score = 0.0
2024-05-08 05:37:44,708 -   eval_score = 0.0058
2024-05-08 05:38:13,784 - ***** Epoch: 2: Eval results *****
2024-05-08 05:38:13,785 -   train_loss = 3.2154
2024-05-08 05:38:13,785 -   best_eval_score = 0.0058
2024-05-08 05:38:13,785 -   eval_score = 0.0059
2024-05-08 05:38:42,160 - ***** Epoch: 3: Eval results *****
2024-05-08 05:38:42,160 -   train_loss = 3.1925
2024-05-08 05:38:42,160 -   best_eval_score = 0.0059
2024-05-08 05:38:42,160 -   eval_score = 0.0259
2024-05-08 05:39:10,501 - ***** Epoch: 4: Eval results *****
2024-05-08 05:39:10,501 -   train_loss = 3.1749
2024-05-08 05:39:10,501 -   best_eval_score = 0.0259
2024-05-08 05:39:10,501 -   eval_score = 0.022
2024-05-08 05:39:10,502 - EarlyStopping counter: 1 out of 8
2024-05-08 05:39:38,660 - ***** Epoch: 5: Eval results *****
2024-05-08 05:39:38,660 -   train_loss = 3.1494
2024-05-08 05:39:38,660 -   best_eval_score = 0.0259
2024-05-08 05:39:38,660 -   eval_score = 0.0244
2024-05-08 05:39:38,661 - EarlyStopping counter: 2 out of 8
2024-05-08 05:40:07,185 - ***** Epoch: 6: Eval results *****
2024-05-08 05:40:07,185 -   train_loss = 3.1274
2024-05-08 05:40:07,185 -   best_eval_score = 0.0259
2024-05-08 05:40:07,186 -   eval_score = 0.027
2024-05-08 05:40:35,757 - ***** Epoch: 7: Eval results *****
2024-05-08 05:40:35,757 -   train_loss = 3.101
2024-05-08 05:40:35,757 -   best_eval_score = 0.027
2024-05-08 05:40:35,757 -   eval_score = 0.029
2024-05-08 05:41:04,819 - ***** Epoch: 8: Eval results *****
2024-05-08 05:41:04,820 -   train_loss = 3.0775
2024-05-08 05:41:04,820 -   best_eval_score = 0.029
2024-05-08 05:41:04,821 -   eval_score = 0.0292
2024-05-08 05:41:33,130 - ***** Epoch: 9: Eval results *****
2024-05-08 05:41:33,130 -   train_loss = 3.0747
2024-05-08 05:41:33,130 -   best_eval_score = 0.0292
2024-05-08 05:41:33,130 -   eval_score = 0.0335
2024-05-08 05:42:01,033 - ***** Epoch: 10: Eval results *****
2024-05-08 05:42:01,033 -   train_loss = 3.0687
2024-05-08 05:42:01,033 -   best_eval_score = 0.0335
2024-05-08 05:42:01,033 -   eval_score = 0.0386
2024-05-08 05:42:29,299 - ***** Epoch: 11: Eval results *****
2024-05-08 05:42:29,299 -   train_loss = 3.0667
2024-05-08 05:42:29,299 -   best_eval_score = 0.0386
2024-05-08 05:42:29,299 -   eval_score = 0.0409
2024-05-08 05:42:57,943 - ***** Epoch: 12: Eval results *****
2024-05-08 05:42:57,943 -   train_loss = 3.0583
2024-05-08 05:42:57,943 -   best_eval_score = 0.0409
2024-05-08 05:42:57,943 -   eval_score = 0.0418
2024-05-08 05:43:26,342 - ***** Epoch: 13: Eval results *****
2024-05-08 05:43:26,343 -   train_loss = 3.0551
2024-05-08 05:43:26,343 -   best_eval_score = 0.0418
2024-05-08 05:43:26,343 -   eval_score = 0.0492
2024-05-08 05:43:55,080 - ***** Epoch: 14: Eval results *****
2024-05-08 05:43:55,081 -   train_loss = 3.0504
2024-05-08 05:43:55,081 -   best_eval_score = 0.0492
2024-05-08 05:43:55,081 -   eval_score = 0.0498
2024-05-08 05:44:23,843 - ***** Epoch: 15: Eval results *****
2024-05-08 05:44:23,843 -   train_loss = 3.0512
2024-05-08 05:44:23,843 -   best_eval_score = 0.0498
2024-05-08 05:44:23,843 -   eval_score = 0.0497
2024-05-08 05:44:23,843 - EarlyStopping counter: 1 out of 8
2024-05-08 05:44:53,353 - ***** Epoch: 16: Eval results *****
2024-05-08 05:44:53,353 -   train_loss = 3.0517
2024-05-08 05:44:53,353 -   best_eval_score = 0.0498
2024-05-08 05:44:53,353 -   eval_score = 0.0517
2024-05-08 05:45:23,175 - ***** Epoch: 17: Eval results *****
2024-05-08 05:45:23,175 -   train_loss = 3.0482
2024-05-08 05:45:23,175 -   best_eval_score = 0.0517
2024-05-08 05:45:23,175 -   eval_score = 0.0516
2024-05-08 05:45:23,175 - EarlyStopping counter: 1 out of 8
2024-05-08 05:45:52,058 - ***** Epoch: 18: Eval results *****
2024-05-08 05:45:52,058 -   train_loss = 3.0455
2024-05-08 05:45:52,058 -   best_eval_score = 0.0517
2024-05-08 05:45:52,059 -   eval_score = 0.0518
2024-05-08 05:46:21,049 - ***** Epoch: 19: Eval results *****
2024-05-08 05:46:21,049 -   train_loss = 3.046
2024-05-08 05:46:21,050 -   best_eval_score = 0.0518
2024-05-08 05:46:21,050 -   eval_score = 0.053
2024-05-08 05:46:49,538 - ***** Epoch: 20: Eval results *****
2024-05-08 05:46:49,539 -   train_loss = 3.0451
2024-05-08 05:46:49,539 -   best_eval_score = 0.053
2024-05-08 05:46:49,539 -   eval_score = 0.053
2024-05-08 05:46:49,539 - EarlyStopping counter: 1 out of 8
2024-05-08 05:47:17,584 - ***** Epoch: 21: Eval results *****
2024-05-08 05:47:17,584 -   train_loss = 3.044
2024-05-08 05:47:17,585 -   best_eval_score = 0.053
2024-05-08 05:47:17,585 -   eval_score = 0.053
2024-05-08 05:47:17,585 - EarlyStopping counter: 2 out of 8
2024-05-08 05:47:46,085 - ***** Epoch: 22: Eval results *****
2024-05-08 05:47:46,086 -   train_loss = 3.0466
2024-05-08 05:47:46,086 -   best_eval_score = 0.053
2024-05-08 05:47:46,086 -   eval_score = 0.053
2024-05-08 05:47:46,086 - EarlyStopping counter: 3 out of 8
2024-05-08 05:48:14,161 - ***** Epoch: 23: Eval results *****
2024-05-08 05:48:14,162 -   train_loss = 3.0437
2024-05-08 05:48:14,162 -   best_eval_score = 0.053
2024-05-08 05:48:14,162 -   eval_score = 0.053
2024-05-08 05:48:42,728 - ***** Epoch: 24: Eval results *****
2024-05-08 05:48:42,728 -   train_loss = 3.0424
2024-05-08 05:48:42,728 -   best_eval_score = 0.053
2024-05-08 05:48:42,728 -   eval_score = 0.053
2024-05-08 05:48:42,728 - EarlyStopping counter: 1 out of 8
2024-05-08 05:49:11,278 - ***** Epoch: 25: Eval results *****
2024-05-08 05:49:11,279 -   train_loss = 3.0445
2024-05-08 05:49:11,279 -   best_eval_score = 0.053
2024-05-08 05:49:11,279 -   eval_score = 0.053
2024-05-08 05:49:11,279 - EarlyStopping counter: 2 out of 8
2024-05-08 05:49:39,790 - ***** Epoch: 26: Eval results *****
2024-05-08 05:49:39,790 -   train_loss = 3.043
2024-05-08 05:49:39,791 -   best_eval_score = 0.053
2024-05-08 05:49:39,791 -   eval_score = 0.053
2024-05-08 05:49:39,791 - EarlyStopping counter: 3 out of 8
2024-05-08 05:50:07,591 - ***** Epoch: 27: Eval results *****
2024-05-08 05:50:07,591 -   train_loss = 3.0453
2024-05-08 05:50:07,591 -   best_eval_score = 0.053
2024-05-08 05:50:07,591 -   eval_score = 0.053
2024-05-08 05:50:07,591 - EarlyStopping counter: 4 out of 8
2024-05-08 05:50:35,404 - ***** Epoch: 28: Eval results *****
2024-05-08 05:50:35,404 -   train_loss = 3.0443
2024-05-08 05:50:35,404 -   best_eval_score = 0.053
2024-05-08 05:50:35,404 -   eval_score = 0.053
2024-05-08 05:50:35,404 - EarlyStopping counter: 5 out of 8
2024-05-08 05:51:03,468 - ***** Epoch: 29: Eval results *****
2024-05-08 05:51:03,468 -   train_loss = 3.042
2024-05-08 05:51:03,468 -   best_eval_score = 0.053
2024-05-08 05:51:03,468 -   eval_score = 0.053
2024-05-08 05:51:03,468 - EarlyStopping counter: 6 out of 8
