2024-01-16 06:15:56,808 - ============================== Params ==============================
2024-01-16 06:15:56,808 - logger_name: msz_MIntRec_multi-class_seed-1_2024-01-16-06-15-56
2024-01-16 06:15:56,808 - dataset: MIntRec
2024-01-16 06:15:56,808 - data_mode: multi-class
2024-01-16 06:15:56,808 - method: msz
2024-01-16 06:15:56,808 - text_backbone: bert-base-uncased
2024-01-16 06:15:56,808 - text_backbone_path: /home/sharing/disk1/pretrained_embedding/bert/uncased_L-12_H-768_A-12/
2024-01-16 06:15:56,808 - seed: 1
2024-01-16 06:15:56,808 - num_workers: 8
2024-01-16 06:15:56,808 - gpu_id: 1
2024-01-16 06:15:56,808 - data_path: /home/sharing/disk2/sjh/intentDataset
2024-01-16 06:15:56,808 - train: True
2024-01-16 06:15:56,809 - tune: False
2024-01-16 06:15:56,809 - save_model: False
2024-01-16 06:15:56,809 - save_results: True
2024-01-16 06:15:56,809 - log_path: logs
2024-01-16 06:15:56,809 - cache_path: 
2024-01-16 06:15:56,809 - video_data_path: video_data
2024-01-16 06:15:56,809 - audio_data_path: audio_data
2024-01-16 06:15:56,809 - video_feats_path: video_feats.pkl
2024-01-16 06:15:56,809 - audio_feats_path: audio_feats.pkl
2024-01-16 06:15:56,809 - results_path: results
2024-01-16 06:15:56,809 - output_path: /home/sharing/disk2/sjh/Outputs/MIntRec
2024-01-16 06:15:56,809 - model_path: models
2024-01-16 06:15:56,809 - config_file_name: msz
2024-01-16 06:15:56,809 - results_file_name: msz.csv
2024-01-16 06:15:56,809 - padding_mode: zero
2024-01-16 06:15:56,809 - padding_loc: end
2024-01-16 06:15:56,809 - need_aligned: False
2024-01-16 06:15:56,809 - eval_monitor: f1
2024-01-16 06:15:56,809 - train_batch_size: 16
2024-01-16 06:15:56,809 - eval_batch_size: 8
2024-01-16 06:15:56,809 - test_batch_size: 8
2024-01-16 06:15:56,809 - wait_patience: 8
2024-01-16 06:15:56,809 - hidden_size: 768
2024-01-16 06:15:56,809 - num_attention_heads: 12
2024-01-16 06:15:56,809 - attention_probs_dropout_prob: 0.2
2024-01-16 06:15:56,809 - hidden_dropout_prob: 0.2
2024-01-16 06:15:56,809 - intermediate_size: 768
2024-01-16 06:15:56,809 - num_hidden_layers: 8
2024-01-16 06:15:56,809 - max_position_embeddings: 768
2024-01-16 06:15:56,809 - position_embedding_type: absolute
2024-01-16 06:15:56,809 - batch_first: True
2024-01-16 06:15:56,809 - hidden_dims: 768
2024-01-16 06:15:56,809 - dropout: 0.1
2024-01-16 06:15:56,810 - aligned_method: conv1d
2024-01-16 06:15:56,810 - num_train_epochs: 100
2024-01-16 06:15:56,810 - lr: 9e-06
2024-01-16 06:15:56,810 - pred_output_path: /home/sharing/disk2/sjh/Outputs/MIntRec/msz_MIntRec_multi-class_seed-1_2024-01-16-06-15-56
2024-01-16 06:15:56,810 - model_output_path: /home/sharing/disk2/sjh/Outputs/MIntRec/msz_MIntRec_multi-class_seed-1_2024-01-16-06-15-56/models
2024-01-16 06:15:56,810 - ============================== End Params ==============================
2024-01-16 06:15:56,812 - Generate Text Features Begin...
2024-01-16 06:15:57,311 - Generate Text Features Finished...
2024-01-16 06:15:57,312 - Load Video Features Begin...
2024-01-16 06:15:57,622 - Load Video Features Finished...
2024-01-16 06:15:58,227 - Load Audio Features Begin...
2024-01-16 06:15:59,231 - Load Audio Features Finished...
2024-01-16 06:16:02,719 - method  begins...
2024-01-16 06:16:05,829 - Multimodal intent recognition begins...
2024-01-16 06:16:05,829 - Training begins...
2024-01-16 06:16:28,661 - ***** Epoch: 1: Eval results *****
2024-01-16 06:16:28,663 -   train_loss = 2.3805
2024-01-16 06:16:28,663 -   best_eval_score = 0.0
2024-01-16 06:16:28,663 -   eval_score = 0.4047
2024-01-16 06:16:49,162 - ***** Epoch: 2: Eval results *****
2024-01-16 06:16:49,162 -   train_loss = 1.265
2024-01-16 06:16:49,162 -   best_eval_score = 0.4047
2024-01-16 06:16:49,162 -   eval_score = 0.5923
2024-01-16 06:17:09,142 - ***** Epoch: 3: Eval results *****
2024-01-16 06:17:09,142 -   train_loss = 0.6688
2024-01-16 06:17:09,142 -   best_eval_score = 0.5923
2024-01-16 06:17:09,142 -   eval_score = 0.64
2024-01-16 06:17:29,520 - ***** Epoch: 4: Eval results *****
2024-01-16 06:17:29,521 -   train_loss = 0.3555
2024-01-16 06:17:29,521 -   best_eval_score = 0.64
2024-01-16 06:17:29,521 -   eval_score = 0.6805
2024-01-16 06:17:49,551 - ***** Epoch: 5: Eval results *****
2024-01-16 06:17:49,551 -   train_loss = 0.1626
2024-01-16 06:17:49,551 -   best_eval_score = 0.6805
2024-01-16 06:17:49,552 -   eval_score = 0.6754
2024-01-16 06:17:49,552 - EarlyStopping counter: 1 out of 8
2024-01-16 06:18:09,794 - ***** Epoch: 6: Eval results *****
2024-01-16 06:18:09,794 -   train_loss = 0.083
2024-01-16 06:18:09,794 -   best_eval_score = 0.6805
2024-01-16 06:18:09,795 -   eval_score = 0.6747
2024-01-16 06:18:09,795 - EarlyStopping counter: 2 out of 8
2024-01-16 06:18:30,502 - ***** Epoch: 7: Eval results *****
2024-01-16 06:18:30,502 -   train_loss = 0.0361
2024-01-16 06:18:30,502 -   best_eval_score = 0.6805
2024-01-16 06:18:30,502 -   eval_score = 0.6784
2024-01-16 06:18:30,502 - EarlyStopping counter: 3 out of 8
2024-01-16 06:18:50,602 - ***** Epoch: 8: Eval results *****
2024-01-16 06:18:50,602 -   train_loss = 0.0268
2024-01-16 06:18:50,602 -   best_eval_score = 0.6805
2024-01-16 06:18:50,602 -   eval_score = 0.6815
2024-01-16 06:19:11,062 - ***** Epoch: 9: Eval results *****
2024-01-16 06:19:11,062 -   train_loss = 0.0177
2024-01-16 06:19:11,062 -   best_eval_score = 0.6815
2024-01-16 06:19:11,062 -   eval_score = 0.6855
2024-01-16 06:19:31,300 - ***** Epoch: 10: Eval results *****
2024-01-16 06:19:31,301 -   train_loss = 0.0141
2024-01-16 06:19:31,301 -   best_eval_score = 0.6855
2024-01-16 06:19:31,301 -   eval_score = 0.6744
2024-01-16 06:19:31,301 - EarlyStopping counter: 1 out of 8
2024-01-16 06:19:51,085 - ***** Epoch: 11: Eval results *****
2024-01-16 06:19:51,085 -   train_loss = 0.009
2024-01-16 06:19:51,085 -   best_eval_score = 0.6855
2024-01-16 06:19:51,085 -   eval_score = 0.6802
2024-01-16 06:19:51,085 - EarlyStopping counter: 2 out of 8
2024-01-16 06:20:11,048 - ***** Epoch: 12: Eval results *****
2024-01-16 06:20:11,048 -   train_loss = 0.0083
2024-01-16 06:20:11,048 -   best_eval_score = 0.6855
2024-01-16 06:20:11,048 -   eval_score = 0.6806
2024-01-16 06:20:11,048 - EarlyStopping counter: 3 out of 8
2024-01-16 06:20:30,724 - ***** Epoch: 13: Eval results *****
2024-01-16 06:20:30,724 -   train_loss = 0.0073
2024-01-16 06:20:30,724 -   best_eval_score = 0.6855
2024-01-16 06:20:30,724 -   eval_score = 0.6842
2024-01-16 06:20:30,724 - EarlyStopping counter: 4 out of 8
2024-01-16 06:20:50,813 - ***** Epoch: 14: Eval results *****
2024-01-16 06:20:50,814 -   train_loss = 0.0062
2024-01-16 06:20:50,814 -   best_eval_score = 0.6855
2024-01-16 06:20:50,814 -   eval_score = 0.679
2024-01-16 06:20:50,814 - EarlyStopping counter: 5 out of 8
2024-01-16 06:21:11,302 - ***** Epoch: 15: Eval results *****
2024-01-16 06:21:11,302 -   train_loss = 0.006
2024-01-16 06:21:11,302 -   best_eval_score = 0.6855
2024-01-16 06:21:11,302 -   eval_score = 0.6795
2024-01-16 06:21:11,302 - EarlyStopping counter: 6 out of 8
2024-01-16 06:21:31,053 - ***** Epoch: 16: Eval results *****
2024-01-16 06:21:31,053 -   train_loss = 0.0064
2024-01-16 06:21:31,053 -   best_eval_score = 0.6855
2024-01-16 06:21:31,053 -   eval_score = 0.6826
2024-01-16 06:21:31,053 - EarlyStopping counter: 7 out of 8
2024-01-16 06:21:50,580 - ***** Epoch: 17: Eval results *****
2024-01-16 06:21:50,580 -   train_loss = 0.0052
2024-01-16 06:21:50,580 -   best_eval_score = 0.6855
2024-01-16 06:21:50,580 -   eval_score = 0.6852
2024-01-16 06:21:50,580 - EarlyStopping counter: 8 out of 8
2024-01-16 06:21:50,580 - EarlyStopping at epoch 17
2024-01-16 06:21:50,583 - Training is finished...
2024-01-16 06:21:50,583 - Testing begins...
2024-01-16 06:21:54,102 - ***** Test: Confusion Matrix *****
2024-01-16 06:21:54,103 - [[37  3  0  0  6  0  2  0  1  2  1  0  4  1  0  0  0  0  0  0]
 [ 1 34  0  1  0  2  1  0  1  0  0  0  3  0  0  0  0  0  0  0]
 [ 1  0 26  0  0  0  0  0  0  0  0  0  0  0  0  0  0  0  0  0]
 [ 0  1  0 24  0  0  0  0  0  0  0  0  0  0  0  0  0  0  0  0]
 [ 5  0  0  0 10  0  3  0  0  0  0  1  1  1  0  0  0  2  0  0]
 [ 0  0  0  0  0 11  0  0  0  0  0  0  0  0  1  0  0  0  0  0]
 [ 1  1  0  0  1  0  4  0  3  0  0  0  1  0  0  0  1  0  0  0]
 [ 3  0  0  0  0  1  1  4  1  0  0  0  0  0  0  0  0  0  0  0]
 [ 1  0  0  0  0  0  0  2  6  0  0  0  0  1  0  0  0  0  0  0]
 [ 1  0  0  0  0  0  1  0  0  3  0  0  0  0  0  3  0  1  0  1]
 [ 0  1  0  0  0  0  1  0  0  2 12  0  0  0  1  0  1  0  0  0]
 [ 0  0  0  0  1  0  1  0  0  0  0 16  0  0  0  0  0  0  0  1]
 [ 4  2  0  0  1  0  0  1  1  0  0  1 40  2  3  1  1  0  0  0]
 [ 0  1  0  0  0  0  2  0  0  0  1  1  0 18  2  0  0  0  0  0]
 [ 0  0  0  0  1  0  0  0  1  0  0  0  0  2 17  0  1  0  0  0]
 [ 0  1  0  0  0  0  0  0  0  0  0  0  4  0  0 15  0  0  0  1]
 [ 0  0  0  0  0  0  0  0  0  0  0  0  2  0  1  0 14  0  0  0]
 [ 0  0  0  0  0  0  0  0  0  1  1  0  2  0  0  0  0 11  0  0]
 [ 0  0  0  0  0  0  0  0  0  0  0  0  2  0  0  1  0  0  9  0]
 [ 0  0  0  0  0  0  0  0  0  0  0  0  1  1  1  0  1  0  0  6]]
2024-01-16 06:21:54,103 - ***** Evaluation results *****
2024-01-16 06:21:54,104 -   acc = 0.7124
2024-01-16 06:21:54,104 -   f1 = 0.6857
2024-01-16 06:21:54,104 -   prec = 0.6961
2024-01-16 06:21:54,104 -   rec = 0.6836
2024-01-16 06:21:54,104 - Testing is finished...
2024-01-16 06:21:54,104 - Multimodal intent recognition is finished...
2024-01-16 06:21:54,104 - Results are saved in results/msz.csv
