2024-03-02 12:25:49,300 - ============================== Params ==============================
2024-03-02 12:25:49,302 - logger_name: msz_MIntRec2_multi-class_seed-2_2024-03-02-12-25-49
2024-03-02 12:25:49,302 - dataset: MIntRec2
2024-03-02 12:25:49,302 - data_mode: multi-class
2024-03-02 12:25:49,302 - method: msz
2024-03-02 12:25:49,302 - text_backbone: bert-base-uncased
2024-03-02 12:25:49,302 - text_backbone_path: /home/sharing/disk1/pretrained_embedding/bert/uncased_L-12_H-768_A-12/
2024-03-02 12:25:49,302 - seed: 2
2024-03-02 12:25:49,302 - num_workers: 8
2024-03-02 12:25:49,302 - gpu_id: 3
2024-03-02 12:25:49,303 - data_path: /home/sharing/disk2/sjh/intentDataset
2024-03-02 12:25:49,303 - train: True
2024-03-02 12:25:49,303 - tune: True
2024-03-02 12:25:49,303 - save_model: True
2024-03-02 12:25:49,303 - save_results: True
2024-03-02 12:25:49,303 - log_path: logs
2024-03-02 12:25:49,303 - cache_path: 
2024-03-02 12:25:49,303 - video_data_path: video_data
2024-03-02 12:25:49,303 - audio_data_path: audio_data
2024-03-02 12:25:49,303 - video_feats_path: video_feats.pkl
2024-03-02 12:25:49,303 - audio_feats_path: audio_feats.pkl
2024-03-02 12:25:49,303 - results_path: results
2024-03-02 12:25:49,303 - output_path: /home/sharing/disk2/sjh/Outputs/MIntRec2
2024-03-02 12:25:49,303 - model_path: models
2024-03-02 12:25:49,303 - config_file_name: msz_MIntRec2
2024-03-02 12:25:49,303 - results_file_name: msz.csv
2024-03-02 12:25:49,303 - padding_mode: zero
2024-03-02 12:25:49,303 - padding_loc: end
2024-03-02 12:25:49,303 - need_aligned: False
2024-03-02 12:25:49,303 - eval_monitor: f1
2024-03-02 12:25:49,303 - train_batch_size: 16
2024-03-02 12:25:49,303 - eval_batch_size: 8
2024-03-02 12:25:49,303 - test_batch_size: 8
2024-03-02 12:25:49,303 - wait_patience: 8
2024-03-02 12:25:49,303 - hidden_size: 768
2024-03-02 12:25:49,303 - num_attention_heads: 8
2024-03-02 12:25:49,303 - attention_probs_dropout_prob: 0.2
2024-03-02 12:25:49,303 - hidden_dropout_prob: 0.2
2024-03-02 12:25:49,303 - intermediate_size: 768
2024-03-02 12:25:49,303 - num_hidden_layers: 10
2024-03-02 12:25:49,303 - max_position_embeddings: 768
2024-03-02 12:25:49,303 - position_embedding_type: absolute
2024-03-02 12:25:49,303 - batch_first: True
2024-03-02 12:25:49,303 - hidden_dims: 768
2024-03-02 12:25:49,303 - dropout: 0.5
2024-03-02 12:25:49,303 - aligned_method: conv1d
2024-03-02 12:25:49,304 - num_train_epochs: 100
2024-03-02 12:25:49,304 - lr: 1e-05
2024-03-02 12:25:49,304 - pred_output_path: /home/sharing/disk2/sjh/Outputs/MIntRec2/msz_MIntRec2_multi-class_seed-2_2024-03-02-12-25-49
2024-03-02 12:25:49,304 - model_output_path: /home/sharing/disk2/sjh/Outputs/MIntRec2/msz_MIntRec2_multi-class_seed-2_2024-03-02-12-25-49/models
2024-03-02 12:25:49,304 - num_labels: 30
2024-03-02 12:25:49,304 - text_feat_dim: 768
2024-03-02 12:25:49,304 - video_feat_dim: 256
2024-03-02 12:25:49,304 - audio_feat_dim: 768
2024-03-02 12:25:49,304 - text_seq_len: 50
2024-03-02 12:25:49,304 - video_seq_len: 180
2024-03-02 12:25:49,304 - audio_seq_len: 400
2024-03-02 12:25:49,304 - device: cuda:3
2024-03-02 12:25:49,304 - ============================== End Params ==============================
2024-03-02 12:25:49,494 - Generate Text Features Begin...
2024-03-02 12:25:51,948 - Generate Text Features Finished...
2024-03-02 12:25:51,957 - Load Video Features Begin...
2024-03-02 12:26:49,785 - Load Video Features Finished...
2024-03-02 12:27:23,197 - Load Audio Features Begin...
2024-03-02 12:35:45,334 - Load Audio Features Finished...
2024-03-02 12:43:43,448 - method  begins...
2024-03-02 12:44:30,088 - Multimodal intent recognition begins...
2024-03-02 12:44:30,096 - Training begins...
2024-03-02 12:47:45,148 - ***** Epoch: 1: Eval results *****
2024-03-02 12:47:45,169 -   train_loss = 2.3009
2024-03-02 12:47:45,169 -   best_eval_score = 0.0
2024-03-02 12:47:45,170 -   eval_score = 0.3678
2024-03-02 12:49:48,507 - ***** Epoch: 2: Eval results *****
2024-03-02 12:49:48,507 -   train_loss = 1.4528
2024-03-02 12:49:48,507 -   best_eval_score = 0.3678
2024-03-02 12:49:48,507 -   eval_score = 0.447
2024-03-02 12:51:58,518 - ***** Epoch: 3: Eval results *****
2024-03-02 12:51:58,519 -   train_loss = 1.1105
2024-03-02 12:51:58,519 -   best_eval_score = 0.447
2024-03-02 12:51:58,519 -   eval_score = 0.4745
2024-03-02 12:53:56,907 - ***** Epoch: 4: Eval results *****
2024-03-02 12:53:56,907 -   train_loss = 0.7908
2024-03-02 12:53:56,907 -   best_eval_score = 0.4745
2024-03-02 12:53:56,907 -   eval_score = 0.4874
2024-03-02 12:56:08,592 - ***** Epoch: 5: Eval results *****
2024-03-02 12:56:08,593 -   train_loss = 0.5645
2024-03-02 12:56:08,593 -   best_eval_score = 0.4874
2024-03-02 12:56:08,593 -   eval_score = 0.5181
2024-03-02 12:58:23,808 - ***** Epoch: 6: Eval results *****
2024-03-02 12:58:23,809 -   train_loss = 0.3824
2024-03-02 12:58:23,809 -   best_eval_score = 0.5181
2024-03-02 12:58:23,809 -   eval_score = 0.5132
2024-03-02 12:58:23,809 - EarlyStopping counter: 1 out of 8
2024-03-02 13:00:19,791 - ***** Epoch: 7: Eval results *****
2024-03-02 13:00:19,800 -   train_loss = 0.2574
2024-03-02 13:00:19,800 -   best_eval_score = 0.5181
2024-03-02 13:00:19,800 -   eval_score = 0.5039
2024-03-02 13:00:19,800 - EarlyStopping counter: 2 out of 8
2024-03-02 13:02:47,089 - ***** Epoch: 8: Eval results *****
2024-03-02 13:02:47,090 -   train_loss = 0.2002
2024-03-02 13:02:47,090 -   best_eval_score = 0.5181
2024-03-02 13:02:47,090 -   eval_score = 0.5054
2024-03-02 13:02:47,090 - EarlyStopping counter: 3 out of 8
2024-03-02 13:05:04,102 - ***** Epoch: 9: Eval results *****
2024-03-02 13:05:04,102 -   train_loss = 0.1433
2024-03-02 13:05:04,102 -   best_eval_score = 0.5181
2024-03-02 13:05:04,103 -   eval_score = 0.4991
2024-03-02 13:05:04,103 - EarlyStopping counter: 4 out of 8
2024-03-02 13:07:04,811 - ***** Epoch: 10: Eval results *****
2024-03-02 13:07:04,812 -   train_loss = 0.1307
2024-03-02 13:07:04,812 -   best_eval_score = 0.5181
2024-03-02 13:07:04,812 -   eval_score = 0.4825
2024-03-02 13:07:04,812 - EarlyStopping counter: 5 out of 8
2024-03-02 13:09:21,283 - ***** Epoch: 11: Eval results *****
2024-03-02 13:09:21,284 -   train_loss = 0.0841
2024-03-02 13:09:21,284 -   best_eval_score = 0.5181
2024-03-02 13:09:21,284 -   eval_score = 0.5036
2024-03-02 13:09:21,284 - EarlyStopping counter: 6 out of 8
2024-03-02 13:11:33,893 - ***** Epoch: 12: Eval results *****
2024-03-02 13:11:33,894 -   train_loss = 0.065
2024-03-02 13:11:33,894 -   best_eval_score = 0.5181
2024-03-02 13:11:33,894 -   eval_score = 0.5086
2024-03-02 13:11:33,894 - EarlyStopping counter: 7 out of 8
2024-03-02 13:13:57,270 - ***** Epoch: 13: Eval results *****
2024-03-02 13:13:57,272 -   train_loss = 0.0573
2024-03-02 13:13:57,272 -   best_eval_score = 0.5181
2024-03-02 13:13:57,272 -   eval_score = 0.5086
2024-03-02 13:13:57,272 - EarlyStopping counter: 8 out of 8
2024-03-02 13:13:57,272 - EarlyStopping at epoch 13
2024-03-02 13:13:57,273 - Trained models are saved in /home/sharing/disk2/sjh/Outputs/MIntRec2/msz_MIntRec2_multi-class_seed-2_2024-03-02-12-25-49/models
2024-03-02 13:14:10,825 - Training is finished...
2024-03-02 13:14:10,827 - Testing begins...
2024-03-02 13:14:51,178 - ***** Test: Confusion Matrix *****
2024-03-02 13:14:51,181 - [[ 56   0   6   0   0   0   0   0   1   0   0   0   2   0   0   1   0   0
    0   0   0   1   1   0   0   0   0   0   0   0]
 [  0  47   0   0  13   1   8   0   2   0   3   0   3   1   1   0   0   8
    0   2   1   0   1   0   2   1   0   3   0   0]
 [ 14   0  35   0   1   0   0   0   0   0   1   0   0   1   0   1   0   3
    0   0   0   3   1   1   3   0   0   0   0   0]
 [  0   0   0  60   0   0   0   1   0   0   0   0   0   0   2   0   0   0
    0   0   0   0   0   0   0   0   0   1   0   1]
 [  0   6   0   0  35   1   0   0   0   0   0   0   0   0   0   0   0   6
    0   0   0   1   0   0   1   0   0   0   1   0]
 [  0   0   0   0   3  19   0   0   0   0   7   0   1   0   1   0   0   5
    0   0   0   0   0   0   0   0   1   0   0   0]
 [  0   0   0   0   0   1  30   8   0   0   3   1   5   0   0   0   0   0
    0   0   0   0   0   0   0   0   0   0   0   0]
 [  0   0   0   0   0   0   9  24   0   0   5   1   6   0   0   0   0   0
    0   0   0   0   1   0   1   0   0   0   0   0]
 [  1   3   1   2   1   0   0   0  21   0   0   0   2   2   1   1   0   4
    0   0   2   0   5   0   1   0   0   2   0   0]
 [  1   0   0   0   1   0   0   0   1  45   0   4  14   0  10   1   0  14
    0   0   3   2   2   0   2   1   0   5   0   1]
 [  2   0   0   0   0   1   7   1   0   0  44   0  31   0   2   0   0   2
    0   2   0   0   0   0   1   0   0   0   0   0]
 [  0   0   0   0   0   0   1   0   0   4   1  16  10   0   1   0   0   3
    0   0   0   0   3   0   0   0   0   7   0   1]
 [  0   0   0   0   0   0   2   8   0   3  25   0  94   0   0   0   0   1
    0   1   0   0   0   0   0   0   0   1   0   0]
 [  0   0   1   0   1   0   0   0   0   2   0   0   0   4   1   0   0   4
    1   0   1   0   2   0   0   0   0   0   0   0]
 [  1   1   2   0   0   1   0   0   3   7   3   1   1   4  88   1   0  43
    3   0   8   0  13   1   5   1   1   5   0   0]
 [  0   0   0   0   0   0   0   0   0   3   0   0   0   2   1   3   0   7
    1   0   1   1   0   0   0   0   0   2   1   0]
 [  0   0   0   0   1   0   1   3   0   0   1   0   2   0   0   0  50   3
    2   0   0   2   0   0   1   0   0   0   0   0]
 [  1   4   0   0   7   3   0   0   1   8   3   0   1   3   8   2   1 136
   11   1   3   5   6   7   0   0   1   4   1   0]
 [  0   2   0   0   0   1   1   0   0   3   2   0   0   0   4   0   2  17
   20   0   3   0   0   0   3   0   0   2   0   0]
 [  0   4   0   0   1   0   3   0   0   0   1   0   0   0   0   0   0   0
    0   6   0   1   0   0   1   0   0   0   0   0]
 [  0   2   2   0   2   0   0   0   0   1   0   0   2   0   2   0   0   3
    5   0   5   0   1   0   1   0   0   3   0   0]
 [  5   1   0   0   1   0   0   0   0   4   0   0   0   0   0   0   0   2
    0   0   1  30   0   5   1   0   0   2   0   1]
 [  0   0   0   1   0   0   0   0   0   7   0   4   1   4   7   0   0   2
    0   0   1   1  80   0   1   2   4   2   0   0]
 [  0   2   1   0   2   0   0   0   0   0   0   0   0   0   1   0   0   7
    0   0   0   1   0  24   0   0   0   0   0   0]
 [  2   1   0   0   0   0   0   0   0   1   1   0   0   1   1   0   0   2
    0   0   0   0   0   1  94   0   0   7   2   0]
 [  1   0   0   0   2   1   0   0   0   1   0   0   1   0   0   0   0   1
    0   0   0   0   3   0   1  15   2   1   0   2]
 [  0   0   0   0   0   0   0   0   0   2   0   0   0   0   1   0   0   5
    0   0   0   1   1   0   0   0   5   0   2   0]
 [  0   2   1   0   0   0   0   0   2   5   2   3   4   1   2   0   0   6
    0   0   2   0   1   0   8   1   0  16   1   1]
 [  0   0   0   0   0   0   0   0   0   1   0   0   0   0   0   0   1   0
    0   0   0   0   0   0   0   0   0   0  56   0]
 [  0   1   0   0   2   0   0   0   2   1   1   1   0   0   0   0   0   3
    1   0   1   0   0   0   1   1   0   1   0   3]]
2024-03-02 13:14:51,181 - ***** Evaluation results *****
2024-03-02 13:14:51,181 -   acc = 0.5711
2024-03-02 13:14:51,181 -   f1 = 0.5218
2024-03-02 13:14:51,181 -   prec = 0.5464
2024-03-02 13:14:51,181 -   rec = 0.5145
2024-03-02 13:14:51,181 - Testing is finished...
2024-03-02 13:14:51,181 - Multimodal intent recognition is finished...
2024-03-02 13:14:51,183 - Results are saved in results/msz.csv
