2024-01-03 03:25:44,143 - ============================== Params ==============================
2024-01-03 03:25:44,144 - logger_name: msz_MIntRec_multi-class_seed-1_2024-01-03-03-25-44
2024-01-03 03:25:44,144 - dataset: MIntRec
2024-01-03 03:25:44,144 - data_mode: multi-class
2024-01-03 03:25:44,144 - method: msz
2024-01-03 03:25:44,144 - text_backbone: bert-base-uncased
2024-01-03 03:25:44,144 - text_backbone_path: /home/sharing/disk1/pretrained_embedding/bert/uncased_L-12_H-768_A-12/
2024-01-03 03:25:44,144 - seed: 1
2024-01-03 03:25:44,144 - num_workers: 8
2024-01-03 03:25:44,144 - gpu_id: 1
2024-01-03 03:25:44,144 - data_path: /home/sharing/disk2/sjh/intentDataset
2024-01-03 03:25:44,144 - train: True
2024-01-03 03:25:44,144 - tune: False
2024-01-03 03:25:44,144 - save_model: False
2024-01-03 03:25:44,144 - save_results: True
2024-01-03 03:25:44,144 - log_path: logs
2024-01-03 03:25:44,144 - cache_path: 
2024-01-03 03:25:44,144 - video_data_path: video_data
2024-01-03 03:25:44,144 - audio_data_path: audio_data
2024-01-03 03:25:44,144 - video_feats_path: video_feats.pkl
2024-01-03 03:25:44,144 - audio_feats_path: audio_feats.pkl
2024-01-03 03:25:44,144 - results_path: results
2024-01-03 03:25:44,144 - output_path: /home/sujianhua/Outputs/MIntRec
2024-01-03 03:25:44,144 - model_path: models
2024-01-03 03:25:44,144 - config_file_name: msz
2024-01-03 03:25:44,144 - results_file_name: msz.csv
2024-01-03 03:25:44,144 - padding_mode: zero
2024-01-03 03:25:44,144 - padding_loc: end
2024-01-03 03:25:44,144 - need_aligned: False
2024-01-03 03:25:44,144 - eval_monitor: f1
2024-01-03 03:25:44,144 - train_batch_size: 16
2024-01-03 03:25:44,144 - eval_batch_size: 8
2024-01-03 03:25:44,144 - test_batch_size: 8
2024-01-03 03:25:44,144 - wait_patience: 8
2024-01-03 03:25:44,144 - nheads: 2
2024-01-03 03:25:44,144 - encoder_layers: 2
2024-01-03 03:25:44,144 - attn_dropout: 0.1
2024-01-03 03:25:44,144 - relu_dropout: 0.1
2024-01-03 03:25:44,145 - embed_dropout: 0.1
2024-01-03 03:25:44,145 - res_dropout: 0.1
2024-01-03 03:25:44,145 - attn_mask: False
2024-01-03 03:25:44,145 - hidden_size: 768
2024-01-03 03:25:44,145 - num_attention_heads: 12
2024-01-03 03:25:44,145 - attention_probs_dropout_prob: 0.2
2024-01-03 03:25:44,145 - hidden_dropout_prob: 0.2
2024-01-03 03:25:44,145 - intermediate_size: 768
2024-01-03 03:25:44,145 - num_hidden_layers: 3
2024-01-03 03:25:44,145 - max_position_embeddings: 512
2024-01-03 03:25:44,145 - position_embedding_type: absolute
2024-01-03 03:25:44,145 - batch_first: True
2024-01-03 03:25:44,145 - hidden_dims: 768
2024-01-03 03:25:44,145 - att_dropouts: [0.2, 0.2, 0.2]
2024-01-03 03:25:44,145 - spe_dropouts: [0.1, 0.1, 0.1]
2024-01-03 03:25:44,145 - ta_loss: 0.07
2024-01-03 03:25:44,145 - tv_loss: 0.01
2024-01-03 03:25:44,145 - av_loss: 0.01
2024-01-03 03:25:44,145 - aligned_method: conv1d
2024-01-03 03:25:44,145 - grad_clip: -1
2024-01-03 03:25:44,145 - num_train_epochs: 100
2024-01-03 03:25:44,145 - warmup_proportion: 0.1
2024-01-03 03:25:44,145 - lr: 1e-06
2024-01-03 03:25:44,145 - weight_decay: 0.02
2024-01-03 03:25:44,145 - pred_output_path: /home/sujianhua/Outputs/MIntRec/msz_MIntRec_multi-class_seed-1_2024-01-03-03-25-44
2024-01-03 03:25:44,145 - model_output_path: /home/sujianhua/Outputs/MIntRec/msz_MIntRec_multi-class_seed-1_2024-01-03-03-25-44/models
2024-01-03 03:25:44,145 - ============================== End Params ==============================
2024-01-03 03:25:45,761 - Generate Text Features Begin...
2024-01-03 03:25:46,289 - Generate Text Features Finished...
2024-01-03 03:25:46,614 - Load Video Features Begin...
2024-01-03 03:25:48,119 - Load Video Features Finished...
2024-01-03 03:25:48,780 - Load Audio Features Begin...
2024-01-03 03:26:13,295 - Load Audio Features Finished...
2024-01-03 03:26:17,485 - method  begins...
2024-01-03 03:26:20,701 - Multimodal intent recognition begins...
2024-01-03 03:26:20,701 - Training begins...
2024-01-03 03:26:45,910 - ***** Epoch: 1: Eval results *****
2024-01-03 03:26:45,911 -   train_loss = 3.3493
2024-01-03 03:26:45,911 -   best_eval_score = 0.0
2024-01-03 03:26:45,911 -   eval_score = 0.0364
2024-01-03 03:27:10,283 - ***** Epoch: 2: Eval results *****
2024-01-03 03:27:10,283 -   train_loss = 3.1148
2024-01-03 03:27:10,283 -   best_eval_score = 0.0364
2024-01-03 03:27:10,283 -   eval_score = 0.0323
2024-01-03 03:27:10,283 - EarlyStopping counter: 1 out of 8
2024-01-03 03:27:35,330 - ***** Epoch: 3: Eval results *****
2024-01-03 03:27:35,330 -   train_loss = 2.9227
2024-01-03 03:27:35,330 -   best_eval_score = 0.0364
2024-01-03 03:27:35,330 -   eval_score = 0.097
2024-01-03 03:28:00,400 - ***** Epoch: 4: Eval results *****
2024-01-03 03:28:00,400 -   train_loss = 2.6812
2024-01-03 03:28:00,400 -   best_eval_score = 0.097
2024-01-03 03:28:00,400 -   eval_score = 0.3043
2024-01-03 03:28:24,634 - ***** Epoch: 5: Eval results *****
2024-01-03 03:28:24,634 -   train_loss = 2.3207
2024-01-03 03:28:24,634 -   best_eval_score = 0.3043
2024-01-03 03:28:24,634 -   eval_score = 0.355
2024-01-03 03:28:48,526 - ***** Epoch: 6: Eval results *****
2024-01-03 03:28:48,526 -   train_loss = 1.955
2024-01-03 03:28:48,526 -   best_eval_score = 0.355
2024-01-03 03:28:48,526 -   eval_score = 0.4562
2024-01-03 03:29:12,680 - ***** Epoch: 7: Eval results *****
2024-01-03 03:29:12,681 -   train_loss = 1.5878
2024-01-03 03:29:12,681 -   best_eval_score = 0.4562
2024-01-03 03:29:12,681 -   eval_score = 0.5043
2024-01-03 03:29:36,619 - ***** Epoch: 8: Eval results *****
2024-01-03 03:29:36,619 -   train_loss = 1.2735
2024-01-03 03:29:36,619 -   best_eval_score = 0.5043
2024-01-03 03:29:36,619 -   eval_score = 0.5548
2024-01-03 03:30:00,453 - ***** Epoch: 9: Eval results *****
2024-01-03 03:30:00,453 -   train_loss = 1.0484
2024-01-03 03:30:00,453 -   best_eval_score = 0.5548
2024-01-03 03:30:00,453 -   eval_score = 0.5643
