2024-05-07 14:01:57,074 - ============================== Params ==============================
2024-05-07 14:01:57,075 - logger_name: msz_MIntRec2_multi-class_seed-1_2024-05-07-14-01-56
2024-05-07 14:01:57,075 - dataset: MIntRec2
2024-05-07 14:01:57,075 - data_mode: multi-class
2024-05-07 14:01:57,075 - method: msz
2024-05-07 14:01:57,075 - text_backbone: bert-base-uncased
2024-05-07 14:01:57,075 - text_backbone_path: /home/sharing/disk1/pretrained_embedding/bert/uncased_L-12_H-768_A-12/
2024-05-07 14:01:57,075 - seed: 1
2024-05-07 14:01:57,075 - num_workers: 8
2024-05-07 14:01:57,075 - gpu_id: 1
2024-05-07 14:01:57,075 - data_path: /home/sharing/disk2/sjh/intentDataset
2024-05-07 14:01:57,075 - train: True
2024-05-07 14:01:57,075 - tune: True
2024-05-07 14:01:57,075 - save_model: False
2024-05-07 14:01:57,075 - save_results: True
2024-05-07 14:01:57,075 - log_path: logs
2024-05-07 14:01:57,075 - cache_path: 
2024-05-07 14:01:57,075 - video_data_path: video_data
2024-05-07 14:01:57,075 - audio_data_path: audio_data
2024-05-07 14:01:57,075 - video_feats_path: video_feats.pkl
2024-05-07 14:01:57,075 - audio_feats_path: audio_feats.pkl
2024-05-07 14:01:57,075 - results_path: results
2024-05-07 14:01:57,075 - output_path: /home/sharing/disk2/sjh/Outputs/ablation_MIntRec2
2024-05-07 14:01:57,075 - model_path: models
2024-05-07 14:01:57,075 - config_file_name: msz_MIntRec2
2024-05-07 14:01:57,075 - results_file_name: ablation_msz.csv
2024-05-07 14:01:57,075 - ablation: no_modality
2024-05-07 14:01:57,075 - padding_mode: zero
2024-05-07 14:01:57,075 - padding_loc: end
2024-05-07 14:01:57,075 - need_aligned: False
2024-05-07 14:01:57,075 - eval_monitor: f1
2024-05-07 14:01:57,075 - train_batch_size: 32
2024-05-07 14:01:57,075 - eval_batch_size: 16
2024-05-07 14:01:57,075 - test_batch_size: 16
2024-05-07 14:01:57,075 - wait_patience: 8
2024-05-07 14:01:57,075 - hidden_dims: 768
2024-05-07 14:01:57,075 - num_attention_heads: 6
2024-05-07 14:01:57,075 - attention_probs_dropout_prob: 0.3
2024-05-07 14:01:57,075 - hidden_dropout_prob: 0.5
2024-05-07 14:01:57,076 - intermediate_size: 768
2024-05-07 14:01:57,076 - num_hidden_layers: 6
2024-05-07 14:01:57,076 - max_position_embeddings: 1000
2024-05-07 14:01:57,076 - position_embedding_type: absolute
2024-05-07 14:01:57,076 - batch_first: True
2024-05-07 14:01:57,076 - dropout: 0.2
2024-05-07 14:01:57,076 - aligned_method: conv1d
2024-05-07 14:01:57,076 - num_train_epochs: 100
2024-05-07 14:01:57,076 - lr: 5e-06
2024-05-07 14:01:57,076 - lr_mode: max
2024-05-07 14:01:57,076 - patience: 5
2024-05-07 14:01:57,076 - factor: 0.2
2024-05-07 14:01:57,076 - pred_output_path: /home/sharing/disk2/sjh/Outputs/ablation_MIntRec2/msz_MIntRec2_multi-class_seed-1_2024-05-07-14-01-56
2024-05-07 14:01:57,076 - model_output_path: /home/sharing/disk2/sjh/Outputs/ablation_MIntRec2/msz_MIntRec2_multi-class_seed-1_2024-05-07-14-01-56/models
2024-05-07 14:01:57,076 - num_labels: 30
2024-05-07 14:01:57,076 - text_feat_dim: 768
2024-05-07 14:01:57,076 - video_feat_dim: 256
2024-05-07 14:01:57,076 - audio_feat_dim: 768
2024-05-07 14:01:57,076 - text_seq_len: 50
2024-05-07 14:01:57,076 - video_seq_len: 180
2024-05-07 14:01:57,076 - audio_seq_len: 400
2024-05-07 14:01:57,076 - device: cuda:1
2024-05-07 14:01:57,076 - ============================== End Params ==============================
2024-05-07 14:01:57,090 - Generate Text Features Begin...
2024-05-07 14:01:58,731 - Generate Text Features Finished...
2024-05-07 14:01:58,733 - Load Video Features Begin...
2024-05-07 14:01:59,774 - Load Video Features Finished...
2024-05-07 14:02:01,424 - Load Audio Features Begin...
2024-05-07 14:02:05,487 - Load Audio Features Finished...
2024-05-07 14:02:15,754 - method  begins...
2024-05-07 14:02:17,309 - Multimodal intent recognition begins...
2024-05-07 14:02:17,309 - Training begins...
2024-05-07 14:03:23,860 - ***** Epoch: 1: Eval results *****
2024-05-07 14:03:23,860 -   train_loss = 2.738
2024-05-07 14:03:23,860 -   best_eval_score = 0.0
2024-05-07 14:03:23,860 -   eval_score = 0.2641
2024-05-07 14:04:30,788 - ***** Epoch: 2: Eval results *****
2024-05-07 14:04:30,788 -   train_loss = 1.7521
2024-05-07 14:04:30,788 -   best_eval_score = 0.2641
2024-05-07 14:04:30,788 -   eval_score = 0.4082
2024-05-07 14:05:37,305 - ***** Epoch: 3: Eval results *****
2024-05-07 14:05:37,305 -   train_loss = 1.3636
2024-05-07 14:05:37,305 -   best_eval_score = 0.4082
2024-05-07 14:05:37,306 -   eval_score = 0.4346
2024-05-07 14:06:43,208 - ***** Epoch: 4: Eval results *****
2024-05-07 14:06:43,208 -   train_loss = 1.1411
2024-05-07 14:06:43,208 -   best_eval_score = 0.4346
2024-05-07 14:06:43,208 -   eval_score = 0.4717
2024-05-07 14:07:49,427 - ***** Epoch: 5: Eval results *****
2024-05-07 14:07:49,427 -   train_loss = 0.9637
2024-05-07 14:07:49,427 -   best_eval_score = 0.4717
2024-05-07 14:07:49,427 -   eval_score = 0.498
2024-05-07 14:08:56,337 - ***** Epoch: 6: Eval results *****
2024-05-07 14:08:56,338 -   train_loss = 0.8014
2024-05-07 14:08:56,338 -   best_eval_score = 0.498
2024-05-07 14:08:56,338 -   eval_score = 0.5089
2024-05-07 14:10:03,900 - ***** Epoch: 7: Eval results *****
2024-05-07 14:10:03,900 -   train_loss = 0.665
2024-05-07 14:10:03,900 -   best_eval_score = 0.5089
2024-05-07 14:10:03,900 -   eval_score = 0.5092
2024-05-07 14:11:10,913 - ***** Epoch: 8: Eval results *****
2024-05-07 14:11:10,913 -   train_loss = 0.5186
2024-05-07 14:11:10,913 -   best_eval_score = 0.5092
2024-05-07 14:11:10,913 -   eval_score = 0.5183
2024-05-07 14:12:17,983 - ***** Epoch: 9: Eval results *****
2024-05-07 14:12:17,983 -   train_loss = 0.4882
2024-05-07 14:12:17,983 -   best_eval_score = 0.5183
2024-05-07 14:12:17,983 -   eval_score = 0.517
2024-05-07 14:12:17,983 - EarlyStopping counter: 1 out of 8
2024-05-07 14:13:25,280 - ***** Epoch: 10: Eval results *****
2024-05-07 14:13:25,280 -   train_loss = 0.467
2024-05-07 14:13:25,280 -   best_eval_score = 0.5183
2024-05-07 14:13:25,280 -   eval_score = 0.5286
2024-05-07 14:14:31,720 - ***** Epoch: 11: Eval results *****
2024-05-07 14:14:31,720 -   train_loss = 0.4468
2024-05-07 14:14:31,720 -   best_eval_score = 0.5286
2024-05-07 14:14:31,720 -   eval_score = 0.5266
2024-05-07 14:14:31,720 - EarlyStopping counter: 1 out of 8
2024-05-07 14:15:38,324 - ***** Epoch: 12: Eval results *****
2024-05-07 14:15:38,324 -   train_loss = 0.415
2024-05-07 14:15:38,324 -   best_eval_score = 0.5286
2024-05-07 14:15:38,324 -   eval_score = 0.5311
2024-05-07 14:16:44,998 - ***** Epoch: 13: Eval results *****
2024-05-07 14:16:44,998 -   train_loss = 0.3928
2024-05-07 14:16:44,998 -   best_eval_score = 0.5311
2024-05-07 14:16:44,999 -   eval_score = 0.5229
2024-05-07 14:16:44,999 - EarlyStopping counter: 1 out of 8
