2024-01-19 13:18:17,392 - ============================== Params ==============================
2024-01-19 13:18:17,392 - logger_name: msz_MIntRec_multi-class_seed-2_2024-01-19-13-18-17
2024-01-19 13:18:17,392 - dataset: MIntRec
2024-01-19 13:18:17,392 - data_mode: multi-class
2024-01-19 13:18:17,393 - method: msz
2024-01-19 13:18:17,393 - text_backbone: bert-base-uncased
2024-01-19 13:18:17,393 - text_backbone_path: /home/sharing/disk1/pretrained_embedding/bert/uncased_L-12_H-768_A-12/
2024-01-19 13:18:17,393 - seed: 2
2024-01-19 13:18:17,393 - num_workers: 8
2024-01-19 13:18:17,393 - gpu_id: 1
2024-01-19 13:18:17,393 - data_path: /home/sharing/disk2/sjh/intentDataset
2024-01-19 13:18:17,393 - train: True
2024-01-19 13:18:17,393 - tune: False
2024-01-19 13:18:17,393 - save_model: False
2024-01-19 13:18:17,393 - save_results: True
2024-01-19 13:18:17,393 - log_path: logs
2024-01-19 13:18:17,393 - cache_path: 
2024-01-19 13:18:17,393 - video_data_path: video_data
2024-01-19 13:18:17,393 - audio_data_path: audio_data
2024-01-19 13:18:17,393 - video_feats_path: video_feats.pkl
2024-01-19 13:18:17,393 - audio_feats_path: audio_feats.pkl
2024-01-19 13:18:17,393 - results_path: results
2024-01-19 13:18:17,393 - output_path: /home/sharing/disk2/sjh/Outputs/MIntRec
2024-01-19 13:18:17,393 - model_path: models
2024-01-19 13:18:17,393 - config_file_name: msz
2024-01-19 13:18:17,393 - results_file_name: msz.csv
2024-01-19 13:18:17,393 - padding_mode: zero
2024-01-19 13:18:17,393 - padding_loc: end
2024-01-19 13:18:17,393 - need_aligned: False
2024-01-19 13:18:17,393 - eval_monitor: f1
2024-01-19 13:18:17,393 - train_batch_size: 16
2024-01-19 13:18:17,393 - eval_batch_size: 8
2024-01-19 13:18:17,393 - test_batch_size: 8
2024-01-19 13:18:17,393 - wait_patience: 8
2024-01-19 13:18:17,393 - hidden_size: 768
2024-01-19 13:18:17,393 - num_attention_heads: 12
2024-01-19 13:18:17,393 - attention_probs_dropout_prob: 0.2
2024-01-19 13:18:17,393 - hidden_dropout_prob: 0.2
2024-01-19 13:18:17,394 - intermediate_size: 768
2024-01-19 13:18:17,394 - num_hidden_layers: 7
2024-01-19 13:18:17,394 - max_position_embeddings: 768
2024-01-19 13:18:17,394 - position_embedding_type: absolute
2024-01-19 13:18:17,394 - batch_first: True
2024-01-19 13:18:17,394 - hidden_dims: 768
2024-01-19 13:18:17,394 - dropout: 0.2
2024-01-19 13:18:17,394 - aligned_method: conv1d
2024-01-19 13:18:17,394 - num_train_epochs: 100
2024-01-19 13:18:17,394 - lr: 8e-06
2024-01-19 13:18:17,394 - scale: 16
2024-01-19 13:18:17,394 - pred_output_path: /home/sharing/disk2/sjh/Outputs/MIntRec/msz_MIntRec_multi-class_seed-2_2024-01-19-13-18-17
2024-01-19 13:18:17,394 - model_output_path: /home/sharing/disk2/sjh/Outputs/MIntRec/msz_MIntRec_multi-class_seed-2_2024-01-19-13-18-17/models
2024-01-19 13:18:17,394 - ============================== End Params ==============================
2024-01-19 13:18:17,397 - Generate Text Features Begin...
2024-01-19 13:18:17,895 - Generate Text Features Finished...
2024-01-19 13:18:17,895 - Load Video Features Begin...
2024-01-19 13:18:18,254 - Load Video Features Finished...
2024-01-19 13:18:18,923 - Load Audio Features Begin...
2024-01-19 13:18:20,177 - Load Audio Features Finished...
2024-01-19 13:18:24,025 - method  begins...
2024-01-19 13:18:29,041 - Multimodal intent recognition begins...
2024-01-19 13:18:29,042 - Training begins...
2024-01-19 13:18:59,659 - ***** Epoch: 1: Eval results *****
2024-01-19 13:18:59,659 -   train_loss = 2.5619
2024-01-19 13:18:59,659 -   best_eval_score = 0.0
2024-01-19 13:18:59,659 -   eval_score = 0.2681
