2024-01-06 10:21:49,900 - ============================== Params ==============================
2024-01-06 10:21:49,900 - logger_name: msz_MIntRec_multi-class_seed-2_2024-01-06-10-21-49
2024-01-06 10:21:49,900 - dataset: MIntRec
2024-01-06 10:21:49,900 - data_mode: multi-class
2024-01-06 10:21:49,900 - method: msz
2024-01-06 10:21:49,900 - text_backbone: bert-base-uncased
2024-01-06 10:21:49,900 - text_backbone_path: /home/sharing/disk1/pretrained_embedding/bert/uncased_L-12_H-768_A-12/
2024-01-06 10:21:49,900 - seed: 2
2024-01-06 10:21:49,901 - num_workers: 8
2024-01-06 10:21:49,901 - gpu_id: 1
2024-01-06 10:21:49,901 - data_path: /home/sharing/disk2/sjh/intentDataset
2024-01-06 10:21:49,901 - train: True
2024-01-06 10:21:49,901 - tune: False
2024-01-06 10:21:49,901 - save_model: False
2024-01-06 10:21:49,901 - save_results: True
2024-01-06 10:21:49,901 - log_path: logs
2024-01-06 10:21:49,901 - cache_path: 
2024-01-06 10:21:49,901 - video_data_path: video_data
2024-01-06 10:21:49,901 - audio_data_path: audio_data
2024-01-06 10:21:49,901 - video_feats_path: video_feats.pkl
2024-01-06 10:21:49,901 - audio_feats_path: audio_feats.pkl
2024-01-06 10:21:49,901 - results_path: results
2024-01-06 10:21:49,901 - output_path: /home/sharing/disk2/sjh/Outputs/MIntRec
2024-01-06 10:21:49,901 - model_path: models
2024-01-06 10:21:49,901 - config_file_name: msz
2024-01-06 10:21:49,901 - results_file_name: msz.csv
2024-01-06 10:21:49,901 - padding_mode: zero
2024-01-06 10:21:49,901 - padding_loc: end
2024-01-06 10:21:49,901 - need_aligned: False
2024-01-06 10:21:49,901 - eval_monitor: f1
2024-01-06 10:21:49,901 - train_batch_size: 16
2024-01-06 10:21:49,901 - eval_batch_size: 8
2024-01-06 10:21:49,901 - test_batch_size: 8
2024-01-06 10:21:49,901 - wait_patience: 8
2024-01-06 10:21:49,901 - nheads: 2
2024-01-06 10:21:49,901 - encoder_layers: 2
2024-01-06 10:21:49,901 - attn_dropout: 0.1
2024-01-06 10:21:49,901 - relu_dropout: 0.1
2024-01-06 10:21:49,901 - embed_dropout: 0.1
2024-01-06 10:21:49,901 - res_dropout: 0.1
2024-01-06 10:21:49,901 - attn_mask: False
2024-01-06 10:21:49,901 - hidden_size: 768
2024-01-06 10:21:49,901 - num_attention_heads: 12
2024-01-06 10:21:49,901 - attention_probs_dropout_prob: 0.2
2024-01-06 10:21:49,902 - hidden_dropout_prob: 0.2
2024-01-06 10:21:49,902 - intermediate_size: 768
2024-01-06 10:21:49,902 - num_hidden_layers: 3
2024-01-06 10:21:49,902 - max_position_embeddings: 512
2024-01-06 10:21:49,902 - position_embedding_type: absolute
2024-01-06 10:21:49,902 - batch_first: True
2024-01-06 10:21:49,902 - hidden_dims: 768
2024-01-06 10:21:49,902 - att_dropouts: [0.2, 0.2, 0.2]
2024-01-06 10:21:49,902 - spe_dropouts: [0.1, 0.1, 0.1]
2024-01-06 10:21:49,902 - ta_loss: 0.1
2024-01-06 10:21:49,902 - tv_loss: 0.1
2024-01-06 10:21:49,902 - av_loss: 0.1
2024-01-06 10:21:49,902 - aligned_method: conv1d
2024-01-06 10:21:49,902 - grad_clip: -1
2024-01-06 10:21:49,902 - num_train_epochs: 100
2024-01-06 10:21:49,902 - warmup_proportion: 0.1
2024-01-06 10:21:49,902 - lr: 1e-05
2024-01-06 10:21:49,902 - weight_decay: 0.01
2024-01-06 10:21:49,902 - pred_output_path: /home/sharing/disk2/sjh/Outputs/MIntRec/msz_MIntRec_multi-class_seed-2_2024-01-06-10-21-49
2024-01-06 10:21:49,902 - model_output_path: /home/sharing/disk2/sjh/Outputs/MIntRec/msz_MIntRec_multi-class_seed-2_2024-01-06-10-21-49/models
2024-01-06 10:21:49,902 - ============================== End Params ==============================
2024-01-06 10:21:49,905 - Generate Text Features Begin...
2024-01-06 10:21:50,425 - Generate Text Features Finished...
2024-01-06 10:21:50,425 - Load Video Features Begin...
