2024-03-01 23:47:45,733 - ============================== Params ==============================
2024-03-01 23:47:45,733 - logger_name: msz_MIntRec_multi-class_seed-1_2024-03-01-23-47-45
2024-03-01 23:47:45,733 - dataset: MIntRec
2024-03-01 23:47:45,734 - data_mode: multi-class
2024-03-01 23:47:45,734 - method: msz
2024-03-01 23:47:45,734 - text_backbone: bert-base-uncased
2024-03-01 23:47:45,734 - text_backbone_path: /home/sharing/disk1/pretrained_embedding/bert/uncased_L-12_H-768_A-12/
2024-03-01 23:47:45,734 - seed: 1
2024-03-01 23:47:45,734 - num_workers: 8
2024-03-01 23:47:45,734 - gpu_id: 3
2024-03-01 23:47:45,734 - data_path: /home/sharing/disk2/sjh/intentDataset
2024-03-01 23:47:45,734 - train: True
2024-03-01 23:47:45,734 - tune: True
2024-03-01 23:47:45,734 - save_model: True
2024-03-01 23:47:45,734 - save_results: True
2024-03-01 23:47:45,734 - log_path: logs
2024-03-01 23:47:45,734 - cache_path: 
2024-03-01 23:47:45,734 - video_data_path: video_data
2024-03-01 23:47:45,734 - audio_data_path: audio_data
2024-03-01 23:47:45,734 - video_feats_path: video_feats.pkl
2024-03-01 23:47:45,734 - audio_feats_path: audio_feats.pkl
2024-03-01 23:47:45,734 - results_path: results
2024-03-01 23:47:45,734 - output_path: /home/sharing/disk2/sjh/Outputs/MIntRec
2024-03-01 23:47:45,734 - model_path: models
2024-03-01 23:47:45,734 - config_file_name: msz_MIntRec
2024-03-01 23:47:45,734 - results_file_name: msz.csv
2024-03-01 23:47:45,734 - padding_mode: zero
2024-03-01 23:47:45,734 - padding_loc: end
2024-03-01 23:47:45,734 - need_aligned: False
2024-03-01 23:47:45,734 - eval_monitor: f1
2024-03-01 23:47:45,734 - train_batch_size: 16
2024-03-01 23:47:45,734 - eval_batch_size: 8
2024-03-01 23:47:45,734 - test_batch_size: 8
2024-03-01 23:47:45,734 - wait_patience: 8
2024-03-01 23:47:45,734 - hidden_size: 768
2024-03-01 23:47:45,734 - num_attention_heads: 12
2024-03-01 23:47:45,734 - attention_probs_dropout_prob: 0.2
2024-03-01 23:47:45,734 - hidden_dropout_prob: 0.3
2024-03-01 23:47:45,734 - intermediate_size: 768
2024-03-01 23:47:45,734 - num_hidden_layers: 6
2024-03-01 23:47:45,734 - max_position_embeddings: 768
2024-03-01 23:47:45,734 - position_embedding_type: absolute
2024-03-01 23:47:45,734 - batch_first: True
2024-03-01 23:47:45,735 - hidden_dims: 768
2024-03-01 23:47:45,735 - dropout: 0.3
2024-03-01 23:47:45,735 - aligned_method: conv1d
2024-03-01 23:47:45,735 - num_train_epochs: 100
2024-03-01 23:47:45,735 - lr: 9e-06
2024-03-01 23:47:45,735 - pred_output_path: /home/sharing/disk2/sjh/Outputs/MIntRec/msz_MIntRec_multi-class_seed-1_2024-03-01-23-47-45
2024-03-01 23:47:45,735 - model_output_path: /home/sharing/disk2/sjh/Outputs/MIntRec/msz_MIntRec_multi-class_seed-1_2024-03-01-23-47-45/models
2024-03-01 23:47:45,735 - num_labels: 20
2024-03-01 23:47:45,735 - text_feat_dim: 768
2024-03-01 23:47:45,735 - video_feat_dim: 256
2024-03-01 23:47:45,735 - audio_feat_dim: 768
2024-03-01 23:47:45,735 - text_seq_len: 30
2024-03-01 23:47:45,735 - video_seq_len: 230
2024-03-01 23:47:45,735 - audio_seq_len: 480
2024-03-01 23:47:45,735 - device: cuda:3
2024-03-01 23:47:45,735 - ============================== End Params ==============================
2024-03-01 23:47:45,738 - Generate Text Features Begin...
2024-03-01 23:47:46,211 - Generate Text Features Finished...
2024-03-01 23:47:46,212 - Load Video Features Begin...
2024-03-01 23:47:46,538 - Load Video Features Finished...
2024-03-01 23:47:47,176 - Load Audio Features Begin...
2024-03-01 23:47:48,288 - Load Audio Features Finished...
2024-03-01 23:47:50,679 - method  begins...
2024-03-01 23:47:52,244 - Multimodal intent recognition begins...
2024-03-01 23:47:52,244 - Training begins...
2024-03-01 23:48:09,324 - ***** Epoch: 1: Eval results *****
2024-03-01 23:48:09,325 -   train_loss = 2.6222
2024-03-01 23:48:09,325 -   best_eval_score = 0.0
2024-03-01 23:48:09,325 -   eval_score = 0.2601
2024-03-01 23:48:27,144 - ***** Epoch: 2: Eval results *****
2024-03-01 23:48:27,144 -   train_loss = 1.5839
2024-03-01 23:48:27,144 -   best_eval_score = 0.2601
2024-03-01 23:48:27,144 -   eval_score = 0.551
2024-03-01 23:48:44,769 - ***** Epoch: 3: Eval results *****
2024-03-01 23:48:44,769 -   train_loss = 0.8226
2024-03-01 23:48:44,769 -   best_eval_score = 0.551
2024-03-01 23:48:44,769 -   eval_score = 0.6029
2024-03-01 23:49:01,861 - ***** Epoch: 4: Eval results *****
2024-03-01 23:49:01,861 -   train_loss = 0.4433
2024-03-01 23:49:01,861 -   best_eval_score = 0.6029
2024-03-01 23:49:01,861 -   eval_score = 0.6577
2024-03-01 23:49:19,127 - ***** Epoch: 5: Eval results *****
2024-03-01 23:49:19,127 -   train_loss = 0.2409
2024-03-01 23:49:19,127 -   best_eval_score = 0.6577
2024-03-01 23:49:19,127 -   eval_score = 0.6456
2024-03-01 23:49:19,127 - EarlyStopping counter: 1 out of 8
2024-03-01 23:49:36,690 - ***** Epoch: 6: Eval results *****
2024-03-01 23:49:36,690 -   train_loss = 0.1343
2024-03-01 23:49:36,690 -   best_eval_score = 0.6577
2024-03-01 23:49:36,690 -   eval_score = 0.653
2024-03-01 23:49:36,690 - EarlyStopping counter: 2 out of 8
2024-03-01 23:49:53,982 - ***** Epoch: 7: Eval results *****
2024-03-01 23:49:53,982 -   train_loss = 0.0718
2024-03-01 23:49:53,983 -   best_eval_score = 0.6577
2024-03-01 23:49:53,983 -   eval_score = 0.6775
2024-03-01 23:50:11,567 - ***** Epoch: 8: Eval results *****
2024-03-01 23:50:11,567 -   train_loss = 0.0439
2024-03-01 23:50:11,568 -   best_eval_score = 0.6775
2024-03-01 23:50:11,568 -   eval_score = 0.6847
2024-03-01 23:50:29,347 - ***** Epoch: 9: Eval results *****
2024-03-01 23:50:29,347 -   train_loss = 0.0357
2024-03-01 23:50:29,347 -   best_eval_score = 0.6847
2024-03-01 23:50:29,347 -   eval_score = 0.6552
2024-03-01 23:50:29,347 - EarlyStopping counter: 1 out of 8
2024-03-01 23:50:46,128 - ***** Epoch: 10: Eval results *****
2024-03-01 23:50:46,128 -   train_loss = 0.0227
2024-03-01 23:50:46,128 -   best_eval_score = 0.6847
2024-03-01 23:50:46,128 -   eval_score = 0.6776
2024-03-01 23:50:46,129 - EarlyStopping counter: 2 out of 8
2024-03-01 23:51:03,134 - ***** Epoch: 11: Eval results *****
2024-03-01 23:51:03,134 -   train_loss = 0.0157
2024-03-01 23:51:03,134 -   best_eval_score = 0.6847
2024-03-01 23:51:03,134 -   eval_score = 0.6755
2024-03-01 23:51:03,134 - EarlyStopping counter: 3 out of 8
2024-03-01 23:51:20,419 - ***** Epoch: 12: Eval results *****
2024-03-01 23:51:20,419 -   train_loss = 0.0142
2024-03-01 23:51:20,419 -   best_eval_score = 0.6847
2024-03-01 23:51:20,419 -   eval_score = 0.6815
2024-03-01 23:51:20,419 - EarlyStopping counter: 4 out of 8
2024-03-01 23:51:37,359 - ***** Epoch: 13: Eval results *****
2024-03-01 23:51:37,360 -   train_loss = 0.0124
2024-03-01 23:51:37,360 -   best_eval_score = 0.6847
2024-03-01 23:51:37,360 -   eval_score = 0.6792
2024-03-01 23:51:37,360 - EarlyStopping counter: 5 out of 8
2024-03-01 23:51:54,875 - ***** Epoch: 14: Eval results *****
2024-03-01 23:51:54,875 -   train_loss = 0.0131
2024-03-01 23:51:54,875 -   best_eval_score = 0.6847
2024-03-01 23:51:54,875 -   eval_score = 0.6756
2024-03-01 23:51:54,875 - EarlyStopping counter: 6 out of 8
2024-03-01 23:52:11,449 - ***** Epoch: 15: Eval results *****
2024-03-01 23:52:11,449 -   train_loss = 0.0116
2024-03-01 23:52:11,449 -   best_eval_score = 0.6847
2024-03-01 23:52:11,449 -   eval_score = 0.6748
2024-03-01 23:52:11,449 - EarlyStopping counter: 7 out of 8
2024-03-01 23:52:28,669 - ***** Epoch: 16: Eval results *****
2024-03-01 23:52:28,669 -   train_loss = 0.0112
2024-03-01 23:52:28,670 -   best_eval_score = 0.6847
2024-03-01 23:52:28,670 -   eval_score = 0.68
2024-03-01 23:52:28,670 - EarlyStopping counter: 8 out of 8
2024-03-01 23:52:28,670 - EarlyStopping at epoch 16
2024-03-01 23:52:28,670 - Trained models are saved in /home/sharing/disk2/sjh/Outputs/MIntRec/msz_MIntRec_multi-class_seed-1_2024-03-01-23-47-45/models
2024-03-01 23:52:29,714 - Training is finished...
2024-03-01 23:52:29,714 - Testing begins...
2024-03-01 23:52:33,233 - ***** Test: Confusion Matrix *****
2024-03-01 23:52:33,234 - [[36  2  0  0  6  0  3  1  1  3  1  0  3  1  0  0  0  0  0  0]
 [ 0 35  0  1  0  2  0  0  1  0  1  0  2  1  0  0  0  0  0  0]
 [ 1  0 26  0  0  0  0  0  0  0  0  0  0  0  0  0  0  0  0  0]
 [ 0  1  0 24  0  0  0  0  0  0  0  0  0  0  0  0  0  0  0  0]
 [ 6  0  0  0  8  0  3  0  0  1  0  1  2  0  1  0  0  1  0  0]
 [ 0  0  0  0  0 12  0  0  0  0  0  0  0  0  0  0  0  0  0  0]
 [ 2  1  0  0  2  0  2  0  3  0  0  0  1  0  1  0  0  0  0  0]
 [ 3  0  0  0  0  0  0  4  1  0  2  0  0  0  0  0  0  0  0  0]
 [ 1  0  0  0  0  0  0  2  6  0  0  0  0  1  0  0  0  0  0  0]
 [ 1  0  0  0  1  0  0  0  0  4  1  0  0  0  0  2  0  1  0  0]
 [ 1  0  0  0  0  0  1  0  0  1 14  0  0  0  1  0  0  0  0  0]
 [ 0  0  0  0  0  0  1  0  0  0  0 17  0  0  0  0  0  0  0  1]
 [ 4  2  0  0  1  0  0  2  1  0  0  1 38  2  3  1  2  0  0  0]
 [ 0  1  0  0  0  0  2  0  0  0  1  1  2 15  3  0  0  0  0  0]
 [ 0  0  0  0  1  0  0  0  1  0  0  0  1  2 15  0  1  0  0  1]
 [ 0  0  0  0  0  0  0  1  3  0  0  0  4  1  0 12  0  0  0  0]
 [ 0  0  0  0  0  0  0  1  0  0  0  0  1  0  2  0 13  0  0  0]
 [ 0  0  0  0  0  0  0  0  0  1  1  0  1  0  1  0  0 11  0  0]
 [ 0  0  0  0  0  0  0  0  0  0  0  0  2  0  0  1  0  0  9  0]
 [ 1  0  0  0  0  0  0  0  0  0  0  0  1  1  1  0  0  0  0  6]]
2024-03-01 23:52:33,234 - ***** Evaluation results *****
2024-03-01 23:52:33,234 -   acc = 0.6899
2024-03-01 23:52:33,234 -   f1 = 0.6653
2024-03-01 23:52:33,234 -   prec = 0.6744
2024-03-01 23:52:33,234 -   rec = 0.6662
2024-03-01 23:52:33,234 - Testing is finished...
2024-03-01 23:52:33,234 - Multimodal intent recognition is finished...
2024-03-01 23:52:33,234 - Results are saved in results/msz.csv
