2024-01-06 04:04:35,716 - ============================== Params ==============================
2024-01-06 04:04:35,717 - logger_name: msz_MIntRec_multi-class_seed-4_2024-01-06-04-04-35
2024-01-06 04:04:35,717 - dataset: MIntRec
2024-01-06 04:04:35,717 - data_mode: multi-class
2024-01-06 04:04:35,717 - method: msz
2024-01-06 04:04:35,717 - text_backbone: bert-base-uncased
2024-01-06 04:04:35,717 - text_backbone_path: /home/sharing/disk1/pretrained_embedding/bert/uncased_L-12_H-768_A-12/
2024-01-06 04:04:35,717 - seed: 4
2024-01-06 04:04:35,717 - num_workers: 8
2024-01-06 04:04:35,717 - gpu_id: 1
2024-01-06 04:04:35,717 - data_path: /home/sharing/disk2/sjh/intentDataset
2024-01-06 04:04:35,717 - train: True
2024-01-06 04:04:35,717 - tune: False
2024-01-06 04:04:35,717 - save_model: False
2024-01-06 04:04:35,717 - save_results: True
2024-01-06 04:04:35,717 - log_path: logs
2024-01-06 04:04:35,717 - cache_path: 
2024-01-06 04:04:35,717 - video_data_path: video_data
2024-01-06 04:04:35,717 - audio_data_path: audio_data
2024-01-06 04:04:35,717 - video_feats_path: video_feats.pkl
2024-01-06 04:04:35,717 - audio_feats_path: audio_feats.pkl
2024-01-06 04:04:35,717 - results_path: results
2024-01-06 04:04:35,717 - output_path: /home/sharing/disk2/sjh/Outputs/MIntRec
2024-01-06 04:04:35,717 - model_path: models
2024-01-06 04:04:35,717 - config_file_name: msz
2024-01-06 04:04:35,717 - results_file_name: msz.csv
2024-01-06 04:04:35,717 - padding_mode: zero
2024-01-06 04:04:35,717 - padding_loc: end
2024-01-06 04:04:35,717 - need_aligned: False
2024-01-06 04:04:35,717 - eval_monitor: f1
2024-01-06 04:04:35,717 - train_batch_size: 16
2024-01-06 04:04:35,717 - eval_batch_size: 8
2024-01-06 04:04:35,717 - test_batch_size: 8
2024-01-06 04:04:35,717 - wait_patience: 8
2024-01-06 04:04:35,717 - nheads: 2
2024-01-06 04:04:35,717 - encoder_layers: 2
2024-01-06 04:04:35,717 - attn_dropout: 0.1
2024-01-06 04:04:35,718 - relu_dropout: 0.1
2024-01-06 04:04:35,718 - embed_dropout: 0.1
2024-01-06 04:04:35,718 - res_dropout: 0.1
2024-01-06 04:04:35,718 - attn_mask: False
2024-01-06 04:04:35,718 - hidden_size: 768
2024-01-06 04:04:35,718 - num_attention_heads: 12
2024-01-06 04:04:35,718 - attention_probs_dropout_prob: 0.2
2024-01-06 04:04:35,718 - hidden_dropout_prob: 0.2
2024-01-06 04:04:35,718 - intermediate_size: 768
2024-01-06 04:04:35,718 - num_hidden_layers: 3
2024-01-06 04:04:35,718 - max_position_embeddings: 512
2024-01-06 04:04:35,718 - position_embedding_type: absolute
2024-01-06 04:04:35,718 - batch_first: True
2024-01-06 04:04:35,718 - hidden_dims: 768
2024-01-06 04:04:35,718 - att_dropouts: [0.2, 0.2, 0.2]
2024-01-06 04:04:35,718 - spe_dropouts: [0.1, 0.1, 0.1]
2024-01-06 04:04:35,718 - ta_loss: 0.1
2024-01-06 04:04:35,718 - tv_loss: 0.1
2024-01-06 04:04:35,718 - av_loss: 0.1
2024-01-06 04:04:35,718 - aligned_method: conv1d
2024-01-06 04:04:35,718 - grad_clip: -1
2024-01-06 04:04:35,718 - num_train_epochs: 100
2024-01-06 04:04:35,718 - warmup_proportion: 0.1
2024-01-06 04:04:35,718 - lr: 1e-06
2024-01-06 04:04:35,718 - weight_decay: 0.01
2024-01-06 04:04:35,718 - pred_output_path: /home/sharing/disk2/sjh/Outputs/MIntRec/msz_MIntRec_multi-class_seed-4_2024-01-06-04-04-35
2024-01-06 04:04:35,718 - model_output_path: /home/sharing/disk2/sjh/Outputs/MIntRec/msz_MIntRec_multi-class_seed-4_2024-01-06-04-04-35/models
2024-01-06 04:04:35,718 - ============================== End Params ==============================
2024-01-06 04:04:35,720 - Generate Text Features Begin...
2024-01-06 04:04:36,155 - Generate Text Features Finished...
2024-01-06 04:04:36,156 - Load Video Features Begin...
2024-01-06 04:04:36,434 - Load Video Features Finished...
2024-01-06 04:04:36,952 - Load Audio Features Begin...
2024-01-06 04:04:37,947 - Load Audio Features Finished...
