2024-03-31 12:41:02,277 - ============================== Params ==============================
2024-03-31 12:41:02,277 - logger_name: msz_MIntRec_multi-class_seed-1_2024-03-31-12-41-02
2024-03-31 12:41:02,277 - dataset: MIntRec
2024-03-31 12:41:02,278 - data_mode: multi-class
2024-03-31 12:41:02,278 - method: msz
2024-03-31 12:41:02,278 - text_backbone: bert-base-uncased
2024-03-31 12:41:02,278 - text_backbone_path: /home/sharing/disk1/pretrained_embedding/bert/uncased_L-12_H-768_A-12/
2024-03-31 12:41:02,278 - seed: 1
2024-03-31 12:41:02,278 - num_workers: 8
2024-03-31 12:41:02,278 - gpu_id: 3
2024-03-31 12:41:02,278 - data_path: /home/sharing/disk2/sjh/intentDataset
2024-03-31 12:41:02,278 - train: True
2024-03-31 12:41:02,278 - tune: True
2024-03-31 12:41:02,278 - save_model: False
2024-03-31 12:41:02,278 - save_results: True
2024-03-31 12:41:02,278 - log_path: logs
2024-03-31 12:41:02,278 - cache_path: 
2024-03-31 12:41:02,278 - video_data_path: video_data
2024-03-31 12:41:02,278 - audio_data_path: audio_data
2024-03-31 12:41:02,278 - video_feats_path: video_feats.pkl
2024-03-31 12:41:02,278 - audio_feats_path: audio_feats.pkl
2024-03-31 12:41:02,278 - results_path: results
2024-03-31 12:41:02,278 - output_path: /home/sharing/disk2/sjh/Outputs/MIntRec
2024-03-31 12:41:02,278 - model_path: models
2024-03-31 12:41:02,278 - config_file_name: msz_MIntRec
2024-03-31 12:41:02,278 - results_file_name: msz.csv
2024-03-31 12:41:02,278 - padding_mode: zero
2024-03-31 12:41:02,278 - padding_loc: end
2024-03-31 12:41:02,278 - need_aligned: False
2024-03-31 12:41:02,279 - eval_monitor: f1
2024-03-31 12:41:02,279 - train_batch_size: 16
2024-03-31 12:41:02,279 - eval_batch_size: 8
2024-03-31 12:41:02,279 - test_batch_size: 8
2024-03-31 12:41:02,279 - wait_patience: 8
2024-03-31 12:41:02,279 - hidden_dims: 768
2024-03-31 12:41:02,279 - num_attention_heads: 8
2024-03-31 12:41:02,279 - attention_probs_dropout_prob: 0.3
2024-03-31 12:41:02,279 - hidden_dropout_prob: 0.2
2024-03-31 12:41:02,279 - intermediate_size: 768
2024-03-31 12:41:02,279 - num_hidden_layers: 10
2024-03-31 12:41:02,279 - max_position_embeddings: 768
2024-03-31 12:41:02,279 - position_embedding_type: absolute
2024-03-31 12:41:02,279 - batch_first: True
2024-03-31 12:41:02,279 - dropout: 0.4
2024-03-31 12:41:02,279 - aligned_method: conv1d
2024-03-31 12:41:02,279 - num_train_epochs: 100
2024-03-31 12:41:02,279 - lr: 7e-06
2024-03-31 12:41:02,279 - lr_mode: max
2024-03-31 12:41:02,279 - patience: 8
2024-03-31 12:41:02,279 - factor: 0.1
2024-03-31 12:41:02,279 - pred_output_path: /home/sharing/disk2/sjh/Outputs/MIntRec/msz_MIntRec_multi-class_seed-1_2024-03-31-12-41-02
2024-03-31 12:41:02,279 - model_output_path: /home/sharing/disk2/sjh/Outputs/MIntRec/msz_MIntRec_multi-class_seed-1_2024-03-31-12-41-02/models
2024-03-31 12:41:02,279 - num_labels: 20
2024-03-31 12:41:02,279 - text_feat_dim: 768
2024-03-31 12:41:02,279 - video_feat_dim: 256
2024-03-31 12:41:02,280 - audio_feat_dim: 768
2024-03-31 12:41:02,280 - text_seq_len: 30
2024-03-31 12:41:02,280 - video_seq_len: 230
2024-03-31 12:41:02,280 - audio_seq_len: 480
2024-03-31 12:41:02,280 - device: cuda:3
2024-03-31 12:41:02,280 - ============================== End Params ==============================
2024-03-31 12:41:02,472 - Generate Text Features Begin...
2024-03-31 12:41:03,224 - Generate Text Features Finished...
2024-03-31 12:41:03,225 - Load Video Features Begin...
2024-03-31 12:41:25,969 - Load Video Features Finished...
2024-03-31 12:41:33,075 - Load Audio Features Begin...
2024-03-31 12:41:40,161 - Load Audio Features Finished...
2024-03-31 12:41:44,836 - method  begins...
2024-03-31 12:41:48,859 - Multimodal intent recognition begins...
2024-03-31 12:41:48,868 - Training begins...
2024-03-31 12:42:12,988 - ***** Epoch: 1: Eval results *****
2024-03-31 12:42:12,988 -   train_loss = 2.4335
2024-03-31 12:42:12,988 -   best_eval_score = 0.0
2024-03-31 12:42:12,988 -   eval_score = 0.4244
2024-03-31 12:42:36,631 - ***** Epoch: 2: Eval results *****
2024-03-31 12:42:36,631 -   train_loss = 1.2088
2024-03-31 12:42:36,631 -   best_eval_score = 0.4244
2024-03-31 12:42:36,631 -   eval_score = 0.625
2024-03-31 12:42:59,779 - ***** Epoch: 3: Eval results *****
2024-03-31 12:42:59,779 -   train_loss = 0.7151
2024-03-31 12:42:59,779 -   best_eval_score = 0.625
2024-03-31 12:42:59,779 -   eval_score = 0.6548
2024-03-31 12:43:23,359 - ***** Epoch: 4: Eval results *****
2024-03-31 12:43:23,360 -   train_loss = 0.3911
2024-03-31 12:43:23,360 -   best_eval_score = 0.6548
2024-03-31 12:43:23,360 -   eval_score = 0.6618
2024-03-31 12:43:47,608 - ***** Epoch: 5: Eval results *****
2024-03-31 12:43:47,608 -   train_loss = 0.2231
2024-03-31 12:43:47,608 -   best_eval_score = 0.6618
2024-03-31 12:43:47,608 -   eval_score = 0.6539
2024-03-31 12:43:47,608 - EarlyStopping counter: 1 out of 8
2024-03-31 12:44:11,022 - ***** Epoch: 6: Eval results *****
2024-03-31 12:44:11,022 -   train_loss = 0.1393
2024-03-31 12:44:11,022 -   best_eval_score = 0.6618
2024-03-31 12:44:11,022 -   eval_score = 0.6695
2024-03-31 12:44:33,943 - ***** Epoch: 7: Eval results *****
2024-03-31 12:44:33,943 -   train_loss = 0.0914
2024-03-31 12:44:33,943 -   best_eval_score = 0.6695
2024-03-31 12:44:33,944 -   eval_score = 0.6726
2024-03-31 12:44:57,269 - ***** Epoch: 8: Eval results *****
2024-03-31 12:44:57,278 -   train_loss = 0.0408
2024-03-31 12:44:57,279 -   best_eval_score = 0.6726
2024-03-31 12:44:57,279 -   eval_score = 0.6509
2024-03-31 12:44:57,279 - EarlyStopping counter: 1 out of 8
2024-03-31 12:45:22,463 - ***** Epoch: 9: Eval results *****
2024-03-31 12:45:22,463 -   train_loss = 0.0282
2024-03-31 12:45:22,463 -   best_eval_score = 0.6726
2024-03-31 12:45:22,463 -   eval_score = 0.6766
2024-03-31 12:45:45,629 - ***** Epoch: 10: Eval results *****
2024-03-31 12:45:45,629 -   train_loss = 0.0221
2024-03-31 12:45:45,629 -   best_eval_score = 0.6766
2024-03-31 12:45:45,629 -   eval_score = 0.6623
2024-03-31 12:45:45,629 - EarlyStopping counter: 1 out of 8
2024-03-31 12:46:10,169 - ***** Epoch: 11: Eval results *****
2024-03-31 12:46:10,169 -   train_loss = 0.0147
2024-03-31 12:46:10,169 -   best_eval_score = 0.6766
2024-03-31 12:46:10,169 -   eval_score = 0.6802
2024-03-31 12:46:35,621 - ***** Epoch: 12: Eval results *****
2024-03-31 12:46:35,630 -   train_loss = 0.0117
2024-03-31 12:46:35,630 -   best_eval_score = 0.6802
2024-03-31 12:46:35,630 -   eval_score = 0.6804
2024-03-31 12:46:59,686 - ***** Epoch: 13: Eval results *****
2024-03-31 12:46:59,686 -   train_loss = 0.0122
2024-03-31 12:46:59,686 -   best_eval_score = 0.6804
2024-03-31 12:46:59,686 -   eval_score = 0.6751
2024-03-31 12:46:59,686 - EarlyStopping counter: 1 out of 8
2024-03-31 12:47:24,680 - ***** Epoch: 14: Eval results *****
2024-03-31 12:47:24,680 -   train_loss = 0.0107
2024-03-31 12:47:24,680 -   best_eval_score = 0.6804
2024-03-31 12:47:24,680 -   eval_score = 0.6739
2024-03-31 12:47:24,680 - EarlyStopping counter: 2 out of 8
2024-03-31 12:47:47,937 - ***** Epoch: 15: Eval results *****
2024-03-31 12:47:47,937 -   train_loss = 0.0107
2024-03-31 12:47:47,938 -   best_eval_score = 0.6804
2024-03-31 12:47:47,938 -   eval_score = 0.6757
2024-03-31 12:47:47,938 - EarlyStopping counter: 3 out of 8
2024-03-31 12:48:12,228 - ***** Epoch: 16: Eval results *****
2024-03-31 12:48:12,229 -   train_loss = 0.0095
2024-03-31 12:48:12,229 -   best_eval_score = 0.6804
2024-03-31 12:48:12,229 -   eval_score = 0.6734
2024-03-31 12:48:12,229 - EarlyStopping counter: 4 out of 8
2024-03-31 12:48:35,658 - ***** Epoch: 17: Eval results *****
2024-03-31 12:48:35,667 -   train_loss = 0.0102
2024-03-31 12:48:35,667 -   best_eval_score = 0.6804
2024-03-31 12:48:35,667 -   eval_score = 0.6738
2024-03-31 12:48:35,667 - EarlyStopping counter: 5 out of 8
2024-03-31 12:48:59,079 - ***** Epoch: 18: Eval results *****
2024-03-31 12:48:59,080 -   train_loss = 0.0086
2024-03-31 12:48:59,080 -   best_eval_score = 0.6804
2024-03-31 12:48:59,080 -   eval_score = 0.6729
2024-03-31 12:48:59,080 - EarlyStopping counter: 6 out of 8
2024-03-31 12:49:21,300 - ***** Epoch: 19: Eval results *****
2024-03-31 12:49:21,300 -   train_loss = 0.0086
2024-03-31 12:49:21,300 -   best_eval_score = 0.6804
2024-03-31 12:49:21,300 -   eval_score = 0.6716
2024-03-31 12:49:21,300 - EarlyStopping counter: 7 out of 8
2024-03-31 12:49:44,285 - ***** Epoch: 20: Eval results *****
2024-03-31 12:49:44,285 -   train_loss = 0.009
2024-03-31 12:49:44,285 -   best_eval_score = 0.6804
2024-03-31 12:49:44,285 -   eval_score = 0.6728
2024-03-31 12:49:44,285 - EarlyStopping counter: 8 out of 8
2024-03-31 12:49:44,286 - EarlyStopping at epoch 20
2024-03-31 12:49:44,288 - Training is finished...
2024-03-31 12:49:44,289 - Testing begins...
2024-03-31 12:49:48,121 - ***** Test: Confusion Matrix *****
2024-03-31 12:49:48,123 - [[36  3  0  0  8  0  2  0  0  1  1  0  5  1  0  0  0  0  0  0]
 [ 1 35  0  1  0  3  0  0  0  0  1  0  2  0  0  0  0  0  0  0]
 [ 1  0 26  0  0  0  0  0  0  0  0  0  0  0  0  0  0  0  0  0]
 [ 0  1  0 24  0  0  0  0  0  0  0  0  0  0  0  0  0  0  0  0]
 [ 5  0  0  0 10  0  3  0  0  1  0  1  1  0  1  0  0  1  0  0]
 [ 0  0  0  0  0 11  0  0  0  0  0  0  1  0  0  0  0  0  0  0]
 [ 2  1  0  0  1  0  3  1  1  0  0  0  1  0  0  1  1  0  0  0]
 [ 3  1  0  0  0  0  0  5  0  1  0  0  0  0  0  0  0  0  0  0]
 [ 1  0  0  0  0  0  0  3  3  0  0  0  0  2  0  1  0  0  0  0]
 [ 1  0  0  0  0  0  1  0  0  3  1  0  0  0  0  3  0  1  0  0]
 [ 0  0  0  0  0  0  1  1  0  2 12  0  0  0  1  0  1  0  0  0]
 [ 0  0  0  0  0  0  1  0  0  0  0 16  0  0  0  0  0  0  1  1]
 [ 4  1  0  0  1  0  0  2  0  0  1  2 34  4  3  1  2  0  1  1]
 [ 1  1  0  0  0  0  1  0  0  0  1  1  0 19  1  0  0  0  0  0]
 [ 0  0  0  0  0  0  0  0  0  0  0  0  1  1 17  0  2  0  0  1]
 [ 0  1  0  0  0  0  0  0  0  0  0  0  2  1  0 17  0  0  0  0]
 [ 0  0  0  0  0  1  0  0  0  0  0  0  1  0  2  0 13  0  0  0]
 [ 0  0  0  0  0  0  0  0  0  1  2  0  1  0  0  0  1 10  0  0]
 [ 0  0  0  0  0  0  0  0  0  0  0  0  2  0  0  1  0  0  9  0]
 [ 0  0  0  0  0  0  0  0  0  0  0  0  0  0  1  0  1  0  0  8]]
2024-03-31 12:49:48,123 - ***** Evaluation results *****
2024-03-31 12:49:48,123 -   acc = 0.6989
2024-03-31 12:49:48,123 -   f1 = 0.6683
2024-03-31 12:49:48,123 -   prec = 0.6765
2024-03-31 12:49:48,123 -   rec = 0.6749
2024-03-31 12:49:48,123 - Testing is finished...
2024-03-31 12:49:48,123 - Multimodal intent recognition is finished...
2024-03-31 12:49:48,124 - Results are saved in results/msz.csv
