2024-01-10 03:42:32,412 - ============================== Params ==============================
2024-01-10 03:42:32,413 - logger_name: msz_MIntRec_multi-class_seed-1_2024-01-10-03-42-32
2024-01-10 03:42:32,413 - dataset: MIntRec
2024-01-10 03:42:32,413 - data_mode: multi-class
2024-01-10 03:42:32,413 - method: msz
2024-01-10 03:42:32,413 - text_backbone: bert-base-uncased
2024-01-10 03:42:32,413 - text_backbone_path: /home/sharing/disk1/pretrained_embedding/bert/uncased_L-12_H-768_A-12/
2024-01-10 03:42:32,413 - seed: 1
2024-01-10 03:42:32,413 - num_workers: 8
2024-01-10 03:42:32,413 - gpu_id: 1
2024-01-10 03:42:32,413 - data_path: /home/sharing/disk2/sjh/intentDataset
2024-01-10 03:42:32,413 - train: True
2024-01-10 03:42:32,413 - tune: False
2024-01-10 03:42:32,413 - save_model: False
2024-01-10 03:42:32,413 - save_results: True
2024-01-10 03:42:32,413 - log_path: logs
2024-01-10 03:42:32,413 - cache_path: 
2024-01-10 03:42:32,413 - video_data_path: video_data
2024-01-10 03:42:32,413 - audio_data_path: audio_data
2024-01-10 03:42:32,413 - video_feats_path: video_feats.pkl
2024-01-10 03:42:32,413 - audio_feats_path: audio_feats.pkl
2024-01-10 03:42:32,413 - results_path: results
2024-01-10 03:42:32,413 - output_path: /home/sharing/disk2/sjh/Outputs/MIntRec
2024-01-10 03:42:32,413 - model_path: models
2024-01-10 03:42:32,413 - config_file_name: msz
2024-01-10 03:42:32,413 - results_file_name: msz.csv
2024-01-10 03:42:32,413 - padding_mode: zero
2024-01-10 03:42:32,413 - padding_loc: end
2024-01-10 03:42:32,413 - need_aligned: False
2024-01-10 03:42:32,413 - eval_monitor: f1
2024-01-10 03:42:32,413 - train_batch_size: 16
2024-01-10 03:42:32,413 - eval_batch_size: 8
2024-01-10 03:42:32,413 - test_batch_size: 8
2024-01-10 03:42:32,414 - wait_patience: 8
2024-01-10 03:42:32,414 - nheads: 12
2024-01-10 03:42:32,414 - encoder_layers: 6
2024-01-10 03:42:32,414 - attn_dropout: 0.1
2024-01-10 03:42:32,414 - relu_dropout: 0.1
2024-01-10 03:42:32,414 - embed_dropout: 0.1
2024-01-10 03:42:32,414 - res_dropout: 0.1
2024-01-10 03:42:32,414 - attn_mask: False
2024-01-10 03:42:32,414 - hidden_size: 768
2024-01-10 03:42:32,414 - num_attention_heads: 12
2024-01-10 03:42:32,414 - attention_probs_dropout_prob: 0.1
2024-01-10 03:42:32,414 - hidden_dropout_prob: 0.1
2024-01-10 03:42:32,414 - intermediate_size: 768
2024-01-10 03:42:32,414 - num_hidden_layers: 6
2024-01-10 03:42:32,414 - max_position_embeddings: 768
2024-01-10 03:42:32,414 - position_embedding_type: absolute
2024-01-10 03:42:32,414 - batch_first: True
2024-01-10 03:42:32,414 - hidden_dims: 768
2024-01-10 03:42:32,414 - att_dropouts: [0.2, 0.2, 0.2]
2024-01-10 03:42:32,414 - spe_dropouts: [0.2, 0.1, 0.1]
2024-01-10 03:42:32,414 - aligned_method: conv1d
2024-01-10 03:42:32,414 - grad_clip: 2
2024-01-10 03:42:32,414 - num_train_epochs: 100
2024-01-10 03:42:32,414 - warmup_proportion: 0.1
2024-01-10 03:42:32,414 - lr: 3e-06
2024-01-10 03:42:32,414 - weight_decay: 0.01
2024-01-10 03:42:32,414 - pred_output_path: /home/sharing/disk2/sjh/Outputs/MIntRec/msz_MIntRec_multi-class_seed-1_2024-01-10-03-42-32
2024-01-10 03:42:32,414 - model_output_path: /home/sharing/disk2/sjh/Outputs/MIntRec/msz_MIntRec_multi-class_seed-1_2024-01-10-03-42-32/models
2024-01-10 03:42:32,414 - ============================== End Params ==============================
2024-01-10 03:42:32,417 - Generate Text Features Begin...
2024-01-10 03:42:32,921 - Generate Text Features Finished...
2024-01-10 03:42:32,922 - Load Video Features Begin...
2024-01-10 03:42:33,262 - Load Video Features Finished...
2024-01-10 03:42:33,926 - Load Audio Features Begin...
2024-01-10 03:42:35,003 - Load Audio Features Finished...
2024-01-10 03:42:38,831 - method  begins...
2024-01-10 03:42:44,315 - Multimodal intent recognition begins...
2024-01-10 03:42:44,316 - Training begins...
