2024-01-04 02:54:49,466 - ============================== Params ==============================
2024-01-04 02:54:49,466 - logger_name: msz_MIntRec_multi-class_seed-0_2024-01-04-02-54-49
2024-01-04 02:54:49,466 - dataset: MIntRec
2024-01-04 02:54:49,466 - data_mode: multi-class
2024-01-04 02:54:49,466 - method: msz
2024-01-04 02:54:49,466 - text_backbone: bert-base-uncased
2024-01-04 02:54:49,466 - text_backbone_path: /home/sharing/disk1/pretrained_embedding/bert/uncased_L-12_H-768_A-12/
2024-01-04 02:54:49,466 - seed: 0
2024-01-04 02:54:49,466 - num_workers: 8
2024-01-04 02:54:49,466 - gpu_id: 1
2024-01-04 02:54:49,466 - data_path: /home/sharing/disk2/sjh/intentDataset
2024-01-04 02:54:49,466 - train: True
2024-01-04 02:54:49,466 - tune: False
2024-01-04 02:54:49,466 - save_model: False
2024-01-04 02:54:49,466 - save_results: True
2024-01-04 02:54:49,466 - log_path: logs
2024-01-04 02:54:49,466 - cache_path: 
2024-01-04 02:54:49,466 - video_data_path: video_data
2024-01-04 02:54:49,466 - audio_data_path: audio_data
2024-01-04 02:54:49,466 - video_feats_path: video_feats.pkl
2024-01-04 02:54:49,467 - audio_feats_path: audio_feats.pkl
2024-01-04 02:54:49,467 - results_path: results
2024-01-04 02:54:49,467 - output_path: /home/sujianhua/Outputs/MIntRec
2024-01-04 02:54:49,467 - model_path: models
2024-01-04 02:54:49,467 - config_file_name: msz
2024-01-04 02:54:49,467 - results_file_name: msz.csv
2024-01-04 02:54:49,467 - padding_mode: zero
2024-01-04 02:54:49,467 - padding_loc: end
2024-01-04 02:54:49,467 - need_aligned: False
2024-01-04 02:54:49,467 - eval_monitor: f1
2024-01-04 02:54:49,467 - train_batch_size: 16
2024-01-04 02:54:49,467 - eval_batch_size: 8
2024-01-04 02:54:49,467 - test_batch_size: 8
2024-01-04 02:54:49,467 - wait_patience: 8
2024-01-04 02:54:49,467 - nheads: 2
2024-01-04 02:54:49,467 - encoder_layers: 2
2024-01-04 02:54:49,467 - attn_dropout: 0.1
2024-01-04 02:54:49,467 - relu_dropout: 0.1
2024-01-04 02:54:49,467 - embed_dropout: 0.1
2024-01-04 02:54:49,467 - res_dropout: 0.1
2024-01-04 02:54:49,467 - attn_mask: False
2024-01-04 02:54:49,467 - hidden_size: 768
2024-01-04 02:54:49,467 - num_attention_heads: 12
2024-01-04 02:54:49,467 - attention_probs_dropout_prob: 0.2
2024-01-04 02:54:49,467 - hidden_dropout_prob: 0.2
2024-01-04 02:54:49,467 - intermediate_size: 768
2024-01-04 02:54:49,467 - num_hidden_layers: 3
2024-01-04 02:54:49,467 - max_position_embeddings: 512
2024-01-04 02:54:49,467 - position_embedding_type: absolute
2024-01-04 02:54:49,467 - batch_first: True
2024-01-04 02:54:49,467 - hidden_dims: 768
2024-01-04 02:54:49,467 - att_dropouts: [0.2, 0.2, 0.2]
2024-01-04 02:54:49,467 - spe_dropouts: [0.1, 0.1, 0.1]
2024-01-04 02:54:49,467 - ta_loss: 0.1
2024-01-04 02:54:49,467 - tv_loss: 0.1
2024-01-04 02:54:49,467 - av_loss: 0.1
2024-01-04 02:54:49,467 - aligned_method: conv1d
2024-01-04 02:54:49,468 - grad_clip: -1
2024-01-04 02:54:49,468 - num_train_epochs: 100
2024-01-04 02:54:49,468 - warmup_proportion: 0.1
2024-01-04 02:54:49,468 - lr: 1e-06
2024-01-04 02:54:49,468 - weight_decay: 0.01
2024-01-04 02:54:49,468 - pred_output_path: /home/sujianhua/Outputs/MIntRec/msz_MIntRec_multi-class_seed-0_2024-01-04-02-54-49
2024-01-04 02:54:49,468 - model_output_path: /home/sujianhua/Outputs/MIntRec/msz_MIntRec_multi-class_seed-0_2024-01-04-02-54-49/models
2024-01-04 02:54:49,468 - ============================== End Params ==============================
2024-01-04 02:54:49,470 - Generate Text Features Begin...
2024-01-04 02:54:49,959 - Generate Text Features Finished...
2024-01-04 02:54:49,959 - Load Video Features Begin...
2024-01-04 02:54:50,275 - Load Video Features Finished...
2024-01-04 02:54:50,844 - Load Audio Features Begin...
2024-01-04 02:56:39,145 - Load Audio Features Finished...
2024-01-04 02:56:43,101 - method  begins...
2024-01-04 02:56:49,228 - Multimodal intent recognition begins...
2024-01-04 02:56:49,237 - Training begins...
2024-01-04 02:57:13,288 - ***** Epoch: 1: Eval results *****
2024-01-04 02:57:13,288 -   train_loss = 2.9773
2024-01-04 02:57:13,288 -   best_eval_score = 0.0
2024-01-04 02:57:13,288 -   eval_score = 0.0416
2024-01-04 02:57:35,164 - ***** Epoch: 2: Eval results *****
2024-01-04 02:57:35,164 -   train_loss = 2.741
2024-01-04 02:57:35,164 -   best_eval_score = 0.0416
2024-01-04 02:57:35,164 -   eval_score = 0.0524
2024-01-04 02:57:57,009 - ***** Epoch: 3: Eval results *****
2024-01-04 02:57:57,010 -   train_loss = 2.5003
2024-01-04 02:57:57,010 -   best_eval_score = 0.0524
2024-01-04 02:57:57,010 -   eval_score = 0.206
2024-01-04 02:58:18,722 - ***** Epoch: 4: Eval results *****
2024-01-04 02:58:18,722 -   train_loss = 2.1208
2024-01-04 02:58:18,723 -   best_eval_score = 0.206
2024-01-04 02:58:18,723 -   eval_score = 0.3791
2024-01-04 02:58:40,462 - ***** Epoch: 5: Eval results *****
2024-01-04 02:58:40,463 -   train_loss = 1.6251
2024-01-04 02:58:40,463 -   best_eval_score = 0.3791
2024-01-04 02:58:40,463 -   eval_score = 0.4734
2024-01-04 02:59:02,331 - ***** Epoch: 6: Eval results *****
2024-01-04 02:59:02,331 -   train_loss = 1.2017
2024-01-04 02:59:02,331 -   best_eval_score = 0.4734
2024-01-04 02:59:02,331 -   eval_score = 0.5452
2024-01-04 02:59:24,078 - ***** Epoch: 7: Eval results *****
2024-01-04 02:59:24,078 -   train_loss = 0.8809
2024-01-04 02:59:24,078 -   best_eval_score = 0.5452
2024-01-04 02:59:24,078 -   eval_score = 0.5699
2024-01-04 02:59:46,143 - ***** Epoch: 8: Eval results *****
2024-01-04 02:59:46,144 -   train_loss = 0.6224
2024-01-04 02:59:46,144 -   best_eval_score = 0.5699
2024-01-04 02:59:46,144 -   eval_score = 0.5922
2024-01-04 03:00:08,538 - ***** Epoch: 9: Eval results *****
2024-01-04 03:00:08,538 -   train_loss = 0.4903
2024-01-04 03:00:08,538 -   best_eval_score = 0.5922
2024-01-04 03:00:08,538 -   eval_score = 0.6431
2024-01-04 03:00:30,444 - ***** Epoch: 10: Eval results *****
2024-01-04 03:00:30,444 -   train_loss = 0.355
2024-01-04 03:00:30,444 -   best_eval_score = 0.6431
2024-01-04 03:00:30,444 -   eval_score = 0.6084
2024-01-04 03:00:30,444 - EarlyStopping counter: 1 out of 8
2024-01-04 03:00:52,499 - ***** Epoch: 11: Eval results *****
2024-01-04 03:00:52,499 -   train_loss = 0.2493
2024-01-04 03:00:52,499 -   best_eval_score = 0.6431
2024-01-04 03:00:52,499 -   eval_score = 0.6277
2024-01-04 03:00:52,499 - EarlyStopping counter: 2 out of 8
2024-01-04 03:01:14,974 - ***** Epoch: 12: Eval results *****
2024-01-04 03:01:14,975 -   train_loss = 0.2051
2024-01-04 03:01:14,975 -   best_eval_score = 0.6431
2024-01-04 03:01:14,975 -   eval_score = 0.6235
2024-01-04 03:01:14,975 - EarlyStopping counter: 3 out of 8
2024-01-04 03:01:36,923 - ***** Epoch: 13: Eval results *****
2024-01-04 03:01:36,923 -   train_loss = 0.1222
2024-01-04 03:01:36,923 -   best_eval_score = 0.6431
2024-01-04 03:01:36,923 -   eval_score = 0.6268
2024-01-04 03:01:36,923 - EarlyStopping counter: 4 out of 8
2024-01-04 03:01:58,710 - ***** Epoch: 14: Eval results *****
2024-01-04 03:01:58,710 -   train_loss = 0.1128
2024-01-04 03:01:58,710 -   best_eval_score = 0.6431
2024-01-04 03:01:58,710 -   eval_score = 0.6362
2024-01-04 03:01:58,711 - EarlyStopping counter: 5 out of 8
2024-01-04 03:02:20,479 - ***** Epoch: 15: Eval results *****
2024-01-04 03:02:20,480 -   train_loss = 0.0892
2024-01-04 03:02:20,480 -   best_eval_score = 0.6431
2024-01-04 03:02:20,480 -   eval_score = 0.6541
2024-01-04 03:02:42,692 - ***** Epoch: 16: Eval results *****
2024-01-04 03:02:42,692 -   train_loss = 0.0586
2024-01-04 03:02:42,692 -   best_eval_score = 0.6541
2024-01-04 03:02:42,692 -   eval_score = 0.6461
2024-01-04 03:02:42,692 - EarlyStopping counter: 1 out of 8
2024-01-04 03:03:04,625 - ***** Epoch: 17: Eval results *****
2024-01-04 03:03:04,625 -   train_loss = 0.0322
2024-01-04 03:03:04,625 -   best_eval_score = 0.6541
2024-01-04 03:03:04,625 -   eval_score = 0.6218
2024-01-04 03:03:04,625 - EarlyStopping counter: 2 out of 8
2024-01-04 03:03:26,773 - ***** Epoch: 18: Eval results *****
2024-01-04 03:03:26,773 -   train_loss = 0.0238
2024-01-04 03:03:26,773 -   best_eval_score = 0.6541
2024-01-04 03:03:26,773 -   eval_score = 0.6276
2024-01-04 03:03:26,773 - EarlyStopping counter: 3 out of 8
2024-01-04 03:03:48,750 - ***** Epoch: 19: Eval results *****
2024-01-04 03:03:48,750 -   train_loss = 0.0313
2024-01-04 03:03:48,750 -   best_eval_score = 0.6541
2024-01-04 03:03:48,750 -   eval_score = 0.6226
2024-01-04 03:03:48,750 - EarlyStopping counter: 4 out of 8
2024-01-04 03:04:10,322 - ***** Epoch: 20: Eval results *****
2024-01-04 03:04:10,322 -   train_loss = 0.0201
2024-01-04 03:04:10,322 -   best_eval_score = 0.6541
2024-01-04 03:04:10,322 -   eval_score = 0.6488
2024-01-04 03:04:10,322 - EarlyStopping counter: 5 out of 8
2024-01-04 03:04:31,758 - ***** Epoch: 21: Eval results *****
2024-01-04 03:04:31,759 -   train_loss = 0.0165
2024-01-04 03:04:31,759 -   best_eval_score = 0.6541
2024-01-04 03:04:31,759 -   eval_score = 0.6645
2024-01-04 03:04:53,792 - ***** Epoch: 22: Eval results *****
2024-01-04 03:04:53,792 -   train_loss = 0.0099
2024-01-04 03:04:53,792 -   best_eval_score = 0.6645
2024-01-04 03:04:53,792 -   eval_score = 0.6698
2024-01-04 03:05:16,207 - ***** Epoch: 23: Eval results *****
2024-01-04 03:05:16,207 -   train_loss = 0.0058
2024-01-04 03:05:16,207 -   best_eval_score = 0.6698
2024-01-04 03:05:16,207 -   eval_score = 0.6825
2024-01-04 03:05:38,577 - ***** Epoch: 24: Eval results *****
2024-01-04 03:05:38,577 -   train_loss = 0.0164
2024-01-04 03:05:38,577 -   best_eval_score = 0.6825
2024-01-04 03:05:38,577 -   eval_score = 0.663
2024-01-04 03:05:38,577 - EarlyStopping counter: 1 out of 8
2024-01-04 03:06:01,105 - ***** Epoch: 25: Eval results *****
2024-01-04 03:06:01,105 -   train_loss = 0.0324
2024-01-04 03:06:01,105 -   best_eval_score = 0.6825
2024-01-04 03:06:01,105 -   eval_score = 0.6575
2024-01-04 03:06:01,106 - EarlyStopping counter: 2 out of 8
2024-01-04 03:06:23,353 - ***** Epoch: 26: Eval results *****
2024-01-04 03:06:23,353 -   train_loss = 0.013
2024-01-04 03:06:23,353 -   best_eval_score = 0.6825
2024-01-04 03:06:23,353 -   eval_score = 0.6422
2024-01-04 03:06:23,353 - EarlyStopping counter: 3 out of 8
2024-01-04 03:06:45,352 - ***** Epoch: 27: Eval results *****
2024-01-04 03:06:45,352 -   train_loss = 0.007
2024-01-04 03:06:45,352 -   best_eval_score = 0.6825
2024-01-04 03:06:45,352 -   eval_score = 0.6317
2024-01-04 03:06:45,352 - EarlyStopping counter: 4 out of 8
2024-01-04 03:07:07,549 - ***** Epoch: 28: Eval results *****
2024-01-04 03:07:07,549 -   train_loss = 0.0067
2024-01-04 03:07:07,549 -   best_eval_score = 0.6825
2024-01-04 03:07:07,549 -   eval_score = 0.6307
2024-01-04 03:07:07,549 - EarlyStopping counter: 5 out of 8
2024-01-04 03:07:29,836 - ***** Epoch: 29: Eval results *****
2024-01-04 03:07:29,837 -   train_loss = 0.0031
2024-01-04 03:07:29,837 -   best_eval_score = 0.6825
2024-01-04 03:07:29,837 -   eval_score = 0.6441
2024-01-04 03:07:29,837 - EarlyStopping counter: 6 out of 8
2024-01-04 03:07:52,990 - ***** Epoch: 30: Eval results *****
2024-01-04 03:07:52,990 -   train_loss = 0.0118
2024-01-04 03:07:52,990 -   best_eval_score = 0.6825
2024-01-04 03:07:52,990 -   eval_score = 0.6474
2024-01-04 03:07:52,990 - EarlyStopping counter: 7 out of 8
2024-01-04 03:08:14,597 - ***** Epoch: 31: Eval results *****
2024-01-04 03:08:14,597 -   train_loss = 0.0143
2024-01-04 03:08:14,597 -   best_eval_score = 0.6825
2024-01-04 03:08:14,597 -   eval_score = 0.6371
2024-01-04 03:08:14,597 - EarlyStopping counter: 8 out of 8
2024-01-04 03:08:14,597 - EarlyStopping at epoch 31
2024-01-04 03:08:14,599 - Training is finished...
2024-01-04 03:08:14,599 - Testing begins...
2024-01-04 03:08:18,228 - ***** Test: Confusion Matrix *****
2024-01-04 03:08:18,229 - [[23  2  0  0 10  0  4  4  2  4  0  0  6  2  0  0  0  0  0  0]
 [ 0 41  0  1  0  0  0  0  1  0  0  0  0  0  0  0  0  0  0  0]
 [ 0  0 27  0  0  0  0  0  0  0  0  0  0  0  0  0  0  0  0  0]
 [ 0  0  0 25  0  0  0  0  0  0  0  0  0  0  0  0  0  0  0  0]
 [ 1  0  0  0 14  0  4  0  0  0  0  1  0  2  1  0  0  0  0  0]
 [ 0  0  0  0  0 12  0  0  0  0  0  0  0  0  0  0  0  0  0  0]
 [ 1  1  0  0  3  0  3  0  2  0  0  0  1  0  0  0  1  0  0  0]
 [ 1  0  0  0  0  0  1  6  1  0  1  0  0  0  0  0  0  0  0  0]
 [ 0  0  0  0  0  0  1  2  4  0  0  0  0  2  0  1  0  0  0  0]
 [ 0  0  0  0  0  0  1  0  0  3  1  0  0  0  0  3  0  2  0  0]
 [ 1  0  0  0  0  0  2  0  0  1 12  0  0  2  0  0  0  0  0  0]
 [ 0  0  0  0  0  0  2  0  0  0  0 15  0  0  0  0  0  0  0  2]
 [ 1  2  0  1  1  0  3  3  0  0  0  1 34  6  1  0  3  0  0  1]
 [ 0  0  0  0  0  0  2  0  0  0  1  1  0 20  1  0  0  0  0  0]
 [ 0  0  0  0  1  0  0  0  0  0  0  0  2  3 13  0  2  0  0  1]
 [ 0  1  0  1  1  0  0  0  0  0  1  0  5  0  1 11  0  0  0  0]
 [ 2  0  0  0  0  0  0  0  0  0  0  0  2  0  2  0 11  0  0  0]
 [ 0  0  0  0  0  0  0  0  0  1  1  0  1  0  0  0  0 12  0  0]
 [ 0  1  0  0  0  0  0  0  0  0  0  0  1  0  0  1  0  0  9  0]
 [ 0  0  0  0  0  0  0  0  0  0  0  2  0  1  1  0  0  0  0  6]]
2024-01-04 03:08:18,229 - ***** Evaluation results *****
2024-01-04 03:08:18,229 -   acc = 0.6764
2024-01-04 03:08:18,229 -   f1 = 0.6564
2024-01-04 03:08:18,229 -   prec = 0.6661
2024-01-04 03:08:18,229 -   rec = 0.664
2024-01-04 03:08:18,229 - Testing is finished...
2024-01-04 03:08:18,229 - Multimodal intent recognition is finished...
2024-01-04 03:08:18,229 - Results are saved in results/msz.csv
