2024-07-14 14:29:03,409 - ============================== Params ==============================
2024-07-14 14:29:03,409 - logger_name: msz_MELD-DA_multi-class_seed-5
2024-07-14 14:29:03,409 - dataset: MELD-DA
2024-07-14 14:29:03,409 - data_mode: multi-class
2024-07-14 14:29:03,409 - method: msz
2024-07-14 14:29:03,409 - text_backbone: bert-base-uncased
2024-07-14 14:29:03,409 - text_backbone_path: /home/sharing/disk1/pretrained_embedding/bert/uncased_L-12_H-768_A-12/
2024-07-14 14:29:03,409 - seed: 5
2024-07-14 14:29:03,409 - num_workers: 8
2024-07-14 14:29:03,409 - gpu_id: 0
2024-07-14 14:29:03,409 - data_path: /home/sharing/disk1/zhanghanlei/Datasets/public
2024-07-14 14:29:03,409 - train: True
2024-07-14 14:29:03,409 - tune: True
2024-07-14 14:29:03,410 - save_model: False
2024-07-14 14:29:03,410 - save_results: True
2024-07-14 14:29:03,410 - log_path: logs
2024-07-14 14:29:03,410 - cache_path: 
2024-07-14 14:29:03,410 - video_data_path: video_data
2024-07-14 14:29:03,410 - audio_data_path: audio_data
2024-07-14 14:29:03,410 - video_feats_path: video_feats.pkl
2024-07-14 14:29:03,410 - audio_feats_path: audio_feats.pkl
2024-07-14 14:29:03,410 - results_path: results
2024-07-14 14:29:03,410 - output_path: /home/sharing/disk3/wangyifan/sujianhua/MSZ/outputs/MELD-DA
2024-07-14 14:29:03,410 - model_path: models
2024-07-14 14:29:03,410 - config_file_name: msz_MELD-DA
2024-07-14 14:29:03,410 - results_file_name: mszMELD-DA.csv
2024-07-14 14:29:03,410 - ablation: none
2024-07-14 14:29:03,410 - padding_mode: zero
2024-07-14 14:29:03,410 - padding_loc: end
2024-07-14 14:29:03,410 - need_aligned: False
2024-07-14 14:29:03,410 - eval_monitor: f1
2024-07-14 14:29:03,410 - train_batch_size: 16
2024-07-14 14:29:03,410 - eval_batch_size: 8
2024-07-14 14:29:03,410 - test_batch_size: 8
2024-07-14 14:29:03,410 - wait_patience: 8
2024-07-14 14:29:03,410 - hidden_dims: 768
2024-07-14 14:29:03,410 - num_attention_heads: 6
2024-07-14 14:29:03,410 - attention_probs_dropout_prob: 0.2
2024-07-14 14:29:03,410 - hidden_dropout_prob: 0.2
2024-07-14 14:29:03,410 - intermediate_size: 768
2024-07-14 14:29:03,410 - num_hidden_layers: 4
2024-07-14 14:29:03,411 - max_position_embeddings: 768
2024-07-14 14:29:03,411 - position_embedding_type: absolute
2024-07-14 14:29:03,411 - batch_first: True
2024-07-14 14:29:03,411 - dropout: 0.1
2024-07-14 14:29:03,411 - aligned_method: conv1d
2024-07-14 14:29:03,411 - num_train_epochs: 100
2024-07-14 14:29:03,411 - lr: 6e-06
2024-07-14 14:29:03,411 - lr_mode: min
2024-07-14 14:29:03,411 - patience: 8
2024-07-14 14:29:03,411 - factor: 0.1
2024-07-14 14:29:03,411 - pred_output_path: /home/sharing/disk3/wangyifan/sujianhua/MSZ/outputs/MELD-DA/msz_MELD-DA_multi-class_seed-5
2024-07-14 14:29:03,411 - model_output_path: /home/sharing/disk3/wangyifan/sujianhua/MSZ/outputs/MELD-DA/msz_MELD-DA_multi-class_seed-5/models
2024-07-14 14:29:03,411 - ============================== End Params ==============================
2024-07-14 14:29:03,429 - Generate Text Features Begin...
2024-07-14 14:29:04,897 - Generate Text Features Finished...
2024-07-14 14:29:04,899 - Load Video Features Begin...
2024-07-14 14:29:06,127 - Load Video Features Finished...
2024-07-14 14:29:08,799 - Load Audio Features Begin...
2024-07-14 14:29:13,708 - Load Audio Features Finished...
2024-07-14 14:29:31,406 - method  begins...
2024-07-14 14:29:34,942 - Multimodal intent recognition begins...
2024-07-14 14:29:34,942 - Training begins...
2024-07-14 14:30:57,429 - ***** Epoch: 1: Eval results *****
2024-07-14 14:30:57,430 -   train_loss = 1.5022
2024-07-14 14:30:57,430 -   best_eval_score = 0.0
2024-07-14 14:30:57,430 -   eval_score = 0.4467
2024-07-14 14:32:19,059 - ***** Epoch: 2: Eval results *****
2024-07-14 14:32:19,060 -   train_loss = 1.1011
2024-07-14 14:32:19,060 -   best_eval_score = 0.4467
2024-07-14 14:32:19,060 -   eval_score = 0.4672
2024-07-14 14:33:41,738 - ***** Epoch: 3: Eval results *****
2024-07-14 14:33:41,738 -   train_loss = 0.9551
2024-07-14 14:33:41,738 -   best_eval_score = 0.4672
2024-07-14 14:33:41,738 -   eval_score = 0.4967
2024-07-14 14:35:04,601 - ***** Epoch: 4: Eval results *****
2024-07-14 14:35:04,601 -   train_loss = 0.8171
2024-07-14 14:35:04,601 -   best_eval_score = 0.4967
2024-07-14 14:35:04,601 -   eval_score = 0.4838
2024-07-14 14:35:04,601 - EarlyStopping counter: 1 out of 8
2024-07-14 14:36:26,027 - ***** Epoch: 5: Eval results *****
2024-07-14 14:36:26,028 -   train_loss = 0.6749
2024-07-14 14:36:26,028 -   best_eval_score = 0.4967
2024-07-14 14:36:26,028 -   eval_score = 0.4792
2024-07-14 14:36:26,028 - EarlyStopping counter: 2 out of 8
2024-07-14 14:37:46,155 - ***** Epoch: 6: Eval results *****
2024-07-14 14:37:46,155 -   train_loss = 0.5351
2024-07-14 14:37:46,155 -   best_eval_score = 0.4967
2024-07-14 14:37:46,155 -   eval_score = 0.4711
2024-07-14 14:37:46,155 - EarlyStopping counter: 3 out of 8
2024-07-14 14:39:06,605 - ***** Epoch: 7: Eval results *****
2024-07-14 14:39:06,605 -   train_loss = 0.4086
2024-07-14 14:39:06,606 -   best_eval_score = 0.4967
2024-07-14 14:39:06,606 -   eval_score = 0.4747
2024-07-14 14:39:06,606 - EarlyStopping counter: 4 out of 8
2024-07-14 14:40:26,593 - ***** Epoch: 8: Eval results *****
2024-07-14 14:40:26,594 -   train_loss = 0.3075
2024-07-14 14:40:26,594 -   best_eval_score = 0.4967
2024-07-14 14:40:26,594 -   eval_score = 0.4567
2024-07-14 14:40:26,594 - EarlyStopping counter: 5 out of 8
2024-07-14 14:41:46,419 - ***** Epoch: 9: Eval results *****
2024-07-14 14:41:46,419 -   train_loss = 0.2432
2024-07-14 14:41:46,419 -   best_eval_score = 0.4967
2024-07-14 14:41:46,419 -   eval_score = 0.4493
2024-07-14 14:41:46,419 - EarlyStopping counter: 6 out of 8
2024-07-14 14:43:05,650 - ***** Epoch: 10: Eval results *****
2024-07-14 14:43:05,651 -   train_loss = 0.2013
2024-07-14 14:43:05,651 -   best_eval_score = 0.4967
2024-07-14 14:43:05,651 -   eval_score = 0.4571
2024-07-14 14:43:05,651 - EarlyStopping counter: 7 out of 8
2024-07-14 14:44:25,562 - ***** Epoch: 11: Eval results *****
2024-07-14 14:44:25,563 -   train_loss = 0.144
2024-07-14 14:44:25,563 -   best_eval_score = 0.4967
2024-07-14 14:44:25,563 -   eval_score = 0.4643
2024-07-14 14:44:25,563 - EarlyStopping counter: 8 out of 8
2024-07-14 14:44:25,563 - EarlyStopping at epoch 11
2024-07-14 14:44:25,565 - Training is finished...
2024-07-14 14:44:25,565 - Testing begins...
2024-07-14 14:44:38,384 - ***** Test: Confusion Matrix *****
2024-07-14 14:44:38,385 - [[  0   3   1   0   1   0   0   7   4   0   4   0]
 [  0  37   7   0   1   0   1   0  11   1  25   2]
 [  0  20  52   2   1   2   8   2  27  10 119   6]
 [  0   1   0  23   0   0   0   0   2   3   5   0]
 [  0   4   1   0  23   0   0   1   0   1   0   2]
 [  0   0   0   0   0  21   0   0   4   2  24   2]
 [  0   0   8   1   0   1  22   0   5   2  17   0]
 [  0   0   0   0   0   0   0  75   0   3   5   2]
 [  0   6   6   4   0   0   5   1  95   7  92   1]
 [  0   0   0   0   1   0   0   2   1 375  15   0]
 [  0  11  27   1   1   8   9   7  79  29 401   7]
 [  0   5  13   0  12   4   2   4  11   7  26  28]]
2024-07-14 14:44:38,386 - ***** Evaluation results *****
2024-07-14 14:44:38,386 -   acc = 0.6009
2024-07-14 14:44:38,386 -   f1 = 0.5041
2024-07-14 14:44:38,386 -   prec = 0.53
2024-07-14 14:44:38,386 -   rec = 0.5035
2024-07-14 14:44:38,386 - Testing is finished...
2024-07-14 14:44:38,386 - Multimodal intent recognition is finished...
2024-07-14 14:44:38,386 - Results are saved in results/mszMELD-DA.csv
2024-07-15 11:30:35,396 - ============================== Params ==============================
2024-07-15 11:30:35,400 - logger_name: msz_MELD-DA_multi-class_seed-5
2024-07-15 11:30:35,400 - dataset: MELD-DA
2024-07-15 11:30:35,400 - data_mode: multi-class
2024-07-15 11:30:35,400 - method: msz
2024-07-15 11:30:35,400 - text_backbone: bert-base-uncased
2024-07-15 11:30:35,400 - text_backbone_path: /home/sharing/disk1/pretrained_embedding/bert/uncased_L-12_H-768_A-12/
2024-07-15 11:30:35,400 - seed: 5
2024-07-15 11:30:35,400 - num_workers: 8
2024-07-15 11:30:35,400 - gpu_id: 0
2024-07-15 11:30:35,400 - data_path: /home/sharing/disk1/zhanghanlei/Datasets/public
2024-07-15 11:30:35,400 - train: True
2024-07-15 11:30:35,400 - tune: True
2024-07-15 11:30:35,400 - save_model: False
2024-07-15 11:30:35,401 - save_results: True
2024-07-15 11:30:35,401 - log_path: logs
2024-07-15 11:30:35,401 - cache_path: 
2024-07-15 11:30:35,401 - video_data_path: video_data
2024-07-15 11:30:35,401 - audio_data_path: audio_data
2024-07-15 11:30:35,401 - video_feats_path: video_feats.pkl
2024-07-15 11:30:35,401 - audio_feats_path: audio_feats.pkl
2024-07-15 11:30:35,401 - results_path: results
2024-07-15 11:30:35,401 - output_path: /home/sharing/disk3/wangyifan/sujianhua/MSZ/outputs/MELD-DA
2024-07-15 11:30:35,401 - model_path: models
2024-07-15 11:30:35,401 - config_file_name: msz_MELD-DA
2024-07-15 11:30:35,401 - results_file_name: mszMELD-DA.csv
2024-07-15 11:30:35,401 - ablation: none
2024-07-15 11:30:35,401 - padding_mode: zero
2024-07-15 11:30:35,401 - padding_loc: end
2024-07-15 11:30:35,401 - need_aligned: False
2024-07-15 11:30:35,401 - eval_monitor: f1
2024-07-15 11:30:35,401 - train_batch_size: 16
2024-07-15 11:30:35,401 - eval_batch_size: 8
2024-07-15 11:30:35,401 - test_batch_size: 8
2024-07-15 11:30:35,401 - wait_patience: 8
2024-07-15 11:30:35,401 - hidden_dims: 768
2024-07-15 11:30:35,401 - num_attention_heads: 6
2024-07-15 11:30:35,401 - attention_probs_dropout_prob: 0.2
2024-07-15 11:30:35,401 - hidden_dropout_prob: 0.2
2024-07-15 11:30:35,401 - intermediate_size: 768
2024-07-15 11:30:35,401 - num_hidden_layers: 3
2024-07-15 11:30:35,401 - max_position_embeddings: 768
2024-07-15 11:30:35,401 - position_embedding_type: absolute
2024-07-15 11:30:35,401 - batch_first: True
2024-07-15 11:30:35,401 - dropout: 0.2
2024-07-15 11:30:35,401 - aligned_method: conv1d
2024-07-15 11:30:35,401 - num_train_epochs: 100
2024-07-15 11:30:35,401 - lr: 6e-06
2024-07-15 11:30:35,401 - lr_mode: max
2024-07-15 11:30:35,401 - patience: 8
2024-07-15 11:30:35,401 - factor: 0.1
2024-07-15 11:30:35,401 - pred_output_path: /home/sharing/disk3/wangyifan/sujianhua/MSZ/outputs/MELD-DA/msz_MELD-DA_multi-class_seed-5
2024-07-15 11:30:35,401 - model_output_path: /home/sharing/disk3/wangyifan/sujianhua/MSZ/outputs/MELD-DA/msz_MELD-DA_multi-class_seed-5/models
2024-07-15 11:30:35,401 - ============================== End Params ==============================
2024-07-15 11:30:35,414 - Generate Text Features Begin...
2024-07-15 11:30:36,853 - Generate Text Features Finished...
2024-07-15 11:30:36,854 - Load Video Features Begin...
2024-07-15 11:30:38,087 - Load Video Features Finished...
2024-07-15 11:30:40,853 - Load Audio Features Begin...
2024-07-15 11:30:45,849 - Load Audio Features Finished...
2024-07-15 11:31:03,733 - method  begins...
2024-07-15 11:31:07,636 - Multimodal intent recognition begins...
2024-07-15 11:31:07,637 - Training begins...
2024-07-15 11:32:22,881 - ***** Epoch: 1: Eval results *****
2024-07-15 11:32:22,881 -   train_loss = 1.5487
2024-07-15 11:32:22,881 -   best_eval_score = 0.0
2024-07-15 11:32:22,881 -   eval_score = 0.4215
2024-07-15 11:33:37,237 - ***** Epoch: 2: Eval results *****
2024-07-15 11:33:37,237 -   train_loss = 1.1204
2024-07-15 11:33:37,237 -   best_eval_score = 0.4215
2024-07-15 11:33:37,237 -   eval_score = 0.4676
2024-07-15 11:34:51,319 - ***** Epoch: 3: Eval results *****
2024-07-15 11:34:51,319 -   train_loss = 0.9712
2024-07-15 11:34:51,319 -   best_eval_score = 0.4676
2024-07-15 11:34:51,319 -   eval_score = 0.4842
2024-07-15 11:36:06,583 - ***** Epoch: 4: Eval results *****
2024-07-15 11:36:06,583 -   train_loss = 0.8477
2024-07-15 11:36:06,583 -   best_eval_score = 0.4842
2024-07-15 11:36:06,583 -   eval_score = 0.4769
2024-07-15 11:36:06,583 - EarlyStopping counter: 1 out of 8
2024-07-15 11:37:20,357 - ***** Epoch: 5: Eval results *****
2024-07-15 11:37:20,357 -   train_loss = 0.7014
2024-07-15 11:37:20,357 -   best_eval_score = 0.4842
2024-07-15 11:37:20,357 -   eval_score = 0.4579
2024-07-15 11:37:20,357 - EarlyStopping counter: 2 out of 8
2024-07-15 11:38:35,768 - ***** Epoch: 6: Eval results *****
2024-07-15 11:38:35,768 -   train_loss = 0.5662
2024-07-15 11:38:35,768 -   best_eval_score = 0.4842
2024-07-15 11:38:35,768 -   eval_score = 0.4628
2024-07-15 11:38:35,768 - EarlyStopping counter: 3 out of 8
2024-07-15 11:39:49,652 - ***** Epoch: 7: Eval results *****
2024-07-15 11:39:49,652 -   train_loss = 0.4325
2024-07-15 11:39:49,656 -   best_eval_score = 0.4842
2024-07-15 11:39:49,656 -   eval_score = 0.4658
2024-07-15 11:39:49,656 - EarlyStopping counter: 4 out of 8
2024-07-15 11:41:03,372 - ***** Epoch: 8: Eval results *****
2024-07-15 11:41:03,373 -   train_loss = 0.3286
2024-07-15 11:41:03,373 -   best_eval_score = 0.4842
2024-07-15 11:41:03,373 -   eval_score = 0.442
2024-07-15 11:41:03,373 - EarlyStopping counter: 5 out of 8
2024-07-15 11:42:18,677 - ***** Epoch: 9: Eval results *****
2024-07-15 11:42:18,677 -   train_loss = 0.2556
2024-07-15 11:42:18,677 -   best_eval_score = 0.4842
2024-07-15 11:42:18,677 -   eval_score = 0.4765
2024-07-15 11:42:18,677 - EarlyStopping counter: 6 out of 8
2024-07-15 11:43:32,595 - ***** Epoch: 10: Eval results *****
2024-07-15 11:43:32,595 -   train_loss = 0.2145
2024-07-15 11:43:32,595 -   best_eval_score = 0.4842
2024-07-15 11:43:32,595 -   eval_score = 0.4648
2024-07-15 11:43:32,595 - EarlyStopping counter: 7 out of 8
2024-07-15 11:44:47,384 - ***** Epoch: 11: Eval results *****
2024-07-15 11:44:47,385 -   train_loss = 0.1473
2024-07-15 11:44:47,385 -   best_eval_score = 0.4842
2024-07-15 11:44:47,385 -   eval_score = 0.4727
2024-07-15 11:44:47,385 - EarlyStopping counter: 8 out of 8
2024-07-15 11:44:47,385 - EarlyStopping at epoch 11
2024-07-15 11:44:47,389 - Training is finished...
2024-07-15 11:44:47,389 - Testing begins...
2024-07-15 11:45:00,657 - ***** Test: Confusion Matrix *****
2024-07-15 11:45:00,658 - [[  0   5   0   0   0   0   0   7   1   0   6   1]
 [  0  38  14   1   0   2   1   0   7   2  13   7]
 [  0  10  70   2   1   4   8   1  21  12 110  10]
 [  0   1   0  26   0   1   0   0   1   3   2   0]
 [  0   4   1   0  14   1   0   0   0   3   0   9]
 [  0   2   0   0   0  35   0   1   2   2   9   2]
 [  0   0  14   1   0   1  20   0   2   2  15   1]
 [  0   0   0   1   0   0   0  72   0   3   5   4]
 [  0   8   9   6   0   5   4   2  79  12  90   2]
 [  0   0   0   0   1   0   0   1   2 379   9   2]
 [  0  14  34   1   1  20   7   9  54  39 387  14]
 [  0   5   8   1   6  11   2   4   6   9  20  40]]
2024-07-15 11:45:00,658 - ***** Evaluation results *****
2024-07-15 11:45:00,658 -   acc = 0.6051
2024-07-15 11:45:00,658 -   f1 = 0.5031
2024-07-15 11:45:00,658 -   prec = 0.5096
2024-07-15 11:45:00,658 -   rec = 0.5121
2024-07-15 11:45:00,658 - Testing is finished...
2024-07-15 11:45:00,658 - Multimodal intent recognition is finished...
2024-07-15 11:45:00,658 - Results are saved in results/mszMELD-DA.csv
2024-07-17 22:34:37,487 - ============================== Params ==============================
2024-07-17 22:34:37,488 - logger_name: msz_MELD-DA_multi-class_seed-5
2024-07-17 22:34:37,488 - dataset: MELD-DA
2024-07-17 22:34:37,488 - data_mode: multi-class
2024-07-17 22:34:37,488 - method: msz
2024-07-17 22:34:37,488 - text_backbone: bert-base-uncased
2024-07-17 22:34:37,488 - text_backbone_path: /home/sharing/disk1/pretrained_embedding/bert/uncased_L-12_H-768_A-12/
2024-07-17 22:34:37,488 - seed: 5
2024-07-17 22:34:37,488 - num_workers: 8
2024-07-17 22:34:37,488 - gpu_id: 0
2024-07-17 22:34:37,488 - data_path: /home/sharing/disk1/zhanghanlei/Datasets/public
2024-07-17 22:34:37,488 - train: True
2024-07-17 22:34:37,488 - tune: True
2024-07-17 22:34:37,488 - save_model: False
2024-07-17 22:34:37,489 - save_results: True
2024-07-17 22:34:37,489 - log_path: logs
2024-07-17 22:34:37,489 - cache_path: 
2024-07-17 22:34:37,489 - video_data_path: video_data
2024-07-17 22:34:37,489 - audio_data_path: audio_data
2024-07-17 22:34:37,489 - video_feats_path: video_feats.pkl
2024-07-17 22:34:37,489 - audio_feats_path: audio_feats.pkl
2024-07-17 22:34:37,489 - results_path: results
2024-07-17 22:34:37,489 - output_path: /home/sharing/disk3/wangyifan/sujianhua/MSZ/outputs/MELD-DA
2024-07-17 22:34:37,489 - model_path: models
2024-07-17 22:34:37,489 - config_file_name: msz_MELD-DA
2024-07-17 22:34:37,489 - results_file_name: msz_MELD-DA.csv
2024-07-17 22:34:37,489 - ablation: none
2024-07-17 22:34:37,489 - padding_mode: zero
2024-07-17 22:34:37,489 - padding_loc: end
2024-07-17 22:34:37,489 - need_aligned: False
2024-07-17 22:34:37,489 - eval_monitor: f1
2024-07-17 22:34:37,489 - train_batch_size: 16
2024-07-17 22:34:37,489 - eval_batch_size: 8
2024-07-17 22:34:37,489 - test_batch_size: 8
2024-07-17 22:34:37,489 - wait_patience: 8
2024-07-17 22:34:37,489 - hidden_dims: 768
2024-07-17 22:34:37,489 - num_attention_heads: 4
2024-07-17 22:34:37,489 - attention_probs_dropout_prob: 0.2
2024-07-17 22:34:37,490 - hidden_dropout_prob: 0.2
2024-07-17 22:34:37,490 - intermediate_size: 768
2024-07-17 22:34:37,490 - num_hidden_layers: 2
2024-07-17 22:34:37,490 - max_position_embeddings: 1024
2024-07-17 22:34:37,490 - position_embedding_type: absolute
2024-07-17 22:34:37,490 - batch_first: True
2024-07-17 22:34:37,490 - dropout: 0.2
2024-07-17 22:34:37,490 - aligned_method: conv1d
2024-07-17 22:34:37,490 - num_train_epochs: 100
2024-07-17 22:34:37,490 - lr: 6e-06
2024-07-17 22:34:37,490 - lr_mode: min
2024-07-17 22:34:37,490 - patience: 8
2024-07-17 22:34:37,490 - factor: 0.1
2024-07-17 22:34:37,490 - pred_output_path: /home/sharing/disk3/wangyifan/sujianhua/MSZ/outputs/MELD-DA/msz_MELD-DA_multi-class_seed-5
2024-07-17 22:34:37,490 - model_output_path: /home/sharing/disk3/wangyifan/sujianhua/MSZ/outputs/MELD-DA/msz_MELD-DA_multi-class_seed-5/models
2024-07-17 22:34:37,490 - ============================== End Params ==============================
2024-07-17 22:34:37,512 - Generate Text Features Begin...
2024-07-17 22:34:39,283 - Generate Text Features Finished...
2024-07-17 22:34:39,287 - Load Video Features Begin...
2024-07-17 22:34:41,041 - Load Video Features Finished...
2024-07-17 22:34:43,919 - Load Audio Features Begin...
2024-07-17 22:34:56,191 - Load Audio Features Finished...
2024-07-18 10:37:20,123 - ============================== Params ==============================
2024-07-18 10:37:20,124 - logger_name: msz_MELD-DA_multi-class_seed-5
2024-07-18 10:37:20,124 - dataset: MELD-DA
2024-07-18 10:37:20,124 - data_mode: multi-class
2024-07-18 10:37:20,124 - method: msz
2024-07-18 10:37:20,124 - text_backbone: bert-base-uncased
2024-07-18 10:37:20,125 - text_backbone_path: /home/sharing/disk1/pretrained_embedding/bert/uncased_L-12_H-768_A-12/
2024-07-18 10:37:20,125 - seed: 5
2024-07-18 10:37:20,125 - num_workers: 8
2024-07-18 10:37:20,125 - gpu_id: 0
2024-07-18 10:37:20,125 - data_path: /home/sharing/disk1/zhanghanlei/Datasets/public
2024-07-18 10:37:20,125 - train: True
2024-07-18 10:37:20,125 - tune: True
2024-07-18 10:37:20,126 - save_model: False
2024-07-18 10:37:20,126 - save_results: True
2024-07-18 10:37:20,126 - log_path: logs
2024-07-18 10:37:20,126 - cache_path: 
2024-07-18 10:37:20,126 - video_data_path: video_data
2024-07-18 10:37:20,126 - audio_data_path: audio_data
2024-07-18 10:37:20,126 - video_feats_path: video_feats.pkl
2024-07-18 10:37:20,127 - audio_feats_path: audio_feats.pkl
2024-07-18 10:37:20,127 - results_path: results
2024-07-18 10:37:20,127 - output_path: /home/sharing/disk3/wangyifan/sujianhua/MSZ/outputs/MELD-DA
2024-07-18 10:37:20,127 - model_path: models
2024-07-18 10:37:20,127 - config_file_name: msz_MELD-DA
2024-07-18 10:37:20,127 - results_file_name: msz_MELD-DA.csv
2024-07-18 10:37:20,127 - ablation: none
2024-07-18 10:37:20,128 - padding_mode: zero
2024-07-18 10:37:20,128 - padding_loc: end
2024-07-18 10:37:20,128 - need_aligned: False
2024-07-18 10:37:20,128 - eval_monitor: f1
2024-07-18 10:37:20,128 - train_batch_size: 16
2024-07-18 10:37:20,128 - eval_batch_size: 8
2024-07-18 10:37:20,128 - test_batch_size: 8
2024-07-18 10:37:20,129 - wait_patience: 8
2024-07-18 10:37:20,129 - hidden_dims: 768
2024-07-18 10:37:20,129 - num_attention_heads: 4
2024-07-18 10:37:20,129 - attention_probs_dropout_prob: 0.2
2024-07-18 10:37:20,129 - hidden_dropout_prob: 0.2
2024-07-18 10:37:20,129 - intermediate_size: 768
2024-07-18 10:37:20,129 - num_hidden_layers: 2
2024-07-18 10:37:20,130 - max_position_embeddings: 1024
2024-07-18 10:37:20,130 - position_embedding_type: absolute
2024-07-18 10:37:20,130 - batch_first: True
2024-07-18 10:37:20,130 - dropout: 0.2
2024-07-18 10:37:20,130 - aligned_method: conv1d
2024-07-18 10:37:20,130 - num_train_epochs: 100
2024-07-18 10:37:20,130 - lr: 6e-06
2024-07-18 10:37:20,130 - lr_mode: min
2024-07-18 10:37:20,131 - patience: 8
2024-07-18 10:37:20,131 - factor: 0.1
2024-07-18 10:37:20,131 - pred_output_path: /home/sharing/disk3/wangyifan/sujianhua/MSZ/outputs/MELD-DA/msz_MELD-DA_multi-class_seed-5
2024-07-18 10:37:20,131 - model_output_path: /home/sharing/disk3/wangyifan/sujianhua/MSZ/outputs/MELD-DA/msz_MELD-DA_multi-class_seed-5/models
2024-07-18 10:37:20,131 - ============================== End Params ==============================
2024-07-18 10:37:20,159 - Generate Text Features Begin...
2024-07-18 10:37:21,717 - Generate Text Features Finished...
2024-07-18 10:37:21,719 - Load Video Features Begin...
2024-07-18 10:37:23,647 - Load Video Features Finished...
2024-07-18 10:37:26,562 - Load Audio Features Begin...
2024-07-18 10:37:32,048 - Load Audio Features Finished...
2024-07-18 10:37:50,788 - method  begins...
2024-07-18 10:37:54,643 - Multimodal intent recognition begins...
2024-07-18 10:37:54,644 - Training begins...
2024-07-18 10:39:10,170 - ***** Epoch: 1: Eval results *****
2024-07-18 10:39:10,171 -   train_loss = 1.5702
2024-07-18 10:39:10,171 -   best_eval_score = 0.0
2024-07-18 10:39:10,171 -   eval_score = 0.3679
2024-07-18 10:40:24,101 - ***** Epoch: 2: Eval results *****
2024-07-18 10:40:24,102 -   train_loss = 1.1423
2024-07-18 10:40:24,102 -   best_eval_score = 0.3679
2024-07-18 10:40:24,102 -   eval_score = 0.4405
2024-07-18 10:41:37,663 - ***** Epoch: 3: Eval results *****
2024-07-18 10:41:37,663 -   train_loss = 0.9863
2024-07-18 10:41:37,663 -   best_eval_score = 0.4405
2024-07-18 10:41:37,663 -   eval_score = 0.4809
2024-07-18 10:42:51,990 - ***** Epoch: 4: Eval results *****
2024-07-18 10:42:51,990 -   train_loss = 0.8518
2024-07-18 10:42:51,990 -   best_eval_score = 0.4809
2024-07-18 10:42:51,990 -   eval_score = 0.4886
2024-07-18 10:44:03,536 - ***** Epoch: 5: Eval results *****
2024-07-18 10:44:03,536 -   train_loss = 0.7173
2024-07-18 10:44:03,537 -   best_eval_score = 0.4886
2024-07-18 10:44:03,537 -   eval_score = 0.4664
2024-07-18 10:44:03,537 - EarlyStopping counter: 1 out of 8
2024-07-18 10:45:16,954 - ***** Epoch: 6: Eval results *****
2024-07-18 10:45:16,954 -   train_loss = 0.5788
2024-07-18 10:45:16,954 -   best_eval_score = 0.4886
2024-07-18 10:45:16,954 -   eval_score = 0.4753
2024-07-18 10:45:16,955 - EarlyStopping counter: 2 out of 8
2024-07-18 10:46:31,385 - ***** Epoch: 7: Eval results *****
2024-07-18 10:46:31,385 -   train_loss = 0.4374
2024-07-18 10:46:31,385 -   best_eval_score = 0.4886
2024-07-18 10:46:31,385 -   eval_score = 0.473
2024-07-18 10:46:31,386 - EarlyStopping counter: 3 out of 8
2024-07-18 10:47:42,175 - ***** Epoch: 8: Eval results *****
2024-07-18 10:47:42,175 -   train_loss = 0.3451
2024-07-18 10:47:42,175 -   best_eval_score = 0.4886
2024-07-18 10:47:42,175 -   eval_score = 0.4748
2024-07-18 10:47:42,175 - EarlyStopping counter: 4 out of 8
2024-07-18 10:48:55,848 - ***** Epoch: 9: Eval results *****
2024-07-18 10:48:55,848 -   train_loss = 0.2747
2024-07-18 10:48:55,848 -   best_eval_score = 0.4886
2024-07-18 10:48:55,848 -   eval_score = 0.4686
2024-07-18 10:48:55,848 - EarlyStopping counter: 5 out of 8
2024-07-18 10:50:10,417 - ***** Epoch: 10: Eval results *****
2024-07-18 10:50:10,417 -   train_loss = 0.2194
2024-07-18 10:50:10,417 -   best_eval_score = 0.4886
2024-07-18 10:50:10,417 -   eval_score = 0.4858
2024-07-18 10:50:10,417 - EarlyStopping counter: 6 out of 8
2024-07-18 10:51:26,042 - ***** Epoch: 11: Eval results *****
2024-07-18 10:51:26,043 -   train_loss = 0.1641
2024-07-18 10:51:26,043 -   best_eval_score = 0.4886
2024-07-18 10:51:26,043 -   eval_score = 0.4828
2024-07-18 10:51:26,043 - EarlyStopping counter: 7 out of 8
2024-07-18 10:52:39,184 - ***** Epoch: 12: Eval results *****
2024-07-18 10:52:39,184 -   train_loss = 0.1557
2024-07-18 10:52:39,184 -   best_eval_score = 0.4886
2024-07-18 10:52:39,184 -   eval_score = 0.4775
2024-07-18 10:52:39,184 - EarlyStopping counter: 8 out of 8
2024-07-18 10:52:39,184 - EarlyStopping at epoch 12
2024-07-18 10:52:39,186 - Training is finished...
2024-07-18 10:52:39,186 - Testing begins...
2024-07-18 10:52:53,119 - ***** Test: Confusion Matrix *****
2024-07-18 10:52:53,121 - [[  0   5   1   0   0   0   0   6   2   0   4   2]
 [  0  41  13   0   0   1   1   0   8   2  15   4]
 [  0  10  63   1   0   2  16   0  28  12 105  12]
 [  0   1   0  23   0   1   0   0   2   4   3   0]
 [  0   2   4   0  14   0   0   0   0   2   0  10]
 [  0   1   0   0   0  27   0   0   4   2  12   7]
 [  0   0   6   1   0   1  26   0   3   2  16   1]
 [  0   0   0   0   0   0   0  71   0   3   8   3]
 [  0   8   8   4   0   4   7   1  81   7  96   1]
 [  0   0   0   0   1   0   1   1   0 376  14   1]
 [  0  16  31   0   1  15  12   5  58  31 402   9]
 [  0   7  12   0   4   6   4   2   9   7  16  45]]
2024-07-18 10:52:53,121 - ***** Evaluation results *****
2024-07-18 10:52:53,121 -   acc = 0.6098
2024-07-18 10:52:53,121 -   f1 = 0.5132
2024-07-18 10:52:53,121 -   prec = 0.5331
2024-07-18 10:52:53,121 -   rec = 0.5067
2024-07-18 10:52:53,122 - Testing is finished...
2024-07-18 10:52:53,122 - Multimodal intent recognition is finished...
2024-07-18 10:52:53,122 - Results are saved in results/msz_MELD-DA.csv
2024-07-18 12:33:47,437 - ============================== Params ==============================
2024-07-18 12:33:47,440 - logger_name: msz_MELD-DA_multi-class_seed-5
2024-07-18 12:33:47,441 - dataset: MELD-DA
2024-07-18 12:33:47,441 - data_mode: multi-class
2024-07-18 12:33:47,441 - method: msz
2024-07-18 12:33:47,441 - text_backbone: bert-base-uncased
2024-07-18 12:33:47,441 - text_backbone_path: /home/sharing/disk1/pretrained_embedding/bert/uncased_L-12_H-768_A-12/
2024-07-18 12:33:47,441 - seed: 5
2024-07-18 12:33:47,441 - num_workers: 8
2024-07-18 12:33:47,441 - gpu_id: 1
2024-07-18 12:33:47,441 - data_path: /home/sharing/disk1/zhanghanlei/Datasets/public
2024-07-18 12:33:47,441 - train: True
2024-07-18 12:33:47,441 - tune: True
2024-07-18 12:33:47,441 - save_model: False
2024-07-18 12:33:47,441 - save_results: True
2024-07-18 12:33:47,441 - log_path: logs
2024-07-18 12:33:47,441 - cache_path: 
2024-07-18 12:33:47,441 - video_data_path: video_data
2024-07-18 12:33:47,441 - audio_data_path: audio_data
2024-07-18 12:33:47,441 - video_feats_path: video_feats.pkl
2024-07-18 12:33:47,441 - audio_feats_path: audio_feats.pkl
2024-07-18 12:33:47,441 - results_path: results
2024-07-18 12:33:47,441 - output_path: /home/sharing/disk3/wangyifan/sujianhua/MSZ/outputs/MELD-DA
2024-07-18 12:33:47,441 - model_path: models
2024-07-18 12:33:47,441 - config_file_name: msz_MELD-DA
2024-07-18 12:33:47,441 - results_file_name: msz_MELD-DA.csv
2024-07-18 12:33:47,441 - ablation: none
2024-07-18 12:33:47,441 - padding_mode: zero
2024-07-18 12:33:47,441 - padding_loc: end
2024-07-18 12:33:47,441 - need_aligned: False
2024-07-18 12:33:47,441 - eval_monitor: f1
2024-07-18 12:33:47,441 - train_batch_size: 16
2024-07-18 12:33:47,441 - eval_batch_size: 8
2024-07-18 12:33:47,441 - test_batch_size: 8
2024-07-18 12:33:47,441 - wait_patience: 8
2024-07-18 12:33:47,442 - hidden_dims: 768
2024-07-18 12:33:47,442 - num_attention_heads: 6
2024-07-18 12:33:47,442 - attention_probs_dropout_prob: 0.2
2024-07-18 12:33:47,442 - hidden_dropout_prob: 0.2
2024-07-18 12:33:47,442 - intermediate_size: 768
2024-07-18 12:33:47,442 - num_hidden_layers: 2
2024-07-18 12:33:47,442 - max_position_embeddings: 1024
2024-07-18 12:33:47,442 - position_embedding_type: absolute
2024-07-18 12:33:47,442 - batch_first: True
2024-07-18 12:33:47,442 - dropout: 0.2
2024-07-18 12:33:47,442 - aligned_method: conv1d
2024-07-18 12:33:47,442 - num_train_epochs: 100
2024-07-18 12:33:47,442 - lr: 6e-06
2024-07-18 12:33:47,442 - lr_mode: min
2024-07-18 12:33:47,442 - patience: 8
2024-07-18 12:33:47,442 - factor: 0.1
2024-07-18 12:33:47,442 - pred_output_path: /home/sharing/disk3/wangyifan/sujianhua/MSZ/outputs/MELD-DA/msz_MELD-DA_multi-class_seed-5
2024-07-18 12:33:47,442 - model_output_path: /home/sharing/disk3/wangyifan/sujianhua/MSZ/outputs/MELD-DA/msz_MELD-DA_multi-class_seed-5/models
2024-07-18 12:33:47,442 - ============================== End Params ==============================
2024-07-18 12:33:47,459 - Generate Text Features Begin...
2024-07-18 12:33:49,161 - Generate Text Features Finished...
2024-07-18 12:33:49,163 - Load Video Features Begin...
2024-07-18 12:33:51,196 - Load Video Features Finished...
2024-07-18 12:33:54,206 - Load Audio Features Begin...
2024-07-18 12:34:00,324 - Load Audio Features Finished...
2024-07-18 12:34:19,796 - method  begins...
2024-07-18 12:34:23,836 - Multimodal intent recognition begins...
2024-07-18 12:34:23,836 - Training begins...
2024-07-18 12:35:34,711 - ***** Epoch: 1: Eval results *****
2024-07-18 12:35:34,712 -   train_loss = 1.5728
2024-07-18 12:35:34,712 -   best_eval_score = 0.0
2024-07-18 12:35:34,712 -   eval_score = 0.3597
2024-07-18 12:36:42,607 - ***** Epoch: 2: Eval results *****
2024-07-18 12:36:42,607 -   train_loss = 1.1418
2024-07-18 12:36:42,607 -   best_eval_score = 0.3597
2024-07-18 12:36:42,607 -   eval_score = 0.4423
2024-07-18 12:37:49,834 - ***** Epoch: 3: Eval results *****
2024-07-18 12:37:49,834 -   train_loss = 0.9853
2024-07-18 12:37:49,834 -   best_eval_score = 0.4423
2024-07-18 12:37:49,834 -   eval_score = 0.4794
2024-07-18 12:38:57,250 - ***** Epoch: 4: Eval results *****
2024-07-18 12:38:57,256 -   train_loss = 0.8512
2024-07-18 12:38:57,256 -   best_eval_score = 0.4794
2024-07-18 12:38:57,256 -   eval_score = 0.4913
2024-07-18 12:40:04,708 - ***** Epoch: 5: Eval results *****
2024-07-18 12:40:04,708 -   train_loss = 0.7157
2024-07-18 12:40:04,708 -   best_eval_score = 0.4913
2024-07-18 12:40:04,708 -   eval_score = 0.4701
2024-07-18 12:40:04,708 - EarlyStopping counter: 1 out of 8
2024-07-18 12:41:12,007 - ***** Epoch: 6: Eval results *****
2024-07-18 12:41:12,008 -   train_loss = 0.5774
2024-07-18 12:41:12,011 -   best_eval_score = 0.4913
2024-07-18 12:41:12,011 -   eval_score = 0.4723
2024-07-18 12:41:12,012 - EarlyStopping counter: 2 out of 8
2024-07-18 12:42:19,170 - ***** Epoch: 7: Eval results *****
2024-07-18 12:42:19,170 -   train_loss = 0.436
2024-07-18 12:42:19,170 -   best_eval_score = 0.4913
2024-07-18 12:42:19,170 -   eval_score = 0.4718
2024-07-18 12:42:19,170 - EarlyStopping counter: 3 out of 8
2024-07-18 12:43:25,930 - ***** Epoch: 8: Eval results *****
2024-07-18 12:43:25,930 -   train_loss = 0.341
2024-07-18 12:43:25,930 -   best_eval_score = 0.4913
2024-07-18 12:43:25,930 -   eval_score = 0.4747
2024-07-18 12:43:25,930 - EarlyStopping counter: 4 out of 8
2024-07-18 12:44:32,899 - ***** Epoch: 9: Eval results *****
2024-07-18 12:44:32,899 -   train_loss = 0.2742
2024-07-18 12:44:32,899 -   best_eval_score = 0.4913
2024-07-18 12:44:32,899 -   eval_score = 0.4631
2024-07-18 12:44:32,899 - EarlyStopping counter: 5 out of 8
2024-07-18 12:45:41,193 - ***** Epoch: 10: Eval results *****
2024-07-18 12:45:41,193 -   train_loss = 0.2185
2024-07-18 12:45:41,193 -   best_eval_score = 0.4913
2024-07-18 12:45:41,193 -   eval_score = 0.4775
2024-07-18 12:45:41,193 - EarlyStopping counter: 6 out of 8
2024-07-18 12:46:49,289 - ***** Epoch: 11: Eval results *****
2024-07-18 12:46:49,290 -   train_loss = 0.1633
2024-07-18 12:46:49,290 -   best_eval_score = 0.4913
2024-07-18 12:46:49,290 -   eval_score = 0.4778
2024-07-18 12:46:49,290 - EarlyStopping counter: 7 out of 8
2024-07-18 12:47:56,310 - ***** Epoch: 12: Eval results *****
2024-07-18 12:47:56,310 -   train_loss = 0.1546
2024-07-18 12:47:56,310 -   best_eval_score = 0.4913
2024-07-18 12:47:56,311 -   eval_score = 0.4771
2024-07-18 12:47:56,311 - EarlyStopping counter: 8 out of 8
2024-07-18 12:47:56,311 - EarlyStopping at epoch 12
2024-07-18 12:47:56,314 - Training is finished...
2024-07-18 12:47:56,314 - Testing begins...
2024-07-18 12:48:09,365 - ***** Test: Confusion Matrix *****
2024-07-18 12:48:09,366 - [[  0   5   1   0   0   0   0   6   2   0   4   2]
 [  0  40  11   0   0   1   1   0   8   2  18   4]
 [  0  10  62   1   0   2  16   1  27  12 106  12]
 [  0   1   0  23   0   1   0   0   2   4   3   0]
 [  0   2   4   0  14   0   0   0   0   2   0  10]
 [  0   1   0   0   0  27   0   0   4   2  13   6]
 [  0   0   5   1   0   1  27   0   3   2  16   1]
 [  1   0   0   0   0   0   0  71   0   3   7   3]
 [  0   8   6   4   0   3   7   1  81   7  98   2]
 [  0   0   0   0   1   0   1   1   0 375  14   2]
 [  0  17  30   0   1  15  12   6  58  29 402  10]
 [  0   8  12   0   4   6   4   3   9   7  15  44]]
2024-07-18 12:48:09,366 - ***** Evaluation results *****
2024-07-18 12:48:09,366 -   acc = 0.6082
2024-07-18 12:48:09,366 -   f1 = 0.5113
2024-07-18 12:48:09,366 -   prec = 0.5312
2024-07-18 12:48:09,366 -   rec = 0.506
2024-07-18 12:48:09,366 - Testing is finished...
2024-07-18 12:48:09,366 - Multimodal intent recognition is finished...
2024-07-18 12:48:09,366 - Results are saved in results/msz_MELD-DA.csv
2024-07-18 12:48:09,473 - ============================== Params ==============================
2024-07-18 12:48:09,473 - ============================== Params ==============================
2024-07-18 12:48:09,473 - logger_name: msz_MELD-DA_multi-class_seed-5
2024-07-18 12:48:09,473 - logger_name: msz_MELD-DA_multi-class_seed-5
2024-07-18 12:48:09,474 - dataset: MELD-DA
2024-07-18 12:48:09,474 - dataset: MELD-DA
2024-07-18 12:48:09,474 - data_mode: multi-class
2024-07-18 12:48:09,474 - data_mode: multi-class
2024-07-18 12:48:09,474 - method: msz
2024-07-18 12:48:09,474 - method: msz
2024-07-18 12:48:09,474 - text_backbone: bert-base-uncased
2024-07-18 12:48:09,474 - text_backbone: bert-base-uncased
2024-07-18 12:48:09,474 - text_backbone_path: /home/sharing/disk1/pretrained_embedding/bert/uncased_L-12_H-768_A-12/
2024-07-18 12:48:09,474 - text_backbone_path: /home/sharing/disk1/pretrained_embedding/bert/uncased_L-12_H-768_A-12/
2024-07-18 12:48:09,474 - seed: 5
2024-07-18 12:48:09,474 - seed: 5
2024-07-18 12:48:09,474 - num_workers: 8
2024-07-18 12:48:09,474 - num_workers: 8
2024-07-18 12:48:09,474 - gpu_id: 1
2024-07-18 12:48:09,474 - gpu_id: 1
2024-07-18 12:48:09,474 - data_path: /home/sharing/disk1/zhanghanlei/Datasets/public
2024-07-18 12:48:09,474 - data_path: /home/sharing/disk1/zhanghanlei/Datasets/public
2024-07-18 12:48:09,474 - train: True
2024-07-18 12:48:09,474 - train: True
2024-07-18 12:48:09,474 - tune: True
2024-07-18 12:48:09,474 - tune: True
2024-07-18 12:48:09,474 - save_model: False
2024-07-18 12:48:09,474 - save_model: False
2024-07-18 12:48:09,474 - save_results: True
2024-07-18 12:48:09,474 - save_results: True
2024-07-18 12:48:09,474 - log_path: logs
2024-07-18 12:48:09,474 - log_path: logs
2024-07-18 12:48:09,474 - cache_path: 
2024-07-18 12:48:09,474 - cache_path: 
2024-07-18 12:48:09,474 - video_data_path: video_data
2024-07-18 12:48:09,474 - video_data_path: video_data
2024-07-18 12:48:09,474 - audio_data_path: audio_data
2024-07-18 12:48:09,474 - audio_data_path: audio_data
2024-07-18 12:48:09,475 - video_feats_path: video_feats.pkl
2024-07-18 12:48:09,475 - video_feats_path: video_feats.pkl
2024-07-18 12:48:09,475 - audio_feats_path: audio_feats.pkl
2024-07-18 12:48:09,475 - audio_feats_path: audio_feats.pkl
2024-07-18 12:48:09,475 - results_path: results
2024-07-18 12:48:09,475 - results_path: results
2024-07-18 12:48:09,475 - output_path: /home/sharing/disk3/wangyifan/sujianhua/MSZ/outputs/MELD-DA
2024-07-18 12:48:09,475 - output_path: /home/sharing/disk3/wangyifan/sujianhua/MSZ/outputs/MELD-DA
2024-07-18 12:48:09,475 - model_path: models
2024-07-18 12:48:09,475 - model_path: models
2024-07-18 12:48:09,475 - config_file_name: msz_MELD-DA
2024-07-18 12:48:09,475 - config_file_name: msz_MELD-DA
2024-07-18 12:48:09,475 - results_file_name: msz_MELD-DA.csv
2024-07-18 12:48:09,475 - results_file_name: msz_MELD-DA.csv
2024-07-18 12:48:09,475 - ablation: none
2024-07-18 12:48:09,475 - ablation: none
2024-07-18 12:48:09,475 - padding_mode: zero
2024-07-18 12:48:09,475 - padding_mode: zero
2024-07-18 12:48:09,475 - padding_loc: end
2024-07-18 12:48:09,475 - padding_loc: end
2024-07-18 12:48:09,475 - need_aligned: False
2024-07-18 12:48:09,475 - need_aligned: False
2024-07-18 12:48:09,475 - eval_monitor: f1
2024-07-18 12:48:09,475 - eval_monitor: f1
2024-07-18 12:48:09,475 - train_batch_size: 16
2024-07-18 12:48:09,475 - train_batch_size: 16
2024-07-18 12:48:09,475 - eval_batch_size: 8
2024-07-18 12:48:09,475 - eval_batch_size: 8
2024-07-18 12:48:09,476 - test_batch_size: 8
2024-07-18 12:48:09,476 - test_batch_size: 8
2024-07-18 12:48:09,476 - wait_patience: 8
2024-07-18 12:48:09,476 - wait_patience: 8
2024-07-18 12:48:09,476 - hidden_dims: 768
2024-07-18 12:48:09,476 - hidden_dims: 768
2024-07-18 12:48:09,476 - num_attention_heads: 6
2024-07-18 12:48:09,476 - num_attention_heads: 6
2024-07-18 12:48:09,476 - attention_probs_dropout_prob: 0.2
2024-07-18 12:48:09,476 - attention_probs_dropout_prob: 0.2
2024-07-18 12:48:09,476 - hidden_dropout_prob: 0.2
2024-07-18 12:48:09,476 - hidden_dropout_prob: 0.2
2024-07-18 12:48:09,476 - intermediate_size: 768
2024-07-18 12:48:09,476 - intermediate_size: 768
2024-07-18 12:48:09,476 - num_hidden_layers: 2
2024-07-18 12:48:09,476 - num_hidden_layers: 2
2024-07-18 12:48:09,476 - max_position_embeddings: 768
2024-07-18 12:48:09,476 - max_position_embeddings: 768
2024-07-18 12:48:09,476 - position_embedding_type: absolute
2024-07-18 12:48:09,476 - position_embedding_type: absolute
2024-07-18 12:48:09,476 - batch_first: True
2024-07-18 12:48:09,476 - batch_first: True
2024-07-18 12:48:09,476 - dropout: 0.2
2024-07-18 12:48:09,476 - dropout: 0.2
2024-07-18 12:48:09,476 - aligned_method: conv1d
2024-07-18 12:48:09,476 - aligned_method: conv1d
2024-07-18 12:48:09,476 - num_train_epochs: 100
2024-07-18 12:48:09,476 - num_train_epochs: 100
2024-07-18 12:48:09,477 - lr: 6e-06
2024-07-18 12:48:09,477 - lr: 6e-06
2024-07-18 12:48:09,477 - lr_mode: min
2024-07-18 12:48:09,477 - lr_mode: min
2024-07-18 12:48:09,477 - patience: 8
2024-07-18 12:48:09,477 - patience: 8
2024-07-18 12:48:09,477 - factor: 0.1
2024-07-18 12:48:09,477 - factor: 0.1
2024-07-18 12:48:09,477 - pred_output_path: /home/sharing/disk3/wangyifan/sujianhua/MSZ/outputs/MELD-DA/msz_MELD-DA_multi-class_seed-5
2024-07-18 12:48:09,477 - pred_output_path: /home/sharing/disk3/wangyifan/sujianhua/MSZ/outputs/MELD-DA/msz_MELD-DA_multi-class_seed-5
2024-07-18 12:48:09,477 - model_output_path: /home/sharing/disk3/wangyifan/sujianhua/MSZ/outputs/MELD-DA/msz_MELD-DA_multi-class_seed-5/models
2024-07-18 12:48:09,477 - model_output_path: /home/sharing/disk3/wangyifan/sujianhua/MSZ/outputs/MELD-DA/msz_MELD-DA_multi-class_seed-5/models
2024-07-18 12:48:09,477 - num_labels: 12
2024-07-18 12:48:09,477 - num_labels: 12
2024-07-18 12:48:09,477 - text_feat_dim: 768
2024-07-18 12:48:09,477 - text_feat_dim: 768
2024-07-18 12:48:09,477 - video_feat_dim: 256
2024-07-18 12:48:09,477 - video_feat_dim: 256
2024-07-18 12:48:09,477 - audio_feat_dim: 768
2024-07-18 12:48:09,477 - audio_feat_dim: 768
2024-07-18 12:48:09,477 - text_seq_len: 70
2024-07-18 12:48:09,477 - text_seq_len: 70
2024-07-18 12:48:09,477 - video_seq_len: 250
2024-07-18 12:48:09,477 - video_seq_len: 250
2024-07-18 12:48:09,477 - audio_seq_len: 530
2024-07-18 12:48:09,477 - audio_seq_len: 530
2024-07-18 12:48:09,478 - device: cuda:1
2024-07-18 12:48:09,478 - device: cuda:1
2024-07-18 12:48:09,478 - ============================== End Params ==============================
2024-07-18 12:48:09,478 - ============================== End Params ==============================
2024-07-18 12:48:09,512 - Generate Text Features Begin...
2024-07-18 12:48:09,512 - Generate Text Features Begin...
2024-07-18 12:48:11,310 - Generate Text Features Finished...
2024-07-18 12:48:11,310 - Generate Text Features Finished...
2024-07-18 12:48:11,311 - Load Video Features Begin...
2024-07-18 12:48:11,311 - Load Video Features Begin...
2024-07-18 12:48:12,967 - Load Video Features Finished...
2024-07-18 12:48:12,967 - Load Video Features Finished...
2024-07-18 12:48:15,446 - Load Audio Features Begin...
2024-07-18 12:48:15,446 - Load Audio Features Begin...
2024-07-18 12:48:19,874 - Load Audio Features Finished...
2024-07-18 12:48:19,874 - Load Audio Features Finished...
2024-07-18 12:48:34,457 - method  begins...
2024-07-18 12:48:34,457 - method  begins...
2024-07-18 12:48:36,003 - Multimodal intent recognition begins...
2024-07-18 12:48:36,003 - Multimodal intent recognition begins...
2024-07-18 12:48:36,003 - Training begins...
2024-07-18 12:48:36,003 - Training begins...
2024-07-18 12:49:45,248 - ***** Epoch: 1: Eval results *****
2024-07-18 12:49:45,248 - ***** Epoch: 1: Eval results *****
2024-07-18 12:49:45,248 -   train_loss = 1.5874
2024-07-18 12:49:45,248 -   train_loss = 1.5874
2024-07-18 12:49:45,248 -   best_eval_score = 0.0
2024-07-18 12:49:45,248 -   best_eval_score = 0.0
2024-07-18 12:49:45,248 -   eval_score = 0.358
2024-07-18 12:49:45,248 -   eval_score = 0.358
2024-07-18 12:50:54,682 - ***** Epoch: 2: Eval results *****
2024-07-18 12:50:54,682 - ***** Epoch: 2: Eval results *****
2024-07-18 12:50:54,682 -   train_loss = 1.1473
2024-07-18 12:50:54,682 -   train_loss = 1.1473
2024-07-18 12:50:54,682 -   best_eval_score = 0.358
2024-07-18 12:50:54,682 -   best_eval_score = 0.358
2024-07-18 12:50:54,682 -   eval_score = 0.4868
2024-07-18 12:50:54,682 -   eval_score = 0.4868
2024-07-18 12:52:04,462 - ***** Epoch: 3: Eval results *****
2024-07-18 12:52:04,462 - ***** Epoch: 3: Eval results *****
2024-07-18 12:52:04,462 -   train_loss = 0.9881
2024-07-18 12:52:04,462 -   train_loss = 0.9881
2024-07-18 12:52:04,462 -   best_eval_score = 0.4868
2024-07-18 12:52:04,462 -   best_eval_score = 0.4868
2024-07-18 12:52:04,462 -   eval_score = 0.5011
2024-07-18 12:52:04,462 -   eval_score = 0.5011
2024-07-18 12:53:13,577 - ***** Epoch: 4: Eval results *****
2024-07-18 12:53:13,577 - ***** Epoch: 4: Eval results *****
2024-07-18 12:53:13,578 -   train_loss = 0.8631
2024-07-18 12:53:13,578 -   train_loss = 0.8631
2024-07-18 12:53:13,578 -   best_eval_score = 0.5011
2024-07-18 12:53:13,578 -   best_eval_score = 0.5011
2024-07-18 12:53:13,578 -   eval_score = 0.5111
2024-07-18 12:53:13,578 -   eval_score = 0.5111
2024-07-18 12:54:22,440 - ***** Epoch: 5: Eval results *****
2024-07-18 12:54:22,440 - ***** Epoch: 5: Eval results *****
2024-07-18 12:54:22,440 -   train_loss = 0.7257
2024-07-18 12:54:22,440 -   train_loss = 0.7257
2024-07-18 12:54:22,441 -   best_eval_score = 0.5111
2024-07-18 12:54:22,441 -   best_eval_score = 0.5111
2024-07-18 12:54:22,441 -   eval_score = 0.484
2024-07-18 12:54:22,441 -   eval_score = 0.484
2024-07-18 12:54:22,441 - EarlyStopping counter: 1 out of 8
2024-07-18 12:54:22,441 - EarlyStopping counter: 1 out of 8
2024-07-18 12:55:32,475 - ***** Epoch: 6: Eval results *****
2024-07-18 12:55:32,475 - ***** Epoch: 6: Eval results *****
2024-07-18 12:55:32,479 -   train_loss = 0.5953
2024-07-18 12:55:32,479 -   train_loss = 0.5953
2024-07-18 12:55:32,479 -   best_eval_score = 0.5111
2024-07-18 12:55:32,479 -   best_eval_score = 0.5111
2024-07-18 12:55:32,479 -   eval_score = 0.4714
2024-07-18 12:55:32,479 -   eval_score = 0.4714
2024-07-18 12:55:32,479 - EarlyStopping counter: 2 out of 8
2024-07-18 12:55:32,479 - EarlyStopping counter: 2 out of 8
2024-07-18 12:56:41,284 - ***** Epoch: 7: Eval results *****
2024-07-18 12:56:41,284 - ***** Epoch: 7: Eval results *****
2024-07-18 12:56:41,284 -   train_loss = 0.4613
2024-07-18 12:56:41,284 -   train_loss = 0.4613
2024-07-18 12:56:41,284 -   best_eval_score = 0.5111
2024-07-18 12:56:41,284 -   best_eval_score = 0.5111
2024-07-18 12:56:41,284 -   eval_score = 0.4593
2024-07-18 12:56:41,284 -   eval_score = 0.4593
2024-07-18 12:56:41,285 - EarlyStopping counter: 3 out of 8
2024-07-18 12:56:41,285 - EarlyStopping counter: 3 out of 8
2024-07-18 12:58:28,298 - ***** Epoch: 8: Eval results *****
2024-07-18 12:58:28,298 - ***** Epoch: 8: Eval results *****
2024-07-18 12:58:28,299 -   train_loss = 0.351
2024-07-18 12:58:28,299 -   train_loss = 0.351
2024-07-18 12:58:28,299 -   best_eval_score = 0.5111
2024-07-18 12:58:28,299 -   best_eval_score = 0.5111
2024-07-18 12:58:28,299 -   eval_score = 0.4626
2024-07-18 12:58:28,299 -   eval_score = 0.4626
2024-07-18 12:58:28,299 - EarlyStopping counter: 4 out of 8
2024-07-18 12:58:28,299 - EarlyStopping counter: 4 out of 8
2024-07-18 12:59:37,365 - ***** Epoch: 9: Eval results *****
2024-07-18 12:59:37,365 - ***** Epoch: 9: Eval results *****
2024-07-18 12:59:37,369 -   train_loss = 0.2791
2024-07-18 12:59:37,369 -   train_loss = 0.2791
2024-07-18 12:59:37,369 -   best_eval_score = 0.5111
2024-07-18 12:59:37,369 -   best_eval_score = 0.5111
2024-07-18 12:59:37,370 -   eval_score = 0.4593
2024-07-18 12:59:37,370 -   eval_score = 0.4593
2024-07-18 12:59:37,370 - EarlyStopping counter: 5 out of 8
2024-07-18 12:59:37,370 - EarlyStopping counter: 5 out of 8
2024-07-18 13:00:46,377 - ***** Epoch: 10: Eval results *****
2024-07-18 13:00:46,377 - ***** Epoch: 10: Eval results *****
2024-07-18 13:00:46,377 -   train_loss = 0.2314
2024-07-18 13:00:46,377 -   train_loss = 0.2314
2024-07-18 13:00:46,377 -   best_eval_score = 0.5111
2024-07-18 13:00:46,377 -   best_eval_score = 0.5111
2024-07-18 13:00:46,377 -   eval_score = 0.4752
2024-07-18 13:00:46,377 -   eval_score = 0.4752
2024-07-18 13:00:46,377 - EarlyStopping counter: 6 out of 8
2024-07-18 13:00:46,377 - EarlyStopping counter: 6 out of 8
2024-07-18 13:01:56,194 - ***** Epoch: 11: Eval results *****
2024-07-18 13:01:56,194 - ***** Epoch: 11: Eval results *****
2024-07-18 13:01:56,194 -   train_loss = 0.1633
2024-07-18 13:01:56,194 -   train_loss = 0.1633
2024-07-18 13:01:56,194 -   best_eval_score = 0.5111
2024-07-18 13:01:56,194 -   best_eval_score = 0.5111
2024-07-18 13:01:56,194 -   eval_score = 0.4726
2024-07-18 13:01:56,194 -   eval_score = 0.4726
2024-07-18 13:01:56,194 - EarlyStopping counter: 7 out of 8
2024-07-18 13:01:56,194 - EarlyStopping counter: 7 out of 8
2024-07-18 13:03:05,579 - ***** Epoch: 12: Eval results *****
2024-07-18 13:03:05,579 - ***** Epoch: 12: Eval results *****
2024-07-18 13:03:05,580 -   train_loss = 0.1483
2024-07-18 13:03:05,580 -   train_loss = 0.1483
2024-07-18 13:03:05,580 -   best_eval_score = 0.5111
2024-07-18 13:03:05,580 -   best_eval_score = 0.5111
2024-07-18 13:03:05,580 -   eval_score = 0.4606
2024-07-18 13:03:05,580 -   eval_score = 0.4606
2024-07-18 13:03:05,580 - EarlyStopping counter: 8 out of 8
2024-07-18 13:03:05,580 - EarlyStopping counter: 8 out of 8
2024-07-18 13:03:05,580 - EarlyStopping at epoch 12
2024-07-18 13:03:05,580 - EarlyStopping at epoch 12
2024-07-18 13:03:05,583 - Training is finished...
2024-07-18 13:03:05,583 - Training is finished...
2024-07-18 13:03:05,583 - Testing begins...
2024-07-18 13:03:05,583 - Testing begins...
2024-07-18 13:03:18,948 - ***** Test: Confusion Matrix *****
2024-07-18 13:03:18,948 - ***** Test: Confusion Matrix *****
2024-07-18 13:03:18,949 - [[  0   4   1   0   0   0   0   7   3   0   4   1]
 [  0  42  14   0   1   2   1   0   8   1  13   3]
 [  0  17 103   1   1   2   9   2  19   9  77   9]
 [  0   1   0  23   0   0   1   0   1   3   5   0]
 [  0   5   1   0  18   0   0   0   0   1   0   7]
 [  0   1   0   0   0  26   0   0   1   2  20   3]
 [  0   0  15   0   0   1  17   0   3   2  18   0]
 [  0   0   0   0   1   0   0  73   0   3   5   3]
 [  0   4  20   4   0   0   5   1  77   6  98   2]
 [  0   1   4   0   1   0   0   2   0 372  14   0]
 [  0  12  88   1   1  10   4   8  56  28 362  10]
 [  0   7  13   1   7   8   2   6   8   7  21  32]]
2024-07-18 13:03:18,949 - [[  0   4   1   0   0   0   0   7   3   0   4   1]
 [  0  42  14   0   1   2   1   0   8   1  13   3]
 [  0  17 103   1   1   2   9   2  19   9  77   9]
 [  0   1   0  23   0   0   1   0   1   3   5   0]
 [  0   5   1   0  18   0   0   0   0   1   0   7]
 [  0   1   0   0   0  26   0   0   1   2  20   3]
 [  0   0  15   0   0   1  17   0   3   2  18   0]
 [  0   0   0   0   1   0   0  73   0   3   5   3]
 [  0   4  20   4   0   0   5   1  77   6  98   2]
 [  0   1   4   0   1   0   0   2   0 372  14   0]
 [  0  12  88   1   1  10   4   8  56  28 362  10]
 [  0   7  13   1   7   8   2   6   8   7  21  32]]
2024-07-18 13:03:18,949 - ***** Evaluation results *****
2024-07-18 13:03:18,949 - ***** Evaluation results *****
2024-07-18 13:03:18,949 -   acc = 0.5973
2024-07-18 13:03:18,949 -   acc = 0.5973
2024-07-18 13:03:18,949 -   f1 = 0.506
2024-07-18 13:03:18,949 -   f1 = 0.506
2024-07-18 13:03:18,949 -   prec = 0.5196
2024-07-18 13:03:18,949 -   prec = 0.5196
2024-07-18 13:03:18,949 -   rec = 0.5007
2024-07-18 13:03:18,949 -   rec = 0.5007
2024-07-18 13:03:18,949 - Testing is finished...
2024-07-18 13:03:18,949 - Testing is finished...
2024-07-18 13:03:18,950 - Multimodal intent recognition is finished...
2024-07-18 13:03:18,950 - Multimodal intent recognition is finished...
2024-07-18 13:03:18,950 - Results are saved in results/msz_MELD-DA.csv
2024-07-18 13:03:18,950 - Results are saved in results/msz_MELD-DA.csv
2024-07-18 17:34:23,296 - ============================== Params ==============================
2024-07-18 17:34:23,296 - logger_name: msz_MELD-DA_multi-class_seed-5
2024-07-18 17:34:23,296 - dataset: MELD-DA
2024-07-18 17:34:23,296 - data_mode: multi-class
2024-07-18 17:34:23,296 - method: msz
2024-07-18 17:34:23,296 - text_backbone: bert-base-uncased
2024-07-18 17:34:23,296 - text_backbone_path: /home/sharing/disk1/pretrained_embedding/bert/uncased_L-12_H-768_A-12/
2024-07-18 17:34:23,296 - seed: 5
2024-07-18 17:34:23,296 - num_workers: 8
2024-07-18 17:34:23,296 - gpu_id: 0
2024-07-18 17:34:23,296 - data_path: /home/sharing/disk1/zhanghanlei/Datasets/public
2024-07-18 17:34:23,296 - train: True
2024-07-18 17:34:23,296 - tune: True
2024-07-18 17:34:23,296 - save_model: False
2024-07-18 17:34:23,296 - save_results: True
2024-07-18 17:34:23,296 - log_path: logs
2024-07-18 17:34:23,296 - cache_path: 
2024-07-18 17:34:23,296 - video_data_path: video_data
2024-07-18 17:34:23,296 - audio_data_path: audio_data
2024-07-18 17:34:23,296 - video_feats_path: video_feats.pkl
2024-07-18 17:34:23,296 - audio_feats_path: audio_feats.pkl
2024-07-18 17:34:23,296 - results_path: results
2024-07-18 17:34:23,296 - output_path: /home/sharing/disk3/wangyifan/sujianhua/MSZ/outputs/MELD-DA
2024-07-18 17:34:23,296 - model_path: models
2024-07-18 17:34:23,296 - config_file_name: msz_MELD-DA
2024-07-18 17:34:23,296 - results_file_name: msz_MELD-DA.csv
2024-07-18 17:34:23,296 - ablation: none
2024-07-18 17:34:23,297 - padding_mode: zero
2024-07-18 17:34:23,297 - padding_loc: end
2024-07-18 17:34:23,297 - need_aligned: False
2024-07-18 17:34:23,297 - eval_monitor: f1
2024-07-18 17:34:23,297 - train_batch_size: 16
2024-07-18 17:34:23,297 - eval_batch_size: 8
2024-07-18 17:34:23,297 - test_batch_size: 8
2024-07-18 17:34:23,297 - wait_patience: 8
2024-07-18 17:34:23,297 - hidden_dims: 768
2024-07-18 17:34:23,297 - num_attention_heads: 6
2024-07-18 17:34:23,297 - attention_probs_dropout_prob: 0.2
2024-07-18 17:34:23,297 - hidden_dropout_prob: 0.2
2024-07-18 17:34:23,297 - intermediate_size: 768
2024-07-18 17:34:23,297 - num_hidden_layers: 1
2024-07-18 17:34:23,297 - max_position_embeddings: 768
2024-07-18 17:34:23,297 - position_embedding_type: absolute
2024-07-18 17:34:23,297 - batch_first: True
2024-07-18 17:34:23,297 - dropout: 0.2
2024-07-18 17:34:23,297 - aligned_method: conv1d
2024-07-18 17:34:23,297 - num_train_epochs: 100
2024-07-18 17:34:23,297 - lr: 6e-06
2024-07-18 17:34:23,297 - lr_mode: min
2024-07-18 17:34:23,297 - patience: 8
2024-07-18 17:34:23,297 - factor: 0.1
2024-07-18 17:34:23,297 - pred_output_path: /home/sharing/disk3/wangyifan/sujianhua/MSZ/outputs/MELD-DA/msz_MELD-DA_multi-class_seed-5
2024-07-18 17:34:23,297 - model_output_path: /home/sharing/disk3/wangyifan/sujianhua/MSZ/outputs/MELD-DA/msz_MELD-DA_multi-class_seed-5/models
2024-07-18 17:34:23,297 - ============================== End Params ==============================
2024-07-18 17:34:23,317 - Generate Text Features Begin...
2024-07-18 17:34:24,959 - Generate Text Features Finished...
2024-07-18 17:34:24,961 - Load Video Features Begin...
2024-07-18 17:34:26,921 - Load Video Features Finished...
2024-07-18 17:34:30,089 - Load Audio Features Begin...
2024-07-18 17:34:43,296 - Load Audio Features Finished...
2024-07-18 17:35:12,315 - method  begins...
2024-07-18 17:35:18,079 - Multimodal intent recognition begins...
2024-07-18 17:35:18,080 - Training begins...
2024-07-18 17:37:09,261 - ***** Epoch: 1: Eval results *****
2024-07-18 17:37:09,261 -   train_loss = 1.564
2024-07-18 17:37:09,261 -   best_eval_score = 0.0
2024-07-18 17:37:09,261 -   eval_score = 0.3124
2024-07-18 17:38:52,124 - ***** Epoch: 2: Eval results *****
2024-07-18 17:38:52,124 -   train_loss = 1.1492
2024-07-18 17:38:52,124 -   best_eval_score = 0.3124
2024-07-18 17:38:52,124 -   eval_score = 0.4811
2024-07-18 17:40:18,580 - ***** Epoch: 3: Eval results *****
2024-07-18 17:40:18,580 -   train_loss = 0.9883
2024-07-18 17:40:18,580 -   best_eval_score = 0.4811
2024-07-18 17:40:18,581 -   eval_score = 0.5054
2024-07-18 17:41:46,784 - ***** Epoch: 4: Eval results *****
2024-07-18 17:41:46,784 -   train_loss = 0.8661
2024-07-18 17:41:46,784 -   best_eval_score = 0.5054
2024-07-18 17:41:46,785 -   eval_score = 0.4928
2024-07-18 17:41:46,785 - EarlyStopping counter: 1 out of 8
2024-07-18 17:43:16,538 - ***** Epoch: 5: Eval results *****
2024-07-18 17:43:16,538 -   train_loss = 0.7384
2024-07-18 17:43:16,539 -   best_eval_score = 0.5054
2024-07-18 17:43:16,539 -   eval_score = 0.4942
2024-07-18 17:43:16,539 - EarlyStopping counter: 2 out of 8
2024-07-18 17:44:47,808 - ***** Epoch: 6: Eval results *****
2024-07-18 17:44:47,808 -   train_loss = 0.6062
2024-07-18 17:44:47,808 -   best_eval_score = 0.5054
2024-07-18 17:44:47,808 -   eval_score = 0.4864
2024-07-18 17:44:47,808 - EarlyStopping counter: 3 out of 8
2024-07-18 17:46:14,574 - ***** Epoch: 7: Eval results *****
2024-07-18 17:46:14,574 -   train_loss = 0.4797
2024-07-18 17:46:14,574 -   best_eval_score = 0.5054
2024-07-18 17:46:14,575 -   eval_score = 0.4796
2024-07-18 17:46:14,575 - EarlyStopping counter: 4 out of 8
2024-07-18 17:47:36,309 - ***** Epoch: 8: Eval results *****
2024-07-18 17:47:36,309 -   train_loss = 0.3683
2024-07-18 17:47:36,309 -   best_eval_score = 0.5054
2024-07-18 17:47:36,309 -   eval_score = 0.5167
2024-07-18 17:49:15,285 - ***** Epoch: 9: Eval results *****
2024-07-18 17:49:15,285 -   train_loss = 0.2867
2024-07-18 17:49:15,285 -   best_eval_score = 0.5167
2024-07-18 17:49:15,285 -   eval_score = 0.5049
2024-07-18 17:49:15,285 - EarlyStopping counter: 1 out of 8
2024-07-18 17:50:52,968 - ***** Epoch: 10: Eval results *****
2024-07-18 17:50:52,969 -   train_loss = 0.2303
2024-07-18 17:50:52,969 -   best_eval_score = 0.5167
2024-07-18 17:50:52,969 -   eval_score = 0.4886
2024-07-18 17:50:52,969 - EarlyStopping counter: 2 out of 8
2024-07-18 17:52:27,783 - ***** Epoch: 11: Eval results *****
2024-07-18 17:52:27,783 -   train_loss = 0.1725
2024-07-18 17:52:27,784 -   best_eval_score = 0.5167
2024-07-18 17:52:27,784 -   eval_score = 0.5121
2024-07-18 17:52:27,784 - EarlyStopping counter: 3 out of 8
2024-07-18 17:54:01,507 - ***** Epoch: 12: Eval results *****
2024-07-18 17:54:01,507 -   train_loss = 0.1569
2024-07-18 17:54:01,507 -   best_eval_score = 0.5167
2024-07-18 17:54:01,507 -   eval_score = 0.5074
2024-07-18 17:54:01,507 - EarlyStopping counter: 4 out of 8
2024-07-18 17:55:34,830 - ***** Epoch: 13: Eval results *****
2024-07-18 17:55:34,830 -   train_loss = 0.1551
2024-07-18 17:55:34,830 -   best_eval_score = 0.5167
2024-07-18 17:55:34,830 -   eval_score = 0.5065
2024-07-18 17:55:34,831 - EarlyStopping counter: 5 out of 8
2024-07-18 17:57:08,145 - ***** Epoch: 14: Eval results *****
2024-07-18 17:57:08,145 -   train_loss = 0.1474
2024-07-18 17:57:08,145 -   best_eval_score = 0.5167
2024-07-18 17:57:08,145 -   eval_score = 0.4923
2024-07-18 17:57:08,145 - EarlyStopping counter: 6 out of 8
2024-07-18 17:59:10,313 - ***** Epoch: 15: Eval results *****
2024-07-18 17:59:10,313 -   train_loss = 0.1448
2024-07-18 17:59:10,313 -   best_eval_score = 0.5167
2024-07-18 17:59:10,313 -   eval_score = 0.5019
2024-07-18 17:59:10,313 - EarlyStopping counter: 7 out of 8
2024-07-18 18:00:44,278 - ***** Epoch: 16: Eval results *****
2024-07-18 18:00:44,279 -   train_loss = 0.1362
2024-07-18 18:00:44,279 -   best_eval_score = 0.5167
2024-07-18 18:00:44,279 -   eval_score = 0.5072
2024-07-18 18:00:44,279 - EarlyStopping counter: 8 out of 8
2024-07-18 18:00:44,279 - EarlyStopping at epoch 16
2024-07-18 18:00:44,281 - Training is finished...
2024-07-18 18:00:44,281 - Testing begins...
2024-07-18 18:00:58,720 - ***** Test: Confusion Matrix *****
2024-07-18 18:00:58,721 - [[  3   4   2   0   0   0   0   4   1   0   4   2]
 [  0  42  12   0   0   2   1   0   7   2  14   5]
 [  0  29  79   1   1   1  13   2  27  11  76   9]
 [  0   2   0  23   0   1   0   0   2   3   2   1]
 [  0   6   1   0  14   0   0   1   0   2   0   8]
 [  0   1   1   0   0  27   0   0   6   1  14   3]
 [  0   0  11   0   0   1  20   0   7   2  13   2]
 [  4   0   0   0   0   0   0  71   0   3   3   4]
 [  4  11  16   2   0   2  10   1  84   9  72   6]
 [  1   0   3   0   1   0   1   3   3 374   8   0]
 [  2  14  82   1   1  16  13   7  72  35 314  23]
 [  2   7  10   1   5   6   2   3  10   9  19  38]]
2024-07-18 18:00:58,721 - ***** Evaluation results *****
2024-07-18 18:00:58,721 -   acc = 0.5681
2024-07-18 18:00:58,721 -   f1 = 0.5013
2024-07-18 18:00:58,721 -   prec = 0.5109
2024-07-18 18:00:58,721 -   rec = 0.4995
2024-07-18 18:00:58,721 - Testing is finished...
2024-07-18 18:00:58,721 - Multimodal intent recognition is finished...
2024-07-18 18:00:58,721 - Results are saved in results/msz_MELD-DA.csv
2024-07-18 18:00:58,845 - ============================== Params ==============================
2024-07-18 18:00:58,845 - ============================== Params ==============================
2024-07-18 18:00:58,845 - logger_name: msz_MELD-DA_multi-class_seed-5
2024-07-18 18:00:58,845 - logger_name: msz_MELD-DA_multi-class_seed-5
2024-07-18 18:00:58,845 - dataset: MELD-DA
2024-07-18 18:00:58,845 - dataset: MELD-DA
2024-07-18 18:00:58,845 - data_mode: multi-class
2024-07-18 18:00:58,845 - data_mode: multi-class
2024-07-18 18:00:58,845 - method: msz
2024-07-18 18:00:58,845 - method: msz
2024-07-18 18:00:58,845 - text_backbone: bert-base-uncased
2024-07-18 18:00:58,845 - text_backbone: bert-base-uncased
2024-07-18 18:00:58,845 - text_backbone_path: /home/sharing/disk1/pretrained_embedding/bert/uncased_L-12_H-768_A-12/
2024-07-18 18:00:58,845 - text_backbone_path: /home/sharing/disk1/pretrained_embedding/bert/uncased_L-12_H-768_A-12/
2024-07-18 18:00:58,845 - seed: 5
2024-07-18 18:00:58,845 - seed: 5
2024-07-18 18:00:58,845 - num_workers: 8
2024-07-18 18:00:58,845 - num_workers: 8
2024-07-18 18:00:58,846 - gpu_id: 0
2024-07-18 18:00:58,846 - gpu_id: 0
2024-07-18 18:00:58,846 - data_path: /home/sharing/disk1/zhanghanlei/Datasets/public
2024-07-18 18:00:58,846 - data_path: /home/sharing/disk1/zhanghanlei/Datasets/public
2024-07-18 18:00:58,846 - train: True
2024-07-18 18:00:58,846 - train: True
2024-07-18 18:00:58,846 - tune: True
2024-07-18 18:00:58,846 - tune: True
2024-07-18 18:00:58,846 - save_model: False
2024-07-18 18:00:58,846 - save_model: False
2024-07-18 18:00:58,846 - save_results: True
2024-07-18 18:00:58,846 - save_results: True
2024-07-18 18:00:58,846 - log_path: logs
2024-07-18 18:00:58,846 - log_path: logs
2024-07-18 18:00:58,846 - cache_path: 
2024-07-18 18:00:58,846 - cache_path: 
2024-07-18 18:00:58,846 - video_data_path: video_data
2024-07-18 18:00:58,846 - video_data_path: video_data
2024-07-18 18:00:58,846 - audio_data_path: audio_data
2024-07-18 18:00:58,846 - audio_data_path: audio_data
2024-07-18 18:00:58,846 - video_feats_path: video_feats.pkl
2024-07-18 18:00:58,846 - video_feats_path: video_feats.pkl
2024-07-18 18:00:58,846 - audio_feats_path: audio_feats.pkl
2024-07-18 18:00:58,846 - audio_feats_path: audio_feats.pkl
2024-07-18 18:00:58,846 - results_path: results
2024-07-18 18:00:58,846 - results_path: results
2024-07-18 18:00:58,846 - output_path: /home/sharing/disk3/wangyifan/sujianhua/MSZ/outputs/MELD-DA
2024-07-18 18:00:58,846 - output_path: /home/sharing/disk3/wangyifan/sujianhua/MSZ/outputs/MELD-DA
2024-07-18 18:00:58,846 - model_path: models
2024-07-18 18:00:58,846 - model_path: models
2024-07-18 18:00:58,847 - config_file_name: msz_MELD-DA
2024-07-18 18:00:58,847 - config_file_name: msz_MELD-DA
2024-07-18 18:00:58,847 - results_file_name: msz_MELD-DA.csv
2024-07-18 18:00:58,847 - results_file_name: msz_MELD-DA.csv
2024-07-18 18:00:58,847 - ablation: none
2024-07-18 18:00:58,847 - ablation: none
2024-07-18 18:00:58,847 - padding_mode: zero
2024-07-18 18:00:58,847 - padding_mode: zero
2024-07-18 18:00:58,847 - padding_loc: end
2024-07-18 18:00:58,847 - padding_loc: end
2024-07-18 18:00:58,847 - need_aligned: False
2024-07-18 18:00:58,847 - need_aligned: False
2024-07-18 18:00:58,847 - eval_monitor: f1
2024-07-18 18:00:58,847 - eval_monitor: f1
2024-07-18 18:00:58,847 - train_batch_size: 16
2024-07-18 18:00:58,847 - train_batch_size: 16
2024-07-18 18:00:58,847 - eval_batch_size: 8
2024-07-18 18:00:58,847 - eval_batch_size: 8
2024-07-18 18:00:58,847 - test_batch_size: 8
2024-07-18 18:00:58,847 - test_batch_size: 8
2024-07-18 18:00:58,847 - wait_patience: 8
2024-07-18 18:00:58,847 - wait_patience: 8
2024-07-18 18:00:58,847 - hidden_dims: 768
2024-07-18 18:00:58,847 - hidden_dims: 768
2024-07-18 18:00:58,847 - num_attention_heads: 6
2024-07-18 18:00:58,847 - num_attention_heads: 6
2024-07-18 18:00:58,847 - attention_probs_dropout_prob: 0.2
2024-07-18 18:00:58,847 - attention_probs_dropout_prob: 0.2
2024-07-18 18:00:58,847 - hidden_dropout_prob: 0.2
2024-07-18 18:00:58,847 - hidden_dropout_prob: 0.2
2024-07-18 18:00:58,848 - intermediate_size: 768
2024-07-18 18:00:58,848 - intermediate_size: 768
2024-07-18 18:00:58,848 - num_hidden_layers: 2
2024-07-18 18:00:58,848 - num_hidden_layers: 2
2024-07-18 18:00:58,848 - max_position_embeddings: 768
2024-07-18 18:00:58,848 - max_position_embeddings: 768
2024-07-18 18:00:58,848 - position_embedding_type: absolute
2024-07-18 18:00:58,848 - position_embedding_type: absolute
2024-07-18 18:00:58,848 - batch_first: True
2024-07-18 18:00:58,848 - batch_first: True
2024-07-18 18:00:58,848 - dropout: 0.2
2024-07-18 18:00:58,848 - dropout: 0.2
2024-07-18 18:00:58,848 - aligned_method: conv1d
2024-07-18 18:00:58,848 - aligned_method: conv1d
2024-07-18 18:00:58,848 - num_train_epochs: 100
2024-07-18 18:00:58,848 - num_train_epochs: 100
2024-07-18 18:00:58,848 - lr: 6e-06
2024-07-18 18:00:58,848 - lr: 6e-06
2024-07-18 18:00:58,848 - lr_mode: min
2024-07-18 18:00:58,848 - lr_mode: min
2024-07-18 18:00:58,848 - patience: 8
2024-07-18 18:00:58,848 - patience: 8
2024-07-18 18:00:58,848 - factor: 0.1
2024-07-18 18:00:58,848 - factor: 0.1
2024-07-18 18:00:58,848 - pred_output_path: /home/sharing/disk3/wangyifan/sujianhua/MSZ/outputs/MELD-DA/msz_MELD-DA_multi-class_seed-5
2024-07-18 18:00:58,848 - pred_output_path: /home/sharing/disk3/wangyifan/sujianhua/MSZ/outputs/MELD-DA/msz_MELD-DA_multi-class_seed-5
2024-07-18 18:00:58,848 - model_output_path: /home/sharing/disk3/wangyifan/sujianhua/MSZ/outputs/MELD-DA/msz_MELD-DA_multi-class_seed-5/models
2024-07-18 18:00:58,848 - model_output_path: /home/sharing/disk3/wangyifan/sujianhua/MSZ/outputs/MELD-DA/msz_MELD-DA_multi-class_seed-5/models
2024-07-18 18:00:58,848 - num_labels: 12
2024-07-18 18:00:58,848 - num_labels: 12
2024-07-18 18:00:58,849 - text_feat_dim: 768
2024-07-18 18:00:58,849 - text_feat_dim: 768
2024-07-18 18:00:58,849 - video_feat_dim: 256
2024-07-18 18:00:58,849 - video_feat_dim: 256
2024-07-18 18:00:58,849 - audio_feat_dim: 768
2024-07-18 18:00:58,849 - audio_feat_dim: 768
2024-07-18 18:00:58,849 - text_seq_len: 70
2024-07-18 18:00:58,849 - text_seq_len: 70
2024-07-18 18:00:58,849 - video_seq_len: 250
2024-07-18 18:00:58,849 - video_seq_len: 250
2024-07-18 18:00:58,849 - audio_seq_len: 530
2024-07-18 18:00:58,849 - audio_seq_len: 530
2024-07-18 18:00:58,849 - device: cuda:0
2024-07-18 18:00:58,849 - device: cuda:0
2024-07-18 18:00:58,849 - ============================== End Params ==============================
2024-07-18 18:00:58,849 - ============================== End Params ==============================
2024-07-18 18:00:58,868 - Generate Text Features Begin...
2024-07-18 18:00:58,868 - Generate Text Features Begin...
2024-07-18 18:01:00,453 - Generate Text Features Finished...
2024-07-18 18:01:00,453 - Generate Text Features Finished...
2024-07-18 18:01:00,455 - Load Video Features Begin...
2024-07-18 18:01:00,455 - Load Video Features Begin...
2024-07-18 18:01:02,220 - Load Video Features Finished...
2024-07-18 18:01:02,220 - Load Video Features Finished...
2024-07-18 18:01:04,738 - Load Audio Features Begin...
2024-07-18 18:01:04,738 - Load Audio Features Begin...
2024-07-18 18:01:16,626 - Load Audio Features Finished...
2024-07-18 18:01:16,626 - Load Audio Features Finished...
