2024-03-30 11:46:25,035 - ============================== Params ==============================
2024-03-30 11:46:25,035 - logger_name: msz_MIntRec_multi-class_seed-2_2024-03-30-11-46-24
2024-03-30 11:46:25,036 - dataset: MIntRec
2024-03-30 11:46:25,036 - data_mode: multi-class
2024-03-30 11:46:25,036 - method: msz
2024-03-30 11:46:25,036 - text_backbone: bert-base-uncased
2024-03-30 11:46:25,036 - text_backbone_path: /home/sharing/disk1/pretrained_embedding/bert/uncased_L-12_H-768_A-12/
2024-03-30 11:46:25,036 - seed: 2
2024-03-30 11:46:25,036 - num_workers: 8
2024-03-30 11:46:25,036 - gpu_id: 3
2024-03-30 11:46:25,036 - data_path: /home/sharing/disk2/sjh/intentDataset
2024-03-30 11:46:25,036 - train: True
2024-03-30 11:46:25,036 - tune: True
2024-03-30 11:46:25,036 - save_model: False
2024-03-30 11:46:25,036 - save_results: True
2024-03-30 11:46:25,037 - log_path: logs
2024-03-30 11:46:25,037 - cache_path: 
2024-03-30 11:46:25,037 - video_data_path: video_data
2024-03-30 11:46:25,037 - audio_data_path: audio_data
2024-03-30 11:46:25,037 - video_feats_path: video_feats.pkl
2024-03-30 11:46:25,037 - audio_feats_path: audio_feats.pkl
2024-03-30 11:46:25,037 - results_path: results
2024-03-30 11:46:25,037 - output_path: /home/sharing/disk2/sjh/Outputs/MIntRec
2024-03-30 11:46:25,037 - model_path: models
2024-03-30 11:46:25,037 - config_file_name: msz_MIntRec
2024-03-30 11:46:25,037 - results_file_name: msz.csv
2024-03-30 11:46:25,037 - padding_mode: zero
2024-03-30 11:46:25,037 - padding_loc: end
2024-03-30 11:46:25,037 - need_aligned: False
2024-03-30 11:46:25,038 - eval_monitor: f1
2024-03-30 11:46:25,038 - train_batch_size: 16
2024-03-30 11:46:25,038 - eval_batch_size: 8
2024-03-30 11:46:25,038 - test_batch_size: 8
2024-03-30 11:46:25,038 - wait_patience: 8
2024-03-30 11:46:25,038 - hidden_dims: 768
2024-03-30 11:46:25,038 - num_attention_heads: 8
2024-03-30 11:46:25,038 - attention_probs_dropout_prob: 0.2
2024-03-30 11:46:25,038 - hidden_dropout_prob: 0.4
2024-03-30 11:46:25,038 - intermediate_size: 768
2024-03-30 11:46:25,038 - num_hidden_layers: 6
2024-03-30 11:46:25,038 - max_position_embeddings: 768
2024-03-30 11:46:25,038 - position_embedding_type: absolute
2024-03-30 11:46:25,038 - batch_first: True
2024-03-30 11:46:25,038 - dropout: 0.1
2024-03-30 11:46:25,039 - aligned_method: conv1d
2024-03-30 11:46:25,039 - num_train_epochs: 100
2024-03-30 11:46:25,039 - lr: 6e-06
2024-03-30 11:46:25,039 - lr_mode: max
2024-03-30 11:46:25,039 - patience: 6
2024-03-30 11:46:25,039 - factor: 0.5
2024-03-30 11:46:25,039 - pred_output_path: /home/sharing/disk2/sjh/Outputs/MIntRec/msz_MIntRec_multi-class_seed-2_2024-03-30-11-46-24
2024-03-30 11:46:25,039 - model_output_path: /home/sharing/disk2/sjh/Outputs/MIntRec/msz_MIntRec_multi-class_seed-2_2024-03-30-11-46-24/models
2024-03-30 11:46:25,039 - num_labels: 20
2024-03-30 11:46:25,039 - text_feat_dim: 768
2024-03-30 11:46:25,039 - video_feat_dim: 256
2024-03-30 11:46:25,039 - audio_feat_dim: 768
2024-03-30 11:46:25,039 - text_seq_len: 30
2024-03-30 11:46:25,039 - video_seq_len: 230
2024-03-30 11:46:25,040 - audio_seq_len: 480
2024-03-30 11:46:25,040 - device: cuda:3
2024-03-30 11:46:25,040 - ============================== End Params ==============================
2024-03-30 11:46:25,114 - Generate Text Features Begin...
2024-03-30 11:46:25,699 - Generate Text Features Finished...
2024-03-30 11:46:25,700 - Load Video Features Begin...
2024-03-30 11:46:38,100 - Load Video Features Finished...
2024-03-30 11:46:38,587 - Load Audio Features Begin...
2024-03-30 11:47:21,246 - Load Audio Features Finished...
2024-03-30 11:47:23,595 - method  begins...
2024-03-30 11:47:29,113 - Multimodal intent recognition begins...
2024-03-30 11:47:29,114 - Training begins...
2024-03-30 11:47:47,596 - ***** Epoch: 1: Eval results *****
2024-03-30 11:47:47,596 -   train_loss = 2.7224
2024-03-30 11:47:47,596 -   best_eval_score = 0.0
2024-03-30 11:47:47,596 -   eval_score = 0.1571
2024-03-30 11:48:06,211 - ***** Epoch: 2: Eval results *****
2024-03-30 11:48:06,211 -   train_loss = 1.9179
2024-03-30 11:48:06,211 -   best_eval_score = 0.1571
2024-03-30 11:48:06,211 -   eval_score = 0.4754
2024-03-30 11:48:24,111 - ***** Epoch: 3: Eval results *****
2024-03-30 11:48:24,111 -   train_loss = 1.1587
2024-03-30 11:48:24,111 -   best_eval_score = 0.4754
2024-03-30 11:48:24,111 -   eval_score = 0.554
2024-03-30 11:48:41,508 - ***** Epoch: 4: Eval results *****
2024-03-30 11:48:41,508 -   train_loss = 0.7041
2024-03-30 11:48:41,508 -   best_eval_score = 0.554
2024-03-30 11:48:41,508 -   eval_score = 0.6099
2024-03-30 11:48:59,340 - ***** Epoch: 5: Eval results *****
2024-03-30 11:48:59,340 -   train_loss = 0.4254
2024-03-30 11:48:59,340 -   best_eval_score = 0.6099
2024-03-30 11:48:59,341 -   eval_score = 0.6688
2024-03-30 11:49:17,267 - ***** Epoch: 6: Eval results *****
2024-03-30 11:49:17,267 -   train_loss = 0.2561
2024-03-30 11:49:17,267 -   best_eval_score = 0.6688
2024-03-30 11:49:17,267 -   eval_score = 0.6739
2024-03-30 11:49:34,901 - ***** Epoch: 7: Eval results *****
2024-03-30 11:49:34,901 -   train_loss = 0.1471
2024-03-30 11:49:34,901 -   best_eval_score = 0.6739
2024-03-30 11:49:34,901 -   eval_score = 0.663
2024-03-30 11:49:34,901 - EarlyStopping counter: 1 out of 8
2024-03-30 11:49:52,829 - ***** Epoch: 8: Eval results *****
2024-03-30 11:49:52,829 -   train_loss = 0.087
2024-03-30 11:49:52,829 -   best_eval_score = 0.6739
2024-03-30 11:49:52,829 -   eval_score = 0.6693
2024-03-30 11:49:52,829 - EarlyStopping counter: 2 out of 8
2024-03-30 11:50:10,865 - ***** Epoch: 9: Eval results *****
2024-03-30 11:50:10,866 -   train_loss = 0.0548
2024-03-30 11:50:10,866 -   best_eval_score = 0.6739
2024-03-30 11:50:10,866 -   eval_score = 0.671
2024-03-30 11:50:10,866 - EarlyStopping counter: 3 out of 8
2024-03-30 11:50:28,374 - ***** Epoch: 10: Eval results *****
2024-03-30 11:50:28,374 -   train_loss = 0.043
2024-03-30 11:50:28,374 -   best_eval_score = 0.6739
2024-03-30 11:50:28,374 -   eval_score = 0.6659
2024-03-30 11:50:28,374 - EarlyStopping counter: 4 out of 8
2024-03-30 11:50:45,982 - ***** Epoch: 11: Eval results *****
2024-03-30 11:50:45,982 -   train_loss = 0.0345
2024-03-30 11:50:45,982 -   best_eval_score = 0.6739
2024-03-30 11:50:45,982 -   eval_score = 0.6751
2024-03-30 11:51:03,240 - ***** Epoch: 12: Eval results *****
2024-03-30 11:51:03,240 -   train_loss = 0.0301
2024-03-30 11:51:03,240 -   best_eval_score = 0.6751
2024-03-30 11:51:03,240 -   eval_score = 0.6741
2024-03-30 11:51:03,240 - EarlyStopping counter: 1 out of 8
2024-03-30 11:51:20,721 - ***** Epoch: 13: Eval results *****
2024-03-30 11:51:20,721 -   train_loss = 0.0254
2024-03-30 11:51:20,721 -   best_eval_score = 0.6751
2024-03-30 11:51:20,721 -   eval_score = 0.6722
2024-03-30 11:51:20,722 - EarlyStopping counter: 2 out of 8
2024-03-30 11:51:39,574 - ***** Epoch: 14: Eval results *****
2024-03-30 11:51:39,583 -   train_loss = 0.0229
2024-03-30 11:51:39,583 -   best_eval_score = 0.6751
2024-03-30 11:51:39,583 -   eval_score = 0.6706
2024-03-30 11:51:39,583 - EarlyStopping counter: 3 out of 8
2024-03-30 11:51:57,347 - ***** Epoch: 15: Eval results *****
2024-03-30 11:51:57,347 -   train_loss = 0.0198
2024-03-30 11:51:57,347 -   best_eval_score = 0.6751
2024-03-30 11:51:57,347 -   eval_score = 0.672
2024-03-30 11:51:57,347 - EarlyStopping counter: 4 out of 8
2024-03-30 11:52:14,849 - ***** Epoch: 16: Eval results *****
2024-03-30 11:52:14,850 -   train_loss = 0.0166
2024-03-30 11:52:14,850 -   best_eval_score = 0.6751
2024-03-30 11:52:14,850 -   eval_score = 0.6688
2024-03-30 11:52:14,850 - EarlyStopping counter: 5 out of 8
2024-03-30 11:52:32,504 - ***** Epoch: 17: Eval results *****
2024-03-30 11:52:32,504 -   train_loss = 0.0156
2024-03-30 11:52:32,504 -   best_eval_score = 0.6751
2024-03-30 11:52:32,504 -   eval_score = 0.6728
2024-03-30 11:52:32,504 - EarlyStopping counter: 6 out of 8
2024-03-30 11:52:50,173 - ***** Epoch: 18: Eval results *****
2024-03-30 11:52:50,173 -   train_loss = 0.0145
2024-03-30 11:52:50,173 -   best_eval_score = 0.6751
2024-03-30 11:52:50,173 -   eval_score = 0.6659
2024-03-30 11:52:50,173 - EarlyStopping counter: 7 out of 8
2024-03-30 11:53:07,695 - ***** Epoch: 19: Eval results *****
2024-03-30 11:53:07,696 -   train_loss = 0.0136
2024-03-30 11:53:07,696 -   best_eval_score = 0.6751
2024-03-30 11:53:07,696 -   eval_score = 0.6665
2024-03-30 11:53:07,696 - EarlyStopping counter: 8 out of 8
2024-03-30 11:53:07,696 - EarlyStopping at epoch 19
2024-03-30 11:53:07,699 - Training is finished...
2024-03-30 11:53:07,699 - Testing begins...
2024-03-30 11:53:10,876 - ***** Test: Confusion Matrix *****
2024-03-30 11:53:10,877 - [[41  1  0  0  6  0  2  0  0  2  1  0  3  1  0  0  0  0  0  0]
 [ 1 33  0  1  0  2  2  0  0  0  1  0  2  0  1  0  0  0  0  0]
 [ 1  0 26  0  0  0  0  0  0  0  0  0  0  0  0  0  0  0  0  0]
 [ 0  1  0 24  0  0  0  0  0  0  0  0  0  0  0  0  0  0  0  0]
 [ 6  0  0  0 11  0  0  0  1  1  0  1  1  0  0  0  0  2  0  0]
 [ 0  0  0  0  0 11  0  0  0  0  0  0  1  0  0  0  0  0  0  0]
 [ 2  1  0  0  4  0  0  0  3  0  0  0  1  0  0  0  1  0  0  0]
 [ 3  0  0  0  0  1  0  6  0  0  0  0  0  0  0  0  0  0  0  0]
 [ 1  0  0  0  0  0  0  3  3  0  0  0  0  2  0  1  0  0  0  0]
 [ 1  0  0  0  1  0  0  0  0  3  0  0  0  0  0  3  1  1  0  0]
 [ 1  0  0  0  0  0  1  0  0  2 13  0  0  0  1  0  0  0  0  0]
 [ 0  0  0  0  0  0  1  0  0  0  0 17  0  0  0  0  0  0  0  1]
 [ 4  2  0  0  1  0  0  0  0  0  0  1 42  1  4  0  1  0  0  1]
 [ 1  0  0  0  0  0  1  0  0  0  1  1  1 18  2  0  0  0  0  0]
 [ 0  0  0  0  1  0  0  0  0  0  0  0  2  2 14  0  1  0  0  2]
 [ 0  0  0  0  0  0  0  1  0  0  0  0  4  0  0 15  0  0  0  1]
 [ 0  0  0  0  0  0  0  0  0  0  0  0  2  0  2  0 13  0  0  0]
 [ 0  0  0  0  0  0  0  0  0  1  1  0  2  0  0  0  0 11  0  0]
 [ 0  0  0  0  0  0  0  0  0  0  0  0  2  0  0  1  0  0  9  0]
 [ 0  0  0  0  0  0  0  0  0  0  0  0  1  1  1  0  1  0  0  6]]
2024-03-30 11:53:10,877 - ***** Evaluation results *****
2024-03-30 11:53:10,877 -   acc = 0.7101
2024-03-30 11:53:10,877 -   f1 = 0.6657
2024-03-30 11:53:10,877 -   prec = 0.6725
2024-03-30 11:53:10,877 -   rec = 0.6639
2024-03-30 11:53:10,877 - Testing is finished...
2024-03-30 11:53:10,877 - Multimodal intent recognition is finished...
2024-03-30 11:53:10,878 - Results are saved in results/msz.csv
