2024-01-22 07:15:10,316 - ============================== Params ==============================
2024-01-22 07:15:10,316 - logger_name: msz_MIntRec_multi-class_seed-1_2024-01-22-07-15-10
2024-01-22 07:15:10,316 - dataset: MIntRec
2024-01-22 07:15:10,316 - data_mode: multi-class
2024-01-22 07:15:10,316 - method: msz
2024-01-22 07:15:10,316 - text_backbone: bert-base-uncased
2024-01-22 07:15:10,316 - text_backbone_path: /home/sharing/disk1/pretrained_embedding/bert/uncased_L-12_H-768_A-12/
2024-01-22 07:15:10,316 - seed: 1
2024-01-22 07:15:10,316 - num_workers: 8
2024-01-22 07:15:10,316 - gpu_id: 3
2024-01-22 07:15:10,316 - data_path: /home/sharing/disk2/sjh/intentDataset
2024-01-22 07:15:10,316 - train: True
2024-01-22 07:15:10,316 - tune: False
2024-01-22 07:15:10,316 - save_model: False
2024-01-22 07:15:10,316 - save_results: True
2024-01-22 07:15:10,316 - log_path: logs
2024-01-22 07:15:10,316 - cache_path: 
2024-01-22 07:15:10,316 - video_data_path: video_data
2024-01-22 07:15:10,316 - audio_data_path: audio_data
2024-01-22 07:15:10,316 - video_feats_path: video_feats.pkl
2024-01-22 07:15:10,316 - audio_feats_path: audio_feats.pkl
2024-01-22 07:15:10,316 - results_path: results
2024-01-22 07:15:10,317 - output_path: /home/sharing/disk2/sjh/Outputs/MIntRec
2024-01-22 07:15:10,317 - model_path: models
2024-01-22 07:15:10,317 - config_file_name: msz
2024-01-22 07:15:10,317 - results_file_name: msz.csv
2024-01-22 07:15:10,317 - padding_mode: zero
2024-01-22 07:15:10,317 - padding_loc: end
2024-01-22 07:15:10,317 - need_aligned: False
2024-01-22 07:15:10,317 - eval_monitor: f1
2024-01-22 07:15:10,317 - train_batch_size: 16
2024-01-22 07:15:10,317 - eval_batch_size: 8
2024-01-22 07:15:10,317 - test_batch_size: 8
2024-01-22 07:15:10,317 - wait_patience: 8
2024-01-22 07:15:10,317 - hidden_size: 768
2024-01-22 07:15:10,317 - num_attention_heads: 12
2024-01-22 07:15:10,317 - attention_probs_dropout_prob: 0.2
2024-01-22 07:15:10,317 - hidden_dropout_prob: 0.2
2024-01-22 07:15:10,317 - intermediate_size: 768
2024-01-22 07:15:10,317 - num_hidden_layers: 8
2024-01-22 07:15:10,317 - max_position_embeddings: 768
2024-01-22 07:15:10,317 - position_embedding_type: absolute
2024-01-22 07:15:10,317 - batch_first: True
2024-01-22 07:15:10,317 - hidden_dims: 768
2024-01-22 07:15:10,317 - dropout: 0.1
2024-01-22 07:15:10,317 - aligned_method: conv1d
2024-01-22 07:15:10,317 - num_train_epochs: 100
2024-01-22 07:15:10,317 - lr: 8e-06
2024-01-22 07:15:10,317 - pred_output_path: /home/sharing/disk2/sjh/Outputs/MIntRec/msz_MIntRec_multi-class_seed-1_2024-01-22-07-15-10
2024-01-22 07:15:10,317 - model_output_path: /home/sharing/disk2/sjh/Outputs/MIntRec/msz_MIntRec_multi-class_seed-1_2024-01-22-07-15-10/models
2024-01-22 07:15:10,317 - ============================== End Params ==============================
2024-01-22 07:15:10,389 - Generate Text Features Begin...
2024-01-22 07:15:10,869 - Generate Text Features Finished...
2024-01-22 07:15:10,870 - Load Video Features Begin...
2024-01-22 07:15:11,711 - Load Video Features Finished...
2024-01-22 07:15:12,447 - Load Audio Features Begin...
2024-01-22 07:15:17,688 - Load Audio Features Finished...
2024-01-22 07:15:25,113 - method  begins...
2024-01-22 07:15:31,846 - Multimodal intent recognition begins...
2024-01-22 07:15:31,847 - Training begins...
