2024-03-30 18:58:05,867 - ============================== Params ==============================
2024-03-30 18:58:05,867 - logger_name: msz_MIntRec_multi-class_seed-2_2024-03-30-18-58-05
2024-03-30 18:58:05,868 - dataset: MIntRec
2024-03-30 18:58:05,868 - data_mode: multi-class
2024-03-30 18:58:05,868 - method: msz
2024-03-30 18:58:05,868 - text_backbone: bert-base-uncased
2024-03-30 18:58:05,868 - text_backbone_path: /home/sharing/disk1/pretrained_embedding/bert/uncased_L-12_H-768_A-12/
2024-03-30 18:58:05,868 - seed: 2
2024-03-30 18:58:05,868 - num_workers: 8
2024-03-30 18:58:05,868 - gpu_id: 3
2024-03-30 18:58:05,868 - data_path: /home/sharing/disk2/sjh/intentDataset
2024-03-30 18:58:05,868 - train: True
2024-03-30 18:58:05,868 - tune: True
2024-03-30 18:58:05,868 - save_model: False
2024-03-30 18:58:05,868 - save_results: True
2024-03-30 18:58:05,868 - log_path: logs
2024-03-30 18:58:05,868 - cache_path: 
2024-03-30 18:58:05,868 - video_data_path: video_data
2024-03-30 18:58:05,868 - audio_data_path: audio_data
2024-03-30 18:58:05,868 - video_feats_path: video_feats.pkl
2024-03-30 18:58:05,868 - audio_feats_path: audio_feats.pkl
2024-03-30 18:58:05,868 - results_path: results
2024-03-30 18:58:05,868 - output_path: /home/sharing/disk2/sjh/Outputs/MIntRec
2024-03-30 18:58:05,868 - model_path: models
2024-03-30 18:58:05,868 - config_file_name: msz_MIntRec
2024-03-30 18:58:05,868 - results_file_name: msz.csv
2024-03-30 18:58:05,868 - padding_mode: zero
2024-03-30 18:58:05,868 - padding_loc: end
2024-03-30 18:58:05,868 - need_aligned: False
2024-03-30 18:58:05,868 - eval_monitor: f1
2024-03-30 18:58:05,868 - train_batch_size: 16
2024-03-30 18:58:05,869 - eval_batch_size: 8
2024-03-30 18:58:05,869 - test_batch_size: 8
2024-03-30 18:58:05,869 - wait_patience: 8
2024-03-30 18:58:05,869 - hidden_dims: 768
2024-03-30 18:58:05,869 - num_attention_heads: 8
2024-03-30 18:58:05,869 - attention_probs_dropout_prob: 0.2
2024-03-30 18:58:05,869 - hidden_dropout_prob: 0.2
2024-03-30 18:58:05,869 - intermediate_size: 768
2024-03-30 18:58:05,869 - num_hidden_layers: 8
2024-03-30 18:58:05,869 - max_position_embeddings: 768
2024-03-30 18:58:05,869 - position_embedding_type: absolute
2024-03-30 18:58:05,869 - batch_first: True
2024-03-30 18:58:05,869 - dropout: 0.3
2024-03-30 18:58:05,869 - aligned_method: conv1d
2024-03-30 18:58:05,869 - num_train_epochs: 100
2024-03-30 18:58:05,869 - lr: 8e-06
2024-03-30 18:58:05,869 - lr_mode: max
2024-03-30 18:58:05,869 - patience: 5
2024-03-30 18:58:05,869 - factor: 0.6
2024-03-30 18:58:05,869 - pred_output_path: /home/sharing/disk2/sjh/Outputs/MIntRec/msz_MIntRec_multi-class_seed-2_2024-03-30-18-58-05
2024-03-30 18:58:05,869 - model_output_path: /home/sharing/disk2/sjh/Outputs/MIntRec/msz_MIntRec_multi-class_seed-2_2024-03-30-18-58-05/models
2024-03-30 18:58:05,869 - num_labels: 20
2024-03-30 18:58:05,869 - text_feat_dim: 768
2024-03-30 18:58:05,869 - video_feat_dim: 256
2024-03-30 18:58:05,869 - audio_feat_dim: 768
2024-03-30 18:58:05,869 - text_seq_len: 30
2024-03-30 18:58:05,869 - video_seq_len: 230
2024-03-30 18:58:05,869 - audio_seq_len: 480
2024-03-30 18:58:05,869 - device: cuda:3
2024-03-30 18:58:05,869 - ============================== End Params ==============================
2024-03-30 18:58:05,904 - Generate Text Features Begin...
2024-03-30 18:58:06,371 - Generate Text Features Finished...
2024-03-30 18:58:06,371 - Load Video Features Begin...
2024-03-30 18:58:07,204 - Load Video Features Finished...
2024-03-30 18:58:07,626 - Load Audio Features Begin...
2024-03-30 18:58:12,822 - Load Audio Features Finished...
2024-03-30 18:58:15,240 - method  begins...
2024-03-30 18:58:19,099 - Multimodal intent recognition begins...
2024-03-30 18:58:19,099 - Training begins...
2024-03-30 18:58:40,896 - ***** Epoch: 1: Eval results *****
2024-03-30 18:58:40,896 -   train_loss = 2.5882
2024-03-30 18:58:40,896 -   best_eval_score = 0.0
2024-03-30 18:58:40,896 -   eval_score = 0.2128
2024-03-30 18:59:01,770 - ***** Epoch: 2: Eval results *****
2024-03-30 18:59:01,770 -   train_loss = 1.5816
2024-03-30 18:59:01,770 -   best_eval_score = 0.2128
2024-03-30 18:59:01,770 -   eval_score = 0.5342
2024-03-30 18:59:23,657 - ***** Epoch: 3: Eval results *****
2024-03-30 18:59:23,657 -   train_loss = 0.8812
2024-03-30 18:59:23,657 -   best_eval_score = 0.5342
2024-03-30 18:59:23,657 -   eval_score = 0.6254
2024-03-30 18:59:44,490 - ***** Epoch: 4: Eval results *****
2024-03-30 18:59:44,490 -   train_loss = 0.4696
2024-03-30 18:59:44,490 -   best_eval_score = 0.6254
2024-03-30 18:59:44,490 -   eval_score = 0.6323
2024-03-30 19:00:06,095 - ***** Epoch: 5: Eval results *****
2024-03-30 19:00:06,096 -   train_loss = 0.2525
2024-03-30 19:00:06,096 -   best_eval_score = 0.6323
2024-03-30 19:00:06,096 -   eval_score = 0.6917
2024-03-30 19:00:27,536 - ***** Epoch: 6: Eval results *****
2024-03-30 19:00:27,537 -   train_loss = 0.1247
2024-03-30 19:00:27,537 -   best_eval_score = 0.6917
2024-03-30 19:00:27,537 -   eval_score = 0.6916
2024-03-30 19:00:27,537 - EarlyStopping counter: 1 out of 8
2024-03-30 19:00:49,257 - ***** Epoch: 7: Eval results *****
2024-03-30 19:00:49,258 -   train_loss = 0.0719
2024-03-30 19:00:49,258 -   best_eval_score = 0.6917
2024-03-30 19:00:49,258 -   eval_score = 0.7
2024-03-30 19:01:09,907 - ***** Epoch: 8: Eval results *****
2024-03-30 19:01:09,907 -   train_loss = 0.0468
2024-03-30 19:01:09,907 -   best_eval_score = 0.7
2024-03-30 19:01:09,907 -   eval_score = 0.7121
2024-03-30 19:01:31,090 - ***** Epoch: 9: Eval results *****
2024-03-30 19:01:31,090 -   train_loss = 0.0332
2024-03-30 19:01:31,090 -   best_eval_score = 0.7121
2024-03-30 19:01:31,090 -   eval_score = 0.7165
2024-03-30 19:01:52,142 - ***** Epoch: 10: Eval results *****
2024-03-30 19:01:52,142 -   train_loss = 0.023
2024-03-30 19:01:52,142 -   best_eval_score = 0.7165
2024-03-30 19:01:52,142 -   eval_score = 0.7
2024-03-30 19:01:52,143 - EarlyStopping counter: 1 out of 8
2024-03-30 19:02:13,403 - ***** Epoch: 11: Eval results *****
2024-03-30 19:02:13,404 -   train_loss = 0.0181
2024-03-30 19:02:13,404 -   best_eval_score = 0.7165
2024-03-30 19:02:13,404 -   eval_score = 0.7004
2024-03-30 19:02:13,404 - EarlyStopping counter: 2 out of 8
2024-03-30 19:02:33,857 - ***** Epoch: 12: Eval results *****
2024-03-30 19:02:33,857 -   train_loss = 0.0156
2024-03-30 19:02:33,857 -   best_eval_score = 0.7165
2024-03-30 19:02:33,857 -   eval_score = 0.7095
2024-03-30 19:02:33,857 - EarlyStopping counter: 3 out of 8
2024-03-30 19:02:55,169 - ***** Epoch: 13: Eval results *****
2024-03-30 19:02:55,169 -   train_loss = 0.0124
2024-03-30 19:02:55,169 -   best_eval_score = 0.7165
2024-03-30 19:02:55,169 -   eval_score = 0.6943
2024-03-30 19:02:55,169 - EarlyStopping counter: 4 out of 8
2024-03-30 19:03:15,937 - ***** Epoch: 14: Eval results *****
2024-03-30 19:03:15,937 -   train_loss = 0.0119
2024-03-30 19:03:15,937 -   best_eval_score = 0.7165
2024-03-30 19:03:15,937 -   eval_score = 0.6941
2024-03-30 19:03:15,937 - EarlyStopping counter: 5 out of 8
2024-03-30 19:03:37,487 - ***** Epoch: 15: Eval results *****
2024-03-30 19:03:37,496 -   train_loss = 0.0094
2024-03-30 19:03:37,496 -   best_eval_score = 0.7165
2024-03-30 19:03:37,496 -   eval_score = 0.7139
2024-03-30 19:03:37,496 - EarlyStopping counter: 6 out of 8
2024-03-30 19:03:58,199 - ***** Epoch: 16: Eval results *****
2024-03-30 19:03:58,199 -   train_loss = 0.0085
2024-03-30 19:03:58,199 -   best_eval_score = 0.7165
2024-03-30 19:03:58,199 -   eval_score = 0.7071
2024-03-30 19:03:58,199 - EarlyStopping counter: 7 out of 8
2024-03-30 19:04:19,348 - ***** Epoch: 17: Eval results *****
2024-03-30 19:04:19,348 -   train_loss = 0.0075
2024-03-30 19:04:19,348 -   best_eval_score = 0.7165
2024-03-30 19:04:19,348 -   eval_score = 0.7048
2024-03-30 19:04:19,348 - EarlyStopping counter: 8 out of 8
2024-03-30 19:04:19,348 - EarlyStopping at epoch 17
2024-03-30 19:04:19,352 - Training is finished...
2024-03-30 19:04:19,352 - Testing begins...
2024-03-30 19:04:22,950 - ***** Test: Confusion Matrix *****
2024-03-30 19:04:22,951 - [[39  3  0  0  7  0  0  1  0  2  1  0  3  1  0  0  0  0  0  0]
 [ 0 35  0  1  0  3  0  0  0  0  1  0  2  1  0  0  0  0  0  0]
 [ 1  0 26  0  0  0  0  0  0  0  0  0  0  0  0  0  0  0  0  0]
 [ 0  0  0 25  0  0  0  0  0  0  0  0  0  0  0  0  0  0  0  0]
 [ 5  0  0  0 11  0  2  0  0  0  0  1  2  1  0  0  0  1  0  0]
 [ 0  0  0  0  0 12  0  0  0  0  0  0  0  0  0  0  0  0  0  0]
 [ 1  1  0  0  3  0  2  0  3  0  0  0  1  0  0  0  1  0  0  0]
 [ 3  1  0  0  0  1  0  5  0  0  0  0  0  0  0  0  0  0  0  0]
 [ 1  0  0  0  0  0  1  2  4  0  0  0  0  1  0  1  0  0  0  0]
 [ 1  0  0  0  1  0  0  0  0  3  0  0  0  0  0  3  0  1  0  1]
 [ 1  0  0  0  0  0  1  0  0  2 13  0  0  0  1  0  0  0  0  0]
 [ 0  0  0  0  1  0  1  0  0  0  0 15  0  0  0  0  0  0  1  1]
 [ 2  2  0  1  1  0  0  0  0  1  0  1 40  3  2  2  1  0  0  1]
 [ 0  1  0  0  0  0  2  0  0  0  1  1  0 19  1  0  0  0  0  0]
 [ 0  0  0  0  1  0  0  0  0  0  0  0  0  2 16  0  1  0  0  2]
 [ 0  0  0  0  0  0  0  1  0  0  0  0  4  0  0 15  0  0  0  1]
 [ 0  0  0  0  0  0  0  0  0  0  0  0  3  0  1  0 13  0  0  0]
 [ 0  0  0  0  0  0  0  0  0  1  1  0  1  0  0  0  0 12  0  0]
 [ 0  0  0  0  0  0  0  0  0  0  0  0  2  0  0  1  0  0  9  0]
 [ 0  0  0  0  0  0  0  0  0  0  0  0  1  1  1  0  0  0  0  7]]
2024-03-30 19:04:22,951 - ***** Evaluation results *****
2024-03-30 19:04:22,951 -   acc = 0.7213
2024-03-30 19:04:22,951 -   f1 = 0.6846
2024-03-30 19:04:22,951 -   prec = 0.6892
2024-03-30 19:04:22,951 -   rec = 0.6868
2024-03-30 19:04:22,951 - Testing is finished...
2024-03-30 19:04:22,951 - Multimodal intent recognition is finished...
2024-03-30 19:04:22,952 - Results are saved in results/msz.csv
