2024-03-09 23:27:28,298 - ============================== Params ==============================
2024-03-09 23:27:28,298 - logger_name: msz_MIntRec_multi-class_seed-1_2024-03-09-23-27-28
2024-03-09 23:27:28,298 - dataset: MIntRec
2024-03-09 23:27:28,298 - data_mode: multi-class
2024-03-09 23:27:28,298 - method: msz
2024-03-09 23:27:28,298 - text_backbone: bert-base-uncased
2024-03-09 23:27:28,299 - text_backbone_path: /home/sharing/disk1/pretrained_embedding/bert/uncased_L-12_H-768_A-12/
2024-03-09 23:27:28,299 - seed: 1
2024-03-09 23:27:28,299 - num_workers: 8
2024-03-09 23:27:28,299 - gpu_id: 2
2024-03-09 23:27:28,299 - data_path: /home/sharing/disk2/sjh/intentDataset
2024-03-09 23:27:28,299 - train: True
2024-03-09 23:27:28,299 - tune: True
2024-03-09 23:27:28,299 - save_model: False
2024-03-09 23:27:28,299 - save_results: True
2024-03-09 23:27:28,299 - log_path: logs
2024-03-09 23:27:28,299 - cache_path: 
2024-03-09 23:27:28,299 - video_data_path: video_data
2024-03-09 23:27:28,299 - audio_data_path: audio_data
2024-03-09 23:27:28,299 - video_feats_path: video_feats.pkl
2024-03-09 23:27:28,299 - audio_feats_path: audio_feats.pkl
2024-03-09 23:27:28,299 - results_path: results
2024-03-09 23:27:28,299 - output_path: /home/sharing/disk2/sjh/Outputs/MIntRec
2024-03-09 23:27:28,299 - model_path: models
2024-03-09 23:27:28,299 - config_file_name: msz_MIntRec
2024-03-09 23:27:28,299 - results_file_name: msz.csv
2024-03-09 23:27:28,299 - padding_mode: zero
2024-03-09 23:27:28,299 - padding_loc: end
2024-03-09 23:27:28,299 - need_aligned: False
2024-03-09 23:27:28,299 - eval_monitor: f1
2024-03-09 23:27:28,299 - train_batch_size: 16
2024-03-09 23:27:28,299 - eval_batch_size: 8
2024-03-09 23:27:28,299 - test_batch_size: 8
2024-03-09 23:27:28,299 - wait_patience: 8
2024-03-09 23:27:28,299 - hidden_dims: 768
2024-03-09 23:27:28,299 - intermediate_size: 768
2024-03-09 23:27:28,299 - position_embedding_type: absolute
2024-03-09 23:27:28,299 - batch_first: True
2024-03-09 23:27:28,299 - d_num_attention_heads: 8
2024-03-09 23:27:28,299 - d_attention_probs_dropout_prob: 0.2
2024-03-09 23:27:28,299 - d_hidden_dropout_prob: 0.2
2024-03-09 23:27:28,299 - d_num_hidden_layers: 10
2024-03-09 23:27:28,299 - d_max_position_embeddings: 768
2024-03-09 23:27:28,299 - m_num_attention_heads: 12
2024-03-09 23:27:28,299 - m_attention_probs_dropout_prob: 0.2
2024-03-09 23:27:28,300 - m_hidden_dropout_prob: 0.3
2024-03-09 23:27:28,300 - m_num_hidden_layers: 8
2024-03-09 23:27:28,300 - m_max_position_embeddings: 768
2024-03-09 23:27:28,300 - dropout: 0.2
2024-03-09 23:27:28,300 - aligned_method: conv1d
2024-03-09 23:27:28,300 - num_train_epochs: 100
2024-03-09 23:27:28,300 - lr: 5e-06
2024-03-09 23:27:28,300 - lr_mode: min
2024-03-09 23:27:28,300 - pred_output_path: /home/sharing/disk2/sjh/Outputs/MIntRec/msz_MIntRec_multi-class_seed-1_2024-03-09-23-27-28
2024-03-09 23:27:28,300 - model_output_path: /home/sharing/disk2/sjh/Outputs/MIntRec/msz_MIntRec_multi-class_seed-1_2024-03-09-23-27-28/models
2024-03-09 23:27:28,300 - num_labels: 20
2024-03-09 23:27:28,300 - text_feat_dim: 768
2024-03-09 23:27:28,300 - video_feat_dim: 256
2024-03-09 23:27:28,300 - audio_feat_dim: 768
2024-03-09 23:27:28,300 - text_seq_len: 30
2024-03-09 23:27:28,300 - video_seq_len: 230
2024-03-09 23:27:28,300 - audio_seq_len: 480
2024-03-09 23:27:28,300 - device: cuda:2
2024-03-09 23:27:28,300 - ============================== End Params ==============================
2024-03-09 23:27:28,303 - Generate Text Features Begin...
2024-03-09 23:27:28,798 - Generate Text Features Finished...
2024-03-09 23:27:28,799 - Load Video Features Begin...
2024-03-09 23:27:29,097 - Load Video Features Finished...
2024-03-09 23:27:29,565 - Load Audio Features Begin...
2024-03-09 23:27:30,308 - Load Audio Features Finished...
2024-03-09 23:27:32,462 - method  begins...
2024-03-09 23:27:34,284 - Multimodal intent recognition begins...
2024-03-09 23:27:34,284 - Training begins...
2024-03-09 23:27:57,095 - ***** Epoch: 1: Eval results *****
2024-03-09 23:27:57,095 -   train_loss = 2.7188
2024-03-09 23:27:57,096 -   best_eval_score = 0.0
2024-03-09 23:27:57,096 -   eval_score = 0.2233
2024-03-09 23:28:20,760 - ***** Epoch: 2: Eval results *****
2024-03-09 23:28:20,760 -   train_loss = 1.9363
2024-03-09 23:28:20,760 -   best_eval_score = 0.2233
2024-03-09 23:28:20,760 -   eval_score = 0.4528
2024-03-09 23:28:43,084 - ***** Epoch: 3: Eval results *****
2024-03-09 23:28:43,084 -   train_loss = 1.2394
2024-03-09 23:28:43,084 -   best_eval_score = 0.4528
2024-03-09 23:28:43,084 -   eval_score = 0.5614
2024-03-09 23:29:05,520 - ***** Epoch: 4: Eval results *****
2024-03-09 23:29:05,520 -   train_loss = 0.7893
2024-03-09 23:29:05,520 -   best_eval_score = 0.5614
2024-03-09 23:29:05,520 -   eval_score = 0.5987
2024-03-09 23:29:27,782 - ***** Epoch: 5: Eval results *****
2024-03-09 23:29:27,782 -   train_loss = 0.4977
2024-03-09 23:29:27,782 -   best_eval_score = 0.5987
2024-03-09 23:29:27,783 -   eval_score = 0.6534
2024-03-09 23:29:50,788 - ***** Epoch: 6: Eval results *****
2024-03-09 23:29:50,788 -   train_loss = 0.3167
2024-03-09 23:29:50,788 -   best_eval_score = 0.6534
2024-03-09 23:29:50,788 -   eval_score = 0.6671
2024-03-09 23:30:12,148 - ***** Epoch: 7: Eval results *****
2024-03-09 23:30:12,148 -   train_loss = 0.1907
2024-03-09 23:30:12,148 -   best_eval_score = 0.6671
2024-03-09 23:30:12,148 -   eval_score = 0.6601
2024-03-09 23:30:12,148 - EarlyStopping counter: 1 out of 8
2024-03-09 23:30:35,014 - ***** Epoch: 8: Eval results *****
2024-03-09 23:30:35,014 -   train_loss = 0.122
2024-03-09 23:30:35,014 -   best_eval_score = 0.6671
2024-03-09 23:30:35,014 -   eval_score = 0.6848
2024-03-09 23:30:56,877 - ***** Epoch: 9: Eval results *****
2024-03-09 23:30:56,878 -   train_loss = 0.0738
2024-03-09 23:30:56,878 -   best_eval_score = 0.6848
2024-03-09 23:30:56,878 -   eval_score = 0.6965
2024-03-09 23:31:19,058 - ***** Epoch: 10: Eval results *****
2024-03-09 23:31:19,058 -   train_loss = 0.0531
2024-03-09 23:31:19,058 -   best_eval_score = 0.6965
2024-03-09 23:31:19,058 -   eval_score = 0.6924
2024-03-09 23:31:19,058 - EarlyStopping counter: 1 out of 8
2024-03-09 23:31:41,445 - ***** Epoch: 11: Eval results *****
2024-03-09 23:31:41,446 -   train_loss = 0.0387
2024-03-09 23:31:41,446 -   best_eval_score = 0.6965
2024-03-09 23:31:41,446 -   eval_score = 0.6906
2024-03-09 23:31:41,446 - EarlyStopping counter: 2 out of 8
2024-03-09 23:32:03,090 - ***** Epoch: 12: Eval results *****
2024-03-09 23:32:03,091 -   train_loss = 0.0346
2024-03-09 23:32:03,091 -   best_eval_score = 0.6965
2024-03-09 23:32:03,091 -   eval_score = 0.6869
2024-03-09 23:32:03,091 - EarlyStopping counter: 3 out of 8
2024-03-09 23:32:25,222 - ***** Epoch: 13: Eval results *****
2024-03-09 23:32:25,222 -   train_loss = 0.0349
2024-03-09 23:32:25,222 -   best_eval_score = 0.6965
2024-03-09 23:32:25,223 -   eval_score = 0.6908
2024-03-09 23:32:25,223 - EarlyStopping counter: 4 out of 8
2024-03-09 23:32:48,013 - ***** Epoch: 14: Eval results *****
2024-03-09 23:32:48,013 -   train_loss = 0.0337
2024-03-09 23:32:48,013 -   best_eval_score = 0.6965
2024-03-09 23:32:48,013 -   eval_score = 0.6865
2024-03-09 23:32:48,013 - EarlyStopping counter: 5 out of 8
2024-03-09 23:33:09,866 - ***** Epoch: 15: Eval results *****
2024-03-09 23:33:09,866 -   train_loss = 0.0327
2024-03-09 23:33:09,866 -   best_eval_score = 0.6965
2024-03-09 23:33:09,866 -   eval_score = 0.6894
2024-03-09 23:33:09,867 - EarlyStopping counter: 6 out of 8
2024-03-09 23:33:32,038 - ***** Epoch: 16: Eval results *****
2024-03-09 23:33:32,039 -   train_loss = 0.0303
2024-03-09 23:33:32,039 -   best_eval_score = 0.6965
2024-03-09 23:33:32,039 -   eval_score = 0.6863
2024-03-09 23:33:32,039 - EarlyStopping counter: 7 out of 8
2024-03-09 23:33:53,615 - ***** Epoch: 17: Eval results *****
2024-03-09 23:33:53,615 -   train_loss = 0.029
2024-03-09 23:33:53,615 -   best_eval_score = 0.6965
2024-03-09 23:33:53,615 -   eval_score = 0.691
2024-03-09 23:33:53,615 - EarlyStopping counter: 8 out of 8
2024-03-09 23:33:53,615 - EarlyStopping at epoch 17
2024-03-09 23:33:53,618 - Training is finished...
2024-03-09 23:33:53,619 - Testing begins...
2024-03-09 23:33:57,402 - ***** Test: Confusion Matrix *****
2024-03-09 23:33:57,403 - [[38  3  0  0  8  0  0  1  1  1  1  0  3  1  0  0  0  0  0  0]
 [ 0 34  0  1  0  3  1  0  0  0  1  0  2  0  1  0  0  0  0  0]
 [ 1  0 26  0  0  0  0  0  0  0  0  0  0  0  0  0  0  0  0  0]
 [ 0  1  0 24  0  0  0  0  0  0  0  0  0  0  0  0  0  0  0  0]
 [ 5  0  0  0 10  0  2  0  1  0  0  1  1  1  0  0  0  2  0  0]
 [ 0  0  0  0  0 11  0  0  0  0  0  0  1  0  0  0  0  0  0  0]
 [ 1  1  0  0  3  0  2  0  3  0  0  0  1  0  0  0  1  0  0  0]
 [ 3  0  0  0  0  0  0  4  1  2  0  0  0  0  0  0  0  0  0  0]
 [ 1  0  0  0  0  0  0  2  6  0  0  0  0  1  0  0  0  0  0  0]
 [ 1  0  0  0  0  0  1  0  0  4  1  0  0  0  0  2  0  1  0  0]
 [ 1  0  0  0  0  0  1  0  0  3 12  0  0  0  1  0  0  0  0  0]
 [ 0  0  0  0  0  0  1  0  0  0  0 16  0  0  0  0  0  0  1  1]
 [ 3  2  0  0  1  0  0  1  1  1  0  1 36  1  5  2  1  0  1  1]
 [ 0  0  0  0  0  0  2  0  0  0  1  1  0 18  2  1  0  0  0  0]
 [ 0  0  0  0  1  0  0  0  0  0  0  0  0  3 14  0  1  0  0  3]
 [ 0  0  0  0  0  0  0  1  0  0  0  0  2  0  0 17  0  0  0  1]
 [ 0  0  0  0  0  0  0  0  0  0  0  0  2  0  2  0 12  0  0  1]
 [ 0  0  0  0  0  0  0  0  0  1  1  0  1  0  1  0  0 11  0  0]
 [ 0  0  0  0  0  0  0  0  0  0  0  0  2  0  0  1  0  0  9  0]
 [ 1  0  0  0  0  0  0  0  0  0  0  0  0  0  1  0  0  0  0  8]]
2024-03-09 23:33:57,403 - ***** Evaluation results *****
2024-03-09 23:33:57,403 -   acc = 0.7011
2024-03-09 23:33:57,404 -   f1 = 0.6694
2024-03-09 23:33:57,404 -   prec = 0.6654
2024-03-09 23:33:57,404 -   rec = 0.6797
2024-03-09 23:33:57,404 - Testing is finished...
2024-03-09 23:33:57,404 - Multimodal intent recognition is finished...
2024-03-09 23:33:57,404 - Results are saved in results/msz.csv
