2024-03-30 11:09:59,826 - ============================== Params ==============================
2024-03-30 11:09:59,826 - logger_name: msz_MIntRec_multi-class_seed-2_2024-03-30-11-09-59
2024-03-30 11:09:59,826 - dataset: MIntRec
2024-03-30 11:09:59,826 - data_mode: multi-class
2024-03-30 11:09:59,826 - method: msz
2024-03-30 11:09:59,827 - text_backbone: bert-base-uncased
2024-03-30 11:09:59,827 - text_backbone_path: /home/sharing/disk1/pretrained_embedding/bert/uncased_L-12_H-768_A-12/
2024-03-30 11:09:59,827 - seed: 2
2024-03-30 11:09:59,827 - num_workers: 8
2024-03-30 11:09:59,827 - gpu_id: 3
2024-03-30 11:09:59,827 - data_path: /home/sharing/disk2/sjh/intentDataset
2024-03-30 11:09:59,827 - train: True
2024-03-30 11:09:59,827 - tune: True
2024-03-30 11:09:59,827 - save_model: False
2024-03-30 11:09:59,827 - save_results: True
2024-03-30 11:09:59,827 - log_path: logs
2024-03-30 11:09:59,827 - cache_path: 
2024-03-30 11:09:59,827 - video_data_path: video_data
2024-03-30 11:09:59,827 - audio_data_path: audio_data
2024-03-30 11:09:59,827 - video_feats_path: video_feats.pkl
2024-03-30 11:09:59,827 - audio_feats_path: audio_feats.pkl
2024-03-30 11:09:59,827 - results_path: results
2024-03-30 11:09:59,827 - output_path: /home/sharing/disk2/sjh/Outputs/MIntRec
2024-03-30 11:09:59,827 - model_path: models
2024-03-30 11:09:59,827 - config_file_name: msz_MIntRec
2024-03-30 11:09:59,827 - results_file_name: msz.csv
2024-03-30 11:09:59,827 - padding_mode: zero
2024-03-30 11:09:59,827 - padding_loc: end
2024-03-30 11:09:59,827 - need_aligned: False
2024-03-30 11:09:59,827 - eval_monitor: f1
2024-03-30 11:09:59,827 - train_batch_size: 16
2024-03-30 11:09:59,827 - eval_batch_size: 8
2024-03-30 11:09:59,828 - test_batch_size: 8
2024-03-30 11:09:59,828 - wait_patience: 8
2024-03-30 11:09:59,828 - hidden_dims: 768
2024-03-30 11:09:59,828 - num_attention_heads: 8
2024-03-30 11:09:59,828 - attention_probs_dropout_prob: 0.2
2024-03-30 11:09:59,828 - hidden_dropout_prob: 0.4
2024-03-30 11:09:59,828 - intermediate_size: 768
2024-03-30 11:09:59,828 - num_hidden_layers: 6
2024-03-30 11:09:59,828 - max_position_embeddings: 768
2024-03-30 11:09:59,828 - position_embedding_type: absolute
2024-03-30 11:09:59,828 - batch_first: True
2024-03-30 11:09:59,828 - dropout: 0.1
2024-03-30 11:09:59,828 - aligned_method: conv1d
2024-03-30 11:09:59,828 - num_train_epochs: 100
2024-03-30 11:09:59,828 - lr: 6e-06
2024-03-30 11:09:59,828 - lr_mode: max
2024-03-30 11:09:59,828 - patience: 5
2024-03-30 11:09:59,828 - factor: 0.4
2024-03-30 11:09:59,828 - pred_output_path: /home/sharing/disk2/sjh/Outputs/MIntRec/msz_MIntRec_multi-class_seed-2_2024-03-30-11-09-59
2024-03-30 11:09:59,828 - model_output_path: /home/sharing/disk2/sjh/Outputs/MIntRec/msz_MIntRec_multi-class_seed-2_2024-03-30-11-09-59/models
2024-03-30 11:09:59,828 - num_labels: 20
2024-03-30 11:09:59,828 - text_feat_dim: 768
2024-03-30 11:09:59,828 - video_feat_dim: 256
2024-03-30 11:09:59,828 - audio_feat_dim: 768
2024-03-30 11:09:59,828 - text_seq_len: 30
2024-03-30 11:09:59,828 - video_seq_len: 230
2024-03-30 11:09:59,828 - audio_seq_len: 480
2024-03-30 11:09:59,829 - device: cuda:3
2024-03-30 11:09:59,829 - ============================== End Params ==============================
2024-03-30 11:09:59,927 - Generate Text Features Begin...
2024-03-30 11:10:00,506 - Generate Text Features Finished...
2024-03-30 11:10:00,507 - Load Video Features Begin...
2024-03-30 11:10:06,781 - Load Video Features Finished...
2024-03-30 11:10:07,285 - Load Audio Features Begin...
2024-03-30 11:10:15,175 - Load Audio Features Finished...
2024-03-30 11:10:17,574 - method  begins...
2024-03-30 11:10:21,553 - Multimodal intent recognition begins...
2024-03-30 11:10:21,553 - Training begins...
2024-03-30 11:10:39,588 - ***** Epoch: 1: Eval results *****
2024-03-30 11:10:39,588 -   train_loss = 2.7224
2024-03-30 11:10:39,588 -   best_eval_score = 0.0
2024-03-30 11:10:39,588 -   eval_score = 0.1571
2024-03-30 11:10:56,901 - ***** Epoch: 2: Eval results *****
2024-03-30 11:10:56,902 -   train_loss = 1.9179
2024-03-30 11:10:56,902 -   best_eval_score = 0.1571
2024-03-30 11:10:56,902 -   eval_score = 0.4754
2024-03-30 11:11:14,676 - ***** Epoch: 3: Eval results *****
2024-03-30 11:11:14,677 -   train_loss = 1.1587
2024-03-30 11:11:14,677 -   best_eval_score = 0.4754
2024-03-30 11:11:14,677 -   eval_score = 0.554
2024-03-30 11:11:31,962 - ***** Epoch: 4: Eval results *****
2024-03-30 11:11:31,962 -   train_loss = 0.7041
2024-03-30 11:11:31,962 -   best_eval_score = 0.554
2024-03-30 11:11:31,962 -   eval_score = 0.6099
2024-03-30 11:11:49,608 - ***** Epoch: 5: Eval results *****
2024-03-30 11:11:49,608 -   train_loss = 0.4254
2024-03-30 11:11:49,608 -   best_eval_score = 0.6099
2024-03-30 11:11:49,608 -   eval_score = 0.6688
2024-03-30 11:12:07,295 - ***** Epoch: 6: Eval results *****
2024-03-30 11:12:07,296 -   train_loss = 0.2561
2024-03-30 11:12:07,296 -   best_eval_score = 0.6688
2024-03-30 11:12:07,296 -   eval_score = 0.6739
2024-03-30 11:12:24,863 - ***** Epoch: 7: Eval results *****
2024-03-30 11:12:24,863 -   train_loss = 0.1471
2024-03-30 11:12:24,863 -   best_eval_score = 0.6739
2024-03-30 11:12:24,863 -   eval_score = 0.663
2024-03-30 11:12:24,863 - EarlyStopping counter: 1 out of 8
2024-03-30 11:12:41,984 - ***** Epoch: 8: Eval results *****
2024-03-30 11:12:41,984 -   train_loss = 0.0884
2024-03-30 11:12:41,984 -   best_eval_score = 0.6739
2024-03-30 11:12:41,984 -   eval_score = 0.6855
2024-03-30 11:12:59,306 - ***** Epoch: 9: Eval results *****
2024-03-30 11:12:59,306 -   train_loss = 0.0685
2024-03-30 11:12:59,306 -   best_eval_score = 0.6855
2024-03-30 11:12:59,306 -   eval_score = 0.6751
2024-03-30 11:12:59,306 - EarlyStopping counter: 1 out of 8
2024-03-30 11:13:17,077 - ***** Epoch: 10: Eval results *****
2024-03-30 11:13:17,077 -   train_loss = 0.0559
2024-03-30 11:13:17,077 -   best_eval_score = 0.6855
2024-03-30 11:13:17,077 -   eval_score = 0.674
2024-03-30 11:13:17,077 - EarlyStopping counter: 2 out of 8
2024-03-30 11:13:34,452 - ***** Epoch: 11: Eval results *****
2024-03-30 11:13:34,452 -   train_loss = 0.0462
2024-03-30 11:13:34,452 -   best_eval_score = 0.6855
2024-03-30 11:13:34,452 -   eval_score = 0.6721
2024-03-30 11:13:34,452 - EarlyStopping counter: 3 out of 8
2024-03-30 11:13:53,915 - ***** Epoch: 12: Eval results *****
2024-03-30 11:13:53,915 -   train_loss = 0.0426
2024-03-30 11:13:53,915 -   best_eval_score = 0.6855
2024-03-30 11:13:53,916 -   eval_score = 0.6774
2024-03-30 11:13:53,916 - EarlyStopping counter: 4 out of 8
2024-03-30 11:14:11,872 - ***** Epoch: 13: Eval results *****
2024-03-30 11:14:11,872 -   train_loss = 0.0345
2024-03-30 11:14:11,872 -   best_eval_score = 0.6855
2024-03-30 11:14:11,872 -   eval_score = 0.676
2024-03-30 11:14:11,872 - EarlyStopping counter: 5 out of 8
2024-03-30 11:14:31,036 - ***** Epoch: 14: Eval results *****
2024-03-30 11:14:31,036 -   train_loss = 0.0304
2024-03-30 11:14:31,036 -   best_eval_score = 0.6855
2024-03-30 11:14:31,036 -   eval_score = 0.6743
2024-03-30 11:14:31,036 - EarlyStopping counter: 6 out of 8
2024-03-30 11:14:48,481 - ***** Epoch: 15: Eval results *****
2024-03-30 11:14:48,482 -   train_loss = 0.0287
2024-03-30 11:14:48,482 -   best_eval_score = 0.6855
2024-03-30 11:14:48,482 -   eval_score = 0.6718
2024-03-30 11:14:48,482 - EarlyStopping counter: 7 out of 8
2024-03-30 11:15:06,715 - ***** Epoch: 16: Eval results *****
2024-03-30 11:15:06,715 -   train_loss = 0.0262
2024-03-30 11:15:06,715 -   best_eval_score = 0.6855
2024-03-30 11:15:06,715 -   eval_score = 0.6755
2024-03-30 11:15:06,715 - EarlyStopping counter: 8 out of 8
2024-03-30 11:15:06,715 - EarlyStopping at epoch 16
2024-03-30 11:15:06,722 - Training is finished...
2024-03-30 11:15:06,723 - Testing begins...
2024-03-30 11:15:10,552 - ***** Test: Confusion Matrix *****
2024-03-30 11:15:10,553 - [[41  2  0  0  5  0  1  0  1  2  1  0  3  1  0  0  0  0  0  0]
 [ 1 34  0  1  0  2  1  0  0  0  1  0  2  0  1  0  0  0  0  0]
 [ 1  0 26  0  0  0  0  0  0  0  0  0  0  0  0  0  0  0  0  0]
 [ 0  1  0 24  0  0  0  0  0  0  0  0  0  0  0  0  0  0  0  0]
 [ 6  0  0  0 10  0  0  0  1  1  0  1  2  0  0  0  0  2  0  0]
 [ 0  0  0  0  0 11  0  0  0  0  0  0  1  0  0  0  0  0  0  0]
 [ 2  1  0  0  3  0  1  0  3  0  0  0  1  0  0  0  1  0  0  0]
 [ 3  0  0  0  0  1  0  5  1  0  0  0  0  0  0  0  0  0  0  0]
 [ 1  0  0  0  0  0  0  3  3  0  0  0  0  2  0  1  0  0  0  0]
 [ 1  0  0  0  1  0  0  0  0  3  0  0  0  0  0  3  1  1  0  0]
 [ 1  0  0  0  0  0  1  0  0  2 13  0  0  0  1  0  0  0  0  0]
 [ 0  0  0  0  0  0  1  0  0  0  0 17  0  0  0  0  0  0  0  1]
 [ 4  2  0  0  1  0  0  0  0  0  0  3 40  1  4  0  1  0  0  1]
 [ 1  1  0  0  0  0  1  0  0  0  1  1  1 17  2  0  0  0  0  0]
 [ 0  0  0  0  0  0  0  0  1  0  0  0  3  2 14  0  1  0  0  1]
 [ 0  0  0  0  0  0  0  1  0  0  0  0  3  0  0 16  0  0  0  1]
 [ 0  0  0  0  0  0  0  0  0  0  0  0  2  0  2  0 13  0  0  0]
 [ 0  0  0  0  0  0  0  0  0  1  1  0  2  0  0  0  0 11  0  0]
 [ 0  0  0  0  0  0  0  0  0  0  0  0  2  0  0  1  0  0  9  0]
 [ 0  0  0  0  0  0  0  0  0  0  0  0  1  1  1  0  2  0  0  5]]
2024-03-30 11:15:10,553 - ***** Evaluation results *****
2024-03-30 11:15:10,553 -   acc = 0.7034
2024-03-30 11:15:10,553 -   f1 = 0.6579
2024-03-30 11:15:10,553 -   prec = 0.666
2024-03-30 11:15:10,553 -   rec = 0.6556
2024-03-30 11:15:10,553 - Testing is finished...
2024-03-30 11:15:10,553 - Multimodal intent recognition is finished...
2024-03-30 11:15:10,553 - Results are saved in results/msz.csv
