2024-01-08 09:29:54,170 - ============================== Params ==============================
2024-01-08 09:29:54,170 - logger_name: msz_MIntRec_multi-class_seed-3_2024-01-08-09-29-54
2024-01-08 09:29:54,170 - dataset: MIntRec
2024-01-08 09:29:54,170 - data_mode: multi-class
2024-01-08 09:29:54,170 - method: msz
2024-01-08 09:29:54,170 - text_backbone: bert-base-uncased
2024-01-08 09:29:54,170 - text_backbone_path: /home/sharing/disk1/pretrained_embedding/bert/uncased_L-12_H-768_A-12/
2024-01-08 09:29:54,170 - seed: 3
2024-01-08 09:29:54,170 - num_workers: 8
2024-01-08 09:29:54,170 - gpu_id: 1
2024-01-08 09:29:54,170 - data_path: /home/sharing/disk2/sjh/intentDataset
2024-01-08 09:29:54,170 - train: True
2024-01-08 09:29:54,170 - tune: False
2024-01-08 09:29:54,170 - save_model: False
2024-01-08 09:29:54,170 - save_results: True
2024-01-08 09:29:54,170 - log_path: logs
2024-01-08 09:29:54,170 - cache_path: 
2024-01-08 09:29:54,170 - video_data_path: video_data
2024-01-08 09:29:54,170 - audio_data_path: audio_data
2024-01-08 09:29:54,170 - video_feats_path: video_feats.pkl
2024-01-08 09:29:54,170 - audio_feats_path: audio_feats.pkl
2024-01-08 09:29:54,170 - results_path: results
2024-01-08 09:29:54,170 - output_path: /home/sharing/disk2/sjh/Outputs/MIntRec
2024-01-08 09:29:54,170 - model_path: models
2024-01-08 09:29:54,170 - config_file_name: msz
2024-01-08 09:29:54,170 - results_file_name: msz.csv
2024-01-08 09:29:54,171 - padding_mode: zero
2024-01-08 09:29:54,171 - padding_loc: end
2024-01-08 09:29:54,171 - need_aligned: False
2024-01-08 09:29:54,171 - eval_monitor: f1
2024-01-08 09:29:54,171 - train_batch_size: 16
2024-01-08 09:29:54,171 - eval_batch_size: 8
2024-01-08 09:29:54,171 - test_batch_size: 8
2024-01-08 09:29:54,171 - wait_patience: 8
2024-01-08 09:29:54,171 - nheads: 2
2024-01-08 09:29:54,171 - encoder_layers: 3
2024-01-08 09:29:54,171 - attn_dropout: 0.1
2024-01-08 09:29:54,171 - relu_dropout: 0.1
2024-01-08 09:29:54,171 - embed_dropout: 0.1
2024-01-08 09:29:54,171 - res_dropout: 0.1
2024-01-08 09:29:54,171 - attn_mask: False
2024-01-08 09:29:54,171 - hidden_size: 768
2024-01-08 09:29:54,171 - num_attention_heads: 12
2024-01-08 09:29:54,171 - attention_probs_dropout_prob: 0.2
2024-01-08 09:29:54,171 - hidden_dropout_prob: 0.2
2024-01-08 09:29:54,171 - intermediate_size: 768
2024-01-08 09:29:54,171 - num_hidden_layers: 3
2024-01-08 09:29:54,171 - max_position_embeddings: 512
2024-01-08 09:29:54,171 - position_embedding_type: absolute
2024-01-08 09:29:54,171 - batch_first: True
2024-01-08 09:29:54,171 - hidden_dims: 768
2024-01-08 09:29:54,171 - att_dropouts: [0.2, 0.2, 0.2]
2024-01-08 09:29:54,171 - spe_dropouts: [0.1, 0.1, 0.1]
2024-01-08 09:29:54,171 - ta_loss: 0.1
2024-01-08 09:29:54,171 - tv_loss: 0.1
2024-01-08 09:29:54,171 - av_loss: 0.1
2024-01-08 09:29:54,171 - aligned_method: conv1d
2024-01-08 09:29:54,171 - grad_clip: -1
2024-01-08 09:29:54,171 - num_train_epochs: 100
2024-01-08 09:29:54,171 - warmup_proportion: 0.1
2024-01-08 09:29:54,171 - lr: 1e-06
2024-01-08 09:29:54,171 - weight_decay: 0.01
2024-01-08 09:29:54,171 - pred_output_path: /home/sharing/disk2/sjh/Outputs/MIntRec/msz_MIntRec_multi-class_seed-3_2024-01-08-09-29-54
2024-01-08 09:29:54,171 - model_output_path: /home/sharing/disk2/sjh/Outputs/MIntRec/msz_MIntRec_multi-class_seed-3_2024-01-08-09-29-54/models
2024-01-08 09:29:54,171 - ============================== End Params ==============================
2024-01-08 09:29:54,210 - Generate Text Features Begin...
2024-01-08 09:29:54,660 - Generate Text Features Finished...
2024-01-08 09:29:54,661 - Load Video Features Begin...
2024-01-08 09:29:55,531 - Load Video Features Finished...
2024-01-08 09:29:56,191 - Load Audio Features Begin...
2024-01-08 09:30:01,354 - Load Audio Features Finished...
2024-01-08 09:30:05,528 - method  begins...
2024-01-08 09:30:12,756 - Multimodal intent recognition begins...
2024-01-08 09:30:12,756 - Training begins...
2024-01-08 09:30:37,805 - ***** Epoch: 1: Eval results *****
2024-01-08 09:30:37,806 -   train_loss = 2.9663
2024-01-08 09:30:37,806 -   best_eval_score = 0.0
2024-01-08 09:30:37,806 -   eval_score = 0.0247
2024-01-08 09:31:02,423 - ***** Epoch: 2: Eval results *****
2024-01-08 09:31:02,424 -   train_loss = 2.8367
2024-01-08 09:31:02,424 -   best_eval_score = 0.0247
2024-01-08 09:31:02,424 -   eval_score = 0.0302
2024-01-08 09:31:27,954 - ***** Epoch: 3: Eval results *****
2024-01-08 09:31:27,954 -   train_loss = 2.7447
2024-01-08 09:31:27,954 -   best_eval_score = 0.0302
2024-01-08 09:31:27,954 -   eval_score = 0.0454
2024-01-08 09:31:52,613 - ***** Epoch: 4: Eval results *****
2024-01-08 09:31:52,613 -   train_loss = 2.5446
2024-01-08 09:31:52,613 -   best_eval_score = 0.0454
2024-01-08 09:31:52,613 -   eval_score = 0.1598
2024-01-08 09:32:16,344 - ***** Epoch: 5: Eval results *****
2024-01-08 09:32:16,345 -   train_loss = 2.1447
2024-01-08 09:32:16,345 -   best_eval_score = 0.1598
2024-01-08 09:32:16,345 -   eval_score = 0.2029
2024-01-08 09:32:40,895 - ***** Epoch: 6: Eval results *****
2024-01-08 09:32:40,898 -   train_loss = 1.6472
2024-01-08 09:32:40,898 -   best_eval_score = 0.2029
2024-01-08 09:32:40,898 -   eval_score = 0.3998
2024-01-08 09:33:08,338 - ***** Epoch: 7: Eval results *****
2024-01-08 09:33:08,338 -   train_loss = 1.2422
2024-01-08 09:33:08,339 -   best_eval_score = 0.3998
2024-01-08 09:33:08,339 -   eval_score = 0.4542
2024-01-08 09:33:34,392 - ***** Epoch: 8: Eval results *****
2024-01-08 09:33:34,392 -   train_loss = 0.9311
2024-01-08 09:33:34,392 -   best_eval_score = 0.4542
2024-01-08 09:33:34,392 -   eval_score = 0.5414
2024-01-08 09:33:58,701 - ***** Epoch: 9: Eval results *****
2024-01-08 09:33:58,702 -   train_loss = 0.81
2024-01-08 09:33:58,702 -   best_eval_score = 0.5414
2024-01-08 09:33:58,702 -   eval_score = 0.546
2024-01-08 09:34:27,160 - ***** Epoch: 10: Eval results *****
2024-01-08 09:34:27,160 -   train_loss = 0.7555
2024-01-08 09:34:27,160 -   best_eval_score = 0.546
2024-01-08 09:34:27,160 -   eval_score = 0.5678
2024-01-08 09:34:54,492 - ***** Epoch: 11: Eval results *****
2024-01-08 09:34:54,492 -   train_loss = 0.5899
2024-01-08 09:34:54,492 -   best_eval_score = 0.5678
2024-01-08 09:34:54,492 -   eval_score = 0.577
2024-01-08 09:35:18,230 - ***** Epoch: 12: Eval results *****
2024-01-08 09:35:18,231 -   train_loss = 0.4353
2024-01-08 09:35:18,231 -   best_eval_score = 0.577
2024-01-08 09:35:18,231 -   eval_score = 0.6371
2024-01-08 09:35:45,407 - ***** Epoch: 13: Eval results *****
2024-01-08 09:35:45,407 -   train_loss = 0.2211
2024-01-08 09:35:45,407 -   best_eval_score = 0.6371
2024-01-08 09:35:45,407 -   eval_score = 0.6144
2024-01-08 09:35:45,407 - EarlyStopping counter: 1 out of 8
2024-01-08 09:36:09,818 - ***** Epoch: 14: Eval results *****
2024-01-08 09:36:09,819 -   train_loss = 0.2614
2024-01-08 09:36:09,819 -   best_eval_score = 0.6371
2024-01-08 09:36:09,819 -   eval_score = 0.6002
2024-01-08 09:36:09,819 - EarlyStopping counter: 2 out of 8
2024-01-08 09:36:36,585 - ***** Epoch: 15: Eval results *****
2024-01-08 09:36:36,585 -   train_loss = 0.1624
2024-01-08 09:36:36,585 -   best_eval_score = 0.6371
2024-01-08 09:36:36,585 -   eval_score = 0.6284
2024-01-08 09:36:36,585 - EarlyStopping counter: 3 out of 8
2024-01-08 09:37:03,411 - ***** Epoch: 16: Eval results *****
2024-01-08 09:37:03,411 -   train_loss = 0.1172
2024-01-08 09:37:03,411 -   best_eval_score = 0.6371
2024-01-08 09:37:03,411 -   eval_score = 0.6265
2024-01-08 09:37:03,411 - EarlyStopping counter: 4 out of 8
2024-01-08 09:37:28,711 - ***** Epoch: 17: Eval results *****
2024-01-08 09:37:28,712 -   train_loss = 0.1141
2024-01-08 09:37:28,712 -   best_eval_score = 0.6371
2024-01-08 09:37:28,712 -   eval_score = 0.6183
2024-01-08 09:37:28,712 - EarlyStopping counter: 5 out of 8
2024-01-08 09:37:54,876 - ***** Epoch: 18: Eval results *****
2024-01-08 09:37:54,876 -   train_loss = 0.0575
2024-01-08 09:37:54,876 -   best_eval_score = 0.6371
2024-01-08 09:37:54,876 -   eval_score = 0.6387
2024-01-08 09:38:21,882 - ***** Epoch: 19: Eval results *****
2024-01-08 09:38:21,882 -   train_loss = 0.0586
2024-01-08 09:38:21,882 -   best_eval_score = 0.6387
2024-01-08 09:38:21,882 -   eval_score = 0.6368
2024-01-08 09:38:21,882 - EarlyStopping counter: 1 out of 8
2024-01-08 09:38:48,671 - ***** Epoch: 20: Eval results *****
2024-01-08 09:38:48,672 -   train_loss = 0.0373
2024-01-08 09:38:48,672 -   best_eval_score = 0.6387
2024-01-08 09:38:48,672 -   eval_score = 0.6365
2024-01-08 09:38:48,672 - EarlyStopping counter: 2 out of 8
2024-01-08 09:39:16,376 - ***** Epoch: 21: Eval results *****
2024-01-08 09:39:16,377 -   train_loss = 0.0287
2024-01-08 09:39:16,377 -   best_eval_score = 0.6387
2024-01-08 09:39:16,377 -   eval_score = 0.6335
2024-01-08 09:39:16,377 - EarlyStopping counter: 3 out of 8
2024-01-08 09:39:41,148 - ***** Epoch: 22: Eval results *****
2024-01-08 09:39:41,149 -   train_loss = 0.025
2024-01-08 09:39:41,149 -   best_eval_score = 0.6387
2024-01-08 09:39:41,149 -   eval_score = 0.6421
2024-01-08 09:40:06,237 - ***** Epoch: 23: Eval results *****
2024-01-08 09:40:06,237 -   train_loss = 0.0238
2024-01-08 09:40:06,237 -   best_eval_score = 0.6421
2024-01-08 09:40:06,237 -   eval_score = 0.6411
2024-01-08 09:40:06,237 - EarlyStopping counter: 1 out of 8
2024-01-08 09:40:30,417 - ***** Epoch: 24: Eval results *****
2024-01-08 09:40:30,417 -   train_loss = 0.023
2024-01-08 09:40:30,417 -   best_eval_score = 0.6421
2024-01-08 09:40:30,417 -   eval_score = 0.6258
2024-01-08 09:40:30,417 - EarlyStopping counter: 2 out of 8
2024-01-08 09:40:57,169 - ***** Epoch: 25: Eval results *****
2024-01-08 09:40:57,170 -   train_loss = 0.0214
2024-01-08 09:40:57,170 -   best_eval_score = 0.6421
2024-01-08 09:40:57,170 -   eval_score = 0.6336
2024-01-08 09:40:57,170 - EarlyStopping counter: 3 out of 8
2024-01-08 09:41:23,418 - ***** Epoch: 26: Eval results *****
2024-01-08 09:41:23,418 -   train_loss = 0.0177
2024-01-08 09:41:23,418 -   best_eval_score = 0.6421
2024-01-08 09:41:23,418 -   eval_score = 0.6357
2024-01-08 09:41:23,418 - EarlyStopping counter: 4 out of 8
2024-01-08 09:41:50,865 - ***** Epoch: 27: Eval results *****
2024-01-08 09:41:50,865 -   train_loss = 0.0117
2024-01-08 09:41:50,865 -   best_eval_score = 0.6421
2024-01-08 09:41:50,865 -   eval_score = 0.6249
2024-01-08 09:41:50,865 - EarlyStopping counter: 5 out of 8
2024-01-08 09:42:16,385 - ***** Epoch: 28: Eval results *****
2024-01-08 09:42:16,385 -   train_loss = 0.0118
2024-01-08 09:42:16,386 -   best_eval_score = 0.6421
2024-01-08 09:42:16,386 -   eval_score = 0.6186
2024-01-08 09:42:16,386 - EarlyStopping counter: 6 out of 8
