2024-03-31 21:25:05,697 - ============================== Params ==============================
2024-03-31 21:25:05,698 - logger_name: msz_MIntRec_multi-class_seed-1_2024-03-31-21-25-05
2024-03-31 21:25:05,698 - dataset: MIntRec
2024-03-31 21:25:05,698 - data_mode: multi-class
2024-03-31 21:25:05,698 - method: msz
2024-03-31 21:25:05,698 - text_backbone: bert-base-uncased
2024-03-31 21:25:05,698 - text_backbone_path: /home/sharing/disk1/pretrained_embedding/bert/uncased_L-12_H-768_A-12/
2024-03-31 21:25:05,698 - seed: 1
2024-03-31 21:25:05,698 - num_workers: 8
2024-03-31 21:25:05,698 - gpu_id: 3
2024-03-31 21:25:05,698 - data_path: /home/sharing/disk2/sjh/intentDataset
2024-03-31 21:25:05,698 - train: True
2024-03-31 21:25:05,698 - tune: True
2024-03-31 21:25:05,698 - save_model: False
2024-03-31 21:25:05,698 - save_results: True
2024-03-31 21:25:05,698 - log_path: logs
2024-03-31 21:25:05,698 - cache_path: 
2024-03-31 21:25:05,698 - video_data_path: video_data
2024-03-31 21:25:05,698 - audio_data_path: audio_data
2024-03-31 21:25:05,698 - video_feats_path: video_feats.pkl
2024-03-31 21:25:05,698 - audio_feats_path: audio_feats.pkl
2024-03-31 21:25:05,698 - results_path: results
2024-03-31 21:25:05,698 - output_path: /home/sharing/disk2/sjh/Outputs/MIntRec
2024-03-31 21:25:05,698 - model_path: models
2024-03-31 21:25:05,698 - config_file_name: msz_MIntRec
2024-03-31 21:25:05,698 - results_file_name: msz.csv
2024-03-31 21:25:05,698 - padding_mode: zero
2024-03-31 21:25:05,698 - padding_loc: end
2024-03-31 21:25:05,698 - need_aligned: False
2024-03-31 21:25:05,698 - eval_monitor: f1
2024-03-31 21:25:05,698 - train_batch_size: 16
2024-03-31 21:25:05,698 - eval_batch_size: 8
2024-03-31 21:25:05,698 - test_batch_size: 8
2024-03-31 21:25:05,698 - wait_patience: 8
2024-03-31 21:25:05,698 - hidden_dims: 768
2024-03-31 21:25:05,698 - num_attention_heads: 12
2024-03-31 21:25:05,699 - attention_probs_dropout_prob: 0.3
2024-03-31 21:25:05,699 - hidden_dropout_prob: 0.2
2024-03-31 21:25:05,699 - intermediate_size: 768
2024-03-31 21:25:05,699 - num_hidden_layers: 10
2024-03-31 21:25:05,699 - max_position_embeddings: 768
2024-03-31 21:25:05,699 - position_embedding_type: absolute
2024-03-31 21:25:05,699 - batch_first: True
2024-03-31 21:25:05,699 - dropout: 0.4
2024-03-31 21:25:05,699 - aligned_method: conv1d
2024-03-31 21:25:05,699 - num_train_epochs: 100
2024-03-31 21:25:05,699 - lr: 6e-05
2024-03-31 21:25:05,699 - lr_mode: max
2024-03-31 21:25:05,699 - patience: 8
2024-03-31 21:25:05,699 - factor: 0.1
2024-03-31 21:25:05,699 - pred_output_path: /home/sharing/disk2/sjh/Outputs/MIntRec/msz_MIntRec_multi-class_seed-1_2024-03-31-21-25-05
2024-03-31 21:25:05,699 - model_output_path: /home/sharing/disk2/sjh/Outputs/MIntRec/msz_MIntRec_multi-class_seed-1_2024-03-31-21-25-05/models
2024-03-31 21:25:05,699 - num_labels: 20
2024-03-31 21:25:05,699 - text_feat_dim: 768
2024-03-31 21:25:05,699 - video_feat_dim: 256
2024-03-31 21:25:05,699 - audio_feat_dim: 768
2024-03-31 21:25:05,699 - text_seq_len: 30
2024-03-31 21:25:05,699 - video_seq_len: 230
2024-03-31 21:25:05,699 - audio_seq_len: 480
2024-03-31 21:25:05,699 - device: cuda:3
2024-03-31 21:25:05,699 - ============================== End Params ==============================
2024-03-31 21:25:05,745 - Generate Text Features Begin...
2024-03-31 21:25:06,346 - Generate Text Features Finished...
2024-03-31 21:25:06,347 - Load Video Features Begin...
2024-03-31 21:25:07,186 - Load Video Features Finished...
2024-03-31 21:25:07,849 - Load Audio Features Begin...
2024-03-31 21:25:13,088 - Load Audio Features Finished...
2024-03-31 21:25:15,647 - method  begins...
2024-03-31 21:25:19,580 - Multimodal intent recognition begins...
2024-03-31 21:25:19,580 - Training begins...
2024-03-31 21:25:43,466 - ***** Epoch: 1: Eval results *****
2024-03-31 21:25:43,475 -   train_loss = 2.5619
2024-03-31 21:25:43,475 -   best_eval_score = 0.0
2024-03-31 21:25:43,475 -   eval_score = 0.2993
2024-03-31 21:26:08,222 - ***** Epoch: 2: Eval results *****
2024-03-31 21:26:08,222 -   train_loss = 1.488
2024-03-31 21:26:08,222 -   best_eval_score = 0.2993
2024-03-31 21:26:08,222 -   eval_score = 0.5216
2024-03-31 21:26:32,860 - ***** Epoch: 3: Eval results *****
2024-03-31 21:26:32,861 -   train_loss = 1.0272
2024-03-31 21:26:32,861 -   best_eval_score = 0.5216
2024-03-31 21:26:32,861 -   eval_score = 0.6353
2024-03-31 21:26:57,302 - ***** Epoch: 4: Eval results *****
2024-03-31 21:26:57,303 -   train_loss = 0.7036
2024-03-31 21:26:57,303 -   best_eval_score = 0.6353
2024-03-31 21:26:57,303 -   eval_score = 0.6113
2024-03-31 21:26:57,303 - EarlyStopping counter: 1 out of 8
2024-03-31 21:27:21,432 - ***** Epoch: 5: Eval results *****
2024-03-31 21:27:21,432 -   train_loss = 0.4716
2024-03-31 21:27:21,432 -   best_eval_score = 0.6353
2024-03-31 21:27:21,432 -   eval_score = 0.6441
2024-03-31 21:27:45,426 - ***** Epoch: 6: Eval results *****
2024-03-31 21:27:45,426 -   train_loss = 0.3688
2024-03-31 21:27:45,426 -   best_eval_score = 0.6441
2024-03-31 21:27:45,426 -   eval_score = 0.5986
2024-03-31 21:27:45,426 - EarlyStopping counter: 1 out of 8
2024-03-31 21:28:09,187 - ***** Epoch: 7: Eval results *****
2024-03-31 21:28:09,187 -   train_loss = 0.3778
2024-03-31 21:28:09,187 -   best_eval_score = 0.6441
2024-03-31 21:28:09,187 -   eval_score = 0.5451
2024-03-31 21:28:09,187 - EarlyStopping counter: 2 out of 8
2024-03-31 21:28:33,413 - ***** Epoch: 8: Eval results *****
2024-03-31 21:28:33,421 -   train_loss = 0.2615
2024-03-31 21:28:33,421 -   best_eval_score = 0.6441
2024-03-31 21:28:33,421 -   eval_score = 0.6135
2024-03-31 21:28:33,421 - EarlyStopping counter: 3 out of 8
2024-03-31 21:28:57,903 - ***** Epoch: 9: Eval results *****
2024-03-31 21:28:57,904 -   train_loss = 0.2799
2024-03-31 21:28:57,904 -   best_eval_score = 0.6441
2024-03-31 21:28:57,904 -   eval_score = 0.5872
2024-03-31 21:28:57,904 - EarlyStopping counter: 4 out of 8
2024-03-31 21:29:22,245 - ***** Epoch: 10: Eval results *****
2024-03-31 21:29:22,253 -   train_loss = 0.2515
2024-03-31 21:29:22,253 -   best_eval_score = 0.6441
2024-03-31 21:29:22,254 -   eval_score = 0.6397
2024-03-31 21:29:22,254 - EarlyStopping counter: 5 out of 8
2024-03-31 21:29:47,156 - ***** Epoch: 11: Eval results *****
2024-03-31 21:29:47,157 -   train_loss = 0.1194
2024-03-31 21:29:47,157 -   best_eval_score = 0.6441
2024-03-31 21:29:47,157 -   eval_score = 0.6643
2024-03-31 21:30:11,609 - ***** Epoch: 12: Eval results *****
2024-03-31 21:30:11,609 -   train_loss = 0.0755
2024-03-31 21:30:11,609 -   best_eval_score = 0.6643
2024-03-31 21:30:11,609 -   eval_score = 0.6655
2024-03-31 21:30:37,184 - ***** Epoch: 13: Eval results *****
2024-03-31 21:30:37,185 -   train_loss = 0.0682
2024-03-31 21:30:37,185 -   best_eval_score = 0.6655
2024-03-31 21:30:37,185 -   eval_score = 0.6728
2024-03-31 21:31:00,417 - ***** Epoch: 14: Eval results *****
2024-03-31 21:31:00,417 -   train_loss = 0.0462
2024-03-31 21:31:00,417 -   best_eval_score = 0.6728
2024-03-31 21:31:00,417 -   eval_score = 0.6691
2024-03-31 21:31:00,417 - EarlyStopping counter: 1 out of 8
2024-03-31 21:31:23,593 - ***** Epoch: 15: Eval results *****
2024-03-31 21:31:23,593 -   train_loss = 0.0445
2024-03-31 21:31:23,593 -   best_eval_score = 0.6728
2024-03-31 21:31:23,593 -   eval_score = 0.6694
2024-03-31 21:31:23,593 - EarlyStopping counter: 2 out of 8
2024-03-31 21:31:47,699 - ***** Epoch: 16: Eval results *****
2024-03-31 21:31:47,699 -   train_loss = 0.0375
2024-03-31 21:31:47,700 -   best_eval_score = 0.6728
2024-03-31 21:31:47,700 -   eval_score = 0.6743
2024-03-31 21:32:11,607 - ***** Epoch: 17: Eval results *****
2024-03-31 21:32:11,607 -   train_loss = 0.0353
2024-03-31 21:32:11,607 -   best_eval_score = 0.6743
2024-03-31 21:32:11,607 -   eval_score = 0.6732
2024-03-31 21:32:11,607 - EarlyStopping counter: 1 out of 8
2024-03-31 21:32:35,468 - ***** Epoch: 18: Eval results *****
2024-03-31 21:32:35,476 -   train_loss = 0.0307
2024-03-31 21:32:35,477 -   best_eval_score = 0.6743
2024-03-31 21:32:35,477 -   eval_score = 0.6784
2024-03-31 21:32:59,225 - ***** Epoch: 19: Eval results *****
2024-03-31 21:32:59,225 -   train_loss = 0.0308
2024-03-31 21:32:59,225 -   best_eval_score = 0.6784
2024-03-31 21:32:59,225 -   eval_score = 0.6783
2024-03-31 21:32:59,225 - EarlyStopping counter: 1 out of 8
2024-03-31 21:33:23,954 - ***** Epoch: 20: Eval results *****
2024-03-31 21:33:23,963 -   train_loss = 0.0265
2024-03-31 21:33:23,963 -   best_eval_score = 0.6784
2024-03-31 21:33:23,963 -   eval_score = 0.6774
2024-03-31 21:33:23,963 - EarlyStopping counter: 2 out of 8
2024-03-31 21:33:47,953 - ***** Epoch: 21: Eval results *****
2024-03-31 21:33:47,954 -   train_loss = 0.0256
2024-03-31 21:33:47,954 -   best_eval_score = 0.6784
2024-03-31 21:33:47,954 -   eval_score = 0.6772
2024-03-31 21:33:47,954 - EarlyStopping counter: 3 out of 8
2024-03-31 21:34:11,780 - ***** Epoch: 22: Eval results *****
2024-03-31 21:34:11,780 -   train_loss = 0.0256
2024-03-31 21:34:11,780 -   best_eval_score = 0.6784
2024-03-31 21:34:11,780 -   eval_score = 0.6778
2024-03-31 21:34:11,780 - EarlyStopping counter: 4 out of 8
2024-03-31 21:34:37,154 - ***** Epoch: 23: Eval results *****
2024-03-31 21:34:37,154 -   train_loss = 0.0213
2024-03-31 21:34:37,154 -   best_eval_score = 0.6784
2024-03-31 21:34:37,154 -   eval_score = 0.6767
2024-03-31 21:34:37,154 - EarlyStopping counter: 5 out of 8
2024-03-31 21:35:00,990 - ***** Epoch: 24: Eval results *****
2024-03-31 21:35:00,990 -   train_loss = 0.02
2024-03-31 21:35:00,991 -   best_eval_score = 0.6784
2024-03-31 21:35:00,991 -   eval_score = 0.6767
2024-03-31 21:35:00,991 - EarlyStopping counter: 6 out of 8
2024-03-31 21:35:25,444 - ***** Epoch: 25: Eval results *****
2024-03-31 21:35:25,444 -   train_loss = 0.0221
2024-03-31 21:35:25,444 -   best_eval_score = 0.6784
2024-03-31 21:35:25,444 -   eval_score = 0.6767
2024-03-31 21:35:25,444 - EarlyStopping counter: 7 out of 8
2024-03-31 21:35:49,084 - ***** Epoch: 26: Eval results *****
2024-03-31 21:35:49,084 -   train_loss = 0.0202
2024-03-31 21:35:49,084 -   best_eval_score = 0.6784
2024-03-31 21:35:49,084 -   eval_score = 0.6778
2024-03-31 21:35:49,084 - EarlyStopping counter: 8 out of 8
2024-03-31 21:35:49,084 - EarlyStopping at epoch 26
2024-03-31 21:35:49,087 - Training is finished...
2024-03-31 21:35:49,088 - Testing begins...
2024-03-31 21:35:52,992 - ***** Test: Confusion Matrix *****
2024-03-31 21:35:52,993 - [[30  0  0  0  7  0  3  1  1  3  0  0  6  3  0  2  0  1  0  0]
 [ 1 36  0  1  0  0  1  1  0  0  0  0  2  0  1  0  0  0  0  0]
 [ 1  0 26  0  0  0  0  0  0  0  0  0  0  0  0  0  0  0  0  0]
 [ 0  0  0 25  0  0  0  0  0  0  0  0  0  0  0  0  0  0  0  0]
 [ 0  0  0  0 12  0  4  0  0  1  0  1  1  2  2  0  0  0  0  0]
 [ 0  0  0  0  0 12  0  0  0  0  0  0  0  0  0  0  0  0  0  0]
 [ 2  1  0  0  1  0  5  0  1  0  0  1  1  0  0  0  0  0  0  0]
 [ 4  0  0  0  0  0  0  3  1  1  1  0  0  0  0  0  0  0  0  0]
 [ 1  1  0  0  0  0  0  1  4  0  0  0  0  2  0  1  0  0  0  0]
 [ 1  0  0  0  0  0  1  1  0  3  0  0  0  0  0  3  0  1  0  0]
 [ 0  0  0  0  0  0  0  0  0  3 13  0  0  0  0  1  1  0  0  0]
 [ 0  0  0  0  0  0  0  0  0  0  0 17  1  0  0  0  0  0  0  1]
 [ 3  2  0  1  0  0  0  1  0  1  1  0 37  3  4  0  2  0  1  1]
 [ 0  0  0  0  0  0  1  0  0  0  2  1  0 18  2  0  0  0  0  1]
 [ 0  0  0  0  0  0  1  0  1  0  0  0  0  3 15  0  0  0  0  2]
 [ 0  0  0  1  0  0  0  1  0  0  0  0  5  0  0 13  0  0  0  1]
 [ 1  0  0  0  0  0  0  0  0  0  0  0  2  0  2  1 11  0  0  0]
 [ 0  0  0  0  0  0  0  0  0  1  0  0  1  0  0  0  0 13  0  0]
 [ 0  1  0  0  0  0  0  0  0  0  0  0  1  0  0  1  0  0  9  0]
 [ 0  0  0  0  0  0  0  0  0  0  0  0  0  0  1  0  0  0  0  9]]
2024-03-31 21:35:52,993 - ***** Evaluation results *****
2024-03-31 21:35:52,993 -   acc = 0.6989
2024-03-31 21:35:52,993 -   f1 = 0.6775
2024-03-31 21:35:52,993 -   prec = 0.6786
2024-03-31 21:35:52,993 -   rec = 0.6858
2024-03-31 21:35:52,994 - Testing is finished...
2024-03-31 21:35:52,994 - Multimodal intent recognition is finished...
2024-03-31 21:35:52,994 - Results are saved in results/msz.csv
