2024-03-02 20:04:24,197 - ============================== Params ==============================
2024-03-02 20:04:24,197 - logger_name: msz_MIntRec2_multi-class_seed-2_2024-03-02-20-04-23
2024-03-02 20:04:24,197 - dataset: MIntRec2
2024-03-02 20:04:24,197 - data_mode: multi-class
2024-03-02 20:04:24,197 - method: msz
2024-03-02 20:04:24,197 - text_backbone: bert-base-uncased
2024-03-02 20:04:24,197 - text_backbone_path: /home/sharing/disk1/pretrained_embedding/bert/uncased_L-12_H-768_A-12/
2024-03-02 20:04:24,197 - seed: 2
2024-03-02 20:04:24,197 - num_workers: 8
2024-03-02 20:04:24,197 - gpu_id: 3
2024-03-02 20:04:24,197 - data_path: /home/sharing/disk2/sjh/intentDataset
2024-03-02 20:04:24,197 - train: True
2024-03-02 20:04:24,197 - tune: True
2024-03-02 20:04:24,197 - save_model: True
2024-03-02 20:04:24,197 - save_results: True
2024-03-02 20:04:24,197 - log_path: logs
2024-03-02 20:04:24,197 - cache_path: 
2024-03-02 20:04:24,198 - video_data_path: video_data
2024-03-02 20:04:24,198 - audio_data_path: audio_data
2024-03-02 20:04:24,198 - video_feats_path: video_feats.pkl
2024-03-02 20:04:24,198 - audio_feats_path: audio_feats.pkl
2024-03-02 20:04:24,198 - results_path: results
2024-03-02 20:04:24,198 - output_path: /home/sharing/disk2/sjh/Outputs/MIntRec2
2024-03-02 20:04:24,198 - model_path: models
2024-03-02 20:04:24,198 - config_file_name: msz_MIntRec2
2024-03-02 20:04:24,198 - results_file_name: msz.csv
2024-03-02 20:04:24,198 - padding_mode: zero
2024-03-02 20:04:24,198 - padding_loc: end
2024-03-02 20:04:24,198 - need_aligned: False
2024-03-02 20:04:24,198 - eval_monitor: f1
2024-03-02 20:04:24,198 - train_batch_size: 16
2024-03-02 20:04:24,198 - eval_batch_size: 8
2024-03-02 20:04:24,198 - test_batch_size: 8
2024-03-02 20:04:24,198 - wait_patience: 8
2024-03-02 20:04:24,198 - hidden_size: 768
2024-03-02 20:04:24,198 - num_attention_heads: 8
2024-03-02 20:04:24,198 - attention_probs_dropout_prob: 0.2
2024-03-02 20:04:24,198 - hidden_dropout_prob: 0.2
2024-03-02 20:04:24,198 - intermediate_size: 768
2024-03-02 20:04:24,198 - num_hidden_layers: 6
2024-03-02 20:04:24,198 - max_position_embeddings: 768
2024-03-02 20:04:24,198 - position_embedding_type: absolute
2024-03-02 20:04:24,198 - batch_first: True
2024-03-02 20:04:24,198 - hidden_dims: 768
2024-03-02 20:04:24,198 - dropout: 0.5
2024-03-02 20:04:24,198 - aligned_method: conv1d
2024-03-02 20:04:24,198 - num_train_epochs: 100
2024-03-02 20:04:24,198 - lr: 8e-06
2024-03-02 20:04:24,198 - pred_output_path: /home/sharing/disk2/sjh/Outputs/MIntRec2/msz_MIntRec2_multi-class_seed-2_2024-03-02-20-04-23
2024-03-02 20:04:24,198 - model_output_path: /home/sharing/disk2/sjh/Outputs/MIntRec2/msz_MIntRec2_multi-class_seed-2_2024-03-02-20-04-23/models
2024-03-02 20:04:24,199 - num_labels: 30
2024-03-02 20:04:24,199 - text_feat_dim: 768
2024-03-02 20:04:24,199 - video_feat_dim: 256
2024-03-02 20:04:24,199 - audio_feat_dim: 768
2024-03-02 20:04:24,199 - text_seq_len: 50
2024-03-02 20:04:24,199 - video_seq_len: 180
2024-03-02 20:04:24,199 - audio_seq_len: 400
2024-03-02 20:04:24,199 - device: cuda:3
2024-03-02 20:04:24,199 - ============================== End Params ==============================
2024-03-02 20:04:24,217 - Generate Text Features Begin...
2024-03-02 20:04:25,873 - Generate Text Features Finished...
2024-03-02 20:04:25,874 - Load Video Features Begin...
2024-03-02 20:04:26,977 - Load Video Features Finished...
2024-03-02 20:04:28,739 - Load Audio Features Begin...
2024-03-02 20:04:32,608 - Load Audio Features Finished...
2024-03-02 20:04:42,534 - method  begins...
2024-03-02 20:04:44,028 - Multimodal intent recognition begins...
2024-03-02 20:04:44,028 - Training begins...
2024-03-02 20:06:07,663 - ***** Epoch: 1: Eval results *****
2024-03-02 20:06:07,663 -   train_loss = 2.4126
2024-03-02 20:06:07,663 -   best_eval_score = 0.0
2024-03-02 20:06:07,663 -   eval_score = 0.3642
2024-03-02 20:07:31,655 - ***** Epoch: 2: Eval results *****
2024-03-02 20:07:31,656 -   train_loss = 1.515
2024-03-02 20:07:31,656 -   best_eval_score = 0.3642
2024-03-02 20:07:31,656 -   eval_score = 0.4293
2024-03-02 20:08:54,715 - ***** Epoch: 3: Eval results *****
2024-03-02 20:08:54,715 -   train_loss = 1.1793
2024-03-02 20:08:54,715 -   best_eval_score = 0.4293
2024-03-02 20:08:54,715 -   eval_score = 0.4744
2024-03-02 20:10:18,086 - ***** Epoch: 4: Eval results *****
2024-03-02 20:10:18,086 -   train_loss = 0.8941
2024-03-02 20:10:18,086 -   best_eval_score = 0.4744
2024-03-02 20:10:18,086 -   eval_score = 0.4847
2024-03-02 20:11:41,990 - ***** Epoch: 5: Eval results *****
2024-03-02 20:11:41,990 -   train_loss = 0.6575
2024-03-02 20:11:41,990 -   best_eval_score = 0.4847
2024-03-02 20:11:41,990 -   eval_score = 0.4833
2024-03-02 20:11:41,990 - EarlyStopping counter: 1 out of 8
2024-03-02 20:13:04,887 - ***** Epoch: 6: Eval results *****
2024-03-02 20:13:04,887 -   train_loss = 0.4775
2024-03-02 20:13:04,887 -   best_eval_score = 0.4847
2024-03-02 20:13:04,887 -   eval_score = 0.5094
2024-03-02 20:14:28,126 - ***** Epoch: 7: Eval results *****
2024-03-02 20:14:28,127 -   train_loss = 0.3435
2024-03-02 20:14:28,127 -   best_eval_score = 0.5094
2024-03-02 20:14:28,127 -   eval_score = 0.511
2024-03-02 20:15:51,848 - ***** Epoch: 8: Eval results *****
2024-03-02 20:15:51,848 -   train_loss = 0.2399
2024-03-02 20:15:51,848 -   best_eval_score = 0.511
2024-03-02 20:15:51,848 -   eval_score = 0.5118
2024-03-02 20:17:14,687 - ***** Epoch: 9: Eval results *****
2024-03-02 20:17:14,687 -   train_loss = 0.176
2024-03-02 20:17:14,687 -   best_eval_score = 0.5118
2024-03-02 20:17:14,687 -   eval_score = 0.4938
2024-03-02 20:17:14,687 - EarlyStopping counter: 1 out of 8
2024-03-02 20:18:37,828 - ***** Epoch: 10: Eval results *****
2024-03-02 20:18:37,828 -   train_loss = 0.1455
2024-03-02 20:18:37,828 -   best_eval_score = 0.5118
2024-03-02 20:18:37,828 -   eval_score = 0.4976
2024-03-02 20:18:37,828 - EarlyStopping counter: 2 out of 8
2024-03-02 20:20:01,796 - ***** Epoch: 11: Eval results *****
2024-03-02 20:20:01,796 -   train_loss = 0.0902
2024-03-02 20:20:01,796 -   best_eval_score = 0.5118
2024-03-02 20:20:01,797 -   eval_score = 0.5169
2024-03-02 20:21:25,040 - ***** Epoch: 12: Eval results *****
2024-03-02 20:21:25,040 -   train_loss = 0.0752
2024-03-02 20:21:25,040 -   best_eval_score = 0.5169
2024-03-02 20:21:25,040 -   eval_score = 0.5137
2024-03-02 20:21:25,040 - EarlyStopping counter: 1 out of 8
2024-03-02 20:22:48,394 - ***** Epoch: 13: Eval results *****
2024-03-02 20:22:48,394 -   train_loss = 0.072
2024-03-02 20:22:48,394 -   best_eval_score = 0.5169
2024-03-02 20:22:48,394 -   eval_score = 0.5124
2024-03-02 20:22:48,394 - EarlyStopping counter: 2 out of 8
2024-03-02 20:24:11,732 - ***** Epoch: 14: Eval results *****
2024-03-02 20:24:11,732 -   train_loss = 0.0661
2024-03-02 20:24:11,732 -   best_eval_score = 0.5169
2024-03-02 20:24:11,732 -   eval_score = 0.5148
2024-03-02 20:24:11,732 - EarlyStopping counter: 3 out of 8
2024-03-02 20:25:34,661 - ***** Epoch: 15: Eval results *****
2024-03-02 20:25:34,661 -   train_loss = 0.0613
2024-03-02 20:25:34,661 -   best_eval_score = 0.5169
2024-03-02 20:25:34,661 -   eval_score = 0.5153
2024-03-02 20:25:34,661 - EarlyStopping counter: 4 out of 8
2024-03-02 20:26:57,778 - ***** Epoch: 16: Eval results *****
2024-03-02 20:26:57,778 -   train_loss = 0.0623
2024-03-02 20:26:57,778 -   best_eval_score = 0.5169
2024-03-02 20:26:57,778 -   eval_score = 0.5236
2024-03-02 20:28:19,596 - ***** Epoch: 17: Eval results *****
2024-03-02 20:28:19,596 -   train_loss = 0.0588
2024-03-02 20:28:19,596 -   best_eval_score = 0.5236
2024-03-02 20:28:19,596 -   eval_score = 0.5157
2024-03-02 20:28:19,596 - EarlyStopping counter: 1 out of 8
2024-03-02 20:29:42,443 - ***** Epoch: 18: Eval results *****
2024-03-02 20:29:42,443 -   train_loss = 0.0563
2024-03-02 20:29:42,444 -   best_eval_score = 0.5236
2024-03-02 20:29:42,444 -   eval_score = 0.5107
2024-03-02 20:29:42,444 - EarlyStopping counter: 2 out of 8
2024-03-02 20:31:04,805 - ***** Epoch: 19: Eval results *****
2024-03-02 20:31:04,805 -   train_loss = 0.0541
2024-03-02 20:31:04,805 -   best_eval_score = 0.5236
2024-03-02 20:31:04,805 -   eval_score = 0.5257
2024-03-02 20:32:26,912 - ***** Epoch: 20: Eval results *****
2024-03-02 20:32:26,912 -   train_loss = 0.0485
2024-03-02 20:32:26,912 -   best_eval_score = 0.5257
2024-03-02 20:32:26,912 -   eval_score = 0.522
2024-03-02 20:32:26,912 - EarlyStopping counter: 1 out of 8
2024-03-02 20:33:50,397 - ***** Epoch: 21: Eval results *****
2024-03-02 20:33:50,397 -   train_loss = 0.0497
2024-03-02 20:33:50,397 -   best_eval_score = 0.5257
2024-03-02 20:33:50,397 -   eval_score = 0.5215
2024-03-02 20:33:50,397 - EarlyStopping counter: 2 out of 8
2024-03-02 20:35:12,692 - ***** Epoch: 22: Eval results *****
2024-03-02 20:35:12,692 -   train_loss = 0.0491
2024-03-02 20:35:12,692 -   best_eval_score = 0.5257
2024-03-02 20:35:12,692 -   eval_score = 0.5221
2024-03-02 20:35:12,692 - EarlyStopping counter: 3 out of 8
2024-03-02 20:36:35,867 - ***** Epoch: 23: Eval results *****
2024-03-02 20:36:35,867 -   train_loss = 0.0464
2024-03-02 20:36:35,867 -   best_eval_score = 0.5257
2024-03-02 20:36:35,868 -   eval_score = 0.5223
2024-03-02 20:36:35,868 - EarlyStopping counter: 4 out of 8
2024-03-02 20:37:58,717 - ***** Epoch: 24: Eval results *****
2024-03-02 20:37:58,717 -   train_loss = 0.0509
2024-03-02 20:37:58,717 -   best_eval_score = 0.5257
2024-03-02 20:37:58,717 -   eval_score = 0.5249
2024-03-02 20:37:58,717 - EarlyStopping counter: 5 out of 8
2024-03-02 20:39:21,751 - ***** Epoch: 25: Eval results *****
2024-03-02 20:39:21,751 -   train_loss = 0.049
2024-03-02 20:39:21,751 -   best_eval_score = 0.5257
2024-03-02 20:39:21,751 -   eval_score = 0.5246
2024-03-02 20:39:21,751 - EarlyStopping counter: 6 out of 8
2024-03-02 20:40:44,616 - ***** Epoch: 26: Eval results *****
2024-03-02 20:40:44,616 -   train_loss = 0.0491
2024-03-02 20:40:44,616 -   best_eval_score = 0.5257
2024-03-02 20:40:44,617 -   eval_score = 0.5243
2024-03-02 20:40:44,617 - EarlyStopping counter: 7 out of 8
2024-03-02 20:42:08,142 - ***** Epoch: 27: Eval results *****
2024-03-02 20:42:08,142 -   train_loss = 0.0491
2024-03-02 20:42:08,142 -   best_eval_score = 0.5257
2024-03-02 20:42:08,142 -   eval_score = 0.523
2024-03-02 20:42:08,142 - EarlyStopping counter: 8 out of 8
2024-03-02 20:42:08,142 - EarlyStopping at epoch 27
2024-03-02 20:42:08,143 - Trained models are saved in /home/sharing/disk2/sjh/Outputs/MIntRec2/msz_MIntRec2_multi-class_seed-2_2024-03-02-20-04-23/models
2024-03-02 20:42:09,086 - Training is finished...
2024-03-02 20:42:09,086 - Testing begins...
2024-03-02 20:42:20,599 - ***** Test: Confusion Matrix *****
2024-03-02 20:42:20,600 - [[ 46   0  17   0   0   0   0   0   0   0   2   0   0   0   0   1   0   1
    0   0   0   0   0   1   0   0   0   0   0   0]
 [  0  53   1   0  11   2   6   0   1   0   2   0   4   0   4   0   0   8
    0   1   0   0   1   0   1   0   0   2   0   0]
 [  8   0  38   0   1   0   0   0   0   0   1   0   0   4   3   1   0   2
    0   0   0   2   0   1   3   0   0   0   0   0]
 [  0   0   0  60   0   0   0   1   0   0   0   0   0   0   1   0   0   1
    0   0   0   1   0   0   0   0   0   1   0   0]
 [  0   4   0   0  33   1   0   0   0   0   0   0   0   0   0   0   0   6
    0   1   0   1   0   1   1   0   0   2   0   1]
 [  0   2   0   0   1  25   0   1   0   0   1   0   0   0   1   0   0   5
    0   0   0   0   0   1   0   0   0   0   0   0]
 [  0   1   0   0   0   3  27   7   0   2   4   0   4   0   0   0   0   0
    0   0   0   0   0   0   0   0   0   0   0   0]
 [  0   1   0   0   0   0   7  23   0   1   6   0   5   0   0   0   2   0
    0   0   0   0   1   0   0   0   0   1   0   0]
 [  1   2   2   3   1   0   0   0  22   0   0   0   1   1   3   2   0   4
    0   0   0   0   5   0   2   0   0   0   0   0]
 [  0   1   0   1   0   0   0   0   3  53   0   4   9   1  12   0   0   7
    2   0   0   1   2   1   3   1   1   3   0   2]
 [  2   0   0   0   0   3   5   2   0   2  44   0  27   0   2   0   0   2
    0   2   0   0   0   0   1   0   0   1   0   0]
 [  0   0   0   0   0   0   1   1   0   8   1  18   6   0   1   0   0   1
    1   0   0   0   3   0   1   0   0   4   0   1]
 [  0   0   0   0   0   1   5  10   0   7  25   0  81   0   0   0   2   0
    0   1   0   0   1   0   0   0   0   2   0   0]
 [  0   0   2   0   1   0   0   0   0   2   0   0   0   2   5   1   0   1
    2   0   0   0   1   0   0   0   0   0   0   0]
 [  0   2   3   0   0   1   0   0   2   6   2   1   0   3 128   1   0  21
    3   0   2   1   8   0   4   0   0   4   0   1]
 [  0   0   1   0   1   0   0   0   0   4   0   0   0   0   2   4   0   3
    2   0   0   1   0   1   0   0   0   2   1   0]
 [  0   0   0   0   1   0   1   0   0   0   1   0   3   0   0   1  56   1
    2   0   0   0   0   0   0   0   0   0   0   0]
 [  0   4   1   0   6   3   0   0   2  11   4   2   0   0  21   3   0 123
    7   2   3   5   6   6   1   1   1   2   1   2]
 [  0   2   1   0   0   0   0   0   1   3   2   0   0   0   9   0   1  10
   26   2   2   0   0   0   1   0   0   0   0   0]
 [  0   4   0   0   1   0   3   0   0   0   0   0   0   0   0   0   0   0
    0   8   0   1   0   0   0   0   0   0   0   0]
 [  0   1   2   0   1   0   0   0   0   0   0   1   1   0   3   0   0   4
    5   0   6   0   0   1   0   0   0   3   0   1]
 [  6   1   1   0   0   0   0   0   0   2   0   0   0   0   0   0   4   0
    0   1   2  26   1   5   0   1   0   1   0   2]
 [  0   0   1   1   0   0   0   1   1   5   0   3   0   1  13   0   0   3
    0   0   0   2  76   0   1   2   5   2   0   0]
 [  0   3   1   0   1   1   0   0   0   2   0   0   0   0   1   0   0   7
    0   0   1   3   0  18   0   0   0   0   0   0]
 [  2   1   1   0   0   0   0   0   0   1   1   2   0   0   2   0   0   3
    1   0   0   0   1   1  90   0   0   6   1   0]
 [  1   0   0   0   1   0   0   0   0   0   0   0   0   0   0   1   0   1
    0   0   0   0   3   0   1  21   1   0   0   1]
 [  0   0   0   0   0   0   0   0   0   2   0   0   0   1   1   0   0   4
    0   0   0   1   2   0   0   0   4   0   2   0]
 [  0   2   1   0   0   0   0   1   2   7   3   4   3   0   3   0   0   2
    1   0   3   0   1   0   7   1   0  15   1   1]
 [  0   0   0   0   0   0   0   0   0   0   0   0   0   0   0   0   1   0
    0   0   0   0   0   0   0   0   1   0  56   0]
 [  0   2   0   0   1   0   0   0   1   1   1   1   0   0   0   0   0   4
    1   0   0   1   0   0   1   1   0   0   0   4]]
2024-03-02 20:42:20,600 - ***** Evaluation results *****
2024-03-02 20:42:20,600 -   acc = 0.5834
2024-03-02 20:42:20,600 -   f1 = 0.5291
2024-03-02 20:42:20,600 -   prec = 0.5381
2024-03-02 20:42:20,601 -   rec = 0.5254
2024-03-02 20:42:20,601 - Testing is finished...
2024-03-02 20:42:20,601 - Multimodal intent recognition is finished...
2024-03-02 20:42:20,601 - Results are saved in results/msz.csv
