2024-01-15 07:49:56,585 - ============================== Params ==============================
2024-01-15 07:49:56,585 - logger_name: msz_MIntRec_multi-class_seed-2_2024-01-15-07-49-56
2024-01-15 07:49:56,585 - dataset: MIntRec
2024-01-15 07:49:56,585 - data_mode: multi-class
2024-01-15 07:49:56,585 - method: msz
2024-01-15 07:49:56,585 - text_backbone: bert-base-uncased
2024-01-15 07:49:56,585 - text_backbone_path: /home/sharing/disk1/pretrained_embedding/bert/uncased_L-12_H-768_A-12/
2024-01-15 07:49:56,585 - seed: 2
2024-01-15 07:49:56,585 - num_workers: 8
2024-01-15 07:49:56,585 - gpu_id: 1
2024-01-15 07:49:56,585 - data_path: /home/sharing/disk2/sjh/intentDataset
2024-01-15 07:49:56,585 - train: True
2024-01-15 07:49:56,585 - tune: False
2024-01-15 07:49:56,585 - save_model: False
2024-01-15 07:49:56,585 - save_results: True
2024-01-15 07:49:56,585 - log_path: logs
2024-01-15 07:49:56,585 - cache_path: 
2024-01-15 07:49:56,585 - video_data_path: video_data
2024-01-15 07:49:56,585 - audio_data_path: audio_data
2024-01-15 07:49:56,585 - video_feats_path: video_feats.pkl
2024-01-15 07:49:56,586 - audio_feats_path: audio_feats.pkl
2024-01-15 07:49:56,586 - results_path: results
2024-01-15 07:49:56,586 - output_path: /home/sharing/disk2/sjh/Outputs/MIntRec
2024-01-15 07:49:56,586 - model_path: models
2024-01-15 07:49:56,586 - config_file_name: msz
2024-01-15 07:49:56,586 - results_file_name: msz.csv
2024-01-15 07:49:56,586 - padding_mode: zero
2024-01-15 07:49:56,586 - padding_loc: end
2024-01-15 07:49:56,586 - need_aligned: False
2024-01-15 07:49:56,586 - eval_monitor: f1
2024-01-15 07:49:56,586 - train_batch_size: 16
2024-01-15 07:49:56,586 - eval_batch_size: 8
2024-01-15 07:49:56,586 - test_batch_size: 8
2024-01-15 07:49:56,586 - wait_patience: 8
2024-01-15 07:49:56,586 - hidden_size: 768
2024-01-15 07:49:56,586 - num_attention_heads: 12
2024-01-15 07:49:56,586 - attention_probs_dropout_prob: 0.2
2024-01-15 07:49:56,586 - hidden_dropout_prob: 0.2
2024-01-15 07:49:56,586 - intermediate_size: 768
2024-01-15 07:49:56,586 - num_hidden_layers: 8
2024-01-15 07:49:56,586 - max_position_embeddings: 768
2024-01-15 07:49:56,586 - position_embedding_type: absolute
2024-01-15 07:49:56,586 - batch_first: True
2024-01-15 07:49:56,586 - hidden_dims: 768
2024-01-15 07:49:56,586 - dropout: 0.1
2024-01-15 07:49:56,586 - aligned_method: conv1d
2024-01-15 07:49:56,586 - num_train_epochs: 100
2024-01-15 07:49:56,586 - warmup_proportion: 0.1
2024-01-15 07:49:56,586 - lr: 4e-06
2024-01-15 07:49:56,586 - weight_decay: 0.01
2024-01-15 07:49:56,586 - pred_output_path: /home/sharing/disk2/sjh/Outputs/MIntRec/msz_MIntRec_multi-class_seed-2_2024-01-15-07-49-56
2024-01-15 07:49:56,586 - model_output_path: /home/sharing/disk2/sjh/Outputs/MIntRec/msz_MIntRec_multi-class_seed-2_2024-01-15-07-49-56/models
2024-01-15 07:49:56,586 - ============================== End Params ==============================
2024-01-15 07:49:56,589 - Generate Text Features Begin...
2024-01-15 07:49:57,081 - Generate Text Features Finished...
2024-01-15 07:49:57,081 - Load Video Features Begin...
2024-01-15 07:49:57,392 - Load Video Features Finished...
2024-01-15 07:49:57,955 - Load Audio Features Begin...
2024-01-15 07:49:58,845 - Load Audio Features Finished...
2024-01-15 07:50:02,235 - method  begins...
2024-01-15 07:50:07,082 - Multimodal intent recognition begins...
2024-01-15 07:50:07,082 - Training begins...
2024-01-15 07:50:27,934 - ***** Epoch: 1: Eval results *****
2024-01-15 07:50:27,934 -   train_loss = 2.9367
2024-01-15 07:50:27,934 -   best_eval_score = 0.0
2024-01-15 07:50:27,934 -   eval_score = 0.0388
2024-01-15 07:50:48,312 - ***** Epoch: 2: Eval results *****
2024-01-15 07:50:48,312 -   train_loss = 2.7148
2024-01-15 07:50:48,312 -   best_eval_score = 0.0388
2024-01-15 07:50:48,312 -   eval_score = 0.1778
2024-01-15 07:51:07,455 - ***** Epoch: 3: Eval results *****
2024-01-15 07:51:07,455 -   train_loss = 2.2961
2024-01-15 07:51:07,456 -   best_eval_score = 0.1778
2024-01-15 07:51:07,456 -   eval_score = 0.3213
2024-01-15 07:51:26,633 - ***** Epoch: 4: Eval results *****
2024-01-15 07:51:26,633 -   train_loss = 1.7465
2024-01-15 07:51:26,633 -   best_eval_score = 0.3213
2024-01-15 07:51:26,634 -   eval_score = 0.477
2024-01-15 07:51:45,127 - ***** Epoch: 5: Eval results *****
2024-01-15 07:51:45,127 -   train_loss = 1.2922
2024-01-15 07:51:45,127 -   best_eval_score = 0.477
2024-01-15 07:51:45,127 -   eval_score = 0.5415
2024-01-15 07:52:05,337 - ***** Epoch: 6: Eval results *****
2024-01-15 07:52:05,337 -   train_loss = 0.9227
2024-01-15 07:52:05,338 -   best_eval_score = 0.5415
2024-01-15 07:52:05,338 -   eval_score = 0.6185
2024-01-15 07:52:24,019 - ***** Epoch: 7: Eval results *****
2024-01-15 07:52:24,019 -   train_loss = 0.6281
2024-01-15 07:52:24,019 -   best_eval_score = 0.6185
2024-01-15 07:52:24,019 -   eval_score = 0.6116
2024-01-15 07:52:24,019 - EarlyStopping counter: 1 out of 8
2024-01-15 07:52:43,835 - ***** Epoch: 8: Eval results *****
2024-01-15 07:52:43,836 -   train_loss = 0.4128
2024-01-15 07:52:43,837 -   best_eval_score = 0.6185
2024-01-15 07:52:43,837 -   eval_score = 0.6318
2024-01-15 07:53:02,612 - ***** Epoch: 9: Eval results *****
2024-01-15 07:53:02,612 -   train_loss = 0.2546
2024-01-15 07:53:02,613 -   best_eval_score = 0.6318
2024-01-15 07:53:02,613 -   eval_score = 0.6791
2024-01-15 07:53:21,889 - ***** Epoch: 10: Eval results *****
2024-01-15 07:53:21,889 -   train_loss = 0.1509
2024-01-15 07:53:21,889 -   best_eval_score = 0.6791
2024-01-15 07:53:21,889 -   eval_score = 0.684
2024-01-15 07:53:42,773 - ***** Epoch: 11: Eval results *****
2024-01-15 07:53:42,773 -   train_loss = 0.0982
2024-01-15 07:53:42,774 -   best_eval_score = 0.684
2024-01-15 07:53:42,774 -   eval_score = 0.6835
2024-01-15 07:53:42,774 - EarlyStopping counter: 1 out of 8
2024-01-15 07:54:01,406 - ***** Epoch: 12: Eval results *****
2024-01-15 07:54:01,406 -   train_loss = 0.0606
2024-01-15 07:54:01,406 -   best_eval_score = 0.684
2024-01-15 07:54:01,406 -   eval_score = 0.6748
2024-01-15 07:54:01,406 - EarlyStopping counter: 2 out of 8
2024-01-15 07:54:21,087 - ***** Epoch: 13: Eval results *****
2024-01-15 07:54:21,087 -   train_loss = 0.0437
2024-01-15 07:54:21,087 -   best_eval_score = 0.684
2024-01-15 07:54:21,087 -   eval_score = 0.6741
2024-01-15 07:54:21,087 - EarlyStopping counter: 3 out of 8
2024-01-15 07:54:39,325 - ***** Epoch: 14: Eval results *****
2024-01-15 07:54:39,326 -   train_loss = 0.0351
2024-01-15 07:54:39,326 -   best_eval_score = 0.684
2024-01-15 07:54:39,326 -   eval_score = 0.6838
2024-01-15 07:54:39,326 - EarlyStopping counter: 4 out of 8
2024-01-15 07:54:58,238 - ***** Epoch: 15: Eval results *****
2024-01-15 07:54:58,238 -   train_loss = 0.025
2024-01-15 07:54:58,238 -   best_eval_score = 0.684
2024-01-15 07:54:58,238 -   eval_score = 0.6878
2024-01-15 07:55:16,698 - ***** Epoch: 16: Eval results *****
2024-01-15 07:55:16,698 -   train_loss = 0.0192
2024-01-15 07:55:16,698 -   best_eval_score = 0.6878
2024-01-15 07:55:16,698 -   eval_score = 0.6884
2024-01-15 07:55:36,168 - ***** Epoch: 17: Eval results *****
2024-01-15 07:55:36,169 -   train_loss = 0.0153
2024-01-15 07:55:36,169 -   best_eval_score = 0.6884
2024-01-15 07:55:36,169 -   eval_score = 0.6903
2024-01-15 07:55:54,871 - ***** Epoch: 18: Eval results *****
2024-01-15 07:55:54,871 -   train_loss = 0.0144
2024-01-15 07:55:54,871 -   best_eval_score = 0.6903
2024-01-15 07:55:54,871 -   eval_score = 0.6863
2024-01-15 07:55:54,871 - EarlyStopping counter: 1 out of 8
2024-01-15 07:56:14,244 - ***** Epoch: 19: Eval results *****
2024-01-15 07:56:14,244 -   train_loss = 0.0112
2024-01-15 07:56:14,244 -   best_eval_score = 0.6903
2024-01-15 07:56:14,244 -   eval_score = 0.6919
2024-01-15 07:56:35,463 - ***** Epoch: 20: Eval results *****
2024-01-15 07:56:35,464 -   train_loss = 0.0096
2024-01-15 07:56:35,464 -   best_eval_score = 0.6919
2024-01-15 07:56:35,464 -   eval_score = 0.6936
2024-01-15 07:56:54,513 - ***** Epoch: 21: Eval results *****
2024-01-15 07:56:54,513 -   train_loss = 0.009
2024-01-15 07:56:54,513 -   best_eval_score = 0.6936
2024-01-15 07:56:54,513 -   eval_score = 0.6905
2024-01-15 07:56:54,514 - EarlyStopping counter: 1 out of 8
2024-01-15 07:57:13,987 - ***** Epoch: 22: Eval results *****
2024-01-15 07:57:13,987 -   train_loss = 0.0091
2024-01-15 07:57:13,987 -   best_eval_score = 0.6936
2024-01-15 07:57:13,987 -   eval_score = 0.6782
2024-01-15 07:57:13,987 - EarlyStopping counter: 2 out of 8
2024-01-15 07:57:32,254 - ***** Epoch: 23: Eval results *****
2024-01-15 07:57:32,254 -   train_loss = 0.0102
2024-01-15 07:57:32,254 -   best_eval_score = 0.6936
2024-01-15 07:57:32,254 -   eval_score = 0.6857
2024-01-15 07:57:32,254 - EarlyStopping counter: 3 out of 8
2024-01-15 07:57:51,527 - ***** Epoch: 24: Eval results *****
2024-01-15 07:57:51,527 -   train_loss = 0.0066
2024-01-15 07:57:51,527 -   best_eval_score = 0.6936
2024-01-15 07:57:51,527 -   eval_score = 0.6897
2024-01-15 07:57:51,527 - EarlyStopping counter: 4 out of 8
2024-01-15 07:58:10,641 - ***** Epoch: 25: Eval results *****
2024-01-15 07:58:10,641 -   train_loss = 0.0057
2024-01-15 07:58:10,641 -   best_eval_score = 0.6936
2024-01-15 07:58:10,641 -   eval_score = 0.69
2024-01-15 07:58:10,641 - EarlyStopping counter: 5 out of 8
2024-01-15 07:58:31,473 - ***** Epoch: 26: Eval results *****
2024-01-15 07:58:31,473 -   train_loss = 0.0058
2024-01-15 07:58:31,473 -   best_eval_score = 0.6936
2024-01-15 07:58:31,473 -   eval_score = 0.6768
2024-01-15 07:58:31,473 - EarlyStopping counter: 6 out of 8
2024-01-15 07:58:53,487 - ***** Epoch: 27: Eval results *****
2024-01-15 07:58:53,488 -   train_loss = 0.0049
2024-01-15 07:58:53,488 -   best_eval_score = 0.6936
2024-01-15 07:58:53,488 -   eval_score = 0.692
2024-01-15 07:58:53,488 - EarlyStopping counter: 7 out of 8
2024-01-15 07:59:15,701 - ***** Epoch: 28: Eval results *****
2024-01-15 07:59:15,701 -   train_loss = 0.0044
2024-01-15 07:59:15,701 -   best_eval_score = 0.6936
2024-01-15 07:59:15,701 -   eval_score = 0.6856
2024-01-15 07:59:15,701 - EarlyStopping counter: 8 out of 8
2024-01-15 07:59:15,701 - EarlyStopping at epoch 28
2024-01-15 07:59:15,705 - Training is finished...
2024-01-15 07:59:15,705 - Testing begins...
2024-01-15 07:59:19,172 - ***** Test: Confusion Matrix *****
2024-01-15 07:59:19,173 - [[38  1  0  0  9  0  1  1  0  1  1  0  4  1  0  0  0  0  0  0]
 [ 0 35  0  1  0  2  2  0  0  0  0  0  3  0  0  0  0  0  0  0]
 [ 1  0 26  0  0  0  0  0  0  0  0  0  0  0  0  0  0  0  0  0]
 [ 0  1  0 24  0  0  0  0  0  0  0  0  0  0  0  0  0  0  0  0]
 [ 6  0  0  0 10  0  2  0  0  0  0  1  2  0  1  0  0  1  0  0]
 [ 0  0  0  0  0 11  0  0  0  0  0  0  1  0  0  0  0  0  0  0]
 [ 1  1  0  0  1  0  4  0  3  0  0  0  1  0  1  0  0  0  0  0]
 [ 3  0  0  0  0  1  0  5  1  0  0  0  0  0  0  0  0  0  0  0]
 [ 1  0  0  0  0  0  0  1  5  0  0  0  0  2  0  1  0  0  0  0]
 [ 1  0  0  0  1  0  0  0  0  3  1  0  0  0  0  3  0  1  0  0]
 [ 1  0  0  0  0  0  1  0  0  1 14  0  0  0  1  0  0  0  0  0]
 [ 0  0  0  0  0  0  1  0  0  0  0 17  0  0  0  0  0  0  0  1]
 [ 4  2  0  0  0  0  0  0  1  0  0  1 38  4  3  2  1  0  1  0]
 [ 0  0  0  0  0  0  2  0  0  0  1  1  1 17  3  0  0  0  0  0]
 [ 0  0  1  0  1  0  0  0  1  0  0  0  0  1 16  0  1  0  0  1]
 [ 0  0  0  0  0  0  0  1  0  0  0  0  4  0  0 15  0  0  0  1]
 [ 0  0  0  0  0  0  0  0  0  0  0  0  2  0  2  0 13  0  0  0]
 [ 0  0  0  0  0  0  0  0  0  1  2  0  2  0  0  0  0 10  0  0]
 [ 0  0  0  0  0  0  0  0  0  0  0  0  2  0  0  1  0  0  9  0]
 [ 0  0  0  0  0  0  0  0  0  0  0  0  1  1  1  0  2  0  0  5]]
2024-01-15 07:59:19,173 - ***** Evaluation results *****
2024-01-15 07:59:19,173 -   acc = 0.7079
2024-01-15 07:59:19,173 -   f1 = 0.6806
2024-01-15 07:59:19,173 -   prec = 0.6922
2024-01-15 07:59:19,173 -   rec = 0.6765
2024-01-15 07:59:19,173 - Testing is finished...
2024-01-15 07:59:19,173 - Multimodal intent recognition is finished...
2024-01-15 07:59:19,173 - Results are saved in results/msz.csv
