2024-03-09 19:04:39,072 - ============================== Params ==============================
2024-03-09 19:04:39,072 - logger_name: msz_MIntRec_multi-class_seed-1_2024-03-09-19-04-38
2024-03-09 19:04:39,072 - dataset: MIntRec
2024-03-09 19:04:39,073 - data_mode: multi-class
2024-03-09 19:04:39,073 - method: msz
2024-03-09 19:04:39,073 - text_backbone: bert-base-uncased
2024-03-09 19:04:39,073 - text_backbone_path: /home/sharing/disk1/pretrained_embedding/bert/uncased_L-12_H-768_A-12/
2024-03-09 19:04:39,073 - seed: 1
2024-03-09 19:04:39,073 - num_workers: 8
2024-03-09 19:04:39,073 - gpu_id: 2
2024-03-09 19:04:39,073 - data_path: /home/sharing/disk2/sjh/intentDataset
2024-03-09 19:04:39,073 - train: True
2024-03-09 19:04:39,073 - tune: True
2024-03-09 19:04:39,073 - save_model: False
2024-03-09 19:04:39,073 - save_results: True
2024-03-09 19:04:39,073 - log_path: logs
2024-03-09 19:04:39,073 - cache_path: 
2024-03-09 19:04:39,073 - video_data_path: video_data
2024-03-09 19:04:39,073 - audio_data_path: audio_data
2024-03-09 19:04:39,073 - video_feats_path: video_feats.pkl
2024-03-09 19:04:39,073 - audio_feats_path: audio_feats.pkl
2024-03-09 19:04:39,073 - results_path: results
2024-03-09 19:04:39,073 - output_path: /home/sharing/disk2/sjh/Outputs/MIntRec
2024-03-09 19:04:39,073 - model_path: models
2024-03-09 19:04:39,073 - config_file_name: msz_MIntRec
2024-03-09 19:04:39,073 - results_file_name: msz.csv
2024-03-09 19:04:39,073 - padding_mode: zero
2024-03-09 19:04:39,073 - padding_loc: end
2024-03-09 19:04:39,073 - need_aligned: False
2024-03-09 19:04:39,073 - eval_monitor: f1
2024-03-09 19:04:39,073 - train_batch_size: 16
2024-03-09 19:04:39,073 - eval_batch_size: 8
2024-03-09 19:04:39,073 - test_batch_size: 8
2024-03-09 19:04:39,073 - wait_patience: 8
2024-03-09 19:04:39,073 - hidden_dims: 768
2024-03-09 19:04:39,073 - intermediate_size: 768
2024-03-09 19:04:39,073 - position_embedding_type: absolute
2024-03-09 19:04:39,073 - batch_first: True
2024-03-09 19:04:39,073 - d_num_attention_heads: 8
2024-03-09 19:04:39,073 - d_attention_probs_dropout_prob: 0.2
2024-03-09 19:04:39,073 - d_hidden_dropout_prob: 0.2
2024-03-09 19:04:39,073 - d_num_hidden_layers: 10
2024-03-09 19:04:39,074 - d_max_position_embeddings: 768
2024-03-09 19:04:39,074 - m_num_attention_heads: 12
2024-03-09 19:04:39,074 - m_attention_probs_dropout_prob: 0.1
2024-03-09 19:04:39,074 - m_hidden_dropout_prob: 0.2
2024-03-09 19:04:39,074 - m_num_hidden_layers: 8
2024-03-09 19:04:39,074 - m_max_position_embeddings: 768
2024-03-09 19:04:39,074 - dropout: 0.2
2024-03-09 19:04:39,074 - aligned_method: conv1d
2024-03-09 19:04:39,074 - num_train_epochs: 100
2024-03-09 19:04:39,074 - lr: 1e-05
2024-03-09 19:04:39,074 - lr_mode: min
2024-03-09 19:04:39,074 - pred_output_path: /home/sharing/disk2/sjh/Outputs/MIntRec/msz_MIntRec_multi-class_seed-1_2024-03-09-19-04-38
2024-03-09 19:04:39,074 - model_output_path: /home/sharing/disk2/sjh/Outputs/MIntRec/msz_MIntRec_multi-class_seed-1_2024-03-09-19-04-38/models
2024-03-09 19:04:39,074 - num_labels: 20
2024-03-09 19:04:39,074 - text_feat_dim: 768
2024-03-09 19:04:39,074 - video_feat_dim: 256
2024-03-09 19:04:39,074 - audio_feat_dim: 768
2024-03-09 19:04:39,074 - text_seq_len: 30
2024-03-09 19:04:39,074 - video_seq_len: 230
2024-03-09 19:04:39,074 - audio_seq_len: 480
2024-03-09 19:04:39,074 - device: cuda:2
2024-03-09 19:04:39,074 - ============================== End Params ==============================
2024-03-09 19:04:39,077 - Generate Text Features Begin...
2024-03-09 19:04:39,526 - Generate Text Features Finished...
2024-03-09 19:04:39,526 - Load Video Features Begin...
2024-03-09 19:04:39,814 - Load Video Features Finished...
2024-03-09 19:04:40,297 - Load Audio Features Begin...
2024-03-09 19:04:41,070 - Load Audio Features Finished...
2024-03-09 19:04:43,238 - method  begins...
2024-03-09 19:04:45,055 - Multimodal intent recognition begins...
2024-03-09 19:04:45,055 - Training begins...
2024-03-09 19:05:06,789 - ***** Epoch: 1: Eval results *****
2024-03-09 19:05:06,789 -   train_loss = 2.4949
2024-03-09 19:05:06,789 -   best_eval_score = 0.0
2024-03-09 19:05:06,789 -   eval_score = 0.3749
2024-03-09 19:05:28,783 - ***** Epoch: 2: Eval results *****
2024-03-09 19:05:28,783 -   train_loss = 1.3106
2024-03-09 19:05:28,783 -   best_eval_score = 0.3749
2024-03-09 19:05:28,783 -   eval_score = 0.5706
2024-03-09 19:05:50,542 - ***** Epoch: 3: Eval results *****
2024-03-09 19:05:50,543 -   train_loss = 0.6439
2024-03-09 19:05:50,543 -   best_eval_score = 0.5706
2024-03-09 19:05:50,543 -   eval_score = 0.6126
2024-03-09 19:06:12,541 - ***** Epoch: 4: Eval results *****
2024-03-09 19:06:12,541 -   train_loss = 0.338
2024-03-09 19:06:12,541 -   best_eval_score = 0.6126
2024-03-09 19:06:12,541 -   eval_score = 0.6297
2024-03-09 19:06:34,746 - ***** Epoch: 5: Eval results *****
2024-03-09 19:06:34,746 -   train_loss = 0.1736
2024-03-09 19:06:34,746 -   best_eval_score = 0.6297
2024-03-09 19:06:34,746 -   eval_score = 0.6526
2024-03-09 19:06:56,947 - ***** Epoch: 6: Eval results *****
2024-03-09 19:06:56,947 -   train_loss = 0.1022
2024-03-09 19:06:56,948 -   best_eval_score = 0.6526
2024-03-09 19:06:56,948 -   eval_score = 0.6693
2024-03-09 19:07:18,804 - ***** Epoch: 7: Eval results *****
2024-03-09 19:07:18,804 -   train_loss = 0.0425
2024-03-09 19:07:18,804 -   best_eval_score = 0.6693
2024-03-09 19:07:18,804 -   eval_score = 0.6787
2024-03-09 19:07:40,928 - ***** Epoch: 8: Eval results *****
2024-03-09 19:07:40,928 -   train_loss = 0.024
2024-03-09 19:07:40,928 -   best_eval_score = 0.6787
2024-03-09 19:07:40,928 -   eval_score = 0.7014
2024-03-09 19:08:02,799 - ***** Epoch: 9: Eval results *****
2024-03-09 19:08:02,799 -   train_loss = 0.0149
2024-03-09 19:08:02,799 -   best_eval_score = 0.7014
2024-03-09 19:08:02,799 -   eval_score = 0.694
2024-03-09 19:08:02,799 - EarlyStopping counter: 1 out of 8
2024-03-09 19:08:24,733 - ***** Epoch: 10: Eval results *****
2024-03-09 19:08:24,733 -   train_loss = 0.0139
2024-03-09 19:08:24,733 -   best_eval_score = 0.7014
2024-03-09 19:08:24,733 -   eval_score = 0.688
2024-03-09 19:08:24,733 - EarlyStopping counter: 2 out of 8
2024-03-09 19:08:46,917 - ***** Epoch: 11: Eval results *****
2024-03-09 19:08:46,917 -   train_loss = 0.0081
2024-03-09 19:08:46,917 -   best_eval_score = 0.7014
2024-03-09 19:08:46,917 -   eval_score = 0.6944
2024-03-09 19:08:46,917 - EarlyStopping counter: 3 out of 8
2024-03-09 19:09:09,278 - ***** Epoch: 12: Eval results *****
2024-03-09 19:09:09,279 -   train_loss = 0.0084
2024-03-09 19:09:09,279 -   best_eval_score = 0.7014
2024-03-09 19:09:09,279 -   eval_score = 0.6965
2024-03-09 19:09:09,279 - EarlyStopping counter: 4 out of 8
2024-03-09 19:09:31,450 - ***** Epoch: 13: Eval results *****
2024-03-09 19:09:31,450 -   train_loss = 0.0081
2024-03-09 19:09:31,450 -   best_eval_score = 0.7014
2024-03-09 19:09:31,450 -   eval_score = 0.6893
2024-03-09 19:09:31,450 - EarlyStopping counter: 5 out of 8
2024-03-09 19:09:53,401 - ***** Epoch: 14: Eval results *****
2024-03-09 19:09:53,402 -   train_loss = 0.0084
2024-03-09 19:09:53,402 -   best_eval_score = 0.7014
2024-03-09 19:09:53,402 -   eval_score = 0.6903
2024-03-09 19:09:53,402 - EarlyStopping counter: 6 out of 8
2024-03-09 19:10:15,956 - ***** Epoch: 15: Eval results *****
2024-03-09 19:10:15,957 -   train_loss = 0.0078
2024-03-09 19:10:15,957 -   best_eval_score = 0.7014
2024-03-09 19:10:15,957 -   eval_score = 0.6857
2024-03-09 19:10:15,957 - EarlyStopping counter: 7 out of 8
2024-03-09 19:10:37,641 - ***** Epoch: 16: Eval results *****
2024-03-09 19:10:37,641 -   train_loss = 0.0074
2024-03-09 19:10:37,641 -   best_eval_score = 0.7014
2024-03-09 19:10:37,641 -   eval_score = 0.6845
2024-03-09 19:10:37,641 - EarlyStopping counter: 8 out of 8
2024-03-09 19:10:37,641 - EarlyStopping at epoch 16
2024-03-09 19:10:37,645 - Training is finished...
2024-03-09 19:10:37,645 - Testing begins...
2024-03-09 19:10:41,544 - ***** Test: Confusion Matrix *****
2024-03-09 19:10:41,546 - [[36  3  0  0 11  0  0  1  0  1  1  0  3  1  0  0  0  0  0  0]
 [ 0 34  0  1  0  2  1  1  1  0  1  0  2  0  0  0  0  0  0  0]
 [ 1  0 26  0  0  0  0  0  0  0  0  0  0  0  0  0  0  0  0  0]
 [ 0  1  0 24  0  0  0  0  0  0  0  0  0  0  0  0  0  0  0  0]
 [ 4  0  0  0 14  0  2  0  0  0  0  1  1  0  1  0  0  0  0  0]
 [ 0  0  0  0  0 11  0  0  0  0  0  0  1  0  0  0  0  0  0  0]
 [ 1  1  0  0  3  0  3  0  2  0  0  0  1  0  0  0  1  0  0  0]
 [ 3  0  0  0  0  0  0  4  1  2  0  0  0  0  0  0  0  0  0  0]
 [ 1  0  0  0  1  0  0  1  5  0  0  0  0  2  0  0  0  0  0  0]
 [ 1  0  0  0  0  0  1  0  0  4  1  0  0  0  0  2  0  1  0  0]
 [ 1  0  0  0  0  0  1  0  0  2 13  0  0  0  1  0  0  0  0  0]
 [ 0  0  0  0  0  0  1  0  0  0  0 16  0  0  0  0  0  0  1  1]
 [ 3  3  0  2  1  0  0  1  0  0  0  1 35  3  5  0  1  0  0  2]
 [ 0  0  0  0  0  0  2  1  0  0  1  1  0 19  1  0  0  0  0  0]
 [ 0  0  0  0  1  0  0  0  0  0  0  0  0  2 15  0  1  0  0  3]
 [ 0  0  0  0  0  0  0  1  0  0  0  0  4  0  0 15  0  0  0  1]
 [ 0  0  0  0  0  0  0  1  0  0  0  0  1  0  2  0 13  0  0  0]
 [ 0  0  0  0  0  0  0  0  0  1  0  0  2  0  0  0  0 12  0  0]
 [ 0  0  0  0  0  0  0  0  0  0  0  0  2  0  0  0  0  0 10  0]
 [ 0  0  0  0  0  0  0  0  0  0  0  0  0  0  1  0  1  0  0  8]]
2024-03-09 19:10:41,546 - ***** Evaluation results *****
2024-03-09 19:10:41,546 -   acc = 0.7124
2024-03-09 19:10:41,547 -   f1 = 0.6921
2024-03-09 19:10:41,547 -   prec = 0.6934
2024-03-09 19:10:41,547 -   rec = 0.6977
2024-03-09 19:10:41,547 - Testing is finished...
2024-03-09 19:10:41,547 - Multimodal intent recognition is finished...
2024-03-09 19:10:41,547 - Results are saved in results/msz.csv
