2024-03-13 09:48:03,040 - ============================== Params ==============================
2024-03-13 09:48:03,040 - logger_name: msz_MIntRec2_multi-class_seed-1_2024-03-13-09-48-02
2024-03-13 09:48:03,041 - dataset: MIntRec2
2024-03-13 09:48:03,041 - data_mode: multi-class
2024-03-13 09:48:03,041 - method: msz
2024-03-13 09:48:03,041 - text_backbone: bert-base-uncased
2024-03-13 09:48:03,041 - text_backbone_path: /home/sharing/disk1/pretrained_embedding/bert/uncased_L-12_H-768_A-12/
2024-03-13 09:48:03,041 - seed: 1
2024-03-13 09:48:03,041 - num_workers: 8
2024-03-13 09:48:03,041 - gpu_id: 3
2024-03-13 09:48:03,041 - data_path: /home/sharing/disk2/sjh/intentDataset
2024-03-13 09:48:03,041 - train: True
2024-03-13 09:48:03,041 - tune: True
2024-03-13 09:48:03,041 - save_model: False
2024-03-13 09:48:03,041 - save_results: True
2024-03-13 09:48:03,041 - log_path: logs
2024-03-13 09:48:03,041 - cache_path: 
2024-03-13 09:48:03,041 - video_data_path: video_data
2024-03-13 09:48:03,041 - audio_data_path: audio_data
2024-03-13 09:48:03,041 - video_feats_path: video_feats.pkl
2024-03-13 09:48:03,041 - audio_feats_path: audio_feats.pkl
2024-03-13 09:48:03,041 - results_path: results
2024-03-13 09:48:03,042 - output_path: /home/sharing/disk2/sjh/Outputs/MIntRec2
2024-03-13 09:48:03,042 - model_path: models
2024-03-13 09:48:03,042 - config_file_name: msz_MIntRec2
2024-03-13 09:48:03,042 - results_file_name: msz.csv
2024-03-13 09:48:03,042 - padding_mode: zero
2024-03-13 09:48:03,042 - padding_loc: end
2024-03-13 09:48:03,042 - need_aligned: False
2024-03-13 09:48:03,042 - eval_monitor: f1
2024-03-13 09:48:03,042 - train_batch_size: 32
2024-03-13 09:48:03,042 - eval_batch_size: 16
2024-03-13 09:48:03,042 - test_batch_size: 16
2024-03-13 09:48:03,042 - wait_patience: 8
2024-03-13 09:48:03,042 - hidden_dims: 768
2024-03-13 09:48:03,042 - num_attention_heads: 6
2024-03-13 09:48:03,042 - attention_probs_dropout_prob: 0.4
2024-03-13 09:48:03,042 - hidden_dropout_prob: 0.5
2024-03-13 09:48:03,042 - intermediate_size: 768
2024-03-13 09:48:03,042 - num_hidden_layers: 6
2024-03-13 09:48:03,042 - max_position_embeddings: 900
2024-03-13 09:48:03,042 - position_embedding_type: absolute
2024-03-13 09:48:03,042 - batch_first: True
2024-03-13 09:48:03,042 - dropout: 0.2
2024-03-13 09:48:03,042 - aligned_method: conv1d
2024-03-13 09:48:03,042 - num_train_epochs: 100
2024-03-13 09:48:03,042 - lr: 4e-06
2024-03-13 09:48:03,042 - lr_mode: min
2024-03-13 09:48:03,042 - pred_output_path: /home/sharing/disk2/sjh/Outputs/MIntRec2/msz_MIntRec2_multi-class_seed-1_2024-03-13-09-48-02
2024-03-13 09:48:03,042 - model_output_path: /home/sharing/disk2/sjh/Outputs/MIntRec2/msz_MIntRec2_multi-class_seed-1_2024-03-13-09-48-02/models
2024-03-13 09:48:03,043 - num_labels: 30
2024-03-13 09:48:03,043 - text_feat_dim: 768
2024-03-13 09:48:03,043 - video_feat_dim: 256
2024-03-13 09:48:03,043 - audio_feat_dim: 768
2024-03-13 09:48:03,043 - text_seq_len: 50
2024-03-13 09:48:03,043 - video_seq_len: 180
2024-03-13 09:48:03,043 - audio_seq_len: 400
2024-03-13 09:48:03,043 - device: cuda:3
2024-03-13 09:48:03,043 - ============================== End Params ==============================
2024-03-13 09:48:03,200 - Generate Text Features Begin...
2024-03-13 09:48:05,793 - Generate Text Features Finished...
2024-03-13 09:48:05,795 - Load Video Features Begin...
2024-03-13 09:49:09,183 - Load Video Features Finished...
2024-03-13 09:49:12,000 - Load Audio Features Begin...
2024-03-13 09:50:44,253 - Load Audio Features Finished...
2024-03-13 09:51:00,968 - method  begins...
2024-03-13 09:51:03,805 - Multimodal intent recognition begins...
2024-03-13 09:51:03,805 - Training begins...
2024-03-13 09:52:14,117 - ***** Epoch: 1: Eval results *****
2024-03-13 09:52:14,117 -   train_loss = 2.9076
2024-03-13 09:52:14,117 -   best_eval_score = 0.0
2024-03-13 09:52:14,117 -   eval_score = 0.2364
2024-03-13 09:53:24,764 - ***** Epoch: 2: Eval results *****
2024-03-13 09:53:24,764 -   train_loss = 1.9677
2024-03-13 09:53:24,764 -   best_eval_score = 0.2364
2024-03-13 09:53:24,764 -   eval_score = 0.3435
2024-03-13 09:54:36,126 - ***** Epoch: 3: Eval results *****
2024-03-13 09:54:36,127 -   train_loss = 1.5272
2024-03-13 09:54:36,127 -   best_eval_score = 0.3435
2024-03-13 09:54:36,127 -   eval_score = 0.4007
2024-03-13 09:55:47,493 - ***** Epoch: 4: Eval results *****
2024-03-13 09:55:47,493 -   train_loss = 1.2854
2024-03-13 09:55:47,493 -   best_eval_score = 0.4007
2024-03-13 09:55:47,493 -   eval_score = 0.4536
2024-03-13 09:56:57,776 - ***** Epoch: 5: Eval results *****
2024-03-13 09:56:57,776 -   train_loss = 1.1142
2024-03-13 09:56:57,776 -   best_eval_score = 0.4536
2024-03-13 09:56:57,776 -   eval_score = 0.4625
2024-03-13 09:58:08,437 - ***** Epoch: 6: Eval results *****
2024-03-13 09:58:08,445 -   train_loss = 0.9766
2024-03-13 09:58:08,445 -   best_eval_score = 0.4625
2024-03-13 09:58:08,445 -   eval_score = 0.4915
2024-03-13 09:59:18,484 - ***** Epoch: 7: Eval results *****
2024-03-13 09:59:18,485 -   train_loss = 0.8567
2024-03-13 09:59:18,485 -   best_eval_score = 0.4915
2024-03-13 09:59:18,485 -   eval_score = 0.486
2024-03-13 09:59:18,485 - EarlyStopping counter: 1 out of 8
2024-03-13 10:00:28,536 - ***** Epoch: 8: Eval results *****
2024-03-13 10:00:28,544 -   train_loss = 0.731
2024-03-13 10:00:28,544 -   best_eval_score = 0.4915
2024-03-13 10:00:28,545 -   eval_score = 0.502
2024-03-13 10:01:39,177 - ***** Epoch: 9: Eval results *****
2024-03-13 10:01:39,186 -   train_loss = 0.6274
2024-03-13 10:01:39,186 -   best_eval_score = 0.502
2024-03-13 10:01:39,186 -   eval_score = 0.5119
2024-03-13 10:02:50,106 - ***** Epoch: 10: Eval results *****
2024-03-13 10:02:50,115 -   train_loss = 0.5243
2024-03-13 10:02:50,115 -   best_eval_score = 0.5119
2024-03-13 10:02:50,115 -   eval_score = 0.5225
2024-03-13 10:04:00,836 - ***** Epoch: 11: Eval results *****
2024-03-13 10:04:00,837 -   train_loss = 0.4233
2024-03-13 10:04:00,837 -   best_eval_score = 0.5225
2024-03-13 10:04:00,837 -   eval_score = 0.5291
2024-03-13 10:05:11,424 - ***** Epoch: 12: Eval results *****
2024-03-13 10:05:11,433 -   train_loss = 0.4166
2024-03-13 10:05:11,433 -   best_eval_score = 0.5291
2024-03-13 10:05:11,433 -   eval_score = 0.5326
2024-03-13 10:06:22,350 - ***** Epoch: 13: Eval results *****
2024-03-13 10:06:22,359 -   train_loss = 0.4064
2024-03-13 10:06:22,359 -   best_eval_score = 0.5326
2024-03-13 10:06:22,359 -   eval_score = 0.5146
2024-03-13 10:06:22,359 - EarlyStopping counter: 1 out of 8
2024-03-13 10:07:33,130 - ***** Epoch: 14: Eval results *****
2024-03-13 10:07:33,130 -   train_loss = 0.3992
2024-03-13 10:07:33,130 -   best_eval_score = 0.5326
2024-03-13 10:07:33,130 -   eval_score = 0.5131
2024-03-13 10:07:33,130 - EarlyStopping counter: 2 out of 8
2024-03-13 10:08:44,315 - ***** Epoch: 15: Eval results *****
2024-03-13 10:08:44,324 -   train_loss = 0.384
2024-03-13 10:08:44,324 -   best_eval_score = 0.5326
2024-03-13 10:08:44,324 -   eval_score = 0.512
2024-03-13 10:08:44,324 - EarlyStopping counter: 3 out of 8
2024-03-13 10:09:54,886 - ***** Epoch: 16: Eval results *****
2024-03-13 10:09:54,894 -   train_loss = 0.3755
2024-03-13 10:09:54,895 -   best_eval_score = 0.5326
2024-03-13 10:09:54,895 -   eval_score = 0.5196
2024-03-13 10:09:54,895 - EarlyStopping counter: 4 out of 8
2024-03-13 10:11:05,755 - ***** Epoch: 17: Eval results *****
2024-03-13 10:11:05,755 -   train_loss = 0.3698
2024-03-13 10:11:05,755 -   best_eval_score = 0.5326
2024-03-13 10:11:05,755 -   eval_score = 0.5258
2024-03-13 10:11:05,755 - EarlyStopping counter: 5 out of 8
2024-03-13 10:12:16,565 - ***** Epoch: 18: Eval results *****
2024-03-13 10:12:16,573 -   train_loss = 0.3607
2024-03-13 10:12:16,574 -   best_eval_score = 0.5326
2024-03-13 10:12:16,574 -   eval_score = 0.5209
2024-03-13 10:12:16,574 - EarlyStopping counter: 6 out of 8
2024-03-13 10:13:27,347 - ***** Epoch: 19: Eval results *****
2024-03-13 10:13:27,347 -   train_loss = 0.3548
2024-03-13 10:13:27,347 -   best_eval_score = 0.5326
2024-03-13 10:13:27,347 -   eval_score = 0.5233
2024-03-13 10:13:27,347 - EarlyStopping counter: 7 out of 8
2024-03-13 10:14:38,747 - ***** Epoch: 20: Eval results *****
2024-03-13 10:14:38,748 -   train_loss = 0.3448
2024-03-13 10:14:38,748 -   best_eval_score = 0.5326
2024-03-13 10:14:38,748 -   eval_score = 0.524
2024-03-13 10:14:38,748 - EarlyStopping counter: 8 out of 8
2024-03-13 10:14:38,748 - EarlyStopping at epoch 20
2024-03-13 10:14:38,753 - Training is finished...
2024-03-13 10:14:38,754 - Testing begins...
2024-03-13 10:14:48,993 - ***** Test: Confusion Matrix *****
2024-03-13 10:14:48,995 - [[ 50   0  12   0   0   0   0   0   1   0   2   0   0   0   0   1   0   0
    0   0   0   0   1   1   0   0   0   0   0   0]
 [  0  51   0   0  10   1   5   0   1   0   2   1   3   0   3   0   0  10
    1   3   0   1   1   0   1   0   0   3   0   0]
 [  8   0  44   0   1   0   0   0   0   0   1   0   0   2   2   0   0   2
    0   0   0   0   0   1   3   0   0   0   0   0]
 [  0   0   0  62   0   0   0   1   0   1   0   0   0   0   0   0   0   1
    0   0   0   0   0   0   0   0   0   0   0   0]
 [  0   3   0   0  35   0   0   0   1   0   0   0   0   0   0   0   0   4
    0   0   0   2   0   1   1   0   0   1   1   2]
 [  0   1   0   0   2  21   0   0   0   1   1   0   0   0   1   0   0   8
    0   1   0   0   0   0   0   1   0   0   0   0]
 [  0   1   0   0   0   5  26   5   0   1   4   0   6   0   0   0   0   0
    0   0   0   0   0   0   0   0   0   0   0   0]
 [  0   0   0   0   0   0   8  29   0   1   4   0   5   0   0   0   0   0
    0   0   0   0   0   0   0   0   0   0   0   0]
 [  1   2   1   3   1   0   0   0  24   2   0   1   1   0   2   0   0   2
    0   0   0   1   6   0   2   0   0   0   0   0]
 [  0   0   0   1   1   0   0   0   2  53   0   6   8   0  12   1   0   8
    1   0   2   1   2   1   4   1   1   2   0   0]
 [  2   1   0   0   0   2   8   1   0   0  43   0  29   0   4   0   0   1
    0   1   0   0   0   0   1   0   0   0   0   0]
 [  0   0   0   0   0   0   1   0   0   4   1  23   7   0   1   0   0   1
    1   0   0   0   3   0   1   0   0   3   0   1]
 [  0   0   0   0   0   0   4   9   0   3  25   1  88   0   1   0   1   0
    0   2   0   0   1   0   0   0   0   0   0   0]
 [  0   0   2   0   0   0   0   0   0   3   0   0   0   0   4   2   0   2
    3   0   0   0   1   0   0   0   0   0   0   0]
 [  0   2   1   0   1   0   1   0   3   8   3   0   0   1 115   1   0  26
    5   1   1   0  16   0   4   1   0   3   0   0]
 [  0   0   1   0   1   0   0   0   0   3   0   0   0   0   2   5   0   4
    2   0   0   1   0   0   0   0   0   2   1   0]
 [  0   0   0   0   1   0   0   2   1   0   2   0   1   0   0   0  55   0
    3   0   0   0   0   0   1   0   0   0   0   0]
 [  0   4   1   0   7   5   0   0   3  12   2   1   0   0  20   1   1 125
   10   0   2   5   5   4   1   3   1   2   1   1]
 [  0   3   0   0   0   0   1   0   1   4   1   0   0   1   5   0   3   8
   27   0   2   0   2   0   2   0   0   0   0   0]
 [  0   4   0   0   1   0   2   0   0   0   1   0   0   0   0   0   0   0
    0   8   0   1   0   0   0   0   0   0   0   0]
 [  1   1   2   0   1   0   0   0   0   1   0   1   1   0   5   0   0   4
    5   0   4   0   0   0   1   0   0   1   0   1]
 [  5   0   1   0   1   0   0   0   0   4   0   1   0   0   1   0   5   0
    0   0   1  29   0   3   1   0   1   0   0   0]
 [  0   0   1   1   0   0   0   0   2   6   0   2   0   1  10   1   0   2
    0   0   0   0  84   0   0   4   3   0   0   0]
 [  0   2   2   0   1   0   0   0   0   2   0   0   0   0   2   0   0   6
    0   1   0   2   0  20   0   0   0   0   0   0]
 [  1   0   3   0   0   1   0   0   0   1   2   0   0   0   3   0   0   2
    0   0   0   0   1   1  88   0   0   8   2   0]
 [  1   0   0   0   1   0   0   0   0   0   0   0   0   0   0   0   0   2
    0   0   0   0   3   0   1  21   0   0   0   2]
 [  0   0   0   2   0   0   0   0   0   2   0   0   0   0   0   0   0   3
    0   0   0   3   2   1   0   0   3   0   1   0]
 [  0   2   2   0   0   0   0   0   1   7   3   4   4   0   2   0   1   2
    1   0   1   0   1   0   8   1   0  15   1   2]
 [  0   0   0   0   0   0   0   0   0   0   0   0   0   0   1   0   1   0
    0   0   0   0   0   0   0   0   0   0  56   0]
 [  0   1   0   0   1   0   0   0   1   1   1   1   0   0   0   0   0   3
    1   0   0   0   0   0   0   1   0   2   0   6]]
2024-03-13 10:14:48,996 - ***** Evaluation results *****
2024-03-13 10:14:48,996 -   acc = 0.5952
2024-03-13 10:14:48,996 -   f1 = 0.54
2024-03-13 10:14:48,996 -   prec = 0.5507
2024-03-13 10:14:48,996 -   rec = 0.5386
2024-03-13 10:14:48,996 - Testing is finished...
2024-03-13 10:14:48,996 - Multimodal intent recognition is finished...
2024-03-13 10:14:48,996 - Results are saved in results/msz.csv
