2024-03-30 19:04:23,231 - ============================== Params ==============================
2024-03-30 19:04:23,231 - logger_name: msz_MIntRec_multi-class_seed-2_2024-03-30-19-04-23
2024-03-30 19:04:23,231 - dataset: MIntRec
2024-03-30 19:04:23,231 - data_mode: multi-class
2024-03-30 19:04:23,231 - method: msz
2024-03-30 19:04:23,231 - text_backbone: bert-base-uncased
2024-03-30 19:04:23,231 - text_backbone_path: /home/sharing/disk1/pretrained_embedding/bert/uncased_L-12_H-768_A-12/
2024-03-30 19:04:23,231 - seed: 2
2024-03-30 19:04:23,232 - num_workers: 8
2024-03-30 19:04:23,232 - gpu_id: 3
2024-03-30 19:04:23,232 - data_path: /home/sharing/disk2/sjh/intentDataset
2024-03-30 19:04:23,232 - train: True
2024-03-30 19:04:23,232 - tune: True
2024-03-30 19:04:23,232 - save_model: False
2024-03-30 19:04:23,232 - save_results: True
2024-03-30 19:04:23,232 - log_path: logs
2024-03-30 19:04:23,232 - cache_path: 
2024-03-30 19:04:23,232 - video_data_path: video_data
2024-03-30 19:04:23,232 - audio_data_path: audio_data
2024-03-30 19:04:23,232 - video_feats_path: video_feats.pkl
2024-03-30 19:04:23,232 - audio_feats_path: audio_feats.pkl
2024-03-30 19:04:23,232 - results_path: results
2024-03-30 19:04:23,232 - output_path: /home/sharing/disk2/sjh/Outputs/MIntRec
2024-03-30 19:04:23,232 - model_path: models
2024-03-30 19:04:23,232 - config_file_name: msz_MIntRec
2024-03-30 19:04:23,232 - results_file_name: msz.csv
2024-03-30 19:04:23,232 - padding_mode: zero
2024-03-30 19:04:23,232 - padding_loc: end
2024-03-30 19:04:23,232 - need_aligned: False
2024-03-30 19:04:23,232 - eval_monitor: f1
2024-03-30 19:04:23,232 - train_batch_size: 16
2024-03-30 19:04:23,232 - eval_batch_size: 8
2024-03-30 19:04:23,232 - test_batch_size: 8
2024-03-30 19:04:23,233 - wait_patience: 8
2024-03-30 19:04:23,233 - hidden_dims: 768
2024-03-30 19:04:23,233 - num_attention_heads: 8
2024-03-30 19:04:23,233 - attention_probs_dropout_prob: 0.2
2024-03-30 19:04:23,233 - hidden_dropout_prob: 0.2
2024-03-30 19:04:23,233 - intermediate_size: 768
2024-03-30 19:04:23,233 - num_hidden_layers: 8
2024-03-30 19:04:23,233 - max_position_embeddings: 768
2024-03-30 19:04:23,233 - position_embedding_type: absolute
2024-03-30 19:04:23,233 - batch_first: True
2024-03-30 19:04:23,233 - dropout: 0.3
2024-03-30 19:04:23,233 - aligned_method: conv1d
2024-03-30 19:04:23,233 - num_train_epochs: 100
2024-03-30 19:04:23,233 - lr: 8e-06
2024-03-30 19:04:23,233 - lr_mode: max
2024-03-30 19:04:23,233 - patience: 6
2024-03-30 19:04:23,233 - factor: 0.3
2024-03-30 19:04:23,233 - pred_output_path: /home/sharing/disk2/sjh/Outputs/MIntRec/msz_MIntRec_multi-class_seed-2_2024-03-30-19-04-23
2024-03-30 19:04:23,233 - model_output_path: /home/sharing/disk2/sjh/Outputs/MIntRec/msz_MIntRec_multi-class_seed-2_2024-03-30-19-04-23/models
2024-03-30 19:04:23,233 - num_labels: 20
2024-03-30 19:04:23,233 - text_feat_dim: 768
2024-03-30 19:04:23,233 - video_feat_dim: 256
2024-03-30 19:04:23,233 - audio_feat_dim: 768
2024-03-30 19:04:23,233 - text_seq_len: 30
2024-03-30 19:04:23,234 - video_seq_len: 230
2024-03-30 19:04:23,234 - audio_seq_len: 480
2024-03-30 19:04:23,234 - device: cuda:3
2024-03-30 19:04:23,234 - ============================== End Params ==============================
2024-03-30 19:04:23,278 - Generate Text Features Begin...
2024-03-30 19:04:23,783 - Generate Text Features Finished...
2024-03-30 19:04:23,784 - Load Video Features Begin...
2024-03-30 19:04:24,619 - Load Video Features Finished...
2024-03-30 19:04:25,107 - Load Audio Features Begin...
2024-03-30 19:04:30,320 - Load Audio Features Finished...
2024-03-30 19:04:32,804 - method  begins...
2024-03-30 19:04:36,469 - Multimodal intent recognition begins...
2024-03-30 19:04:36,469 - Training begins...
2024-03-30 19:04:57,566 - ***** Epoch: 1: Eval results *****
2024-03-30 19:04:57,566 -   train_loss = 2.5882
2024-03-30 19:04:57,566 -   best_eval_score = 0.0
2024-03-30 19:04:57,566 -   eval_score = 0.2128
2024-03-30 19:05:18,461 - ***** Epoch: 2: Eval results *****
2024-03-30 19:05:18,462 -   train_loss = 1.5816
2024-03-30 19:05:18,462 -   best_eval_score = 0.2128
2024-03-30 19:05:18,462 -   eval_score = 0.5342
2024-03-30 19:05:40,672 - ***** Epoch: 3: Eval results *****
2024-03-30 19:05:40,672 -   train_loss = 0.8812
2024-03-30 19:05:40,672 -   best_eval_score = 0.5342
2024-03-30 19:05:40,672 -   eval_score = 0.6254
2024-03-30 19:06:00,985 - ***** Epoch: 4: Eval results *****
2024-03-30 19:06:00,985 -   train_loss = 0.4696
2024-03-30 19:06:00,985 -   best_eval_score = 0.6254
2024-03-30 19:06:00,985 -   eval_score = 0.6323
2024-03-30 19:06:22,413 - ***** Epoch: 5: Eval results *****
2024-03-30 19:06:22,413 -   train_loss = 0.2525
2024-03-30 19:06:22,413 -   best_eval_score = 0.6323
2024-03-30 19:06:22,413 -   eval_score = 0.6917
2024-03-30 19:06:43,026 - ***** Epoch: 6: Eval results *****
2024-03-30 19:06:43,027 -   train_loss = 0.1247
2024-03-30 19:06:43,027 -   best_eval_score = 0.6917
2024-03-30 19:06:43,027 -   eval_score = 0.6916
2024-03-30 19:06:43,027 - EarlyStopping counter: 1 out of 8
2024-03-30 19:07:03,174 - ***** Epoch: 7: Eval results *****
2024-03-30 19:07:03,174 -   train_loss = 0.0719
2024-03-30 19:07:03,174 -   best_eval_score = 0.6917
2024-03-30 19:07:03,174 -   eval_score = 0.7
2024-03-30 19:07:24,675 - ***** Epoch: 8: Eval results *****
2024-03-30 19:07:24,675 -   train_loss = 0.0476
2024-03-30 19:07:24,675 -   best_eval_score = 0.7
2024-03-30 19:07:24,675 -   eval_score = 0.7031
2024-03-30 19:07:46,624 - ***** Epoch: 9: Eval results *****
2024-03-30 19:07:46,624 -   train_loss = 0.0295
2024-03-30 19:07:46,624 -   best_eval_score = 0.7031
2024-03-30 19:07:46,624 -   eval_score = 0.7121
2024-03-30 19:08:07,420 - ***** Epoch: 10: Eval results *****
2024-03-30 19:08:07,420 -   train_loss = 0.0217
2024-03-30 19:08:07,420 -   best_eval_score = 0.7121
2024-03-30 19:08:07,420 -   eval_score = 0.7053
2024-03-30 19:08:07,420 - EarlyStopping counter: 1 out of 8
2024-03-30 19:08:29,759 - ***** Epoch: 11: Eval results *****
2024-03-30 19:08:29,760 -   train_loss = 0.0197
2024-03-30 19:08:29,760 -   best_eval_score = 0.7121
2024-03-30 19:08:29,760 -   eval_score = 0.7008
2024-03-30 19:08:29,760 - EarlyStopping counter: 2 out of 8
2024-03-30 19:08:50,573 - ***** Epoch: 12: Eval results *****
2024-03-30 19:08:50,574 -   train_loss = 0.0177
2024-03-30 19:08:50,574 -   best_eval_score = 0.7121
2024-03-30 19:08:50,574 -   eval_score = 0.7119
2024-03-30 19:08:50,574 - EarlyStopping counter: 3 out of 8
2024-03-30 19:09:12,276 - ***** Epoch: 13: Eval results *****
2024-03-30 19:09:12,276 -   train_loss = 0.0158
2024-03-30 19:09:12,276 -   best_eval_score = 0.7121
2024-03-30 19:09:12,276 -   eval_score = 0.6991
2024-03-30 19:09:12,276 - EarlyStopping counter: 4 out of 8
2024-03-30 19:09:33,074 - ***** Epoch: 14: Eval results *****
2024-03-30 19:09:33,074 -   train_loss = 0.0146
2024-03-30 19:09:33,074 -   best_eval_score = 0.7121
2024-03-30 19:09:33,074 -   eval_score = 0.7142
2024-03-30 19:09:54,198 - ***** Epoch: 15: Eval results *****
2024-03-30 19:09:54,198 -   train_loss = 0.0127
2024-03-30 19:09:54,198 -   best_eval_score = 0.7142
2024-03-30 19:09:54,198 -   eval_score = 0.7164
2024-03-30 19:10:15,453 - ***** Epoch: 16: Eval results *****
2024-03-30 19:10:15,453 -   train_loss = 0.0114
2024-03-30 19:10:15,453 -   best_eval_score = 0.7164
2024-03-30 19:10:15,453 -   eval_score = 0.7164
2024-03-30 19:10:15,453 - EarlyStopping counter: 1 out of 8
2024-03-30 19:10:36,505 - ***** Epoch: 17: Eval results *****
2024-03-30 19:10:36,505 -   train_loss = 0.0107
2024-03-30 19:10:36,505 -   best_eval_score = 0.7164
2024-03-30 19:10:36,505 -   eval_score = 0.7142
2024-03-30 19:10:36,505 - EarlyStopping counter: 2 out of 8
2024-03-30 19:10:56,569 - ***** Epoch: 18: Eval results *****
2024-03-30 19:10:56,569 -   train_loss = 0.0108
2024-03-30 19:10:56,569 -   best_eval_score = 0.7164
2024-03-30 19:10:56,569 -   eval_score = 0.7126
2024-03-30 19:10:56,570 - EarlyStopping counter: 3 out of 8
2024-03-30 19:11:17,653 - ***** Epoch: 19: Eval results *****
2024-03-30 19:11:17,653 -   train_loss = 0.0111
2024-03-30 19:11:17,653 -   best_eval_score = 0.7164
2024-03-30 19:11:17,653 -   eval_score = 0.7122
2024-03-30 19:11:17,654 - EarlyStopping counter: 4 out of 8
2024-03-30 19:11:38,312 - ***** Epoch: 20: Eval results *****
2024-03-30 19:11:38,312 -   train_loss = 0.0101
2024-03-30 19:11:38,312 -   best_eval_score = 0.7164
2024-03-30 19:11:38,312 -   eval_score = 0.7097
2024-03-30 19:11:38,312 - EarlyStopping counter: 5 out of 8
2024-03-30 19:12:00,638 - ***** Epoch: 21: Eval results *****
2024-03-30 19:12:00,638 -   train_loss = 0.0103
2024-03-30 19:12:00,638 -   best_eval_score = 0.7164
2024-03-30 19:12:00,638 -   eval_score = 0.7076
2024-03-30 19:12:00,638 - EarlyStopping counter: 6 out of 8
2024-03-30 19:12:21,649 - ***** Epoch: 22: Eval results *****
2024-03-30 19:12:21,649 -   train_loss = 0.0096
2024-03-30 19:12:21,649 -   best_eval_score = 0.7164
2024-03-30 19:12:21,650 -   eval_score = 0.7044
2024-03-30 19:12:21,650 - EarlyStopping counter: 7 out of 8
2024-03-30 19:12:43,109 - ***** Epoch: 23: Eval results *****
2024-03-30 19:12:43,109 -   train_loss = 0.0096
2024-03-30 19:12:43,110 -   best_eval_score = 0.7164
2024-03-30 19:12:43,110 -   eval_score = 0.7079
2024-03-30 19:12:43,110 - EarlyStopping counter: 8 out of 8
2024-03-30 19:12:43,110 - EarlyStopping at epoch 23
2024-03-30 19:12:43,113 - Training is finished...
2024-03-30 19:12:43,113 - Testing begins...
2024-03-30 19:12:47,404 - ***** Test: Confusion Matrix *****
2024-03-30 19:12:47,405 - [[41  3  0  0  7  0  0  0  0  1  1  0  3  1  0  0  0  0  0  0]
 [ 1 33  0  1  0  3  0  0  1  0  1  0  2  1  0  0  0  0  0  0]
 [ 1  0 26  0  0  0  0  0  0  0  0  0  0  0  0  0  0  0  0  0]
 [ 0  0  0 25  0  0  0  0  0  0  0  0  0  0  0  0  0  0  0  0]
 [ 5  0  0  0 11  0  2  0  0  0  0  1  2  1  0  0  0  1  0  0]
 [ 0  0  0  0  0 12  0  0  0  0  0  0  0  0  0  0  0  0  0  0]
 [ 1  1  0  0  3  0  2  0  3  0  0  0  1  0  0  0  1  0  0  0]
 [ 3  1  0  0  0  1  0  5  0  0  0  0  0  0  0  0  0  0  0  0]
 [ 1  0  0  0  0  0  1  2  4  0  0  0  0  1  0  1  0  0  0  0]
 [ 1  0  0  0  1  0  0  0  0  3  0  0  0  0  0  3  0  1  0  1]
 [ 1  0  0  0  0  0  1  0  0  2 12  0  0  0  1  0  1  0  0  0]
 [ 0  0  0  0  1  0  1  0  0  0  0 15  0  0  0  0  0  0  1  1]
 [ 3  2  0  1  1  0  0  0  0  0  0  1 41  3  3  1  1  0  0  0]
 [ 0  1  0  0  0  0  2  0  0  0  1  1  0 19  1  0  0  0  0  0]
 [ 0  0  0  0  1  0  0  0  0  0  0  0  0  2 16  0  1  0  0  2]
 [ 0  0  0  0  0  0  0  1  0  0  0  0  4  0  0 15  0  0  0  1]
 [ 0  0  0  0  0  0  0  0  0  0  0  0  3  0  1  0 13  0  0  0]
 [ 0  0  0  0  0  0  0  0  0  1  1  0  2  0  0  0  0 11  0  0]
 [ 0  0  0  0  0  0  0  0  0  0  0  0  2  0  0  1  0  0  9  0]
 [ 1  0  0  0  0  0  0  0  0  0  0  0  1  1  1  0  0  0  0  6]]
2024-03-30 19:12:47,405 - ***** Evaluation results *****
2024-03-30 19:12:47,405 -   acc = 0.7169
2024-03-30 19:12:47,405 -   f1 = 0.6787
2024-03-30 19:12:47,405 -   prec = 0.6884
2024-03-30 19:12:47,405 -   rec = 0.676
2024-03-30 19:12:47,405 - Testing is finished...
2024-03-30 19:12:47,405 - Multimodal intent recognition is finished...
2024-03-30 19:12:47,405 - Results are saved in results/msz.csv
