2024-03-02 01:52:37,053 - ============================== Params ==============================
2024-03-02 01:52:37,054 - logger_name: msz_MIntRec_multi-class_seed-1_2024-03-02-01-52-37
2024-03-02 01:52:37,054 - dataset: MIntRec
2024-03-02 01:52:37,054 - data_mode: multi-class
2024-03-02 01:52:37,054 - method: msz
2024-03-02 01:52:37,054 - text_backbone: bert-base-uncased
2024-03-02 01:52:37,054 - text_backbone_path: /home/sharing/disk1/pretrained_embedding/bert/uncased_L-12_H-768_A-12/
2024-03-02 01:52:37,054 - seed: 1
2024-03-02 01:52:37,054 - num_workers: 8
2024-03-02 01:52:37,054 - gpu_id: 3
2024-03-02 01:52:37,054 - data_path: /home/sharing/disk2/sjh/intentDataset
2024-03-02 01:52:37,054 - train: True
2024-03-02 01:52:37,054 - tune: True
2024-03-02 01:52:37,054 - save_model: True
2024-03-02 01:52:37,054 - save_results: True
2024-03-02 01:52:37,054 - log_path: logs
2024-03-02 01:52:37,054 - cache_path: 
2024-03-02 01:52:37,054 - video_data_path: video_data
2024-03-02 01:52:37,054 - audio_data_path: audio_data
2024-03-02 01:52:37,054 - video_feats_path: video_feats.pkl
2024-03-02 01:52:37,054 - audio_feats_path: audio_feats.pkl
2024-03-02 01:52:37,054 - results_path: results
2024-03-02 01:52:37,054 - output_path: /home/sharing/disk2/sjh/Outputs/MIntRec
2024-03-02 01:52:37,054 - model_path: models
2024-03-02 01:52:37,054 - config_file_name: msz_MIntRec
2024-03-02 01:52:37,054 - results_file_name: msz.csv
2024-03-02 01:52:37,054 - padding_mode: zero
2024-03-02 01:52:37,054 - padding_loc: end
2024-03-02 01:52:37,054 - need_aligned: False
2024-03-02 01:52:37,054 - eval_monitor: f1
2024-03-02 01:52:37,054 - train_batch_size: 16
2024-03-02 01:52:37,054 - eval_batch_size: 8
2024-03-02 01:52:37,054 - test_batch_size: 8
2024-03-02 01:52:37,054 - wait_patience: 8
2024-03-02 01:52:37,054 - hidden_size: 768
2024-03-02 01:52:37,054 - num_attention_heads: 12
2024-03-02 01:52:37,054 - attention_probs_dropout_prob: 0.2
2024-03-02 01:52:37,054 - hidden_dropout_prob: 0.3
2024-03-02 01:52:37,054 - intermediate_size: 768
2024-03-02 01:52:37,055 - num_hidden_layers: 8
2024-03-02 01:52:37,055 - max_position_embeddings: 768
2024-03-02 01:52:37,055 - position_embedding_type: absolute
2024-03-02 01:52:37,055 - batch_first: True
2024-03-02 01:52:37,055 - hidden_dims: 768
2024-03-02 01:52:37,055 - dropout: 0.3
2024-03-02 01:52:37,055 - aligned_method: ctc
2024-03-02 01:52:37,055 - num_train_epochs: 100
2024-03-02 01:52:37,055 - lr: 9e-06
2024-03-02 01:52:37,055 - pred_output_path: /home/sharing/disk2/sjh/Outputs/MIntRec/msz_MIntRec_multi-class_seed-1_2024-03-02-01-52-37
2024-03-02 01:52:37,055 - model_output_path: /home/sharing/disk2/sjh/Outputs/MIntRec/msz_MIntRec_multi-class_seed-1_2024-03-02-01-52-37/models
2024-03-02 01:52:37,055 - num_labels: 20
2024-03-02 01:52:37,055 - text_feat_dim: 768
2024-03-02 01:52:37,055 - video_feat_dim: 256
2024-03-02 01:52:37,055 - audio_feat_dim: 768
2024-03-02 01:52:37,055 - text_seq_len: 30
2024-03-02 01:52:37,055 - video_seq_len: 230
2024-03-02 01:52:37,055 - audio_seq_len: 480
2024-03-02 01:52:37,055 - device: cuda:3
2024-03-02 01:52:37,055 - ============================== End Params ==============================
2024-03-02 01:52:37,058 - Generate Text Features Begin...
2024-03-02 01:52:37,511 - Generate Text Features Finished...
2024-03-02 01:52:37,511 - Load Video Features Begin...
2024-03-02 01:52:37,785 - Load Video Features Finished...
2024-03-02 01:52:38,235 - Load Audio Features Begin...
2024-03-02 01:52:39,042 - Load Audio Features Finished...
2024-03-02 01:52:41,143 - method  begins...
2024-03-02 01:52:42,937 - Multimodal intent recognition begins...
2024-03-02 01:52:42,937 - Training begins...
2024-03-02 01:53:03,154 - ***** Epoch: 1: Eval results *****
2024-03-02 01:53:03,154 -   train_loss = 2.5608
2024-03-02 01:53:03,155 -   best_eval_score = 0.0
2024-03-02 01:53:03,155 -   eval_score = 0.2544
2024-03-02 01:53:23,078 - ***** Epoch: 2: Eval results *****
2024-03-02 01:53:23,078 -   train_loss = 1.4955
2024-03-02 01:53:23,078 -   best_eval_score = 0.2544
2024-03-02 01:53:23,078 -   eval_score = 0.5645
2024-03-02 01:53:44,167 - ***** Epoch: 3: Eval results *****
2024-03-02 01:53:44,167 -   train_loss = 0.7986
2024-03-02 01:53:44,167 -   best_eval_score = 0.5645
2024-03-02 01:53:44,167 -   eval_score = 0.6305
2024-03-02 01:54:04,931 - ***** Epoch: 4: Eval results *****
2024-03-02 01:54:04,932 -   train_loss = 0.3987
2024-03-02 01:54:04,932 -   best_eval_score = 0.6305
2024-03-02 01:54:04,932 -   eval_score = 0.6546
2024-03-02 01:54:25,906 - ***** Epoch: 5: Eval results *****
2024-03-02 01:54:25,906 -   train_loss = 0.1914
2024-03-02 01:54:25,906 -   best_eval_score = 0.6546
2024-03-02 01:54:25,907 -   eval_score = 0.6641
2024-03-02 01:54:45,919 - ***** Epoch: 6: Eval results *****
2024-03-02 01:54:45,919 -   train_loss = 0.1148
2024-03-02 01:54:45,919 -   best_eval_score = 0.6641
2024-03-02 01:54:45,919 -   eval_score = 0.693
2024-03-02 01:55:07,056 - ***** Epoch: 7: Eval results *****
2024-03-02 01:55:07,056 -   train_loss = 0.0609
2024-03-02 01:55:07,056 -   best_eval_score = 0.693
2024-03-02 01:55:07,056 -   eval_score = 0.6788
2024-03-02 01:55:07,056 - EarlyStopping counter: 1 out of 8
2024-03-02 01:55:27,590 - ***** Epoch: 8: Eval results *****
2024-03-02 01:55:27,590 -   train_loss = 0.0313
2024-03-02 01:55:27,591 -   best_eval_score = 0.693
2024-03-02 01:55:27,591 -   eval_score = 0.673
2024-03-02 01:55:27,591 - EarlyStopping counter: 2 out of 8
2024-03-02 01:55:47,627 - ***** Epoch: 9: Eval results *****
2024-03-02 01:55:47,627 -   train_loss = 0.0225
2024-03-02 01:55:47,627 -   best_eval_score = 0.693
2024-03-02 01:55:47,627 -   eval_score = 0.6709
2024-03-02 01:55:47,627 - EarlyStopping counter: 3 out of 8
2024-03-02 01:56:07,944 - ***** Epoch: 10: Eval results *****
2024-03-02 01:56:07,945 -   train_loss = 0.0175
2024-03-02 01:56:07,945 -   best_eval_score = 0.693
2024-03-02 01:56:07,945 -   eval_score = 0.6829
2024-03-02 01:56:07,945 - EarlyStopping counter: 4 out of 8
2024-03-02 01:56:28,670 - ***** Epoch: 11: Eval results *****
2024-03-02 01:56:28,670 -   train_loss = 0.0176
2024-03-02 01:56:28,670 -   best_eval_score = 0.693
2024-03-02 01:56:28,670 -   eval_score = 0.6837
2024-03-02 01:56:28,670 - EarlyStopping counter: 5 out of 8
2024-03-02 01:56:49,188 - ***** Epoch: 12: Eval results *****
2024-03-02 01:56:49,189 -   train_loss = 0.0146
2024-03-02 01:56:49,189 -   best_eval_score = 0.693
2024-03-02 01:56:49,189 -   eval_score = 0.6716
2024-03-02 01:56:49,189 - EarlyStopping counter: 6 out of 8
2024-03-02 01:57:09,036 - ***** Epoch: 13: Eval results *****
2024-03-02 01:57:09,036 -   train_loss = 0.0129
2024-03-02 01:57:09,036 -   best_eval_score = 0.693
2024-03-02 01:57:09,036 -   eval_score = 0.6757
2024-03-02 01:57:09,036 - EarlyStopping counter: 7 out of 8
2024-03-02 01:57:29,681 - ***** Epoch: 14: Eval results *****
2024-03-02 01:57:29,681 -   train_loss = 0.0126
2024-03-02 01:57:29,681 -   best_eval_score = 0.693
2024-03-02 01:57:29,681 -   eval_score = 0.6803
2024-03-02 01:57:29,681 - EarlyStopping counter: 8 out of 8
2024-03-02 01:57:29,681 - EarlyStopping at epoch 14
2024-03-02 01:57:29,682 - Trained models are saved in /home/sharing/disk2/sjh/Outputs/MIntRec/msz_MIntRec_multi-class_seed-1_2024-03-02-01-52-37/models
2024-03-02 01:57:30,796 - Training is finished...
2024-03-02 01:57:30,797 - Testing begins...
2024-03-02 01:57:34,049 - ***** Test: Confusion Matrix *****
2024-03-02 01:57:34,052 - [[35  2  0  0 13  0  0  0  0  1  1  0  4  1  0  0  0  0  0  0]
 [ 1 32  0  1  0  3  1  1  1  0  0  0  2  1  0  0  0  0  0  0]
 [ 1  0 26  0  0  0  0  0  0  0  0  0  0  0  0  0  0  0  0  0]
 [ 0  1  0 24  0  0  0  0  0  0  0  0  0  0  0  0  0  0  0  0]
 [ 5  0  0  0 12  0  1  0  0  0  0  1  1  1  0  0  0  2  0  0]
 [ 0  0  0  0  0 11  0  0  0  0  0  0  1  0  0  0  0  0  0  0]
 [ 1  1  0  0  5  0  0  0  3  0  0  0  1  0  0  0  1  0  0  0]
 [ 3  0  0  0  0  0  1  4  1  1  0  0  0  0  0  0  0  0  0  0]
 [ 1  0  0  0  1  0  0  2  4  0  0  0  1  1  0  0  0  0  0  0]
 [ 1  0  0  0  1  0  0  0  0  4  1  0  0  0  0  2  0  1  0  0]
 [ 1  0  0  0  0  0  1  0  0  1 13  0  0  0  1  0  1  0  0  0]
 [ 0  0  0  0  1  0  1  0  0  0  0 16  0  0  0  0  0  0  0  1]
 [ 4  1  0  0  1  0  1  0  0  0  0  1 41  1  3  2  2  0  0  0]
 [ 1  0  0  0  0  0  1  0  0  0  1  1  1 18  1  0  1  0  0  0]
 [ 0  0  0  0  1  0  0  0  1  0  0  0  0  2 17  0  1  0  0  0]
 [ 0  0  0  0  0  0  0  1  0  0  0  0  4  0  0 15  0  0  0  1]
 [ 1  0  0  0  0  0  0  0  0  0  0  0  2  0  1  0 13  0  0  0]
 [ 0  0  0  0  0  0  0  0  0  1  4  0  1  0  0  0  0  9  0  0]
 [ 0  0  0  0  0  0  0  0  0  0  0  0  2  0  0  1  0  0  9  0]
 [ 1  0  0  0  0  0  0  0  0  0  0  0  1  1  2  0  1  0  0  4]]
2024-03-02 01:57:34,052 - ***** Evaluation results *****
2024-03-02 01:57:34,052 -   acc = 0.6899
2024-03-02 01:57:34,053 -   f1 = 0.6506
2024-03-02 01:57:34,053 -   prec = 0.666
2024-03-02 01:57:34,053 -   rec = 0.6462
2024-03-02 01:57:34,053 - Testing is finished...
2024-03-02 01:57:34,053 - Multimodal intent recognition is finished...
2024-03-02 01:57:34,053 - Results are saved in results/msz.csv
