2024-01-04 14:24:10,033 - ============================== Params ==============================
2024-01-04 14:24:10,033 - logger_name: msz_MIntRec_multi-class_seed-1_2024-01-04-14-24-09
2024-01-04 14:24:10,033 - dataset: MIntRec
2024-01-04 14:24:10,033 - data_mode: multi-class
2024-01-04 14:24:10,033 - method: msz
2024-01-04 14:24:10,033 - text_backbone: bert-base-uncased
2024-01-04 14:24:10,033 - text_backbone_path: /home/sharing/disk1/pretrained_embedding/bert/uncased_L-12_H-768_A-12/
2024-01-04 14:24:10,033 - seed: 1
2024-01-04 14:24:10,033 - num_workers: 8
2024-01-04 14:24:10,033 - gpu_id: 1
2024-01-04 14:24:10,033 - data_path: /home/sharing/disk2/sjh/intentDataset
2024-01-04 14:24:10,034 - train: True
2024-01-04 14:24:10,034 - tune: False
2024-01-04 14:24:10,034 - save_model: False
2024-01-04 14:24:10,034 - save_results: True
2024-01-04 14:24:10,034 - log_path: logs
2024-01-04 14:24:10,034 - cache_path: 
2024-01-04 14:24:10,034 - video_data_path: video_data
2024-01-04 14:24:10,034 - audio_data_path: audio_data
2024-01-04 14:24:10,034 - video_feats_path: video_feats.pkl
2024-01-04 14:24:10,034 - audio_feats_path: audio_feats.pkl
2024-01-04 14:24:10,034 - results_path: results
2024-01-04 14:24:10,034 - output_path: /home/sharing/disk2/sjh/Outputs/MIntRec
2024-01-04 14:24:10,034 - model_path: models
2024-01-04 14:24:10,034 - config_file_name: msz
2024-01-04 14:24:10,034 - results_file_name: msz.csv
2024-01-04 14:24:10,034 - padding_mode: zero
2024-01-04 14:24:10,034 - padding_loc: end
2024-01-04 14:24:10,034 - need_aligned: False
2024-01-04 14:24:10,034 - eval_monitor: f1
2024-01-04 14:24:10,034 - train_batch_size: 16
2024-01-04 14:24:10,034 - eval_batch_size: 8
2024-01-04 14:24:10,034 - test_batch_size: 8
2024-01-04 14:24:10,034 - wait_patience: 8
2024-01-04 14:24:10,034 - nheads: 2
2024-01-04 14:24:10,035 - encoder_layers: 2
2024-01-04 14:24:10,035 - attn_dropout: 0.1
2024-01-04 14:24:10,035 - relu_dropout: 0.1
2024-01-04 14:24:10,035 - embed_dropout: 0.1
2024-01-04 14:24:10,035 - res_dropout: 0.1
2024-01-04 14:24:10,035 - attn_mask: False
2024-01-04 14:24:10,035 - hidden_size: 768
2024-01-04 14:24:10,035 - num_attention_heads: 12
2024-01-04 14:24:10,035 - attention_probs_dropout_prob: 0.2
2024-01-04 14:24:10,035 - hidden_dropout_prob: 0.2
2024-01-04 14:24:10,035 - intermediate_size: 768
2024-01-04 14:24:10,035 - num_hidden_layers: 3
2024-01-04 14:24:10,035 - max_position_embeddings: 512
2024-01-04 14:24:10,035 - position_embedding_type: absolute
2024-01-04 14:24:10,035 - batch_first: True
2024-01-04 14:24:10,035 - hidden_dims: 768
2024-01-04 14:24:10,035 - att_dropouts: [0.2, 0.2, 0.2]
2024-01-04 14:24:10,035 - spe_dropouts: [0.1, 0.1, 0.1]
2024-01-04 14:24:10,035 - ta_loss: 0.1
2024-01-04 14:24:10,035 - tv_loss: 0.1
2024-01-04 14:24:10,035 - av_loss: 0.1
2024-01-04 14:24:10,035 - aligned_method: conv1d
2024-01-04 14:24:10,035 - grad_clip: -1
2024-01-04 14:24:10,035 - num_train_epochs: 100
2024-01-04 14:24:10,035 - warmup_proportion: 0.1
2024-01-04 14:24:10,035 - lr: 1e-06
2024-01-04 14:24:10,035 - weight_decay: 0.01
2024-01-04 14:24:10,035 - pred_output_path: /home/sharing/disk2/sjh/Outputs/MIntRec/msz_MIntRec_multi-class_seed-1_2024-01-04-14-24-09
2024-01-04 14:24:10,036 - model_output_path: /home/sharing/disk2/sjh/Outputs/MIntRec/msz_MIntRec_multi-class_seed-1_2024-01-04-14-24-09/models
2024-01-04 14:24:10,036 - ============================== End Params ==============================
2024-01-04 14:24:10,273 - Generate Text Features Begin...
2024-01-04 14:24:11,152 - Generate Text Features Finished...
2024-01-04 14:24:11,153 - Load Video Features Begin...
2024-01-04 14:25:02,748 - Load Video Features Finished...
2024-01-04 14:25:03,426 - Load Audio Features Begin...
