2024-01-26 08:20:19,376 - ============================== Params ==============================
2024-01-26 08:20:19,376 - logger_name: msz_MIntRec_multi-class_seed-1_2024-01-26-08-20-19
2024-01-26 08:20:19,376 - dataset: MIntRec
2024-01-26 08:20:19,376 - data_mode: multi-class
2024-01-26 08:20:19,376 - method: msz
2024-01-26 08:20:19,376 - text_backbone: bert-base-uncased
2024-01-26 08:20:19,376 - text_backbone_path: /home/sharing/disk1/pretrained_embedding/bert/uncased_L-12_H-768_A-12/
2024-01-26 08:20:19,376 - seed: 1
2024-01-26 08:20:19,376 - num_workers: 8
2024-01-26 08:20:19,376 - gpu_id: 1
2024-01-26 08:20:19,376 - data_path: /home/sharing/disk2/sjh/intentDataset
2024-01-26 08:20:19,376 - train: True
2024-01-26 08:20:19,376 - tune: False
2024-01-26 08:20:19,376 - save_model: True
2024-01-26 08:20:19,376 - save_results: True
2024-01-26 08:20:19,376 - log_path: logs
2024-01-26 08:20:19,376 - cache_path: 
2024-01-26 08:20:19,376 - video_data_path: video_data
2024-01-26 08:20:19,376 - audio_data_path: audio_data
2024-01-26 08:20:19,376 - video_feats_path: video_feats.pkl
2024-01-26 08:20:19,376 - audio_feats_path: audio_feats.pkl
2024-01-26 08:20:19,376 - results_path: results
2024-01-26 08:20:19,376 - output_path: /home/sharing/disk2/sjh/Outputs/MIntRec
2024-01-26 08:20:19,376 - model_path: models
2024-01-26 08:20:19,376 - config_file_name: msz
2024-01-26 08:20:19,376 - results_file_name: msz.csv
2024-01-26 08:20:19,376 - padding_mode: zero
2024-01-26 08:20:19,376 - padding_loc: end
2024-01-26 08:20:19,376 - need_aligned: False
2024-01-26 08:20:19,376 - eval_monitor: f1
2024-01-26 08:20:19,377 - train_batch_size: 16
2024-01-26 08:20:19,377 - eval_batch_size: 8
2024-01-26 08:20:19,377 - test_batch_size: 8
2024-01-26 08:20:19,377 - wait_patience: 8
2024-01-26 08:20:19,377 - hidden_size: 768
2024-01-26 08:20:19,377 - num_attention_heads: 12
2024-01-26 08:20:19,377 - attention_probs_dropout_prob: 0.2
2024-01-26 08:20:19,377 - hidden_dropout_prob: 0.2
2024-01-26 08:20:19,377 - intermediate_size: 768
2024-01-26 08:20:19,377 - num_hidden_layers: 8
2024-01-26 08:20:19,377 - max_position_embeddings: 768
2024-01-26 08:20:19,377 - position_embedding_type: absolute
2024-01-26 08:20:19,377 - batch_first: True
2024-01-26 08:20:19,377 - hidden_dims: 768
2024-01-26 08:20:19,377 - dropout: 0.1
2024-01-26 08:20:19,377 - aligned_method: conv1d
2024-01-26 08:20:19,377 - num_train_epochs: 100
2024-01-26 08:20:19,377 - lr: 8e-06
2024-01-26 08:20:19,377 - pred_output_path: /home/sharing/disk2/sjh/Outputs/MIntRec/msz_MIntRec_multi-class_seed-1_2024-01-26-08-20-19
2024-01-26 08:20:19,377 - model_output_path: /home/sharing/disk2/sjh/Outputs/MIntRec/msz_MIntRec_multi-class_seed-1_2024-01-26-08-20-19/models
2024-01-26 08:20:19,377 - ============================== End Params ==============================
2024-01-26 08:20:19,379 - Generate Text Features Begin...
2024-01-26 08:20:19,776 - Generate Text Features Finished...
2024-01-26 08:20:19,777 - Load Video Features Begin...
2024-01-26 08:20:20,017 - Load Video Features Finished...
2024-01-26 08:20:20,488 - Load Audio Features Begin...
2024-01-26 08:20:21,269 - Load Audio Features Finished...
2024-01-26 08:20:24,349 - method  begins...
2024-01-26 08:20:27,245 - Multimodal intent recognition begins...
2024-01-26 08:20:27,245 - Training begins...
2024-01-26 08:20:42,210 - ***** Epoch: 1: Eval results *****
2024-01-26 08:20:42,210 -   train_loss = 2.7741
2024-01-26 08:20:42,210 -   best_eval_score = 0.0
2024-01-26 08:20:42,210 -   eval_score = 0.1502
2024-01-26 08:20:55,752 - ***** Epoch: 2: Eval results *****
2024-01-26 08:20:55,752 -   train_loss = 2.0705
2024-01-26 08:20:55,752 -   best_eval_score = 0.1502
2024-01-26 08:20:55,752 -   eval_score = 0.4149
2024-01-26 08:21:09,299 - ***** Epoch: 3: Eval results *****
2024-01-26 08:21:09,299 -   train_loss = 1.2461
2024-01-26 08:21:09,300 -   best_eval_score = 0.4149
2024-01-26 08:21:09,300 -   eval_score = 0.5699
2024-01-26 08:21:23,085 - ***** Epoch: 4: Eval results *****
2024-01-26 08:21:23,085 -   train_loss = 0.7205
2024-01-26 08:21:23,085 -   best_eval_score = 0.5699
2024-01-26 08:21:23,085 -   eval_score = 0.6243
2024-01-26 08:21:36,635 - ***** Epoch: 5: Eval results *****
2024-01-26 08:21:36,635 -   train_loss = 0.4305
2024-01-26 08:21:36,635 -   best_eval_score = 0.6243
2024-01-26 08:21:36,635 -   eval_score = 0.6507
2024-01-26 08:21:50,140 - ***** Epoch: 6: Eval results *****
2024-01-26 08:21:50,140 -   train_loss = 0.2519
2024-01-26 08:21:50,140 -   best_eval_score = 0.6507
2024-01-26 08:21:50,140 -   eval_score = 0.6899
2024-01-26 08:22:04,326 - ***** Epoch: 7: Eval results *****
2024-01-26 08:22:04,326 -   train_loss = 0.1492
2024-01-26 08:22:04,327 -   best_eval_score = 0.6899
2024-01-26 08:22:04,327 -   eval_score = 0.6646
2024-01-26 08:22:04,327 - EarlyStopping counter: 1 out of 8
2024-01-26 08:22:17,275 - ***** Epoch: 8: Eval results *****
2024-01-26 08:22:17,275 -   train_loss = 0.0916
2024-01-26 08:22:17,275 -   best_eval_score = 0.6899
2024-01-26 08:22:17,275 -   eval_score = 0.6738
2024-01-26 08:22:17,275 - EarlyStopping counter: 2 out of 8
2024-01-26 08:22:30,405 - ***** Epoch: 9: Eval results *****
2024-01-26 08:22:30,405 -   train_loss = 0.0573
2024-01-26 08:22:30,405 -   best_eval_score = 0.6899
2024-01-26 08:22:30,405 -   eval_score = 0.6744
2024-01-26 08:22:30,405 - EarlyStopping counter: 3 out of 8
2024-01-26 08:22:43,692 - ***** Epoch: 10: Eval results *****
2024-01-26 08:22:43,692 -   train_loss = 0.039
2024-01-26 08:22:43,692 -   best_eval_score = 0.6899
2024-01-26 08:22:43,692 -   eval_score = 0.6752
2024-01-26 08:22:43,692 - EarlyStopping counter: 4 out of 8
2024-01-26 08:22:56,662 - ***** Epoch: 11: Eval results *****
2024-01-26 08:22:56,663 -   train_loss = 0.0294
2024-01-26 08:22:56,663 -   best_eval_score = 0.6899
2024-01-26 08:22:56,663 -   eval_score = 0.6765
2024-01-26 08:22:56,663 - EarlyStopping counter: 5 out of 8
2024-01-26 08:23:09,753 - ***** Epoch: 12: Eval results *****
2024-01-26 08:23:09,753 -   train_loss = 0.0281
2024-01-26 08:23:09,753 -   best_eval_score = 0.6899
2024-01-26 08:23:09,753 -   eval_score = 0.6798
2024-01-26 08:23:09,753 - EarlyStopping counter: 6 out of 8
2024-01-26 08:23:23,069 - ***** Epoch: 13: Eval results *****
2024-01-26 08:23:23,069 -   train_loss = 0.0268
2024-01-26 08:23:23,069 -   best_eval_score = 0.6899
2024-01-26 08:23:23,069 -   eval_score = 0.6787
2024-01-26 08:23:23,069 - EarlyStopping counter: 7 out of 8
2024-01-26 08:23:36,416 - ***** Epoch: 14: Eval results *****
2024-01-26 08:23:36,416 -   train_loss = 0.0246
2024-01-26 08:23:36,416 -   best_eval_score = 0.6899
2024-01-26 08:23:36,416 -   eval_score = 0.6823
2024-01-26 08:23:36,416 - EarlyStopping counter: 8 out of 8
2024-01-26 08:23:36,416 - EarlyStopping at epoch 14
2024-01-26 08:23:36,416 - Trained models are saved in /home/sharing/disk2/sjh/Outputs/MIntRec/msz_MIntRec_multi-class_seed-1_2024-01-26-08-20-19/models
2024-01-26 08:23:37,527 - Training is finished...
2024-01-26 08:23:37,527 - Testing begins...
2024-01-26 08:23:40,330 - ***** Test: Confusion Matrix *****
2024-01-26 08:23:40,332 - [[35  2  0  0  7  0  1  0  2  3  1  0  4  2  0  0  0  0  0  0]
 [ 0 37  0  1  0  1  0  0  0  0  1  0  2  1  0  0  0  0  0  0]
 [ 1  0 26  0  0  0  0  0  0  0  0  0  0  0  0  0  0  0  0  0]
 [ 0  1  0 24  0  0  0  0  0  0  0  0  0  0  0  0  0  0  0  0]
 [ 6  0  0  0  8  0  2  0  1  1  0  1  2  1  0  0  0  1  0  0]
 [ 0  0  0  0  0 12  0  0  0  0  0  0  0  0  0  0  0  0  0  0]
 [ 0  0  0  0  3  0  3  0  4  0  0  0  1  0  0  0  1  0  0  0]
 [ 2  0  0  0  0  0  0  4  1  1  1  0  0  0  0  1  0  0  0  0]
 [ 2  0  0  0  0  0  0  1  5  0  0  0  0  0  0  2  0  0  0  0]
 [ 1  0  0  0  1  0  0  0  0  4  1  0  0  0  0  2  0  1  0  0]
 [ 1  0  0  0  0  0  0  0  0  1 16  0  0  0  0  0  0  0  0  0]
 [ 0  0  0  0  0  0  0  0  0  0  0 19  0  0  0  0  0  0  0  0]
 [ 4  1  0  0  0  0  1  0  0  0  0  1 41  3  4  1  1  0  0  0]
 [ 0  1  0  0  0  0  2  0  0  0  1  1  0 20  0  0  0  0  0  0]
 [ 0  0  0  0  0  0  0  0  0  0  0  0  4  3 13  0  1  0  0  1]
 [ 0  0  0  0  0  0  0  1  0  0  0  0  3  0  0 16  0  0  0  1]
 [ 0  0  0  0  0  0  0  0  0  0  0  0  3  0  2  0 12  0  0  0]
 [ 0  0  0  0  0  0  0  0  0  1  2  0  2  0  0  0  0 10  0  0]
 [ 0  0  0  0  0  0  0  0  0  0  0  0  2  0  0  1  0  0  9  0]
 [ 0  0  0  0  0  0  0  0  0  0  0  0  1  1  1  0  1  0  0  6]]
2024-01-26 08:23:40,332 - ***** Evaluation results *****
2024-01-26 08:23:40,332 -   acc = 0.7191
2024-01-26 08:23:40,332 -   f1 = 0.6914
2024-01-26 08:23:40,332 -   prec = 0.706
2024-01-26 08:23:40,332 -   rec = 0.6889
2024-01-26 08:23:40,333 - Testing is finished...
2024-01-26 08:23:40,333 - Multimodal intent recognition is finished...
2024-01-26 08:23:40,333 - Results are saved in results/msz.csv
