2024-03-30 16:07:42,070 - ============================== Params ==============================
2024-03-30 16:07:42,070 - logger_name: msz_MIntRec_multi-class_seed-2_2024-03-30-16-07-42
2024-03-30 16:07:42,070 - dataset: MIntRec
2024-03-30 16:07:42,070 - data_mode: multi-class
2024-03-30 16:07:42,070 - method: msz
2024-03-30 16:07:42,070 - text_backbone: bert-base-uncased
2024-03-30 16:07:42,070 - text_backbone_path: /home/sharing/disk1/pretrained_embedding/bert/uncased_L-12_H-768_A-12/
2024-03-30 16:07:42,070 - seed: 2
2024-03-30 16:07:42,070 - num_workers: 8
2024-03-30 16:07:42,070 - gpu_id: 3
2024-03-30 16:07:42,070 - data_path: /home/sharing/disk2/sjh/intentDataset
2024-03-30 16:07:42,070 - train: True
2024-03-30 16:07:42,070 - tune: True
2024-03-30 16:07:42,070 - save_model: False
2024-03-30 16:07:42,070 - save_results: True
2024-03-30 16:07:42,070 - log_path: logs
2024-03-30 16:07:42,070 - cache_path: 
2024-03-30 16:07:42,070 - video_data_path: video_data
2024-03-30 16:07:42,070 - audio_data_path: audio_data
2024-03-30 16:07:42,070 - video_feats_path: video_feats.pkl
2024-03-30 16:07:42,070 - audio_feats_path: audio_feats.pkl
2024-03-30 16:07:42,070 - results_path: results
2024-03-30 16:07:42,070 - output_path: /home/sharing/disk2/sjh/Outputs/MIntRec
2024-03-30 16:07:42,070 - model_path: models
2024-03-30 16:07:42,070 - config_file_name: msz_MIntRec
2024-03-30 16:07:42,070 - results_file_name: msz.csv
2024-03-30 16:07:42,070 - padding_mode: zero
2024-03-30 16:07:42,070 - padding_loc: end
2024-03-30 16:07:42,071 - need_aligned: False
2024-03-30 16:07:42,071 - eval_monitor: f1
2024-03-30 16:07:42,071 - train_batch_size: 16
2024-03-30 16:07:42,071 - eval_batch_size: 8
2024-03-30 16:07:42,071 - test_batch_size: 8
2024-03-30 16:07:42,071 - wait_patience: 8
2024-03-30 16:07:42,071 - hidden_dims: 768
2024-03-30 16:07:42,071 - num_attention_heads: 8
2024-03-30 16:07:42,071 - attention_probs_dropout_prob: 0.2
2024-03-30 16:07:42,071 - hidden_dropout_prob: 0.2
2024-03-30 16:07:42,071 - intermediate_size: 768
2024-03-30 16:07:42,071 - num_hidden_layers: 8
2024-03-30 16:07:42,071 - max_position_embeddings: 768
2024-03-30 16:07:42,071 - position_embedding_type: absolute
2024-03-30 16:07:42,071 - batch_first: True
2024-03-30 16:07:42,071 - dropout: 0.3
2024-03-30 16:07:42,071 - aligned_method: conv1d
2024-03-30 16:07:42,071 - num_train_epochs: 100
2024-03-30 16:07:42,071 - lr: 6e-06
2024-03-30 16:07:42,071 - lr_mode: max
2024-03-30 16:07:42,071 - patience: 4
2024-03-30 16:07:42,071 - factor: 0.6
2024-03-30 16:07:42,071 - pred_output_path: /home/sharing/disk2/sjh/Outputs/MIntRec/msz_MIntRec_multi-class_seed-2_2024-03-30-16-07-42
2024-03-30 16:07:42,071 - model_output_path: /home/sharing/disk2/sjh/Outputs/MIntRec/msz_MIntRec_multi-class_seed-2_2024-03-30-16-07-42/models
2024-03-30 16:07:42,071 - num_labels: 20
2024-03-30 16:07:42,071 - text_feat_dim: 768
2024-03-30 16:07:42,071 - video_feat_dim: 256
2024-03-30 16:07:42,071 - audio_feat_dim: 768
2024-03-30 16:07:42,071 - text_seq_len: 30
2024-03-30 16:07:42,071 - video_seq_len: 230
2024-03-30 16:07:42,071 - audio_seq_len: 480
2024-03-30 16:07:42,071 - device: cuda:3
2024-03-30 16:07:42,071 - ============================== End Params ==============================
2024-03-30 16:07:42,148 - Generate Text Features Begin...
2024-03-30 16:07:42,711 - Generate Text Features Finished...
2024-03-30 16:07:42,721 - Load Video Features Begin...
2024-03-30 16:07:55,044 - Load Video Features Finished...
2024-03-30 16:07:55,615 - Load Audio Features Begin...
2024-03-30 16:08:37,516 - Load Audio Features Finished...
2024-03-30 16:08:40,199 - method  begins...
2024-03-30 16:08:46,336 - Multimodal intent recognition begins...
2024-03-30 16:08:46,337 - Training begins...
2024-03-30 16:09:08,126 - ***** Epoch: 1: Eval results *****
2024-03-30 16:09:08,127 -   train_loss = 2.6783
2024-03-30 16:09:08,127 -   best_eval_score = 0.0
2024-03-30 16:09:08,127 -   eval_score = 0.168
2024-03-30 16:09:29,517 - ***** Epoch: 2: Eval results *****
2024-03-30 16:09:29,517 -   train_loss = 1.8438
2024-03-30 16:09:29,517 -   best_eval_score = 0.168
2024-03-30 16:09:29,517 -   eval_score = 0.4803
2024-03-30 16:09:50,553 - ***** Epoch: 3: Eval results *****
2024-03-30 16:09:50,553 -   train_loss = 1.1499
2024-03-30 16:09:50,553 -   best_eval_score = 0.4803
2024-03-30 16:09:50,553 -   eval_score = 0.5668
2024-03-30 16:10:11,811 - ***** Epoch: 4: Eval results *****
2024-03-30 16:10:11,812 -   train_loss = 0.688
2024-03-30 16:10:11,812 -   best_eval_score = 0.5668
2024-03-30 16:10:11,812 -   eval_score = 0.6189
2024-03-30 16:10:33,090 - ***** Epoch: 5: Eval results *****
2024-03-30 16:10:33,090 -   train_loss = 0.422
2024-03-30 16:10:33,090 -   best_eval_score = 0.6189
2024-03-30 16:10:33,090 -   eval_score = 0.6604
2024-03-30 16:10:54,025 - ***** Epoch: 6: Eval results *****
2024-03-30 16:10:54,025 -   train_loss = 0.2404
2024-03-30 16:10:54,025 -   best_eval_score = 0.6604
2024-03-30 16:10:54,025 -   eval_score = 0.7018
2024-03-30 16:11:15,290 - ***** Epoch: 7: Eval results *****
2024-03-30 16:11:15,290 -   train_loss = 0.1415
2024-03-30 16:11:15,290 -   best_eval_score = 0.7018
2024-03-30 16:11:15,290 -   eval_score = 0.7085
2024-03-30 16:11:35,752 - ***** Epoch: 8: Eval results *****
2024-03-30 16:11:35,752 -   train_loss = 0.1024
2024-03-30 16:11:35,752 -   best_eval_score = 0.7085
2024-03-30 16:11:35,752 -   eval_score = 0.7078
2024-03-30 16:11:35,752 - EarlyStopping counter: 1 out of 8
2024-03-30 16:11:56,524 - ***** Epoch: 9: Eval results *****
2024-03-30 16:11:56,524 -   train_loss = 0.0786
2024-03-30 16:11:56,524 -   best_eval_score = 0.7085
2024-03-30 16:11:56,524 -   eval_score = 0.7013
2024-03-30 16:11:56,524 - EarlyStopping counter: 2 out of 8
2024-03-30 16:12:17,651 - ***** Epoch: 10: Eval results *****
2024-03-30 16:12:17,652 -   train_loss = 0.0542
2024-03-30 16:12:17,652 -   best_eval_score = 0.7085
2024-03-30 16:12:17,652 -   eval_score = 0.703
2024-03-30 16:12:17,652 - EarlyStopping counter: 3 out of 8
2024-03-30 16:12:38,563 - ***** Epoch: 11: Eval results *****
2024-03-30 16:12:38,563 -   train_loss = 0.0429
2024-03-30 16:12:38,563 -   best_eval_score = 0.7085
2024-03-30 16:12:38,563 -   eval_score = 0.6995
2024-03-30 16:12:38,563 - EarlyStopping counter: 4 out of 8
2024-03-30 16:12:58,731 - ***** Epoch: 12: Eval results *****
2024-03-30 16:12:58,732 -   train_loss = 0.0348
2024-03-30 16:12:58,732 -   best_eval_score = 0.7085
2024-03-30 16:12:58,732 -   eval_score = 0.6981
2024-03-30 16:12:58,732 - EarlyStopping counter: 5 out of 8
2024-03-30 16:13:19,512 - ***** Epoch: 13: Eval results *****
2024-03-30 16:13:19,512 -   train_loss = 0.0299
2024-03-30 16:13:19,512 -   best_eval_score = 0.7085
2024-03-30 16:13:19,512 -   eval_score = 0.7016
2024-03-30 16:13:19,512 - EarlyStopping counter: 6 out of 8
2024-03-30 16:13:39,621 - ***** Epoch: 14: Eval results *****
2024-03-30 16:13:39,622 -   train_loss = 0.0255
2024-03-30 16:13:39,622 -   best_eval_score = 0.7085
2024-03-30 16:13:39,622 -   eval_score = 0.7074
2024-03-30 16:13:39,622 - EarlyStopping counter: 7 out of 8
2024-03-30 16:14:00,198 - ***** Epoch: 15: Eval results *****
2024-03-30 16:14:00,198 -   train_loss = 0.0231
2024-03-30 16:14:00,198 -   best_eval_score = 0.7085
2024-03-30 16:14:00,198 -   eval_score = 0.7089
2024-03-30 16:14:21,441 - ***** Epoch: 16: Eval results *****
2024-03-30 16:14:21,441 -   train_loss = 0.0201
2024-03-30 16:14:21,441 -   best_eval_score = 0.7089
2024-03-30 16:14:21,442 -   eval_score = 0.7009
2024-03-30 16:14:21,442 - EarlyStopping counter: 1 out of 8
2024-03-30 16:14:42,351 - ***** Epoch: 17: Eval results *****
2024-03-30 16:14:42,352 -   train_loss = 0.0177
2024-03-30 16:14:42,352 -   best_eval_score = 0.7089
2024-03-30 16:14:42,352 -   eval_score = 0.708
2024-03-30 16:14:42,352 - EarlyStopping counter: 2 out of 8
2024-03-30 16:15:02,893 - ***** Epoch: 18: Eval results *****
2024-03-30 16:15:02,893 -   train_loss = 0.0163
2024-03-30 16:15:02,893 -   best_eval_score = 0.7089
2024-03-30 16:15:02,893 -   eval_score = 0.7008
2024-03-30 16:15:02,893 - EarlyStopping counter: 3 out of 8
2024-03-30 16:15:24,198 - ***** Epoch: 19: Eval results *****
2024-03-30 16:15:24,198 -   train_loss = 0.0172
2024-03-30 16:15:24,198 -   best_eval_score = 0.7089
2024-03-30 16:15:24,198 -   eval_score = 0.7021
2024-03-30 16:15:24,198 - EarlyStopping counter: 4 out of 8
2024-03-30 16:15:44,705 - ***** Epoch: 20: Eval results *****
2024-03-30 16:15:44,706 -   train_loss = 0.0146
2024-03-30 16:15:44,706 -   best_eval_score = 0.7089
2024-03-30 16:15:44,706 -   eval_score = 0.7057
2024-03-30 16:15:44,706 - EarlyStopping counter: 5 out of 8
2024-03-30 16:16:05,520 - ***** Epoch: 21: Eval results *****
2024-03-30 16:16:05,529 -   train_loss = 0.0143
2024-03-30 16:16:05,529 -   best_eval_score = 0.7089
2024-03-30 16:16:05,529 -   eval_score = 0.7077
2024-03-30 16:16:05,529 - EarlyStopping counter: 6 out of 8
2024-03-30 16:16:26,188 - ***** Epoch: 22: Eval results *****
2024-03-30 16:16:26,189 -   train_loss = 0.0131
2024-03-30 16:16:26,189 -   best_eval_score = 0.7089
2024-03-30 16:16:26,189 -   eval_score = 0.7082
2024-03-30 16:16:26,189 - EarlyStopping counter: 7 out of 8
2024-03-30 16:16:46,646 - ***** Epoch: 23: Eval results *****
2024-03-30 16:16:46,647 -   train_loss = 0.0128
2024-03-30 16:16:46,647 -   best_eval_score = 0.7089
2024-03-30 16:16:46,647 -   eval_score = 0.7053
2024-03-30 16:16:46,647 - EarlyStopping counter: 8 out of 8
2024-03-30 16:16:46,647 - EarlyStopping at epoch 23
2024-03-30 16:16:46,650 - Training is finished...
2024-03-30 16:16:46,651 - Testing begins...
2024-03-30 16:16:50,420 - ***** Test: Confusion Matrix *****
2024-03-30 16:16:50,421 - [[38  3  0  0  8  0  1  0  0  1  1  0  4  1  0  0  0  0  0  0]
 [ 1 33  0  1  0  3  0  0  1  0  1  0  2  0  1  0  0  0  0  0]
 [ 1  0 26  0  0  0  0  0  0  0  0  0  0  0  0  0  0  0  0  0]
 [ 0  1  0 24  0  0  0  0  0  0  0  0  0  0  0  0  0  0  0  0]
 [ 5  0  0  0 11  0  2  0  0  0  0  1  2  1  0  0  0  1  0  0]
 [ 0  0  0  0  0 12  0  0  0  0  0  0  0  0  0  0  0  0  0  0]
 [ 1  1  0  0  3  0  2  0  3  0  0  0  1  0  0  0  1  0  0  0]
 [ 3  1  0  0  0  0  0  5  0  1  0  0  0  0  0  0  0  0  0  0]
 [ 1  0  0  0  0  0  1  2  5  0  0  0  0  1  0  0  0  0  0  0]
 [ 1  0  0  0  1  0  0  0  0  3  0  0  0  0  0  3  0  1  0  1]
 [ 1  0  0  0  0  0  1  0  0  2 13  0  0  0  1  0  0  0  0  0]
 [ 0  0  0  0  1  0  1  0  0  0  0 15  0  0  0  0  0  0  1  1]
 [ 3  1  0  0  1  0  0  0  0  0  1  1 41  2  2  2  2  0  0  1]
 [ 0  0  0  0  0  0  2  1  0  0  1  1  1 17  2  0  0  0  0  0]
 [ 0  0  0  0  1  0  0  0  0  0  0  0  1  2 16  0  1  0  0  1]
 [ 0  0  0  0  0  0  0  1  1  0  0  0  4  0  0 14  0  0  0  1]
 [ 0  0  0  0  0  0  0  0  0  0  0  0  3  0  1  0 13  0  0  0]
 [ 0  0  0  0  0  0  0  0  0  1  1  0  2  0  0  0  0 11  0  0]
 [ 0  0  0  0  0  0  0  0  0  0  0  0  2  0  0  1  0  0  9  0]
 [ 0  0  0  0  0  0  0  0  0  0  0  0  1  1  1  0  1  0  0  6]]
2024-03-30 16:16:50,422 - ***** Evaluation results *****
2024-03-30 16:16:50,422 -   acc = 0.7056
2024-03-30 16:16:50,422 -   f1 = 0.6741
2024-03-30 16:16:50,422 -   prec = 0.6793
2024-03-30 16:16:50,422 -   rec = 0.6727
2024-03-30 16:16:50,422 - Testing is finished...
2024-03-30 16:16:50,422 - Multimodal intent recognition is finished...
2024-03-30 16:16:50,422 - Results are saved in results/msz.csv
