2024-03-13 14:45:33,184 - ============================== Params ==============================
2024-03-13 14:45:33,184 - logger_name: msz_MIntRec2_multi-class_seed-2_2024-03-13-14-45-33
2024-03-13 14:45:33,184 - dataset: MIntRec2
2024-03-13 14:45:33,184 - data_mode: multi-class
2024-03-13 14:45:33,184 - method: msz
2024-03-13 14:45:33,184 - text_backbone: bert-base-uncased
2024-03-13 14:45:33,184 - text_backbone_path: /home/sharing/disk1/pretrained_embedding/bert/uncased_L-12_H-768_A-12/
2024-03-13 14:45:33,185 - seed: 2
2024-03-13 14:45:33,185 - num_workers: 8
2024-03-13 14:45:33,185 - gpu_id: 3
2024-03-13 14:45:33,185 - data_path: /home/sharing/disk2/sjh/intentDataset
2024-03-13 14:45:33,185 - train: True
2024-03-13 14:45:33,185 - tune: True
2024-03-13 14:45:33,185 - save_model: False
2024-03-13 14:45:33,185 - save_results: True
2024-03-13 14:45:33,185 - log_path: logs
2024-03-13 14:45:33,185 - cache_path: 
2024-03-13 14:45:33,185 - video_data_path: video_data
2024-03-13 14:45:33,185 - audio_data_path: audio_data
2024-03-13 14:45:33,185 - video_feats_path: video_feats.pkl
2024-03-13 14:45:33,185 - audio_feats_path: audio_feats.pkl
2024-03-13 14:45:33,185 - results_path: results
2024-03-13 14:45:33,185 - output_path: /home/sharing/disk2/sjh/Outputs/MIntRec2
2024-03-13 14:45:33,185 - model_path: models
2024-03-13 14:45:33,185 - config_file_name: msz_MIntRec2
2024-03-13 14:45:33,185 - results_file_name: msz.csv
2024-03-13 14:45:33,185 - padding_mode: zero
2024-03-13 14:45:33,185 - padding_loc: end
2024-03-13 14:45:33,185 - need_aligned: False
2024-03-13 14:45:33,185 - eval_monitor: f1
2024-03-13 14:45:33,185 - train_batch_size: 32
2024-03-13 14:45:33,185 - eval_batch_size: 16
2024-03-13 14:45:33,185 - test_batch_size: 16
2024-03-13 14:45:33,185 - wait_patience: 8
2024-03-13 14:45:33,185 - hidden_dims: 768
2024-03-13 14:45:33,185 - num_attention_heads: 6
2024-03-13 14:45:33,185 - attention_probs_dropout_prob: 0.3
2024-03-13 14:45:33,185 - hidden_dropout_prob: 0.5
2024-03-13 14:45:33,185 - intermediate_size: 768
2024-03-13 14:45:33,185 - num_hidden_layers: 6
2024-03-13 14:45:33,185 - max_position_embeddings: 1000
2024-03-13 14:45:33,185 - position_embedding_type: absolute
2024-03-13 14:45:33,185 - batch_first: True
2024-03-13 14:45:33,185 - dropout: 0.5
2024-03-13 14:45:33,185 - aligned_method: conv1d
2024-03-13 14:45:33,185 - num_train_epochs: 100
2024-03-13 14:45:33,185 - lr: 5e-06
2024-03-13 14:45:33,185 - lr_mode: min
2024-03-13 14:45:33,185 - pred_output_path: /home/sharing/disk2/sjh/Outputs/MIntRec2/msz_MIntRec2_multi-class_seed-2_2024-03-13-14-45-33
2024-03-13 14:45:33,185 - model_output_path: /home/sharing/disk2/sjh/Outputs/MIntRec2/msz_MIntRec2_multi-class_seed-2_2024-03-13-14-45-33/models
2024-03-13 14:45:33,185 - num_labels: 30
2024-03-13 14:45:33,185 - text_feat_dim: 768
2024-03-13 14:45:33,186 - video_feat_dim: 256
2024-03-13 14:45:33,186 - audio_feat_dim: 768
2024-03-13 14:45:33,186 - text_seq_len: 50
2024-03-13 14:45:33,186 - video_seq_len: 180
2024-03-13 14:45:33,186 - audio_seq_len: 400
2024-03-13 14:45:33,186 - device: cuda:3
2024-03-13 14:45:33,186 - ============================== End Params ==============================
2024-03-13 14:45:33,216 - Generate Text Features Begin...
2024-03-13 14:45:34,808 - Generate Text Features Finished...
2024-03-13 14:45:34,809 - Load Video Features Begin...
2024-03-13 14:45:39,259 - Load Video Features Finished...
2024-03-13 14:45:41,259 - Load Audio Features Begin...
2024-03-13 14:46:06,243 - Load Audio Features Finished...
2024-03-13 14:46:17,262 - method  begins...
2024-03-13 14:46:18,870 - Multimodal intent recognition begins...
2024-03-13 14:46:18,870 - Training begins...
2024-03-13 14:47:29,046 - ***** Epoch: 1: Eval results *****
2024-03-13 14:47:29,047 -   train_loss = 2.9267
2024-03-13 14:47:29,047 -   best_eval_score = 0.0
2024-03-13 14:47:29,047 -   eval_score = 0.2245
2024-03-13 14:48:41,110 - ***** Epoch: 2: Eval results *****
2024-03-13 14:48:41,110 -   train_loss = 2.0077
2024-03-13 14:48:41,110 -   best_eval_score = 0.2245
2024-03-13 14:48:41,111 -   eval_score = 0.3457
2024-03-13 14:49:52,540 - ***** Epoch: 3: Eval results *****
2024-03-13 14:49:52,541 -   train_loss = 1.5551
2024-03-13 14:49:52,541 -   best_eval_score = 0.3457
2024-03-13 14:49:52,541 -   eval_score = 0.4202
2024-03-13 14:51:05,781 - ***** Epoch: 4: Eval results *****
2024-03-13 14:51:05,781 -   train_loss = 1.3127
2024-03-13 14:51:05,781 -   best_eval_score = 0.4202
2024-03-13 14:51:05,781 -   eval_score = 0.4509
2024-03-13 14:52:16,998 - ***** Epoch: 5: Eval results *****
2024-03-13 14:52:16,998 -   train_loss = 1.1279
2024-03-13 14:52:16,998 -   best_eval_score = 0.4509
2024-03-13 14:52:16,998 -   eval_score = 0.4745
2024-03-13 14:53:28,900 - ***** Epoch: 6: Eval results *****
2024-03-13 14:53:28,900 -   train_loss = 0.9699
2024-03-13 14:53:28,900 -   best_eval_score = 0.4745
2024-03-13 14:53:28,900 -   eval_score = 0.4752
2024-03-13 14:54:40,859 - ***** Epoch: 7: Eval results *****
2024-03-13 14:54:40,859 -   train_loss = 0.8354
2024-03-13 14:54:40,859 -   best_eval_score = 0.4752
2024-03-13 14:54:40,859 -   eval_score = 0.4822
2024-03-13 14:55:52,367 - ***** Epoch: 8: Eval results *****
2024-03-13 14:55:52,367 -   train_loss = 0.7002
2024-03-13 14:55:52,367 -   best_eval_score = 0.4822
2024-03-13 14:55:52,367 -   eval_score = 0.4895
2024-03-13 14:57:06,478 - ***** Epoch: 9: Eval results *****
2024-03-13 14:57:06,478 -   train_loss = 0.5911
2024-03-13 14:57:06,479 -   best_eval_score = 0.4895
2024-03-13 14:57:06,479 -   eval_score = 0.4895
2024-03-13 14:58:19,748 - ***** Epoch: 10: Eval results *****
2024-03-13 14:58:19,748 -   train_loss = 0.485
2024-03-13 14:58:19,748 -   best_eval_score = 0.4895
2024-03-13 14:58:19,748 -   eval_score = 0.5016
2024-03-13 14:59:30,316 - ***** Epoch: 11: Eval results *****
2024-03-13 14:59:30,316 -   train_loss = 0.3776
2024-03-13 14:59:30,316 -   best_eval_score = 0.5016
2024-03-13 14:59:30,316 -   eval_score = 0.5029
2024-03-13 15:00:45,220 - ***** Epoch: 12: Eval results *****
2024-03-13 15:00:45,220 -   train_loss = 0.3672
2024-03-13 15:00:45,220 -   best_eval_score = 0.5029
2024-03-13 15:00:45,220 -   eval_score = 0.4996
2024-03-13 15:00:45,220 - EarlyStopping counter: 1 out of 8
2024-03-13 15:01:56,381 - ***** Epoch: 13: Eval results *****
2024-03-13 15:01:56,381 -   train_loss = 0.3555
2024-03-13 15:01:56,381 -   best_eval_score = 0.5029
2024-03-13 15:01:56,381 -   eval_score = 0.5044
2024-03-13 15:03:10,353 - ***** Epoch: 14: Eval results *****
2024-03-13 15:03:10,353 -   train_loss = 0.3394
2024-03-13 15:03:10,353 -   best_eval_score = 0.5044
2024-03-13 15:03:10,353 -   eval_score = 0.5013
2024-03-13 15:03:10,353 - EarlyStopping counter: 1 out of 8
2024-03-13 15:04:22,705 - ***** Epoch: 15: Eval results *****
2024-03-13 15:04:22,705 -   train_loss = 0.3328
2024-03-13 15:04:22,705 -   best_eval_score = 0.5044
2024-03-13 15:04:22,705 -   eval_score = 0.5025
2024-03-13 15:04:22,705 - EarlyStopping counter: 2 out of 8
2024-03-13 15:05:32,585 - ***** Epoch: 16: Eval results *****
2024-03-13 15:05:32,585 -   train_loss = 0.3192
2024-03-13 15:05:32,585 -   best_eval_score = 0.5044
2024-03-13 15:05:32,585 -   eval_score = 0.5001
2024-03-13 15:05:32,585 - EarlyStopping counter: 3 out of 8
2024-03-13 15:06:46,332 - ***** Epoch: 17: Eval results *****
2024-03-13 15:06:46,332 -   train_loss = 0.3127
2024-03-13 15:06:46,332 -   best_eval_score = 0.5044
2024-03-13 15:06:46,332 -   eval_score = 0.507
2024-03-13 15:07:58,675 - ***** Epoch: 18: Eval results *****
2024-03-13 15:07:58,676 -   train_loss = 0.3141
2024-03-13 15:07:58,676 -   best_eval_score = 0.507
2024-03-13 15:07:58,676 -   eval_score = 0.4998
2024-03-13 15:07:58,676 - EarlyStopping counter: 1 out of 8
2024-03-13 15:09:10,431 - ***** Epoch: 19: Eval results *****
2024-03-13 15:09:10,440 -   train_loss = 0.2921
2024-03-13 15:09:10,440 -   best_eval_score = 0.507
2024-03-13 15:09:10,440 -   eval_score = 0.5022
2024-03-13 15:09:10,440 - EarlyStopping counter: 2 out of 8
2024-03-13 15:10:22,848 - ***** Epoch: 20: Eval results *****
2024-03-13 15:10:22,848 -   train_loss = 0.2975
2024-03-13 15:10:22,849 -   best_eval_score = 0.507
2024-03-13 15:10:22,849 -   eval_score = 0.5027
2024-03-13 15:10:22,849 - EarlyStopping counter: 3 out of 8
2024-03-13 15:11:36,089 - ***** Epoch: 21: Eval results *****
2024-03-13 15:11:36,089 -   train_loss = 0.2905
2024-03-13 15:11:36,089 -   best_eval_score = 0.507
2024-03-13 15:11:36,089 -   eval_score = 0.502
2024-03-13 15:11:36,089 - EarlyStopping counter: 4 out of 8
2024-03-13 15:12:47,103 - ***** Epoch: 22: Eval results *****
2024-03-13 15:12:47,103 -   train_loss = 0.2907
2024-03-13 15:12:47,103 -   best_eval_score = 0.507
2024-03-13 15:12:47,103 -   eval_score = 0.5036
2024-03-13 15:12:47,103 - EarlyStopping counter: 5 out of 8
2024-03-13 15:13:59,668 - ***** Epoch: 23: Eval results *****
2024-03-13 15:13:59,668 -   train_loss = 0.2895
2024-03-13 15:13:59,668 -   best_eval_score = 0.507
2024-03-13 15:13:59,668 -   eval_score = 0.502
2024-03-13 15:13:59,668 - EarlyStopping counter: 6 out of 8
2024-03-13 15:15:09,927 - ***** Epoch: 24: Eval results *****
2024-03-13 15:15:09,927 -   train_loss = 0.2833
2024-03-13 15:15:09,927 -   best_eval_score = 0.507
2024-03-13 15:15:09,927 -   eval_score = 0.503
2024-03-13 15:15:09,927 - EarlyStopping counter: 7 out of 8
2024-03-13 15:16:21,439 - ***** Epoch: 25: Eval results *****
2024-03-13 15:16:21,439 -   train_loss = 0.2798
2024-03-13 15:16:21,439 -   best_eval_score = 0.507
2024-03-13 15:16:21,439 -   eval_score = 0.5017
2024-03-13 15:16:21,439 - EarlyStopping counter: 8 out of 8
2024-03-13 15:16:21,440 - EarlyStopping at epoch 25
2024-03-13 15:16:21,444 - Training is finished...
2024-03-13 15:16:21,444 - Testing begins...
2024-03-13 15:16:31,603 - ***** Test: Confusion Matrix *****
2024-03-13 15:16:31,608 - [[ 50   0  13   0   0   0   0   0   0   0   2   0   0   0   0   0   0   1
    0   0   0   1   0   0   1   0   0   0   0   0]
 [  0  59   0   0   6   1   5   0   0   0   1   1   4   0   4   0   0   7
    1   0   0   4   1   0   1   0   0   2   0   0]
 [ 10   0  43   0   1   0   0   0   0   0   1   0   0   1   2   0   0   2
    0   0   0   0   0   1   3   0   0   0   0   0]
 [  0   0   0  60   0   0   0   1   0   1   0   0   0   0   2   0   0   1
    0   0   0   0   0   0   0   0   0   0   0   0]
 [  0   5   0   0  33   1   0   0   1   0   0   0   0   0   0   0   0   3
    0   1   0   2   0   0   1   0   0   1   1   2]
 [  0   1   0   0   2  20   1   0   0   1   1   0   0   0   1   0   0   6
    0   1   0   0   0   1   0   0   1   0   0   1]
 [  0   1   0   0   0   3  29   7   0   0   3   0   5   0   0   0   0   0
    0   0   0   0   0   0   0   0   0   0   0   0]
 [  0   0   0   0   0   0   6  28   0   0   3   1   7   0   0   0   0   0
    0   0   0   0   1   0   0   0   0   1   0   0]
 [  1   2   1   3   1   0   0   0  22   0   0   1   1   0   3   1   0   4
    0   0   0   0   7   0   2   0   0   0   0   0]
 [  0   1   0   0   0   0   0   0   3  52   1   6   8   0  14   1   0   6
    0   0   0   1   2   1   4   0   1   5   0   1]
 [  0   0   0   0   0   2   5   3   2   2  48   0  25   0   1   0   0   2
    0   2   0   0   0   0   1   0   0   0   0   0]
 [  0   0   0   0   0   0   1   0   0   6   1  22   6   0   1   0   0   1
    1   0   0   0   3   0   1   0   0   4   0   0]
 [  0   2   0   0   0   0   4  10   0   5  27   0  83   1   0   0   1   0
    0   0   0   0   1   0   0   0   0   1   0   0]
 [  0   0   2   0   1   0   0   0   1   1   0   0   0   1   3   1   0   0
    4   0   0   0   2   0   0   0   0   1   0   0]
 [  0   3   2   0   1   1   1   0   5   6   2   1   1   0 118   2   0  20
    5   0   1   0  14   0   4   0   0   6   0   0]
 [  0   0   1   0   1   0   0   0   0   2   0   0   0   0   2   3   0   4
    2   0   0   1   2   0   1   0   0   2   1   0]
 [  0   0   0   0   1   0   1   2   0   0   1   0   2   0   0   0  53   0
    5   0   0   0   0   0   1   0   0   0   0   0]
 [  1   5   0   0   7   3   0   0   2  14   0   0   1   1  21   2   2 107
   15   3   1   6   6   9   0   2   1   4   1   3]
 [  0   3   0   0   0   0   1   0   0   4   1   0   0   1   8   0   1   6
   28   0   2   0   2   0   3   0   0   0   0   0]
 [  0   5   0   0   0   0   2   0   0   0   1   0   0   0   0   0   0   1
    0   7   0   1   0   0   0   0   0   0   0   0]
 [  0   1   2   0   1   0   0   0   0   1   1   1   0   1   5   0   0   3
    5   0   5   0   0   0   1   0   0   2   0   0]
 [  5   0   0   0   1   0   0   0   0   3   0   0   0   0   0   0   5   0
    0   0   0  28   0   6   1   0   2   1   0   1]
 [  0   0   1   1   0   0   0   0   1   6   0   3   1   1  10   0   0   2
    0   0   1   0  85   0   1   2   2   0   0   0]
 [  0   3   1   0   1   0   0   0   0   0   0   0   0   0   0   0   0   5
    0   0   1   3   0  24   0   0   0   0   0   0]
 [  1   0   3   0   0   0   0   0   0   1   1   1   0   0   3   0   0   2
    1   0   0   0   1   1  88   0   0   8   2   0]
 [  1   1   0   0   0   0   0   0   0   1   0   1   0   0   0   0   0   1
    0   0   0   0   2   0   1  21   0   0   0   2]
 [  0   0   0   2   0   0   0   0   0   2   0   0   0   0   0   0   0   3
    0   1   0   3   2   0   0   0   3   0   1   0]
 [  1   3   1   0   0   0   0   1   2   9   2   4   3   1   3   0   0   2
    0   0   1   0   1   0   8   1   1  12   1   1]
 [  0   0   0   0   0   0   0   0   0   0   0   0   0   0   0   0   1   1
    0   0   0   0   0   0   0   0   0   0  56   0]
 [  0   1   0   0   1   0   0   0   3   2   1   1   0   0   0   0   0   3
    1   0   0   0   0   0   1   1   0   0   0   4]]
2024-03-13 15:16:31,609 - ***** Evaluation results *****
2024-03-13 15:16:31,609 -   acc = 0.5863
2024-03-13 15:16:31,609 -   f1 = 0.5316
2024-03-13 15:16:31,609 -   prec = 0.5423
2024-03-13 15:16:31,609 -   rec = 0.5305
2024-03-13 15:16:31,609 - Testing is finished...
2024-03-13 15:16:31,609 - Multimodal intent recognition is finished...
2024-03-13 15:16:31,610 - Results are saved in results/msz.csv
