2024-01-06 03:09:05,694 - ============================== Params ==============================
2024-01-06 03:09:05,694 - logger_name: msz_MIntRec_multi-class_seed-5_2024-01-06-03-09-05
2024-01-06 03:09:05,694 - dataset: MIntRec
2024-01-06 03:09:05,694 - data_mode: multi-class
2024-01-06 03:09:05,694 - method: msz
2024-01-06 03:09:05,694 - text_backbone: bert-base-uncased
2024-01-06 03:09:05,694 - text_backbone_path: /home/sharing/disk1/pretrained_embedding/bert/uncased_L-12_H-768_A-12/
2024-01-06 03:09:05,694 - seed: 5
2024-01-06 03:09:05,694 - num_workers: 8
2024-01-06 03:09:05,694 - gpu_id: 1
2024-01-06 03:09:05,694 - data_path: /home/sharing/disk2/sjh/intentDataset
2024-01-06 03:09:05,694 - train: True
2024-01-06 03:09:05,695 - tune: False
2024-01-06 03:09:05,695 - save_model: False
2024-01-06 03:09:05,695 - save_results: True
2024-01-06 03:09:05,695 - log_path: logs
2024-01-06 03:09:05,695 - cache_path: 
2024-01-06 03:09:05,695 - video_data_path: video_data
2024-01-06 03:09:05,695 - audio_data_path: audio_data
2024-01-06 03:09:05,695 - video_feats_path: video_feats.pkl
2024-01-06 03:09:05,695 - audio_feats_path: audio_feats.pkl
2024-01-06 03:09:05,695 - results_path: results
2024-01-06 03:09:05,695 - output_path: /home/sharing/disk2/sjh/Outputs/MIntRec
2024-01-06 03:09:05,695 - model_path: models
2024-01-06 03:09:05,695 - config_file_name: msz
2024-01-06 03:09:05,695 - results_file_name: msz.csv
2024-01-06 03:09:05,695 - padding_mode: zero
2024-01-06 03:09:05,695 - padding_loc: end
2024-01-06 03:09:05,695 - need_aligned: False
2024-01-06 03:09:05,695 - eval_monitor: f1
2024-01-06 03:09:05,695 - train_batch_size: 16
2024-01-06 03:09:05,695 - eval_batch_size: 8
2024-01-06 03:09:05,695 - test_batch_size: 8
2024-01-06 03:09:05,695 - wait_patience: 8
2024-01-06 03:09:05,695 - nheads: 2
2024-01-06 03:09:05,695 - encoder_layers: 2
2024-01-06 03:09:05,695 - attn_dropout: 0.1
2024-01-06 03:09:05,695 - relu_dropout: 0.1
2024-01-06 03:09:05,695 - embed_dropout: 0.1
2024-01-06 03:09:05,695 - res_dropout: 0.1
2024-01-06 03:09:05,695 - attn_mask: False
2024-01-06 03:09:05,695 - hidden_size: 768
2024-01-06 03:09:05,695 - num_attention_heads: 12
2024-01-06 03:09:05,695 - attention_probs_dropout_prob: 0.2
2024-01-06 03:09:05,695 - hidden_dropout_prob: 0.2
2024-01-06 03:09:05,695 - intermediate_size: 768
2024-01-06 03:09:05,695 - num_hidden_layers: 3
2024-01-06 03:09:05,695 - max_position_embeddings: 512
2024-01-06 03:09:05,695 - position_embedding_type: absolute
2024-01-06 03:09:05,695 - batch_first: True
2024-01-06 03:09:05,696 - hidden_dims: 768
2024-01-06 03:09:05,696 - att_dropouts: [0.2, 0.2, 0.2]
2024-01-06 03:09:05,696 - spe_dropouts: [0.1, 0.1, 0.1]
2024-01-06 03:09:05,696 - ta_loss: 0.1
2024-01-06 03:09:05,696 - tv_loss: 0.1
2024-01-06 03:09:05,696 - av_loss: 0.1
2024-01-06 03:09:05,696 - aligned_method: conv1d
2024-01-06 03:09:05,696 - grad_clip: -1
2024-01-06 03:09:05,696 - num_train_epochs: 100
2024-01-06 03:09:05,696 - warmup_proportion: 0.1
2024-01-06 03:09:05,696 - lr: 1e-06
2024-01-06 03:09:05,696 - weight_decay: 0.01
2024-01-06 03:09:05,696 - pred_output_path: /home/sharing/disk2/sjh/Outputs/MIntRec/msz_MIntRec_multi-class_seed-5_2024-01-06-03-09-05
2024-01-06 03:09:05,696 - model_output_path: /home/sharing/disk2/sjh/Outputs/MIntRec/msz_MIntRec_multi-class_seed-5_2024-01-06-03-09-05/models
2024-01-06 03:09:05,696 - ============================== End Params ==============================
2024-01-06 03:09:05,699 - Generate Text Features Begin...
2024-01-06 03:09:06,198 - Generate Text Features Finished...
2024-01-06 03:09:06,198 - Load Video Features Begin...
2024-01-06 03:09:06,518 - Load Video Features Finished...
2024-01-06 03:09:07,094 - Load Audio Features Begin...
2024-01-06 03:09:08,132 - Load Audio Features Finished...
2024-01-06 03:09:11,586 - method  begins...
2024-01-06 03:09:14,829 - Multimodal intent recognition begins...
2024-01-06 03:09:14,829 - Training begins...
2024-01-06 03:09:36,913 - ***** Epoch: 1: Eval results *****
2024-01-06 03:09:36,913 -   train_loss = 2.9931
2024-01-06 03:09:36,913 -   best_eval_score = 0.0
2024-01-06 03:09:36,913 -   eval_score = 0.0604
2024-01-06 03:09:57,349 - ***** Epoch: 2: Eval results *****
2024-01-06 03:09:57,349 -   train_loss = 2.9103
2024-01-06 03:09:57,349 -   best_eval_score = 0.0604
2024-01-06 03:09:57,349 -   eval_score = 0.1058
2024-01-06 03:10:17,703 - ***** Epoch: 3: Eval results *****
2024-01-06 03:10:17,704 -   train_loss = 2.7874
2024-01-06 03:10:17,704 -   best_eval_score = 0.1058
2024-01-06 03:10:17,704 -   eval_score = 0.1153
2024-01-06 03:10:37,911 - ***** Epoch: 4: Eval results *****
2024-01-06 03:10:37,912 -   train_loss = 2.6066
2024-01-06 03:10:37,912 -   best_eval_score = 0.1153
2024-01-06 03:10:37,912 -   eval_score = 0.1388
2024-01-06 03:10:58,266 - ***** Epoch: 5: Eval results *****
2024-01-06 03:10:58,266 -   train_loss = 2.3158
2024-01-06 03:10:58,266 -   best_eval_score = 0.1388
2024-01-06 03:10:58,266 -   eval_score = 0.287
2024-01-06 03:11:18,487 - ***** Epoch: 6: Eval results *****
2024-01-06 03:11:18,487 -   train_loss = 1.9505
2024-01-06 03:11:18,487 -   best_eval_score = 0.287
2024-01-06 03:11:18,487 -   eval_score = 0.3393
2024-01-06 03:11:39,043 - ***** Epoch: 7: Eval results *****
2024-01-06 03:11:39,044 -   train_loss = 1.5823
2024-01-06 03:11:39,044 -   best_eval_score = 0.3393
2024-01-06 03:11:39,044 -   eval_score = 0.4345
2024-01-06 03:11:59,348 - ***** Epoch: 8: Eval results *****
2024-01-06 03:11:59,348 -   train_loss = 1.2421
2024-01-06 03:11:59,348 -   best_eval_score = 0.4345
2024-01-06 03:11:59,348 -   eval_score = 0.5102
2024-01-06 03:12:19,874 - ***** Epoch: 9: Eval results *****
2024-01-06 03:12:19,874 -   train_loss = 0.9701
2024-01-06 03:12:19,874 -   best_eval_score = 0.5102
2024-01-06 03:12:19,874 -   eval_score = 0.532
2024-01-06 03:12:40,375 - ***** Epoch: 10: Eval results *****
2024-01-06 03:12:40,375 -   train_loss = 0.7792
2024-01-06 03:12:40,375 -   best_eval_score = 0.532
2024-01-06 03:12:40,375 -   eval_score = 0.5459
2024-01-06 03:13:00,736 - ***** Epoch: 11: Eval results *****
2024-01-06 03:13:00,736 -   train_loss = 0.6544
2024-01-06 03:13:00,736 -   best_eval_score = 0.5459
2024-01-06 03:13:00,736 -   eval_score = 0.5899
2024-01-06 03:13:21,160 - ***** Epoch: 12: Eval results *****
2024-01-06 03:13:21,160 -   train_loss = 0.4479
2024-01-06 03:13:21,160 -   best_eval_score = 0.5899
2024-01-06 03:13:21,160 -   eval_score = 0.6422
2024-01-06 03:13:41,436 - ***** Epoch: 13: Eval results *****
2024-01-06 03:13:41,437 -   train_loss = 0.3471
2024-01-06 03:13:41,437 -   best_eval_score = 0.6422
2024-01-06 03:13:41,437 -   eval_score = 0.6139
2024-01-06 03:13:41,437 - EarlyStopping counter: 1 out of 8
2024-01-06 03:14:01,931 - ***** Epoch: 14: Eval results *****
2024-01-06 03:14:01,931 -   train_loss = 0.1922
2024-01-06 03:14:01,931 -   best_eval_score = 0.6422
2024-01-06 03:14:01,931 -   eval_score = 0.6379
2024-01-06 03:14:01,931 - EarlyStopping counter: 2 out of 8
2024-01-06 03:14:23,424 - ***** Epoch: 15: Eval results *****
2024-01-06 03:14:23,424 -   train_loss = 0.1439
2024-01-06 03:14:23,424 -   best_eval_score = 0.6422
2024-01-06 03:14:23,424 -   eval_score = 0.6441
2024-01-06 03:14:44,648 - ***** Epoch: 16: Eval results *****
2024-01-06 03:14:44,648 -   train_loss = 0.0806
2024-01-06 03:14:44,648 -   best_eval_score = 0.6441
2024-01-06 03:14:44,648 -   eval_score = 0.631
2024-01-06 03:14:44,648 - EarlyStopping counter: 1 out of 8
2024-01-06 03:15:05,066 - ***** Epoch: 17: Eval results *****
2024-01-06 03:15:05,066 -   train_loss = 0.0842
2024-01-06 03:15:05,066 -   best_eval_score = 0.6441
2024-01-06 03:15:05,066 -   eval_score = 0.6284
2024-01-06 03:15:05,066 - EarlyStopping counter: 2 out of 8
2024-01-06 03:15:25,693 - ***** Epoch: 18: Eval results *****
2024-01-06 03:15:25,693 -   train_loss = 0.0527
2024-01-06 03:15:25,693 -   best_eval_score = 0.6441
2024-01-06 03:15:25,693 -   eval_score = 0.6148
2024-01-06 03:15:25,693 - EarlyStopping counter: 3 out of 8
2024-01-06 03:15:46,412 - ***** Epoch: 19: Eval results *****
2024-01-06 03:15:46,412 -   train_loss = 0.0351
2024-01-06 03:15:46,412 -   best_eval_score = 0.6441
2024-01-06 03:15:46,413 -   eval_score = 0.617
2024-01-06 03:15:46,413 - EarlyStopping counter: 4 out of 8
2024-01-06 03:16:06,619 - ***** Epoch: 20: Eval results *****
2024-01-06 03:16:06,619 -   train_loss = 0.025
2024-01-06 03:16:06,619 -   best_eval_score = 0.6441
2024-01-06 03:16:06,619 -   eval_score = 0.649
2024-01-06 03:16:26,993 - ***** Epoch: 21: Eval results *****
2024-01-06 03:16:26,994 -   train_loss = 0.0303
2024-01-06 03:16:26,994 -   best_eval_score = 0.649
2024-01-06 03:16:26,994 -   eval_score = 0.6644
2024-01-06 03:16:47,904 - ***** Epoch: 22: Eval results *****
2024-01-06 03:16:47,905 -   train_loss = 0.0173
2024-01-06 03:16:47,905 -   best_eval_score = 0.6644
2024-01-06 03:16:47,905 -   eval_score = 0.657
2024-01-06 03:16:47,905 - EarlyStopping counter: 1 out of 8
2024-01-06 03:17:08,338 - ***** Epoch: 23: Eval results *****
2024-01-06 03:17:08,339 -   train_loss = 0.0089
2024-01-06 03:17:08,339 -   best_eval_score = 0.6644
2024-01-06 03:17:08,339 -   eval_score = 0.66
2024-01-06 03:17:08,339 - EarlyStopping counter: 2 out of 8
2024-01-06 03:17:28,501 - ***** Epoch: 24: Eval results *****
2024-01-06 03:17:28,501 -   train_loss = 0.0127
2024-01-06 03:17:28,501 -   best_eval_score = 0.6644
2024-01-06 03:17:28,501 -   eval_score = 0.6738
2024-01-06 03:17:49,076 - ***** Epoch: 25: Eval results *****
2024-01-06 03:17:49,076 -   train_loss = 0.0124
2024-01-06 03:17:49,076 -   best_eval_score = 0.6738
2024-01-06 03:17:49,077 -   eval_score = 0.6598
2024-01-06 03:17:49,077 - EarlyStopping counter: 1 out of 8
2024-01-06 03:18:09,407 - ***** Epoch: 26: Eval results *****
2024-01-06 03:18:09,407 -   train_loss = 0.0081
2024-01-06 03:18:09,407 -   best_eval_score = 0.6738
2024-01-06 03:18:09,407 -   eval_score = 0.6515
2024-01-06 03:18:09,408 - EarlyStopping counter: 2 out of 8
2024-01-06 03:18:29,920 - ***** Epoch: 27: Eval results *****
2024-01-06 03:18:29,921 -   train_loss = 0.0087
2024-01-06 03:18:29,921 -   best_eval_score = 0.6738
2024-01-06 03:18:29,921 -   eval_score = 0.6438
2024-01-06 03:18:29,921 - EarlyStopping counter: 3 out of 8
2024-01-06 03:18:50,408 - ***** Epoch: 28: Eval results *****
2024-01-06 03:18:50,408 -   train_loss = 0.0155
2024-01-06 03:18:50,408 -   best_eval_score = 0.6738
2024-01-06 03:18:50,408 -   eval_score = 0.6478
2024-01-06 03:18:50,408 - EarlyStopping counter: 4 out of 8
2024-01-06 03:19:11,477 - ***** Epoch: 29: Eval results *****
2024-01-06 03:19:11,477 -   train_loss = 0.0023
2024-01-06 03:19:11,477 -   best_eval_score = 0.6738
2024-01-06 03:19:11,477 -   eval_score = 0.6572
2024-01-06 03:19:11,477 - EarlyStopping counter: 5 out of 8
2024-01-06 03:19:31,991 - ***** Epoch: 30: Eval results *****
2024-01-06 03:19:31,991 -   train_loss = 0.0043
2024-01-06 03:19:31,991 -   best_eval_score = 0.6738
2024-01-06 03:19:31,991 -   eval_score = 0.6541
2024-01-06 03:19:31,991 - EarlyStopping counter: 6 out of 8
2024-01-06 03:19:52,485 - ***** Epoch: 31: Eval results *****
2024-01-06 03:19:52,485 -   train_loss = 0.0022
2024-01-06 03:19:52,485 -   best_eval_score = 0.6738
2024-01-06 03:19:52,485 -   eval_score = 0.6448
2024-01-06 03:19:52,485 - EarlyStopping counter: 7 out of 8
2024-01-06 03:20:12,854 - ***** Epoch: 32: Eval results *****
2024-01-06 03:20:12,854 -   train_loss = 0.0061
2024-01-06 03:20:12,854 -   best_eval_score = 0.6738
2024-01-06 03:20:12,854 -   eval_score = 0.6489
2024-01-06 03:20:12,854 - EarlyStopping counter: 8 out of 8
2024-01-06 03:20:12,854 - EarlyStopping at epoch 32
2024-01-06 03:20:12,856 - Training is finished...
2024-01-06 03:20:12,856 - Testing begins...
2024-01-06 03:20:16,179 - ***** Test: Confusion Matrix *****
2024-01-06 03:20:16,180 - [[24  1  0  0 10  1  1  4  1  4  0  0  8  2  1  0  0  0  0  0]
 [ 0 38  0  0  1  0  1  0  1  0  0  0  1  0  0  0  0  0  1  0]
 [ 0  0 26  0  0  0  1  0  0  0  0  0  0  0  0  0  0  0  0  0]
 [ 0  0  0 25  0  0  0  0  0  0  0  0  0  0  0  0  0  0  0  0]
 [ 5  0  0  0 12  0  3  0  0  0  0  1  0  1  1  0  0  0  0  0]
 [ 0  0  0  0  0 11  0  0  0  0  0  0  0  0  0  0  1  0  0  0]
 [ 2  1  0  0  1  0  1  1  2  2  0  1  1  0  0  0  0  0  0  0]
 [ 2  0  0  0  0  0  0  6  1  0  1  0  0  0  0  0  0  0  0  0]
 [ 0  0  0  0  0  0  0  3  5  0  0  0  0  2  0  0  0  0  0  0]
 [ 1  0  0  0  0  0  0  1  0  3  0  0  0  0  0  3  0  2  0  0]
 [ 2  0  0  0  0  0  3  0  0  2 10  0  0  0  0  0  0  1  0  0]
 [ 0  0  0  0  0  0  2  0  0  0  0 14  1  0  0  0  0  0  1  1]
 [ 3  0  0  1  0  0  1  4  0  0  1  0 38  2  6  0  1  0  0  0]
 [ 1  0  0  0  0  0  1  0  0  0  1  1  2 17  2  0  0  0  0  0]
 [ 0  0  0  0  0  0  0  0  0  0  0  0  0  2 17  1  1  0  0  1]
 [ 0  0  0  0  1  0  0  1  1  0  0  0  6  0  2 10  0  0  0  0]
 [ 0  0  0  0  0  0  0  2  0  0  0  0  1  0  1  0 13  0  0  0]
 [ 0  0  0  0  0  0  0  0  0  1  0  0  1  0  0  0  0 13  0  0]
 [ 0  0  0  0  0  0  0  0  0  0  0  0  4  0  0  1  0  0  7  0]
 [ 0  0  0  0  0  0  0  0  0  0  0  0  1  1  1  0  1  0  0  6]]
2024-01-06 03:20:16,180 - ***** Evaluation results *****
2024-01-06 03:20:16,180 -   acc = 0.6652
2024-01-06 03:20:16,180 -   f1 = 0.6414
2024-01-06 03:20:16,180 -   prec = 0.6547
2024-01-06 03:20:16,180 -   rec = 0.6446
2024-01-06 03:20:16,180 - Testing is finished...
2024-01-06 03:20:16,180 - Multimodal intent recognition is finished...
2024-01-06 03:20:16,180 - Results are saved in results/msz.csv
