2024-03-30 00:08:52,396 - ============================== Params ==============================
2024-03-30 00:08:52,396 - logger_name: msz_MIntRec_multi-class_seed-2_2024-03-30-00-08-52
2024-03-30 00:08:52,396 - dataset: MIntRec
2024-03-30 00:08:52,396 - data_mode: multi-class
2024-03-30 00:08:52,396 - method: msz
2024-03-30 00:08:52,396 - text_backbone: bert-base-uncased
2024-03-30 00:08:52,396 - text_backbone_path: /home/sharing/disk1/pretrained_embedding/bert/uncased_L-12_H-768_A-12/
2024-03-30 00:08:52,396 - seed: 2
2024-03-30 00:08:52,396 - num_workers: 8
2024-03-30 00:08:52,396 - gpu_id: 3
2024-03-30 00:08:52,396 - data_path: /home/sharing/disk2/sjh/intentDataset
2024-03-30 00:08:52,396 - train: True
2024-03-30 00:08:52,397 - tune: True
2024-03-30 00:08:52,397 - save_model: False
2024-03-30 00:08:52,397 - save_results: True
2024-03-30 00:08:52,397 - log_path: logs
2024-03-30 00:08:52,397 - cache_path: 
2024-03-30 00:08:52,397 - video_data_path: video_data
2024-03-30 00:08:52,397 - audio_data_path: audio_data
2024-03-30 00:08:52,397 - video_feats_path: video_feats.pkl
2024-03-30 00:08:52,397 - audio_feats_path: audio_feats.pkl
2024-03-30 00:08:52,397 - results_path: results
2024-03-30 00:08:52,397 - output_path: /home/sharing/disk2/sjh/Outputs/MIntRec
2024-03-30 00:08:52,397 - model_path: models
2024-03-30 00:08:52,397 - config_file_name: msz_MIntRec
2024-03-30 00:08:52,397 - results_file_name: msz.csv
2024-03-30 00:08:52,397 - padding_mode: zero
2024-03-30 00:08:52,397 - padding_loc: end
2024-03-30 00:08:52,397 - need_aligned: False
2024-03-30 00:08:52,397 - eval_monitor: f1
2024-03-30 00:08:52,397 - train_batch_size: 16
2024-03-30 00:08:52,397 - eval_batch_size: 8
2024-03-30 00:08:52,397 - test_batch_size: 8
2024-03-30 00:08:52,397 - wait_patience: 8
2024-03-30 00:08:52,397 - hidden_dims: 768
2024-03-30 00:08:52,397 - num_attention_heads: 8
2024-03-30 00:08:52,397 - attention_probs_dropout_prob: 0.2
2024-03-30 00:08:52,397 - hidden_dropout_prob: 0.4
2024-03-30 00:08:52,397 - intermediate_size: 768
2024-03-30 00:08:52,397 - num_hidden_layers: 8
2024-03-30 00:08:52,397 - max_position_embeddings: 768
2024-03-30 00:08:52,397 - position_embedding_type: absolute
2024-03-30 00:08:52,397 - batch_first: True
2024-03-30 00:08:52,397 - dropout: 0.1
2024-03-30 00:08:52,397 - aligned_method: conv1d
2024-03-30 00:08:52,397 - num_train_epochs: 100
2024-03-30 00:08:52,397 - lr: 8e-06
2024-03-30 00:08:52,397 - lr_mode: max
2024-03-30 00:08:52,398 - patience: 3
2024-03-30 00:08:52,398 - factor: 0.6
2024-03-30 00:08:52,398 - pred_output_path: /home/sharing/disk2/sjh/Outputs/MIntRec/msz_MIntRec_multi-class_seed-2_2024-03-30-00-08-52
2024-03-30 00:08:52,398 - model_output_path: /home/sharing/disk2/sjh/Outputs/MIntRec/msz_MIntRec_multi-class_seed-2_2024-03-30-00-08-52/models
2024-03-30 00:08:52,398 - num_labels: 20
2024-03-30 00:08:52,398 - text_feat_dim: 768
2024-03-30 00:08:52,398 - video_feat_dim: 256
2024-03-30 00:08:52,398 - audio_feat_dim: 768
2024-03-30 00:08:52,398 - text_seq_len: 30
2024-03-30 00:08:52,398 - video_seq_len: 230
2024-03-30 00:08:52,398 - audio_seq_len: 480
2024-03-30 00:08:52,398 - device: cuda:3
2024-03-30 00:08:52,398 - ============================== End Params ==============================
2024-03-30 00:08:52,442 - Generate Text Features Begin...
2024-03-30 00:08:53,140 - Generate Text Features Finished...
2024-03-30 00:08:53,141 - Load Video Features Begin...
2024-03-30 00:08:53,976 - Load Video Features Finished...
2024-03-30 00:08:54,472 - Load Audio Features Begin...
2024-03-30 00:08:58,917 - Load Audio Features Finished...
2024-03-30 00:09:01,609 - method  begins...
2024-03-30 00:09:04,352 - Multimodal intent recognition begins...
2024-03-30 00:09:04,352 - Training begins...
2024-03-30 00:09:26,350 - ***** Epoch: 1: Eval results *****
2024-03-30 00:09:26,350 -   train_loss = 2.5588
2024-03-30 00:09:26,350 -   best_eval_score = 0.0
2024-03-30 00:09:26,350 -   eval_score = 0.2154
2024-03-30 00:09:47,965 - ***** Epoch: 2: Eval results *****
2024-03-30 00:09:47,974 -   train_loss = 1.519
2024-03-30 00:09:47,974 -   best_eval_score = 0.2154
2024-03-30 00:09:47,974 -   eval_score = 0.5258
2024-03-30 00:10:09,710 - ***** Epoch: 3: Eval results *****
2024-03-30 00:10:09,711 -   train_loss = 0.8297
2024-03-30 00:10:09,711 -   best_eval_score = 0.5258
2024-03-30 00:10:09,711 -   eval_score = 0.6347
2024-03-30 00:10:31,899 - ***** Epoch: 4: Eval results *****
2024-03-30 00:10:31,899 -   train_loss = 0.4341
2024-03-30 00:10:31,899 -   best_eval_score = 0.6347
2024-03-30 00:10:31,899 -   eval_score = 0.6456
2024-03-30 00:10:53,132 - ***** Epoch: 5: Eval results *****
2024-03-30 00:10:53,132 -   train_loss = 0.2312
2024-03-30 00:10:53,132 -   best_eval_score = 0.6456
2024-03-30 00:10:53,132 -   eval_score = 0.6973
2024-03-30 00:11:14,984 - ***** Epoch: 6: Eval results *****
2024-03-30 00:11:14,984 -   train_loss = 0.1064
2024-03-30 00:11:14,984 -   best_eval_score = 0.6973
2024-03-30 00:11:14,984 -   eval_score = 0.6758
2024-03-30 00:11:14,984 - EarlyStopping counter: 1 out of 8
2024-03-30 00:11:37,824 - ***** Epoch: 7: Eval results *****
2024-03-30 00:11:37,824 -   train_loss = 0.0669
2024-03-30 00:11:37,824 -   best_eval_score = 0.6973
2024-03-30 00:11:37,824 -   eval_score = 0.7091
2024-03-30 00:12:01,189 - ***** Epoch: 8: Eval results *****
2024-03-30 00:12:01,189 -   train_loss = 0.0467
2024-03-30 00:12:01,189 -   best_eval_score = 0.7091
2024-03-30 00:12:01,189 -   eval_score = 0.695
2024-03-30 00:12:01,189 - EarlyStopping counter: 1 out of 8
2024-03-30 00:12:24,333 - ***** Epoch: 9: Eval results *****
2024-03-30 00:12:24,333 -   train_loss = 0.0355
2024-03-30 00:12:24,333 -   best_eval_score = 0.7091
2024-03-30 00:12:24,334 -   eval_score = 0.7121
2024-03-30 00:12:45,679 - ***** Epoch: 10: Eval results *****
2024-03-30 00:12:45,679 -   train_loss = 0.0263
2024-03-30 00:12:45,679 -   best_eval_score = 0.7121
2024-03-30 00:12:45,679 -   eval_score = 0.698
2024-03-30 00:12:45,679 - EarlyStopping counter: 1 out of 8
2024-03-30 00:13:07,529 - ***** Epoch: 11: Eval results *****
2024-03-30 00:13:07,529 -   train_loss = 0.0229
2024-03-30 00:13:07,529 -   best_eval_score = 0.7121
2024-03-30 00:13:07,529 -   eval_score = 0.695
2024-03-30 00:13:07,529 - EarlyStopping counter: 2 out of 8
2024-03-30 00:13:29,157 - ***** Epoch: 12: Eval results *****
2024-03-30 00:13:29,157 -   train_loss = 0.0188
2024-03-30 00:13:29,157 -   best_eval_score = 0.7121
2024-03-30 00:13:29,157 -   eval_score = 0.6948
2024-03-30 00:13:29,157 - EarlyStopping counter: 3 out of 8
2024-03-30 00:13:50,805 - ***** Epoch: 13: Eval results *****
2024-03-30 00:13:50,805 -   train_loss = 0.0161
2024-03-30 00:13:50,805 -   best_eval_score = 0.7121
2024-03-30 00:13:50,805 -   eval_score = 0.6928
2024-03-30 00:13:50,805 - EarlyStopping counter: 4 out of 8
2024-03-30 00:14:12,810 - ***** Epoch: 14: Eval results *****
2024-03-30 00:14:12,811 -   train_loss = 0.0147
2024-03-30 00:14:12,811 -   best_eval_score = 0.7121
2024-03-30 00:14:12,811 -   eval_score = 0.6939
2024-03-30 00:14:12,811 - EarlyStopping counter: 5 out of 8
2024-03-30 00:14:34,628 - ***** Epoch: 15: Eval results *****
2024-03-30 00:14:34,628 -   train_loss = 0.0134
2024-03-30 00:14:34,628 -   best_eval_score = 0.7121
2024-03-30 00:14:34,628 -   eval_score = 0.7041
2024-03-30 00:14:34,628 - EarlyStopping counter: 6 out of 8
2024-03-30 00:14:56,848 - ***** Epoch: 16: Eval results *****
2024-03-30 00:14:56,848 -   train_loss = 0.0118
2024-03-30 00:14:56,848 -   best_eval_score = 0.7121
2024-03-30 00:14:56,848 -   eval_score = 0.7033
2024-03-30 00:14:56,848 - EarlyStopping counter: 7 out of 8
2024-03-30 00:15:18,298 - ***** Epoch: 17: Eval results *****
2024-03-30 00:15:18,299 -   train_loss = 0.0108
2024-03-30 00:15:18,299 -   best_eval_score = 0.7121
2024-03-30 00:15:18,299 -   eval_score = 0.695
2024-03-30 00:15:18,299 - EarlyStopping counter: 8 out of 8
2024-03-30 00:15:18,299 - EarlyStopping at epoch 17
2024-03-30 00:15:18,306 - Training is finished...
2024-03-30 00:15:18,306 - Testing begins...
2024-03-30 00:15:22,204 - ***** Test: Confusion Matrix *****
2024-03-30 00:15:22,205 - [[42  1  0  0  7  0  1  0  0  1  1  0  3  1  0  0  0  0  0  0]
 [ 1 33  0  1  0  3  0  0  1  0  1  0  2  1  0  0  0  0  0  0]
 [ 1  0 26  0  0  0  0  0  0  0  0  0  0  0  0  0  0  0  0  0]
 [ 0  0  0 25  0  0  0  0  0  0  0  0  0  0  0  0  0  0  0  0]
 [ 5  0  0  0 12  0  2  0  0  0  0  1  1  1  0  0  0  1  0  0]
 [ 0  0  0  0  0 12  0  0  0  0  0  0  0  0  0  0  0  0  0  0]
 [ 1  1  0  0  3  0  2  0  3  0  0  0  1  0  0  0  1  0  0  0]
 [ 3  1  0  0  0  1  0  5  0  0  0  0  0  0  0  0  0  0  0  0]
 [ 1  0  0  0  0  0  2  2  4  0  0  0  0  1  0  0  0  0  0  0]
 [ 1  0  0  0  1  0  0  0  0  4  0  0  0  0  0  2  0  1  0  1]
 [ 1  0  0  0  0  0  1  0  0  1 14  0  0  0  1  0  0  0  0  0]
 [ 0  0  0  0  1  0  1  0  0  0  0 15  0  0  0  0  0  0  1  1]
 [ 3  1  0  0  1  0  0  0  0  0  1  1 38  3  5  1  2  0  0  1]
 [ 0  0  0  0  0  0  2  1  0  0  1  1  0 19  1  0  0  0  0  0]
 [ 0  0  0  0  1  0  0  0  1  0  0  0  0  2 16  0  1  0  0  1]
 [ 0  0  0  0  0  0  0  1  1  0  0  0  4  0  0 14  0  0  0  1]
 [ 0  0  0  0  0  0  0  0  0  0  0  0  3  0  1  0 13  0  0  0]
 [ 0  0  0  0  0  0  0  0  0  1  1  0  2  0  0  0  0 11  0  0]
 [ 0  0  0  0  0  0  0  0  0  0  0  0  2  0  0  1  0  0  9  0]
 [ 0  0  0  0  0  0  0  0  0  0  0  0  1  1  1  0  1  0  0  6]]
2024-03-30 00:15:22,205 - ***** Evaluation results *****
2024-03-30 00:15:22,205 -   acc = 0.7191
2024-03-30 00:15:22,205 -   f1 = 0.6842
2024-03-30 00:15:22,205 -   prec = 0.6905
2024-03-30 00:15:22,205 -   rec = 0.6846
2024-03-30 00:15:22,205 - Testing is finished...
2024-03-30 00:15:22,205 - Multimodal intent recognition is finished...
2024-03-30 00:15:22,205 - Results are saved in results/msz.csv
