2024-03-01 20:57:58,986 - ============================== Params ==============================
2024-03-01 20:57:58,987 - logger_name: msz_MIntRec_multi-class_seed-1_2024-03-01-20-57-58
2024-03-01 20:57:58,987 - dataset: MIntRec
2024-03-01 20:57:58,987 - data_mode: multi-class
2024-03-01 20:57:58,987 - method: msz
2024-03-01 20:57:58,987 - text_backbone: bert-base-uncased
2024-03-01 20:57:58,987 - text_backbone_path: /home/sharing/disk1/pretrained_embedding/bert/uncased_L-12_H-768_A-12/
2024-03-01 20:57:58,987 - seed: 1
2024-03-01 20:57:58,987 - num_workers: 8
2024-03-01 20:57:58,987 - gpu_id: 3
2024-03-01 20:57:58,987 - data_path: /home/sharing/disk2/sjh/intentDataset
2024-03-01 20:57:58,987 - train: True
2024-03-01 20:57:58,987 - tune: True
2024-03-01 20:57:58,987 - save_model: True
2024-03-01 20:57:58,987 - save_results: True
2024-03-01 20:57:58,987 - log_path: logs
2024-03-01 20:57:58,987 - cache_path: 
2024-03-01 20:57:58,987 - video_data_path: video_data
2024-03-01 20:57:58,987 - audio_data_path: audio_data
2024-03-01 20:57:58,987 - video_feats_path: video_feats.pkl
2024-03-01 20:57:58,987 - audio_feats_path: audio_feats.pkl
2024-03-01 20:57:58,987 - results_path: results
2024-03-01 20:57:58,987 - output_path: /home/sharing/disk2/sjh/Outputs/MIntRec
2024-03-01 20:57:58,987 - model_path: models
2024-03-01 20:57:58,987 - config_file_name: msz_MIntRec
2024-03-01 20:57:58,987 - results_file_name: msz.csv
2024-03-01 20:57:58,987 - padding_mode: zero
2024-03-01 20:57:58,987 - padding_loc: end
2024-03-01 20:57:58,987 - need_aligned: False
2024-03-01 20:57:58,987 - eval_monitor: f1
2024-03-01 20:57:58,987 - train_batch_size: 16
2024-03-01 20:57:58,987 - eval_batch_size: 8
2024-03-01 20:57:58,987 - test_batch_size: 8
2024-03-01 20:57:58,987 - wait_patience: 8
2024-03-01 20:57:58,988 - hidden_size: 768
2024-03-01 20:57:58,988 - num_attention_heads: 12
2024-03-01 20:57:58,988 - attention_probs_dropout_prob: 0.2
2024-03-01 20:57:58,988 - hidden_dropout_prob: 0.2
2024-03-01 20:57:58,988 - intermediate_size: 768
2024-03-01 20:57:58,988 - num_hidden_layers: 6
2024-03-01 20:57:58,988 - max_position_embeddings: 768
2024-03-01 20:57:58,988 - position_embedding_type: absolute
2024-03-01 20:57:58,988 - batch_first: True
2024-03-01 20:57:58,988 - hidden_dims: 768
2024-03-01 20:57:58,988 - dropout: 0.1
2024-03-01 20:57:58,988 - aligned_method: ctc
2024-03-01 20:57:58,988 - num_train_epochs: 100
2024-03-01 20:57:58,988 - lr: 1e-05
2024-03-01 20:57:58,988 - pred_output_path: /home/sharing/disk2/sjh/Outputs/MIntRec/msz_MIntRec_multi-class_seed-1_2024-03-01-20-57-58
2024-03-01 20:57:58,988 - model_output_path: /home/sharing/disk2/sjh/Outputs/MIntRec/msz_MIntRec_multi-class_seed-1_2024-03-01-20-57-58/models
2024-03-01 20:57:58,988 - num_labels: 20
2024-03-01 20:57:58,988 - text_feat_dim: 768
2024-03-01 20:57:58,988 - video_feat_dim: 256
2024-03-01 20:57:58,988 - audio_feat_dim: 768
2024-03-01 20:57:58,988 - text_seq_len: 30
2024-03-01 20:57:58,988 - video_seq_len: 230
2024-03-01 20:57:58,988 - audio_seq_len: 480
2024-03-01 20:57:58,988 - device: cuda:3
2024-03-01 20:57:58,988 - ============================== End Params ==============================
2024-03-01 20:57:58,991 - Generate Text Features Begin...
2024-03-01 20:57:59,468 - Generate Text Features Finished...
2024-03-01 20:57:59,469 - Load Video Features Begin...
2024-03-01 20:57:59,791 - Load Video Features Finished...
2024-03-01 20:58:00,438 - Load Audio Features Begin...
2024-03-01 20:58:01,307 - Load Audio Features Finished...
2024-03-01 20:58:03,491 - method  begins...
2024-03-01 20:58:05,070 - Multimodal intent recognition begins...
2024-03-01 20:58:05,070 - Training begins...
2024-03-01 20:58:22,662 - ***** Epoch: 1: Eval results *****
2024-03-01 20:58:22,662 -   train_loss = 2.498
2024-03-01 20:58:22,662 -   best_eval_score = 0.0
2024-03-01 20:58:22,662 -   eval_score = 0.3479
2024-03-01 20:58:40,501 - ***** Epoch: 2: Eval results *****
2024-03-01 20:58:40,501 -   train_loss = 1.3363
2024-03-01 20:58:40,501 -   best_eval_score = 0.3479
2024-03-01 20:58:40,501 -   eval_score = 0.5791
2024-03-01 20:58:58,337 - ***** Epoch: 3: Eval results *****
2024-03-01 20:58:58,337 -   train_loss = 0.6605
2024-03-01 20:58:58,337 -   best_eval_score = 0.5791
2024-03-01 20:58:58,337 -   eval_score = 0.6379
2024-03-01 20:59:15,844 - ***** Epoch: 4: Eval results *****
2024-03-01 20:59:15,844 -   train_loss = 0.3146
2024-03-01 20:59:15,844 -   best_eval_score = 0.6379
2024-03-01 20:59:15,844 -   eval_score = 0.6738
2024-03-01 20:59:33,333 - ***** Epoch: 5: Eval results *****
2024-03-01 20:59:33,333 -   train_loss = 0.1475
2024-03-01 20:59:33,333 -   best_eval_score = 0.6738
2024-03-01 20:59:33,333 -   eval_score = 0.6764
2024-03-01 20:59:51,445 - ***** Epoch: 6: Eval results *****
2024-03-01 20:59:51,446 -   train_loss = 0.0745
2024-03-01 20:59:51,446 -   best_eval_score = 0.6764
2024-03-01 20:59:51,446 -   eval_score = 0.6756
2024-03-01 20:59:51,446 - EarlyStopping counter: 1 out of 8
2024-03-01 21:00:09,450 - ***** Epoch: 7: Eval results *****
2024-03-01 21:00:09,450 -   train_loss = 0.0425
2024-03-01 21:00:09,450 -   best_eval_score = 0.6764
2024-03-01 21:00:09,450 -   eval_score = 0.6721
2024-03-01 21:00:09,450 - EarlyStopping counter: 2 out of 8
2024-03-01 21:00:26,861 - ***** Epoch: 8: Eval results *****
2024-03-01 21:00:26,861 -   train_loss = 0.0285
2024-03-01 21:00:26,861 -   best_eval_score = 0.6764
2024-03-01 21:00:26,861 -   eval_score = 0.6882
2024-03-01 21:00:44,417 - ***** Epoch: 9: Eval results *****
2024-03-01 21:00:44,417 -   train_loss = 0.019
2024-03-01 21:00:44,417 -   best_eval_score = 0.6882
2024-03-01 21:00:44,418 -   eval_score = 0.6899
2024-03-01 21:01:02,425 - ***** Epoch: 10: Eval results *****
2024-03-01 21:01:02,425 -   train_loss = 0.0135
2024-03-01 21:01:02,425 -   best_eval_score = 0.6899
2024-03-01 21:01:02,425 -   eval_score = 0.6894
2024-03-01 21:01:02,425 - EarlyStopping counter: 1 out of 8
2024-03-01 21:01:20,306 - ***** Epoch: 11: Eval results *****
2024-03-01 21:01:20,306 -   train_loss = 0.0104
2024-03-01 21:01:20,307 -   best_eval_score = 0.6899
2024-03-01 21:01:20,307 -   eval_score = 0.691
2024-03-01 21:01:37,619 - ***** Epoch: 12: Eval results *****
2024-03-01 21:01:37,620 -   train_loss = 0.0087
2024-03-01 21:01:37,620 -   best_eval_score = 0.691
2024-03-01 21:01:37,620 -   eval_score = 0.6868
2024-03-01 21:01:37,620 - EarlyStopping counter: 1 out of 8
2024-03-01 21:01:54,888 - ***** Epoch: 13: Eval results *****
2024-03-01 21:01:54,888 -   train_loss = 0.009
2024-03-01 21:01:54,888 -   best_eval_score = 0.691
2024-03-01 21:01:54,888 -   eval_score = 0.6904
2024-03-01 21:01:54,889 - EarlyStopping counter: 2 out of 8
2024-03-01 21:02:12,999 - ***** Epoch: 14: Eval results *****
2024-03-01 21:02:12,999 -   train_loss = 0.0088
2024-03-01 21:02:12,999 -   best_eval_score = 0.691
2024-03-01 21:02:12,999 -   eval_score = 0.6916
2024-03-01 21:02:30,594 - ***** Epoch: 15: Eval results *****
2024-03-01 21:02:30,594 -   train_loss = 0.0085
2024-03-01 21:02:30,594 -   best_eval_score = 0.6916
2024-03-01 21:02:30,594 -   eval_score = 0.6915
2024-03-01 21:02:30,594 - EarlyStopping counter: 1 out of 8
2024-03-01 21:02:48,461 - ***** Epoch: 16: Eval results *****
2024-03-01 21:02:48,461 -   train_loss = 0.0081
2024-03-01 21:02:48,461 -   best_eval_score = 0.6916
2024-03-01 21:02:48,462 -   eval_score = 0.6915
2024-03-01 21:02:48,462 - EarlyStopping counter: 2 out of 8
2024-03-01 21:03:06,600 - ***** Epoch: 17: Eval results *****
2024-03-01 21:03:06,600 -   train_loss = 0.0074
2024-03-01 21:03:06,600 -   best_eval_score = 0.6916
2024-03-01 21:03:06,600 -   eval_score = 0.688
2024-03-01 21:03:06,600 - EarlyStopping counter: 3 out of 8
2024-03-01 21:03:24,565 - ***** Epoch: 18: Eval results *****
2024-03-01 21:03:24,565 -   train_loss = 0.0071
2024-03-01 21:03:24,565 -   best_eval_score = 0.6916
2024-03-01 21:03:24,565 -   eval_score = 0.6973
2024-03-01 21:03:43,014 - ***** Epoch: 19: Eval results *****
2024-03-01 21:03:43,014 -   train_loss = 0.0068
2024-03-01 21:03:43,014 -   best_eval_score = 0.6973
2024-03-01 21:03:43,014 -   eval_score = 0.692
2024-03-01 21:03:43,015 - EarlyStopping counter: 1 out of 8
2024-03-01 21:04:00,870 - ***** Epoch: 20: Eval results *****
2024-03-01 21:04:00,870 -   train_loss = 0.0066
2024-03-01 21:04:00,870 -   best_eval_score = 0.6973
2024-03-01 21:04:00,870 -   eval_score = 0.692
2024-03-01 21:04:00,870 - EarlyStopping counter: 2 out of 8
2024-03-01 21:04:18,838 - ***** Epoch: 21: Eval results *****
2024-03-01 21:04:18,838 -   train_loss = 0.007
2024-03-01 21:04:18,838 -   best_eval_score = 0.6973
2024-03-01 21:04:18,838 -   eval_score = 0.692
2024-03-01 21:04:18,838 - EarlyStopping counter: 3 out of 8
2024-03-01 21:04:37,052 - ***** Epoch: 22: Eval results *****
2024-03-01 21:04:37,052 -   train_loss = 0.0067
2024-03-01 21:04:37,052 -   best_eval_score = 0.6973
2024-03-01 21:04:37,053 -   eval_score = 0.692
2024-03-01 21:04:37,053 - EarlyStopping counter: 4 out of 8
2024-03-01 21:04:55,086 - ***** Epoch: 23: Eval results *****
2024-03-01 21:04:55,087 -   train_loss = 0.0066
2024-03-01 21:04:55,087 -   best_eval_score = 0.6973
2024-03-01 21:04:55,087 -   eval_score = 0.692
2024-03-01 21:04:55,087 - EarlyStopping counter: 5 out of 8
2024-03-01 21:05:12,724 - ***** Epoch: 24: Eval results *****
2024-03-01 21:05:12,724 -   train_loss = 0.0064
2024-03-01 21:05:12,724 -   best_eval_score = 0.6973
2024-03-01 21:05:12,724 -   eval_score = 0.692
2024-03-01 21:05:12,724 - EarlyStopping counter: 6 out of 8
2024-03-01 21:05:30,384 - ***** Epoch: 25: Eval results *****
2024-03-01 21:05:30,384 -   train_loss = 0.0063
2024-03-01 21:05:30,384 -   best_eval_score = 0.6973
2024-03-01 21:05:30,384 -   eval_score = 0.692
2024-03-01 21:05:30,384 - EarlyStopping counter: 7 out of 8
2024-03-01 21:05:48,418 - ***** Epoch: 26: Eval results *****
2024-03-01 21:05:48,419 -   train_loss = 0.0064
2024-03-01 21:05:48,419 -   best_eval_score = 0.6973
2024-03-01 21:05:48,419 -   eval_score = 0.692
2024-03-01 21:05:48,419 - EarlyStopping counter: 8 out of 8
2024-03-01 21:05:48,419 - EarlyStopping at epoch 26
2024-03-01 21:05:48,420 - Trained models are saved in /home/sharing/disk2/sjh/Outputs/MIntRec/msz_MIntRec_multi-class_seed-1_2024-03-01-20-57-58/models
2024-03-01 21:05:49,751 - Training is finished...
2024-03-01 21:05:49,752 - Testing begins...
2024-03-01 21:05:53,513 - ***** Test: Confusion Matrix *****
2024-03-01 21:05:53,514 - [[37  1  0  0  6  0  3  1  0  3  1  0  4  1  0  0  0  0  0  0]
 [ 0 35  0  1  0  2  1  0  0  0  1  0  3  0  0  0  0  0  0  0]
 [ 1  0 26  0  0  0  0  0  0  0  0  0  0  0  0  0  0  0  0  0]
 [ 0  1  0 24  0  0  0  0  0  0  0  0  0  0  0  0  0  0  0  0]
 [ 4  0  0  0 11  0  4  0  0  0  0  1  1  0  1  0  0  1  0  0]
 [ 0  0  0  0  0 12  0  0  0  0  0  0  0  0  0  0  0  0  0  0]
 [ 1  1  0  0  3  0  2  0  3  0  0  0  1  0  0  0  1  0  0  0]
 [ 2  0  0  0  0  0  0  8  0  0  0  0  0  0  0  0  0  0  0  0]
 [ 1  0  0  0  0  0  0  2  4  0  0  0  0  2  0  1  0  0  0  0]
 [ 1  0  0  0  1  0  0  0  0  3  1  0  0  0  0  3  0  1  0  0]
 [ 1  0  0  0  0  0  1  0  0  1 14  0  0  0  1  0  0  0  0  0]
 [ 0  0  0  0  0  0  1  0  0  0  0 17  0  0  0  0  0  0  0  1]
 [ 3  2  0  0  1  1  0  2  0  0  0  1 37  3  3  2  2  0  0  0]
 [ 0  0  0  0  0  1  2  0  0  0  1  1  2 16  2  0  0  0  0  0]
 [ 0  0  0  0  1  0  0  0  1  0  0  0  0  2 16  0  1  0  0  1]
 [ 0  1  0  0  0  0  0  0  0  0  0  0  3  0  0 16  0  0  0  1]
 [ 0  0  0  0  0  0  0  1  0  0  0  0  1  0  2  0 13  0  0  0]
 [ 0  0  0  0  0  0  0  0  0  1  1  0  2  0  0  0  0 11  0  0]
 [ 0  0  0  0  0  0  0  0  0  0  0  0  2  0  0  1  0  0  9  0]
 [ 1  0  0  0  0  0  0  0  0  0  0  0  0  1  1  0  1  0  0  6]]
2024-03-01 21:05:53,514 - ***** Evaluation results *****
2024-03-01 21:05:53,514 -   acc = 0.7124
2024-03-01 21:05:53,514 -   f1 = 0.6861
2024-03-01 21:05:53,514 -   prec = 0.6888
2024-03-01 21:05:53,514 -   rec = 0.6915
2024-03-01 21:05:53,515 - Testing is finished...
2024-03-01 21:05:53,515 - Multimodal intent recognition is finished...
2024-03-01 21:05:53,515 - Results are saved in results/msz.csv
