2024-05-08 05:21:09,011 - ============================== Params ==============================
2024-05-08 05:21:09,011 - logger_name: msz_MIntRec2_multi-class_seed-2_2024-05-08-05-21-09
2024-05-08 05:21:09,011 - dataset: MIntRec2
2024-05-08 05:21:09,011 - data_mode: multi-class
2024-05-08 05:21:09,012 - method: msz
2024-05-08 05:21:09,012 - text_backbone: bert-base-uncased
2024-05-08 05:21:09,012 - text_backbone_path: /home/sharing/disk1/pretrained_embedding/bert/uncased_L-12_H-768_A-12/
2024-05-08 05:21:09,012 - seed: 2
2024-05-08 05:21:09,012 - num_workers: 8
2024-05-08 05:21:09,012 - gpu_id: 0
2024-05-08 05:21:09,012 - data_path: /home/sharing/disk2/sjh/intentDataset
2024-05-08 05:21:09,012 - train: True
2024-05-08 05:21:09,012 - tune: True
2024-05-08 05:21:09,012 - save_model: False
2024-05-08 05:21:09,012 - save_results: True
2024-05-08 05:21:09,012 - log_path: logs
2024-05-08 05:21:09,012 - cache_path: 
2024-05-08 05:21:09,012 - video_data_path: video_data
2024-05-08 05:21:09,012 - audio_data_path: audio_data
2024-05-08 05:21:09,012 - video_feats_path: video_feats.pkl
2024-05-08 05:21:09,012 - audio_feats_path: audio_feats.pkl
2024-05-08 05:21:09,012 - results_path: results
2024-05-08 05:21:09,012 - output_path: /home/sharing/disk2/sjh/Outputs/ablation_MIntRec2
2024-05-08 05:21:09,012 - model_path: models
2024-05-08 05:21:09,012 - config_file_name: msz_MIntRec2
2024-05-08 05:21:09,012 - results_file_name: ablation_msz.csv
2024-05-08 05:21:09,012 - ablation: no_cross
2024-05-08 05:21:09,012 - padding_mode: zero
2024-05-08 05:21:09,012 - padding_loc: end
2024-05-08 05:21:09,012 - need_aligned: False
2024-05-08 05:21:09,012 - eval_monitor: f1
2024-05-08 05:21:09,012 - train_batch_size: 32
2024-05-08 05:21:09,012 - eval_batch_size: 16
2024-05-08 05:21:09,012 - test_batch_size: 16
2024-05-08 05:21:09,012 - wait_patience: 8
2024-05-08 05:21:09,012 - hidden_dims: 768
2024-05-08 05:21:09,012 - num_attention_heads: 6
2024-05-08 05:21:09,012 - attention_probs_dropout_prob: 0.3
2024-05-08 05:21:09,012 - hidden_dropout_prob: 0.5
2024-05-08 05:21:09,012 - intermediate_size: 768
2024-05-08 05:21:09,012 - num_hidden_layers: 6
2024-05-08 05:21:09,012 - max_position_embeddings: 1000
2024-05-08 05:21:09,013 - position_embedding_type: absolute
2024-05-08 05:21:09,013 - batch_first: True
2024-05-08 05:21:09,013 - dropout: 0.2
2024-05-08 05:21:09,013 - aligned_method: conv1d
2024-05-08 05:21:09,013 - num_train_epochs: 100
2024-05-08 05:21:09,013 - lr: 5e-06
2024-05-08 05:21:09,013 - lr_mode: max
2024-05-08 05:21:09,013 - patience: 5
2024-05-08 05:21:09,013 - factor: 0.2
2024-05-08 05:21:09,013 - pred_output_path: /home/sharing/disk2/sjh/Outputs/ablation_MIntRec2/msz_MIntRec2_multi-class_seed-2_2024-05-08-05-21-09
2024-05-08 05:21:09,013 - model_output_path: /home/sharing/disk2/sjh/Outputs/ablation_MIntRec2/msz_MIntRec2_multi-class_seed-2_2024-05-08-05-21-09/models
2024-05-08 05:21:09,013 - ============================== End Params ==============================
2024-05-08 05:21:09,028 - Generate Text Features Begin...
2024-05-08 05:21:10,948 - Generate Text Features Finished...
2024-05-08 05:21:10,949 - Load Video Features Begin...
2024-05-08 05:21:12,060 - Load Video Features Finished...
2024-05-08 05:21:13,749 - Load Audio Features Begin...
2024-05-08 05:21:18,257 - Load Audio Features Finished...
2024-05-08 05:21:29,560 - method  begins...
2024-05-08 05:21:32,153 - Multimodal intent recognition begins...
2024-05-08 05:21:32,153 - Training begins...
2024-05-08 05:22:02,732 - ***** Epoch: 1: Eval results *****
2024-05-08 05:22:02,732 -   train_loss = 3.295
2024-05-08 05:22:02,732 -   best_eval_score = 0.0
2024-05-08 05:22:02,732 -   eval_score = 0.0058
2024-05-08 05:22:30,687 - ***** Epoch: 2: Eval results *****
2024-05-08 05:22:30,687 -   train_loss = 3.2149
2024-05-08 05:22:30,687 -   best_eval_score = 0.0058
2024-05-08 05:22:30,687 -   eval_score = 0.0135
2024-05-08 05:22:58,605 - ***** Epoch: 3: Eval results *****
2024-05-08 05:22:58,606 -   train_loss = 3.191
2024-05-08 05:22:58,606 -   best_eval_score = 0.0135
2024-05-08 05:22:58,606 -   eval_score = 0.0232
2024-05-08 05:23:26,670 - ***** Epoch: 4: Eval results *****
2024-05-08 05:23:26,671 -   train_loss = 3.1681
2024-05-08 05:23:26,671 -   best_eval_score = 0.0232
2024-05-08 05:23:26,671 -   eval_score = 0.0245
2024-05-08 05:23:54,664 - ***** Epoch: 5: Eval results *****
2024-05-08 05:23:54,664 -   train_loss = 3.1419
2024-05-08 05:23:54,665 -   best_eval_score = 0.0245
2024-05-08 05:23:54,665 -   eval_score = 0.0242
2024-05-08 05:23:54,665 - EarlyStopping counter: 1 out of 8
2024-05-08 05:24:22,461 - ***** Epoch: 6: Eval results *****
2024-05-08 05:24:22,461 -   train_loss = 3.1134
2024-05-08 05:24:22,461 -   best_eval_score = 0.0245
2024-05-08 05:24:22,461 -   eval_score = 0.0267
2024-05-08 05:24:50,809 - ***** Epoch: 7: Eval results *****
2024-05-08 05:24:50,809 -   train_loss = 3.0822
2024-05-08 05:24:50,809 -   best_eval_score = 0.0267
2024-05-08 05:24:50,809 -   eval_score = 0.0341
2024-05-08 05:25:18,798 - ***** Epoch: 8: Eval results *****
2024-05-08 05:25:18,798 -   train_loss = 3.0609
2024-05-08 05:25:18,798 -   best_eval_score = 0.0341
2024-05-08 05:25:18,798 -   eval_score = 0.0325
2024-05-08 05:25:18,798 - EarlyStopping counter: 1 out of 8
2024-05-08 05:25:46,715 - ***** Epoch: 9: Eval results *****
2024-05-08 05:25:46,715 -   train_loss = 3.0568
2024-05-08 05:25:46,715 -   best_eval_score = 0.0341
2024-05-08 05:25:46,715 -   eval_score = 0.0332
2024-05-08 05:25:46,715 - EarlyStopping counter: 2 out of 8
2024-05-08 05:26:15,106 - ***** Epoch: 10: Eval results *****
2024-05-08 05:26:15,106 -   train_loss = 3.0497
2024-05-08 05:26:15,106 -   best_eval_score = 0.0341
2024-05-08 05:26:15,106 -   eval_score = 0.0332
2024-05-08 05:26:15,106 - EarlyStopping counter: 3 out of 8
2024-05-08 05:26:42,938 - ***** Epoch: 11: Eval results *****
2024-05-08 05:26:42,938 -   train_loss = 3.0483
2024-05-08 05:26:42,938 -   best_eval_score = 0.0341
2024-05-08 05:26:42,938 -   eval_score = 0.0336
2024-05-08 05:26:42,938 - EarlyStopping counter: 4 out of 8
2024-05-08 05:27:10,849 - ***** Epoch: 12: Eval results *****
2024-05-08 05:27:10,850 -   train_loss = 3.04
2024-05-08 05:27:10,850 -   best_eval_score = 0.0341
2024-05-08 05:27:10,850 -   eval_score = 0.0341
2024-05-08 05:27:10,850 - EarlyStopping counter: 5 out of 8
2024-05-08 05:27:39,018 - ***** Epoch: 13: Eval results *****
2024-05-08 05:27:39,018 -   train_loss = 3.0337
2024-05-08 05:27:39,018 -   best_eval_score = 0.0341
2024-05-08 05:27:39,018 -   eval_score = 0.0391
2024-05-08 05:28:06,691 - ***** Epoch: 14: Eval results *****
2024-05-08 05:28:06,691 -   train_loss = 3.0314
2024-05-08 05:28:06,691 -   best_eval_score = 0.0391
2024-05-08 05:28:06,692 -   eval_score = 0.039
2024-05-08 05:28:06,692 - EarlyStopping counter: 1 out of 8
2024-05-08 05:28:34,569 - ***** Epoch: 15: Eval results *****
2024-05-08 05:28:34,569 -   train_loss = 3.0316
2024-05-08 05:28:34,569 -   best_eval_score = 0.0391
2024-05-08 05:28:34,570 -   eval_score = 0.0409
2024-05-08 05:29:02,695 - ***** Epoch: 16: Eval results *****
2024-05-08 05:29:02,696 -   train_loss = 3.0271
2024-05-08 05:29:02,696 -   best_eval_score = 0.0409
2024-05-08 05:29:02,696 -   eval_score = 0.041
2024-05-08 05:29:31,364 - ***** Epoch: 17: Eval results *****
2024-05-08 05:29:31,364 -   train_loss = 3.0241
2024-05-08 05:29:31,364 -   best_eval_score = 0.041
2024-05-08 05:29:31,365 -   eval_score = 0.0416
2024-05-08 05:29:59,640 - ***** Epoch: 18: Eval results *****
2024-05-08 05:29:59,640 -   train_loss = 3.0271
2024-05-08 05:29:59,641 -   best_eval_score = 0.0416
2024-05-08 05:29:59,641 -   eval_score = 0.045
2024-05-08 05:30:27,860 - ***** Epoch: 19: Eval results *****
2024-05-08 05:30:27,860 -   train_loss = 3.0227
2024-05-08 05:30:27,860 -   best_eval_score = 0.045
2024-05-08 05:30:27,860 -   eval_score = 0.0456
2024-05-08 05:30:55,581 - ***** Epoch: 20: Eval results *****
2024-05-08 05:30:55,581 -   train_loss = 3.0257
2024-05-08 05:30:55,581 -   best_eval_score = 0.0456
2024-05-08 05:30:55,581 -   eval_score = 0.0456
2024-05-08 05:30:55,582 - EarlyStopping counter: 1 out of 8
2024-05-08 05:31:24,455 - ***** Epoch: 21: Eval results *****
2024-05-08 05:31:24,456 -   train_loss = 3.024
2024-05-08 05:31:24,456 -   best_eval_score = 0.0456
2024-05-08 05:31:24,456 -   eval_score = 0.0455
2024-05-08 05:31:24,456 - EarlyStopping counter: 2 out of 8
2024-05-08 05:31:53,007 - ***** Epoch: 22: Eval results *****
2024-05-08 05:31:53,007 -   train_loss = 3.0237
2024-05-08 05:31:53,007 -   best_eval_score = 0.0456
2024-05-08 05:31:53,007 -   eval_score = 0.0456
2024-05-08 05:31:53,007 - EarlyStopping counter: 3 out of 8
2024-05-08 05:32:21,342 - ***** Epoch: 23: Eval results *****
2024-05-08 05:32:21,343 -   train_loss = 3.0205
2024-05-08 05:32:21,343 -   best_eval_score = 0.0456
2024-05-08 05:32:21,343 -   eval_score = 0.0456
2024-05-08 05:32:21,343 - EarlyStopping counter: 4 out of 8
2024-05-08 05:32:49,582 - ***** Epoch: 24: Eval results *****
2024-05-08 05:32:49,582 -   train_loss = 3.0254
2024-05-08 05:32:49,582 -   best_eval_score = 0.0456
2024-05-08 05:32:49,582 -   eval_score = 0.0472
2024-05-08 05:33:17,900 - ***** Epoch: 25: Eval results *****
2024-05-08 05:33:17,900 -   train_loss = 3.0252
2024-05-08 05:33:17,900 -   best_eval_score = 0.0472
2024-05-08 05:33:17,900 -   eval_score = 0.0472
2024-05-08 05:33:17,900 - EarlyStopping counter: 1 out of 8
2024-05-08 05:33:46,496 - ***** Epoch: 26: Eval results *****
2024-05-08 05:33:46,496 -   train_loss = 3.0229
2024-05-08 05:33:46,496 -   best_eval_score = 0.0472
2024-05-08 05:33:46,496 -   eval_score = 0.047
2024-05-08 05:33:46,496 - EarlyStopping counter: 2 out of 8
2024-05-08 05:34:14,706 - ***** Epoch: 27: Eval results *****
2024-05-08 05:34:14,706 -   train_loss = 3.0228
2024-05-08 05:34:14,706 -   best_eval_score = 0.0472
2024-05-08 05:34:14,706 -   eval_score = 0.0471
2024-05-08 05:34:14,706 - EarlyStopping counter: 3 out of 8
2024-05-08 05:34:42,882 - ***** Epoch: 28: Eval results *****
2024-05-08 05:34:42,882 -   train_loss = 3.0228
2024-05-08 05:34:42,882 -   best_eval_score = 0.0472
2024-05-08 05:34:42,882 -   eval_score = 0.0471
2024-05-08 05:34:42,882 - EarlyStopping counter: 4 out of 8
2024-05-08 05:35:11,238 - ***** Epoch: 29: Eval results *****
2024-05-08 05:35:11,238 -   train_loss = 3.0219
2024-05-08 05:35:11,238 -   best_eval_score = 0.0472
2024-05-08 05:35:11,238 -   eval_score = 0.0472
2024-05-08 05:35:11,238 - EarlyStopping counter: 5 out of 8
2024-05-08 05:35:39,563 - ***** Epoch: 30: Eval results *****
2024-05-08 05:35:39,563 -   train_loss = 3.026
2024-05-08 05:35:39,564 -   best_eval_score = 0.0472
2024-05-08 05:35:39,564 -   eval_score = 0.0472
2024-05-08 05:35:39,564 - EarlyStopping counter: 6 out of 8
2024-05-08 05:36:08,365 - ***** Epoch: 31: Eval results *****
2024-05-08 05:36:08,365 -   train_loss = 3.0209
2024-05-08 05:36:08,365 -   best_eval_score = 0.0472
2024-05-08 05:36:08,365 -   eval_score = 0.0472
2024-05-08 05:36:08,365 - EarlyStopping counter: 7 out of 8
2024-05-08 05:36:37,108 - ***** Epoch: 32: Eval results *****
2024-05-08 05:36:37,108 -   train_loss = 3.0256
2024-05-08 05:36:37,108 -   best_eval_score = 0.0472
2024-05-08 05:36:37,108 -   eval_score = 0.0471
2024-05-08 05:36:37,108 - EarlyStopping counter: 8 out of 8
2024-05-08 05:36:37,108 - EarlyStopping at epoch 32
2024-05-08 05:36:37,109 - Training is finished...
2024-05-08 05:36:37,109 - Testing begins...
2024-05-08 05:36:46,443 - ***** Test: Confusion Matrix *****
2024-05-08 05:36:46,445 - [[  0   0   5   0   0   0   0   0   0   0   0   0  12   0   3   0   0  44
    0   0   0   0   3   0   1   0   0   0   0   0]
 [  0   0   0   0   0   0   0   0   0   0   0   0  27   0   8   0   0  62
    0   0   0   0   0   0   0   0   0   0   0   0]
 [  0   0   5   0   0   0   0   0   0   0   0   0   9   0   3   0   0  43
    0   0   0   0   3   0   1   0   0   0   0   0]
 [  0   0   0   0   0   0   0   0   0   0   0   0   6   0  12   0   0  44
    0   0   0   0   3   0   0   0   0   0   0   0]
 [  0   0   0   0   0   0   0   0   0   0   0   0   3   0   1   0   0  46
    0   0   0   0   0   0   1   0   0   0   0   0]
 [  0   0   0   0   0   0   0   0   0   0   0   0  10   0   1   0   0  26
    0   0   0   0   0   0   0   0   0   0   0   0]
 [  0   0   0   0   0   0   0   0   0   0   0   0  28   0   7   0   0  13
    0   0   0   0   0   0   0   0   0   0   0   0]
 [  0   0   0   0   0   0   0   0   0   0   0   0  39   0   0   0   0   8
    0   0   0   0   0   0   0   0   0   0   0   0]
 [  0   0   0   0   0   0   0   0   0   0   0   0   5   0   3   0   0  38
    0   0   0   0   2   0   1   0   0   0   0   0]
 [  0   0   0   0   0   0   0   0   0   1   0   0  29   0  28   0   0  47
    0   0   0   0   2   0   0   0   0   0   0   0]
 [  0   0   0   0   0   0   0   0   0   0   0   0  73   0   7   0   0  13
    0   0   0   0   0   0   0   0   0   0   0   0]
 [  0   0   0   0   0   0   0   0   0   0   0   0  14   0   5   0   0  28
    0   0   0   0   0   0   0   0   0   0   0   0]
 [  0   0   0   0   0   0   0   0   0   0   0   0 121   0   6   0   0   8
    0   0   0   0   0   0   0   0   0   0   0   0]
 [  0   0   0   0   0   0   0   0   0   0   0   0   0   0   1   0   0  16
    0   0   0   0   0   0   0   0   0   0   0   0]
 [  0   0   0   0   0   0   0   0   0   0   0   0  20   0  62   0   0 106
    0   0   0   0   5   0   0   0   0   0   0   0]
 [  0   0   0   0   0   0   0   0   0   0   0   0   0   0   2   0   0  20
    0   0   0   0   0   0   0   0   0   0   0   0]
 [  0   0   0   0   0   0   0   0   0   0   0   0  22   0   0   0   0  43
    0   0   0   0   0   0   1   0   0   0   0   0]
 [  0   0   0   0   0   0   0   0   0   0   0   0   8   0  22   0   0 187
    0   0   0   0   0   0   0   0   0   0   0   0]
 [  0   0   0   0   0   0   0   0   0   0   0   0   7   0   9   0   0  44
    0   0   0   0   0   0   0   0   0   0   0   0]
 [  0   0   0   0   0   0   0   0   0   0   0   0   7   0   1   0   0   9
    0   0   0   0   0   0   0   0   0   0   0   0]
 [  0   0   0   0   0   0   0   0   0   0   0   0   5   0   5   0   0  19
    0   0   0   0   0   0   0   0   0   0   0   0]
 [  0   0   0   0   0   0   0   0   0   1   0   0   6   0   1   0   0  44
    0   0   0   0   1   0   0   0   0   0   0   0]
 [  0   0   0   0   0   0   0   0   0   0   0   0   9   0  17   0   0  50
    0   0   0   0  41   0   0   0   0   0   0   0]
 [  0   0   0   0   0   0   0   0   0   0   0   0   0   0   5   0   0  33
    0   0   0   0   0   0   0   0   0   0   0   0]
 [  0   0   0   0   0   0   0   0   0   0   0   0   8   0  17   0   0  78
    0   0   0   0   0   0  10   0   0   0   0   0]
 [  0   0   0   0   0   0   0   0   0   0   0   0  10   0   0   0   0  21
    0   0   0   0   0   0   0   0   0   0   0   0]
 [  0   0   0   0   0   0   0   0   0   0   0   0   0   0   6   0   0  10
    0   0   0   0   1   0   0   0   0   0   0   0]
 [  0   0   0   0   0   0   0   0   0   1   0   0  12   0   7   0   0  37
    0   0   0   0   1   0   0   0   0   0   0   0]
 [  0   0   1   0   0   0   0   0   0   0   0   0   4   0   3   0   0  45
    0   0   0   0   0   0   5   0   0   0   0   0]
 [  0   0   0   0   0   0   0   0   0   0   0   0   0   0   1   0   0  18
    0   0   0   0   0   0   0   0   0   0   0   0]]
2024-05-08 05:36:46,445 - ***** Evaluation results *****
2024-05-08 05:36:46,446 -   acc = 0.21
2024-05-08 05:36:46,446 -   f1 = 0.0564
2024-05-08 05:36:46,446 -   prec = 0.0868
2024-05-08 05:36:46,446 -   rec = 0.0869
2024-05-08 05:36:46,446 - Testing is finished...
2024-05-08 05:36:46,446 - Multimodal intent recognition is finished...
2024-05-08 05:36:46,446 - Results are saved in results/ablation_msz.csv
