2024-03-03 21:47:21,720 - ============================== Params ==============================
2024-03-03 21:47:21,721 - logger_name: msz_MIntRec2_multi-class_seed-1_2024-03-03-21-47-20
2024-03-03 21:47:21,722 - dataset: MIntRec2
2024-03-03 21:47:21,722 - data_mode: multi-class
2024-03-03 21:47:21,722 - method: msz
2024-03-03 21:47:21,722 - text_backbone: bert-base-uncased
2024-03-03 21:47:21,722 - text_backbone_path: /home/sharing/disk1/pretrained_embedding/bert/uncased_L-12_H-768_A-12/
2024-03-03 21:47:21,722 - seed: 1
2024-03-03 21:47:21,722 - num_workers: 8
2024-03-03 21:47:21,722 - gpu_id: 3
2024-03-03 21:47:21,722 - data_path: /home/sharing/disk2/sjh/intentDataset
2024-03-03 21:47:21,723 - train: True
2024-03-03 21:47:21,723 - tune: True
2024-03-03 21:47:21,723 - save_model: True
2024-03-03 21:47:21,723 - save_results: True
2024-03-03 21:47:21,723 - log_path: logs
2024-03-03 21:47:21,723 - cache_path: 
2024-03-03 21:47:21,723 - video_data_path: video_data
2024-03-03 21:47:21,723 - audio_data_path: audio_data
2024-03-03 21:47:21,723 - video_feats_path: video_feats.pkl
2024-03-03 21:47:21,723 - audio_feats_path: audio_feats.pkl
2024-03-03 21:47:21,723 - results_path: results
2024-03-03 21:47:21,723 - output_path: /home/sharing/disk2/sjh/Outputs/MIntRec2
2024-03-03 21:47:21,723 - model_path: models
2024-03-03 21:47:21,723 - config_file_name: msz_MIntRec2
2024-03-03 21:47:21,723 - results_file_name: msz.csv
2024-03-03 21:47:21,723 - padding_mode: zero
2024-03-03 21:47:21,723 - padding_loc: end
2024-03-03 21:47:21,723 - need_aligned: False
2024-03-03 21:47:21,723 - eval_monitor: f1
2024-03-03 21:47:21,723 - train_batch_size: 16
2024-03-03 21:47:21,723 - eval_batch_size: 8
2024-03-03 21:47:21,723 - test_batch_size: 8
2024-03-03 21:47:21,723 - wait_patience: 8
2024-03-03 21:47:21,723 - hidden_dims: 768
2024-03-03 21:47:21,723 - num_attention_heads: 12
2024-03-03 21:47:21,723 - attention_probs_dropout_prob: 0.2
2024-03-03 21:47:21,723 - hidden_dropout_prob: 0.1
2024-03-03 21:47:21,723 - intermediate_size: 512
2024-03-03 21:47:21,723 - num_hidden_layers: 10
2024-03-03 21:47:21,723 - max_position_embeddings: 1024
2024-03-03 21:47:21,723 - position_embedding_type: absolute
2024-03-03 21:47:21,723 - batch_first: True
2024-03-03 21:47:21,723 - dropout: 0.1
2024-03-03 21:47:21,723 - aligned_method: conv1d
2024-03-03 21:47:21,723 - num_train_epochs: 100
2024-03-03 21:47:21,723 - lr: 8e-06
2024-03-03 21:47:21,723 - pred_output_path: /home/sharing/disk2/sjh/Outputs/MIntRec2/msz_MIntRec2_multi-class_seed-1_2024-03-03-21-47-20
2024-03-03 21:47:21,723 - model_output_path: /home/sharing/disk2/sjh/Outputs/MIntRec2/msz_MIntRec2_multi-class_seed-1_2024-03-03-21-47-20/models
2024-03-03 21:47:21,723 - num_labels: 30
2024-03-03 21:47:21,723 - text_feat_dim: 768
2024-03-03 21:47:21,723 - video_feat_dim: 256
2024-03-03 21:47:21,723 - audio_feat_dim: 768
2024-03-03 21:47:21,723 - text_seq_len: 50
2024-03-03 21:47:21,724 - video_seq_len: 180
2024-03-03 21:47:21,724 - audio_seq_len: 400
2024-03-03 21:47:21,724 - device: cuda:3
2024-03-03 21:47:21,724 - ============================== End Params ==============================
2024-03-03 21:47:21,739 - Generate Text Features Begin...
2024-03-03 21:47:23,337 - Generate Text Features Finished...
2024-03-03 21:47:23,338 - Load Video Features Begin...
2024-03-03 21:47:24,326 - Load Video Features Finished...
2024-03-03 21:47:25,926 - Load Audio Features Begin...
2024-03-03 21:47:29,719 - Load Audio Features Finished...
2024-03-03 21:47:39,415 - method  begins...
2024-03-03 21:47:41,231 - Multimodal intent recognition begins...
2024-03-03 21:47:41,231 - Training begins...
2024-03-03 21:49:31,580 - ***** Epoch: 1: Eval results *****
2024-03-03 21:49:31,581 -   train_loss = 2.1916
2024-03-03 21:49:31,581 -   best_eval_score = 0.0
2024-03-03 21:49:31,581 -   eval_score = 0.3953
2024-03-03 21:51:20,253 - ***** Epoch: 2: Eval results *****
2024-03-03 21:51:20,253 -   train_loss = 1.3633
2024-03-03 21:51:20,253 -   best_eval_score = 0.3953
2024-03-03 21:51:20,253 -   eval_score = 0.4679
2024-03-03 21:53:07,990 - ***** Epoch: 3: Eval results *****
2024-03-03 21:53:07,991 -   train_loss = 1.022
2024-03-03 21:53:07,991 -   best_eval_score = 0.4679
2024-03-03 21:53:07,991 -   eval_score = 0.478
2024-03-03 21:54:58,629 - ***** Epoch: 4: Eval results *****
2024-03-03 21:54:58,629 -   train_loss = 0.7483
2024-03-03 21:54:58,629 -   best_eval_score = 0.478
2024-03-03 21:54:58,629 -   eval_score = 0.4961
2024-03-03 21:56:48,253 - ***** Epoch: 5: Eval results *****
2024-03-03 21:56:48,254 -   train_loss = 0.5115
2024-03-03 21:56:48,254 -   best_eval_score = 0.4961
2024-03-03 21:56:48,254 -   eval_score = 0.4865
2024-03-03 21:56:48,254 - EarlyStopping counter: 1 out of 8
2024-03-03 21:58:35,107 - ***** Epoch: 6: Eval results *****
2024-03-03 21:58:35,107 -   train_loss = 0.3452
2024-03-03 21:58:35,108 -   best_eval_score = 0.4961
2024-03-03 21:58:35,108 -   eval_score = 0.4985
2024-03-03 22:00:21,796 - ***** Epoch: 7: Eval results *****
2024-03-03 22:00:21,796 -   train_loss = 0.2158
2024-03-03 22:00:21,796 -   best_eval_score = 0.4985
2024-03-03 22:00:21,797 -   eval_score = 0.5067
2024-03-03 22:02:09,312 - ***** Epoch: 8: Eval results *****
2024-03-03 22:02:09,313 -   train_loss = 0.164
2024-03-03 22:02:09,313 -   best_eval_score = 0.5067
2024-03-03 22:02:09,313 -   eval_score = 0.5145
2024-03-03 22:04:00,085 - ***** Epoch: 9: Eval results *****
2024-03-03 22:04:00,085 -   train_loss = 0.1299
2024-03-03 22:04:00,085 -   best_eval_score = 0.5145
2024-03-03 22:04:00,085 -   eval_score = 0.5076
2024-03-03 22:04:00,086 - EarlyStopping counter: 1 out of 8
2024-03-03 22:05:47,249 - ***** Epoch: 10: Eval results *****
2024-03-03 22:05:47,249 -   train_loss = 0.0998
2024-03-03 22:05:47,249 -   best_eval_score = 0.5145
2024-03-03 22:05:47,249 -   eval_score = 0.4989
2024-03-03 22:05:47,249 - EarlyStopping counter: 2 out of 8
2024-03-03 22:07:34,237 - ***** Epoch: 11: Eval results *****
2024-03-03 22:07:34,237 -   train_loss = 0.0633
2024-03-03 22:07:34,237 -   best_eval_score = 0.5145
2024-03-03 22:07:34,237 -   eval_score = 0.5091
2024-03-03 22:07:34,237 - EarlyStopping counter: 3 out of 8
2024-03-03 22:09:21,856 - ***** Epoch: 12: Eval results *****
2024-03-03 22:09:21,857 -   train_loss = 0.052
2024-03-03 22:09:21,857 -   best_eval_score = 0.5145
2024-03-03 22:09:21,857 -   eval_score = 0.5178
2024-03-03 22:11:09,259 - ***** Epoch: 13: Eval results *****
2024-03-03 22:11:09,260 -   train_loss = 0.0487
2024-03-03 22:11:09,260 -   best_eval_score = 0.5178
2024-03-03 22:11:09,260 -   eval_score = 0.5175
2024-03-03 22:11:09,260 - EarlyStopping counter: 1 out of 8
2024-03-03 22:12:56,564 - ***** Epoch: 14: Eval results *****
2024-03-03 22:12:56,565 -   train_loss = 0.0458
2024-03-03 22:12:56,565 -   best_eval_score = 0.5178
2024-03-03 22:12:56,565 -   eval_score = 0.5236
2024-03-03 22:14:44,546 - ***** Epoch: 15: Eval results *****
2024-03-03 22:14:44,546 -   train_loss = 0.0443
2024-03-03 22:14:44,546 -   best_eval_score = 0.5236
2024-03-03 22:14:44,546 -   eval_score = 0.5156
2024-03-03 22:14:44,546 - EarlyStopping counter: 1 out of 8
2024-03-03 22:16:32,747 - ***** Epoch: 16: Eval results *****
2024-03-03 22:16:32,747 -   train_loss = 0.0438
2024-03-03 22:16:32,747 -   best_eval_score = 0.5236
2024-03-03 22:16:32,747 -   eval_score = 0.5128
2024-03-03 22:16:32,747 - EarlyStopping counter: 2 out of 8
2024-03-03 22:18:20,784 - ***** Epoch: 17: Eval results *****
2024-03-03 22:18:20,785 -   train_loss = 0.0428
2024-03-03 22:18:20,785 -   best_eval_score = 0.5236
2024-03-03 22:18:20,785 -   eval_score = 0.522
2024-03-03 22:18:20,785 - EarlyStopping counter: 3 out of 8
2024-03-03 22:20:08,097 - ***** Epoch: 18: Eval results *****
2024-03-03 22:20:08,097 -   train_loss = 0.0385
2024-03-03 22:20:08,098 -   best_eval_score = 0.5236
2024-03-03 22:20:08,098 -   eval_score = 0.5243
2024-03-03 22:21:56,779 - ***** Epoch: 19: Eval results *****
2024-03-03 22:21:56,779 -   train_loss = 0.0405
2024-03-03 22:21:56,779 -   best_eval_score = 0.5243
2024-03-03 22:21:56,779 -   eval_score = 0.5218
2024-03-03 22:21:56,779 - EarlyStopping counter: 1 out of 8
2024-03-03 22:23:44,990 - ***** Epoch: 20: Eval results *****
2024-03-03 22:23:44,991 -   train_loss = 0.0347
2024-03-03 22:23:44,991 -   best_eval_score = 0.5243
2024-03-03 22:23:44,991 -   eval_score = 0.5246
2024-03-03 22:25:33,585 - ***** Epoch: 21: Eval results *****
2024-03-03 22:25:33,585 -   train_loss = 0.0356
2024-03-03 22:25:33,585 -   best_eval_score = 0.5246
2024-03-03 22:25:33,585 -   eval_score = 0.5206
2024-03-03 22:25:33,585 - EarlyStopping counter: 1 out of 8
2024-03-03 22:27:21,135 - ***** Epoch: 22: Eval results *****
2024-03-03 22:27:21,135 -   train_loss = 0.0343
2024-03-03 22:27:21,135 -   best_eval_score = 0.5246
2024-03-03 22:27:21,136 -   eval_score = 0.522
2024-03-03 22:27:21,136 - EarlyStopping counter: 2 out of 8
2024-03-03 22:29:09,338 - ***** Epoch: 23: Eval results *****
2024-03-03 22:29:09,339 -   train_loss = 0.034
2024-03-03 22:29:09,339 -   best_eval_score = 0.5246
2024-03-03 22:29:09,339 -   eval_score = 0.5219
2024-03-03 22:29:09,339 - EarlyStopping counter: 3 out of 8
2024-03-03 22:30:58,450 - ***** Epoch: 24: Eval results *****
2024-03-03 22:30:58,450 -   train_loss = 0.0337
2024-03-03 22:30:58,450 -   best_eval_score = 0.5246
2024-03-03 22:30:58,450 -   eval_score = 0.5202
2024-03-03 22:30:58,450 - EarlyStopping counter: 4 out of 8
2024-03-03 22:32:45,728 - ***** Epoch: 25: Eval results *****
2024-03-03 22:32:45,729 -   train_loss = 0.0345
2024-03-03 22:32:45,729 -   best_eval_score = 0.5246
2024-03-03 22:32:45,729 -   eval_score = 0.52
2024-03-03 22:32:45,729 - EarlyStopping counter: 5 out of 8
2024-03-03 22:34:33,649 - ***** Epoch: 26: Eval results *****
2024-03-03 22:34:33,650 -   train_loss = 0.0348
2024-03-03 22:34:33,650 -   best_eval_score = 0.5246
2024-03-03 22:34:33,650 -   eval_score = 0.5188
2024-03-03 22:34:33,650 - EarlyStopping counter: 6 out of 8
2024-03-03 22:36:21,241 - ***** Epoch: 27: Eval results *****
2024-03-03 22:36:21,242 -   train_loss = 0.0334
2024-03-03 22:36:21,242 -   best_eval_score = 0.5246
2024-03-03 22:36:21,242 -   eval_score = 0.5173
2024-03-03 22:36:21,242 - EarlyStopping counter: 7 out of 8
2024-03-03 22:38:08,984 - ***** Epoch: 28: Eval results *****
2024-03-03 22:38:08,985 -   train_loss = 0.0335
2024-03-03 22:38:08,985 -   best_eval_score = 0.5246
2024-03-03 22:38:08,985 -   eval_score = 0.5181
2024-03-03 22:38:08,985 - EarlyStopping counter: 8 out of 8
2024-03-03 22:38:08,985 - EarlyStopping at epoch 28
2024-03-03 22:38:08,986 - Trained models are saved in /home/sharing/disk2/sjh/Outputs/MIntRec2/msz_MIntRec2_multi-class_seed-1_2024-03-03-21-47-20/models
2024-03-03 22:38:10,672 - Training is finished...
2024-03-03 22:38:10,673 - Testing begins...
2024-03-03 22:38:25,368 - ***** Test: Confusion Matrix *****
2024-03-03 22:38:25,374 - [[ 50   0  14   0   0   0   0   0   0   0   2   0   0   0   1   1   0   0
    0   0   0   0   0   0   0   0   0   0   0   0]
 [  0  51   0   0  11   1   7   0   1   0   1   0   4   0   4   0   0   5
    1   3   0   1   1   0   1   1   0   4   0   0]
 [ 10   0  40   0   1   0   0   0   0   0   1   0   0   0   2   1   0   3
    1   0   0   1   0   1   3   0   0   0   0   0]
 [  0   0   0  60   0   0   0   1   0   0   0   0   0   0   2   0   0   0
    0   0   0   0   0   0   0   0   0   1   0   1]
 [  0   3   0   0  33   1   0   0   1   0   0   0   0   0   0   0   0   6
    0   0   0   3   0   1   1   0   0   1   0   1]
 [  0   2   0   0   2  23   0   1   0   0   2   0   0   0   1   0   0   5
    0   0   0   0   0   0   0   1   0   0   0   0]
 [  0   1   0   0   0   3  25   8   0   1   3   1   6   0   0   0   0   0
    0   0   0   0   0   0   0   0   0   0   0   0]
 [  0   0   0   0   0   0   5  22   0   0   7   1   8   0   0   0   2   0
    0   0   0   0   0   0   1   1   0   0   0   0]
 [  1   4   1   3   1   0   0   0  21   1   0   1   1   1   4   0   0   4
    0   0   0   0   3   0   2   1   0   0   0   0]
 [  0   1   1   1   0   0   0   0   1  47   0   7  11   2  14   1   0   9
    2   0   0   3   1   1   2   0   0   1   0   2]
 [  2   0   0   0   0   4   5   2   0   0  44   0  28   0   2   0   0   2
    0   2   2   0   0   0   0   0   0   0   0   0]
 [  0   0   0   0   0   0   1   1   0   7   0  20   7   1   1   0   0   1
    1   0   0   0   2   0   1   0   0   3   0   1]
 [  0   3   0   0   0   1   5  10   1   4  20   1  85   0   0   0   2   1
    0   0   0   0   0   0   0   0   0   2   0   0]
 [  0   0   2   0   1   0   0   0   0   2   0   0   0   2   4   1   0   1
    2   0   1   0   1   0   0   0   0   0   0   0]
 [  0   3   1   0   1   0   1   0   1   9   1   2   1   1 124   3   0  20
    3   1   3   1  12   0   3   0   0   2   0   0]
 [  0   0   1   1   0   0   0   0   0   3   0   0   0   1   2   4   0   4
    1   0   1   1   0   0   0   0   0   2   1   0]
 [  0   0   0   0   1   0   0   1   0   0   2   0   1   1   1   0  56   0
    2   1   0   0   0   0   0   0   0   0   0   0]
 [  0   3   2   0   8   4   0   0   2   8   1   1   1   1  16   2   1 127
   12   1   1   6   5   7   0   0   1   3   1   3]
 [  0   4   0   0   0   0   0   0   0   4   2   0   0   0   9   1   3   8
   25   0   1   0   2   0   1   0   0   0   0   0]
 [  0   4   0   0   0   0   2   0   0   0   1   0   0   0   1   0   0   0
    0   7   0   2   0   0   0   0   0   0   0   0]
 [  0   1   2   0   2   0   1   0   0   1   0   0   0   0   4   0   0   2
    4   0   4   0   1   1   0   0   0   5   0   1]
 [  7   0   0   0   0   0   0   0   0   2   0   0   0   0   0   0   4   0
    0   0   1  27   1   6   0   0   1   2   0   2]
 [  0   1   1   1   0   0   0   0   0   2   1   4   2   3   8   0   0   5
    0   0   0   3  76   0   1   3   6   0   0   0]
 [  0   2   1   0   1   1   0   0   0   0   0   0   0   0   2   0   0   5
    0   0   0   4   0  22   0   0   0   0   0   0]
 [  2   0   1   0   0   0   0   0   0   1   2   2   0   0   2   0   0   4
    0   0   0   0   1   1  91   0   0   5   1   0]
 [  1   2   0   0   1   0   0   0   1   0   0   1   0   0   0   0   0   1
    0   0   0   1   1   0   1  21   0   0   0   0]
 [  0   0   0   1   0   0   0   0   0   1   0   0   0   0   2   0   0   5
    0   0   0   0   2   0   0   0   5   0   1   0]
 [  0   3   1   0   2   0   0   0   1   9   2   3   4   2   3   2   0   2
    3   0   1   0   2   0   5   1   0  11   1   0]
 [  0   0   0   1   0   0   0   0   0   0   0   0   0   0   0   0   1   0
    0   0   0   0   0   0   0   0   0   0  56   0]
 [  0   2   0   0   1   0   0   0   0   2   1   1   0   0   0   0   0   3
    1   0   0   1   0   0   0   1   0   2   0   4]]
2024-03-03 22:38:25,374 - ***** Evaluation results *****
2024-03-03 22:38:25,374 -   acc = 0.5819
2024-03-03 22:38:25,374 -   f1 = 0.5245
2024-03-03 22:38:25,375 -   prec = 0.5324
2024-03-03 22:38:25,375 -   rec = 0.5228
2024-03-03 22:38:25,375 - Testing is finished...
2024-03-03 22:38:25,375 - Multimodal intent recognition is finished...
2024-03-03 22:38:25,375 - Results are saved in results/msz.csv
