2024-01-26 08:23:43,442 - ============================== Params ==============================
2024-01-26 08:23:43,442 - logger_name: msz_MIntRec_multi-class_seed-2_2024-01-26-08-23-43
2024-01-26 08:23:43,442 - dataset: MIntRec
2024-01-26 08:23:43,442 - data_mode: multi-class
2024-01-26 08:23:43,442 - method: msz
2024-01-26 08:23:43,442 - text_backbone: bert-base-uncased
2024-01-26 08:23:43,442 - text_backbone_path: /home/sharing/disk1/pretrained_embedding/bert/uncased_L-12_H-768_A-12/
2024-01-26 08:23:43,442 - seed: 2
2024-01-26 08:23:43,442 - num_workers: 8
2024-01-26 08:23:43,442 - gpu_id: 1
2024-01-26 08:23:43,442 - data_path: /home/sharing/disk2/sjh/intentDataset
2024-01-26 08:23:43,442 - train: True
2024-01-26 08:23:43,442 - tune: False
2024-01-26 08:23:43,442 - save_model: True
2024-01-26 08:23:43,442 - save_results: True
2024-01-26 08:23:43,442 - log_path: logs
2024-01-26 08:23:43,442 - cache_path: 
2024-01-26 08:23:43,442 - video_data_path: video_data
2024-01-26 08:23:43,442 - audio_data_path: audio_data
2024-01-26 08:23:43,443 - video_feats_path: video_feats.pkl
2024-01-26 08:23:43,443 - audio_feats_path: audio_feats.pkl
2024-01-26 08:23:43,443 - results_path: results
2024-01-26 08:23:43,443 - output_path: /home/sharing/disk2/sjh/Outputs/MIntRec
2024-01-26 08:23:43,443 - model_path: models
2024-01-26 08:23:43,443 - config_file_name: msz
2024-01-26 08:23:43,443 - results_file_name: msz.csv
2024-01-26 08:23:43,443 - padding_mode: zero
2024-01-26 08:23:43,443 - padding_loc: end
2024-01-26 08:23:43,443 - need_aligned: False
2024-01-26 08:23:43,443 - eval_monitor: f1
2024-01-26 08:23:43,443 - train_batch_size: 16
2024-01-26 08:23:43,443 - eval_batch_size: 8
2024-01-26 08:23:43,443 - test_batch_size: 8
2024-01-26 08:23:43,443 - wait_patience: 8
2024-01-26 08:23:43,443 - hidden_size: 768
2024-01-26 08:23:43,443 - num_attention_heads: 12
2024-01-26 08:23:43,443 - attention_probs_dropout_prob: 0.2
2024-01-26 08:23:43,443 - hidden_dropout_prob: 0.2
2024-01-26 08:23:43,443 - intermediate_size: 768
2024-01-26 08:23:43,443 - num_hidden_layers: 8
2024-01-26 08:23:43,443 - max_position_embeddings: 768
2024-01-26 08:23:43,443 - position_embedding_type: absolute
2024-01-26 08:23:43,443 - batch_first: True
2024-01-26 08:23:43,443 - hidden_dims: 768
2024-01-26 08:23:43,443 - dropout: 0.1
2024-01-26 08:23:43,443 - aligned_method: conv1d
2024-01-26 08:23:43,443 - num_train_epochs: 100
2024-01-26 08:23:43,443 - lr: 8e-06
2024-01-26 08:23:43,443 - pred_output_path: /home/sharing/disk2/sjh/Outputs/MIntRec/msz_MIntRec_multi-class_seed-2_2024-01-26-08-23-43
2024-01-26 08:23:43,443 - model_output_path: /home/sharing/disk2/sjh/Outputs/MIntRec/msz_MIntRec_multi-class_seed-2_2024-01-26-08-23-43/models
2024-01-26 08:23:43,443 - ============================== End Params ==============================
2024-01-26 08:23:43,475 - Generate Text Features Begin...
2024-01-26 08:23:43,872 - Generate Text Features Finished...
2024-01-26 08:23:43,872 - Load Video Features Begin...
2024-01-26 08:23:44,714 - Load Video Features Finished...
2024-01-26 08:23:45,378 - Load Audio Features Begin...
2024-01-26 08:23:57,218 - Load Audio Features Finished...
2024-01-26 08:24:00,729 - method  begins...
2024-01-26 08:24:03,777 - Multimodal intent recognition begins...
2024-01-26 08:24:03,777 - Training begins...
2024-01-26 08:24:18,871 - ***** Epoch: 1: Eval results *****
2024-01-26 08:24:18,871 -   train_loss = 2.7606
2024-01-26 08:24:18,871 -   best_eval_score = 0.0
2024-01-26 08:24:18,871 -   eval_score = 0.134
2024-01-26 08:24:31,947 - ***** Epoch: 2: Eval results *****
2024-01-26 08:24:31,947 -   train_loss = 2.0366
2024-01-26 08:24:31,947 -   best_eval_score = 0.134
2024-01-26 08:24:31,947 -   eval_score = 0.4204
2024-01-26 08:24:45,355 - ***** Epoch: 3: Eval results *****
2024-01-26 08:24:45,355 -   train_loss = 1.2024
2024-01-26 08:24:45,355 -   best_eval_score = 0.4204
2024-01-26 08:24:45,355 -   eval_score = 0.5505
2024-01-26 08:24:58,598 - ***** Epoch: 4: Eval results *****
2024-01-26 08:24:58,599 -   train_loss = 0.7069
2024-01-26 08:24:58,599 -   best_eval_score = 0.5505
2024-01-26 08:24:58,599 -   eval_score = 0.6305
2024-01-26 08:25:12,551 - ***** Epoch: 5: Eval results *****
2024-01-26 08:25:12,551 -   train_loss = 0.4359
2024-01-26 08:25:12,551 -   best_eval_score = 0.6305
2024-01-26 08:25:12,551 -   eval_score = 0.6608
2024-01-26 08:25:26,065 - ***** Epoch: 6: Eval results *****
2024-01-26 08:25:26,066 -   train_loss = 0.2524
2024-01-26 08:25:26,066 -   best_eval_score = 0.6608
2024-01-26 08:25:26,066 -   eval_score = 0.6851
2024-01-26 08:25:39,450 - ***** Epoch: 7: Eval results *****
2024-01-26 08:25:39,450 -   train_loss = 0.148
2024-01-26 08:25:39,450 -   best_eval_score = 0.6851
2024-01-26 08:25:39,451 -   eval_score = 0.6932
2024-01-26 08:25:53,049 - ***** Epoch: 8: Eval results *****
2024-01-26 08:25:53,049 -   train_loss = 0.0988
2024-01-26 08:25:53,050 -   best_eval_score = 0.6932
2024-01-26 08:25:53,050 -   eval_score = 0.6758
2024-01-26 08:25:53,050 - EarlyStopping counter: 1 out of 8
2024-01-26 08:26:06,645 - ***** Epoch: 9: Eval results *****
2024-01-26 08:26:06,645 -   train_loss = 0.0737
2024-01-26 08:26:06,645 -   best_eval_score = 0.6932
2024-01-26 08:26:06,645 -   eval_score = 0.6792
2024-01-26 08:26:06,645 - EarlyStopping counter: 2 out of 8
2024-01-26 08:26:20,222 - ***** Epoch: 10: Eval results *****
2024-01-26 08:26:20,223 -   train_loss = 0.0399
2024-01-26 08:26:20,223 -   best_eval_score = 0.6932
2024-01-26 08:26:20,223 -   eval_score = 0.6902
2024-01-26 08:26:20,223 - EarlyStopping counter: 3 out of 8
2024-01-26 08:26:34,277 - ***** Epoch: 11: Eval results *****
2024-01-26 08:26:34,278 -   train_loss = 0.0307
2024-01-26 08:26:34,278 -   best_eval_score = 0.6932
2024-01-26 08:26:34,278 -   eval_score = 0.6882
2024-01-26 08:26:34,278 - EarlyStopping counter: 4 out of 8
2024-01-26 08:26:47,696 - ***** Epoch: 12: Eval results *****
2024-01-26 08:26:47,696 -   train_loss = 0.0297
2024-01-26 08:26:47,696 -   best_eval_score = 0.6932
2024-01-26 08:26:47,696 -   eval_score = 0.6854
2024-01-26 08:26:47,696 - EarlyStopping counter: 5 out of 8
2024-01-26 08:27:00,818 - ***** Epoch: 13: Eval results *****
2024-01-26 08:27:00,818 -   train_loss = 0.0268
2024-01-26 08:27:00,818 -   best_eval_score = 0.6932
2024-01-26 08:27:00,818 -   eval_score = 0.6828
2024-01-26 08:27:00,819 - EarlyStopping counter: 6 out of 8
2024-01-26 08:27:14,521 - ***** Epoch: 14: Eval results *****
2024-01-26 08:27:14,521 -   train_loss = 0.0266
2024-01-26 08:27:14,521 -   best_eval_score = 0.6932
2024-01-26 08:27:14,521 -   eval_score = 0.6833
2024-01-26 08:27:14,521 - EarlyStopping counter: 7 out of 8
2024-01-26 08:27:28,010 - ***** Epoch: 15: Eval results *****
2024-01-26 08:27:28,010 -   train_loss = 0.0261
2024-01-26 08:27:28,010 -   best_eval_score = 0.6932
2024-01-26 08:27:28,010 -   eval_score = 0.6923
2024-01-26 08:27:28,010 - EarlyStopping counter: 8 out of 8
2024-01-26 08:27:28,010 - EarlyStopping at epoch 15
2024-01-26 08:27:28,011 - Trained models are saved in /home/sharing/disk2/sjh/Outputs/MIntRec/msz_MIntRec_multi-class_seed-2_2024-01-26-08-23-43/models
2024-01-26 08:27:28,993 - Training is finished...
2024-01-26 08:27:28,993 - Testing begins...
2024-01-26 08:27:31,667 - ***** Test: Confusion Matrix *****
2024-01-26 08:27:31,668 - [[32  3  0  0 11  0  1  1  0  1  1  0  6  1  0  0  0  0  0  0]
 [ 0 36  0  1  0  2  0  0  0  0  1  0  2  1  0  0  0  0  0  0]
 [ 1  0 26  0  0  0  0  0  0  0  0  0  0  0  0  0  0  0  0  0]
 [ 0  0  0 25  0  0  0  0  0  0  0  0  0  0  0  0  0  0  0  0]
 [ 4  0  0  0 13  0  1  0  0  0  0  1  2  1  0  0  0  1  0  0]
 [ 0  0  0  0  0 12  0  0  0  0  0  0  0  0  0  0  0  0  0  0]
 [ 1  1  0  0  4  0  1  0  3  0  0  0  1  0  0  0  0  0  0  1]
 [ 2  0  0  0  0  1  0  5  1  0  1  0  0  0  0  0  0  0  0  0]
 [ 0  0  0  0  0  0  0  6  2  0  0  0  0  2  0  0  0  0  0  0]
 [ 1  0  0  0  1  0  0  0  0  3  1  0  0  0  0  3  0  1  0  0]
 [ 1  0  0  0  0  0  0  0  0  1 15  0  0  0  0  0  1  0  0  0]
 [ 0  0  0  0  0  0  1  0  0  0  1 16  0  0  0  0  0  0  0  1]
 [ 3  1  0  0  0  0  0  1  1  0  1  1 38  2  4  0  3  0  1  1]
 [ 0  1  0  0  1  0  1  0  0  0  1  1  0 18  2  0  0  0  0  0]
 [ 0  0  0  0  0  0  0  0  0  0  0  0  3  2 15  0  1  0  0  1]
 [ 0  0  0  0  0  0  0  1  0  0  0  0  5  0  0 14  0  0  0  1]
 [ 0  0  0  0  0  0  0  0  0  0  0  0  3  0  0  0 14  0  0  0]
 [ 0  0  0  0  0  0  0  0  0  1  2  0  2  0  0  0  0 10  0  0]
 [ 0  0  0  0  0  0  0  0  0  0  0  0  2  0  0  0  0  0 10  0]
 [ 0  0  0  0  0  0  0  0  0  0  0  0  1  1  1  0  2  0  0  5]]
2024-01-26 08:27:31,668 - ***** Evaluation results *****
2024-01-26 08:27:31,668 -   acc = 0.6966
2024-01-26 08:27:31,668 -   f1 = 0.6542
2024-01-26 08:27:31,668 -   prec = 0.6607
2024-01-26 08:27:31,668 -   rec = 0.6622
2024-01-26 08:27:31,668 - Testing is finished...
2024-01-26 08:27:31,668 - Multimodal intent recognition is finished...
2024-01-26 08:27:31,668 - Results are saved in results/msz.csv
