2024-03-31 13:18:31,098 - ============================== Params ==============================
2024-03-31 13:18:31,099 - logger_name: msz_MIntRec_multi-class_seed-1_2024-03-31-13-18-30
2024-03-31 13:18:31,099 - dataset: MIntRec
2024-03-31 13:18:31,099 - data_mode: multi-class
2024-03-31 13:18:31,099 - method: msz
2024-03-31 13:18:31,099 - text_backbone: bert-base-uncased
2024-03-31 13:18:31,099 - text_backbone_path: /home/sharing/disk1/pretrained_embedding/bert/uncased_L-12_H-768_A-12/
2024-03-31 13:18:31,099 - seed: 1
2024-03-31 13:18:31,099 - num_workers: 8
2024-03-31 13:18:31,099 - gpu_id: 3
2024-03-31 13:18:31,099 - data_path: /home/sharing/disk2/sjh/intentDataset
2024-03-31 13:18:31,099 - train: True
2024-03-31 13:18:31,099 - tune: True
2024-03-31 13:18:31,099 - save_model: False
2024-03-31 13:18:31,099 - save_results: True
2024-03-31 13:18:31,099 - log_path: logs
2024-03-31 13:18:31,099 - cache_path: 
2024-03-31 13:18:31,099 - video_data_path: video_data
2024-03-31 13:18:31,099 - audio_data_path: audio_data
2024-03-31 13:18:31,099 - video_feats_path: video_feats.pkl
2024-03-31 13:18:31,099 - audio_feats_path: audio_feats.pkl
2024-03-31 13:18:31,099 - results_path: results
2024-03-31 13:18:31,099 - output_path: /home/sharing/disk2/sjh/Outputs/MIntRec
2024-03-31 13:18:31,099 - model_path: models
2024-03-31 13:18:31,100 - config_file_name: msz_MIntRec
2024-03-31 13:18:31,100 - results_file_name: msz.csv
2024-03-31 13:18:31,100 - padding_mode: zero
2024-03-31 13:18:31,100 - padding_loc: end
2024-03-31 13:18:31,100 - need_aligned: False
2024-03-31 13:18:31,100 - eval_monitor: f1
2024-03-31 13:18:31,100 - train_batch_size: 16
2024-03-31 13:18:31,100 - eval_batch_size: 8
2024-03-31 13:18:31,100 - test_batch_size: 8
2024-03-31 13:18:31,100 - wait_patience: 8
2024-03-31 13:18:31,100 - hidden_dims: 768
2024-03-31 13:18:31,100 - num_attention_heads: 8
2024-03-31 13:18:31,100 - attention_probs_dropout_prob: 0.3
2024-03-31 13:18:31,100 - hidden_dropout_prob: 0.2
2024-03-31 13:18:31,100 - intermediate_size: 768
2024-03-31 13:18:31,100 - num_hidden_layers: 8
2024-03-31 13:18:31,100 - max_position_embeddings: 768
2024-03-31 13:18:31,100 - position_embedding_type: absolute
2024-03-31 13:18:31,100 - batch_first: True
2024-03-31 13:18:31,100 - dropout: 0.4
2024-03-31 13:18:31,100 - aligned_method: conv1d
2024-03-31 13:18:31,100 - num_train_epochs: 100
2024-03-31 13:18:31,100 - lr: 7e-06
2024-03-31 13:18:31,100 - lr_mode: max
2024-03-31 13:18:31,100 - patience: 8
2024-03-31 13:18:31,100 - factor: 0.1
2024-03-31 13:18:31,101 - pred_output_path: /home/sharing/disk2/sjh/Outputs/MIntRec/msz_MIntRec_multi-class_seed-1_2024-03-31-13-18-30
2024-03-31 13:18:31,101 - model_output_path: /home/sharing/disk2/sjh/Outputs/MIntRec/msz_MIntRec_multi-class_seed-1_2024-03-31-13-18-30/models
2024-03-31 13:18:31,101 - num_labels: 20
2024-03-31 13:18:31,101 - text_feat_dim: 768
2024-03-31 13:18:31,101 - video_feat_dim: 256
2024-03-31 13:18:31,101 - audio_feat_dim: 768
2024-03-31 13:18:31,101 - text_seq_len: 30
2024-03-31 13:18:31,101 - video_seq_len: 230
2024-03-31 13:18:31,101 - audio_seq_len: 480
2024-03-31 13:18:31,101 - device: cuda:3
2024-03-31 13:18:31,101 - ============================== End Params ==============================
2024-03-31 13:18:31,140 - Generate Text Features Begin...
2024-03-31 13:18:31,630 - Generate Text Features Finished...
2024-03-31 13:18:31,630 - Load Video Features Begin...
2024-03-31 13:18:32,473 - Load Video Features Finished...
2024-03-31 13:18:32,884 - Load Audio Features Begin...
2024-03-31 13:18:37,891 - Load Audio Features Finished...
2024-03-31 13:18:40,070 - method  begins...
2024-03-31 13:18:43,371 - Multimodal intent recognition begins...
2024-03-31 13:18:43,371 - Training begins...
2024-03-31 13:19:03,483 - ***** Epoch: 1: Eval results *****
2024-03-31 13:19:03,484 -   train_loss = 2.4131
2024-03-31 13:19:03,484 -   best_eval_score = 0.0
2024-03-31 13:19:03,484 -   eval_score = 0.486
2024-03-31 13:19:24,189 - ***** Epoch: 2: Eval results *****
2024-03-31 13:19:24,189 -   train_loss = 1.1243
2024-03-31 13:19:24,189 -   best_eval_score = 0.486
2024-03-31 13:19:24,189 -   eval_score = 0.6173
2024-03-31 13:19:44,008 - ***** Epoch: 3: Eval results *****
2024-03-31 13:19:44,008 -   train_loss = 0.639
2024-03-31 13:19:44,008 -   best_eval_score = 0.6173
2024-03-31 13:19:44,008 -   eval_score = 0.6313
2024-03-31 13:20:04,899 - ***** Epoch: 4: Eval results *****
2024-03-31 13:20:04,899 -   train_loss = 0.4017
2024-03-31 13:20:04,900 -   best_eval_score = 0.6313
2024-03-31 13:20:04,900 -   eval_score = 0.6268
2024-03-31 13:20:04,900 - EarlyStopping counter: 1 out of 8
2024-03-31 13:20:24,773 - ***** Epoch: 5: Eval results *****
2024-03-31 13:20:24,774 -   train_loss = 0.2178
2024-03-31 13:20:24,774 -   best_eval_score = 0.6313
2024-03-31 13:20:24,774 -   eval_score = 0.6628
2024-03-31 13:20:45,369 - ***** Epoch: 6: Eval results *****
2024-03-31 13:20:45,370 -   train_loss = 0.1136
2024-03-31 13:20:45,370 -   best_eval_score = 0.6628
2024-03-31 13:20:45,370 -   eval_score = 0.6533
2024-03-31 13:20:45,370 - EarlyStopping counter: 1 out of 8
2024-03-31 13:21:06,381 - ***** Epoch: 7: Eval results *****
2024-03-31 13:21:06,382 -   train_loss = 0.0698
2024-03-31 13:21:06,382 -   best_eval_score = 0.6628
2024-03-31 13:21:06,382 -   eval_score = 0.6672
2024-03-31 13:21:26,356 - ***** Epoch: 8: Eval results *****
2024-03-31 13:21:26,356 -   train_loss = 0.0439
2024-03-31 13:21:26,356 -   best_eval_score = 0.6672
2024-03-31 13:21:26,356 -   eval_score = 0.6724
2024-03-31 13:21:46,536 - ***** Epoch: 9: Eval results *****
2024-03-31 13:21:46,537 -   train_loss = 0.0318
2024-03-31 13:21:46,537 -   best_eval_score = 0.6724
2024-03-31 13:21:46,537 -   eval_score = 0.6522
2024-03-31 13:21:46,537 - EarlyStopping counter: 1 out of 8
2024-03-31 13:22:06,347 - ***** Epoch: 10: Eval results *****
2024-03-31 13:22:06,347 -   train_loss = 0.0213
2024-03-31 13:22:06,347 -   best_eval_score = 0.6724
2024-03-31 13:22:06,347 -   eval_score = 0.6328
2024-03-31 13:22:06,347 - EarlyStopping counter: 2 out of 8
2024-03-31 13:22:26,300 - ***** Epoch: 11: Eval results *****
2024-03-31 13:22:26,300 -   train_loss = 0.018
2024-03-31 13:22:26,300 -   best_eval_score = 0.6724
2024-03-31 13:22:26,300 -   eval_score = 0.6624
2024-03-31 13:22:26,300 - EarlyStopping counter: 3 out of 8
2024-03-31 13:22:45,966 - ***** Epoch: 12: Eval results *****
2024-03-31 13:22:45,966 -   train_loss = 0.0138
2024-03-31 13:22:45,967 -   best_eval_score = 0.6724
2024-03-31 13:22:45,967 -   eval_score = 0.6569
2024-03-31 13:22:45,967 - EarlyStopping counter: 4 out of 8
2024-03-31 13:23:06,450 - ***** Epoch: 13: Eval results *****
2024-03-31 13:23:06,451 -   train_loss = 0.0154
2024-03-31 13:23:06,451 -   best_eval_score = 0.6724
2024-03-31 13:23:06,451 -   eval_score = 0.6603
2024-03-31 13:23:06,451 - EarlyStopping counter: 5 out of 8
2024-03-31 13:23:26,829 - ***** Epoch: 14: Eval results *****
2024-03-31 13:23:26,830 -   train_loss = 0.0127
2024-03-31 13:23:26,830 -   best_eval_score = 0.6724
2024-03-31 13:23:26,830 -   eval_score = 0.6582
2024-03-31 13:23:26,831 - EarlyStopping counter: 6 out of 8
2024-03-31 13:23:47,003 - ***** Epoch: 15: Eval results *****
2024-03-31 13:23:47,003 -   train_loss = 0.0122
2024-03-31 13:23:47,003 -   best_eval_score = 0.6724
2024-03-31 13:23:47,003 -   eval_score = 0.6697
2024-03-31 13:23:47,003 - EarlyStopping counter: 7 out of 8
2024-03-31 13:24:08,163 - ***** Epoch: 16: Eval results *****
2024-03-31 13:24:08,163 -   train_loss = 0.0129
2024-03-31 13:24:08,163 -   best_eval_score = 0.6724
2024-03-31 13:24:08,163 -   eval_score = 0.6693
2024-03-31 13:24:08,163 - EarlyStopping counter: 8 out of 8
2024-03-31 13:24:08,163 - EarlyStopping at epoch 16
2024-03-31 13:24:08,166 - Training is finished...
2024-03-31 13:24:08,166 - Testing begins...
2024-03-31 13:24:11,397 - ***** Test: Confusion Matrix *****
2024-03-31 13:24:11,398 - [[34  2  0  0 11  0  0  1  0  2  1  0  5  1  0  0  0  0  0  0]
 [ 1 33  0  1  0  4  0  0  1  0  0  1  2  0  0  0  0  0  0  0]
 [ 1  0 25  0  0  0  0  0  0  0  0  0  1  0  0  0  0  0  0  0]
 [ 0  1  0 24  0  0  0  0  0  0  0  0  0  0  0  0  0  0  0  0]
 [ 3  0  0  0 15  0  1  0  0  0  0  1  1  0  1  0  0  1  0  0]
 [ 0  0  0  0  0 12  0  0  0  0  0  0  0  0  0  0  0  0  0  0]
 [ 2  1  0  0  2  0  3  0  2  0  0  0  1  0  0  0  1  0  0  0]
 [ 3  1  0  0  0  0  1  4  0  1  0  0  0  0  0  0  0  0  0  0]
 [ 1  0  0  0  0  0  0  1  8  0  0  0  0  0  0  0  0  0  0  0]
 [ 1  0  0  0  0  0  1  0  0  3  0  0  0  0  0  3  0  1  0  1]
 [ 0  1  0  0  0  0  1  0  0  1 13  0  0  0  0  0  1  1  0  0]
 [ 0  0  0  0  0  0  2  0  0  0  0 16  0  0  0  0  0  0  0  1]
 [ 4  2  0  0  1  0  0  2  0  0  0  1 41  0  2  1  2  0  0  1]
 [ 1  0  0  0  0  0  1  0  1  0  1  1  0 18  1  0  1  0  0  0]
 [ 0  0  0  0  1  0  0  0  1  0  0  0  3  1 13  0  1  0  0  2]
 [ 0  1  0  0  0  0  0  0  0  0  0  0  8  0  0 12  0  0  0  0]
 [ 0  0  0  0  0  0  0  0  0  0  0  0  3  0  1  0 13  0  0  0]
 [ 0  0  0  0  0  0  0  0  0  1  2  0  1  0  0  0  0 11  0  0]
 [ 0  0  0  0  0  0  0  0  0  0  0  0  1  0  0  0  0  0 11  0]
 [ 1  0  0  0  0  0  0  0  0  0  0  0  0  1  1  0  0  0  0  7]]
2024-03-31 13:24:11,398 - ***** Evaluation results *****
2024-03-31 13:24:11,398 -   acc = 0.7101
2024-03-31 13:24:11,398 -   f1 = 0.6927
2024-03-31 13:24:11,398 -   prec = 0.6981
2024-03-31 13:24:11,399 -   rec = 0.6966
2024-03-31 13:24:11,399 - Testing is finished...
2024-03-31 13:24:11,399 - Multimodal intent recognition is finished...
2024-03-31 13:24:11,399 - Results are saved in results/msz.csv
