2024-01-04 06:21:59,108 - ============================== Params ==============================
2024-01-04 06:21:59,108 - logger_name: msz_MIntRec_multi-class_seed-1_2024-01-04-06-21-59
2024-01-04 06:21:59,108 - dataset: MIntRec
2024-01-04 06:21:59,108 - data_mode: multi-class
2024-01-04 06:21:59,108 - method: msz
2024-01-04 06:21:59,108 - text_backbone: bert-base-uncased
2024-01-04 06:21:59,108 - text_backbone_path: /home/sharing/disk1/pretrained_embedding/bert/uncased_L-12_H-768_A-12/
2024-01-04 06:21:59,108 - seed: 1
2024-01-04 06:21:59,108 - num_workers: 8
2024-01-04 06:21:59,108 - gpu_id: 1
2024-01-04 06:21:59,108 - data_path: /home/sharing/disk2/sjh/intentDataset
2024-01-04 06:21:59,108 - train: True
2024-01-04 06:21:59,108 - tune: False
2024-01-04 06:21:59,108 - save_model: False
2024-01-04 06:21:59,108 - save_results: True
2024-01-04 06:21:59,108 - log_path: logs
2024-01-04 06:21:59,108 - cache_path: 
2024-01-04 06:21:59,108 - video_data_path: video_data
2024-01-04 06:21:59,108 - audio_data_path: audio_data
2024-01-04 06:21:59,108 - video_feats_path: video_feats.pkl
2024-01-04 06:21:59,108 - audio_feats_path: audio_feats.pkl
2024-01-04 06:21:59,109 - results_path: results
2024-01-04 06:21:59,109 - output_path: /home/sujianhua/Outputs/MIntRec
2024-01-04 06:21:59,109 - model_path: models
2024-01-04 06:21:59,109 - config_file_name: msz
2024-01-04 06:21:59,109 - results_file_name: msz.csv
2024-01-04 06:21:59,109 - padding_mode: zero
2024-01-04 06:21:59,109 - padding_loc: end
2024-01-04 06:21:59,109 - need_aligned: False
2024-01-04 06:21:59,109 - eval_monitor: f1
2024-01-04 06:21:59,109 - train_batch_size: 16
2024-01-04 06:21:59,109 - eval_batch_size: 8
2024-01-04 06:21:59,109 - test_batch_size: 8
2024-01-04 06:21:59,109 - wait_patience: 8
2024-01-04 06:21:59,109 - nheads: 2
2024-01-04 06:21:59,109 - encoder_layers: 2
2024-01-04 06:21:59,109 - attn_dropout: 0.1
2024-01-04 06:21:59,109 - relu_dropout: 0.1
2024-01-04 06:21:59,109 - embed_dropout: 0.1
2024-01-04 06:21:59,109 - res_dropout: 0.1
2024-01-04 06:21:59,109 - attn_mask: False
2024-01-04 06:21:59,109 - hidden_size: 768
2024-01-04 06:21:59,109 - num_attention_heads: 12
2024-01-04 06:21:59,109 - attention_probs_dropout_prob: 0.2
2024-01-04 06:21:59,109 - hidden_dropout_prob: 0.2
2024-01-04 06:21:59,109 - intermediate_size: 768
2024-01-04 06:21:59,109 - num_hidden_layers: 3
2024-01-04 06:21:59,109 - max_position_embeddings: 512
2024-01-04 06:21:59,109 - position_embedding_type: absolute
2024-01-04 06:21:59,110 - batch_first: True
2024-01-04 06:21:59,110 - hidden_dims: 768
2024-01-04 06:21:59,110 - att_dropouts: [0.2, 0.2, 0.2]
2024-01-04 06:21:59,110 - spe_dropouts: [0.1, 0.1, 0.1]
2024-01-04 06:21:59,110 - ta_loss: 0.1
2024-01-04 06:21:59,110 - tv_loss: 0.1
2024-01-04 06:21:59,110 - av_loss: 0.1
2024-01-04 06:21:59,110 - aligned_method: conv1d
2024-01-04 06:21:59,110 - grad_clip: -1
2024-01-04 06:21:59,110 - num_train_epochs: 100
2024-01-04 06:21:59,110 - warmup_proportion: 0.1
2024-01-04 06:21:59,110 - lr: 2e-05
2024-01-04 06:21:59,110 - weight_decay: 0.01
2024-01-04 06:21:59,110 - pred_output_path: /home/sujianhua/Outputs/MIntRec/msz_MIntRec_multi-class_seed-1_2024-01-04-06-21-59
2024-01-04 06:21:59,110 - model_output_path: /home/sujianhua/Outputs/MIntRec/msz_MIntRec_multi-class_seed-1_2024-01-04-06-21-59/models
2024-01-04 06:21:59,110 - ============================== End Params ==============================
2024-01-04 06:21:59,114 - Generate Text Features Begin...
2024-01-04 06:21:59,683 - Generate Text Features Finished...
2024-01-04 06:21:59,684 - Load Video Features Begin...
2024-01-04 06:22:36,946 - Load Video Features Finished...
2024-01-04 06:22:37,544 - Load Audio Features Begin...
2024-01-04 06:22:52,597 - Load Audio Features Finished...
2024-01-04 06:22:56,947 - method  begins...
2024-01-04 06:23:01,244 - Multimodal intent recognition begins...
2024-01-04 06:23:01,244 - Training begins...
