2024-01-08 14:09:15,409 - ============================== Params ==============================
2024-01-08 14:09:15,409 - logger_name: msz_MIntRec_multi-class_seed-1_2024-01-08-14-09-15
2024-01-08 14:09:15,410 - dataset: MIntRec
2024-01-08 14:09:15,410 - data_mode: multi-class
2024-01-08 14:09:15,410 - method: msz
2024-01-08 14:09:15,410 - text_backbone: bert-base-uncased
2024-01-08 14:09:15,410 - text_backbone_path: /home/sharing/disk1/pretrained_embedding/bert/uncased_L-12_H-768_A-12/
2024-01-08 14:09:15,410 - seed: 1
2024-01-08 14:09:15,410 - num_workers: 8
2024-01-08 14:09:15,410 - gpu_id: 1
2024-01-08 14:09:15,410 - data_path: /home/sharing/disk2/sjh/intentDataset
2024-01-08 14:09:15,410 - train: True
2024-01-08 14:09:15,410 - tune: False
2024-01-08 14:09:15,410 - save_model: False
2024-01-08 14:09:15,410 - save_results: True
2024-01-08 14:09:15,410 - log_path: logs
2024-01-08 14:09:15,410 - cache_path: 
2024-01-08 14:09:15,410 - video_data_path: video_data
2024-01-08 14:09:15,410 - audio_data_path: audio_data
2024-01-08 14:09:15,410 - video_feats_path: video_feats.pkl
2024-01-08 14:09:15,410 - audio_feats_path: audio_feats.pkl
2024-01-08 14:09:15,410 - results_path: results
2024-01-08 14:09:15,410 - output_path: /home/sharing/disk2/sjh/Outputs/MIntRec
2024-01-08 14:09:15,410 - model_path: models
2024-01-08 14:09:15,410 - config_file_name: msz
2024-01-08 14:09:15,410 - results_file_name: msz.csv
2024-01-08 14:09:15,410 - padding_mode: zero
2024-01-08 14:09:15,410 - padding_loc: end
2024-01-08 14:09:15,410 - need_aligned: False
2024-01-08 14:09:15,410 - eval_monitor: f1
2024-01-08 14:09:15,410 - train_batch_size: 16
2024-01-08 14:09:15,410 - eval_batch_size: 8
2024-01-08 14:09:15,410 - test_batch_size: 8
2024-01-08 14:09:15,410 - wait_patience: 8
2024-01-08 14:09:15,410 - nheads: 12
2024-01-08 14:09:15,410 - encoder_layers: 5
2024-01-08 14:09:15,410 - attn_dropout: 0.2
2024-01-08 14:09:15,410 - relu_dropout: 0.2
2024-01-08 14:09:15,410 - embed_dropout: 0.3
2024-01-08 14:09:15,410 - res_dropout: 0.2
2024-01-08 14:09:15,411 - attn_mask: False
2024-01-08 14:09:15,411 - hidden_size: 768
2024-01-08 14:09:15,411 - num_attention_heads: 12
2024-01-08 14:09:15,411 - attention_probs_dropout_prob: 0.1
2024-01-08 14:09:15,411 - hidden_dropout_prob: 0.1
2024-01-08 14:09:15,411 - intermediate_size: 768
2024-01-08 14:09:15,411 - num_hidden_layers: 5
2024-01-08 14:09:15,411 - max_position_embeddings: 512
2024-01-08 14:09:15,411 - position_embedding_type: absolute
2024-01-08 14:09:15,411 - batch_first: True
2024-01-08 14:09:15,411 - hidden_dims: 768
2024-01-08 14:09:15,411 - att_dropouts: [0.2, 0.2, 0.2]
2024-01-08 14:09:15,411 - spe_dropouts: [0.2, 0.1, 0.1]
2024-01-08 14:09:15,411 - ta_loss: 0.1
2024-01-08 14:09:15,411 - tv_loss: 0.1
2024-01-08 14:09:15,411 - av_loss: 0.1
2024-01-08 14:09:15,411 - aligned_method: conv1d
2024-01-08 14:09:15,411 - grad_clip: 2
2024-01-08 14:09:15,411 - num_train_epochs: 100
2024-01-08 14:09:15,411 - warmup_proportion: 0.1
2024-01-08 14:09:15,411 - lr: 2e-06
2024-01-08 14:09:15,411 - weight_decay: 0.01
2024-01-08 14:09:15,411 - pred_output_path: /home/sharing/disk2/sjh/Outputs/MIntRec/msz_MIntRec_multi-class_seed-1_2024-01-08-14-09-15
2024-01-08 14:09:15,411 - model_output_path: /home/sharing/disk2/sjh/Outputs/MIntRec/msz_MIntRec_multi-class_seed-1_2024-01-08-14-09-15/models
2024-01-08 14:09:15,411 - ============================== End Params ==============================
2024-01-08 14:09:15,414 - Generate Text Features Begin...
2024-01-08 14:09:15,912 - Generate Text Features Finished...
2024-01-08 14:09:15,913 - Load Video Features Begin...
2024-01-08 14:09:16,236 - Load Video Features Finished...
2024-01-08 14:09:16,855 - Load Audio Features Begin...
2024-01-08 14:09:17,896 - Load Audio Features Finished...
2024-01-08 14:09:21,448 - method  begins...
2024-01-08 14:09:26,143 - Multimodal intent recognition begins...
2024-01-08 14:09:26,144 - Training begins...
2024-01-08 14:10:05,789 - ***** Epoch: 1: Eval results *****
2024-01-08 14:10:05,789 -   train_loss = 2.9582
2024-01-08 14:10:05,789 -   best_eval_score = 0.0
2024-01-08 14:10:05,789 -   eval_score = 0.0247
2024-01-08 14:10:43,725 - ***** Epoch: 2: Eval results *****
2024-01-08 14:10:43,725 -   train_loss = 2.8577
2024-01-08 14:10:43,725 -   best_eval_score = 0.0247
2024-01-08 14:10:43,725 -   eval_score = 0.0325
2024-01-08 14:11:21,628 - ***** Epoch: 3: Eval results *****
2024-01-08 14:11:21,629 -   train_loss = 2.7692
2024-01-08 14:11:21,629 -   best_eval_score = 0.0325
2024-01-08 14:11:21,629 -   eval_score = 0.0458
2024-01-08 14:11:59,681 - ***** Epoch: 4: Eval results *****
2024-01-08 14:11:59,681 -   train_loss = 2.566
2024-01-08 14:11:59,681 -   best_eval_score = 0.0458
2024-01-08 14:11:59,681 -   eval_score = 0.1721
2024-01-08 14:12:37,737 - ***** Epoch: 5: Eval results *****
2024-01-08 14:12:37,737 -   train_loss = 2.2332
2024-01-08 14:12:37,737 -   best_eval_score = 0.1721
2024-01-08 14:12:37,737 -   eval_score = 0.2684
2024-01-08 14:13:15,717 - ***** Epoch: 6: Eval results *****
2024-01-08 14:13:15,717 -   train_loss = 1.8466
2024-01-08 14:13:15,717 -   best_eval_score = 0.2684
2024-01-08 14:13:15,717 -   eval_score = 0.3977
2024-01-08 14:13:53,734 - ***** Epoch: 7: Eval results *****
2024-01-08 14:13:53,734 -   train_loss = 1.442
2024-01-08 14:13:53,734 -   best_eval_score = 0.3977
2024-01-08 14:13:53,734 -   eval_score = 0.5188
2024-01-08 14:14:31,721 - ***** Epoch: 8: Eval results *****
2024-01-08 14:14:31,721 -   train_loss = 1.0815
2024-01-08 14:14:31,721 -   best_eval_score = 0.5188
2024-01-08 14:14:31,721 -   eval_score = 0.5468
2024-01-08 14:15:09,656 - ***** Epoch: 9: Eval results *****
2024-01-08 14:15:09,656 -   train_loss = 0.7904
2024-01-08 14:15:09,656 -   best_eval_score = 0.5468
2024-01-08 14:15:09,656 -   eval_score = 0.6069
2024-01-08 14:15:47,431 - ***** Epoch: 10: Eval results *****
2024-01-08 14:15:47,431 -   train_loss = 0.5725
2024-01-08 14:15:47,431 -   best_eval_score = 0.6069
2024-01-08 14:15:47,431 -   eval_score = 0.6424
2024-01-08 14:16:25,106 - ***** Epoch: 11: Eval results *****
2024-01-08 14:16:25,106 -   train_loss = 0.4189
2024-01-08 14:16:25,106 -   best_eval_score = 0.6424
2024-01-08 14:16:25,106 -   eval_score = 0.6485
2024-01-08 14:17:03,327 - ***** Epoch: 12: Eval results *****
2024-01-08 14:17:03,327 -   train_loss = 0.2968
2024-01-08 14:17:03,327 -   best_eval_score = 0.6485
2024-01-08 14:17:03,327 -   eval_score = 0.6731
2024-01-08 14:17:41,398 - ***** Epoch: 13: Eval results *****
2024-01-08 14:17:41,399 -   train_loss = 0.2279
2024-01-08 14:17:41,399 -   best_eval_score = 0.6731
2024-01-08 14:17:41,399 -   eval_score = 0.67
2024-01-08 14:17:41,399 - EarlyStopping counter: 1 out of 8
2024-01-08 14:18:19,597 - ***** Epoch: 14: Eval results *****
2024-01-08 14:18:19,598 -   train_loss = 0.1767
2024-01-08 14:18:19,598 -   best_eval_score = 0.6731
2024-01-08 14:18:19,598 -   eval_score = 0.6765
2024-01-08 14:18:57,657 - ***** Epoch: 15: Eval results *****
2024-01-08 14:18:57,657 -   train_loss = 0.1257
2024-01-08 14:18:57,657 -   best_eval_score = 0.6765
2024-01-08 14:18:57,657 -   eval_score = 0.6882
2024-01-08 14:19:35,634 - ***** Epoch: 16: Eval results *****
2024-01-08 14:19:35,634 -   train_loss = 0.0995
2024-01-08 14:19:35,635 -   best_eval_score = 0.6882
2024-01-08 14:19:35,635 -   eval_score = 0.685
2024-01-08 14:19:35,635 - EarlyStopping counter: 1 out of 8
2024-01-08 14:20:13,723 - ***** Epoch: 17: Eval results *****
2024-01-08 14:20:13,723 -   train_loss = 0.0786
2024-01-08 14:20:13,723 -   best_eval_score = 0.6882
2024-01-08 14:20:13,723 -   eval_score = 0.6886
2024-01-08 14:20:51,794 - ***** Epoch: 18: Eval results *****
2024-01-08 14:20:51,794 -   train_loss = 0.0627
2024-01-08 14:20:51,794 -   best_eval_score = 0.6886
2024-01-08 14:20:51,794 -   eval_score = 0.6874
2024-01-08 14:20:51,794 - EarlyStopping counter: 1 out of 8
2024-01-08 14:21:29,876 - ***** Epoch: 19: Eval results *****
2024-01-08 14:21:29,876 -   train_loss = 0.0514
2024-01-08 14:21:29,876 -   best_eval_score = 0.6886
2024-01-08 14:21:29,876 -   eval_score = 0.685
2024-01-08 14:21:29,876 - EarlyStopping counter: 2 out of 8
2024-01-08 14:22:07,543 - ***** Epoch: 20: Eval results *****
2024-01-08 14:22:07,543 -   train_loss = 0.0447
2024-01-08 14:22:07,543 -   best_eval_score = 0.6886
2024-01-08 14:22:07,543 -   eval_score = 0.6694
2024-01-08 14:22:07,543 - EarlyStopping counter: 3 out of 8
2024-01-08 14:22:45,602 - ***** Epoch: 21: Eval results *****
2024-01-08 14:22:45,602 -   train_loss = 0.0379
2024-01-08 14:22:45,602 -   best_eval_score = 0.6886
2024-01-08 14:22:45,602 -   eval_score = 0.6907
2024-01-08 14:23:23,857 - ***** Epoch: 22: Eval results *****
2024-01-08 14:23:23,857 -   train_loss = 0.0336
2024-01-08 14:23:23,857 -   best_eval_score = 0.6907
2024-01-08 14:23:23,857 -   eval_score = 0.6839
2024-01-08 14:23:23,857 - EarlyStopping counter: 1 out of 8
2024-01-08 14:24:01,636 - ***** Epoch: 23: Eval results *****
2024-01-08 14:24:01,636 -   train_loss = 0.0287
2024-01-08 14:24:01,636 -   best_eval_score = 0.6907
2024-01-08 14:24:01,637 -   eval_score = 0.6853
2024-01-08 14:24:01,637 - EarlyStopping counter: 2 out of 8
2024-01-08 14:24:39,566 - ***** Epoch: 24: Eval results *****
2024-01-08 14:24:39,566 -   train_loss = 0.0286
2024-01-08 14:24:39,566 -   best_eval_score = 0.6907
2024-01-08 14:24:39,566 -   eval_score = 0.6893
2024-01-08 14:24:39,566 - EarlyStopping counter: 3 out of 8
2024-01-08 14:25:17,282 - ***** Epoch: 25: Eval results *****
2024-01-08 14:25:17,282 -   train_loss = 0.0242
2024-01-08 14:25:17,282 -   best_eval_score = 0.6907
2024-01-08 14:25:17,283 -   eval_score = 0.6811
2024-01-08 14:25:17,283 - EarlyStopping counter: 4 out of 8
2024-01-08 14:25:55,333 - ***** Epoch: 26: Eval results *****
2024-01-08 14:25:55,333 -   train_loss = 0.0203
2024-01-08 14:25:55,333 -   best_eval_score = 0.6907
2024-01-08 14:25:55,333 -   eval_score = 0.6799
2024-01-08 14:25:55,333 - EarlyStopping counter: 5 out of 8
2024-01-08 14:26:32,877 - ***** Epoch: 27: Eval results *****
2024-01-08 14:26:32,877 -   train_loss = 0.0194
2024-01-08 14:26:32,877 -   best_eval_score = 0.6907
2024-01-08 14:26:32,877 -   eval_score = 0.68
2024-01-08 14:26:32,877 - EarlyStopping counter: 6 out of 8
2024-01-08 14:27:10,797 - ***** Epoch: 28: Eval results *****
2024-01-08 14:27:10,797 -   train_loss = 0.0171
2024-01-08 14:27:10,797 -   best_eval_score = 0.6907
2024-01-08 14:27:10,797 -   eval_score = 0.6891
2024-01-08 14:27:10,797 - EarlyStopping counter: 7 out of 8
2024-01-08 14:27:48,669 - ***** Epoch: 29: Eval results *****
2024-01-08 14:27:48,669 -   train_loss = 0.0156
2024-01-08 14:27:48,669 -   best_eval_score = 0.6907
2024-01-08 14:27:48,669 -   eval_score = 0.6772
2024-01-08 14:27:48,669 - EarlyStopping counter: 8 out of 8
2024-01-08 14:27:48,669 - EarlyStopping at epoch 29
2024-01-08 14:27:48,673 - Training is finished...
2024-01-08 14:27:48,673 - Testing begins...
2024-01-08 14:27:53,838 - ***** Test: Confusion Matrix *****
2024-01-08 14:27:53,839 - [[37  2  0  0 10  0  1  1  0  2  1  0  2  1  0  0  0  0  0  0]
 [ 0 35  0  1  0  3  0  0  0  0  1  0  2  0  1  0  0  0  0  0]
 [ 1  0 26  0  0  0  0  0  0  0  0  0  0  0  0  0  0  0  0  0]
 [ 0  1  0 24  0  0  0  0  0  0  0  0  0  0  0  0  0  0  0  0]
 [ 6  0  0  0 11  0  2  0  1  0  0  1  0  1  0  0  0  1  0  0]
 [ 0  0  0  0  0 12  0  0  0  0  0  0  0  0  0  0  0  0  0  0]
 [ 1  1  0  0  3  0  2  0  3  0  0  1  1  0  0  0  0  0  0  0]
 [ 3  0  0  0  0  0  0  5  1  1  0  0  0  0  0  0  0  0  0  0]
 [ 1  0  0  0  0  0  0  2  3  0  0  0  0  2  0  2  0  0  0  0]
 [ 1  0  0  0  0  0  1  0  0  4  0  0  0  0  0  2  0  1  0  1]
 [ 1  0  0  0  0  0  0  0  0  1 14  0  0  0  1  0  1  0  0  0]
 [ 0  0  0  0  0  0  1  0  0  0  0 17  0  0  0  0  0  0  0  1]
 [ 3  3  0  0  1  0  0  1  0  0  0  2 29  5  5  4  4  0  0  0]
 [ 0  1  0  0  0  0  2  0  0  0  1  1  0 18  2  0  0  0  0  0]
 [ 0  0  0  0  0  0  0  0  2  0  0  0  0  2 17  0  1  0  0  0]
 [ 0  0  0  0  0  0  0  1  0  0  0  0  2  1  1 16  0  0  0  0]
 [ 0  0  0  0  0  0  0  0  0  0  0  0  2  0  2  0 13  0  0  0]
 [ 0  0  0  0  0  0  0  0  0  1  2  0  0  0  0  0  0 12  0  0]
 [ 0  0  0  0  0  0  0  0  0  0  0  0  2  0  0  0  0  0 10  0]
 [ 0  0  0  0  0  0  0  0  0  0  0  0  0  1  1  0  2  0  0  6]]
2024-01-08 14:27:53,839 - ***** Evaluation results *****
2024-01-08 14:27:53,839 -   acc = 0.6989
2024-01-08 14:27:53,839 -   f1 = 0.673
2024-01-08 14:27:53,839 -   prec = 0.672
2024-01-08 14:27:53,839 -   rec = 0.6832
2024-01-08 14:27:53,839 - Testing is finished...
2024-01-08 14:27:53,839 - Multimodal intent recognition is finished...
2024-01-08 14:27:53,839 - Results are saved in results/msz.csv
