2024-01-05 08:22:00,111 - ============================== Params ==============================
2024-01-05 08:22:00,112 - logger_name: msz_MIntRec_multi-class_seed-2_2024-01-05-08-21-59
2024-01-05 08:22:00,112 - dataset: MIntRec
2024-01-05 08:22:00,112 - data_mode: multi-class
2024-01-05 08:22:00,112 - method: msz
2024-01-05 08:22:00,112 - text_backbone: bert-base-uncased
2024-01-05 08:22:00,112 - text_backbone_path: /home/sharing/disk1/pretrained_embedding/bert/uncased_L-12_H-768_A-12/
2024-01-05 08:22:00,112 - seed: 2
2024-01-05 08:22:00,112 - num_workers: 8
2024-01-05 08:22:00,112 - gpu_id: 1
2024-01-05 08:22:00,112 - data_path: /home/sharing/disk2/sjh/intentDataset
2024-01-05 08:22:00,112 - train: True
2024-01-05 08:22:00,112 - tune: False
2024-01-05 08:22:00,112 - save_model: False
2024-01-05 08:22:00,112 - save_results: True
2024-01-05 08:22:00,112 - log_path: logs
2024-01-05 08:22:00,112 - cache_path: 
2024-01-05 08:22:00,112 - video_data_path: video_data
2024-01-05 08:22:00,112 - audio_data_path: audio_data
2024-01-05 08:22:00,112 - video_feats_path: video_feats.pkl
2024-01-05 08:22:00,112 - audio_feats_path: audio_feats.pkl
2024-01-05 08:22:00,112 - results_path: results
2024-01-05 08:22:00,112 - output_path: /home/sharing/disk2/sjh/Outputs/MIntRec
2024-01-05 08:22:00,112 - model_path: models
2024-01-05 08:22:00,112 - config_file_name: msz
2024-01-05 08:22:00,112 - results_file_name: msz.csv
2024-01-05 08:22:00,112 - padding_mode: zero
2024-01-05 08:22:00,112 - padding_loc: end
2024-01-05 08:22:00,112 - need_aligned: False
2024-01-05 08:22:00,112 - eval_monitor: f1
2024-01-05 08:22:00,112 - train_batch_size: 16
2024-01-05 08:22:00,112 - eval_batch_size: 8
2024-01-05 08:22:00,112 - test_batch_size: 8
2024-01-05 08:22:00,112 - wait_patience: 8
2024-01-05 08:22:00,112 - nheads: 2
2024-01-05 08:22:00,113 - encoder_layers: 2
2024-01-05 08:22:00,113 - attn_dropout: 0.1
2024-01-05 08:22:00,113 - relu_dropout: 0.1
2024-01-05 08:22:00,113 - embed_dropout: 0.1
2024-01-05 08:22:00,113 - res_dropout: 0.1
2024-01-05 08:22:00,113 - attn_mask: False
2024-01-05 08:22:00,113 - hidden_size: 768
2024-01-05 08:22:00,113 - num_attention_heads: 12
2024-01-05 08:22:00,113 - attention_probs_dropout_prob: 0.2
2024-01-05 08:22:00,113 - hidden_dropout_prob: 0.2
2024-01-05 08:22:00,113 - intermediate_size: 768
2024-01-05 08:22:00,113 - num_hidden_layers: 3
2024-01-05 08:22:00,113 - max_position_embeddings: 512
2024-01-05 08:22:00,113 - position_embedding_type: absolute
2024-01-05 08:22:00,113 - batch_first: True
2024-01-05 08:22:00,113 - hidden_dims: 768
2024-01-05 08:22:00,113 - att_dropouts: [0.2, 0.2, 0.2]
2024-01-05 08:22:00,113 - spe_dropouts: [0.1, 0.1, 0.1]
2024-01-05 08:22:00,113 - ta_loss: 0.1
2024-01-05 08:22:00,113 - tv_loss: 0.1
2024-01-05 08:22:00,113 - av_loss: 0.1
2024-01-05 08:22:00,113 - aligned_method: conv1d
2024-01-05 08:22:00,113 - grad_clip: -1
2024-01-05 08:22:00,113 - num_train_epochs: 100
2024-01-05 08:22:00,113 - warmup_proportion: 0.1
2024-01-05 08:22:00,113 - lr: 1e-06
2024-01-05 08:22:00,113 - weight_decay: 0.01
2024-01-05 08:22:00,113 - pred_output_path: /home/sharing/disk2/sjh/Outputs/MIntRec/msz_MIntRec_multi-class_seed-2_2024-01-05-08-21-59
2024-01-05 08:22:00,113 - model_output_path: /home/sharing/disk2/sjh/Outputs/MIntRec/msz_MIntRec_multi-class_seed-2_2024-01-05-08-21-59/models
2024-01-05 08:22:00,113 - ============================== End Params ==============================
2024-01-05 08:22:00,277 - Generate Text Features Begin...
2024-01-05 08:22:00,952 - Generate Text Features Finished...
2024-01-05 08:22:00,953 - Load Video Features Begin...
2024-01-05 08:22:03,459 - Load Video Features Finished...
2024-01-05 08:22:04,114 - Load Audio Features Begin...
2024-01-05 08:22:06,201 - Load Audio Features Finished...
2024-01-05 08:22:10,097 - method  begins...
2024-01-05 08:22:14,486 - Multimodal intent recognition begins...
2024-01-05 08:22:14,486 - Training begins...
2024-01-05 08:22:41,164 - ***** Epoch: 1: Eval results *****
2024-01-05 08:22:41,166 -   train_loss = 2.9901
2024-01-05 08:22:41,166 -   best_eval_score = 0.0
2024-01-05 08:22:41,166 -   eval_score = 0.0418
2024-01-05 08:23:05,607 - ***** Epoch: 2: Eval results *****
2024-01-05 08:23:05,607 -   train_loss = 2.9537
2024-01-05 08:23:05,607 -   best_eval_score = 0.0418
2024-01-05 08:23:05,607 -   eval_score = 0.0517
2024-01-05 08:23:30,253 - ***** Epoch: 3: Eval results *****
2024-01-05 08:23:30,253 -   train_loss = 2.8863
2024-01-05 08:23:30,253 -   best_eval_score = 0.0517
2024-01-05 08:23:30,253 -   eval_score = 0.0407
2024-01-05 08:23:30,254 - EarlyStopping counter: 1 out of 8
2024-01-05 08:23:54,913 - ***** Epoch: 4: Eval results *****
2024-01-05 08:23:54,913 -   train_loss = 2.7746
2024-01-05 08:23:54,913 -   best_eval_score = 0.0517
2024-01-05 08:23:54,913 -   eval_score = 0.1052
2024-01-05 08:24:19,479 - ***** Epoch: 5: Eval results *****
2024-01-05 08:24:19,480 -   train_loss = 2.5993
2024-01-05 08:24:19,480 -   best_eval_score = 0.1052
2024-01-05 08:24:19,480 -   eval_score = 0.1683
2024-01-05 08:24:43,740 - ***** Epoch: 6: Eval results *****
2024-01-05 08:24:43,740 -   train_loss = 2.3388
2024-01-05 08:24:43,740 -   best_eval_score = 0.1683
2024-01-05 08:24:43,740 -   eval_score = 0.2159
2024-01-05 08:25:08,120 - ***** Epoch: 7: Eval results *****
2024-01-05 08:25:08,120 -   train_loss = 1.9899
2024-01-05 08:25:08,120 -   best_eval_score = 0.2159
2024-01-05 08:25:08,120 -   eval_score = 0.3444
2024-01-05 08:25:32,599 - ***** Epoch: 8: Eval results *****
2024-01-05 08:25:32,600 -   train_loss = 1.6512
2024-01-05 08:25:32,600 -   best_eval_score = 0.3444
2024-01-05 08:25:32,600 -   eval_score = 0.3916
2024-01-05 08:25:57,535 - ***** Epoch: 9: Eval results *****
2024-01-05 08:25:57,535 -   train_loss = 1.3569
2024-01-05 08:25:57,535 -   best_eval_score = 0.3916
2024-01-05 08:25:57,535 -   eval_score = 0.4774
2024-01-05 08:26:22,398 - ***** Epoch: 10: Eval results *****
2024-01-05 08:26:22,398 -   train_loss = 1.049
2024-01-05 08:26:22,398 -   best_eval_score = 0.4774
2024-01-05 08:26:22,398 -   eval_score = 0.5092
2024-01-05 08:26:47,384 - ***** Epoch: 11: Eval results *****
2024-01-05 08:26:47,384 -   train_loss = 0.8183
2024-01-05 08:26:47,384 -   best_eval_score = 0.5092
2024-01-05 08:26:47,384 -   eval_score = 0.5707
2024-01-05 08:27:11,874 - ***** Epoch: 12: Eval results *****
2024-01-05 08:27:11,875 -   train_loss = 0.5208
2024-01-05 08:27:11,875 -   best_eval_score = 0.5707
2024-01-05 08:27:11,875 -   eval_score = 0.5953
2024-01-05 08:27:36,645 - ***** Epoch: 13: Eval results *****
2024-01-05 08:27:36,646 -   train_loss = 0.3708
2024-01-05 08:27:36,646 -   best_eval_score = 0.5953
2024-01-05 08:27:36,646 -   eval_score = 0.6176
2024-01-05 08:28:00,989 - ***** Epoch: 14: Eval results *****
2024-01-05 08:28:00,989 -   train_loss = 0.2248
2024-01-05 08:28:00,989 -   best_eval_score = 0.6176
2024-01-05 08:28:00,989 -   eval_score = 0.6354
2024-01-05 08:28:25,267 - ***** Epoch: 15: Eval results *****
2024-01-05 08:28:25,268 -   train_loss = 0.168
2024-01-05 08:28:25,268 -   best_eval_score = 0.6354
2024-01-05 08:28:25,268 -   eval_score = 0.6403
2024-01-05 08:28:49,827 - ***** Epoch: 16: Eval results *****
2024-01-05 08:28:49,827 -   train_loss = 0.1138
2024-01-05 08:28:49,827 -   best_eval_score = 0.6403
2024-01-05 08:28:49,828 -   eval_score = 0.646
2024-01-05 08:29:13,952 - ***** Epoch: 17: Eval results *****
2024-01-05 08:29:13,952 -   train_loss = 0.0989
2024-01-05 08:29:13,952 -   best_eval_score = 0.646
2024-01-05 08:29:13,952 -   eval_score = 0.6454
2024-01-05 08:29:13,952 - EarlyStopping counter: 1 out of 8
2024-01-05 08:29:38,425 - ***** Epoch: 18: Eval results *****
2024-01-05 08:29:38,425 -   train_loss = 0.0744
2024-01-05 08:29:38,426 -   best_eval_score = 0.646
2024-01-05 08:29:38,426 -   eval_score = 0.6487
2024-01-05 08:30:03,133 - ***** Epoch: 19: Eval results *****
2024-01-05 08:30:03,133 -   train_loss = 0.0516
2024-01-05 08:30:03,133 -   best_eval_score = 0.6487
2024-01-05 08:30:03,133 -   eval_score = 0.6331
2024-01-05 08:30:03,133 - EarlyStopping counter: 1 out of 8
2024-01-05 08:30:27,022 - ***** Epoch: 20: Eval results *****
2024-01-05 08:30:27,022 -   train_loss = 0.035
2024-01-05 08:30:27,022 -   best_eval_score = 0.6487
2024-01-05 08:30:27,023 -   eval_score = 0.6255
2024-01-05 08:30:27,023 - EarlyStopping counter: 2 out of 8
2024-01-05 08:30:51,000 - ***** Epoch: 21: Eval results *****
2024-01-05 08:30:51,000 -   train_loss = 0.0275
2024-01-05 08:30:51,001 -   best_eval_score = 0.6487
2024-01-05 08:30:51,001 -   eval_score = 0.6293
2024-01-05 08:30:51,001 - EarlyStopping counter: 3 out of 8
2024-01-05 08:31:15,212 - ***** Epoch: 22: Eval results *****
2024-01-05 08:31:15,212 -   train_loss = 0.0276
2024-01-05 08:31:15,212 -   best_eval_score = 0.6487
2024-01-05 08:31:15,212 -   eval_score = 0.6388
2024-01-05 08:31:15,212 - EarlyStopping counter: 4 out of 8
2024-01-05 08:31:39,126 - ***** Epoch: 23: Eval results *****
2024-01-05 08:31:39,127 -   train_loss = 0.0241
2024-01-05 08:31:39,127 -   best_eval_score = 0.6487
2024-01-05 08:31:39,127 -   eval_score = 0.6268
2024-01-05 08:31:39,127 - EarlyStopping counter: 5 out of 8
2024-01-05 08:32:02,986 - ***** Epoch: 24: Eval results *****
2024-01-05 08:32:02,986 -   train_loss = 0.0179
2024-01-05 08:32:02,986 -   best_eval_score = 0.6487
2024-01-05 08:32:02,986 -   eval_score = 0.6255
2024-01-05 08:32:02,986 - EarlyStopping counter: 6 out of 8
2024-01-05 08:32:27,179 - ***** Epoch: 25: Eval results *****
2024-01-05 08:32:27,179 -   train_loss = 0.009
2024-01-05 08:32:27,180 -   best_eval_score = 0.6487
2024-01-05 08:32:27,180 -   eval_score = 0.6279
2024-01-05 08:32:27,180 - EarlyStopping counter: 7 out of 8
2024-01-05 08:32:51,073 - ***** Epoch: 26: Eval results *****
2024-01-05 08:32:51,073 -   train_loss = 0.014
2024-01-05 08:32:51,073 -   best_eval_score = 0.6487
2024-01-05 08:32:51,073 -   eval_score = 0.6358
2024-01-05 08:32:51,073 - EarlyStopping counter: 8 out of 8
2024-01-05 08:32:51,073 - EarlyStopping at epoch 26
2024-01-05 08:32:51,075 - Training is finished...
2024-01-05 08:32:51,075 - Testing begins...
2024-01-05 08:32:55,277 - ***** Test: Confusion Matrix *****
2024-01-05 08:32:55,278 - [[26  0  0  0  9  0  2  1  2  4  0  1  8  3  0  0  0  1  0  0]
 [ 0 36  0  1  0  0  0  2  0  0  0  0  3  1  0  0  0  0  0  0]
 [ 0  0 27  0  0  0  0  0  0  0  0  0  0  0  0  0  0  0  0  0]
 [ 0  0  0 24  0  0  0  0  0  0  0  0  0  0  0  0  0  0  0  1]
 [ 1  0  0  0 11  0  5  0  0  1  1  0  2  2  0  0  0  0  0  0]
 [ 0  0  0  0  0 10  0  1  0  0  0  0  1  0  0  0  0  0  0  0]
 [ 1  0  0  0  2  0  2  0  3  1  0  1  2  0  0  0  0  0  0  0]
 [ 1  0  0  0  0  0  0  6  1  1  1  0  0  0  0  0  0  0  0  0]
 [ 0  0  0  0  0  0  1  5  2  0  0  0  0  1  0  1  0  0  0  0]
 [ 1  0  0  0  0  0  0  0  0  5  1  0  0  0  0  3  0  0  0  0]
 [ 0  0  0  0  0  0  0  0  0  1 15  0  1  0  0  0  0  0  0  1]
 [ 0  0  0  0  0  0  1  0  0  0  0 15  1  0  0  0  0  0  1  1]
 [ 0  2  0  0  1  0  0  3  2  0  1  0 38  3  5  0  0  1  0  1]
 [ 0  0  0  0  1  0  0  0  0  0  2  1  0 18  1  0  0  0  0  2]
 [ 0  0  0  0  1  0  0  0  1  0  0  0  1  2 16  0  1  0  0  0]
 [ 0  0  0  0  1  0  0  1  1  0  0  0  6  0  0 11  0  0  0  1]
 [ 1  0  0  0  0  0  0  1  0  0  0  0  2  0  1  0 10  0  0  2]
 [ 0  0  0  0  0  0  0  0  0  1  1  0  1  0  0  0  0 12  0  0]
 [ 0  0  0  0  0  0  0  0  0  0  0  0  4  0  0  1  0  0  7  0]
 [ 0  0  0  0  0  0  0  0  0  0  0  1  1  1  2  0  0  0  0  5]]
2024-01-05 08:32:55,278 - ***** Evaluation results *****
2024-01-05 08:32:55,278 -   acc = 0.6652
2024-01-05 08:32:55,278 -   f1 = 0.634
2024-01-05 08:32:55,278 -   prec = 0.6544
2024-01-05 08:32:55,278 -   rec = 0.6382
2024-01-05 08:32:55,278 - Testing is finished...
2024-01-05 08:32:55,278 - Multimodal intent recognition is finished...
2024-01-05 08:32:55,278 - Results are saved in results/msz.csv
