2024-01-03 05:45:49,223 - ============================== Params ==============================
2024-01-03 05:45:49,223 - logger_name: msz_MIntRec_multi-class_seed-0_2024-01-03-05-45-49
2024-01-03 05:45:49,223 - dataset: MIntRec
2024-01-03 05:45:49,223 - data_mode: multi-class
2024-01-03 05:45:49,223 - method: msz
2024-01-03 05:45:49,223 - text_backbone: bert-base-uncased
2024-01-03 05:45:49,223 - text_backbone_path: /home/sharing/disk1/pretrained_embedding/bert/uncased_L-12_H-768_A-12/
2024-01-03 05:45:49,224 - seed: 0
2024-01-03 05:45:49,224 - num_workers: 8
2024-01-03 05:45:49,224 - gpu_id: 1
2024-01-03 05:45:49,224 - data_path: /home/sharing/disk2/sjh/intentDataset
2024-01-03 05:45:49,224 - train: True
2024-01-03 05:45:49,224 - tune: False
2024-01-03 05:45:49,224 - save_model: False
2024-01-03 05:45:49,224 - save_results: True
2024-01-03 05:45:49,224 - log_path: logs
2024-01-03 05:45:49,224 - cache_path: 
2024-01-03 05:45:49,224 - video_data_path: video_data
2024-01-03 05:45:49,224 - audio_data_path: audio_data
2024-01-03 05:45:49,224 - video_feats_path: video_feats.pkl
2024-01-03 05:45:49,224 - audio_feats_path: audio_feats.pkl
2024-01-03 05:45:49,224 - results_path: results
2024-01-03 05:45:49,224 - output_path: /home/sujianhua/Outputs/MIntRec
2024-01-03 05:45:49,224 - model_path: models
2024-01-03 05:45:49,224 - config_file_name: msz
2024-01-03 05:45:49,224 - results_file_name: msz.csv
2024-01-03 05:45:49,224 - padding_mode: zero
2024-01-03 05:45:49,224 - padding_loc: end
2024-01-03 05:45:49,224 - need_aligned: False
2024-01-03 05:45:49,224 - eval_monitor: f1
2024-01-03 05:45:49,224 - train_batch_size: 16
2024-01-03 05:45:49,224 - eval_batch_size: 8
2024-01-03 05:45:49,224 - test_batch_size: 8
2024-01-03 05:45:49,224 - wait_patience: 8
2024-01-03 05:45:49,224 - nheads: 2
2024-01-03 05:45:49,224 - encoder_layers: 2
2024-01-03 05:45:49,224 - attn_dropout: 0.1
2024-01-03 05:45:49,224 - relu_dropout: 0.1
2024-01-03 05:45:49,224 - embed_dropout: 0.1
2024-01-03 05:45:49,224 - res_dropout: 0.1
2024-01-03 05:45:49,224 - attn_mask: False
2024-01-03 05:45:49,224 - hidden_size: 768
2024-01-03 05:45:49,224 - num_attention_heads: 12
2024-01-03 05:45:49,224 - attention_probs_dropout_prob: 0.2
2024-01-03 05:45:49,225 - hidden_dropout_prob: 0.2
2024-01-03 05:45:49,225 - intermediate_size: 768
2024-01-03 05:45:49,225 - num_hidden_layers: 3
2024-01-03 05:45:49,225 - max_position_embeddings: 512
2024-01-03 05:45:49,225 - position_embedding_type: absolute
2024-01-03 05:45:49,225 - batch_first: True
2024-01-03 05:45:49,225 - hidden_dims: 768
2024-01-03 05:45:49,225 - att_dropouts: [0.2, 0.2, 0.2]
2024-01-03 05:45:49,225 - spe_dropouts: [0.1, 0.1, 0.1]
2024-01-03 05:45:49,225 - ta_loss: 0.07
2024-01-03 05:45:49,225 - tv_loss: 0.02
2024-01-03 05:45:49,225 - av_loss: 0.01
2024-01-03 05:45:49,225 - aligned_method: conv1d
2024-01-03 05:45:49,225 - grad_clip: -1
2024-01-03 05:45:49,225 - num_train_epochs: 100
2024-01-03 05:45:49,225 - warmup_proportion: 0.1
2024-01-03 05:45:49,225 - lr: 1e-06
2024-01-03 05:45:49,225 - weight_decay: 0.02
2024-01-03 05:45:49,225 - pred_output_path: /home/sujianhua/Outputs/MIntRec/msz_MIntRec_multi-class_seed-0_2024-01-03-05-45-49
2024-01-03 05:45:49,225 - model_output_path: /home/sujianhua/Outputs/MIntRec/msz_MIntRec_multi-class_seed-0_2024-01-03-05-45-49/models
2024-01-03 05:45:49,225 - ============================== End Params ==============================
2024-01-03 05:45:49,228 - Generate Text Features Begin...
2024-01-03 05:45:49,718 - Generate Text Features Finished...
2024-01-03 05:45:49,719 - Load Video Features Begin...
2024-01-03 05:45:50,035 - Load Video Features Finished...
2024-01-03 05:45:50,649 - Load Audio Features Begin...
2024-01-03 05:45:51,748 - Load Audio Features Finished...
2024-01-03 05:45:55,853 - method  begins...
2024-01-03 05:45:58,983 - Multimodal intent recognition begins...
2024-01-03 05:45:58,983 - Training begins...
2024-01-03 05:46:23,327 - ***** Epoch: 1: Eval results *****
2024-01-03 05:46:23,328 -   train_loss = 3.4066
2024-01-03 05:46:23,328 -   best_eval_score = 0.0
2024-01-03 05:46:23,328 -   eval_score = 0.0646
2024-01-03 05:46:45,346 - ***** Epoch: 2: Eval results *****
2024-01-03 05:46:45,346 -   train_loss = 3.1292
2024-01-03 05:46:45,346 -   best_eval_score = 0.0646
2024-01-03 05:46:45,346 -   eval_score = 0.0114
2024-01-03 05:46:45,346 - EarlyStopping counter: 1 out of 8
2024-01-03 05:47:07,485 - ***** Epoch: 3: Eval results *****
2024-01-03 05:47:07,487 -   train_loss = 2.8958
2024-01-03 05:47:07,487 -   best_eval_score = 0.0646
2024-01-03 05:47:07,487 -   eval_score = 0.0441
2024-01-03 05:47:07,487 - EarlyStopping counter: 2 out of 8
2024-01-03 05:47:29,682 - ***** Epoch: 4: Eval results *****
2024-01-03 05:47:29,682 -   train_loss = 2.6278
2024-01-03 05:47:29,683 -   best_eval_score = 0.0646
2024-01-03 05:47:29,683 -   eval_score = 0.2808
2024-01-03 05:47:52,029 - ***** Epoch: 5: Eval results *****
2024-01-03 05:47:52,029 -   train_loss = 2.3032
2024-01-03 05:47:52,029 -   best_eval_score = 0.2808
2024-01-03 05:47:52,030 -   eval_score = 0.3329
2024-01-03 05:48:13,749 - ***** Epoch: 6: Eval results *****
2024-01-03 05:48:13,749 -   train_loss = 1.9557
2024-01-03 05:48:13,749 -   best_eval_score = 0.3329
2024-01-03 05:48:13,749 -   eval_score = 0.4326
2024-01-03 05:48:35,839 - ***** Epoch: 7: Eval results *****
2024-01-03 05:48:35,840 -   train_loss = 1.64
2024-01-03 05:48:35,840 -   best_eval_score = 0.4326
2024-01-03 05:48:35,840 -   eval_score = 0.5004
2024-01-03 05:48:57,817 - ***** Epoch: 8: Eval results *****
2024-01-03 05:48:57,817 -   train_loss = 1.3177
2024-01-03 05:48:57,817 -   best_eval_score = 0.5004
2024-01-03 05:48:57,817 -   eval_score = 0.5282
2024-01-03 05:49:19,932 - ***** Epoch: 9: Eval results *****
2024-01-03 05:49:19,932 -   train_loss = 1.0386
2024-01-03 05:49:19,932 -   best_eval_score = 0.5282
2024-01-03 05:49:19,932 -   eval_score = 0.5554
2024-01-03 05:49:41,843 - ***** Epoch: 10: Eval results *****
2024-01-03 05:49:41,843 -   train_loss = 0.8199
2024-01-03 05:49:41,843 -   best_eval_score = 0.5554
2024-01-03 05:49:41,843 -   eval_score = 0.578
2024-01-03 05:50:03,940 - ***** Epoch: 11: Eval results *****
2024-01-03 05:50:03,940 -   train_loss = 0.6572
2024-01-03 05:50:03,940 -   best_eval_score = 0.578
2024-01-03 05:50:03,940 -   eval_score = 0.5901
2024-01-03 05:50:26,326 - ***** Epoch: 12: Eval results *****
2024-01-03 05:50:26,326 -   train_loss = 0.5996
2024-01-03 05:50:26,326 -   best_eval_score = 0.5901
2024-01-03 05:50:26,326 -   eval_score = 0.6353
2024-01-03 05:50:48,467 - ***** Epoch: 13: Eval results *****
2024-01-03 05:50:48,468 -   train_loss = 0.5061
2024-01-03 05:50:48,468 -   best_eval_score = 0.6353
2024-01-03 05:50:48,468 -   eval_score = 0.5766
2024-01-03 05:50:48,468 - EarlyStopping counter: 1 out of 8
2024-01-03 05:51:10,725 - ***** Epoch: 14: Eval results *****
2024-01-03 05:51:10,726 -   train_loss = 0.3375
2024-01-03 05:51:10,726 -   best_eval_score = 0.6353
2024-01-03 05:51:10,726 -   eval_score = 0.6355
2024-01-03 05:51:32,685 - ***** Epoch: 15: Eval results *****
2024-01-03 05:51:32,685 -   train_loss = 0.2986
2024-01-03 05:51:32,685 -   best_eval_score = 0.6355
2024-01-03 05:51:32,685 -   eval_score = 0.6297
2024-01-03 05:51:32,685 - EarlyStopping counter: 1 out of 8
2024-01-03 05:51:54,836 - ***** Epoch: 16: Eval results *****
2024-01-03 05:51:54,836 -   train_loss = 0.2382
2024-01-03 05:51:54,836 -   best_eval_score = 0.6355
2024-01-03 05:51:54,836 -   eval_score = 0.6284
2024-01-03 05:51:54,836 - EarlyStopping counter: 2 out of 8
2024-01-03 05:52:17,130 - ***** Epoch: 17: Eval results *****
2024-01-03 05:52:17,130 -   train_loss = 0.1591
2024-01-03 05:52:17,130 -   best_eval_score = 0.6355
2024-01-03 05:52:17,130 -   eval_score = 0.6134
2024-01-03 05:52:17,130 - EarlyStopping counter: 3 out of 8
2024-01-03 05:52:39,094 - ***** Epoch: 18: Eval results *****
2024-01-03 05:52:39,095 -   train_loss = 0.1216
2024-01-03 05:52:39,095 -   best_eval_score = 0.6355
2024-01-03 05:52:39,095 -   eval_score = 0.6358
2024-01-03 05:53:01,177 - ***** Epoch: 19: Eval results *****
2024-01-03 05:53:01,177 -   train_loss = 0.0935
2024-01-03 05:53:01,177 -   best_eval_score = 0.6358
2024-01-03 05:53:01,177 -   eval_score = 0.647
2024-01-03 05:53:23,333 - ***** Epoch: 20: Eval results *****
2024-01-03 05:53:23,333 -   train_loss = 0.0724
2024-01-03 05:53:23,333 -   best_eval_score = 0.647
2024-01-03 05:53:23,333 -   eval_score = 0.6473
2024-01-03 05:53:45,461 - ***** Epoch: 21: Eval results *****
2024-01-03 05:53:45,462 -   train_loss = 0.0732
2024-01-03 05:53:45,462 -   best_eval_score = 0.6473
2024-01-03 05:53:45,462 -   eval_score = 0.6508
2024-01-03 05:54:07,701 - ***** Epoch: 22: Eval results *****
2024-01-03 05:54:07,701 -   train_loss = 0.0596
2024-01-03 05:54:07,702 -   best_eval_score = 0.6508
2024-01-03 05:54:07,702 -   eval_score = 0.6473
2024-01-03 05:54:07,702 - EarlyStopping counter: 1 out of 8
2024-01-03 05:54:29,960 - ***** Epoch: 23: Eval results *****
2024-01-03 05:54:29,960 -   train_loss = 0.0353
2024-01-03 05:54:29,960 -   best_eval_score = 0.6508
2024-01-03 05:54:29,960 -   eval_score = 0.6357
2024-01-03 05:54:29,960 - EarlyStopping counter: 2 out of 8
2024-01-03 05:54:52,108 - ***** Epoch: 24: Eval results *****
2024-01-03 05:54:52,108 -   train_loss = 0.0311
2024-01-03 05:54:52,108 -   best_eval_score = 0.6508
2024-01-03 05:54:52,108 -   eval_score = 0.6387
2024-01-03 05:54:52,109 - EarlyStopping counter: 3 out of 8
2024-01-03 05:55:14,566 - ***** Epoch: 25: Eval results *****
2024-01-03 05:55:14,566 -   train_loss = 0.0244
2024-01-03 05:55:14,566 -   best_eval_score = 0.6508
2024-01-03 05:55:14,566 -   eval_score = 0.622
2024-01-03 05:55:14,566 - EarlyStopping counter: 4 out of 8
2024-01-03 05:55:36,787 - ***** Epoch: 26: Eval results *****
2024-01-03 05:55:36,787 -   train_loss = 0.0381
2024-01-03 05:55:36,787 -   best_eval_score = 0.6508
2024-01-03 05:55:36,787 -   eval_score = 0.623
2024-01-03 05:55:36,787 - EarlyStopping counter: 5 out of 8
2024-01-03 05:55:59,058 - ***** Epoch: 27: Eval results *****
2024-01-03 05:55:59,058 -   train_loss = 0.0178
2024-01-03 05:55:59,058 -   best_eval_score = 0.6508
2024-01-03 05:55:59,059 -   eval_score = 0.6323
2024-01-03 05:55:59,059 - EarlyStopping counter: 6 out of 8
2024-01-03 05:56:21,634 - ***** Epoch: 28: Eval results *****
2024-01-03 05:56:21,634 -   train_loss = 0.0182
2024-01-03 05:56:21,634 -   best_eval_score = 0.6508
2024-01-03 05:56:21,634 -   eval_score = 0.6449
2024-01-03 05:56:21,634 - EarlyStopping counter: 7 out of 8
2024-01-03 05:56:43,928 - ***** Epoch: 29: Eval results *****
2024-01-03 05:56:43,929 -   train_loss = 0.0144
2024-01-03 05:56:43,929 -   best_eval_score = 0.6508
2024-01-03 05:56:43,929 -   eval_score = 0.6364
2024-01-03 05:56:43,929 - EarlyStopping counter: 8 out of 8
2024-01-03 05:56:43,929 - EarlyStopping at epoch 29
2024-01-03 05:56:43,931 - Training is finished...
2024-01-03 05:56:43,931 - Testing begins...
2024-01-03 05:56:48,011 - ***** Test: Confusion Matrix *****
2024-01-03 05:56:48,012 - [[33  2  0  0  4  0  2  8  0  3  0  0  4  1  0  0  0  0  0  0]
 [ 0 37  0  0  0  1  1  3  1  0  0  0  0  0  0  0  0  0  0  0]
 [ 1  0 26  0  0  0  0  0  0  0  0  0  0  0  0  0  0  0  0  0]
 [ 0  0  0 25  0  0  0  0  0  0  0  0  0  0  0  0  0  0  0  0]
 [ 4  0  0  0 11  0  4  0  0  0  0  1  0  2  1  0  0  0  0  0]
 [ 0  0  0  0  0 12  0  0  0  0  0  0  0  0  0  0  0  0  0  0]
 [ 2  0  0  0  1  0  4  0  1  0  0  1  2  0  0  1  0  0  0  0]
 [ 1  0  0  0  0  1  0  6  1  0  1  0  0  0  0  0  0  0  0  0]
 [ 0  0  0  0  0  0  1  3  3  0  0  0  0  3  0  0  0  0  0  0]
 [ 2  0  0  0  0  1  0  0  0  3  1  0  0  0  0  3  0  0  0  0]
 [ 1  0  0  0  0  1  1  1  0  1 12  0  0  1  0  0  0  0  0  0]
 [ 2  0  0  0  0  0  2  0  0  0  0 14  0  0  0  0  0  0  1  0]
 [ 3  0  0  1  1  1  2  7  1  0  0  0 22  5  4  5  1  1  1  2]
 [ 0  0  0  0  0  0  1  0  0  0  2  1  0 21  0  0  0  0  0  0]
 [ 0  0  0  0  1  0  0  0  0  0  0  0  0  3 16  0  0  0  0  2]
 [ 0  1  0  0  0  0  0  2  1  0  0  0  2  1  1 13  0  0  0  0]
 [ 0  0  0  0  0  0  0  1  0  0  0  0  2  0  2  0 12  0  0  0]
 [ 0  0  0  0  0  0  0  0  0  1  0  0  0  0  0  0  0 14  0  0]
 [ 0  1  0  0  0  0  0  0  0  0  0  0  0  0  0  1  0  0 10  0]
 [ 0  0  0  0  0  0  0  0  0  0  0  0  0  1  1  0  0  0  1  7]]
2024-01-03 05:56:48,012 - ***** Evaluation results *****
2024-01-03 05:56:48,012 -   acc = 0.6764
2024-01-03 05:56:48,012 -   f1 = 0.6586
2024-01-03 05:56:48,012 -   prec = 0.6651
2024-01-03 05:56:48,012 -   rec = 0.6781
2024-01-03 05:56:48,012 - Testing is finished...
2024-01-03 05:56:48,012 - Multimodal intent recognition is finished...
2024-01-03 05:56:48,012 - Results are saved in results/msz.csv
