2024-03-01 14:11:11,238 - ============================== Params ==============================
2024-03-01 14:11:11,238 - logger_name: msz_MIntRec_multi-class_seed-1_2024-03-01-14-11-11
2024-03-01 14:11:11,238 - dataset: MIntRec
2024-03-01 14:11:11,238 - data_mode: multi-class
2024-03-01 14:11:11,238 - method: msz
2024-03-01 14:11:11,238 - text_backbone: bert-base-uncased
2024-03-01 14:11:11,238 - text_backbone_path: /home/sharing/disk1/pretrained_embedding/bert/uncased_L-12_H-768_A-12/
2024-03-01 14:11:11,238 - seed: 1
2024-03-01 14:11:11,238 - num_workers: 8
2024-03-01 14:11:11,238 - gpu_id: 3
2024-03-01 14:11:11,238 - data_path: /home/sharing/disk2/sjh/intentDataset
2024-03-01 14:11:11,238 - train: True
2024-03-01 14:11:11,238 - tune: True
2024-03-01 14:11:11,238 - save_model: True
2024-03-01 14:11:11,238 - save_results: True
2024-03-01 14:11:11,238 - log_path: logs
2024-03-01 14:11:11,238 - cache_path: 
2024-03-01 14:11:11,238 - video_data_path: video_data
2024-03-01 14:11:11,238 - audio_data_path: audio_data
2024-03-01 14:11:11,238 - video_feats_path: video_feats.pkl
2024-03-01 14:11:11,238 - audio_feats_path: audio_feats.pkl
2024-03-01 14:11:11,238 - results_path: results
2024-03-01 14:11:11,238 - output_path: /home/sharing/disk2/sjh/Outputs/MIntRec
2024-03-01 14:11:11,238 - model_path: models
2024-03-01 14:11:11,238 - config_file_name: msz_MIntRec
2024-03-01 14:11:11,238 - results_file_name: msz.csv
2024-03-01 14:11:11,238 - padding_mode: zero
2024-03-01 14:11:11,238 - padding_loc: end
2024-03-01 14:11:11,238 - need_aligned: False
2024-03-01 14:11:11,238 - eval_monitor: f1
2024-03-01 14:11:11,238 - train_batch_size: 16
2024-03-01 14:11:11,238 - eval_batch_size: 8
2024-03-01 14:11:11,239 - test_batch_size: 8
2024-03-01 14:11:11,239 - wait_patience: 8
2024-03-01 14:11:11,239 - hidden_size: 768
2024-03-01 14:11:11,239 - num_attention_heads: 12
2024-03-01 14:11:11,239 - attention_probs_dropout_prob: 0.1
2024-03-01 14:11:11,239 - hidden_dropout_prob: 0.2
2024-03-01 14:11:11,239 - intermediate_size: 768
2024-03-01 14:11:11,239 - num_hidden_layers: 6
2024-03-01 14:11:11,239 - max_position_embeddings: 768
2024-03-01 14:11:11,239 - position_embedding_type: absolute
2024-03-01 14:11:11,239 - batch_first: True
2024-03-01 14:11:11,239 - hidden_dims: 768
2024-03-01 14:11:11,239 - dropout: 0.5
2024-03-01 14:11:11,239 - aligned_method: conv1d
2024-03-01 14:11:11,239 - num_train_epochs: 100
2024-03-01 14:11:11,239 - lr: 9e-06
2024-03-01 14:11:11,239 - pred_output_path: /home/sharing/disk2/sjh/Outputs/MIntRec/msz_MIntRec_multi-class_seed-1_2024-03-01-14-11-11
2024-03-01 14:11:11,239 - model_output_path: /home/sharing/disk2/sjh/Outputs/MIntRec/msz_MIntRec_multi-class_seed-1_2024-03-01-14-11-11/models
2024-03-01 14:11:11,239 - num_labels: 20
2024-03-01 14:11:11,239 - text_feat_dim: 768
2024-03-01 14:11:11,239 - video_feat_dim: 256
2024-03-01 14:11:11,239 - audio_feat_dim: 768
2024-03-01 14:11:11,239 - text_seq_len: 30
2024-03-01 14:11:11,239 - video_seq_len: 230
2024-03-01 14:11:11,239 - audio_seq_len: 480
2024-03-01 14:11:11,239 - device: cuda:3
2024-03-01 14:11:11,239 - ============================== End Params ==============================
2024-03-01 14:11:11,242 - Generate Text Features Begin...
2024-03-01 14:11:11,699 - Generate Text Features Finished...
2024-03-01 14:11:11,699 - Load Video Features Begin...
2024-03-01 14:11:12,033 - Load Video Features Finished...
2024-03-01 14:11:12,501 - Load Audio Features Begin...
2024-03-01 14:11:13,328 - Load Audio Features Finished...
2024-03-01 14:11:15,630 - method  begins...
2024-03-01 14:11:17,204 - Multimodal intent recognition begins...
2024-03-01 14:11:17,204 - Training begins...
2024-03-01 14:11:33,905 - ***** Epoch: 1: Eval results *****
2024-03-01 14:11:33,905 -   train_loss = 2.6726
2024-03-01 14:11:33,905 -   best_eval_score = 0.0
2024-03-01 14:11:33,905 -   eval_score = 0.203
2024-03-01 14:11:50,465 - ***** Epoch: 2: Eval results *****
2024-03-01 14:11:50,466 -   train_loss = 1.7268
2024-03-01 14:11:50,466 -   best_eval_score = 0.203
2024-03-01 14:11:50,466 -   eval_score = 0.5348
2024-03-01 14:12:07,336 - ***** Epoch: 3: Eval results *****
2024-03-01 14:12:07,336 -   train_loss = 0.9635
2024-03-01 14:12:07,336 -   best_eval_score = 0.5348
2024-03-01 14:12:07,336 -   eval_score = 0.5802
2024-03-01 14:12:23,522 - ***** Epoch: 4: Eval results *****
2024-03-01 14:12:23,523 -   train_loss = 0.5484
2024-03-01 14:12:23,523 -   best_eval_score = 0.5802
2024-03-01 14:12:23,523 -   eval_score = 0.6466
2024-03-01 14:12:40,394 - ***** Epoch: 5: Eval results *****
2024-03-01 14:12:40,394 -   train_loss = 0.3028
2024-03-01 14:12:40,394 -   best_eval_score = 0.6466
2024-03-01 14:12:40,394 -   eval_score = 0.6595
2024-03-01 14:12:57,403 - ***** Epoch: 6: Eval results *****
2024-03-01 14:12:57,403 -   train_loss = 0.1755
2024-03-01 14:12:57,403 -   best_eval_score = 0.6595
2024-03-01 14:12:57,403 -   eval_score = 0.6678
2024-03-01 14:13:13,834 - ***** Epoch: 7: Eval results *****
2024-03-01 14:13:13,834 -   train_loss = 0.0994
2024-03-01 14:13:13,834 -   best_eval_score = 0.6678
2024-03-01 14:13:13,834 -   eval_score = 0.6523
2024-03-01 14:13:13,834 - EarlyStopping counter: 1 out of 8
2024-03-01 14:13:29,996 - ***** Epoch: 8: Eval results *****
2024-03-01 14:13:29,996 -   train_loss = 0.0627
2024-03-01 14:13:29,996 -   best_eval_score = 0.6678
2024-03-01 14:13:29,996 -   eval_score = 0.6777
2024-03-01 14:13:46,716 - ***** Epoch: 9: Eval results *****
2024-03-01 14:13:46,717 -   train_loss = 0.0459
2024-03-01 14:13:46,717 -   best_eval_score = 0.6777
2024-03-01 14:13:46,717 -   eval_score = 0.6827
2024-03-01 14:14:03,375 - ***** Epoch: 10: Eval results *****
2024-03-01 14:14:03,376 -   train_loss = 0.0284
2024-03-01 14:14:03,376 -   best_eval_score = 0.6827
2024-03-01 14:14:03,376 -   eval_score = 0.6809
2024-03-01 14:14:03,376 - EarlyStopping counter: 1 out of 8
2024-03-01 14:14:19,931 - ***** Epoch: 11: Eval results *****
2024-03-01 14:14:19,931 -   train_loss = 0.0213
2024-03-01 14:14:19,931 -   best_eval_score = 0.6827
2024-03-01 14:14:19,931 -   eval_score = 0.6863
2024-03-01 14:14:36,530 - ***** Epoch: 12: Eval results *****
2024-03-01 14:14:36,531 -   train_loss = 0.0179
2024-03-01 14:14:36,531 -   best_eval_score = 0.6863
2024-03-01 14:14:36,531 -   eval_score = 0.6927
2024-03-01 14:14:52,900 - ***** Epoch: 13: Eval results *****
2024-03-01 14:14:52,900 -   train_loss = 0.0177
2024-03-01 14:14:52,900 -   best_eval_score = 0.6927
2024-03-01 14:14:52,900 -   eval_score = 0.6931
2024-03-01 14:15:09,265 - ***** Epoch: 14: Eval results *****
2024-03-01 14:15:09,265 -   train_loss = 0.0162
2024-03-01 14:15:09,265 -   best_eval_score = 0.6931
2024-03-01 14:15:09,265 -   eval_score = 0.6903
2024-03-01 14:15:09,265 - EarlyStopping counter: 1 out of 8
2024-03-01 14:15:25,960 - ***** Epoch: 15: Eval results *****
2024-03-01 14:15:25,960 -   train_loss = 0.0161
2024-03-01 14:15:25,960 -   best_eval_score = 0.6931
2024-03-01 14:15:25,960 -   eval_score = 0.6903
2024-03-01 14:15:25,960 - EarlyStopping counter: 2 out of 8
2024-03-01 14:15:42,485 - ***** Epoch: 16: Eval results *****
2024-03-01 14:15:42,485 -   train_loss = 0.0143
2024-03-01 14:15:42,485 -   best_eval_score = 0.6931
2024-03-01 14:15:42,485 -   eval_score = 0.6839
2024-03-01 14:15:42,485 - EarlyStopping counter: 3 out of 8
2024-03-01 14:15:59,240 - ***** Epoch: 17: Eval results *****
2024-03-01 14:15:59,240 -   train_loss = 0.0133
2024-03-01 14:15:59,240 -   best_eval_score = 0.6931
2024-03-01 14:15:59,240 -   eval_score = 0.6924
2024-03-01 14:15:59,240 - EarlyStopping counter: 4 out of 8
2024-03-01 14:16:15,928 - ***** Epoch: 18: Eval results *****
2024-03-01 14:16:15,928 -   train_loss = 0.0141
2024-03-01 14:16:15,928 -   best_eval_score = 0.6931
2024-03-01 14:16:15,928 -   eval_score = 0.6905
2024-03-01 14:16:15,928 - EarlyStopping counter: 5 out of 8
2024-03-01 14:16:32,575 - ***** Epoch: 19: Eval results *****
2024-03-01 14:16:32,576 -   train_loss = 0.0143
2024-03-01 14:16:32,576 -   best_eval_score = 0.6931
2024-03-01 14:16:32,576 -   eval_score = 0.6835
2024-03-01 14:16:32,576 - EarlyStopping counter: 6 out of 8
2024-03-01 14:16:49,180 - ***** Epoch: 20: Eval results *****
2024-03-01 14:16:49,180 -   train_loss = 0.0139
2024-03-01 14:16:49,180 -   best_eval_score = 0.6931
2024-03-01 14:16:49,180 -   eval_score = 0.6835
2024-03-01 14:16:49,180 - EarlyStopping counter: 7 out of 8
2024-03-01 14:17:05,539 - ***** Epoch: 21: Eval results *****
2024-03-01 14:17:05,539 -   train_loss = 0.0134
2024-03-01 14:17:05,539 -   best_eval_score = 0.6931
2024-03-01 14:17:05,539 -   eval_score = 0.6835
2024-03-01 14:17:05,539 - EarlyStopping counter: 8 out of 8
2024-03-01 14:17:05,539 - EarlyStopping at epoch 21
2024-03-01 14:17:05,539 - Trained models are saved in /home/sharing/disk2/sjh/Outputs/MIntRec/msz_MIntRec_multi-class_seed-1_2024-03-01-14-11-11/models
2024-03-01 14:17:06,524 - Training is finished...
2024-03-01 14:17:06,524 - Testing begins...
2024-03-01 14:17:09,201 - ***** Test: Confusion Matrix *****
2024-03-01 14:17:09,202 - [[36  1  0  0  8  0  3  1  0  3  1  0  2  2  0  0  0  0  0  0]
 [ 0 35  0  1  0  2  1  0  0  0  1  0  2  1  0  0  0  0  0  0]
 [ 1  0 26  0  0  0  0  0  0  0  0  0  0  0  0  0  0  0  0  0]
 [ 0  1  0 24  0  0  0  0  0  0  0  0  0  0  0  0  0  0  0  0]
 [ 4  0  0  0 11  0  2  0  0  0  0  1  2  1  0  0  0  2  0  0]
 [ 0  0  0  0  0 12  0  0  0  0  0  0  0  0  0  0  0  0  0  0]
 [ 1  1  0  0  3  0  2  0  3  0  0  0  1  0  0  0  1  0  0  0]
 [ 3  1  0  0  0  0  0  4  0  0  2  0  0  0  0  0  0  0  0  0]
 [ 1  0  0  0  0  0  0  2  4  0  0  0  0  2  0  1  0  0  0  0]
 [ 1  0  0  0  1  0  0  0  0  4  1  0  0  0  0  2  0  1  0  0]
 [ 1  0  0  0  0  0  1  0  0  1 15  0  0  0  0  0  0  0  0  0]
 [ 0  0  0  0  0  0  1  0  0  0  0 17  0  0  0  0  0  0  0  1]
 [ 3  1  0  0  1  0  1  3  0  0  0  1 35  4  3  3  2  0  0  0]
 [ 0  1  0  0  0  0  2  0  0  0  1  1  1 18  1  0  0  0  0  0]
 [ 0  0  0  0  1  0  0  0  1  0  0  0  0  2 15  0  1  0  0  2]
 [ 0  0  0  0  0  0  0  1  1  0  0  0  3  0  0 15  0  0  0  1]
 [ 0  0  0  0  0  0  0  1  0  0  0  0  1  0  2  0 13  0  0  0]
 [ 0  0  0  0  0  0  0  0  0  1  1  0  2  0  0  0  0 11  0  0]
 [ 0  0  0  0  0  0  0  0  0  0  0  0  2  0  0  1  0  0  9  0]
 [ 0  0  0  0  0  0  0  0  0  0  0  0  1  1  1  0  1  0  0  6]]
2024-03-01 14:17:09,202 - ***** Evaluation results *****
2024-03-01 14:17:09,202 -   acc = 0.7011
2024-03-01 14:17:09,202 -   f1 = 0.6717
2024-03-01 14:17:09,202 -   prec = 0.6725
2024-03-01 14:17:09,202 -   rec = 0.676
2024-03-01 14:17:09,203 - Testing is finished...
2024-03-01 14:17:09,203 - Multimodal intent recognition is finished...
2024-03-01 14:17:09,203 - Results are saved in results/msz.csv
