2024-01-03 13:04:28,124 - ============================== Params ==============================
2024-01-03 13:04:28,124 - logger_name: msz_MIntRec_multi-class_seed-2_2024-01-03-13-04-28
2024-01-03 13:04:28,124 - dataset: MIntRec
2024-01-03 13:04:28,124 - data_mode: multi-class
2024-01-03 13:04:28,124 - method: msz
2024-01-03 13:04:28,125 - text_backbone: bert-base-uncased
2024-01-03 13:04:28,125 - text_backbone_path: /home/sharing/disk1/pretrained_embedding/bert/uncased_L-12_H-768_A-12/
2024-01-03 13:04:28,125 - seed: 2
2024-01-03 13:04:28,125 - num_workers: 8
2024-01-03 13:04:28,125 - gpu_id: 1
2024-01-03 13:04:28,125 - data_path: /home/sharing/disk2/sjh/intentDataset
2024-01-03 13:04:28,125 - train: True
2024-01-03 13:04:28,125 - tune: False
2024-01-03 13:04:28,125 - save_model: False
2024-01-03 13:04:28,125 - save_results: True
2024-01-03 13:04:28,125 - log_path: logs
2024-01-03 13:04:28,125 - cache_path: 
2024-01-03 13:04:28,125 - video_data_path: video_data
2024-01-03 13:04:28,125 - audio_data_path: audio_data
2024-01-03 13:04:28,125 - video_feats_path: video_feats.pkl
2024-01-03 13:04:28,125 - audio_feats_path: audio_feats.pkl
2024-01-03 13:04:28,125 - results_path: results
2024-01-03 13:04:28,125 - output_path: /home/sujianhua/Outputs/MIntRec
2024-01-03 13:04:28,125 - model_path: models
2024-01-03 13:04:28,125 - config_file_name: msz
2024-01-03 13:04:28,125 - results_file_name: msz.csv
2024-01-03 13:04:28,125 - padding_mode: zero
2024-01-03 13:04:28,125 - padding_loc: end
2024-01-03 13:04:28,125 - need_aligned: False
2024-01-03 13:04:28,125 - eval_monitor: f1
2024-01-03 13:04:28,125 - train_batch_size: 16
2024-01-03 13:04:28,125 - eval_batch_size: 8
2024-01-03 13:04:28,125 - test_batch_size: 8
2024-01-03 13:04:28,125 - wait_patience: 8
2024-01-03 13:04:28,125 - nheads: 2
2024-01-03 13:04:28,125 - encoder_layers: 2
2024-01-03 13:04:28,125 - attn_dropout: 0.1
2024-01-03 13:04:28,125 - relu_dropout: 0.1
2024-01-03 13:04:28,125 - embed_dropout: 0.1
2024-01-03 13:04:28,125 - res_dropout: 0.1
2024-01-03 13:04:28,125 - attn_mask: False
2024-01-03 13:04:28,125 - hidden_size: 768
2024-01-03 13:04:28,126 - num_attention_heads: 12
2024-01-03 13:04:28,126 - attention_probs_dropout_prob: 0.2
2024-01-03 13:04:28,126 - hidden_dropout_prob: 0.2
2024-01-03 13:04:28,126 - intermediate_size: 768
2024-01-03 13:04:28,126 - num_hidden_layers: 3
2024-01-03 13:04:28,126 - max_position_embeddings: 512
2024-01-03 13:04:28,126 - position_embedding_type: absolute
2024-01-03 13:04:28,126 - batch_first: True
2024-01-03 13:04:28,126 - hidden_dims: 768
2024-01-03 13:04:28,126 - att_dropouts: [0.2, 0.2, 0.2]
2024-01-03 13:04:28,126 - spe_dropouts: [0.1, 0.1, 0.1]
2024-01-03 13:04:28,126 - ta_loss: 0.02
2024-01-03 13:04:28,126 - tv_loss: 0.03
2024-01-03 13:04:28,126 - av_loss: 0.03
2024-01-03 13:04:28,126 - aligned_method: conv1d
2024-01-03 13:04:28,126 - grad_clip: -1
2024-01-03 13:04:28,126 - num_train_epochs: 100
2024-01-03 13:04:28,126 - warmup_proportion: 0.1
2024-01-03 13:04:28,126 - lr: 1e-06
2024-01-03 13:04:28,126 - weight_decay: 0.02
2024-01-03 13:04:28,126 - pred_output_path: /home/sujianhua/Outputs/MIntRec/msz_MIntRec_multi-class_seed-2_2024-01-03-13-04-28
2024-01-03 13:04:28,126 - model_output_path: /home/sujianhua/Outputs/MIntRec/msz_MIntRec_multi-class_seed-2_2024-01-03-13-04-28/models
2024-01-03 13:04:28,126 - ============================== End Params ==============================
2024-01-03 13:04:28,217 - Generate Text Features Begin...
2024-01-03 13:04:28,886 - Generate Text Features Finished...
2024-01-03 13:04:28,886 - Load Video Features Begin...
2024-01-03 13:04:38,641 - Load Video Features Finished...
2024-01-03 13:04:39,274 - Load Audio Features Begin...
2024-01-03 13:05:11,236 - Load Audio Features Finished...
2024-01-03 13:05:14,787 - method  begins...
2024-01-03 13:05:23,655 - Multimodal intent recognition begins...
2024-01-03 13:05:23,656 - Training begins...
2024-01-03 13:05:50,928 - ***** Epoch: 1: Eval results *****
2024-01-03 13:05:50,928 -   train_loss = 12.5903
2024-01-03 13:05:50,928 -   best_eval_score = 0.0
2024-01-03 13:05:50,929 -   eval_score = 0.0571
2024-01-03 13:06:17,374 - ***** Epoch: 2: Eval results *****
2024-01-03 13:06:17,374 -   train_loss = 7.7995
2024-01-03 13:06:17,374 -   best_eval_score = 0.0571
2024-01-03 13:06:17,374 -   eval_score = 0.0616
2024-01-03 13:06:41,596 - ***** Epoch: 3: Eval results *****
2024-01-03 13:06:41,596 -   train_loss = 5.0035
2024-01-03 13:06:41,596 -   best_eval_score = 0.0616
2024-01-03 13:06:41,596 -   eval_score = 0.135
2024-01-03 13:07:04,873 - ***** Epoch: 4: Eval results *****
2024-01-03 13:07:04,873 -   train_loss = 3.8134
2024-01-03 13:07:04,873 -   best_eval_score = 0.135
2024-01-03 13:07:04,873 -   eval_score = 0.332
2024-01-03 13:07:28,470 - ***** Epoch: 5: Eval results *****
2024-01-03 13:07:28,471 -   train_loss = 3.1017
2024-01-03 13:07:28,471 -   best_eval_score = 0.332
2024-01-03 13:07:28,471 -   eval_score = 0.4303
2024-01-03 13:07:52,247 - ***** Epoch: 6: Eval results *****
2024-01-03 13:07:52,247 -   train_loss = 2.5814
2024-01-03 13:07:52,248 -   best_eval_score = 0.4303
2024-01-03 13:07:52,248 -   eval_score = 0.4888
2024-01-03 13:08:15,843 - ***** Epoch: 7: Eval results *****
2024-01-03 13:08:15,843 -   train_loss = 2.1517
2024-01-03 13:08:15,844 -   best_eval_score = 0.4888
2024-01-03 13:08:15,844 -   eval_score = 0.5346
2024-01-03 13:08:41,445 - ***** Epoch: 8: Eval results *****
2024-01-03 13:08:41,445 -   train_loss = 1.8143
2024-01-03 13:08:41,445 -   best_eval_score = 0.5346
2024-01-03 13:08:41,445 -   eval_score = 0.5793
2024-01-03 13:09:05,954 - ***** Epoch: 9: Eval results *****
2024-01-03 13:09:05,954 -   train_loss = 1.5348
2024-01-03 13:09:05,955 -   best_eval_score = 0.5793
2024-01-03 13:09:05,955 -   eval_score = 0.6139
2024-01-03 13:09:28,848 - ***** Epoch: 10: Eval results *****
2024-01-03 13:09:28,848 -   train_loss = 1.3855
2024-01-03 13:09:28,848 -   best_eval_score = 0.6139
2024-01-03 13:09:28,848 -   eval_score = 0.5858
2024-01-03 13:09:28,848 - EarlyStopping counter: 1 out of 8
2024-01-03 13:09:52,330 - ***** Epoch: 11: Eval results *****
2024-01-03 13:09:52,330 -   train_loss = 1.3051
2024-01-03 13:09:52,330 -   best_eval_score = 0.6139
2024-01-03 13:09:52,330 -   eval_score = 0.6081
2024-01-03 13:09:52,330 - EarlyStopping counter: 2 out of 8
2024-01-03 13:10:15,661 - ***** Epoch: 12: Eval results *****
2024-01-03 13:10:15,661 -   train_loss = 1.1889
2024-01-03 13:10:15,661 -   best_eval_score = 0.6139
2024-01-03 13:10:15,661 -   eval_score = 0.6293
2024-01-03 13:10:38,777 - ***** Epoch: 13: Eval results *****
2024-01-03 13:10:38,777 -   train_loss = 1.241
2024-01-03 13:10:38,777 -   best_eval_score = 0.6293
2024-01-03 13:10:38,777 -   eval_score = 0.6484
2024-01-03 13:11:02,502 - ***** Epoch: 14: Eval results *****
2024-01-03 13:11:02,504 -   train_loss = 1.0076
2024-01-03 13:11:02,504 -   best_eval_score = 0.6484
2024-01-03 13:11:02,504 -   eval_score = 0.636
2024-01-03 13:11:02,504 - EarlyStopping counter: 1 out of 8
2024-01-03 13:11:26,139 - ***** Epoch: 15: Eval results *****
2024-01-03 13:11:26,140 -   train_loss = 1.0435
2024-01-03 13:11:26,140 -   best_eval_score = 0.6484
2024-01-03 13:11:26,140 -   eval_score = 0.6137
2024-01-03 13:11:26,140 - EarlyStopping counter: 2 out of 8
2024-01-03 13:11:51,275 - ***** Epoch: 16: Eval results *****
2024-01-03 13:11:51,275 -   train_loss = 0.8874
2024-01-03 13:11:51,275 -   best_eval_score = 0.6484
2024-01-03 13:11:51,275 -   eval_score = 0.6515
2024-01-03 13:12:14,224 - ***** Epoch: 17: Eval results *****
2024-01-03 13:12:14,224 -   train_loss = 0.8697
2024-01-03 13:12:14,224 -   best_eval_score = 0.6515
2024-01-03 13:12:14,224 -   eval_score = 0.6065
2024-01-03 13:12:14,224 - EarlyStopping counter: 1 out of 8
2024-01-03 13:12:37,582 - ***** Epoch: 18: Eval results *****
2024-01-03 13:12:37,582 -   train_loss = 0.8368
2024-01-03 13:12:37,582 -   best_eval_score = 0.6515
2024-01-03 13:12:37,582 -   eval_score = 0.6061
2024-01-03 13:12:37,582 - EarlyStopping counter: 2 out of 8
2024-01-03 13:13:00,717 - ***** Epoch: 19: Eval results *****
2024-01-03 13:13:00,717 -   train_loss = 0.8226
2024-01-03 13:13:00,717 -   best_eval_score = 0.6515
2024-01-03 13:13:00,717 -   eval_score = 0.6254
2024-01-03 13:13:00,718 - EarlyStopping counter: 3 out of 8
2024-01-03 13:13:23,994 - ***** Epoch: 20: Eval results *****
2024-01-03 13:13:23,995 -   train_loss = 0.7701
2024-01-03 13:13:23,995 -   best_eval_score = 0.6515
2024-01-03 13:13:23,995 -   eval_score = 0.6283
2024-01-03 13:13:23,995 - EarlyStopping counter: 4 out of 8
2024-01-03 13:13:46,812 - ***** Epoch: 21: Eval results *****
2024-01-03 13:13:46,813 -   train_loss = 0.7531
2024-01-03 13:13:46,813 -   best_eval_score = 0.6515
2024-01-03 13:13:46,813 -   eval_score = 0.6263
2024-01-03 13:13:46,813 - EarlyStopping counter: 5 out of 8
2024-01-03 13:14:11,805 - ***** Epoch: 22: Eval results *****
2024-01-03 13:14:11,806 -   train_loss = 0.7412
2024-01-03 13:14:11,806 -   best_eval_score = 0.6515
2024-01-03 13:14:11,806 -   eval_score = 0.6308
2024-01-03 13:14:11,806 - EarlyStopping counter: 6 out of 8
2024-01-03 13:14:35,585 - ***** Epoch: 23: Eval results *****
2024-01-03 13:14:35,585 -   train_loss = 0.7268
2024-01-03 13:14:35,585 -   best_eval_score = 0.6515
2024-01-03 13:14:35,585 -   eval_score = 0.6401
2024-01-03 13:14:35,585 - EarlyStopping counter: 7 out of 8
2024-01-03 13:14:59,365 - ***** Epoch: 24: Eval results *****
2024-01-03 13:14:59,366 -   train_loss = 0.7204
2024-01-03 13:14:59,366 -   best_eval_score = 0.6515
2024-01-03 13:14:59,366 -   eval_score = 0.6405
2024-01-03 13:14:59,366 - EarlyStopping counter: 8 out of 8
2024-01-03 13:14:59,366 - EarlyStopping at epoch 24
2024-01-03 13:14:59,368 - Training is finished...
2024-01-03 13:14:59,368 - Testing begins...
2024-01-03 13:15:03,332 - ***** Test: Confusion Matrix *****
2024-01-03 13:15:03,333 - [[35  1  0  0  3  0  2  2  1  4  0  0  3  3  1  0  0  2  0  0]
 [ 0 36  0  1  0  0  0  2  1  0  1  0  1  1  0  0  0  0  0  0]
 [ 1  0 26  0  0  0  0  0  0  0  0  0  0  0  0  0  0  0  0  0]
 [ 0  0  0 25  0  0  0  0  0  0  0  0  0  0  0  0  0  0  0  0]
 [ 5  0  0  0  8  0  1  0  2  1  0  1  0  2  1  0  0  2  0  0]
 [ 0  0  0  0  0 11  0  0  0  0  0  0  0  0  0  0  0  0  1  0]
 [ 1  0  0  0  1  0  2  1  3  2  0  1  1  0  0  0  0  0  0  0]
 [ 2  0  0  0  0  0  0  5  1  1  1  0  0  0  0  0  0  0  0  0]
 [ 0  0  0  0  0  0  1  3  3  0  0  0  0  2  0  1  0  0  0  0]
 [ 1  0  0  0  0  0  0  0  0  2  1  0  0  0  0  3  0  3  0  0]
 [ 1  0  0  0  0  0  0  1  0  2 13  0  0  1  0  0  0  0  0  0]
 [ 0  0  0  0  0  0  0  0  0  0  0 18  0  0  0  0  0  0  0  1]
 [ 4  1  0  0  1  0  0  3  2  0  1  0 30  8  3  3  0  1  0  0]
 [ 0  0  0  0  0  0  0  1  1  0  1  1  0 21  0  0  0  0  0  0]
 [ 0  0  0  0  1  0  0  0  0  0  0  0  0  3 15  0  1  0  0  2]
 [ 0  1  0  0  0  0  0  0  0  0  0  0  2  1  0 17  0  0  0  0]
 [ 0  0  0  0  0  0  0  2  0  0  0  0  1  1  2  0 10  1  0  0]
 [ 0  0  0  0  0  0  0  0  0  0  0  0  1  0  0  0  0 14  0  0]
 [ 0  0  0  0  0  0  0  0  0  0  0  0  1  0  0  2  0  0  9  0]
 [ 0  0  0  0  0  0  0  0  0  0  0  0  0  1  1  0  0  0  0  8]]
2024-01-03 13:15:03,333 - ***** Evaluation results *****
2024-01-03 13:15:03,333 -   acc = 0.6921
2024-01-03 13:15:03,333 -   f1 = 0.657
2024-01-03 13:15:03,333 -   prec = 0.6689
2024-01-03 13:15:03,333 -   rec = 0.6722
2024-01-03 13:15:03,333 - Testing is finished...
2024-01-03 13:15:03,333 - Multimodal intent recognition is finished...
2024-01-03 13:15:03,333 - Results are saved in results/msz.csv
