2024-01-22 13:51:11,480 - ============================== Params ==============================
2024-01-22 13:51:11,480 - logger_name: msz_MIntRec_multi-class_seed-1_2024-01-22-13-51-11
2024-01-22 13:51:11,480 - dataset: MIntRec
2024-01-22 13:51:11,480 - data_mode: multi-class
2024-01-22 13:51:11,480 - method: msz
2024-01-22 13:51:11,480 - text_backbone: bert-base-uncased
2024-01-22 13:51:11,480 - text_backbone_path: /home/sharing/disk1/pretrained_embedding/bert/uncased_L-12_H-768_A-12/
2024-01-22 13:51:11,480 - seed: 1
2024-01-22 13:51:11,480 - num_workers: 8
2024-01-22 13:51:11,480 - gpu_id: 0
2024-01-22 13:51:11,481 - data_path: /home/sharing/disk2/sjh/intentDataset
2024-01-22 13:51:11,481 - train: True
2024-01-22 13:51:11,481 - tune: False
2024-01-22 13:51:11,481 - save_model: False
2024-01-22 13:51:11,481 - save_results: True
2024-01-22 13:51:11,481 - log_path: logs
2024-01-22 13:51:11,481 - cache_path: 
2024-01-22 13:51:11,481 - video_data_path: video_data
2024-01-22 13:51:11,481 - audio_data_path: audio_data
2024-01-22 13:51:11,481 - video_feats_path: video_feats.pkl
2024-01-22 13:51:11,481 - audio_feats_path: audio_feats.pkl
2024-01-22 13:51:11,481 - results_path: results
2024-01-22 13:51:11,481 - output_path: /home/sharing/disk2/sjh/Outputs/MIntRec
2024-01-22 13:51:11,481 - model_path: models
2024-01-22 13:51:11,481 - config_file_name: msz
2024-01-22 13:51:11,481 - results_file_name: msz.csv
2024-01-22 13:51:11,481 - padding_mode: zero
2024-01-22 13:51:11,481 - padding_loc: end
2024-01-22 13:51:11,481 - need_aligned: False
2024-01-22 13:51:11,481 - eval_monitor: f1
2024-01-22 13:51:11,481 - train_batch_size: 16
2024-01-22 13:51:11,481 - eval_batch_size: 8
2024-01-22 13:51:11,481 - test_batch_size: 8
2024-01-22 13:51:11,481 - wait_patience: 8
2024-01-22 13:51:11,481 - hidden_size: 768
2024-01-22 13:51:11,481 - num_attention_heads: 12
2024-01-22 13:51:11,481 - attention_probs_dropout_prob: 0.2
2024-01-22 13:51:11,481 - hidden_dropout_prob: 0.2
2024-01-22 13:51:11,481 - intermediate_size: 768
2024-01-22 13:51:11,481 - num_hidden_layers: 8
2024-01-22 13:51:11,481 - max_position_embeddings: 768
2024-01-22 13:51:11,481 - position_embedding_type: absolute
2024-01-22 13:51:11,482 - batch_first: True
2024-01-22 13:51:11,482 - hidden_dims: 768
2024-01-22 13:51:11,482 - dropout: 0.1
2024-01-22 13:51:11,482 - aligned_method: conv1d
2024-01-22 13:51:11,482 - num_train_epochs: 100
2024-01-22 13:51:11,482 - lr: 8e-06
2024-01-22 13:51:11,482 - pred_output_path: /home/sharing/disk2/sjh/Outputs/MIntRec/msz_MIntRec_multi-class_seed-1_2024-01-22-13-51-11
2024-01-22 13:51:11,482 - model_output_path: /home/sharing/disk2/sjh/Outputs/MIntRec/msz_MIntRec_multi-class_seed-1_2024-01-22-13-51-11/models
2024-01-22 13:51:11,482 - ============================== End Params ==============================
2024-01-22 13:51:11,484 - Generate Text Features Begin...
2024-01-22 13:51:12,003 - Generate Text Features Finished...
2024-01-22 13:51:12,004 - Load Video Features Begin...
2024-01-22 13:51:12,393 - Load Video Features Finished...
2024-01-22 13:51:13,193 - Load Audio Features Begin...
2024-01-22 13:51:14,521 - Load Audio Features Finished...
2024-01-22 13:51:19,121 - method  begins...
2024-01-22 13:51:23,937 - Multimodal intent recognition begins...
2024-01-22 13:51:23,937 - Training begins...
