2024-01-09 05:09:25,016 - ============================== Params ==============================
2024-01-09 05:09:25,017 - logger_name: msz_MIntRec_multi-class_seed-2_2024-01-09-05-09-25
2024-01-09 05:09:25,017 - dataset: MIntRec
2024-01-09 05:09:25,017 - data_mode: multi-class
2024-01-09 05:09:25,017 - method: msz
2024-01-09 05:09:25,017 - text_backbone: bert-base-uncased
2024-01-09 05:09:25,017 - text_backbone_path: /home/sharing/disk1/pretrained_embedding/bert/uncased_L-12_H-768_A-12/
2024-01-09 05:09:25,017 - seed: 2
2024-01-09 05:09:25,017 - num_workers: 8
2024-01-09 05:09:25,017 - gpu_id: 1
2024-01-09 05:09:25,017 - data_path: /home/sharing/disk2/sjh/intentDataset
2024-01-09 05:09:25,017 - train: True
2024-01-09 05:09:25,017 - tune: False
2024-01-09 05:09:25,017 - save_model: False
2024-01-09 05:09:25,017 - save_results: True
2024-01-09 05:09:25,017 - log_path: logs
2024-01-09 05:09:25,017 - cache_path: 
2024-01-09 05:09:25,017 - video_data_path: video_data
2024-01-09 05:09:25,017 - audio_data_path: audio_data
2024-01-09 05:09:25,017 - video_feats_path: video_feats.pkl
2024-01-09 05:09:25,017 - audio_feats_path: audio_feats.pkl
2024-01-09 05:09:25,017 - results_path: results
2024-01-09 05:09:25,017 - output_path: /home/sharing/disk2/sjh/Outputs/MIntRec
2024-01-09 05:09:25,017 - model_path: models
2024-01-09 05:09:25,017 - config_file_name: msz
2024-01-09 05:09:25,017 - results_file_name: msz.csv
2024-01-09 05:09:25,017 - padding_mode: zero
2024-01-09 05:09:25,017 - padding_loc: end
2024-01-09 05:09:25,017 - need_aligned: False
2024-01-09 05:09:25,017 - eval_monitor: f1
2024-01-09 05:09:25,017 - train_batch_size: 16
2024-01-09 05:09:25,017 - eval_batch_size: 8
2024-01-09 05:09:25,017 - test_batch_size: 8
2024-01-09 05:09:25,017 - wait_patience: 8
2024-01-09 05:09:25,017 - nheads: 12
2024-01-09 05:09:25,017 - encoder_layers: 6
2024-01-09 05:09:25,018 - attn_dropout: 0.1
2024-01-09 05:09:25,018 - relu_dropout: 0.1
2024-01-09 05:09:25,018 - embed_dropout: 0.1
2024-01-09 05:09:25,018 - res_dropout: 0.1
2024-01-09 05:09:25,018 - attn_mask: False
2024-01-09 05:09:25,018 - hidden_size: 768
2024-01-09 05:09:25,018 - num_attention_heads: 12
2024-01-09 05:09:25,018 - attention_probs_dropout_prob: 0.1
2024-01-09 05:09:25,018 - hidden_dropout_prob: 0.1
2024-01-09 05:09:25,018 - intermediate_size: 768
2024-01-09 05:09:25,018 - num_hidden_layers: 6
2024-01-09 05:09:25,018 - max_position_embeddings: 768
2024-01-09 05:09:25,018 - position_embedding_type: absolute
2024-01-09 05:09:25,018 - batch_first: True
2024-01-09 05:09:25,018 - hidden_dims: 768
2024-01-09 05:09:25,018 - att_dropouts: [0.2, 0.2, 0.2]
2024-01-09 05:09:25,018 - spe_dropouts: [0.2, 0.1, 0.1]
2024-01-09 05:09:25,018 - aligned_method: conv1d
2024-01-09 05:09:25,018 - grad_clip: 2
2024-01-09 05:09:25,018 - num_train_epochs: 100
2024-01-09 05:09:25,018 - warmup_proportion: 0.1
2024-01-09 05:09:25,018 - lr: 3e-06
2024-01-09 05:09:25,018 - weight_decay: 0.01
2024-01-09 05:09:25,018 - pred_output_path: /home/sharing/disk2/sjh/Outputs/MIntRec/msz_MIntRec_multi-class_seed-2_2024-01-09-05-09-25
2024-01-09 05:09:25,018 - model_output_path: /home/sharing/disk2/sjh/Outputs/MIntRec/msz_MIntRec_multi-class_seed-2_2024-01-09-05-09-25/models
2024-01-09 05:09:25,018 - ============================== End Params ==============================
2024-01-09 05:09:25,021 - Generate Text Features Begin...
2024-01-09 05:09:25,513 - Generate Text Features Finished...
2024-01-09 05:09:25,513 - Load Video Features Begin...
2024-01-09 05:09:26,154 - Load Video Features Finished...
2024-01-09 05:09:26,696 - Load Audio Features Begin...
2024-01-09 05:09:27,734 - Load Audio Features Finished...
2024-01-09 05:09:31,099 - method  begins...
2024-01-09 05:09:35,987 - Multimodal intent recognition begins...
2024-01-09 05:09:35,988 - Training begins...
2024-01-09 05:10:19,786 - ***** Epoch: 1: Eval results *****
2024-01-09 05:10:19,787 -   train_loss = 2.8975
2024-01-09 05:10:19,787 -   best_eval_score = 0.0
2024-01-09 05:10:19,787 -   eval_score = 0.0164
