2024-01-08 05:28:55,236 - ============================== Params ==============================
2024-01-08 05:28:55,236 - logger_name: msz_MIntRec_multi-class_seed-1_2024-01-08-05-28-55
2024-01-08 05:28:55,236 - dataset: MIntRec
2024-01-08 05:28:55,237 - data_mode: multi-class
2024-01-08 05:28:55,237 - method: msz
2024-01-08 05:28:55,237 - text_backbone: bert-base-uncased
2024-01-08 05:28:55,237 - text_backbone_path: /home/sharing/disk1/pretrained_embedding/bert/uncased_L-12_H-768_A-12/
2024-01-08 05:28:55,237 - seed: 1
2024-01-08 05:28:55,237 - num_workers: 8
2024-01-08 05:28:55,237 - gpu_id: 1
2024-01-08 05:28:55,237 - data_path: /home/sharing/disk2/sjh/intentDataset
2024-01-08 05:28:55,237 - train: True
2024-01-08 05:28:55,237 - tune: False
2024-01-08 05:28:55,237 - save_model: False
2024-01-08 05:28:55,237 - save_results: True
2024-01-08 05:28:55,237 - log_path: logs
2024-01-08 05:28:55,237 - cache_path: 
2024-01-08 05:28:55,237 - video_data_path: video_data
2024-01-08 05:28:55,237 - audio_data_path: audio_data
2024-01-08 05:28:55,237 - video_feats_path: video_feats.pkl
2024-01-08 05:28:55,237 - audio_feats_path: audio_feats.pkl
2024-01-08 05:28:55,237 - results_path: results
2024-01-08 05:28:55,237 - output_path: /home/sharing/disk2/sjh/Outputs/MIntRec
2024-01-08 05:28:55,237 - model_path: models
2024-01-08 05:28:55,237 - config_file_name: msz
2024-01-08 05:28:55,237 - results_file_name: msz.csv
2024-01-08 05:28:55,237 - padding_mode: zero
2024-01-08 05:28:55,237 - padding_loc: end
2024-01-08 05:28:55,237 - need_aligned: False
2024-01-08 05:28:55,237 - eval_monitor: f1
2024-01-08 05:28:55,237 - train_batch_size: 16
2024-01-08 05:28:55,237 - eval_batch_size: 8
2024-01-08 05:28:55,237 - test_batch_size: 8
2024-01-08 05:28:55,237 - wait_patience: 8
2024-01-08 05:28:55,237 - nheads: 2
2024-01-08 05:28:55,237 - encoder_layers: 3
2024-01-08 05:28:55,237 - attn_dropout: 0.1
2024-01-08 05:28:55,237 - relu_dropout: 0.1
2024-01-08 05:28:55,237 - embed_dropout: 0.1
2024-01-08 05:28:55,238 - res_dropout: 0.1
2024-01-08 05:28:55,238 - attn_mask: False
2024-01-08 05:28:55,238 - hidden_size: 768
2024-01-08 05:28:55,238 - num_attention_heads: 12
2024-01-08 05:28:55,238 - attention_probs_dropout_prob: 0.2
2024-01-08 05:28:55,238 - hidden_dropout_prob: 0.2
2024-01-08 05:28:55,238 - intermediate_size: 768
2024-01-08 05:28:55,238 - num_hidden_layers: 10
2024-01-08 05:28:55,238 - max_position_embeddings: 512
2024-01-08 05:28:55,238 - position_embedding_type: absolute
2024-01-08 05:28:55,238 - batch_first: True
2024-01-08 05:28:55,238 - hidden_dims: 768
2024-01-08 05:28:55,238 - att_dropouts: [0.2, 0.2, 0.2]
2024-01-08 05:28:55,238 - spe_dropouts: [0.1, 0.1, 0.1]
2024-01-08 05:28:55,238 - ta_loss: 0.1
2024-01-08 05:28:55,238 - tv_loss: 0.1
2024-01-08 05:28:55,238 - av_loss: 0.1
2024-01-08 05:28:55,238 - aligned_method: conv1d
2024-01-08 05:28:55,238 - grad_clip: -1
2024-01-08 05:28:55,238 - num_train_epochs: 100
2024-01-08 05:28:55,238 - warmup_proportion: 0.1
2024-01-08 05:28:55,238 - lr: 1e-06
2024-01-08 05:28:55,238 - weight_decay: 0.01
2024-01-08 05:28:55,238 - pred_output_path: /home/sharing/disk2/sjh/Outputs/MIntRec/msz_MIntRec_multi-class_seed-1_2024-01-08-05-28-55
2024-01-08 05:28:55,238 - model_output_path: /home/sharing/disk2/sjh/Outputs/MIntRec/msz_MIntRec_multi-class_seed-1_2024-01-08-05-28-55/models
2024-01-08 05:28:55,238 - ============================== End Params ==============================
2024-01-08 05:28:55,241 - Generate Text Features Begin...
2024-01-08 05:28:55,739 - Generate Text Features Finished...
2024-01-08 05:28:55,740 - Load Video Features Begin...
2024-01-08 05:28:56,051 - Load Video Features Finished...
2024-01-08 05:28:56,582 - Load Audio Features Begin...
2024-01-08 05:28:57,579 - Load Audio Features Finished...
2024-01-08 05:29:01,022 - method  begins...
2024-01-08 05:29:04,031 - Multimodal intent recognition begins...
2024-01-08 05:29:04,031 - Training begins...
2024-01-08 05:29:20,158 - ***** Epoch: 1: Eval results *****
2024-01-08 05:29:20,159 -   train_loss = 3.0037
2024-01-08 05:29:20,159 -   best_eval_score = 0.0
2024-01-08 05:29:20,159 -   eval_score = 0.012
2024-01-08 05:29:34,228 - ***** Epoch: 2: Eval results *****
2024-01-08 05:29:34,228 -   train_loss = 2.9809
2024-01-08 05:29:34,228 -   best_eval_score = 0.012
2024-01-08 05:29:34,228 -   eval_score = 0.0488
2024-01-08 05:29:48,176 - ***** Epoch: 3: Eval results *****
2024-01-08 05:29:48,177 -   train_loss = 2.9348
2024-01-08 05:29:48,177 -   best_eval_score = 0.0488
2024-01-08 05:29:48,177 -   eval_score = 0.0235
2024-01-08 05:29:48,177 - EarlyStopping counter: 1 out of 8
2024-01-08 05:30:02,710 - ***** Epoch: 4: Eval results *****
2024-01-08 05:30:02,711 -   train_loss = 2.8646
2024-01-08 05:30:02,711 -   best_eval_score = 0.0488
2024-01-08 05:30:02,711 -   eval_score = 0.0375
2024-01-08 05:30:02,711 - EarlyStopping counter: 2 out of 8
2024-01-08 05:30:16,816 - ***** Epoch: 5: Eval results *****
2024-01-08 05:30:16,817 -   train_loss = 2.7626
2024-01-08 05:30:16,817 -   best_eval_score = 0.0488
2024-01-08 05:30:16,817 -   eval_score = 0.0552
2024-01-08 05:30:31,374 - ***** Epoch: 6: Eval results *****
2024-01-08 05:30:31,374 -   train_loss = 2.6095
2024-01-08 05:30:31,374 -   best_eval_score = 0.0552
2024-01-08 05:30:31,374 -   eval_score = 0.1172
2024-01-08 05:30:45,211 - ***** Epoch: 7: Eval results *****
2024-01-08 05:30:45,211 -   train_loss = 2.3858
2024-01-08 05:30:45,211 -   best_eval_score = 0.1172
2024-01-08 05:30:45,211 -   eval_score = 0.176
2024-01-08 05:30:59,122 - ***** Epoch: 8: Eval results *****
2024-01-08 05:30:59,122 -   train_loss = 2.0706
2024-01-08 05:30:59,123 -   best_eval_score = 0.176
2024-01-08 05:30:59,123 -   eval_score = 0.2548
2024-01-08 05:31:13,427 - ***** Epoch: 9: Eval results *****
2024-01-08 05:31:13,428 -   train_loss = 1.684
2024-01-08 05:31:13,428 -   best_eval_score = 0.2548
2024-01-08 05:31:13,428 -   eval_score = 0.4521
2024-01-08 05:31:27,558 - ***** Epoch: 10: Eval results *****
2024-01-08 05:31:27,558 -   train_loss = 1.3499
2024-01-08 05:31:27,558 -   best_eval_score = 0.4521
2024-01-08 05:31:27,558 -   eval_score = 0.4798
2024-01-08 05:31:41,482 - ***** Epoch: 11: Eval results *****
2024-01-08 05:31:41,482 -   train_loss = 1.1297
2024-01-08 05:31:41,482 -   best_eval_score = 0.4798
2024-01-08 05:31:41,482 -   eval_score = 0.5368
2024-01-08 05:31:55,541 - ***** Epoch: 12: Eval results *****
2024-01-08 05:31:55,541 -   train_loss = 0.8754
2024-01-08 05:31:55,541 -   best_eval_score = 0.5368
2024-01-08 05:31:55,541 -   eval_score = 0.5395
2024-01-08 05:32:09,888 - ***** Epoch: 13: Eval results *****
2024-01-08 05:32:09,888 -   train_loss = 0.7238
2024-01-08 05:32:09,888 -   best_eval_score = 0.5395
2024-01-08 05:32:09,888 -   eval_score = 0.5755
2024-01-08 05:32:24,246 - ***** Epoch: 14: Eval results *****
2024-01-08 05:32:24,246 -   train_loss = 0.5756
2024-01-08 05:32:24,246 -   best_eval_score = 0.5755
2024-01-08 05:32:24,246 -   eval_score = 0.6007
2024-01-08 05:32:38,627 - ***** Epoch: 15: Eval results *****
2024-01-08 05:32:38,628 -   train_loss = 0.4861
2024-01-08 05:32:38,628 -   best_eval_score = 0.6007
2024-01-08 05:32:38,628 -   eval_score = 0.5902
2024-01-08 05:32:38,628 - EarlyStopping counter: 1 out of 8
2024-01-08 05:32:52,590 - ***** Epoch: 16: Eval results *****
2024-01-08 05:32:52,590 -   train_loss = 0.3521
2024-01-08 05:32:52,590 -   best_eval_score = 0.6007
2024-01-08 05:32:52,590 -   eval_score = 0.6154
2024-01-08 05:33:06,712 - ***** Epoch: 17: Eval results *****
2024-01-08 05:33:06,712 -   train_loss = 0.2838
2024-01-08 05:33:06,712 -   best_eval_score = 0.6154
2024-01-08 05:33:06,712 -   eval_score = 0.6152
2024-01-08 05:33:06,712 - EarlyStopping counter: 1 out of 8
2024-01-08 05:33:20,535 - ***** Epoch: 18: Eval results *****
2024-01-08 05:33:20,535 -   train_loss = 0.2395
2024-01-08 05:33:20,535 -   best_eval_score = 0.6154
2024-01-08 05:33:20,535 -   eval_score = 0.6151
2024-01-08 05:33:20,536 - EarlyStopping counter: 2 out of 8
2024-01-08 05:33:34,798 - ***** Epoch: 19: Eval results *****
2024-01-08 05:33:34,798 -   train_loss = 0.1801
2024-01-08 05:33:34,798 -   best_eval_score = 0.6154
2024-01-08 05:33:34,798 -   eval_score = 0.652
2024-01-08 05:33:48,964 - ***** Epoch: 20: Eval results *****
2024-01-08 05:33:48,965 -   train_loss = 0.1498
2024-01-08 05:33:48,965 -   best_eval_score = 0.652
2024-01-08 05:33:48,965 -   eval_score = 0.6442
2024-01-08 05:33:48,965 - EarlyStopping counter: 1 out of 8
2024-01-08 05:34:03,283 - ***** Epoch: 21: Eval results *****
2024-01-08 05:34:03,283 -   train_loss = 0.1233
2024-01-08 05:34:03,283 -   best_eval_score = 0.652
2024-01-08 05:34:03,283 -   eval_score = 0.648
2024-01-08 05:34:03,283 - EarlyStopping counter: 2 out of 8
2024-01-08 05:34:17,677 - ***** Epoch: 22: Eval results *****
2024-01-08 05:34:17,678 -   train_loss = 0.1065
2024-01-08 05:34:17,678 -   best_eval_score = 0.652
2024-01-08 05:34:17,678 -   eval_score = 0.6334
2024-01-08 05:34:17,678 - EarlyStopping counter: 3 out of 8
2024-01-08 05:34:32,321 - ***** Epoch: 23: Eval results *****
2024-01-08 05:34:32,321 -   train_loss = 0.0905
2024-01-08 05:34:32,321 -   best_eval_score = 0.652
2024-01-08 05:34:32,321 -   eval_score = 0.6562
2024-01-08 05:34:46,469 - ***** Epoch: 24: Eval results *****
2024-01-08 05:34:46,469 -   train_loss = 0.0738
2024-01-08 05:34:46,469 -   best_eval_score = 0.6562
2024-01-08 05:34:46,469 -   eval_score = 0.6601
2024-01-08 05:35:00,247 - ***** Epoch: 25: Eval results *****
2024-01-08 05:35:00,247 -   train_loss = 0.0688
2024-01-08 05:35:00,247 -   best_eval_score = 0.6601
2024-01-08 05:35:00,247 -   eval_score = 0.6526
2024-01-08 05:35:00,247 - EarlyStopping counter: 1 out of 8
2024-01-08 05:35:14,473 - ***** Epoch: 26: Eval results *****
2024-01-08 05:35:14,473 -   train_loss = 0.0597
2024-01-08 05:35:14,473 -   best_eval_score = 0.6601
2024-01-08 05:35:14,473 -   eval_score = 0.6363
2024-01-08 05:35:14,473 - EarlyStopping counter: 2 out of 8
2024-01-08 05:35:28,632 - ***** Epoch: 27: Eval results *****
2024-01-08 05:35:28,632 -   train_loss = 0.0479
2024-01-08 05:35:28,632 -   best_eval_score = 0.6601
2024-01-08 05:35:28,632 -   eval_score = 0.6342
2024-01-08 05:35:28,632 - EarlyStopping counter: 3 out of 8
2024-01-08 05:35:42,728 - ***** Epoch: 28: Eval results *****
2024-01-08 05:35:42,728 -   train_loss = 0.0401
2024-01-08 05:35:42,729 -   best_eval_score = 0.6601
2024-01-08 05:35:42,729 -   eval_score = 0.6324
2024-01-08 05:35:42,729 - EarlyStopping counter: 4 out of 8
2024-01-08 05:35:57,240 - ***** Epoch: 29: Eval results *****
2024-01-08 05:35:57,241 -   train_loss = 0.0322
2024-01-08 05:35:57,241 -   best_eval_score = 0.6601
2024-01-08 05:35:57,241 -   eval_score = 0.619
2024-01-08 05:35:57,241 - EarlyStopping counter: 5 out of 8
2024-01-08 05:36:11,483 - ***** Epoch: 30: Eval results *****
2024-01-08 05:36:11,483 -   train_loss = 0.0263
2024-01-08 05:36:11,483 -   best_eval_score = 0.6601
2024-01-08 05:36:11,484 -   eval_score = 0.6158
2024-01-08 05:36:11,484 - EarlyStopping counter: 6 out of 8
2024-01-08 05:36:26,929 - ***** Epoch: 31: Eval results *****
2024-01-08 05:36:26,930 -   train_loss = 0.0288
2024-01-08 05:36:26,930 -   best_eval_score = 0.6601
2024-01-08 05:36:26,930 -   eval_score = 0.6161
2024-01-08 05:36:26,930 - EarlyStopping counter: 7 out of 8
2024-01-08 05:36:41,238 - ***** Epoch: 32: Eval results *****
2024-01-08 05:36:41,238 -   train_loss = 0.0198
2024-01-08 05:36:41,238 -   best_eval_score = 0.6601
2024-01-08 05:36:41,238 -   eval_score = 0.6308
2024-01-08 05:36:41,238 - EarlyStopping counter: 8 out of 8
2024-01-08 05:36:41,238 - EarlyStopping at epoch 32
2024-01-08 05:36:41,240 - Training is finished...
2024-01-08 05:36:41,240 - Testing begins...
2024-01-08 05:36:43,952 - ***** Test: Confusion Matrix *****
2024-01-08 05:36:43,953 - [[29  2  0  0 10  0  0  2  3  3  1  0  6  1  0  0  0  0  0  0]
 [ 0 37  0  0  1  0  2  0  0  0  0  0  1  1  0  1  0  0  0  0]
 [ 1  0 26  0  0  0  0  0  0  0  0  0  0  0  0  0  0  0  0  0]
 [ 0  0  0 25  0  0  0  0  0  0  0  0  0  0  0  0  0  0  0  0]
 [ 4  0  0  0 12  0  2  0  0  0  0  2  1  0  1  0  0  0  0  1]
 [ 0  0  0  0  0 10  0  1  0  0  0  0  0  0  0  0  1  0  0  0]
 [ 2  0  0  0  2  0  2  1  2  0  0  0  1  0  0  1  1  0  0  0]
 [ 3  0  0  0  0  0  0  5  1  0  1  0  0  0  0  0  0  0  0  0]
 [ 0  0  0  0  0  0  1  2  5  0  0  0  0  1  0  1  0  0  0  0]
 [ 2  0  0  0  0  0  0  1  0  2  0  0  0  0  0  3  0  2  0  0]
 [ 2  0  0  0  0  0  0  1  0  1 14  0  0  0  0  0  0  0  0  0]
 [ 0  0  0  0  0  0  1  0  0  0  0 17  1  0  0  0  0  0  0  0]
 [ 3  2  0  0  1  1  1  2  3  0  0  0 29  0  7  8  0  0  0  0]
 [ 1  0  0  0  0  0  1  1  2  0  1  1  4 12  2  0  0  0  0  0]
 [ 0  0  0  0  1  0  0  0  0  0  0  0  1  2 15  0  1  1  0  1]
 [ 0  1  0  0  0  0  0  0  0  0  0  0  1  0  1 18  0  0  0  0]
 [ 1  0  0  0  0  0  0  2  0  0  0  0  3  0  2  0  9  0  0  0]
 [ 0  0  0  0  0  0  0  0  0  0  1  0  3  0  0  0  0 11  0  0]
 [ 0  0  0  0  0  0  0  0  0  0  0  0  3  0  0  2  0  0  7  0]
 [ 0  0  0  0  0  0  0  0  0  0  0  1  0  1  1  0  0  0  0  7]]
2024-01-08 05:36:43,953 - ***** Evaluation results *****
2024-01-08 05:36:43,953 -   acc = 0.6562
2024-01-08 05:36:43,953 -   f1 = 0.6366
2024-01-08 05:36:43,953 -   prec = 0.6557
2024-01-08 05:36:43,953 -   rec = 0.64
2024-01-08 05:36:43,953 - Testing is finished...
2024-01-08 05:36:43,953 - Multimodal intent recognition is finished...
2024-01-08 05:36:43,953 - Results are saved in results/msz.csv
