2024-05-07 11:34:17,219 - ============================== Params ==============================
2024-05-07 11:34:17,219 - logger_name: msz_MIntRec2_multi-class_seed-3_2024-05-07-11-34-17
2024-05-07 11:34:17,219 - dataset: MIntRec2
2024-05-07 11:34:17,219 - data_mode: multi-class
2024-05-07 11:34:17,219 - method: msz
2024-05-07 11:34:17,219 - text_backbone: bert-base-uncased
2024-05-07 11:34:17,219 - text_backbone_path: /home/sharing/disk1/pretrained_embedding/bert/uncased_L-12_H-768_A-12/
2024-05-07 11:34:17,219 - seed: 3
2024-05-07 11:34:17,219 - num_workers: 8
2024-05-07 11:34:17,219 - gpu_id: 1
2024-05-07 11:34:17,219 - data_path: /home/sharing/disk2/sjh/intentDataset
2024-05-07 11:34:17,219 - train: True
2024-05-07 11:34:17,219 - tune: True
2024-05-07 11:34:17,219 - save_model: False
2024-05-07 11:34:17,219 - save_results: True
2024-05-07 11:34:17,219 - log_path: logs
2024-05-07 11:34:17,219 - cache_path: 
2024-05-07 11:34:17,219 - video_data_path: video_data
2024-05-07 11:34:17,219 - audio_data_path: audio_data
2024-05-07 11:34:17,219 - video_feats_path: video_feats.pkl
2024-05-07 11:34:17,219 - audio_feats_path: audio_feats.pkl
2024-05-07 11:34:17,219 - results_path: results
2024-05-07 11:34:17,219 - output_path: /home/sharing/disk2/sjh/Outputs/ablation_MIntRec2
2024-05-07 11:34:17,219 - model_path: models
2024-05-07 11:34:17,219 - config_file_name: msz_MIntRec2
2024-05-07 11:34:17,219 - results_file_name: ablation_msz.csv
2024-05-07 11:34:17,219 - ablation: none
2024-05-07 11:34:17,219 - padding_mode: zero
2024-05-07 11:34:17,220 - padding_loc: end
2024-05-07 11:34:17,220 - need_aligned: False
2024-05-07 11:34:17,220 - eval_monitor: f1
2024-05-07 11:34:17,220 - train_batch_size: 32
2024-05-07 11:34:17,220 - eval_batch_size: 16
2024-05-07 11:34:17,220 - test_batch_size: 16
2024-05-07 11:34:17,220 - wait_patience: 8
2024-05-07 11:34:17,220 - hidden_dims: 768
2024-05-07 11:34:17,220 - num_attention_heads: 6
2024-05-07 11:34:17,220 - attention_probs_dropout_prob: 0.3
2024-05-07 11:34:17,220 - hidden_dropout_prob: 0.5
2024-05-07 11:34:17,220 - intermediate_size: 768
2024-05-07 11:34:17,220 - num_hidden_layers: 6
2024-05-07 11:34:17,220 - max_position_embeddings: 1000
2024-05-07 11:34:17,220 - position_embedding_type: absolute
2024-05-07 11:34:17,220 - batch_first: True
2024-05-07 11:34:17,220 - dropout: 0.2
2024-05-07 11:34:17,220 - aligned_method: conv1d
2024-05-07 11:34:17,220 - num_train_epochs: 100
2024-05-07 11:34:17,220 - lr: 5e-06
2024-05-07 11:34:17,220 - lr_mode: max
2024-05-07 11:34:17,220 - patience: 5
2024-05-07 11:34:17,220 - factor: 0.2
2024-05-07 11:34:17,220 - pred_output_path: /home/sharing/disk2/sjh/Outputs/ablation_MIntRec2/msz_MIntRec2_multi-class_seed-3_2024-05-07-11-34-17
2024-05-07 11:34:17,220 - model_output_path: /home/sharing/disk2/sjh/Outputs/ablation_MIntRec2/msz_MIntRec2_multi-class_seed-3_2024-05-07-11-34-17/models
2024-05-07 11:34:17,220 - ============================== End Params ==============================
2024-05-07 11:34:17,235 - Generate Text Features Begin...
2024-05-07 11:34:19,026 - Generate Text Features Finished...
2024-05-07 11:34:19,027 - Load Video Features Begin...
2024-05-07 11:34:20,070 - Load Video Features Finished...
2024-05-07 11:34:21,694 - Load Audio Features Begin...
2024-05-07 11:34:25,926 - Load Audio Features Finished...
2024-05-07 11:34:37,168 - method  begins...
2024-05-07 11:34:39,642 - Multimodal intent recognition begins...
2024-05-07 11:34:39,642 - Training begins...
2024-05-07 11:35:49,623 - ***** Epoch: 1: Eval results *****
2024-05-07 11:35:49,623 -   train_loss = 2.8383
2024-05-07 11:35:49,623 -   best_eval_score = 0.0
2024-05-07 11:35:49,623 -   eval_score = 0.2401
2024-05-07 11:36:56,986 - ***** Epoch: 2: Eval results *****
2024-05-07 11:36:56,986 -   train_loss = 1.8213
2024-05-07 11:36:56,986 -   best_eval_score = 0.2401
2024-05-07 11:36:56,986 -   eval_score = 0.3799
2024-05-07 11:38:04,325 - ***** Epoch: 3: Eval results *****
2024-05-07 11:38:04,326 -   train_loss = 1.3998
2024-05-07 11:38:04,326 -   best_eval_score = 0.3799
2024-05-07 11:38:04,326 -   eval_score = 0.4302
2024-05-07 11:39:12,004 - ***** Epoch: 4: Eval results *****
2024-05-07 11:39:12,004 -   train_loss = 1.1804
2024-05-07 11:39:12,004 -   best_eval_score = 0.4302
2024-05-07 11:39:12,004 -   eval_score = 0.4717
2024-05-07 11:40:20,040 - ***** Epoch: 5: Eval results *****
2024-05-07 11:40:20,040 -   train_loss = 1.0125
2024-05-07 11:40:20,040 -   best_eval_score = 0.4717
2024-05-07 11:40:20,040 -   eval_score = 0.4839
2024-05-07 11:41:26,925 - ***** Epoch: 6: Eval results *****
2024-05-07 11:41:26,925 -   train_loss = 0.8514
2024-05-07 11:41:26,925 -   best_eval_score = 0.4839
2024-05-07 11:41:26,926 -   eval_score = 0.5052
2024-05-07 11:42:34,240 - ***** Epoch: 7: Eval results *****
2024-05-07 11:42:34,240 -   train_loss = 0.7061
2024-05-07 11:42:34,240 -   best_eval_score = 0.5052
2024-05-07 11:42:34,240 -   eval_score = 0.5052
2024-05-07 11:42:34,240 - EarlyStopping counter: 1 out of 8
2024-05-07 11:43:41,252 - ***** Epoch: 8: Eval results *****
2024-05-07 11:43:41,252 -   train_loss = 0.5542
2024-05-07 11:43:41,253 -   best_eval_score = 0.5052
2024-05-07 11:43:41,253 -   eval_score = 0.5033
2024-05-07 11:43:41,253 - EarlyStopping counter: 2 out of 8
2024-05-07 11:44:48,850 - ***** Epoch: 9: Eval results *****
2024-05-07 11:44:48,850 -   train_loss = 0.5239
2024-05-07 11:44:48,850 -   best_eval_score = 0.5052
2024-05-07 11:44:48,850 -   eval_score = 0.51
2024-05-07 11:45:56,228 - ***** Epoch: 10: Eval results *****
2024-05-07 11:45:56,228 -   train_loss = 0.4939
2024-05-07 11:45:56,228 -   best_eval_score = 0.51
2024-05-07 11:45:56,228 -   eval_score = 0.5101
2024-05-07 11:47:03,257 - ***** Epoch: 11: Eval results *****
2024-05-07 11:47:03,258 -   train_loss = 0.474
2024-05-07 11:47:03,258 -   best_eval_score = 0.5101
2024-05-07 11:47:03,258 -   eval_score = 0.5171
2024-05-07 11:48:11,097 - ***** Epoch: 12: Eval results *****
2024-05-07 11:48:11,097 -   train_loss = 0.4478
2024-05-07 11:48:11,097 -   best_eval_score = 0.5171
2024-05-07 11:48:11,097 -   eval_score = 0.5153
2024-05-07 11:48:11,097 - EarlyStopping counter: 1 out of 8
2024-05-07 11:49:18,532 - ***** Epoch: 13: Eval results *****
2024-05-07 11:49:18,532 -   train_loss = 0.4262
2024-05-07 11:49:18,533 -   best_eval_score = 0.5171
2024-05-07 11:49:18,533 -   eval_score = 0.5248
2024-05-07 11:50:25,504 - ***** Epoch: 14: Eval results *****
2024-05-07 11:50:25,504 -   train_loss = 0.4052
2024-05-07 11:50:25,504 -   best_eval_score = 0.5248
2024-05-07 11:50:25,504 -   eval_score = 0.5189
2024-05-07 11:50:25,504 - EarlyStopping counter: 1 out of 8
2024-05-07 11:51:32,666 - ***** Epoch: 15: Eval results *****
2024-05-07 11:51:32,666 -   train_loss = 0.3995
2024-05-07 11:51:32,666 -   best_eval_score = 0.5248
2024-05-07 11:51:32,666 -   eval_score = 0.5194
2024-05-07 11:51:32,666 - EarlyStopping counter: 2 out of 8
2024-05-07 11:52:40,652 - ***** Epoch: 16: Eval results *****
2024-05-07 11:52:40,653 -   train_loss = 0.3936
2024-05-07 11:52:40,653 -   best_eval_score = 0.5248
2024-05-07 11:52:40,653 -   eval_score = 0.5198
2024-05-07 11:52:40,653 - EarlyStopping counter: 3 out of 8
2024-05-07 11:53:48,613 - ***** Epoch: 17: Eval results *****
2024-05-07 11:53:48,613 -   train_loss = 0.3931
2024-05-07 11:53:48,613 -   best_eval_score = 0.5248
2024-05-07 11:53:48,613 -   eval_score = 0.5201
2024-05-07 11:53:48,613 - EarlyStopping counter: 4 out of 8
2024-05-07 11:54:56,018 - ***** Epoch: 18: Eval results *****
2024-05-07 11:54:56,018 -   train_loss = 0.3898
2024-05-07 11:54:56,018 -   best_eval_score = 0.5248
2024-05-07 11:54:56,018 -   eval_score = 0.5189
2024-05-07 11:54:56,018 - EarlyStopping counter: 5 out of 8
2024-05-07 11:56:03,610 - ***** Epoch: 19: Eval results *****
2024-05-07 11:56:03,610 -   train_loss = 0.3769
2024-05-07 11:56:03,610 -   best_eval_score = 0.5248
2024-05-07 11:56:03,610 -   eval_score = 0.5208
2024-05-07 11:56:03,610 - EarlyStopping counter: 6 out of 8
2024-05-07 11:57:10,822 - ***** Epoch: 20: Eval results *****
2024-05-07 11:57:10,822 -   train_loss = 0.3745
2024-05-07 11:57:10,822 -   best_eval_score = 0.5248
2024-05-07 11:57:10,822 -   eval_score = 0.5193
2024-05-07 11:57:10,822 - EarlyStopping counter: 7 out of 8
2024-05-07 11:58:17,814 - ***** Epoch: 21: Eval results *****
2024-05-07 11:58:17,815 -   train_loss = 0.374
2024-05-07 11:58:17,815 -   best_eval_score = 0.5248
2024-05-07 11:58:17,815 -   eval_score = 0.5184
2024-05-07 11:58:17,815 - EarlyStopping counter: 8 out of 8
2024-05-07 11:58:17,815 - EarlyStopping at epoch 21
2024-05-07 11:58:17,817 - Training is finished...
2024-05-07 11:58:17,817 - Testing begins...
2024-05-07 11:58:27,389 - ***** Test: Confusion Matrix *****
2024-05-07 11:58:27,394 - [[ 47   0  14   0   0   0   0   0   1   0   2   0   0   0   0   1   0   0
    0   0   0   0   1   1   1   0   0   0   0   0]
 [  0  57   0   0   8   1   5   0   1   0   2   0   3   0   3   1   0   7
    1   1   0   2   1   1   1   0   0   2   0   0]
 [  7   0  46   0   1   0   0   0   0   0   1   0   0   0   1   1   0   2
    0   0   0   0   0   2   3   0   0   0   0   0]
 [  0   0   0  62   0   0   0   0   0   0   0   0   0   0   0   0   1   0
    0   0   0   0   0   0   0   0   0   1   0   1]
 [  0   6   0   0  32   0   0   0   1   0   0   0   0   0   0   0   0   6
    0   1   0   1   0   1   1   1   0   0   1   0]
 [  0   2   0   0   2  22   0   0   0   1   1   0   0   0   1   0   0   5
    0   1   0   0   0   0   0   1   1   0   0   0]
 [  0   1   0   0   0   3  28   9   0   1   3   1   2   0   0   0   0   0
    0   0   0   0   0   0   0   0   0   0   0   0]
 [  0   0   0   0   0   0  10  26   0   1   5   0   3   0   0   0   1   0
    0   0   0   0   1   0   0   0   0   0   0   0]
 [  1   2   1   3   1   0   0   0  23   2   0   2   0   0   2   0   0   2
    0   0   0   1   7   0   2   0   0   0   0   0]
 [  0   0   0   1   0   0   0   0   4  55   0   8   5   0  14   0   0   4
    0   0   0   1   2   2   4   2   1   4   0   0]
 [  2   1   0   0   0   4   4   2   0   2  43   0  29   0   3   0   0   1
    0   1   0   0   0   0   1   0   0   0   0   0]
 [  0   0   0   0   0   0   1   2   0   5   1  24   4   0   1   0   0   0
    1   0   0   0   3   0   1   0   0   3   0   1]
 [  0   4   0   0   0   1   4   7   0   6  27   2  79   0   2   0   2   0
    0   0   0   0   0   0   0   0   0   1   0   0]
 [  0   0   1   0   1   0   0   0   0   2   0   0   0   2   2   2   0   1
    3   0   0   0   2   0   0   0   0   1   0   0]
 [  0   2   2   0   0   1   0   0   5   8   2   1   0   0 115   2   0  28
    5   0   2   1  11   1   4   0   0   3   0   0]
 [  0   0   1   0   1   0   0   0   0   4   0   0   0   0   2   4   0   2
    2   0   0   1   1   0   0   0   0   2   1   1]
 [  0   0   0   0   1   0   0   0   0   0   1   0   1   0   0   0  58   0
    4   0   0   0   0   0   0   0   0   1   0   0]
 [  0   5   1   0   5   3   0   0   4  11   1   0   1   0  17   3   1 120
    9   3   1   6   8   8   1   1   1   3   2   2]
 [  0   2   1   0   0   0   0   0   1   4   1   0   0   0   7   0   2   7
   29   1   1   0   2   0   2   0   0   0   0   0]
 [  0   5   0   0   0   0   2   0   0   0   1   0   0   0   0   0   0   0
    0   7   0   2   0   0   0   0   0   0   0   0]
 [  1   1   2   0   2   0   0   0   0   2   0   1   1   0   3   0   0   5
    5   0   2   0   1   1   1   0   0   1   0   0]
 [  7   0   0   0   1   0   0   0   0   6   0   1   0   0   0   0   4   0
    0   0   0  29   1   3   1   0   0   0   0   0]
 [  0   1   2   1   0   0   0   0   2   5   0   2   0   0  10   1   0   2
    0   0   0   0  86   0   0   3   2   0   0   0]
 [  0   3   1   0   1   0   0   0   0   0   0   0   0   0   0   0   0   8
    0   0   0   5   0  20   0   0   0   0   0   0]
 [  1   0   3   0   0   0   0   0   0   1   1   1   0   0   3   0   0   3
    1   0   0   0   1   1  85   0   0  10   2   0]
 [  1   0   0   0   0   0   0   0   0   0   0   1   0   0   0   0   0   2
    0   0   0   1   2   0   1  21   0   0   0   2]
 [  0   1   0   2   0   0   0   0   0   2   0   0   0   0   1   0   0   2
    0   0   0   2   3   0   0   0   3   0   1   0]
 [  0   2   1   0   0   0   0   1   2   8   2   5   3   0   4   0   0   3
    1   0   2   0   1   0   8   1   0  12   1   1]
 [  0   0   0   0   0   0   0   0   0   0   0   0   0   0   1   0   1   0
    0   0   0   0   0   0   0   0   0   0  56   0]
 [  0   2   0   0   1   0   0   0   2   2   1   1   0   0   0   0   0   3
    1   0   0   0   0   0   1   1   0   0   0   4]]
2024-05-07 11:58:27,394 - ***** Evaluation results *****
2024-05-07 11:58:27,394 -   acc = 0.5888
2024-05-07 11:58:27,394 -   f1 = 0.5312
2024-05-07 11:58:27,394 -   prec = 0.5634
2024-05-07 11:58:27,394 -   rec = 0.5313
2024-05-07 11:58:27,395 - Testing is finished...
2024-05-07 11:58:27,395 - Multimodal intent recognition is finished...
2024-05-07 11:58:27,395 - Results are saved in results/ablation_msz.csv
