2023-12-27 06:26:48,192 - ============================== Params ==============================
2023-12-27 06:26:48,192 - logger_name: msz_MIntRec_multi-class_seed-7_2023-12-27-06-26-48
2023-12-27 06:26:48,193 - dataset: MIntRec
2023-12-27 06:26:48,193 - data_mode: multi-class
2023-12-27 06:26:48,193 - method: msz
2023-12-27 06:26:48,193 - text_backbone: bert-base-uncased
2023-12-27 06:26:48,193 - text_backbone_path: /home/sharing/disk1/pretrained_embedding/bert/uncased_L-12_H-768_A-12/
2023-12-27 06:26:48,193 - seed: 7
2023-12-27 06:26:48,193 - num_workers: 8
2023-12-27 06:26:48,193 - gpu_id: 3
2023-12-27 06:26:48,193 - data_path: /home/sharing/disk2/sjh/intentDataset
2023-12-27 06:26:48,193 - train: True
2023-12-27 06:26:48,193 - tune: False
2023-12-27 06:26:48,193 - save_model: False
2023-12-27 06:26:48,193 - save_results: True
2023-12-27 06:26:48,193 - log_path: logs
2023-12-27 06:26:48,193 - cache_path: 
2023-12-27 06:26:48,193 - video_data_path: video_data
2023-12-27 06:26:48,193 - audio_data_path: audio_data
2023-12-27 06:26:48,193 - video_feats_path: video_feats.pkl
2023-12-27 06:26:48,193 - audio_feats_path: audio_feats.pkl
2023-12-27 06:26:48,193 - results_path: results
2023-12-27 06:26:48,193 - output_path: /home/sujianhua/Outputs/MIntRec
2023-12-27 06:26:48,193 - model_path: models
2023-12-27 06:26:48,193 - config_file_name: msz
2023-12-27 06:26:48,193 - results_file_name: msz.csv
2023-12-27 06:26:48,194 - padding_mode: zero
2023-12-27 06:26:48,194 - padding_loc: end
2023-12-27 06:26:48,194 - need_aligned: False
2023-12-27 06:26:48,194 - eval_monitor: f1
2023-12-27 06:26:48,194 - train_batch_size: 16
2023-12-27 06:26:48,194 - eval_batch_size: 8
2023-12-27 06:26:48,194 - test_batch_size: 8
2023-12-27 06:26:48,194 - wait_patience: 8
2023-12-27 06:26:48,194 - nheads: 2
2023-12-27 06:26:48,194 - encoder_layers: 2
2023-12-27 06:26:48,194 - attn_dropout: 0.1
2023-12-27 06:26:48,194 - relu_dropout: 0.1
2023-12-27 06:26:48,194 - embed_dropout: 0.1
2023-12-27 06:26:48,194 - res_dropout: 0.1
2023-12-27 06:26:48,194 - attn_mask: False
2023-12-27 06:26:48,194 - hidden_size: 768
2023-12-27 06:26:48,194 - num_attention_heads: 12
2023-12-27 06:26:48,194 - attention_probs_dropout_prob: 0.2
2023-12-27 06:26:48,194 - hidden_dropout_prob: 0.2
2023-12-27 06:26:48,194 - intermediate_size: 768
2023-12-27 06:26:48,194 - num_hidden_layers: 3
2023-12-27 06:26:48,194 - max_position_embeddings: 512
2023-12-27 06:26:48,195 - position_embedding_type: absolute
2023-12-27 06:26:48,195 - add_cross_attention: False
2023-12-27 06:26:48,195 - batch_first: True
2023-12-27 06:26:48,195 - hidden_dims: 768
2023-12-27 06:26:48,195 - att_dropouts: [0.2, 0.2, 0.2]
2023-12-27 06:26:48,195 - spe_dropouts: [0.1, 0.1, 0.1]
2023-12-27 06:26:48,195 - tv_c_loss: 0.01
2023-12-27 06:26:48,195 - vt_c_loss: 0.01
2023-12-27 06:26:48,195 - at_c_loss: 0.01
2023-12-27 06:26:48,195 - aligned_method: conv1d
2023-12-27 06:26:48,195 - grad_clip: 2
2023-12-27 06:26:48,195 - num_train_epochs: 100
2023-12-27 06:26:48,195 - warmup_proportion: 0.1
2023-12-27 06:26:48,195 - lr: 1e-06
2023-12-27 06:26:48,195 - weight_decay: 0.02
2023-12-27 06:26:48,195 - pred_output_path: /home/sujianhua/Outputs/MIntRec/msz_MIntRec_multi-class_seed-7_2023-12-27-06-26-48
2023-12-27 06:26:48,195 - model_output_path: /home/sujianhua/Outputs/MIntRec/msz_MIntRec_multi-class_seed-7_2023-12-27-06-26-48/models
2023-12-27 06:26:48,195 - ============================== End Params ==============================
2023-12-27 06:26:48,540 - Generate Text Features Begin...
2023-12-27 06:26:50,224 - Generate Text Features Finished...
2023-12-27 06:26:50,225 - Load Video Features Begin...
2023-12-27 06:26:52,758 - Load Video Features Finished...
2023-12-27 06:26:53,430 - Load Audio Features Begin...
2023-12-27 06:27:21,130 - Load Audio Features Finished...
2023-12-27 06:27:25,682 - method  begins...
2023-12-27 06:27:34,102 - Multimodal intent recognition begins...
2023-12-27 06:27:34,111 - Training begins...
2023-12-27 06:28:19,620 - ***** Epoch: 1: Eval results *****
2023-12-27 06:28:19,621 -   train_loss = 3.3303
2023-12-27 06:28:19,621 -   best_eval_score = 0.0
2023-12-27 06:28:19,621 -   eval_score = 0.0378
2023-12-27 06:28:57,385 - ***** Epoch: 2: Eval results *****
2023-12-27 06:28:57,385 -   train_loss = 3.1084
2023-12-27 06:28:57,385 -   best_eval_score = 0.0378
2023-12-27 06:28:57,385 -   eval_score = 0.0303
2023-12-27 06:28:57,385 - EarlyStopping counter: 1 out of 8
2023-12-27 06:29:40,434 - ***** Epoch: 3: Eval results *****
2023-12-27 06:29:40,438 -   train_loss = 2.9768
2023-12-27 06:29:40,438 -   best_eval_score = 0.0378
2023-12-27 06:29:40,438 -   eval_score = 0.0509
2023-12-27 06:30:19,911 - ***** Epoch: 4: Eval results *****
2023-12-27 06:30:19,911 -   train_loss = 2.8455
2023-12-27 06:30:19,911 -   best_eval_score = 0.0509
2023-12-27 06:30:19,912 -   eval_score = 0.1471
2023-12-27 06:30:58,886 - ***** Epoch: 5: Eval results *****
2023-12-27 06:30:58,886 -   train_loss = 2.6377
2023-12-27 06:30:58,886 -   best_eval_score = 0.1471
2023-12-27 06:30:58,886 -   eval_score = 0.1393
2023-12-27 06:30:58,886 - EarlyStopping counter: 1 out of 8
2023-12-27 06:31:43,486 - ***** Epoch: 6: Eval results *****
2023-12-27 06:31:43,486 -   train_loss = 2.3504
2023-12-27 06:31:43,486 -   best_eval_score = 0.1471
2023-12-27 06:31:43,486 -   eval_score = 0.2061
2023-12-27 06:32:19,904 - ***** Epoch: 7: Eval results *****
2023-12-27 06:32:19,904 -   train_loss = 2.0077
2023-12-27 06:32:19,904 -   best_eval_score = 0.2061
2023-12-27 06:32:19,904 -   eval_score = 0.369
2023-12-27 06:33:03,855 - ***** Epoch: 8: Eval results *****
2023-12-27 06:33:03,857 -   train_loss = 1.6706
2023-12-27 06:33:03,857 -   best_eval_score = 0.369
2023-12-27 06:33:03,857 -   eval_score = 0.4129
2023-12-27 06:33:46,837 - ***** Epoch: 9: Eval results *****
2023-12-27 06:33:46,838 -   train_loss = 1.3885
2023-12-27 06:33:46,838 -   best_eval_score = 0.4129
2023-12-27 06:33:46,838 -   eval_score = 0.4962
2023-12-27 06:34:25,578 - ***** Epoch: 10: Eval results *****
2023-12-27 06:34:25,578 -   train_loss = 1.1553
2023-12-27 06:34:25,578 -   best_eval_score = 0.4962
2023-12-27 06:34:25,578 -   eval_score = 0.5582
2023-12-27 06:35:09,934 - ***** Epoch: 11: Eval results *****
2023-12-27 06:35:09,943 -   train_loss = 0.9633
2023-12-27 06:35:09,943 -   best_eval_score = 0.5582
2023-12-27 06:35:09,943 -   eval_score = 0.5679
2023-12-27 06:35:52,648 - ***** Epoch: 12: Eval results *****
2023-12-27 06:35:52,649 -   train_loss = 0.7682
2023-12-27 06:35:52,649 -   best_eval_score = 0.5679
2023-12-27 06:35:52,649 -   eval_score = 0.5969
2023-12-27 06:36:31,109 - ***** Epoch: 13: Eval results *****
2023-12-27 06:36:31,109 -   train_loss = 0.5887
2023-12-27 06:36:31,109 -   best_eval_score = 0.5969
2023-12-27 06:36:31,109 -   eval_score = 0.6036
2023-12-27 06:37:06,318 - ***** Epoch: 14: Eval results *****
2023-12-27 06:37:06,326 -   train_loss = 0.4464
2023-12-27 06:37:06,327 -   best_eval_score = 0.6036
2023-12-27 06:37:06,327 -   eval_score = 0.6402
2023-12-27 06:37:52,169 - ***** Epoch: 15: Eval results *****
2023-12-27 06:37:52,169 -   train_loss = 0.349
2023-12-27 06:37:52,170 -   best_eval_score = 0.6402
2023-12-27 06:37:52,170 -   eval_score = 0.6551
2023-12-27 06:38:37,762 - ***** Epoch: 16: Eval results *****
2023-12-27 06:38:37,763 -   train_loss = 0.2573
2023-12-27 06:38:37,763 -   best_eval_score = 0.6551
2023-12-27 06:38:37,763 -   eval_score = 0.6802
2023-12-27 06:39:17,003 - ***** Epoch: 17: Eval results *****
2023-12-27 06:39:17,004 -   train_loss = 0.1861
2023-12-27 06:39:17,004 -   best_eval_score = 0.6802
2023-12-27 06:39:17,004 -   eval_score = 0.6676
2023-12-27 06:39:17,004 - EarlyStopping counter: 1 out of 8
2023-12-27 06:40:02,977 - ***** Epoch: 18: Eval results *****
2023-12-27 06:40:02,977 -   train_loss = 0.1525
2023-12-27 06:40:02,977 -   best_eval_score = 0.6802
2023-12-27 06:40:02,977 -   eval_score = 0.6661
2023-12-27 06:40:02,977 - EarlyStopping counter: 2 out of 8
2023-12-27 06:40:46,572 - ***** Epoch: 19: Eval results *****
2023-12-27 06:40:46,573 -   train_loss = 0.1097
2023-12-27 06:40:46,573 -   best_eval_score = 0.6802
2023-12-27 06:40:46,573 -   eval_score = 0.6561
2023-12-27 06:40:46,574 - EarlyStopping counter: 3 out of 8
2023-12-27 06:41:26,439 - ***** Epoch: 20: Eval results *****
2023-12-27 06:41:26,439 -   train_loss = 0.0958
2023-12-27 06:41:26,439 -   best_eval_score = 0.6802
2023-12-27 06:41:26,440 -   eval_score = 0.6414
2023-12-27 06:41:26,440 - EarlyStopping counter: 4 out of 8
2023-12-27 06:42:12,395 - ***** Epoch: 21: Eval results *****
2023-12-27 06:42:12,396 -   train_loss = 0.0741
2023-12-27 06:42:12,396 -   best_eval_score = 0.6802
2023-12-27 06:42:12,396 -   eval_score = 0.6373
2023-12-27 06:42:12,396 - EarlyStopping counter: 5 out of 8
2023-12-27 06:42:48,689 - ***** Epoch: 22: Eval results *****
2023-12-27 06:42:48,690 -   train_loss = 0.052
2023-12-27 06:42:48,690 -   best_eval_score = 0.6802
2023-12-27 06:42:48,690 -   eval_score = 0.691
2023-12-27 06:43:34,588 - ***** Epoch: 23: Eval results *****
2023-12-27 06:43:34,589 -   train_loss = 0.0424
2023-12-27 06:43:34,589 -   best_eval_score = 0.691
2023-12-27 06:43:34,589 -   eval_score = 0.668
2023-12-27 06:43:34,589 - EarlyStopping counter: 1 out of 8
2023-12-27 06:44:15,163 - ***** Epoch: 24: Eval results *****
2023-12-27 06:44:15,163 -   train_loss = 0.039
2023-12-27 06:44:15,164 -   best_eval_score = 0.691
2023-12-27 06:44:15,164 -   eval_score = 0.673
2023-12-27 06:44:15,164 - EarlyStopping counter: 2 out of 8
2023-12-27 06:44:56,918 - ***** Epoch: 25: Eval results *****
2023-12-27 06:44:56,919 -   train_loss = 0.0483
2023-12-27 06:44:56,919 -   best_eval_score = 0.691
2023-12-27 06:44:56,919 -   eval_score = 0.6781
2023-12-27 06:44:56,919 - EarlyStopping counter: 3 out of 8
2023-12-27 06:45:43,332 - ***** Epoch: 26: Eval results *****
2023-12-27 06:45:43,332 -   train_loss = 0.0295
2023-12-27 06:45:43,333 -   best_eval_score = 0.691
2023-12-27 06:45:43,333 -   eval_score = 0.6696
2023-12-27 06:45:43,333 - EarlyStopping counter: 4 out of 8
2023-12-27 06:46:20,316 - ***** Epoch: 27: Eval results *****
2023-12-27 06:46:20,317 -   train_loss = 0.0253
2023-12-27 06:46:20,317 -   best_eval_score = 0.691
2023-12-27 06:46:20,317 -   eval_score = 0.6604
2023-12-27 06:46:20,317 - EarlyStopping counter: 5 out of 8
2023-12-27 06:47:04,893 - ***** Epoch: 28: Eval results *****
2023-12-27 06:47:04,894 -   train_loss = 0.0232
2023-12-27 06:47:04,894 -   best_eval_score = 0.691
2023-12-27 06:47:04,894 -   eval_score = 0.6622
2023-12-27 06:47:04,894 - EarlyStopping counter: 6 out of 8
2023-12-27 06:47:44,787 - ***** Epoch: 29: Eval results *****
2023-12-27 06:47:44,788 -   train_loss = 0.0217
2023-12-27 06:47:44,788 -   best_eval_score = 0.691
2023-12-27 06:47:44,788 -   eval_score = 0.652
2023-12-27 06:47:44,788 - EarlyStopping counter: 7 out of 8
2023-12-27 06:48:26,646 - ***** Epoch: 30: Eval results *****
2023-12-27 06:48:26,647 -   train_loss = 0.0216
2023-12-27 06:48:26,647 -   best_eval_score = 0.691
2023-12-27 06:48:26,647 -   eval_score = 0.6496
2023-12-27 06:48:26,647 - EarlyStopping counter: 8 out of 8
2023-12-27 06:48:26,647 - EarlyStopping at epoch 30
2023-12-27 06:48:26,649 - Training is finished...
2023-12-27 06:48:26,650 - Testing begins...
2023-12-27 06:48:34,974 - ***** Test: Confusion Matrix *****
2023-12-27 06:48:34,975 - [[28  0  0  0 11  0  4  3  1  3  1  1  5  0  0  0  0  0  0  0]
 [ 1 33  0  1  0  0  1  1  0  1  0  0  2  3  0  0  0  0  0  0]
 [ 0  0 26  0  0  0  0  0  0  0  1  0  0  0  0  0  0  0  0  0]
 [ 0  0  0 25  0  0  0  0  0  0  0  0  0  0  0  0  0  0  0  0]
 [ 2  0  0  0 11  0  6  0  2  0  0  1  0  0  0  0  0  1  0  0]
 [ 0  0  0  0  0 10  0  0  0  1  1  0  0  0  0  0  0  0  0  0]
 [ 1  0  0  0  2  0  4  0  3  0  1  0  0  0  0  0  1  0  0  0]
 [ 3  0  0  0  0  0  0  5  1  0  1  0  0  0  0  0  0  0  0  0]
 [ 1  0  0  0  1  0  1  2  4  0  0  0  0  1  0  0  0  0  0  0]
 [ 1  0  0  0  1  0  0  0  0  3  1  0  0  0  0  3  0  1  0  0]
 [ 1  0  0  0  0  1  0  0  0  0 16  0  0  0  0  0  0  0  0  0]
 [ 0  0  0  0  0  0  1  0  0  0  0 17  0  0  0  0  0  0  0  1]
 [ 1  0  0  1  1  0  2  4  2  1  0  0 36  4  2  1  0  0  1  1]
 [ 0  0  0  0  1  0  1  0  0  0  1  1  1 18  1  0  1  0  0  0]
 [ 0  0  0  0  1  0  1  0  0  0  0  0  1  2 12  0  2  0  0  3]
 [ 0  0  0  0  0  0  0  2  2  0  0  0  4  0  0 12  0  0  0  1]
 [ 1  0  0  0  0  0  0  1  0  0  0  0  1  0  0  0 14  0  0  0]
 [ 0  0  0  0  1  0  0  0  0  1  1  0  1  0  0  0  0 11  0  0]
 [ 0  0  0  0  0  0  0  0  0  0  0  0  3  0  0  1  0  0  8  0]
 [ 0  0  0  0  0  0  0  0  0  0  0  0  1  1  0  0  0  0  0  8]]
2023-12-27 06:48:34,975 - ***** Evaluation results *****
2023-12-27 06:48:34,976 -   acc = 0.6764
2023-12-27 06:48:34,976 -   f1 = 0.6565
2023-12-27 06:48:34,976 -   prec = 0.6659
2023-12-27 06:48:34,976 -   rec = 0.6671
2023-12-27 06:48:34,976 - Testing is finished...
2023-12-27 06:48:34,976 - Multimodal intent recognition is finished...
2023-12-27 06:48:34,976 - Results are saved in results/msz.csv
