2024-03-31 21:50:26,816 - ============================== Params ==============================
2024-03-31 21:50:26,816 - logger_name: msz_MIntRec_multi-class_seed-1_2024-03-31-21-50-26
2024-03-31 21:50:26,816 - dataset: MIntRec
2024-03-31 21:50:26,816 - data_mode: multi-class
2024-03-31 21:50:26,816 - method: msz
2024-03-31 21:50:26,816 - text_backbone: bert-base-uncased
2024-03-31 21:50:26,817 - text_backbone_path: /home/sharing/disk1/pretrained_embedding/bert/uncased_L-12_H-768_A-12/
2024-03-31 21:50:26,817 - seed: 1
2024-03-31 21:50:26,817 - num_workers: 8
2024-03-31 21:50:26,817 - gpu_id: 3
2024-03-31 21:50:26,817 - data_path: /home/sharing/disk2/sjh/intentDataset
2024-03-31 21:50:26,817 - train: True
2024-03-31 21:50:26,817 - tune: True
2024-03-31 21:50:26,817 - save_model: False
2024-03-31 21:50:26,817 - save_results: True
2024-03-31 21:50:26,817 - log_path: logs
2024-03-31 21:50:26,817 - cache_path: 
2024-03-31 21:50:26,817 - video_data_path: video_data
2024-03-31 21:50:26,817 - audio_data_path: audio_data
2024-03-31 21:50:26,817 - video_feats_path: video_feats.pkl
2024-03-31 21:50:26,817 - audio_feats_path: audio_feats.pkl
2024-03-31 21:50:26,817 - results_path: results
2024-03-31 21:50:26,817 - output_path: /home/sharing/disk2/sjh/Outputs/MIntRec
2024-03-31 21:50:26,817 - model_path: models
2024-03-31 21:50:26,817 - config_file_name: msz_MIntRec
2024-03-31 21:50:26,817 - results_file_name: msz.csv
2024-03-31 21:50:26,817 - padding_mode: zero
2024-03-31 21:50:26,817 - padding_loc: end
2024-03-31 21:50:26,817 - need_aligned: False
2024-03-31 21:50:26,817 - eval_monitor: f1
2024-03-31 21:50:26,817 - train_batch_size: 16
2024-03-31 21:50:26,817 - eval_batch_size: 8
2024-03-31 21:50:26,818 - test_batch_size: 8
2024-03-31 21:50:26,818 - wait_patience: 8
2024-03-31 21:50:26,818 - hidden_dims: 768
2024-03-31 21:50:26,818 - num_attention_heads: 12
2024-03-31 21:50:26,818 - attention_probs_dropout_prob: 0.3
2024-03-31 21:50:26,818 - hidden_dropout_prob: 0.2
2024-03-31 21:50:26,818 - intermediate_size: 768
2024-03-31 21:50:26,818 - num_hidden_layers: 10
2024-03-31 21:50:26,818 - max_position_embeddings: 768
2024-03-31 21:50:26,818 - position_embedding_type: absolute
2024-03-31 21:50:26,818 - batch_first: True
2024-03-31 21:50:26,818 - dropout: 0.2
2024-03-31 21:50:26,818 - aligned_method: conv1d
2024-03-31 21:50:26,818 - num_train_epochs: 100
2024-03-31 21:50:26,818 - lr: 7e-06
2024-03-31 21:50:26,818 - lr_mode: max
2024-03-31 21:50:26,818 - patience: 8
2024-03-31 21:50:26,818 - factor: 0.1
2024-03-31 21:50:26,818 - pred_output_path: /home/sharing/disk2/sjh/Outputs/MIntRec/msz_MIntRec_multi-class_seed-1_2024-03-31-21-50-26
2024-03-31 21:50:26,818 - model_output_path: /home/sharing/disk2/sjh/Outputs/MIntRec/msz_MIntRec_multi-class_seed-1_2024-03-31-21-50-26/models
2024-03-31 21:50:26,818 - num_labels: 20
2024-03-31 21:50:26,818 - text_feat_dim: 768
2024-03-31 21:50:26,818 - video_feat_dim: 256
2024-03-31 21:50:26,818 - audio_feat_dim: 768
2024-03-31 21:50:26,818 - text_seq_len: 30
2024-03-31 21:50:26,818 - video_seq_len: 230
2024-03-31 21:50:26,818 - audio_seq_len: 480
2024-03-31 21:50:26,818 - device: cuda:3
2024-03-31 21:50:26,818 - ============================== End Params ==============================
2024-03-31 21:50:26,866 - Generate Text Features Begin...
2024-03-31 21:50:27,506 - Generate Text Features Finished...
2024-03-31 21:50:27,507 - Load Video Features Begin...
2024-03-31 21:50:28,561 - Load Video Features Finished...
2024-03-31 21:50:29,257 - Load Audio Features Begin...
2024-03-31 21:50:34,597 - Load Audio Features Finished...
2024-03-31 21:50:37,419 - method  begins...
2024-03-31 21:50:41,594 - Multimodal intent recognition begins...
2024-03-31 21:50:41,594 - Training begins...
2024-03-31 21:51:05,818 - ***** Epoch: 1: Eval results *****
2024-03-31 21:51:05,818 -   train_loss = 2.1658
2024-03-31 21:51:05,818 -   best_eval_score = 0.0
2024-03-31 21:51:05,818 -   eval_score = 0.4675
2024-03-31 21:51:30,894 - ***** Epoch: 2: Eval results *****
2024-03-31 21:51:30,894 -   train_loss = 0.9874
2024-03-31 21:51:30,894 -   best_eval_score = 0.4675
2024-03-31 21:51:30,894 -   eval_score = 0.6366
2024-03-31 21:51:55,052 - ***** Epoch: 3: Eval results *****
2024-03-31 21:51:55,052 -   train_loss = 0.5394
2024-03-31 21:51:55,052 -   best_eval_score = 0.6366
2024-03-31 21:51:55,052 -   eval_score = 0.6195
2024-03-31 21:51:55,052 - EarlyStopping counter: 1 out of 8
2024-03-31 21:52:19,335 - ***** Epoch: 4: Eval results *****
2024-03-31 21:52:19,335 -   train_loss = 0.3049
2024-03-31 21:52:19,336 -   best_eval_score = 0.6366
2024-03-31 21:52:19,336 -   eval_score = 0.6465
2024-03-31 21:52:42,623 - ***** Epoch: 5: Eval results *****
2024-03-31 21:52:42,623 -   train_loss = 0.1555
2024-03-31 21:52:42,623 -   best_eval_score = 0.6465
2024-03-31 21:52:42,623 -   eval_score = 0.6718
2024-03-31 21:53:07,019 - ***** Epoch: 6: Eval results *****
2024-03-31 21:53:07,019 -   train_loss = 0.1124
2024-03-31 21:53:07,019 -   best_eval_score = 0.6718
2024-03-31 21:53:07,019 -   eval_score = 0.6673
2024-03-31 21:53:07,019 - EarlyStopping counter: 1 out of 8
2024-03-31 21:53:31,687 - ***** Epoch: 7: Eval results *****
2024-03-31 21:53:31,696 -   train_loss = 0.0509
2024-03-31 21:53:31,696 -   best_eval_score = 0.6718
2024-03-31 21:53:31,696 -   eval_score = 0.6585
2024-03-31 21:53:31,696 - EarlyStopping counter: 2 out of 8
2024-03-31 21:53:56,052 - ***** Epoch: 8: Eval results *****
2024-03-31 21:53:56,053 -   train_loss = 0.0269
2024-03-31 21:53:56,053 -   best_eval_score = 0.6718
2024-03-31 21:53:56,053 -   eval_score = 0.6668
2024-03-31 21:53:56,053 - EarlyStopping counter: 3 out of 8
2024-03-31 21:54:20,821 - ***** Epoch: 9: Eval results *****
2024-03-31 21:54:20,821 -   train_loss = 0.0144
2024-03-31 21:54:20,822 -   best_eval_score = 0.6718
2024-03-31 21:54:20,822 -   eval_score = 0.6729
2024-03-31 21:54:45,224 - ***** Epoch: 10: Eval results *****
2024-03-31 21:54:45,224 -   train_loss = 0.0118
2024-03-31 21:54:45,224 -   best_eval_score = 0.6729
2024-03-31 21:54:45,224 -   eval_score = 0.6792
2024-03-31 21:55:09,439 - ***** Epoch: 11: Eval results *****
2024-03-31 21:55:09,439 -   train_loss = 0.0073
2024-03-31 21:55:09,439 -   best_eval_score = 0.6792
2024-03-31 21:55:09,440 -   eval_score = 0.6749
2024-03-31 21:55:09,440 - EarlyStopping counter: 1 out of 8
2024-03-31 21:55:33,143 - ***** Epoch: 12: Eval results *****
2024-03-31 21:55:33,143 -   train_loss = 0.0075
2024-03-31 21:55:33,143 -   best_eval_score = 0.6792
2024-03-31 21:55:33,143 -   eval_score = 0.6778
2024-03-31 21:55:33,143 - EarlyStopping counter: 2 out of 8
2024-03-31 21:55:57,898 - ***** Epoch: 13: Eval results *****
2024-03-31 21:55:57,907 -   train_loss = 0.008
2024-03-31 21:55:57,907 -   best_eval_score = 0.6792
2024-03-31 21:55:57,907 -   eval_score = 0.6727
2024-03-31 21:55:57,907 - EarlyStopping counter: 3 out of 8
2024-03-31 21:56:22,777 - ***** Epoch: 14: Eval results *****
2024-03-31 21:56:22,777 -   train_loss = 0.0066
2024-03-31 21:56:22,777 -   best_eval_score = 0.6792
2024-03-31 21:56:22,777 -   eval_score = 0.6761
2024-03-31 21:56:22,777 - EarlyStopping counter: 4 out of 8
2024-03-31 21:56:48,294 - ***** Epoch: 15: Eval results *****
2024-03-31 21:56:48,295 -   train_loss = 0.0057
2024-03-31 21:56:48,295 -   best_eval_score = 0.6792
2024-03-31 21:56:48,295 -   eval_score = 0.6711
2024-03-31 21:56:48,295 - EarlyStopping counter: 5 out of 8
2024-03-31 21:57:14,028 - ***** Epoch: 16: Eval results *****
2024-03-31 21:57:14,028 -   train_loss = 0.006
2024-03-31 21:57:14,028 -   best_eval_score = 0.6792
2024-03-31 21:57:14,028 -   eval_score = 0.6776
2024-03-31 21:57:14,028 - EarlyStopping counter: 6 out of 8
2024-03-31 21:57:39,622 - ***** Epoch: 17: Eval results *****
2024-03-31 21:57:39,623 -   train_loss = 0.0058
2024-03-31 21:57:39,623 -   best_eval_score = 0.6792
2024-03-31 21:57:39,623 -   eval_score = 0.6774
2024-03-31 21:57:39,623 - EarlyStopping counter: 7 out of 8
2024-03-31 21:58:04,263 - ***** Epoch: 18: Eval results *****
2024-03-31 21:58:04,263 -   train_loss = 0.0056
2024-03-31 21:58:04,263 -   best_eval_score = 0.6792
2024-03-31 21:58:04,263 -   eval_score = 0.6696
2024-03-31 21:58:04,264 - EarlyStopping counter: 8 out of 8
2024-03-31 21:58:04,264 - EarlyStopping at epoch 18
2024-03-31 21:58:04,267 - Training is finished...
2024-03-31 21:58:04,268 - Testing begins...
2024-03-31 21:58:08,241 - ***** Test: Confusion Matrix *****
2024-03-31 21:58:08,246 - [[36  3  0  0  9  0  2  0  0  1  1  0  4  1  0  0  0  0  0  0]
 [ 1 34  0  1  0  3  0  0  0  0  0  0  3  0  1  0  0  0  0  0]
 [ 1  0 26  0  0  0  0  0  0  0  0  0  0  0  0  0  0  0  0  0]
 [ 0  1  1 23  0  0  0  0  0  0  0  0  0  0  0  0  0  0  0  0]
 [ 5  0  0  0 12  0  1  0  1  0  0  1  1  0  1  0  0  1  0  0]
 [ 0  0  0  0  0 11  0  0  0  0  0  0  1  0  0  0  0  0  0  0]
 [ 2  1  0  0  2  0  2  1  1  0  0  0  1  0  0  1  1  0  0  0]
 [ 3  0  0  0  0  0  1  5  0  1  0  0  0  0  0  0  0  0  0  0]
 [ 1  0  0  0  0  0  0  2  4  0  0  0  0  2  0  1  0  0  0  0]
 [ 1  0  0  0  0  0  1  0  0  4  1  0  0  0  0  2  0  1  0  0]
 [ 0  1  0  0  0  0  1  0  0  1 13  0  0  0  1  0  1  0  0  0]
 [ 0  0  0  0  0  0  1  0  0  0  0 16  0  0  0  0  0  0  1  1]
 [ 3  1  0  0  1  0  0  2  0  0  1  2 36  4  3  0  2  0  1  1]
 [ 1  1  0  0  0  0  1  0  0  0  1  1  0 19  1  0  0  0  0  0]
 [ 0  0  0  0  0  0  0  0  1  0  0  0  1  1 16  0  1  0  0  2]
 [ 0  1  0  0  0  0  0  0  1  0  0  0  2  1  0 16  0  0  0  0]
 [ 0  0  0  0  0  0  0  0  0  0  0  0  2  0  3  0 12  0  0  0]
 [ 0  0  0  0  0  0  0  0  0  0  0  0  1  0  0  0  1 13  0  0]
 [ 0  1  0  0  0  0  0  0  0  0  0  0  1  0  0  1  0  0  9  0]
 [ 1  0  0  0  0  0  0  0  0  0  0  0  0  1  1  0  0  0  0  7]]
2024-03-31 21:58:08,246 - ***** Evaluation results *****
2024-03-31 21:58:08,246 -   acc = 0.7056
2024-03-31 21:58:08,246 -   f1 = 0.6809
2024-03-31 21:58:08,246 -   prec = 0.6824
2024-03-31 21:58:08,246 -   rec = 0.6839
2024-03-31 21:58:08,246 - Testing is finished...
2024-03-31 21:58:08,246 - Multimodal intent recognition is finished...
2024-03-31 21:58:08,246 - Results are saved in results/msz.csv
