2024-03-10 08:02:43,864 - ============================== Params ==============================
2024-03-10 08:02:43,864 - logger_name: mult_MIntRec2_multi-class_seed-5_2024-03-10-08-02-43
2024-03-10 08:02:43,864 - dataset: MIntRec2
2024-03-10 08:02:43,864 - data_mode: multi-class
2024-03-10 08:02:43,864 - method: mult
2024-03-10 08:02:43,864 - text_backbone: bert-base-uncased
2024-03-10 08:02:43,864 - text_backbone_path: /home/sharing/disk1/pretrained_embedding/bert/uncased_L-12_H-768_A-12/
2024-03-10 08:02:43,864 - seed: 5
2024-03-10 08:02:43,864 - num_workers: 8
2024-03-10 08:02:43,864 - gpu_id: 2
2024-03-10 08:02:43,864 - data_path: /home/sharing/disk2/sjh/intentDataset
2024-03-10 08:02:43,864 - train: True
2024-03-10 08:02:43,864 - tune: True
2024-03-10 08:02:43,864 - save_model: False
2024-03-10 08:02:43,864 - save_results: True
2024-03-10 08:02:43,864 - log_path: logs
2024-03-10 08:02:43,864 - cache_path: 
2024-03-10 08:02:43,864 - video_data_path: video_data
2024-03-10 08:02:43,864 - audio_data_path: audio_data
2024-03-10 08:02:43,864 - video_feats_path: video_feats.pkl
2024-03-10 08:02:43,864 - audio_feats_path: audio_feats.pkl
2024-03-10 08:02:43,864 - results_path: results
2024-03-10 08:02:43,864 - output_path: /home/sharing/disk2/sjh/Outputs/MIntRec2
2024-03-10 08:02:43,864 - model_path: models
2024-03-10 08:02:43,865 - config_file_name: mult_bert_MIntRec2
2024-03-10 08:02:43,865 - results_file_name: mult_bert.csv
2024-03-10 08:02:43,865 - padding_mode: zero
2024-03-10 08:02:43,865 - padding_loc: end
2024-03-10 08:02:43,865 - need_aligned: False
2024-03-10 08:02:43,865 - eval_monitor: f1
2024-03-10 08:02:43,865 - train_batch_size: 32
2024-03-10 08:02:43,865 - eval_batch_size: 16
2024-03-10 08:02:43,865 - test_batch_size: 16
2024-03-10 08:02:43,865 - wait_patience: 8
2024-03-10 08:02:43,865 - num_train_epochs: 100
2024-03-10 08:02:43,865 - dst_feature_dims: 80
2024-03-10 08:02:43,865 - nheads: 8
2024-03-10 08:02:43,865 - n_levels: 4
2024-03-10 08:02:43,865 - attn_dropout: 0.0
2024-03-10 08:02:43,865 - attn_dropout_v: 0.1
2024-03-10 08:02:43,865 - attn_dropout_a: 0.2
2024-03-10 08:02:43,865 - relu_dropout: 0.1
2024-03-10 08:02:43,865 - embed_dropout: 0.1
2024-03-10 08:02:43,865 - res_dropout: 0.0
2024-03-10 08:02:43,865 - output_dropout: 0.3
2024-03-10 08:02:43,865 - text_dropout: 0.4
2024-03-10 08:02:43,865 - grad_clip: 0.5
2024-03-10 08:02:43,865 - attn_mask: True
2024-03-10 08:02:43,865 - conv1d_kernel_size_l: 6
2024-03-10 08:02:43,865 - conv1d_kernel_size_v: 1
2024-03-10 08:02:43,865 - conv1d_kernel_size_a: 2
2024-03-10 08:02:43,865 - lr: 2e-05
2024-03-10 08:02:43,865 - pred_output_path: /home/sharing/disk2/sjh/Outputs/MIntRec2/mult_MIntRec2_multi-class_seed-5_2024-03-10-08-02-43
2024-03-10 08:02:43,865 - model_output_path: /home/sharing/disk2/sjh/Outputs/MIntRec2/mult_MIntRec2_multi-class_seed-5_2024-03-10-08-02-43/models
2024-03-10 08:02:43,865 - ============================== End Params ==============================
2024-03-10 08:02:43,896 - Generate Text Features Begin...
2024-03-10 08:02:45,514 - Generate Text Features Finished...
2024-03-10 08:02:45,515 - Load Video Features Begin...
2024-03-10 08:02:46,712 - Load Video Features Finished...
2024-03-10 08:02:48,420 - Load Audio Features Begin...
2024-03-10 08:03:13,237 - Load Audio Features Finished...
2024-03-10 08:03:25,493 - method  begins...
2024-03-10 08:03:27,293 - Multimodal intent recognition begins...
2024-03-10 08:03:27,293 - Training begins...
2024-03-10 08:04:32,368 - ***** Epoch: 1: Eval results *****
2024-03-10 08:04:32,368 -   best_eval_score = 0.0
2024-03-10 08:04:32,369 -   eval_score = 0.3586
2024-03-10 08:04:32,369 -   train_loss = 2.3935
2024-03-10 08:05:35,400 - ***** Epoch: 2: Eval results *****
2024-03-10 08:05:35,401 -   best_eval_score = 0.3586
2024-03-10 08:05:35,401 -   eval_score = 0.4364
2024-03-10 08:05:35,401 -   train_loss = 1.5262
2024-03-10 08:06:37,894 - ***** Epoch: 3: Eval results *****
2024-03-10 08:06:37,894 -   best_eval_score = 0.4364
2024-03-10 08:06:37,895 -   eval_score = 0.4728
2024-03-10 08:06:37,895 -   train_loss = 1.1368
2024-03-10 08:07:41,863 - ***** Epoch: 4: Eval results *****
2024-03-10 08:07:41,864 -   best_eval_score = 0.4728
2024-03-10 08:07:41,864 -   eval_score = 0.4906
2024-03-10 08:07:41,864 -   train_loss = 0.8072
2024-03-10 08:08:44,606 - ***** Epoch: 5: Eval results *****
2024-03-10 08:08:44,607 -   best_eval_score = 0.4906
2024-03-10 08:08:44,607 -   eval_score = 0.4899
2024-03-10 08:08:44,607 -   train_loss = 0.5428
2024-03-10 08:08:44,607 - EarlyStopping counter: 1 out of 8
2024-03-10 08:09:47,118 - ***** Epoch: 6: Eval results *****
2024-03-10 08:09:47,119 -   best_eval_score = 0.4906
2024-03-10 08:09:47,119 -   eval_score = 0.5082
2024-03-10 08:09:47,119 -   train_loss = 0.3535
2024-03-10 08:10:48,925 - ***** Epoch: 7: Eval results *****
2024-03-10 08:10:48,926 -   best_eval_score = 0.5082
2024-03-10 08:10:48,926 -   eval_score = 0.5134
2024-03-10 08:10:48,926 -   train_loss = 0.2289
2024-03-10 08:11:51,733 - ***** Epoch: 8: Eval results *****
2024-03-10 08:11:51,733 -   best_eval_score = 0.5134
2024-03-10 08:11:51,733 -   eval_score = 0.4935
2024-03-10 08:11:51,733 -   train_loss = 0.1619
2024-03-10 08:11:51,733 - EarlyStopping counter: 1 out of 8
2024-03-10 08:12:55,449 - ***** Epoch: 9: Eval results *****
2024-03-10 08:12:55,449 -   best_eval_score = 0.5134
2024-03-10 08:12:55,449 -   eval_score = 0.5085
2024-03-10 08:12:55,449 -   train_loss = 0.1246
2024-03-10 08:12:55,449 - EarlyStopping counter: 2 out of 8
2024-03-10 08:13:59,440 - ***** Epoch: 10: Eval results *****
2024-03-10 08:13:59,441 -   best_eval_score = 0.5134
2024-03-10 08:13:59,441 -   eval_score = 0.4968
2024-03-10 08:13:59,441 -   train_loss = 0.1056
2024-03-10 08:13:59,441 - EarlyStopping counter: 3 out of 8
2024-03-10 08:15:01,665 - ***** Epoch: 11: Eval results *****
2024-03-10 08:15:01,665 -   best_eval_score = 0.5134
2024-03-10 08:15:01,665 -   eval_score = 0.5247
2024-03-10 08:15:01,665 -   train_loss = 0.0878
2024-03-10 08:16:06,095 - ***** Epoch: 12: Eval results *****
2024-03-10 08:16:06,095 -   best_eval_score = 0.5247
2024-03-10 08:16:06,095 -   eval_score = 0.5239
2024-03-10 08:16:06,096 -   train_loss = 0.0822
2024-03-10 08:16:06,096 - EarlyStopping counter: 1 out of 8
2024-03-10 08:17:08,580 - ***** Epoch: 13: Eval results *****
2024-03-10 08:17:08,580 -   best_eval_score = 0.5247
2024-03-10 08:17:08,580 -   eval_score = 0.5238
2024-03-10 08:17:08,580 -   train_loss = 0.0554
2024-03-10 08:17:08,580 - EarlyStopping counter: 2 out of 8
2024-03-10 08:18:11,835 - ***** Epoch: 14: Eval results *****
2024-03-10 08:18:11,835 -   best_eval_score = 0.5247
2024-03-10 08:18:11,835 -   eval_score = 0.5319
2024-03-10 08:18:11,835 -   train_loss = 0.0481
2024-03-10 08:19:16,635 - ***** Epoch: 15: Eval results *****
2024-03-10 08:19:16,635 -   best_eval_score = 0.5319
2024-03-10 08:19:16,636 -   eval_score = 0.5278
2024-03-10 08:19:16,636 -   train_loss = 0.0459
2024-03-10 08:19:16,636 - EarlyStopping counter: 1 out of 8
2024-03-10 08:20:21,557 - ***** Epoch: 16: Eval results *****
2024-03-10 08:20:21,557 -   best_eval_score = 0.5319
2024-03-10 08:20:21,557 -   eval_score = 0.5272
2024-03-10 08:20:21,557 -   train_loss = 0.0433
2024-03-10 08:20:21,557 - EarlyStopping counter: 2 out of 8
2024-03-10 08:21:24,443 - ***** Epoch: 17: Eval results *****
2024-03-10 08:21:24,443 -   best_eval_score = 0.5319
2024-03-10 08:21:24,443 -   eval_score = 0.5264
2024-03-10 08:21:24,443 -   train_loss = 0.0419
2024-03-10 08:21:24,443 - EarlyStopping counter: 3 out of 8
2024-03-10 08:22:28,584 - ***** Epoch: 18: Eval results *****
2024-03-10 08:22:28,584 -   best_eval_score = 0.5319
2024-03-10 08:22:28,584 -   eval_score = 0.5296
2024-03-10 08:22:28,584 -   train_loss = 0.0399
2024-03-10 08:22:28,584 - EarlyStopping counter: 4 out of 8
2024-03-10 08:23:32,006 - ***** Epoch: 19: Eval results *****
2024-03-10 08:23:32,006 -   best_eval_score = 0.5319
2024-03-10 08:23:32,006 -   eval_score = 0.5263
2024-03-10 08:23:32,006 -   train_loss = 0.042
2024-03-10 08:23:32,006 - EarlyStopping counter: 5 out of 8
2024-03-10 08:24:34,671 - ***** Epoch: 20: Eval results *****
2024-03-10 08:24:34,671 -   best_eval_score = 0.5319
2024-03-10 08:24:34,671 -   eval_score = 0.5232
2024-03-10 08:24:34,671 -   train_loss = 0.0387
2024-03-10 08:24:34,671 - EarlyStopping counter: 6 out of 8
2024-03-10 08:25:37,374 - ***** Epoch: 21: Eval results *****
2024-03-10 08:25:37,374 -   best_eval_score = 0.5319
2024-03-10 08:25:37,374 -   eval_score = 0.5187
2024-03-10 08:25:37,374 -   train_loss = 0.039
2024-03-10 08:25:37,374 - EarlyStopping counter: 7 out of 8
2024-03-10 08:26:40,775 - ***** Epoch: 22: Eval results *****
2024-03-10 08:26:40,775 -   best_eval_score = 0.5319
2024-03-10 08:26:40,775 -   eval_score = 0.5206
2024-03-10 08:26:40,775 -   train_loss = 0.0365
2024-03-10 08:26:40,775 - EarlyStopping counter: 8 out of 8
2024-03-10 08:26:40,775 - EarlyStopping at epoch 22
2024-03-10 08:26:40,778 - Training is finished...
2024-03-10 08:26:40,778 - Testing begins...
2024-03-10 08:26:51,762 - ***** Test: Confusion Matrix *****
2024-03-10 08:26:51,763 - [[ 53   0   8   0   0   0   0   0   0   0   2   0   0   1   0   0   0   1
    0   0   0   0   0   1   1   0   0   1   0   0]
 [  0  53   0   0  10   3   4   0   1   0   2   1   3   0   4   0   0  10
    0   1   1   0   1   0   1   0   0   2   0   0]
 [ 11   0  38   0   1   0   0   0   0   1   1   0   0   0   2   1   0   3
    0   0   0   1   0   2   1   0   0   2   0   0]
 [  0   0   0  61   0   0   0   1   0   0   0   0   0   0   2   0   0   1
    0   0   0   0   0   0   0   0   0   0   0   0]
 [  0   5   0   0  32   1   0   0   1   0   0   0   0   0   0   0   0   4
    0   1   0   3   0   1   1   0   0   0   0   2]
 [  0   0   0   0   2  24   1   0   0   2   1   0   1   0   1   0   0   4
    0   0   0   0   0   1   0   0   0   0   0   0]
 [  0   1   0   0   0   3  24   8   0   2   3   0   7   0   0   0   0   0
    0   0   0   0   0   0   0   0   0   0   0   0]
 [  0   0   0   0   0   2   6  21   0   1   4   1   8   0   0   0   3   0
    0   0   0   0   1   0   0   0   0   0   0   0]
 [  1   2   1   3   1   0   0   0  23   0   0   1   1   2   4   1   0   3
    0   0   0   1   3   0   2   0   0   0   0   0]
 [  0   0   1   1   0   0   0   0   3  44   0   6   9   0  11   1   0  11
    1   0   2   4   2   1   3   1   0   4   0   2]
 [  0   0   0   0   0   2   6   0   1   0  45   0  33   0   1   0   0   2
    0   2   0   0   0   0   1   0   0   0   0   0]
 [  0   0   0   0   0   0   0   1   0   8   0  18   8   1   1   0   0   2
    1   0   1   0   2   0   0   0   0   4   0   0]
 [  0   0   2   0   0   0   4   9   0   3  20   0  90   1   0   0   2   1
    0   2   0   0   0   0   0   0   0   1   0   0]
 [  0   0   2   0   1   0   0   0   0   2   0   0   0   2   4   1   0   2
    2   0   0   0   0   0   0   0   0   1   0   0]
 [  0   2   2   1   0   1   0   1   6   5   1   0   2   5 121   0   0  24
    2   0   2   0  10   1   2   1   0   3   0   1]
 [  0   0   1   0   1   0   0   0   0   5   0   0   0   1   1   4   0   2
    2   0   0   1   0   1   0   0   1   1   1   0]
 [  0   0   0   0   1   0   1   0   0   0   1   0   2   0   1   0  55   0
    4   0   0   0   0   0   1   0   0   0   0   0]
 [  1   3   1   0   8   1   1   0   1  10   1   2   1   3  20   4   1 124
    8   2   1   2   7   7   0   0   1   3   2   2]
 [  0   3   0   0   0   0   0   0   1   3   2   0   0   1   6   1   1  10
   26   0   3   0   0   0   2   1   0   0   0   0]
 [  0   8   0   0   0   0   2   0   0   0   1   0   0   0   0   0   0   1
    0   4   0   1   0   0   0   0   0   0   0   0]
 [  0   1   2   0   1   0   0   0   0   2   0   1   1   0   4   1   0   5
    5   0   3   0   0   0   1   0   0   1   0   1]
 [  8   1   0   0   1   0   0   0   0   2   0   0   0   0   0   0   4   0
    0   1   1  23   0   4   0   1   2   3   0   2]
 [  0   0   1   1   0   0   0   0   0   2   1   2   0   2  12   0   0   3
    0   0   1   2  78   0   1   4   7   0   0   0]
 [  0   3   1   0   1   0   0   0   0   0   0   0   0   0   2   0   0   8
    0   0   0   3   0  20   0   0   0   0   0   0]
 [  2   0   1   0   0   0   0   0   1   1   2   3   0   2   3   0   0   4
    0   0   0   0   1   1  83   0   0   8   1   0]
 [  1   1   0   0   0   0   0   0   1   0   0   0   0   0   0   0   0   2
    0   0   0   0   2   0   1  22   0   0   0   1]
 [  0   0   0   1   0   0   0   0   0   2   0   0   0   0   2   0   0   3
    0   0   0   2   1   0   0   0   4   0   2   0]
 [  0   3   1   1   0   0   0   0   2   4   2   3   4   1   4   0   0   4
    2   0   2   0   4   0   8   1   0  11   0   1]
 [  0   0   0   0   0   0   0   0   0   0   0   0   0   0   0   0   1   0
    0   0   0   0   0   0   0   0   1   1  55   0]
 [  0   1   0   0   0   0   0   0   3   0   1   1   0   0   0   0   0   3
    1   0   0   0   0   0   0   1   0   1   0   7]]
2024-03-10 08:26:51,763 - ***** Evaluation results *****
2024-03-10 08:26:51,763 -   acc = 0.5745
2024-03-10 08:26:51,763 -   f1 = 0.5154
2024-03-10 08:26:51,763 -   prec = 0.5215
2024-03-10 08:26:51,763 -   rec = 0.5137
2024-03-10 08:26:51,764 - Testing is finished...
2024-03-10 08:26:51,764 - Multimodal intent recognition is finished...
2024-03-10 08:26:51,764 - Results are saved in results/mult_bert.csv
