2024-03-11 10:07:04,647 - ============================== Params ==============================
2024-03-11 10:07:04,647 - logger_name: mult_MIntRec2_multi-class_seed-5_2024-03-11-10-07-04
2024-03-11 10:07:04,647 - dataset: MIntRec2
2024-03-11 10:07:04,647 - data_mode: multi-class
2024-03-11 10:07:04,647 - method: mult
2024-03-11 10:07:04,647 - text_backbone: bert-base-uncased
2024-03-11 10:07:04,647 - text_backbone_path: /home/sharing/disk1/pretrained_embedding/bert/uncased_L-12_H-768_A-12/
2024-03-11 10:07:04,647 - seed: 5
2024-03-11 10:07:04,647 - num_workers: 8
2024-03-11 10:07:04,647 - gpu_id: 3
2024-03-11 10:07:04,647 - data_path: /home/sharing/disk2/sjh/intentDataset
2024-03-11 10:07:04,647 - train: True
2024-03-11 10:07:04,647 - tune: True
2024-03-11 10:07:04,647 - save_model: False
2024-03-11 10:07:04,647 - save_results: True
2024-03-11 10:07:04,647 - log_path: logs
2024-03-11 10:07:04,647 - cache_path: 
2024-03-11 10:07:04,647 - video_data_path: video_data
2024-03-11 10:07:04,647 - audio_data_path: audio_data
2024-03-11 10:07:04,647 - video_feats_path: video_feats.pkl
2024-03-11 10:07:04,647 - audio_feats_path: audio_feats.pkl
2024-03-11 10:07:04,647 - results_path: results
2024-03-11 10:07:04,647 - output_path: /home/sharing/disk2/sjh/Outputs/MIntRec2
2024-03-11 10:07:04,648 - model_path: models
2024-03-11 10:07:04,648 - config_file_name: mult_bert_MIntRec2
2024-03-11 10:07:04,648 - results_file_name: mult_bert.csv
2024-03-11 10:07:04,648 - padding_mode: zero
2024-03-11 10:07:04,648 - padding_loc: end
2024-03-11 10:07:04,648 - need_aligned: False
2024-03-11 10:07:04,648 - eval_monitor: f1
2024-03-11 10:07:04,648 - train_batch_size: 32
2024-03-11 10:07:04,648 - eval_batch_size: 16
2024-03-11 10:07:04,648 - test_batch_size: 16
2024-03-11 10:07:04,648 - wait_patience: 8
2024-03-11 10:07:04,648 - num_train_epochs: 100
2024-03-11 10:07:04,648 - dst_feature_dims: 80
2024-03-11 10:07:04,648 - nheads: 8
2024-03-11 10:07:04,648 - n_levels: 4
2024-03-11 10:07:04,648 - attn_dropout: 0.0
2024-03-11 10:07:04,648 - attn_dropout_v: 0.1
2024-03-11 10:07:04,648 - attn_dropout_a: 0.2
2024-03-11 10:07:04,648 - relu_dropout: 0.0
2024-03-11 10:07:04,648 - embed_dropout: 0.1
2024-03-11 10:07:04,648 - res_dropout: 0.0
2024-03-11 10:07:04,648 - output_dropout: 0.3
2024-03-11 10:07:04,648 - text_dropout: 0.2
2024-03-11 10:07:04,648 - grad_clip: 0.5
2024-03-11 10:07:04,648 - attn_mask: True
2024-03-11 10:07:04,648 - conv1d_kernel_size_l: 6
2024-03-11 10:07:04,648 - conv1d_kernel_size_v: 1
2024-03-11 10:07:04,648 - conv1d_kernel_size_a: 2
2024-03-11 10:07:04,648 - lr: 2e-05
2024-03-11 10:07:04,648 - pred_output_path: /home/sharing/disk2/sjh/Outputs/MIntRec2/mult_MIntRec2_multi-class_seed-5_2024-03-11-10-07-04
2024-03-11 10:07:04,648 - model_output_path: /home/sharing/disk2/sjh/Outputs/MIntRec2/mult_MIntRec2_multi-class_seed-5_2024-03-11-10-07-04/models
2024-03-11 10:07:04,648 - ============================== End Params ==============================
2024-03-11 10:07:04,993 - Generate Text Features Begin...
2024-03-11 10:07:06,978 - Generate Text Features Finished...
2024-03-11 10:07:06,983 - Load Video Features Begin...
2024-03-11 10:08:11,208 - Load Video Features Finished...
2024-03-11 10:08:12,819 - Load Audio Features Begin...
2024-03-11 10:11:54,569 - Load Audio Features Finished...
2024-03-11 10:12:09,110 - method  begins...
2024-03-11 10:12:17,432 - Multimodal intent recognition begins...
2024-03-11 10:12:17,432 - Training begins...
2024-03-11 10:13:32,842 - ***** Epoch: 1: Eval results *****
2024-03-11 10:13:32,843 -   best_eval_score = 0.0
2024-03-11 10:13:32,844 -   eval_score = 0.3653
2024-03-11 10:13:32,844 -   train_loss = 2.3081
2024-03-11 10:14:42,439 - ***** Epoch: 2: Eval results *****
2024-03-11 10:14:42,440 -   best_eval_score = 0.3653
2024-03-11 10:14:42,440 -   eval_score = 0.4416
2024-03-11 10:14:42,440 -   train_loss = 1.4572
2024-03-11 10:15:48,915 - ***** Epoch: 3: Eval results *****
2024-03-11 10:15:48,916 -   best_eval_score = 0.4416
2024-03-11 10:15:48,916 -   eval_score = 0.4778
2024-03-11 10:15:48,916 -   train_loss = 1.0699
2024-03-11 10:17:02,485 - ***** Epoch: 4: Eval results *****
2024-03-11 10:17:02,485 -   best_eval_score = 0.4778
2024-03-11 10:17:02,485 -   eval_score = 0.5068
2024-03-11 10:17:02,485 -   train_loss = 0.7268
2024-03-11 10:18:14,378 - ***** Epoch: 5: Eval results *****
2024-03-11 10:18:14,378 -   best_eval_score = 0.5068
2024-03-11 10:18:14,378 -   eval_score = 0.4983
2024-03-11 10:18:14,378 -   train_loss = 0.4755
2024-03-11 10:18:14,378 - EarlyStopping counter: 1 out of 8
2024-03-11 10:19:20,850 - ***** Epoch: 6: Eval results *****
2024-03-11 10:19:20,859 -   best_eval_score = 0.5068
2024-03-11 10:19:20,859 -   eval_score = 0.5123
2024-03-11 10:19:20,859 -   train_loss = 0.2875
2024-03-11 10:20:27,158 - ***** Epoch: 7: Eval results *****
2024-03-11 10:20:27,159 -   best_eval_score = 0.5123
2024-03-11 10:20:27,159 -   eval_score = 0.5143
2024-03-11 10:20:27,159 -   train_loss = 0.2008
2024-03-11 10:21:35,210 - ***** Epoch: 8: Eval results *****
2024-03-11 10:21:35,210 -   best_eval_score = 0.5143
2024-03-11 10:21:35,210 -   eval_score = 0.5238
2024-03-11 10:21:35,210 -   train_loss = 0.1312
2024-03-11 10:22:41,897 - ***** Epoch: 9: Eval results *****
2024-03-11 10:22:41,898 -   best_eval_score = 0.5238
2024-03-11 10:22:41,898 -   eval_score = 0.5149
2024-03-11 10:22:41,898 -   train_loss = 0.1105
2024-03-11 10:22:41,898 - EarlyStopping counter: 1 out of 8
2024-03-11 10:23:49,575 - ***** Epoch: 10: Eval results *****
2024-03-11 10:23:49,575 -   best_eval_score = 0.5238
2024-03-11 10:23:49,575 -   eval_score = 0.5153
2024-03-11 10:23:49,575 -   train_loss = 0.086
2024-03-11 10:23:49,575 - EarlyStopping counter: 2 out of 8
2024-03-11 10:24:59,185 - ***** Epoch: 11: Eval results *****
2024-03-11 10:24:59,186 -   best_eval_score = 0.5238
2024-03-11 10:24:59,186 -   eval_score = 0.5049
2024-03-11 10:24:59,186 -   train_loss = 0.0776
2024-03-11 10:24:59,186 - EarlyStopping counter: 3 out of 8
2024-03-11 10:26:06,885 - ***** Epoch: 12: Eval results *****
2024-03-11 10:26:06,886 -   best_eval_score = 0.5238
2024-03-11 10:26:06,886 -   eval_score = 0.514
2024-03-11 10:26:06,886 -   train_loss = 0.0652
2024-03-11 10:26:06,886 - EarlyStopping counter: 4 out of 8
2024-03-11 10:27:15,732 - ***** Epoch: 13: Eval results *****
2024-03-11 10:27:15,733 -   best_eval_score = 0.5238
2024-03-11 10:27:15,733 -   eval_score = 0.523
2024-03-11 10:27:15,733 -   train_loss = 0.0476
2024-03-11 10:27:15,733 - EarlyStopping counter: 5 out of 8
2024-03-11 10:28:29,296 - ***** Epoch: 14: Eval results *****
2024-03-11 10:28:29,296 -   best_eval_score = 0.5238
2024-03-11 10:28:29,296 -   eval_score = 0.5234
2024-03-11 10:28:29,296 -   train_loss = 0.0413
2024-03-11 10:28:29,296 - EarlyStopping counter: 6 out of 8
2024-03-11 10:29:42,958 - ***** Epoch: 15: Eval results *****
2024-03-11 10:29:42,958 -   best_eval_score = 0.5238
2024-03-11 10:29:42,958 -   eval_score = 0.5228
2024-03-11 10:29:42,958 -   train_loss = 0.04
2024-03-11 10:29:42,958 - EarlyStopping counter: 7 out of 8
2024-03-11 10:30:52,605 - ***** Epoch: 16: Eval results *****
2024-03-11 10:30:52,605 -   best_eval_score = 0.5238
2024-03-11 10:30:52,606 -   eval_score = 0.5255
2024-03-11 10:30:52,606 -   train_loss = 0.0379
2024-03-11 10:32:07,104 - ***** Epoch: 17: Eval results *****
2024-03-11 10:32:07,104 -   best_eval_score = 0.5255
2024-03-11 10:32:07,104 -   eval_score = 0.5264
2024-03-11 10:32:07,104 -   train_loss = 0.0391
2024-03-11 10:33:17,411 - ***** Epoch: 18: Eval results *****
2024-03-11 10:33:17,411 -   best_eval_score = 0.5264
2024-03-11 10:33:17,411 -   eval_score = 0.5261
2024-03-11 10:33:17,412 -   train_loss = 0.0359
2024-03-11 10:33:17,412 - EarlyStopping counter: 1 out of 8
2024-03-11 10:34:29,332 - ***** Epoch: 19: Eval results *****
2024-03-11 10:34:29,333 -   best_eval_score = 0.5264
2024-03-11 10:34:29,333 -   eval_score = 0.5243
2024-03-11 10:34:29,333 -   train_loss = 0.0356
2024-03-11 10:34:29,333 - EarlyStopping counter: 2 out of 8
2024-03-11 10:35:39,417 - ***** Epoch: 20: Eval results *****
2024-03-11 10:35:39,417 -   best_eval_score = 0.5264
2024-03-11 10:35:39,417 -   eval_score = 0.5267
2024-03-11 10:35:39,417 -   train_loss = 0.0345
2024-03-11 10:36:51,308 - ***** Epoch: 21: Eval results *****
2024-03-11 10:36:51,308 -   best_eval_score = 0.5267
2024-03-11 10:36:51,308 -   eval_score = 0.5163
2024-03-11 10:36:51,308 -   train_loss = 0.0326
2024-03-11 10:36:51,308 - EarlyStopping counter: 1 out of 8
2024-03-11 10:37:59,187 - ***** Epoch: 22: Eval results *****
2024-03-11 10:37:59,188 -   best_eval_score = 0.5267
2024-03-11 10:37:59,188 -   eval_score = 0.5197
2024-03-11 10:37:59,188 -   train_loss = 0.0318
2024-03-11 10:37:59,188 - EarlyStopping counter: 2 out of 8
2024-03-11 10:39:07,350 - ***** Epoch: 23: Eval results *****
2024-03-11 10:39:07,350 -   best_eval_score = 0.5267
2024-03-11 10:39:07,350 -   eval_score = 0.5217
2024-03-11 10:39:07,350 -   train_loss = 0.0324
2024-03-11 10:39:07,350 - EarlyStopping counter: 3 out of 8
2024-03-11 10:40:14,846 - ***** Epoch: 24: Eval results *****
2024-03-11 10:40:14,847 -   best_eval_score = 0.5267
2024-03-11 10:40:14,847 -   eval_score = 0.5223
2024-03-11 10:40:14,847 -   train_loss = 0.0325
2024-03-11 10:40:14,847 - EarlyStopping counter: 4 out of 8
2024-03-11 10:41:21,189 - ***** Epoch: 25: Eval results *****
2024-03-11 10:41:21,190 -   best_eval_score = 0.5267
2024-03-11 10:41:21,190 -   eval_score = 0.5218
2024-03-11 10:41:21,190 -   train_loss = 0.0304
2024-03-11 10:41:21,190 - EarlyStopping counter: 5 out of 8
2024-03-11 10:42:32,356 - ***** Epoch: 26: Eval results *****
2024-03-11 10:42:32,356 -   best_eval_score = 0.5267
2024-03-11 10:42:32,356 -   eval_score = 0.5222
2024-03-11 10:42:32,356 -   train_loss = 0.0301
2024-03-11 10:42:32,356 - EarlyStopping counter: 6 out of 8
2024-03-11 10:43:41,999 - ***** Epoch: 27: Eval results *****
2024-03-11 10:43:42,000 -   best_eval_score = 0.5267
2024-03-11 10:43:42,000 -   eval_score = 0.5205
2024-03-11 10:43:42,000 -   train_loss = 0.0322
2024-03-11 10:43:42,000 - EarlyStopping counter: 7 out of 8
2024-03-11 10:44:48,550 - ***** Epoch: 28: Eval results *****
2024-03-11 10:44:48,550 -   best_eval_score = 0.5267
2024-03-11 10:44:48,550 -   eval_score = 0.5211
2024-03-11 10:44:48,550 -   train_loss = 0.031
2024-03-11 10:44:48,550 - EarlyStopping counter: 8 out of 8
2024-03-11 10:44:48,550 - EarlyStopping at epoch 28
2024-03-11 10:44:48,553 - Training is finished...
2024-03-11 10:44:48,553 - Testing begins...
2024-03-11 10:45:00,038 - ***** Test: Confusion Matrix *****
2024-03-11 10:45:00,043 - [[ 50   0  11   0   0   0   0   0   0   0   2   0   0   1   0   0   0   1
    0   0   0   0   0   1   1   0   0   1   0   0]
 [  0  55   0   0   8   3   3   0   1   0   2   1   3   0   5   0   0   5
    0   2   1   1   1   0   2   1   0   3   0   0]
 [  9   0  39   0   3   0   0   0   0   0   1   0   0   1   2   1   0   4
    0   0   0   0   0   1   1   0   0   2   0   0]
 [  0   0   0  61   0   0   0   1   0   1   0   0   0   0   1   0   0   0
    0   0   0   0   0   0   0   0   0   0   0   1]
 [  0   6   0   0  32   0   0   0   0   0   0   0   0   0   0   0   0   5
    0   1   0   3   0   1   1   0   0   0   0   2]
 [  0   0   0   0   2  25   0   0   0   1   1   0   1   0   1   0   0   2
    0   2   0   0   0   1   0   1   0   0   0   0]
 [  0   1   0   0   0   3  26   7   0   2   2   1   5   0   1   0   0   0
    0   0   0   0   0   0   0   0   0   0   0   0]
 [  0   0   0   0   0   0   4  24   0   1   6   0   9   0   0   0   1   0
    0   0   1   0   1   0   0   0   0   0   0   0]
 [  1   3   1   3   1   0   0   0  23   0   0   2   1   2   2   1   0   5
    0   0   0   0   2   0   1   0   0   1   0   0]
 [  0   0   2   0   1   0   0   0   2  49   0   6   9   0  11   1   0   9
    1   0   1   3   3   1   4   1   0   2   0   1]
 [  0   1   0   0   0   3   6   2   0   1  49   0  26   0   1   0   0   2
    0   1   0   0   0   0   1   0   0   0   0   0]
 [  0   0   0   0   0   0   1   0   0   9   0  16   8   1   2   0   0   0
    2   0   1   0   2   0   0   0   0   5   0   0]
 [  0   0   0   0   0   0   4   9   0   3  20   2  89   0   0   0   3   1
    0   2   0   0   0   0   0   0   0   2   0   0]
 [  0   0   2   0   1   0   0   0   1   2   0   0   0   1   2   1   0   3
    2   0   0   0   1   0   0   0   0   1   0   0]
 [  0   1   1   0   0   2   0   0   4  10   1   1   2   5 115   3   0  24
    2   1   3   1  10   0   3   0   1   3   0   0]
 [  0   0   1   0   0   0   0   0   0   5   0   0   0   1   2   4   0   4
    2   0   1   1   0   0   0   0   0   0   1   0]
 [  0   0   0   0   1   0   1   2   0   0   0   0   1   0   0   0  58   0
    3   0   0   0   0   0   0   0   0   0   0   0]
 [  0   3   2   0   7   2   1   0   3  13   2   2   1   2  19   4   1 119
    7   3   3   4   5   8   0   0   2   1   1   2]
 [  0   4   0   0   0   0   0   0   1   4   2   0   0   2   6   0   2   8
   26   0   2   0   1   0   2   0   0   0   0   0]
 [  0   5   0   0   0   0   3   0   0   0   1   0   0   0   0   0   0   0
    0   6   0   2   0   0   0   0   0   0   0   0]
 [  0   1   2   0   1   0   0   0   0   1   0   1   1   0   5   1   0   5
    4   0   3   0   0   0   1   0   0   2   0   1]
 [  7   1   0   0   1   0   0   0   0   3   0   0   0   0   1   0   4   0
    0   1   1  25   0   3   1   1   1   1   0   2]
 [  0   1   1   1   0   0   0   0   0   1   0   5   1   2  12   0   0   3
    0   0   0   0  78   0   1   1  10   0   0   0]
 [  0   3   1   0   1   0   0   0   0   0   0   0   0   0   1   0   0   6
    0   0   0   4   0  22   0   0   0   0   0   0]
 [  2   0   2   0   0   0   0   0   0   1   1   2   1   1   2   0   0   3
    0   0   1   0   1   1  89   0   0   5   1   0]
 [  1   1   0   0   1   0   0   0   0   0   0   0   0   0   0   0   0   2
    0   0   0   0   2   0   1  22   0   0   0   1]
 [  0   0   0   0   0   0   0   0   0   2   0   0   0   0   3   0   0   4
    0   0   0   0   1   1   0   0   4   0   2   0]
 [  0   3   2   0   0   0   0   0   2   8   2   4   4   1   4   0   0   2
    1   0   2   0   2   0   9   1   0  10   0   1]
 [  0   0   0   1   0   0   0   0   0   0   0   0   0   0   0   0   1   0
    0   0   0   0   0   0   0   0   0   1  55   0]
 [  0   2   0   0   0   0   0   0   2   0   1   1   0   0   0   0   0   3
    1   0   0   0   0   0   1   1   0   0   0   7]]
2024-03-11 10:45:00,043 - ***** Evaluation results *****
2024-03-11 10:45:00,043 -   acc = 0.5814
2024-03-11 10:45:00,043 -   f1 = 0.5254
2024-03-11 10:45:00,043 -   prec = 0.5289
2024-03-11 10:45:00,043 -   rec = 0.5251
2024-03-11 10:45:00,043 - Testing is finished...
2024-03-11 10:45:00,043 - Multimodal intent recognition is finished...
2024-03-11 10:45:00,043 - Results are saved in results/mult_bert.csv
