2024-03-09 08:55:17,460 - ============================== Params ==============================
2024-03-09 08:55:17,462 - logger_name: mult_MIntRec2_multi-class_seed-2_2024-03-09-08-55-17
2024-03-09 08:55:17,462 - dataset: MIntRec2
2024-03-09 08:55:17,462 - data_mode: multi-class
2024-03-09 08:55:17,462 - method: mult
2024-03-09 08:55:17,462 - text_backbone: bert-base-uncased
2024-03-09 08:55:17,462 - text_backbone_path: /home/sharing/disk1/pretrained_embedding/bert/uncased_L-12_H-768_A-12/
2024-03-09 08:55:17,462 - seed: 2
2024-03-09 08:55:17,462 - num_workers: 8
2024-03-09 08:55:17,462 - gpu_id: 2
2024-03-09 08:55:17,462 - data_path: /home/sharing/disk2/sjh/intentDataset
2024-03-09 08:55:17,462 - train: True
2024-03-09 08:55:17,462 - tune: True
2024-03-09 08:55:17,462 - save_model: False
2024-03-09 08:55:17,462 - save_results: True
2024-03-09 08:55:17,462 - log_path: logs
2024-03-09 08:55:17,463 - cache_path: 
2024-03-09 08:55:17,463 - video_data_path: video_data
2024-03-09 08:55:17,463 - audio_data_path: audio_data
2024-03-09 08:55:17,463 - video_feats_path: video_feats.pkl
2024-03-09 08:55:17,463 - audio_feats_path: audio_feats.pkl
2024-03-09 08:55:17,463 - results_path: results
2024-03-09 08:55:17,463 - output_path: /home/sharing/disk2/sjh/Outputs/MIntRec2
2024-03-09 08:55:17,463 - model_path: models
2024-03-09 08:55:17,463 - config_file_name: mult_bert_MIntRec2
2024-03-09 08:55:17,463 - results_file_name: mult_bert.csv
2024-03-09 08:55:17,463 - padding_mode: zero
2024-03-09 08:55:17,463 - padding_loc: end
2024-03-09 08:55:17,463 - need_aligned: False
2024-03-09 08:55:17,463 - eval_monitor: f1
2024-03-09 08:55:17,463 - train_batch_size: 32
2024-03-09 08:55:17,463 - eval_batch_size: 16
2024-03-09 08:55:17,463 - test_batch_size: 16
2024-03-09 08:55:17,463 - wait_patience: 8
2024-03-09 08:55:17,463 - num_train_epochs: 100
2024-03-09 08:55:17,463 - dst_feature_dims: 80
2024-03-09 08:55:17,463 - nheads: 8
2024-03-09 08:55:17,463 - n_levels: 4
2024-03-09 08:55:17,463 - attn_dropout: 0.0
2024-03-09 08:55:17,463 - attn_dropout_v: 0.1
2024-03-09 08:55:17,463 - attn_dropout_a: 0.2
2024-03-09 08:55:17,463 - relu_dropout: 0.0
2024-03-09 08:55:17,463 - embed_dropout: 0.1
2024-03-09 08:55:17,463 - res_dropout: 0.0
2024-03-09 08:55:17,463 - output_dropout: 0.3
2024-03-09 08:55:17,463 - text_dropout: 0.4
2024-03-09 08:55:17,463 - grad_clip: 0.5
2024-03-09 08:55:17,463 - attn_mask: True
2024-03-09 08:55:17,463 - conv1d_kernel_size_l: 6
2024-03-09 08:55:17,463 - conv1d_kernel_size_v: 1
2024-03-09 08:55:17,463 - conv1d_kernel_size_a: 2
2024-03-09 08:55:17,463 - lr: 2e-05
2024-03-09 08:55:17,463 - pred_output_path: /home/sharing/disk2/sjh/Outputs/MIntRec2/mult_MIntRec2_multi-class_seed-2_2024-03-09-08-55-17
2024-03-09 08:55:17,463 - model_output_path: /home/sharing/disk2/sjh/Outputs/MIntRec2/mult_MIntRec2_multi-class_seed-2_2024-03-09-08-55-17/models
2024-03-09 08:55:17,463 - num_labels: 30
2024-03-09 08:55:17,463 - text_feat_dim: 768
2024-03-09 08:55:17,463 - video_feat_dim: 256
2024-03-09 08:55:17,463 - audio_feat_dim: 768
2024-03-09 08:55:17,463 - text_seq_len: 50
2024-03-09 08:55:17,463 - video_seq_len: 180
2024-03-09 08:55:17,463 - audio_seq_len: 400
2024-03-09 08:55:17,464 - device: cuda:2
2024-03-09 08:55:17,464 - ============================== End Params ==============================
2024-03-09 08:55:17,747 - Generate Text Features Begin...
2024-03-09 08:55:19,399 - Generate Text Features Finished...
2024-03-09 08:55:19,400 - Load Video Features Begin...
2024-03-09 08:56:28,404 - Load Video Features Finished...
2024-03-09 08:56:31,101 - Load Audio Features Begin...
2024-03-09 08:58:56,749 - Load Audio Features Finished...
2024-03-09 08:59:10,536 - method  begins...
2024-03-09 08:59:11,674 - Multimodal intent recognition begins...
2024-03-09 08:59:11,674 - Training begins...
2024-03-09 09:00:22,577 - ***** Epoch: 1: Eval results *****
2024-03-09 09:00:22,578 -   best_eval_score = 0.0
2024-03-09 09:00:22,578 -   eval_score = 0.3766
2024-03-09 09:00:22,578 -   train_loss = 2.3266
2024-03-09 09:01:34,096 - ***** Epoch: 2: Eval results *****
2024-03-09 09:01:34,097 -   best_eval_score = 0.3766
2024-03-09 09:01:34,097 -   eval_score = 0.4571
2024-03-09 09:01:34,097 -   train_loss = 1.4839
2024-03-09 09:02:44,320 - ***** Epoch: 3: Eval results *****
2024-03-09 09:02:44,320 -   best_eval_score = 0.4571
2024-03-09 09:02:44,320 -   eval_score = 0.475
2024-03-09 09:02:44,320 -   train_loss = 1.0918
2024-03-09 09:03:54,411 - ***** Epoch: 4: Eval results *****
2024-03-09 09:03:54,412 -   best_eval_score = 0.475
2024-03-09 09:03:54,412 -   eval_score = 0.4849
2024-03-09 09:03:54,412 -   train_loss = 0.7699
2024-03-09 09:05:05,518 - ***** Epoch: 5: Eval results *****
2024-03-09 09:05:05,519 -   best_eval_score = 0.4849
2024-03-09 09:05:05,519 -   eval_score = 0.4943
2024-03-09 09:05:05,519 -   train_loss = 0.4992
2024-03-09 09:06:18,839 - ***** Epoch: 6: Eval results *****
2024-03-09 09:06:18,840 -   best_eval_score = 0.4943
2024-03-09 09:06:18,840 -   eval_score = 0.4978
2024-03-09 09:06:18,840 -   train_loss = 0.3242
2024-03-09 09:07:30,842 - ***** Epoch: 7: Eval results *****
2024-03-09 09:07:30,843 -   best_eval_score = 0.4978
2024-03-09 09:07:30,843 -   eval_score = 0.5094
2024-03-09 09:07:30,843 -   train_loss = 0.2164
2024-03-09 09:08:41,059 - ***** Epoch: 8: Eval results *****
2024-03-09 09:08:41,059 -   best_eval_score = 0.5094
2024-03-09 09:08:41,059 -   eval_score = 0.495
2024-03-09 09:08:41,059 -   train_loss = 0.158
2024-03-09 09:08:41,059 - EarlyStopping counter: 1 out of 8
2024-03-09 09:09:53,063 - ***** Epoch: 9: Eval results *****
2024-03-09 09:09:53,072 -   best_eval_score = 0.5094
2024-03-09 09:09:53,072 -   eval_score = 0.5069
2024-03-09 09:09:53,072 -   train_loss = 0.115
2024-03-09 09:09:53,072 - EarlyStopping counter: 2 out of 8
2024-03-09 09:11:04,058 - ***** Epoch: 10: Eval results *****
2024-03-09 09:11:04,058 -   best_eval_score = 0.5094
2024-03-09 09:11:04,058 -   eval_score = 0.5052
2024-03-09 09:11:04,058 -   train_loss = 0.0922
2024-03-09 09:11:04,058 - EarlyStopping counter: 3 out of 8
2024-03-09 09:12:14,131 - ***** Epoch: 11: Eval results *****
2024-03-09 09:12:14,140 -   best_eval_score = 0.5094
2024-03-09 09:12:14,140 -   eval_score = 0.4838
2024-03-09 09:12:14,140 -   train_loss = 0.0817
2024-03-09 09:12:14,140 - EarlyStopping counter: 4 out of 8
2024-03-09 09:13:23,588 - ***** Epoch: 12: Eval results *****
2024-03-09 09:13:23,588 -   best_eval_score = 0.5094
2024-03-09 09:13:23,588 -   eval_score = 0.4965
2024-03-09 09:13:23,589 -   train_loss = 0.0591
2024-03-09 09:13:23,589 - EarlyStopping counter: 5 out of 8
2024-03-09 09:14:32,685 - ***** Epoch: 13: Eval results *****
2024-03-09 09:14:32,685 -   best_eval_score = 0.5094
2024-03-09 09:14:32,685 -   eval_score = 0.4997
2024-03-09 09:14:32,685 -   train_loss = 0.0483
2024-03-09 09:14:32,685 - EarlyStopping counter: 6 out of 8
2024-03-09 09:15:43,143 - ***** Epoch: 14: Eval results *****
2024-03-09 09:15:43,144 -   best_eval_score = 0.5094
2024-03-09 09:15:43,144 -   eval_score = 0.5009
2024-03-09 09:15:43,144 -   train_loss = 0.0445
2024-03-09 09:15:43,144 - EarlyStopping counter: 7 out of 8
2024-03-09 09:16:54,166 - ***** Epoch: 15: Eval results *****
2024-03-09 09:16:54,167 -   best_eval_score = 0.5094
2024-03-09 09:16:54,167 -   eval_score = 0.4959
2024-03-09 09:16:54,167 -   train_loss = 0.0442
2024-03-09 09:16:54,167 - EarlyStopping counter: 8 out of 8
2024-03-09 09:16:54,167 - EarlyStopping at epoch 15
2024-03-09 09:16:54,171 - Training is finished...
2024-03-09 09:16:54,173 - Testing begins...
2024-03-09 09:17:08,422 - ***** Test: Confusion Matrix *****
2024-03-09 09:17:08,424 - [[ 53   0   7   0   0   0   0   0   1   0   2   0   0   1   0   0   0   0
    0   0   0   0   1   1   2   0   0   0   0   0]
 [  0  53   2   0  11   1   5   0   0   0   2   1   5   0   3   0   1   7
    0   1   1   0   1   0   1   0   0   2   0   0]
 [ 14   0  38   0   1   0   0   0   0   0   1   0   0   1   1   0   0   4
    0   0   0   0   0   1   3   0   0   0   0   0]
 [  0   0   0  61   0   0   0   1   0   1   0   0   0   0   1   0   0   1
    0   0   0   0   0   0   0   0   0   0   0   0]
 [  0   2   0   0  34   1   0   0   1   0   0   0   0   0   0   0   0   3
    0   0   0   4   0   0   1   0   0   0   1   4]
 [  0   1   0   0   1  18   0   2   0   2   2   0   0   0   1   0   0   6
    0   0   1   0   0   1   0   1   1   0   0   0]
 [  0   1   0   0   0   3  24   5   0   2   4   0   9   0   0   0   0   0
    0   0   0   0   0   0   0   0   0   0   0   0]
 [  0   0   0   0   0   0   5  28   0   1   5   0   5   0   0   0   1   0
    0   0   0   0   0   0   0   1   0   1   0   0]
 [  1   3   1   2   1   1   0   0  21   1   0   2   1   1   5   0   0   3
    0   0   0   0   4   0   2   0   0   0   0   0]
 [  0   0   1   0   1   1   0   0   1  55   1   6   9   0  10   0   0   6
    3   0   1   2   2   1   4   1   0   1   0   1]
 [  2   0   0   0   0   3   1   4   0   0  47   0  30   0   2   0   0   0
    0   2   0   0   0   1   1   0   0   0   0   0]
 [  0   0   0   0   0   0   1   0   0   7   1  20   9   0   1   0   0   1
    1   0   0   0   3   0   1   0   0   1   0   1]
 [  0   0   0   0   0   0   1   9   0   4  25   0  91   0   1   0   2   0
    0   1   0   0   1   0   0   0   0   0   0   0]
 [  0   0   1   0   1   0   0   0   0   2   0   0   0   3   2   0   0   4
    3   0   0   0   0   0   0   0   0   1   0   0]
 [  0   0   1   0   0   2   0   0   3   8   3   1   1   3 114   1   0  31
    1   0   5   0  11   0   3   0   0   5   0   0]
 [  0   0   1   0   1   0   0   0   0   5   0   0   0   0   2   5   0   4
    2   0   0   1   0   0   0   0   0   0   1   0]
 [  0   0   0   0   1   0   0   0   0   0   1   0   2   0   0   0  60   0
    2   0   0   0   0   0   0   0   0   0   0   0]
 [  1   4   1   1   8   2   0   0   1  12   2   0   1   1  19   3   2 120
    7   1   1   2   7  10   0   2   1   1   1   6]
 [  0   1   0   0   0   0   0   0   0   2   3   0   0   1   4   2   3  14
   23   1   3   0   1   0   1   0   0   1   0   0]
 [  0   5   0   0   1   0   2   0   0   0   1   0   1   0   0   0   0   0
    0   5   0   2   0   0   0   0   0   0   0   0]
 [  0   1   2   0   1   0   0   0   0   1   0   1   1   0   3   0   0   5
    5   0   4   0   1   0   2   0   0   1   0   1]
 [  6   1   0   0   0   0   0   0   0   5   0   0   0   0   1   0   5   0
    0   0   0  28   0   3   1   0   1   0   0   2]
 [  0   0   0   0   0   0   0   0   2   4   0   2   0   2   8   0   0   5
    0   0   0   0  80   0   0   2  11   1   0   0]
 [  0   3   2   0   1   1   0   0   0   2   0   0   0   0   1   0   0   4
    0   0   0   3   0  21   0   0   0   0   0   0]
 [  1   0   1   0   0   0   0   0   1   1   2   3   0   0   4   1   0   4
    0   0   0   0   1   0  88   0   0   5   1   0]
 [  1   0   0   0   0   0   0   0   0   0   0   1   0   0   0   0   0   1
    0   0   1   0   2   0   1  22   0   0   0   2]
 [  0   0   0   0   0   0   0   0   0   2   0   0   0   0   2   0   0   4
    0   0   0   0   2   0   0   0   5   0   2   0]
 [  0   2   1   0   0   0   0   1   3   8   2   2   3   1   2   1   0   4
    0   0   2   0   1   0  10   1   1  10   1   2]
 [  0   0   0   0   0   0   0   0   0   0   0   0   0   0   1   0   1   0
    0   0   0   0   0   0   0   0   0   0  56   0]
 [  0   2   0   0   0   0   0   0   1   1   1   1   0   0   0   0   0   4
    1   0   0   0   0   0   1   1   0   0   0   6]]
2024-03-09 09:17:08,424 - ***** Evaluation results *****
2024-03-09 09:17:08,424 -   acc = 0.5868
2024-03-09 09:17:08,424 -   f1 = 0.5338
2024-03-09 09:17:08,424 -   prec = 0.5471
2024-03-09 09:17:08,424 -   rec = 0.5309
2024-03-09 09:17:08,424 - Testing is finished...
2024-03-09 09:17:08,424 - Multimodal intent recognition is finished...
2024-03-09 09:17:08,424 - Results are saved in results/mult_bert.csv
