2024-03-11 11:04:53,505 - ============================== Params ==============================
2024-03-11 11:04:53,506 - logger_name: mult_MIntRec2_multi-class_seed-1_2024-03-11-11-04-53
2024-03-11 11:04:53,506 - dataset: MIntRec2
2024-03-11 11:04:53,506 - data_mode: multi-class
2024-03-11 11:04:53,506 - method: mult
2024-03-11 11:04:53,506 - text_backbone: bert-base-uncased
2024-03-11 11:04:53,506 - text_backbone_path: /home/sharing/disk1/pretrained_embedding/bert/uncased_L-12_H-768_A-12/
2024-03-11 11:04:53,506 - seed: 1
2024-03-11 11:04:53,506 - num_workers: 8
2024-03-11 11:04:53,506 - gpu_id: 3
2024-03-11 11:04:53,506 - data_path: /home/sharing/disk2/sjh/intentDataset
2024-03-11 11:04:53,506 - train: True
2024-03-11 11:04:53,506 - tune: True
2024-03-11 11:04:53,506 - save_model: False
2024-03-11 11:04:53,506 - save_results: True
2024-03-11 11:04:53,506 - log_path: logs
2024-03-11 11:04:53,506 - cache_path: 
2024-03-11 11:04:53,506 - video_data_path: video_data
2024-03-11 11:04:53,506 - audio_data_path: audio_data
2024-03-11 11:04:53,506 - video_feats_path: video_feats.pkl
2024-03-11 11:04:53,506 - audio_feats_path: audio_feats.pkl
2024-03-11 11:04:53,506 - results_path: results
2024-03-11 11:04:53,506 - output_path: /home/sharing/disk2/sjh/Outputs/MIntRec2
2024-03-11 11:04:53,506 - model_path: models
2024-03-11 11:04:53,506 - config_file_name: mult_bert_MIntRec2
2024-03-11 11:04:53,506 - results_file_name: mult_bert.csv
2024-03-11 11:04:53,506 - padding_mode: zero
2024-03-11 11:04:53,506 - padding_loc: end
2024-03-11 11:04:53,506 - need_aligned: False
2024-03-11 11:04:53,506 - eval_monitor: f1
2024-03-11 11:04:53,506 - train_batch_size: 32
2024-03-11 11:04:53,506 - eval_batch_size: 16
2024-03-11 11:04:53,506 - test_batch_size: 16
2024-03-11 11:04:53,506 - wait_patience: 8
2024-03-11 11:04:53,506 - num_train_epochs: 100
2024-03-11 11:04:53,507 - dst_feature_dims: 80
2024-03-11 11:04:53,507 - nheads: 8
2024-03-11 11:04:53,507 - n_levels: 4
2024-03-11 11:04:53,507 - attn_dropout: 0.0
2024-03-11 11:04:53,507 - attn_dropout_v: 0.1
2024-03-11 11:04:53,507 - attn_dropout_a: 0.2
2024-03-11 11:04:53,507 - relu_dropout: 0.0
2024-03-11 11:04:53,507 - embed_dropout: 0.1
2024-03-11 11:04:53,507 - res_dropout: 0.0
2024-03-11 11:04:53,507 - output_dropout: 0.3
2024-03-11 11:04:53,507 - text_dropout: 0.2
2024-03-11 11:04:53,507 - grad_clip: 0.5
2024-03-11 11:04:53,507 - attn_mask: True
2024-03-11 11:04:53,507 - conv1d_kernel_size_l: 6
2024-03-11 11:04:53,507 - conv1d_kernel_size_v: 1
2024-03-11 11:04:53,507 - conv1d_kernel_size_a: 2
2024-03-11 11:04:53,507 - lr: 2e-05
2024-03-11 11:04:53,507 - pred_output_path: /home/sharing/disk2/sjh/Outputs/MIntRec2/mult_MIntRec2_multi-class_seed-1_2024-03-11-11-04-53
2024-03-11 11:04:53,507 - model_output_path: /home/sharing/disk2/sjh/Outputs/MIntRec2/mult_MIntRec2_multi-class_seed-1_2024-03-11-11-04-53/models
2024-03-11 11:04:53,507 - ============================== End Params ==============================
2024-03-11 11:04:53,522 - Generate Text Features Begin...
2024-03-11 11:04:55,524 - Generate Text Features Finished...
2024-03-11 11:04:55,529 - Load Video Features Begin...
2024-03-11 11:04:59,887 - Load Video Features Finished...
2024-03-11 11:05:01,873 - Load Audio Features Begin...
2024-03-11 11:05:27,031 - Load Audio Features Finished...
2024-03-11 11:05:41,545 - method  begins...
2024-03-11 11:05:47,431 - Multimodal intent recognition begins...
2024-03-11 11:05:47,431 - Training begins...
2024-03-11 11:06:57,143 - ***** Epoch: 1: Eval results *****
2024-03-11 11:06:57,144 -   best_eval_score = 0.0
2024-03-11 11:06:57,144 -   eval_score = 0.3914
2024-03-11 11:06:57,144 -   train_loss = 2.2772
2024-03-11 11:08:04,419 - ***** Epoch: 2: Eval results *****
2024-03-11 11:08:04,419 -   best_eval_score = 0.3914
2024-03-11 11:08:04,419 -   eval_score = 0.4734
2024-03-11 11:08:04,419 -   train_loss = 1.4404
2024-03-11 11:09:11,016 - ***** Epoch: 3: Eval results *****
2024-03-11 11:09:11,017 -   best_eval_score = 0.4734
2024-03-11 11:09:11,017 -   eval_score = 0.4984
2024-03-11 11:09:11,017 -   train_loss = 1.0484
2024-03-11 11:10:17,830 - ***** Epoch: 4: Eval results *****
2024-03-11 11:10:17,830 -   best_eval_score = 0.4984
2024-03-11 11:10:17,830 -   eval_score = 0.5088
2024-03-11 11:10:17,831 -   train_loss = 0.717
2024-03-11 11:11:24,636 - ***** Epoch: 5: Eval results *****
2024-03-11 11:11:24,637 -   best_eval_score = 0.5088
2024-03-11 11:11:24,637 -   eval_score = 0.5185
2024-03-11 11:11:24,637 -   train_loss = 0.4606
2024-03-11 11:12:29,572 - ***** Epoch: 6: Eval results *****
2024-03-11 11:12:29,573 -   best_eval_score = 0.5185
2024-03-11 11:12:29,573 -   eval_score = 0.5103
2024-03-11 11:12:29,573 -   train_loss = 0.2973
2024-03-11 11:12:29,573 - EarlyStopping counter: 1 out of 8
2024-03-11 11:13:36,302 - ***** Epoch: 7: Eval results *****
2024-03-11 11:13:36,302 -   best_eval_score = 0.5185
2024-03-11 11:13:36,302 -   eval_score = 0.5254
2024-03-11 11:13:36,303 -   train_loss = 0.1843
2024-03-11 11:14:44,016 - ***** Epoch: 8: Eval results *****
2024-03-11 11:14:44,016 -   best_eval_score = 0.5254
2024-03-11 11:14:44,016 -   eval_score = 0.5211
2024-03-11 11:14:44,016 -   train_loss = 0.1254
2024-03-11 11:14:44,016 - EarlyStopping counter: 1 out of 8
2024-03-11 11:15:50,497 - ***** Epoch: 9: Eval results *****
2024-03-11 11:15:50,497 -   best_eval_score = 0.5254
2024-03-11 11:15:50,497 -   eval_score = 0.5259
2024-03-11 11:15:50,497 -   train_loss = 0.1101
2024-03-11 11:16:56,722 - ***** Epoch: 10: Eval results *****
2024-03-11 11:16:56,722 -   best_eval_score = 0.5259
2024-03-11 11:16:56,722 -   eval_score = 0.5318
2024-03-11 11:16:56,722 -   train_loss = 0.0789
2024-03-11 11:18:05,063 - ***** Epoch: 11: Eval results *****
2024-03-11 11:18:05,064 -   best_eval_score = 0.5318
2024-03-11 11:18:05,064 -   eval_score = 0.5284
2024-03-11 11:18:05,064 -   train_loss = 0.0681
2024-03-11 11:18:05,064 - EarlyStopping counter: 1 out of 8
2024-03-11 11:19:13,315 - ***** Epoch: 12: Eval results *****
2024-03-11 11:19:13,316 -   best_eval_score = 0.5318
2024-03-11 11:19:13,316 -   eval_score = 0.5196
2024-03-11 11:19:13,316 -   train_loss = 0.0645
2024-03-11 11:19:13,316 - EarlyStopping counter: 2 out of 8
2024-03-11 11:20:20,163 - ***** Epoch: 13: Eval results *****
2024-03-11 11:20:20,164 -   best_eval_score = 0.5318
2024-03-11 11:20:20,164 -   eval_score = 0.5289
2024-03-11 11:20:20,164 -   train_loss = 0.0473
2024-03-11 11:20:20,164 - EarlyStopping counter: 3 out of 8
2024-03-11 11:21:27,921 - ***** Epoch: 14: Eval results *****
2024-03-11 11:21:27,921 -   best_eval_score = 0.5318
2024-03-11 11:21:27,921 -   eval_score = 0.5275
2024-03-11 11:21:27,921 -   train_loss = 0.0418
2024-03-11 11:21:27,921 - EarlyStopping counter: 4 out of 8
2024-03-11 11:22:33,649 - ***** Epoch: 15: Eval results *****
2024-03-11 11:22:33,649 -   best_eval_score = 0.5318
2024-03-11 11:22:33,649 -   eval_score = 0.5348
2024-03-11 11:22:33,649 -   train_loss = 0.0381
2024-03-11 11:23:39,201 - ***** Epoch: 16: Eval results *****
2024-03-11 11:23:39,201 -   best_eval_score = 0.5348
2024-03-11 11:23:39,201 -   eval_score = 0.5324
2024-03-11 11:23:39,201 -   train_loss = 0.0389
2024-03-11 11:23:39,201 - EarlyStopping counter: 1 out of 8
2024-03-11 11:24:45,078 - ***** Epoch: 17: Eval results *****
2024-03-11 11:24:45,079 -   best_eval_score = 0.5348
2024-03-11 11:24:45,079 -   eval_score = 0.5321
2024-03-11 11:24:45,079 -   train_loss = 0.0365
2024-03-11 11:24:45,079 - EarlyStopping counter: 2 out of 8
2024-03-11 11:25:51,297 - ***** Epoch: 18: Eval results *****
2024-03-11 11:25:51,297 -   best_eval_score = 0.5348
2024-03-11 11:25:51,297 -   eval_score = 0.5294
2024-03-11 11:25:51,297 -   train_loss = 0.036
2024-03-11 11:25:51,297 - EarlyStopping counter: 3 out of 8
2024-03-11 11:26:58,287 - ***** Epoch: 19: Eval results *****
2024-03-11 11:26:58,296 -   best_eval_score = 0.5348
2024-03-11 11:26:58,296 -   eval_score = 0.5331
2024-03-11 11:26:58,296 -   train_loss = 0.0351
2024-03-11 11:26:58,296 - EarlyStopping counter: 4 out of 8
2024-03-11 11:28:05,027 - ***** Epoch: 20: Eval results *****
2024-03-11 11:28:05,027 -   best_eval_score = 0.5348
2024-03-11 11:28:05,027 -   eval_score = 0.5316
2024-03-11 11:28:05,027 -   train_loss = 0.0335
2024-03-11 11:28:05,027 - EarlyStopping counter: 5 out of 8
2024-03-11 11:29:13,087 - ***** Epoch: 21: Eval results *****
2024-03-11 11:29:13,087 -   best_eval_score = 0.5348
2024-03-11 11:29:13,087 -   eval_score = 0.525
2024-03-11 11:29:13,088 -   train_loss = 0.0327
2024-03-11 11:29:13,088 - EarlyStopping counter: 6 out of 8
2024-03-11 11:30:20,095 - ***** Epoch: 22: Eval results *****
2024-03-11 11:30:20,104 -   best_eval_score = 0.5348
2024-03-11 11:30:20,104 -   eval_score = 0.5282
2024-03-11 11:30:20,104 -   train_loss = 0.0312
2024-03-11 11:30:20,104 - EarlyStopping counter: 7 out of 8
2024-03-11 11:31:27,194 - ***** Epoch: 23: Eval results *****
2024-03-11 11:31:27,194 -   best_eval_score = 0.5348
2024-03-11 11:31:27,194 -   eval_score = 0.5285
2024-03-11 11:31:27,194 -   train_loss = 0.0323
2024-03-11 11:31:27,195 - EarlyStopping counter: 8 out of 8
2024-03-11 11:31:27,195 - EarlyStopping at epoch 23
2024-03-11 11:31:27,198 - Training is finished...
2024-03-11 11:31:27,198 - Testing begins...
2024-03-11 11:31:38,773 - ***** Test: Confusion Matrix *****
2024-03-11 11:31:38,783 - [[ 43   0  20   0   0   0   0   0   0   0   2   0   0   1   0   0   0   1
    0   0   0   0   1   0   0   0   0   0   0   0]
 [  0  54   0   0   9   2   3   0   2   0   2   1   3   0   4   0   0  10
    0   1   1   1   1   0   2   0   0   1   0   0]
 [  9   0  41   0   1   0   0   0   0   0   1   0   0   1   2   1   0   3
    1   0   0   0   0   1   1   0   0   2   0   0]
 [  0   0   0  61   0   0   0   1   0   0   0   0   0   0   1   0   0   1
    0   0   0   0   0   0   0   0   0   1   0   0]
 [  0   7   0   0  33   1   0   0   0   0   0   0   0   0   0   0   0   2
    0   1   1   2   0   2   1   0   0   0   0   1]
 [  0   0   0   0   1  24   0   0   0   3   1   0   0   0   1   0   0   3
    0   1   0   1   1   1   0   0   0   0   0   0]
 [  0   0   0   0   0   3  24   8   0   2   2   0   9   0   0   0   0   0
    0   0   0   0   0   0   0   0   0   0   0   0]
 [  0   0   0   0   0   2   4  24   0   0   6   0   6   0   0   0   3   0
    0   0   0   0   0   0   0   0   0   2   0   0]
 [  1   3   1   3   1   0   0   0  20   1   0   2   1   2   4   0   0   4
    0   0   0   0   4   0   2   0   0   0   0   0]
 [  0   2   1   1   0   0   1   0   4  47   0   7   9   0  13   1   0   5
    2   0   2   2   2   1   2   0   2   3   0   0]
 [  2   0   0   0   0   2   2   1   0   0  47   0  31   0   2   0   1   1
    0   2   1   0   0   0   1   0   0   0   0   0]
 [  0   0   0   0   0   0   0   1   0   4   0  22   8   1   1   0   0   2
    0   0   1   0   2   0   0   0   0   4   0   1]
 [  0   0   0   0   0   1   6   8   0   4  20   0  93   0   0   0   1   0
    0   1   0   0   0   0   0   0   0   1   0   0]
 [  0   0   2   0   1   0   0   0   1   1   0   0   0   1   4   0   0   2
    3   0   1   0   1   0   0   0   0   0   0   0]
 [  0   1   2   1   0   2   0   0   3   7   1   2   1   2 121   1   0  26
    2   0   1   0  11   0   4   1   0   4   0   0]
 [  0   0   1   0   1   0   0   0   0   5   0   0   0   1   2   3   0   3
    4   0   0   1   0   0   0   0   0   0   1   0]
 [  0   0   0   0   1   0   0   2   1   0   2   0   2   0   0   0  54   0
    3   0   0   1   0   0   0   0   0   0   0   0]
 [  0   6   2   0   5   2   1   0   2   9   0   0   1   4  20   2   1 118
    9   3   2   5   7  10   0   1   1   3   1   2]
 [  0   1   0   0   0   0   1   0   0   3   2   0   0   3   9   0   2   7
   29   0   2   0   0   0   1   0   0   0   0   0]
 [  0   5   0   0   0   0   2   0   0   0   1   0   0   0   0   0   0   0
    0   8   0   1   0   0   0   0   0   0   0   0]
 [  0   2   2   0   1   0   0   0   0   2   0   1   2   0   2   0   0   3
    4   0   4   0   0   1   0   0   0   4   0   1]
 [  7   1   0   0   0   0   0   0   0   2   0   0   0   0   2   0   4   0
    0   1   0  23   1   5   0   0   1   3   0   3]
 [  0   0   0   1   0   0   0   0   1   3   1   3   0   2  13   0   0   2
    0   0   0   0  78   0   1   2   7   2   0   1]
 [  0   3   1   0   1   0   0   0   0   2   0   0   0   0   0   0   0   7
    0   0   1   2   0  21   0   0   0   0   0   0]
 [  1   0   2   0   0   0   0   0   1   1   0   1   0   0   3   1   0   3
    1   0   0   0   1   1  80   0   0  15   2   0]
 [  1   1   0   0   1   0   0   0   0   0   0   1   0   0   0   0   0   2
    0   0   0   0   2   0   1  19   1   0   0   2]
 [  0   1   0   1   0   0   0   0   0   2   0   0   0   0   2   0   0   2
    0   0   0   0   3   1   0   0   3   0   2   0]
 [  0   3   1   0   0   0   0   1   3   5   2   6   4   2   2   0   0   1
    1   0   1   0   1   0   8   1   0  13   0   3]
 [  0   0   0   0   0   0   0   0   0   0   0   0   0   0   0   0   1   0
    0   0   0   0   0   0   0   0   0   1  56   0]
 [  0   1   0   0   1   0   0   0   1   2   1   1   0   0   0   0   0   3
    1   0   0   0   0   0   1   1   0   1   0   5]]
2024-03-11 11:31:38,783 - ***** Evaluation results *****
2024-03-11 11:31:38,783 -   acc = 0.575
2024-03-11 11:31:38,783 -   f1 = 0.5173
2024-03-11 11:31:38,783 -   prec = 0.526
2024-03-11 11:31:38,783 -   rec = 0.5155
2024-03-11 11:31:38,783 - Testing is finished...
2024-03-11 11:31:38,783 - Multimodal intent recognition is finished...
2024-03-11 11:31:38,783 - Results are saved in results/mult_bert.csv
