2024-03-01 08:29:10,735 - ============================== Params ==============================
2024-03-01 08:29:10,736 - logger_name: text_MIntRec2_multi-class_seed-2_2024-03-01-08-29-10
2024-03-01 08:29:10,736 - dataset: MIntRec2
2024-03-01 08:29:10,736 - data_mode: multi-class
2024-03-01 08:29:10,736 - method: text
2024-03-01 08:29:10,736 - text_backbone: bert-base-uncased
2024-03-01 08:29:10,736 - text_backbone_path: /home/sharing/disk1/pretrained_embedding/bert/uncased_L-12_H-768_A-12/
2024-03-01 08:29:10,736 - seed: 2
2024-03-01 08:29:10,736 - num_workers: 8
2024-03-01 08:29:10,736 - gpu_id: 2
2024-03-01 08:29:10,736 - data_path: /home/sharing/disk2/sjh/intentDataset
2024-03-01 08:29:10,736 - train: True
2024-03-01 08:29:10,736 - tune: True
2024-03-01 08:29:10,736 - save_model: False
2024-03-01 08:29:10,736 - save_results: True
2024-03-01 08:29:10,736 - log_path: logs
2024-03-01 08:29:10,736 - cache_path: 
2024-03-01 08:29:10,736 - video_data_path: video_data
2024-03-01 08:29:10,736 - audio_data_path: audio_data
2024-03-01 08:29:10,736 - video_feats_path: video_feats.pkl
2024-03-01 08:29:10,736 - audio_feats_path: audio_feats.pkl
2024-03-01 08:29:10,736 - results_path: results
2024-03-01 08:29:10,736 - output_path: /home/sharing/disk2/sjh/Outputs/MIntRec2
2024-03-01 08:29:10,736 - model_path: models
2024-03-01 08:29:10,736 - config_file_name: text_bert_MIntRec2
2024-03-01 08:29:10,736 - results_file_name: text_bert.csv
2024-03-01 08:29:10,736 - padding_mode: zero
2024-03-01 08:29:10,736 - padding_loc: end
2024-03-01 08:29:10,736 - eval_monitor: f1
2024-03-01 08:29:10,736 - train_batch_size: 16
2024-03-01 08:29:10,736 - eval_batch_size: 8
2024-03-01 08:29:10,736 - test_batch_size: 8
2024-03-01 08:29:10,736 - wait_patience: 8
2024-03-01 08:29:10,736 - num_train_epochs: 100
2024-03-01 08:29:10,736 - warmup_proportion: 0.01
2024-03-01 08:29:10,736 - lr: 8e-06
2024-03-01 08:29:10,736 - weight_decay: 0.1
2024-03-01 08:29:10,736 - pred_output_path: /home/sharing/disk2/sjh/Outputs/MIntRec2/text_MIntRec2_multi-class_seed-2_2024-03-01-08-29-10
2024-03-01 08:29:10,736 - model_output_path: /home/sharing/disk2/sjh/Outputs/MIntRec2/text_MIntRec2_multi-class_seed-2_2024-03-01-08-29-10/models
2024-03-01 08:29:10,737 - num_labels: 30
2024-03-01 08:29:10,737 - text_feat_dim: 768
2024-03-01 08:29:10,737 - video_feat_dim: 256
2024-03-01 08:29:10,737 - audio_feat_dim: 768
2024-03-01 08:29:10,737 - text_seq_len: 50
2024-03-01 08:29:10,737 - video_seq_len: 180
2024-03-01 08:29:10,737 - audio_seq_len: 400
2024-03-01 08:29:10,737 - ============================== End Params ==============================
2024-03-01 08:29:10,749 - Generate Text Features Begin...
2024-03-01 08:29:12,386 - Generate Text Features Finished...
2024-03-01 08:29:12,388 - Load Video Features Begin...
2024-03-01 08:29:13,416 - Load Video Features Finished...
2024-03-01 08:29:14,912 - Load Audio Features Begin...
2024-03-01 08:29:18,569 - Load Audio Features Finished...
2024-03-01 08:29:29,965 - method  begins...
2024-03-01 08:29:30,927 - text_data loading complete...
2024-03-01 08:29:30,927 - Multimodal intent recognition begins...
2024-03-01 08:29:30,927 - Training begins...
2024-03-01 08:30:05,479 - ***** Epoch: 1: Eval results *****
2024-03-01 08:30:05,480 -   train_loss = 2.9602
2024-03-01 08:30:05,480 -   best_eval_score = 0.0
2024-03-01 08:30:05,480 -   eval_score = 0.2364
2024-03-01 08:30:39,567 - ***** Epoch: 2: Eval results *****
2024-03-01 08:30:39,567 -   train_loss = 1.9352
2024-03-01 08:30:39,568 -   best_eval_score = 0.2364
2024-03-01 08:30:39,568 -   eval_score = 0.3605
2024-03-01 08:31:14,367 - ***** Epoch: 3: Eval results *****
2024-03-01 08:31:14,368 -   train_loss = 1.4644
2024-03-01 08:31:14,368 -   best_eval_score = 0.3605
2024-03-01 08:31:14,368 -   eval_score = 0.4208
2024-03-01 08:31:49,381 - ***** Epoch: 4: Eval results *****
2024-03-01 08:31:49,381 -   train_loss = 1.177
2024-03-01 08:31:49,381 -   best_eval_score = 0.4208
2024-03-01 08:31:49,381 -   eval_score = 0.4461
2024-03-01 08:32:23,970 - ***** Epoch: 5: Eval results *****
2024-03-01 08:32:23,971 -   train_loss = 0.9427
2024-03-01 08:32:23,971 -   best_eval_score = 0.4461
2024-03-01 08:32:23,971 -   eval_score = 0.4607
2024-03-01 08:32:58,395 - ***** Epoch: 6: Eval results *****
2024-03-01 08:32:58,395 -   train_loss = 0.758
2024-03-01 08:32:58,396 -   best_eval_score = 0.4607
2024-03-01 08:32:58,396 -   eval_score = 0.4653
2024-03-01 08:33:32,411 - ***** Epoch: 7: Eval results *****
2024-03-01 08:33:32,411 -   train_loss = 0.6135
2024-03-01 08:33:32,411 -   best_eval_score = 0.4653
2024-03-01 08:33:32,412 -   eval_score = 0.4795
2024-03-01 08:34:06,548 - ***** Epoch: 8: Eval results *****
2024-03-01 08:34:06,548 -   train_loss = 0.4949
2024-03-01 08:34:06,548 -   best_eval_score = 0.4795
2024-03-01 08:34:06,548 -   eval_score = 0.4851
2024-03-01 08:34:40,519 - ***** Epoch: 9: Eval results *****
2024-03-01 08:34:40,520 -   train_loss = 0.3925
2024-03-01 08:34:40,520 -   best_eval_score = 0.4851
2024-03-01 08:34:40,520 -   eval_score = 0.4981
2024-03-01 08:35:15,071 - ***** Epoch: 10: Eval results *****
2024-03-01 08:35:15,071 -   train_loss = 0.3169
2024-03-01 08:35:15,071 -   best_eval_score = 0.4981
2024-03-01 08:35:15,071 -   eval_score = 0.5085
2024-03-01 08:35:49,784 - ***** Epoch: 11: Eval results *****
2024-03-01 08:35:49,785 -   train_loss = 0.258
2024-03-01 08:35:49,785 -   best_eval_score = 0.5085
2024-03-01 08:35:49,785 -   eval_score = 0.4996
2024-03-01 08:35:49,785 - EarlyStopping counter: 1 out of 8
2024-03-01 08:36:24,476 - ***** Epoch: 12: Eval results *****
2024-03-01 08:36:24,476 -   train_loss = 0.2158
2024-03-01 08:36:24,476 -   best_eval_score = 0.5085
2024-03-01 08:36:24,476 -   eval_score = 0.4991
2024-03-01 08:36:24,476 - EarlyStopping counter: 2 out of 8
2024-03-01 08:36:58,287 - ***** Epoch: 13: Eval results *****
2024-03-01 08:36:58,287 -   train_loss = 0.1813
2024-03-01 08:36:58,287 -   best_eval_score = 0.5085
2024-03-01 08:36:58,287 -   eval_score = 0.5039
2024-03-01 08:36:58,287 - EarlyStopping counter: 3 out of 8
2024-03-01 08:37:32,858 - ***** Epoch: 14: Eval results *****
2024-03-01 08:37:32,859 -   train_loss = 0.1495
2024-03-01 08:37:32,859 -   best_eval_score = 0.5085
2024-03-01 08:37:32,859 -   eval_score = 0.4997
2024-03-01 08:37:32,859 - EarlyStopping counter: 4 out of 8
2024-03-01 08:38:07,099 - ***** Epoch: 15: Eval results *****
2024-03-01 08:38:07,099 -   train_loss = 0.1222
2024-03-01 08:38:07,099 -   best_eval_score = 0.5085
2024-03-01 08:38:07,099 -   eval_score = 0.4981
2024-03-01 08:38:07,100 - EarlyStopping counter: 5 out of 8
2024-03-01 08:38:41,617 - ***** Epoch: 16: Eval results *****
2024-03-01 08:38:41,618 -   train_loss = 0.107
2024-03-01 08:38:41,618 -   best_eval_score = 0.5085
2024-03-01 08:38:41,618 -   eval_score = 0.4996
2024-03-01 08:38:41,618 - EarlyStopping counter: 6 out of 8
2024-03-01 08:39:15,332 - ***** Epoch: 17: Eval results *****
2024-03-01 08:39:15,332 -   train_loss = 0.0986
2024-03-01 08:39:15,332 -   best_eval_score = 0.5085
2024-03-01 08:39:15,332 -   eval_score = 0.5081
2024-03-01 08:39:15,332 - EarlyStopping counter: 7 out of 8
2024-03-01 08:39:49,763 - ***** Epoch: 18: Eval results *****
2024-03-01 08:39:49,763 -   train_loss = 0.0825
2024-03-01 08:39:49,763 -   best_eval_score = 0.5085
2024-03-01 08:39:49,763 -   eval_score = 0.4883
2024-03-01 08:39:49,763 - EarlyStopping counter: 8 out of 8
2024-03-01 08:39:49,763 - EarlyStopping at epoch 18
2024-03-01 08:39:49,767 - Training is finished...
2024-03-01 08:39:49,768 - Testing begins...
2024-03-01 08:39:55,151 - ***** Test: Confusion Matrix *****
2024-03-01 08:39:55,154 - [[ 43   0  16   0   0   0   0   0   1   0   2   0   0   1   0   0   0   1
    0   0   0   1   1   1   1   0   0   0   0   0]
 [  0  51   0   0  10   2   4   0   3   0   1   0   4   0   6   0   0   9
    0   0   0   2   1   0   1   0   0   3   0   0]
 [  9   1  39   0   0   0   0   0   1   1   1   0   0   1   1   0   0   4
    1   0   0   1   0   1   3   0   0   0   0   0]
 [  0   0   0  61   0   0   0   1   0   0   0   0   0   0   1   0   0   0
    0   0   0   0   0   1   0   0   0   1   0   0]
 [  0   3   0   0  35   1   0   0   1   0   0   0   0   0   0   0   0   2
    0   1   0   1   0   1   1   0   0   0   1   4]
 [  0   0   0   0   1  21   0   1   0   2   1   0   1   0   1   0   0   8
    0   0   0   0   0   0   0   0   1   0   0   0]
 [  0   1   0   0   0   1  25   8   0   2   4   0   7   0   0   0   0   0
    0   0   0   0   0   0   0   0   0   0   0   0]
 [  0   0   0   0   0   0   8  22   0   1   5   0   7   0   0   0   4   0
    0   0   0   0   0   0   0   0   0   0   0   0]
 [  1   3   1   3   2   0   0   0  22   2   0   2   1   0   5   0   0   2
    0   0   0   0   2   0   2   1   0   0   0   0]
 [  0   1   1   0   1   0   0   0   3  46   0   9   9   0  12   1   1   9
    1   0   0   1   4   1   2   0   0   4   0   1]
 [  0   0   0   0   0   2   2   0   2   1  45   0  34   0   3   0   0   2
    0   1   0   0   0   0   1   0   0   0   0   0]
 [  0   0   0   0   0   0   1   0   1   4   1  22   8   0   1   0   0   1
    1   0   0   0   3   0   1   0   0   3   0   0]
 [  0   0   0   0   0   0   4   7   1   3  21   1  93   0   0   0   2   1
    1   0   0   0   0   0   0   0   0   1   0   0]
 [  0   0   1   0   1   0   0   0   1   1   0   0   0   3   4   0   0   1
    3   0   0   0   1   0   0   0   0   1   0   0]
 [  0   2   1   0   0   1   0   0   4   7   2   0   2   5 110   1   0  34
    3   0   0   0  10   0   3   0   0   8   0   0]
 [  0   0   1   0   1   0   0   0   0   4   0   0   0   2   3   4   0   1
    4   0   0   1   0   0   0   0   0   0   1   0]
 [  0   0   0   0   1   0   0   0   1   0   1   0   2   0   0   0  58   0
    3   0   0   0   0   0   0   0   0   0   0   0]
 [  0   1   1   0   7   3   0   0   2   9   1   1   1   4  17   0   2 126
   11   1   1   6   6   7   0   0   2   4   1   3]
 [  0   1   1   0   0   0   1   0   0   3   2   0   0   0   6   1   3  10
   28   0   0   0   1   0   3   0   0   0   0   0]
 [  0   6   0   0   0   0   2   0   0   0   1   0   0   0   0   0   0   1
    0   5   0   2   0   0   0   0   0   0   0   0]
 [  0   1   2   0   1   0   0   0   0   2   0   1   1   0   4   0   0   5
    5   0   2   0   1   0   1   0   0   3   0   0]
 [  7   1   0   0   1   0   0   0   0   2   0   0   0   0   2   0   4   0
    0   0   0  28   0   3   0   1   0   3   0   1]
 [  0   1   0   0   1   0   0   0   1   4   0   1   0   3  10   0   0   3
    1   0   0   0  83   0   1   5   2   1   0   0]
 [  0   3   2   0   1   0   0   0   0   2   0   0   0   0   1   0   0   8
    0   0   0   2   0  19   0   0   0   0   0   0]
 [  2   0   3   0   0   0   0   0   1   1   0   1   0   0   2   0   0   3
    0   0   0   0   1   1  85   0   0  11   2   0]
 [  1   2   0   0   0   0   0   0   2   0   0   0   0   0   0   0   0   2
    0   0   0   0   1   0   1  20   0   0   0   2]
 [  0   0   0   0   0   0   0   0   0   2   0   0   0   1   2   0   0   4
    0   0   0   1   2   0   0   0   3   0   2   0]
 [  0   4   0   0   1   0   0   0   2   6   2   6   4   0   3   0   0   1
    1   0   1   0   2   0   8   1   0  14   1   1]
 [  0   0   0   0   0   0   0   0   0   0   0   0   0   0   1   0   1   0
    0   0   0   0   0   0   0   0   0   0  56   0]
 [  0   1   0   0   0   0   0   0   3   1   1   2   0   0   0   0   0   4
    1   0   0   0   0   0   0   2   0   0   0   4]]
2024-03-01 08:39:55,154 - ***** Evaluation results *****
2024-03-01 08:39:55,154 -   acc = 0.577
2024-03-01 08:39:55,154 -   f1 = 0.5208
2024-03-01 08:39:55,154 -   prec = 0.555
2024-03-01 08:39:55,154 -   rec = 0.5138
2024-03-01 08:39:55,154 - Testing is finished...
2024-03-01 08:39:55,154 - Multimodal intent recognition is finished...
2024-03-01 08:39:55,154 - Results are saved in results/text_bert.csv
