2024-03-01 13:58:00,773 - ============================== Params ==============================
2024-03-01 13:58:00,773 - logger_name: text_MIntRec2_multi-class_seed-5_2024-03-01-13-58-00
2024-03-01 13:58:00,773 - dataset: MIntRec2
2024-03-01 13:58:00,773 - data_mode: multi-class
2024-03-01 13:58:00,773 - method: text
2024-03-01 13:58:00,773 - text_backbone: bert-base-uncased
2024-03-01 13:58:00,773 - text_backbone_path: /home/sharing/disk1/pretrained_embedding/bert/uncased_L-12_H-768_A-12/
2024-03-01 13:58:00,773 - seed: 5
2024-03-01 13:58:00,773 - num_workers: 8
2024-03-01 13:58:00,773 - gpu_id: 2
2024-03-01 13:58:00,773 - data_path: /home/sharing/disk2/sjh/intentDataset
2024-03-01 13:58:00,773 - train: True
2024-03-01 13:58:00,773 - tune: True
2024-03-01 13:58:00,773 - save_model: False
2024-03-01 13:58:00,773 - save_results: True
2024-03-01 13:58:00,773 - log_path: logs
2024-03-01 13:58:00,773 - cache_path: 
2024-03-01 13:58:00,773 - video_data_path: video_data
2024-03-01 13:58:00,773 - audio_data_path: audio_data
2024-03-01 13:58:00,773 - video_feats_path: video_feats.pkl
2024-03-01 13:58:00,773 - audio_feats_path: audio_feats.pkl
2024-03-01 13:58:00,773 - results_path: results
2024-03-01 13:58:00,773 - output_path: /home/sharing/disk2/sjh/Outputs/MIntRec2
2024-03-01 13:58:00,773 - model_path: models
2024-03-01 13:58:00,773 - config_file_name: text_bert_MIntRec2
2024-03-01 13:58:00,773 - results_file_name: text_bert.csv
2024-03-01 13:58:00,773 - padding_mode: zero
2024-03-01 13:58:00,773 - padding_loc: end
2024-03-01 13:58:00,773 - eval_monitor: f1
2024-03-01 13:58:00,773 - train_batch_size: 16
2024-03-01 13:58:00,773 - eval_batch_size: 8
2024-03-01 13:58:00,773 - test_batch_size: 8
2024-03-01 13:58:00,773 - wait_patience: 8
2024-03-01 13:58:00,773 - num_train_epochs: 100
2024-03-01 13:58:00,773 - warmup_proportion: 0.05
2024-03-01 13:58:00,773 - lr: 8e-06
2024-03-01 13:58:00,773 - weight_decay: 0.1
2024-03-01 13:58:00,774 - pred_output_path: /home/sharing/disk2/sjh/Outputs/MIntRec2/text_MIntRec2_multi-class_seed-5_2024-03-01-13-58-00
2024-03-01 13:58:00,774 - model_output_path: /home/sharing/disk2/sjh/Outputs/MIntRec2/text_MIntRec2_multi-class_seed-5_2024-03-01-13-58-00/models
2024-03-01 13:58:00,774 - num_labels: 30
2024-03-01 13:58:00,774 - text_feat_dim: 768
2024-03-01 13:58:00,774 - video_feat_dim: 256
2024-03-01 13:58:00,774 - audio_feat_dim: 768
2024-03-01 13:58:00,774 - text_seq_len: 50
2024-03-01 13:58:00,774 - video_seq_len: 180
2024-03-01 13:58:00,774 - audio_seq_len: 400
2024-03-01 13:58:00,774 - ============================== End Params ==============================
2024-03-01 13:58:00,786 - Generate Text Features Begin...
2024-03-01 13:58:02,391 - Generate Text Features Finished...
2024-03-01 13:58:02,392 - Load Video Features Begin...
2024-03-01 13:58:03,425 - Load Video Features Finished...
2024-03-01 13:58:05,200 - Load Audio Features Begin...
2024-03-01 13:58:09,248 - Load Audio Features Finished...
2024-03-01 13:58:19,237 - method  begins...
2024-03-01 13:58:20,195 - text_data loading complete...
2024-03-01 13:58:20,196 - Multimodal intent recognition begins...
2024-03-01 13:58:20,196 - Training begins...
2024-03-01 13:58:53,847 - ***** Epoch: 1: Eval results *****
2024-03-01 13:58:53,848 -   train_loss = 3.3164
2024-03-01 13:58:53,848 -   best_eval_score = 0.0
2024-03-01 13:58:53,848 -   eval_score = 0.038
2024-03-01 13:59:27,566 - ***** Epoch: 2: Eval results *****
2024-03-01 13:59:27,566 -   train_loss = 2.8841
2024-03-01 13:59:27,566 -   best_eval_score = 0.038
2024-03-01 13:59:27,566 -   eval_score = 0.1866
2024-03-01 14:00:01,280 - ***** Epoch: 3: Eval results *****
2024-03-01 14:00:01,280 -   train_loss = 2.302
2024-03-01 14:00:01,280 -   best_eval_score = 0.1866
2024-03-01 14:00:01,280 -   eval_score = 0.2966
2024-03-01 14:00:34,606 - ***** Epoch: 4: Eval results *****
2024-03-01 14:00:34,606 -   train_loss = 1.8641
2024-03-01 14:00:34,606 -   best_eval_score = 0.2966
2024-03-01 14:00:34,606 -   eval_score = 0.3402
2024-03-01 14:01:09,544 - ***** Epoch: 5: Eval results *****
2024-03-01 14:01:09,544 -   train_loss = 1.5473
2024-03-01 14:01:09,544 -   best_eval_score = 0.3402
2024-03-01 14:01:09,544 -   eval_score = 0.4326
2024-03-01 14:01:43,400 - ***** Epoch: 6: Eval results *****
2024-03-01 14:01:43,401 -   train_loss = 1.2702
2024-03-01 14:01:43,401 -   best_eval_score = 0.4326
2024-03-01 14:01:43,401 -   eval_score = 0.4386
2024-03-01 14:02:17,259 - ***** Epoch: 7: Eval results *****
2024-03-01 14:02:17,259 -   train_loss = 1.0393
2024-03-01 14:02:17,259 -   best_eval_score = 0.4386
2024-03-01 14:02:17,259 -   eval_score = 0.4608
2024-03-01 14:02:51,847 - ***** Epoch: 8: Eval results *****
2024-03-01 14:02:51,848 -   train_loss = 0.8416
2024-03-01 14:02:51,848 -   best_eval_score = 0.4608
2024-03-01 14:02:51,848 -   eval_score = 0.4781
2024-03-01 14:03:25,850 - ***** Epoch: 9: Eval results *****
2024-03-01 14:03:25,850 -   train_loss = 0.6805
2024-03-01 14:03:25,850 -   best_eval_score = 0.4781
2024-03-01 14:03:25,850 -   eval_score = 0.483
2024-03-01 14:04:01,884 - ***** Epoch: 10: Eval results *****
2024-03-01 14:04:01,885 -   train_loss = 0.5479
2024-03-01 14:04:01,885 -   best_eval_score = 0.483
2024-03-01 14:04:01,885 -   eval_score = 0.4702
2024-03-01 14:04:01,885 - EarlyStopping counter: 1 out of 8
2024-03-01 14:04:36,114 - ***** Epoch: 11: Eval results *****
2024-03-01 14:04:36,115 -   train_loss = 0.4417
2024-03-01 14:04:36,115 -   best_eval_score = 0.483
2024-03-01 14:04:36,115 -   eval_score = 0.5039
2024-03-01 14:05:09,898 - ***** Epoch: 12: Eval results *****
2024-03-01 14:05:09,899 -   train_loss = 0.3582
2024-03-01 14:05:09,899 -   best_eval_score = 0.5039
2024-03-01 14:05:09,899 -   eval_score = 0.5019
2024-03-01 14:05:09,899 - EarlyStopping counter: 1 out of 8
2024-03-01 14:05:43,307 - ***** Epoch: 13: Eval results *****
2024-03-01 14:05:43,307 -   train_loss = 0.2876
2024-03-01 14:05:43,307 -   best_eval_score = 0.5039
2024-03-01 14:05:43,307 -   eval_score = 0.5061
2024-03-01 14:06:16,332 - ***** Epoch: 14: Eval results *****
2024-03-01 14:06:16,332 -   train_loss = 0.2323
2024-03-01 14:06:16,332 -   best_eval_score = 0.5061
2024-03-01 14:06:16,332 -   eval_score = 0.4991
2024-03-01 14:06:16,332 - EarlyStopping counter: 1 out of 8
2024-03-01 14:06:50,297 - ***** Epoch: 15: Eval results *****
2024-03-01 14:06:50,297 -   train_loss = 0.1914
2024-03-01 14:06:50,297 -   best_eval_score = 0.5061
2024-03-01 14:06:50,297 -   eval_score = 0.4987
2024-03-01 14:06:50,297 - EarlyStopping counter: 2 out of 8
2024-03-01 14:07:24,559 - ***** Epoch: 16: Eval results *****
2024-03-01 14:07:24,559 -   train_loss = 0.1639
2024-03-01 14:07:24,559 -   best_eval_score = 0.5061
2024-03-01 14:07:24,559 -   eval_score = 0.5029
2024-03-01 14:07:24,559 - EarlyStopping counter: 3 out of 8
2024-03-01 14:07:59,303 - ***** Epoch: 17: Eval results *****
2024-03-01 14:07:59,303 -   train_loss = 0.1387
2024-03-01 14:07:59,303 -   best_eval_score = 0.5061
2024-03-01 14:07:59,303 -   eval_score = 0.4817
2024-03-01 14:07:59,303 - EarlyStopping counter: 4 out of 8
2024-03-01 14:08:33,104 - ***** Epoch: 18: Eval results *****
2024-03-01 14:08:33,104 -   train_loss = 0.1143
2024-03-01 14:08:33,104 -   best_eval_score = 0.5061
2024-03-01 14:08:33,105 -   eval_score = 0.5037
2024-03-01 14:08:33,105 - EarlyStopping counter: 5 out of 8
2024-03-01 14:09:07,333 - ***** Epoch: 19: Eval results *****
2024-03-01 14:09:07,333 -   train_loss = 0.1024
2024-03-01 14:09:07,333 -   best_eval_score = 0.5061
2024-03-01 14:09:07,333 -   eval_score = 0.4866
2024-03-01 14:09:07,333 - EarlyStopping counter: 6 out of 8
2024-03-01 14:09:42,657 - ***** Epoch: 20: Eval results *****
2024-03-01 14:09:42,658 -   train_loss = 0.0881
2024-03-01 14:09:42,658 -   best_eval_score = 0.5061
2024-03-01 14:09:42,658 -   eval_score = 0.4981
2024-03-01 14:09:42,658 - EarlyStopping counter: 7 out of 8
2024-03-01 14:10:16,919 - ***** Epoch: 21: Eval results *****
2024-03-01 14:10:16,920 -   train_loss = 0.0849
2024-03-01 14:10:16,920 -   best_eval_score = 0.5061
2024-03-01 14:10:16,920 -   eval_score = 0.4992
2024-03-01 14:10:16,920 - EarlyStopping counter: 8 out of 8
2024-03-01 14:10:16,920 - EarlyStopping at epoch 21
2024-03-01 14:10:16,926 - Training is finished...
2024-03-01 14:10:16,927 - Testing begins...
2024-03-01 14:10:22,054 - ***** Test: Confusion Matrix *****
2024-03-01 14:10:22,057 - [[ 47   0  15   0   0   0   0   0   1   0   2   0   0   0   1   0   0   0
    0   0   0   0   1   1   0   0   0   0   0   0]
 [  0  51   0   0  12   2   7   0   1   0   1   0   3   0   5   0   0   6
    1   2   0   1   1   0   1   0   0   3   0   0]
 [  7   0  44   0   1   0   0   0   0   0   1   0   0   0   2   0   0   2
    1   0   0   2   0   1   3   0   0   0   0   0]
 [  0   0   0  60   0   0   0   1   0   0   0   0   0   0   4   0   0   0
    0   0   0   0   0   0   0   0   0   0   0   0]
 [  0   3   0   0  33   0   0   0   1   0   0   0   0   0   0   0   0   4
    0   1   0   3   0   1   1   0   0   0   1   3]
 [  0   0   0   0   2  25   0   0   0   1   1   0   0   0   2   0   0   4
    0   0   0   0   0   0   0   1   0   0   0   1]
 [  0   0   0   0   0   5  26   8   0   1   4   0   4   0   0   0   0   0
    0   0   0   0   0   0   0   0   0   0   0   0]
 [  0   0   0   0   0   0   8  22   0   0   6   1   7   0   0   0   3   0
    0   0   0   0   0   0   0   0   0   0   0   0]
 [  1   3   1   3   1   0   0   0  22   1   0   1   1   1   5   0   0   4
    0   0   0   0   4   0   1   0   0   0   0   0]
 [  0   1   1   1   0   0   0   0   2  42   0   7  10   0  20   0   0   7
    0   0   0   2   4   1   3   0   0   5   0   1]
 [  0   0   0   0   0   2   5   2   2   0  49   0  27   0   3   0   0   1
    0   1   0   0   0   0   1   0   0   0   0   0]
 [  0   0   0   0   0   0   0   0   1   9   1  16   8   0   3   0   0   0
    0   0   0   0   3   0   1   0   0   5   0   0]
 [  0   0   2   0   0   0   7   6   0   3  25   2  85   0   1   0   2   0
    0   1   0   0   1   0   0   0   0   0   0   0]
 [  0   0   2   0   1   0   0   0   1   1   0   0   0   2   5   1   0   1
    2   0   0   0   1   0   0   0   0   0   0   0]
 [  0   2   1   0   1   1   1   0   3   7   2   1   2   2 123   0   0  26
    1   0   0   0  12   1   4   0   0   3   0   0]
 [  0   0   1   0   1   0   0   0   0   3   0   0   0   2   3   3   0   1
    2   0   1   1   2   0   0   0   0   1   1   0]
 [  0   0   0   0   1   0   1   1   0   0   0   0   2   0   0   0  59   0
    2   0   0   0   0   0   0   0   0   0   0   0]
 [  0   3   2   0   8   3   0   0   4  12   3   1   0   1  23   2   2 121
    6   1   0   2   9   8   1   0   0   2   1   2]
 [  0   1   0   0   0   0   1   0   1   3   2   0   0   1   9   0   3   8
   25   2   0   0   2   0   1   0   0   1   0   0]
 [  0   6   0   0   0   0   3   0   0   0   0   0   0   0   0   0   0   1
    0   6   0   1   0   0   0   0   0   0   0   0]
 [  0   1   2   0   1   0   0   0   1   0   1   0   0   0   4   1   0   6
    4   0   1   0   1   2   1   0   0   2   0   1]
 [  7   0   0   0   1   0   0   0   0   2   0   0   0   0   1   0   4   0
    0   2   1  27   1   3   1   1   0   1   0   1]
 [  0   0   2   0   1   0   0   0   1   2   0   3   0   1  11   0   0   2
    0   0   0   0  90   0   1   1   1   0   0   1]
 [  0   2   1   0   1   0   0   0   0   0   0   0   0   0   1   0   0   5
    0   0   0   4   0  24   0   0   0   0   0   0]
 [  1   0   3   0   0   0   1   0   0   1   0   1   0   0   2   0   0   3
    0   0   0   0   1   1  90   0   0   8   1   0]
 [  1   1   0   0   1   0   0   0   0   0   0   0   0   0   0   0   0   2
    0   0   0   0   4   0   1  19   0   0   0   2]
 [  0   1   0   0   0   0   0   0   0   2   0   0   0   0   1   0   0   3
    0   0   0   2   3   0   0   0   3   0   2   0]
 [  0   2   1   0   1   0   0   1   4   6   2   5   3   1   3   0   0   2
    1   0   1   0   3   0   9   2   0   9   1   1]
 [  0   0   0   0   0   0   0   0   0   0   0   0   0   0   1   0   1   0
    0   0   0   0   0   0   0   0   0   0  56   0]
 [  0   1   0   0   2   0   0   0   2   1   1   1   0   0   0   0   0   4
    1   0   0   0   0   0   1   1   0   0   0   4]]
2024-03-01 14:10:22,057 - ***** Evaluation results *****
2024-03-01 14:10:22,058 -   acc = 0.5824
2024-03-01 14:10:22,058 -   f1 = 0.5171
2024-03-01 14:10:22,058 -   prec = 0.5471
2024-03-01 14:10:22,058 -   rec = 0.5158
2024-03-01 14:10:22,058 - Testing is finished...
2024-03-01 14:10:22,058 - Multimodal intent recognition is finished...
2024-03-01 14:10:22,058 - Results are saved in results/text_bert.csv
