2024-03-01 12:40:44,157 - ============================== Params ==============================
2024-03-01 12:40:44,157 - logger_name: text_MIntRec2_multi-class_seed-4_2024-03-01-12-40-44
2024-03-01 12:40:44,157 - dataset: MIntRec2
2024-03-01 12:40:44,157 - data_mode: multi-class
2024-03-01 12:40:44,157 - method: text
2024-03-01 12:40:44,157 - text_backbone: bert-base-uncased
2024-03-01 12:40:44,157 - text_backbone_path: /home/sharing/disk1/pretrained_embedding/bert/uncased_L-12_H-768_A-12/
2024-03-01 12:40:44,157 - seed: 4
2024-03-01 12:40:44,157 - num_workers: 8
2024-03-01 12:40:44,157 - gpu_id: 2
2024-03-01 12:40:44,157 - data_path: /home/sharing/disk2/sjh/intentDataset
2024-03-01 12:40:44,157 - train: True
2024-03-01 12:40:44,157 - tune: True
2024-03-01 12:40:44,157 - save_model: False
2024-03-01 12:40:44,157 - save_results: True
2024-03-01 12:40:44,157 - log_path: logs
2024-03-01 12:40:44,157 - cache_path: 
2024-03-01 12:40:44,158 - video_data_path: video_data
2024-03-01 12:40:44,158 - audio_data_path: audio_data
2024-03-01 12:40:44,158 - video_feats_path: video_feats.pkl
2024-03-01 12:40:44,158 - audio_feats_path: audio_feats.pkl
2024-03-01 12:40:44,158 - results_path: results
2024-03-01 12:40:44,158 - output_path: /home/sharing/disk2/sjh/Outputs/MIntRec2
2024-03-01 12:40:44,158 - model_path: models
2024-03-01 12:40:44,158 - config_file_name: text_bert_MIntRec2
2024-03-01 12:40:44,158 - results_file_name: text_bert.csv
2024-03-01 12:40:44,158 - padding_mode: zero
2024-03-01 12:40:44,158 - padding_loc: end
2024-03-01 12:40:44,158 - eval_monitor: f1
2024-03-01 12:40:44,158 - train_batch_size: 16
2024-03-01 12:40:44,158 - eval_batch_size: 8
2024-03-01 12:40:44,158 - test_batch_size: 8
2024-03-01 12:40:44,158 - wait_patience: 8
2024-03-01 12:40:44,158 - num_train_epochs: 100
2024-03-01 12:40:44,158 - warmup_proportion: 0.01
2024-03-01 12:40:44,158 - lr: 1e-05
2024-03-01 12:40:44,158 - weight_decay: 0.1
2024-03-01 12:40:44,158 - pred_output_path: /home/sharing/disk2/sjh/Outputs/MIntRec2/text_MIntRec2_multi-class_seed-4_2024-03-01-12-40-44
2024-03-01 12:40:44,158 - model_output_path: /home/sharing/disk2/sjh/Outputs/MIntRec2/text_MIntRec2_multi-class_seed-4_2024-03-01-12-40-44/models
2024-03-01 12:40:44,158 - num_labels: 30
2024-03-01 12:40:44,158 - text_feat_dim: 768
2024-03-01 12:40:44,158 - video_feat_dim: 256
2024-03-01 12:40:44,158 - audio_feat_dim: 768
2024-03-01 12:40:44,158 - text_seq_len: 50
2024-03-01 12:40:44,158 - video_seq_len: 180
2024-03-01 12:40:44,158 - audio_seq_len: 400
2024-03-01 12:40:44,158 - ============================== End Params ==============================
2024-03-01 12:40:44,395 - Generate Text Features Begin...
2024-03-01 12:40:46,348 - Generate Text Features Finished...
2024-03-01 12:40:46,350 - Load Video Features Begin...
2024-03-01 12:41:02,534 - Load Video Features Finished...
2024-03-01 12:41:06,099 - Load Audio Features Begin...
2024-03-01 12:43:02,668 - Load Audio Features Finished...
2024-03-01 12:43:14,548 - method  begins...
2024-03-01 12:43:16,706 - text_data loading complete...
2024-03-01 12:43:16,707 - Multimodal intent recognition begins...
2024-03-01 12:43:16,707 - Training begins...
2024-03-01 12:43:51,897 - ***** Epoch: 1: Eval results *****
2024-03-01 12:43:51,906 -   train_loss = 2.8522
2024-03-01 12:43:51,906 -   best_eval_score = 0.0
2024-03-01 12:43:51,906 -   eval_score = 0.26
2024-03-01 12:44:27,502 - ***** Epoch: 2: Eval results *****
2024-03-01 12:44:27,502 -   train_loss = 1.7868
2024-03-01 12:44:27,502 -   best_eval_score = 0.26
2024-03-01 12:44:27,502 -   eval_score = 0.3805
2024-03-01 12:45:02,969 - ***** Epoch: 3: Eval results *****
2024-03-01 12:45:02,969 -   train_loss = 1.3269
2024-03-01 12:45:02,969 -   best_eval_score = 0.3805
2024-03-01 12:45:02,969 -   eval_score = 0.4248
2024-03-01 12:45:38,299 - ***** Epoch: 4: Eval results *****
2024-03-01 12:45:38,300 -   train_loss = 1.0218
2024-03-01 12:45:38,300 -   best_eval_score = 0.4248
2024-03-01 12:45:38,300 -   eval_score = 0.4576
2024-03-01 12:46:13,298 - ***** Epoch: 5: Eval results *****
2024-03-01 12:46:13,307 -   train_loss = 0.7766
2024-03-01 12:46:13,307 -   best_eval_score = 0.4576
2024-03-01 12:46:13,307 -   eval_score = 0.4693
2024-03-01 12:46:48,212 - ***** Epoch: 6: Eval results *****
2024-03-01 12:46:48,212 -   train_loss = 0.6032
2024-03-01 12:46:48,212 -   best_eval_score = 0.4693
2024-03-01 12:46:48,212 -   eval_score = 0.5104
2024-03-01 12:47:24,260 - ***** Epoch: 7: Eval results *****
2024-03-01 12:47:24,260 -   train_loss = 0.457
2024-03-01 12:47:24,260 -   best_eval_score = 0.5104
2024-03-01 12:47:24,260 -   eval_score = 0.498
2024-03-01 12:47:24,260 - EarlyStopping counter: 1 out of 8
2024-03-01 12:48:00,075 - ***** Epoch: 8: Eval results *****
2024-03-01 12:48:00,075 -   train_loss = 0.349
2024-03-01 12:48:00,075 -   best_eval_score = 0.5104
2024-03-01 12:48:00,075 -   eval_score = 0.4971
2024-03-01 12:48:00,075 - EarlyStopping counter: 2 out of 8
2024-03-01 12:48:36,045 - ***** Epoch: 9: Eval results *****
2024-03-01 12:48:36,045 -   train_loss = 0.2753
2024-03-01 12:48:36,045 -   best_eval_score = 0.5104
2024-03-01 12:48:36,045 -   eval_score = 0.4919
2024-03-01 12:48:36,045 - EarlyStopping counter: 3 out of 8
2024-03-01 12:49:10,968 - ***** Epoch: 10: Eval results *****
2024-03-01 12:49:10,968 -   train_loss = 0.2165
2024-03-01 12:49:10,968 -   best_eval_score = 0.5104
2024-03-01 12:49:10,968 -   eval_score = 0.49
2024-03-01 12:49:10,968 - EarlyStopping counter: 4 out of 8
2024-03-01 12:49:46,528 - ***** Epoch: 11: Eval results *****
2024-03-01 12:49:46,528 -   train_loss = 0.1686
2024-03-01 12:49:46,528 -   best_eval_score = 0.5104
2024-03-01 12:49:46,528 -   eval_score = 0.4964
2024-03-01 12:49:46,528 - EarlyStopping counter: 5 out of 8
2024-03-01 12:50:22,958 - ***** Epoch: 12: Eval results *****
2024-03-01 12:50:22,958 -   train_loss = 0.1369
2024-03-01 12:50:22,958 -   best_eval_score = 0.5104
2024-03-01 12:50:22,958 -   eval_score = 0.4914
2024-03-01 12:50:22,958 - EarlyStopping counter: 6 out of 8
2024-03-01 12:50:59,862 - ***** Epoch: 13: Eval results *****
2024-03-01 12:50:59,862 -   train_loss = 0.1197
2024-03-01 12:50:59,862 -   best_eval_score = 0.5104
2024-03-01 12:50:59,862 -   eval_score = 0.4956
2024-03-01 12:50:59,863 - EarlyStopping counter: 7 out of 8
2024-03-01 12:51:35,927 - ***** Epoch: 14: Eval results *****
2024-03-01 12:51:35,928 -   train_loss = 0.1016
2024-03-01 12:51:35,928 -   best_eval_score = 0.5104
2024-03-01 12:51:35,928 -   eval_score = 0.5017
2024-03-01 12:51:35,928 - EarlyStopping counter: 8 out of 8
2024-03-01 12:51:35,928 - EarlyStopping at epoch 14
2024-03-01 12:51:35,930 - Training is finished...
2024-03-01 12:51:35,931 - Testing begins...
2024-03-01 12:51:42,209 - ***** Test: Confusion Matrix *****
2024-03-01 12:51:42,211 - [[ 43   0  19   0   0   0   0   0   0   0   2   0   0   0   0   0   0   1
    0   0   0   0   0   1   2   0   0   0   0   0]
 [  0  55   0   0  12   1   2   0   1   0   3   0   2   0   4   0   0   9
    1   0   0   0   2   0   2   0   0   3   0   0]
 [  5   0  46   0   1   0   0   0   0   0   1   0   0   0   1   0   0   4
    1   0   0   0   0   1   3   0   0   1   0   0]
 [  0   0   0  62   0   0   0   0   0   0   0   0   0   0   0   0   1   1
    0   0   0   0   0   0   0   0   0   1   0   0]
 [  0   3   0   0  35   0   0   0   1   0   0   0   0   0   0   0   0   3
    0   0   0   2   0   1   1   0   0   0   1   4]
 [  0   1   0   0   2  21   1   0   0   2   1   0   0   0   1   0   0   6
    0   0   0   0   0   1   0   1   0   0   0   0]
 [  0   2   0   0   0   1  25   7   0   1   6   0   6   0   0   0   0   0
    0   0   0   0   0   0   0   0   0   0   0   0]
 [  0   0   0   0   0   0   7  25   0   1   6   0   4   0   0   0   2   0
    0   0   0   0   0   0   0   0   0   2   0   0]
 [  0   2   1   2   1   0   0   0  24   2   0   2   1   0   4   0   0   1
    1   0   0   0   4   0   3   0   0   1   0   0]
 [  0   0   1   0   1   0   0   0   2  54   1   6   7   0  10   0   0   9
    1   0   0   1   2   1   3   2   0   6   0   0]
 [  0   0   0   0   0   4   2   1   2   0  51   0  24   0   2   0   1   2
    0   2   0   0   0   0   0   0   0   2   0   0]
 [  0   0   0   0   0   0   0   0   0  12   0  19   7   0   2   0   0   1
    1   0   0   0   3   0   1   0   0   1   0   0]
 [  0   5   0   0   0   0   3   9   0   3  29   0  81   0   0   0   1   1
    0   0   0   1   1   0   0   0   0   1   0   0]
 [  0   0   2   0   1   0   0   0   0   2   0   0   0   0   3   0   0   3
    4   0   0   0   1   0   0   0   0   1   0   0]
 [  0   1   1   0   0   1   1   0   2   9   4   1   1   0 117   1   0  33
    1   0   1   0  12   0   4   0   0   3   0   0]
 [  0   0   1   0   0   0   0   0   0   5   0   0   0   0   0   0   0   4
    5   0   0   1   2   0   0   0   0   2   1   1]
 [  0   0   0   0   1   0   1   1   0   0   1   0   1   0   0   0  58   0
    3   0   0   0   0   0   0   0   0   0   0   0]
 [  0   5   1   0   9   2   0   0   1  17   2   1   0   0  16   0   2 132
    8   1   0   3   5   3   1   3   1   2   1   1]
 [  0   1   0   0   0   0   0   0   0   3   1   0   0   0   6   0   1  12
   31   0   0   0   1   0   3   0   0   1   0   0]
 [  0   7   0   0   1   0   2   0   0   0   1   0   0   0   0   0   0   1
    0   3   0   2   0   0   0   0   0   0   0   0]
 [  0   1   2   0   1   0   0   0   0   0   1   1   0   0   4   0   0   5
    5   0   1   0   0   0   1   0   0   6   0   1]
 [  5   1   1   0   1   0   0   0   0   2   0   2   0   0   1   0   5   1
    0   0   0  23   0   8   1   1   0   1   0   0]
 [  0   1   0   1   0   0   0   0   0   3   0   2   2   0   7   0   0   7
    0   0   0   0  85   0   0   5   1   3   0   0]
 [  0   3   1   0   1   0   0   0   0   0   0   0   0   0   0   0   0  11
    0   0   0   0   0  22   0   0   0   0   0   0]
 [  1   0   2   0   0   0   0   0   0   1   0   1   0   0   3   0   0   2
    0   0   0   0   1   0  91   0   0  10   1   0]
 [  1   2   0   0   0   0   0   0   0   0   0   0   0   0   0   0   0   2
    0   0   0   0   3   0   1  21   0   0   0   1]
 [  0   0   0   0   0   0   0   0   0   2   0   0   0   0   0   0   0   4
    0   0   0   4   3   0   0   0   2   0   2   0]
 [  0   2   1   0   1   0   0   0   1   8   2   6   4   0   3   0   0   3
    0   0   0   0   2   0   9   1   0  12   1   2]
 [  0   0   0   0   0   0   0   0   0   0   0   0   0   0   1   0   1   0
    0   0   0   0   0   0   0   0   0   0  56   0]
 [  0   1   0   0   1   0   0   0   3   1   1   1   0   0   0   0   0   3
    1   0   0   0   0   0   1   1   0   1   0   4]]
2024-03-01 12:51:42,211 - ***** Evaluation results *****
2024-03-01 12:51:42,211 -   acc = 0.5898
2024-03-01 12:51:42,211 -   f1 = 0.5099
2024-03-01 12:51:42,211 -   prec = 0.5439
2024-03-01 12:51:42,211 -   rec = 0.509
2024-03-01 12:51:42,211 - Testing is finished...
2024-03-01 12:51:42,211 - Multimodal intent recognition is finished...
2024-03-01 12:51:42,211 - Results are saved in results/text_bert.csv
