2024-02-29 12:01:04,719 - ============================== Params ==============================
2024-02-29 12:01:04,719 - logger_name: text_MIntRec2_multi-class_seed-2_2024-02-29-12-01-04
2024-02-29 12:01:04,719 - dataset: MIntRec2
2024-02-29 12:01:04,719 - data_mode: multi-class
2024-02-29 12:01:04,719 - method: text
2024-02-29 12:01:04,719 - text_backbone: bert-base-uncased
2024-02-29 12:01:04,719 - text_backbone_path: /home/sharing/disk1/pretrained_embedding/bert/uncased_L-12_H-768_A-12/
2024-02-29 12:01:04,719 - seed: 2
2024-02-29 12:01:04,719 - num_workers: 8
2024-02-29 12:01:04,719 - gpu_id: 1
2024-02-29 12:01:04,719 - data_path: /home/sharing/disk2/sjh/intentDataset
2024-02-29 12:01:04,719 - train: True
2024-02-29 12:01:04,719 - tune: False
2024-02-29 12:01:04,719 - save_model: False
2024-02-29 12:01:04,719 - save_results: True
2024-02-29 12:01:04,719 - log_path: logs
2024-02-29 12:01:04,719 - cache_path: 
2024-02-29 12:01:04,719 - video_data_path: video_data
2024-02-29 12:01:04,719 - audio_data_path: audio_data
2024-02-29 12:01:04,719 - video_feats_path: video_feats.pkl
2024-02-29 12:01:04,719 - audio_feats_path: audio_feats.pkl
2024-02-29 12:01:04,719 - results_path: results
2024-02-29 12:01:04,719 - output_path: /home/sharing/disk2/sjh/Outputs/MIntRec2
2024-02-29 12:01:04,719 - model_path: models
2024-02-29 12:01:04,719 - config_file_name: text_bert_MIntRec2
2024-02-29 12:01:04,719 - results_file_name: text_bert.csv
2024-02-29 12:01:04,719 - padding_mode: zero
2024-02-29 12:01:04,720 - padding_loc: end
2024-02-29 12:01:04,720 - eval_monitor: f1
2024-02-29 12:01:04,720 - train_batch_size: 16
2024-02-29 12:01:04,720 - eval_batch_size: 8
2024-02-29 12:01:04,720 - test_batch_size: 8
2024-02-29 12:01:04,720 - wait_patience: 8
2024-02-29 12:01:04,720 - num_train_epochs: 100
2024-02-29 12:01:04,720 - warmup_proportion: 0.1
2024-02-29 12:01:04,720 - lr: 1e-05
2024-02-29 12:01:04,720 - weight_decay: 0.01
2024-02-29 12:01:04,720 - pred_output_path: /home/sharing/disk2/sjh/Outputs/MIntRec2/text_MIntRec2_multi-class_seed-2_2024-02-29-12-01-04
2024-02-29 12:01:04,720 - model_output_path: /home/sharing/disk2/sjh/Outputs/MIntRec2/text_MIntRec2_multi-class_seed-2_2024-02-29-12-01-04/models
2024-02-29 12:01:04,720 - ============================== End Params ==============================
2024-02-29 12:01:04,735 - Generate Text Features Begin...
2024-02-29 12:01:06,672 - Generate Text Features Finished...
2024-02-29 12:01:06,673 - Load Video Features Begin...
2024-02-29 12:01:10,998 - Load Video Features Finished...
2024-02-29 12:01:12,815 - Load Audio Features Begin...
2024-02-29 12:01:37,893 - Load Audio Features Finished...
2024-02-29 12:01:49,672 - method  begins...
2024-02-29 12:01:51,544 - text_data loading complete...
2024-02-29 12:01:51,545 - Multimodal intent recognition begins...
2024-02-29 12:01:51,545 - Training begins...
2024-02-29 12:02:25,942 - ***** Epoch: 1: Eval results *****
2024-02-29 12:02:25,943 -   train_loss = 3.408
2024-02-29 12:02:25,943 -   best_eval_score = 0.0
2024-02-29 12:02:25,943 -   eval_score = 0.0537
2024-02-29 12:02:58,680 - ***** Epoch: 2: Eval results *****
2024-02-29 12:02:58,680 -   train_loss = 3.0459
2024-02-29 12:02:58,680 -   best_eval_score = 0.0537
2024-02-29 12:02:58,680 -   eval_score = 0.0837
2024-02-29 12:03:31,513 - ***** Epoch: 3: Eval results *****
2024-02-29 12:03:31,514 -   train_loss = 2.7002
2024-02-29 12:03:31,514 -   best_eval_score = 0.0837
2024-02-29 12:03:31,515 -   eval_score = 0.2068
2024-02-29 12:04:03,806 - ***** Epoch: 4: Eval results *****
2024-02-29 12:04:03,806 -   train_loss = 2.3104
2024-02-29 12:04:03,806 -   best_eval_score = 0.2068
2024-02-29 12:04:03,806 -   eval_score = 0.2863
2024-02-29 12:04:36,292 - ***** Epoch: 5: Eval results *****
2024-02-29 12:04:36,292 -   train_loss = 1.9533
2024-02-29 12:04:36,293 -   best_eval_score = 0.2863
2024-02-29 12:04:36,293 -   eval_score = 0.3361
2024-02-29 12:05:09,160 - ***** Epoch: 6: Eval results *****
2024-02-29 12:05:09,160 -   train_loss = 1.6704
2024-02-29 12:05:09,160 -   best_eval_score = 0.3361
2024-02-29 12:05:09,160 -   eval_score = 0.4017
2024-02-29 12:05:41,177 - ***** Epoch: 7: Eval results *****
2024-02-29 12:05:41,178 -   train_loss = 1.4241
2024-02-29 12:05:41,178 -   best_eval_score = 0.4017
2024-02-29 12:05:41,178 -   eval_score = 0.4187
2024-02-29 12:06:13,377 - ***** Epoch: 8: Eval results *****
2024-02-29 12:06:13,377 -   train_loss = 1.2118
2024-02-29 12:06:13,377 -   best_eval_score = 0.4187
2024-02-29 12:06:13,377 -   eval_score = 0.4365
2024-02-29 12:06:45,538 - ***** Epoch: 9: Eval results *****
2024-02-29 12:06:45,538 -   train_loss = 1.0114
2024-02-29 12:06:45,538 -   best_eval_score = 0.4365
2024-02-29 12:06:45,538 -   eval_score = 0.455
2024-02-29 12:07:17,123 - ***** Epoch: 10: Eval results *****
2024-02-29 12:07:17,123 -   train_loss = 0.8128
2024-02-29 12:07:17,123 -   best_eval_score = 0.455
2024-02-29 12:07:17,123 -   eval_score = 0.4637
2024-02-29 12:07:49,049 - ***** Epoch: 11: Eval results *****
2024-02-29 12:07:49,050 -   train_loss = 0.6431
2024-02-29 12:07:49,050 -   best_eval_score = 0.4637
2024-02-29 12:07:49,050 -   eval_score = 0.4744
2024-02-29 12:08:20,920 - ***** Epoch: 12: Eval results *****
2024-02-29 12:08:20,920 -   train_loss = 0.5006
2024-02-29 12:08:20,920 -   best_eval_score = 0.4744
2024-02-29 12:08:20,920 -   eval_score = 0.4945
2024-02-29 12:08:53,526 - ***** Epoch: 13: Eval results *****
2024-02-29 12:08:53,527 -   train_loss = 0.3962
2024-02-29 12:08:53,527 -   best_eval_score = 0.4945
2024-02-29 12:08:53,527 -   eval_score = 0.4923
2024-02-29 12:08:53,527 - EarlyStopping counter: 1 out of 8
2024-02-29 12:09:25,924 - ***** Epoch: 14: Eval results *****
2024-02-29 12:09:25,924 -   train_loss = 0.3141
2024-02-29 12:09:25,924 -   best_eval_score = 0.4945
2024-02-29 12:09:25,924 -   eval_score = 0.4991
