2024-03-06 17:22:33,615 - ============================== Params ==============================
2024-03-06 17:22:33,615 - logger_name: text_MIntRec2_multi-class_seed-2_2024-03-06-17-22-33
2024-03-06 17:22:33,615 - dataset: MIntRec2
2024-03-06 17:22:33,615 - data_mode: multi-class
2024-03-06 17:22:33,615 - method: text
2024-03-06 17:22:33,615 - text_backbone: bert-base-uncased
2024-03-06 17:22:33,615 - text_backbone_path: /home/sharing/disk1/pretrained_embedding/bert/uncased_L-12_H-768_A-12/
2024-03-06 17:22:33,615 - seed: 2
2024-03-06 17:22:33,615 - num_workers: 8
2024-03-06 17:22:33,615 - gpu_id: 3
2024-03-06 17:22:33,615 - data_path: /home/sharing/disk2/sjh/intentDataset
2024-03-06 17:22:33,615 - train: True
2024-03-06 17:22:33,615 - tune: True
2024-03-06 17:22:33,616 - save_model: False
2024-03-06 17:22:33,616 - save_results: True
2024-03-06 17:22:33,616 - log_path: logs
2024-03-06 17:22:33,616 - cache_path: 
2024-03-06 17:22:33,616 - video_data_path: video_data
2024-03-06 17:22:33,616 - audio_data_path: audio_data
2024-03-06 17:22:33,616 - video_feats_path: video_feats.pkl
2024-03-06 17:22:33,616 - audio_feats_path: audio_feats.pkl
2024-03-06 17:22:33,616 - results_path: results
2024-03-06 17:22:33,616 - output_path: /home/sharing/disk2/sjh/Outputs/MIntRec2
2024-03-06 17:22:33,616 - model_path: models
2024-03-06 17:22:33,616 - config_file_name: text_bert_MIntRec2
2024-03-06 17:22:33,616 - results_file_name: text_bert.csv
2024-03-06 17:22:33,616 - padding_mode: zero
2024-03-06 17:22:33,616 - padding_loc: end
2024-03-06 17:22:33,616 - eval_monitor: f1
2024-03-06 17:22:33,616 - train_batch_size: 32
2024-03-06 17:22:33,616 - eval_batch_size: 16
2024-03-06 17:22:33,616 - test_batch_size: 16
2024-03-06 17:22:33,616 - wait_patience: 8
2024-03-06 17:22:33,616 - num_train_epochs: 100
2024-03-06 17:22:33,616 - warmup_proportion: 0.01
2024-03-06 17:22:33,616 - lr: 2e-05
2024-03-06 17:22:33,616 - weight_decay: 0.1
2024-03-06 17:22:33,616 - pred_output_path: /home/sharing/disk2/sjh/Outputs/MIntRec2/text_MIntRec2_multi-class_seed-2_2024-03-06-17-22-33
2024-03-06 17:22:33,616 - model_output_path: /home/sharing/disk2/sjh/Outputs/MIntRec2/text_MIntRec2_multi-class_seed-2_2024-03-06-17-22-33/models
2024-03-06 17:22:33,616 - num_labels: 30
2024-03-06 17:22:33,616 - text_feat_dim: 768
2024-03-06 17:22:33,616 - video_feat_dim: 256
2024-03-06 17:22:33,616 - audio_feat_dim: 768
2024-03-06 17:22:33,616 - text_seq_len: 50
2024-03-06 17:22:33,616 - video_seq_len: 180
2024-03-06 17:22:33,616 - audio_seq_len: 400
2024-03-06 17:22:33,616 - ============================== End Params ==============================
2024-03-06 17:22:33,652 - Generate Text Features Begin...
2024-03-06 17:22:35,268 - Generate Text Features Finished...
2024-03-06 17:22:35,269 - Load Video Features Begin...
2024-03-06 17:22:39,686 - Load Video Features Finished...
2024-03-06 17:22:41,251 - Load Audio Features Begin...
2024-03-06 17:23:05,871 - Load Audio Features Finished...
2024-03-06 17:23:16,881 - method  begins...
2024-03-06 17:23:17,851 - text_data loading complete...
2024-03-06 17:23:17,852 - Multimodal intent recognition begins...
2024-03-06 17:23:17,852 - Training begins...
2024-03-06 17:23:42,045 - ***** Epoch: 1: Eval results *****
2024-03-06 17:23:42,045 -   train_loss = 2.7058
2024-03-06 17:23:42,045 -   best_eval_score = 0.0
2024-03-06 17:23:42,045 -   eval_score = 0.3192
2024-03-06 17:24:06,618 - ***** Epoch: 2: Eval results *****
2024-03-06 17:24:06,618 -   train_loss = 1.5933
2024-03-06 17:24:06,618 -   best_eval_score = 0.3192
2024-03-06 17:24:06,618 -   eval_score = 0.4101
2024-03-06 17:24:32,733 - ***** Epoch: 3: Eval results *****
2024-03-06 17:24:32,733 -   train_loss = 1.0756
2024-03-06 17:24:32,733 -   best_eval_score = 0.4101
2024-03-06 17:24:32,733 -   eval_score = 0.4659
2024-03-06 17:24:57,360 - ***** Epoch: 4: Eval results *****
2024-03-06 17:24:57,361 -   train_loss = 0.7059
2024-03-06 17:24:57,361 -   best_eval_score = 0.4659
2024-03-06 17:24:57,361 -   eval_score = 0.4862
2024-03-06 17:25:21,435 - ***** Epoch: 5: Eval results *****
2024-03-06 17:25:21,435 -   train_loss = 0.4531
2024-03-06 17:25:21,435 -   best_eval_score = 0.4862
2024-03-06 17:25:21,435 -   eval_score = 0.4892
2024-03-06 17:25:45,857 - ***** Epoch: 6: Eval results *****
2024-03-06 17:25:45,857 -   train_loss = 0.3001
2024-03-06 17:25:45,858 -   best_eval_score = 0.4892
2024-03-06 17:25:45,858 -   eval_score = 0.499
2024-03-06 17:26:11,054 - ***** Epoch: 7: Eval results *****
2024-03-06 17:26:11,054 -   train_loss = 0.2018
2024-03-06 17:26:11,054 -   best_eval_score = 0.499
2024-03-06 17:26:11,054 -   eval_score = 0.5049
2024-03-06 17:26:35,562 - ***** Epoch: 8: Eval results *****
2024-03-06 17:26:35,563 -   train_loss = 0.1465
2024-03-06 17:26:35,563 -   best_eval_score = 0.5049
2024-03-06 17:26:35,563 -   eval_score = 0.5136
2024-03-06 17:26:59,837 - ***** Epoch: 9: Eval results *****
2024-03-06 17:26:59,837 -   train_loss = 0.1117
2024-03-06 17:26:59,837 -   best_eval_score = 0.5136
2024-03-06 17:26:59,837 -   eval_score = 0.5053
2024-03-06 17:26:59,837 - EarlyStopping counter: 1 out of 8
2024-03-06 17:27:24,714 - ***** Epoch: 10: Eval results *****
2024-03-06 17:27:24,714 -   train_loss = 0.0932
2024-03-06 17:27:24,714 -   best_eval_score = 0.5136
2024-03-06 17:27:24,714 -   eval_score = 0.5126
2024-03-06 17:27:24,714 - EarlyStopping counter: 2 out of 8
2024-03-06 17:27:48,933 - ***** Epoch: 11: Eval results *****
2024-03-06 17:27:48,933 -   train_loss = 0.0808
2024-03-06 17:27:48,933 -   best_eval_score = 0.5136
2024-03-06 17:27:48,933 -   eval_score = 0.5185
2024-03-06 17:28:13,139 - ***** Epoch: 12: Eval results *****
2024-03-06 17:28:13,139 -   train_loss = 0.0703
2024-03-06 17:28:13,139 -   best_eval_score = 0.5185
2024-03-06 17:28:13,139 -   eval_score = 0.5086
2024-03-06 17:28:13,139 - EarlyStopping counter: 1 out of 8
2024-03-06 17:28:37,507 - ***** Epoch: 13: Eval results *****
2024-03-06 17:28:37,507 -   train_loss = 0.0607
2024-03-06 17:28:37,507 -   best_eval_score = 0.5185
2024-03-06 17:28:37,507 -   eval_score = 0.4997
2024-03-06 17:28:37,507 - EarlyStopping counter: 2 out of 8
2024-03-06 17:29:02,842 - ***** Epoch: 14: Eval results *****
2024-03-06 17:29:02,843 -   train_loss = 0.0597
2024-03-06 17:29:02,843 -   best_eval_score = 0.5185
2024-03-06 17:29:02,843 -   eval_score = 0.5067
2024-03-06 17:29:02,843 - EarlyStopping counter: 3 out of 8
2024-03-06 17:29:27,425 - ***** Epoch: 15: Eval results *****
2024-03-06 17:29:27,425 -   train_loss = 0.0561
2024-03-06 17:29:27,425 -   best_eval_score = 0.5185
2024-03-06 17:29:27,425 -   eval_score = 0.5146
2024-03-06 17:29:27,426 - EarlyStopping counter: 4 out of 8
2024-03-06 17:29:52,312 - ***** Epoch: 16: Eval results *****
2024-03-06 17:29:52,312 -   train_loss = 0.0574
2024-03-06 17:29:52,312 -   best_eval_score = 0.5185
2024-03-06 17:29:52,312 -   eval_score = 0.4983
2024-03-06 17:29:52,312 - EarlyStopping counter: 5 out of 8
2024-03-06 17:30:17,091 - ***** Epoch: 17: Eval results *****
2024-03-06 17:30:17,092 -   train_loss = 0.0511
2024-03-06 17:30:17,092 -   best_eval_score = 0.5185
2024-03-06 17:30:17,092 -   eval_score = 0.4924
2024-03-06 17:30:17,092 - EarlyStopping counter: 6 out of 8
2024-03-06 17:30:41,910 - ***** Epoch: 18: Eval results *****
2024-03-06 17:30:41,910 -   train_loss = 0.0552
2024-03-06 17:30:41,910 -   best_eval_score = 0.5185
2024-03-06 17:30:41,910 -   eval_score = 0.4802
2024-03-06 17:30:41,910 - EarlyStopping counter: 7 out of 8
2024-03-06 17:31:06,280 - ***** Epoch: 19: Eval results *****
2024-03-06 17:31:06,280 -   train_loss = 0.0576
2024-03-06 17:31:06,280 -   best_eval_score = 0.5185
2024-03-06 17:31:06,280 -   eval_score = 0.4884
2024-03-06 17:31:06,280 - EarlyStopping counter: 8 out of 8
2024-03-06 17:31:06,280 - EarlyStopping at epoch 19
2024-03-06 17:31:06,283 - Training is finished...
2024-03-06 17:31:06,283 - Testing begins...
2024-03-06 17:31:10,707 - ***** Test: Confusion Matrix *****
2024-03-06 17:31:10,710 - [[ 49   0  11   0   0   0   0   0   0   0   2   0   0   0   0   1   0   1
    0   0   0   1   1   1   1   0   0   0   0   0]
 [  0  59   0   0   7   1   4   0   1   0   2   0   2   0   3   0   0   9
    0   1   1   3   1   0   0   0   0   3   0   0]
 [ 11   1  37   0   1   0   0   0   0   0   1   0   0   2   0   0   0   5
    0   0   1   0   0   2   1   0   0   2   0   0]
 [  0   0   0  60   0   0   0   1   0   0   0   0   0   0   1   0   0   1
    0   0   0   0   0   0   0   0   0   2   0   0]
 [  0   4   0   0  34   1   0   0   1   0   0   0   0   0   0   0   0   2
    0   0   0   3   0   1   1   1   1   0   0   2]
 [  0   2   0   0   0  23   0   0   0   0   1   0   1   0   0   0   0   7
    0   1   1   0   0   1   0   0   0   0   0   0]
 [  0   1   0   0   0   5  28   5   0   0   3   0   6   0   0   0   0   0
    0   0   0   0   0   0   0   0   0   0   0   0]
 [  0   0   0   0   0   0   6  22   0   1   8   1   5   0   0   0   2   0
    0   0   0   0   1   0   0   0   0   1   0   0]
 [  0   2   1   3   1   0   0   0  27   1   0   1   1   2   3   0   0   2
    0   0   0   2   1   0   2   0   0   0   0   0]
 [  0   0   1   0   1   1   0   0   2  45   0   7  11   1   8   2   0  11
    3   0   3   3   4   1   2   0   0   0   0   1]
 [  2   0   0   0   0   3   4   0   0   1  45   0  30   0   3   0   0   2
    0   2   0   0   0   0   1   0   0   0   0   0]
 [  0   0   0   0   0   0   0   1   1   4   0  22   8   0   1   0   0   1
    1   0   1   0   2   0   0   0   1   3   0   1]
 [  0   3   0   1   0   0   6   9   2   2  25   1  78   0   1   0   3   0
    0   1   1   0   0   0   0   0   0   2   0   0]
 [  0   0   2   0   0   0   0   0   0   0   0   0   0   3   4   0   0   1
    2   0   1   0   0   0   1   0   1   0   0   2]
 [  0   2   1   0   1   1   0   0   2   8   1   1   2   7 107   1   0  29
    2   0   5   0   8   1   3   0   3   7   0   1]
 [  0   0   1   0   1   0   0   0   0   4   0   0   0   2   3   5   0   2
    1   0   0   1   0   1   0   0   0   0   1   0]
 [  0   0   0   0   1   0   0   2   1   0   2   0   1   0   0   0  55   0
    3   1   0   0   0   0   0   0   0   0   0   0]
 [  1   6   2   0   7   4   0   0   4   9   1   1   1   5  17   5   1 118
    5   1   4   4   6   6   0   0   1   3   1   4]
 [  0   1   0   0   0   0   0   0   0   3   2   0   0   4   4   1   2   9
   26   0   6   0   0   0   2   0   0   0   0   0]
 [  0   5   0   0   0   0   2   0   0   0   1   0   0   0   0   0   0   1
    0   5   0   2   0   1   0   0   0   0   0   0]
 [  0   2   1   0   1   0   0   0   0   1   0   1   1   1   3   0   0   3
    5   0   3   0   0   1   1   0   0   5   0   0]
 [  7   1   0   0   1   0   0   0   0   3   0   0   0   0   0   0   4   0
    0   0   1  27   3   3   0   0   0   1   0   2]
 [  0   0   0   1   0   0   0   0   3   5   0   3   0   1  10   2   0   4
    0   0   0   3  77   0   1   2   3   2   0   0]
 [  0   3   1   0   1   0   0   0   0   0   0   0   0   0   0   0   0   6
    0   0   0   2   0  25   0   0   0   0   0   0]
 [  2   0   1   0   0   0   0   0   1   1   0   2   0   0   2   2   0   4
    0   0   1   0   1   0  84   0   0  11   1   0]
 [  1   1   0   0   0   0   0   1   1   0   0   0   0   0   0   0   0   0
    0   0   0   1   2   1   1  19   1   0   0   2]
 [  0   0   0   0   0   0   0   0   0   2   0   0   0   1   2   0   0   3
    0   0   0   0   1   0   0   0   6   0   2   0]
 [  0   3   1   0   1   0   0   0   3   6   2   2   4   0   3   1   0   2
    0   0   4   0   2   0   7   1   1  14   0   1]
 [  0   0   0   0   0   0   0   0   0   0   0   0   0   0   0   0   1   0
    0   0   0   0   0   0   0   0   1   1  55   0]
 [  0   1   0   0   0   0   0   0   1   1   1   1   0   0   0   0   0   4
    1   0   1   1   0   0   0   1   0   1   0   5]]
2024-03-06 17:31:10,710 - ***** Evaluation results *****
2024-03-06 17:31:10,711 -   acc = 0.5721
2024-03-06 17:31:10,711 -   f1 = 0.5279
2024-03-06 17:31:10,711 -   prec = 0.5321
2024-03-06 17:31:10,711 -   rec = 0.5275
2024-03-06 17:31:10,711 - Testing is finished...
2024-03-06 17:31:10,711 - Multimodal intent recognition is finished...
2024-03-06 17:31:10,711 - Results are saved in results/text_bert.csv
