2024-03-06 17:46:00,192 - ============================== Params ==============================
2024-03-06 17:46:00,192 - logger_name: text_MIntRec2_multi-class_seed-3_2024-03-06-17-46-00
2024-03-06 17:46:00,192 - dataset: MIntRec2
2024-03-06 17:46:00,192 - data_mode: multi-class
2024-03-06 17:46:00,192 - method: text
2024-03-06 17:46:00,192 - text_backbone: bert-base-uncased
2024-03-06 17:46:00,192 - text_backbone_path: /home/sharing/disk1/pretrained_embedding/bert/uncased_L-12_H-768_A-12/
2024-03-06 17:46:00,192 - seed: 3
2024-03-06 17:46:00,192 - num_workers: 8
2024-03-06 17:46:00,192 - gpu_id: 3
2024-03-06 17:46:00,192 - data_path: /home/sharing/disk2/sjh/intentDataset
2024-03-06 17:46:00,192 - train: True
2024-03-06 17:46:00,192 - tune: True
2024-03-06 17:46:00,192 - save_model: False
2024-03-06 17:46:00,192 - save_results: True
2024-03-06 17:46:00,192 - log_path: logs
2024-03-06 17:46:00,193 - cache_path: 
2024-03-06 17:46:00,193 - video_data_path: video_data
2024-03-06 17:46:00,193 - audio_data_path: audio_data
2024-03-06 17:46:00,193 - video_feats_path: video_feats.pkl
2024-03-06 17:46:00,193 - audio_feats_path: audio_feats.pkl
2024-03-06 17:46:00,193 - results_path: results
2024-03-06 17:46:00,193 - output_path: /home/sharing/disk2/sjh/Outputs/MIntRec2
2024-03-06 17:46:00,193 - model_path: models
2024-03-06 17:46:00,193 - config_file_name: text_bert_MIntRec2
2024-03-06 17:46:00,193 - results_file_name: text_bert.csv
2024-03-06 17:46:00,193 - padding_mode: zero
2024-03-06 17:46:00,193 - padding_loc: end
2024-03-06 17:46:00,193 - eval_monitor: f1
2024-03-06 17:46:00,193 - train_batch_size: 32
2024-03-06 17:46:00,193 - eval_batch_size: 16
2024-03-06 17:46:00,193 - test_batch_size: 16
2024-03-06 17:46:00,193 - wait_patience: 8
2024-03-06 17:46:00,193 - num_train_epochs: 100
2024-03-06 17:46:00,193 - warmup_proportion: 0.1
2024-03-06 17:46:00,193 - lr: 1e-05
2024-03-06 17:46:00,193 - weight_decay: 0.1
2024-03-06 17:46:00,193 - pred_output_path: /home/sharing/disk2/sjh/Outputs/MIntRec2/text_MIntRec2_multi-class_seed-3_2024-03-06-17-46-00
2024-03-06 17:46:00,193 - model_output_path: /home/sharing/disk2/sjh/Outputs/MIntRec2/text_MIntRec2_multi-class_seed-3_2024-03-06-17-46-00/models
2024-03-06 17:46:00,193 - num_labels: 30
2024-03-06 17:46:00,193 - text_feat_dim: 768
2024-03-06 17:46:00,193 - video_feat_dim: 256
2024-03-06 17:46:00,193 - audio_feat_dim: 768
2024-03-06 17:46:00,193 - text_seq_len: 50
2024-03-06 17:46:00,193 - video_seq_len: 180
2024-03-06 17:46:00,193 - audio_seq_len: 400
2024-03-06 17:46:00,193 - ============================== End Params ==============================
2024-03-06 17:46:00,209 - Generate Text Features Begin...
2024-03-06 17:46:02,163 - Generate Text Features Finished...
2024-03-06 17:46:02,164 - Load Video Features Begin...
2024-03-06 17:46:03,425 - Load Video Features Finished...
2024-03-06 17:46:05,051 - Load Audio Features Begin...
2024-03-06 17:46:09,391 - Load Audio Features Finished...
2024-03-06 17:46:20,598 - method  begins...
2024-03-06 17:46:21,547 - text_data loading complete...
2024-03-06 17:46:21,547 - Multimodal intent recognition begins...
2024-03-06 17:46:21,547 - Training begins...
2024-03-06 17:46:46,086 - ***** Epoch: 1: Eval results *****
2024-03-06 17:46:46,086 -   train_loss = 3.3874
2024-03-06 17:46:46,086 -   best_eval_score = 0.0
2024-03-06 17:46:46,086 -   eval_score = 0.0425
2024-03-06 17:47:10,546 - ***** Epoch: 2: Eval results *****
2024-03-06 17:47:10,546 -   train_loss = 3.1214
2024-03-06 17:47:10,546 -   best_eval_score = 0.0425
2024-03-06 17:47:10,546 -   eval_score = 0.085
2024-03-06 17:47:35,362 - ***** Epoch: 3: Eval results *****
2024-03-06 17:47:35,362 -   train_loss = 2.8356
2024-03-06 17:47:35,362 -   best_eval_score = 0.085
2024-03-06 17:47:35,363 -   eval_score = 0.1851
2024-03-06 17:47:59,825 - ***** Epoch: 4: Eval results *****
2024-03-06 17:47:59,826 -   train_loss = 2.514
2024-03-06 17:47:59,826 -   best_eval_score = 0.1851
2024-03-06 17:47:59,826 -   eval_score = 0.2752
2024-03-06 17:48:24,453 - ***** Epoch: 5: Eval results *****
2024-03-06 17:48:24,453 -   train_loss = 2.1711
2024-03-06 17:48:24,453 -   best_eval_score = 0.2752
2024-03-06 17:48:24,453 -   eval_score = 0.3115
2024-03-06 17:48:48,841 - ***** Epoch: 6: Eval results *****
2024-03-06 17:48:48,841 -   train_loss = 1.8726
2024-03-06 17:48:48,841 -   best_eval_score = 0.3115
2024-03-06 17:48:48,841 -   eval_score = 0.3397
2024-03-06 17:49:13,455 - ***** Epoch: 7: Eval results *****
2024-03-06 17:49:13,455 -   train_loss = 1.6363
2024-03-06 17:49:13,455 -   best_eval_score = 0.3397
2024-03-06 17:49:13,455 -   eval_score = 0.371
2024-03-06 17:49:37,961 - ***** Epoch: 8: Eval results *****
2024-03-06 17:49:37,961 -   train_loss = 1.4327
2024-03-06 17:49:37,962 -   best_eval_score = 0.371
2024-03-06 17:49:37,962 -   eval_score = 0.4138
2024-03-06 17:50:02,264 - ***** Epoch: 9: Eval results *****
2024-03-06 17:50:02,264 -   train_loss = 1.2386
2024-03-06 17:50:02,264 -   best_eval_score = 0.4138
2024-03-06 17:50:02,264 -   eval_score = 0.439
2024-03-06 17:50:26,565 - ***** Epoch: 10: Eval results *****
2024-03-06 17:50:26,565 -   train_loss = 1.0535
2024-03-06 17:50:26,565 -   best_eval_score = 0.439
2024-03-06 17:50:26,565 -   eval_score = 0.4475
2024-03-06 17:50:51,026 - ***** Epoch: 11: Eval results *****
2024-03-06 17:50:51,027 -   train_loss = 0.8798
2024-03-06 17:50:51,027 -   best_eval_score = 0.4475
2024-03-06 17:50:51,027 -   eval_score = 0.4665
2024-03-06 17:51:15,787 - ***** Epoch: 12: Eval results *****
2024-03-06 17:51:15,787 -   train_loss = 0.7311
2024-03-06 17:51:15,787 -   best_eval_score = 0.4665
2024-03-06 17:51:15,787 -   eval_score = 0.4709
2024-03-06 17:51:40,278 - ***** Epoch: 13: Eval results *****
2024-03-06 17:51:40,278 -   train_loss = 0.5971
2024-03-06 17:51:40,278 -   best_eval_score = 0.4709
2024-03-06 17:51:40,278 -   eval_score = 0.5012
2024-03-06 17:52:05,104 - ***** Epoch: 14: Eval results *****
2024-03-06 17:52:05,104 -   train_loss = 0.4928
2024-03-06 17:52:05,104 -   best_eval_score = 0.5012
2024-03-06 17:52:05,104 -   eval_score = 0.492
2024-03-06 17:52:05,104 - EarlyStopping counter: 1 out of 8
2024-03-06 17:52:29,748 - ***** Epoch: 15: Eval results *****
2024-03-06 17:52:29,748 -   train_loss = 0.4096
2024-03-06 17:52:29,748 -   best_eval_score = 0.5012
2024-03-06 17:52:29,748 -   eval_score = 0.5014
2024-03-06 17:52:54,127 - ***** Epoch: 16: Eval results *****
2024-03-06 17:52:54,127 -   train_loss = 0.3398
2024-03-06 17:52:54,127 -   best_eval_score = 0.5014
2024-03-06 17:52:54,127 -   eval_score = 0.5003
2024-03-06 17:52:54,127 - EarlyStopping counter: 1 out of 8
2024-03-06 17:53:18,353 - ***** Epoch: 17: Eval results *****
2024-03-06 17:53:18,353 -   train_loss = 0.28
2024-03-06 17:53:18,353 -   best_eval_score = 0.5014
2024-03-06 17:53:18,354 -   eval_score = 0.5129
2024-03-06 17:53:44,145 - ***** Epoch: 18: Eval results *****
2024-03-06 17:53:44,145 -   train_loss = 0.2401
2024-03-06 17:53:44,145 -   best_eval_score = 0.5129
2024-03-06 17:53:44,145 -   eval_score = 0.5019
2024-03-06 17:53:44,146 - EarlyStopping counter: 1 out of 8
2024-03-06 17:54:08,805 - ***** Epoch: 19: Eval results *****
2024-03-06 17:54:08,805 -   train_loss = 0.1934
2024-03-06 17:54:08,805 -   best_eval_score = 0.5129
2024-03-06 17:54:08,805 -   eval_score = 0.5053
2024-03-06 17:54:08,805 - EarlyStopping counter: 2 out of 8
2024-03-06 17:54:33,053 - ***** Epoch: 20: Eval results *****
2024-03-06 17:54:33,053 -   train_loss = 0.1688
2024-03-06 17:54:33,053 -   best_eval_score = 0.5129
2024-03-06 17:54:33,053 -   eval_score = 0.4958
2024-03-06 17:54:33,053 - EarlyStopping counter: 3 out of 8
2024-03-06 17:54:58,425 - ***** Epoch: 21: Eval results *****
2024-03-06 17:54:58,425 -   train_loss = 0.1487
2024-03-06 17:54:58,425 -   best_eval_score = 0.5129
2024-03-06 17:54:58,426 -   eval_score = 0.5039
2024-03-06 17:54:58,426 - EarlyStopping counter: 4 out of 8
2024-03-06 17:55:22,797 - ***** Epoch: 22: Eval results *****
2024-03-06 17:55:22,797 -   train_loss = 0.1258
2024-03-06 17:55:22,797 -   best_eval_score = 0.5129
2024-03-06 17:55:22,797 -   eval_score = 0.4958
2024-03-06 17:55:22,798 - EarlyStopping counter: 5 out of 8
2024-03-06 17:55:47,557 - ***** Epoch: 23: Eval results *****
2024-03-06 17:55:47,558 -   train_loss = 0.1161
2024-03-06 17:55:47,558 -   best_eval_score = 0.5129
2024-03-06 17:55:47,558 -   eval_score = 0.4971
2024-03-06 17:55:47,558 - EarlyStopping counter: 6 out of 8
2024-03-06 17:56:12,187 - ***** Epoch: 24: Eval results *****
2024-03-06 17:56:12,187 -   train_loss = 0.1041
2024-03-06 17:56:12,187 -   best_eval_score = 0.5129
2024-03-06 17:56:12,187 -   eval_score = 0.4964
2024-03-06 17:56:12,187 - EarlyStopping counter: 7 out of 8
2024-03-06 17:56:36,259 - ***** Epoch: 25: Eval results *****
2024-03-06 17:56:36,259 -   train_loss = 0.0936
2024-03-06 17:56:36,260 -   best_eval_score = 0.5129
2024-03-06 17:56:36,260 -   eval_score = 0.506
2024-03-06 17:56:36,260 - EarlyStopping counter: 8 out of 8
2024-03-06 17:56:36,260 - EarlyStopping at epoch 25
2024-03-06 17:56:36,262 - Training is finished...
2024-03-06 17:56:36,262 - Testing begins...
2024-03-06 17:56:40,815 - ***** Test: Confusion Matrix *****
2024-03-06 17:56:40,818 - [[ 36   0  24   0   0   0   0   0   0   0   2   0   0   0   0   1   0   1
    0   0   0   3   0   0   1   0   0   0   0   0]
 [  0  58   0   0   8   4   5   0   1   0   2   0   2   0   5   0   1   6
    1   1   0   0   1   0   1   0   0   1   0   0]
 [  7   1  43   0   0   0   0   0   0   0   1   0   0   1   2   0   0   2
    1   0   0   1   0   2   3   0   0   0   0   0]
 [  0   0   0  62   0   0   0   1   0   0   0   0   0   0   1   0   0   1
    0   0   0   0   0   0   0   0   0   0   0   0]
 [  0   4   0   0  30   2   0   0   1   0   0   0   0   0   0   0   0   3
    0   1   0   4   0   1   1   1   0   0   0   3]
 [  0   0   0   0   1  27   0   0   0   1   1   0   1   0   1   0   0   3
    0   0   0   0   0   1   0   0   0   0   0   1]
 [  0   0   0   0   0   3  29   7   0   2   3   1   3   0   0   0   0   0
    0   0   0   0   0   0   0   0   0   0   0   0]
 [  0   0   0   0   0   0   9  23   0   0   5   1   6   0   0   0   2   0
    0   0   0   0   0   0   0   0   0   1   0   0]
 [  2   4   1   3   1   0   0   0  22   1   0   3   0   0   3   1   0   3
    0   0   0   0   2   0   1   0   0   0   0   2]
 [  0   0   1   0   1   0   0   0   3  44   0  10   9   1  11   0   0  12
    0   0   1   2   3   1   2   1   0   3   0   2]
 [  0   0   0   0   0   3   8   3   2   0  41   0  30   0   2   0   0   1
    0   1   0   0   0   0   1   0   0   1   0   0]
 [  0   0   0   0   0   0   2   1   0   6   1  21   5   0   1   0   0   1
    0   0   1   0   2   0   1   0   1   2   0   2]
 [  0   1   0   0   0   0   8   7   1   4  22   3  85   0   0   0   1   1
    0   0   0   2   0   0   0   0   0   0   0   0]
 [  0   0   1   0   1   0   0   0   1   1   0   0   0   2   4   0   0   3
    2   0   1   0   1   0   0   0   0   0   0   0]
 [  0   2   2   0   0   2   0   0   6   8   2   3   0   0 110   0   0  29
    2   0   4   1  12   1   4   0   0   5   0   0]
 [  0   0   0   0   1   0   0   0   0   5   0   0   0   0   2   4   0   4
    2   0   0   1   0   0   0   0   0   1   1   1]
 [  0   0   0   0   1   0   0   1   1   0   0   0   2   0   0   1  58   0
    1   0   0   0   0   0   0   0   0   1   0   0]
 [  0   7   1   0   7   4   1   0   6   8   2   0   0   2  18   0   1 118
    7   2   4   5   6   7   1   3   1   1   1   4]
 [  0   2   0   0   0   0   1   0   1   3   1   0   0   1   5   0   3  15
   22   0   1   0   1   1   2   0   0   1   0   0]
 [  0   6   0   0   0   1   2   0   0   0   2   0   0   0   0   0   0   0
    0   5   0   1   0   0   0   0   0   0   0   0]
 [  0   1   2   0   1   0   0   0   0   2   0   1   1   0   3   1   0   6
    5   0   2   0   0   0   0   0   0   4   0   0]
 [  5   1   1   0   0   0   0   0   0   3   0   0   0   0   0   0   4   3
    0   0   0  27   1   3   2   0   0   1   0   2]
 [  0   0   0   0   0   0   0   0   2   2   0   3   0   0  10   0   0   5
    0   0   2   1  81   0   1   3   5   0   0   2]
 [  0   3   2   0   1   0   0   0   0   2   0   0   0   0   0   0   0   7
    0   0   0   2   0  21   0   0   0   0   0   0]
 [  1   0   1   0   0   0   0   0   4   1   1   2   0   0   2   2   0   2
    2   0   0   0   1   1  85   0   0   6   2   0]
 [  1   1   0   0   1   0   0   1   0   1   0   0   0   0   0   0   0   0
    0   0   0   0   1   1   1  22   0   0   0   1]
 [  0   0   0   1   0   0   0   0   0   1   0   0   0   0   0   0   0   4
    0   0   0   2   4   1   0   0   4   0   0   0]
 [  0   2   1   0   0   0   0   1   2   5   3   5   3   0   3   0   0   3
    1   0   1   0   1   0   9   1   1  12   1   3]
 [  0   0   0   0   0   0   0   0   0   0   0   0   0   0   0   0   1   0
    0   0   0   0   1   0   0   0   0   0  56   0]
 [  0   1   0   0   0   0   0   0   2   1   1   1   0   0   0   0   0   2
    1   0   0   1   0   0   1   2   0   0   0   6]]
2024-03-06 17:56:40,818 - ***** Evaluation results *****
2024-03-06 17:56:40,818 -   acc = 0.5686
2024-03-06 17:56:40,818 -   f1 = 0.5136
2024-03-06 17:56:40,818 -   prec = 0.5232
2024-03-06 17:56:40,818 -   rec = 0.5168
2024-03-06 17:56:40,818 - Testing is finished...
2024-03-06 17:56:40,818 - Multimodal intent recognition is finished...
2024-03-06 17:56:40,818 - Results are saved in results/text_bert.csv
