2024-03-16 08:43:17,348 - ============================== Params ==============================
2024-03-16 08:43:17,348 - logger_name: mag_bert_MIntRec2_multi-class_seed-5_2024-03-16-08-43-17
2024-03-16 08:43:17,348 - dataset: MIntRec2
2024-03-16 08:43:17,348 - data_mode: multi-class
2024-03-16 08:43:17,348 - method: mag_bert
2024-03-16 08:43:17,348 - text_backbone: bert-base-uncased
2024-03-16 08:43:17,348 - text_backbone_path: /home/sharing/disk1/pretrained_embedding/bert/uncased_L-12_H-768_A-12/
2024-03-16 08:43:17,348 - seed: 5
2024-03-16 08:43:17,348 - num_workers: 8
2024-03-16 08:43:17,348 - gpu_id: 3
2024-03-16 08:43:17,348 - data_path: /home/sharing/disk2/sjh/intentDataset
2024-03-16 08:43:17,348 - train: True
2024-03-16 08:43:17,348 - tune: True
2024-03-16 08:43:17,348 - save_model: False
2024-03-16 08:43:17,348 - save_results: True
2024-03-16 08:43:17,348 - log_path: logs
2024-03-16 08:43:17,349 - cache_path: 
2024-03-16 08:43:17,349 - video_data_path: video_data
2024-03-16 08:43:17,349 - audio_data_path: audio_data
2024-03-16 08:43:17,349 - video_feats_path: video_feats.pkl
2024-03-16 08:43:17,349 - audio_feats_path: audio_feats.pkl
2024-03-16 08:43:17,349 - results_path: results
2024-03-16 08:43:17,349 - output_path: /home/sharing/disk2/sjh/Outputs/MIntRec2
2024-03-16 08:43:17,349 - model_path: models
2024-03-16 08:43:17,349 - config_file_name: mag_bert_MIntRec2
2024-03-16 08:43:17,349 - results_file_name: mag_bert.csv
2024-03-16 08:43:17,349 - padding_mode: zero
2024-03-16 08:43:17,349 - padding_loc: end
2024-03-16 08:43:17,349 - need_aligned: True
2024-03-16 08:43:17,349 - eval_monitor: f1
2024-03-16 08:43:17,349 - train_batch_size: 32
2024-03-16 08:43:17,349 - eval_batch_size: 16
2024-03-16 08:43:17,349 - test_batch_size: 16
2024-03-16 08:43:17,349 - wait_patience: 8
2024-03-16 08:43:17,349 - num_train_epochs: 100
2024-03-16 08:43:17,349 - beta_shift: 0.01
2024-03-16 08:43:17,349 - dropout_prob: 0.5
2024-03-16 08:43:17,349 - warmup_proportion: 0.1
2024-03-16 08:43:17,349 - lr: 2e-05
2024-03-16 08:43:17,349 - aligned_method: ctc
2024-03-16 08:43:17,349 - weight_decay: 0.03
2024-03-16 08:43:17,349 - pred_output_path: /home/sharing/disk2/sjh/Outputs/MIntRec2/mag_bert_MIntRec2_multi-class_seed-5_2024-03-16-08-43-17
2024-03-16 08:43:17,349 - model_output_path: /home/sharing/disk2/sjh/Outputs/MIntRec2/mag_bert_MIntRec2_multi-class_seed-5_2024-03-16-08-43-17/models
2024-03-16 08:43:17,349 - ============================== End Params ==============================
2024-03-16 08:43:17,420 - Generate Text Features Begin...
2024-03-16 08:43:19,164 - Generate Text Features Finished...
2024-03-16 08:43:19,165 - Load Video Features Begin...
2024-03-16 08:43:23,534 - Load Video Features Finished...
2024-03-16 08:43:25,400 - Load Audio Features Begin...
2024-03-16 08:43:50,018 - Load Audio Features Finished...
2024-03-16 08:44:03,024 - method  begins...
2024-03-16 08:44:09,449 - Multimodal intent recognition begins...
2024-03-16 08:44:09,450 - Training begins...
2024-03-16 08:44:59,582 - ***** Epoch: 1: Eval results *****
2024-03-16 08:44:59,583 -   train_loss = 3.3392
2024-03-16 08:44:59,583 -   best_eval_score = 0.0
2024-03-16 08:44:59,583 -   eval_score = 0.0557
2024-03-16 08:45:56,799 - ***** Epoch: 2: Eval results *****
2024-03-16 08:45:56,799 -   train_loss = 2.9503
2024-03-16 08:45:56,799 -   best_eval_score = 0.0557
2024-03-16 08:45:56,799 -   eval_score = 0.1502
2024-03-16 08:46:44,646 - ***** Epoch: 3: Eval results *****
2024-03-16 08:46:44,647 -   train_loss = 2.4532
2024-03-16 08:46:44,647 -   best_eval_score = 0.1502
2024-03-16 08:46:44,647 -   eval_score = 0.2641
