2024-03-18 01:26:16,245 - ============================== Params ==============================
2024-03-18 01:26:16,245 - logger_name: mag_bert_MIntRec2_multi-class_seed-4_2024-03-18-01-26-16
2024-03-18 01:26:16,245 - dataset: MIntRec2
2024-03-18 01:26:16,245 - data_mode: multi-class
2024-03-18 01:26:16,245 - method: mag_bert
2024-03-18 01:26:16,245 - text_backbone: bert-base-uncased
2024-03-18 01:26:16,245 - text_backbone_path: /home/sharing/disk1/pretrained_embedding/bert/uncased_L-12_H-768_A-12/
2024-03-18 01:26:16,246 - seed: 4
2024-03-18 01:26:16,246 - num_workers: 8
2024-03-18 01:26:16,246 - gpu_id: 2
2024-03-18 01:26:16,246 - data_path: /home/sharing/disk2/sjh/intentDataset
2024-03-18 01:26:16,246 - train: True
2024-03-18 01:26:16,246 - tune: True
2024-03-18 01:26:16,246 - save_model: False
2024-03-18 01:26:16,246 - save_results: True
2024-03-18 01:26:16,246 - log_path: logs
2024-03-18 01:26:16,246 - cache_path: 
2024-03-18 01:26:16,246 - video_data_path: video_data
2024-03-18 01:26:16,246 - audio_data_path: audio_data
2024-03-18 01:26:16,246 - video_feats_path: video_feats.pkl
2024-03-18 01:26:16,246 - audio_feats_path: audio_feats.pkl
2024-03-18 01:26:16,246 - results_path: results
2024-03-18 01:26:16,246 - output_path: /home/sharing/disk2/sjh/Outputs/MIntRec2
2024-03-18 01:26:16,246 - model_path: models
2024-03-18 01:26:16,246 - config_file_name: mag_bert_MIntRec2
2024-03-18 01:26:16,246 - results_file_name: mag_bert.csv
2024-03-18 01:26:16,246 - padding_mode: zero
2024-03-18 01:26:16,247 - padding_loc: end
2024-03-18 01:26:16,247 - need_aligned: True
2024-03-18 01:26:16,247 - eval_monitor: f1
2024-03-18 01:26:16,247 - train_batch_size: 32
2024-03-18 01:26:16,247 - eval_batch_size: 16
2024-03-18 01:26:16,247 - test_batch_size: 16
2024-03-18 01:26:16,247 - wait_patience: 8
2024-03-18 01:26:16,247 - num_train_epochs: 100
2024-03-18 01:26:16,247 - beta_shift: 0.01
2024-03-18 01:26:16,247 - dropout_prob: 0.1
2024-03-18 01:26:16,247 - warmup_proportion: 0.05
2024-03-18 01:26:16,247 - lr: 3e-05
2024-03-18 01:26:16,247 - aligned_method: conv1d
2024-03-18 01:26:16,247 - weight_decay: 0.1
2024-03-18 01:26:16,247 - pred_output_path: /home/sharing/disk2/sjh/Outputs/MIntRec2/mag_bert_MIntRec2_multi-class_seed-4_2024-03-18-01-26-16
2024-03-18 01:26:16,247 - model_output_path: /home/sharing/disk2/sjh/Outputs/MIntRec2/mag_bert_MIntRec2_multi-class_seed-4_2024-03-18-01-26-16/models
2024-03-18 01:26:16,247 - num_labels: 30
2024-03-18 01:26:16,248 - text_feat_dim: 768
2024-03-18 01:26:16,248 - video_feat_dim: 256
2024-03-18 01:26:16,248 - audio_feat_dim: 768
2024-03-18 01:26:16,248 - text_seq_len: 50
2024-03-18 01:26:16,248 - video_seq_len: 180
2024-03-18 01:26:16,248 - audio_seq_len: 400
2024-03-18 01:26:16,248 - device: cuda:2
2024-03-18 01:26:16,248 - ============================== End Params ==============================
2024-03-18 01:26:16,275 - Generate Text Features Begin...
2024-03-18 01:26:18,415 - Generate Text Features Finished...
2024-03-18 01:26:18,417 - Load Video Features Begin...
2024-03-18 01:26:19,921 - Load Video Features Finished...
2024-03-18 01:26:22,142 - Load Audio Features Begin...
2024-03-18 01:26:28,253 - Load Audio Features Finished...
2024-03-18 01:26:42,725 - method  begins...
2024-03-18 01:26:43,744 - Multimodal intent recognition begins...
2024-03-18 01:26:43,745 - Training begins...
2024-03-18 01:27:18,262 - ***** Epoch: 1: Eval results *****
2024-03-18 01:27:18,262 -   train_loss = 3.1249
2024-03-18 01:27:18,262 -   best_eval_score = 0.0
2024-03-18 01:27:18,262 -   eval_score = 0.169
2024-03-18 01:27:52,183 - ***** Epoch: 2: Eval results *****
2024-03-18 01:27:52,183 -   train_loss = 2.1413
2024-03-18 01:27:52,183 -   best_eval_score = 0.169
2024-03-18 01:27:52,184 -   eval_score = 0.3503
2024-03-18 01:28:24,759 - ***** Epoch: 3: Eval results *****
2024-03-18 01:28:24,760 -   train_loss = 1.5711
2024-03-18 01:28:24,760 -   best_eval_score = 0.3503
2024-03-18 01:28:24,760 -   eval_score = 0.4021
2024-03-18 01:28:57,382 - ***** Epoch: 4: Eval results *****
2024-03-18 01:28:57,383 -   train_loss = 1.2025
2024-03-18 01:28:57,383 -   best_eval_score = 0.4021
2024-03-18 01:28:57,383 -   eval_score = 0.4505
2024-03-18 01:29:29,950 - ***** Epoch: 5: Eval results *****
2024-03-18 01:29:29,950 -   train_loss = 0.8901
2024-03-18 01:29:29,950 -   best_eval_score = 0.4505
2024-03-18 01:29:29,950 -   eval_score = 0.4791
2024-03-18 01:30:01,937 - ***** Epoch: 6: Eval results *****
2024-03-18 01:30:01,937 -   train_loss = 0.6101
2024-03-18 01:30:01,937 -   best_eval_score = 0.4791
2024-03-18 01:30:01,937 -   eval_score = 0.4734
2024-03-18 01:30:01,937 - EarlyStopping counter: 1 out of 8
2024-03-18 01:30:34,389 - ***** Epoch: 7: Eval results *****
2024-03-18 01:30:34,389 -   train_loss = 0.397
2024-03-18 01:30:34,390 -   best_eval_score = 0.4791
2024-03-18 01:30:34,390 -   eval_score = 0.4988
2024-03-18 01:31:06,833 - ***** Epoch: 8: Eval results *****
2024-03-18 01:31:06,833 -   train_loss = 0.2608
2024-03-18 01:31:06,833 -   best_eval_score = 0.4988
2024-03-18 01:31:06,833 -   eval_score = 0.4844
2024-03-18 01:31:06,834 - EarlyStopping counter: 1 out of 8
2024-03-18 01:31:40,420 - ***** Epoch: 9: Eval results *****
2024-03-18 01:31:40,420 -   train_loss = 0.1822
2024-03-18 01:31:40,420 -   best_eval_score = 0.4988
2024-03-18 01:31:40,421 -   eval_score = 0.4944
2024-03-18 01:31:40,421 - EarlyStopping counter: 2 out of 8
2024-03-18 01:32:14,988 - ***** Epoch: 10: Eval results *****
2024-03-18 01:32:14,988 -   train_loss = 0.13
2024-03-18 01:32:14,988 -   best_eval_score = 0.4988
2024-03-18 01:32:14,989 -   eval_score = 0.4919
2024-03-18 01:32:14,989 - EarlyStopping counter: 3 out of 8
2024-03-18 01:32:48,742 - ***** Epoch: 11: Eval results *****
2024-03-18 01:32:48,742 -   train_loss = 0.1121
2024-03-18 01:32:48,742 -   best_eval_score = 0.4988
2024-03-18 01:32:48,742 -   eval_score = 0.5097
2024-03-18 01:33:23,342 - ***** Epoch: 12: Eval results *****
2024-03-18 01:33:23,342 -   train_loss = 0.0946
2024-03-18 01:33:23,342 -   best_eval_score = 0.5097
2024-03-18 01:33:23,342 -   eval_score = 0.5064
2024-03-18 01:33:23,342 - EarlyStopping counter: 1 out of 8
2024-03-18 01:33:56,686 - ***** Epoch: 13: Eval results *****
2024-03-18 01:33:56,687 -   train_loss = 0.0795
2024-03-18 01:33:56,687 -   best_eval_score = 0.5097
2024-03-18 01:33:56,687 -   eval_score = 0.4911
2024-03-18 01:33:56,687 - EarlyStopping counter: 2 out of 8
2024-03-18 01:34:29,884 - ***** Epoch: 14: Eval results *****
2024-03-18 01:34:29,885 -   train_loss = 0.0779
2024-03-18 01:34:29,885 -   best_eval_score = 0.5097
2024-03-18 01:34:29,885 -   eval_score = 0.5007
2024-03-18 01:34:29,885 - EarlyStopping counter: 3 out of 8
2024-03-18 01:35:03,181 - ***** Epoch: 15: Eval results *****
2024-03-18 01:35:03,181 -   train_loss = 0.0695
2024-03-18 01:35:03,182 -   best_eval_score = 0.5097
2024-03-18 01:35:03,182 -   eval_score = 0.5121
2024-03-18 01:35:37,761 - ***** Epoch: 16: Eval results *****
2024-03-18 01:35:37,761 -   train_loss = 0.0631
2024-03-18 01:35:37,761 -   best_eval_score = 0.5121
2024-03-18 01:35:37,761 -   eval_score = 0.4887
2024-03-18 01:35:37,761 - EarlyStopping counter: 1 out of 8
2024-03-18 01:36:13,202 - ***** Epoch: 17: Eval results *****
2024-03-18 01:36:13,203 -   train_loss = 0.0739
2024-03-18 01:36:13,203 -   best_eval_score = 0.5121
2024-03-18 01:36:13,203 -   eval_score = 0.506
2024-03-18 01:36:13,203 - EarlyStopping counter: 2 out of 8
2024-03-18 01:36:47,950 - ***** Epoch: 18: Eval results *****
2024-03-18 01:36:47,950 -   train_loss = 0.0562
2024-03-18 01:36:47,950 -   best_eval_score = 0.5121
2024-03-18 01:36:47,950 -   eval_score = 0.518
2024-03-18 01:37:22,550 - ***** Epoch: 19: Eval results *****
2024-03-18 01:37:22,550 -   train_loss = 0.0522
2024-03-18 01:37:22,550 -   best_eval_score = 0.518
2024-03-18 01:37:22,550 -   eval_score = 0.5219
2024-03-18 01:37:56,149 - ***** Epoch: 20: Eval results *****
2024-03-18 01:37:56,150 -   train_loss = 0.0484
2024-03-18 01:37:56,150 -   best_eval_score = 0.5219
2024-03-18 01:37:56,150 -   eval_score = 0.5261
2024-03-18 01:38:29,687 - ***** Epoch: 21: Eval results *****
2024-03-18 01:38:29,687 -   train_loss = 0.0665
2024-03-18 01:38:29,687 -   best_eval_score = 0.5261
2024-03-18 01:38:29,687 -   eval_score = 0.5182
2024-03-18 01:38:29,687 - EarlyStopping counter: 1 out of 8
2024-03-18 01:39:03,821 - ***** Epoch: 22: Eval results *****
2024-03-18 01:39:03,821 -   train_loss = 0.055
2024-03-18 01:39:03,822 -   best_eval_score = 0.5261
2024-03-18 01:39:03,822 -   eval_score = 0.4996
2024-03-18 01:39:03,822 - EarlyStopping counter: 2 out of 8
2024-03-18 01:39:39,111 - ***** Epoch: 23: Eval results *****
2024-03-18 01:39:39,111 -   train_loss = 0.0633
2024-03-18 01:39:39,112 -   best_eval_score = 0.5261
2024-03-18 01:39:39,112 -   eval_score = 0.5061
2024-03-18 01:39:39,112 - EarlyStopping counter: 3 out of 8
2024-03-18 01:40:13,279 - ***** Epoch: 24: Eval results *****
2024-03-18 01:40:13,279 -   train_loss = 0.0602
2024-03-18 01:40:13,279 -   best_eval_score = 0.5261
2024-03-18 01:40:13,279 -   eval_score = 0.492
2024-03-18 01:40:13,279 - EarlyStopping counter: 4 out of 8
2024-03-18 01:40:48,288 - ***** Epoch: 25: Eval results *****
2024-03-18 01:40:48,288 -   train_loss = 0.0534
2024-03-18 01:40:48,288 -   best_eval_score = 0.5261
2024-03-18 01:40:48,289 -   eval_score = 0.4919
2024-03-18 01:40:48,289 - EarlyStopping counter: 5 out of 8
2024-03-18 01:41:22,037 - ***** Epoch: 26: Eval results *****
2024-03-18 01:41:22,037 -   train_loss = 0.0407
2024-03-18 01:41:22,037 -   best_eval_score = 0.5261
2024-03-18 01:41:22,037 -   eval_score = 0.5153
2024-03-18 01:41:22,038 - EarlyStopping counter: 6 out of 8
2024-03-18 01:41:55,814 - ***** Epoch: 27: Eval results *****
2024-03-18 01:41:55,814 -   train_loss = 0.0439
2024-03-18 01:41:55,814 -   best_eval_score = 0.5261
2024-03-18 01:41:55,814 -   eval_score = 0.4998
2024-03-18 01:41:55,814 - EarlyStopping counter: 7 out of 8
2024-03-18 01:42:28,394 - ***** Epoch: 28: Eval results *****
2024-03-18 01:42:28,395 -   train_loss = 0.0458
2024-03-18 01:42:28,395 -   best_eval_score = 0.5261
2024-03-18 01:42:28,395 -   eval_score = 0.4918
2024-03-18 01:42:28,395 - EarlyStopping counter: 8 out of 8
2024-03-18 01:42:28,395 - EarlyStopping at epoch 28
2024-03-18 01:42:28,397 - Training is finished...
2024-03-18 01:42:28,397 - Testing begins...
2024-03-18 01:42:36,440 - ***** Test: Confusion Matrix *****
2024-03-18 01:42:36,444 - [[ 50   0  11   0   0   0   0   0   1   0   2   0   0   0   0   1   0   0
    0   0   0   0   0   1   1   0   0   1   0   0]
 [  0  51   0   0  11   2   9   0   2   0   1   0   2   0   4   0   0   8
    0   0   0   1   0   0   3   1   0   2   0   0]
 [ 10   1  40   0   1   0   0   0   0   1   1   0   0   1   1   0   0   3
    0   0   0   0   0   1   2   1   0   1   0   0]
 [  0   0   0  59   0   0   0   1   0   0   0   0   0   0   2   0   0   1
    0   0   0   0   0   0   1   0   0   1   0   0]
 [  0   5   0   0  34   1   0   0   1   0   0   0   0   0   0   0   0   4
    0   2   0   1   1   1   1   0   0   0   0   0]
 [  0   1   0   0   1  26   1   0   0   1   1   0   1   0   0   0   0   4
    1   0   0   0   0   0   0   0   0   0   0   0]
 [  0   1   0   0   0   4  27   9   0   1   3   0   3   0   0   0   0   0
    0   0   0   0   0   0   0   0   0   0   0   0]
 [  0   1   0   0   0   0   4  29   0   0   5   0   3   0   0   0   2   0
    0   1   0   0   0   0   1   0   0   1   0   0]
 [  2   4   1   2   1   0   0   0  25   0   0   2   0   1   0   1   0   6
    0   0   0   0   2   0   2   0   0   0   0   0]
 [  0   0   2   1   0   1   1   0   3  32   1   4  11   2  19   0   0  11
    1   0   1   3   4   2   2   1   0   3   0   2]
 [  0   0   0   0   0   4   6   7   2   0  41   0  25   0   4   0   1   0
    0   2   0   0   0   1   0   0   0   0   0   0]
 [  0   0   0   0   0   0   1   2   1   6   0   8   9   2   2   0   0   1
    1   0   0   0   2   0   1   0   0  11   0   0]
 [  0   3   1   0   0   0   4  14   1   1  24   0  82   0   0   0   2   1
    0   0   0   0   0   0   0   0   0   2   0   0]
 [  0   0   2   0   0   0   0   0   0   1   0   0   0   0   5   1   0   3
    1   0   2   0   1   0   0   0   0   1   0   0]
 [  0   3   2   0   0   1   2   0   6   2   3   0   1   6 115   0   0  27
    3   0   3   1   8   1   4   0   0   5   0   0]
 [  0   0   2   0   0   0   0   0   0   2   0   0   0   0   5   4   0   3
    2   0   0   1   1   0   0   0   0   1   1   0]
 [  0   0   0   0   1   0   1   2   0   0   1   0   2   0   0   0  55   0
    3   0   0   0   0   0   1   0   0   0   0   0]
 [  1   6   1   0   9   5   0   0   5   9   1   1   1   1  22   4   1 113
    8   0   2   2   4  10   1   0   1   4   1   4]
 [  0   2   0   0   0   0   1   0   0   2   1   0   1   1  11   0   2   6
   29   0   3   0   0   0   1   0   0   0   0   0]
 [  0   5   0   0   0   0   4   0   0   0   2   0   0   0   0   0   0   0
    0   4   0   2   0   0   0   0   0   0   0   0]
 [  0   2   2   0   0   0   0   0   0   0   0   0   1   0   3   2   0   6
    5   0   4   0   0   1   0   0   0   3   0   0]
 [  6   1   0   0   2   1   0   0   0   1   0   0   0   0   1   0   4   0
    0   1   2  25   0   4   1   1   0   2   0   1]
 [  0   0   0   0   0   0   0   0   1   2   1   2   0   2   9   0   0   4
    0   0   1   2  81   0   1   2   7   2   0   0]
 [  0   2   0   0   1   0   0   0   0   2   0   0   0   0   1   0   0   6
    0   0   0   2   0  24   0   0   0   0   0   0]
 [  2   0   2   0   0   0   0   0   2   2   1   1   1   1   4   1   0   2
    0   0   0   0   1   0  86   0   0   6   1   0]
 [  1   1   0   0   0   0   0   1   0   0   0   0   0   0   0   0   0   2
    0   0   0   0   4   0   1  19   1   0   0   1]
 [  0   0   0   0   0   0   0   0   0   0   0   0   0   0   1   0   0   4
    0   0   0   2   1   1   0   0   6   0   2   0]
 [  0   3   2   0   0   0   0   0   2   4   3   2   4   0   4   0   0   1
    1   0   1   1   2   0   9   2   0  16   0   1]
 [  0   0   0   0   0   0   0   0   0   0   0   0   0   0   1   0   1   0
    0   0   0   0   0   0   1   0   0   1  54   0]
 [  0   2   0   0   0   0   0   0   1   0   1   0   0   0   0   0   0   4
    1   0   0   0   0   0   1   1   0   3   0   5]]
2024-03-18 01:42:36,444 - ***** Evaluation results *****
2024-03-18 01:42:36,444 -   acc = 0.5627
2024-03-18 01:42:36,444 -   f1 = 0.5091
2024-03-18 01:42:36,444 -   prec = 0.5176
2024-03-18 01:42:36,445 -   rec = 0.5117
2024-03-18 01:42:36,445 - Testing is finished...
2024-03-18 01:42:36,445 - Multimodal intent recognition is finished...
2024-03-18 01:42:36,445 - Results are saved in results/mag_bert.csv
