2024-03-16 01:09:31,133 - ============================== Params ==============================
2024-03-16 01:09:31,133 - logger_name: mag_bert_MIntRec2_multi-class_seed-2_2024-03-16-01-09-31
2024-03-16 01:09:31,133 - dataset: MIntRec2
2024-03-16 01:09:31,133 - data_mode: multi-class
2024-03-16 01:09:31,133 - method: mag_bert
2024-03-16 01:09:31,133 - text_backbone: bert-base-uncased
2024-03-16 01:09:31,133 - text_backbone_path: /home/sharing/disk1/pretrained_embedding/bert/uncased_L-12_H-768_A-12/
2024-03-16 01:09:31,133 - seed: 2
2024-03-16 01:09:31,133 - num_workers: 8
2024-03-16 01:09:31,133 - gpu_id: 2
2024-03-16 01:09:31,133 - data_path: /home/sharing/disk2/sjh/intentDataset
2024-03-16 01:09:31,133 - train: True
2024-03-16 01:09:31,133 - tune: True
2024-03-16 01:09:31,133 - save_model: False
2024-03-16 01:09:31,133 - save_results: True
2024-03-16 01:09:31,133 - log_path: logs
2024-03-16 01:09:31,133 - cache_path: 
2024-03-16 01:09:31,133 - video_data_path: video_data
2024-03-16 01:09:31,133 - audio_data_path: audio_data
2024-03-16 01:09:31,134 - video_feats_path: video_feats.pkl
2024-03-16 01:09:31,134 - audio_feats_path: audio_feats.pkl
2024-03-16 01:09:31,134 - results_path: results
2024-03-16 01:09:31,134 - output_path: /home/sharing/disk2/sjh/Outputs/MIntRec2
2024-03-16 01:09:31,134 - model_path: models
2024-03-16 01:09:31,134 - config_file_name: mag_bert_MIntRec2
2024-03-16 01:09:31,134 - results_file_name: mag_bert.csv
2024-03-16 01:09:31,134 - padding_mode: zero
2024-03-16 01:09:31,134 - padding_loc: end
2024-03-16 01:09:31,134 - need_aligned: True
2024-03-16 01:09:31,134 - eval_monitor: f1
2024-03-16 01:09:31,134 - train_batch_size: 32
2024-03-16 01:09:31,134 - eval_batch_size: 16
2024-03-16 01:09:31,134 - test_batch_size: 16
2024-03-16 01:09:31,134 - wait_patience: 8
2024-03-16 01:09:31,134 - num_train_epochs: 100
2024-03-16 01:09:31,134 - beta_shift: 0.01
2024-03-16 01:09:31,134 - dropout_prob: 0.3
2024-03-16 01:09:31,134 - warmup_proportion: 0.3
2024-03-16 01:09:31,134 - lr: 2e-05
2024-03-16 01:09:31,134 - aligned_method: ctc
2024-03-16 01:09:31,134 - weight_decay: 0.03
2024-03-16 01:09:31,134 - pred_output_path: /home/sharing/disk2/sjh/Outputs/MIntRec2/mag_bert_MIntRec2_multi-class_seed-2_2024-03-16-01-09-31
2024-03-16 01:09:31,134 - model_output_path: /home/sharing/disk2/sjh/Outputs/MIntRec2/mag_bert_MIntRec2_multi-class_seed-2_2024-03-16-01-09-31/models
2024-03-16 01:09:31,134 - num_labels: 30
2024-03-16 01:09:31,134 - text_feat_dim: 768
2024-03-16 01:09:31,134 - video_feat_dim: 256
2024-03-16 01:09:31,134 - audio_feat_dim: 768
2024-03-16 01:09:31,134 - text_seq_len: 50
2024-03-16 01:09:31,134 - video_seq_len: 180
2024-03-16 01:09:31,134 - audio_seq_len: 400
2024-03-16 01:09:31,134 - device: cuda:2
2024-03-16 01:09:31,134 - ============================== End Params ==============================
2024-03-16 01:09:31,147 - Generate Text Features Begin...
2024-03-16 01:09:32,766 - Generate Text Features Finished...
2024-03-16 01:09:32,767 - Load Video Features Begin...
2024-03-16 01:09:33,793 - Load Video Features Finished...
2024-03-16 01:09:35,475 - Load Audio Features Begin...
2024-03-16 01:09:39,388 - Load Audio Features Finished...
2024-03-16 01:09:49,709 - method  begins...
2024-03-16 01:09:50,623 - Multimodal intent recognition begins...
2024-03-16 01:09:50,623 - Training begins...
2024-03-16 01:10:23,489 - ***** Epoch: 1: Eval results *****
2024-03-16 01:10:23,490 -   train_loss = 3.4106
2024-03-16 01:10:23,490 -   best_eval_score = 0.0
2024-03-16 01:10:23,490 -   eval_score = 0.0146
2024-03-16 01:10:56,498 - ***** Epoch: 2: Eval results *****
2024-03-16 01:10:56,498 -   train_loss = 3.2968
2024-03-16 01:10:56,498 -   best_eval_score = 0.0146
2024-03-16 01:10:56,498 -   eval_score = 0.0824
2024-03-16 01:11:29,520 - ***** Epoch: 3: Eval results *****
2024-03-16 01:11:29,520 -   train_loss = 3.0138
2024-03-16 01:11:29,520 -   best_eval_score = 0.0824
2024-03-16 01:11:29,520 -   eval_score = 0.1587
2024-03-16 01:12:02,815 - ***** Epoch: 4: Eval results *****
2024-03-16 01:12:02,815 -   train_loss = 2.6541
2024-03-16 01:12:02,815 -   best_eval_score = 0.1587
2024-03-16 01:12:02,815 -   eval_score = 0.2481
2024-03-16 01:12:35,250 - ***** Epoch: 5: Eval results *****
2024-03-16 01:12:35,251 -   train_loss = 2.3163
2024-03-16 01:12:35,251 -   best_eval_score = 0.2481
2024-03-16 01:12:35,251 -   eval_score = 0.2937
2024-03-16 01:13:08,666 - ***** Epoch: 6: Eval results *****
2024-03-16 01:13:08,666 -   train_loss = 2.0471
2024-03-16 01:13:08,666 -   best_eval_score = 0.2937
2024-03-16 01:13:08,666 -   eval_score = 0.3238
2024-03-16 01:13:41,620 - ***** Epoch: 7: Eval results *****
2024-03-16 01:13:41,620 -   train_loss = 1.8316
2024-03-16 01:13:41,621 -   best_eval_score = 0.3238
2024-03-16 01:13:41,621 -   eval_score = 0.3628
2024-03-16 01:14:15,650 - ***** Epoch: 8: Eval results *****
2024-03-16 01:14:15,650 -   train_loss = 1.653
2024-03-16 01:14:15,650 -   best_eval_score = 0.3628
2024-03-16 01:14:15,650 -   eval_score = 0.383
2024-03-16 01:14:49,164 - ***** Epoch: 9: Eval results *****
2024-03-16 01:14:49,164 -   train_loss = 1.5141
2024-03-16 01:14:49,164 -   best_eval_score = 0.383
2024-03-16 01:14:49,164 -   eval_score = 0.4179
2024-03-16 01:15:22,442 - ***** Epoch: 10: Eval results *****
2024-03-16 01:15:22,442 -   train_loss = 1.3871
2024-03-16 01:15:22,442 -   best_eval_score = 0.4179
2024-03-16 01:15:22,442 -   eval_score = 0.4318
2024-03-16 01:15:55,326 - ***** Epoch: 11: Eval results *****
2024-03-16 01:15:55,326 -   train_loss = 1.2594
2024-03-16 01:15:55,326 -   best_eval_score = 0.4318
2024-03-16 01:15:55,326 -   eval_score = 0.4201
2024-03-16 01:15:55,326 - EarlyStopping counter: 1 out of 8
2024-03-16 01:16:28,471 - ***** Epoch: 12: Eval results *****
2024-03-16 01:16:28,471 -   train_loss = 1.1445
2024-03-16 01:16:28,471 -   best_eval_score = 0.4318
2024-03-16 01:16:28,472 -   eval_score = 0.4516
2024-03-16 01:17:02,189 - ***** Epoch: 13: Eval results *****
2024-03-16 01:17:02,189 -   train_loss = 1.0189
2024-03-16 01:17:02,189 -   best_eval_score = 0.4516
2024-03-16 01:17:02,189 -   eval_score = 0.4432
2024-03-16 01:17:02,189 - EarlyStopping counter: 1 out of 8
2024-03-16 01:17:35,107 - ***** Epoch: 14: Eval results *****
2024-03-16 01:17:35,107 -   train_loss = 0.9076
2024-03-16 01:17:35,107 -   best_eval_score = 0.4516
2024-03-16 01:17:35,107 -   eval_score = 0.4716
2024-03-16 01:18:07,509 - ***** Epoch: 15: Eval results *****
2024-03-16 01:18:07,509 -   train_loss = 0.8082
2024-03-16 01:18:07,509 -   best_eval_score = 0.4716
2024-03-16 01:18:07,509 -   eval_score = 0.4616
2024-03-16 01:18:07,509 - EarlyStopping counter: 1 out of 8
2024-03-16 01:18:39,438 - ***** Epoch: 16: Eval results *****
2024-03-16 01:18:39,438 -   train_loss = 0.6924
2024-03-16 01:18:39,438 -   best_eval_score = 0.4716
2024-03-16 01:18:39,438 -   eval_score = 0.492
2024-03-16 01:19:12,687 - ***** Epoch: 17: Eval results *****
2024-03-16 01:19:12,688 -   train_loss = 0.5922
2024-03-16 01:19:12,688 -   best_eval_score = 0.492
2024-03-16 01:19:12,688 -   eval_score = 0.4958
2024-03-16 01:19:45,722 - ***** Epoch: 18: Eval results *****
2024-03-16 01:19:45,722 -   train_loss = 0.5014
2024-03-16 01:19:45,722 -   best_eval_score = 0.4958
2024-03-16 01:19:45,722 -   eval_score = 0.4864
2024-03-16 01:19:45,722 - EarlyStopping counter: 1 out of 8
2024-03-16 01:20:18,556 - ***** Epoch: 19: Eval results *****
2024-03-16 01:20:18,556 -   train_loss = 0.4266
2024-03-16 01:20:18,556 -   best_eval_score = 0.4958
2024-03-16 01:20:18,556 -   eval_score = 0.4949
2024-03-16 01:20:18,556 - EarlyStopping counter: 2 out of 8
2024-03-16 01:20:51,143 - ***** Epoch: 20: Eval results *****
2024-03-16 01:20:51,143 -   train_loss = 0.3664
2024-03-16 01:20:51,143 -   best_eval_score = 0.4958
2024-03-16 01:20:51,143 -   eval_score = 0.4889
2024-03-16 01:20:51,143 - EarlyStopping counter: 3 out of 8
2024-03-16 01:21:23,170 - ***** Epoch: 21: Eval results *****
2024-03-16 01:21:23,170 -   train_loss = 0.3157
2024-03-16 01:21:23,170 -   best_eval_score = 0.4958
2024-03-16 01:21:23,170 -   eval_score = 0.4683
2024-03-16 01:21:23,170 - EarlyStopping counter: 4 out of 8
2024-03-16 01:21:55,910 - ***** Epoch: 22: Eval results *****
2024-03-16 01:21:55,910 -   train_loss = 0.2667
2024-03-16 01:21:55,910 -   best_eval_score = 0.4958
2024-03-16 01:21:55,910 -   eval_score = 0.4921
2024-03-16 01:21:55,910 - EarlyStopping counter: 5 out of 8
2024-03-16 01:22:29,058 - ***** Epoch: 23: Eval results *****
2024-03-16 01:22:29,058 -   train_loss = 0.2305
2024-03-16 01:22:29,058 -   best_eval_score = 0.4958
2024-03-16 01:22:29,058 -   eval_score = 0.493
2024-03-16 01:22:29,058 - EarlyStopping counter: 6 out of 8
2024-03-16 01:23:02,578 - ***** Epoch: 24: Eval results *****
2024-03-16 01:23:02,579 -   train_loss = 0.1885
2024-03-16 01:23:02,579 -   best_eval_score = 0.4958
2024-03-16 01:23:02,579 -   eval_score = 0.4809
2024-03-16 01:23:02,579 - EarlyStopping counter: 7 out of 8
2024-03-16 01:23:35,216 - ***** Epoch: 25: Eval results *****
2024-03-16 01:23:35,217 -   train_loss = 0.1608
2024-03-16 01:23:35,217 -   best_eval_score = 0.4958
2024-03-16 01:23:35,217 -   eval_score = 0.4981
2024-03-16 01:24:07,032 - ***** Epoch: 26: Eval results *****
2024-03-16 01:24:07,032 -   train_loss = 0.1455
2024-03-16 01:24:07,032 -   best_eval_score = 0.4981
2024-03-16 01:24:07,032 -   eval_score = 0.4954
2024-03-16 01:24:07,032 - EarlyStopping counter: 1 out of 8
2024-03-16 01:24:40,051 - ***** Epoch: 27: Eval results *****
2024-03-16 01:24:40,052 -   train_loss = 0.1416
2024-03-16 01:24:40,052 -   best_eval_score = 0.4981
2024-03-16 01:24:40,052 -   eval_score = 0.4817
2024-03-16 01:24:40,052 - EarlyStopping counter: 2 out of 8
2024-03-16 01:25:12,495 - ***** Epoch: 28: Eval results *****
2024-03-16 01:25:12,495 -   train_loss = 0.1277
2024-03-16 01:25:12,495 -   best_eval_score = 0.4981
2024-03-16 01:25:12,495 -   eval_score = 0.4829
2024-03-16 01:25:12,495 - EarlyStopping counter: 3 out of 8
2024-03-16 01:25:45,209 - ***** Epoch: 29: Eval results *****
2024-03-16 01:25:45,209 -   train_loss = 0.1116
2024-03-16 01:25:45,209 -   best_eval_score = 0.4981
2024-03-16 01:25:45,209 -   eval_score = 0.4861
2024-03-16 01:25:45,209 - EarlyStopping counter: 4 out of 8
2024-03-16 01:26:17,586 - ***** Epoch: 30: Eval results *****
2024-03-16 01:26:17,586 -   train_loss = 0.0991
2024-03-16 01:26:17,586 -   best_eval_score = 0.4981
2024-03-16 01:26:17,586 -   eval_score = 0.4914
2024-03-16 01:26:17,586 - EarlyStopping counter: 5 out of 8
2024-03-16 01:26:49,847 - ***** Epoch: 31: Eval results *****
2024-03-16 01:26:49,848 -   train_loss = 0.102
2024-03-16 01:26:49,848 -   best_eval_score = 0.4981
2024-03-16 01:26:49,848 -   eval_score = 0.4841
2024-03-16 01:26:49,848 - EarlyStopping counter: 6 out of 8
2024-03-16 01:27:22,270 - ***** Epoch: 32: Eval results *****
2024-03-16 01:27:22,270 -   train_loss = 0.1002
2024-03-16 01:27:22,271 -   best_eval_score = 0.4981
2024-03-16 01:27:22,271 -   eval_score = 0.4875
2024-03-16 01:27:22,271 - EarlyStopping counter: 7 out of 8
2024-03-16 01:27:54,535 - ***** Epoch: 33: Eval results *****
2024-03-16 01:27:54,535 -   train_loss = 0.0891
2024-03-16 01:27:54,535 -   best_eval_score = 0.4981
2024-03-16 01:27:54,535 -   eval_score = 0.4825
2024-03-16 01:27:54,535 - EarlyStopping counter: 8 out of 8
2024-03-16 01:27:54,535 - EarlyStopping at epoch 33
2024-03-16 01:27:54,536 - Training is finished...
2024-03-16 01:27:54,537 - Testing begins...
2024-03-16 01:28:00,490 - ***** Test: Confusion Matrix *****
2024-03-16 01:28:00,492 - [[ 50   0  12   0   0   0   0   0   0   0   2   0   0   0   0   0   0   1
    0   0   0   0   1   1   1   0   0   0   0   0]
 [  0  53   0   0   9   2   5   0   1   0   2   1   3   0   6   0   0   7
    0   2   0   1   1   0   3   0   0   1   0   0]
 [ 10   1  44   0   0   0   0   0   0   0   1   0   0   0   0   0   0   3
    0   0   0   1   0   1   3   0   0   0   0   0]
 [  0   0   0  61   0   0   0   1   0   1   0   0   0   0   1   0   0   0
    0   0   0   1   0   0   0   0   0   0   0   0]
 [  0   4   0   0  32   1   0   0   1   0   0   0   0   0   0   1   0   2
    0   0   0   5   0   1   1   0   0   1   1   1]
 [  0   0   0   0   1  22   0   1   0   1   3   0   0   0   1   0   0   6
    0   0   1   0   0   0   0   0   1   0   0   0]
 [  0   1   0   0   0   3  26   7   0   0   2   1   7   0   0   0   0   0
    0   0   0   0   0   0   0   1   0   0   0   0]
 [  0   2   0   0   0   0   3  23   0   2   9   0   7   0   0   0   0   0
    0   0   0   0   0   0   0   0   0   1   0   0]
 [  2   2   2   3   1   0   0   0  22   1   0   2   1   0   2   0   0   3
    0   0   0   0   6   0   2   0   0   0   0   0]
 [  0   0   1   0   1   0   0   0   2  46   0   4  12   0  13   0   0   5
    1   0   0   2   5   2   2   2   1   7   0   1]
 [  2   0   0   0   0   3   5   1   0   1  39   0  36   0   2   0   0   1
    0   2   0   0   0   0   1   0   0   0   0   0]
 [  0   0   0   0   0   0   0   0   0   5   0  19  10   0   2   0   0   2
    0   0   0   0   3   0   1   0   0   3   0   2]
 [  0   0   2   0   0   0   4   5   1   2  21   0  94   0   1   0   3   0
    0   1   0   1   0   0   0   0   0   0   0   0]
 [  0   0   2   0   1   0   0   0   1   1   0   0   0   1   3   2   0   2
    1   0   2   0   1   0   0   0   0   0   0   0]
 [  0   2   3   0   0   0   1   0   4  10   2   0   1   2 104   1   0  27
    2   0   3   2  13   2   6   0   0   7   0   1]
 [  0   0   2   0   0   0   0   0   0   2   0   0   0   0   2   4   0   1
    2   0   2   1   1   0   0   0   0   4   1   0]
 [  0   0   0   0   1   0   1   2   0   0   0   0   3   0   0   0  53   0
    5   0   0   1   0   0   0   0   0   0   0   0]
 [  1   5   2   0   8   4   0   0   6  14   2   1   1   1  22   4   1 105
    7   0   2   5   6   8   1   4   1   2   1   3]
 [  0   1   1   0   0   0   0   0   0   3   2   0   0   0   9   0   1   9
   28   0   2   0   0   0   4   0   0   0   0   0]
 [  0   4   0   0   0   0   2   0   1   0   1   0   0   0   0   0   0   0
    0   7   0   2   0   0   0   0   0   0   0   0]
 [  0   1   2   0   1   0   0   0   0   2   0   0   1   0   2   1   0   4
    5   0   2   0   1   2   3   0   0   1   0   1]
 [  7   1   0   0   1   0   0   0   0   3   0   0   0   0   0   0   0   0
    0   0   0  30   2   5   0   0   1   2   0   1]
 [  0   0   2   1   0   0   0   0   1   5   0   2   0   0   4   0   0   4
    0   0   1   0  87   0   2   2   4   2   0   0]
 [  0   1   1   0   1   0   0   0   0   1   0   0   0   0   0   0   0   6
    0   0   0   5   0  23   0   0   0   0   0   0]
 [  2   0   5   0   0   0   0   0   0   2   1   0   1   1   3   0   0   0
    0   0   0   0   0   1  87   1   0   7   2   0]
 [  2   2   0   0   1   0   0   0   0   0   0   0   0   0   0   0   0   0
    0   0   0   0   2   0   1  22   0   0   0   1]
 [  0   0   0   1   0   0   0   0   0   1   0   0   0   0   0   0   0   3
    0   0   0   2   3   0   0   0   6   0   1   0]
 [  0   2   2   0   0   0   0   1   3   6   2   1   3   2   3   0   0   3
    0   0   4   0   3   0  10   1   0  10   1   1]
 [  0   0   0   0   0   0   0   0   0   1   0   0   0   0   0   0   1   0
    0   0   0   0   0   0   0   0   0   0  56   0]
 [  0   2   0   0   1   0   0   0   2   1   1   1   0   0   0   0   0   2
    1   0   0   0   0   0   1   1   0   0   0   6]]
2024-03-16 01:28:00,492 - ***** Evaluation results *****
2024-03-16 01:28:00,495 -   acc = 0.5716
2024-03-16 01:28:00,495 -   f1 = 0.5252
2024-03-16 01:28:00,495 -   prec = 0.5335
2024-03-16 01:28:00,495 -   rec = 0.5258
2024-03-16 01:28:00,495 - Testing is finished...
2024-03-16 01:28:00,495 - Multimodal intent recognition is finished...
2024-03-16 01:28:00,495 - Results are saved in results/mag_bert.csv
