2024-03-16 13:41:51,558 - ============================== Params ==============================
2024-03-16 13:41:51,558 - logger_name: mag_bert_MIntRec2_multi-class_seed-4_2024-03-16-13-41-51
2024-03-16 13:41:51,558 - dataset: MIntRec2
2024-03-16 13:41:51,558 - data_mode: multi-class
2024-03-16 13:41:51,558 - method: mag_bert
2024-03-16 13:41:51,558 - text_backbone: bert-base-uncased
2024-03-16 13:41:51,558 - text_backbone_path: /home/sharing/disk1/pretrained_embedding/bert/uncased_L-12_H-768_A-12/
2024-03-16 13:41:51,558 - seed: 4
2024-03-16 13:41:51,558 - num_workers: 8
2024-03-16 13:41:51,558 - gpu_id: 2
2024-03-16 13:41:51,558 - data_path: /home/sharing/disk2/sjh/intentDataset
2024-03-16 13:41:51,558 - train: True
2024-03-16 13:41:51,558 - tune: True
2024-03-16 13:41:51,558 - save_model: False
2024-03-16 13:41:51,558 - save_results: True
2024-03-16 13:41:51,558 - log_path: logs
2024-03-16 13:41:51,558 - cache_path: 
2024-03-16 13:41:51,558 - video_data_path: video_data
2024-03-16 13:41:51,558 - audio_data_path: audio_data
2024-03-16 13:41:51,558 - video_feats_path: video_feats.pkl
2024-03-16 13:41:51,558 - audio_feats_path: audio_feats.pkl
2024-03-16 13:41:51,558 - results_path: results
2024-03-16 13:41:51,558 - output_path: /home/sharing/disk2/sjh/Outputs/MIntRec2
2024-03-16 13:41:51,558 - model_path: models
2024-03-16 13:41:51,558 - config_file_name: mag_bert_MIntRec2
2024-03-16 13:41:51,558 - results_file_name: mag_bert.csv
2024-03-16 13:41:51,558 - padding_mode: zero
2024-03-16 13:41:51,558 - padding_loc: end
2024-03-16 13:41:51,559 - need_aligned: True
2024-03-16 13:41:51,559 - eval_monitor: f1
2024-03-16 13:41:51,559 - train_batch_size: 32
2024-03-16 13:41:51,559 - eval_batch_size: 16
2024-03-16 13:41:51,559 - test_batch_size: 16
2024-03-16 13:41:51,559 - wait_patience: 8
2024-03-16 13:41:51,559 - num_train_epochs: 100
2024-03-16 13:41:51,559 - beta_shift: 0.01
2024-03-16 13:41:51,559 - dropout_prob: 0.5
2024-03-16 13:41:51,559 - warmup_proportion: 0.01
2024-03-16 13:41:51,559 - lr: 2e-05
2024-03-16 13:41:51,559 - aligned_method: ctc
2024-03-16 13:41:51,559 - weight_decay: 0.03
2024-03-16 13:41:51,559 - pred_output_path: /home/sharing/disk2/sjh/Outputs/MIntRec2/mag_bert_MIntRec2_multi-class_seed-4_2024-03-16-13-41-51
2024-03-16 13:41:51,559 - model_output_path: /home/sharing/disk2/sjh/Outputs/MIntRec2/mag_bert_MIntRec2_multi-class_seed-4_2024-03-16-13-41-51/models
2024-03-16 13:41:51,559 - num_labels: 30
2024-03-16 13:41:51,559 - text_feat_dim: 768
2024-03-16 13:41:51,559 - video_feat_dim: 256
2024-03-16 13:41:51,559 - audio_feat_dim: 768
2024-03-16 13:41:51,559 - text_seq_len: 50
2024-03-16 13:41:51,559 - video_seq_len: 180
2024-03-16 13:41:51,559 - audio_seq_len: 400
2024-03-16 13:41:51,559 - device: cuda:2
2024-03-16 13:41:51,559 - ============================== End Params ==============================
2024-03-16 13:41:51,575 - Generate Text Features Begin...
2024-03-16 13:41:53,507 - Generate Text Features Finished...
2024-03-16 13:41:53,508 - Load Video Features Begin...
2024-03-16 13:41:54,630 - Load Video Features Finished...
2024-03-16 13:41:56,074 - Load Audio Features Begin...
2024-03-16 13:41:59,751 - Load Audio Features Finished...
2024-03-16 13:42:09,245 - method  begins...
2024-03-16 13:42:10,151 - Multimodal intent recognition begins...
2024-03-16 13:42:10,151 - Training begins...
2024-03-16 13:42:44,262 - ***** Epoch: 1: Eval results *****
2024-03-16 13:42:44,262 -   train_loss = 2.7019
2024-03-16 13:42:44,262 -   best_eval_score = 0.0
2024-03-16 13:42:44,262 -   eval_score = 0.3028
2024-03-16 13:43:21,312 - ***** Epoch: 2: Eval results *****
2024-03-16 13:43:21,313 -   train_loss = 1.6918
2024-03-16 13:43:21,313 -   best_eval_score = 0.3028
2024-03-16 13:43:21,313 -   eval_score = 0.4175
2024-03-16 13:43:54,485 - ***** Epoch: 3: Eval results *****
2024-03-16 13:43:54,486 -   train_loss = 1.3181
2024-03-16 13:43:54,486 -   best_eval_score = 0.4175
2024-03-16 13:43:54,486 -   eval_score = 0.4502
2024-03-16 13:44:31,396 - ***** Epoch: 4: Eval results *****
2024-03-16 13:44:31,397 -   train_loss = 1.0585
2024-03-16 13:44:31,397 -   best_eval_score = 0.4502
2024-03-16 13:44:31,397 -   eval_score = 0.4898
2024-03-16 13:45:05,247 - ***** Epoch: 5: Eval results *****
2024-03-16 13:45:05,248 -   train_loss = 0.8422
2024-03-16 13:45:05,248 -   best_eval_score = 0.4898
2024-03-16 13:45:05,248 -   eval_score = 0.4711
2024-03-16 13:45:05,248 - EarlyStopping counter: 1 out of 8
2024-03-16 13:45:41,697 - ***** Epoch: 6: Eval results *****
2024-03-16 13:45:41,698 -   train_loss = 0.6668
2024-03-16 13:45:41,698 -   best_eval_score = 0.4898
2024-03-16 13:45:41,698 -   eval_score = 0.4771
2024-03-16 13:45:41,699 - EarlyStopping counter: 2 out of 8
2024-03-16 13:46:16,072 - ***** Epoch: 7: Eval results *****
2024-03-16 13:46:16,073 -   train_loss = 0.5179
2024-03-16 13:46:16,073 -   best_eval_score = 0.4898
2024-03-16 13:46:16,073 -   eval_score = 0.4892
2024-03-16 13:46:16,073 - EarlyStopping counter: 3 out of 8
2024-03-16 13:46:52,953 - ***** Epoch: 8: Eval results *****
2024-03-16 13:46:52,953 -   train_loss = 0.4083
2024-03-16 13:46:52,953 -   best_eval_score = 0.4898
2024-03-16 13:46:52,953 -   eval_score = 0.5011
2024-03-16 13:47:27,781 - ***** Epoch: 9: Eval results *****
2024-03-16 13:47:27,781 -   train_loss = 0.3339
2024-03-16 13:47:27,781 -   best_eval_score = 0.5011
2024-03-16 13:47:27,782 -   eval_score = 0.5051
2024-03-16 13:48:05,789 - ***** Epoch: 10: Eval results *****
2024-03-16 13:48:05,789 -   train_loss = 0.2694
2024-03-16 13:48:05,789 -   best_eval_score = 0.5051
2024-03-16 13:48:05,789 -   eval_score = 0.496
2024-03-16 13:48:05,789 - EarlyStopping counter: 1 out of 8
2024-03-16 13:48:38,992 - ***** Epoch: 11: Eval results *****
2024-03-16 13:48:38,993 -   train_loss = 0.2258
2024-03-16 13:48:38,993 -   best_eval_score = 0.5051
2024-03-16 13:48:38,993 -   eval_score = 0.5099
2024-03-16 13:49:17,564 - ***** Epoch: 12: Eval results *****
2024-03-16 13:49:17,565 -   train_loss = 0.1822
2024-03-16 13:49:17,565 -   best_eval_score = 0.5099
2024-03-16 13:49:17,565 -   eval_score = 0.4852
2024-03-16 13:49:17,565 - EarlyStopping counter: 1 out of 8
2024-03-16 13:49:52,489 - ***** Epoch: 13: Eval results *****
2024-03-16 13:49:52,489 -   train_loss = 0.1624
2024-03-16 13:49:52,489 -   best_eval_score = 0.5099
2024-03-16 13:49:52,489 -   eval_score = 0.489
2024-03-16 13:49:52,489 - EarlyStopping counter: 2 out of 8
2024-03-16 13:50:29,648 - ***** Epoch: 14: Eval results *****
2024-03-16 13:50:29,648 -   train_loss = 0.1264
2024-03-16 13:50:29,648 -   best_eval_score = 0.5099
2024-03-16 13:50:29,648 -   eval_score = 0.489
2024-03-16 13:50:29,648 - EarlyStopping counter: 3 out of 8
2024-03-16 13:51:03,159 - ***** Epoch: 15: Eval results *****
2024-03-16 13:51:03,159 -   train_loss = 0.1143
2024-03-16 13:51:03,159 -   best_eval_score = 0.5099
2024-03-16 13:51:03,159 -   eval_score = 0.4874
2024-03-16 13:51:03,159 - EarlyStopping counter: 4 out of 8
2024-03-16 13:51:39,758 - ***** Epoch: 16: Eval results *****
2024-03-16 13:51:39,758 -   train_loss = 0.1124
2024-03-16 13:51:39,758 -   best_eval_score = 0.5099
2024-03-16 13:51:39,758 -   eval_score = 0.5063
2024-03-16 13:51:39,758 - EarlyStopping counter: 5 out of 8
2024-03-16 13:52:14,794 - ***** Epoch: 17: Eval results *****
2024-03-16 13:52:14,794 -   train_loss = 0.0939
2024-03-16 13:52:14,795 -   best_eval_score = 0.5099
2024-03-16 13:52:14,795 -   eval_score = 0.4942
2024-03-16 13:52:14,795 - EarlyStopping counter: 6 out of 8
2024-03-16 13:52:51,586 - ***** Epoch: 18: Eval results *****
2024-03-16 13:52:51,586 -   train_loss = 0.0894
2024-03-16 13:52:51,586 -   best_eval_score = 0.5099
2024-03-16 13:52:51,586 -   eval_score = 0.4917
2024-03-16 13:52:51,586 - EarlyStopping counter: 7 out of 8
2024-03-16 13:53:27,374 - ***** Epoch: 19: Eval results *****
2024-03-16 13:53:27,374 -   train_loss = 0.0787
2024-03-16 13:53:27,374 -   best_eval_score = 0.5099
2024-03-16 13:53:27,374 -   eval_score = 0.5052
2024-03-16 13:53:27,374 - EarlyStopping counter: 8 out of 8
2024-03-16 13:53:27,374 - EarlyStopping at epoch 19
2024-03-16 13:53:27,377 - Training is finished...
2024-03-16 13:53:27,378 - Testing begins...
2024-03-16 13:53:35,365 - ***** Test: Confusion Matrix *****
2024-03-16 13:53:35,373 - [[ 53   0  10   0   0   0   0   0   0   0   2   0   0   1   0   0   0   2
    0   0   0   0   0   0   0   0   0   0   0   0]
 [  0  51   0   0   9   0   3   0   3   1   3   0   3   1   5   0   1  10
    0   0   0   1   0   1   3   1   0   1   0   0]
 [ 14   0  40   0   1   0   0   0   0   0   1   0   0   0   1   0   0   2
    0   0   0   2   0   1   2   0   0   0   0   0]
 [  0   0   0  62   0   0   0   1   0   0   0   0   0   0   1   0   0   1
    0   0   0   0   0   0   0   0   0   0   0   0]
 [  0   3   0   0  28   0   0   0   1   0   0   0   0   0   0   0   0   6
    0   4   0   2   0   1   0   1   0   1   1   3]
 [  0   0   0   0   1  24   0   0   0   1   2   0   0   0   2   0   0   3
    0   0   0   0   0   1   0   2   1   0   0   0]
 [  0   1   0   0   0   3  26   6   0   1   6   0   4   0   0   0   0   0
    0   1   0   0   0   0   0   0   0   0   0   0]
 [  0   2   0   0   0   0   6  20   0   0   8   1   6   0   0   0   2   0
    0   1   0   0   0   0   1   0   0   0   0   0]
 [  1   1   1   3   1   0   0   0  21   2   0   1   1   1   1   0   0   5
    0   0   0   1   3   0   2   2   0   0   0   2]
 [  0   0   2   4   0   0   1   0   2  46   0   4   8   2   9   1   0  10
    2   0   0   3   4   1   3   2   0   2   0   1]
 [  0   0   0   0   0   2   2   3   2   0  52   0  24   0   2   0   1   1
    0   2   0   1   0   0   0   0   0   1   0   0]
 [  0   0   0   0   0   0   1   0   0   4   0  21   9   0   2   0   0   2
    1   0   1   0   1   0   0   0   1   2   1   1]
 [  0   0   3   0   0   2   4   6   1   1  28   0  83   1   0   0   4   1
    0   1   0   0   0   0   0   0   0   0   0   0]
 [  0   0   1   0   1   0   0   0   0   2   0   0   0   2   3   2   0   2
    2   0   0   0   1   0   0   0   1   0   0   0]
 [  0   3   2   2   0   2   0   1   4  11   1   0   1   2 106   2   0  30
    5   0   0   1  14   1   4   0   0   1   0   0]
 [  0   0   1   0   0   0   0   0   0   4   0   0   0   1   3   5   0   0
    2   0   2   1   1   1   0   0   0   0   1   0]
 [  0   0   0   0   1   0   0   1   0   0   2   0   0   0   0   0  59   0
    2   0   0   0   0   0   1   0   0   0   0   0]
 [  0   3   3   0   6   1   0   0   2   8   1   0   1   4  21   3   2 121
    7   1   2   9   7   8   0   3   1   2   1   0]
 [  0   2   0   0   1   0   0   0   0   4   1   0   0   2   6   0   4   8
   28   0   1   0   1   0   2   0   0   0   0   0]
 [  0   4   0   0   1   0   3   0   0   0   1   0   0   0   1   0   0   1
    0   4   0   2   0   0   0   0   0   0   0   0]
 [  0   2   2   0   1   0   0   0   0   1   0   0   1   1   4   0   0   3
    5   0   4   0   0   1   1   0   0   1   0   2]
 [  7   0   0   0   0   0   0   0   0   2   0   0   0   0   2   0   4   0
    0   0   0  29   1   3   0   0   1   2   0   2]
 [  0   0   3   1   0   0   0   0   0   1   1   3   1   0   4   1   0   3
    0   0   0   0  82   0   2   4  11   0   0   0]
 [  0   2   2   0   1   0   0   0   0   2   0   0   0   0   2   0   0   6
    0   0   0   6   0  17   0   0   0   0   0   0]
 [  2   0   2   0   0   0   1   0   1   2   0   3   0   1   2   1   0   3
    2   0   0   0   1   0  87   0   0   3   2   0]
 [  1   0   0   0   0   0   0   0   0   0   0   0   0   0   0   0   0   2
    0   0   0   0   2   0   1  22   0   0   0   3]
 [  0   0   0   0   0   0   0   0   0   0   0   0   0   0   3   0   0   4
    0   0   0   0   1   0   0   0   7   0   2   0]
 [  0   3   2   0   0   0   0   0   1   4   3   3   3   0   4   1   0   6
    2   0   1   1   3   0   9   2   0   6   1   3]
 [  0   0   0   1   0   0   0   0   0   0   0   0   0   0   0   0   1   0
    0   0   0   0   0   0   0   0   0   0  56   0]
 [  0   1   0   0   0   0   0   0   3   1   1   1   0   0   0   0   0   3
    1   0   0   0   0   0   1   1   0   1   0   5]]
2024-03-16 13:53:35,374 - ***** Evaluation results *****
2024-03-16 13:53:35,374 -   acc = 0.574
2024-03-16 13:53:35,374 -   f1 = 0.5148
2024-03-16 13:53:35,374 -   prec = 0.5196
2024-03-16 13:53:35,374 -   rec = 0.5211
2024-03-16 13:53:35,375 - Testing is finished...
2024-03-16 13:53:35,375 - Multimodal intent recognition is finished...
2024-03-16 13:53:35,375 - Results are saved in results/mag_bert.csv
