2024-03-16 15:43:32,013 - ============================== Params ==============================
2024-03-16 15:43:32,013 - logger_name: mag_bert_MIntRec2_multi-class_seed-4_2024-03-16-15-43-31
2024-03-16 15:43:32,013 - dataset: MIntRec2
2024-03-16 15:43:32,013 - data_mode: multi-class
2024-03-16 15:43:32,013 - method: mag_bert
2024-03-16 15:43:32,013 - text_backbone: bert-base-uncased
2024-03-16 15:43:32,013 - text_backbone_path: /home/sharing/disk1/pretrained_embedding/bert/uncased_L-12_H-768_A-12/
2024-03-16 15:43:32,013 - seed: 4
2024-03-16 15:43:32,013 - num_workers: 8
2024-03-16 15:43:32,013 - gpu_id: 2
2024-03-16 15:43:32,013 - data_path: /home/sharing/disk2/sjh/intentDataset
2024-03-16 15:43:32,013 - train: True
2024-03-16 15:43:32,013 - tune: True
2024-03-16 15:43:32,013 - save_model: False
2024-03-16 15:43:32,013 - save_results: True
2024-03-16 15:43:32,013 - log_path: logs
2024-03-16 15:43:32,013 - cache_path: 
2024-03-16 15:43:32,013 - video_data_path: video_data
2024-03-16 15:43:32,013 - audio_data_path: audio_data
2024-03-16 15:43:32,013 - video_feats_path: video_feats.pkl
2024-03-16 15:43:32,013 - audio_feats_path: audio_feats.pkl
2024-03-16 15:43:32,013 - results_path: results
2024-03-16 15:43:32,013 - output_path: /home/sharing/disk2/sjh/Outputs/MIntRec2
2024-03-16 15:43:32,013 - model_path: models
2024-03-16 15:43:32,013 - config_file_name: mag_bert_MIntRec2
2024-03-16 15:43:32,013 - results_file_name: mag_bert.csv
2024-03-16 15:43:32,013 - padding_mode: zero
2024-03-16 15:43:32,013 - padding_loc: end
2024-03-16 15:43:32,013 - need_aligned: True
2024-03-16 15:43:32,014 - eval_monitor: f1
2024-03-16 15:43:32,014 - train_batch_size: 32
2024-03-16 15:43:32,014 - eval_batch_size: 16
2024-03-16 15:43:32,014 - test_batch_size: 16
2024-03-16 15:43:32,014 - wait_patience: 8
2024-03-16 15:43:32,014 - num_train_epochs: 100
2024-03-16 15:43:32,014 - beta_shift: 0.01
2024-03-16 15:43:32,014 - dropout_prob: 0.5
2024-03-16 15:43:32,014 - warmup_proportion: 0.01
2024-03-16 15:43:32,014 - lr: 3e-05
2024-03-16 15:43:32,014 - aligned_method: conv1d
2024-03-16 15:43:32,014 - weight_decay: 0.01
2024-03-16 15:43:32,014 - pred_output_path: /home/sharing/disk2/sjh/Outputs/MIntRec2/mag_bert_MIntRec2_multi-class_seed-4_2024-03-16-15-43-31
2024-03-16 15:43:32,014 - model_output_path: /home/sharing/disk2/sjh/Outputs/MIntRec2/mag_bert_MIntRec2_multi-class_seed-4_2024-03-16-15-43-31/models
2024-03-16 15:43:32,014 - num_labels: 30
2024-03-16 15:43:32,014 - text_feat_dim: 768
2024-03-16 15:43:32,014 - video_feat_dim: 256
2024-03-16 15:43:32,014 - audio_feat_dim: 768
2024-03-16 15:43:32,014 - text_seq_len: 50
2024-03-16 15:43:32,014 - video_seq_len: 180
2024-03-16 15:43:32,014 - audio_seq_len: 400
2024-03-16 15:43:32,014 - device: cuda:2
2024-03-16 15:43:32,014 - ============================== End Params ==============================
2024-03-16 15:43:32,030 - Generate Text Features Begin...
2024-03-16 15:43:34,067 - Generate Text Features Finished...
2024-03-16 15:43:34,069 - Load Video Features Begin...
2024-03-16 15:43:35,230 - Load Video Features Finished...
2024-03-16 15:43:36,918 - Load Audio Features Begin...
2024-03-16 15:43:40,737 - Load Audio Features Finished...
2024-03-16 15:43:58,512 - method  begins...
2024-03-16 15:44:00,324 - Multimodal intent recognition begins...
2024-03-16 15:44:00,324 - Training begins...
2024-03-16 15:44:34,404 - ***** Epoch: 1: Eval results *****
2024-03-16 15:44:34,406 -   train_loss = 2.5873
2024-03-16 15:44:34,406 -   best_eval_score = 0.0
2024-03-16 15:44:34,407 -   eval_score = 0.3516
2024-03-16 15:45:13,590 - ***** Epoch: 2: Eval results *****
2024-03-16 15:45:13,590 -   train_loss = 1.5936
2024-03-16 15:45:13,590 -   best_eval_score = 0.3516
2024-03-16 15:45:13,590 -   eval_score = 0.4288
2024-03-16 15:45:50,313 - ***** Epoch: 3: Eval results *****
2024-03-16 15:45:50,313 -   train_loss = 1.2016
2024-03-16 15:45:50,313 -   best_eval_score = 0.4288
2024-03-16 15:45:50,313 -   eval_score = 0.4676
2024-03-16 15:46:27,127 - ***** Epoch: 4: Eval results *****
2024-03-16 15:46:27,128 -   train_loss = 0.9108
2024-03-16 15:46:27,128 -   best_eval_score = 0.4676
2024-03-16 15:46:27,128 -   eval_score = 0.4933
2024-03-16 15:47:02,983 - ***** Epoch: 5: Eval results *****
2024-03-16 15:47:02,984 -   train_loss = 0.6825
2024-03-16 15:47:02,984 -   best_eval_score = 0.4933
2024-03-16 15:47:02,985 -   eval_score = 0.501
2024-03-16 15:47:41,963 - ***** Epoch: 6: Eval results *****
2024-03-16 15:47:41,963 -   train_loss = 0.4879
2024-03-16 15:47:41,963 -   best_eval_score = 0.501
2024-03-16 15:47:41,963 -   eval_score = 0.5126
2024-03-16 15:48:19,604 - ***** Epoch: 7: Eval results *****
2024-03-16 15:48:19,605 -   train_loss = 0.3682
2024-03-16 15:48:19,605 -   best_eval_score = 0.5126
2024-03-16 15:48:19,605 -   eval_score = 0.4975
2024-03-16 15:48:19,605 - EarlyStopping counter: 1 out of 8
2024-03-16 15:48:56,018 - ***** Epoch: 8: Eval results *****
2024-03-16 15:48:56,018 -   train_loss = 0.2568
2024-03-16 15:48:56,018 -   best_eval_score = 0.5126
2024-03-16 15:48:56,018 -   eval_score = 0.4921
2024-03-16 15:48:56,019 - EarlyStopping counter: 2 out of 8
2024-03-16 15:49:31,513 - ***** Epoch: 9: Eval results *****
2024-03-16 15:49:31,514 -   train_loss = 0.1983
2024-03-16 15:49:31,514 -   best_eval_score = 0.5126
2024-03-16 15:49:31,514 -   eval_score = 0.5096
2024-03-16 15:49:31,515 - EarlyStopping counter: 3 out of 8
2024-03-16 15:50:09,406 - ***** Epoch: 10: Eval results *****
2024-03-16 15:50:09,407 -   train_loss = 0.1661
2024-03-16 15:50:09,407 -   best_eval_score = 0.5126
2024-03-16 15:50:09,407 -   eval_score = 0.4918
2024-03-16 15:50:09,407 - EarlyStopping counter: 4 out of 8
2024-03-16 15:50:47,495 - ***** Epoch: 11: Eval results *****
2024-03-16 15:50:47,495 -   train_loss = 0.1326
2024-03-16 15:50:47,495 -   best_eval_score = 0.5126
2024-03-16 15:50:47,495 -   eval_score = 0.5095
2024-03-16 15:50:47,495 - EarlyStopping counter: 5 out of 8
2024-03-16 15:51:20,633 - ***** Epoch: 12: Eval results *****
2024-03-16 15:51:20,634 -   train_loss = 0.1193
2024-03-16 15:51:20,634 -   best_eval_score = 0.5126
2024-03-16 15:51:20,634 -   eval_score = 0.509
2024-03-16 15:51:20,634 - EarlyStopping counter: 6 out of 8
2024-03-16 15:51:57,586 - ***** Epoch: 13: Eval results *****
2024-03-16 15:51:57,586 -   train_loss = 0.0981
2024-03-16 15:51:57,587 -   best_eval_score = 0.5126
2024-03-16 15:51:57,587 -   eval_score = 0.5121
2024-03-16 15:51:57,587 - EarlyStopping counter: 7 out of 8
2024-03-16 15:52:32,030 - ***** Epoch: 14: Eval results *****
2024-03-16 15:52:32,031 -   train_loss = 0.0905
2024-03-16 15:52:32,031 -   best_eval_score = 0.5126
2024-03-16 15:52:32,031 -   eval_score = 0.4962
2024-03-16 15:52:32,031 - EarlyStopping counter: 8 out of 8
2024-03-16 15:52:32,031 - EarlyStopping at epoch 14
2024-03-16 15:52:32,035 - Training is finished...
2024-03-16 15:52:32,037 - Testing begins...
2024-03-16 15:52:42,390 - ***** Test: Confusion Matrix *****
2024-03-16 15:52:42,396 - [[ 51   0  11   0   0   0   0   0   1   1   2   0   0   0   0   0   0   0
    0   0   0   0   0   0   2   0   0   0   0   0]
 [  0  62   0   0   9   3   4   0   2   2   1   0   4   0   4   0   0   1
    1   1   0   0   0   0   2   1   0   0   0   0]
 [ 10   1  45   0   0   0   0   0   0   0   1   1   0   0   1   0   0   2
    0   0   0   0   0   1   1   0   0   1   0   0]
 [  0   0   0  64   0   0   0   0   0   0   0   0   0   0   1   0   0   0
    0   0   0   0   0   0   0   0   0   0   0   0]
 [  0   6   0   0  32   1   0   0   1   1   0   0   0   0   0   0   0   4
    0   1   0   1   1   1   1   1   0   0   0   0]
 [  0   0   0   0   1  25   0   0   0   1   3   0   0   0   1   0   0   3
    0   1   0   0   0   1   0   0   1   0   0   0]
 [  0   1   0   0   0   1  25   8   0   1   5   1   5   0   0   0   0   0
    0   0   0   0   0   0   0   1   0   0   0   0]
 [  0   0   0   0   0   0   4  28   1   0   7   1   3   0   0   0   2   0
    0   0   0   0   1   0   0   0   0   0   0   0]
 [  2   1   1   3   1   0   0   0  26   2   0   0   0   0   5   0   0   1
    0   0   0   1   4   0   2   0   0   0   0   0]
 [  1   1   1   1   1   0   1   0   2  51   0   7   9   0   9   0   0   5
    4   0   0   3   5   0   1   1   0   4   0   0]
 [  0   0   0   0   0   2   1   2   2   1  51   0  27   0   1   0   1   2
    0   1   0   0   0   0   1   0   0   1   0   0]
 [  0   1   0   0   0   0   0   1   0   7   0  22   6   0   1   0   0   3
    1   0   0   0   2   0   1   0   1   1   0   0]
 [  0   0   0   0   0   0   2   9   0   7  26   4  81   0   1   0   1   0
    0   2   0   0   1   0   0   0   0   1   0   0]
 [  0   0   1   0   1   0   0   0   0   1   0   0   0   1   4   2   0   1
    3   0   0   0   2   0   0   0   0   1   0   0]
 [  0   4   0   2   0   1   0   1   6  13   2   0   1   0 116   1   0  17
    6   0   2   0  12   2   3   0   1   3   0   0]
 [  0   0   1   0   0   0   0   0   0   5   0   0   0   0   2   5   0   1
    3   0   0   2   2   0   0   0   0   1   0   0]
 [  0   0   0   0   1   0   0   1   1   0   1   0   2   0   0   0  56   0
    4   0   0   0   0   0   0   0   0   0   0   0]
 [  1   8   2   0  10   1   0   0   4  19   1   1   1   0  28   1   1  95
   13   1   0   6   8   8   3   0   0   1   2   2]
 [  0   1   0   0   0   0   1   0   0   4   2   0   0   0   9   1   3   4
   32   1   1   0   0   0   0   0   0   1   0   0]
 [  0   5   0   0   0   0   3   0   0   0   2   0   0   0   0   0   0   0
    0   6   0   1   0   0   0   0   0   0   0   0]
 [  0   1   1   0   2   0   0   0   1   4   0   1   1   0   3   1   0   1
    6   1   2   0   0   1   1   0   0   2   0   0]
 [  5   1   1   0   1   0   0   0   0   5   0   0   0   0   0   0   4   1
    0   1   0  21   0   8   0   1   2   1   0   1]
 [  0   0   0   0   0   0   0   0   1   1   1   2   0   0   8   1   0   3
    0   0   0   0  93   0   1   2   4   0   0   0]
 [  0   2   2   0   1   0   0   0   0   0   0   0   0   0   0   0   0   6
    1   0   0   2   0  24   0   0   0   0   0   0]
 [  2   0   2   1   0   0   1   0   2   1   0   3   1   0   2   0   0   2
    1   0   0   2   1   1  85   0   0   5   1   0]
 [  1   0   0   0   0   0   0   0   0   2   0   0   0   0   0   0   0   0
    0   0   0   0   3   0   1  21   1   0   0   2]
 [  0   0   0   1   0   0   0   0   0   1   0   0   0   0   2   0   0   2
    0   0   0   1   3   0   0   0   5   0   2   0]
 [  1   2   2   0   2   0   0   0   3   6   4   5   2   0   6   0   0   1
    1   0   0   0   2   0   9   1   0   8   1   2]
 [  0   0   0   0   0   0   0   0   0   0   0   0   0   0   1   0   1   0
    0   0   0   0   0   0   0   0   0   0  56   0]
 [  0   1   0   0   0   0   0   0   2   3   1   1   0   0   0   0   0   2
    1   0   0   0   0   0   0   2   0   2   0   4]]
2024-03-16 15:52:42,396 - ***** Evaluation results *****
2024-03-16 15:52:42,397 -   acc = 0.5868
2024-03-16 15:52:42,397 -   f1 = 0.5317
2024-03-16 15:52:42,397 -   prec = 0.5711
2024-03-16 15:52:42,397 -   rec = 0.537
2024-03-16 15:52:42,397 - Testing is finished...
2024-03-16 15:52:42,397 - Multimodal intent recognition is finished...
2024-03-16 15:52:42,397 - Results are saved in results/mag_bert.csv
