2024-03-17 19:34:23,289 - ============================== Params ==============================
2024-03-17 19:34:23,289 - logger_name: mag_bert_MIntRec2_multi-class_seed-4_2024-03-17-19-34-23
2024-03-17 19:34:23,289 - dataset: MIntRec2
2024-03-17 19:34:23,289 - data_mode: multi-class
2024-03-17 19:34:23,289 - method: mag_bert
2024-03-17 19:34:23,289 - text_backbone: bert-base-uncased
2024-03-17 19:34:23,289 - text_backbone_path: /home/sharing/disk1/pretrained_embedding/bert/uncased_L-12_H-768_A-12/
2024-03-17 19:34:23,289 - seed: 4
2024-03-17 19:34:23,289 - num_workers: 8
2024-03-17 19:34:23,289 - gpu_id: 2
2024-03-17 19:34:23,289 - data_path: /home/sharing/disk2/sjh/intentDataset
2024-03-17 19:34:23,290 - train: True
2024-03-17 19:34:23,290 - tune: True
2024-03-17 19:34:23,290 - save_model: False
2024-03-17 19:34:23,290 - save_results: True
2024-03-17 19:34:23,290 - log_path: logs
2024-03-17 19:34:23,290 - cache_path: 
2024-03-17 19:34:23,290 - video_data_path: video_data
2024-03-17 19:34:23,290 - audio_data_path: audio_data
2024-03-17 19:34:23,290 - video_feats_path: video_feats.pkl
2024-03-17 19:34:23,290 - audio_feats_path: audio_feats.pkl
2024-03-17 19:34:23,290 - results_path: results
2024-03-17 19:34:23,290 - output_path: /home/sharing/disk2/sjh/Outputs/MIntRec2
2024-03-17 19:34:23,290 - model_path: models
2024-03-17 19:34:23,290 - config_file_name: mag_bert_MIntRec2
2024-03-17 19:34:23,290 - results_file_name: mag_bert.csv
2024-03-17 19:34:23,290 - padding_mode: zero
2024-03-17 19:34:23,290 - padding_loc: end
2024-03-17 19:34:23,290 - need_aligned: True
2024-03-17 19:34:23,290 - eval_monitor: f1
2024-03-17 19:34:23,290 - train_batch_size: 32
2024-03-17 19:34:23,290 - eval_batch_size: 16
2024-03-17 19:34:23,290 - test_batch_size: 16
2024-03-17 19:34:23,290 - wait_patience: 8
2024-03-17 19:34:23,290 - num_train_epochs: 100
2024-03-17 19:34:23,290 - beta_shift: 0.01
2024-03-17 19:34:23,290 - dropout_prob: 0.1
2024-03-17 19:34:23,290 - warmup_proportion: 0.01
2024-03-17 19:34:23,290 - lr: 2e-05
2024-03-17 19:34:23,290 - aligned_method: conv1d
2024-03-17 19:34:23,290 - weight_decay: 0.01
2024-03-17 19:34:23,290 - pred_output_path: /home/sharing/disk2/sjh/Outputs/MIntRec2/mag_bert_MIntRec2_multi-class_seed-4_2024-03-17-19-34-23
2024-03-17 19:34:23,290 - model_output_path: /home/sharing/disk2/sjh/Outputs/MIntRec2/mag_bert_MIntRec2_multi-class_seed-4_2024-03-17-19-34-23/models
2024-03-17 19:34:23,290 - num_labels: 30
2024-03-17 19:34:23,290 - text_feat_dim: 768
2024-03-17 19:34:23,290 - video_feat_dim: 256
2024-03-17 19:34:23,290 - audio_feat_dim: 768
2024-03-17 19:34:23,290 - text_seq_len: 50
2024-03-17 19:34:23,290 - video_seq_len: 180
2024-03-17 19:34:23,290 - audio_seq_len: 400
2024-03-17 19:34:23,290 - device: cuda:2
2024-03-17 19:34:23,290 - ============================== End Params ==============================
2024-03-17 19:34:23,306 - Generate Text Features Begin...
2024-03-17 19:34:25,211 - Generate Text Features Finished...
2024-03-17 19:34:25,213 - Load Video Features Begin...
2024-03-17 19:34:26,311 - Load Video Features Finished...
2024-03-17 19:34:27,945 - Load Audio Features Begin...
2024-03-17 19:34:48,528 - Load Audio Features Finished...
2024-03-17 19:35:02,834 - method  begins...
2024-03-17 19:35:03,996 - Multimodal intent recognition begins...
2024-03-17 19:35:03,996 - Training begins...
2024-03-17 19:35:39,419 - ***** Epoch: 1: Eval results *****
2024-03-17 19:35:39,419 -   train_loss = 2.6637
2024-03-17 19:35:39,419 -   best_eval_score = 0.0
2024-03-17 19:35:39,419 -   eval_score = 0.329
2024-03-17 19:36:11,932 - ***** Epoch: 2: Eval results *****
2024-03-17 19:36:11,932 -   train_loss = 1.5576
2024-03-17 19:36:11,932 -   best_eval_score = 0.329
2024-03-17 19:36:11,932 -   eval_score = 0.4125
2024-03-17 19:36:47,224 - ***** Epoch: 3: Eval results *****
2024-03-17 19:36:47,225 -   train_loss = 1.0723
2024-03-17 19:36:47,225 -   best_eval_score = 0.4125
2024-03-17 19:36:47,225 -   eval_score = 0.4591
2024-03-17 19:37:20,835 - ***** Epoch: 4: Eval results *****
2024-03-17 19:37:20,835 -   train_loss = 0.7378
2024-03-17 19:37:20,835 -   best_eval_score = 0.4591
2024-03-17 19:37:20,836 -   eval_score = 0.4903
2024-03-17 19:37:55,692 - ***** Epoch: 5: Eval results *****
2024-03-17 19:37:55,692 -   train_loss = 0.4931
2024-03-17 19:37:55,692 -   best_eval_score = 0.4903
2024-03-17 19:37:55,692 -   eval_score = 0.5006
2024-03-17 19:38:29,238 - ***** Epoch: 6: Eval results *****
2024-03-17 19:38:29,238 -   train_loss = 0.3367
2024-03-17 19:38:29,238 -   best_eval_score = 0.5006
2024-03-17 19:38:29,238 -   eval_score = 0.4989
2024-03-17 19:38:29,238 - EarlyStopping counter: 1 out of 8
2024-03-17 19:39:02,527 - ***** Epoch: 7: Eval results *****
2024-03-17 19:39:02,528 -   train_loss = 0.2392
2024-03-17 19:39:02,528 -   best_eval_score = 0.5006
2024-03-17 19:39:02,528 -   eval_score = 0.4889
2024-03-17 19:39:02,528 - EarlyStopping counter: 2 out of 8
2024-03-17 19:39:36,445 - ***** Epoch: 8: Eval results *****
2024-03-17 19:39:36,445 -   train_loss = 0.1737
2024-03-17 19:39:36,445 -   best_eval_score = 0.5006
2024-03-17 19:39:36,445 -   eval_score = 0.5038
2024-03-17 19:40:09,863 - ***** Epoch: 9: Eval results *****
2024-03-17 19:40:09,863 -   train_loss = 0.1395
2024-03-17 19:40:09,863 -   best_eval_score = 0.5038
2024-03-17 19:40:09,863 -   eval_score = 0.5091
2024-03-17 19:40:43,070 - ***** Epoch: 10: Eval results *****
2024-03-17 19:40:43,070 -   train_loss = 0.1087
2024-03-17 19:40:43,070 -   best_eval_score = 0.5091
2024-03-17 19:40:43,071 -   eval_score = 0.5091
2024-03-17 19:40:43,071 - EarlyStopping counter: 1 out of 8
2024-03-17 19:41:16,949 - ***** Epoch: 11: Eval results *****
2024-03-17 19:41:16,949 -   train_loss = 0.089
2024-03-17 19:41:16,949 -   best_eval_score = 0.5091
2024-03-17 19:41:16,949 -   eval_score = 0.5032
2024-03-17 19:41:16,949 - EarlyStopping counter: 2 out of 8
2024-03-17 19:41:49,181 - ***** Epoch: 12: Eval results *****
2024-03-17 19:41:49,181 -   train_loss = 0.0795
2024-03-17 19:41:49,181 -   best_eval_score = 0.5091
2024-03-17 19:41:49,181 -   eval_score = 0.4954
2024-03-17 19:41:49,181 - EarlyStopping counter: 3 out of 8
2024-03-17 19:42:22,694 - ***** Epoch: 13: Eval results *****
2024-03-17 19:42:22,694 -   train_loss = 0.0728
2024-03-17 19:42:22,694 -   best_eval_score = 0.5091
2024-03-17 19:42:22,694 -   eval_score = 0.5183
2024-03-17 19:42:55,257 - ***** Epoch: 14: Eval results *****
2024-03-17 19:42:55,257 -   train_loss = 0.0636
2024-03-17 19:42:55,257 -   best_eval_score = 0.5183
2024-03-17 19:42:55,257 -   eval_score = 0.4993
2024-03-17 19:42:55,257 - EarlyStopping counter: 1 out of 8
2024-03-17 19:43:29,271 - ***** Epoch: 15: Eval results *****
2024-03-17 19:43:29,271 -   train_loss = 0.0607
2024-03-17 19:43:29,271 -   best_eval_score = 0.5183
2024-03-17 19:43:29,271 -   eval_score = 0.4999
2024-03-17 19:43:29,271 - EarlyStopping counter: 2 out of 8
2024-03-17 19:44:02,634 - ***** Epoch: 16: Eval results *****
2024-03-17 19:44:02,634 -   train_loss = 0.0597
2024-03-17 19:44:02,634 -   best_eval_score = 0.5183
2024-03-17 19:44:02,634 -   eval_score = 0.504
2024-03-17 19:44:02,634 - EarlyStopping counter: 3 out of 8
2024-03-17 19:44:36,733 - ***** Epoch: 17: Eval results *****
2024-03-17 19:44:36,733 -   train_loss = 0.0532
2024-03-17 19:44:36,733 -   best_eval_score = 0.5183
2024-03-17 19:44:36,733 -   eval_score = 0.486
2024-03-17 19:44:36,733 - EarlyStopping counter: 4 out of 8
2024-03-17 19:45:11,216 - ***** Epoch: 18: Eval results *****
2024-03-17 19:45:11,216 -   train_loss = 0.0557
2024-03-17 19:45:11,216 -   best_eval_score = 0.5183
2024-03-17 19:45:11,216 -   eval_score = 0.5012
2024-03-17 19:45:11,216 - EarlyStopping counter: 5 out of 8
2024-03-17 19:45:44,176 - ***** Epoch: 19: Eval results *****
2024-03-17 19:45:44,176 -   train_loss = 0.0508
2024-03-17 19:45:44,176 -   best_eval_score = 0.5183
2024-03-17 19:45:44,176 -   eval_score = 0.5115
2024-03-17 19:45:44,176 - EarlyStopping counter: 6 out of 8
2024-03-17 19:46:17,662 - ***** Epoch: 20: Eval results *****
2024-03-17 19:46:17,663 -   train_loss = 0.0475
2024-03-17 19:46:17,663 -   best_eval_score = 0.5183
2024-03-17 19:46:17,663 -   eval_score = 0.4979
2024-03-17 19:46:17,663 - EarlyStopping counter: 7 out of 8
2024-03-17 19:46:50,015 - ***** Epoch: 21: Eval results *****
2024-03-17 19:46:50,015 -   train_loss = 0.0585
2024-03-17 19:46:50,015 -   best_eval_score = 0.5183
2024-03-17 19:46:50,015 -   eval_score = 0.5012
2024-03-17 19:46:50,015 - EarlyStopping counter: 8 out of 8
2024-03-17 19:46:50,015 - EarlyStopping at epoch 21
2024-03-17 19:46:50,017 - Training is finished...
2024-03-17 19:46:50,017 - Testing begins...
2024-03-17 19:46:58,199 - ***** Test: Confusion Matrix *****
2024-03-17 19:46:58,202 - [[ 47   0  13   0   0   0   0   0   1   0   2   0   0   2   0   0   0   0
    0   0   0   0   1   1   1   0   0   0   0   0]
 [  0  54   0   0   7   2   7   0   1   0   1   0   3   0   6   0   0   9
    0   0   0   1   1   0   3   0   0   2   0   0]
 [ 10   0  38   0   1   0   0   0   0   0   1   0   0   4   1   0   0   3
    0   0   0   2   0   1   1   0   0   2   0   0]
 [  0   0   0  61   0   0   0   1   0   0   0   0   0   0   2   0   0   0
    0   0   0   0   0   1   0   0   0   0   0   0]
 [  0   3   0   0  29   0   0   0   1   0   0   1   0   0   0   0   0   6
    0   4   0   1   1   2   1   0   0   0   1   1]
 [  0   0   0   0   1  20   1   1   0   2   2   0   0   0   1   0   0   6
    0   3   0   0   0   0   0   0   0   0   0   0]
 [  0   1   0   0   0   2  23  10   0   1   3   0   8   0   0   0   0   0
    0   0   0   0   0   0   0   0   0   0   0   0]
 [  0   0   0   0   0   2   4  22   0   1   7   0   7   0   0   0   3   0
    0   0   0   0   0   0   0   0   1   0   0   0]
 [  2   2   3   3   1   0   0   0  23   1   0   2   0   0   2   1   0   4
    0   0   0   0   2   0   1   0   0   2   0   0]
 [  0   1   1   2   1   0   1   0   1  36   0   9   8   0  12   0   0  10
    2   0   1   3   5   2   3   1   1   6   0   1]
 [  2   0   0   0   0   3   3   2   0   1  46   0  31   0   2   0   0   2
    0   1   0   0   0   0   0   0   0   0   0   0]
 [  0   0   0   0   0   0   0   1   0   3   0  19   8   2   3   0   0   3
    0   0   0   0   3   0   0   0   0   5   0   0]
 [  0   1   0   0   0   0   8   6   0   4  22   2  87   0   0   0   0   1
    0   0   0   1   1   0   0   0   0   2   0   0]
 [  0   0   1   0   0   0   0   0   1   1   0   0   0   3   4   0   0   3
    1   0   2   0   1   0   0   0   0   0   0   0]
 [  0   2   1   0   0   2   0   0   7   7   2   1   1   6 101   2   0  35
    2   0   5   0  10   0   3   1   0   5   0   0]
 [  0   0   0   0   0   0   0   0   0   2   0   0   0   1   2   6   0   4
    1   0   2   1   1   0   0   0   0   1   1   0]
 [  0   0   0   0   1   0   1   2   0   0   2   0   1   0   0   1  53   0
    4   0   0   1   0   0   0   0   0   0   0   0]
 [  1   6   2   0   5   1   0   0   6   5   1   2   1   5  13   1   2 130
    4   4   3   3   6   8   0   0   1   2   1   4]
 [  0   1   0   0   0   0   0   0   0   2   2   0   0   2   8   0   2  12
   24   1   3   0   2   0   0   0   0   1   0   0]
 [  0   6   0   0   0   0   2   0   0   0   2   0   0   0   0   0   0   0
    0   6   0   1   0   0   0   0   0   0   0   0]
 [  0   0   2   0   1   0   0   0   0   0   0   0   1   0   5   2   0   5
    4   0   5   0   0   1   1   0   0   2   0   0]
 [  6   1   0   0   2   0   0   0   0   3   0   0   0   0   1   0   0   1
    0   1   1  26   2   5   1   0   0   2   0   1]
 [  0   0   0   0   0   0   0   0   1   4   0   4   1   1   7   0   0   5
    0   0   1   0  76   0   1   1  14   1   0   0]
 [  0   3   1   0   0   0   0   0   0   0   0   0   0   0   0   0   0   9
    0   0   0   3   0  22   0   0   0   0   0   0]
 [  2   0   1   0   0   0   1   0   2   2   1   3   0   3   2   1   0   3
    0   0   0   1   1   0  83   0   0   5   2   0]
 [  1   1   0   0   0   0   0   0   0   0   0   0   0   0   0   0   0   2
    0   0   0   0   2   0   1  20   2   0   0   2]
 [  0   0   0   0   0   0   0   0   0   0   0   0   0   0   3   0   0   2
    0   0   0   1   2   0   0   0   7   0   2   0]
 [  0   2   1   0   0   0   0   0   4   4   2   4   4   1   3   0   0   4
    1   0   2   0   3   0   6   1   0  15   0   1]
 [  0   0   0   0   0   0   0   0   0   0   0   0   0   0   1   0   1   0
    0   0   0   0   0   0   0   0   0   1  55   0]
 [  0   1   0   0   1   0   0   0   2   1   1   1   0   0   0   0   0   4
    1   0   1   1   0   0   1   1   0   0   0   3]]
2024-03-17 19:46:58,202 - ***** Evaluation results *****
2024-03-17 19:46:58,202 -   acc = 0.5607
2024-03-17 19:46:58,202 -   f1 = 0.5146
2024-03-17 19:46:58,202 -   prec = 0.5242
2024-03-17 19:46:58,202 -   rec = 0.512
2024-03-17 19:46:58,203 - Testing is finished...
2024-03-17 19:46:58,203 - Multimodal intent recognition is finished...
2024-03-17 19:46:58,203 - Results are saved in results/mag_bert.csv
