2024-03-15 14:10:24,027 - ============================== Params ==============================
2024-03-15 14:10:24,028 - logger_name: mag_bert_MIntRec2_multi-class_seed-1_2024-03-15-14-10-23
2024-03-15 14:10:24,028 - dataset: MIntRec2
2024-03-15 14:10:24,028 - data_mode: multi-class
2024-03-15 14:10:24,028 - method: mag_bert
2024-03-15 14:10:24,028 - text_backbone: bert-base-uncased
2024-03-15 14:10:24,028 - text_backbone_path: /home/sharing/disk1/pretrained_embedding/bert/uncased_L-12_H-768_A-12/
2024-03-15 14:10:24,028 - seed: 1
2024-03-15 14:10:24,028 - num_workers: 8
2024-03-15 14:10:24,028 - gpu_id: 2
2024-03-15 14:10:24,028 - data_path: /home/sharing/disk2/sjh/intentDataset
2024-03-15 14:10:24,028 - train: True
2024-03-15 14:10:24,028 - tune: True
2024-03-15 14:10:24,028 - save_model: False
2024-03-15 14:10:24,028 - save_results: True
2024-03-15 14:10:24,028 - log_path: logs
2024-03-15 14:10:24,028 - cache_path: 
2024-03-15 14:10:24,028 - video_data_path: video_data
2024-03-15 14:10:24,028 - audio_data_path: audio_data
2024-03-15 14:10:24,028 - video_feats_path: video_feats.pkl
2024-03-15 14:10:24,028 - audio_feats_path: audio_feats.pkl
2024-03-15 14:10:24,028 - results_path: results
2024-03-15 14:10:24,028 - output_path: /home/sharing/disk2/sjh/Outputs/MIntRec2
2024-03-15 14:10:24,028 - model_path: models
2024-03-15 14:10:24,028 - config_file_name: mag_bert_MIntRec2
2024-03-15 14:10:24,028 - results_file_name: mag_bert.csv
2024-03-15 14:10:24,028 - padding_mode: zero
2024-03-15 14:10:24,028 - padding_loc: end
2024-03-15 14:10:24,028 - need_aligned: True
2024-03-15 14:10:24,028 - eval_monitor: f1
2024-03-15 14:10:24,028 - train_batch_size: 32
2024-03-15 14:10:24,028 - eval_batch_size: 16
2024-03-15 14:10:24,028 - test_batch_size: 16
2024-03-15 14:10:24,028 - wait_patience: 8
2024-03-15 14:10:24,028 - num_train_epochs: 100
2024-03-15 14:10:24,028 - beta_shift: 0.005
2024-03-15 14:10:24,028 - dropout_prob: 0.1
2024-03-15 14:10:24,028 - warmup_proportion: 0.1
2024-03-15 14:10:24,028 - lr: 3e-05
2024-03-15 14:10:24,028 - aligned_method: conv1d
2024-03-15 14:10:24,029 - weight_decay: 0.03
2024-03-15 14:10:24,029 - pred_output_path: /home/sharing/disk2/sjh/Outputs/MIntRec2/mag_bert_MIntRec2_multi-class_seed-1_2024-03-15-14-10-23
2024-03-15 14:10:24,029 - model_output_path: /home/sharing/disk2/sjh/Outputs/MIntRec2/mag_bert_MIntRec2_multi-class_seed-1_2024-03-15-14-10-23/models
2024-03-15 14:10:24,029 - num_labels: 30
2024-03-15 14:10:24,029 - text_feat_dim: 768
2024-03-15 14:10:24,029 - video_feat_dim: 256
2024-03-15 14:10:24,029 - audio_feat_dim: 768
2024-03-15 14:10:24,029 - text_seq_len: 50
2024-03-15 14:10:24,029 - video_seq_len: 180
2024-03-15 14:10:24,029 - audio_seq_len: 400
2024-03-15 14:10:24,029 - device: cuda:2
2024-03-15 14:10:24,029 - ============================== End Params ==============================
2024-03-15 14:10:24,044 - Generate Text Features Begin...
2024-03-15 14:10:25,979 - Generate Text Features Finished...
2024-03-15 14:10:25,981 - Load Video Features Begin...
2024-03-15 14:10:27,049 - Load Video Features Finished...
2024-03-15 14:10:28,736 - Load Audio Features Begin...
2024-03-15 14:10:32,556 - Load Audio Features Finished...
2024-03-15 14:10:45,397 - method  begins...
2024-03-15 14:10:46,317 - Multimodal intent recognition begins...
2024-03-15 14:10:46,317 - Training begins...
2024-03-15 14:11:20,067 - ***** Epoch: 1: Eval results *****
2024-03-15 14:11:20,067 -   train_loss = 3.2927
2024-03-15 14:11:20,068 -   best_eval_score = 0.0
2024-03-15 14:11:20,068 -   eval_score = 0.0726
2024-03-15 14:11:54,002 - ***** Epoch: 2: Eval results *****
2024-03-15 14:11:54,002 -   train_loss = 2.6816
2024-03-15 14:11:54,002 -   best_eval_score = 0.0726
2024-03-15 14:11:54,002 -   eval_score = 0.2467
2024-03-15 14:12:27,919 - ***** Epoch: 3: Eval results *****
2024-03-15 14:12:27,919 -   train_loss = 2.0704
2024-03-15 14:12:27,919 -   best_eval_score = 0.2467
2024-03-15 14:12:27,919 -   eval_score = 0.3437
2024-03-15 14:13:00,451 - ***** Epoch: 4: Eval results *****
2024-03-15 14:13:00,451 -   train_loss = 1.651
2024-03-15 14:13:00,451 -   best_eval_score = 0.3437
2024-03-15 14:13:00,451 -   eval_score = 0.4158
2024-03-15 14:13:32,772 - ***** Epoch: 5: Eval results *****
2024-03-15 14:13:32,772 -   train_loss = 1.3382
2024-03-15 14:13:32,772 -   best_eval_score = 0.4158
2024-03-15 14:13:32,772 -   eval_score = 0.44
2024-03-15 14:14:05,778 - ***** Epoch: 6: Eval results *****
2024-03-15 14:14:05,779 -   train_loss = 1.083
2024-03-15 14:14:05,779 -   best_eval_score = 0.44
2024-03-15 14:14:05,779 -   eval_score = 0.4726
2024-03-15 14:14:39,150 - ***** Epoch: 7: Eval results *****
2024-03-15 14:14:39,151 -   train_loss = 0.8459
2024-03-15 14:14:39,151 -   best_eval_score = 0.4726
2024-03-15 14:14:39,151 -   eval_score = 0.4703
2024-03-15 14:14:39,151 - EarlyStopping counter: 1 out of 8
2024-03-15 14:15:13,800 - ***** Epoch: 8: Eval results *****
2024-03-15 14:15:13,800 -   train_loss = 0.6306
2024-03-15 14:15:13,800 -   best_eval_score = 0.4726
2024-03-15 14:15:13,800 -   eval_score = 0.5112
2024-03-15 14:15:46,974 - ***** Epoch: 9: Eval results *****
2024-03-15 14:15:46,974 -   train_loss = 0.4521
2024-03-15 14:15:46,974 -   best_eval_score = 0.5112
2024-03-15 14:15:46,974 -   eval_score = 0.4674
2024-03-15 14:15:46,975 - EarlyStopping counter: 1 out of 8
2024-03-15 14:16:19,476 - ***** Epoch: 10: Eval results *****
2024-03-15 14:16:19,476 -   train_loss = 0.3521
2024-03-15 14:16:19,477 -   best_eval_score = 0.5112
2024-03-15 14:16:19,477 -   eval_score = 0.4821
2024-03-15 14:16:19,477 - EarlyStopping counter: 2 out of 8
2024-03-15 14:16:51,308 - ***** Epoch: 11: Eval results *****
2024-03-15 14:16:51,309 -   train_loss = 0.2733
2024-03-15 14:16:51,309 -   best_eval_score = 0.5112
2024-03-15 14:16:51,309 -   eval_score = 0.5036
2024-03-15 14:16:51,309 - EarlyStopping counter: 3 out of 8
2024-03-15 14:17:24,355 - ***** Epoch: 12: Eval results *****
2024-03-15 14:17:24,356 -   train_loss = 0.193
2024-03-15 14:17:24,356 -   best_eval_score = 0.5112
2024-03-15 14:17:24,356 -   eval_score = 0.5083
2024-03-15 14:17:24,356 - EarlyStopping counter: 4 out of 8
2024-03-15 14:17:56,596 - ***** Epoch: 13: Eval results *****
2024-03-15 14:17:56,596 -   train_loss = 0.1542
2024-03-15 14:17:56,596 -   best_eval_score = 0.5112
2024-03-15 14:17:56,596 -   eval_score = 0.4892
2024-03-15 14:17:56,596 - EarlyStopping counter: 5 out of 8
2024-03-15 14:18:28,799 - ***** Epoch: 14: Eval results *****
2024-03-15 14:18:28,799 -   train_loss = 0.1118
2024-03-15 14:18:28,799 -   best_eval_score = 0.5112
2024-03-15 14:18:28,800 -   eval_score = 0.4894
2024-03-15 14:18:28,800 - EarlyStopping counter: 6 out of 8
2024-03-15 14:19:02,116 - ***** Epoch: 15: Eval results *****
2024-03-15 14:19:02,116 -   train_loss = 0.0958
2024-03-15 14:19:02,116 -   best_eval_score = 0.5112
2024-03-15 14:19:02,116 -   eval_score = 0.5081
2024-03-15 14:19:02,116 - EarlyStopping counter: 7 out of 8
2024-03-15 14:19:35,717 - ***** Epoch: 16: Eval results *****
2024-03-15 14:19:35,717 -   train_loss = 0.0844
2024-03-15 14:19:35,717 -   best_eval_score = 0.5112
2024-03-15 14:19:35,717 -   eval_score = 0.5109
2024-03-15 14:19:35,717 - EarlyStopping counter: 8 out of 8
2024-03-15 14:19:35,717 - EarlyStopping at epoch 16
2024-03-15 14:19:35,720 - Training is finished...
2024-03-15 14:19:35,720 - Testing begins...
2024-03-15 14:19:42,060 - ***** Test: Confusion Matrix *****
2024-03-15 14:19:42,064 - [[ 49   0  12   0   0   0   0   0   0   0   2   0   0   0   0   0   0   1
    0   0   0   0   1   1   2   0   0   0   0   0]
 [  0  50   1   0  11   1   5   0   1   0   6   0   2   0   2   0   0  11
    0   1   0   1   1   0   1   1   0   2   0   0]
 [ 10   0  42   0   1   0   0   0   0   0   1   1   0   1   1   0   0   2
    1   0   0   0   1   2   1   0   0   0   0   0]
 [  0   0   0  59   0   0   0   1   0   1   0   0   0   0   3   0   0   1
    0   0   0   0   0   0   0   0   0   0   0   0]
 [  0   3   0   0  35   0   0   0   1   0   0   0   0   0   0   0   0   4
    0   0   0   2   0   1   1   0   0   0   1   3]
 [  0   0   0   0   2  20   1   0   0   2   2   0   0   0   2   0   0   6
    0   1   0   0   0   0   0   1   0   0   0   0]
 [  0   1   0   0   0   3  22  11   0   1   7   1   2   0   0   0   0   0
    0   0   0   0   0   0   0   0   0   0   0   0]
 [  0   0   0   0   0   0   8  29   0   0   7   0   1   0   0   0   1   0
    0   0   0   0   0   0   0   0   0   1   0   0]
 [  1   2   3   2   1   0   0   0  24   3   0   1   0   0   3   0   0   5
    0   0   0   0   2   0   2   0   0   0   0   0]
 [  0   0   1   0   0   0   0   1   2  54   1   5   8   0  15   0   0   7
    1   0   1   2   2   1   3   1   0   2   0   0]
 [  2   0   0   0   0   3   1   3   0   0  55   0  21   0   3   0   2   1
    0   1   0   0   0   0   1   0   0   0   0   0]
 [  0   0   0   0   0   0   1   2   0  10   1  16   6   0   3   0   0   2
    0   0   0   0   3   0   1   0   0   1   0   1]
 [  0   0   0   0   0   0   2  14   1   5  42   1  67   0   0   0   2   0
    0   0   0   0   0   0   0   0   0   1   0   0]
 [  0   0   2   0   1   0   0   0   1   1   0   0   0   0   3   1   0   5
    2   0   0   0   1   0   0   0   0   0   0   0]
 [  0   1   3   0   1   1   0   1   2   7   4   0   0   0 123   1   0  30
    3   0   0   1   9   0   3   0   0   3   0   0]
 [  0   0   1   0   1   0   0   0   0   4   0   0   0   0   1   2   0   5
    3   0   0   1   2   0   0   0   0   1   1   0]
 [  0   0   0   0   1   0   1   1   0   0   0   0   1   0   0   0  59   0
    3   0   0   0   0   0   0   0   0   0   0   0]
 [  0   3   2   0   9   3   0   0   1  11   2   0   0   0  24   1   2 129
    7   0   1   3   7   6   0   2   0   2   1   1]
 [  0   1   0   0   1   0   1   0   0   4   1   0   0   1   9   0   2   9
   27   0   2   0   0   0   2   0   0   0   0   0]
 [  0   4   0   0   1   0   2   0   0   0   3   0   0   0   0   0   0   0
    0   6   0   1   0   0   0   0   0   0   0   0]
 [  0   0   2   0   2   0   0   0   0   2   1   1   1   0   5   0   0   7
    4   0   0   0   1   0   1   0   0   2   0   0]
 [  7   1   0   0   1   0   0   0   0   5   0   0   0   0   0   0   4   0
    0   0   0  23   2   8   1   0   0   0   0   1]
 [  0   0   1   1   1   0   0   0   3   5   0   1   0   0   9   1   0   5
    1   0   0   0  86   0   0   2   0   0   0   1]
 [  0   3   2   0   1   0   0   0   0   2   0   0   0   0   1   0   0  11
    0   0   0   1   0  17   0   0   0   0   0   0]
 [  1   0   2   0   0   0   0   0   1   4   1   1   0   0   3   0   0   3
    0   0   0   1   0   1  88   0   0   5   2   0]
 [  1   0   0   0   2   0   0   1   0   0   0   0   0   0   0   0   0   2
    0   0   0   0   2   0   1  21   0   0   0   1]
 [  0   0   0   1   0   0   0   0   0   1   0   0   0   0   0   0   0   3
    0   0   0   2   3   1   0   0   6   0   0   0]
 [  0   3   2   0   0   0   0   1   2   8   3   4   2   0   4   0   0   4
    1   0   0   0   3   0  10   1   0   8   1   1]
 [  0   0   0   0   0   0   0   0   0   0   0   0   0   0   1   0   1   0
    0   0   0   0   0   0   0   0   0   0  56   0]
 [  0   2   0   0   1   0   0   0   2   1   1   1   0   0   0   0   0   4
    0   0   0   0   0   0   1   1   0   1   0   4]]
2024-03-15 14:19:42,064 - ***** Evaluation results *****
2024-03-15 14:19:42,064 -   acc = 0.5789
2024-03-15 14:19:42,064 -   f1 = 0.5147
2024-03-15 14:19:42,065 -   prec = 0.5486
2024-03-15 14:19:42,065 -   rec = 0.5095
2024-03-15 14:19:42,065 - Testing is finished...
2024-03-15 14:19:42,065 - Multimodal intent recognition is finished...
2024-03-15 14:19:42,065 - Results are saved in results/mag_bert.csv
