2024-03-17 23:32:27,350 - ============================== Params ==============================
2024-03-17 23:32:27,350 - logger_name: mag_bert_MIntRec2_multi-class_seed-4_2024-03-17-23-32-27
2024-03-17 23:32:27,350 - dataset: MIntRec2
2024-03-17 23:32:27,350 - data_mode: multi-class
2024-03-17 23:32:27,350 - method: mag_bert
2024-03-17 23:32:27,350 - text_backbone: bert-base-uncased
2024-03-17 23:32:27,350 - text_backbone_path: /home/sharing/disk1/pretrained_embedding/bert/uncased_L-12_H-768_A-12/
2024-03-17 23:32:27,350 - seed: 4
2024-03-17 23:32:27,350 - num_workers: 8
2024-03-17 23:32:27,350 - gpu_id: 2
2024-03-17 23:32:27,350 - data_path: /home/sharing/disk2/sjh/intentDataset
2024-03-17 23:32:27,350 - train: True
2024-03-17 23:32:27,350 - tune: True
2024-03-17 23:32:27,350 - save_model: False
2024-03-17 23:32:27,350 - save_results: True
2024-03-17 23:32:27,350 - log_path: logs
2024-03-17 23:32:27,350 - cache_path: 
2024-03-17 23:32:27,350 - video_data_path: video_data
2024-03-17 23:32:27,350 - audio_data_path: audio_data
2024-03-17 23:32:27,351 - video_feats_path: video_feats.pkl
2024-03-17 23:32:27,351 - audio_feats_path: audio_feats.pkl
2024-03-17 23:32:27,351 - results_path: results
2024-03-17 23:32:27,351 - output_path: /home/sharing/disk2/sjh/Outputs/MIntRec2
2024-03-17 23:32:27,351 - model_path: models
2024-03-17 23:32:27,351 - config_file_name: mag_bert_MIntRec2
2024-03-17 23:32:27,351 - results_file_name: mag_bert.csv
2024-03-17 23:32:27,351 - padding_mode: zero
2024-03-17 23:32:27,351 - padding_loc: end
2024-03-17 23:32:27,351 - need_aligned: True
2024-03-17 23:32:27,351 - eval_monitor: f1
2024-03-17 23:32:27,351 - train_batch_size: 32
2024-03-17 23:32:27,351 - eval_batch_size: 16
2024-03-17 23:32:27,351 - test_batch_size: 16
2024-03-17 23:32:27,351 - wait_patience: 8
2024-03-17 23:32:27,351 - num_train_epochs: 100
2024-03-17 23:32:27,351 - beta_shift: 0.01
2024-03-17 23:32:27,351 - dropout_prob: 0.1
2024-03-17 23:32:27,351 - warmup_proportion: 0.05
2024-03-17 23:32:27,351 - lr: 2e-05
2024-03-17 23:32:27,351 - aligned_method: ctc
2024-03-17 23:32:27,351 - weight_decay: 0.1
2024-03-17 23:32:27,351 - pred_output_path: /home/sharing/disk2/sjh/Outputs/MIntRec2/mag_bert_MIntRec2_multi-class_seed-4_2024-03-17-23-32-27
2024-03-17 23:32:27,351 - model_output_path: /home/sharing/disk2/sjh/Outputs/MIntRec2/mag_bert_MIntRec2_multi-class_seed-4_2024-03-17-23-32-27/models
2024-03-17 23:32:27,351 - num_labels: 30
2024-03-17 23:32:27,351 - text_feat_dim: 768
2024-03-17 23:32:27,351 - video_feat_dim: 256
2024-03-17 23:32:27,351 - audio_feat_dim: 768
2024-03-17 23:32:27,351 - text_seq_len: 50
2024-03-17 23:32:27,351 - video_seq_len: 180
2024-03-17 23:32:27,351 - audio_seq_len: 400
2024-03-17 23:32:27,351 - device: cuda:2
2024-03-17 23:32:27,351 - ============================== End Params ==============================
2024-03-17 23:32:27,367 - Generate Text Features Begin...
2024-03-17 23:32:30,089 - Generate Text Features Finished...
2024-03-17 23:32:30,091 - Load Video Features Begin...
2024-03-17 23:32:31,419 - Load Video Features Finished...
2024-03-17 23:32:33,872 - Load Audio Features Begin...
2024-03-17 23:32:38,819 - Load Audio Features Finished...
2024-03-17 23:32:50,669 - method  begins...
2024-03-17 23:32:51,695 - Multimodal intent recognition begins...
2024-03-17 23:32:51,695 - Training begins...
2024-03-17 23:33:24,889 - ***** Epoch: 1: Eval results *****
2024-03-17 23:33:24,890 -   train_loss = 3.1775
2024-03-17 23:33:24,890 -   best_eval_score = 0.0
2024-03-17 23:33:24,890 -   eval_score = 0.0928
2024-03-17 23:33:58,346 - ***** Epoch: 2: Eval results *****
2024-03-17 23:33:58,347 -   train_loss = 2.4925
2024-03-17 23:33:58,347 -   best_eval_score = 0.0928
2024-03-17 23:33:58,347 -   eval_score = 0.2762
2024-03-17 23:34:31,811 - ***** Epoch: 3: Eval results *****
2024-03-17 23:34:31,812 -   train_loss = 1.8619
2024-03-17 23:34:31,812 -   best_eval_score = 0.2762
2024-03-17 23:34:31,812 -   eval_score = 0.3794
2024-03-17 23:35:05,834 - ***** Epoch: 4: Eval results *****
2024-03-17 23:35:05,834 -   train_loss = 1.4624
2024-03-17 23:35:05,834 -   best_eval_score = 0.3794
2024-03-17 23:35:05,834 -   eval_score = 0.4333
2024-03-17 23:35:40,124 - ***** Epoch: 5: Eval results *****
2024-03-17 23:35:40,124 -   train_loss = 1.1451
2024-03-17 23:35:40,124 -   best_eval_score = 0.4333
2024-03-17 23:35:40,124 -   eval_score = 0.4564
2024-03-17 23:36:14,024 - ***** Epoch: 6: Eval results *****
2024-03-17 23:36:14,025 -   train_loss = 0.8637
2024-03-17 23:36:14,025 -   best_eval_score = 0.4564
2024-03-17 23:36:14,025 -   eval_score = 0.464
2024-03-17 23:36:47,035 - ***** Epoch: 7: Eval results *****
2024-03-17 23:36:47,035 -   train_loss = 0.6156
2024-03-17 23:36:47,035 -   best_eval_score = 0.464
2024-03-17 23:36:47,035 -   eval_score = 0.5005
2024-03-17 23:37:20,078 - ***** Epoch: 8: Eval results *****
2024-03-17 23:37:20,078 -   train_loss = 0.4259
2024-03-17 23:37:20,078 -   best_eval_score = 0.5005
2024-03-17 23:37:20,078 -   eval_score = 0.5271
2024-03-17 23:37:53,116 - ***** Epoch: 9: Eval results *****
2024-03-17 23:37:53,116 -   train_loss = 0.3112
2024-03-17 23:37:53,117 -   best_eval_score = 0.5271
2024-03-17 23:37:53,117 -   eval_score = 0.5209
2024-03-17 23:37:53,117 - EarlyStopping counter: 1 out of 8
2024-03-17 23:38:27,650 - ***** Epoch: 10: Eval results *****
2024-03-17 23:38:27,650 -   train_loss = 0.2238
2024-03-17 23:38:27,650 -   best_eval_score = 0.5271
2024-03-17 23:38:27,650 -   eval_score = 0.5125
2024-03-17 23:38:27,650 - EarlyStopping counter: 2 out of 8
2024-03-17 23:39:01,883 - ***** Epoch: 11: Eval results *****
2024-03-17 23:39:01,884 -   train_loss = 0.1774
2024-03-17 23:39:01,884 -   best_eval_score = 0.5271
2024-03-17 23:39:01,884 -   eval_score = 0.5148
2024-03-17 23:39:01,884 - EarlyStopping counter: 3 out of 8
2024-03-17 23:39:35,344 - ***** Epoch: 12: Eval results *****
2024-03-17 23:39:35,344 -   train_loss = 0.1428
2024-03-17 23:39:35,344 -   best_eval_score = 0.5271
2024-03-17 23:39:35,344 -   eval_score = 0.5182
2024-03-17 23:39:35,344 - EarlyStopping counter: 4 out of 8
2024-03-17 23:40:09,208 - ***** Epoch: 13: Eval results *****
2024-03-17 23:40:09,208 -   train_loss = 0.1201
2024-03-17 23:40:09,208 -   best_eval_score = 0.5271
2024-03-17 23:40:09,208 -   eval_score = 0.5071
2024-03-17 23:40:09,208 - EarlyStopping counter: 5 out of 8
2024-03-17 23:40:42,824 - ***** Epoch: 14: Eval results *****
2024-03-17 23:40:42,824 -   train_loss = 0.0985
2024-03-17 23:40:42,824 -   best_eval_score = 0.5271
2024-03-17 23:40:42,824 -   eval_score = 0.5117
2024-03-17 23:40:42,824 - EarlyStopping counter: 6 out of 8
2024-03-17 23:41:17,105 - ***** Epoch: 15: Eval results *****
2024-03-17 23:41:17,105 -   train_loss = 0.0877
2024-03-17 23:41:17,105 -   best_eval_score = 0.5271
2024-03-17 23:41:17,105 -   eval_score = 0.5178
2024-03-17 23:41:17,105 - EarlyStopping counter: 7 out of 8
2024-03-17 23:41:50,458 - ***** Epoch: 16: Eval results *****
2024-03-17 23:41:50,458 -   train_loss = 0.0789
2024-03-17 23:41:50,458 -   best_eval_score = 0.5271
2024-03-17 23:41:50,458 -   eval_score = 0.5172
2024-03-17 23:41:50,458 - EarlyStopping counter: 8 out of 8
2024-03-17 23:41:50,458 - EarlyStopping at epoch 16
2024-03-17 23:41:50,459 - Training is finished...
2024-03-17 23:41:50,460 - Testing begins...
2024-03-17 23:41:57,835 - ***** Test: Confusion Matrix *****
2024-03-17 23:41:57,837 - [[ 50   0  12   0   0   0   0   0   1   0   2   0   0   1   0   0   0   0
    0   0   0   1   0   0   1   0   0   0   0   0]
 [  0  58   0   0   9   1   6   0   1   0   3   0   2   0   5   0   0   5
    0   2   1   0   2   0   1   0   0   1   0   0]
 [  7   0  43   0   1   0   0   0   0   0   1   0   0   1   1   0   0   2
    1   0   0   2   0   1   4   0   0   0   0   0]
 [  0   0   0  60   0   0   0   1   0   0   0   0   0   0   2   0   0   1
    0   0   0   0   0   0   1   0   0   0   0   0]
 [  0   4   0   0  32   0   0   0   1   0   0   0   0   0   0   0   0   5
    0   2   0   1   0   1   1   0   0   0   1   3]
 [  0   0   0   0   1  23   0   1   0   2   1   0   0   0   1   0   0   3
    0   3   0   0   0   1   0   1   0   0   0   0]
 [  0   1   0   0   0   2  26   9   0   1   3   1   5   0   0   0   0   0
    0   0   0   0   0   0   0   0   0   0   0   0]
 [  0   0   0   0   0   0   7  26   0   1   6   0   5   0   0   0   1   0
    0   0   0   0   0   0   0   0   0   1   0   0]
 [  1   3   1   2   1   0   0   0  24   3   0   0   2   0   4   1   0   3
    0   0   0   0   2   0   2   0   0   0   0   0]
 [  0   1   1   1   1   0   1   0   3  55   0   4   8   0   8   0   0  10
    1   0   0   2   2   0   2   0   0   6   0   1]
 [  2   0   0   0   0   3   3   3   0   1  43   0  32   0   3   0   0   1
    0   1   0   0   0   0   1   0   0   0   0   0]
 [  0   0   1   0   0   0   0   1   0   7   1  16   9   0   2   0   0   2
    0   0   0   0   3   0   0   0   0   5   0   0]
 [  0   2   0   0   0   1   4   7   0   3  24   0  89   1   0   0   1   0
    0   1   0   0   1   0   0   0   0   1   0   0]
 [  0   0   2   0   1   0   0   0   1   2   0   0   0   1   4   2   0   1
    2   0   0   0   1   0   0   0   0   0   0   0]
 [  0   1   1   0   0   1   1   0   4  10   1   1   2   2 114   1   0  28
    3   1   0   1  11   0   4   0   1   5   0   0]
 [  0   0   0   0   0   0   0   0   0   6   0   0   0   1   4   3   0   1
    3   0   0   1   0   1   0   0   0   1   1   0]
 [  0   0   0   0   1   0   0   3   0   0   2   0   1   0   0   0  56   0
    2   1   0   0   0   0   0   0   0   0   0   0]
 [  0   6   2   0   6   0   0   0   2  12   2   0   1   0  15   4   1 131
    7   4   1   3   7   6   0   1   1   3   1   1]
 [  0   1   1   0   0   0   0   0   0   3   3   0   0   1   9   0   1  10
   26   0   1   0   0   0   1   0   0   3   0   0]
 [  0   6   0   0   0   0   2   0   0   0   1   0   0   0   0   0   0   1
    0   6   0   1   0   0   0   0   0   0   0   0]
 [  0   2   2   0   0   0   0   0   0   2   0   0   1   0   5   2   0   2
    6   1   1   0   0   1   1   0   0   2   0   1]
 [  7   0   0   0   1   0   0   0   1   3   0   0   0   0   1   0   4   0
    0   0   0  28   0   5   0   0   1   1   0   1]
 [  0   0   0   0   1   1   0   0   0   6   0   3   0   0   8   1   0   5
    0   0   0   2  82   0   1   3   2   1   1   0]
 [  0   2   2   0   1   0   0   0   0   2   0   0   0   0   0   0   0   9
    1   0   0   3   0  18   0   0   0   0   0   0]
 [  1   0   2   0   0   0   0   0   0   2   0   1   0   0   2   1   0   3
    2   0   0   1   1   0  86   0   0   9   2   0]
 [  1   0   0   0   1   0   0   0   0   0   0   0   1   0   0   0   0   1
    0   0   0   0   2   1   1  20   0   0   0   3]
 [  0   0   0   1   0   0   0   0   0   2   0   0   0   0   0   0   0   3
    0   0   0   2   2   1   0   0   5   0   1   0]
 [  1   3   1   0   0   0   0   1   2   8   1   3   3   0   5   0   0   2
    0   0   0   0   3   0  10   1   0  10   1   3]
 [  0   0   0   0   0   0   0   0   0   0   0   0   0   0   0   0   1   0
    0   0   0   0   0   0   0   0   1   0  56   0]
 [  0   1   0   0   0   0   0   0   1   1   1   1   0   0   0   0   0   4
    1   0   0   1   0   0   1   1   0   1   0   5]]
2024-03-17 23:41:57,837 - ***** Evaluation results *****
2024-03-17 23:41:57,837 -   acc = 0.5868
2024-03-17 23:41:57,837 -   f1 = 0.5226
2024-03-17 23:41:57,837 -   prec = 0.5369
2024-03-17 23:41:57,837 -   rec = 0.52
2024-03-17 23:41:57,837 - Testing is finished...
2024-03-17 23:41:57,837 - Multimodal intent recognition is finished...
2024-03-17 23:41:57,837 - Results are saved in results/mag_bert.csv
