2024-03-17 22:21:47,187 - ============================== Params ==============================
2024-03-17 22:21:47,187 - logger_name: mag_bert_MIntRec2_multi-class_seed-4_2024-03-17-22-21-47
2024-03-17 22:21:47,187 - dataset: MIntRec2
2024-03-17 22:21:47,187 - data_mode: multi-class
2024-03-17 22:21:47,187 - method: mag_bert
2024-03-17 22:21:47,187 - text_backbone: bert-base-uncased
2024-03-17 22:21:47,187 - text_backbone_path: /home/sharing/disk1/pretrained_embedding/bert/uncased_L-12_H-768_A-12/
2024-03-17 22:21:47,187 - seed: 4
2024-03-17 22:21:47,187 - num_workers: 8
2024-03-17 22:21:47,187 - gpu_id: 2
2024-03-17 22:21:47,187 - data_path: /home/sharing/disk2/sjh/intentDataset
2024-03-17 22:21:47,187 - train: True
2024-03-17 22:21:47,187 - tune: True
2024-03-17 22:21:47,187 - save_model: False
2024-03-17 22:21:47,187 - save_results: True
2024-03-17 22:21:47,187 - log_path: logs
2024-03-17 22:21:47,187 - cache_path: 
2024-03-17 22:21:47,187 - video_data_path: video_data
2024-03-17 22:21:47,187 - audio_data_path: audio_data
2024-03-17 22:21:47,188 - video_feats_path: video_feats.pkl
2024-03-17 22:21:47,188 - audio_feats_path: audio_feats.pkl
2024-03-17 22:21:47,188 - results_path: results
2024-03-17 22:21:47,188 - output_path: /home/sharing/disk2/sjh/Outputs/MIntRec2
2024-03-17 22:21:47,188 - model_path: models
2024-03-17 22:21:47,188 - config_file_name: mag_bert_MIntRec2
2024-03-17 22:21:47,188 - results_file_name: mag_bert.csv
2024-03-17 22:21:47,188 - padding_mode: zero
2024-03-17 22:21:47,188 - padding_loc: end
2024-03-17 22:21:47,188 - need_aligned: True
2024-03-17 22:21:47,188 - eval_monitor: f1
2024-03-17 22:21:47,188 - train_batch_size: 32
2024-03-17 22:21:47,188 - eval_batch_size: 16
2024-03-17 22:21:47,188 - test_batch_size: 16
2024-03-17 22:21:47,188 - wait_patience: 8
2024-03-17 22:21:47,188 - num_train_epochs: 100
2024-03-17 22:21:47,188 - beta_shift: 0.01
2024-03-17 22:21:47,188 - dropout_prob: 0.1
2024-03-17 22:21:47,188 - warmup_proportion: 0.01
2024-03-17 22:21:47,188 - lr: 9e-06
2024-03-17 22:21:47,188 - aligned_method: conv1d
2024-03-17 22:21:47,188 - weight_decay: 0.03
2024-03-17 22:21:47,188 - pred_output_path: /home/sharing/disk2/sjh/Outputs/MIntRec2/mag_bert_MIntRec2_multi-class_seed-4_2024-03-17-22-21-47
2024-03-17 22:21:47,188 - model_output_path: /home/sharing/disk2/sjh/Outputs/MIntRec2/mag_bert_MIntRec2_multi-class_seed-4_2024-03-17-22-21-47/models
2024-03-17 22:21:47,188 - num_labels: 30
2024-03-17 22:21:47,188 - text_feat_dim: 768
2024-03-17 22:21:47,188 - video_feat_dim: 256
2024-03-17 22:21:47,188 - audio_feat_dim: 768
2024-03-17 22:21:47,188 - text_seq_len: 50
2024-03-17 22:21:47,188 - video_seq_len: 180
2024-03-17 22:21:47,188 - audio_seq_len: 400
2024-03-17 22:21:47,188 - device: cuda:2
2024-03-17 22:21:47,188 - ============================== End Params ==============================
2024-03-17 22:21:47,201 - Generate Text Features Begin...
2024-03-17 22:21:48,962 - Generate Text Features Finished...
2024-03-17 22:21:48,964 - Load Video Features Begin...
2024-03-17 22:21:50,118 - Load Video Features Finished...
2024-03-17 22:21:51,789 - Load Audio Features Begin...
2024-03-17 22:21:55,924 - Load Audio Features Finished...
2024-03-17 22:22:06,330 - method  begins...
2024-03-17 22:22:07,355 - Multimodal intent recognition begins...
2024-03-17 22:22:07,355 - Training begins...
2024-03-17 22:22:40,666 - ***** Epoch: 1: Eval results *****
2024-03-17 22:22:40,666 -   train_loss = 2.9736
2024-03-17 22:22:40,666 -   best_eval_score = 0.0
2024-03-17 22:22:40,666 -   eval_score = 0.261
2024-03-17 22:23:14,211 - ***** Epoch: 2: Eval results *****
2024-03-17 22:23:14,211 -   train_loss = 1.9098
2024-03-17 22:23:14,211 -   best_eval_score = 0.261
2024-03-17 22:23:14,211 -   eval_score = 0.3693
2024-03-17 22:23:47,356 - ***** Epoch: 3: Eval results *****
2024-03-17 22:23:47,357 -   train_loss = 1.4747
2024-03-17 22:23:47,357 -   best_eval_score = 0.3693
2024-03-17 22:23:47,357 -   eval_score = 0.398
2024-03-17 22:24:19,837 - ***** Epoch: 4: Eval results *****
2024-03-17 22:24:19,837 -   train_loss = 1.2066
2024-03-17 22:24:19,837 -   best_eval_score = 0.398
2024-03-17 22:24:19,837 -   eval_score = 0.4317
2024-03-17 22:24:53,518 - ***** Epoch: 5: Eval results *****
2024-03-17 22:24:53,518 -   train_loss = 1.0011
2024-03-17 22:24:53,518 -   best_eval_score = 0.4317
2024-03-17 22:24:53,519 -   eval_score = 0.4686
2024-03-17 22:25:26,745 - ***** Epoch: 6: Eval results *****
2024-03-17 22:25:26,745 -   train_loss = 0.8285
2024-03-17 22:25:26,746 -   best_eval_score = 0.4686
2024-03-17 22:25:26,746 -   eval_score = 0.4776
2024-03-17 22:26:00,069 - ***** Epoch: 7: Eval results *****
2024-03-17 22:26:00,069 -   train_loss = 0.6933
2024-03-17 22:26:00,070 -   best_eval_score = 0.4776
2024-03-17 22:26:00,070 -   eval_score = 0.4832
2024-03-17 22:26:32,358 - ***** Epoch: 8: Eval results *****
2024-03-17 22:26:32,358 -   train_loss = 0.569
2024-03-17 22:26:32,359 -   best_eval_score = 0.4832
2024-03-17 22:26:32,359 -   eval_score = 0.489
2024-03-17 22:27:07,073 - ***** Epoch: 9: Eval results *****
2024-03-17 22:27:07,074 -   train_loss = 0.4835
2024-03-17 22:27:07,074 -   best_eval_score = 0.489
2024-03-17 22:27:07,074 -   eval_score = 0.4879
2024-03-17 22:27:07,074 - EarlyStopping counter: 1 out of 8
2024-03-17 22:27:40,675 - ***** Epoch: 10: Eval results *****
2024-03-17 22:27:40,676 -   train_loss = 0.4017
2024-03-17 22:27:40,676 -   best_eval_score = 0.489
2024-03-17 22:27:40,676 -   eval_score = 0.4917
2024-03-17 22:28:16,966 - ***** Epoch: 11: Eval results *****
2024-03-17 22:28:16,966 -   train_loss = 0.3437
2024-03-17 22:28:16,966 -   best_eval_score = 0.4917
2024-03-17 22:28:16,966 -   eval_score = 0.4955
2024-03-17 22:28:52,015 - ***** Epoch: 12: Eval results *****
2024-03-17 22:28:52,016 -   train_loss = 0.2928
2024-03-17 22:28:52,016 -   best_eval_score = 0.4955
2024-03-17 22:28:52,016 -   eval_score = 0.4966
2024-03-17 22:29:26,621 - ***** Epoch: 13: Eval results *****
2024-03-17 22:29:26,621 -   train_loss = 0.2492
2024-03-17 22:29:26,621 -   best_eval_score = 0.4966
2024-03-17 22:29:26,621 -   eval_score = 0.498
2024-03-17 22:30:00,288 - ***** Epoch: 14: Eval results *****
2024-03-17 22:30:00,288 -   train_loss = 0.2113
2024-03-17 22:30:00,288 -   best_eval_score = 0.498
2024-03-17 22:30:00,288 -   eval_score = 0.4934
2024-03-17 22:30:00,288 - EarlyStopping counter: 1 out of 8
2024-03-17 22:30:35,141 - ***** Epoch: 15: Eval results *****
2024-03-17 22:30:35,141 -   train_loss = 0.1841
2024-03-17 22:30:35,142 -   best_eval_score = 0.498
2024-03-17 22:30:35,142 -   eval_score = 0.4887
2024-03-17 22:30:35,142 - EarlyStopping counter: 2 out of 8
2024-03-17 22:31:11,284 - ***** Epoch: 16: Eval results *****
2024-03-17 22:31:11,284 -   train_loss = 0.1613
2024-03-17 22:31:11,284 -   best_eval_score = 0.498
2024-03-17 22:31:11,285 -   eval_score = 0.5106
2024-03-17 22:31:46,200 - ***** Epoch: 17: Eval results *****
2024-03-17 22:31:46,200 -   train_loss = 0.1452
2024-03-17 22:31:46,200 -   best_eval_score = 0.5106
2024-03-17 22:31:46,200 -   eval_score = 0.4939
2024-03-17 22:31:46,200 - EarlyStopping counter: 1 out of 8
2024-03-17 22:32:19,979 - ***** Epoch: 18: Eval results *****
2024-03-17 22:32:19,980 -   train_loss = 0.1261
2024-03-17 22:32:19,980 -   best_eval_score = 0.5106
2024-03-17 22:32:19,980 -   eval_score = 0.4935
2024-03-17 22:32:19,980 - EarlyStopping counter: 2 out of 8
2024-03-17 22:32:53,336 - ***** Epoch: 19: Eval results *****
2024-03-17 22:32:53,336 -   train_loss = 0.1124
2024-03-17 22:32:53,337 -   best_eval_score = 0.5106
2024-03-17 22:32:53,337 -   eval_score = 0.5045
2024-03-17 22:32:53,337 - EarlyStopping counter: 3 out of 8
2024-03-17 22:33:26,262 - ***** Epoch: 20: Eval results *****
2024-03-17 22:33:26,262 -   train_loss = 0.1037
2024-03-17 22:33:26,262 -   best_eval_score = 0.5106
2024-03-17 22:33:26,262 -   eval_score = 0.4942
2024-03-17 22:33:26,262 - EarlyStopping counter: 4 out of 8
2024-03-17 22:33:58,262 - ***** Epoch: 21: Eval results *****
2024-03-17 22:33:58,262 -   train_loss = 0.0971
2024-03-17 22:33:58,262 -   best_eval_score = 0.5106
2024-03-17 22:33:58,263 -   eval_score = 0.5013
2024-03-17 22:33:58,263 - EarlyStopping counter: 5 out of 8
2024-03-17 22:34:30,815 - ***** Epoch: 22: Eval results *****
2024-03-17 22:34:30,815 -   train_loss = 0.0906
2024-03-17 22:34:30,815 -   best_eval_score = 0.5106
2024-03-17 22:34:30,815 -   eval_score = 0.4949
2024-03-17 22:34:30,816 - EarlyStopping counter: 6 out of 8
2024-03-17 22:35:03,690 - ***** Epoch: 23: Eval results *****
2024-03-17 22:35:03,690 -   train_loss = 0.0831
2024-03-17 22:35:03,690 -   best_eval_score = 0.5106
2024-03-17 22:35:03,690 -   eval_score = 0.4987
2024-03-17 22:35:03,690 - EarlyStopping counter: 7 out of 8
2024-03-17 22:35:37,413 - ***** Epoch: 24: Eval results *****
2024-03-17 22:35:37,414 -   train_loss = 0.0792
2024-03-17 22:35:37,414 -   best_eval_score = 0.5106
2024-03-17 22:35:37,414 -   eval_score = 0.4866
2024-03-17 22:35:37,414 - EarlyStopping counter: 8 out of 8
2024-03-17 22:35:37,414 - EarlyStopping at epoch 24
2024-03-17 22:35:37,416 - Training is finished...
2024-03-17 22:35:37,417 - Testing begins...
2024-03-17 22:35:44,837 - ***** Test: Confusion Matrix *****
2024-03-17 22:35:44,839 - [[ 47   0  13   0   0   0   0   0   0   1   2   0   0   1   0   0   0   0
    0   0   0   1   0   1   2   0   0   0   0   0]
 [  0  57   0   0  10   1   4   0   2   0   1   0   4   0   3   0   0   8
    1   0   0   1   1   0   1   1   0   2   0   0]
 [  9   1  41   0   1   0   0   0   0   0   1   0   0   1   1   1   0   2
    1   0   0   1   0   1   3   0   0   0   0   0]
 [  0   0   0  62   0   0   0   1   0   0   0   0   0   0   1   0   0   0
    0   0   0   0   0   0   0   0   0   0   0   1]
 [  0   4   0   0  34   0   0   0   1   0   0   0   0   0   0   0   0   2
    0   2   0   1   1   2   1   0   0   0   1   2]
 [  0   0   0   0   1  22   0   1   0   1   1   0   1   0   2   0   0   5
    0   1   0   0   0   0   0   1   1   0   0   0]
 [  0   1   0   0   0   3  29   6   0   2   2   0   5   0   0   0   0   0
    0   0   0   0   0   0   0   0   0   0   0   0]
 [  0   2   0   0   0   0   4  23   0   0   8   0   5   0   0   0   3   0
    0   0   0   0   0   0   0   0   0   2   0   0]
 [  1   2   1   3   1   1   0   0  24   1   0   2   1   1   2   0   0   2
    0   0   0   1   3   0   2   1   0   0   0   0]
 [  0   1   1   0   1   0   1   0   4  41   0  10  10   0  17   0   0   6
    2   0   0   2   3   2   1   1   0   4   0   0]
 [  2   1   0   0   0   5   2   1   0   0  45   0  31   0   2   0   0   2
    0   1   0   0   0   0   1   0   0   0   0   0]
 [  0   0   0   0   0   0   0   1   1   4   1  19   8   0   2   0   0   1
    1   0   0   0   3   0   0   0   0   4   0   2]
 [  0   1   0   0   0   0   2   7   0   3  26   2  88   0   1   0   3   0
    0   0   0   0   0   0   0   0   0   2   0   0]
 [  0   0   2   0   1   0   0   0   1   1   0   0   0   1   5   1   0   2
    2   0   1   0   0   0   0   0   0   0   0   0]
 [  0   4   1   1   0   1   1   0   6   9   2   0   2   2 109   1   0  29
    3   0   1   1  11   1   3   0   0   5   0   0]
 [  0   0   1   0   0   0   0   0   0   5   0   0   0   1   2   4   0   1
    2   0   1   1   1   0   0   0   0   2   1   0]
 [  0   0   0   0   1   0   1   2   0   0   0   0   2   0   0   0  56   0
    4   0   0   0   0   0   0   0   0   0   0   0]
 [  0   4   1   0   7   5   0   0   3   6   1   3   1   2  17   2   3 119
   10   1   3   7   4   9   0   0   2   3   1   3]
 [  0   3   0   0   0   0   1   0   0   3   1   0   0   1   7   1   1  10
   29   0   1   0   1   0   0   0   0   1   0   0]
 [  0   5   0   0   1   0   2   0   0   0   1   0   0   0   0   0   0   0
    0   5   0   2   0   1   0   0   0   0   0   0]
 [  0   1   2   0   1   0   0   0   0   0   0   0   1   0   5   1   0   6
    4   0   3   0   0   2   1   0   0   2   0   0]
 [  6   0   0   0   1   0   0   0   0   3   0   2   0   0   2   0   4   0
    0   1   0  29   0   2   2   0   0   0   0   1]
 [  0   0   0   1   0   0   0   0   1   3   0   4   0   2   9   1   0   3
    0   0   1   0  77   0   1   2  11   1   0   0]
 [  0   3   0   0   1   0   0   0   0   2   0   0   0   0   0   0   0   7
    1   0   0   5   0  19   0   0   0   0   0   0]
 [  2   0   1   0   0   0   1   0   1   1   0   2   0   0   2   1   0   3
    0   0   0   1   1   1  84   0   0  10   2   0]
 [  1   0   0   0   0   0   0   1   1   0   0   0   0   0   0   0   0   2
    0   0   0   0   2   0   1  21   1   0   0   1]
 [  0   1   0   2   0   0   0   0   0   1   0   0   0   0   1   0   0   2
    0   0   0   3   2   0   0   0   4   0   1   0]
 [  0   2   1   0   2   0   0   1   1   5   2   6   3   0   4   0   0   3
    3   0   0   0   3   0   8   1   0  11   1   1]
 [  0   0   0   0   0   0   0   0   0   0   0   0   0   0   1   0   1   0
    0   0   0   0   0   0   0   0   0   0  56   0]
 [  0   2   0   0   0   0   0   0   1   0   1   1   0   0   0   0   0   2
    1   0   0   1   0   0   0   2   0   1   0   7]]
2024-03-17 22:35:44,839 - ***** Evaluation results *****
2024-03-17 22:35:44,839 -   acc = 0.5735
2024-03-17 22:35:44,839 -   f1 = 0.5185
2024-03-17 22:35:44,839 -   prec = 0.5233
2024-03-17 22:35:44,839 -   rec = 0.5203
2024-03-17 22:35:44,839 - Testing is finished...
2024-03-17 22:35:44,839 - Multimodal intent recognition is finished...
2024-03-17 22:35:44,839 - Results are saved in results/mag_bert.csv
