2024-03-16 00:26:45,389 - ============================== Params ==============================
2024-03-16 00:26:45,390 - logger_name: mag_bert_MIntRec2_multi-class_seed-2_2024-03-16-00-26-45
2024-03-16 00:26:45,390 - dataset: MIntRec2
2024-03-16 00:26:45,390 - data_mode: multi-class
2024-03-16 00:26:45,390 - method: mag_bert
2024-03-16 00:26:45,390 - text_backbone: bert-base-uncased
2024-03-16 00:26:45,390 - text_backbone_path: /home/sharing/disk1/pretrained_embedding/bert/uncased_L-12_H-768_A-12/
2024-03-16 00:26:45,390 - seed: 2
2024-03-16 00:26:45,390 - num_workers: 8
2024-03-16 00:26:45,390 - gpu_id: 2
2024-03-16 00:26:45,390 - data_path: /home/sharing/disk2/sjh/intentDataset
2024-03-16 00:26:45,390 - train: True
2024-03-16 00:26:45,390 - tune: True
2024-03-16 00:26:45,390 - save_model: False
2024-03-16 00:26:45,390 - save_results: True
2024-03-16 00:26:45,390 - log_path: logs
2024-03-16 00:26:45,390 - cache_path: 
2024-03-16 00:26:45,390 - video_data_path: video_data
2024-03-16 00:26:45,390 - audio_data_path: audio_data
2024-03-16 00:26:45,390 - video_feats_path: video_feats.pkl
2024-03-16 00:26:45,390 - audio_feats_path: audio_feats.pkl
2024-03-16 00:26:45,390 - results_path: results
2024-03-16 00:26:45,390 - output_path: /home/sharing/disk2/sjh/Outputs/MIntRec2
2024-03-16 00:26:45,390 - model_path: models
2024-03-16 00:26:45,390 - config_file_name: mag_bert_MIntRec2
2024-03-16 00:26:45,390 - results_file_name: mag_bert.csv
2024-03-16 00:26:45,390 - padding_mode: zero
2024-03-16 00:26:45,390 - padding_loc: end
2024-03-16 00:26:45,390 - need_aligned: True
2024-03-16 00:26:45,390 - eval_monitor: f1
2024-03-16 00:26:45,390 - train_batch_size: 32
2024-03-16 00:26:45,390 - eval_batch_size: 16
2024-03-16 00:26:45,390 - test_batch_size: 16
2024-03-16 00:26:45,390 - wait_patience: 8
2024-03-16 00:26:45,390 - num_train_epochs: 100
2024-03-16 00:26:45,390 - beta_shift: 0.01
2024-03-16 00:26:45,390 - dropout_prob: 0.3
2024-03-16 00:26:45,390 - warmup_proportion: 0.1
2024-03-16 00:26:45,390 - lr: 2e-05
2024-03-16 00:26:45,391 - aligned_method: conv1d
2024-03-16 00:26:45,391 - weight_decay: 0.03
2024-03-16 00:26:45,391 - pred_output_path: /home/sharing/disk2/sjh/Outputs/MIntRec2/mag_bert_MIntRec2_multi-class_seed-2_2024-03-16-00-26-45
2024-03-16 00:26:45,391 - model_output_path: /home/sharing/disk2/sjh/Outputs/MIntRec2/mag_bert_MIntRec2_multi-class_seed-2_2024-03-16-00-26-45/models
2024-03-16 00:26:45,391 - num_labels: 30
2024-03-16 00:26:45,391 - text_feat_dim: 768
2024-03-16 00:26:45,391 - video_feat_dim: 256
2024-03-16 00:26:45,391 - audio_feat_dim: 768
2024-03-16 00:26:45,391 - text_seq_len: 50
2024-03-16 00:26:45,391 - video_seq_len: 180
2024-03-16 00:26:45,391 - audio_seq_len: 400
2024-03-16 00:26:45,391 - device: cuda:2
2024-03-16 00:26:45,391 - ============================== End Params ==============================
2024-03-16 00:26:45,406 - Generate Text Features Begin...
2024-03-16 00:26:47,375 - Generate Text Features Finished...
2024-03-16 00:26:47,377 - Load Video Features Begin...
2024-03-16 00:26:48,423 - Load Video Features Finished...
2024-03-16 00:26:50,116 - Load Audio Features Begin...
2024-03-16 00:26:53,959 - Load Audio Features Finished...
2024-03-16 00:27:03,620 - method  begins...
2024-03-16 00:27:04,560 - Multimodal intent recognition begins...
2024-03-16 00:27:04,560 - Training begins...
2024-03-16 00:27:35,911 - ***** Epoch: 1: Eval results *****
2024-03-16 00:27:35,911 -   train_loss = 3.3359
2024-03-16 00:27:35,911 -   best_eval_score = 0.0
2024-03-16 00:27:35,911 -   eval_score = 0.0493
2024-03-16 00:28:07,832 - ***** Epoch: 2: Eval results *****
2024-03-16 00:28:07,832 -   train_loss = 2.8214
2024-03-16 00:28:07,833 -   best_eval_score = 0.0493
2024-03-16 00:28:07,833 -   eval_score = 0.2207
2024-03-16 00:28:39,680 - ***** Epoch: 3: Eval results *****
2024-03-16 00:28:39,680 -   train_loss = 2.2633
2024-03-16 00:28:39,680 -   best_eval_score = 0.2207
2024-03-16 00:28:39,680 -   eval_score = 0.2983
2024-03-16 00:29:11,183 - ***** Epoch: 4: Eval results *****
2024-03-16 00:29:11,184 -   train_loss = 1.857
2024-03-16 00:29:11,184 -   best_eval_score = 0.2983
2024-03-16 00:29:11,184 -   eval_score = 0.3647
2024-03-16 00:29:43,236 - ***** Epoch: 5: Eval results *****
2024-03-16 00:29:43,236 -   train_loss = 1.5765
2024-03-16 00:29:43,237 -   best_eval_score = 0.3647
2024-03-16 00:29:43,237 -   eval_score = 0.3927
2024-03-16 00:30:15,250 - ***** Epoch: 6: Eval results *****
2024-03-16 00:30:15,250 -   train_loss = 1.3647
2024-03-16 00:30:15,250 -   best_eval_score = 0.3927
2024-03-16 00:30:15,250 -   eval_score = 0.4366
2024-03-16 00:30:46,765 - ***** Epoch: 7: Eval results *****
2024-03-16 00:30:46,766 -   train_loss = 1.171
2024-03-16 00:30:46,766 -   best_eval_score = 0.4366
2024-03-16 00:30:46,766 -   eval_score = 0.4523
2024-03-16 00:31:18,006 - ***** Epoch: 8: Eval results *****
2024-03-16 00:31:18,006 -   train_loss = 0.987
2024-03-16 00:31:18,006 -   best_eval_score = 0.4523
2024-03-16 00:31:18,006 -   eval_score = 0.4587
2024-03-16 00:31:49,115 - ***** Epoch: 9: Eval results *****
2024-03-16 00:31:49,116 -   train_loss = 0.8214
2024-03-16 00:31:49,116 -   best_eval_score = 0.4587
2024-03-16 00:31:49,116 -   eval_score = 0.4619
2024-03-16 00:32:20,618 - ***** Epoch: 10: Eval results *****
2024-03-16 00:32:20,618 -   train_loss = 0.6526
2024-03-16 00:32:20,618 -   best_eval_score = 0.4619
2024-03-16 00:32:20,618 -   eval_score = 0.4746
2024-03-16 00:32:52,039 - ***** Epoch: 11: Eval results *****
2024-03-16 00:32:52,039 -   train_loss = 0.5231
2024-03-16 00:32:52,039 -   best_eval_score = 0.4746
2024-03-16 00:32:52,039 -   eval_score = 0.4969
2024-03-16 00:33:23,418 - ***** Epoch: 12: Eval results *****
2024-03-16 00:33:23,418 -   train_loss = 0.4018
2024-03-16 00:33:23,418 -   best_eval_score = 0.4969
2024-03-16 00:33:23,418 -   eval_score = 0.4818
2024-03-16 00:33:23,419 - EarlyStopping counter: 1 out of 8
2024-03-16 00:33:54,502 - ***** Epoch: 13: Eval results *****
2024-03-16 00:33:54,502 -   train_loss = 0.3055
2024-03-16 00:33:54,502 -   best_eval_score = 0.4969
2024-03-16 00:33:54,502 -   eval_score = 0.4962
2024-03-16 00:33:54,502 - EarlyStopping counter: 2 out of 8
2024-03-16 00:34:26,114 - ***** Epoch: 14: Eval results *****
2024-03-16 00:34:26,114 -   train_loss = 0.243
2024-03-16 00:34:26,114 -   best_eval_score = 0.4969
2024-03-16 00:34:26,114 -   eval_score = 0.5082
2024-03-16 00:34:57,409 - ***** Epoch: 15: Eval results *****
2024-03-16 00:34:57,410 -   train_loss = 0.1933
2024-03-16 00:34:57,410 -   best_eval_score = 0.5082
2024-03-16 00:34:57,410 -   eval_score = 0.4975
2024-03-16 00:34:57,410 - EarlyStopping counter: 1 out of 8
2024-03-16 00:35:29,495 - ***** Epoch: 16: Eval results *****
2024-03-16 00:35:29,495 -   train_loss = 0.1566
2024-03-16 00:35:29,496 -   best_eval_score = 0.5082
2024-03-16 00:35:29,496 -   eval_score = 0.4855
2024-03-16 00:35:29,496 - EarlyStopping counter: 2 out of 8
2024-03-16 00:36:00,635 - ***** Epoch: 17: Eval results *****
2024-03-16 00:36:00,635 -   train_loss = 0.1339
2024-03-16 00:36:00,635 -   best_eval_score = 0.5082
2024-03-16 00:36:00,635 -   eval_score = 0.4836
2024-03-16 00:36:00,635 - EarlyStopping counter: 3 out of 8
2024-03-16 00:36:32,277 - ***** Epoch: 18: Eval results *****
2024-03-16 00:36:32,277 -   train_loss = 0.1208
2024-03-16 00:36:32,277 -   best_eval_score = 0.5082
2024-03-16 00:36:32,277 -   eval_score = 0.5047
2024-03-16 00:36:32,277 - EarlyStopping counter: 4 out of 8
2024-03-16 00:37:03,419 - ***** Epoch: 19: Eval results *****
2024-03-16 00:37:03,419 -   train_loss = 0.1052
2024-03-16 00:37:03,419 -   best_eval_score = 0.5082
2024-03-16 00:37:03,419 -   eval_score = 0.499
2024-03-16 00:37:03,419 - EarlyStopping counter: 5 out of 8
2024-03-16 00:37:34,463 - ***** Epoch: 20: Eval results *****
2024-03-16 00:37:34,464 -   train_loss = 0.0935
2024-03-16 00:37:34,464 -   best_eval_score = 0.5082
2024-03-16 00:37:34,464 -   eval_score = 0.4858
2024-03-16 00:37:34,464 - EarlyStopping counter: 6 out of 8
2024-03-16 00:38:06,116 - ***** Epoch: 21: Eval results *****
2024-03-16 00:38:06,116 -   train_loss = 0.0853
2024-03-16 00:38:06,116 -   best_eval_score = 0.5082
2024-03-16 00:38:06,116 -   eval_score = 0.4965
2024-03-16 00:38:06,116 - EarlyStopping counter: 7 out of 8
2024-03-16 00:38:37,549 - ***** Epoch: 22: Eval results *****
2024-03-16 00:38:37,549 -   train_loss = 0.0767
2024-03-16 00:38:37,549 -   best_eval_score = 0.5082
2024-03-16 00:38:37,549 -   eval_score = 0.5144
2024-03-16 00:39:08,136 - ***** Epoch: 23: Eval results *****
2024-03-16 00:39:08,136 -   train_loss = 0.0709
2024-03-16 00:39:08,137 -   best_eval_score = 0.5144
2024-03-16 00:39:08,137 -   eval_score = 0.4802
2024-03-16 00:39:08,137 - EarlyStopping counter: 1 out of 8
2024-03-16 00:39:39,374 - ***** Epoch: 24: Eval results *****
2024-03-16 00:39:39,374 -   train_loss = 0.0729
2024-03-16 00:39:39,374 -   best_eval_score = 0.5144
2024-03-16 00:39:39,374 -   eval_score = 0.5126
2024-03-16 00:39:39,374 - EarlyStopping counter: 2 out of 8
2024-03-16 00:40:10,549 - ***** Epoch: 25: Eval results *****
2024-03-16 00:40:10,550 -   train_loss = 0.0696
2024-03-16 00:40:10,550 -   best_eval_score = 0.5144
2024-03-16 00:40:10,550 -   eval_score = 0.5047
2024-03-16 00:40:10,550 - EarlyStopping counter: 3 out of 8
2024-03-16 00:40:42,043 - ***** Epoch: 26: Eval results *****
2024-03-16 00:40:42,043 -   train_loss = 0.0673
2024-03-16 00:40:42,043 -   best_eval_score = 0.5144
2024-03-16 00:40:42,043 -   eval_score = 0.5041
2024-03-16 00:40:42,043 - EarlyStopping counter: 4 out of 8
2024-03-16 00:41:13,974 - ***** Epoch: 27: Eval results *****
2024-03-16 00:41:13,974 -   train_loss = 0.057
2024-03-16 00:41:13,974 -   best_eval_score = 0.5144
2024-03-16 00:41:13,975 -   eval_score = 0.4949
2024-03-16 00:41:13,975 - EarlyStopping counter: 5 out of 8
2024-03-16 00:41:44,716 - ***** Epoch: 28: Eval results *****
2024-03-16 00:41:44,717 -   train_loss = 0.0557
2024-03-16 00:41:44,717 -   best_eval_score = 0.5144
2024-03-16 00:41:44,717 -   eval_score = 0.5081
2024-03-16 00:41:44,717 - EarlyStopping counter: 6 out of 8
2024-03-16 00:42:14,949 - ***** Epoch: 29: Eval results *****
2024-03-16 00:42:14,949 -   train_loss = 0.0562
2024-03-16 00:42:14,949 -   best_eval_score = 0.5144
2024-03-16 00:42:14,949 -   eval_score = 0.4837
2024-03-16 00:42:14,949 - EarlyStopping counter: 7 out of 8
2024-03-16 00:42:46,798 - ***** Epoch: 30: Eval results *****
2024-03-16 00:42:46,799 -   train_loss = 0.0559
2024-03-16 00:42:46,799 -   best_eval_score = 0.5144
2024-03-16 00:42:46,799 -   eval_score = 0.4807
2024-03-16 00:42:46,799 - EarlyStopping counter: 8 out of 8
2024-03-16 00:42:46,799 - EarlyStopping at epoch 30
2024-03-16 00:42:46,800 - Training is finished...
2024-03-16 00:42:46,801 - Testing begins...
2024-03-16 00:42:52,665 - ***** Test: Confusion Matrix *****
2024-03-16 00:42:52,666 - [[ 47   0  13   0   0   0   0   0   0   0   2   0   0   1   0   0   0   1
    0   0   0   0   1   1   1   0   0   1   0   0]
 [  0  51   0   0  13   2   5   0   1   1   1   0   4   0   7   0   0   6
    0   2   0   1   0   0   1   0   0   2   0   0]
 [ 10   0  40   0   2   0   0   0   0   0   1   0   0   2   1   0   0   2
    0   0   0   3   0   0   3   0   0   0   0   0]
 [  0   0   0  62   0   0   0   1   0   0   0   0   0   0   2   0   0   0
    0   0   0   0   0   0   0   0   0   0   0   0]
 [  0   4   0   0  30   2   0   0   0   0   0   0   0   0   0   0   0   4
    0   2   0   3   1   2   1   1   0   0   0   1]
 [  0   1   0   0   0  24   2   1   0   1   1   0   0   0   1   0   0   3
    0   0   0   0   1   1   0   0   0   0   1   0]
 [  0   1   0   0   0   4  26   6   0   2   3   0   5   0   0   0   0   0
    0   1   0   0   0   0   0   0   0   0   0   0]
 [  0   0   0   0   0   0   7  22   0   1   7   0   5   0   0   0   3   1
    0   0   0   0   0   0   1   0   0   0   0   0]
 [  2   2   1   2   2   0   0   0  25   0   0   2   0   0   4   0   0   3
    0   0   0   1   2   0   1   0   0   2   0   0]
 [  0   1   1   2   1   0   0   0   2  52   0   4   8   1  13   0   0   8
    2   0   0   3   4   0   1   1   0   3   0   0]
 [  2   0   0   0   0   4   5   1   0   1  46   0  27   0   1   0   1   2
    0   2   0   0   0   0   0   0   0   1   0   0]
 [  0   0   0   0   0   0   0   1   1   6   0  11   9   0   2   0   0   4
    0   0   1   0   3   0   0   0   0   8   0   1]
 [  0   1   2   0   0   1   7   8   0   6  23   1  82   0   1   0   2   0
    0   0   0   0   1   0   0   0   0   0   0   0]
 [  0   0   2   0   1   0   0   0   0   2   0   0   0   3   3   2   0   1
    2   0   1   0   0   0   0   0   0   0   0   0]
 [  0   1   0   0   0   2   0   0   3  11   1   2   2   3 118   3   0  28
    2   0   0   0   9   0   4   0   0   4   0   0]
 [  0   0   2   0   0   0   0   0   0   4   0   0   0   2   3   5   0   0
    2   0   1   1   1   0   0   0   0   0   1   0]
 [  0   0   0   0   1   0   1   2   0   0   2   0   1   0   0   0  56   0
    3   0   0   0   0   0   0   0   0   0   0   0]
 [  0   3   2   0   9   3   0   0   4  13   1   1   1   4  20   5   0 118
    6   1   3   5   7   5   0   0   1   2   1   2]
 [  0   1   0   0   1   0   1   0   0   2   2   0   1   3   7   0   2   8
   26   0   2   0   1   0   2   0   0   1   0   0]
 [  0   6   0   0   1   0   2   0   0   0   1   0   0   0   0   0   0   0
    0   6   0   1   0   0   0   0   0   0   0   0]
 [  0   1   2   0   1   0   0   0   0   0   0   0   1   0   4   1   0   6
    4   0   5   0   0   1   1   0   0   2   0   0]
 [  7   1   0   0   0   0   0   0   0   3   0   0   0   0   0   0   4   1
    0   1   2  24   1   5   0   1   1   1   0   1]
 [  0   0   0   1   0   0   0   0   3   3   0   0   0   0   8   0   0   7
    0   0   0   2  80   0   2   2   8   1   0   0]
 [  0   3   1   0   1   0   0   0   0   1   0   0   0   0   0   0   0  11
    0   0   0   3   0  18   0   0   0   0   0   0]
 [  3   0   1   0   0   0   1   0   1   2   0   2   2   0   5   2   0   3
    1   0   1   1   1   0  80   0   0   6   1   0]
 [  1   0   0   0   0   0   0   0   0   0   0   0   0   0   0   0   0   2
    0   0   0   0   2   0   1  21   2   0   0   2]
 [  0   0   0   0   0   0   0   0   0   1   0   0   0   1   1   0   0   2
    0   0   0   1   3   0   0   0   6   0   2   0]
 [  0   3   1   0   1   0   0   0   2   5   2   4   4   1   5   0   0   2
    0   0   3   0   3   0   8   1   0  12   1   0]
 [  0   0   0   0   0   0   0   0   0   1   0   0   0   0   0   0   1   0
    0   0   0   0   0   0   0   0   0   0  56   0]
 [  0   1   0   0   0   0   0   0   2   1   1   1   0   0   0   0   0   3
    1   0   0   0   0   0   1   2   0   2   0   4]]
2024-03-16 00:42:52,667 - ***** Evaluation results *****
2024-03-16 00:42:52,667 -   acc = 0.5686
2024-03-16 00:42:52,667 -   f1 = 0.5174
2024-03-16 00:42:52,667 -   prec = 0.5254
2024-03-16 00:42:52,667 -   rec = 0.5157
2024-03-16 00:42:52,667 - Testing is finished...
2024-03-16 00:42:52,667 - Multimodal intent recognition is finished...
2024-03-16 00:42:52,667 - Results are saved in results/mag_bert.csv
