2024-03-16 10:55:48,598 - ============================== Params ==============================
2024-03-16 10:55:48,601 - logger_name: mag_bert_MIntRec2_multi-class_seed-4_2024-03-16-10-55-48
2024-03-16 10:55:48,601 - dataset: MIntRec2
2024-03-16 10:55:48,601 - data_mode: multi-class
2024-03-16 10:55:48,601 - method: mag_bert
2024-03-16 10:55:48,601 - text_backbone: bert-base-uncased
2024-03-16 10:55:48,601 - text_backbone_path: /home/sharing/disk1/pretrained_embedding/bert/uncased_L-12_H-768_A-12/
2024-03-16 10:55:48,601 - seed: 4
2024-03-16 10:55:48,601 - num_workers: 8
2024-03-16 10:55:48,601 - gpu_id: 2
2024-03-16 10:55:48,601 - data_path: /home/sharing/disk2/sjh/intentDataset
2024-03-16 10:55:48,601 - train: True
2024-03-16 10:55:48,601 - tune: True
2024-03-16 10:55:48,602 - save_model: False
2024-03-16 10:55:48,602 - save_results: True
2024-03-16 10:55:48,602 - log_path: logs
2024-03-16 10:55:48,602 - cache_path: 
2024-03-16 10:55:48,602 - video_data_path: video_data
2024-03-16 10:55:48,602 - audio_data_path: audio_data
2024-03-16 10:55:48,602 - video_feats_path: video_feats.pkl
2024-03-16 10:55:48,602 - audio_feats_path: audio_feats.pkl
2024-03-16 10:55:48,603 - results_path: results
2024-03-16 10:55:48,603 - output_path: /home/sharing/disk2/sjh/Outputs/MIntRec2
2024-03-16 10:55:48,603 - model_path: models
2024-03-16 10:55:48,603 - config_file_name: mag_bert_MIntRec2
2024-03-16 10:55:48,603 - results_file_name: mag_bert.csv
2024-03-16 10:55:48,603 - padding_mode: zero
2024-03-16 10:55:48,603 - padding_loc: end
2024-03-16 10:55:48,603 - need_aligned: True
2024-03-16 10:55:48,604 - eval_monitor: f1
2024-03-16 10:55:48,604 - train_batch_size: 32
2024-03-16 10:55:48,604 - eval_batch_size: 16
2024-03-16 10:55:48,604 - test_batch_size: 16
2024-03-16 10:55:48,604 - wait_patience: 8
2024-03-16 10:55:48,604 - num_train_epochs: 100
2024-03-16 10:55:48,604 - beta_shift: 0.01
2024-03-16 10:55:48,604 - dropout_prob: 0.5
2024-03-16 10:55:48,604 - warmup_proportion: 0.1
2024-03-16 10:55:48,604 - lr: 3e-05
2024-03-16 10:55:48,605 - aligned_method: ctc
2024-03-16 10:55:48,605 - weight_decay: 0.1
2024-03-16 10:55:48,605 - pred_output_path: /home/sharing/disk2/sjh/Outputs/MIntRec2/mag_bert_MIntRec2_multi-class_seed-4_2024-03-16-10-55-48
2024-03-16 10:55:48,605 - model_output_path: /home/sharing/disk2/sjh/Outputs/MIntRec2/mag_bert_MIntRec2_multi-class_seed-4_2024-03-16-10-55-48/models
2024-03-16 10:55:48,605 - num_labels: 30
2024-03-16 10:55:48,605 - text_feat_dim: 768
2024-03-16 10:55:48,605 - video_feat_dim: 256
2024-03-16 10:55:48,605 - audio_feat_dim: 768
2024-03-16 10:55:48,605 - text_seq_len: 50
2024-03-16 10:55:48,605 - video_seq_len: 180
2024-03-16 10:55:48,606 - audio_seq_len: 400
2024-03-16 10:55:48,606 - device: cuda:2
2024-03-16 10:55:48,606 - ============================== End Params ==============================
2024-03-16 10:55:48,660 - Generate Text Features Begin...
2024-03-16 10:55:51,924 - Generate Text Features Finished...
2024-03-16 10:55:51,925 - Load Video Features Begin...
2024-03-16 10:55:52,966 - Load Video Features Finished...
2024-03-16 10:55:54,670 - Load Audio Features Begin...
2024-03-16 10:55:59,024 - Load Audio Features Finished...
2024-03-16 10:56:11,029 - method  begins...
2024-03-16 10:56:11,900 - Multimodal intent recognition begins...
2024-03-16 10:56:11,900 - Training begins...
2024-03-16 10:56:46,418 - ***** Epoch: 1: Eval results *****
2024-03-16 10:56:46,418 -   train_loss = 3.2435
2024-03-16 10:56:46,418 -   best_eval_score = 0.0
2024-03-16 10:56:46,418 -   eval_score = 0.0556
2024-03-16 10:57:21,938 - ***** Epoch: 2: Eval results *****
2024-03-16 10:57:21,939 -   train_loss = 2.6755
2024-03-16 10:57:21,939 -   best_eval_score = 0.0556
2024-03-16 10:57:21,939 -   eval_score = 0.2273
2024-03-16 10:57:58,639 - ***** Epoch: 3: Eval results *****
2024-03-16 10:57:58,640 -   train_loss = 2.1143
2024-03-16 10:57:58,640 -   best_eval_score = 0.2273
2024-03-16 10:57:58,640 -   eval_score = 0.3255
2024-03-16 10:58:33,523 - ***** Epoch: 4: Eval results *****
2024-03-16 10:58:33,524 -   train_loss = 1.7257
2024-03-16 10:58:33,524 -   best_eval_score = 0.3255
2024-03-16 10:58:33,524 -   eval_score = 0.3997
2024-03-16 10:59:10,433 - ***** Epoch: 5: Eval results *****
2024-03-16 10:59:10,433 -   train_loss = 1.4785
2024-03-16 10:59:10,433 -   best_eval_score = 0.3997
2024-03-16 10:59:10,433 -   eval_score = 0.4291
2024-03-16 10:59:44,868 - ***** Epoch: 6: Eval results *****
2024-03-16 10:59:44,869 -   train_loss = 1.2863
2024-03-16 10:59:44,869 -   best_eval_score = 0.4291
2024-03-16 10:59:44,869 -   eval_score = 0.4563
2024-03-16 11:00:22,304 - ***** Epoch: 7: Eval results *****
2024-03-16 11:00:22,304 -   train_loss = 1.1104
2024-03-16 11:00:22,304 -   best_eval_score = 0.4563
2024-03-16 11:00:22,304 -   eval_score = 0.4813
2024-03-16 11:00:56,391 - ***** Epoch: 8: Eval results *****
2024-03-16 11:00:56,391 -   train_loss = 0.9114
2024-03-16 11:00:56,391 -   best_eval_score = 0.4813
2024-03-16 11:00:56,391 -   eval_score = 0.4704
2024-03-16 11:00:56,391 - EarlyStopping counter: 1 out of 8
2024-03-16 11:01:33,434 - ***** Epoch: 9: Eval results *****
2024-03-16 11:01:33,434 -   train_loss = 0.7629
2024-03-16 11:01:33,434 -   best_eval_score = 0.4813
2024-03-16 11:01:33,434 -   eval_score = 0.4894
2024-03-16 11:02:06,690 - ***** Epoch: 10: Eval results *****
2024-03-16 11:02:06,691 -   train_loss = 0.6097
2024-03-16 11:02:06,691 -   best_eval_score = 0.4894
2024-03-16 11:02:06,691 -   eval_score = 0.4948
2024-03-16 11:02:44,071 - ***** Epoch: 11: Eval results *****
2024-03-16 11:02:44,071 -   train_loss = 0.4787
2024-03-16 11:02:44,072 -   best_eval_score = 0.4948
2024-03-16 11:02:44,072 -   eval_score = 0.492
2024-03-16 11:02:44,072 - EarlyStopping counter: 1 out of 8
2024-03-16 11:03:18,517 - ***** Epoch: 12: Eval results *****
2024-03-16 11:03:18,517 -   train_loss = 0.3694
2024-03-16 11:03:18,517 -   best_eval_score = 0.4948
2024-03-16 11:03:18,517 -   eval_score = 0.4974
2024-03-16 11:03:56,067 - ***** Epoch: 13: Eval results *****
2024-03-16 11:03:56,068 -   train_loss = 0.2933
2024-03-16 11:03:56,068 -   best_eval_score = 0.4974
2024-03-16 11:03:56,068 -   eval_score = 0.4777
2024-03-16 11:03:56,068 - EarlyStopping counter: 1 out of 8
2024-03-16 11:04:28,210 - ***** Epoch: 14: Eval results *****
2024-03-16 11:04:28,210 -   train_loss = 0.2117
2024-03-16 11:04:28,210 -   best_eval_score = 0.4974
2024-03-16 11:04:28,211 -   eval_score = 0.5117
2024-03-16 11:05:04,697 - ***** Epoch: 15: Eval results *****
2024-03-16 11:05:04,698 -   train_loss = 0.1841
2024-03-16 11:05:04,698 -   best_eval_score = 0.5117
2024-03-16 11:05:04,698 -   eval_score = 0.5067
2024-03-16 11:05:04,698 - EarlyStopping counter: 1 out of 8
2024-03-16 11:05:39,918 - ***** Epoch: 16: Eval results *****
2024-03-16 11:05:39,919 -   train_loss = 0.1457
2024-03-16 11:05:39,919 -   best_eval_score = 0.5117
2024-03-16 11:05:39,919 -   eval_score = 0.5063
2024-03-16 11:05:39,919 - EarlyStopping counter: 2 out of 8
2024-03-16 11:06:16,462 - ***** Epoch: 17: Eval results *****
2024-03-16 11:06:16,463 -   train_loss = 0.1222
2024-03-16 11:06:16,463 -   best_eval_score = 0.5117
2024-03-16 11:06:16,463 -   eval_score = 0.4905
2024-03-16 11:06:16,463 - EarlyStopping counter: 3 out of 8
2024-03-16 11:06:52,390 - ***** Epoch: 18: Eval results *****
2024-03-16 11:06:52,390 -   train_loss = 0.1092
2024-03-16 11:06:52,390 -   best_eval_score = 0.5117
2024-03-16 11:06:52,390 -   eval_score = 0.4929
2024-03-16 11:06:52,390 - EarlyStopping counter: 4 out of 8
2024-03-16 11:07:27,628 - ***** Epoch: 19: Eval results *****
2024-03-16 11:07:27,628 -   train_loss = 0.1001
2024-03-16 11:07:27,628 -   best_eval_score = 0.5117
2024-03-16 11:07:27,628 -   eval_score = 0.4956
2024-03-16 11:07:27,628 - EarlyStopping counter: 5 out of 8
2024-03-16 11:08:03,538 - ***** Epoch: 20: Eval results *****
2024-03-16 11:08:03,539 -   train_loss = 0.1004
2024-03-16 11:08:03,539 -   best_eval_score = 0.5117
2024-03-16 11:08:03,539 -   eval_score = 0.4788
2024-03-16 11:08:03,539 - EarlyStopping counter: 6 out of 8
2024-03-16 11:08:37,322 - ***** Epoch: 21: Eval results *****
2024-03-16 11:08:37,323 -   train_loss = 0.0912
2024-03-16 11:08:37,323 -   best_eval_score = 0.5117
2024-03-16 11:08:37,323 -   eval_score = 0.4863
2024-03-16 11:08:37,324 - EarlyStopping counter: 7 out of 8
2024-03-16 11:09:14,937 - ***** Epoch: 22: Eval results *****
2024-03-16 11:09:14,937 -   train_loss = 0.0944
2024-03-16 11:09:14,937 -   best_eval_score = 0.5117
2024-03-16 11:09:14,937 -   eval_score = 0.4943
2024-03-16 11:09:14,937 - EarlyStopping counter: 8 out of 8
2024-03-16 11:09:14,937 - EarlyStopping at epoch 22
2024-03-16 11:09:14,939 - Training is finished...
2024-03-16 11:09:14,940 - Testing begins...
2024-03-16 11:09:21,472 - ***** Test: Confusion Matrix *****
2024-03-16 11:09:21,480 - [[ 50   0  12   0   0   0   0   0   1   0   2   0   0   1   1   0   0   1
    0   0   0   0   0   0   0   0   0   0   0   0]
 [  0  55   0   0  10   1   6   0   1   1   2   0   3   0   4   0   0   8
    1   1   1   1   0   0   1   0   0   1   0   0]
 [ 10   0  39   0   2   0   0   0   0   0   1   1   0   2   0   0   0   4
    0   0   0   1   0   2   1   0   0   0   0   1]
 [  0   0   0  61   0   0   0   1   0   0   0   0   0   0   1   0   0   1
    1   0   0   0   0   0   0   0   0   0   0   0]
 [  0   4   0   0  24   0   0   0   2   0   0   0   0   0   0   0   0   5
    0   7   0   1   0   1   0   2   0   1   1   3]
 [  0   1   0   0   1  25   1   0   0   1   2   0   0   0   1   0   0   3
    0   1   0   0   0   1   0   0   0   0   0   0]
 [  0   1   0   0   0   3  29   6   0   0   2   0   7   0   0   0   0   0
    0   0   0   0   0   0   0   0   0   0   0   0]
 [  0   0   0   0   0   1   6  21   0   2   6   0   4   0   0   0   3   0
    0   1   0   0   0   0   0   1   0   2   0   0]
 [  1   1   3   2   1   0   0   0  23   1   0   0   1   1   2   0   0   5
    0   1   0   1   3   0   2   1   0   0   0   0]
 [  1   2   0   1   1   0   1   0   2  48   0   4   8   2   9   1   0  11
    1   0   1   3   3   1   0   0   1   5   0   1]
 [  2   0   0   0   0   2   5   4   1   1  48   0  22   0   2   0   1   0
    0   3   0   0   0   0   0   0   0   2   0   0]
 [  0   1   0   0   0   0   0   0   0   6   0  18  12   0   2   0   0   1
    2   0   1   0   2   0   0   0   0   1   0   1]
 [  0   3   0   0   0   2   3  10   0   2  28   0  84   0   0   0   1   0
    0   1   0   0   1   0   0   0   0   0   0   0]
 [  0   0   1   0   1   0   0   0   1   1   0   0   0   4   3   1   0   1
    1   0   2   0   1   0   0   0   0   0   0   0]
 [  0   4   2   1   0   3   1   1   6   8   1   1   2   7 108   2   0  26
    6   1   0   0   9   1   2   0   0   1   0   0]
 [  0   0   1   0   0   0   0   0   0   4   0   0   0   3   2   1   0   4
    1   0   1   1   1   0   0   0   0   2   1   0]
 [  0   0   0   0   1   0   1   2   1   0   2   0   1   0   0   0  55   0
    2   0   0   1   0   0   0   0   0   0   0   0]
 [  2   6   1   0   5   1   0   0   3  12   1   1   1   6  19   4   0 115
    7   5   3   4   8   7   0   1   1   1   1   2]
 [  0   1   0   0   1   0   0   0   0   4   1   0   0   3   6   1   3   4
   30   1   4   0   0   0   1   0   0   0   0   0]
 [  0   4   0   0   0   0   3   0   0   0   0   0   0   0   0   0   0   0
    0   9   0   1   0   0   0   0   0   0   0   0]
 [  0   1   1   0   0   0   0   0   0   1   0   0   1   0   5   0   0   2
    7   1   5   0   0   1   0   0   0   3   0   1]
 [  7   1   0   0   1   0   0   0   0   5   0   0   0   0   1   0   0   2
    0   1   0  26   2   4   0   0   0   1   0   2]
 [  0   0   3   0   0   0   0   0   0   6   1   1   1   0  10   1   0   3
    0   0   0   0  83   0   2   2   3   1   0   0]
 [  0   3   2   0   1   0   0   0   0   2   0   0   0   0   1   0   0  12
    0   0   0   3   0  14   0   0   0   0   0   0]
 [  2   0   2   0   0   0   1   0   0   2   0   4   1   2   1   1   0   4
    3   0   0   1   1   0  76   0   0  11   1   0]
 [  1   0   0   0   0   0   0   1   0   0   0   0   0   0   0   0   0   2
    0   0   0   0   2   0   0  22   0   1   0   2]
 [  0   0   0   0   0   0   0   0   0   2   0   0   0   0   1   0   0   4
    0   0   0   0   3   0   0   0   5   0   2   0]
 [  0   3   1   0   1   0   0   0   2   4   3   5   3   1   3   1   0   4
    2   0   2   0   2   0   6   2   0  11   1   1]
 [  0   0   0   0   0   0   0   0   0   1   0   0   0   0   0   0   1   0
    0   0   0   0   0   0   0   0   0   0  56   0]
 [  0   1   0   0   1   0   0   0   3   1   1   1   0   0   0   0   0   3
    1   0   1   0   0   0   0   1   0   0   0   5]]
2024-03-16 11:09:21,480 - ***** Evaluation results *****
2024-03-16 11:09:21,480 -   acc = 0.5657
2024-03-16 11:09:21,481 -   f1 = 0.5145
2024-03-16 11:09:21,481 -   prec = 0.5196
2024-03-16 11:09:21,481 -   rec = 0.5185
2024-03-16 11:09:21,481 - Testing is finished...
2024-03-16 11:09:21,481 - Multimodal intent recognition is finished...
2024-03-16 11:09:21,481 - Results are saved in results/mag_bert.csv
