2024-03-12 02:18:45,023 - ============================== Params ==============================
2024-03-12 02:18:45,023 - logger_name: misa_MIntRec2_multi-class_seed-2_2024-03-12-02-18-44
2024-03-12 02:18:45,023 - dataset: MIntRec2
2024-03-12 02:18:45,023 - data_mode: multi-class
2024-03-12 02:18:45,023 - method: misa
2024-03-12 02:18:45,023 - text_backbone: bert-base-uncased
2024-03-12 02:18:45,023 - text_backbone_path: /home/sharing/disk1/pretrained_embedding/bert/uncased_L-12_H-768_A-12/
2024-03-12 02:18:45,023 - seed: 2
2024-03-12 02:18:45,023 - num_workers: 8
2024-03-12 02:18:45,023 - gpu_id: 3
2024-03-12 02:18:45,023 - data_path: /home/sharing/disk2/sjh/intentDataset
2024-03-12 02:18:45,023 - train: True
2024-03-12 02:18:45,023 - tune: True
2024-03-12 02:18:45,024 - save_model: False
2024-03-12 02:18:45,024 - save_results: True
2024-03-12 02:18:45,024 - log_path: logs
2024-03-12 02:18:45,024 - cache_path: 
2024-03-12 02:18:45,024 - video_data_path: video_data
2024-03-12 02:18:45,024 - audio_data_path: audio_data
2024-03-12 02:18:45,024 - video_feats_path: video_feats.pkl
2024-03-12 02:18:45,024 - audio_feats_path: audio_feats.pkl
2024-03-12 02:18:45,024 - results_path: results
2024-03-12 02:18:45,024 - output_path: /home/sharing/disk2/sjh/Outputs/MIntRec2
2024-03-12 02:18:45,024 - model_path: models
2024-03-12 02:18:45,024 - config_file_name: misa_bert_MIntRec2
2024-03-12 02:18:45,024 - results_file_name: misa_bert.csv
2024-03-12 02:18:45,024 - padding_mode: zero
2024-03-12 02:18:45,024 - padding_loc: end
2024-03-12 02:18:45,024 - need_aligned: False
2024-03-12 02:18:45,024 - eval_monitor: f1
2024-03-12 02:18:45,024 - train_batch_size: 16
2024-03-12 02:18:45,024 - eval_batch_size: 8
2024-03-12 02:18:45,024 - test_batch_size: 8
2024-03-12 02:18:45,024 - wait_patience: 8
2024-03-12 02:18:45,024 - num_train_epochs: 100
2024-03-12 02:18:45,024 - rnncell: lstm
2024-03-12 02:18:45,024 - use_cmd_sim: False
2024-03-12 02:18:45,024 - reverse_grad_weight: 0.8
2024-03-12 02:18:45,024 - hidden_size: 256
2024-03-12 02:18:45,024 - dropout_rate: 0.1
2024-03-12 02:18:45,024 - diff_weight: 0.5
2024-03-12 02:18:45,024 - sim_weight: 0.3
2024-03-12 02:18:45,024 - recon_weight: 0.4
2024-03-12 02:18:45,024 - lr: 1e-05
2024-03-12 02:18:45,024 - grad_clip: -1.0
2024-03-12 02:18:45,024 - gamma: 0.5
2024-03-12 02:18:45,024 - pred_output_path: /home/sharing/disk2/sjh/Outputs/MIntRec2/misa_MIntRec2_multi-class_seed-2_2024-03-12-02-18-44
2024-03-12 02:18:45,024 - model_output_path: /home/sharing/disk2/sjh/Outputs/MIntRec2/misa_MIntRec2_multi-class_seed-2_2024-03-12-02-18-44/models
2024-03-12 02:18:45,024 - ============================== End Params ==============================
2024-03-12 02:18:45,216 - Generate Text Features Begin...
2024-03-12 02:18:46,957 - Generate Text Features Finished...
2024-03-12 02:18:46,958 - Load Video Features Begin...
2024-03-12 02:19:35,095 - Load Video Features Finished...
2024-03-12 02:19:37,043 - Load Audio Features Begin...
2024-03-12 02:22:30,752 - Load Audio Features Finished...
2024-03-12 02:22:45,664 - method  begins...
2024-03-12 02:23:01,680 - Multimodal intent recognition begins...
2024-03-12 02:23:01,681 - Training begins...
2024-03-12 02:23:51,811 - ***** Epoch: 1: Eval results *****
2024-03-12 02:23:51,811 -   best_eval_score = 0.0
2024-03-12 02:23:51,811 -   eval_score = 0.2593
2024-03-12 02:23:51,811 -   train_loss = 3.3241
2024-03-12 02:24:43,059 - ***** Epoch: 2: Eval results *****
2024-03-12 02:24:43,059 -   best_eval_score = 0.2593
2024-03-12 02:24:43,059 -   eval_score = 0.377
2024-03-12 02:24:43,059 -   train_loss = 2.1674
2024-03-12 02:25:33,013 - ***** Epoch: 3: Eval results *****
2024-03-12 02:25:33,013 -   best_eval_score = 0.377
2024-03-12 02:25:33,013 -   eval_score = 0.4409
2024-03-12 02:25:33,013 -   train_loss = 1.6584
2024-03-12 02:26:24,036 - ***** Epoch: 4: Eval results *****
2024-03-12 02:26:24,036 -   best_eval_score = 0.4409
2024-03-12 02:26:24,036 -   eval_score = 0.4596
2024-03-12 02:26:24,036 -   train_loss = 1.321
2024-03-12 02:27:12,428 - ***** Epoch: 5: Eval results *****
2024-03-12 02:27:12,428 -   best_eval_score = 0.4596
2024-03-12 02:27:12,428 -   eval_score = 0.4883
2024-03-12 02:27:12,428 -   train_loss = 1.0842
2024-03-12 02:28:03,347 - ***** Epoch: 6: Eval results *****
2024-03-12 02:28:03,347 -   best_eval_score = 0.4883
2024-03-12 02:28:03,347 -   eval_score = 0.4889
2024-03-12 02:28:03,347 -   train_loss = 0.8951
2024-03-12 02:28:52,240 - ***** Epoch: 7: Eval results *****
2024-03-12 02:28:52,240 -   best_eval_score = 0.4889
2024-03-12 02:28:52,240 -   eval_score = 0.497
2024-03-12 02:28:52,240 -   train_loss = 0.7627
2024-03-12 02:29:42,642 - ***** Epoch: 8: Eval results *****
2024-03-12 02:29:42,642 -   best_eval_score = 0.497
2024-03-12 02:29:42,642 -   eval_score = 0.5038
2024-03-12 02:29:42,642 -   train_loss = 0.6548
2024-03-12 02:30:33,069 - ***** Epoch: 9: Eval results *****
2024-03-12 02:30:33,070 -   best_eval_score = 0.5038
2024-03-12 02:30:33,070 -   eval_score = 0.5177
2024-03-12 02:30:33,070 -   train_loss = 0.5693
2024-03-12 02:31:22,637 - ***** Epoch: 10: Eval results *****
2024-03-12 02:31:22,637 -   best_eval_score = 0.5177
2024-03-12 02:31:22,638 -   eval_score = 0.4984
2024-03-12 02:31:22,638 -   train_loss = 0.5257
2024-03-12 02:31:22,638 - EarlyStopping counter: 1 out of 8
2024-03-12 02:32:11,263 - ***** Epoch: 11: Eval results *****
2024-03-12 02:32:11,264 -   best_eval_score = 0.5177
2024-03-12 02:32:11,264 -   eval_score = 0.5209
2024-03-12 02:32:11,264 -   train_loss = 0.4747
2024-03-12 02:32:59,873 - ***** Epoch: 12: Eval results *****
2024-03-12 02:32:59,874 -   best_eval_score = 0.5209
2024-03-12 02:32:59,874 -   eval_score = 0.5086
2024-03-12 02:32:59,874 -   train_loss = 0.4511
2024-03-12 02:32:59,874 - EarlyStopping counter: 1 out of 8
2024-03-12 02:33:50,853 - ***** Epoch: 13: Eval results *****
2024-03-12 02:33:50,854 -   best_eval_score = 0.5209
2024-03-12 02:33:50,854 -   eval_score = 0.5166
2024-03-12 02:33:50,854 -   train_loss = 0.4316
2024-03-12 02:33:50,854 - EarlyStopping counter: 2 out of 8
2024-03-12 02:34:41,103 - ***** Epoch: 14: Eval results *****
2024-03-12 02:34:41,103 -   best_eval_score = 0.5209
2024-03-12 02:34:41,103 -   eval_score = 0.5291
2024-03-12 02:34:41,103 -   train_loss = 0.4222
2024-03-12 02:35:30,646 - ***** Epoch: 15: Eval results *****
2024-03-12 02:35:30,646 -   best_eval_score = 0.5291
2024-03-12 02:35:30,646 -   eval_score = 0.5183
2024-03-12 02:35:30,646 -   train_loss = 0.4186
2024-03-12 02:35:30,646 - EarlyStopping counter: 1 out of 8
2024-03-12 02:36:21,228 - ***** Epoch: 16: Eval results *****
2024-03-12 02:36:21,229 -   best_eval_score = 0.5291
2024-03-12 02:36:21,229 -   eval_score = 0.5199
2024-03-12 02:36:21,229 -   train_loss = 0.4132
2024-03-12 02:36:21,229 - EarlyStopping counter: 2 out of 8
2024-03-12 02:37:11,528 - ***** Epoch: 17: Eval results *****
2024-03-12 02:37:11,528 -   best_eval_score = 0.5291
2024-03-12 02:37:11,528 -   eval_score = 0.5186
2024-03-12 02:37:11,528 -   train_loss = 0.4131
2024-03-12 02:37:11,528 - EarlyStopping counter: 3 out of 8
2024-03-12 02:38:02,457 - ***** Epoch: 18: Eval results *****
2024-03-12 02:38:02,458 -   best_eval_score = 0.5291
2024-03-12 02:38:02,458 -   eval_score = 0.5184
2024-03-12 02:38:02,458 -   train_loss = 0.4102
2024-03-12 02:38:02,458 - EarlyStopping counter: 4 out of 8
2024-03-12 02:38:56,799 - ***** Epoch: 19: Eval results *****
2024-03-12 02:38:56,799 -   best_eval_score = 0.5291
2024-03-12 02:38:56,799 -   eval_score = 0.5216
2024-03-12 02:38:56,799 -   train_loss = 0.4081
2024-03-12 02:38:56,799 - EarlyStopping counter: 5 out of 8
2024-03-12 02:39:47,798 - ***** Epoch: 20: Eval results *****
2024-03-12 02:39:47,798 -   best_eval_score = 0.5291
2024-03-12 02:39:47,798 -   eval_score = 0.5203
2024-03-12 02:39:47,798 -   train_loss = 0.409
2024-03-12 02:39:47,798 - EarlyStopping counter: 6 out of 8
2024-03-12 02:40:37,612 - ***** Epoch: 21: Eval results *****
2024-03-12 02:40:37,612 -   best_eval_score = 0.5291
2024-03-12 02:40:37,612 -   eval_score = 0.5205
2024-03-12 02:40:37,612 -   train_loss = 0.4108
2024-03-12 02:40:37,612 - EarlyStopping counter: 7 out of 8
2024-03-12 02:41:29,525 - ***** Epoch: 22: Eval results *****
2024-03-12 02:41:29,525 -   best_eval_score = 0.5291
2024-03-12 02:41:29,525 -   eval_score = 0.5213
2024-03-12 02:41:29,525 -   train_loss = 0.4091
2024-03-12 02:41:29,525 - EarlyStopping counter: 8 out of 8
2024-03-12 02:41:29,525 - EarlyStopping at epoch 22
2024-03-12 02:41:29,527 - Training is finished...
2024-03-12 02:41:29,527 - Testing begins...
2024-03-12 02:41:39,010 - ***** Test: Confusion Matrix *****
2024-03-12 02:41:39,016 - [[ 47   0  16   0   0   0   0   0   0   0   2   0   0   1   0   0   0   1
    0   0   0   1   0   0   0   0   0   0   0   0]
 [  0  57   0   0  10   1   5   0   1   0   2   1   4   0   5   0   0   3
    2   1   0   0   1   0   1   0   0   2   0   1]
 [  9   0  41   0   1   0   0   0   1   0   1   0   0   3   1   0   0   2
    0   0   0   1   0   1   3   0   0   0   0   0]
 [  0   0   0  62   0   0   0   1   0   0   0   0   0   0   1   0   0   1
    0   0   0   0   0   0   0   0   0   0   0   0]
 [  0   5   0   0  32   0   0   0   1   0   0   0   0   0   0   0   0   3
    0   0   0   4   0   2   1   0   0   0   0   3]
 [  0   1   0   0   0  22   0   1   0   2   0   0   1   0   2   0   0   6
    0   0   0   0   0   1   0   0   1   0   0   0]
 [  0   1   0   0   0   4  24   8   0   1   2   1   7   0   0   0   0   0
    0   0   0   0   0   0   0   0   0   0   0   0]
 [  0   0   0   0   0   0   4  23   0   1   7   2   5   0   0   0   3   0
    0   0   0   0   1   0   0   0   0   1   0   0]
 [  1   3   1   3   1   0   0   0  21   1   0   1   1   2   4   1   0   3
    0   0   0   0   4   0   0   0   0   2   0   0]
 [  0   1   1   0   0   0   0   0   2  53   0   7   8   0  14   0   0   8
    1   0   0   3   2   0   3   0   0   4   0   0]
 [  2   0   0   0   0   4   4   2   0   1  41   0  31   0   4   0   0   1
    0   2   0   0   0   0   1   0   0   0   0   0]
 [  0   0   0   0   0   1   0   0   0   4   1  22   8   0   1   0   0   1
    1   0   0   0   3   0   1   0   0   2   0   2]
 [  0   0   0   0   0   1   3   9   0   6  21   1  88   0   0   0   1   0
    0   1   0   1   1   0   0   0   0   2   0   0]
 [  0   0   1   0   1   0   0   0   0   2   0   0   0   4   2   1   0   3
    2   0   1   0   0   0   0   0   0   0   0   0]
 [  0   3   2   0   0   1   0   0   2   5   3   3   1   4 121   2   0  22
    2   1   4   0   9   0   3   0   0   5   0   0]
 [  0   0   1   0   0   0   0   0   0   5   0   0   0   1   3   3   0   2
    2   0   2   1   1   0   0   0   0   0   1   0]
 [  0   0   0   0   1   0   0   2   0   0   2   0   3   0   0   0  55   0
    3   0   0   0   0   0   0   0   0   0   0   0]
 [  1   5   1   0   6   3   0   0   1   8   0   0   1   3  21   2   2 122
    7   2   1   4   5  10   0   0   1   4   1   6]
 [  0   2   0   0   0   0   0   0   0   3   2   0   0   1   7   2   2  10
   25   0   4   0   0   0   1   0   0   1   0   0]
 [  0   5   0   0   1   0   2   0   0   0   1   0   0   0   0   0   0   0
    0   7   0   1   0   0   0   0   0   0   0   0]
 [  0   1   2   0   1   0   0   0   0   2   0   1   1   0   4   2   0   4
    4   0   3   0   0   1   0   0   0   3   0   0]
 [  6   1   0   0   0   0   0   0   0   4   0   0   0   1   0   0   4   0
    0   1   1  25   0   4   1   0   2   2   0   1]
 [  0   0   0   1   0   1   0   0   1   2   0   3   0   1   9   0   0   5
    0   0   0   0  82   0   1   0   7   2   0   2]
 [  0   3   2   0   1   0   0   0   0   3   0   0   0   0   1   0   0   6
    0   0   0   3   0  19   0   0   0   0   0   0]
 [  1   0   3   0   0   0   0   0   0   1   0   2   0   1   3   2   0   0
    0   0   0   0   1   1  85   0   0  12   1   0]
 [  1   2   0   0   1   0   0   0   1   1   0   0   0   0   0   0   0   1
    0   0   0   0   2   0   1  18   0   1   0   2]
 [  0   1   0   0   0   0   0   0   0   2   0   0   0   0   2   0   0   4
    0   0   0   1   2   0   0   0   3   0   2   0]
 [  0   3   1   0   0   0   0   0   2   4   2   6   4   2   2   2   0   2
    0   0   4   0   2   0   8   1   0  11   1   1]
 [  0   0   0   0   0   0   0   0   0   1   0   0   0   0   0   0   1   0
    0   0   0   0   0   0   0   0   0   0  56   0]
 [  0   1   0   0   0   0   0   0   3   2   1   1   0   0   0   0   0   3
    1   0   0   0   0   0   0   1   0   1   0   5]]
2024-03-12 02:41:39,016 - ***** Evaluation results *****
2024-03-12 02:41:39,016 -   acc = 0.5789
2024-03-12 02:41:39,016 -   f1 = 0.5202
2024-03-12 02:41:39,016 -   prec = 0.5297
2024-03-12 02:41:39,017 -   rec = 0.5165
2024-03-12 02:41:39,017 - Testing is finished...
2024-03-12 02:41:39,017 - Multimodal intent recognition is finished...
2024-03-12 02:41:39,017 - Results are saved in results/misa_bert.csv
