2024-02-29 14:11:03,128 - ============================== Params ==============================
2024-02-29 14:11:03,129 - logger_name: misa_MIntRec2_multi-class_seed-4_2024-02-29-14-11-02
2024-02-29 14:11:03,129 - dataset: MIntRec2
2024-02-29 14:11:03,129 - data_mode: multi-class
2024-02-29 14:11:03,129 - method: misa
2024-02-29 14:11:03,129 - text_backbone: bert-base-uncased
2024-02-29 14:11:03,129 - text_backbone_path: /home/sharing/disk1/pretrained_embedding/bert/uncased_L-12_H-768_A-12/
2024-02-29 14:11:03,129 - seed: 4
2024-02-29 14:11:03,129 - num_workers: 8
2024-02-29 14:11:03,129 - gpu_id: 1
2024-02-29 14:11:03,129 - data_path: /home/sharing/disk2/sjh/intentDataset
2024-02-29 14:11:03,129 - train: True
2024-02-29 14:11:03,129 - tune: False
2024-02-29 14:11:03,129 - save_model: False
2024-02-29 14:11:03,129 - save_results: True
2024-02-29 14:11:03,129 - log_path: logs
2024-02-29 14:11:03,129 - cache_path: 
2024-02-29 14:11:03,129 - video_data_path: video_data
2024-02-29 14:11:03,129 - audio_data_path: audio_data
2024-02-29 14:11:03,129 - video_feats_path: video_feats.pkl
2024-02-29 14:11:03,129 - audio_feats_path: audio_feats.pkl
2024-02-29 14:11:03,129 - results_path: results
2024-02-29 14:11:03,129 - output_path: /home/sharing/disk2/sjh/Outputs/MIntRec
2024-02-29 14:11:03,130 - model_path: models
2024-02-29 14:11:03,130 - config_file_name: misa_bert
2024-02-29 14:11:03,130 - results_file_name: misa_bert.csv
2024-02-29 14:11:03,130 - padding_mode: zero
2024-02-29 14:11:03,130 - padding_loc: end
2024-02-29 14:11:03,130 - need_aligned: False
2024-02-29 14:11:03,130 - eval_monitor: f1
2024-02-29 14:11:03,130 - train_batch_size: 16
2024-02-29 14:11:03,130 - eval_batch_size: 8
2024-02-29 14:11:03,130 - test_batch_size: 8
2024-02-29 14:11:03,130 - wait_patience: 8
2024-02-29 14:11:03,130 - num_train_epochs: 100
2024-02-29 14:11:03,130 - rnncell: lstm
2024-02-29 14:11:03,130 - use_cmd_sim: False
2024-02-29 14:11:03,130 - reverse_grad_weight: 0.8
2024-02-29 14:11:03,130 - hidden_size: 256
2024-02-29 14:11:03,130 - dropout_rate: 0.1
2024-02-29 14:11:03,130 - diff_weight: 0.7
2024-02-29 14:11:03,130 - sim_weight: 0.7
2024-02-29 14:11:03,130 - recon_weight: 0.6
2024-02-29 14:11:03,130 - lr: 3e-05
2024-02-29 14:11:03,130 - grad_clip: -1.0
2024-02-29 14:11:03,130 - gamma: 0.5
2024-02-29 14:11:03,130 - pred_output_path: /home/sharing/disk2/sjh/Outputs/MIntRec/misa_MIntRec2_multi-class_seed-4_2024-02-29-14-11-02
2024-02-29 14:11:03,130 - model_output_path: /home/sharing/disk2/sjh/Outputs/MIntRec/misa_MIntRec2_multi-class_seed-4_2024-02-29-14-11-02/models
2024-02-29 14:11:03,131 - ============================== End Params ==============================
2024-02-29 14:11:03,152 - Generate Text Features Begin...
2024-02-29 14:11:04,993 - Generate Text Features Finished...
2024-02-29 14:11:04,994 - Load Video Features Begin...
2024-02-29 14:11:06,015 - Load Video Features Finished...
2024-02-29 14:11:07,596 - Load Audio Features Begin...
2024-02-29 14:13:12,778 - Load Audio Features Finished...
2024-02-29 14:13:27,579 - method  begins...
2024-02-29 14:13:30,267 - Multimodal intent recognition begins...
2024-02-29 14:13:30,267 - Training begins...
2024-02-29 14:14:21,014 - ***** Epoch: 1: Eval results *****
2024-02-29 14:14:21,014 -   best_eval_score = 0.0
2024-02-29 14:14:21,015 -   eval_score = 0.3884
2024-02-29 14:14:21,015 -   train_loss = 3.2562
2024-02-29 14:15:11,342 - ***** Epoch: 2: Eval results *****
2024-02-29 14:15:11,342 -   best_eval_score = 0.3884
2024-02-29 14:15:11,342 -   eval_score = 0.4491
2024-02-29 14:15:11,342 -   train_loss = 2.198
2024-02-29 14:16:00,017 - ***** Epoch: 3: Eval results *****
2024-02-29 14:16:00,018 -   best_eval_score = 0.4491
2024-02-29 14:16:00,018 -   eval_score = 0.4587
2024-02-29 14:16:00,018 -   train_loss = 1.7545
2024-02-29 14:16:48,771 - ***** Epoch: 4: Eval results *****
2024-02-29 14:16:48,771 -   best_eval_score = 0.4587
2024-02-29 14:16:48,771 -   eval_score = 0.4683
2024-02-29 14:16:48,771 -   train_loss = 1.3679
2024-02-29 14:17:37,517 - ***** Epoch: 5: Eval results *****
2024-02-29 14:17:37,518 -   best_eval_score = 0.4683
2024-02-29 14:17:37,518 -   eval_score = 0.4827
2024-02-29 14:17:37,518 -   train_loss = 1.1432
2024-02-29 14:18:26,239 - ***** Epoch: 6: Eval results *****
2024-02-29 14:18:26,239 -   best_eval_score = 0.4827
2024-02-29 14:18:26,239 -   eval_score = 0.484
2024-02-29 14:18:26,239 -   train_loss = 1.0168
2024-02-29 14:19:14,805 - ***** Epoch: 7: Eval results *****
2024-02-29 14:19:14,805 -   best_eval_score = 0.484
2024-02-29 14:19:14,805 -   eval_score = 0.5002
2024-02-29 14:19:14,805 -   train_loss = 0.9423
2024-02-29 14:20:04,092 - ***** Epoch: 8: Eval results *****
2024-02-29 14:20:04,092 -   best_eval_score = 0.5002
2024-02-29 14:20:04,092 -   eval_score = 0.4942
2024-02-29 14:20:04,092 -   train_loss = 0.9084
2024-02-29 14:20:04,092 - EarlyStopping counter: 1 out of 8
2024-02-29 14:20:53,181 - ***** Epoch: 9: Eval results *****
2024-02-29 14:20:53,182 -   best_eval_score = 0.5002
2024-02-29 14:20:53,182 -   eval_score = 0.504
2024-02-29 14:20:53,182 -   train_loss = 0.8527
2024-02-29 14:21:41,577 - ***** Epoch: 10: Eval results *****
2024-02-29 14:21:41,578 -   best_eval_score = 0.504
2024-02-29 14:21:41,578 -   eval_score = 0.5117
2024-02-29 14:21:41,578 -   train_loss = 0.8311
2024-02-29 14:22:30,772 - ***** Epoch: 11: Eval results *****
2024-02-29 14:22:30,772 -   best_eval_score = 0.5117
2024-02-29 14:22:30,772 -   eval_score = 0.5181
2024-02-29 14:22:30,772 -   train_loss = 0.8226
2024-02-29 14:23:19,170 - ***** Epoch: 12: Eval results *****
2024-02-29 14:23:19,170 -   best_eval_score = 0.5181
2024-02-29 14:23:19,170 -   eval_score = 0.4944
2024-02-29 14:23:19,170 -   train_loss = 0.8126
2024-02-29 14:23:19,170 - EarlyStopping counter: 1 out of 8
2024-02-29 14:24:07,858 - ***** Epoch: 13: Eval results *****
2024-02-29 14:24:07,858 -   best_eval_score = 0.5181
2024-02-29 14:24:07,858 -   eval_score = 0.5126
2024-02-29 14:24:07,858 -   train_loss = 0.8037
2024-02-29 14:24:07,858 - EarlyStopping counter: 2 out of 8
2024-02-29 14:24:56,772 - ***** Epoch: 14: Eval results *****
2024-02-29 14:24:56,772 -   best_eval_score = 0.5181
2024-02-29 14:24:56,772 -   eval_score = 0.5059
2024-02-29 14:24:56,772 -   train_loss = 0.7962
2024-02-29 14:24:56,772 - EarlyStopping counter: 3 out of 8
2024-02-29 14:25:45,960 - ***** Epoch: 15: Eval results *****
2024-02-29 14:25:45,960 -   best_eval_score = 0.5181
2024-02-29 14:25:45,961 -   eval_score = 0.5124
2024-02-29 14:25:45,961 -   train_loss = 0.7936
2024-02-29 14:25:45,961 - EarlyStopping counter: 4 out of 8
2024-02-29 14:26:34,465 - ***** Epoch: 16: Eval results *****
2024-02-29 14:26:34,465 -   best_eval_score = 0.5181
2024-02-29 14:26:34,465 -   eval_score = 0.5071
2024-02-29 14:26:34,465 -   train_loss = 0.7917
2024-02-29 14:26:34,465 - EarlyStopping counter: 5 out of 8
2024-02-29 14:27:22,876 - ***** Epoch: 17: Eval results *****
2024-02-29 14:27:22,876 -   best_eval_score = 0.5181
2024-02-29 14:27:22,876 -   eval_score = 0.5029
2024-02-29 14:27:22,876 -   train_loss = 0.7917
2024-02-29 14:27:22,876 - EarlyStopping counter: 6 out of 8
2024-02-29 14:28:12,882 - ***** Epoch: 18: Eval results *****
2024-02-29 14:28:12,882 -   best_eval_score = 0.5181
2024-02-29 14:28:12,882 -   eval_score = 0.5045
2024-02-29 14:28:12,882 -   train_loss = 0.7911
2024-02-29 14:28:12,882 - EarlyStopping counter: 7 out of 8
2024-02-29 14:29:01,730 - ***** Epoch: 19: Eval results *****
2024-02-29 14:29:01,730 -   best_eval_score = 0.5181
2024-02-29 14:29:01,730 -   eval_score = 0.5058
2024-02-29 14:29:01,730 -   train_loss = 0.7908
2024-02-29 14:29:01,730 - EarlyStopping counter: 8 out of 8
2024-02-29 14:29:01,730 - EarlyStopping at epoch 19
2024-02-29 14:29:01,731 - Training is finished...
2024-02-29 14:29:01,732 - Testing begins...
2024-02-29 14:29:09,849 - ***** Test: Confusion Matrix *****
2024-02-29 14:29:09,853 - [[ 56   0   7   0   0   0   0   0   1   0   2   0   0   1   0   0   0   1
    0   0   0   0   0   0   0   0   0   0   0   0]
 [  0  56   0   0   6   2   5   0   0   0   3   0   2   1   3   0   0  10
    0   1   0   1   1   0   1   1   0   3   0   1]
 [ 26   0  22   0   1   0   0   0   0   0   1   1   0   2   2   0   0   3
    0   0   0   0   0   2   1   1   0   2   0   0]
 [  0   0   0  56   0   1   0   1   0   1   0   0   0   0   3   0   0   1
    1   0   0   0   0   1   0   0   0   0   0   0]
 [  0   4   0   0  33   0   0   0   1   1   0   0   0   0   0   0   0   4
    0   2   0   1   0   2   0   0   0   1   1   1]
 [  0   0   0   0   2  22   1   0   0   2   1   0   0   0   1   0   0   6
    0   0   0   0   1   1   0   0   0   0   0   0]
 [  0   0   0   0   0   5  27   5   0   1   3   0   7   0   0   0   0   0
    0   0   0   0   0   0   0   0   0   0   0   0]
 [  0   2   0   0   0   0   8  21   0   3   7   0   4   0   0   0   0   0
    0   0   0   0   1   0   0   0   0   1   0   0]
 [  1   1   1   2   1   0   0   0  24   1   0   1   1   0   6   0   0   5
    0   1   0   1   1   0   1   0   0   1   0   0]
 [  0   1   1   0   0   0   0   0   2  47   0   6  11   2   9   1   0  12
    1   0   2   0   3   0   2   1   0   4   0   2]
 [  2   0   0   0   0   3   2   0   0   0  51   0  27   1   1   0   1   1
    0   2   0   0   0   0   0   0   0   2   0   0]
 [  0   1   0   0   0   0   1   0   0   4   0  16   8   2   2   0   0   1
    1   0   2   0   2   0   0   0   0   5   0   2]
 [  0   3   0   0   0   1   2   9   0   4  27   1  86   0   0   0   0   0
    0   0   0   0   0   0   0   0   0   2   0   0]
 [  0   0   1   0   1   0   0   0   0   1   0   0   0   3   4   1   0   1
    2   0   0   0   1   0   0   0   0   2   0   0]
 [  0   4   0   0   0   1   1   0   1  12   2   1   1   5 117   2   0  26
    3   0   0   0   9   0   3   1   0   4   0   0]
 [  0   0   2   0   0   0   0   0   0   3   0   0   0   1   2   4   0   3
    1   0   1   1   1   0   0   0   0   2   1   0]
 [  0   0   0   0   1   0   1   2   1   0   1   0   2   0   1   0  51   0
    6   0   0   0   0   0   0   0   0   0   0   0]
 [  2   7   0   0   6   2   0   0   3  12   0   1   1   2  20   4   1 117
    8   1   2   2   8  10   1   0   0   5   1   1]
 [  0   1   0   0   1   0   0   0   0   4   2   0   0   3   9   1   1   9
   25   0   2   0   0   0   2   0   0   0   0   0]
 [  0   6   0   0   0   0   2   0   0   0   2   0   0   0   0   0   0   0
    0   6   0   1   0   0   0   0   0   0   0   0]
 [  0   1   0   0   1   0   0   0   0   1   1   1   0   1   4   2   0   5
    4   0   2   0   0   1   1   0   0   4   0   0]
 [  6   0   0   0   0   0   0   0   0   3   0   0   0   1   0   0   4   0
    0   1   1  21   2   8   1   0   1   2   0   2]
 [  0   1   0   0   0   0   0   0   0   3   1   2   0   5  13   1   0   2
    0   0   0   1  82   0   0   3   1   2   0   0]
 [  0   2   1   0   1   0   0   0   0   0   0   0   0   0   0   0   0   9
    0   0   0   0   0  25   0   0   0   0   0   0]
 [  2   0   1   0   0   0   0   0   1   2   1   3   0   2   3   0   0   2
    1   0   0   0   1   0  75   0   0  17   2   0]
 [  1   1   0   0   0   0   0   0   0   0   0   0   0   0   0   0   0   2
    0   0   0   0   3   0   1  19   1   1   0   2]
 [  0   0   0   0   0   0   0   0   0   2   0   0   0   2   2   0   0   3
    0   0   0   0   1   1   0   0   4   0   2   0]
 [  0   3   0   0   1   0   0   0   2   7   3   4   3   1   3   2   0   2
    0   0   3   0   2   0   7   1   0  13   0   1]
 [  0   0   0   0   0   0   0   0   0   0   0   0   0   0   1   0   1   0
    0   0   0   0   0   0   0   0   0   1  55   0]
 [  0   2   0   0   1   0   0   0   1   0   1   2   0   0   0   0   0   4
    1   0   1   0   0   0   0   1   0   0   0   5]]
2024-02-29 14:29:09,854 - ***** Evaluation results *****
2024-02-29 14:29:09,854 -   acc = 0.5612
2024-02-29 14:29:09,854 -   f1 = 0.5114
2024-02-29 14:29:09,854 -   prec = 0.536
2024-02-29 14:29:09,854 -   rec = 0.5043
2024-02-29 14:29:09,854 - Testing is finished...
2024-02-29 14:29:09,854 - Multimodal intent recognition is finished...
2024-02-29 14:29:09,854 - Results are saved in results/misa_bert.csv
