2024-03-13 01:15:16,505 - ============================== Params ==============================
2024-03-13 01:15:16,505 - logger_name: misa_MIntRec2_multi-class_seed-1_2024-03-13-01-15-16
2024-03-13 01:15:16,505 - dataset: MIntRec2
2024-03-13 01:15:16,505 - data_mode: multi-class
2024-03-13 01:15:16,505 - method: misa
2024-03-13 01:15:16,505 - text_backbone: bert-base-uncased
2024-03-13 01:15:16,505 - text_backbone_path: /home/sharing/disk1/pretrained_embedding/bert/uncased_L-12_H-768_A-12/
2024-03-13 01:15:16,505 - seed: 1
2024-03-13 01:15:16,505 - num_workers: 8
2024-03-13 01:15:16,505 - gpu_id: 3
2024-03-13 01:15:16,505 - data_path: /home/sharing/disk2/sjh/intentDataset
2024-03-13 01:15:16,505 - train: True
2024-03-13 01:15:16,505 - tune: True
2024-03-13 01:15:16,505 - save_model: False
2024-03-13 01:15:16,505 - save_results: True
2024-03-13 01:15:16,505 - log_path: logs
2024-03-13 01:15:16,505 - cache_path: 
2024-03-13 01:15:16,505 - video_data_path: video_data
2024-03-13 01:15:16,506 - audio_data_path: audio_data
2024-03-13 01:15:16,506 - video_feats_path: video_feats.pkl
2024-03-13 01:15:16,506 - audio_feats_path: audio_feats.pkl
2024-03-13 01:15:16,506 - results_path: results
2024-03-13 01:15:16,506 - output_path: /home/sharing/disk2/sjh/Outputs/MIntRec2
2024-03-13 01:15:16,506 - model_path: models
2024-03-13 01:15:16,506 - config_file_name: misa_bert_MIntRec2
2024-03-13 01:15:16,506 - results_file_name: misa_bert.csv
2024-03-13 01:15:16,506 - padding_mode: zero
2024-03-13 01:15:16,506 - padding_loc: end
2024-03-13 01:15:16,506 - need_aligned: False
2024-03-13 01:15:16,506 - eval_monitor: f1
2024-03-13 01:15:16,506 - train_batch_size: 32
2024-03-13 01:15:16,506 - eval_batch_size: 16
2024-03-13 01:15:16,506 - test_batch_size: 16
2024-03-13 01:15:16,506 - wait_patience: 8
2024-03-13 01:15:16,506 - num_train_epochs: 100
2024-03-13 01:15:16,506 - rnncell: lstm
2024-03-13 01:15:16,506 - use_cmd_sim: False
2024-03-13 01:15:16,506 - reverse_grad_weight: 0.2
2024-03-13 01:15:16,506 - hidden_size: 256
2024-03-13 01:15:16,506 - dropout_rate: 0.2
2024-03-13 01:15:16,506 - diff_weight: 0.3
2024-03-13 01:15:16,506 - sim_weight: 0.5
2024-03-13 01:15:16,506 - recon_weight: 0.1
2024-03-13 01:15:16,506 - lr: 2e-05
2024-03-13 01:15:16,506 - grad_clip: -1.0
2024-03-13 01:15:16,506 - gamma: 0.5
2024-03-13 01:15:16,506 - pred_output_path: /home/sharing/disk2/sjh/Outputs/MIntRec2/misa_MIntRec2_multi-class_seed-1_2024-03-13-01-15-16
2024-03-13 01:15:16,506 - model_output_path: /home/sharing/disk2/sjh/Outputs/MIntRec2/misa_MIntRec2_multi-class_seed-1_2024-03-13-01-15-16/models
2024-03-13 01:15:16,506 - num_labels: 30
2024-03-13 01:15:16,506 - text_feat_dim: 768
2024-03-13 01:15:16,506 - video_feat_dim: 256
2024-03-13 01:15:16,506 - audio_feat_dim: 768
2024-03-13 01:15:16,506 - text_seq_len: 50
2024-03-13 01:15:16,506 - video_seq_len: 180
2024-03-13 01:15:16,506 - audio_seq_len: 400
2024-03-13 01:15:16,506 - device: cuda:3
2024-03-13 01:15:16,506 - ============================== End Params ==============================
2024-03-13 01:15:16,550 - Generate Text Features Begin...
2024-03-13 01:15:18,610 - Generate Text Features Finished...
2024-03-13 01:15:18,612 - Load Video Features Begin...
2024-03-13 01:15:22,977 - Load Video Features Finished...
2024-03-13 01:15:24,719 - Load Audio Features Begin...
2024-03-13 01:15:49,505 - Load Audio Features Finished...
2024-03-13 01:16:03,707 - method  begins...
2024-03-13 01:16:05,039 - Multimodal intent recognition begins...
2024-03-13 01:16:05,039 - Training begins...
2024-03-13 01:16:45,922 - ***** Epoch: 1: Eval results *****
2024-03-13 01:16:45,922 -   best_eval_score = 0.0
2024-03-13 01:16:45,922 -   eval_score = 0.2901
2024-03-13 01:16:45,922 -   train_loss = 3.3089
2024-03-13 01:17:25,982 - ***** Epoch: 2: Eval results *****
2024-03-13 01:17:25,982 -   best_eval_score = 0.2901
2024-03-13 01:17:25,982 -   eval_score = 0.3985
2024-03-13 01:17:25,982 -   train_loss = 2.1318
2024-03-13 01:18:05,579 - ***** Epoch: 3: Eval results *****
2024-03-13 01:18:05,579 -   best_eval_score = 0.3985
2024-03-13 01:18:05,579 -   eval_score = 0.4591
2024-03-13 01:18:05,579 -   train_loss = 1.5554
2024-03-13 01:18:45,241 - ***** Epoch: 4: Eval results *****
2024-03-13 01:18:45,241 -   best_eval_score = 0.4591
2024-03-13 01:18:45,241 -   eval_score = 0.4852
2024-03-13 01:18:45,241 -   train_loss = 1.1678
2024-03-13 01:19:24,163 - ***** Epoch: 5: Eval results *****
2024-03-13 01:19:24,163 -   best_eval_score = 0.4852
2024-03-13 01:19:24,164 -   eval_score = 0.4942
2024-03-13 01:19:24,164 -   train_loss = 0.8964
2024-03-13 01:20:04,185 - ***** Epoch: 6: Eval results *****
2024-03-13 01:20:04,185 -   best_eval_score = 0.4942
2024-03-13 01:20:04,186 -   eval_score = 0.4908
2024-03-13 01:20:04,186 -   train_loss = 0.7574
2024-03-13 01:20:04,186 - EarlyStopping counter: 1 out of 8
2024-03-13 01:20:44,482 - ***** Epoch: 7: Eval results *****
2024-03-13 01:20:44,482 -   best_eval_score = 0.4942
2024-03-13 01:20:44,482 -   eval_score = 0.5301
2024-03-13 01:20:44,482 -   train_loss = 0.6937
2024-03-13 01:21:25,237 - ***** Epoch: 8: Eval results *****
2024-03-13 01:21:25,237 -   best_eval_score = 0.5301
2024-03-13 01:21:25,237 -   eval_score = 0.5142
2024-03-13 01:21:25,237 -   train_loss = 0.6888
2024-03-13 01:21:25,237 - EarlyStopping counter: 1 out of 8
2024-03-13 01:22:04,062 - ***** Epoch: 9: Eval results *****
2024-03-13 01:22:04,063 -   best_eval_score = 0.5301
2024-03-13 01:22:04,063 -   eval_score = 0.525
2024-03-13 01:22:04,063 -   train_loss = 0.6966
2024-03-13 01:22:04,063 - EarlyStopping counter: 2 out of 8
2024-03-13 01:22:43,848 - ***** Epoch: 10: Eval results *****
2024-03-13 01:22:43,848 -   best_eval_score = 0.5301
2024-03-13 01:22:43,848 -   eval_score = 0.5243
2024-03-13 01:22:43,848 -   train_loss = 0.6982
2024-03-13 01:22:43,848 - EarlyStopping counter: 3 out of 8
2024-03-13 01:23:24,326 - ***** Epoch: 11: Eval results *****
2024-03-13 01:23:24,327 -   best_eval_score = 0.5301
2024-03-13 01:23:24,327 -   eval_score = 0.5254
2024-03-13 01:23:24,327 -   train_loss = 0.7026
2024-03-13 01:23:24,327 - EarlyStopping counter: 4 out of 8
2024-03-13 01:24:05,777 - ***** Epoch: 12: Eval results *****
2024-03-13 01:24:05,777 -   best_eval_score = 0.5301
2024-03-13 01:24:05,777 -   eval_score = 0.5341
2024-03-13 01:24:05,777 -   train_loss = 0.701
2024-03-13 01:24:46,812 - ***** Epoch: 13: Eval results *****
2024-03-13 01:24:46,812 -   best_eval_score = 0.5341
2024-03-13 01:24:46,813 -   eval_score = 0.5248
2024-03-13 01:24:46,813 -   train_loss = 0.7029
2024-03-13 01:24:46,813 - EarlyStopping counter: 1 out of 8
2024-03-13 01:25:27,000 - ***** Epoch: 14: Eval results *****
2024-03-13 01:25:27,001 -   best_eval_score = 0.5341
2024-03-13 01:25:27,001 -   eval_score = 0.5259
2024-03-13 01:25:27,001 -   train_loss = 0.7045
2024-03-13 01:25:27,001 - EarlyStopping counter: 2 out of 8
2024-03-13 01:26:07,750 - ***** Epoch: 15: Eval results *****
2024-03-13 01:26:07,750 -   best_eval_score = 0.5341
2024-03-13 01:26:07,750 -   eval_score = 0.5265
2024-03-13 01:26:07,751 -   train_loss = 0.702
2024-03-13 01:26:07,751 - EarlyStopping counter: 3 out of 8
2024-03-13 01:26:48,684 - ***** Epoch: 16: Eval results *****
2024-03-13 01:26:48,685 -   best_eval_score = 0.5341
2024-03-13 01:26:48,685 -   eval_score = 0.5259
2024-03-13 01:26:48,685 -   train_loss = 0.7061
2024-03-13 01:26:48,685 - EarlyStopping counter: 4 out of 8
2024-03-13 01:27:30,192 - ***** Epoch: 17: Eval results *****
2024-03-13 01:27:30,192 -   best_eval_score = 0.5341
2024-03-13 01:27:30,192 -   eval_score = 0.527
2024-03-13 01:27:30,192 -   train_loss = 0.7031
2024-03-13 01:27:30,193 - EarlyStopping counter: 5 out of 8
2024-03-13 01:28:13,437 - ***** Epoch: 18: Eval results *****
2024-03-13 01:28:13,438 -   best_eval_score = 0.5341
2024-03-13 01:28:13,439 -   eval_score = 0.527
2024-03-13 01:28:13,439 -   train_loss = 0.7054
2024-03-13 01:28:13,439 - EarlyStopping counter: 6 out of 8
2024-03-13 01:28:54,363 - ***** Epoch: 19: Eval results *****
2024-03-13 01:28:54,364 -   best_eval_score = 0.5341
2024-03-13 01:28:54,364 -   eval_score = 0.527
2024-03-13 01:28:54,364 -   train_loss = 0.7066
2024-03-13 01:28:54,364 - EarlyStopping counter: 7 out of 8
2024-03-13 01:29:35,213 - ***** Epoch: 20: Eval results *****
2024-03-13 01:29:35,214 -   best_eval_score = 0.5341
2024-03-13 01:29:35,214 -   eval_score = 0.527
2024-03-13 01:29:35,214 -   train_loss = 0.7066
2024-03-13 01:29:35,214 - EarlyStopping counter: 8 out of 8
2024-03-13 01:29:35,214 - EarlyStopping at epoch 20
2024-03-13 01:29:35,217 - Training is finished...
2024-03-13 01:29:35,217 - Testing begins...
2024-03-13 01:29:42,877 - ***** Test: Confusion Matrix *****
2024-03-13 01:29:42,879 - [[ 47   0  15   0   0   0   0   0   0   0   2   0   0   0   0   1   0   1
    0   0   0   0   1   1   0   0   0   0   0   0]
 [  0  56   0   0   8   3   5   0   0   0   3   0   2   0   5   0   0   7
    1   0   0   1   1   1   1   0   0   3   0   0]
 [  6   1  45   0   0   0   0   0   0   0   1   0   0   0   1   0   0   3
    0   0   1   1   0   2   3   0   0   0   0   0]
 [  0   0   0  62   0   0   0   1   0   0   0   0   0   0   1   0   0   1
    0   0   0   0   0   0   0   0   0   0   0   0]
 [  0   5   1   0  33   0   0   0   1   0   0   0   0   0   0   0   0   2
    0   0   0   4   0   2   1   0   0   0   1   1]
 [  0   0   0   0   0  25   1   1   0   1   1   0   1   0   1   0   0   5
    0   0   0   0   0   0   0   0   1   0   0   0]
 [  0   1   0   0   0   3  24   8   0   1   3   0   8   0   0   0   0   0
    0   0   0   0   0   0   0   0   0   0   0   0]
 [  0   0   0   0   0   0   4  24   0   1   9   0   5   0   0   0   2   0
    0   0   0   0   1   0   1   0   0   0   0   0]
 [  1   3   1   3   1   0   0   0  22   2   0   0   1   0   3   1   0   4
    0   0   0   0   4   0   2   0   0   1   0   0]
 [  0   1   1   0   1   0   0   0   1  49   0   9   8   0  13   1   0   8
    2   0   0   2   1   1   3   0   1   4   0   1]
 [  0   0   0   0   0   2   4   2   0   1  46   0  31   0   2   0   0   0
    0   2   0   0   0   1   1   0   0   1   0   0]
 [  0   0   0   0   0   0   3   0   0   7   0  23   2   0   1   0   0   1
    1   0   2   0   3   0   1   0   0   1   0   2]
 [  0   1   0   0   0   0   4   7   0   3  27   1  86   0   0   0   2   0
    0   1   0   1   1   0   0   0   0   1   0   0]
 [  0   0   2   0   0   0   0   0   0   2   0   0   0   2   4   1   0   2
    3   0   1   0   0   0   0   0   0   0   0   0]
 [  0   3   0   0   0   0   2   0   3   6   3   1   1   5 126   3   0  19
    3   0   1   0   7   1   3   0   1   5   0   0]
 [  0   0   1   0   1   0   0   0   0   3   0   0   0   1   1   3   0   5
    3   0   0   1   1   0   0   0   0   1   1   0]
 [  0   0   0   0   1   0   0   2   0   0   3   0   1   0   0   0  54   0
    5   0   0   0   0   0   0   0   0   0   0   0]
 [  1   4   0   0   7   2   0   0   2   8   1   2   1   2  22   2   1 117
    9   1   3   4   6  10   1   1   1   3   1   5]
 [  0   1   0   0   1   0   0   0   1   3   2   0   0   3   7   0   1   6
   27   0   6   0   0   0   1   0   0   1   0   0]
 [  0   6   0   0   0   0   2   0   0   0   0   0   1   0   0   0   0   1
    0   5   0   2   0   0   0   0   0   0   0   0]
 [  0   1   2   0   1   0   0   0   0   1   1   1   0   0   3   1   0   6
    5   0   2   0   0   0   1   0   0   4   0   0]
 [  6   1   0   0   0   0   0   0   0   2   0   0   0   0   1   0   4   0
    0   1   1  24   0   5   1   0   3   2   0   2]
 [  0   0   1   1   0   0   0   0   1   2   0   2   0   2  11   0   0   5
    0   0   1   1  79   0   1   2   7   1   0   0]
 [  0   3   1   0   1   0   0   0   0   2   0   0   0   0   0   0   0   7
    0   0   0   2   0  22   0   0   0   0   0   0]
 [  1   0   2   0   0   0   0   0   1   1   0   1   0   1   3   3   0   1
    0   0   0   1   1   0  86   0   0  10   1   0]
 [  1   2   0   0   1   0   0   0   0   0   0   1   0   0   0   1   0   0
    0   0   0   0   4   1   1  16   0   0   0   3]
 [  0   1   0   1   0   0   0   0   0   1   0   0   0   0   1   0   0   3
    0   0   0   1   4   0   0   0   3   0   2   0]
 [  0   3   1   0   0   0   0   1   3   5   2   6   3   0   4   0   0   3
    0   0   3   0   2   0   7   1   0  12   1   1]
 [  0   0   0   0   0   0   0   0   0   0   0   0   0   0   1   0   1   0
    0   0   0   0   0   0   0   0   0   0  56   0]
 [  0   1   0   0   0   0   0   0   2   1   1   1   0   0   0   0   0   3
    1   0   1   0   0   0   0   1   0   2   0   5]]
2024-03-13 01:29:42,880 - ***** Evaluation results *****
2024-03-13 01:29:42,880 -   acc = 0.5809
2024-03-13 01:29:42,880 -   f1 = 0.5185
2024-03-13 01:29:42,880 -   prec = 0.5275
2024-03-13 01:29:42,880 -   rec = 0.5153
2024-03-13 01:29:42,880 - Testing is finished...
2024-03-13 01:29:42,880 - Multimodal intent recognition is finished...
2024-03-13 01:29:42,880 - Results are saved in results/misa_bert.csv
