2024-03-11 16:29:52,399 - ============================== Params ==============================
2024-03-11 16:29:52,399 - logger_name: misa_MIntRec2_multi-class_seed-1_2024-03-11-16-29-52
2024-03-11 16:29:52,399 - dataset: MIntRec2
2024-03-11 16:29:52,399 - data_mode: multi-class
2024-03-11 16:29:52,399 - method: misa
2024-03-11 16:29:52,399 - text_backbone: bert-base-uncased
2024-03-11 16:29:52,399 - text_backbone_path: /home/sharing/disk1/pretrained_embedding/bert/uncased_L-12_H-768_A-12/
2024-03-11 16:29:52,399 - seed: 1
2024-03-11 16:29:52,399 - num_workers: 8
2024-03-11 16:29:52,399 - gpu_id: 3
2024-03-11 16:29:52,399 - data_path: /home/sharing/disk2/sjh/intentDataset
2024-03-11 16:29:52,399 - train: True
2024-03-11 16:29:52,399 - tune: True
2024-03-11 16:29:52,399 - save_model: False
2024-03-11 16:29:52,399 - save_results: True
2024-03-11 16:29:52,399 - log_path: logs
2024-03-11 16:29:52,399 - cache_path: 
2024-03-11 16:29:52,399 - video_data_path: video_data
2024-03-11 16:29:52,399 - audio_data_path: audio_data
2024-03-11 16:29:52,399 - video_feats_path: video_feats.pkl
2024-03-11 16:29:52,399 - audio_feats_path: audio_feats.pkl
2024-03-11 16:29:52,399 - results_path: results
2024-03-11 16:29:52,399 - output_path: /home/sharing/disk2/sjh/Outputs/MIntRec2
2024-03-11 16:29:52,399 - model_path: models
2024-03-11 16:29:52,399 - config_file_name: misa_bert_MIntRec2
2024-03-11 16:29:52,399 - results_file_name: misa_bert.csv
2024-03-11 16:29:52,399 - padding_mode: zero
2024-03-11 16:29:52,399 - padding_loc: end
2024-03-11 16:29:52,399 - need_aligned: False
2024-03-11 16:29:52,399 - eval_monitor: f1
2024-03-11 16:29:52,400 - train_batch_size: 16
2024-03-11 16:29:52,400 - eval_batch_size: 8
2024-03-11 16:29:52,400 - test_batch_size: 8
2024-03-11 16:29:52,400 - wait_patience: 8
2024-03-11 16:29:52,400 - num_train_epochs: 100
2024-03-11 16:29:52,400 - rnncell: lstm
2024-03-11 16:29:52,400 - use_cmd_sim: False
2024-03-11 16:29:52,400 - reverse_grad_weight: 0.8
2024-03-11 16:29:52,400 - hidden_size: 256
2024-03-11 16:29:52,400 - dropout_rate: 0.3
2024-03-11 16:29:52,400 - diff_weight: 0.5
2024-03-11 16:29:52,400 - sim_weight: 0.3
2024-03-11 16:29:52,400 - recon_weight: 0.6
2024-03-11 16:29:52,400 - lr: 2e-05
2024-03-11 16:29:52,400 - grad_clip: -1.0
2024-03-11 16:29:52,400 - gamma: 0.5
2024-03-11 16:29:52,400 - pred_output_path: /home/sharing/disk2/sjh/Outputs/MIntRec2/misa_MIntRec2_multi-class_seed-1_2024-03-11-16-29-52
2024-03-11 16:29:52,400 - model_output_path: /home/sharing/disk2/sjh/Outputs/MIntRec2/misa_MIntRec2_multi-class_seed-1_2024-03-11-16-29-52/models
2024-03-11 16:29:52,400 - num_labels: 30
2024-03-11 16:29:52,400 - text_feat_dim: 768
2024-03-11 16:29:52,400 - video_feat_dim: 256
2024-03-11 16:29:52,400 - audio_feat_dim: 768
2024-03-11 16:29:52,400 - text_seq_len: 50
2024-03-11 16:29:52,400 - video_seq_len: 180
2024-03-11 16:29:52,400 - audio_seq_len: 400
2024-03-11 16:29:52,400 - device: cuda:3
2024-03-11 16:29:52,400 - ============================== End Params ==============================
2024-03-11 16:29:52,619 - Generate Text Features Begin...
2024-03-11 16:29:54,353 - Generate Text Features Finished...
2024-03-11 16:29:54,355 - Load Video Features Begin...
2024-03-11 16:30:46,854 - Load Video Features Finished...
2024-03-11 16:30:49,101 - Load Audio Features Begin...
2024-03-11 16:32:23,167 - Load Audio Features Finished...
2024-03-11 16:32:33,885 - method  begins...
2024-03-11 16:32:34,987 - Multimodal intent recognition begins...
2024-03-11 16:32:34,988 - Training begins...
2024-03-11 16:33:24,751 - ***** Epoch: 1: Eval results *****
2024-03-11 16:33:24,751 -   best_eval_score = 0.0
2024-03-11 16:33:24,751 -   eval_score = 0.3039
2024-03-11 16:33:24,751 -   train_loss = 3.1549
2024-03-11 16:34:14,979 - ***** Epoch: 2: Eval results *****
2024-03-11 16:34:14,979 -   best_eval_score = 0.3039
2024-03-11 16:34:14,979 -   eval_score = 0.4294
2024-03-11 16:34:14,979 -   train_loss = 1.924
2024-03-11 16:35:05,651 - ***** Epoch: 3: Eval results *****
2024-03-11 16:35:05,660 -   best_eval_score = 0.4294
2024-03-11 16:35:05,660 -   eval_score = 0.4656
2024-03-11 16:35:05,661 -   train_loss = 1.4144
2024-03-11 16:35:57,063 - ***** Epoch: 4: Eval results *****
2024-03-11 16:35:57,064 -   best_eval_score = 0.4656
2024-03-11 16:35:57,064 -   eval_score = 0.4903
2024-03-11 16:35:57,064 -   train_loss = 1.0825
2024-03-11 16:36:46,904 - ***** Epoch: 5: Eval results *****
2024-03-11 16:36:46,904 -   best_eval_score = 0.4903
2024-03-11 16:36:46,905 -   eval_score = 0.4813
2024-03-11 16:36:46,905 -   train_loss = 0.8421
2024-03-11 16:36:46,905 - EarlyStopping counter: 1 out of 8
2024-03-11 16:37:37,672 - ***** Epoch: 6: Eval results *****
2024-03-11 16:37:37,673 -   best_eval_score = 0.4903
2024-03-11 16:37:37,673 -   eval_score = 0.5178
2024-03-11 16:37:37,673 -   train_loss = 0.6461
2024-03-11 16:38:28,062 - ***** Epoch: 7: Eval results *****
2024-03-11 16:38:28,062 -   best_eval_score = 0.5178
2024-03-11 16:38:28,062 -   eval_score = 0.5077
2024-03-11 16:38:28,062 -   train_loss = 0.5461
2024-03-11 16:38:28,062 - EarlyStopping counter: 1 out of 8
2024-03-11 16:39:18,333 - ***** Epoch: 8: Eval results *****
2024-03-11 16:39:18,333 -   best_eval_score = 0.5178
2024-03-11 16:39:18,333 -   eval_score = 0.5145
2024-03-11 16:39:18,333 -   train_loss = 0.4971
2024-03-11 16:39:18,333 - EarlyStopping counter: 2 out of 8
2024-03-11 16:40:08,953 - ***** Epoch: 9: Eval results *****
2024-03-11 16:40:08,953 -   best_eval_score = 0.5178
2024-03-11 16:40:08,953 -   eval_score = 0.5217
2024-03-11 16:40:08,953 -   train_loss = 0.47
2024-03-11 16:40:58,906 - ***** Epoch: 10: Eval results *****
2024-03-11 16:40:58,906 -   best_eval_score = 0.5217
2024-03-11 16:40:58,906 -   eval_score = 0.5189
2024-03-11 16:40:58,906 -   train_loss = 0.4597
2024-03-11 16:40:58,906 - EarlyStopping counter: 1 out of 8
2024-03-11 16:41:48,960 - ***** Epoch: 11: Eval results *****
2024-03-11 16:41:48,960 -   best_eval_score = 0.5217
2024-03-11 16:41:48,960 -   eval_score = 0.5277
2024-03-11 16:41:48,960 -   train_loss = 0.4516
2024-03-11 16:42:38,221 - ***** Epoch: 12: Eval results *****
2024-03-11 16:42:38,221 -   best_eval_score = 0.5277
2024-03-11 16:42:38,221 -   eval_score = 0.5196
2024-03-11 16:42:38,222 -   train_loss = 0.4477
2024-03-11 16:42:38,222 - EarlyStopping counter: 1 out of 8
2024-03-11 16:43:27,822 - ***** Epoch: 13: Eval results *****
2024-03-11 16:43:27,823 -   best_eval_score = 0.5277
2024-03-11 16:43:27,823 -   eval_score = 0.5202
2024-03-11 16:43:27,823 -   train_loss = 0.4392
2024-03-11 16:43:27,823 - EarlyStopping counter: 2 out of 8
2024-03-11 16:44:17,193 - ***** Epoch: 14: Eval results *****
2024-03-11 16:44:17,193 -   best_eval_score = 0.5277
2024-03-11 16:44:17,193 -   eval_score = 0.5257
2024-03-11 16:44:17,193 -   train_loss = 0.4388
2024-03-11 16:44:17,193 - EarlyStopping counter: 3 out of 8
2024-03-11 16:45:07,348 - ***** Epoch: 15: Eval results *****
2024-03-11 16:45:07,349 -   best_eval_score = 0.5277
2024-03-11 16:45:07,349 -   eval_score = 0.5258
2024-03-11 16:45:07,349 -   train_loss = 0.4381
2024-03-11 16:45:07,349 - EarlyStopping counter: 4 out of 8
2024-03-11 16:45:56,934 - ***** Epoch: 16: Eval results *****
2024-03-11 16:45:56,935 -   best_eval_score = 0.5277
2024-03-11 16:45:56,935 -   eval_score = 0.5252
2024-03-11 16:45:56,935 -   train_loss = 0.434
2024-03-11 16:45:56,935 - EarlyStopping counter: 5 out of 8
2024-03-11 16:46:47,988 - ***** Epoch: 17: Eval results *****
2024-03-11 16:46:47,988 -   best_eval_score = 0.5277
2024-03-11 16:46:47,988 -   eval_score = 0.524
2024-03-11 16:46:47,988 -   train_loss = 0.4362
2024-03-11 16:46:47,988 - EarlyStopping counter: 6 out of 8
2024-03-11 16:47:37,689 - ***** Epoch: 18: Eval results *****
2024-03-11 16:47:37,689 -   best_eval_score = 0.5277
2024-03-11 16:47:37,689 -   eval_score = 0.5253
2024-03-11 16:47:37,689 -   train_loss = 0.4322
2024-03-11 16:47:37,690 - EarlyStopping counter: 7 out of 8
2024-03-11 16:48:28,372 - ***** Epoch: 19: Eval results *****
2024-03-11 16:48:28,372 -   best_eval_score = 0.5277
2024-03-11 16:48:28,372 -   eval_score = 0.5253
2024-03-11 16:48:28,372 -   train_loss = 0.4332
2024-03-11 16:48:28,372 - EarlyStopping counter: 8 out of 8
2024-03-11 16:48:28,372 - EarlyStopping at epoch 19
2024-03-11 16:48:28,374 - Training is finished...
2024-03-11 16:48:28,374 - Testing begins...
2024-03-11 16:48:36,748 - ***** Test: Confusion Matrix *****
2024-03-11 16:48:36,750 - [[ 46   0  13   0   0   0   0   0   1   2   2   0   0   0   0   0   0   1
    0   0   0   0   0   1   2   0   0   0   0   0]
 [  0  53   0   0   9   2   5   0   1   0   2   0   4   0   4   0   0   7
    0   1   2   0   1   0   2   0   0   3   0   1]
 [  9   0  42   0   1   0   0   0   0   1   1   0   0   0   0   1   0   3
    0   0   0   1   0   1   2   0   0   1   0   1]
 [  0   0   0  61   0   0   0   1   0   0   0   0   0   0   1   0   0   1
    1   0   0   0   0   0   0   0   0   0   0   0]
 [  0   6   0   0  34   0   0   0   0   0   0   0   0   0   0   0   0   2
    0   1   0   2   0   2   1   0   0   0   0   3]
 [  0   1   0   0   1  25   0   0   0   2   1   0   1   0   1   0   0   3
    0   0   0   0   0   1   0   1   0   0   0   0]
 [  0   1   0   0   0   3  25   7   0   1   3   0   7   0   0   0   0   0
    0   0   0   0   0   0   0   1   0   0   0   0]
 [  0   0   0   0   0   0   6  25   0   1   6   0   5   0   0   0   2   0
    0   0   0   0   0   0   1   1   0   0   0   0]
 [  1   3   1   3   1   0   0   0  24   1   0   2   0   1   4   1   0   3
    0   0   0   0   2   0   2   0   0   0   0   0]
 [  0   0   1   1   1   0   0   0   2  47   0   7   9   0  13   1   0   8
    0   0   0   2   2   1   1   1   1   7   0   2]
 [  2   0   0   0   0   3   4   2   0   2  43   0  29   1   1   0   0   1
    0   2   1   0   0   0   0   0   0   2   0   0]
 [  0   0   0   0   0   0   0   0   0   4   0  21   8   0   1   0   0   2
    1   0   1   0   2   0   0   0   1   4   0   2]
 [  0   3   0   0   0   1   4   7   1   2  19   0  94   0   0   0   0   0
    0   0   1   1   0   0   0   0   0   2   0   0]
 [  0   0   2   0   1   0   0   0   1   1   0   0   0   3   3   1   0   1
    2   0   1   0   0   0   0   0   1   0   0   0]
 [  0   2   0   2   1   2   1   0   1   6   1   0   2   7 120   2   0  21
    3   0   0   1   7   1   3   0   2   8   0   0]
 [  0   0   2   0   1   0   0   0   0   5   0   0   0   1   2   3   0   2
    1   0   0   1   2   0   0   0   0   1   1   0]
 [  0   0   0   0   1   0   1   1   1   0   0   0   2   0   0   1  55   0
    4   0   0   0   0   0   0   0   0   0   0   0]
 [  0   5   1   0  11   3   0   0   4  10   0   1   1   2  20   7   1 108
   10   1   5   6   6   8   1   0   1   2   1   2]
 [  0   1   0   0   0   0   0   0   0   3   2   0   0   0  11   0   1   7
   27   0   5   0   0   0   3   0   0   0   0   0]
 [  0   7   0   0   0   0   3   0   0   0   1   0   0   0   0   0   0   1
    0   3   0   2   0   0   0   0   0   0   0   0]
 [  0   1   2   0   1   0   0   0   0   1   0   1   1   0   3   1   0   5
    4   0   3   0   0   1   0   0   0   5   0   0]
 [  6   1   0   0   0   0   0   0   0   2   0   0   0   0   1   0   4   0
    0   0   1  28   0   3   1   0   3   1   0   2]
 [  0   0   0   1   0   0   0   0   3   4   0   3   0   1   9   1   0   3
    0   0   1   0  79   0   1   1   9   1   0   0]
 [  0   3   1   0   1   0   0   0   0   2   0   0   0   0   0   0   0   9
    0   0   0   2   0  20   0   0   0   0   0   0]
 [  1   0   2   0   0   0   0   0   0   2   0   1   0   1   2   4   0   1
    0   0   0   2   1   0  86   0   0   9   1   0]
 [  1   1   0   0   0   0   0   0   0   0   0   2   0   0   0   0   0   2
    0   0   0   0   2   0   1  19   1   0   0   2]
 [  0   0   0   1   0   0   0   0   0   1   0   0   0   0   2   0   0   3
    0   0   0   1   2   0   0   0   5   0   2   0]
 [  0   2   1   0   0   0   0   1   3   5   2   4   3   1   6   0   0   2
    0   0   2   0   2   0   7   1   0  14   1   1]
 [  0   0   0   0   0   0   0   0   0   0   0   0   0   0   0   0   1   0
    0   0   0   0   0   0   0   0   1   0  56   0]
 [  0   1   0   0   0   0   0   0   1   1   1   2   0   0   0   0   0   3
    0   0   0   0   0   0   0   1   0   2   0   7]]
2024-03-11 16:48:36,750 - ***** Evaluation results *****
2024-03-11 16:48:36,750 -   acc = 0.5785
2024-03-11 16:48:36,750 -   f1 = 0.5229
2024-03-11 16:48:36,750 -   prec = 0.5275
2024-03-11 16:48:36,751 -   rec = 0.5239
2024-03-11 16:48:36,751 - Testing is finished...
2024-03-11 16:48:36,751 - Multimodal intent recognition is finished...
2024-03-11 16:48:36,751 - Results are saved in results/misa_bert.csv
