2024-03-12 11:27:37,686 - ============================== Params ==============================
2024-03-12 11:27:37,686 - logger_name: misa_MIntRec2_multi-class_seed-1_2024-03-12-11-27-37
2024-03-12 11:27:37,686 - dataset: MIntRec2
2024-03-12 11:27:37,686 - data_mode: multi-class
2024-03-12 11:27:37,686 - method: misa
2024-03-12 11:27:37,686 - text_backbone: bert-base-uncased
2024-03-12 11:27:37,686 - text_backbone_path: /home/sharing/disk1/pretrained_embedding/bert/uncased_L-12_H-768_A-12/
2024-03-12 11:27:37,687 - seed: 1
2024-03-12 11:27:37,687 - num_workers: 8
2024-03-12 11:27:37,687 - gpu_id: 3
2024-03-12 11:27:37,687 - data_path: /home/sharing/disk2/sjh/intentDataset
2024-03-12 11:27:37,687 - train: True
2024-03-12 11:27:37,687 - tune: True
2024-03-12 11:27:37,687 - save_model: False
2024-03-12 11:27:37,687 - save_results: True
2024-03-12 11:27:37,687 - log_path: logs
2024-03-12 11:27:37,687 - cache_path: 
2024-03-12 11:27:37,687 - video_data_path: video_data
2024-03-12 11:27:37,687 - audio_data_path: audio_data
2024-03-12 11:27:37,687 - video_feats_path: video_feats.pkl
2024-03-12 11:27:37,687 - audio_feats_path: audio_feats.pkl
2024-03-12 11:27:37,687 - results_path: results
2024-03-12 11:27:37,687 - output_path: /home/sharing/disk2/sjh/Outputs/MIntRec2
2024-03-12 11:27:37,687 - model_path: models
2024-03-12 11:27:37,687 - config_file_name: misa_bert_MIntRec2
2024-03-12 11:27:37,687 - results_file_name: misa_bert.csv
2024-03-12 11:27:37,687 - padding_mode: zero
2024-03-12 11:27:37,687 - padding_loc: end
2024-03-12 11:27:37,687 - need_aligned: False
2024-03-12 11:27:37,687 - eval_monitor: f1
2024-03-12 11:27:37,687 - train_batch_size: 32
2024-03-12 11:27:37,687 - eval_batch_size: 16
2024-03-12 11:27:37,687 - test_batch_size: 16
2024-03-12 11:27:37,687 - wait_patience: 8
2024-03-12 11:27:37,687 - num_train_epochs: 100
2024-03-12 11:27:37,687 - rnncell: lstm
2024-03-12 11:27:37,687 - use_cmd_sim: False
2024-03-12 11:27:37,687 - reverse_grad_weight: 0.2
2024-03-12 11:27:37,687 - hidden_size: 768
2024-03-12 11:27:37,687 - dropout_rate: 0.3
2024-03-12 11:27:37,687 - diff_weight: 0.3
2024-03-12 11:27:37,687 - sim_weight: 0.1
2024-03-12 11:27:37,687 - recon_weight: 0.3
2024-03-12 11:27:37,687 - lr: 2e-05
2024-03-12 11:27:37,687 - grad_clip: -1.0
2024-03-12 11:27:37,687 - gamma: 0.5
2024-03-12 11:27:37,687 - pred_output_path: /home/sharing/disk2/sjh/Outputs/MIntRec2/misa_MIntRec2_multi-class_seed-1_2024-03-12-11-27-37
2024-03-12 11:27:37,687 - model_output_path: /home/sharing/disk2/sjh/Outputs/MIntRec2/misa_MIntRec2_multi-class_seed-1_2024-03-12-11-27-37/models
2024-03-12 11:27:37,687 - num_labels: 30
2024-03-12 11:27:37,687 - text_feat_dim: 768
2024-03-12 11:27:37,687 - video_feat_dim: 256
2024-03-12 11:27:37,688 - audio_feat_dim: 768
2024-03-12 11:27:37,688 - text_seq_len: 50
2024-03-12 11:27:37,688 - video_seq_len: 180
2024-03-12 11:27:37,688 - audio_seq_len: 400
2024-03-12 11:27:37,688 - device: cuda:3
2024-03-12 11:27:37,688 - ============================== End Params ==============================
2024-03-12 11:27:37,919 - Generate Text Features Begin...
2024-03-12 11:27:39,721 - Generate Text Features Finished...
2024-03-12 11:27:39,722 - Load Video Features Begin...
2024-03-12 11:28:54,046 - Load Video Features Finished...
2024-03-12 11:28:55,981 - Load Audio Features Begin...
2024-03-12 11:31:30,851 - Load Audio Features Finished...
2024-03-12 11:31:41,751 - method  begins...
2024-03-12 11:31:46,357 - Multimodal intent recognition begins...
2024-03-12 11:31:46,357 - Training begins...
2024-03-12 11:32:24,654 - ***** Epoch: 1: Eval results *****
2024-03-12 11:32:24,655 -   best_eval_score = 0.0
2024-03-12 11:32:24,655 -   eval_score = 0.3799
2024-03-12 11:32:24,655 -   train_loss = 2.5912
2024-03-12 11:33:03,594 - ***** Epoch: 2: Eval results *****
2024-03-12 11:33:03,595 -   best_eval_score = 0.3799
2024-03-12 11:33:03,595 -   eval_score = 0.487
2024-03-12 11:33:03,595 -   train_loss = 1.4804
2024-03-12 11:33:42,910 - ***** Epoch: 3: Eval results *****
2024-03-12 11:33:42,911 -   best_eval_score = 0.487
2024-03-12 11:33:42,911 -   eval_score = 0.4975
2024-03-12 11:33:42,911 -   train_loss = 1.0293
2024-03-12 11:34:21,521 - ***** Epoch: 4: Eval results *****
2024-03-12 11:34:21,522 -   best_eval_score = 0.4975
2024-03-12 11:34:21,522 -   eval_score = 0.4954
2024-03-12 11:34:21,522 -   train_loss = 0.6793
2024-03-12 11:34:21,522 - EarlyStopping counter: 1 out of 8
2024-03-12 11:35:00,696 - ***** Epoch: 5: Eval results *****
2024-03-12 11:35:00,696 -   best_eval_score = 0.4975
2024-03-12 11:35:00,696 -   eval_score = 0.5081
2024-03-12 11:35:00,696 -   train_loss = 0.3916
2024-03-12 11:35:39,241 - ***** Epoch: 6: Eval results *****
2024-03-12 11:35:39,241 -   best_eval_score = 0.5081
2024-03-12 11:35:39,241 -   eval_score = 0.5171
2024-03-12 11:35:39,242 -   train_loss = 0.2782
2024-03-12 11:36:16,744 - ***** Epoch: 7: Eval results *****
2024-03-12 11:36:16,745 -   best_eval_score = 0.5171
2024-03-12 11:36:16,745 -   eval_score = 0.5127
2024-03-12 11:36:16,745 -   train_loss = 0.2127
2024-03-12 11:36:16,745 - EarlyStopping counter: 1 out of 8
2024-03-12 11:36:53,285 - ***** Epoch: 8: Eval results *****
2024-03-12 11:36:53,285 -   best_eval_score = 0.5171
2024-03-12 11:36:53,285 -   eval_score = 0.5312
2024-03-12 11:36:53,285 -   train_loss = 0.1673
2024-03-12 11:37:31,095 - ***** Epoch: 9: Eval results *****
2024-03-12 11:37:31,095 -   best_eval_score = 0.5312
2024-03-12 11:37:31,095 -   eval_score = 0.5279
2024-03-12 11:37:31,095 -   train_loss = 0.1446
2024-03-12 11:37:31,095 - EarlyStopping counter: 1 out of 8
2024-03-12 11:38:08,852 - ***** Epoch: 10: Eval results *****
2024-03-12 11:38:08,852 -   best_eval_score = 0.5312
2024-03-12 11:38:08,852 -   eval_score = 0.5266
2024-03-12 11:38:08,852 -   train_loss = 0.1231
2024-03-12 11:38:08,852 - EarlyStopping counter: 2 out of 8
2024-03-12 11:38:47,150 - ***** Epoch: 11: Eval results *****
2024-03-12 11:38:47,150 -   best_eval_score = 0.5312
2024-03-12 11:38:47,150 -   eval_score = 0.525
2024-03-12 11:38:47,150 -   train_loss = 0.1135
2024-03-12 11:38:47,150 - EarlyStopping counter: 3 out of 8
2024-03-12 11:39:26,496 - ***** Epoch: 12: Eval results *****
2024-03-12 11:39:26,497 -   best_eval_score = 0.5312
2024-03-12 11:39:26,497 -   eval_score = 0.5311
2024-03-12 11:39:26,497 -   train_loss = 0.1104
2024-03-12 11:39:26,497 - EarlyStopping counter: 4 out of 8
2024-03-12 11:40:05,532 - ***** Epoch: 13: Eval results *****
2024-03-12 11:40:05,532 -   best_eval_score = 0.5312
2024-03-12 11:40:05,532 -   eval_score = 0.5322
2024-03-12 11:40:05,532 -   train_loss = 0.1099
2024-03-12 11:40:44,589 - ***** Epoch: 14: Eval results *****
2024-03-12 11:40:44,589 -   best_eval_score = 0.5322
2024-03-12 11:40:44,589 -   eval_score = 0.5304
2024-03-12 11:40:44,589 -   train_loss = 0.1063
2024-03-12 11:40:44,589 - EarlyStopping counter: 1 out of 8
2024-03-12 11:41:24,561 - ***** Epoch: 15: Eval results *****
2024-03-12 11:41:24,561 -   best_eval_score = 0.5322
2024-03-12 11:41:24,561 -   eval_score = 0.5325
2024-03-12 11:41:24,561 -   train_loss = 0.1041
2024-03-12 11:42:03,535 - ***** Epoch: 16: Eval results *****
2024-03-12 11:42:03,535 -   best_eval_score = 0.5325
2024-03-12 11:42:03,535 -   eval_score = 0.5304
2024-03-12 11:42:03,535 -   train_loss = 0.1052
2024-03-12 11:42:03,535 - EarlyStopping counter: 1 out of 8
2024-03-12 11:42:42,806 - ***** Epoch: 17: Eval results *****
2024-03-12 11:42:42,807 -   best_eval_score = 0.5325
2024-03-12 11:42:42,807 -   eval_score = 0.5305
2024-03-12 11:42:42,807 -   train_loss = 0.1027
2024-03-12 11:42:42,807 - EarlyStopping counter: 2 out of 8
2024-03-12 11:43:22,129 - ***** Epoch: 18: Eval results *****
2024-03-12 11:43:22,129 -   best_eval_score = 0.5325
2024-03-12 11:43:22,129 -   eval_score = 0.5302
2024-03-12 11:43:22,129 -   train_loss = 0.1059
2024-03-12 11:43:22,129 - EarlyStopping counter: 3 out of 8
2024-03-12 11:44:00,750 - ***** Epoch: 19: Eval results *****
2024-03-12 11:44:00,750 -   best_eval_score = 0.5325
2024-03-12 11:44:00,750 -   eval_score = 0.5302
2024-03-12 11:44:00,750 -   train_loss = 0.1036
2024-03-12 11:44:00,750 - EarlyStopping counter: 4 out of 8
2024-03-12 11:44:40,409 - ***** Epoch: 20: Eval results *****
2024-03-12 11:44:40,410 -   best_eval_score = 0.5325
2024-03-12 11:44:40,410 -   eval_score = 0.5302
2024-03-12 11:44:40,410 -   train_loss = 0.1034
2024-03-12 11:44:40,410 - EarlyStopping counter: 5 out of 8
2024-03-12 11:45:19,609 - ***** Epoch: 21: Eval results *****
2024-03-12 11:45:19,610 -   best_eval_score = 0.5325
2024-03-12 11:45:19,610 -   eval_score = 0.5302
2024-03-12 11:45:19,610 -   train_loss = 0.1025
2024-03-12 11:45:19,610 - EarlyStopping counter: 6 out of 8
2024-03-12 11:45:59,246 - ***** Epoch: 22: Eval results *****
2024-03-12 11:45:59,246 -   best_eval_score = 0.5325
2024-03-12 11:45:59,246 -   eval_score = 0.5302
2024-03-12 11:45:59,246 -   train_loss = 0.1035
2024-03-12 11:45:59,246 - EarlyStopping counter: 7 out of 8
2024-03-12 11:46:38,409 - ***** Epoch: 23: Eval results *****
2024-03-12 11:46:38,410 -   best_eval_score = 0.5325
2024-03-12 11:46:38,410 -   eval_score = 0.5302
2024-03-12 11:46:38,410 -   train_loss = 0.1037
2024-03-12 11:46:38,410 - EarlyStopping counter: 8 out of 8
2024-03-12 11:46:38,410 - EarlyStopping at epoch 23
2024-03-12 11:46:38,414 - Training is finished...
2024-03-12 11:46:38,416 - Testing begins...
2024-03-12 11:46:45,562 - ***** Test: Confusion Matrix *****
2024-03-12 11:46:45,564 - [[ 45   0  16   0   0   0   0   0   1   0   2   0   0   1   0   0   0   1
    0   0   0   1   0   0   1   0   0   0   0   0]
 [  0  55   0   0   9   3   5   0   2   0   3   0   2   0   4   0   0   6
    1   1   0   0   1   1   1   0   0   3   0   0]
 [ 10   0  41   0   1   0   0   0   0   0   1   0   0   4   0   0   0   3
    0   0   0   0   0   1   1   0   0   2   0   0]
 [  0   0   0  62   0   0   0   1   0   0   0   0   0   0   1   0   0   1
    0   0   0   0   0   0   0   0   0   0   0   0]
 [  0   5   0   0  30   2   0   0   1   0   0   0   0   0   0   0   0   4
    0   1   0   3   0   2   1   0   0   0   0   2]
 [  0   1   0   0   1  23   0   0   0   2   2   0   0   0   1   0   0   6
    0   0   0   0   0   1   0   0   0   0   0   0]
 [  0   1   0   0   0   3  25   8   0   1   5   0   5   0   0   0   0   0
    0   0   0   0   0   0   0   0   0   0   0   0]
 [  0   0   0   0   0   0   5  26   0   0   6   1   5   0   0   0   2   0
    0   0   0   0   0   0   0   1   0   1   0   0]
 [  1   3   1   3   1   0   0   0  23   1   0   1   1   1   1   0   0   5
    0   0   0   0   5   0   2   0   0   0   0   0]
 [  0   1   1   0   1   0   1   0   2  51   0   5   9   0  11   2   0   6
    2   0   1   3   2   1   4   0   0   2   0   2]
 [  0   0   0   0   1   3   4   2   0   0  49   0  27   0   3   0   0   0
    0   2   0   0   0   0   1   0   0   1   0   0]
 [  0   0   0   0   0   0   1   1   0   6   0  20   8   0   1   0   0   2
    1   0   1   0   3   0   0   0   0   3   0   0]
 [  0   2   0   1   0   2   5   9   0   3  25   2  83   0   0   0   1   0
    0   0   0   0   0   0   0   0   0   2   0   0]
 [  0   0   2   0   1   0   0   0   0   2   0   0   0   1   5   1   0   2
    2   0   1   0   0   0   0   0   0   0   0   0]
 [  0   3   2   0   0   2   1   0   3   7   2   1   2   3 124   1   0  23
    2   1   1   0   8   0   4   0   0   3   0   0]
 [  0   0   1   0   1   0   0   0   0   3   0   0   0   1   3   5   0   2
    3   0   0   2   0   0   0   0   0   1   0   0]
 [  0   0   0   0   1   0   0   3   1   0   3   0   1   0   0   0  54   0
    3   0   0   0   0   0   0   0   0   0   0   0]
 [  0   5   2   1   9   5   0   0   3   9   0   0   1   2  19   3   1 121
    8   0   3   3   7   8   0   0   1   2   1   3]
 [  0   2   0   0   0   0   0   0   0   3   2   0   0   2   8   0   2   8
   24   0   6   0   0   0   2   0   0   1   0   0]
 [  0   6   0   0   0   0   2   0   0   0   1   0   0   0   0   0   0   0
    0   7   0   1   0   0   0   0   0   0   0   0]
 [  0   1   2   0   1   0   0   0   0   2   0   1   1   0   4   1   0   3
    6   0   4   0   0   1   0   0   0   2   0   0]
 [  7   1   0   0   0   0   0   0   0   2   0   0   0   0   2   0   4   0
    0   1   1  24   0   6   0   0   1   2   0   2]
 [  0   0   1   1   0   0   0   0   1   4   0   3   0   3  12   0   0   3
    0   0   0   1  75   0   1   3   8   1   0   0]
 [  0   3   2   0   1   1   0   0   0   2   0   0   0   0   1   0   0   8
    0   0   0   2   0  18   0   0   0   0   0   0]
 [  1   0   3   1   0   0   0   0   1   2   0   1   0   0   3   3   0   0
    1   0   0   0   1   1  84   0   0  10   1   0]
 [  1   1   0   0   1   0   0   0   0   0   0   0   0   0   0   0   0   2
    0   0   0   0   2   0   1  20   1   0   0   2]
 [  0   0   0   0   0   0   0   0   0   1   0   0   0   1   2   0   0   4
    0   0   0   1   1   0   0   0   5   0   2   0]
 [  0   2   1   0   2   0   0   1   2   4   2   6   3   0   3   0   0   1
    1   0   5   0   2   0   9   1   0  12   1   0]
 [  0   0   0   1   0   0   0   0   0   0   0   0   0   0   0   0   1   0
    0   0   0   0   0   0   0   0   0   0  56   0]
 [  0   1   0   0   0   0   0   0   2   0   1   1   0   0   0   0   0   3
    1   0   0   1   0   0   0   1   0   1   0   7]]
2024-03-12 11:46:45,564 - ***** Evaluation results *****
2024-03-12 11:46:45,564 -   acc = 0.5775
2024-03-12 11:46:45,564 -   f1 = 0.5242
2024-03-12 11:46:45,565 -   prec = 0.5301
2024-03-12 11:46:45,565 -   rec = 0.5222
2024-03-12 11:46:45,565 - Testing is finished...
2024-03-12 11:46:45,565 - Multimodal intent recognition is finished...
2024-03-12 11:46:45,565 - Results are saved in results/misa_bert.csv
