2024-01-24 07:37:26,532 - ============================== Params ==============================
2024-01-24 07:37:26,532 - logger_name: misa_MIntRec_multi-class_seed-3_2024-01-24-07-37-26
2024-01-24 07:37:26,532 - dataset: MIntRec
2024-01-24 07:37:26,532 - data_mode: multi-class
2024-01-24 07:37:26,532 - method: misa
2024-01-24 07:37:26,532 - text_backbone: bert-base-uncased
2024-01-24 07:37:26,532 - text_backbone_path: /home/sharing/disk1/pretrained_embedding/bert/uncased_L-12_H-768_A-12/
2024-01-24 07:37:26,532 - seed: 3
2024-01-24 07:37:26,532 - num_workers: 8
2024-01-24 07:37:26,532 - gpu_id: 0
2024-01-24 07:37:26,533 - data_path: /home/sharing/disk2/sjh/intentDataset
2024-01-24 07:37:26,533 - train: True
2024-01-24 07:37:26,533 - tune: False
2024-01-24 07:37:26,533 - save_model: False
2024-01-24 07:37:26,533 - save_results: True
2024-01-24 07:37:26,533 - log_path: logs
2024-01-24 07:37:26,533 - cache_path: 
2024-01-24 07:37:26,533 - video_data_path: video_data
2024-01-24 07:37:26,533 - audio_data_path: audio_data
2024-01-24 07:37:26,533 - video_feats_path: video_feats.pkl
2024-01-24 07:37:26,533 - audio_feats_path: audio_feats.pkl
2024-01-24 07:37:26,533 - results_path: results
2024-01-24 07:37:26,533 - output_path: /home/sharing/disk2/sjh/Outputs/MIntRec
2024-01-24 07:37:26,533 - model_path: models
2024-01-24 07:37:26,533 - config_file_name: misa_bert
2024-01-24 07:37:26,533 - results_file_name: misa_bert.csv
2024-01-24 07:37:26,533 - padding_mode: zero
2024-01-24 07:37:26,533 - padding_loc: end
2024-01-24 07:37:26,533 - need_aligned: False
2024-01-24 07:37:26,533 - eval_monitor: f1
2024-01-24 07:37:26,533 - train_batch_size: 16
2024-01-24 07:37:26,533 - eval_batch_size: 8
2024-01-24 07:37:26,533 - test_batch_size: 8
2024-01-24 07:37:26,534 - wait_patience: 8
2024-01-24 07:37:26,534 - num_train_epochs: 100
2024-01-24 07:37:26,534 - rnncell: lstm
2024-01-24 07:37:26,534 - use_cmd_sim: False
2024-01-24 07:37:26,534 - reverse_grad_weight: 0.8
2024-01-24 07:37:26,534 - hidden_size: 256
2024-01-24 07:37:26,534 - dropout_rate: 0.1
2024-01-24 07:37:26,534 - diff_weight: 0.7
2024-01-24 07:37:26,534 - sim_weight: 0.7
2024-01-24 07:37:26,534 - recon_weight: 0.6
2024-01-24 07:37:26,534 - lr: 3e-05
2024-01-24 07:37:26,534 - grad_clip: -1.0
2024-01-24 07:37:26,534 - gamma: 0.5
2024-01-24 07:37:26,534 - pred_output_path: /home/sharing/disk2/sjh/Outputs/MIntRec/misa_MIntRec_multi-class_seed-3_2024-01-24-07-37-26
2024-01-24 07:37:26,534 - model_output_path: /home/sharing/disk2/sjh/Outputs/MIntRec/misa_MIntRec_multi-class_seed-3_2024-01-24-07-37-26/models
2024-01-24 07:37:26,534 - ============================== End Params ==============================
2024-01-24 07:37:26,722 - Generate Text Features Begin...
2024-01-24 07:37:27,449 - Generate Text Features Finished...
2024-01-24 07:37:27,449 - Load Video Features Begin...
2024-01-24 07:38:33,330 - Load Video Features Finished...
2024-01-24 07:38:33,937 - Load Audio Features Begin...
2024-01-24 07:40:00,065 - Load Audio Features Finished...
2024-01-24 07:40:04,274 - method  begins...
2024-01-24 07:40:09,094 - Multimodal intent recognition begins...
2024-01-24 07:40:09,094 - Training begins...
2024-01-24 07:40:21,865 - ***** Epoch: 1: Eval results *****
2024-01-24 07:40:21,865 -   best_eval_score = 0.0
2024-01-24 07:40:21,865 -   eval_score = 0.21
2024-01-24 07:40:21,865 -   train_loss = 3.8591
2024-01-24 07:40:33,681 - ***** Epoch: 2: Eval results *****
2024-01-24 07:40:33,682 -   best_eval_score = 0.21
2024-01-24 07:40:33,682 -   eval_score = 0.5389
2024-01-24 07:40:33,682 -   train_loss = 2.5711
2024-01-24 07:40:45,657 - ***** Epoch: 3: Eval results *****
2024-01-24 07:40:45,658 -   best_eval_score = 0.5389
2024-01-24 07:40:45,658 -   eval_score = 0.6246
2024-01-24 07:40:45,658 -   train_loss = 1.5796
2024-01-24 07:40:57,454 - ***** Epoch: 4: Eval results *****
2024-01-24 07:40:57,455 -   best_eval_score = 0.6246
2024-01-24 07:40:57,455 -   eval_score = 0.6507
2024-01-24 07:40:57,455 -   train_loss = 1.1288
2024-01-24 07:41:08,854 - ***** Epoch: 5: Eval results *****
2024-01-24 07:41:08,854 -   best_eval_score = 0.6507
2024-01-24 07:41:08,854 -   eval_score = 0.6417
2024-01-24 07:41:08,854 -   train_loss = 0.9683
2024-01-24 07:41:08,854 - EarlyStopping counter: 1 out of 8
2024-01-24 07:41:21,142 - ***** Epoch: 6: Eval results *****
2024-01-24 07:41:21,143 -   best_eval_score = 0.6507
2024-01-24 07:41:21,143 -   eval_score = 0.683
2024-01-24 07:41:21,143 -   train_loss = 0.9054
2024-01-24 07:41:33,780 - ***** Epoch: 7: Eval results *****
2024-01-24 07:41:33,781 -   best_eval_score = 0.683
2024-01-24 07:41:33,781 -   eval_score = 0.6704
2024-01-24 07:41:33,781 -   train_loss = 0.8963
2024-01-24 07:41:33,781 - EarlyStopping counter: 1 out of 8
2024-01-24 07:41:46,341 - ***** Epoch: 8: Eval results *****
2024-01-24 07:41:46,342 -   best_eval_score = 0.683
2024-01-24 07:41:46,342 -   eval_score = 0.6714
2024-01-24 07:41:46,342 -   train_loss = 0.8941
2024-01-24 07:41:46,342 - EarlyStopping counter: 2 out of 8
2024-01-24 07:41:58,377 - ***** Epoch: 9: Eval results *****
2024-01-24 07:41:58,377 -   best_eval_score = 0.683
2024-01-24 07:41:58,377 -   eval_score = 0.6761
2024-01-24 07:41:58,377 -   train_loss = 0.8932
2024-01-24 07:41:58,377 - EarlyStopping counter: 3 out of 8
2024-01-24 07:42:10,154 - ***** Epoch: 10: Eval results *****
2024-01-24 07:42:10,154 -   best_eval_score = 0.683
2024-01-24 07:42:10,154 -   eval_score = 0.6673
2024-01-24 07:42:10,154 -   train_loss = 0.8945
2024-01-24 07:42:10,154 - EarlyStopping counter: 4 out of 8
2024-01-24 07:42:21,787 - ***** Epoch: 11: Eval results *****
2024-01-24 07:42:21,787 -   best_eval_score = 0.683
2024-01-24 07:42:21,787 -   eval_score = 0.6721
2024-01-24 07:42:21,787 -   train_loss = 0.8948
2024-01-24 07:42:21,787 - EarlyStopping counter: 5 out of 8
2024-01-24 07:42:34,026 - ***** Epoch: 12: Eval results *****
2024-01-24 07:42:34,026 -   best_eval_score = 0.683
2024-01-24 07:42:34,026 -   eval_score = 0.6732
2024-01-24 07:42:34,026 -   train_loss = 0.8965
2024-01-24 07:42:34,026 - EarlyStopping counter: 6 out of 8
2024-01-24 07:42:46,429 - ***** Epoch: 13: Eval results *****
2024-01-24 07:42:46,429 -   best_eval_score = 0.683
2024-01-24 07:42:46,429 -   eval_score = 0.671
2024-01-24 07:42:46,429 -   train_loss = 0.8959
2024-01-24 07:42:46,429 - EarlyStopping counter: 7 out of 8
2024-01-24 07:42:58,501 - ***** Epoch: 14: Eval results *****
2024-01-24 07:42:58,502 -   best_eval_score = 0.683
2024-01-24 07:42:58,502 -   eval_score = 0.6732
2024-01-24 07:42:58,502 -   train_loss = 0.8962
2024-01-24 07:42:58,502 - EarlyStopping counter: 8 out of 8
2024-01-24 07:42:58,502 - EarlyStopping at epoch 14
2024-01-24 07:42:58,503 - Training is finished...
2024-01-24 07:42:58,503 - Testing begins...
2024-01-24 07:43:00,821 - ***** Test: Confusion Matrix *****
2024-01-24 07:43:00,822 - [[33  2  0  0  9  0  3  1  0  3  0  0  5  1  0  0  0  0  0  0]
 [ 1 37  0  1  0  0  1  0  1  0  0  0  1  1  0  0  0  0  0  0]
 [ 1  0 26  0  0  0  0  0  0  0  0  0  0  0  0  0  0  0  0  0]
 [ 0  0  0 25  0  0  0  0  0  0  0  0  0  0  0  0  0  0  0  0]
 [ 6  0  0  0 10  0  3  0  1  0  0  1  1  0  0  0  0  1  0  0]
 [ 0  0  0  0  0 12  0  0  0  0  0  0  0  0  0  0  0  0  0  0]
 [ 2  1  0  0  3  0  1  0  3  0  0  1  1  0  0  0  0  0  0  0]
 [ 2  0  0  0  0  0  0  6  1  0  1  0  0  0  0  0  0  0  0  0]
 [ 1  0  0  0  0  0  0  1  6  0  0  0  1  1  0  0  0  0  0  0]
 [ 1  0  0  0  0  0  1  0  0  4  1  0  1  0  0  1  0  1  0  0]
 [ 1  0  0  0  0  1  1  0  0  1 14  0  0  0  0  0  0  0  0  0]
 [ 0  0  0  0  0  0  1  0  0  0  0 16  0  0  0  0  0  0  1  1]
 [ 3  1  1  1  1  0  1  0  2  0  0  0 43  1  2  0  0  0  0  1]
 [ 0  1  0  0  0  0  2  1  0  0  2  1  0 17  1  0  0  0  0  0]
 [ 0  0  0  0  1  0  0  0  0  0  0  0  1  1 16  0  1  0  0  2]
 [ 0  2  0  0  1  0  0  0  1  0  0  0  3  0  0 13  0  0  0  1]
 [ 0  0  0  0  0  0  0  0  0  0  0  0  2  0  3  0 12  0  0  0]
 [ 0  0  0  0  0  0  0  0  0  1  1  0  1  0  0  0  0 12  0  0]
 [ 0  0  0  0  0  0  0  0  0  0  0  0  1  0  0  2  0  0  9  0]
 [ 0  0  0  0  0  0  0  0  0  0  0  0  0  1  1  0  0  0  0  8]]
2024-01-24 07:43:00,822 - ***** Evaluation results *****
2024-01-24 07:43:00,822 -   acc = 0.7191
2024-01-24 07:43:00,822 -   f1 = 0.6982
2024-01-24 07:43:00,822 -   prec = 0.7055
2024-01-24 07:43:00,822 -   rec = 0.6988
2024-01-24 07:43:00,822 - Testing is finished...
2024-01-24 07:43:00,823 - Multimodal intent recognition is finished...
2024-01-24 07:43:00,823 - Results are saved in results/misa_bert.csv
