2024-03-11 13:05:38,735 - ============================== Params ==============================
2024-03-11 13:05:38,737 - logger_name: misa_MIntRec2_multi-class_seed-1_2024-03-11-13-05-38
2024-03-11 13:05:38,737 - dataset: MIntRec2
2024-03-11 13:05:38,737 - data_mode: multi-class
2024-03-11 13:05:38,737 - method: misa
2024-03-11 13:05:38,737 - text_backbone: bert-base-uncased
2024-03-11 13:05:38,737 - text_backbone_path: /home/sharing/disk1/pretrained_embedding/bert/uncased_L-12_H-768_A-12/
2024-03-11 13:05:38,737 - seed: 1
2024-03-11 13:05:38,737 - num_workers: 8
2024-03-11 13:05:38,737 - gpu_id: 3
2024-03-11 13:05:38,737 - data_path: /home/sharing/disk2/sjh/intentDataset
2024-03-11 13:05:38,737 - train: True
2024-03-11 13:05:38,737 - tune: True
2024-03-11 13:05:38,737 - save_model: False
2024-03-11 13:05:38,737 - save_results: True
2024-03-11 13:05:38,737 - log_path: logs
2024-03-11 13:05:38,737 - cache_path: 
2024-03-11 13:05:38,737 - video_data_path: video_data
2024-03-11 13:05:38,737 - audio_data_path: audio_data
2024-03-11 13:05:38,737 - video_feats_path: video_feats.pkl
2024-03-11 13:05:38,737 - audio_feats_path: audio_feats.pkl
2024-03-11 13:05:38,737 - results_path: results
2024-03-11 13:05:38,737 - output_path: /home/sharing/disk2/sjh/Outputs/MIntRec2
2024-03-11 13:05:38,737 - model_path: models
2024-03-11 13:05:38,737 - config_file_name: misa_bert_MIntRec2
2024-03-11 13:05:38,737 - results_file_name: misa_bert.csv
2024-03-11 13:05:38,737 - padding_mode: zero
2024-03-11 13:05:38,737 - padding_loc: end
2024-03-11 13:05:38,737 - need_aligned: False
2024-03-11 13:05:38,737 - eval_monitor: f1
2024-03-11 13:05:38,737 - train_batch_size: 16
2024-03-11 13:05:38,737 - eval_batch_size: 8
2024-03-11 13:05:38,737 - test_batch_size: 8
2024-03-11 13:05:38,737 - wait_patience: 8
2024-03-11 13:05:38,737 - num_train_epochs: 100
2024-03-11 13:05:38,737 - rnncell: lstm
2024-03-11 13:05:38,737 - use_cmd_sim: False
2024-03-11 13:05:38,737 - reverse_grad_weight: 0.8
2024-03-11 13:05:38,737 - hidden_size: 256
2024-03-11 13:05:38,737 - dropout_rate: 0.3
2024-03-11 13:05:38,737 - diff_weight: 0.7
2024-03-11 13:05:38,737 - sim_weight: 0.3
2024-03-11 13:05:38,738 - recon_weight: 0.6
2024-03-11 13:05:38,738 - lr: 1e-05
2024-03-11 13:05:38,738 - grad_clip: -1.0
2024-03-11 13:05:38,738 - gamma: 0.5
2024-03-11 13:05:38,738 - pred_output_path: /home/sharing/disk2/sjh/Outputs/MIntRec2/misa_MIntRec2_multi-class_seed-1_2024-03-11-13-05-38
2024-03-11 13:05:38,738 - model_output_path: /home/sharing/disk2/sjh/Outputs/MIntRec2/misa_MIntRec2_multi-class_seed-1_2024-03-11-13-05-38/models
2024-03-11 13:05:38,738 - num_labels: 30
2024-03-11 13:05:38,738 - text_feat_dim: 768
2024-03-11 13:05:38,738 - video_feat_dim: 256
2024-03-11 13:05:38,738 - audio_feat_dim: 768
2024-03-11 13:05:38,738 - text_seq_len: 50
2024-03-11 13:05:38,738 - video_seq_len: 180
2024-03-11 13:05:38,738 - audio_seq_len: 400
2024-03-11 13:05:38,738 - device: cuda:3
2024-03-11 13:05:38,738 - ============================== End Params ==============================
2024-03-11 13:05:38,895 - Generate Text Features Begin...
2024-03-11 13:05:40,626 - Generate Text Features Finished...
2024-03-11 13:05:40,628 - Load Video Features Begin...
2024-03-11 13:07:09,212 - Load Video Features Finished...
2024-03-11 13:07:11,815 - Load Audio Features Begin...
2024-03-11 13:09:29,789 - Load Audio Features Finished...
2024-03-11 13:09:43,238 - method  begins...
2024-03-11 13:09:46,794 - Multimodal intent recognition begins...
2024-03-11 13:09:46,794 - Training begins...
2024-03-11 13:10:38,488 - ***** Epoch: 1: Eval results *****
2024-03-11 13:10:38,488 -   best_eval_score = 0.0
2024-03-11 13:10:38,488 -   eval_score = 0.2249
2024-03-11 13:10:38,488 -   train_loss = 3.5656
2024-03-11 13:11:30,947 - ***** Epoch: 2: Eval results *****
2024-03-11 13:11:30,948 -   best_eval_score = 0.2249
2024-03-11 13:11:30,948 -   eval_score = 0.3717
2024-03-11 13:11:30,948 -   train_loss = 2.405
2024-03-11 13:12:23,141 - ***** Epoch: 3: Eval results *****
2024-03-11 13:12:23,142 -   best_eval_score = 0.3717
2024-03-11 13:12:23,142 -   eval_score = 0.4292
2024-03-11 13:12:23,142 -   train_loss = 1.8054
2024-03-11 13:13:15,353 - ***** Epoch: 4: Eval results *****
2024-03-11 13:13:15,353 -   best_eval_score = 0.4292
2024-03-11 13:13:15,353 -   eval_score = 0.4388
2024-03-11 13:13:15,353 -   train_loss = 1.4235
2024-03-11 13:14:06,209 - ***** Epoch: 5: Eval results *****
2024-03-11 13:14:06,210 -   best_eval_score = 0.4388
2024-03-11 13:14:06,210 -   eval_score = 0.4739
2024-03-11 13:14:06,210 -   train_loss = 1.1601
2024-03-11 13:14:59,316 - ***** Epoch: 6: Eval results *****
2024-03-11 13:14:59,317 -   best_eval_score = 0.4739
2024-03-11 13:14:59,317 -   eval_score = 0.4942
2024-03-11 13:14:59,317 -   train_loss = 0.9539
2024-03-11 13:15:51,331 - ***** Epoch: 7: Eval results *****
2024-03-11 13:15:51,331 -   best_eval_score = 0.4942
2024-03-11 13:15:51,331 -   eval_score = 0.4904
2024-03-11 13:15:51,331 -   train_loss = 0.8123
2024-03-11 13:15:51,331 - EarlyStopping counter: 1 out of 8
2024-03-11 13:16:43,232 - ***** Epoch: 8: Eval results *****
2024-03-11 13:16:43,232 -   best_eval_score = 0.4942
2024-03-11 13:16:43,232 -   eval_score = 0.5064
2024-03-11 13:16:43,232 -   train_loss = 0.6883
2024-03-11 13:17:34,913 - ***** Epoch: 9: Eval results *****
2024-03-11 13:17:34,914 -   best_eval_score = 0.5064
2024-03-11 13:17:34,914 -   eval_score = 0.5107
2024-03-11 13:17:34,914 -   train_loss = 0.6329
2024-03-11 13:18:26,325 - ***** Epoch: 10: Eval results *****
2024-03-11 13:18:26,325 -   best_eval_score = 0.5107
2024-03-11 13:18:26,325 -   eval_score = 0.5048
2024-03-11 13:18:26,325 -   train_loss = 0.5907
2024-03-11 13:18:26,325 - EarlyStopping counter: 1 out of 8
2024-03-11 13:19:17,791 - ***** Epoch: 11: Eval results *****
2024-03-11 13:19:17,791 -   best_eval_score = 0.5107
2024-03-11 13:19:17,791 -   eval_score = 0.5041
2024-03-11 13:19:17,791 -   train_loss = 0.5499
2024-03-11 13:19:17,791 - EarlyStopping counter: 2 out of 8
2024-03-11 13:20:09,991 - ***** Epoch: 12: Eval results *****
2024-03-11 13:20:09,992 -   best_eval_score = 0.5107
2024-03-11 13:20:09,992 -   eval_score = 0.5034
2024-03-11 13:20:09,992 -   train_loss = 0.5374
2024-03-11 13:20:09,992 - EarlyStopping counter: 3 out of 8
2024-03-11 13:21:02,031 - ***** Epoch: 13: Eval results *****
2024-03-11 13:21:02,031 -   best_eval_score = 0.5107
2024-03-11 13:21:02,031 -   eval_score = 0.5113
2024-03-11 13:21:02,031 -   train_loss = 0.5244
2024-03-11 13:21:53,804 - ***** Epoch: 14: Eval results *****
2024-03-11 13:21:53,804 -   best_eval_score = 0.5113
2024-03-11 13:21:53,804 -   eval_score = 0.5077
2024-03-11 13:21:53,804 -   train_loss = 0.5213
2024-03-11 13:21:53,804 - EarlyStopping counter: 1 out of 8
2024-03-11 13:22:44,230 - ***** Epoch: 15: Eval results *****
2024-03-11 13:22:44,230 -   best_eval_score = 0.5113
2024-03-11 13:22:44,230 -   eval_score = 0.5096
2024-03-11 13:22:44,230 -   train_loss = 0.5187
2024-03-11 13:22:44,230 - EarlyStopping counter: 2 out of 8
2024-03-11 13:23:35,907 - ***** Epoch: 16: Eval results *****
2024-03-11 13:23:35,908 -   best_eval_score = 0.5113
2024-03-11 13:23:35,908 -   eval_score = 0.5122
2024-03-11 13:23:35,908 -   train_loss = 0.5153
2024-03-11 13:24:27,922 - ***** Epoch: 17: Eval results *****
2024-03-11 13:24:27,922 -   best_eval_score = 0.5122
2024-03-11 13:24:27,922 -   eval_score = 0.5146
2024-03-11 13:24:27,922 -   train_loss = 0.5161
2024-03-11 13:25:19,591 - ***** Epoch: 18: Eval results *****
2024-03-11 13:25:19,591 -   best_eval_score = 0.5146
2024-03-11 13:25:19,591 -   eval_score = 0.5147
2024-03-11 13:25:19,591 -   train_loss = 0.5095
2024-03-11 13:26:11,635 - ***** Epoch: 19: Eval results *****
2024-03-11 13:26:11,635 -   best_eval_score = 0.5147
2024-03-11 13:26:11,635 -   eval_score = 0.5124
2024-03-11 13:26:11,635 -   train_loss = 0.5098
2024-03-11 13:26:11,635 - EarlyStopping counter: 1 out of 8
2024-03-11 13:27:03,494 - ***** Epoch: 20: Eval results *****
2024-03-11 13:27:03,495 -   best_eval_score = 0.5147
2024-03-11 13:27:03,495 -   eval_score = 0.5111
2024-03-11 13:27:03,495 -   train_loss = 0.5097
2024-03-11 13:27:03,495 - EarlyStopping counter: 2 out of 8
2024-03-11 13:27:54,795 - ***** Epoch: 21: Eval results *****
2024-03-11 13:27:54,796 -   best_eval_score = 0.5147
2024-03-11 13:27:54,796 -   eval_score = 0.5117
2024-03-11 13:27:54,796 -   train_loss = 0.5089
2024-03-11 13:27:54,796 - EarlyStopping counter: 3 out of 8
2024-03-11 13:28:45,390 - ***** Epoch: 22: Eval results *****
2024-03-11 13:28:45,390 -   best_eval_score = 0.5147
2024-03-11 13:28:45,390 -   eval_score = 0.5117
2024-03-11 13:28:45,390 -   train_loss = 0.51
2024-03-11 13:28:45,390 - EarlyStopping counter: 4 out of 8
2024-03-11 13:29:37,053 - ***** Epoch: 23: Eval results *****
2024-03-11 13:29:37,054 -   best_eval_score = 0.5147
2024-03-11 13:29:37,054 -   eval_score = 0.5123
2024-03-11 13:29:37,054 -   train_loss = 0.5099
2024-03-11 13:29:37,054 - EarlyStopping counter: 5 out of 8
2024-03-11 13:30:28,864 - ***** Epoch: 24: Eval results *****
2024-03-11 13:30:28,864 -   best_eval_score = 0.5147
2024-03-11 13:30:28,864 -   eval_score = 0.5123
2024-03-11 13:30:28,864 -   train_loss = 0.5076
2024-03-11 13:30:28,864 - EarlyStopping counter: 6 out of 8
2024-03-11 13:31:20,262 - ***** Epoch: 25: Eval results *****
2024-03-11 13:31:20,262 -   best_eval_score = 0.5147
2024-03-11 13:31:20,263 -   eval_score = 0.5123
2024-03-11 13:31:20,263 -   train_loss = 0.5098
2024-03-11 13:31:20,263 - EarlyStopping counter: 7 out of 8
2024-03-11 13:32:10,968 - ***** Epoch: 26: Eval results *****
2024-03-11 13:32:10,968 -   best_eval_score = 0.5147
2024-03-11 13:32:10,968 -   eval_score = 0.5123
2024-03-11 13:32:10,968 -   train_loss = 0.5101
2024-03-11 13:32:10,968 - EarlyStopping counter: 8 out of 8
2024-03-11 13:32:10,968 - EarlyStopping at epoch 26
2024-03-11 13:32:10,969 - Training is finished...
2024-03-11 13:32:10,970 - Testing begins...
2024-03-11 13:32:21,195 - ***** Test: Confusion Matrix *****
2024-03-11 13:32:21,197 - [[ 46   0  17   0   0   0   0   0   0   0   2   0   0   0   0   0   0   1
    0   0   0   0   0   1   1   0   0   0   0   0]
 [  0  58   0   0   8   2   5   0   0   0   3   0   2   0   3   0   0   9
    1   0   1   1   1   0   1   0   1   1   0   0]
 [  7   1  43   0   0   0   0   0   1   0   1   0   0   0   1   1   0   2
    1   0   0   1   0   1   3   0   0   1   0   0]
 [  0   0   0  62   0   0   0   1   0   0   0   0   0   0   1   0   0   1
    0   0   0   0   0   0   0   0   0   0   0   0]
 [  0   6   0   0  33   1   0   0   1   0   0   0   0   0   0   0   0   2
    0   1   0   1   1   2   1   1   0   0   0   1]
 [  0   1   0   0   1  24   0   1   0   1   2   0   0   0   1   0   0   4
    0   0   0   0   0   1   0   0   1   0   0   0]
 [  0   1   0   0   0   3  26   7   0   1   2   0   8   0   0   0   0   0
    0   0   0   0   0   0   0   0   0   0   0   0]
 [  0   0   0   0   0   0   5  28   0   0   6   1   5   0   0   0   0   0
    0   0   0   0   1   0   1   0   0   0   0   0]
 [  1   2   1   3   2   0   0   0  24   1   0   2   1   1   2   0   0   4
    0   0   0   0   3   0   2   0   0   0   0   0]
 [  0   0   1   0   1   1   0   0   3  48   1   6   8   1  13   0   0  11
    1   0   0   2   2   0   2   1   1   3   0   1]
 [  0   0   0   0   0   3   5   3   0   0  46   0  27   1   1   0   0   2
    0   2   0   0   0   0   1   0   0   2   0   0]
 [  0   0   0   0   0   0   0   0   0   8   0  18   9   0   1   0   0   1
    2   0   0   0   3   0   0   0   0   3   0   2]
 [  0   2   0   0   0   0   4   7   0   6  24   1  87   0   0   0   0   0
    0   1   0   1   1   0   0   0   0   1   0   0]
 [  0   0   2   0   1   0   0   0   0   3   0   0   0   2   3   1   0   2
    3   0   0   0   0   0   0   0   0   0   0   0]
 [  0   3   2   0   0   1   1   0   4   5   2   1   1   3 117   3   0  25
    4   0   1   0   8   1   3   0   0   8   0   0]
 [  0   0   1   0   1   0   0   0   0   5   0   0   0   1   3   2   0   1
    2   0   2   1   1   0   0   0   0   1   1   0]
 [  0   0   0   0   1   0   1   3   0   0   0   0   2   0   0   0  56   0
    3   0   0   0   0   0   0   0   0   0   0   0]
 [  1   3   1   0   8   5   0   0   4  11   3   1   0   2  16   3   1 117
   10   0   5   6   5   9   0   0   2   2   1   1]
 [  0   1   0   0   0   0   0   0   1   4   2   0   0   1   7   1   3  10
   24   0   5   0   0   0   0   0   0   1   0   0]
 [  0   7   0   0   0   0   2   0   0   0   1   0   0   0   0   0   0   1
    0   5   0   1   0   0   0   0   0   0   0   0]
 [  0   1   2   0   1   0   0   0   0   2   1   1   0   0   3   0   0   6
    4   0   4   0   0   0   0   0   0   4   0   0]
 [  6   0   0   0   1   0   0   0   0   3   0   0   0   0   1   0   5   0
    0   0   0  28   1   4   1   0   1   1   0   1]
 [  0   0   1   1   0   0   0   0   2   6   0   3   0   3   9   1   0   1
    0   0   1   0  80   0   1   1   6   1   0   0]
 [  0   3   1   0   1   0   0   0   0   2   0   0   0   0   1   0   0  12
    0   0   0   2   0  16   0   0   0   0   0   0]
 [  1   0   2   0   0   0   0   0   0   1   0   3   0   1   2   4   0   2
    0   0   0   1   1   0  83   0   0  11   1   0]
 [  1   1   0   0   0   0   0   0   1   0   0   0   0   0   0   0   0   0
    0   0   0   1   4   1   1  20   0   0   0   1]
 [  0   1   0   0   0   0   0   0   0   2   0   0   0   0   1   0   0   4
    0   0   0   1   2   0   0   0   4   0   2   0]
 [  0   3   1   0   0   0   0   1   2   5   2   5   3   1   3   1   0   1
    0   0   4   0   2   0   7   1   1  12   1   2]
 [  0   0   0   0   0   0   0   0   0   0   0   0   0   0   0   0   1   0
    0   0   0   0   0   0   0   0   1   0  56   0]
 [  0   1   0   0   0   0   0   0   2   1   1   1   0   0   0   0   0   4
    0   0   0   1   0   0   1   1   0   2   0   4]]
2024-03-11 13:32:21,197 - ***** Evaluation results *****
2024-03-11 13:32:21,198 -   acc = 0.577
2024-03-11 13:32:21,198 -   f1 = 0.5187
2024-03-11 13:32:21,198 -   prec = 0.5274
2024-03-11 13:32:21,198 -   rec = 0.5153
2024-03-11 13:32:21,198 - Testing is finished...
2024-03-11 13:32:21,198 - Multimodal intent recognition is finished...
2024-03-11 13:32:21,198 - Results are saved in results/misa_bert.csv
