2024-03-12 15:02:49,905 - ============================== Params ==============================
2024-03-12 15:02:49,906 - logger_name: misa_MIntRec2_multi-class_seed-1_2024-03-12-15-02-49
2024-03-12 15:02:49,906 - dataset: MIntRec2
2024-03-12 15:02:49,906 - data_mode: multi-class
2024-03-12 15:02:49,906 - method: misa
2024-03-12 15:02:49,906 - text_backbone: bert-base-uncased
2024-03-12 15:02:49,906 - text_backbone_path: /home/sharing/disk1/pretrained_embedding/bert/uncased_L-12_H-768_A-12/
2024-03-12 15:02:49,906 - seed: 1
2024-03-12 15:02:49,906 - num_workers: 8
2024-03-12 15:02:49,906 - gpu_id: 3
2024-03-12 15:02:49,906 - data_path: /home/sharing/disk2/sjh/intentDataset
2024-03-12 15:02:49,906 - train: True
2024-03-12 15:02:49,906 - tune: True
2024-03-12 15:02:49,906 - save_model: False
2024-03-12 15:02:49,906 - save_results: True
2024-03-12 15:02:49,906 - log_path: logs
2024-03-12 15:02:49,906 - cache_path: 
2024-03-12 15:02:49,906 - video_data_path: video_data
2024-03-12 15:02:49,906 - audio_data_path: audio_data
2024-03-12 15:02:49,906 - video_feats_path: video_feats.pkl
2024-03-12 15:02:49,906 - audio_feats_path: audio_feats.pkl
2024-03-12 15:02:49,906 - results_path: results
2024-03-12 15:02:49,906 - output_path: /home/sharing/disk2/sjh/Outputs/MIntRec2
2024-03-12 15:02:49,906 - model_path: models
2024-03-12 15:02:49,906 - config_file_name: misa_bert_MIntRec2
2024-03-12 15:02:49,906 - results_file_name: misa_bert.csv
2024-03-12 15:02:49,906 - padding_mode: zero
2024-03-12 15:02:49,906 - padding_loc: end
2024-03-12 15:02:49,906 - need_aligned: False
2024-03-12 15:02:49,906 - eval_monitor: f1
2024-03-12 15:02:49,906 - train_batch_size: 32
2024-03-12 15:02:49,906 - eval_batch_size: 16
2024-03-12 15:02:49,906 - test_batch_size: 16
2024-03-12 15:02:49,906 - wait_patience: 8
2024-03-12 15:02:49,907 - num_train_epochs: 100
2024-03-12 15:02:49,907 - rnncell: lstm
2024-03-12 15:02:49,907 - use_cmd_sim: False
2024-03-12 15:02:49,907 - reverse_grad_weight: 0.2
2024-03-12 15:02:49,907 - hidden_size: 768
2024-03-12 15:02:49,907 - dropout_rate: 0.2
2024-03-12 15:02:49,907 - diff_weight: 0.1
2024-03-12 15:02:49,907 - sim_weight: 0.5
2024-03-12 15:02:49,907 - recon_weight: 0.1
2024-03-12 15:02:49,907 - lr: 3e-05
2024-03-12 15:02:49,907 - grad_clip: -1.0
2024-03-12 15:02:49,907 - gamma: 0.5
2024-03-12 15:02:49,907 - pred_output_path: /home/sharing/disk2/sjh/Outputs/MIntRec2/misa_MIntRec2_multi-class_seed-1_2024-03-12-15-02-49
2024-03-12 15:02:49,907 - model_output_path: /home/sharing/disk2/sjh/Outputs/MIntRec2/misa_MIntRec2_multi-class_seed-1_2024-03-12-15-02-49/models
2024-03-12 15:02:49,907 - num_labels: 30
2024-03-12 15:02:49,907 - text_feat_dim: 768
2024-03-12 15:02:49,907 - video_feat_dim: 256
2024-03-12 15:02:49,907 - audio_feat_dim: 768
2024-03-12 15:02:49,907 - text_seq_len: 50
2024-03-12 15:02:49,907 - video_seq_len: 180
2024-03-12 15:02:49,907 - audio_seq_len: 400
2024-03-12 15:02:49,907 - device: cuda:3
2024-03-12 15:02:49,907 - ============================== End Params ==============================
2024-03-12 15:02:49,949 - Generate Text Features Begin...
2024-03-12 15:02:51,911 - Generate Text Features Finished...
2024-03-12 15:02:51,913 - Load Video Features Begin...
2024-03-12 15:02:56,347 - Load Video Features Finished...
2024-03-12 15:02:58,167 - Load Audio Features Begin...
2024-03-12 15:03:12,973 - Load Audio Features Finished...
2024-03-12 15:03:23,873 - method  begins...
2024-03-12 15:03:25,096 - Multimodal intent recognition begins...
2024-03-12 15:03:25,096 - Training begins...
2024-03-12 15:04:05,394 - ***** Epoch: 1: Eval results *****
2024-03-12 15:04:05,394 -   best_eval_score = 0.0
2024-03-12 15:04:05,394 -   eval_score = 0.3882
2024-03-12 15:04:05,394 -   train_loss = 2.6469
2024-03-12 15:04:45,284 - ***** Epoch: 2: Eval results *****
2024-03-12 15:04:45,284 -   best_eval_score = 0.3882
2024-03-12 15:04:45,284 -   eval_score = 0.482
2024-03-12 15:04:45,285 -   train_loss = 1.6609
2024-03-12 15:05:24,633 - ***** Epoch: 3: Eval results *****
2024-03-12 15:05:24,633 -   best_eval_score = 0.482
2024-03-12 15:05:24,633 -   eval_score = 0.4907
2024-03-12 15:05:24,633 -   train_loss = 1.4257
2024-03-12 15:06:05,923 - ***** Epoch: 4: Eval results *****
2024-03-12 15:06:05,923 -   best_eval_score = 0.4907
2024-03-12 15:06:05,924 -   eval_score = 0.4593
2024-03-12 15:06:05,924 -   train_loss = 1.0593
2024-03-12 15:06:05,924 - EarlyStopping counter: 1 out of 8
2024-03-12 15:06:45,888 - ***** Epoch: 5: Eval results *****
2024-03-12 15:06:45,888 -   best_eval_score = 0.4907
2024-03-12 15:06:45,888 -   eval_score = 0.514
2024-03-12 15:06:45,888 -   train_loss = 0.7774
2024-03-12 15:07:26,211 - ***** Epoch: 6: Eval results *****
2024-03-12 15:07:26,211 -   best_eval_score = 0.514
2024-03-12 15:07:26,211 -   eval_score = 0.4958
2024-03-12 15:07:26,211 -   train_loss = 0.6873
2024-03-12 15:07:26,211 - EarlyStopping counter: 1 out of 8
2024-03-12 15:08:05,057 - ***** Epoch: 7: Eval results *****
2024-03-12 15:08:05,058 -   best_eval_score = 0.514
2024-03-12 15:08:05,058 -   eval_score = 0.5181
2024-03-12 15:08:05,059 -   train_loss = 0.6438
2024-03-12 15:08:46,709 - ***** Epoch: 8: Eval results *****
2024-03-12 15:08:46,709 -   best_eval_score = 0.5181
2024-03-12 15:08:46,709 -   eval_score = 0.5272
2024-03-12 15:08:46,709 -   train_loss = 0.6321
2024-03-12 15:09:26,517 - ***** Epoch: 9: Eval results *****
2024-03-12 15:09:26,517 -   best_eval_score = 0.5272
2024-03-12 15:09:26,517 -   eval_score = 0.5184
2024-03-12 15:09:26,517 -   train_loss = 0.6252
2024-03-12 15:09:26,517 - EarlyStopping counter: 1 out of 8
2024-03-12 15:10:06,207 - ***** Epoch: 10: Eval results *****
2024-03-12 15:10:06,208 -   best_eval_score = 0.5272
2024-03-12 15:10:06,208 -   eval_score = 0.5199
2024-03-12 15:10:06,208 -   train_loss = 0.6132
2024-03-12 15:10:06,208 - EarlyStopping counter: 2 out of 8
2024-03-12 15:10:43,689 - ***** Epoch: 11: Eval results *****
2024-03-12 15:10:43,689 -   best_eval_score = 0.5272
2024-03-12 15:10:43,690 -   eval_score = 0.5252
2024-03-12 15:10:43,690 -   train_loss = 0.6059
2024-03-12 15:10:43,690 - EarlyStopping counter: 3 out of 8
2024-03-12 15:11:23,126 - ***** Epoch: 12: Eval results *****
2024-03-12 15:11:23,126 -   best_eval_score = 0.5272
2024-03-12 15:11:23,126 -   eval_score = 0.5262
2024-03-12 15:11:23,126 -   train_loss = 0.6034
2024-03-12 15:11:23,126 - EarlyStopping counter: 4 out of 8
2024-03-12 15:12:02,398 - ***** Epoch: 13: Eval results *****
2024-03-12 15:12:02,398 -   best_eval_score = 0.5272
2024-03-12 15:12:02,398 -   eval_score = 0.5238
2024-03-12 15:12:02,398 -   train_loss = 0.6032
2024-03-12 15:12:02,398 - EarlyStopping counter: 5 out of 8
2024-03-12 15:12:42,045 - ***** Epoch: 14: Eval results *****
2024-03-12 15:12:42,046 -   best_eval_score = 0.5272
2024-03-12 15:12:42,046 -   eval_score = 0.5227
2024-03-12 15:12:42,046 -   train_loss = 0.6018
2024-03-12 15:12:42,046 - EarlyStopping counter: 6 out of 8
2024-03-12 15:13:21,399 - ***** Epoch: 15: Eval results *****
2024-03-12 15:13:21,400 -   best_eval_score = 0.5272
2024-03-12 15:13:21,400 -   eval_score = 0.5248
2024-03-12 15:13:21,400 -   train_loss = 0.6
2024-03-12 15:13:21,401 - EarlyStopping counter: 7 out of 8
2024-03-12 15:14:02,280 - ***** Epoch: 16: Eval results *****
2024-03-12 15:14:02,280 -   best_eval_score = 0.5272
2024-03-12 15:14:02,280 -   eval_score = 0.5235
2024-03-12 15:14:02,280 -   train_loss = 0.6013
2024-03-12 15:14:02,280 - EarlyStopping counter: 8 out of 8
2024-03-12 15:14:02,280 - EarlyStopping at epoch 16
2024-03-12 15:14:02,283 - Training is finished...
2024-03-12 15:14:02,284 - Testing begins...
2024-03-12 15:14:09,549 - ***** Test: Confusion Matrix *****
2024-03-12 15:14:09,551 - [[ 51   0  13   0   0   0   0   0   0   0   2   0   0   0   0   1   0   1
    0   0   0   0   0   0   0   0   0   0   0   0]
 [  0  57   0   0  11   1   5   0   2   0   3   0   2   0   4   1   0   6
    0   0   0   0   1   1   1   0   0   2   0   0]
 [ 14   0  34   0   1   0   0   0   0   1   1   0   0   2   1   1   0   2
    0   0   0   2   0   2   1   0   0   2   0   0]
 [  0   0   0  61   0   0   0   1   0   0   0   1   0   0   0   0   0   2
    0   0   0   0   0   0   0   0   0   0   0   0]
 [  0   6   0   0  32   0   0   0   0   0   0   0   0   0   0   0   0   5
    0   1   0   5   0   1   0   0   0   0   0   1]
 [  0   1   0   0   0  20   0   0   0   3   3   0   0   0   1   0   0   5
    0   0   0   0   0   2   0   1   1   0   0   0]
 [  0   1   0   0   0   2  32   3   0   1   1   1   7   0   0   0   0   0
    0   0   0   0   0   0   0   0   0   0   0   0]
 [  0   0   0   0   0   1   4  24   0   0   7   1   6   0   0   0   2   0
    0   0   0   0   1   0   1   0   0   0   0   0]
 [  1   2   1   3   1   0   0   0  23   0   0   2   1   1   4   1   0   4
    0   0   0   0   3   0   2   0   0   0   0   0]
 [  0   0   1   0   1   0   0   0   2  52   0   4  10   0  11   2   0   5
    0   0   0   6   2   1   4   2   0   3   0   1]
 [  2   0   0   0   0   2   5   3   0   1  47   0  25   0   3   0   0   0
    0   2   1   0   0   1   0   0   0   1   0   0]
 [  0   0   0   0   0   0   0   1   0   4   0  17   9   0   1   0   0   2
    1   0   1   0   3   0   0   0   0   7   0   1]
 [  0   3   0   0   0   2   6   5   0   1  21   1  89   0   0   0   1   0
    0   0   1   1   1   0   0   0   0   3   0   0]
 [  0   0   1   0   1   0   0   0   0   2   0   0   0   2   4   3   0   1
    2   0   0   0   0   0   0   0   0   1   0   0]
 [  0   4   2   0   0   1   1   0   2   7   4   1   0   2 123   4   0  21
    2   0   1   1  10   1   4   0   0   2   0   0]
 [  0   0   1   0   0   0   0   0   0   5   0   0   0   0   1   4   0   2
    1   0   3   2   2   1   0   0   0   0   0   0]
 [  0   0   0   0   1   0   0   2   0   0   2   0   1   0   1   1  54   0
    3   0   0   1   0   0   0   0   0   0   0   0]
 [  1   5   1   1   7   3   0   0   4   8   0   1   1   4  17   5   1 127
    4   0   2   4   6   8   0   1   1   4   1   0]
 [  0   2   0   0   0   0   0   0   0   4   2   0   0   1   8   1   2   7
   26   0   6   0   0   0   1   0   0   0   0   0]
 [  0   7   0   0   0   0   2   0   0   0   1   0   0   0   0   0   0   0
    0   5   0   2   0   0   0   0   0   0   0   0]
 [  0   1   2   0   2   0   0   0   0   2   0   1   1   0   2   0   0   4
    4   0   5   0   0   1   0   0   0   4   0   0]
 [  7   1   0   0   0   0   0   0   0   2   0   1   0   0   1   0   4   0
    0   0   2  26   0   4   0   1   1   2   0   1]
 [  0   0   1   1   0   0   0   0   1   4   0   4   0   2  10   1   0   3
    1   0   0   1  77   0   1   2   7   1   0   0]
 [  0   3   1   0   0   0   0   0   0   2   0   0   0   0   1   0   0   8
    0   0   1   6   0  16   0   0   0   0   0   0]
 [  2   0   2   0   0   0   0   0   1   2   0   2   0   0   4   1   0   2
    1   0   0   1   1   0  81   0   0  10   3   0]
 [  1   1   0   0   1   0   0   0   0   0   0   1   0   0   0   0   0   2
    0   0   0   0   2   0   1  16   3   1   0   2]
 [  0   0   0   0   0   0   0   0   0   1   0   0   0   1   2   0   0   3
    0   0   0   1   3   0   0   0   4   0   2   0]
 [  0   3   1   0   1   0   0   0   2   6   2   4   3   0   2   0   0   2
    1   0   3   0   2   0   6   1   0  18   1   0]
 [  0   0   0   0   0   0   0   0   0   0   0   0   0   0   1   0   1   0
    0   0   0   0   0   0   0   0   0   0  56   0]
 [  0   2   0   0   1   0   0   0   1   0   1   1   0   0   0   0   0   3
    1   0   0   1   0   0   0   1   0   1   0   6]]
2024-03-12 15:14:09,551 - ***** Evaluation results *****
2024-03-12 15:14:09,551 -   acc = 0.5829
2024-03-12 15:14:09,551 -   f1 = 0.523
2024-03-12 15:14:09,551 -   prec = 0.5381
2024-03-12 15:14:09,551 -   rec = 0.5168
2024-03-12 15:14:09,551 - Testing is finished...
2024-03-12 15:14:09,551 - Multimodal intent recognition is finished...
2024-03-12 15:14:09,551 - Results are saved in results/misa_bert.csv
