2024-03-01 04:46:33,552 - ============================== Params ==============================
2024-03-01 04:46:33,552 - logger_name: misa_MIntRec2_multi-class_seed-3_2024-03-01-04-46-33
2024-03-01 04:46:33,552 - dataset: MIntRec2
2024-03-01 04:46:33,552 - data_mode: multi-class
2024-03-01 04:46:33,552 - method: misa
2024-03-01 04:46:33,552 - text_backbone: bert-base-uncased
2024-03-01 04:46:33,552 - text_backbone_path: /home/sharing/disk1/pretrained_embedding/bert/uncased_L-12_H-768_A-12/
2024-03-01 04:46:33,552 - seed: 3
2024-03-01 04:46:33,552 - num_workers: 8
2024-03-01 04:46:33,553 - gpu_id: 1
2024-03-01 04:46:33,553 - data_path: /home/sharing/disk2/sjh/intentDataset
2024-03-01 04:46:33,553 - train: True
2024-03-01 04:46:33,553 - tune: True
2024-03-01 04:46:33,553 - save_model: False
2024-03-01 04:46:33,553 - save_results: True
2024-03-01 04:46:33,553 - log_path: logs
2024-03-01 04:46:33,553 - cache_path: 
2024-03-01 04:46:33,553 - video_data_path: video_data
2024-03-01 04:46:33,553 - audio_data_path: audio_data
2024-03-01 04:46:33,553 - video_feats_path: video_feats.pkl
2024-03-01 04:46:33,553 - audio_feats_path: audio_feats.pkl
2024-03-01 04:46:33,553 - results_path: results
2024-03-01 04:46:33,553 - output_path: /home/sharing/disk2/sjh/Outputs/MIntRec2
2024-03-01 04:46:33,553 - model_path: models
2024-03-01 04:46:33,553 - config_file_name: misa_bert_MIntRec2
2024-03-01 04:46:33,553 - results_file_name: misa_bert.csv
2024-03-01 04:46:33,553 - padding_mode: zero
2024-03-01 04:46:33,553 - padding_loc: end
2024-03-01 04:46:33,553 - need_aligned: False
2024-03-01 04:46:33,553 - eval_monitor: f1
2024-03-01 04:46:33,553 - train_batch_size: 16
2024-03-01 04:46:33,553 - eval_batch_size: 8
2024-03-01 04:46:33,553 - test_batch_size: 8
2024-03-01 04:46:33,553 - wait_patience: 8
2024-03-01 04:46:33,553 - num_train_epochs: 100
2024-03-01 04:46:33,553 - rnncell: lstm
2024-03-01 04:46:33,553 - use_cmd_sim: False
2024-03-01 04:46:33,553 - reverse_grad_weight: 0.8
2024-03-01 04:46:33,553 - hidden_size: 256
2024-03-01 04:46:33,553 - dropout_rate: 0.1
2024-03-01 04:46:33,553 - diff_weight: 0.7
2024-03-01 04:46:33,553 - sim_weight: 0.7
2024-03-01 04:46:33,553 - recon_weight: 0.6
2024-03-01 04:46:33,553 - lr: 2e-05
2024-03-01 04:46:33,553 - grad_clip: -1.0
2024-03-01 04:46:33,553 - gamma: 0.5
2024-03-01 04:46:33,553 - pred_output_path: /home/sharing/disk2/sjh/Outputs/MIntRec2/misa_MIntRec2_multi-class_seed-3_2024-03-01-04-46-33
2024-03-01 04:46:33,553 - model_output_path: /home/sharing/disk2/sjh/Outputs/MIntRec2/misa_MIntRec2_multi-class_seed-3_2024-03-01-04-46-33/models
2024-03-01 04:46:33,553 - num_labels: 30
2024-03-01 04:46:33,553 - text_feat_dim: 768
2024-03-01 04:46:33,553 - video_feat_dim: 256
2024-03-01 04:46:33,553 - audio_feat_dim: 768
2024-03-01 04:46:33,553 - text_seq_len: 50
2024-03-01 04:46:33,553 - video_seq_len: 180
2024-03-01 04:46:33,554 - audio_seq_len: 400
2024-03-01 04:46:33,554 - device: cuda:1
2024-03-01 04:46:33,554 - ============================== End Params ==============================
2024-03-01 04:46:33,608 - Generate Text Features Begin...
2024-03-01 04:46:35,278 - Generate Text Features Finished...
2024-03-01 04:46:35,280 - Load Video Features Begin...
2024-03-01 04:46:39,925 - Load Video Features Finished...
2024-03-01 04:46:44,244 - Load Audio Features Begin...
2024-03-01 04:47:09,870 - Load Audio Features Finished...
2024-03-01 04:47:28,752 - method  begins...
2024-03-01 04:47:32,800 - Multimodal intent recognition begins...
2024-03-01 04:47:32,801 - Training begins...
2024-03-01 04:48:21,543 - ***** Epoch: 1: Eval results *****
2024-03-01 04:48:21,543 -   best_eval_score = 0.0
2024-03-01 04:48:21,543 -   eval_score = 0.3218
2024-03-01 04:48:21,543 -   train_loss = 3.4509
2024-03-01 04:49:13,100 - ***** Epoch: 2: Eval results *****
2024-03-01 04:49:13,100 -   best_eval_score = 0.3218
2024-03-01 04:49:13,100 -   eval_score = 0.4504
2024-03-01 04:49:13,100 -   train_loss = 2.2484
2024-03-01 04:50:04,198 - ***** Epoch: 3: Eval results *****
2024-03-01 04:50:04,198 -   best_eval_score = 0.4504
2024-03-01 04:50:04,198 -   eval_score = 0.4422
2024-03-01 04:50:04,198 -   train_loss = 1.8277
2024-03-01 04:50:04,198 - EarlyStopping counter: 1 out of 8
2024-03-01 04:50:55,475 - ***** Epoch: 4: Eval results *****
2024-03-01 04:50:55,475 -   best_eval_score = 0.4504
2024-03-01 04:50:55,475 -   eval_score = 0.485
2024-03-01 04:50:55,475 -   train_loss = 1.4597
2024-03-01 04:51:47,591 - ***** Epoch: 5: Eval results *****
2024-03-01 04:51:47,591 -   best_eval_score = 0.485
2024-03-01 04:51:47,591 -   eval_score = 0.4911
2024-03-01 04:51:47,591 -   train_loss = 1.2653
2024-03-01 04:52:38,659 - ***** Epoch: 6: Eval results *****
2024-03-01 04:52:38,660 -   best_eval_score = 0.4911
2024-03-01 04:52:38,660 -   eval_score = 0.4959
2024-03-01 04:52:38,660 -   train_loss = 1.1354
2024-03-01 04:53:29,943 - ***** Epoch: 7: Eval results *****
2024-03-01 04:53:29,943 -   best_eval_score = 0.4959
2024-03-01 04:53:29,943 -   eval_score = 0.5054
2024-03-01 04:53:29,943 -   train_loss = 1.0367
2024-03-01 04:54:21,011 - ***** Epoch: 8: Eval results *****
2024-03-01 04:54:21,012 -   best_eval_score = 0.5054
2024-03-01 04:54:21,012 -   eval_score = 0.5158
2024-03-01 04:54:21,012 -   train_loss = 0.9697
2024-03-01 04:55:11,123 - ***** Epoch: 9: Eval results *****
2024-03-01 04:55:11,123 -   best_eval_score = 0.5158
2024-03-01 04:55:11,123 -   eval_score = 0.5131
2024-03-01 04:55:11,123 -   train_loss = 0.9247
2024-03-01 04:55:11,123 - EarlyStopping counter: 1 out of 8
2024-03-01 04:56:01,094 - ***** Epoch: 10: Eval results *****
2024-03-01 04:56:01,094 -   best_eval_score = 0.5158
2024-03-01 04:56:01,094 -   eval_score = 0.5068
2024-03-01 04:56:01,094 -   train_loss = 0.8882
2024-03-01 04:56:01,094 - EarlyStopping counter: 2 out of 8
2024-03-01 04:56:51,534 - ***** Epoch: 11: Eval results *****
2024-03-01 04:56:51,534 -   best_eval_score = 0.5158
2024-03-01 04:56:51,534 -   eval_score = 0.5159
2024-03-01 04:56:51,534 -   train_loss = 0.8636
2024-03-01 04:57:41,007 - ***** Epoch: 12: Eval results *****
2024-03-01 04:57:41,007 -   best_eval_score = 0.5159
2024-03-01 04:57:41,007 -   eval_score = 0.5173
2024-03-01 04:57:41,007 -   train_loss = 0.8594
2024-03-01 04:58:30,849 - ***** Epoch: 13: Eval results *****
2024-03-01 04:58:30,849 -   best_eval_score = 0.5173
2024-03-01 04:58:30,849 -   eval_score = 0.5231
2024-03-01 04:58:30,849 -   train_loss = 0.8537
2024-03-01 04:59:21,990 - ***** Epoch: 14: Eval results *****
2024-03-01 04:59:21,990 -   best_eval_score = 0.5231
2024-03-01 04:59:21,991 -   eval_score = 0.508
2024-03-01 04:59:21,991 -   train_loss = 0.8468
2024-03-01 04:59:21,991 - EarlyStopping counter: 1 out of 8
2024-03-01 05:00:12,297 - ***** Epoch: 15: Eval results *****
2024-03-01 05:00:12,297 -   best_eval_score = 0.5231
2024-03-01 05:00:12,297 -   eval_score = 0.5165
2024-03-01 05:00:12,297 -   train_loss = 0.8427
2024-03-01 05:00:12,298 - EarlyStopping counter: 2 out of 8
2024-03-01 05:01:04,265 - ***** Epoch: 16: Eval results *****
2024-03-01 05:01:04,265 -   best_eval_score = 0.5231
2024-03-01 05:01:04,265 -   eval_score = 0.5087
2024-03-01 05:01:04,265 -   train_loss = 0.838
2024-03-01 05:01:04,266 - EarlyStopping counter: 3 out of 8
2024-03-01 05:01:54,749 - ***** Epoch: 17: Eval results *****
2024-03-01 05:01:54,749 -   best_eval_score = 0.5231
2024-03-01 05:01:54,749 -   eval_score = 0.5171
2024-03-01 05:01:54,749 -   train_loss = 0.8354
2024-03-01 05:01:54,749 - EarlyStopping counter: 4 out of 8
2024-03-01 05:02:45,596 - ***** Epoch: 18: Eval results *****
2024-03-01 05:02:45,597 -   best_eval_score = 0.5231
2024-03-01 05:02:45,597 -   eval_score = 0.517
2024-03-01 05:02:45,597 -   train_loss = 0.835
2024-03-01 05:02:45,597 - EarlyStopping counter: 5 out of 8
