2024-03-02 00:24:38,071 - ============================== Params ==============================
2024-03-02 00:24:38,071 - logger_name: msz_MIntRec_multi-class_seed-1_2024-03-02-00-24-38
2024-03-02 00:24:38,071 - dataset: MIntRec
2024-03-02 00:24:38,071 - data_mode: multi-class
2024-03-02 00:24:38,071 - method: msz
2024-03-02 00:24:38,071 - text_backbone: bert-base-uncased
2024-03-02 00:24:38,071 - text_backbone_path: /home/sharing/disk1/pretrained_embedding/bert/uncased_L-12_H-768_A-12/
2024-03-02 00:24:38,071 - seed: 1
2024-03-02 00:24:38,071 - num_workers: 8
2024-03-02 00:24:38,071 - gpu_id: 3
2024-03-02 00:24:38,071 - data_path: /home/sharing/disk2/sjh/intentDataset
2024-03-02 00:24:38,071 - train: True
2024-03-02 00:24:38,071 - tune: True
2024-03-02 00:24:38,071 - save_model: True
2024-03-02 00:24:38,071 - save_results: True
2024-03-02 00:24:38,071 - log_path: logs
2024-03-02 00:24:38,071 - cache_path: 
2024-03-02 00:24:38,071 - video_data_path: video_data
2024-03-02 00:24:38,071 - audio_data_path: audio_data
2024-03-02 00:24:38,071 - video_feats_path: video_feats.pkl
2024-03-02 00:24:38,071 - audio_feats_path: audio_feats.pkl
2024-03-02 00:24:38,072 - results_path: results
2024-03-02 00:24:38,072 - output_path: /home/sharing/disk2/sjh/Outputs/MIntRec
2024-03-02 00:24:38,072 - model_path: models
2024-03-02 00:24:38,072 - config_file_name: msz_MIntRec
2024-03-02 00:24:38,072 - results_file_name: msz.csv
2024-03-02 00:24:38,072 - padding_mode: zero
2024-03-02 00:24:38,072 - padding_loc: end
2024-03-02 00:24:38,072 - need_aligned: False
2024-03-02 00:24:38,072 - eval_monitor: f1
2024-03-02 00:24:38,072 - train_batch_size: 16
2024-03-02 00:24:38,072 - eval_batch_size: 8
2024-03-02 00:24:38,072 - test_batch_size: 8
2024-03-02 00:24:38,072 - wait_patience: 8
2024-03-02 00:24:38,072 - hidden_size: 768
2024-03-02 00:24:38,072 - num_attention_heads: 12
2024-03-02 00:24:38,072 - attention_probs_dropout_prob: 0.2
2024-03-02 00:24:38,072 - hidden_dropout_prob: 0.3
2024-03-02 00:24:38,072 - intermediate_size: 768
2024-03-02 00:24:38,072 - num_hidden_layers: 6
2024-03-02 00:24:38,072 - max_position_embeddings: 768
2024-03-02 00:24:38,072 - position_embedding_type: absolute
2024-03-02 00:24:38,072 - batch_first: True
2024-03-02 00:24:38,072 - hidden_dims: 768
2024-03-02 00:24:38,072 - dropout: 0.1
2024-03-02 00:24:38,072 - aligned_method: conv1d
2024-03-02 00:24:38,072 - num_train_epochs: 100
2024-03-02 00:24:38,072 - lr: 9e-06
2024-03-02 00:24:38,072 - pred_output_path: /home/sharing/disk2/sjh/Outputs/MIntRec/msz_MIntRec_multi-class_seed-1_2024-03-02-00-24-38
2024-03-02 00:24:38,072 - model_output_path: /home/sharing/disk2/sjh/Outputs/MIntRec/msz_MIntRec_multi-class_seed-1_2024-03-02-00-24-38/models
2024-03-02 00:24:38,072 - num_labels: 20
2024-03-02 00:24:38,072 - text_feat_dim: 768
2024-03-02 00:24:38,072 - video_feat_dim: 256
2024-03-02 00:24:38,072 - audio_feat_dim: 768
2024-03-02 00:24:38,072 - text_seq_len: 30
2024-03-02 00:24:38,072 - video_seq_len: 230
2024-03-02 00:24:38,072 - audio_seq_len: 480
2024-03-02 00:24:38,072 - device: cuda:3
2024-03-02 00:24:38,072 - ============================== End Params ==============================
2024-03-02 00:24:38,075 - Generate Text Features Begin...
2024-03-02 00:24:38,529 - Generate Text Features Finished...
2024-03-02 00:24:38,529 - Load Video Features Begin...
2024-03-02 00:24:39,087 - Load Video Features Finished...
2024-03-02 00:24:39,509 - Load Audio Features Begin...
2024-03-02 00:24:40,201 - Load Audio Features Finished...
2024-03-02 00:24:42,514 - method  begins...
2024-03-02 00:24:44,082 - Multimodal intent recognition begins...
2024-03-02 00:24:44,082 - Training begins...
2024-03-02 00:25:00,697 - ***** Epoch: 1: Eval results *****
2024-03-02 00:25:00,697 -   train_loss = 2.5645
2024-03-02 00:25:00,697 -   best_eval_score = 0.0
2024-03-02 00:25:00,697 -   eval_score = 0.308
2024-03-02 00:25:17,930 - ***** Epoch: 2: Eval results *****
2024-03-02 00:25:17,930 -   train_loss = 1.4572
2024-03-02 00:25:17,930 -   best_eval_score = 0.308
2024-03-02 00:25:17,930 -   eval_score = 0.5771
2024-03-02 00:25:34,865 - ***** Epoch: 3: Eval results *****
2024-03-02 00:25:34,865 -   train_loss = 0.729
2024-03-02 00:25:34,865 -   best_eval_score = 0.5771
2024-03-02 00:25:34,865 -   eval_score = 0.6035
2024-03-02 00:25:51,783 - ***** Epoch: 4: Eval results *****
2024-03-02 00:25:51,783 -   train_loss = 0.3816
2024-03-02 00:25:51,783 -   best_eval_score = 0.6035
2024-03-02 00:25:51,783 -   eval_score = 0.6454
2024-03-02 00:26:08,689 - ***** Epoch: 5: Eval results *****
2024-03-02 00:26:08,689 -   train_loss = 0.2022
2024-03-02 00:26:08,689 -   best_eval_score = 0.6454
2024-03-02 00:26:08,689 -   eval_score = 0.6492
2024-03-02 00:26:26,030 - ***** Epoch: 6: Eval results *****
2024-03-02 00:26:26,030 -   train_loss = 0.1057
2024-03-02 00:26:26,030 -   best_eval_score = 0.6492
2024-03-02 00:26:26,030 -   eval_score = 0.675
2024-03-02 00:26:43,150 - ***** Epoch: 7: Eval results *****
2024-03-02 00:26:43,150 -   train_loss = 0.0507
2024-03-02 00:26:43,151 -   best_eval_score = 0.675
2024-03-02 00:26:43,151 -   eval_score = 0.6751
2024-03-02 00:27:00,284 - ***** Epoch: 8: Eval results *****
2024-03-02 00:27:00,284 -   train_loss = 0.0327
2024-03-02 00:27:00,284 -   best_eval_score = 0.6751
2024-03-02 00:27:00,284 -   eval_score = 0.681
2024-03-02 00:27:18,041 - ***** Epoch: 9: Eval results *****
2024-03-02 00:27:18,041 -   train_loss = 0.031
2024-03-02 00:27:18,041 -   best_eval_score = 0.681
2024-03-02 00:27:18,041 -   eval_score = 0.6795
2024-03-02 00:27:18,041 - EarlyStopping counter: 1 out of 8
2024-03-02 00:27:34,645 - ***** Epoch: 10: Eval results *****
2024-03-02 00:27:34,646 -   train_loss = 0.0177
2024-03-02 00:27:34,646 -   best_eval_score = 0.681
2024-03-02 00:27:34,646 -   eval_score = 0.6908
2024-03-02 00:27:51,819 - ***** Epoch: 11: Eval results *****
2024-03-02 00:27:51,819 -   train_loss = 0.0134
2024-03-02 00:27:51,819 -   best_eval_score = 0.6908
2024-03-02 00:27:51,819 -   eval_score = 0.6836
2024-03-02 00:27:51,819 - EarlyStopping counter: 1 out of 8
2024-03-02 00:28:09,278 - ***** Epoch: 12: Eval results *****
2024-03-02 00:28:09,278 -   train_loss = 0.0109
2024-03-02 00:28:09,278 -   best_eval_score = 0.6908
2024-03-02 00:28:09,278 -   eval_score = 0.6835
2024-03-02 00:28:09,278 - EarlyStopping counter: 2 out of 8
2024-03-02 00:28:26,897 - ***** Epoch: 13: Eval results *****
2024-03-02 00:28:26,898 -   train_loss = 0.0105
2024-03-02 00:28:26,898 -   best_eval_score = 0.6908
2024-03-02 00:28:26,898 -   eval_score = 0.6891
2024-03-02 00:28:26,898 - EarlyStopping counter: 3 out of 8
2024-03-02 00:28:44,012 - ***** Epoch: 14: Eval results *****
2024-03-02 00:28:44,012 -   train_loss = 0.0108
2024-03-02 00:28:44,012 -   best_eval_score = 0.6908
2024-03-02 00:28:44,013 -   eval_score = 0.69
2024-03-02 00:28:44,013 - EarlyStopping counter: 4 out of 8
2024-03-02 00:29:01,074 - ***** Epoch: 15: Eval results *****
2024-03-02 00:29:01,074 -   train_loss = 0.0096
2024-03-02 00:29:01,075 -   best_eval_score = 0.6908
2024-03-02 00:29:01,075 -   eval_score = 0.6966
2024-03-02 00:29:18,578 - ***** Epoch: 16: Eval results *****
2024-03-02 00:29:18,578 -   train_loss = 0.0096
2024-03-02 00:29:18,578 -   best_eval_score = 0.6966
2024-03-02 00:29:18,578 -   eval_score = 0.6974
2024-03-02 00:29:35,774 - ***** Epoch: 17: Eval results *****
2024-03-02 00:29:35,774 -   train_loss = 0.0086
2024-03-02 00:29:35,775 -   best_eval_score = 0.6974
2024-03-02 00:29:35,775 -   eval_score = 0.6957
2024-03-02 00:29:35,775 - EarlyStopping counter: 1 out of 8
2024-03-02 00:29:52,770 - ***** Epoch: 18: Eval results *****
2024-03-02 00:29:52,770 -   train_loss = 0.0093
2024-03-02 00:29:52,770 -   best_eval_score = 0.6974
2024-03-02 00:29:52,771 -   eval_score = 0.6937
2024-03-02 00:29:52,771 - EarlyStopping counter: 2 out of 8
2024-03-02 00:30:10,304 - ***** Epoch: 19: Eval results *****
2024-03-02 00:30:10,304 -   train_loss = 0.0092
2024-03-02 00:30:10,304 -   best_eval_score = 0.6974
2024-03-02 00:30:10,304 -   eval_score = 0.696
2024-03-02 00:30:10,304 - EarlyStopping counter: 3 out of 8
2024-03-02 00:30:27,343 - ***** Epoch: 20: Eval results *****
2024-03-02 00:30:27,343 -   train_loss = 0.0083
2024-03-02 00:30:27,344 -   best_eval_score = 0.6974
2024-03-02 00:30:27,344 -   eval_score = 0.696
2024-03-02 00:30:27,344 - EarlyStopping counter: 4 out of 8
2024-03-02 00:30:44,877 - ***** Epoch: 21: Eval results *****
2024-03-02 00:30:44,877 -   train_loss = 0.0082
2024-03-02 00:30:44,877 -   best_eval_score = 0.6974
2024-03-02 00:30:44,877 -   eval_score = 0.6924
2024-03-02 00:30:44,878 - EarlyStopping counter: 5 out of 8
2024-03-02 00:31:02,477 - ***** Epoch: 22: Eval results *****
2024-03-02 00:31:02,477 -   train_loss = 0.0084
2024-03-02 00:31:02,477 -   best_eval_score = 0.6974
2024-03-02 00:31:02,477 -   eval_score = 0.6924
2024-03-02 00:31:02,477 - EarlyStopping counter: 6 out of 8
2024-03-02 00:31:19,147 - ***** Epoch: 23: Eval results *****
2024-03-02 00:31:19,147 -   train_loss = 0.0079
2024-03-02 00:31:19,147 -   best_eval_score = 0.6974
2024-03-02 00:31:19,147 -   eval_score = 0.6924
2024-03-02 00:31:19,147 - EarlyStopping counter: 7 out of 8
2024-03-02 00:31:36,334 - ***** Epoch: 24: Eval results *****
2024-03-02 00:31:36,335 -   train_loss = 0.0093
2024-03-02 00:31:36,335 -   best_eval_score = 0.6974
2024-03-02 00:31:36,335 -   eval_score = 0.6924
2024-03-02 00:31:36,335 - EarlyStopping counter: 8 out of 8
2024-03-02 00:31:36,335 - EarlyStopping at epoch 24
2024-03-02 00:31:36,335 - Trained models are saved in /home/sharing/disk2/sjh/Outputs/MIntRec/msz_MIntRec_multi-class_seed-1_2024-03-02-00-24-38/models
2024-03-02 00:31:37,627 - Training is finished...
2024-03-02 00:31:37,627 - Testing begins...
2024-03-02 00:31:41,116 - ***** Test: Confusion Matrix *****
2024-03-02 00:31:41,117 - [[36  1  0  0  8  0  2  1  0  2  1  0  4  2  0  0  0  0  0  0]
 [ 0 36  0  1  0  2  0  0  0  0  1  0  2  1  0  0  0  0  0  0]
 [ 1  0 26  0  0  0  0  0  0  0  0  0  0  0  0  0  0  0  0  0]
 [ 0  1  0 24  0  0  0  0  0  0  0  0  0  0  0  0  0  0  0  0]
 [ 5  0  0  0  8  0  3  0  0  1  0  1  2  0  1  0  0  2  0  0]
 [ 0  0  0  0  0 12  0  0  0  0  0  0  0  0  0  0  0  0  0  0]
 [ 2  1  0  0  2  0  3  0  2  0  0  0  1  0  0  0  1  0  0  0]
 [ 2  1  0  0  0  0  0  5  0  0  2  0  0  0  0  0  0  0  0  0]
 [ 1  0  0  0  1  0  0  2  3  0  0  0  0  2  0  1  0  0  0  0]
 [ 1  0  0  0  1  0  0  0  0  3  1  0  0  0  0  3  0  1  0  0]
 [ 1  0  0  0  0  0  1  0  0  1 14  0  0  0  1  0  0  0  0  0]
 [ 0  0  0  0  0  0  1  0  0  0  0 17  0  0  0  0  0  0  0  1]
 [ 4  2  0  0  1  0  0  1  0  0  0  0 36  3  3  3  2  0  1  1]
 [ 0  1  0  0  0  0  2  0  0  0  1  1  1 17  2  0  0  0  0  0]
 [ 0  0  0  0  1  0  0  0  0  0  0  0  0  2 15  0  1  0  0  3]
 [ 0  0  0  0  0  0  0  1  0  0  0  0  4  0  0 15  0  0  0  1]
 [ 0  0  0  0  0  0  0  1  0  0  0  0  1  0  2  0 13  0  0  0]
 [ 0  0  0  0  0  0  0  0  0  1  1  0  2  0  0  0  0 11  0  0]
 [ 0  0  0  0  0  0  0  0  0  0  0  0  2  0  0  1  0  0  9  0]
 [ 0  0  0  0  0  0  0  0  0  0  0  0  1  1  1  0  1  0  0  6]]
2024-03-02 00:31:41,117 - ***** Evaluation results *****
2024-03-02 00:31:41,117 -   acc = 0.6944
2024-03-02 00:31:41,117 -   f1 = 0.6624
2024-03-02 00:31:41,117 -   prec = 0.6674
2024-03-02 00:31:41,117 -   rec = 0.6659
2024-03-02 00:31:41,118 - Testing is finished...
2024-03-02 00:31:41,118 - Multimodal intent recognition is finished...
2024-03-02 00:31:41,118 - Results are saved in results/msz.csv
