2024-01-18 07:04:53,903 - ============================== Params ==============================
2024-01-18 07:04:53,903 - logger_name: msz_MIntRec_multi-class_seed-2_2024-01-18-07-04-53
2024-01-18 07:04:53,903 - dataset: MIntRec
2024-01-18 07:04:53,903 - data_mode: multi-class
2024-01-18 07:04:53,903 - method: msz
2024-01-18 07:04:53,903 - text_backbone: bert-base-uncased
2024-01-18 07:04:53,903 - text_backbone_path: /home/sharing/disk1/pretrained_embedding/bert/uncased_L-12_H-768_A-12/
2024-01-18 07:04:53,903 - seed: 2
2024-01-18 07:04:53,904 - num_workers: 8
2024-01-18 07:04:53,904 - gpu_id: 1
2024-01-18 07:04:53,904 - data_path: /home/sharing/disk2/sjh/intentDataset
2024-01-18 07:04:53,904 - train: True
2024-01-18 07:04:53,904 - tune: False
2024-01-18 07:04:53,904 - save_model: False
2024-01-18 07:04:53,904 - save_results: True
2024-01-18 07:04:53,904 - log_path: logs
2024-01-18 07:04:53,904 - cache_path: 
2024-01-18 07:04:53,904 - video_data_path: video_data
2024-01-18 07:04:53,904 - audio_data_path: audio_data
2024-01-18 07:04:53,904 - video_feats_path: video_feats.pkl
2024-01-18 07:04:53,904 - audio_feats_path: audio_feats.pkl
2024-01-18 07:04:53,904 - results_path: results
2024-01-18 07:04:53,904 - output_path: /home/sharing/disk2/sjh/Outputs/MIntRec
2024-01-18 07:04:53,904 - model_path: models
2024-01-18 07:04:53,904 - config_file_name: msz
2024-01-18 07:04:53,904 - results_file_name: msz.csv
2024-01-18 07:04:53,904 - padding_mode: zero
2024-01-18 07:04:53,904 - padding_loc: end
2024-01-18 07:04:53,904 - need_aligned: False
2024-01-18 07:04:53,904 - eval_monitor: f1
2024-01-18 07:04:53,904 - train_batch_size: 16
2024-01-18 07:04:53,904 - eval_batch_size: 8
2024-01-18 07:04:53,904 - test_batch_size: 8
2024-01-18 07:04:53,904 - wait_patience: 8
2024-01-18 07:04:53,904 - hidden_size: 768
2024-01-18 07:04:53,904 - num_attention_heads: 12
2024-01-18 07:04:53,904 - attention_probs_dropout_prob: 0.2
2024-01-18 07:04:53,904 - hidden_dropout_prob: 0.2
2024-01-18 07:04:53,904 - intermediate_size: 768
2024-01-18 07:04:53,904 - num_hidden_layers: 8
2024-01-18 07:04:53,904 - max_position_embeddings: 768
2024-01-18 07:04:53,904 - position_embedding_type: absolute
2024-01-18 07:04:53,904 - batch_first: True
2024-01-18 07:04:53,904 - hidden_dims: 768
2024-01-18 07:04:53,904 - dropout: 0.1
2024-01-18 07:04:53,904 - aligned_method: conv1d
2024-01-18 07:04:53,905 - num_train_epochs: 100
2024-01-18 07:04:53,905 - lr: 8e-06
2024-01-18 07:04:53,905 - scale: 64
2024-01-18 07:04:53,905 - pred_output_path: /home/sharing/disk2/sjh/Outputs/MIntRec/msz_MIntRec_multi-class_seed-2_2024-01-18-07-04-53
2024-01-18 07:04:53,905 - model_output_path: /home/sharing/disk2/sjh/Outputs/MIntRec/msz_MIntRec_multi-class_seed-2_2024-01-18-07-04-53/models
2024-01-18 07:04:53,905 - ============================== End Params ==============================
2024-01-18 07:04:53,907 - Generate Text Features Begin...
2024-01-18 07:04:54,351 - Generate Text Features Finished...
2024-01-18 07:04:54,353 - Load Video Features Begin...
2024-01-18 07:04:54,714 - Load Video Features Finished...
2024-01-18 07:04:55,526 - Load Audio Features Begin...
2024-01-18 07:04:56,977 - Load Audio Features Finished...
2024-01-18 07:05:02,600 - method  begins...
