2024-01-08 02:56:37,985 - ============================== Params ==============================
2024-01-08 02:56:37,985 - logger_name: msz_MIntRec_multi-class_seed-3_2024-01-08-02-56-37
2024-01-08 02:56:37,985 - dataset: MIntRec
2024-01-08 02:56:37,985 - data_mode: multi-class
2024-01-08 02:56:37,985 - method: msz
2024-01-08 02:56:37,985 - text_backbone: bert-base-uncased
2024-01-08 02:56:37,986 - text_backbone_path: /home/sharing/disk1/pretrained_embedding/bert/uncased_L-12_H-768_A-12/
2024-01-08 02:56:37,986 - seed: 3
2024-01-08 02:56:37,986 - num_workers: 8
2024-01-08 02:56:37,986 - gpu_id: 1
2024-01-08 02:56:37,986 - data_path: /home/sharing/disk2/sjh/intentDataset
2024-01-08 02:56:37,986 - train: True
2024-01-08 02:56:37,986 - tune: False
2024-01-08 02:56:37,986 - save_model: False
2024-01-08 02:56:37,986 - save_results: True
2024-01-08 02:56:37,986 - log_path: logs
2024-01-08 02:56:37,986 - cache_path: 
2024-01-08 02:56:37,986 - video_data_path: video_data
2024-01-08 02:56:37,986 - audio_data_path: audio_data
2024-01-08 02:56:37,986 - video_feats_path: video_feats.pkl
2024-01-08 02:56:37,986 - audio_feats_path: audio_feats.pkl
2024-01-08 02:56:37,986 - results_path: results
2024-01-08 02:56:37,986 - output_path: /home/sharing/disk2/sjh/Outputs/MIntRec
2024-01-08 02:56:37,986 - model_path: models
2024-01-08 02:56:37,986 - config_file_name: msz
2024-01-08 02:56:37,986 - results_file_name: msz.csv
2024-01-08 02:56:37,986 - padding_mode: zero
2024-01-08 02:56:37,986 - padding_loc: end
2024-01-08 02:56:37,986 - need_aligned: False
2024-01-08 02:56:37,986 - eval_monitor: f1
2024-01-08 02:56:37,986 - train_batch_size: 16
2024-01-08 02:56:37,986 - eval_batch_size: 8
2024-01-08 02:56:37,986 - test_batch_size: 8
2024-01-08 02:56:37,986 - wait_patience: 8
2024-01-08 02:56:37,986 - nheads: 2
2024-01-08 02:56:37,986 - encoder_layers: 2
2024-01-08 02:56:37,986 - attn_dropout: 0.1
2024-01-08 02:56:37,986 - relu_dropout: 0.1
2024-01-08 02:56:37,986 - embed_dropout: 0.1
2024-01-08 02:56:37,986 - res_dropout: 0.1
2024-01-08 02:56:37,986 - attn_mask: False
2024-01-08 02:56:37,986 - hidden_size: 768
2024-01-08 02:56:37,986 - num_attention_heads: 12
2024-01-08 02:56:37,987 - attention_probs_dropout_prob: 0.2
2024-01-08 02:56:37,987 - hidden_dropout_prob: 0.2
2024-01-08 02:56:37,987 - intermediate_size: 768
2024-01-08 02:56:37,987 - num_hidden_layers: 3
2024-01-08 02:56:37,987 - max_position_embeddings: 512
2024-01-08 02:56:37,987 - position_embedding_type: absolute
2024-01-08 02:56:37,987 - batch_first: True
2024-01-08 02:56:37,987 - hidden_dims: 768
2024-01-08 02:56:37,987 - att_dropouts: [0.2, 0.2, 0.2]
2024-01-08 02:56:37,987 - spe_dropouts: [0.1, 0.1, 0.1]
2024-01-08 02:56:37,987 - ta_loss: 0.1
2024-01-08 02:56:37,987 - tv_loss: 0.1
2024-01-08 02:56:37,987 - av_loss: 0.1
2024-01-08 02:56:37,987 - aligned_method: conv1d
2024-01-08 02:56:37,987 - grad_clip: -1
2024-01-08 02:56:37,987 - num_train_epochs: 100
2024-01-08 02:56:37,987 - warmup_proportion: 0.1
2024-01-08 02:56:37,987 - lr: 1e-06
2024-01-08 02:56:37,987 - weight_decay: 0.01
2024-01-08 02:56:37,987 - pred_output_path: /home/sharing/disk2/sjh/Outputs/MIntRec/msz_MIntRec_multi-class_seed-3_2024-01-08-02-56-37
2024-01-08 02:56:37,987 - model_output_path: /home/sharing/disk2/sjh/Outputs/MIntRec/msz_MIntRec_multi-class_seed-3_2024-01-08-02-56-37/models
2024-01-08 02:56:37,987 - ============================== End Params ==============================
2024-01-08 02:56:37,990 - Generate Text Features Begin...
2024-01-08 02:56:38,492 - Generate Text Features Finished...
2024-01-08 02:56:38,492 - Load Video Features Begin...
2024-01-08 02:56:38,811 - Load Video Features Finished...
2024-01-08 02:56:39,425 - Load Audio Features Begin...
2024-01-08 02:56:40,476 - Load Audio Features Finished...
2024-01-08 02:56:43,978 - method  begins...
2024-01-08 02:56:47,433 - Multimodal intent recognition begins...
2024-01-08 02:56:47,433 - Training begins...
2024-01-08 02:57:01,642 - ***** Epoch: 1: Eval results *****
2024-01-08 02:57:01,644 -   train_loss = 2.9877
2024-01-08 02:57:01,644 -   best_eval_score = 0.0
2024-01-08 02:57:01,644 -   eval_score = 0.0398
2024-01-08 02:57:14,280 - ***** Epoch: 2: Eval results *****
2024-01-08 02:57:14,280 -   train_loss = 2.9629
2024-01-08 02:57:14,280 -   best_eval_score = 0.0398
2024-01-08 02:57:14,280 -   eval_score = 0.0343
2024-01-08 02:57:14,280 - EarlyStopping counter: 1 out of 8
2024-01-08 02:57:26,489 - ***** Epoch: 3: Eval results *****
2024-01-08 02:57:26,489 -   train_loss = 2.9189
2024-01-08 02:57:26,489 -   best_eval_score = 0.0398
2024-01-08 02:57:26,489 -   eval_score = 0.02
2024-01-08 02:57:26,489 - EarlyStopping counter: 2 out of 8
2024-01-08 02:57:39,212 - ***** Epoch: 4: Eval results *****
2024-01-08 02:57:39,212 -   train_loss = 2.8512
2024-01-08 02:57:39,212 -   best_eval_score = 0.0398
2024-01-08 02:57:39,212 -   eval_score = 0.1049
2024-01-08 02:57:51,993 - ***** Epoch: 5: Eval results *****
2024-01-08 02:57:51,993 -   train_loss = 2.7463
2024-01-08 02:57:51,993 -   best_eval_score = 0.1049
2024-01-08 02:57:51,993 -   eval_score = 0.1437
2024-01-08 02:58:04,685 - ***** Epoch: 6: Eval results *****
2024-01-08 02:58:04,685 -   train_loss = 2.5914
2024-01-08 02:58:04,685 -   best_eval_score = 0.1437
2024-01-08 02:58:04,685 -   eval_score = 0.1677
2024-01-08 02:58:16,349 - ***** Epoch: 7: Eval results *****
2024-01-08 02:58:16,349 -   train_loss = 2.3642
2024-01-08 02:58:16,349 -   best_eval_score = 0.1677
2024-01-08 02:58:16,349 -   eval_score = 0.1623
2024-01-08 02:58:16,349 - EarlyStopping counter: 1 out of 8
2024-01-08 02:58:28,869 - ***** Epoch: 8: Eval results *****
2024-01-08 02:58:28,869 -   train_loss = 2.0443
2024-01-08 02:58:28,869 -   best_eval_score = 0.1677
2024-01-08 02:58:28,869 -   eval_score = 0.2326
2024-01-08 02:58:41,317 - ***** Epoch: 9: Eval results *****
2024-01-08 02:58:41,317 -   train_loss = 1.6294
2024-01-08 02:58:41,317 -   best_eval_score = 0.2326
2024-01-08 02:58:41,317 -   eval_score = 0.4773
2024-01-08 02:58:53,427 - ***** Epoch: 10: Eval results *****
2024-01-08 02:58:53,427 -   train_loss = 1.3193
2024-01-08 02:58:53,427 -   best_eval_score = 0.4773
2024-01-08 02:58:53,427 -   eval_score = 0.5022
2024-01-08 02:59:05,814 - ***** Epoch: 11: Eval results *****
2024-01-08 02:59:05,814 -   train_loss = 1.1407
2024-01-08 02:59:05,814 -   best_eval_score = 0.5022
2024-01-08 02:59:05,814 -   eval_score = 0.5376
