2024-01-19 11:49:26,749 - ============================== Params ==============================
2024-01-19 11:49:26,750 - logger_name: msz_MIntRec_multi-class_seed-3_2024-01-19-11-49-26
2024-01-19 11:49:26,750 - dataset: MIntRec
2024-01-19 11:49:26,750 - data_mode: multi-class
2024-01-19 11:49:26,750 - method: msz
2024-01-19 11:49:26,750 - text_backbone: bert-base-uncased
2024-01-19 11:49:26,750 - text_backbone_path: /home/sharing/disk1/pretrained_embedding/bert/uncased_L-12_H-768_A-12/
2024-01-19 11:49:26,750 - seed: 3
2024-01-19 11:49:26,750 - num_workers: 8
2024-01-19 11:49:26,750 - gpu_id: 1
2024-01-19 11:49:26,750 - data_path: /home/sharing/disk2/sjh/intentDataset
2024-01-19 11:49:26,750 - train: True
2024-01-19 11:49:26,750 - tune: False
2024-01-19 11:49:26,750 - save_model: False
2024-01-19 11:49:26,750 - save_results: True
2024-01-19 11:49:26,750 - log_path: logs
2024-01-19 11:49:26,750 - cache_path: 
2024-01-19 11:49:26,750 - video_data_path: video_data
2024-01-19 11:49:26,750 - audio_data_path: audio_data
2024-01-19 11:49:26,750 - video_feats_path: video_feats.pkl
2024-01-19 11:49:26,750 - audio_feats_path: audio_feats.pkl
2024-01-19 11:49:26,750 - results_path: results
2024-01-19 11:49:26,750 - output_path: /home/sharing/disk2/sjh/Outputs/MIntRec
2024-01-19 11:49:26,750 - model_path: models
2024-01-19 11:49:26,750 - config_file_name: msz
2024-01-19 11:49:26,750 - results_file_name: msz.csv
2024-01-19 11:49:26,750 - padding_mode: zero
2024-01-19 11:49:26,750 - padding_loc: end
2024-01-19 11:49:26,750 - need_aligned: False
2024-01-19 11:49:26,750 - eval_monitor: f1
2024-01-19 11:49:26,750 - train_batch_size: 16
2024-01-19 11:49:26,750 - eval_batch_size: 8
2024-01-19 11:49:26,750 - test_batch_size: 8
2024-01-19 11:49:26,750 - wait_patience: 8
2024-01-19 11:49:26,750 - hidden_size: 768
2024-01-19 11:49:26,750 - num_attention_heads: 8
2024-01-19 11:49:26,750 - attention_probs_dropout_prob: 0.2
2024-01-19 11:49:26,750 - hidden_dropout_prob: 0.2
2024-01-19 11:49:26,751 - intermediate_size: 768
2024-01-19 11:49:26,751 - num_hidden_layers: 6
2024-01-19 11:49:26,751 - max_position_embeddings: 768
2024-01-19 11:49:26,751 - position_embedding_type: absolute
2024-01-19 11:49:26,751 - batch_first: True
2024-01-19 11:49:26,751 - hidden_dims: 768
2024-01-19 11:49:26,751 - dropout: 0.2
2024-01-19 11:49:26,751 - aligned_method: conv1d
2024-01-19 11:49:26,751 - num_train_epochs: 100
2024-01-19 11:49:26,751 - lr: 8e-06
2024-01-19 11:49:26,751 - scale: 16
2024-01-19 11:49:26,751 - pred_output_path: /home/sharing/disk2/sjh/Outputs/MIntRec/msz_MIntRec_multi-class_seed-3_2024-01-19-11-49-26
2024-01-19 11:49:26,751 - model_output_path: /home/sharing/disk2/sjh/Outputs/MIntRec/msz_MIntRec_multi-class_seed-3_2024-01-19-11-49-26/models
2024-01-19 11:49:26,751 - ============================== End Params ==============================
2024-01-19 11:49:26,800 - Generate Text Features Begin...
2024-01-19 11:49:27,324 - Generate Text Features Finished...
2024-01-19 11:49:27,325 - Load Video Features Begin...
2024-01-19 11:49:28,175 - Load Video Features Finished...
2024-01-19 11:49:28,800 - Load Audio Features Begin...
2024-01-19 11:49:34,014 - Load Audio Features Finished...
2024-01-19 11:49:38,147 - method  begins...
2024-01-19 11:49:44,781 - Multimodal intent recognition begins...
2024-01-19 11:49:44,781 - Training begins...
2024-01-19 11:50:07,594 - ***** Epoch: 1: Eval results *****
2024-01-19 11:50:07,595 -   train_loss = 2.5811
2024-01-19 11:50:07,595 -   best_eval_score = 0.0
2024-01-19 11:50:07,595 -   eval_score = 0.2669
2024-01-19 11:50:27,360 - ***** Epoch: 2: Eval results *****
2024-01-19 11:50:27,360 -   train_loss = 1.6677
2024-01-19 11:50:27,360 -   best_eval_score = 0.2669
2024-01-19 11:50:27,360 -   eval_score = 0.5584
2024-01-19 11:50:47,454 - ***** Epoch: 3: Eval results *****
2024-01-19 11:50:47,454 -   train_loss = 1.0262
2024-01-19 11:50:47,454 -   best_eval_score = 0.5584
2024-01-19 11:50:47,454 -   eval_score = 0.6181
2024-01-19 11:51:07,524 - ***** Epoch: 4: Eval results *****
2024-01-19 11:51:07,526 -   train_loss = 0.5802
2024-01-19 11:51:07,526 -   best_eval_score = 0.6181
2024-01-19 11:51:07,526 -   eval_score = 0.6554
2024-01-19 11:51:26,039 - ***** Epoch: 5: Eval results *****
2024-01-19 11:51:26,039 -   train_loss = 0.3109
2024-01-19 11:51:26,039 -   best_eval_score = 0.6554
2024-01-19 11:51:26,039 -   eval_score = 0.6647
2024-01-19 11:51:45,990 - ***** Epoch: 6: Eval results *****
2024-01-19 11:51:45,990 -   train_loss = 0.1595
2024-01-19 11:51:45,990 -   best_eval_score = 0.6647
2024-01-19 11:51:45,991 -   eval_score = 0.6701
2024-01-19 11:52:04,708 - ***** Epoch: 7: Eval results *****
2024-01-19 11:52:04,708 -   train_loss = 0.0941
2024-01-19 11:52:04,708 -   best_eval_score = 0.6701
2024-01-19 11:52:04,708 -   eval_score = 0.6813
2024-01-19 11:52:25,616 - ***** Epoch: 8: Eval results *****
2024-01-19 11:52:25,616 -   train_loss = 0.0583
2024-01-19 11:52:25,617 -   best_eval_score = 0.6813
2024-01-19 11:52:25,617 -   eval_score = 0.6959
2024-01-19 11:52:44,543 - ***** Epoch: 9: Eval results *****
2024-01-19 11:52:44,543 -   train_loss = 0.0379
2024-01-19 11:52:44,543 -   best_eval_score = 0.6959
2024-01-19 11:52:44,543 -   eval_score = 0.6711
2024-01-19 11:52:44,543 - EarlyStopping counter: 1 out of 8
2024-01-19 11:53:05,304 - ***** Epoch: 10: Eval results *****
2024-01-19 11:53:05,305 -   train_loss = 0.0268
2024-01-19 11:53:05,305 -   best_eval_score = 0.6959
2024-01-19 11:53:05,305 -   eval_score = 0.6845
2024-01-19 11:53:05,305 - EarlyStopping counter: 2 out of 8
2024-01-19 11:53:24,091 - ***** Epoch: 11: Eval results *****
2024-01-19 11:53:24,092 -   train_loss = 0.021
2024-01-19 11:53:24,092 -   best_eval_score = 0.6959
2024-01-19 11:53:24,092 -   eval_score = 0.6812
2024-01-19 11:53:24,092 - EarlyStopping counter: 3 out of 8
2024-01-19 11:53:43,981 - ***** Epoch: 12: Eval results *****
2024-01-19 11:53:43,981 -   train_loss = 0.0192
2024-01-19 11:53:43,981 -   best_eval_score = 0.6959
2024-01-19 11:53:43,981 -   eval_score = 0.6808
2024-01-19 11:53:43,981 - EarlyStopping counter: 4 out of 8
2024-01-19 11:54:03,495 - ***** Epoch: 13: Eval results *****
2024-01-19 11:54:03,495 -   train_loss = 0.0185
2024-01-19 11:54:03,495 -   best_eval_score = 0.6959
2024-01-19 11:54:03,495 -   eval_score = 0.6754
2024-01-19 11:54:03,495 - EarlyStopping counter: 5 out of 8
2024-01-19 11:54:24,433 - ***** Epoch: 14: Eval results *****
2024-01-19 11:54:24,434 -   train_loss = 0.0173
2024-01-19 11:54:24,434 -   best_eval_score = 0.6959
2024-01-19 11:54:24,434 -   eval_score = 0.6744
2024-01-19 11:54:24,434 - EarlyStopping counter: 6 out of 8
2024-01-19 11:54:45,397 - ***** Epoch: 15: Eval results *****
2024-01-19 11:54:45,397 -   train_loss = 0.0157
2024-01-19 11:54:45,397 -   best_eval_score = 0.6959
2024-01-19 11:54:45,397 -   eval_score = 0.6756
2024-01-19 11:54:45,397 - EarlyStopping counter: 7 out of 8
2024-01-19 11:55:04,623 - ***** Epoch: 16: Eval results *****
2024-01-19 11:55:04,623 -   train_loss = 0.0151
2024-01-19 11:55:04,624 -   best_eval_score = 0.6959
2024-01-19 11:55:04,624 -   eval_score = 0.6749
2024-01-19 11:55:04,624 - EarlyStopping counter: 8 out of 8
2024-01-19 11:55:04,624 - EarlyStopping at epoch 16
2024-01-19 11:55:04,626 - Training is finished...
2024-01-19 11:55:04,627 - Testing begins...
2024-01-19 11:55:08,365 - ***** Test: Confusion Matrix *****
2024-01-19 11:55:08,366 - [[36  2  0  0  8  0  3  1  0  1  0  1  4  1  0  0  0  0  0  0]
 [ 0 36  0  1  0  2  0  0  0  0  1  0  3  0  0  0  0  0  0  0]
 [ 1  0 26  0  0  0  0  0  0  0  0  0  0  0  0  0  0  0  0  0]
 [ 0  1  0 24  0  0  0  0  0  0  0  0  0  0  0  0  0  0  0  0]
 [ 7  0  0  0 10  0  1  0  0  1  0  1  1  1  0  0  0  1  0  0]
 [ 0  0  0  0  0 12  0  0  0  0  0  0  0  0  0  0  0  0  0  0]
 [ 1  1  0  0  2  0  4  0  2  0  0  0  1  0  1  0  0  0  0  0]
 [ 3  0  0  0  0  1  1  4  1  0  0  0  0  0  0  0  0  0  0  0]
 [ 2  0  0  0  0  0  0  2  3  0  0  0  1  1  0  1  0  0  0  0]
 [ 1  0  0  0  0  0  1  0  0  3  1  0  0  0  0  3  0  1  0  0]
 [ 1  0  0  0  0  0  1  0  0  2 13  0  0  0  1  0  0  0  0  0]
 [ 0  0  0  0  0  0  1  0  0  0  0 17  0  0  0  0  0  0  0  1]
 [ 3  2  0  0  1  0  0  0  0  0  0  1 42  0  5  1  2  0  0  0]
 [ 1  1  0  0  0  0  1  0  0  0  1  1  1 16  3  0  0  0  0  0]
 [ 0  0  0  0  1  0  0  0  1  0  0  0  0  1 17  0  1  0  0  1]
 [ 0  0  0  0  0  0  0  1  0  0  0  0  5  0  0 14  0  0  0  1]
 [ 0  0  0  0  0  0  0  0  0  0  0  0  2  0  1  0 14  0  0  0]
 [ 0  0  0  0  0  0  0  0  0  1  1  0  0  0  1  0  0 12  0  0]
 [ 0  0  0  0  0  0  0  0  0  0  0  1  2  0  0  1  0  0  8  0]
 [ 0  0  0  0  0  0  0  0  0  0  0  2  0  1  1  0  1  0  0  5]]
2024-01-19 11:55:08,366 - ***** Evaluation results *****
2024-01-19 11:55:08,366 -   acc = 0.7101
2024-01-19 11:55:08,366 -   f1 = 0.6727
2024-01-19 11:55:08,366 -   prec = 0.6872
2024-01-19 11:55:08,366 -   rec = 0.6692
2024-01-19 11:55:08,367 - Testing is finished...
2024-01-19 11:55:08,367 - Multimodal intent recognition is finished...
2024-01-19 11:55:08,367 - Results are saved in results/msz.csv
