2024-01-12 01:53:24,218 - ============================== Params ==============================
2024-01-12 01:53:24,218 - logger_name: msz_MIntRec_multi-class_seed-1_2024-01-12-01-53-24
2024-01-12 01:53:24,218 - dataset: MIntRec
2024-01-12 01:53:24,218 - data_mode: multi-class
2024-01-12 01:53:24,219 - method: msz
2024-01-12 01:53:24,219 - text_backbone: bert-base-uncased
2024-01-12 01:53:24,219 - text_backbone_path: /home/sharing/disk1/pretrained_embedding/bert/uncased_L-12_H-768_A-12/
2024-01-12 01:53:24,219 - seed: 1
2024-01-12 01:53:24,219 - num_workers: 8
2024-01-12 01:53:24,219 - gpu_id: 1
2024-01-12 01:53:24,219 - data_path: /home/sharing/disk2/sjh/intentDataset
2024-01-12 01:53:24,219 - train: True
2024-01-12 01:53:24,219 - tune: False
2024-01-12 01:53:24,219 - save_model: False
2024-01-12 01:53:24,219 - save_results: True
2024-01-12 01:53:24,219 - log_path: logs
2024-01-12 01:53:24,220 - cache_path: 
2024-01-12 01:53:24,220 - video_data_path: video_data
2024-01-12 01:53:24,220 - audio_data_path: audio_data
2024-01-12 01:53:24,220 - video_feats_path: video_feats.pkl
2024-01-12 01:53:24,220 - audio_feats_path: audio_feats.pkl
2024-01-12 01:53:24,220 - results_path: results
2024-01-12 01:53:24,220 - output_path: /home/sharing/disk2/sjh/Outputs/MIntRec
2024-01-12 01:53:24,220 - model_path: models
2024-01-12 01:53:24,220 - config_file_name: msz
2024-01-12 01:53:24,220 - results_file_name: msz.csv
2024-01-12 01:53:24,220 - padding_mode: zero
2024-01-12 01:53:24,220 - padding_loc: end
2024-01-12 01:53:24,221 - need_aligned: False
2024-01-12 01:53:24,221 - eval_monitor: f1
2024-01-12 01:53:24,221 - train_batch_size: 16
2024-01-12 01:53:24,221 - eval_batch_size: 8
2024-01-12 01:53:24,221 - test_batch_size: 8
2024-01-12 01:53:24,221 - wait_patience: 8
2024-01-12 01:53:24,221 - nheads: 12
2024-01-12 01:53:24,221 - encoder_layers: 6
2024-01-12 01:53:24,221 - attn_dropout: 0.1
2024-01-12 01:53:24,221 - relu_dropout: 0.3
2024-01-12 01:53:24,221 - embed_dropout: 0.2
2024-01-12 01:53:24,221 - res_dropout: 0.1
2024-01-12 01:53:24,221 - attn_mask: False
2024-01-12 01:53:24,222 - hidden_size: 768
2024-01-12 01:53:24,222 - num_attention_heads: 12
2024-01-12 01:53:24,222 - attention_probs_dropout_prob: 0.2
2024-01-12 01:53:24,222 - hidden_dropout_prob: 0.2
2024-01-12 01:53:24,222 - intermediate_size: 768
2024-01-12 01:53:24,222 - num_hidden_layers: 6
2024-01-12 01:53:24,222 - max_position_embeddings: 768
2024-01-12 01:53:24,222 - position_embedding_type: absolute
2024-01-12 01:53:24,222 - batch_first: True
2024-01-12 01:53:24,222 - hidden_dims: 768
2024-01-12 01:53:24,222 - att_dropouts: [0.2, 0.2, 0.2]
2024-01-12 01:53:24,223 - spe_dropouts: [0.2, 0.1, 0.1]
2024-01-12 01:53:24,223 - aligned_method: conv1d
2024-01-12 01:53:24,223 - grad_clip: 2
2024-01-12 01:53:24,223 - num_train_epochs: 100
2024-01-12 01:53:24,223 - warmup_proportion: 0.1
2024-01-12 01:53:24,223 - lr: 3e-06
2024-01-12 01:53:24,223 - weight_decay: 0.01
2024-01-12 01:53:24,223 - pred_output_path: /home/sharing/disk2/sjh/Outputs/MIntRec/msz_MIntRec_multi-class_seed-1_2024-01-12-01-53-24
2024-01-12 01:53:24,223 - model_output_path: /home/sharing/disk2/sjh/Outputs/MIntRec/msz_MIntRec_multi-class_seed-1_2024-01-12-01-53-24/models
2024-01-12 01:53:24,223 - ============================== End Params ==============================
2024-01-12 01:53:24,289 - Generate Text Features Begin...
2024-01-12 01:53:24,717 - Generate Text Features Finished...
2024-01-12 01:53:24,718 - Load Video Features Begin...
2024-01-12 01:53:25,559 - Load Video Features Finished...
2024-01-12 01:53:26,068 - Load Audio Features Begin...
2024-01-12 01:53:31,250 - Load Audio Features Finished...
2024-01-12 01:53:35,063 - method  begins...
2024-01-12 01:53:40,604 - Multimodal intent recognition begins...
2024-01-12 01:53:40,604 - Training begins...
2024-01-12 01:53:59,845 - ***** Epoch: 1: Eval results *****
2024-01-12 01:53:59,845 -   train_loss = 2.951
2024-01-12 01:53:59,845 -   best_eval_score = 0.0
2024-01-12 01:53:59,845 -   eval_score = 0.0381
2024-01-12 01:54:16,956 - ***** Epoch: 2: Eval results *****
2024-01-12 01:54:16,956 -   train_loss = 2.8304
2024-01-12 01:54:16,956 -   best_eval_score = 0.0381
2024-01-12 01:54:16,956 -   eval_score = 0.0334
2024-01-12 01:54:16,956 - EarlyStopping counter: 1 out of 8
2024-01-12 01:54:34,161 - ***** Epoch: 3: Eval results *****
2024-01-12 01:54:34,162 -   train_loss = 2.7103
2024-01-12 01:54:34,162 -   best_eval_score = 0.0381
2024-01-12 01:54:34,162 -   eval_score = 0.096
2024-01-12 01:54:51,214 - ***** Epoch: 4: Eval results *****
2024-01-12 01:54:51,215 -   train_loss = 2.4868
2024-01-12 01:54:51,215 -   best_eval_score = 0.096
2024-01-12 01:54:51,215 -   eval_score = 0.2191
2024-01-12 01:55:08,588 - ***** Epoch: 5: Eval results *****
2024-01-12 01:55:08,588 -   train_loss = 2.1082
2024-01-12 01:55:08,588 -   best_eval_score = 0.2191
2024-01-12 01:55:08,588 -   eval_score = 0.3764
2024-01-12 01:55:25,713 - ***** Epoch: 6: Eval results *****
2024-01-12 01:55:25,714 -   train_loss = 1.6991
2024-01-12 01:55:25,714 -   best_eval_score = 0.3764
2024-01-12 01:55:25,714 -   eval_score = 0.4715
2024-01-12 01:55:43,187 - ***** Epoch: 7: Eval results *****
2024-01-12 01:55:43,187 -   train_loss = 1.3565
2024-01-12 01:55:43,187 -   best_eval_score = 0.4715
2024-01-12 01:55:43,187 -   eval_score = 0.5482
2024-01-12 01:56:00,557 - ***** Epoch: 8: Eval results *****
2024-01-12 01:56:00,557 -   train_loss = 1.0353
2024-01-12 01:56:00,558 -   best_eval_score = 0.5482
2024-01-12 01:56:00,558 -   eval_score = 0.5822
2024-01-12 01:56:18,507 - ***** Epoch: 9: Eval results *****
2024-01-12 01:56:18,508 -   train_loss = 0.7628
2024-01-12 01:56:18,508 -   best_eval_score = 0.5822
2024-01-12 01:56:18,508 -   eval_score = 0.6106
2024-01-12 01:56:37,293 - ***** Epoch: 10: Eval results *****
2024-01-12 01:56:37,293 -   train_loss = 0.5534
2024-01-12 01:56:37,293 -   best_eval_score = 0.6106
2024-01-12 01:56:37,293 -   eval_score = 0.6497
2024-01-12 01:56:55,596 - ***** Epoch: 11: Eval results *****
2024-01-12 01:56:55,597 -   train_loss = 0.394
2024-01-12 01:56:55,597 -   best_eval_score = 0.6497
2024-01-12 01:56:55,597 -   eval_score = 0.6626
2024-01-12 01:57:14,609 - ***** Epoch: 12: Eval results *****
2024-01-12 01:57:14,610 -   train_loss = 0.2735
2024-01-12 01:57:14,610 -   best_eval_score = 0.6626
2024-01-12 01:57:14,610 -   eval_score = 0.666
2024-01-12 01:57:34,056 - ***** Epoch: 13: Eval results *****
2024-01-12 01:57:34,057 -   train_loss = 0.1991
2024-01-12 01:57:34,057 -   best_eval_score = 0.666
2024-01-12 01:57:34,057 -   eval_score = 0.676
2024-01-12 01:57:52,352 - ***** Epoch: 14: Eval results *****
2024-01-12 01:57:52,352 -   train_loss = 0.1445
2024-01-12 01:57:52,352 -   best_eval_score = 0.676
2024-01-12 01:57:52,352 -   eval_score = 0.675
2024-01-12 01:57:52,352 - EarlyStopping counter: 1 out of 8
2024-01-12 01:58:11,093 - ***** Epoch: 15: Eval results *****
2024-01-12 01:58:11,093 -   train_loss = 0.1081
2024-01-12 01:58:11,093 -   best_eval_score = 0.676
2024-01-12 01:58:11,093 -   eval_score = 0.6758
2024-01-12 01:58:11,093 - EarlyStopping counter: 2 out of 8
2024-01-12 01:58:29,473 - ***** Epoch: 16: Eval results *****
2024-01-12 01:58:29,473 -   train_loss = 0.0832
2024-01-12 01:58:29,473 -   best_eval_score = 0.676
2024-01-12 01:58:29,473 -   eval_score = 0.6744
2024-01-12 01:58:29,473 - EarlyStopping counter: 3 out of 8
2024-01-12 01:58:48,215 - ***** Epoch: 17: Eval results *****
2024-01-12 01:58:48,215 -   train_loss = 0.0657
2024-01-12 01:58:48,215 -   best_eval_score = 0.676
2024-01-12 01:58:48,215 -   eval_score = 0.6839
2024-01-12 01:59:07,585 - ***** Epoch: 18: Eval results *****
2024-01-12 01:59:07,585 -   train_loss = 0.0542
2024-01-12 01:59:07,585 -   best_eval_score = 0.6839
2024-01-12 01:59:07,585 -   eval_score = 0.672
2024-01-12 01:59:07,585 - EarlyStopping counter: 1 out of 8
2024-01-12 01:59:25,934 - ***** Epoch: 19: Eval results *****
2024-01-12 01:59:25,934 -   train_loss = 0.0482
2024-01-12 01:59:25,934 -   best_eval_score = 0.6839
2024-01-12 01:59:25,934 -   eval_score = 0.6642
2024-01-12 01:59:25,934 - EarlyStopping counter: 2 out of 8
2024-01-12 01:59:44,107 - ***** Epoch: 20: Eval results *****
2024-01-12 01:59:44,107 -   train_loss = 0.0374
2024-01-12 01:59:44,107 -   best_eval_score = 0.6839
2024-01-12 01:59:44,107 -   eval_score = 0.6655
2024-01-12 01:59:44,107 - EarlyStopping counter: 3 out of 8
2024-01-12 02:00:02,965 - ***** Epoch: 21: Eval results *****
2024-01-12 02:00:02,965 -   train_loss = 0.0324
2024-01-12 02:00:02,965 -   best_eval_score = 0.6839
2024-01-12 02:00:02,965 -   eval_score = 0.6849
2024-01-12 02:00:21,644 - ***** Epoch: 22: Eval results *****
2024-01-12 02:00:21,645 -   train_loss = 0.0272
2024-01-12 02:00:21,645 -   best_eval_score = 0.6849
2024-01-12 02:00:21,645 -   eval_score = 0.6803
2024-01-12 02:00:21,645 - EarlyStopping counter: 1 out of 8
2024-01-12 02:00:40,017 - ***** Epoch: 23: Eval results *****
2024-01-12 02:00:40,017 -   train_loss = 0.0255
2024-01-12 02:00:40,017 -   best_eval_score = 0.6849
2024-01-12 02:00:40,017 -   eval_score = 0.6768
2024-01-12 02:00:40,017 - EarlyStopping counter: 2 out of 8
2024-01-12 02:00:58,092 - ***** Epoch: 24: Eval results *****
2024-01-12 02:00:58,092 -   train_loss = 0.0215
2024-01-12 02:00:58,092 -   best_eval_score = 0.6849
2024-01-12 02:00:58,092 -   eval_score = 0.6668
2024-01-12 02:00:58,092 - EarlyStopping counter: 3 out of 8
2024-01-12 02:01:16,237 - ***** Epoch: 25: Eval results *****
2024-01-12 02:01:16,237 -   train_loss = 0.0186
2024-01-12 02:01:16,237 -   best_eval_score = 0.6849
2024-01-12 02:01:16,237 -   eval_score = 0.67
2024-01-12 02:01:16,238 - EarlyStopping counter: 4 out of 8
2024-01-12 02:01:34,863 - ***** Epoch: 26: Eval results *****
2024-01-12 02:01:34,863 -   train_loss = 0.0184
2024-01-12 02:01:34,864 -   best_eval_score = 0.6849
2024-01-12 02:01:34,864 -   eval_score = 0.6722
2024-01-12 02:01:34,864 - EarlyStopping counter: 5 out of 8
2024-01-12 02:01:53,491 - ***** Epoch: 27: Eval results *****
2024-01-12 02:01:53,491 -   train_loss = 0.0147
2024-01-12 02:01:53,491 -   best_eval_score = 0.6849
2024-01-12 02:01:53,491 -   eval_score = 0.6773
2024-01-12 02:01:53,491 - EarlyStopping counter: 6 out of 8
2024-01-12 02:02:12,513 - ***** Epoch: 28: Eval results *****
2024-01-12 02:02:12,513 -   train_loss = 0.0133
2024-01-12 02:02:12,513 -   best_eval_score = 0.6849
2024-01-12 02:02:12,513 -   eval_score = 0.6758
2024-01-12 02:02:12,513 - EarlyStopping counter: 7 out of 8
2024-01-12 02:02:31,139 - ***** Epoch: 29: Eval results *****
2024-01-12 02:02:31,139 -   train_loss = 0.0134
2024-01-12 02:02:31,139 -   best_eval_score = 0.6849
2024-01-12 02:02:31,139 -   eval_score = 0.6683
2024-01-12 02:02:31,139 - EarlyStopping counter: 8 out of 8
2024-01-12 02:02:31,139 - EarlyStopping at epoch 29
2024-01-12 02:02:31,142 - Training is finished...
2024-01-12 02:02:31,142 - Testing begins...
2024-01-12 02:02:34,320 - ***** Test: Confusion Matrix *****
2024-01-12 02:02:34,321 - [[38  2  0  0  7  0  3  0  0  2  1  0  3  1  0  0  0  0  0  0]
 [ 0 35  0  1  0  3  0  0  0  0  2  0  2  0  0  0  0  0  0  0]
 [ 1  0 26  0  0  0  0  0  0  0  0  0  0  0  0  0  0  0  0  0]
 [ 0  1  0 24  0  0  0  0  0  0  0  0  0  0  0  0  0  0  0  0]
 [ 4  0  0  0 11  0  4  0  0  0  0  1  1  1  0  0  0  1  0  0]
 [ 0  0  0  0  0 11  0  0  0  0  0  0  1  0  0  0  0  0  0  0]
 [ 1  1  0  0  4  0  1  0  3  0  0  0  1  0  1  0  0  0  0  0]
 [ 3  0  0  0  0  0  0  6  1  0  0  0  0  0  0  0  0  0  0  0]
 [ 1  0  0  0  1  0  0  1  4  0  0  0  0  1  0  2  0  0  0  0]
 [ 1  0  0  0  1  0  0  0  0  3  0  0  0  0  0  3  0  1  0  1]
 [ 1  0  0  0  0  0  1  0  0  1 13  0  0  0  1  0  1  0  0  0]
 [ 0  0  0  0  0  0  1  0  0  0  0 17  0  0  0  0  0  0  0  1]
 [ 3  2  0  1  1  0  0  1  0  0  0  1 35  3  4  2  2  0  1  1]
 [ 0  1  0  0  0  0  2  0  0  0  1  1  1 17  2  0  0  0  0  0]
 [ 0  0  0  0  0  0  0  0  0  0  0  0  3  2 16  0  1  0  0  0]
 [ 0  0  0  0  0  0  0  1  0  0  0  0  2  0  1 16  0  0  0  1]
 [ 0  0  0  0  0  0  0  0  0  0  0  0  1  0  3  1 12  0  0  0]
 [ 0  0  0  0  0  0  0  0  0  1  2  0  2  0  0  0  0 10  0  0]
 [ 0  0  0  0  0  0  0  0  0  0  0  0  2  0  0  1  0  0  9  0]
 [ 0  0  0  0  0  0  0  0  0  0  0  0  1  1  1  0  2  0  0  5]]
2024-01-12 02:02:34,321 - ***** Evaluation results *****
2024-01-12 02:02:34,321 -   acc = 0.6944
2024-01-12 02:02:34,321 -   f1 = 0.6607
2024-01-12 02:02:34,321 -   prec = 0.6675
2024-01-12 02:02:34,321 -   rec = 0.6602
2024-01-12 02:02:34,321 - Testing is finished...
2024-01-12 02:02:34,321 - Multimodal intent recognition is finished...
2024-01-12 02:02:34,321 - Results are saved in results/msz.csv
