2024-03-14 12:54:11,016 - ============================== Params ==============================
2024-03-14 12:54:11,016 - logger_name: msz_MIntRec2_multi-class_seed-1_2024-03-14-12-54-11
2024-03-14 12:54:11,016 - dataset: MIntRec2
2024-03-14 12:54:11,016 - data_mode: multi-class
2024-03-14 12:54:11,016 - method: msz
2024-03-14 12:54:11,016 - text_backbone: bert-base-uncased
2024-03-14 12:54:11,016 - text_backbone_path: /home/sharing/disk1/pretrained_embedding/bert/uncased_L-12_H-768_A-12/
2024-03-14 12:54:11,016 - seed: 1
2024-03-14 12:54:11,016 - num_workers: 8
2024-03-14 12:54:11,017 - gpu_id: 3
2024-03-14 12:54:11,017 - data_path: /home/sharing/disk2/sjh/intentDataset
2024-03-14 12:54:11,017 - train: True
2024-03-14 12:54:11,017 - tune: True
2024-03-14 12:54:11,017 - save_model: False
2024-03-14 12:54:11,017 - save_results: True
2024-03-14 12:54:11,017 - log_path: logs
2024-03-14 12:54:11,017 - cache_path: 
2024-03-14 12:54:11,017 - video_data_path: video_data
2024-03-14 12:54:11,017 - audio_data_path: audio_data
2024-03-14 12:54:11,017 - video_feats_path: video_feats.pkl
2024-03-14 12:54:11,017 - audio_feats_path: audio_feats.pkl
2024-03-14 12:54:11,017 - results_path: results
2024-03-14 12:54:11,017 - output_path: /home/sharing/disk2/sjh/Outputs/MIntRec2
2024-03-14 12:54:11,017 - model_path: models
2024-03-14 12:54:11,017 - config_file_name: msz_MIntRec2
2024-03-14 12:54:11,017 - results_file_name: msz.csv
2024-03-14 12:54:11,017 - padding_mode: zero
2024-03-14 12:54:11,017 - padding_loc: end
2024-03-14 12:54:11,017 - need_aligned: False
2024-03-14 12:54:11,017 - eval_monitor: f1
2024-03-14 12:54:11,017 - train_batch_size: 32
2024-03-14 12:54:11,017 - eval_batch_size: 16
2024-03-14 12:54:11,017 - test_batch_size: 16
2024-03-14 12:54:11,017 - wait_patience: 8
2024-03-14 12:54:11,017 - hidden_dims: 768
2024-03-14 12:54:11,017 - num_attention_heads: 6
2024-03-14 12:54:11,017 - attention_probs_dropout_prob: 0.3
2024-03-14 12:54:11,017 - hidden_dropout_prob: 0.5
2024-03-14 12:54:11,017 - intermediate_size: 768
2024-03-14 12:54:11,017 - num_hidden_layers: 6
2024-03-14 12:54:11,017 - max_position_embeddings: 1000
2024-03-14 12:54:11,017 - position_embedding_type: absolute
2024-03-14 12:54:11,017 - batch_first: True
2024-03-14 12:54:11,017 - dropout: 0.2
2024-03-14 12:54:11,017 - aligned_method: conv1d
2024-03-14 12:54:11,017 - num_train_epochs: 100
2024-03-14 12:54:11,017 - lr: 4e-06
2024-03-14 12:54:11,017 - lr_mode: min
2024-03-14 12:54:11,018 - patience: 5
2024-03-14 12:54:11,018 - factor: 1.5
2024-03-14 12:54:11,018 - pred_output_path: /home/sharing/disk2/sjh/Outputs/MIntRec2/msz_MIntRec2_multi-class_seed-1_2024-03-14-12-54-11
2024-03-14 12:54:11,018 - model_output_path: /home/sharing/disk2/sjh/Outputs/MIntRec2/msz_MIntRec2_multi-class_seed-1_2024-03-14-12-54-11/models
2024-03-14 12:54:11,018 - ============================== End Params ==============================
2024-03-14 12:54:11,032 - Generate Text Features Begin...
2024-03-14 12:54:12,867 - Generate Text Features Finished...
2024-03-14 12:54:12,869 - Load Video Features Begin...
2024-03-14 12:54:26,500 - Load Video Features Finished...
2024-03-14 12:54:28,180 - Load Audio Features Begin...
