2024-01-07 07:53:02,808 - ============================== Params ==============================
2024-01-07 07:53:02,809 - logger_name: msz_MIntRec_multi-class_seed-1_2024-01-07-07-53-02
2024-01-07 07:53:02,809 - dataset: MIntRec
2024-01-07 07:53:02,809 - data_mode: multi-class
2024-01-07 07:53:02,809 - method: msz
2024-01-07 07:53:02,809 - text_backbone: bert-base-uncased
2024-01-07 07:53:02,809 - text_backbone_path: /home/sharing/disk1/pretrained_embedding/bert/uncased_L-12_H-768_A-12/
2024-01-07 07:53:02,809 - seed: 1
2024-01-07 07:53:02,809 - num_workers: 8
2024-01-07 07:53:02,809 - gpu_id: 1
2024-01-07 07:53:02,809 - data_path: /home/sharing/disk2/sjh/intentDataset
2024-01-07 07:53:02,809 - train: True
2024-01-07 07:53:02,809 - tune: False
2024-01-07 07:53:02,809 - save_model: False
2024-01-07 07:53:02,809 - save_results: True
2024-01-07 07:53:02,809 - log_path: logs
2024-01-07 07:53:02,809 - cache_path: 
2024-01-07 07:53:02,809 - video_data_path: video_data
2024-01-07 07:53:02,809 - audio_data_path: audio_data
2024-01-07 07:53:02,809 - video_feats_path: video_feats.pkl
2024-01-07 07:53:02,809 - audio_feats_path: audio_feats.pkl
2024-01-07 07:53:02,809 - results_path: results
2024-01-07 07:53:02,809 - output_path: /home/sharing/disk2/sjh/Outputs/MIntRec
2024-01-07 07:53:02,809 - model_path: models
2024-01-07 07:53:02,809 - config_file_name: msz
2024-01-07 07:53:02,809 - results_file_name: msz.csv
2024-01-07 07:53:02,809 - padding_mode: zero
2024-01-07 07:53:02,809 - padding_loc: end
2024-01-07 07:53:02,809 - need_aligned: False
2024-01-07 07:53:02,809 - eval_monitor: f1
2024-01-07 07:53:02,809 - train_batch_size: 16
2024-01-07 07:53:02,809 - eval_batch_size: 8
2024-01-07 07:53:02,809 - test_batch_size: 8
2024-01-07 07:53:02,809 - wait_patience: 8
2024-01-07 07:53:02,809 - nheads: 2
2024-01-07 07:53:02,809 - encoder_layers: 2
2024-01-07 07:53:02,810 - attn_dropout: 0.1
2024-01-07 07:53:02,810 - relu_dropout: 0.1
2024-01-07 07:53:02,810 - embed_dropout: 0.1
2024-01-07 07:53:02,810 - res_dropout: 0.1
2024-01-07 07:53:02,810 - attn_mask: False
2024-01-07 07:53:02,810 - hidden_size: 768
2024-01-07 07:53:02,810 - num_attention_heads: 12
2024-01-07 07:53:02,810 - attention_probs_dropout_prob: 0.2
2024-01-07 07:53:02,810 - hidden_dropout_prob: 0.2
2024-01-07 07:53:02,810 - intermediate_size: 768
2024-01-07 07:53:02,810 - num_hidden_layers: 3
2024-01-07 07:53:02,810 - max_position_embeddings: 512
2024-01-07 07:53:02,810 - position_embedding_type: absolute
2024-01-07 07:53:02,810 - batch_first: True
2024-01-07 07:53:02,810 - hidden_dims: 768
2024-01-07 07:53:02,810 - att_dropouts: [0.2, 0.2, 0.2]
2024-01-07 07:53:02,810 - spe_dropouts: [0.1, 0.1, 0.1]
2024-01-07 07:53:02,810 - ta_loss: 0.1
2024-01-07 07:53:02,810 - tv_loss: 0.1
2024-01-07 07:53:02,810 - av_loss: 0.1
2024-01-07 07:53:02,810 - aligned_method: ctc
2024-01-07 07:53:02,810 - grad_clip: -1
2024-01-07 07:53:02,810 - num_train_epochs: 100
2024-01-07 07:53:02,810 - warmup_proportion: 0.1
2024-01-07 07:53:02,810 - lr: 1e-06
2024-01-07 07:53:02,810 - weight_decay: 0.01
2024-01-07 07:53:02,810 - pred_output_path: /home/sharing/disk2/sjh/Outputs/MIntRec/msz_MIntRec_multi-class_seed-1_2024-01-07-07-53-02
2024-01-07 07:53:02,810 - model_output_path: /home/sharing/disk2/sjh/Outputs/MIntRec/msz_MIntRec_multi-class_seed-1_2024-01-07-07-53-02/models
2024-01-07 07:53:02,810 - ============================== End Params ==============================
2024-01-07 07:53:02,813 - Generate Text Features Begin...
2024-01-07 07:53:03,316 - Generate Text Features Finished...
2024-01-07 07:53:03,317 - Load Video Features Begin...
2024-01-07 07:53:03,645 - Load Video Features Finished...
2024-01-07 07:53:04,254 - Load Audio Features Begin...
2024-01-07 07:53:05,307 - Load Audio Features Finished...
2024-01-07 07:53:09,092 - method  begins...
2024-01-07 07:53:13,451 - Multimodal intent recognition begins...
2024-01-07 07:53:13,451 - Training begins...
