2024-03-30 03:17:30,188 - ============================== Params ==============================
2024-03-30 03:17:30,188 - logger_name: msz_MIntRec_multi-class_seed-2_2024-03-30-03-17-30
2024-03-30 03:17:30,188 - dataset: MIntRec
2024-03-30 03:17:30,188 - data_mode: multi-class
2024-03-30 03:17:30,188 - method: msz
2024-03-30 03:17:30,188 - text_backbone: bert-base-uncased
2024-03-30 03:17:30,188 - text_backbone_path: /home/sharing/disk1/pretrained_embedding/bert/uncased_L-12_H-768_A-12/
2024-03-30 03:17:30,188 - seed: 2
2024-03-30 03:17:30,188 - num_workers: 8
2024-03-30 03:17:30,188 - gpu_id: 3
2024-03-30 03:17:30,188 - data_path: /home/sharing/disk2/sjh/intentDataset
2024-03-30 03:17:30,188 - train: True
2024-03-30 03:17:30,188 - tune: True
2024-03-30 03:17:30,188 - save_model: False
2024-03-30 03:17:30,188 - save_results: True
2024-03-30 03:17:30,188 - log_path: logs
2024-03-30 03:17:30,188 - cache_path: 
2024-03-30 03:17:30,188 - video_data_path: video_data
2024-03-30 03:17:30,188 - audio_data_path: audio_data
2024-03-30 03:17:30,188 - video_feats_path: video_feats.pkl
2024-03-30 03:17:30,188 - audio_feats_path: audio_feats.pkl
2024-03-30 03:17:30,188 - results_path: results
2024-03-30 03:17:30,189 - output_path: /home/sharing/disk2/sjh/Outputs/MIntRec
2024-03-30 03:17:30,189 - model_path: models
2024-03-30 03:17:30,189 - config_file_name: msz_MIntRec
2024-03-30 03:17:30,189 - results_file_name: msz.csv
2024-03-30 03:17:30,189 - padding_mode: zero
2024-03-30 03:17:30,189 - padding_loc: end
2024-03-30 03:17:30,189 - need_aligned: False
2024-03-30 03:17:30,189 - eval_monitor: f1
2024-03-30 03:17:30,189 - train_batch_size: 16
2024-03-30 03:17:30,189 - eval_batch_size: 8
2024-03-30 03:17:30,189 - test_batch_size: 8
2024-03-30 03:17:30,189 - wait_patience: 8
2024-03-30 03:17:30,189 - hidden_dims: 768
2024-03-30 03:17:30,189 - num_attention_heads: 8
2024-03-30 03:17:30,189 - attention_probs_dropout_prob: 0.2
2024-03-30 03:17:30,189 - hidden_dropout_prob: 0.4
2024-03-30 03:17:30,189 - intermediate_size: 768
2024-03-30 03:17:30,189 - num_hidden_layers: 6
2024-03-30 03:17:30,189 - max_position_embeddings: 768
2024-03-30 03:17:30,189 - position_embedding_type: absolute
2024-03-30 03:17:30,189 - batch_first: True
2024-03-30 03:17:30,189 - dropout: 0.3
2024-03-30 03:17:30,189 - aligned_method: conv1d
2024-03-30 03:17:30,189 - num_train_epochs: 100
2024-03-30 03:17:30,189 - lr: 5e-06
2024-03-30 03:17:30,189 - lr_mode: max
2024-03-30 03:17:30,189 - patience: 6
2024-03-30 03:17:30,189 - factor: 0.4
2024-03-30 03:17:30,189 - pred_output_path: /home/sharing/disk2/sjh/Outputs/MIntRec/msz_MIntRec_multi-class_seed-2_2024-03-30-03-17-30
2024-03-30 03:17:30,189 - model_output_path: /home/sharing/disk2/sjh/Outputs/MIntRec/msz_MIntRec_multi-class_seed-2_2024-03-30-03-17-30/models
2024-03-30 03:17:30,189 - num_labels: 20
2024-03-30 03:17:30,189 - text_feat_dim: 768
2024-03-30 03:17:30,189 - video_feat_dim: 256
2024-03-30 03:17:30,190 - audio_feat_dim: 768
2024-03-30 03:17:30,190 - text_seq_len: 30
2024-03-30 03:17:30,190 - video_seq_len: 230
2024-03-30 03:17:30,190 - audio_seq_len: 480
2024-03-30 03:17:30,190 - device: cuda:3
2024-03-30 03:17:30,190 - ============================== End Params ==============================
2024-03-30 03:17:30,234 - Generate Text Features Begin...
2024-03-30 03:17:30,729 - Generate Text Features Finished...
2024-03-30 03:17:30,729 - Load Video Features Begin...
2024-03-30 03:17:31,567 - Load Video Features Finished...
2024-03-30 03:17:32,028 - Load Audio Features Begin...
2024-03-30 03:17:37,242 - Load Audio Features Finished...
2024-03-30 03:17:39,559 - method  begins...
2024-03-30 03:17:43,227 - Multimodal intent recognition begins...
2024-03-30 03:17:43,227 - Training begins...
2024-03-30 03:18:00,781 - ***** Epoch: 1: Eval results *****
2024-03-30 03:18:00,781 -   train_loss = 2.7821
2024-03-30 03:18:00,782 -   best_eval_score = 0.0
2024-03-30 03:18:00,782 -   eval_score = 0.1406
2024-03-30 03:18:18,510 - ***** Epoch: 2: Eval results *****
2024-03-30 03:18:18,510 -   train_loss = 2.2013
2024-03-30 03:18:18,511 -   best_eval_score = 0.1406
2024-03-30 03:18:18,511 -   eval_score = 0.3451
2024-03-30 03:18:36,186 - ***** Epoch: 3: Eval results *****
2024-03-30 03:18:36,187 -   train_loss = 1.4924
2024-03-30 03:18:36,187 -   best_eval_score = 0.3451
2024-03-30 03:18:36,187 -   eval_score = 0.5099
2024-03-30 03:18:53,889 - ***** Epoch: 4: Eval results *****
2024-03-30 03:18:53,889 -   train_loss = 0.9989
2024-03-30 03:18:53,889 -   best_eval_score = 0.5099
2024-03-30 03:18:53,889 -   eval_score = 0.5687
2024-03-30 03:19:11,871 - ***** Epoch: 5: Eval results *****
2024-03-30 03:19:11,871 -   train_loss = 0.6696
2024-03-30 03:19:11,871 -   best_eval_score = 0.5687
2024-03-30 03:19:11,871 -   eval_score = 0.6247
2024-03-30 03:19:30,006 - ***** Epoch: 6: Eval results *****
2024-03-30 03:19:30,006 -   train_loss = 0.4391
2024-03-30 03:19:30,006 -   best_eval_score = 0.6247
2024-03-30 03:19:30,006 -   eval_score = 0.639
2024-03-30 03:19:47,567 - ***** Epoch: 7: Eval results *****
2024-03-30 03:19:47,567 -   train_loss = 0.2863
2024-03-30 03:19:47,567 -   best_eval_score = 0.639
2024-03-30 03:19:47,567 -   eval_score = 0.6635
2024-03-30 03:20:05,468 - ***** Epoch: 8: Eval results *****
2024-03-30 03:20:05,468 -   train_loss = 0.1825
2024-03-30 03:20:05,468 -   best_eval_score = 0.6635
2024-03-30 03:20:05,468 -   eval_score = 0.6567
2024-03-30 03:20:05,468 - EarlyStopping counter: 1 out of 8
2024-03-30 03:20:22,825 - ***** Epoch: 9: Eval results *****
2024-03-30 03:20:22,825 -   train_loss = 0.1187
2024-03-30 03:20:22,825 -   best_eval_score = 0.6635
2024-03-30 03:20:22,826 -   eval_score = 0.6673
2024-03-30 03:20:40,735 - ***** Epoch: 10: Eval results *****
2024-03-30 03:20:40,744 -   train_loss = 0.0997
2024-03-30 03:20:40,744 -   best_eval_score = 0.6673
2024-03-30 03:20:40,744 -   eval_score = 0.6631
2024-03-30 03:20:40,744 - EarlyStopping counter: 1 out of 8
2024-03-30 03:20:58,818 - ***** Epoch: 11: Eval results *****
2024-03-30 03:20:58,818 -   train_loss = 0.0842
2024-03-30 03:20:58,818 -   best_eval_score = 0.6673
2024-03-30 03:20:58,818 -   eval_score = 0.6834
2024-03-30 03:21:16,368 - ***** Epoch: 12: Eval results *****
2024-03-30 03:21:16,377 -   train_loss = 0.0702
2024-03-30 03:21:16,377 -   best_eval_score = 0.6834
2024-03-30 03:21:16,377 -   eval_score = 0.6813
2024-03-30 03:21:16,377 - EarlyStopping counter: 1 out of 8
2024-03-30 03:21:34,002 - ***** Epoch: 13: Eval results *****
2024-03-30 03:21:34,003 -   train_loss = 0.0614
2024-03-30 03:21:34,003 -   best_eval_score = 0.6834
2024-03-30 03:21:34,003 -   eval_score = 0.6786
2024-03-30 03:21:34,003 - EarlyStopping counter: 2 out of 8
2024-03-30 03:21:51,632 - ***** Epoch: 14: Eval results *****
2024-03-30 03:21:51,632 -   train_loss = 0.0529
2024-03-30 03:21:51,632 -   best_eval_score = 0.6834
2024-03-30 03:21:51,632 -   eval_score = 0.6775
2024-03-30 03:21:51,633 - EarlyStopping counter: 3 out of 8
2024-03-30 03:22:09,140 - ***** Epoch: 15: Eval results *****
2024-03-30 03:22:09,140 -   train_loss = 0.0458
2024-03-30 03:22:09,140 -   best_eval_score = 0.6834
2024-03-30 03:22:09,140 -   eval_score = 0.6785
2024-03-30 03:22:09,140 - EarlyStopping counter: 4 out of 8
2024-03-30 03:22:27,094 - ***** Epoch: 16: Eval results *****
2024-03-30 03:22:27,094 -   train_loss = 0.0399
2024-03-30 03:22:27,094 -   best_eval_score = 0.6834
2024-03-30 03:22:27,094 -   eval_score = 0.6816
2024-03-30 03:22:27,094 - EarlyStopping counter: 5 out of 8
2024-03-30 03:22:45,089 - ***** Epoch: 17: Eval results *****
2024-03-30 03:22:45,089 -   train_loss = 0.038
2024-03-30 03:22:45,089 -   best_eval_score = 0.6834
2024-03-30 03:22:45,089 -   eval_score = 0.6793
2024-03-30 03:22:45,089 - EarlyStopping counter: 6 out of 8
2024-03-30 03:23:02,848 - ***** Epoch: 18: Eval results *****
2024-03-30 03:23:02,849 -   train_loss = 0.0347
2024-03-30 03:23:02,849 -   best_eval_score = 0.6834
2024-03-30 03:23:02,849 -   eval_score = 0.6804
2024-03-30 03:23:02,849 - EarlyStopping counter: 7 out of 8
2024-03-30 03:23:20,273 - ***** Epoch: 19: Eval results *****
2024-03-30 03:23:20,273 -   train_loss = 0.0351
2024-03-30 03:23:20,273 -   best_eval_score = 0.6834
2024-03-30 03:23:20,273 -   eval_score = 0.6809
2024-03-30 03:23:20,273 - EarlyStopping counter: 8 out of 8
2024-03-30 03:23:20,273 - EarlyStopping at epoch 19
2024-03-30 03:23:20,277 - Training is finished...
2024-03-30 03:23:20,277 - Testing begins...
2024-03-30 03:23:23,596 - ***** Test: Confusion Matrix *****
2024-03-30 03:23:23,597 - [[39  1  0  0  8  0  1  0  1  2  1  0  3  1  0  0  0  0  0  0]
 [ 1 33  0  1  0  2  2  0  0  0  1  0  2  0  1  0  0  0  0  0]
 [ 1  0 26  0  0  0  0  0  0  0  0  0  0  0  0  0  0  0  0  0]
 [ 0  0  0 25  0  0  0  0  0  0  0  0  0  0  0  0  0  0  0  0]
 [ 6  0  0  0 10  0  1  0  0  1  0  1  1  1  0  0  0  2  0  0]
 [ 0  0  0  0  0 12  0  0  0  0  0  0  0  0  0  0  0  0  0  0]
 [ 2  1  0  0  3  0  1  1  2  0  0  0  1  0  0  0  1  0  0  0]
 [ 3  0  0  0  0  1  0  6  0  0  0  0  0  0  0  0  0  0  0  0]
 [ 1  0  0  0  0  0  0  3  3  0  0  0  0  2  0  1  0  0  0  0]
 [ 1  0  0  0  1  0  0  0  0  3  0  0  0  0  0  3  1  1  0  0]
 [ 1  0  0  0  0  0  1  0  0  1 13  0  0  0  1  0  1  0  0  0]
 [ 0  0  0  0  0  0  1  0  0  0  0 17  0  0  0  0  0  0  0  1]
 [ 3  2  0  0  1  0  0  0  0  0  0  1 42  1  4  0  2  0  0  1]
 [ 1  0  0  0  0  0  1  0  0  0  1  1  1 18  2  0  0  0  0  0]
 [ 0  0  0  0  1  0  0  0  1  0  0  0  2  2 14  0  1  0  0  1]
 [ 0  0  0  0  0  0  0  1  0  0  0  0  4  0  0 15  0  0  0  1]
 [ 0  0  0  0  0  0  0  0  0  0  0  0  2  0  3  0 12  0  0  0]
 [ 0  0  0  0  0  0  0  0  0  1  1  0  2  0  0  0  0 11  0  0]
 [ 0  0  1  0  0  0  0  0  0  0  0  0  2  0  0  1  0  0  8  0]
 [ 0  0  0  0  0  0  0  0  0  0  0  0  1  1  1  0  2  0  0  5]]
2024-03-30 03:23:23,597 - ***** Evaluation results *****
2024-03-30 03:23:23,597 -   acc = 0.7034
2024-03-30 03:23:23,598 -   f1 = 0.6591
2024-03-30 03:23:23,598 -   prec = 0.6686
2024-03-30 03:23:23,598 -   rec = 0.6582
2024-03-30 03:23:23,598 - Testing is finished...
2024-03-30 03:23:23,598 - Multimodal intent recognition is finished...
2024-03-30 03:23:23,598 - Results are saved in results/msz.csv
