2024-03-09 16:48:02,058 - ============================== Params ==============================
2024-03-09 16:48:02,058 - logger_name: msz_MIntRec_multi-class_seed-1_2024-03-09-16-48-02
2024-03-09 16:48:02,058 - dataset: MIntRec
2024-03-09 16:48:02,058 - data_mode: multi-class
2024-03-09 16:48:02,058 - method: msz
2024-03-09 16:48:02,058 - text_backbone: bert-base-uncased
2024-03-09 16:48:02,058 - text_backbone_path: /home/sharing/disk1/pretrained_embedding/bert/uncased_L-12_H-768_A-12/
2024-03-09 16:48:02,058 - seed: 1
2024-03-09 16:48:02,058 - num_workers: 8
2024-03-09 16:48:02,059 - gpu_id: 2
2024-03-09 16:48:02,059 - data_path: /home/sharing/disk2/sjh/intentDataset
2024-03-09 16:48:02,059 - train: True
2024-03-09 16:48:02,059 - tune: True
2024-03-09 16:48:02,059 - save_model: False
2024-03-09 16:48:02,059 - save_results: True
2024-03-09 16:48:02,059 - log_path: logs
2024-03-09 16:48:02,059 - cache_path: 
2024-03-09 16:48:02,059 - video_data_path: video_data
2024-03-09 16:48:02,059 - audio_data_path: audio_data
2024-03-09 16:48:02,059 - video_feats_path: video_feats.pkl
2024-03-09 16:48:02,059 - audio_feats_path: audio_feats.pkl
2024-03-09 16:48:02,059 - results_path: results
2024-03-09 16:48:02,059 - output_path: /home/sharing/disk2/sjh/Outputs/MIntRec
2024-03-09 16:48:02,059 - model_path: models
2024-03-09 16:48:02,059 - config_file_name: msz_MIntRec
2024-03-09 16:48:02,059 - results_file_name: msz.csv
2024-03-09 16:48:02,059 - padding_mode: zero
2024-03-09 16:48:02,059 - padding_loc: end
2024-03-09 16:48:02,059 - need_aligned: False
2024-03-09 16:48:02,059 - eval_monitor: f1
2024-03-09 16:48:02,059 - train_batch_size: 16
2024-03-09 16:48:02,059 - eval_batch_size: 8
2024-03-09 16:48:02,059 - test_batch_size: 8
2024-03-09 16:48:02,059 - wait_patience: 8
2024-03-09 16:48:02,059 - hidden_dims: 768
2024-03-09 16:48:02,059 - intermediate_size: 768
2024-03-09 16:48:02,059 - position_embedding_type: absolute
2024-03-09 16:48:02,059 - batch_first: True
2024-03-09 16:48:02,059 - d_num_attention_heads: 8
2024-03-09 16:48:02,059 - d_attention_probs_dropout_prob: 0.2
2024-03-09 16:48:02,059 - d_hidden_dropout_prob: 0.2
2024-03-09 16:48:02,059 - d_num_hidden_layers: 10
2024-03-09 16:48:02,059 - d_max_position_embeddings: 768
2024-03-09 16:48:02,059 - m_num_attention_heads: 12
2024-03-09 16:48:02,059 - m_attention_probs_dropout_prob: 0.1
2024-03-09 16:48:02,059 - m_hidden_dropout_prob: 0.3
2024-03-09 16:48:02,059 - m_num_hidden_layers: 10
2024-03-09 16:48:02,059 - m_max_position_embeddings: 1024
2024-03-09 16:48:02,059 - dropout: 0.1
2024-03-09 16:48:02,059 - aligned_method: conv1d
2024-03-09 16:48:02,059 - num_train_epochs: 100
2024-03-09 16:48:02,059 - lr: 5e-06
2024-03-09 16:48:02,059 - lr_mode: min
2024-03-09 16:48:02,059 - pred_output_path: /home/sharing/disk2/sjh/Outputs/MIntRec/msz_MIntRec_multi-class_seed-1_2024-03-09-16-48-02
2024-03-09 16:48:02,059 - model_output_path: /home/sharing/disk2/sjh/Outputs/MIntRec/msz_MIntRec_multi-class_seed-1_2024-03-09-16-48-02/models
2024-03-09 16:48:02,060 - num_labels: 20
2024-03-09 16:48:02,060 - text_feat_dim: 768
2024-03-09 16:48:02,060 - video_feat_dim: 256
2024-03-09 16:48:02,060 - audio_feat_dim: 768
2024-03-09 16:48:02,060 - text_seq_len: 30
2024-03-09 16:48:02,060 - video_seq_len: 230
2024-03-09 16:48:02,060 - audio_seq_len: 480
2024-03-09 16:48:02,060 - device: cuda:2
2024-03-09 16:48:02,060 - ============================== End Params ==============================
2024-03-09 16:48:02,062 - Generate Text Features Begin...
2024-03-09 16:48:02,492 - Generate Text Features Finished...
2024-03-09 16:48:02,492 - Load Video Features Begin...
2024-03-09 16:48:02,739 - Load Video Features Finished...
2024-03-09 16:48:03,176 - Load Audio Features Begin...
2024-03-09 16:48:03,925 - Load Audio Features Finished...
2024-03-09 16:48:06,001 - method  begins...
2024-03-09 16:48:07,853 - Multimodal intent recognition begins...
2024-03-09 16:48:07,853 - Training begins...
2024-03-09 16:48:31,004 - ***** Epoch: 1: Eval results *****
2024-03-09 16:48:31,004 -   train_loss = 2.6712
2024-03-09 16:48:31,004 -   best_eval_score = 0.0
2024-03-09 16:48:31,004 -   eval_score = 0.2203
2024-03-09 16:48:53,644 - ***** Epoch: 2: Eval results *****
2024-03-09 16:48:53,645 -   train_loss = 1.8087
2024-03-09 16:48:53,645 -   best_eval_score = 0.2203
2024-03-09 16:48:53,645 -   eval_score = 0.4701
2024-03-09 16:49:17,155 - ***** Epoch: 3: Eval results *****
2024-03-09 16:49:17,155 -   train_loss = 1.1513
2024-03-09 16:49:17,155 -   best_eval_score = 0.4701
2024-03-09 16:49:17,155 -   eval_score = 0.5788
2024-03-09 16:49:40,671 - ***** Epoch: 4: Eval results *****
2024-03-09 16:49:40,671 -   train_loss = 0.735
2024-03-09 16:49:40,671 -   best_eval_score = 0.5788
2024-03-09 16:49:40,671 -   eval_score = 0.6162
2024-03-09 16:50:04,128 - ***** Epoch: 5: Eval results *****
2024-03-09 16:50:04,128 -   train_loss = 0.4292
2024-03-09 16:50:04,128 -   best_eval_score = 0.6162
2024-03-09 16:50:04,128 -   eval_score = 0.6952
2024-03-09 16:50:27,307 - ***** Epoch: 6: Eval results *****
2024-03-09 16:50:27,307 -   train_loss = 0.2621
2024-03-09 16:50:27,307 -   best_eval_score = 0.6952
2024-03-09 16:50:27,308 -   eval_score = 0.6736
2024-03-09 16:50:27,308 - EarlyStopping counter: 1 out of 8
2024-03-09 16:50:50,116 - ***** Epoch: 7: Eval results *****
2024-03-09 16:50:50,116 -   train_loss = 0.1639
2024-03-09 16:50:50,116 -   best_eval_score = 0.6952
2024-03-09 16:50:50,116 -   eval_score = 0.6881
2024-03-09 16:50:50,116 - EarlyStopping counter: 2 out of 8
2024-03-09 16:51:13,540 - ***** Epoch: 8: Eval results *****
2024-03-09 16:51:13,540 -   train_loss = 0.0981
2024-03-09 16:51:13,540 -   best_eval_score = 0.6952
2024-03-09 16:51:13,540 -   eval_score = 0.6767
2024-03-09 16:51:13,540 - EarlyStopping counter: 3 out of 8
2024-03-09 16:51:36,660 - ***** Epoch: 9: Eval results *****
2024-03-09 16:51:36,660 -   train_loss = 0.0612
2024-03-09 16:51:36,660 -   best_eval_score = 0.6952
2024-03-09 16:51:36,660 -   eval_score = 0.7022
2024-03-09 16:52:00,475 - ***** Epoch: 10: Eval results *****
2024-03-09 16:52:00,475 -   train_loss = 0.0404
2024-03-09 16:52:00,475 -   best_eval_score = 0.7022
2024-03-09 16:52:00,475 -   eval_score = 0.6997
2024-03-09 16:52:00,476 - EarlyStopping counter: 1 out of 8
2024-03-09 16:52:24,679 - ***** Epoch: 11: Eval results *****
2024-03-09 16:52:24,679 -   train_loss = 0.03
2024-03-09 16:52:24,679 -   best_eval_score = 0.7022
2024-03-09 16:52:24,679 -   eval_score = 0.6986
2024-03-09 16:52:24,679 - EarlyStopping counter: 2 out of 8
2024-03-09 16:52:48,052 - ***** Epoch: 12: Eval results *****
2024-03-09 16:52:48,052 -   train_loss = 0.0291
2024-03-09 16:52:48,052 -   best_eval_score = 0.7022
2024-03-09 16:52:48,052 -   eval_score = 0.706
2024-03-09 16:53:11,980 - ***** Epoch: 13: Eval results *****
2024-03-09 16:53:11,980 -   train_loss = 0.0285
2024-03-09 16:53:11,980 -   best_eval_score = 0.706
2024-03-09 16:53:11,980 -   eval_score = 0.701
2024-03-09 16:53:11,980 - EarlyStopping counter: 1 out of 8
2024-03-09 16:53:34,855 - ***** Epoch: 14: Eval results *****
2024-03-09 16:53:34,855 -   train_loss = 0.0274
2024-03-09 16:53:34,855 -   best_eval_score = 0.706
2024-03-09 16:53:34,855 -   eval_score = 0.7009
2024-03-09 16:53:34,855 - EarlyStopping counter: 2 out of 8
2024-03-09 16:53:58,044 - ***** Epoch: 15: Eval results *****
2024-03-09 16:53:58,044 -   train_loss = 0.0265
2024-03-09 16:53:58,044 -   best_eval_score = 0.706
2024-03-09 16:53:58,044 -   eval_score = 0.7064
2024-03-09 16:54:22,216 - ***** Epoch: 16: Eval results *****
2024-03-09 16:54:22,216 -   train_loss = 0.0246
2024-03-09 16:54:22,216 -   best_eval_score = 0.7064
2024-03-09 16:54:22,216 -   eval_score = 0.7058
2024-03-09 16:54:22,216 - EarlyStopping counter: 1 out of 8
2024-03-09 16:54:45,616 - ***** Epoch: 17: Eval results *****
2024-03-09 16:54:45,617 -   train_loss = 0.0246
2024-03-09 16:54:45,617 -   best_eval_score = 0.7064
2024-03-09 16:54:45,617 -   eval_score = 0.704
2024-03-09 16:54:45,617 - EarlyStopping counter: 2 out of 8
2024-03-09 16:55:08,840 - ***** Epoch: 18: Eval results *****
2024-03-09 16:55:08,841 -   train_loss = 0.0247
2024-03-09 16:55:08,841 -   best_eval_score = 0.7064
2024-03-09 16:55:08,841 -   eval_score = 0.6978
2024-03-09 16:55:08,841 - EarlyStopping counter: 3 out of 8
2024-03-09 16:55:32,319 - ***** Epoch: 19: Eval results *****
2024-03-09 16:55:32,319 -   train_loss = 0.0224
2024-03-09 16:55:32,319 -   best_eval_score = 0.7064
2024-03-09 16:55:32,319 -   eval_score = 0.7025
2024-03-09 16:55:32,319 - EarlyStopping counter: 4 out of 8
2024-03-09 16:55:56,416 - ***** Epoch: 20: Eval results *****
2024-03-09 16:55:56,416 -   train_loss = 0.0222
2024-03-09 16:55:56,416 -   best_eval_score = 0.7064
2024-03-09 16:55:56,416 -   eval_score = 0.7025
2024-03-09 16:55:56,416 - EarlyStopping counter: 5 out of 8
2024-03-09 16:56:19,939 - ***** Epoch: 21: Eval results *****
2024-03-09 16:56:19,939 -   train_loss = 0.0216
2024-03-09 16:56:19,939 -   best_eval_score = 0.7064
2024-03-09 16:56:19,939 -   eval_score = 0.7052
2024-03-09 16:56:19,939 - EarlyStopping counter: 6 out of 8
2024-03-09 16:56:43,214 - ***** Epoch: 22: Eval results *****
2024-03-09 16:56:43,214 -   train_loss = 0.022
2024-03-09 16:56:43,214 -   best_eval_score = 0.7064
2024-03-09 16:56:43,214 -   eval_score = 0.7025
2024-03-09 16:56:43,214 - EarlyStopping counter: 7 out of 8
2024-03-09 16:57:06,137 - ***** Epoch: 23: Eval results *****
2024-03-09 16:57:06,137 -   train_loss = 0.022
2024-03-09 16:57:06,137 -   best_eval_score = 0.7064
2024-03-09 16:57:06,137 -   eval_score = 0.7063
2024-03-09 16:57:06,137 - EarlyStopping counter: 8 out of 8
2024-03-09 16:57:06,137 - EarlyStopping at epoch 23
2024-03-09 16:57:06,140 - Training is finished...
2024-03-09 16:57:06,140 - Testing begins...
2024-03-09 16:57:10,069 - ***** Test: Confusion Matrix *****
2024-03-09 16:57:10,070 - [[34  2  0  0 10  0  1  2  0  1  1  0  5  1  0  0  0  0  0  0]
 [ 1 35  0  1  0  1  0  0  1  0  1  0  3  0  0  0  0  0  0  0]
 [ 1  0 26  0  0  0  0  0  0  0  0  0  0  0  0  0  0  0  0  0]
 [ 0  1  0 24  0  0  0  0  0  0  0  0  0  0  0  0  0  0  0  0]
 [ 5  0  0  0 10  0  3  0  1  0  0  1  0  0  1  0  0  2  0  0]
 [ 0  0  0  0  0 12  0  0  0  0  0  0  0  0  0  0  0  0  0  0]
 [ 1  1  0  0  2  0  3  0  3  0  0  0  1  0  0  0  1  0  0  0]
 [ 3  0  0  0  0  0  0  4  1  1  1  0  0  0  0  0  0  0  0  0]
 [ 1  0  0  0  0  0  0  1  6  0  0  0  0  1  0  1  0  0  0  0]
 [ 1  0  0  0  1  0  0  0  0  4  1  0  0  0  0  2  0  1  0  0]
 [ 1  0  0  0  0  0  1  0  0  1 14  0  0  0  1  0  0  0  0  0]
 [ 0  0  0  0  0  0  1  0  0  0  0 17  0  0  0  0  0  0  0  1]
 [ 4  2  0  0  1  0  0  0  0  0  0  2 36  4  3  2  2  0  0  1]
 [ 0  0  0  0  0  0  2  1  0  0  1  1  2 15  3  0  0  0  0  0]
 [ 0  0  0  0  1  0  0  0  1  0  0  0  0  1 17  0  1  0  0  1]
 [ 0  0  0  0  0  0  0  1  1  0  0  0  3  0  0 15  0  0  0  1]
 [ 0  0  0  0  0  0  0  1  0  0  0  0  2  0  1  0 13  0  0  0]
 [ 0  0  0  0  0  0  0  0  0  0  0  0  3  0  0  0  0 12  0  0]
 [ 0  0  0  0  0  0  0  0  0  0  0  0  2  0  0  1  0  0  9  0]
 [ 0  0  0  0  0  0  0  0  0  0  0  0  0  1  1  0  2  0  0  6]]
2024-03-09 16:57:10,070 - ***** Evaluation results *****
2024-03-09 16:57:10,070 -   acc = 0.7011
2024-03-09 16:57:10,070 -   f1 = 0.6829
2024-03-09 16:57:10,071 -   prec = 0.6861
2024-03-09 16:57:10,071 -   rec = 0.6862
2024-03-09 16:57:10,071 - Testing is finished...
2024-03-09 16:57:10,071 - Multimodal intent recognition is finished...
2024-03-09 16:57:10,071 - Results are saved in results/msz.csv
