2023-12-25 08:20:11,628 - ============================== Params ==============================
2023-12-25 08:20:11,628 - logger_name: msz_MIntRec_multi-class_seed-9_2023-12-25-08-20-11
2023-12-25 08:20:11,628 - dataset: MIntRec
2023-12-25 08:20:11,628 - data_mode: multi-class
2023-12-25 08:20:11,628 - method: msz
2023-12-25 08:20:11,628 - text_backbone: bert-base-uncased
2023-12-25 08:20:11,628 - text_backbone_path: /home/sharing/disk1/pretrained_embedding/bert/uncased_L-12_H-768_A-12/
2023-12-25 08:20:11,628 - seed: 9
2023-12-25 08:20:11,628 - num_workers: 8
2023-12-25 08:20:11,628 - gpu_id: 0
2023-12-25 08:20:11,628 - data_path: /home/sharing/disk2/sjh/intentDataset
2023-12-25 08:20:11,628 - train: True
2023-12-25 08:20:11,628 - tune: False
2023-12-25 08:20:11,628 - save_model: False
2023-12-25 08:20:11,629 - save_results: True
2023-12-25 08:20:11,629 - log_path: logs
2023-12-25 08:20:11,629 - cache_path: 
2023-12-25 08:20:11,629 - video_data_path: video_data
2023-12-25 08:20:11,629 - audio_data_path: audio_data
2023-12-25 08:20:11,629 - video_feats_path: video_feats.pkl
2023-12-25 08:20:11,629 - audio_feats_path: audio_feats.pkl
2023-12-25 08:20:11,629 - results_path: results
2023-12-25 08:20:11,629 - output_path: /home/sujianhua/Outputs/MIntRec
2023-12-25 08:20:11,629 - model_path: models
2023-12-25 08:20:11,629 - config_file_name: msz
2023-12-25 08:20:11,629 - results_file_name: msz.csv
2023-12-25 08:20:11,629 - padding_mode: zero
2023-12-25 08:20:11,629 - padding_loc: end
2023-12-25 08:20:11,629 - need_aligned: False
2023-12-25 08:20:11,629 - eval_monitor: f1
2023-12-25 08:20:11,629 - train_batch_size: 16
2023-12-25 08:20:11,629 - eval_batch_size: 8
2023-12-25 08:20:11,629 - test_batch_size: 8
2023-12-25 08:20:11,629 - wait_patience: 8
2023-12-25 08:20:11,629 - nheads: 2
2023-12-25 08:20:11,629 - encoder_layers: 2
2023-12-25 08:20:11,629 - attn_dropout: 0.1
2023-12-25 08:20:11,629 - relu_dropout: 0.1
2023-12-25 08:20:11,629 - embed_dropout: 0.1
2023-12-25 08:20:11,629 - res_dropout: 0.1
2023-12-25 08:20:11,629 - attn_mask: False
2023-12-25 08:20:11,629 - hidden_size: 768
2023-12-25 08:20:11,629 - num_attention_heads: 12
2023-12-25 08:20:11,629 - attention_probs_dropout_prob: 0.2
2023-12-25 08:20:11,629 - hidden_dropout_prob: 0.2
2023-12-25 08:20:11,629 - intermediate_size: 768
2023-12-25 08:20:11,629 - num_hidden_layers: 3
2023-12-25 08:20:11,629 - max_position_embeddings: 512
2023-12-25 08:20:11,629 - position_embedding_type: absolute
2023-12-25 08:20:11,629 - add_cross_attention: True
2023-12-25 08:20:11,629 - batch_first: True
2023-12-25 08:20:11,629 - hidden_dims: 768
2023-12-25 08:20:11,630 - att_dropouts: [0.1, 0.1, 0.1]
2023-12-25 08:20:11,630 - spe_dropouts: [0.1, 0.1, 0.1]
2023-12-25 08:20:11,630 - sl: 0.1
2023-12-25 08:20:11,630 - cl: 0.1
2023-12-25 08:20:11,630 - num_train_epochs: 100
2023-12-25 08:20:11,630 - warmup_proportion: 0.1
2023-12-25 08:20:11,630 - lr: 3e-06
2023-12-25 08:20:11,630 - weight_decay: 0.01
2023-12-25 08:20:11,630 - pred_output_path: /home/sujianhua/Outputs/MIntRec/msz_MIntRec_multi-class_seed-9_2023-12-25-08-20-11
2023-12-25 08:20:11,630 - model_output_path: /home/sujianhua/Outputs/MIntRec/msz_MIntRec_multi-class_seed-9_2023-12-25-08-20-11/models
2023-12-25 08:20:11,630 - ============================== End Params ==============================
2023-12-25 08:20:11,864 - Generate Text Features Begin...
2023-12-25 08:20:12,410 - Generate Text Features Finished...
2023-12-25 08:20:12,446 - Load Video Features Begin...
2023-12-25 08:20:17,921 - Load Video Features Finished...
2023-12-25 08:20:18,846 - Load Audio Features Begin...
2023-12-25 08:20:25,992 - Load Audio Features Finished...
2023-12-25 08:20:30,362 - method  begins...
2023-12-25 08:20:38,402 - Multimodal intent recognition begins...
2023-12-25 08:20:38,403 - Training begins...
2023-12-25 08:20:55,002 - ***** Epoch: 1: Eval results *****
2023-12-25 08:20:55,004 -   train_loss = 2.9686
2023-12-25 08:20:55,004 -   best_eval_score = 0.0
2023-12-25 08:20:55,004 -   eval_score = 0.0892
2023-12-25 08:21:09,583 - ***** Epoch: 2: Eval results *****
2023-12-25 08:21:09,584 -   train_loss = 2.7041
2023-12-25 08:21:09,584 -   best_eval_score = 0.0892
2023-12-25 08:21:09,584 -   eval_score = 0.1756
2023-12-25 08:21:24,043 - ***** Epoch: 3: Eval results *****
2023-12-25 08:21:24,043 -   train_loss = 2.2789
2023-12-25 08:21:24,043 -   best_eval_score = 0.1756
2023-12-25 08:21:24,043 -   eval_score = 0.3572
2023-12-25 08:21:39,173 - ***** Epoch: 4: Eval results *****
2023-12-25 08:21:39,174 -   train_loss = 1.7214
2023-12-25 08:21:39,174 -   best_eval_score = 0.3572
2023-12-25 08:21:39,174 -   eval_score = 0.4937
2023-12-25 08:21:53,852 - ***** Epoch: 5: Eval results *****
2023-12-25 08:21:53,853 -   train_loss = 1.2803
2023-12-25 08:21:53,853 -   best_eval_score = 0.4937
2023-12-25 08:21:53,853 -   eval_score = 0.5292
2023-12-25 08:22:08,588 - ***** Epoch: 6: Eval results *****
2023-12-25 08:22:08,588 -   train_loss = 1.0294
2023-12-25 08:22:08,588 -   best_eval_score = 0.5292
2023-12-25 08:22:08,589 -   eval_score = 0.5738
2023-12-25 08:22:23,836 - ***** Epoch: 7: Eval results *****
2023-12-25 08:22:23,836 -   train_loss = 0.8089
2023-12-25 08:22:23,836 -   best_eval_score = 0.5738
2023-12-25 08:22:23,836 -   eval_score = 0.5782
2023-12-25 08:22:39,342 - ***** Epoch: 8: Eval results *****
2023-12-25 08:22:39,351 -   train_loss = 0.6185
2023-12-25 08:22:39,351 -   best_eval_score = 0.5782
2023-12-25 08:22:39,351 -   eval_score = 0.5317
2023-12-25 08:22:39,351 - EarlyStopping counter: 1 out of 8
2023-12-25 08:22:53,034 - ***** Epoch: 9: Eval results *****
2023-12-25 08:22:53,034 -   train_loss = 0.3808
2023-12-25 08:22:53,034 -   best_eval_score = 0.5782
2023-12-25 08:22:53,034 -   eval_score = 0.6118
2023-12-25 08:23:07,831 - ***** Epoch: 10: Eval results *****
2023-12-25 08:23:07,832 -   train_loss = 0.3188
2023-12-25 08:23:07,832 -   best_eval_score = 0.6118
2023-12-25 08:23:07,832 -   eval_score = 0.5972
2023-12-25 08:23:07,832 - EarlyStopping counter: 1 out of 8
2023-12-25 08:23:22,310 - ***** Epoch: 11: Eval results *****
2023-12-25 08:23:22,311 -   train_loss = 0.2764
2023-12-25 08:23:22,311 -   best_eval_score = 0.6118
2023-12-25 08:23:22,311 -   eval_score = 0.6154
2023-12-25 08:23:35,815 - ***** Epoch: 12: Eval results *****
2023-12-25 08:23:35,816 -   train_loss = 0.2653
2023-12-25 08:23:35,816 -   best_eval_score = 0.6154
2023-12-25 08:23:35,816 -   eval_score = 0.5939
2023-12-25 08:23:35,816 - EarlyStopping counter: 1 out of 8
2023-12-25 08:23:48,590 - ***** Epoch: 13: Eval results *****
2023-12-25 08:23:48,590 -   train_loss = 0.2648
2023-12-25 08:23:48,590 -   best_eval_score = 0.6154
2023-12-25 08:23:48,590 -   eval_score = 0.5998
2023-12-25 08:23:48,590 - EarlyStopping counter: 2 out of 8
2023-12-25 08:24:01,930 - ***** Epoch: 14: Eval results *****
2023-12-25 08:24:01,931 -   train_loss = 0.1321
2023-12-25 08:24:01,931 -   best_eval_score = 0.6154
2023-12-25 08:24:01,932 -   eval_score = 0.5982
2023-12-25 08:24:01,932 - EarlyStopping counter: 3 out of 8
2023-12-25 08:24:16,916 - ***** Epoch: 15: Eval results *****
2023-12-25 08:24:16,917 -   train_loss = 0.1243
2023-12-25 08:24:16,917 -   best_eval_score = 0.6154
2023-12-25 08:24:16,917 -   eval_score = 0.6028
2023-12-25 08:24:16,917 - EarlyStopping counter: 4 out of 8
2023-12-25 08:24:31,434 - ***** Epoch: 16: Eval results *****
2023-12-25 08:24:31,435 -   train_loss = 0.1488
2023-12-25 08:24:31,436 -   best_eval_score = 0.6154
2023-12-25 08:24:31,436 -   eval_score = 0.5426
2023-12-25 08:24:31,436 - EarlyStopping counter: 5 out of 8
2023-12-25 08:24:46,471 - ***** Epoch: 17: Eval results *****
2023-12-25 08:24:46,472 -   train_loss = 0.1326
2023-12-25 08:24:46,472 -   best_eval_score = 0.6154
2023-12-25 08:24:46,472 -   eval_score = 0.5575
2023-12-25 08:24:46,472 - EarlyStopping counter: 6 out of 8
2023-12-25 08:25:01,069 - ***** Epoch: 18: Eval results *****
2023-12-25 08:25:01,070 -   train_loss = 0.1469
2023-12-25 08:25:01,070 -   best_eval_score = 0.6154
2023-12-25 08:25:01,071 -   eval_score = 0.5693
2023-12-25 08:25:01,071 - EarlyStopping counter: 7 out of 8
2023-12-25 08:25:15,806 - ***** Epoch: 19: Eval results *****
2023-12-25 08:25:15,806 -   train_loss = 0.0833
2023-12-25 08:25:15,807 -   best_eval_score = 0.6154
2023-12-25 08:25:15,807 -   eval_score = 0.5714
2023-12-25 08:25:15,807 - EarlyStopping counter: 8 out of 8
2023-12-25 08:25:15,807 - EarlyStopping at epoch 19
2023-12-25 08:25:15,809 - Training is finished...
2023-12-25 08:25:15,810 - Testing begins...
2023-12-25 08:25:20,280 - ***** Test: Confusion Matrix *****
2023-12-25 08:25:20,281 - [[38  0  0  0 10  0  1  1  0  2  1  0  1  3  0  0  0  0  0  0]
 [ 1 33  0  0  0  0  1  2  0  0  1  1  3  1  0  0  0  0  0  0]
 [ 1  0 26  0  0  0  0  0  0  0  0  0  0  0  0  0  0  0  0  0]
 [ 0  0  0 23  0  0  0  0  0  0  0  0  0  1  0  0  0  0  0  1]
 [ 6  0  0  0 11  0  1  0  1  0  0  1  0  2  0  0  0  0  0  1]
 [ 0  0  0  0  0 12  0  0  0  0  0  0  0  0  0  0  0  0  0  0]
 [ 5  0  0  0  3  0  1  0  0  0  1  1  0  0  0  1  0  0  0  0]
 [ 6  0  0  0  0  0  1  3  0  0  0  0  0  0  0  0  0  0  0  0]
 [ 1  0  0  0  1  0  0  3  0  0  0  0  0  4  0  1  0  0  0  0]
 [ 3  0  0  0  1  0  0  0  0  1  0  0  0  0  0  3  1  1  0  0]
 [ 5  0  0  0  1  0  0  0  0  0 11  0  0  1  0  0  0  0  0  0]
 [ 0  0  0  0  0  0  1  0  0  0  0 16  1  0  0  0  0  0  0  1]
 [ 9  0  0  0  1  0  1  4  0  0  1  1 26 10  1  2  0  0  0  1]
 [ 1  0  0  0  0  0  0  0  1  0  0  1  0 21  0  0  0  1  0  0]
 [ 0  0  0  0  0  0  1  0  0  0  0  0  0  4 13  0  1  0  0  3]
 [ 2  1  0  0  0  0  0  1  0  0  0  0  4  1  0 11  0  1  0  0]
 [ 0  0  0  0  0  0  0  2  0  0  0  0  1  0  0  0 14  0  0  0]
 [ 1  0  0  0  0  0  0  0  0  1  0  0  1  0  1  0  0 11  0  0]
 [ 0  0  0  0  0  0  0  0  0  0  0  0  3  0  0  1  0  0  8  0]
 [ 0  0  0  0  0  0  0  0  0  0  0  1  1  1  1  0  0  0  0  6]]
2023-12-25 08:25:20,281 - ***** Evaluation results *****
2023-12-25 08:25:20,281 -   acc = 0.6404
2023-12-25 08:25:20,281 -   f1 = 0.5984
2023-12-25 08:25:20,281 -   prec = 0.6222
2023-12-25 08:25:20,281 -   rec = 0.5983
2023-12-25 08:25:20,281 - Testing is finished...
2023-12-25 08:25:20,282 - Multimodal intent recognition is finished...
2023-12-25 08:25:20,282 - Results are saved in results/msz.csv
