2024-03-29 15:51:49,309 - ============================== Params ==============================
2024-03-29 15:51:49,310 - logger_name: msz_MIntRec_multi-class_seed-2_2024-03-29-15-51-49
2024-03-29 15:51:49,310 - dataset: MIntRec
2024-03-29 15:51:49,310 - data_mode: multi-class
2024-03-29 15:51:49,310 - method: msz
2024-03-29 15:51:49,310 - text_backbone: bert-base-uncased
2024-03-29 15:51:49,310 - text_backbone_path: /home/sharing/disk1/pretrained_embedding/bert/uncased_L-12_H-768_A-12/
2024-03-29 15:51:49,310 - seed: 2
2024-03-29 15:51:49,310 - num_workers: 8
2024-03-29 15:51:49,310 - gpu_id: 3
2024-03-29 15:51:49,310 - data_path: /home/sharing/disk2/sjh/intentDataset
2024-03-29 15:51:49,310 - train: True
2024-03-29 15:51:49,310 - tune: True
2024-03-29 15:51:49,310 - save_model: False
2024-03-29 15:51:49,310 - save_results: True
2024-03-29 15:51:49,310 - log_path: logs
2024-03-29 15:51:49,310 - cache_path: 
2024-03-29 15:51:49,310 - video_data_path: video_data
2024-03-29 15:51:49,310 - audio_data_path: audio_data
2024-03-29 15:51:49,310 - video_feats_path: video_feats.pkl
2024-03-29 15:51:49,310 - audio_feats_path: audio_feats.pkl
2024-03-29 15:51:49,310 - results_path: results
2024-03-29 15:51:49,310 - output_path: /home/sharing/disk2/sjh/Outputs/MIntRec
2024-03-29 15:51:49,310 - model_path: models
2024-03-29 15:51:49,310 - config_file_name: msz_MIntRec
2024-03-29 15:51:49,310 - results_file_name: msz.csv
2024-03-29 15:51:49,310 - padding_mode: zero
2024-03-29 15:51:49,310 - padding_loc: end
2024-03-29 15:51:49,310 - need_aligned: False
2024-03-29 15:51:49,310 - eval_monitor: f1
2024-03-29 15:51:49,310 - train_batch_size: 16
2024-03-29 15:51:49,310 - eval_batch_size: 8
2024-03-29 15:51:49,310 - test_batch_size: 8
2024-03-29 15:51:49,310 - wait_patience: 8
2024-03-29 15:51:49,310 - hidden_dims: 768
2024-03-29 15:51:49,310 - num_attention_heads: 8
2024-03-29 15:51:49,310 - attention_probs_dropout_prob: 0.2
2024-03-29 15:51:49,310 - hidden_dropout_prob: 0.4
2024-03-29 15:51:49,311 - intermediate_size: 768
2024-03-29 15:51:49,311 - num_hidden_layers: 8
2024-03-29 15:51:49,311 - max_position_embeddings: 768
2024-03-29 15:51:49,311 - position_embedding_type: absolute
2024-03-29 15:51:49,311 - batch_first: True
2024-03-29 15:51:49,311 - dropout: 0.3
2024-03-29 15:51:49,311 - aligned_method: conv1d
2024-03-29 15:51:49,311 - num_train_epochs: 100
2024-03-29 15:51:49,311 - lr: 6e-06
2024-03-29 15:51:49,311 - lr_mode: max
2024-03-29 15:51:49,311 - patience: 3
2024-03-29 15:51:49,311 - factor: 0.6
2024-03-29 15:51:49,311 - pred_output_path: /home/sharing/disk2/sjh/Outputs/MIntRec/msz_MIntRec_multi-class_seed-2_2024-03-29-15-51-49
2024-03-29 15:51:49,311 - model_output_path: /home/sharing/disk2/sjh/Outputs/MIntRec/msz_MIntRec_multi-class_seed-2_2024-03-29-15-51-49/models
2024-03-29 15:51:49,311 - num_labels: 20
2024-03-29 15:51:49,311 - text_feat_dim: 768
2024-03-29 15:51:49,311 - video_feat_dim: 256
2024-03-29 15:51:49,311 - audio_feat_dim: 768
2024-03-29 15:51:49,311 - text_seq_len: 30
2024-03-29 15:51:49,311 - video_seq_len: 230
2024-03-29 15:51:49,311 - audio_seq_len: 480
2024-03-29 15:51:49,311 - device: cuda:3
2024-03-29 15:51:49,311 - ============================== End Params ==============================
2024-03-29 15:51:49,462 - Generate Text Features Begin...
2024-03-29 15:51:50,287 - Generate Text Features Finished...
2024-03-29 15:51:50,289 - Load Video Features Begin...
2024-03-29 15:52:02,456 - Load Video Features Finished...
2024-03-29 15:52:06,775 - Load Audio Features Begin...
2024-03-29 15:52:58,818 - Load Audio Features Finished...
2024-03-29 15:53:14,671 - method  begins...
2024-03-29 15:53:20,526 - Multimodal intent recognition begins...
2024-03-29 15:53:20,526 - Training begins...
2024-03-29 15:53:42,665 - ***** Epoch: 1: Eval results *****
2024-03-29 15:53:42,665 -   train_loss = 2.7051
2024-03-29 15:53:42,665 -   best_eval_score = 0.0
2024-03-29 15:53:42,665 -   eval_score = 0.1569
2024-03-29 15:54:03,023 - ***** Epoch: 2: Eval results *****
2024-03-29 15:54:03,023 -   train_loss = 1.9079
2024-03-29 15:54:03,023 -   best_eval_score = 0.1569
2024-03-29 15:54:03,023 -   eval_score = 0.4572
2024-03-29 15:54:23,691 - ***** Epoch: 3: Eval results *****
2024-03-29 15:54:23,691 -   train_loss = 1.2035
2024-03-29 15:54:23,691 -   best_eval_score = 0.4572
2024-03-29 15:54:23,691 -   eval_score = 0.5589
2024-03-29 15:54:43,793 - ***** Epoch: 4: Eval results *****
2024-03-29 15:54:43,802 -   train_loss = 0.7272
2024-03-29 15:54:43,802 -   best_eval_score = 0.5589
2024-03-29 15:54:43,802 -   eval_score = 0.6167
2024-03-29 15:55:03,747 - ***** Epoch: 5: Eval results *****
2024-03-29 15:55:03,747 -   train_loss = 0.4453
2024-03-29 15:55:03,747 -   best_eval_score = 0.6167
2024-03-29 15:55:03,747 -   eval_score = 0.6709
2024-03-29 15:55:24,918 - ***** Epoch: 6: Eval results *****
2024-03-29 15:55:24,918 -   train_loss = 0.2616
2024-03-29 15:55:24,918 -   best_eval_score = 0.6709
2024-03-29 15:55:24,918 -   eval_score = 0.7048
2024-03-29 15:55:47,245 - ***** Epoch: 7: Eval results *****
2024-03-29 15:55:47,245 -   train_loss = 0.1843
2024-03-29 15:55:47,245 -   best_eval_score = 0.7048
2024-03-29 15:55:47,245 -   eval_score = 0.7065
2024-03-29 15:56:08,353 - ***** Epoch: 8: Eval results *****
2024-03-29 15:56:08,353 -   train_loss = 0.1324
2024-03-29 15:56:08,353 -   best_eval_score = 0.7065
2024-03-29 15:56:08,353 -   eval_score = 0.7053
2024-03-29 15:56:08,353 - EarlyStopping counter: 1 out of 8
2024-03-29 15:56:28,925 - ***** Epoch: 9: Eval results *****
2024-03-29 15:56:28,925 -   train_loss = 0.0992
2024-03-29 15:56:28,925 -   best_eval_score = 0.7065
2024-03-29 15:56:28,925 -   eval_score = 0.7016
2024-03-29 15:56:28,925 - EarlyStopping counter: 2 out of 8
2024-03-29 15:56:50,014 - ***** Epoch: 10: Eval results *****
2024-03-29 15:56:50,014 -   train_loss = 0.0693
2024-03-29 15:56:50,014 -   best_eval_score = 0.7065
2024-03-29 15:56:50,014 -   eval_score = 0.7019
2024-03-29 15:56:50,014 - EarlyStopping counter: 3 out of 8
2024-03-29 15:57:10,280 - ***** Epoch: 11: Eval results *****
2024-03-29 15:57:10,280 -   train_loss = 0.0583
2024-03-29 15:57:10,280 -   best_eval_score = 0.7065
2024-03-29 15:57:10,280 -   eval_score = 0.6982
2024-03-29 15:57:10,280 - EarlyStopping counter: 4 out of 8
2024-03-29 15:57:30,949 - ***** Epoch: 12: Eval results *****
2024-03-29 15:57:30,949 -   train_loss = 0.0508
2024-03-29 15:57:30,949 -   best_eval_score = 0.7065
2024-03-29 15:57:30,949 -   eval_score = 0.7034
2024-03-29 15:57:30,949 - EarlyStopping counter: 5 out of 8
2024-03-29 15:57:51,594 - ***** Epoch: 13: Eval results *****
2024-03-29 15:57:51,594 -   train_loss = 0.0428
2024-03-29 15:57:51,594 -   best_eval_score = 0.7065
2024-03-29 15:57:51,594 -   eval_score = 0.694
2024-03-29 15:57:51,594 - EarlyStopping counter: 6 out of 8
2024-03-29 15:58:12,995 - ***** Epoch: 14: Eval results *****
2024-03-29 15:58:12,996 -   train_loss = 0.0361
2024-03-29 15:58:12,996 -   best_eval_score = 0.7065
2024-03-29 15:58:12,996 -   eval_score = 0.6988
2024-03-29 15:58:12,996 - EarlyStopping counter: 7 out of 8
2024-03-29 15:58:34,165 - ***** Epoch: 15: Eval results *****
2024-03-29 15:58:34,165 -   train_loss = 0.0333
2024-03-29 15:58:34,165 -   best_eval_score = 0.7065
2024-03-29 15:58:34,165 -   eval_score = 0.7061
2024-03-29 15:58:34,165 - EarlyStopping counter: 8 out of 8
2024-03-29 15:58:34,165 - EarlyStopping at epoch 15
2024-03-29 15:58:34,168 - Training is finished...
2024-03-29 15:58:34,169 - Testing begins...
2024-03-29 15:58:37,705 - ***** Test: Confusion Matrix *****
2024-03-29 15:58:37,706 - [[41  3  0  0  6  0  0  0  0  1  1  0  4  1  0  0  0  0  0  0]
 [ 1 34  0  1  0  3  0  0  0  0  1  0  2  1  0  0  0  0  0  0]
 [ 1  0 26  0  0  0  0  0  0  0  0  0  0  0  0  0  0  0  0  0]
 [ 0  0  0 25  0  0  0  0  0  0  0  0  0  0  0  0  0  0  0  0]
 [ 7  0  0  0 10  0  1  0  0  0  0  1  2  1  0  0  0  1  0  0]
 [ 0  0  0  0  0 12  0  0  0  0  0  0  0  0  0  0  0  0  0  0]
 [ 2  1  0  0  3  0  1  1  2  0  0  0  1  0  0  0  1  0  0  0]
 [ 4  1  0  0  0  1  0  4  0  0  0  0  0  0  0  0  0  0  0  0]
 [ 1  0  0  0  0  0  0  4  3  0  0  0  0  2  0  0  0  0  0  0]
 [ 1  0  0  0  1  0  0  0  0  4  1  0  0  0  0  2  0  1  0  0]
 [ 1  0  0  0  0  0  1  0  0  1 14  0  0  0  1  0  0  0  0  0]
 [ 0  0  0  0  1  0  1  0  0  0  0 17  0  0  0  0  0  0  0  0]
 [ 4  1  0  0  1  0  0  0  0  0  1  1 41  5  1  0  2  0  0  0]
 [ 0  0  0  0  0  0  2  1  0  0  1  1  0 19  1  0  0  0  0  0]
 [ 0  0  0  0  1  0  0  0  0  0  0  0  2  3 14  0  1  0  0  1]
 [ 0  0  0  0  0  0  0  1  0  0  0  0  4  0  0 15  0  0  0  1]
 [ 0  0  0  0  0  0  0  0  0  0  0  0  3  0  1  0 13  0  0  0]
 [ 0  0  0  0  0  0  0  0  0  1  1  0  2  0  0  0  0 11  0  0]
 [ 0  0  0  0  0  0  0  0  0  0  0  0  2  0  0  1  0  0  9  0]
 [ 0  0  0  0  0  0  0  0  0  0  0  0  1  1  1  0  3  0  0  4]]
2024-03-29 15:58:37,707 - ***** Evaluation results *****
2024-03-29 15:58:37,707 -   acc = 0.7124
2024-03-29 15:58:37,707 -   f1 = 0.6679
2024-03-29 15:58:37,707 -   prec = 0.6924
2024-03-29 15:58:37,707 -   rec = 0.6621
2024-03-29 15:58:37,707 - Testing is finished...
2024-03-29 15:58:37,707 - Multimodal intent recognition is finished...
2024-03-29 15:58:37,707 - Results are saved in results/msz.csv
