2023-12-26 09:56:45,064 - ============================== Params ==============================
2023-12-26 09:56:45,064 - logger_name: msz_MIntRec_multi-class_seed-2_2023-12-26-09-56-45
2023-12-26 09:56:45,064 - dataset: MIntRec
2023-12-26 09:56:45,064 - data_mode: multi-class
2023-12-26 09:56:45,064 - method: msz
2023-12-26 09:56:45,064 - text_backbone: bert-base-uncased
2023-12-26 09:56:45,064 - text_backbone_path: /home/sharing/disk1/pretrained_embedding/bert/uncased_L-12_H-768_A-12/
2023-12-26 09:56:45,064 - seed: 2
2023-12-26 09:56:45,064 - num_workers: 8
2023-12-26 09:56:45,064 - gpu_id: 3
2023-12-26 09:56:45,064 - data_path: /home/sharing/disk2/sjh/intentDataset
2023-12-26 09:56:45,064 - train: True
2023-12-26 09:56:45,064 - tune: False
2023-12-26 09:56:45,064 - save_model: False
2023-12-26 09:56:45,064 - save_results: True
2023-12-26 09:56:45,064 - log_path: logs
2023-12-26 09:56:45,064 - cache_path: 
2023-12-26 09:56:45,064 - video_data_path: video_data
2023-12-26 09:56:45,064 - audio_data_path: audio_data
2023-12-26 09:56:45,064 - video_feats_path: video_feats.pkl
2023-12-26 09:56:45,064 - audio_feats_path: audio_feats.pkl
2023-12-26 09:56:45,064 - results_path: results
2023-12-26 09:56:45,064 - output_path: /home/sujianhua/Outputs/MIntRec
2023-12-26 09:56:45,064 - model_path: models
2023-12-26 09:56:45,064 - config_file_name: msz
2023-12-26 09:56:45,064 - results_file_name: msz.csv
2023-12-26 09:56:45,064 - padding_mode: zero
2023-12-26 09:56:45,064 - padding_loc: end
2023-12-26 09:56:45,064 - need_aligned: False
2023-12-26 09:56:45,064 - eval_monitor: f1
2023-12-26 09:56:45,064 - train_batch_size: 16
2023-12-26 09:56:45,064 - eval_batch_size: 8
2023-12-26 09:56:45,064 - test_batch_size: 8
2023-12-26 09:56:45,064 - wait_patience: 8
2023-12-26 09:56:45,065 - nheads: 2
2023-12-26 09:56:45,065 - encoder_layers: 2
2023-12-26 09:56:45,065 - attn_dropout: 0.1
2023-12-26 09:56:45,065 - relu_dropout: 0.1
2023-12-26 09:56:45,065 - embed_dropout: 0.1
2023-12-26 09:56:45,065 - res_dropout: 0.1
2023-12-26 09:56:45,065 - attn_mask: False
2023-12-26 09:56:45,065 - hidden_size: 768
2023-12-26 09:56:45,065 - num_attention_heads: 12
2023-12-26 09:56:45,065 - attention_probs_dropout_prob: 0.2
2023-12-26 09:56:45,065 - hidden_dropout_prob: 0.2
2023-12-26 09:56:45,065 - intermediate_size: 768
2023-12-26 09:56:45,065 - num_hidden_layers: 3
2023-12-26 09:56:45,065 - max_position_embeddings: 512
2023-12-26 09:56:45,065 - position_embedding_type: absolute
2023-12-26 09:56:45,065 - add_cross_attention: False
2023-12-26 09:56:45,065 - batch_first: True
2023-12-26 09:56:45,065 - hidden_dims: 768
2023-12-26 09:56:45,065 - att_dropouts: [0.1, 0.1, 0.1]
2023-12-26 09:56:45,065 - spe_dropouts: [0.1, 0.1, 0.1]
2023-12-26 09:56:45,065 - tv_c_loss: 0.01
2023-12-26 09:56:45,065 - vt_c_loss: 0.05
2023-12-26 09:56:45,065 - at_c_loss: 0.02
2023-12-26 09:56:45,065 - aligned_method: conv1d
2023-12-26 09:56:45,065 - num_train_epochs: 100
2023-12-26 09:56:45,065 - warmup_proportion: 0.1
2023-12-26 09:56:45,065 - lr: 5e-06
2023-12-26 09:56:45,065 - weight_decay: 0.01
2023-12-26 09:56:45,065 - pred_output_path: /home/sujianhua/Outputs/MIntRec/msz_MIntRec_multi-class_seed-2_2023-12-26-09-56-45
2023-12-26 09:56:45,065 - model_output_path: /home/sujianhua/Outputs/MIntRec/msz_MIntRec_multi-class_seed-2_2023-12-26-09-56-45/models
2023-12-26 09:56:45,065 - ============================== End Params ==============================
2023-12-26 09:56:45,175 - Generate Text Features Begin...
2023-12-26 09:56:45,873 - Generate Text Features Finished...
2023-12-26 09:56:45,875 - Load Video Features Begin...
2023-12-26 09:57:03,827 - Load Video Features Finished...
2023-12-26 09:57:04,453 - Load Audio Features Begin...
2023-12-26 09:57:51,736 - Load Audio Features Finished...
2023-12-26 09:57:57,169 - method  begins...
2023-12-26 09:58:07,225 - Multimodal intent recognition begins...
2023-12-26 09:58:07,225 - Training begins...
2023-12-26 09:58:51,412 - ***** Epoch: 1: Eval results *****
2023-12-26 09:58:51,413 -   train_loss = 3.736
2023-12-26 09:58:51,414 -   best_eval_score = 0.0
2023-12-26 09:58:51,414 -   eval_score = 0.0274
2023-12-26 09:59:37,943 - ***** Epoch: 2: Eval results *****
2023-12-26 09:59:37,943 -   train_loss = 3.2105
2023-12-26 09:59:37,943 -   best_eval_score = 0.0274
2023-12-26 09:59:37,943 -   eval_score = 0.0332
2023-12-26 10:00:21,494 - ***** Epoch: 3: Eval results *****
2023-12-26 10:00:21,495 -   train_loss = 2.8075
2023-12-26 10:00:21,496 -   best_eval_score = 0.0332
2023-12-26 10:00:21,496 -   eval_score = 0.1999
2023-12-26 10:01:05,589 - ***** Epoch: 4: Eval results *****
2023-12-26 10:01:05,590 -   train_loss = 2.2116
2023-12-26 10:01:05,590 -   best_eval_score = 0.1999
2023-12-26 10:01:05,590 -   eval_score = 0.3722
2023-12-26 10:01:52,926 - ***** Epoch: 5: Eval results *****
2023-12-26 10:01:52,927 -   train_loss = 1.8816
2023-12-26 10:01:52,927 -   best_eval_score = 0.3722
2023-12-26 10:01:52,927 -   eval_score = 0.4531
2023-12-26 10:02:38,249 - ***** Epoch: 6: Eval results *****
2023-12-26 10:02:38,249 -   train_loss = 1.5115
2023-12-26 10:02:38,249 -   best_eval_score = 0.4531
2023-12-26 10:02:38,250 -   eval_score = 0.5075
2023-12-26 10:03:20,326 - ***** Epoch: 7: Eval results *****
2023-12-26 10:03:20,327 -   train_loss = 1.2459
2023-12-26 10:03:20,327 -   best_eval_score = 0.5075
2023-12-26 10:03:20,327 -   eval_score = 0.5204
2023-12-26 10:04:07,487 - ***** Epoch: 8: Eval results *****
2023-12-26 10:04:07,488 -   train_loss = 0.9452
2023-12-26 10:04:07,489 -   best_eval_score = 0.5204
2023-12-26 10:04:07,489 -   eval_score = 0.5141
2023-12-26 10:04:07,489 - EarlyStopping counter: 1 out of 8
2023-12-26 10:04:51,778 - ***** Epoch: 9: Eval results *****
2023-12-26 10:04:51,779 -   train_loss = 0.9863
2023-12-26 10:04:51,779 -   best_eval_score = 0.5204
2023-12-26 10:04:51,779 -   eval_score = 0.5107
2023-12-26 10:04:51,779 - EarlyStopping counter: 2 out of 8
2023-12-26 10:05:34,314 - ***** Epoch: 10: Eval results *****
2023-12-26 10:05:34,315 -   train_loss = 0.87
2023-12-26 10:05:34,316 -   best_eval_score = 0.5204
2023-12-26 10:05:34,316 -   eval_score = 0.5398
2023-12-26 10:06:18,777 - ***** Epoch: 11: Eval results *****
2023-12-26 10:06:18,778 -   train_loss = nan
2023-12-26 10:06:18,779 -   best_eval_score = 0.5398
2023-12-26 10:06:18,779 -   eval_score = 0.0114
2023-12-26 10:06:18,779 - EarlyStopping counter: 1 out of 8
