2024-03-09 23:47:42,783 - ============================== Params ==============================
2024-03-09 23:47:42,784 - logger_name: msz_MIntRec_multi-class_seed-1_2024-03-09-23-47-42
2024-03-09 23:47:42,784 - dataset: MIntRec
2024-03-09 23:47:42,784 - data_mode: multi-class
2024-03-09 23:47:42,784 - method: msz
2024-03-09 23:47:42,784 - text_backbone: bert-base-uncased
2024-03-09 23:47:42,784 - text_backbone_path: /home/sharing/disk1/pretrained_embedding/bert/uncased_L-12_H-768_A-12/
2024-03-09 23:47:42,784 - seed: 1
2024-03-09 23:47:42,784 - num_workers: 8
2024-03-09 23:47:42,784 - gpu_id: 2
2024-03-09 23:47:42,784 - data_path: /home/sharing/disk2/sjh/intentDataset
2024-03-09 23:47:42,784 - train: True
2024-03-09 23:47:42,784 - tune: True
2024-03-09 23:47:42,784 - save_model: False
2024-03-09 23:47:42,784 - save_results: True
2024-03-09 23:47:42,784 - log_path: logs
2024-03-09 23:47:42,784 - cache_path: 
2024-03-09 23:47:42,784 - video_data_path: video_data
2024-03-09 23:47:42,784 - audio_data_path: audio_data
2024-03-09 23:47:42,784 - video_feats_path: video_feats.pkl
2024-03-09 23:47:42,784 - audio_feats_path: audio_feats.pkl
2024-03-09 23:47:42,784 - results_path: results
2024-03-09 23:47:42,784 - output_path: /home/sharing/disk2/sjh/Outputs/MIntRec
2024-03-09 23:47:42,784 - model_path: models
2024-03-09 23:47:42,784 - config_file_name: msz_MIntRec
2024-03-09 23:47:42,785 - results_file_name: msz.csv
2024-03-09 23:47:42,785 - padding_mode: zero
2024-03-09 23:47:42,785 - padding_loc: end
2024-03-09 23:47:42,785 - need_aligned: False
2024-03-09 23:47:42,785 - eval_monitor: f1
2024-03-09 23:47:42,785 - train_batch_size: 16
2024-03-09 23:47:42,785 - eval_batch_size: 8
2024-03-09 23:47:42,785 - test_batch_size: 8
2024-03-09 23:47:42,785 - wait_patience: 8
2024-03-09 23:47:42,785 - hidden_dims: 768
2024-03-09 23:47:42,785 - intermediate_size: 768
2024-03-09 23:47:42,785 - position_embedding_type: absolute
2024-03-09 23:47:42,785 - batch_first: True
2024-03-09 23:47:42,785 - d_num_attention_heads: 8
2024-03-09 23:47:42,785 - d_attention_probs_dropout_prob: 0.2
2024-03-09 23:47:42,785 - d_hidden_dropout_prob: 0.2
2024-03-09 23:47:42,785 - d_num_hidden_layers: 10
2024-03-09 23:47:42,785 - d_max_position_embeddings: 768
2024-03-09 23:47:42,785 - m_num_attention_heads: 12
2024-03-09 23:47:42,785 - m_attention_probs_dropout_prob: 0.2
2024-03-09 23:47:42,785 - m_hidden_dropout_prob: 0.3
2024-03-09 23:47:42,785 - m_num_hidden_layers: 8
2024-03-09 23:47:42,785 - m_max_position_embeddings: 768
2024-03-09 23:47:42,785 - dropout: 0.1
2024-03-09 23:47:42,785 - aligned_method: conv1d
2024-03-09 23:47:42,785 - num_train_epochs: 100
2024-03-09 23:47:42,785 - lr: 3e-06
2024-03-09 23:47:42,785 - lr_mode: min
2024-03-09 23:47:42,785 - pred_output_path: /home/sharing/disk2/sjh/Outputs/MIntRec/msz_MIntRec_multi-class_seed-1_2024-03-09-23-47-42
2024-03-09 23:47:42,785 - model_output_path: /home/sharing/disk2/sjh/Outputs/MIntRec/msz_MIntRec_multi-class_seed-1_2024-03-09-23-47-42/models
2024-03-09 23:47:42,785 - num_labels: 20
2024-03-09 23:47:42,785 - text_feat_dim: 768
2024-03-09 23:47:42,785 - video_feat_dim: 256
2024-03-09 23:47:42,785 - audio_feat_dim: 768
2024-03-09 23:47:42,785 - text_seq_len: 30
2024-03-09 23:47:42,785 - video_seq_len: 230
2024-03-09 23:47:42,785 - audio_seq_len: 480
2024-03-09 23:47:42,785 - device: cuda:2
2024-03-09 23:47:42,785 - ============================== End Params ==============================
2024-03-09 23:47:42,788 - Generate Text Features Begin...
2024-03-09 23:47:43,301 - Generate Text Features Finished...
2024-03-09 23:47:43,302 - Load Video Features Begin...
2024-03-09 23:47:43,575 - Load Video Features Finished...
2024-03-09 23:47:44,039 - Load Audio Features Begin...
2024-03-09 23:47:44,822 - Load Audio Features Finished...
2024-03-09 23:47:47,070 - method  begins...
2024-03-09 23:47:49,099 - Multimodal intent recognition begins...
2024-03-09 23:47:49,100 - Training begins...
2024-03-09 23:48:11,086 - ***** Epoch: 1: Eval results *****
2024-03-09 23:48:11,087 -   train_loss = 2.7995
2024-03-09 23:48:11,087 -   best_eval_score = 0.0
2024-03-09 23:48:11,087 -   eval_score = 0.1302
2024-03-09 23:48:33,300 - ***** Epoch: 2: Eval results *****
2024-03-09 23:48:33,300 -   train_loss = 2.3158
2024-03-09 23:48:33,300 -   best_eval_score = 0.1302
2024-03-09 23:48:33,300 -   eval_score = 0.3397
2024-03-09 23:48:57,148 - ***** Epoch: 3: Eval results *****
2024-03-09 23:48:57,149 -   train_loss = 1.7311
2024-03-09 23:48:57,149 -   best_eval_score = 0.3397
2024-03-09 23:48:57,149 -   eval_score = 0.4785
2024-03-09 23:49:20,175 - ***** Epoch: 4: Eval results *****
2024-03-09 23:49:20,175 -   train_loss = 1.2912
2024-03-09 23:49:20,175 -   best_eval_score = 0.4785
2024-03-09 23:49:20,175 -   eval_score = 0.5266
2024-03-09 23:49:41,973 - ***** Epoch: 5: Eval results *****
2024-03-09 23:49:41,973 -   train_loss = 0.9407
2024-03-09 23:49:41,973 -   best_eval_score = 0.5266
2024-03-09 23:49:41,973 -   eval_score = 0.5638
2024-03-09 23:50:04,350 - ***** Epoch: 6: Eval results *****
2024-03-09 23:50:04,351 -   train_loss = 0.6947
2024-03-09 23:50:04,351 -   best_eval_score = 0.5638
2024-03-09 23:50:04,351 -   eval_score = 0.5921
2024-03-09 23:50:26,185 - ***** Epoch: 7: Eval results *****
2024-03-09 23:50:26,186 -   train_loss = 0.4913
2024-03-09 23:50:26,186 -   best_eval_score = 0.5921
2024-03-09 23:50:26,186 -   eval_score = 0.6386
2024-03-09 23:50:47,863 - ***** Epoch: 8: Eval results *****
2024-03-09 23:50:47,863 -   train_loss = 0.3644
2024-03-09 23:50:47,863 -   best_eval_score = 0.6386
2024-03-09 23:50:47,863 -   eval_score = 0.6548
2024-03-09 23:51:10,387 - ***** Epoch: 9: Eval results *****
2024-03-09 23:51:10,387 -   train_loss = 0.2622
2024-03-09 23:51:10,387 -   best_eval_score = 0.6548
2024-03-09 23:51:10,387 -   eval_score = 0.6823
2024-03-09 23:51:32,950 - ***** Epoch: 10: Eval results *****
2024-03-09 23:51:32,950 -   train_loss = 0.1862
2024-03-09 23:51:32,950 -   best_eval_score = 0.6823
2024-03-09 23:51:32,950 -   eval_score = 0.6616
2024-03-09 23:51:32,950 - EarlyStopping counter: 1 out of 8
2024-03-09 23:51:55,219 - ***** Epoch: 11: Eval results *****
2024-03-09 23:51:55,219 -   train_loss = 0.1459
2024-03-09 23:51:55,219 -   best_eval_score = 0.6823
2024-03-09 23:51:55,219 -   eval_score = 0.6721
2024-03-09 23:51:55,219 - EarlyStopping counter: 2 out of 8
2024-03-09 23:52:17,655 - ***** Epoch: 12: Eval results *****
2024-03-09 23:52:17,655 -   train_loss = 0.1344
2024-03-09 23:52:17,656 -   best_eval_score = 0.6823
2024-03-09 23:52:17,656 -   eval_score = 0.6794
2024-03-09 23:52:17,656 - EarlyStopping counter: 3 out of 8
2024-03-09 23:52:40,437 - ***** Epoch: 13: Eval results *****
2024-03-09 23:52:40,437 -   train_loss = 0.1306
2024-03-09 23:52:40,437 -   best_eval_score = 0.6823
2024-03-09 23:52:40,437 -   eval_score = 0.6707
2024-03-09 23:52:40,437 - EarlyStopping counter: 4 out of 8
2024-03-09 23:53:03,542 - ***** Epoch: 14: Eval results *****
2024-03-09 23:53:03,542 -   train_loss = 0.1255
2024-03-09 23:53:03,542 -   best_eval_score = 0.6823
2024-03-09 23:53:03,543 -   eval_score = 0.6838
2024-03-09 23:53:25,083 - ***** Epoch: 15: Eval results *****
2024-03-09 23:53:25,083 -   train_loss = 0.1219
2024-03-09 23:53:25,084 -   best_eval_score = 0.6838
2024-03-09 23:53:25,084 -   eval_score = 0.677
2024-03-09 23:53:25,084 - EarlyStopping counter: 1 out of 8
2024-03-09 23:53:47,588 - ***** Epoch: 16: Eval results *****
2024-03-09 23:53:47,588 -   train_loss = 0.1176
2024-03-09 23:53:47,588 -   best_eval_score = 0.6838
2024-03-09 23:53:47,588 -   eval_score = 0.6746
2024-03-09 23:53:47,588 - EarlyStopping counter: 2 out of 8
2024-03-09 23:54:09,945 - ***** Epoch: 17: Eval results *****
2024-03-09 23:54:09,945 -   train_loss = 0.1125
2024-03-09 23:54:09,945 -   best_eval_score = 0.6838
2024-03-09 23:54:09,945 -   eval_score = 0.6798
2024-03-09 23:54:09,945 - EarlyStopping counter: 3 out of 8
2024-03-09 23:54:31,765 - ***** Epoch: 18: Eval results *****
2024-03-09 23:54:31,765 -   train_loss = 0.1081
2024-03-09 23:54:31,765 -   best_eval_score = 0.6838
2024-03-09 23:54:31,765 -   eval_score = 0.6794
2024-03-09 23:54:31,765 - EarlyStopping counter: 4 out of 8
2024-03-09 23:54:53,688 - ***** Epoch: 19: Eval results *****
2024-03-09 23:54:53,688 -   train_loss = 0.1046
2024-03-09 23:54:53,688 -   best_eval_score = 0.6838
2024-03-09 23:54:53,688 -   eval_score = 0.6781
2024-03-09 23:54:53,688 - EarlyStopping counter: 5 out of 8
2024-03-09 23:55:16,449 - ***** Epoch: 20: Eval results *****
2024-03-09 23:55:16,449 -   train_loss = 0.1019
2024-03-09 23:55:16,449 -   best_eval_score = 0.6838
2024-03-09 23:55:16,449 -   eval_score = 0.6768
2024-03-09 23:55:16,449 - EarlyStopping counter: 6 out of 8
2024-03-09 23:55:39,705 - ***** Epoch: 21: Eval results *****
2024-03-09 23:55:39,705 -   train_loss = 0.1014
2024-03-09 23:55:39,705 -   best_eval_score = 0.6838
2024-03-09 23:55:39,705 -   eval_score = 0.6768
2024-03-09 23:55:39,705 - EarlyStopping counter: 7 out of 8
2024-03-09 23:56:02,551 - ***** Epoch: 22: Eval results *****
2024-03-09 23:56:02,551 -   train_loss = 0.0978
2024-03-09 23:56:02,551 -   best_eval_score = 0.6838
2024-03-09 23:56:02,551 -   eval_score = 0.6794
2024-03-09 23:56:02,551 - EarlyStopping counter: 8 out of 8
2024-03-09 23:56:02,551 - EarlyStopping at epoch 22
2024-03-09 23:56:02,556 - Training is finished...
2024-03-09 23:56:02,556 - Testing begins...
2024-03-09 23:56:06,367 - ***** Test: Confusion Matrix *****
2024-03-09 23:56:06,368 - [[38  3  0  0  9  0  0  1  0  1  1  0  3  1  0  0  0  0  0  0]
 [ 1 35  0  1  0  2  0  0  0  0  1  0  2  0  1  0  0  0  0  0]
 [ 1  0 26  0  0  0  0  0  0  0  0  0  0  0  0  0  0  0  0  0]
 [ 0  1  0 24  0  0  0  0  0  0  0  0  0  0  0  0  0  0  0  0]
 [ 5  0  0  0 13  0  1  0  0  0  0  1  1  1  0  0  0  1  0  0]
 [ 0  0  0  0  0 11  0  0  0  0  0  0  1  0  0  0  0  0  0  0]
 [ 3  1  0  0  4  0  1  0  1  0  0  0  1  0  0  0  1  0  0  0]
 [ 3  0  0  0  0  0  0  4  1  2  0  0  0  0  0  0  0  0  0  0]
 [ 1  0  0  0  0  0  0  3  3  0  0  0  0  2  0  1  0  0  0  0]
 [ 1  0  0  0  1  0  0  0  0  4  1  0  0  0  0  2  0  1  0  0]
 [ 1  0  0  0  0  0  0  0  1  3 12  0  0  0  1  0  0  0  0  0]
 [ 0  0  0  0  0  0  1  0  0  0  0 18  0  0  0  0  0  0  0  0]
 [ 4  2  0  0  1  0  0  1  0  0  0  1 40  2  3  0  1  0  1  1]
 [ 0  0  0  0  0  0  2  0  0  0  1  1  0 19  1  1  0  0  0  0]
 [ 0  0  1  0  1  0  0  0  0  0  0  0  0  3 14  0  1  0  0  2]
 [ 0  0  0  0  0  0  0  1  0  0  0  0  3  0  0 16  0  0  0  1]
 [ 0  0  0  0  0  0  0  0  0  0  0  0  3  0  2  0 12  0  0  0]
 [ 0  0  0  0  0  0  0  0  0  1  1  0  1  0  1  0  0 11  0  0]
 [ 0  0  0  0  0  0  0  0  0  0  0  0  2  0  0  1  0  0  9  0]
 [ 0  0  0  0  0  0  0  0  0  0  0  0  0  0  1  0  2  0  0  7]]
2024-03-09 23:56:06,368 - ***** Evaluation results *****
2024-03-09 23:56:06,368 -   acc = 0.7124
2024-03-09 23:56:06,368 -   f1 = 0.6706
2024-03-09 23:56:06,368 -   prec = 0.6773
2024-03-09 23:56:06,368 -   rec = 0.6716
2024-03-09 23:56:06,368 - Testing is finished...
2024-03-09 23:56:06,368 - Multimodal intent recognition is finished...
2024-03-09 23:56:06,368 - Results are saved in results/msz.csv
