2024-03-30 05:25:09,113 - ============================== Params ==============================
2024-03-30 05:25:09,113 - logger_name: msz_MIntRec_multi-class_seed-2_2024-03-30-05-25-09
2024-03-30 05:25:09,114 - dataset: MIntRec
2024-03-30 05:25:09,114 - data_mode: multi-class
2024-03-30 05:25:09,114 - method: msz
2024-03-30 05:25:09,114 - text_backbone: bert-base-uncased
2024-03-30 05:25:09,114 - text_backbone_path: /home/sharing/disk1/pretrained_embedding/bert/uncased_L-12_H-768_A-12/
2024-03-30 05:25:09,114 - seed: 2
2024-03-30 05:25:09,114 - num_workers: 8
2024-03-30 05:25:09,114 - gpu_id: 3
2024-03-30 05:25:09,114 - data_path: /home/sharing/disk2/sjh/intentDataset
2024-03-30 05:25:09,114 - train: True
2024-03-30 05:25:09,114 - tune: True
2024-03-30 05:25:09,114 - save_model: False
2024-03-30 05:25:09,114 - save_results: True
2024-03-30 05:25:09,114 - log_path: logs
2024-03-30 05:25:09,114 - cache_path: 
2024-03-30 05:25:09,114 - video_data_path: video_data
2024-03-30 05:25:09,114 - audio_data_path: audio_data
2024-03-30 05:25:09,114 - video_feats_path: video_feats.pkl
2024-03-30 05:25:09,115 - audio_feats_path: audio_feats.pkl
2024-03-30 05:25:09,115 - results_path: results
2024-03-30 05:25:09,115 - output_path: /home/sharing/disk2/sjh/Outputs/MIntRec
2024-03-30 05:25:09,115 - model_path: models
2024-03-30 05:25:09,115 - config_file_name: msz_MIntRec
2024-03-30 05:25:09,115 - results_file_name: msz.csv
2024-03-30 05:25:09,115 - padding_mode: zero
2024-03-30 05:25:09,115 - padding_loc: end
2024-03-30 05:25:09,115 - need_aligned: False
2024-03-30 05:25:09,115 - eval_monitor: f1
2024-03-30 05:25:09,115 - train_batch_size: 16
2024-03-30 05:25:09,115 - eval_batch_size: 8
2024-03-30 05:25:09,115 - test_batch_size: 8
2024-03-30 05:25:09,115 - wait_patience: 8
2024-03-30 05:25:09,115 - hidden_dims: 768
2024-03-30 05:25:09,115 - num_attention_heads: 8
2024-03-30 05:25:09,115 - attention_probs_dropout_prob: 0.2
2024-03-30 05:25:09,115 - hidden_dropout_prob: 0.4
2024-03-30 05:25:09,115 - intermediate_size: 768
2024-03-30 05:25:09,115 - num_hidden_layers: 6
2024-03-30 05:25:09,115 - max_position_embeddings: 768
2024-03-30 05:25:09,115 - position_embedding_type: absolute
2024-03-30 05:25:09,116 - batch_first: True
2024-03-30 05:25:09,116 - dropout: 0.3
2024-03-30 05:25:09,116 - aligned_method: conv1d
2024-03-30 05:25:09,116 - num_train_epochs: 100
2024-03-30 05:25:09,116 - lr: 6e-06
2024-03-30 05:25:09,116 - lr_mode: max
2024-03-30 05:25:09,116 - patience: 6
2024-03-30 05:25:09,116 - factor: 0.4
2024-03-30 05:25:09,116 - pred_output_path: /home/sharing/disk2/sjh/Outputs/MIntRec/msz_MIntRec_multi-class_seed-2_2024-03-30-05-25-09
2024-03-30 05:25:09,116 - model_output_path: /home/sharing/disk2/sjh/Outputs/MIntRec/msz_MIntRec_multi-class_seed-2_2024-03-30-05-25-09/models
2024-03-30 05:25:09,116 - num_labels: 20
2024-03-30 05:25:09,116 - text_feat_dim: 768
2024-03-30 05:25:09,116 - video_feat_dim: 256
2024-03-30 05:25:09,116 - audio_feat_dim: 768
2024-03-30 05:25:09,116 - text_seq_len: 30
2024-03-30 05:25:09,116 - video_seq_len: 230
2024-03-30 05:25:09,116 - audio_seq_len: 480
2024-03-30 05:25:09,116 - device: cuda:3
2024-03-30 05:25:09,116 - ============================== End Params ==============================
2024-03-30 05:25:09,218 - Generate Text Features Begin...
2024-03-30 05:25:10,120 - Generate Text Features Finished...
2024-03-30 05:25:10,121 - Load Video Features Begin...
2024-03-30 05:25:25,129 - Load Video Features Finished...
2024-03-30 05:25:25,666 - Load Audio Features Begin...
2024-03-30 05:26:02,342 - Load Audio Features Finished...
2024-03-30 05:26:04,713 - method  begins...
2024-03-30 05:26:10,489 - Multimodal intent recognition begins...
2024-03-30 05:26:10,489 - Training begins...
2024-03-30 05:26:28,739 - ***** Epoch: 1: Eval results *****
2024-03-30 05:26:28,739 -   train_loss = 2.7517
2024-03-30 05:26:28,739 -   best_eval_score = 0.0
2024-03-30 05:26:28,739 -   eval_score = 0.1557
2024-03-30 05:26:46,849 - ***** Epoch: 2: Eval results *****
2024-03-30 05:26:46,849 -   train_loss = 2.0404
2024-03-30 05:26:46,849 -   best_eval_score = 0.1557
2024-03-30 05:26:46,849 -   eval_score = 0.4464
2024-03-30 05:27:04,641 - ***** Epoch: 3: Eval results *****
2024-03-30 05:27:04,641 -   train_loss = 1.29
2024-03-30 05:27:04,641 -   best_eval_score = 0.4464
2024-03-30 05:27:04,641 -   eval_score = 0.5571
2024-03-30 05:27:22,960 - ***** Epoch: 4: Eval results *****
2024-03-30 05:27:22,960 -   train_loss = 0.8124
2024-03-30 05:27:22,960 -   best_eval_score = 0.5571
2024-03-30 05:27:22,960 -   eval_score = 0.587
2024-03-30 05:27:40,913 - ***** Epoch: 5: Eval results *****
2024-03-30 05:27:40,914 -   train_loss = 0.5162
2024-03-30 05:27:40,914 -   best_eval_score = 0.587
2024-03-30 05:27:40,914 -   eval_score = 0.6625
2024-03-30 05:27:58,648 - ***** Epoch: 6: Eval results *****
2024-03-30 05:27:58,648 -   train_loss = 0.311
2024-03-30 05:27:58,648 -   best_eval_score = 0.6625
2024-03-30 05:27:58,648 -   eval_score = 0.6558
2024-03-30 05:27:58,648 - EarlyStopping counter: 1 out of 8
2024-03-30 05:28:16,364 - ***** Epoch: 7: Eval results *****
2024-03-30 05:28:16,364 -   train_loss = 0.1867
2024-03-30 05:28:16,364 -   best_eval_score = 0.6625
2024-03-30 05:28:16,364 -   eval_score = 0.6477
2024-03-30 05:28:16,364 - EarlyStopping counter: 2 out of 8
2024-03-30 05:28:34,148 - ***** Epoch: 8: Eval results *****
2024-03-30 05:28:34,148 -   train_loss = 0.1159
2024-03-30 05:28:34,148 -   best_eval_score = 0.6625
2024-03-30 05:28:34,148 -   eval_score = 0.668
2024-03-30 05:28:51,823 - ***** Epoch: 9: Eval results *****
2024-03-30 05:28:51,824 -   train_loss = 0.0727
2024-03-30 05:28:51,824 -   best_eval_score = 0.668
2024-03-30 05:28:51,824 -   eval_score = 0.6862
2024-03-30 05:29:10,007 - ***** Epoch: 10: Eval results *****
2024-03-30 05:29:10,008 -   train_loss = 0.0605
2024-03-30 05:29:10,008 -   best_eval_score = 0.6862
2024-03-30 05:29:10,008 -   eval_score = 0.6641
2024-03-30 05:29:10,008 - EarlyStopping counter: 1 out of 8
2024-03-30 05:29:28,062 - ***** Epoch: 11: Eval results *****
2024-03-30 05:29:28,062 -   train_loss = 0.0499
2024-03-30 05:29:28,062 -   best_eval_score = 0.6862
2024-03-30 05:29:28,062 -   eval_score = 0.6773
2024-03-30 05:29:28,062 - EarlyStopping counter: 2 out of 8
2024-03-30 05:29:46,546 - ***** Epoch: 12: Eval results *****
2024-03-30 05:29:46,546 -   train_loss = 0.0405
2024-03-30 05:29:46,546 -   best_eval_score = 0.6862
2024-03-30 05:29:46,546 -   eval_score = 0.6919
2024-03-30 05:30:04,573 - ***** Epoch: 13: Eval results *****
2024-03-30 05:30:04,574 -   train_loss = 0.0377
2024-03-30 05:30:04,574 -   best_eval_score = 0.6919
2024-03-30 05:30:04,574 -   eval_score = 0.6841
2024-03-30 05:30:04,574 - EarlyStopping counter: 1 out of 8
2024-03-30 05:30:22,387 - ***** Epoch: 14: Eval results *****
2024-03-30 05:30:22,387 -   train_loss = 0.0321
2024-03-30 05:30:22,387 -   best_eval_score = 0.6919
2024-03-30 05:30:22,387 -   eval_score = 0.6692
2024-03-30 05:30:22,387 - EarlyStopping counter: 2 out of 8
2024-03-30 05:30:39,829 - ***** Epoch: 15: Eval results *****
2024-03-30 05:30:39,829 -   train_loss = 0.0286
2024-03-30 05:30:39,829 -   best_eval_score = 0.6919
2024-03-30 05:30:39,829 -   eval_score = 0.6748
2024-03-30 05:30:39,829 - EarlyStopping counter: 3 out of 8
2024-03-30 05:30:57,461 - ***** Epoch: 16: Eval results *****
2024-03-30 05:30:57,461 -   train_loss = 0.0247
2024-03-30 05:30:57,461 -   best_eval_score = 0.6919
2024-03-30 05:30:57,461 -   eval_score = 0.6701
2024-03-30 05:30:57,461 - EarlyStopping counter: 4 out of 8
2024-03-30 05:31:15,032 - ***** Epoch: 17: Eval results *****
2024-03-30 05:31:15,032 -   train_loss = 0.0237
2024-03-30 05:31:15,032 -   best_eval_score = 0.6919
2024-03-30 05:31:15,033 -   eval_score = 0.6848
2024-03-30 05:31:15,033 - EarlyStopping counter: 5 out of 8
2024-03-30 05:31:32,843 - ***** Epoch: 18: Eval results *****
2024-03-30 05:31:32,844 -   train_loss = 0.0212
2024-03-30 05:31:32,844 -   best_eval_score = 0.6919
2024-03-30 05:31:32,844 -   eval_score = 0.6788
2024-03-30 05:31:32,844 - EarlyStopping counter: 6 out of 8
2024-03-30 05:31:50,427 - ***** Epoch: 19: Eval results *****
2024-03-30 05:31:50,427 -   train_loss = 0.0208
2024-03-30 05:31:50,427 -   best_eval_score = 0.6919
2024-03-30 05:31:50,427 -   eval_score = 0.6854
2024-03-30 05:31:50,427 - EarlyStopping counter: 7 out of 8
2024-03-30 05:32:08,131 - ***** Epoch: 20: Eval results *****
2024-03-30 05:32:08,131 -   train_loss = 0.0196
2024-03-30 05:32:08,131 -   best_eval_score = 0.6919
2024-03-30 05:32:08,131 -   eval_score = 0.6856
2024-03-30 05:32:08,131 - EarlyStopping counter: 8 out of 8
2024-03-30 05:32:08,131 - EarlyStopping at epoch 20
2024-03-30 05:32:08,135 - Training is finished...
2024-03-30 05:32:08,135 - Testing begins...
2024-03-30 05:32:11,253 - ***** Test: Confusion Matrix *****
2024-03-30 05:32:11,254 - [[38  2  0  0  5  0  2  1  1  2  1  0  4  1  0  0  0  0  0  0]
 [ 0 34  0  1  0  2  2  0  0  0  1  0  2  1  0  0  0  0  0  0]
 [ 1  0 26  0  0  0  0  0  0  0  0  0  0  0  0  0  0  0  0  0]
 [ 0  1  0 24  0  0  0  0  0  0  0  0  0  0  0  0  0  0  0  0]
 [ 6  0  0  0 10  0  1  0  0  1  0  1  1  1  0  0  0  2  0  0]
 [ 0  0  0  0  0 11  0  0  0  0  0  0  1  0  0  0  0  0  0  0]
 [ 2  1  0  0  2  0  2  1  2  0  0  0  1  0  1  0  0  0  0  0]
 [ 3  0  0  0  0  1  0  6  0  0  0  0  0  0  0  0  0  0  0  0]
 [ 1  0  0  0  0  0  0  3  3  0  0  0  0  2  0  1  0  0  0  0]
 [ 1  0  0  0  1  0  0  0  0  3  0  0  0  0  0  3  1  1  0  0]
 [ 1  0  0  0  0  0  1  0  0  2 13  0  0  0  1  0  0  0  0  0]
 [ 0  0  0  0  0  0  1  0  0  0  0 17  0  0  0  0  0  0  0  1]
 [ 3  2  0  0  1  0  0  0  0  0  0  1 40  1  4  2  2  0  0  1]
 [ 1  0  0  0  0  0  1  0  0  0  1  1  1 18  2  0  0  0  0  0]
 [ 0  0  0  0  0  0  0  0  1  0  0  0  3  2 14  0  1  0  0  1]
 [ 0  0  0  0  0  0  0  1  0  0  0  0  3  0  0 16  0  0  0  1]
 [ 0  0  0  0  0  0  0  0  0  0  0  0  2  0  3  0 12  0  0  0]
 [ 0  0  0  0  0  0  0  0  0  1  1  0  2  0  0  0  0 11  0  0]
 [ 0  0  0  0  0  0  0  0  0  0  0  0  2  0  0  1  0  0  9  0]
 [ 0  0  0  0  0  0  0  0  0  0  0  0  1  1  1  0  2  0  0  5]]
2024-03-30 05:32:11,254 - ***** Evaluation results *****
2024-03-30 05:32:11,254 -   acc = 0.7011
2024-03-30 05:32:11,255 -   f1 = 0.6629
2024-03-30 05:32:11,255 -   prec = 0.6704
2024-03-30 05:32:11,255 -   rec = 0.6612
2024-03-30 05:32:11,255 - Testing is finished...
2024-03-30 05:32:11,255 - Multimodal intent recognition is finished...
2024-03-30 05:32:11,255 - Results are saved in results/msz.csv
