2024-03-31 15:07:28,429 - ============================== Params ==============================
2024-03-31 15:07:28,429 - logger_name: msz_MIntRec_multi-class_seed-1_2024-03-31-15-07-28
2024-03-31 15:07:28,429 - dataset: MIntRec
2024-03-31 15:07:28,429 - data_mode: multi-class
2024-03-31 15:07:28,429 - method: msz
2024-03-31 15:07:28,429 - text_backbone: bert-base-uncased
2024-03-31 15:07:28,429 - text_backbone_path: /home/sharing/disk1/pretrained_embedding/bert/uncased_L-12_H-768_A-12/
2024-03-31 15:07:28,429 - seed: 1
2024-03-31 15:07:28,429 - num_workers: 8
2024-03-31 15:07:28,429 - gpu_id: 3
2024-03-31 15:07:28,429 - data_path: /home/sharing/disk2/sjh/intentDataset
2024-03-31 15:07:28,429 - train: True
2024-03-31 15:07:28,429 - tune: True
2024-03-31 15:07:28,429 - save_model: False
2024-03-31 15:07:28,429 - save_results: True
2024-03-31 15:07:28,429 - log_path: logs
2024-03-31 15:07:28,430 - cache_path: 
2024-03-31 15:07:28,430 - video_data_path: video_data
2024-03-31 15:07:28,430 - audio_data_path: audio_data
2024-03-31 15:07:28,430 - video_feats_path: video_feats.pkl
2024-03-31 15:07:28,430 - audio_feats_path: audio_feats.pkl
2024-03-31 15:07:28,430 - results_path: results
2024-03-31 15:07:28,430 - output_path: /home/sharing/disk2/sjh/Outputs/MIntRec
2024-03-31 15:07:28,430 - model_path: models
2024-03-31 15:07:28,430 - config_file_name: msz_MIntRec
2024-03-31 15:07:28,430 - results_file_name: msz.csv
2024-03-31 15:07:28,430 - padding_mode: zero
2024-03-31 15:07:28,430 - padding_loc: end
2024-03-31 15:07:28,430 - need_aligned: False
2024-03-31 15:07:28,430 - eval_monitor: f1
2024-03-31 15:07:28,430 - train_batch_size: 16
2024-03-31 15:07:28,430 - eval_batch_size: 8
2024-03-31 15:07:28,430 - test_batch_size: 8
2024-03-31 15:07:28,430 - wait_patience: 8
2024-03-31 15:07:28,430 - hidden_dims: 768
2024-03-31 15:07:28,430 - num_attention_heads: 8
2024-03-31 15:07:28,430 - attention_probs_dropout_prob: 0.2
2024-03-31 15:07:28,430 - hidden_dropout_prob: 0.2
2024-03-31 15:07:28,430 - intermediate_size: 768
2024-03-31 15:07:28,430 - num_hidden_layers: 6
2024-03-31 15:07:28,430 - max_position_embeddings: 768
2024-03-31 15:07:28,430 - position_embedding_type: absolute
2024-03-31 15:07:28,430 - batch_first: True
2024-03-31 15:07:28,430 - dropout: 0.2
2024-03-31 15:07:28,430 - aligned_method: conv1d
2024-03-31 15:07:28,430 - num_train_epochs: 100
2024-03-31 15:07:28,430 - lr: 6e-05
2024-03-31 15:07:28,430 - lr_mode: max
2024-03-31 15:07:28,430 - patience: 8
2024-03-31 15:07:28,430 - factor: 0.1
2024-03-31 15:07:28,430 - pred_output_path: /home/sharing/disk2/sjh/Outputs/MIntRec/msz_MIntRec_multi-class_seed-1_2024-03-31-15-07-28
2024-03-31 15:07:28,430 - model_output_path: /home/sharing/disk2/sjh/Outputs/MIntRec/msz_MIntRec_multi-class_seed-1_2024-03-31-15-07-28/models
2024-03-31 15:07:28,430 - num_labels: 20
2024-03-31 15:07:28,430 - text_feat_dim: 768
2024-03-31 15:07:28,430 - video_feat_dim: 256
2024-03-31 15:07:28,430 - audio_feat_dim: 768
2024-03-31 15:07:28,431 - text_seq_len: 30
2024-03-31 15:07:28,431 - video_seq_len: 230
2024-03-31 15:07:28,431 - audio_seq_len: 480
2024-03-31 15:07:28,431 - device: cuda:3
2024-03-31 15:07:28,431 - ============================== End Params ==============================
2024-03-31 15:07:28,502 - Generate Text Features Begin...
2024-03-31 15:07:29,109 - Generate Text Features Finished...
2024-03-31 15:07:29,109 - Load Video Features Begin...
2024-03-31 15:07:43,054 - Load Video Features Finished...
2024-03-31 15:07:43,590 - Load Audio Features Begin...
2024-03-31 15:08:10,347 - Load Audio Features Finished...
2024-03-31 15:08:12,833 - method  begins...
2024-03-31 15:08:18,491 - Multimodal intent recognition begins...
2024-03-31 15:08:18,491 - Training begins...
2024-03-31 15:08:35,411 - ***** Epoch: 1: Eval results *****
2024-03-31 15:08:35,411 -   train_loss = 2.3796
2024-03-31 15:08:35,411 -   best_eval_score = 0.0
2024-03-31 15:08:35,412 -   eval_score = 0.4822
2024-03-31 15:08:52,420 - ***** Epoch: 2: Eval results *****
2024-03-31 15:08:52,420 -   train_loss = 1.0998
2024-03-31 15:08:52,420 -   best_eval_score = 0.4822
2024-03-31 15:08:52,420 -   eval_score = 0.5533
2024-03-31 15:09:10,881 - ***** Epoch: 3: Eval results *****
2024-03-31 15:09:10,881 -   train_loss = 0.6181
2024-03-31 15:09:10,881 -   best_eval_score = 0.5533
2024-03-31 15:09:10,881 -   eval_score = 0.6101
2024-03-31 15:09:28,771 - ***** Epoch: 4: Eval results *****
2024-03-31 15:09:28,771 -   train_loss = 0.4178
2024-03-31 15:09:28,771 -   best_eval_score = 0.6101
2024-03-31 15:09:28,771 -   eval_score = 0.6379
2024-03-31 15:09:47,568 - ***** Epoch: 5: Eval results *****
2024-03-31 15:09:47,568 -   train_loss = 0.2128
2024-03-31 15:09:47,568 -   best_eval_score = 0.6379
2024-03-31 15:09:47,568 -   eval_score = 0.6319
2024-03-31 15:09:47,568 - EarlyStopping counter: 1 out of 8
2024-03-31 15:10:05,452 - ***** Epoch: 6: Eval results *****
2024-03-31 15:10:05,452 -   train_loss = 0.1676
2024-03-31 15:10:05,452 -   best_eval_score = 0.6379
2024-03-31 15:10:05,453 -   eval_score = 0.613
2024-03-31 15:10:05,453 - EarlyStopping counter: 2 out of 8
2024-03-31 15:10:22,065 - ***** Epoch: 7: Eval results *****
2024-03-31 15:10:22,065 -   train_loss = 0.1274
2024-03-31 15:10:22,066 -   best_eval_score = 0.6379
2024-03-31 15:10:22,066 -   eval_score = 0.6565
2024-03-31 15:10:39,574 - ***** Epoch: 8: Eval results *****
2024-03-31 15:10:39,574 -   train_loss = 0.1417
2024-03-31 15:10:39,574 -   best_eval_score = 0.6565
2024-03-31 15:10:39,574 -   eval_score = 0.6551
2024-03-31 15:10:39,574 - EarlyStopping counter: 1 out of 8
2024-03-31 15:10:57,039 - ***** Epoch: 9: Eval results *****
2024-03-31 15:10:57,039 -   train_loss = 0.1067
2024-03-31 15:10:57,039 -   best_eval_score = 0.6565
2024-03-31 15:10:57,039 -   eval_score = 0.6104
2024-03-31 15:10:57,039 - EarlyStopping counter: 2 out of 8
2024-03-31 15:11:14,367 - ***** Epoch: 10: Eval results *****
2024-03-31 15:11:14,367 -   train_loss = 0.1418
2024-03-31 15:11:14,367 -   best_eval_score = 0.6565
2024-03-31 15:11:14,367 -   eval_score = 0.657
2024-03-31 15:11:31,245 - ***** Epoch: 11: Eval results *****
2024-03-31 15:11:31,246 -   train_loss = 0.0602
2024-03-31 15:11:31,246 -   best_eval_score = 0.657
2024-03-31 15:11:31,246 -   eval_score = 0.6697
2024-03-31 15:11:50,401 - ***** Epoch: 12: Eval results *****
2024-03-31 15:11:50,401 -   train_loss = 0.0332
2024-03-31 15:11:50,401 -   best_eval_score = 0.6697
2024-03-31 15:11:50,401 -   eval_score = 0.6686
2024-03-31 15:11:50,401 - EarlyStopping counter: 1 out of 8
2024-03-31 15:12:06,857 - ***** Epoch: 13: Eval results *****
2024-03-31 15:12:06,857 -   train_loss = 0.0123
2024-03-31 15:12:06,857 -   best_eval_score = 0.6697
2024-03-31 15:12:06,857 -   eval_score = 0.669
2024-03-31 15:12:06,857 - EarlyStopping counter: 2 out of 8
2024-03-31 15:12:25,831 - ***** Epoch: 14: Eval results *****
2024-03-31 15:12:25,840 -   train_loss = 0.006
2024-03-31 15:12:25,840 -   best_eval_score = 0.6697
2024-03-31 15:12:25,840 -   eval_score = 0.6644
2024-03-31 15:12:25,840 - EarlyStopping counter: 3 out of 8
2024-03-31 15:12:42,440 - ***** Epoch: 15: Eval results *****
2024-03-31 15:12:42,441 -   train_loss = 0.0067
2024-03-31 15:12:42,441 -   best_eval_score = 0.6697
2024-03-31 15:12:42,441 -   eval_score = 0.6643
2024-03-31 15:12:42,441 - EarlyStopping counter: 4 out of 8
2024-03-31 15:13:00,393 - ***** Epoch: 16: Eval results *****
2024-03-31 15:13:00,393 -   train_loss = 0.006
2024-03-31 15:13:00,393 -   best_eval_score = 0.6697
2024-03-31 15:13:00,393 -   eval_score = 0.6629
2024-03-31 15:13:00,394 - EarlyStopping counter: 5 out of 8
2024-03-31 15:13:18,250 - ***** Epoch: 17: Eval results *****
2024-03-31 15:13:18,250 -   train_loss = 0.0049
2024-03-31 15:13:18,250 -   best_eval_score = 0.6697
2024-03-31 15:13:18,250 -   eval_score = 0.6629
2024-03-31 15:13:18,250 - EarlyStopping counter: 6 out of 8
2024-03-31 15:13:34,794 - ***** Epoch: 18: Eval results *****
2024-03-31 15:13:34,794 -   train_loss = 0.0041
2024-03-31 15:13:34,794 -   best_eval_score = 0.6697
2024-03-31 15:13:34,794 -   eval_score = 0.658
2024-03-31 15:13:34,794 - EarlyStopping counter: 7 out of 8
2024-03-31 15:13:52,702 - ***** Epoch: 19: Eval results *****
2024-03-31 15:13:52,702 -   train_loss = 0.0039
2024-03-31 15:13:52,702 -   best_eval_score = 0.6697
2024-03-31 15:13:52,702 -   eval_score = 0.6562
2024-03-31 15:13:52,702 - EarlyStopping counter: 8 out of 8
2024-03-31 15:13:52,702 - EarlyStopping at epoch 19
2024-03-31 15:13:52,705 - Training is finished...
2024-03-31 15:13:52,705 - Testing begins...
2024-03-31 15:13:55,404 - ***** Test: Confusion Matrix *****
2024-03-31 15:13:55,405 - [[27  1  0  0 11  0  0  1  1  5  0  0  6  3  1  1  0  0  0  0]
 [ 0 37  0  1  0  0  0  0  1  0  0  0  3  0  0  1  0  0  0  0]
 [ 0  0 26  0  0  0  0  0  0  0  1  0  0  0  0  0  0  0  0  0]
 [ 0  0  0 25  0  0  0  0  0  0  0  0  0  0  0  0  0  0  0  0]
 [ 2  0  0  0 11  0  5  0  0  1  0  1  1  1  1  0  0  0  0  0]
 [ 0  0  0  0  0 12  0  0  0  0  0  0  0  0  0  0  0  0  0  0]
 [ 1  1  0  0  3  0  2  0  1  0  0  1  2  0  0  1  0  0  0  0]
 [ 3  0  0  0  0  0  0  4  1  1  0  0  1  0  0  0  0  0  0  0]
 [ 0  0  0  0  0  0  1  2  4  0  0  0  0  1  0  1  1  0  0  0]
 [ 0  1  0  0  1  0  0  0  0  4  0  0  0  0  0  3  0  1  0  0]
 [ 1  1  2  0  0  0  1  0  0  0 12  0  0  1  0  0  0  0  0  0]
 [ 0  0  0  0  0  0  1  0  0  0  0 17  0  0  0  0  0  0  0  1]
 [ 1  2  0  1  0  0  1  2  0  1  1  0 36  4  7  1  0  0  0  0]
 [ 0  0  0  0  0  0  1  0  0  0  1  1  2 20  0  0  0  0  0  0]
 [ 0  0  0  0  1  0  1  0  0  0  0  0  1  2 15  1  0  0  0  1]
 [ 0  2  0  0  1  0  0  0  0  0  0  0  3  0  1 14  0  0  0  0]
 [ 1  0  0  0  0  0  0  2  0  0  0  0  2  0  1  0 10  0  0  1]
 [ 0  0  0  0  0  0  0  0  0  1  1  0  4  0  0  0  0  9  0  0]
 [ 0  0  0  0  0  0  0  0  0  0  0  0  1  0  0  2  0  0  9  0]
 [ 0  0  0  0  0  0  0  0  0  0  0  0  0  1  1  0  0  0  0  8]]
2024-03-31 15:13:55,405 - ***** Evaluation results *****
2024-03-31 15:13:55,405 -   acc = 0.6787
2024-03-31 15:13:55,405 -   f1 = 0.662
2024-03-31 15:13:55,405 -   prec = 0.6792
2024-03-31 15:13:55,405 -   rec = 0.6611
2024-03-31 15:13:55,405 - Testing is finished...
2024-03-31 15:13:55,405 - Multimodal intent recognition is finished...
2024-03-31 15:13:55,405 - Results are saved in results/msz.csv
