2024-01-16 05:30:08,288 - ============================== Params ==============================
2024-01-16 05:30:08,288 - logger_name: msz_MIntRec_multi-class_seed-1_2024-01-16-05-30-08
2024-01-16 05:30:08,288 - dataset: MIntRec
2024-01-16 05:30:08,288 - data_mode: multi-class
2024-01-16 05:30:08,288 - method: msz
2024-01-16 05:30:08,288 - text_backbone: bert-base-uncased
2024-01-16 05:30:08,288 - text_backbone_path: /home/sharing/disk1/pretrained_embedding/bert/uncased_L-12_H-768_A-12/
2024-01-16 05:30:08,288 - seed: 1
2024-01-16 05:30:08,288 - num_workers: 8
2024-01-16 05:30:08,289 - gpu_id: 1
2024-01-16 05:30:08,289 - data_path: /home/sharing/disk2/sjh/intentDataset
2024-01-16 05:30:08,289 - train: True
2024-01-16 05:30:08,289 - tune: False
2024-01-16 05:30:08,289 - save_model: False
2024-01-16 05:30:08,289 - save_results: True
2024-01-16 05:30:08,289 - log_path: logs
2024-01-16 05:30:08,289 - cache_path: 
2024-01-16 05:30:08,289 - video_data_path: video_data
2024-01-16 05:30:08,289 - audio_data_path: audio_data
2024-01-16 05:30:08,289 - video_feats_path: video_feats.pkl
2024-01-16 05:30:08,289 - audio_feats_path: audio_feats.pkl
2024-01-16 05:30:08,289 - results_path: results
2024-01-16 05:30:08,289 - output_path: /home/sharing/disk2/sjh/Outputs/MIntRec
2024-01-16 05:30:08,289 - model_path: models
2024-01-16 05:30:08,289 - config_file_name: msz
2024-01-16 05:30:08,289 - results_file_name: msz.csv
2024-01-16 05:30:08,289 - padding_mode: zero
2024-01-16 05:30:08,289 - padding_loc: end
2024-01-16 05:30:08,289 - need_aligned: False
2024-01-16 05:30:08,289 - eval_monitor: f1
2024-01-16 05:30:08,289 - train_batch_size: 16
2024-01-16 05:30:08,289 - eval_batch_size: 8
2024-01-16 05:30:08,289 - test_batch_size: 8
2024-01-16 05:30:08,289 - wait_patience: 8
2024-01-16 05:30:08,289 - hidden_size: 768
2024-01-16 05:30:08,289 - num_attention_heads: 12
2024-01-16 05:30:08,289 - attention_probs_dropout_prob: 0.2
2024-01-16 05:30:08,289 - hidden_dropout_prob: 0.2
2024-01-16 05:30:08,289 - intermediate_size: 768
2024-01-16 05:30:08,289 - num_hidden_layers: 8
2024-01-16 05:30:08,289 - max_position_embeddings: 768
2024-01-16 05:30:08,289 - position_embedding_type: absolute
2024-01-16 05:30:08,290 - batch_first: True
2024-01-16 05:30:08,290 - hidden_dims: 768
2024-01-16 05:30:08,290 - dropout: 0.1
2024-01-16 05:30:08,290 - aligned_method: conv1d
2024-01-16 05:30:08,290 - num_train_epochs: 100
2024-01-16 05:30:08,290 - lr: 5e-06
2024-01-16 05:30:08,290 - pred_output_path: /home/sharing/disk2/sjh/Outputs/MIntRec/msz_MIntRec_multi-class_seed-1_2024-01-16-05-30-08
2024-01-16 05:30:08,290 - model_output_path: /home/sharing/disk2/sjh/Outputs/MIntRec/msz_MIntRec_multi-class_seed-1_2024-01-16-05-30-08/models
2024-01-16 05:30:08,290 - ============================== End Params ==============================
2024-01-16 05:30:08,292 - Generate Text Features Begin...
2024-01-16 05:30:08,792 - Generate Text Features Finished...
2024-01-16 05:30:08,793 - Load Video Features Begin...
2024-01-16 05:30:09,100 - Load Video Features Finished...
2024-01-16 05:30:09,647 - Load Audio Features Begin...
2024-01-16 05:30:10,616 - Load Audio Features Finished...
2024-01-16 05:30:14,042 - method  begins...
2024-01-16 05:30:17,184 - Multimodal intent recognition begins...
2024-01-16 05:30:17,184 - Training begins...
2024-01-16 05:30:39,527 - ***** Epoch: 1: Eval results *****
2024-01-16 05:30:39,529 -   train_loss = 2.6109
2024-01-16 05:30:39,529 -   best_eval_score = 0.0
2024-01-16 05:30:39,529 -   eval_score = 0.266
2024-01-16 05:30:59,978 - ***** Epoch: 2: Eval results *****
2024-01-16 05:30:59,978 -   train_loss = 1.7612
2024-01-16 05:30:59,978 -   best_eval_score = 0.266
2024-01-16 05:30:59,978 -   eval_score = 0.4797
2024-01-16 05:31:19,913 - ***** Epoch: 3: Eval results *****
2024-01-16 05:31:19,913 -   train_loss = 1.1494
2024-01-16 05:31:19,913 -   best_eval_score = 0.4797
2024-01-16 05:31:19,914 -   eval_score = 0.6076
2024-01-16 05:31:40,708 - ***** Epoch: 4: Eval results *****
2024-01-16 05:31:40,709 -   train_loss = 0.7559
2024-01-16 05:31:40,709 -   best_eval_score = 0.6076
2024-01-16 05:31:40,709 -   eval_score = 0.6406
2024-01-16 05:32:00,920 - ***** Epoch: 5: Eval results *****
2024-01-16 05:32:00,920 -   train_loss = 0.4771
2024-01-16 05:32:00,920 -   best_eval_score = 0.6406
2024-01-16 05:32:00,920 -   eval_score = 0.6461
2024-01-16 05:32:21,165 - ***** Epoch: 6: Eval results *****
2024-01-16 05:32:21,165 -   train_loss = 0.2992
2024-01-16 05:32:21,165 -   best_eval_score = 0.6461
2024-01-16 05:32:21,165 -   eval_score = 0.6732
2024-01-16 05:32:41,679 - ***** Epoch: 7: Eval results *****
2024-01-16 05:32:41,679 -   train_loss = 0.1729
2024-01-16 05:32:41,679 -   best_eval_score = 0.6732
2024-01-16 05:32:41,679 -   eval_score = 0.6739
2024-01-16 05:33:01,213 - ***** Epoch: 8: Eval results *****
2024-01-16 05:33:01,213 -   train_loss = 0.1048
2024-01-16 05:33:01,213 -   best_eval_score = 0.6739
2024-01-16 05:33:01,213 -   eval_score = 0.664
2024-01-16 05:33:01,213 - EarlyStopping counter: 1 out of 8
2024-01-16 05:33:21,363 - ***** Epoch: 9: Eval results *****
2024-01-16 05:33:21,363 -   train_loss = 0.0698
2024-01-16 05:33:21,363 -   best_eval_score = 0.6739
2024-01-16 05:33:21,363 -   eval_score = 0.6859
2024-01-16 05:33:41,704 - ***** Epoch: 10: Eval results *****
2024-01-16 05:33:41,704 -   train_loss = 0.0494
2024-01-16 05:33:41,704 -   best_eval_score = 0.6859
2024-01-16 05:33:41,704 -   eval_score = 0.6828
2024-01-16 05:33:41,704 - EarlyStopping counter: 1 out of 8
2024-01-16 05:34:01,736 - ***** Epoch: 11: Eval results *****
2024-01-16 05:34:01,736 -   train_loss = 0.0364
2024-01-16 05:34:01,736 -   best_eval_score = 0.6859
2024-01-16 05:34:01,736 -   eval_score = 0.6762
2024-01-16 05:34:01,736 - EarlyStopping counter: 2 out of 8
2024-01-16 05:34:22,092 - ***** Epoch: 12: Eval results *****
2024-01-16 05:34:22,093 -   train_loss = 0.0336
2024-01-16 05:34:22,093 -   best_eval_score = 0.6859
2024-01-16 05:34:22,093 -   eval_score = 0.6833
2024-01-16 05:34:22,093 - EarlyStopping counter: 3 out of 8
2024-01-16 05:34:42,193 - ***** Epoch: 13: Eval results *****
2024-01-16 05:34:42,193 -   train_loss = 0.0279
2024-01-16 05:34:42,193 -   best_eval_score = 0.6859
2024-01-16 05:34:42,193 -   eval_score = 0.6802
2024-01-16 05:34:42,193 - EarlyStopping counter: 4 out of 8
2024-01-16 05:35:02,334 - ***** Epoch: 14: Eval results *****
2024-01-16 05:35:02,334 -   train_loss = 0.0241
2024-01-16 05:35:02,334 -   best_eval_score = 0.6859
2024-01-16 05:35:02,334 -   eval_score = 0.6811
2024-01-16 05:35:02,334 - EarlyStopping counter: 5 out of 8
2024-01-16 05:35:22,362 - ***** Epoch: 15: Eval results *****
2024-01-16 05:35:22,363 -   train_loss = 0.0223
2024-01-16 05:35:22,363 -   best_eval_score = 0.6859
2024-01-16 05:35:22,363 -   eval_score = 0.6817
2024-01-16 05:35:22,363 - EarlyStopping counter: 6 out of 8
2024-01-16 05:35:42,690 - ***** Epoch: 16: Eval results *****
2024-01-16 05:35:42,691 -   train_loss = 0.022
2024-01-16 05:35:42,691 -   best_eval_score = 0.6859
2024-01-16 05:35:42,691 -   eval_score = 0.6787
2024-01-16 05:35:42,691 - EarlyStopping counter: 7 out of 8
2024-01-16 05:36:02,557 - ***** Epoch: 17: Eval results *****
2024-01-16 05:36:02,558 -   train_loss = 0.019
2024-01-16 05:36:02,558 -   best_eval_score = 0.6859
2024-01-16 05:36:02,558 -   eval_score = 0.6802
2024-01-16 05:36:02,558 - EarlyStopping counter: 8 out of 8
2024-01-16 05:36:02,558 - EarlyStopping at epoch 17
2024-01-16 05:36:02,561 - Training is finished...
2024-01-16 05:36:02,561 - Testing begins...
2024-01-16 05:36:06,257 - ***** Test: Confusion Matrix *****
2024-01-16 05:36:06,258 - [[35  2  0  0 10  0  2  0  1  1  1  0  4  1  0  0  0  0  0  0]
 [ 1 34  0  1  0  2  1  0  1  0  0  0  3  0  0  0  0  0  0  0]
 [ 1  0 26  0  0  0  0  0  0  0  0  0  0  0  0  0  0  0  0  0]
 [ 0  1  0 24  0  0  0  0  0  0  0  0  0  0  0  0  0  0  0  0]
 [ 4  0  0  0 12  0  2  0  0  0  0  1  2  1  0  0  0  1  0  0]
 [ 0  0  0  0  0 11  0  0  0  0  0  0  1  0  0  0  0  0  0  0]
 [ 1  1  0  0  1  0  4  0  3  0  0  0  1  0  0  0  1  0  0  0]
 [ 3  0  0  0  0  1  1  4  1  0  0  0  0  0  0  0  0  0  0  0]
 [ 1  0  0  0  1  0  1  1  5  0  0  0  0  1  0  0  0  0  0  0]
 [ 1  0  0  0  1  0  0  0  0  3  0  0  0  0  0  3  0  1  0  1]
 [ 0  1  0  0  0  0  1  0  0  1 13  0  0  0  1  0  1  0  0  0]
 [ 0  0  0  0  1  0  1  0  0  0  0 16  0  0  0  0  0  0  0  1]
 [ 3  2  0  0  1  0  0  0  0  0  0  1 43  2  3  0  2  0  0  0]
 [ 0  1  0  0  0  0  2  0  0  0  1  1  2 16  2  0  0  0  0  0]
 [ 0  0  0  0  1  0  0  0  1  0  0  0  1  2 16  0  1  0  0  0]
 [ 0  1  0  0  0  0  0  0  0  0  0  0  5  0  0 14  0  0  0  1]
 [ 0  0  0  0  0  0  0  0  0  0  0  0  2  0  1  0 14  0  0  0]
 [ 0  0  0  0  0  0  0  0  0  1  1  0  2  0  0  0  0 11  0  0]
 [ 0  0  0  0  0  0  0  0  0  0  0  0  2  0  0  1  0  0  9  0]
 [ 0  0  0  0  0  0  0  0  0  0  0  1  1  1  2  0  2  0  0  3]]
2024-01-16 05:36:06,258 - ***** Evaluation results *****
2024-01-16 05:36:06,258 -   acc = 0.7034
2024-01-16 05:36:06,258 -   f1 = 0.6718
2024-01-16 05:36:06,259 -   prec = 0.6991
2024-01-16 05:36:06,259 -   rec = 0.6629
2024-01-16 05:36:06,259 - Testing is finished...
2024-01-16 05:36:06,259 - Multimodal intent recognition is finished...
2024-01-16 05:36:06,259 - Results are saved in results/msz.csv
