2024-03-29 16:36:50,463 - ============================== Params ==============================
2024-03-29 16:36:50,463 - logger_name: msz_MIntRec_multi-class_seed-2_2024-03-29-16-36-50
2024-03-29 16:36:50,463 - dataset: MIntRec
2024-03-29 16:36:50,463 - data_mode: multi-class
2024-03-29 16:36:50,463 - method: msz
2024-03-29 16:36:50,463 - text_backbone: bert-base-uncased
2024-03-29 16:36:50,463 - text_backbone_path: /home/sharing/disk1/pretrained_embedding/bert/uncased_L-12_H-768_A-12/
2024-03-29 16:36:50,463 - seed: 2
2024-03-29 16:36:50,463 - num_workers: 8
2024-03-29 16:36:50,463 - gpu_id: 3
2024-03-29 16:36:50,463 - data_path: /home/sharing/disk2/sjh/intentDataset
2024-03-29 16:36:50,463 - train: True
2024-03-29 16:36:50,463 - tune: True
2024-03-29 16:36:50,463 - save_model: False
2024-03-29 16:36:50,463 - save_results: True
2024-03-29 16:36:50,463 - log_path: logs
2024-03-29 16:36:50,463 - cache_path: 
2024-03-29 16:36:50,463 - video_data_path: video_data
2024-03-29 16:36:50,463 - audio_data_path: audio_data
2024-03-29 16:36:50,463 - video_feats_path: video_feats.pkl
2024-03-29 16:36:50,463 - audio_feats_path: audio_feats.pkl
2024-03-29 16:36:50,463 - results_path: results
2024-03-29 16:36:50,463 - output_path: /home/sharing/disk2/sjh/Outputs/MIntRec
2024-03-29 16:36:50,463 - model_path: models
2024-03-29 16:36:50,464 - config_file_name: msz_MIntRec
2024-03-29 16:36:50,464 - results_file_name: msz.csv
2024-03-29 16:36:50,464 - padding_mode: zero
2024-03-29 16:36:50,464 - padding_loc: end
2024-03-29 16:36:50,464 - need_aligned: False
2024-03-29 16:36:50,464 - eval_monitor: f1
2024-03-29 16:36:50,464 - train_batch_size: 16
2024-03-29 16:36:50,464 - eval_batch_size: 8
2024-03-29 16:36:50,464 - test_batch_size: 8
2024-03-29 16:36:50,464 - wait_patience: 8
2024-03-29 16:36:50,464 - hidden_dims: 768
2024-03-29 16:36:50,464 - num_attention_heads: 8
2024-03-29 16:36:50,464 - attention_probs_dropout_prob: 0.2
2024-03-29 16:36:50,464 - hidden_dropout_prob: 0.4
2024-03-29 16:36:50,464 - intermediate_size: 768
2024-03-29 16:36:50,464 - num_hidden_layers: 8
2024-03-29 16:36:50,464 - max_position_embeddings: 768
2024-03-29 16:36:50,464 - position_embedding_type: absolute
2024-03-29 16:36:50,464 - batch_first: True
2024-03-29 16:36:50,464 - dropout: 0.3
2024-03-29 16:36:50,464 - aligned_method: conv1d
2024-03-29 16:36:50,464 - num_train_epochs: 100
2024-03-29 16:36:50,464 - lr: 6e-06
2024-03-29 16:36:50,464 - lr_mode: max
2024-03-29 16:36:50,464 - patience: 6
2024-03-29 16:36:50,464 - factor: 0.4
2024-03-29 16:36:50,464 - pred_output_path: /home/sharing/disk2/sjh/Outputs/MIntRec/msz_MIntRec_multi-class_seed-2_2024-03-29-16-36-50
2024-03-29 16:36:50,464 - model_output_path: /home/sharing/disk2/sjh/Outputs/MIntRec/msz_MIntRec_multi-class_seed-2_2024-03-29-16-36-50/models
2024-03-29 16:36:50,464 - num_labels: 20
2024-03-29 16:36:50,464 - text_feat_dim: 768
2024-03-29 16:36:50,464 - video_feat_dim: 256
2024-03-29 16:36:50,464 - audio_feat_dim: 768
2024-03-29 16:36:50,464 - text_seq_len: 30
2024-03-29 16:36:50,464 - video_seq_len: 230
2024-03-29 16:36:50,464 - audio_seq_len: 480
2024-03-29 16:36:50,464 - device: cuda:3
2024-03-29 16:36:50,464 - ============================== End Params ==============================
2024-03-29 16:36:50,642 - Generate Text Features Begin...
2024-03-29 16:36:51,490 - Generate Text Features Finished...
2024-03-29 16:36:51,491 - Load Video Features Begin...
2024-03-29 16:37:19,244 - Load Video Features Finished...
2024-03-29 16:37:19,767 - Load Audio Features Begin...
2024-03-29 16:38:14,586 - Load Audio Features Finished...
2024-03-29 16:38:16,858 - method  begins...
2024-03-29 16:38:24,540 - Multimodal intent recognition begins...
2024-03-29 16:38:24,540 - Training begins...
2024-03-29 16:38:45,335 - ***** Epoch: 1: Eval results *****
2024-03-29 16:38:45,336 -   train_loss = 2.7051
2024-03-29 16:38:45,336 -   best_eval_score = 0.0
2024-03-29 16:38:45,336 -   eval_score = 0.1569
2024-03-29 16:39:05,448 - ***** Epoch: 2: Eval results *****
2024-03-29 16:39:05,449 -   train_loss = 1.9079
2024-03-29 16:39:05,449 -   best_eval_score = 0.1569
2024-03-29 16:39:05,449 -   eval_score = 0.4572
2024-03-29 16:39:26,288 - ***** Epoch: 3: Eval results *****
2024-03-29 16:39:26,288 -   train_loss = 1.2035
2024-03-29 16:39:26,288 -   best_eval_score = 0.4572
2024-03-29 16:39:26,288 -   eval_score = 0.5589
2024-03-29 16:39:46,872 - ***** Epoch: 4: Eval results *****
2024-03-29 16:39:46,873 -   train_loss = 0.7272
2024-03-29 16:39:46,873 -   best_eval_score = 0.5589
2024-03-29 16:39:46,873 -   eval_score = 0.6167
2024-03-29 16:40:07,728 - ***** Epoch: 5: Eval results *****
2024-03-29 16:40:07,728 -   train_loss = 0.4453
2024-03-29 16:40:07,728 -   best_eval_score = 0.6167
2024-03-29 16:40:07,728 -   eval_score = 0.6709
2024-03-29 16:40:28,588 - ***** Epoch: 6: Eval results *****
2024-03-29 16:40:28,588 -   train_loss = 0.2597
2024-03-29 16:40:28,588 -   best_eval_score = 0.6709
2024-03-29 16:40:28,588 -   eval_score = 0.6865
2024-03-29 16:40:49,283 - ***** Epoch: 7: Eval results *****
2024-03-29 16:40:49,283 -   train_loss = 0.1544
2024-03-29 16:40:49,283 -   best_eval_score = 0.6865
2024-03-29 16:40:49,283 -   eval_score = 0.7041
2024-03-29 16:41:10,464 - ***** Epoch: 8: Eval results *****
2024-03-29 16:41:10,464 -   train_loss = 0.0923
2024-03-29 16:41:10,464 -   best_eval_score = 0.7041
2024-03-29 16:41:10,464 -   eval_score = 0.7094
2024-03-29 16:41:31,725 - ***** Epoch: 9: Eval results *****
2024-03-29 16:41:31,725 -   train_loss = 0.0625
2024-03-29 16:41:31,725 -   best_eval_score = 0.7094
2024-03-29 16:41:31,725 -   eval_score = 0.7054
2024-03-29 16:41:31,725 - EarlyStopping counter: 1 out of 8
2024-03-29 16:41:52,280 - ***** Epoch: 10: Eval results *****
2024-03-29 16:41:52,280 -   train_loss = 0.0459
2024-03-29 16:41:52,281 -   best_eval_score = 0.7094
2024-03-29 16:41:52,281 -   eval_score = 0.7041
2024-03-29 16:41:52,281 - EarlyStopping counter: 2 out of 8
2024-03-29 16:42:13,713 - ***** Epoch: 11: Eval results *****
2024-03-29 16:42:13,714 -   train_loss = 0.0404
2024-03-29 16:42:13,714 -   best_eval_score = 0.7094
2024-03-29 16:42:13,714 -   eval_score = 0.6949
2024-03-29 16:42:13,714 - EarlyStopping counter: 3 out of 8
2024-03-29 16:42:35,881 - ***** Epoch: 12: Eval results *****
2024-03-29 16:42:35,882 -   train_loss = 0.0357
2024-03-29 16:42:35,882 -   best_eval_score = 0.7094
2024-03-29 16:42:35,882 -   eval_score = 0.7055
2024-03-29 16:42:35,882 - EarlyStopping counter: 4 out of 8
2024-03-29 16:42:56,190 - ***** Epoch: 13: Eval results *****
2024-03-29 16:42:56,190 -   train_loss = 0.03
2024-03-29 16:42:56,190 -   best_eval_score = 0.7094
2024-03-29 16:42:56,190 -   eval_score = 0.6976
2024-03-29 16:42:56,190 - EarlyStopping counter: 5 out of 8
2024-03-29 16:43:16,827 - ***** Epoch: 14: Eval results *****
2024-03-29 16:43:16,828 -   train_loss = 0.0255
2024-03-29 16:43:16,828 -   best_eval_score = 0.7094
2024-03-29 16:43:16,828 -   eval_score = 0.7033
2024-03-29 16:43:16,828 - EarlyStopping counter: 6 out of 8
2024-03-29 16:43:38,188 - ***** Epoch: 15: Eval results *****
2024-03-29 16:43:38,188 -   train_loss = 0.0232
2024-03-29 16:43:38,188 -   best_eval_score = 0.7094
2024-03-29 16:43:38,188 -   eval_score = 0.7073
2024-03-29 16:43:38,188 - EarlyStopping counter: 7 out of 8
2024-03-29 16:43:58,961 - ***** Epoch: 16: Eval results *****
2024-03-29 16:43:58,961 -   train_loss = 0.0203
2024-03-29 16:43:58,961 -   best_eval_score = 0.7094
2024-03-29 16:43:58,962 -   eval_score = 0.7042
2024-03-29 16:43:58,962 - EarlyStopping counter: 8 out of 8
2024-03-29 16:43:58,962 - EarlyStopping at epoch 16
2024-03-29 16:43:58,966 - Training is finished...
2024-03-29 16:43:58,966 - Testing begins...
2024-03-29 16:44:02,299 - ***** Test: Confusion Matrix *****
2024-03-29 16:44:02,299 - [[38  2  0  0  9  0  0  1  0  1  1  0  4  1  0  0  0  0  0  0]
 [ 0 33  0  1  0  3  1  0  1  0  1  0  2  1  0  0  0  0  0  0]
 [ 1  0 26  0  0  0  0  0  0  0  0  0  0  0  0  0  0  0  0  0]
 [ 0  0  0 25  0  0  0  0  0  0  0  0  0  0  0  0  0  0  0  0]
 [ 5  0  0  0 11  0  2  0  0  0  0  1  2  1  0  0  0  1  0  0]
 [ 0  0  0  0  0 12  0  0  0  0  0  0  0  0  0  0  0  0  0  0]
 [ 1  2  0  0  3  0  2  0  2  0  0  0  1  0  0  0  1  0  0  0]
 [ 3  1  0  0  0  1  0  5  0  0  0  0  0  0  0  0  0  0  0  0]
 [ 1  0  0  0  0  0  1  3  3  0  0  0  0  1  0  1  0  0  0  0]
 [ 1  0  0  0  1  0  0  0  0  4  0  0  0  0  0  2  0  1  0  1]
 [ 1  0  0  0  0  0  1  0  0  2 13  0  0  0  1  0  0  0  0  0]
 [ 0  0  0  0  1  0  1  0  0  0  0 15  0  0  0  0  0  0  1  1]
 [ 3  1  0  0  1  0  0  0  0  0  1  1 41  3  2  1  3  0  0  0]
 [ 0  0  0  0  0  0  2  1  0  0  1  1  1 18  1  0  0  0  0  0]
 [ 0  0  0  0  1  0  0  0  0  0  0  0  0  2 16  0  1  0  0  2]
 [ 0  0  0  0  0  0  0  1  1  0  0  0  4  0  0 14  0  0  0  1]
 [ 0  0  0  0  0  0  0  0  0  0  0  0  3  0  1  0 13  0  0  0]
 [ 0  0  0  0  0  0  0  0  0  1  1  0  2  0  0  0  0 11  0  0]
 [ 0  0  0  0  0  0  0  0  0  0  0  0  2  0  0  1  0  0  9  0]
 [ 0  0  0  0  0  0  0  0  0  0  0  0  1  1  1  0  2  0  0  5]]
2024-03-29 16:44:02,299 - ***** Evaluation results *****
2024-03-29 16:44:02,300 -   acc = 0.7056
2024-03-29 16:44:02,300 -   f1 = 0.6667
2024-03-29 16:44:02,300 -   prec = 0.6731
2024-03-29 16:44:02,300 -   rec = 0.6667
2024-03-29 16:44:02,300 - Testing is finished...
2024-03-29 16:44:02,300 - Multimodal intent recognition is finished...
2024-03-29 16:44:02,300 - Results are saved in results/msz.csv
