2024-03-06 12:15:50,767 - ============================== Params ==============================
2024-03-06 12:15:50,767 - logger_name: msz_MIntRec2_multi-class_seed-4_2024-03-06-12-15-50
2024-03-06 12:15:50,768 - dataset: MIntRec2
2024-03-06 12:15:50,768 - data_mode: multi-class
2024-03-06 12:15:50,768 - method: msz
2024-03-06 12:15:50,768 - text_backbone: bert-base-uncased
2024-03-06 12:15:50,768 - text_backbone_path: /home/sharing/disk1/pretrained_embedding/bert/uncased_L-12_H-768_A-12/
2024-03-06 12:15:50,768 - seed: 4
2024-03-06 12:15:50,768 - num_workers: 8
2024-03-06 12:15:50,768 - gpu_id: 2
2024-03-06 12:15:50,768 - data_path: /home/sharing/disk2/sjh/intentDataset
2024-03-06 12:15:50,768 - train: True
2024-03-06 12:15:50,768 - tune: True
2024-03-06 12:15:50,768 - save_model: False
2024-03-06 12:15:50,768 - save_results: True
2024-03-06 12:15:50,768 - log_path: logs
2024-03-06 12:15:50,768 - cache_path: 
2024-03-06 12:15:50,768 - video_data_path: video_data
2024-03-06 12:15:50,768 - audio_data_path: audio_data
2024-03-06 12:15:50,768 - video_feats_path: video_feats.pkl
2024-03-06 12:15:50,768 - audio_feats_path: audio_feats.pkl
2024-03-06 12:15:50,768 - results_path: results
2024-03-06 12:15:50,768 - output_path: /home/sharing/disk2/sjh/Outputs/MIntRec2
2024-03-06 12:15:50,768 - model_path: models
2024-03-06 12:15:50,768 - config_file_name: msz_MIntRec2
2024-03-06 12:15:50,768 - results_file_name: msz.csv
2024-03-06 12:15:50,768 - padding_mode: zero
2024-03-06 12:15:50,768 - padding_loc: end
2024-03-06 12:15:50,768 - need_aligned: False
2024-03-06 12:15:50,768 - eval_monitor: f1
2024-03-06 12:15:50,768 - train_batch_size: 32
2024-03-06 12:15:50,768 - eval_batch_size: 16
2024-03-06 12:15:50,768 - test_batch_size: 16
2024-03-06 12:15:50,768 - wait_patience: 8
2024-03-06 12:15:50,768 - hidden_dims: 768
2024-03-06 12:15:50,768 - num_attention_heads: 12
2024-03-06 12:15:50,768 - attention_probs_dropout_prob: 0.2
2024-03-06 12:15:50,768 - hidden_dropout_prob: 0.2
2024-03-06 12:15:50,768 - intermediate_size: 768
2024-03-06 12:15:50,769 - num_hidden_layers: 8
2024-03-06 12:15:50,769 - max_position_embeddings: 1024
2024-03-06 12:15:50,769 - position_embedding_type: absolute
2024-03-06 12:15:50,769 - batch_first: True
2024-03-06 12:15:50,769 - dropout: 0.1
2024-03-06 12:15:50,769 - aligned_method: conv1d
2024-03-06 12:15:50,769 - num_train_epochs: 100
2024-03-06 12:15:50,769 - lr: 5e-06
2024-03-06 12:15:50,769 - lr_mode: min
2024-03-06 12:15:50,769 - pred_output_path: /home/sharing/disk2/sjh/Outputs/MIntRec2/msz_MIntRec2_multi-class_seed-4_2024-03-06-12-15-50
2024-03-06 12:15:50,769 - model_output_path: /home/sharing/disk2/sjh/Outputs/MIntRec2/msz_MIntRec2_multi-class_seed-4_2024-03-06-12-15-50/models
2024-03-06 12:15:50,769 - num_labels: 30
2024-03-06 12:15:50,769 - text_feat_dim: 768
2024-03-06 12:15:50,769 - video_feat_dim: 256
2024-03-06 12:15:50,769 - audio_feat_dim: 768
2024-03-06 12:15:50,769 - text_seq_len: 50
2024-03-06 12:15:50,769 - video_seq_len: 180
2024-03-06 12:15:50,769 - audio_seq_len: 400
2024-03-06 12:15:50,769 - device: cuda:2
2024-03-06 12:15:50,769 - ============================== End Params ==============================
2024-03-06 12:15:50,823 - Generate Text Features Begin...
2024-03-06 12:15:52,573 - Generate Text Features Finished...
2024-03-06 12:15:52,577 - Load Video Features Begin...
2024-03-06 12:15:56,946 - Load Video Features Finished...
2024-03-06 12:15:58,635 - Load Audio Features Begin...
2024-03-06 12:16:06,641 - Load Audio Features Finished...
2024-03-06 12:16:21,976 - method  begins...
2024-03-06 12:16:23,723 - Multimodal intent recognition begins...
2024-03-06 12:16:23,723 - Training begins...
2024-03-06 12:17:48,542 - ***** Epoch: 1: Eval results *****
2024-03-06 12:17:48,543 -   train_loss = 2.6619
2024-03-06 12:17:48,543 -   best_eval_score = 0.0
2024-03-06 12:17:48,543 -   eval_score = 0.2837
2024-03-06 12:19:12,454 - ***** Epoch: 2: Eval results *****
2024-03-06 12:19:12,454 -   train_loss = 1.6595
2024-03-06 12:19:12,454 -   best_eval_score = 0.2837
2024-03-06 12:19:12,454 -   eval_score = 0.4191
2024-03-06 12:20:36,530 - ***** Epoch: 3: Eval results *****
2024-03-06 12:20:36,531 -   train_loss = 1.2956
2024-03-06 12:20:36,531 -   best_eval_score = 0.4191
2024-03-06 12:20:36,531 -   eval_score = 0.4684
2024-03-06 12:22:00,027 - ***** Epoch: 4: Eval results *****
2024-03-06 12:22:00,027 -   train_loss = 1.0821
2024-03-06 12:22:00,028 -   best_eval_score = 0.4684
2024-03-06 12:22:00,028 -   eval_score = 0.4795
2024-03-06 12:23:23,117 - ***** Epoch: 5: Eval results *****
2024-03-06 12:23:23,117 -   train_loss = 0.91
2024-03-06 12:23:23,117 -   best_eval_score = 0.4795
2024-03-06 12:23:23,117 -   eval_score = 0.4851
2024-03-06 12:24:45,692 - ***** Epoch: 6: Eval results *****
2024-03-06 12:24:45,693 -   train_loss = 0.7526
2024-03-06 12:24:45,693 -   best_eval_score = 0.4851
2024-03-06 12:24:45,693 -   eval_score = 0.503
2024-03-06 12:26:08,690 - ***** Epoch: 7: Eval results *****
2024-03-06 12:26:08,691 -   train_loss = 0.5985
2024-03-06 12:26:08,691 -   best_eval_score = 0.503
2024-03-06 12:26:08,691 -   eval_score = 0.5167
2024-03-06 12:27:32,503 - ***** Epoch: 8: Eval results *****
2024-03-06 12:27:32,504 -   train_loss = 0.4855
2024-03-06 12:27:32,504 -   best_eval_score = 0.5167
2024-03-06 12:27:32,504 -   eval_score = 0.4974
2024-03-06 12:27:32,504 - EarlyStopping counter: 1 out of 8
2024-03-06 12:28:55,521 - ***** Epoch: 9: Eval results *****
2024-03-06 12:28:55,521 -   train_loss = 0.3752
2024-03-06 12:28:55,521 -   best_eval_score = 0.5167
2024-03-06 12:28:55,521 -   eval_score = 0.5168
2024-03-06 12:30:19,613 - ***** Epoch: 10: Eval results *****
2024-03-06 12:30:19,614 -   train_loss = 0.2939
2024-03-06 12:30:19,614 -   best_eval_score = 0.5168
2024-03-06 12:30:19,614 -   eval_score = 0.5123
2024-03-06 12:30:19,614 - EarlyStopping counter: 1 out of 8
2024-03-06 12:31:44,652 - ***** Epoch: 11: Eval results *****
2024-03-06 12:31:44,652 -   train_loss = 0.2194
2024-03-06 12:31:44,652 -   best_eval_score = 0.5168
2024-03-06 12:31:44,652 -   eval_score = 0.5235
2024-03-06 12:33:07,393 - ***** Epoch: 12: Eval results *****
2024-03-06 12:33:07,394 -   train_loss = 0.1994
2024-03-06 12:33:07,394 -   best_eval_score = 0.5235
2024-03-06 12:33:07,394 -   eval_score = 0.517
2024-03-06 12:33:07,394 - EarlyStopping counter: 1 out of 8
2024-03-06 12:34:31,443 - ***** Epoch: 13: Eval results *****
2024-03-06 12:34:31,444 -   train_loss = 0.1933
2024-03-06 12:34:31,444 -   best_eval_score = 0.5235
2024-03-06 12:34:31,444 -   eval_score = 0.5158
2024-03-06 12:34:31,444 - EarlyStopping counter: 2 out of 8
2024-03-06 12:35:56,031 - ***** Epoch: 14: Eval results *****
2024-03-06 12:35:56,032 -   train_loss = 0.1895
2024-03-06 12:35:56,032 -   best_eval_score = 0.5235
2024-03-06 12:35:56,032 -   eval_score = 0.5206
2024-03-06 12:35:56,032 - EarlyStopping counter: 3 out of 8
2024-03-06 12:37:20,392 - ***** Epoch: 15: Eval results *****
2024-03-06 12:37:20,392 -   train_loss = 0.179
2024-03-06 12:37:20,393 -   best_eval_score = 0.5235
2024-03-06 12:37:20,393 -   eval_score = 0.5142
2024-03-06 12:37:20,393 - EarlyStopping counter: 4 out of 8
2024-03-06 12:38:44,192 - ***** Epoch: 16: Eval results *****
2024-03-06 12:38:44,193 -   train_loss = 0.1714
2024-03-06 12:38:44,194 -   best_eval_score = 0.5235
2024-03-06 12:38:44,194 -   eval_score = 0.5144
2024-03-06 12:38:44,194 - EarlyStopping counter: 5 out of 8
2024-03-06 12:40:10,378 - ***** Epoch: 17: Eval results *****
2024-03-06 12:40:10,379 -   train_loss = 0.1692
2024-03-06 12:40:10,379 -   best_eval_score = 0.5235
2024-03-06 12:40:10,379 -   eval_score = 0.5183
2024-03-06 12:40:10,379 - EarlyStopping counter: 6 out of 8
2024-03-06 12:41:32,594 - ***** Epoch: 18: Eval results *****
2024-03-06 12:41:32,595 -   train_loss = 0.1662
2024-03-06 12:41:32,595 -   best_eval_score = 0.5235
2024-03-06 12:41:32,595 -   eval_score = 0.5194
2024-03-06 12:41:32,595 - EarlyStopping counter: 7 out of 8
2024-03-06 12:42:56,416 - ***** Epoch: 19: Eval results *****
2024-03-06 12:42:56,417 -   train_loss = 0.1599
2024-03-06 12:42:56,417 -   best_eval_score = 0.5235
2024-03-06 12:42:56,417 -   eval_score = 0.5151
2024-03-06 12:42:56,417 - EarlyStopping counter: 8 out of 8
2024-03-06 12:42:56,417 - EarlyStopping at epoch 19
2024-03-06 12:42:56,423 - Training is finished...
2024-03-06 12:42:56,424 - Testing begins...
2024-03-06 12:43:07,314 - ***** Test: Confusion Matrix *****
2024-03-06 12:43:07,318 - [[ 51   0  12   0   0   0   0   0   1   1   2   0   0   0   0   1   0   0
    0   0   0   0   0   0   0   0   0   0   0   0]
 [  0  52   0   0  10   2   4   0   1   0   1   1   4   1   3   0   0   6
    1   3   0   1   1   1   1   1   0   3   0   0]
 [ 10   0  42   0   1   0   0   0   0   0   1   0   0   1   1   1   0   2
    0   0   0   0   0   2   2   0   0   1   0   0]
 [  0   0   0  59   0   0   0   0   0   1   0   0   0   0   2   0   1   1
    0   0   0   0   0   0   0   0   0   1   0   0]
 [  0   5   0   0  32   0   0   0   1   0   0   0   0   0   0   0   0   5
    0   0   0   2   0   2   1   0   0   1   1   1]
 [  0   1   0   0   3  24   0   0   0   0   1   0   0   0   1   0   0   4
    0   0   0   0   0   1   0   1   1   0   0   0]
 [  0   1   0   0   0   4  27   8   0   1   2   0   5   0   0   0   0   0
    0   0   0   0   0   0   0   0   0   0   0   0]
 [  0   0   0   0   0   1   5  27   0   1   5   0   6   0   0   0   2   0
    0   0   0   0   0   0   0   0   0   0   0   0]
 [  1   3   1   3   1   0   0   0  22   1   0   2   1   0   4   1   0   2
    0   0   0   0   4   0   2   0   0   0   0   1]
 [  0   1   1   0   0   0   0   0   2  52   1   7   9   0  13   0   0   6
    2   0   0   2   2   1   3   1   1   2   0   1]
 [  2   0   0   0   1   4   2   3   1   1  42   0  29   0   1   0   1   1
    0   2   0   1   0   1   1   0   0   0   0   0]
 [  0   0   0   0   0   0   1   1   0   5   0  21   5   1   1   0   0   1
    1   0   0   0   3   0   1   0   0   5   0   1]
 [  0   1   0   0   0   0   3   7   0   5  26   0  89   0   2   0   0   0
    0   0   0   0   0   0   0   0   0   2   0   0]
 [  0   0   1   0   0   0   0   0   0   2   0   0   0   3   6   0   0   3
    1   0   0   0   1   0   0   0   0   0   0   0]
 [  0   2   1   0   0   0   1   0   3   8   2   1   1   1 123   2   0  24
    3   1   1   1  11   0   3   0   0   3   0   1]
 [  0   0   1   0   0   0   0   0   0   3   0   0   0   0   2   4   0   3
    2   0   0   1   0   0   0   0   0   4   1   1]
 [  0   0   0   0   1   0   1   2   1   0   2   0   1   0   0   0  54   1
    2   0   0   0   0   0   1   0   0   0   0   0]
 [  0   4   1   1   5   4   0   0   3  13   2   1   1   0  15   2   2 115
   11   3   4   6   7  10   1   1   1   2   1   1]
 [  0   2   1   0   0   0   0   0   1   3   1   0   0   2   7   1   4   7
   24   1   3   0   0   0   2   0   0   1   0   0]
 [  0   5   0   0   0   0   2   0   0   0   1   0   0   0   1   0   0   0
    0   7   0   1   0   0   0   0   0   0   0   0]
 [  0   2   2   0   2   0   0   0   1   2   0   1   1   0   4   0   0   1
    4   0   2   0   1   1   2   0   0   2   0   1]
 [  6   1   0   0   0   0   0   0   0   4   0   0   0   0   0   0   5   1
    0   0   0  25   0   7   1   0   0   1   0   2]
 [  0   1   1   1   0   0   0   0   2   5   0   3   0   0  11   0   0   2
    0   0   1   1  84   0   1   1   1   2   0   0]
 [  0   4   1   0   1   0   0   0   0   3   0   0   0   0   0   0   0   7
    0   0   0   2   0  20   0   0   0   0   0   0]
 [  2   0   1   1   0   0   0   0   2   1   2   2   0   0   2   0   0   3
    1   0   0   1   1   1  85   0   0   6   2   0]
 [  2   0   0   0   1   0   0   0   1   0   0   0   0   0   0   0   0   0
    0   0   0   0   1   1   1  21   1   0   0   2]
 [  0   1   0   2   0   0   0   0   0   2   0   0   0   0   1   0   0   3
    0   0   0   1   2   0   0   0   4   0   1   0]
 [  1   2   2   0   0   0   0   0   2   7   2   5   4   1   3   2   0   2
    0   0   2   0   2   0   8   1   0  10   1   1]
 [  0   0   0   1   0   0   0   0   0   0   0   0   0   0   0   0   1   0
    0   0   0   0   0   0   0   0   0   0  56   0]
 [  0   1   0   0   1   0   0   0   2   1   1   2   0   0   0   0   0   3
    1   0   0   0   0   0   0   1   0   1   0   5]]
2024-03-06 12:43:07,318 - ***** Evaluation results *****
2024-03-06 12:43:07,318 -   acc = 0.5814
2024-03-06 12:43:07,318 -   f1 = 0.5251
2024-03-06 12:43:07,318 -   prec = 0.5321
2024-03-06 12:43:07,318 -   rec = 0.5254
2024-03-06 12:43:07,319 - Testing is finished...
2024-03-06 12:43:07,319 - Multimodal intent recognition is finished...
2024-03-06 12:43:07,319 - Results are saved in results/msz.csv
