2024-01-02 10:20:13,320 - ============================== Params ==============================
2024-01-02 10:20:13,321 - logger_name: msz_MIntRec_multi-class_seed-0_2024-01-02-10-20-13
2024-01-02 10:20:13,321 - dataset: MIntRec
2024-01-02 10:20:13,321 - data_mode: multi-class
2024-01-02 10:20:13,321 - method: msz
2024-01-02 10:20:13,321 - text_backbone: bert-base-uncased
2024-01-02 10:20:13,321 - text_backbone_path: /home/sharing/disk1/pretrained_embedding/bert/uncased_L-12_H-768_A-12/
2024-01-02 10:20:13,321 - seed: 0
2024-01-02 10:20:13,321 - num_workers: 8
2024-01-02 10:20:13,321 - gpu_id: 1
2024-01-02 10:20:13,321 - data_path: /home/sharing/disk2/sjh/intentDataset
2024-01-02 10:20:13,321 - train: True
2024-01-02 10:20:13,321 - tune: False
2024-01-02 10:20:13,321 - save_model: False
2024-01-02 10:20:13,321 - save_results: True
2024-01-02 10:20:13,321 - log_path: logs
2024-01-02 10:20:13,321 - cache_path: 
2024-01-02 10:20:13,321 - video_data_path: video_data
2024-01-02 10:20:13,321 - audio_data_path: audio_data
2024-01-02 10:20:13,321 - video_feats_path: video_feats.pkl
2024-01-02 10:20:13,321 - audio_feats_path: audio_feats.pkl
2024-01-02 10:20:13,321 - results_path: results
2024-01-02 10:20:13,321 - output_path: /home/sujianhua/Outputs/MIntRec
2024-01-02 10:20:13,321 - model_path: models
2024-01-02 10:20:13,321 - config_file_name: msz
2024-01-02 10:20:13,322 - results_file_name: msz.csv
2024-01-02 10:20:13,322 - padding_mode: zero
2024-01-02 10:20:13,322 - padding_loc: end
2024-01-02 10:20:13,322 - need_aligned: False
2024-01-02 10:20:13,322 - eval_monitor: f1
2024-01-02 10:20:13,322 - train_batch_size: 16
2024-01-02 10:20:13,322 - eval_batch_size: 8
2024-01-02 10:20:13,322 - test_batch_size: 8
2024-01-02 10:20:13,322 - wait_patience: 8
2024-01-02 10:20:13,322 - nheads: 2
2024-01-02 10:20:13,322 - encoder_layers: 2
2024-01-02 10:20:13,322 - attn_dropout: 0.1
2024-01-02 10:20:13,322 - relu_dropout: 0.1
2024-01-02 10:20:13,322 - embed_dropout: 0.1
2024-01-02 10:20:13,322 - res_dropout: 0.1
2024-01-02 10:20:13,322 - attn_mask: False
2024-01-02 10:20:13,322 - hidden_size: 768
2024-01-02 10:20:13,322 - num_attention_heads: 12
2024-01-02 10:20:13,322 - attention_probs_dropout_prob: 0.2
2024-01-02 10:20:13,322 - hidden_dropout_prob: 0.2
2024-01-02 10:20:13,322 - intermediate_size: 768
2024-01-02 10:20:13,322 - num_hidden_layers: 3
2024-01-02 10:20:13,322 - max_position_embeddings: 512
2024-01-02 10:20:13,322 - position_embedding_type: absolute
2024-01-02 10:20:13,322 - batch_first: True
2024-01-02 10:20:13,322 - hidden_dims: 768
2024-01-02 10:20:13,322 - att_dropouts: [0.2, 0.2, 0.2]
2024-01-02 10:20:13,322 - spe_dropouts: [0.1, 0.1, 0.1]
2024-01-02 10:20:13,322 - ta_loss: 0.07
2024-01-02 10:20:13,322 - tv_loss: 0.01
2024-01-02 10:20:13,322 - av_loss: 0.01
2024-01-02 10:20:13,322 - aligned_method: conv1d
2024-01-02 10:20:13,322 - grad_clip: -1
2024-01-02 10:20:13,322 - num_train_epochs: 100
2024-01-02 10:20:13,322 - warmup_proportion: 0.1
2024-01-02 10:20:13,322 - lr: 1e-06
2024-01-02 10:20:13,322 - weight_decay: 0.02
2024-01-02 10:20:13,323 - pred_output_path: /home/sujianhua/Outputs/MIntRec/msz_MIntRec_multi-class_seed-0_2024-01-02-10-20-13
2024-01-02 10:20:13,323 - model_output_path: /home/sujianhua/Outputs/MIntRec/msz_MIntRec_multi-class_seed-0_2024-01-02-10-20-13/models
2024-01-02 10:20:13,323 - ============================== End Params ==============================
2024-01-02 10:20:13,582 - Generate Text Features Begin...
2024-01-02 10:20:14,081 - Generate Text Features Finished...
2024-01-02 10:20:14,082 - Load Video Features Begin...
2024-01-02 10:20:14,916 - Load Video Features Finished...
2024-01-02 10:20:15,389 - Load Audio Features Begin...
2024-01-02 10:20:20,469 - Load Audio Features Finished...
2024-01-02 10:20:24,107 - method  begins...
2024-01-02 10:20:28,784 - Multimodal intent recognition begins...
2024-01-02 10:20:28,784 - Training begins...
