2024-01-26 07:02:38,480 - ============================== Params ==============================
2024-01-26 07:02:38,480 - logger_name: msz_MIntRec_multi-class_seed-4_2024-01-26-07-02-38
2024-01-26 07:02:38,480 - dataset: MIntRec
2024-01-26 07:02:38,480 - data_mode: multi-class
2024-01-26 07:02:38,480 - method: msz
2024-01-26 07:02:38,480 - text_backbone: bert-base-uncased
2024-01-26 07:02:38,480 - text_backbone_path: /home/sharing/disk1/pretrained_embedding/bert/uncased_L-12_H-768_A-12/
2024-01-26 07:02:38,481 - seed: 4
2024-01-26 07:02:38,481 - num_workers: 8
2024-01-26 07:02:38,481 - gpu_id: 1
2024-01-26 07:02:38,481 - data_path: /home/sharing/disk2/sjh/intentDataset
2024-01-26 07:02:38,481 - train: True
2024-01-26 07:02:38,481 - tune: False
2024-01-26 07:02:38,481 - save_model: False
2024-01-26 07:02:38,481 - save_results: True
2024-01-26 07:02:38,481 - log_path: logs
2024-01-26 07:02:38,481 - cache_path: 
2024-01-26 07:02:38,481 - video_data_path: video_data
2024-01-26 07:02:38,481 - audio_data_path: audio_data
2024-01-26 07:02:38,481 - video_feats_path: video_feats.pkl
2024-01-26 07:02:38,481 - audio_feats_path: audio_feats.pkl
2024-01-26 07:02:38,481 - results_path: results
2024-01-26 07:02:38,481 - output_path: /home/sharing/disk2/sjh/Outputs/MIntRec
2024-01-26 07:02:38,481 - model_path: models
2024-01-26 07:02:38,481 - config_file_name: msz
2024-01-26 07:02:38,481 - results_file_name: msz.csv
2024-01-26 07:02:38,481 - padding_mode: zero
2024-01-26 07:02:38,481 - padding_loc: end
2024-01-26 07:02:38,481 - need_aligned: False
2024-01-26 07:02:38,481 - eval_monitor: f1
2024-01-26 07:02:38,481 - train_batch_size: 16
2024-01-26 07:02:38,481 - eval_batch_size: 8
2024-01-26 07:02:38,481 - test_batch_size: 8
2024-01-26 07:02:38,481 - wait_patience: 8
2024-01-26 07:02:38,481 - hidden_size: 768
2024-01-26 07:02:38,481 - num_attention_heads: 12
2024-01-26 07:02:38,481 - attention_probs_dropout_prob: 0.2
2024-01-26 07:02:38,481 - hidden_dropout_prob: 0.2
2024-01-26 07:02:38,481 - intermediate_size: 768
2024-01-26 07:02:38,481 - num_hidden_layers: 8
2024-01-26 07:02:38,481 - max_position_embeddings: 768
2024-01-26 07:02:38,481 - position_embedding_type: absolute
2024-01-26 07:02:38,481 - batch_first: True
2024-01-26 07:02:38,481 - hidden_dims: 768
2024-01-26 07:02:38,481 - dropout: 0.1
2024-01-26 07:02:38,481 - aligned_method: conv1d
2024-01-26 07:02:38,481 - num_train_epochs: 100
2024-01-26 07:02:38,481 - lr: 8e-06
2024-01-26 07:02:38,481 - pred_output_path: /home/sharing/disk2/sjh/Outputs/MIntRec/msz_MIntRec_multi-class_seed-4_2024-01-26-07-02-38
2024-01-26 07:02:38,481 - model_output_path: /home/sharing/disk2/sjh/Outputs/MIntRec/msz_MIntRec_multi-class_seed-4_2024-01-26-07-02-38/models
2024-01-26 07:02:38,481 - ============================== End Params ==============================
2024-01-26 07:02:38,484 - Generate Text Features Begin...
2024-01-26 07:02:38,882 - Generate Text Features Finished...
2024-01-26 07:02:38,882 - Load Video Features Begin...
2024-01-26 07:02:39,132 - Load Video Features Finished...
2024-01-26 07:02:39,613 - Load Audio Features Begin...
2024-01-26 07:02:40,413 - Load Audio Features Finished...
2024-01-26 07:02:43,439 - method  begins...
2024-01-26 07:02:46,255 - Multimodal intent recognition begins...
2024-01-26 07:02:46,256 - Training begins...
2024-01-26 07:03:08,709 - ***** Epoch: 1: Eval results *****
2024-01-26 07:03:08,709 -   train_loss = 2.5119
2024-01-26 07:03:08,709 -   best_eval_score = 0.0
2024-01-26 07:03:08,709 -   eval_score = 0.3606
2024-01-26 07:03:29,267 - ***** Epoch: 2: Eval results *****
2024-01-26 07:03:29,268 -   train_loss = 1.4388
2024-01-26 07:03:29,268 -   best_eval_score = 0.3606
2024-01-26 07:03:29,268 -   eval_score = 0.5452
