2024-01-06 10:50:11,569 - ============================== Params ==============================
2024-01-06 10:50:11,569 - logger_name: msz_MIntRec_multi-class_seed-3_2024-01-06-10-50-11
2024-01-06 10:50:11,569 - dataset: MIntRec
2024-01-06 10:50:11,569 - data_mode: multi-class
2024-01-06 10:50:11,570 - method: msz
2024-01-06 10:50:11,570 - text_backbone: bert-base-uncased
2024-01-06 10:50:11,570 - text_backbone_path: /home/sharing/disk1/pretrained_embedding/bert/uncased_L-12_H-768_A-12/
2024-01-06 10:50:11,570 - seed: 3
2024-01-06 10:50:11,570 - num_workers: 8
2024-01-06 10:50:11,570 - gpu_id: 1
2024-01-06 10:50:11,570 - data_path: /home/sharing/disk2/sjh/intentDataset
2024-01-06 10:50:11,570 - train: True
2024-01-06 10:50:11,570 - tune: False
2024-01-06 10:50:11,570 - save_model: False
2024-01-06 10:50:11,570 - save_results: True
2024-01-06 10:50:11,570 - log_path: logs
2024-01-06 10:50:11,570 - cache_path: 
2024-01-06 10:50:11,570 - video_data_path: video_data
2024-01-06 10:50:11,570 - audio_data_path: audio_data
2024-01-06 10:50:11,570 - video_feats_path: video_feats.pkl
2024-01-06 10:50:11,570 - audio_feats_path: audio_feats.pkl
2024-01-06 10:50:11,570 - results_path: results
2024-01-06 10:50:11,570 - output_path: /home/sharing/disk2/sjh/Outputs/MIntRec
2024-01-06 10:50:11,570 - model_path: models
2024-01-06 10:50:11,570 - config_file_name: msz
2024-01-06 10:50:11,570 - results_file_name: msz.csv
2024-01-06 10:50:11,570 - padding_mode: zero
2024-01-06 10:50:11,570 - padding_loc: end
2024-01-06 10:50:11,570 - need_aligned: False
2024-01-06 10:50:11,570 - eval_monitor: f1
2024-01-06 10:50:11,570 - train_batch_size: 16
2024-01-06 10:50:11,570 - eval_batch_size: 8
2024-01-06 10:50:11,570 - test_batch_size: 8
2024-01-06 10:50:11,570 - wait_patience: 8
2024-01-06 10:50:11,570 - nheads: 2
2024-01-06 10:50:11,570 - encoder_layers: 2
2024-01-06 10:50:11,570 - attn_dropout: 0.1
2024-01-06 10:50:11,570 - relu_dropout: 0.1
2024-01-06 10:50:11,570 - embed_dropout: 0.1
2024-01-06 10:50:11,570 - res_dropout: 0.1
2024-01-06 10:50:11,571 - attn_mask: False
2024-01-06 10:50:11,571 - hidden_size: 768
2024-01-06 10:50:11,571 - num_attention_heads: 12
2024-01-06 10:50:11,571 - attention_probs_dropout_prob: 0.2
2024-01-06 10:50:11,571 - hidden_dropout_prob: 0.2
2024-01-06 10:50:11,571 - intermediate_size: 768
2024-01-06 10:50:11,571 - num_hidden_layers: 3
2024-01-06 10:50:11,571 - max_position_embeddings: 512
2024-01-06 10:50:11,571 - position_embedding_type: absolute
2024-01-06 10:50:11,571 - batch_first: True
2024-01-06 10:50:11,571 - hidden_dims: 768
2024-01-06 10:50:11,571 - att_dropouts: [0.2, 0.2, 0.2]
2024-01-06 10:50:11,571 - spe_dropouts: [0.1, 0.1, 0.1]
2024-01-06 10:50:11,571 - ta_loss: 0.1
2024-01-06 10:50:11,571 - tv_loss: 0.1
2024-01-06 10:50:11,571 - av_loss: 0.1
2024-01-06 10:50:11,571 - aligned_method: conv1d
2024-01-06 10:50:11,571 - grad_clip: -1
2024-01-06 10:50:11,571 - num_train_epochs: 100
2024-01-06 10:50:11,571 - warmup_proportion: 0.1
2024-01-06 10:50:11,571 - lr: 2e-05
2024-01-06 10:50:11,571 - weight_decay: 0.01
2024-01-06 10:50:11,571 - pred_output_path: /home/sharing/disk2/sjh/Outputs/MIntRec/msz_MIntRec_multi-class_seed-3_2024-01-06-10-50-11
2024-01-06 10:50:11,571 - model_output_path: /home/sharing/disk2/sjh/Outputs/MIntRec/msz_MIntRec_multi-class_seed-3_2024-01-06-10-50-11/models
2024-01-06 10:50:11,571 - ============================== End Params ==============================
2024-01-06 10:50:11,574 - Generate Text Features Begin...
2024-01-06 10:50:12,087 - Generate Text Features Finished...
2024-01-06 10:50:12,087 - Load Video Features Begin...
2024-01-06 10:50:12,446 - Load Video Features Finished...
2024-01-06 10:50:13,156 - Load Audio Features Begin...
2024-01-06 10:50:14,449 - Load Audio Features Finished...
2024-01-06 10:50:18,738 - method  begins...
2024-01-06 10:50:22,850 - Multimodal intent recognition begins...
2024-01-06 10:50:22,850 - Training begins...
