2024-01-22 13:45:32,016 - ============================== Params ==============================
2024-01-22 13:45:32,017 - logger_name: msz_MIntRec_multi-class_seed-1_2024-01-22-13-45-31
2024-01-22 13:45:32,017 - dataset: MIntRec
2024-01-22 13:45:32,017 - data_mode: multi-class
2024-01-22 13:45:32,017 - method: msz
2024-01-22 13:45:32,017 - text_backbone: bert-base-uncased
2024-01-22 13:45:32,017 - text_backbone_path: /home/sharing/disk1/pretrained_embedding/bert/uncased_L-12_H-768_A-12/
2024-01-22 13:45:32,017 - seed: 1
2024-01-22 13:45:32,017 - num_workers: 8
2024-01-22 13:45:32,017 - gpu_id: 0
2024-01-22 13:45:32,017 - data_path: /home/sharing/disk2/sjh/intentDataset
2024-01-22 13:45:32,017 - train: True
2024-01-22 13:45:32,017 - tune: False
2024-01-22 13:45:32,017 - save_model: False
2024-01-22 13:45:32,017 - save_results: True
2024-01-22 13:45:32,017 - log_path: logs
2024-01-22 13:45:32,017 - cache_path: 
2024-01-22 13:45:32,017 - video_data_path: video_data
2024-01-22 13:45:32,017 - audio_data_path: audio_data
2024-01-22 13:45:32,017 - video_feats_path: video_feats.pkl
2024-01-22 13:45:32,017 - audio_feats_path: audio_feats.pkl
2024-01-22 13:45:32,017 - results_path: results
2024-01-22 13:45:32,017 - output_path: /home/sharing/disk2/sjh/Outputs/MIntRec
2024-01-22 13:45:32,017 - model_path: models
2024-01-22 13:45:32,017 - config_file_name: msz
2024-01-22 13:45:32,017 - results_file_name: msz.csv
2024-01-22 13:45:32,017 - padding_mode: zero
2024-01-22 13:45:32,018 - padding_loc: end
2024-01-22 13:45:32,018 - need_aligned: False
2024-01-22 13:45:32,018 - eval_monitor: f1
2024-01-22 13:45:32,018 - train_batch_size: 16
2024-01-22 13:45:32,018 - eval_batch_size: 8
2024-01-22 13:45:32,018 - test_batch_size: 8
2024-01-22 13:45:32,018 - wait_patience: 8
2024-01-22 13:45:32,018 - hidden_size: 768
2024-01-22 13:45:32,018 - num_attention_heads: 12
2024-01-22 13:45:32,018 - attention_probs_dropout_prob: 0.2
2024-01-22 13:45:32,018 - hidden_dropout_prob: 0.2
2024-01-22 13:45:32,018 - intermediate_size: 768
2024-01-22 13:45:32,018 - num_hidden_layers: 8
2024-01-22 13:45:32,018 - max_position_embeddings: 768
2024-01-22 13:45:32,018 - position_embedding_type: absolute
2024-01-22 13:45:32,018 - batch_first: True
2024-01-22 13:45:32,018 - hidden_dims: 768
2024-01-22 13:45:32,018 - dropout: 0.1
2024-01-22 13:45:32,018 - aligned_method: conv1d
2024-01-22 13:45:32,018 - num_train_epochs: 100
2024-01-22 13:45:32,018 - lr: 8e-06
2024-01-22 13:45:32,018 - pred_output_path: /home/sharing/disk2/sjh/Outputs/MIntRec/msz_MIntRec_multi-class_seed-1_2024-01-22-13-45-31
2024-01-22 13:45:32,018 - model_output_path: /home/sharing/disk2/sjh/Outputs/MIntRec/msz_MIntRec_multi-class_seed-1_2024-01-22-13-45-31/models
2024-01-22 13:45:32,018 - ============================== End Params ==============================
2024-01-22 13:45:32,067 - Generate Text Features Begin...
2024-01-22 13:45:32,612 - Generate Text Features Finished...
2024-01-22 13:45:32,614 - Load Video Features Begin...
2024-01-22 13:45:33,472 - Load Video Features Finished...
2024-01-22 13:45:34,274 - Load Audio Features Begin...
2024-01-22 13:45:39,426 - Load Audio Features Finished...
2024-01-22 13:46:02,969 - method  begins...
2024-01-22 13:47:04,393 - Multimodal intent recognition begins...
2024-01-22 13:47:04,394 - Training begins...
