2024-03-02 10:43:00,300 - ============================== Params ==============================
2024-03-02 10:43:00,301 - logger_name: msz_MIntRec2_multi-class_seed-2_2024-03-02-10-43-00
2024-03-02 10:43:00,301 - dataset: MIntRec2
2024-03-02 10:43:00,301 - data_mode: multi-class
2024-03-02 10:43:00,301 - method: msz
2024-03-02 10:43:00,301 - text_backbone: bert-base-uncased
2024-03-02 10:43:00,301 - text_backbone_path: /home/sharing/disk1/pretrained_embedding/bert/uncased_L-12_H-768_A-12/
2024-03-02 10:43:00,301 - seed: 2
2024-03-02 10:43:00,301 - num_workers: 8
2024-03-02 10:43:00,301 - gpu_id: 3
2024-03-02 10:43:00,301 - data_path: /home/sharing/disk2/sjh/intentDataset
2024-03-02 10:43:00,301 - train: True
2024-03-02 10:43:00,301 - tune: True
2024-03-02 10:43:00,301 - save_model: True
2024-03-02 10:43:00,301 - save_results: True
2024-03-02 10:43:00,301 - log_path: logs
2024-03-02 10:43:00,302 - cache_path: 
2024-03-02 10:43:00,302 - video_data_path: video_data
2024-03-02 10:43:00,302 - audio_data_path: audio_data
2024-03-02 10:43:00,302 - video_feats_path: video_feats.pkl
2024-03-02 10:43:00,302 - audio_feats_path: audio_feats.pkl
2024-03-02 10:43:00,302 - results_path: results
2024-03-02 10:43:00,302 - output_path: /home/sharing/disk2/sjh/Outputs/MIntRec2
2024-03-02 10:43:00,302 - model_path: models
2024-03-02 10:43:00,302 - config_file_name: msz_MIntRec2
2024-03-02 10:43:00,302 - results_file_name: msz.csv
2024-03-02 10:43:00,302 - padding_mode: zero
2024-03-02 10:43:00,302 - padding_loc: end
2024-03-02 10:43:00,302 - need_aligned: False
2024-03-02 10:43:00,302 - eval_monitor: f1
2024-03-02 10:43:00,302 - train_batch_size: 16
2024-03-02 10:43:00,302 - eval_batch_size: 8
2024-03-02 10:43:00,302 - test_batch_size: 8
2024-03-02 10:43:00,302 - wait_patience: 8
2024-03-02 10:43:00,302 - hidden_size: 768
2024-03-02 10:43:00,302 - num_attention_heads: 8
2024-03-02 10:43:00,302 - attention_probs_dropout_prob: 0.2
2024-03-02 10:43:00,302 - hidden_dropout_prob: 0.2
2024-03-02 10:43:00,302 - intermediate_size: 768
2024-03-02 10:43:00,302 - num_hidden_layers: 10
2024-03-02 10:43:00,302 - max_position_embeddings: 768
2024-03-02 10:43:00,302 - position_embedding_type: absolute
2024-03-02 10:43:00,302 - batch_first: True
2024-03-02 10:43:00,302 - hidden_dims: 768
2024-03-02 10:43:00,302 - dropout: 0.2
2024-03-02 10:43:00,302 - aligned_method: conv1d
2024-03-02 10:43:00,302 - num_train_epochs: 100
2024-03-02 10:43:00,302 - lr: 1e-05
2024-03-02 10:43:00,302 - pred_output_path: /home/sharing/disk2/sjh/Outputs/MIntRec2/msz_MIntRec2_multi-class_seed-2_2024-03-02-10-43-00
2024-03-02 10:43:00,302 - model_output_path: /home/sharing/disk2/sjh/Outputs/MIntRec2/msz_MIntRec2_multi-class_seed-2_2024-03-02-10-43-00/models
2024-03-02 10:43:00,302 - num_labels: 30
2024-03-02 10:43:00,303 - text_feat_dim: 768
2024-03-02 10:43:00,303 - video_feat_dim: 256
2024-03-02 10:43:00,303 - audio_feat_dim: 768
2024-03-02 10:43:00,303 - text_seq_len: 50
2024-03-02 10:43:00,303 - video_seq_len: 180
2024-03-02 10:43:00,303 - audio_seq_len: 400
2024-03-02 10:43:00,303 - device: cuda:3
2024-03-02 10:43:00,303 - ============================== End Params ==============================
2024-03-02 10:43:01,026 - Generate Text Features Begin...
2024-03-02 10:43:03,627 - Generate Text Features Finished...
2024-03-02 10:43:03,652 - Load Video Features Begin...
2024-03-02 10:45:08,374 - Load Video Features Finished...
2024-03-02 10:45:44,904 - Load Audio Features Begin...
2024-03-02 10:53:13,998 - Load Audio Features Finished...
2024-03-02 10:57:16,967 - method  begins...
2024-03-02 10:57:52,072 - Multimodal intent recognition begins...
2024-03-02 10:57:52,081 - Training begins...
2024-03-02 11:00:08,828 - ***** Epoch: 1: Eval results *****
2024-03-02 11:00:08,829 -   train_loss = 2.1509
2024-03-02 11:00:08,829 -   best_eval_score = 0.0
2024-03-02 11:00:08,834 -   eval_score = 0.3906
2024-03-02 11:02:07,932 - ***** Epoch: 2: Eval results *****
2024-03-02 11:02:07,932 -   train_loss = 1.35
2024-03-02 11:02:07,932 -   best_eval_score = 0.3906
2024-03-02 11:02:07,932 -   eval_score = 0.4635
2024-03-02 11:04:06,057 - ***** Epoch: 3: Eval results *****
2024-03-02 11:04:06,058 -   train_loss = 1.0092
2024-03-02 11:04:06,058 -   best_eval_score = 0.4635
2024-03-02 11:04:06,058 -   eval_score = 0.4873
2024-03-02 11:06:01,222 - ***** Epoch: 4: Eval results *****
2024-03-02 11:06:01,222 -   train_loss = 0.6958
2024-03-02 11:06:01,222 -   best_eval_score = 0.4873
2024-03-02 11:06:01,222 -   eval_score = 0.4852
2024-03-02 11:06:01,222 - EarlyStopping counter: 1 out of 8
2024-03-02 11:07:51,509 - ***** Epoch: 5: Eval results *****
2024-03-02 11:07:51,509 -   train_loss = 0.4684
2024-03-02 11:07:51,510 -   best_eval_score = 0.4873
2024-03-02 11:07:51,510 -   eval_score = 0.5252
2024-03-02 11:09:49,658 - ***** Epoch: 6: Eval results *****
2024-03-02 11:09:49,658 -   train_loss = 0.3214
2024-03-02 11:09:49,658 -   best_eval_score = 0.5252
2024-03-02 11:09:49,658 -   eval_score = 0.4996
2024-03-02 11:09:49,658 - EarlyStopping counter: 1 out of 8
2024-03-02 11:11:51,560 - ***** Epoch: 7: Eval results *****
2024-03-02 11:11:51,561 -   train_loss = 0.2122
2024-03-02 11:11:51,561 -   best_eval_score = 0.5252
2024-03-02 11:11:51,561 -   eval_score = 0.492
2024-03-02 11:11:51,561 - EarlyStopping counter: 2 out of 8
2024-03-02 11:13:52,127 - ***** Epoch: 8: Eval results *****
2024-03-02 11:13:52,128 -   train_loss = 0.1549
2024-03-02 11:13:52,128 -   best_eval_score = 0.5252
2024-03-02 11:13:52,128 -   eval_score = 0.5004
2024-03-02 11:13:52,128 - EarlyStopping counter: 3 out of 8
2024-03-02 11:15:52,411 - ***** Epoch: 9: Eval results *****
2024-03-02 11:15:52,414 -   train_loss = 0.117
2024-03-02 11:15:52,414 -   best_eval_score = 0.5252
2024-03-02 11:15:52,414 -   eval_score = 0.4895
2024-03-02 11:15:52,414 - EarlyStopping counter: 4 out of 8
2024-03-02 11:17:53,635 - ***** Epoch: 10: Eval results *****
2024-03-02 11:17:53,636 -   train_loss = 0.1065
2024-03-02 11:17:53,636 -   best_eval_score = 0.5252
2024-03-02 11:17:53,636 -   eval_score = 0.4743
2024-03-02 11:17:53,636 - EarlyStopping counter: 5 out of 8
2024-03-02 11:20:08,954 - ***** Epoch: 11: Eval results *****
2024-03-02 11:20:08,966 -   train_loss = 0.067
2024-03-02 11:20:08,967 -   best_eval_score = 0.5252
2024-03-02 11:20:08,967 -   eval_score = 0.5072
2024-03-02 11:20:08,970 - EarlyStopping counter: 6 out of 8
2024-03-02 11:23:04,336 - ***** Epoch: 12: Eval results *****
2024-03-02 11:23:04,337 -   train_loss = 0.0525
2024-03-02 11:23:04,337 -   best_eval_score = 0.5252
2024-03-02 11:23:04,337 -   eval_score = 0.5026
2024-03-02 11:23:04,337 - EarlyStopping counter: 7 out of 8
2024-03-02 11:25:34,998 - ***** Epoch: 13: Eval results *****
2024-03-02 11:25:35,000 -   train_loss = 0.0487
2024-03-02 11:25:35,001 -   best_eval_score = 0.5252
2024-03-02 11:25:35,001 -   eval_score = 0.5146
2024-03-02 11:25:35,003 - EarlyStopping counter: 8 out of 8
2024-03-02 11:25:35,003 - EarlyStopping at epoch 13
2024-03-02 11:25:35,003 - Trained models are saved in /home/sharing/disk2/sjh/Outputs/MIntRec2/msz_MIntRec2_multi-class_seed-2_2024-03-02-10-43-00/models
2024-03-02 11:26:15,800 - Training is finished...
2024-03-02 11:26:15,802 - Testing begins...
2024-03-02 11:27:10,288 - ***** Test: Confusion Matrix *****
2024-03-02 11:27:10,308 - [[ 53   0   6   0   0   0   0   0   0   0   0   0   2   0   0   1   0   1
    0   0   0   0   1   1   3   0   0   0   0   0]
 [  0  49   0   0  11   1  10   0   1   0   2   0   3   0   1   0   0   9
    1   0   2   0   1   0   2   1   0   3   0   0]
 [ 16   0  34   0   1   0   0   0   0   0   1   0   0   0   0   2   0   3
    1   0   0   0   0   1   4   0   0   1   0   0]
 [  0   0   0  52   0   1   0   1   0   7   0   0   0   0   1   0   0   1
    1   0   0   0   0   0   0   0   0   1   0   0]
 [  0   6   0   0  32   1   0   0   0   0   0   0   0   0   0   0   0   7
    0   1   0   1   0   0   1   1   0   0   1   0]
 [  0   1   0   0   1  19   2   0   0   0   6   0   0   0   1   0   0   4
    0   0   2   0   0   0   0   0   1   0   0   0]
 [  0   0   0   0   0   1  28  10   0   0   3   1   5   0   0   0   0   0
    0   0   0   0   0   0   0   0   0   0   0   0]
 [  0   0   0   0   0   0   8  23   0   0   5   0   6   0   0   0   2   0
    1   0   0   0   1   0   1   0   0   0   0   0]
 [  1   3   1   3   1   0   0   0  21   1   0   0   2   2   1   0   0   3
    0   0   2   0   5   0   2   0   0   1   0   0]
 [  0   0   1   0   0   0   0   0   1  46   0   3  11   0   8   1   0  11
    3   0   1   2   3   0   3   1   0  11   0   1]
 [  2   0   0   0   0   2   4   1   0   0  45   0  33   0   1   0   0   2
    0   2   0   0   0   0   1   0   0   0   0   0]
 [  0   0   0   0   0   0   1   1   0   3   1  18   6   0   0   0   0   3
    1   0   2   0   3   0   0   0   0   7   0   1]
 [  0   0   0   0   0   0   6   9   0   4  22   0  90   0   0   0   0   1
    0   1   0   0   0   0   0   0   0   2   0   0]
 [  0   0   1   0   0   0   0   0   0   0   0   0   0   3   1   1   0   7
    3   0   0   0   1   0   0   0   0   0   0   0]
 [  1   1   2   0   0   0   1   0   4   6   3   0   3   6  73   5   0  42
    6   0  13   0  13   1   5   0   0   8   0   0]
 [  0   0   1   0   0   0   0   0   0   2   0   0   0   0   0   5   0   4
    3   0   4   0   0   0   0   0   0   2   1   0]
 [  0   0   0   0   1   0   1   1   1   0   1   0   2   0   0   1  50   1
    7   0   0   0   0   0   0   0   0   0   0   0]
 [  0   4   1   0   5   4   0   0   1   8   3   0   1   4   9   5   1 126
   18   1   6   4   6   5   0   0   1   2   1   1]
 [  0   2   0   0   0   0   1   0   0   3   1   0   1   1   4   0   1  11
   27   0   3   0   0   0   4   0   0   1   0   0]
 [  0   5   0   0   1   0   3   0   0   0   1   0   0   0   0   0   0   0
    0   5   0   1   0   0   1   0   0   0   0   0]
 [  0   2   2   0   1   0   0   0   0   1   0   0   2   0   1   0   0   3
    4   0  10   0   0   0   1   0   0   2   0   0]
 [  5   1   1   0   1   0   0   0   0   3   0   0   0   0   0   0   4   1
    0   1   1  22   0   9   1   1   0   2   0   0]
 [  0   0   0   1   0   0   0   0   0   6   0   1   2   4   6   1   0   3
    0   0   1   1  76   0   1   4   7   3   0   0]
 [  0   2   1   0   1   0   0   0   0   0   0   0   0   0   1   0   0   6
    2   0   0   0   0  25   0   0   0   0   0   0]
 [  2   0   0   0   0   0   0   0   1   1   1   0   0   0   1   1   0   2
    2   0   0   0   0   0  93   0   0   8   1   0]
 [  1   0   0   0   1   0   0   0   0   0   0   0   1   0   0   0   0   2
    0   0   0   0   1   0   1  20   2   1   0   1]
 [  0   0   0   0   0   0   0   0   0   2   0   0   0   0   2   0   0   5
    0   0   0   1   1   0   0   0   4   0   2   0]
 [  0   2   1   0   0   0   0   0   1   4   2   3   4   1   4   1   0   2
    3   0   3   0   1   0   8   1   0  15   1   1]
 [  0   0   0   0   0   0   0   0   0   0   0   0   0   0   0   0   1   1
    0   0   0   0   0   0   0   0   0   0  56   0]
 [  0   2   0   0   0   0   0   0   2   0   1   1   0   0   0   0   0   3
    1   0   2   0   0   0   1   1   0   1   0   4]]
2024-03-02 11:27:10,309 - ***** Evaluation results *****
2024-03-02 11:27:10,309 -   acc = 0.5529
2024-03-02 11:27:10,309 -   f1 = 0.5145
2024-03-02 11:27:10,309 -   prec = 0.5387
2024-03-02 11:27:10,309 -   rec = 0.5097
2024-03-02 11:27:10,309 - Testing is finished...
2024-03-02 11:27:10,309 - Multimodal intent recognition is finished...
2024-03-02 11:27:10,309 - Results are saved in results/msz.csv
