2024-01-07 12:22:36,808 - ============================== Params ==============================
2024-01-07 12:22:36,808 - logger_name: msz_MIntRec_multi-class_seed-1_2024-01-07-12-22-36
2024-01-07 12:22:36,808 - dataset: MIntRec
2024-01-07 12:22:36,809 - data_mode: multi-class
2024-01-07 12:22:36,809 - method: msz
2024-01-07 12:22:36,809 - text_backbone: bert-base-uncased
2024-01-07 12:22:36,809 - text_backbone_path: /home/sharing/disk1/pretrained_embedding/bert/uncased_L-12_H-768_A-12/
2024-01-07 12:22:36,809 - seed: 1
2024-01-07 12:22:36,809 - num_workers: 8
2024-01-07 12:22:36,809 - gpu_id: 1
2024-01-07 12:22:36,809 - data_path: /home/sharing/disk2/sjh/intentDataset
2024-01-07 12:22:36,809 - train: True
2024-01-07 12:22:36,809 - tune: False
2024-01-07 12:22:36,809 - save_model: False
2024-01-07 12:22:36,809 - save_results: True
2024-01-07 12:22:36,809 - log_path: logs
2024-01-07 12:22:36,809 - cache_path: 
2024-01-07 12:22:36,809 - video_data_path: video_data
2024-01-07 12:22:36,809 - audio_data_path: audio_data
2024-01-07 12:22:36,809 - video_feats_path: video_feats.pkl
2024-01-07 12:22:36,809 - audio_feats_path: audio_feats.pkl
2024-01-07 12:22:36,809 - results_path: results
2024-01-07 12:22:36,809 - output_path: /home/sharing/disk2/sjh/Outputs/MIntRec
2024-01-07 12:22:36,809 - model_path: models
2024-01-07 12:22:36,809 - config_file_name: msz
2024-01-07 12:22:36,809 - results_file_name: msz.csv
2024-01-07 12:22:36,809 - padding_mode: zero
2024-01-07 12:22:36,809 - padding_loc: end
2024-01-07 12:22:36,809 - need_aligned: False
2024-01-07 12:22:36,809 - eval_monitor: f1
2024-01-07 12:22:36,809 - train_batch_size: 16
2024-01-07 12:22:36,809 - eval_batch_size: 8
2024-01-07 12:22:36,809 - test_batch_size: 8
2024-01-07 12:22:36,809 - wait_patience: 8
2024-01-07 12:22:36,809 - nheads: 2
2024-01-07 12:22:36,809 - encoder_layers: 2
2024-01-07 12:22:36,809 - attn_dropout: 0.1
2024-01-07 12:22:36,809 - relu_dropout: 0.1
2024-01-07 12:22:36,809 - embed_dropout: 0.1
2024-01-07 12:22:36,809 - res_dropout: 0.1
2024-01-07 12:22:36,809 - attn_mask: False
2024-01-07 12:22:36,809 - hidden_size: 768
2024-01-07 12:22:36,810 - num_attention_heads: 12
2024-01-07 12:22:36,810 - attention_probs_dropout_prob: 0.2
2024-01-07 12:22:36,810 - hidden_dropout_prob: 0.2
2024-01-07 12:22:36,810 - intermediate_size: 768
2024-01-07 12:22:36,810 - num_hidden_layers: 3
2024-01-07 12:22:36,810 - max_position_embeddings: 512
2024-01-07 12:22:36,810 - position_embedding_type: absolute
2024-01-07 12:22:36,810 - batch_first: True
2024-01-07 12:22:36,810 - hidden_dims: 768
2024-01-07 12:22:36,810 - att_dropouts: [0.2, 0.2, 0.2]
2024-01-07 12:22:36,810 - spe_dropouts: [0.1, 0.1, 0.1]
2024-01-07 12:22:36,810 - ta_loss: 0.1
2024-01-07 12:22:36,810 - tv_loss: 0.1
2024-01-07 12:22:36,810 - av_loss: 0.1
2024-01-07 12:22:36,810 - aligned_method: conv1d
2024-01-07 12:22:36,810 - grad_clip: -1
2024-01-07 12:22:36,810 - num_train_epochs: 100
2024-01-07 12:22:36,810 - warmup_proportion: 0.1
2024-01-07 12:22:36,810 - lr: 1e-06
2024-01-07 12:22:36,810 - weight_decay: 0.01
2024-01-07 12:22:36,810 - pred_output_path: /home/sharing/disk2/sjh/Outputs/MIntRec/msz_MIntRec_multi-class_seed-1_2024-01-07-12-22-36
2024-01-07 12:22:36,810 - model_output_path: /home/sharing/disk2/sjh/Outputs/MIntRec/msz_MIntRec_multi-class_seed-1_2024-01-07-12-22-36/models
2024-01-07 12:22:36,810 - ============================== End Params ==============================
2024-01-07 12:22:36,813 - Generate Text Features Begin...
2024-01-07 12:22:37,319 - Generate Text Features Finished...
2024-01-07 12:22:37,320 - Load Video Features Begin...
2024-01-07 12:22:37,650 - Load Video Features Finished...
2024-01-07 12:22:38,329 - Load Audio Features Begin...
2024-01-07 12:22:39,531 - Load Audio Features Finished...
2024-01-07 12:22:43,411 - method  begins...
2024-01-07 12:22:47,624 - Multimodal intent recognition begins...
2024-01-07 12:22:47,624 - Training begins...
2024-01-07 12:23:09,132 - ***** Epoch: 1: Eval results *****
2024-01-07 12:23:09,133 -   train_loss = 2.9693
2024-01-07 12:23:09,133 -   best_eval_score = 0.0
2024-01-07 12:23:09,133 -   eval_score = 0.0114
2024-01-07 12:23:26,961 - ***** Epoch: 2: Eval results *****
2024-01-07 12:23:26,961 -   train_loss = 2.9213
2024-01-07 12:23:26,961 -   best_eval_score = 0.0114
2024-01-07 12:23:26,961 -   eval_score = 0.0131
2024-01-07 12:23:45,564 - ***** Epoch: 3: Eval results *****
2024-01-07 12:23:45,565 -   train_loss = 2.848
2024-01-07 12:23:45,565 -   best_eval_score = 0.0131
2024-01-07 12:23:45,565 -   eval_score = 0.0335
2024-01-07 12:24:04,233 - ***** Epoch: 4: Eval results *****
2024-01-07 12:24:04,234 -   train_loss = 2.7466
2024-01-07 12:24:04,234 -   best_eval_score = 0.0335
2024-01-07 12:24:04,234 -   eval_score = 0.0362
2024-01-07 12:24:22,917 - ***** Epoch: 5: Eval results *****
2024-01-07 12:24:22,918 -   train_loss = 2.5911
2024-01-07 12:24:22,918 -   best_eval_score = 0.0362
2024-01-07 12:24:22,918 -   eval_score = 0.1575
2024-01-07 12:24:41,701 - ***** Epoch: 6: Eval results *****
2024-01-07 12:24:41,701 -   train_loss = 2.3557
2024-01-07 12:24:41,701 -   best_eval_score = 0.1575
2024-01-07 12:24:41,701 -   eval_score = 0.216
2024-01-07 12:24:59,869 - ***** Epoch: 7: Eval results *****
2024-01-07 12:24:59,870 -   train_loss = 2.0117
2024-01-07 12:24:59,870 -   best_eval_score = 0.216
2024-01-07 12:24:59,870 -   eval_score = 0.3097
2024-01-07 12:25:19,127 - ***** Epoch: 8: Eval results *****
2024-01-07 12:25:19,127 -   train_loss = 1.6407
2024-01-07 12:25:19,127 -   best_eval_score = 0.3097
2024-01-07 12:25:19,127 -   eval_score = 0.4249
2024-01-07 12:25:36,997 - ***** Epoch: 9: Eval results *****
2024-01-07 12:25:36,998 -   train_loss = 1.3001
2024-01-07 12:25:36,998 -   best_eval_score = 0.4249
2024-01-07 12:25:36,998 -   eval_score = 0.4916
2024-01-07 12:25:55,062 - ***** Epoch: 10: Eval results *****
2024-01-07 12:25:55,062 -   train_loss = 1.0259
2024-01-07 12:25:55,062 -   best_eval_score = 0.4916
2024-01-07 12:25:55,062 -   eval_score = 0.5264
2024-01-07 12:26:14,481 - ***** Epoch: 11: Eval results *****
2024-01-07 12:26:14,482 -   train_loss = 0.7946
2024-01-07 12:26:14,482 -   best_eval_score = 0.5264
2024-01-07 12:26:14,482 -   eval_score = 0.5394
2024-01-07 12:26:32,291 - ***** Epoch: 12: Eval results *****
2024-01-07 12:26:32,292 -   train_loss = 0.6
2024-01-07 12:26:32,292 -   best_eval_score = 0.5394
2024-01-07 12:26:32,292 -   eval_score = 0.5988
2024-01-07 12:26:50,615 - ***** Epoch: 13: Eval results *****
2024-01-07 12:26:50,615 -   train_loss = 0.4601
2024-01-07 12:26:50,615 -   best_eval_score = 0.5988
2024-01-07 12:26:50,615 -   eval_score = 0.5964
2024-01-07 12:26:50,616 - EarlyStopping counter: 1 out of 8
2024-01-07 12:27:08,864 - ***** Epoch: 14: Eval results *****
2024-01-07 12:27:08,864 -   train_loss = 0.3001
2024-01-07 12:27:08,864 -   best_eval_score = 0.5988
2024-01-07 12:27:08,864 -   eval_score = 0.6143
2024-01-07 12:27:27,406 - ***** Epoch: 15: Eval results *****
2024-01-07 12:27:27,406 -   train_loss = 0.219
2024-01-07 12:27:27,406 -   best_eval_score = 0.6143
2024-01-07 12:27:27,406 -   eval_score = 0.6057
2024-01-07 12:27:27,406 - EarlyStopping counter: 1 out of 8
2024-01-07 12:27:45,909 - ***** Epoch: 16: Eval results *****
2024-01-07 12:27:45,909 -   train_loss = 0.132
2024-01-07 12:27:45,910 -   best_eval_score = 0.6143
2024-01-07 12:27:45,910 -   eval_score = 0.6207
2024-01-07 12:28:05,096 - ***** Epoch: 17: Eval results *****
2024-01-07 12:28:05,096 -   train_loss = 0.1149
2024-01-07 12:28:05,097 -   best_eval_score = 0.6207
2024-01-07 12:28:05,097 -   eval_score = 0.6075
2024-01-07 12:28:05,097 - EarlyStopping counter: 1 out of 8
2024-01-07 12:28:23,922 - ***** Epoch: 18: Eval results *****
2024-01-07 12:28:23,923 -   train_loss = 0.0778
2024-01-07 12:28:23,923 -   best_eval_score = 0.6207
2024-01-07 12:28:23,923 -   eval_score = 0.6169
2024-01-07 12:28:23,923 - EarlyStopping counter: 2 out of 8
2024-01-07 12:28:42,339 - ***** Epoch: 19: Eval results *****
2024-01-07 12:28:42,339 -   train_loss = 0.0495
2024-01-07 12:28:42,339 -   best_eval_score = 0.6207
2024-01-07 12:28:42,339 -   eval_score = 0.62
2024-01-07 12:28:42,339 - EarlyStopping counter: 3 out of 8
2024-01-07 12:29:01,329 - ***** Epoch: 20: Eval results *****
2024-01-07 12:29:01,330 -   train_loss = 0.0512
2024-01-07 12:29:01,330 -   best_eval_score = 0.6207
2024-01-07 12:29:01,330 -   eval_score = 0.645
2024-01-07 12:29:19,927 - ***** Epoch: 21: Eval results *****
2024-01-07 12:29:19,927 -   train_loss = 0.0291
2024-01-07 12:29:19,927 -   best_eval_score = 0.645
2024-01-07 12:29:19,927 -   eval_score = 0.6501
2024-01-07 12:29:38,407 - ***** Epoch: 22: Eval results *****
2024-01-07 12:29:38,407 -   train_loss = 0.0209
2024-01-07 12:29:38,407 -   best_eval_score = 0.6501
2024-01-07 12:29:38,407 -   eval_score = 0.6531
2024-01-07 12:29:57,524 - ***** Epoch: 23: Eval results *****
2024-01-07 12:29:57,524 -   train_loss = 0.0176
2024-01-07 12:29:57,524 -   best_eval_score = 0.6531
2024-01-07 12:29:57,525 -   eval_score = 0.6509
2024-01-07 12:29:57,525 - EarlyStopping counter: 1 out of 8
2024-01-07 12:30:15,763 - ***** Epoch: 24: Eval results *****
2024-01-07 12:30:15,763 -   train_loss = 0.0123
2024-01-07 12:30:15,763 -   best_eval_score = 0.6531
2024-01-07 12:30:15,763 -   eval_score = 0.6341
2024-01-07 12:30:15,763 - EarlyStopping counter: 2 out of 8
2024-01-07 12:30:34,952 - ***** Epoch: 25: Eval results *****
2024-01-07 12:30:34,953 -   train_loss = 0.0171
2024-01-07 12:30:34,953 -   best_eval_score = 0.6531
2024-01-07 12:30:34,953 -   eval_score = 0.6285
2024-01-07 12:30:34,954 - EarlyStopping counter: 3 out of 8
2024-01-07 12:30:54,285 - ***** Epoch: 26: Eval results *****
2024-01-07 12:30:54,285 -   train_loss = 0.0109
2024-01-07 12:30:54,285 -   best_eval_score = 0.6531
2024-01-07 12:30:54,285 -   eval_score = 0.6304
2024-01-07 12:30:54,285 - EarlyStopping counter: 4 out of 8
2024-01-07 12:31:12,992 - ***** Epoch: 27: Eval results *****
2024-01-07 12:31:12,992 -   train_loss = 0.0099
2024-01-07 12:31:12,992 -   best_eval_score = 0.6531
2024-01-07 12:31:12,992 -   eval_score = 0.6395
2024-01-07 12:31:12,992 - EarlyStopping counter: 5 out of 8
2024-01-07 12:31:31,562 - ***** Epoch: 28: Eval results *****
2024-01-07 12:31:31,562 -   train_loss = 0.0078
2024-01-07 12:31:31,562 -   best_eval_score = 0.6531
2024-01-07 12:31:31,562 -   eval_score = 0.6465
2024-01-07 12:31:31,562 - EarlyStopping counter: 6 out of 8
2024-01-07 12:31:50,890 - ***** Epoch: 29: Eval results *****
2024-01-07 12:31:50,890 -   train_loss = 0.0058
2024-01-07 12:31:50,890 -   best_eval_score = 0.6531
2024-01-07 12:31:50,890 -   eval_score = 0.6358
2024-01-07 12:31:50,890 - EarlyStopping counter: 7 out of 8
2024-01-07 12:32:09,580 - ***** Epoch: 30: Eval results *****
2024-01-07 12:32:09,580 -   train_loss = 0.0169
2024-01-07 12:32:09,580 -   best_eval_score = 0.6531
2024-01-07 12:32:09,580 -   eval_score = 0.6324
2024-01-07 12:32:09,581 - EarlyStopping counter: 8 out of 8
2024-01-07 12:32:09,581 - EarlyStopping at epoch 30
2024-01-07 12:32:09,582 - Training is finished...
2024-01-07 12:32:09,583 - Testing begins...
2024-01-07 12:32:13,242 - ***** Test: Confusion Matrix *****
2024-01-07 12:32:13,243 - [[30  0  0  0 12  0  5  2  0  4  1  0  2  0  0  0  0  1  0  0]
 [ 0 38  0  0  0  0  2  0  0  1  0  0  1  1  0  0  0  0  0  0]
 [ 1  0 25  0  0  0  0  0  0  0  1  0  0  0  0  0  0  0  0  0]
 [ 0  0  0 25  0  0  0  0  0  0  0  0  0  0  0  0  0  0  0  0]
 [ 2  0  0  0 14  0  5  0  0  0  0  1  0  0  1  0  0  0  0  0]
 [ 0  0  0  0  0 10  0  0  0  1  0  0  0  0  0  0  0  1  0  0]
 [ 2  0  0  0  1  0  5  0  2  0  0  0  1  0  0  0  0  0  0  1]
 [ 2  0  0  0  0  0  0  5  1  0  2  0  0  0  0  0  0  0  0  0]
 [ 0  0  0  0  0  0  2  4  3  0  0  0  0  1  0  0  0  0  0  0]
 [ 1  0  0  0  1  0  0  0  0  6  1  0  0  0  0  0  0  1  0  0]
 [ 0  0  0  0  0  0  1  0  0  0 17  0  0  0  0  0  0  0  0  0]
 [ 0  0  0  0  0  0  1  0  1  0  0 16  0  0  0  0  0  0  0  1]
 [ 8  0  0  0  1  0  3  3  4  1  1  1 30  3  0  0  0  0  1  1]
 [ 1  0  0  0  1  0  3  0  0  0  1  1  2 15  0  0  0  0  0  1]
 [ 0  0  0  0  1  0  1  0  0  0  0  0  0  2 14  0  2  0  0  2]
 [ 0  0  0  0  1  0  0  1  3  0  0  0  5  0  1  9  0  1  0  0]
 [ 2  0  0  0  0  0  0  2  0  0  0  0  1  0  0  0 11  0  0  1]
 [ 1  0  0  0  0  0  0  0  0  2  0  0  1  0  0  0  0 11  0  0]
 [ 0  0  0  0  0  0  0  0  0  0  0  0  2  0  0  1  0  0  9  0]
 [ 0  0  0  0  0  0  0  0  0  0  0  1  0  1  1  0  0  0  0  7]]
2024-01-07 12:32:13,243 - ***** Evaluation results *****
2024-01-07 12:32:13,243 -   acc = 0.6742
2024-01-07 12:32:13,243 -   f1 = 0.662
2024-01-07 12:32:13,243 -   prec = 0.6827
2024-01-07 12:32:13,243 -   rec = 0.6701
2024-01-07 12:32:13,243 - Testing is finished...
2024-01-07 12:32:13,243 - Multimodal intent recognition is finished...
2024-01-07 12:32:13,243 - Results are saved in results/msz.csv
