2024-01-11 06:04:09,358 - ============================== Params ==============================
2024-01-11 06:04:09,358 - logger_name: msz_MIntRec_multi-class_seed-4_2024-01-11-06-04-09
2024-01-11 06:04:09,358 - dataset: MIntRec
2024-01-11 06:04:09,358 - data_mode: multi-class
2024-01-11 06:04:09,358 - method: msz
2024-01-11 06:04:09,358 - text_backbone: bert-base-uncased
2024-01-11 06:04:09,358 - text_backbone_path: /home/sharing/disk1/pretrained_embedding/bert/uncased_L-12_H-768_A-12/
2024-01-11 06:04:09,358 - seed: 4
2024-01-11 06:04:09,358 - num_workers: 8
2024-01-11 06:04:09,358 - gpu_id: 1
2024-01-11 06:04:09,358 - data_path: /home/sharing/disk2/sjh/intentDataset
2024-01-11 06:04:09,358 - train: True
2024-01-11 06:04:09,358 - tune: False
2024-01-11 06:04:09,358 - save_model: False
2024-01-11 06:04:09,358 - save_results: True
2024-01-11 06:04:09,358 - log_path: logs
2024-01-11 06:04:09,358 - cache_path: 
2024-01-11 06:04:09,358 - video_data_path: video_data
2024-01-11 06:04:09,358 - audio_data_path: audio_data
2024-01-11 06:04:09,358 - video_feats_path: video_feats.pkl
2024-01-11 06:04:09,358 - audio_feats_path: audio_feats.pkl
2024-01-11 06:04:09,358 - results_path: results
2024-01-11 06:04:09,358 - output_path: /home/sharing/disk2/sjh/Outputs/MIntRec
2024-01-11 06:04:09,358 - model_path: models
2024-01-11 06:04:09,358 - config_file_name: msz
2024-01-11 06:04:09,358 - results_file_name: msz.csv
2024-01-11 06:04:09,359 - padding_mode: zero
2024-01-11 06:04:09,359 - padding_loc: end
2024-01-11 06:04:09,359 - need_aligned: False
2024-01-11 06:04:09,359 - eval_monitor: f1
2024-01-11 06:04:09,359 - train_batch_size: 16
2024-01-11 06:04:09,359 - eval_batch_size: 8
2024-01-11 06:04:09,359 - test_batch_size: 8
2024-01-11 06:04:09,359 - wait_patience: 8
2024-01-11 06:04:09,359 - nheads: 12
2024-01-11 06:04:09,359 - encoder_layers: 4
2024-01-11 06:04:09,359 - attn_dropout: 0.1
2024-01-11 06:04:09,359 - relu_dropout: 0.3
2024-01-11 06:04:09,359 - embed_dropout: 0.2
2024-01-11 06:04:09,359 - res_dropout: 0.1
2024-01-11 06:04:09,359 - attn_mask: False
2024-01-11 06:04:09,359 - hidden_size: 768
2024-01-11 06:04:09,359 - num_attention_heads: 12
2024-01-11 06:04:09,359 - attention_probs_dropout_prob: 0.2
2024-01-11 06:04:09,359 - hidden_dropout_prob: 0.2
2024-01-11 06:04:09,359 - intermediate_size: 768
2024-01-11 06:04:09,359 - num_hidden_layers: 6
2024-01-11 06:04:09,359 - max_position_embeddings: 768
2024-01-11 06:04:09,359 - position_embedding_type: absolute
2024-01-11 06:04:09,359 - batch_first: True
2024-01-11 06:04:09,359 - hidden_dims: 768
2024-01-11 06:04:09,359 - att_dropouts: [0.2, 0.2, 0.2]
2024-01-11 06:04:09,359 - spe_dropouts: [0.2, 0.1, 0.1]
2024-01-11 06:04:09,359 - aligned_method: conv1d
2024-01-11 06:04:09,359 - grad_clip: 2
2024-01-11 06:04:09,359 - num_train_epochs: 100
2024-01-11 06:04:09,359 - warmup_proportion: 0.1
2024-01-11 06:04:09,359 - lr: 3e-06
2024-01-11 06:04:09,359 - weight_decay: 0.01
2024-01-11 06:04:09,359 - pred_output_path: /home/sharing/disk2/sjh/Outputs/MIntRec/msz_MIntRec_multi-class_seed-4_2024-01-11-06-04-09
2024-01-11 06:04:09,360 - model_output_path: /home/sharing/disk2/sjh/Outputs/MIntRec/msz_MIntRec_multi-class_seed-4_2024-01-11-06-04-09/models
2024-01-11 06:04:09,360 - ============================== End Params ==============================
2024-01-11 06:04:09,362 - Generate Text Features Begin...
2024-01-11 06:04:09,869 - Generate Text Features Finished...
2024-01-11 06:04:09,869 - Load Video Features Begin...
2024-01-11 06:04:10,218 - Load Video Features Finished...
2024-01-11 06:04:10,907 - Load Audio Features Begin...
2024-01-11 06:04:12,046 - Load Audio Features Finished...
2024-01-11 06:04:16,021 - method  begins...
2024-01-11 06:04:21,194 - Multimodal intent recognition begins...
2024-01-11 06:04:21,194 - Training begins...
2024-01-11 06:05:00,976 - ***** Epoch: 1: Eval results *****
2024-01-11 06:05:00,977 -   train_loss = 2.9366
2024-01-11 06:05:00,977 -   best_eval_score = 0.0
2024-01-11 06:05:00,977 -   eval_score = 0.0196
2024-01-11 06:05:38,905 - ***** Epoch: 2: Eval results *****
2024-01-11 06:05:38,905 -   train_loss = 2.8075
2024-01-11 06:05:38,905 -   best_eval_score = 0.0196
2024-01-11 06:05:38,905 -   eval_score = 0.0183
2024-01-11 06:05:38,905 - EarlyStopping counter: 1 out of 8
2024-01-11 06:06:17,396 - ***** Epoch: 3: Eval results *****
2024-01-11 06:06:17,396 -   train_loss = 2.5697
2024-01-11 06:06:17,396 -   best_eval_score = 0.0196
2024-01-11 06:06:17,397 -   eval_score = 0.1622
2024-01-11 06:06:55,949 - ***** Epoch: 4: Eval results *****
2024-01-11 06:06:55,949 -   train_loss = 2.1383
2024-01-11 06:06:55,949 -   best_eval_score = 0.1622
2024-01-11 06:06:55,949 -   eval_score = 0.2964
2024-01-11 06:07:34,652 - ***** Epoch: 5: Eval results *****
2024-01-11 06:07:34,652 -   train_loss = 1.6385
2024-01-11 06:07:34,653 -   best_eval_score = 0.2964
2024-01-11 06:07:34,653 -   eval_score = 0.5088
