2024-03-31 21:44:00,188 - ============================== Params ==============================
2024-03-31 21:44:00,188 - logger_name: msz_MIntRec_multi-class_seed-1_2024-03-31-21-44-00
2024-03-31 21:44:00,188 - dataset: MIntRec
2024-03-31 21:44:00,189 - data_mode: multi-class
2024-03-31 21:44:00,189 - method: msz
2024-03-31 21:44:00,189 - text_backbone: bert-base-uncased
2024-03-31 21:44:00,189 - text_backbone_path: /home/sharing/disk1/pretrained_embedding/bert/uncased_L-12_H-768_A-12/
2024-03-31 21:44:00,189 - seed: 1
2024-03-31 21:44:00,189 - num_workers: 8
2024-03-31 21:44:00,189 - gpu_id: 3
2024-03-31 21:44:00,189 - data_path: /home/sharing/disk2/sjh/intentDataset
2024-03-31 21:44:00,189 - train: True
2024-03-31 21:44:00,189 - tune: True
2024-03-31 21:44:00,189 - save_model: False
2024-03-31 21:44:00,189 - save_results: True
2024-03-31 21:44:00,189 - log_path: logs
2024-03-31 21:44:00,189 - cache_path: 
2024-03-31 21:44:00,189 - video_data_path: video_data
2024-03-31 21:44:00,189 - audio_data_path: audio_data
2024-03-31 21:44:00,189 - video_feats_path: video_feats.pkl
2024-03-31 21:44:00,189 - audio_feats_path: audio_feats.pkl
2024-03-31 21:44:00,190 - results_path: results
2024-03-31 21:44:00,190 - output_path: /home/sharing/disk2/sjh/Outputs/MIntRec
2024-03-31 21:44:00,190 - model_path: models
2024-03-31 21:44:00,190 - config_file_name: msz_MIntRec
2024-03-31 21:44:00,190 - results_file_name: msz.csv
2024-03-31 21:44:00,190 - padding_mode: zero
2024-03-31 21:44:00,190 - padding_loc: end
2024-03-31 21:44:00,190 - need_aligned: False
2024-03-31 21:44:00,190 - eval_monitor: f1
2024-03-31 21:44:00,190 - train_batch_size: 16
2024-03-31 21:44:00,190 - eval_batch_size: 8
2024-03-31 21:44:00,190 - test_batch_size: 8
2024-03-31 21:44:00,190 - wait_patience: 8
2024-03-31 21:44:00,190 - hidden_dims: 768
2024-03-31 21:44:00,190 - num_attention_heads: 12
2024-03-31 21:44:00,190 - attention_probs_dropout_prob: 0.3
2024-03-31 21:44:00,190 - hidden_dropout_prob: 0.2
2024-03-31 21:44:00,190 - intermediate_size: 768
2024-03-31 21:44:00,191 - num_hidden_layers: 10
2024-03-31 21:44:00,191 - max_position_embeddings: 768
2024-03-31 21:44:00,191 - position_embedding_type: absolute
2024-03-31 21:44:00,191 - batch_first: True
2024-03-31 21:44:00,191 - dropout: 0.2
2024-03-31 21:44:00,191 - aligned_method: conv1d
2024-03-31 21:44:00,191 - num_train_epochs: 100
2024-03-31 21:44:00,191 - lr: 6e-05
2024-03-31 21:44:00,191 - lr_mode: max
2024-03-31 21:44:00,191 - patience: 8
2024-03-31 21:44:00,191 - factor: 0.1
2024-03-31 21:44:00,191 - pred_output_path: /home/sharing/disk2/sjh/Outputs/MIntRec/msz_MIntRec_multi-class_seed-1_2024-03-31-21-44-00
2024-03-31 21:44:00,191 - model_output_path: /home/sharing/disk2/sjh/Outputs/MIntRec/msz_MIntRec_multi-class_seed-1_2024-03-31-21-44-00/models
2024-03-31 21:44:00,191 - num_labels: 20
2024-03-31 21:44:00,191 - text_feat_dim: 768
2024-03-31 21:44:00,191 - video_feat_dim: 256
2024-03-31 21:44:00,191 - audio_feat_dim: 768
2024-03-31 21:44:00,192 - text_seq_len: 30
2024-03-31 21:44:00,192 - video_seq_len: 230
2024-03-31 21:44:00,192 - audio_seq_len: 480
2024-03-31 21:44:00,192 - device: cuda:3
2024-03-31 21:44:00,192 - ============================== End Params ==============================
2024-03-31 21:44:00,423 - Generate Text Features Begin...
2024-03-31 21:44:01,285 - Generate Text Features Finished...
2024-03-31 21:44:01,308 - Load Video Features Begin...
2024-03-31 21:44:12,557 - Load Video Features Finished...
2024-03-31 21:44:13,107 - Load Audio Features Begin...
2024-03-31 21:44:51,335 - Load Audio Features Finished...
2024-03-31 21:44:53,904 - method  begins...
2024-03-31 21:44:59,962 - Multimodal intent recognition begins...
2024-03-31 21:44:59,962 - Training begins...
2024-03-31 21:45:24,450 - ***** Epoch: 1: Eval results *****
2024-03-31 21:45:24,450 -   train_loss = 2.365
2024-03-31 21:45:24,450 -   best_eval_score = 0.0
2024-03-31 21:45:24,450 -   eval_score = 0.3657
2024-03-31 21:45:48,640 - ***** Epoch: 2: Eval results *****
2024-03-31 21:45:48,640 -   train_loss = 1.3037
2024-03-31 21:45:48,640 -   best_eval_score = 0.3657
2024-03-31 21:45:48,640 -   eval_score = 0.5183
2024-03-31 21:46:12,457 - ***** Epoch: 3: Eval results *****
2024-03-31 21:46:12,457 -   train_loss = 0.7295
2024-03-31 21:46:12,457 -   best_eval_score = 0.5183
2024-03-31 21:46:12,457 -   eval_score = 0.6255
2024-03-31 21:46:37,498 - ***** Epoch: 4: Eval results *****
2024-03-31 21:46:37,498 -   train_loss = 0.56
2024-03-31 21:46:37,499 -   best_eval_score = 0.6255
2024-03-31 21:46:37,499 -   eval_score = 0.5876
2024-03-31 21:46:37,499 - EarlyStopping counter: 1 out of 8
2024-03-31 21:47:02,400 - ***** Epoch: 5: Eval results *****
2024-03-31 21:47:02,400 -   train_loss = 0.3926
2024-03-31 21:47:02,400 -   best_eval_score = 0.6255
2024-03-31 21:47:02,400 -   eval_score = 0.6683
2024-03-31 21:47:27,944 - ***** Epoch: 6: Eval results *****
2024-03-31 21:47:27,944 -   train_loss = 0.3808
2024-03-31 21:47:27,944 -   best_eval_score = 0.6683
2024-03-31 21:47:27,944 -   eval_score = 0.6428
2024-03-31 21:47:27,944 - EarlyStopping counter: 1 out of 8
2024-03-31 21:47:52,324 - ***** Epoch: 7: Eval results *****
2024-03-31 21:47:52,324 -   train_loss = 0.2424
2024-03-31 21:47:52,324 -   best_eval_score = 0.6683
2024-03-31 21:47:52,324 -   eval_score = 0.5745
2024-03-31 21:47:52,324 - EarlyStopping counter: 2 out of 8
2024-03-31 21:48:16,989 - ***** Epoch: 8: Eval results *****
2024-03-31 21:48:16,989 -   train_loss = 0.2462
2024-03-31 21:48:16,989 -   best_eval_score = 0.6683
2024-03-31 21:48:16,989 -   eval_score = 0.6396
2024-03-31 21:48:16,989 - EarlyStopping counter: 3 out of 8
2024-03-31 21:48:41,614 - ***** Epoch: 9: Eval results *****
2024-03-31 21:48:41,614 -   train_loss = 0.347
2024-03-31 21:48:41,614 -   best_eval_score = 0.6683
2024-03-31 21:48:41,614 -   eval_score = 0.6253
2024-03-31 21:48:41,614 - EarlyStopping counter: 4 out of 8
2024-03-31 21:49:06,083 - ***** Epoch: 10: Eval results *****
2024-03-31 21:49:06,083 -   train_loss = 0.3619
2024-03-31 21:49:06,083 -   best_eval_score = 0.6683
2024-03-31 21:49:06,083 -   eval_score = 0.5961
2024-03-31 21:49:06,083 - EarlyStopping counter: 5 out of 8
2024-03-31 21:49:32,429 - ***** Epoch: 11: Eval results *****
2024-03-31 21:49:32,430 -   train_loss = 0.1095
2024-03-31 21:49:32,430 -   best_eval_score = 0.6683
2024-03-31 21:49:32,430 -   eval_score = 0.6501
2024-03-31 21:49:32,430 - EarlyStopping counter: 6 out of 8
2024-03-31 21:49:57,224 - ***** Epoch: 12: Eval results *****
2024-03-31 21:49:57,232 -   train_loss = 0.0445
2024-03-31 21:49:57,233 -   best_eval_score = 0.6683
2024-03-31 21:49:57,233 -   eval_score = 0.6477
2024-03-31 21:49:57,233 - EarlyStopping counter: 7 out of 8
2024-03-31 21:50:22,394 - ***** Epoch: 13: Eval results *****
2024-03-31 21:50:22,395 -   train_loss = 0.0196
2024-03-31 21:50:22,395 -   best_eval_score = 0.6683
2024-03-31 21:50:22,395 -   eval_score = 0.6509
2024-03-31 21:50:22,395 - EarlyStopping counter: 8 out of 8
2024-03-31 21:50:22,395 - EarlyStopping at epoch 13
2024-03-31 21:50:22,399 - Training is finished...
2024-03-31 21:50:22,399 - Testing begins...
2024-03-31 21:50:26,540 - ***** Test: Confusion Matrix *****
2024-03-31 21:50:26,542 - [[29  0  0  0 11  0  1  2  4  3  0  1  3  1  0  1  0  0  0  1]
 [ 0 37  0  0  0  1  2  1  0  0  0  0  1  1  0  0  0  0  0  0]
 [ 1  0 25  0  0  0  0  0  0  0  0  1  0  0  0  0  0  0  0  0]
 [ 0  1  0 23  0  0  0  0  0  0  0  0  0  0  0  0  0  0  0  1]
 [ 1  0  0  0 10  0  4  0  1  0  1  1  2  2  0  0  0  1  0  0]
 [ 0  0  0  0  0 11  0  0  0  0  0  0  0  0  0  0  0  1  0  0]
 [ 0  0  0  0  1  0  3  0  3  1  0  1  1  0  0  2  0  0  0  0]
 [ 3  0  0  0  0  0  0  4  1  1  0  0  0  0  0  1  0  0  0  0]
 [ 0  0  0  0  0  0  1  4  1  0  0  0  0  3  0  1  0  0  0  0]
 [ 2  0  0  0  0  0  0  1  0  2  0  0  0  0  0  3  0  2  0  0]
 [ 2  0  0  0  1  1  1  0  0  2 10  0  0  0  0  0  0  1  0  0]
 [ 0  0  0  0  0  0  0  0  0  0  0 19  0  0  0  0  0  0  0  0]
 [ 3  2  0  0  0  0  0  2  1  0  0  0 32  9  1  4  0  1  1  1]
 [ 1  0  0  0  1  0  0  0  0  0  1  1  0 21  0  0  0  0  0  0]
 [ 0  0  0  0  0  0  0  0  0  0  0  0  0  3 16  0  2  0  0  1]
 [ 0  0  0  0  1  0  0  1  0  0  0  0  2  0  0 16  0  1  0  0]
 [ 0  0  0  0  0  0  0  0  0  0  0  0  2  0  1  0 11  0  0  3]
 [ 0  0  0  0  0  0  0  0  0  1  0  0  1  0  0  0  0 13  0  0]
 [ 0  0  0  0  0  0  0  0  0  0  0  0  2  0  0  1  0  0  9  0]
 [ 0  0  0  0  0  0  0  0  0  0  0  3  0  0  2  0  0  0  0  5]]
2024-03-31 21:50:26,542 - ***** Evaluation results *****
2024-03-31 21:50:26,542 -   acc = 0.6674
2024-03-31 21:50:26,542 -   f1 = 0.6235
2024-03-31 21:50:26,542 -   prec = 0.6296
2024-03-31 21:50:26,542 -   rec = 0.6363
2024-03-31 21:50:26,542 - Testing is finished...
2024-03-31 21:50:26,542 - Multimodal intent recognition is finished...
2024-03-31 21:50:26,542 - Results are saved in results/msz.csv
