2024-03-29 16:12:54,414 - ============================== Params ==============================
2024-03-29 16:12:54,414 - logger_name: msz_MIntRec_multi-class_seed-2_2024-03-29-16-12-54
2024-03-29 16:12:54,414 - dataset: MIntRec
2024-03-29 16:12:54,415 - data_mode: multi-class
2024-03-29 16:12:54,415 - method: msz
2024-03-29 16:12:54,415 - text_backbone: bert-base-uncased
2024-03-29 16:12:54,415 - text_backbone_path: /home/sharing/disk1/pretrained_embedding/bert/uncased_L-12_H-768_A-12/
2024-03-29 16:12:54,415 - seed: 2
2024-03-29 16:12:54,415 - num_workers: 8
2024-03-29 16:12:54,415 - gpu_id: 3
2024-03-29 16:12:54,415 - data_path: /home/sharing/disk2/sjh/intentDataset
2024-03-29 16:12:54,415 - train: True
2024-03-29 16:12:54,415 - tune: True
2024-03-29 16:12:54,415 - save_model: False
2024-03-29 16:12:54,415 - save_results: True
2024-03-29 16:12:54,415 - log_path: logs
2024-03-29 16:12:54,415 - cache_path: 
2024-03-29 16:12:54,415 - video_data_path: video_data
2024-03-29 16:12:54,415 - audio_data_path: audio_data
2024-03-29 16:12:54,415 - video_feats_path: video_feats.pkl
2024-03-29 16:12:54,415 - audio_feats_path: audio_feats.pkl
2024-03-29 16:12:54,415 - results_path: results
2024-03-29 16:12:54,415 - output_path: /home/sharing/disk2/sjh/Outputs/MIntRec
2024-03-29 16:12:54,415 - model_path: models
2024-03-29 16:12:54,415 - config_file_name: msz_MIntRec
2024-03-29 16:12:54,415 - results_file_name: msz.csv
2024-03-29 16:12:54,415 - padding_mode: zero
2024-03-29 16:12:54,415 - padding_loc: end
2024-03-29 16:12:54,415 - need_aligned: False
2024-03-29 16:12:54,415 - eval_monitor: f1
2024-03-29 16:12:54,415 - train_batch_size: 16
2024-03-29 16:12:54,415 - eval_batch_size: 8
2024-03-29 16:12:54,415 - test_batch_size: 8
2024-03-29 16:12:54,415 - wait_patience: 8
2024-03-29 16:12:54,415 - hidden_dims: 768
2024-03-29 16:12:54,415 - num_attention_heads: 8
2024-03-29 16:12:54,415 - attention_probs_dropout_prob: 0.2
2024-03-29 16:12:54,416 - hidden_dropout_prob: 0.4
2024-03-29 16:12:54,416 - intermediate_size: 768
2024-03-29 16:12:54,416 - num_hidden_layers: 8
2024-03-29 16:12:54,416 - max_position_embeddings: 768
2024-03-29 16:12:54,416 - position_embedding_type: absolute
2024-03-29 16:12:54,416 - batch_first: True
2024-03-29 16:12:54,416 - dropout: 0.3
2024-03-29 16:12:54,416 - aligned_method: conv1d
2024-03-29 16:12:54,416 - num_train_epochs: 100
2024-03-29 16:12:54,416 - lr: 6e-06
2024-03-29 16:12:54,416 - lr_mode: max
2024-03-29 16:12:54,416 - patience: 5
2024-03-29 16:12:54,416 - factor: 0.5
2024-03-29 16:12:54,416 - pred_output_path: /home/sharing/disk2/sjh/Outputs/MIntRec/msz_MIntRec_multi-class_seed-2_2024-03-29-16-12-54
2024-03-29 16:12:54,416 - model_output_path: /home/sharing/disk2/sjh/Outputs/MIntRec/msz_MIntRec_multi-class_seed-2_2024-03-29-16-12-54/models
2024-03-29 16:12:54,416 - num_labels: 20
2024-03-29 16:12:54,416 - text_feat_dim: 768
2024-03-29 16:12:54,416 - video_feat_dim: 256
2024-03-29 16:12:54,416 - audio_feat_dim: 768
2024-03-29 16:12:54,416 - text_seq_len: 30
2024-03-29 16:12:54,416 - video_seq_len: 230
2024-03-29 16:12:54,416 - audio_seq_len: 480
2024-03-29 16:12:54,416 - device: cuda:3
2024-03-29 16:12:54,416 - ============================== End Params ==============================
2024-03-29 16:12:54,584 - Generate Text Features Begin...
2024-03-29 16:12:55,145 - Generate Text Features Finished...
2024-03-29 16:12:55,145 - Load Video Features Begin...
2024-03-29 16:13:14,375 - Load Video Features Finished...
2024-03-29 16:13:14,941 - Load Audio Features Begin...
2024-03-29 16:14:22,664 - Load Audio Features Finished...
2024-03-29 16:14:25,772 - method  begins...
2024-03-29 16:14:33,947 - Multimodal intent recognition begins...
2024-03-29 16:14:33,947 - Training begins...
2024-03-29 16:14:54,815 - ***** Epoch: 1: Eval results *****
2024-03-29 16:14:54,815 -   train_loss = 2.7051
2024-03-29 16:14:54,815 -   best_eval_score = 0.0
2024-03-29 16:14:54,815 -   eval_score = 0.1569
2024-03-29 16:15:15,708 - ***** Epoch: 2: Eval results *****
2024-03-29 16:15:15,708 -   train_loss = 1.9079
2024-03-29 16:15:15,708 -   best_eval_score = 0.1569
2024-03-29 16:15:15,708 -   eval_score = 0.4572
2024-03-29 16:15:36,416 - ***** Epoch: 3: Eval results *****
2024-03-29 16:15:36,417 -   train_loss = 1.2035
2024-03-29 16:15:36,417 -   best_eval_score = 0.4572
2024-03-29 16:15:36,417 -   eval_score = 0.5589
2024-03-29 16:15:56,915 - ***** Epoch: 4: Eval results *****
2024-03-29 16:15:56,916 -   train_loss = 0.7272
2024-03-29 16:15:56,916 -   best_eval_score = 0.5589
2024-03-29 16:15:56,916 -   eval_score = 0.6167
2024-03-29 16:16:17,483 - ***** Epoch: 5: Eval results *****
2024-03-29 16:16:17,484 -   train_loss = 0.4453
2024-03-29 16:16:17,484 -   best_eval_score = 0.6167
2024-03-29 16:16:17,484 -   eval_score = 0.6709
2024-03-29 16:16:38,247 - ***** Epoch: 6: Eval results *****
2024-03-29 16:16:38,247 -   train_loss = 0.2597
2024-03-29 16:16:38,247 -   best_eval_score = 0.6709
2024-03-29 16:16:38,247 -   eval_score = 0.6865
2024-03-29 16:16:59,447 - ***** Epoch: 7: Eval results *****
2024-03-29 16:16:59,447 -   train_loss = 0.1544
2024-03-29 16:16:59,447 -   best_eval_score = 0.6865
2024-03-29 16:16:59,447 -   eval_score = 0.7041
2024-03-29 16:17:19,803 - ***** Epoch: 8: Eval results *****
2024-03-29 16:17:19,803 -   train_loss = 0.0928
2024-03-29 16:17:19,803 -   best_eval_score = 0.7041
2024-03-29 16:17:19,803 -   eval_score = 0.7142
2024-03-29 16:17:40,306 - ***** Epoch: 9: Eval results *****
2024-03-29 16:17:40,306 -   train_loss = 0.0741
2024-03-29 16:17:40,306 -   best_eval_score = 0.7142
2024-03-29 16:17:40,306 -   eval_score = 0.7076
2024-03-29 16:17:40,306 - EarlyStopping counter: 1 out of 8
2024-03-29 16:18:00,926 - ***** Epoch: 10: Eval results *****
2024-03-29 16:18:00,926 -   train_loss = 0.0533
2024-03-29 16:18:00,927 -   best_eval_score = 0.7142
2024-03-29 16:18:00,927 -   eval_score = 0.7063
2024-03-29 16:18:00,927 - EarlyStopping counter: 2 out of 8
2024-03-29 16:18:21,287 - ***** Epoch: 11: Eval results *****
2024-03-29 16:18:21,287 -   train_loss = 0.0451
2024-03-29 16:18:21,287 -   best_eval_score = 0.7142
2024-03-29 16:18:21,287 -   eval_score = 0.7011
2024-03-29 16:18:21,287 - EarlyStopping counter: 3 out of 8
2024-03-29 16:18:41,490 - ***** Epoch: 12: Eval results *****
2024-03-29 16:18:41,490 -   train_loss = 0.0382
2024-03-29 16:18:41,490 -   best_eval_score = 0.7142
2024-03-29 16:18:41,490 -   eval_score = 0.7036
2024-03-29 16:18:41,490 - EarlyStopping counter: 4 out of 8
2024-03-29 16:19:02,036 - ***** Epoch: 13: Eval results *****
2024-03-29 16:19:02,036 -   train_loss = 0.0305
2024-03-29 16:19:02,036 -   best_eval_score = 0.7142
2024-03-29 16:19:02,036 -   eval_score = 0.6955
2024-03-29 16:19:02,036 - EarlyStopping counter: 5 out of 8
2024-03-29 16:19:22,910 - ***** Epoch: 14: Eval results *****
2024-03-29 16:19:22,910 -   train_loss = 0.0254
2024-03-29 16:19:22,910 -   best_eval_score = 0.7142
2024-03-29 16:19:22,911 -   eval_score = 0.701
2024-03-29 16:19:22,911 - EarlyStopping counter: 6 out of 8
2024-03-29 16:19:43,461 - ***** Epoch: 15: Eval results *****
2024-03-29 16:19:43,461 -   train_loss = 0.0238
2024-03-29 16:19:43,461 -   best_eval_score = 0.7142
2024-03-29 16:19:43,461 -   eval_score = 0.7153
2024-03-29 16:20:04,347 - ***** Epoch: 16: Eval results *****
2024-03-29 16:20:04,348 -   train_loss = 0.0215
2024-03-29 16:20:04,348 -   best_eval_score = 0.7153
2024-03-29 16:20:04,348 -   eval_score = 0.6976
2024-03-29 16:20:04,348 - EarlyStopping counter: 1 out of 8
2024-03-29 16:20:24,981 - ***** Epoch: 17: Eval results *****
2024-03-29 16:20:24,981 -   train_loss = 0.0193
2024-03-29 16:20:24,981 -   best_eval_score = 0.7153
2024-03-29 16:20:24,981 -   eval_score = 0.711
2024-03-29 16:20:24,982 - EarlyStopping counter: 2 out of 8
2024-03-29 16:20:45,143 - ***** Epoch: 18: Eval results *****
2024-03-29 16:20:45,152 -   train_loss = 0.0178
2024-03-29 16:20:45,152 -   best_eval_score = 0.7153
2024-03-29 16:20:45,152 -   eval_score = 0.7046
2024-03-29 16:20:45,152 - EarlyStopping counter: 3 out of 8
2024-03-29 16:21:06,005 - ***** Epoch: 19: Eval results *****
2024-03-29 16:21:06,005 -   train_loss = 0.0188
2024-03-29 16:21:06,005 -   best_eval_score = 0.7153
2024-03-29 16:21:06,005 -   eval_score = 0.7075
2024-03-29 16:21:06,005 - EarlyStopping counter: 4 out of 8
2024-03-29 16:21:26,625 - ***** Epoch: 20: Eval results *****
2024-03-29 16:21:26,626 -   train_loss = 0.0152
2024-03-29 16:21:26,626 -   best_eval_score = 0.7153
2024-03-29 16:21:26,626 -   eval_score = 0.7075
2024-03-29 16:21:26,626 - EarlyStopping counter: 5 out of 8
2024-03-29 16:21:47,119 - ***** Epoch: 21: Eval results *****
2024-03-29 16:21:47,123 -   train_loss = 0.0156
2024-03-29 16:21:47,123 -   best_eval_score = 0.7153
2024-03-29 16:21:47,123 -   eval_score = 0.7073
2024-03-29 16:21:47,123 - EarlyStopping counter: 6 out of 8
2024-03-29 16:22:07,841 - ***** Epoch: 22: Eval results *****
2024-03-29 16:22:07,841 -   train_loss = 0.0148
2024-03-29 16:22:07,841 -   best_eval_score = 0.7153
2024-03-29 16:22:07,841 -   eval_score = 0.7075
2024-03-29 16:22:07,841 - EarlyStopping counter: 7 out of 8
2024-03-29 16:22:28,660 - ***** Epoch: 23: Eval results *****
2024-03-29 16:22:28,661 -   train_loss = 0.0143
2024-03-29 16:22:28,661 -   best_eval_score = 0.7153
2024-03-29 16:22:28,661 -   eval_score = 0.7045
2024-03-29 16:22:28,661 - EarlyStopping counter: 8 out of 8
2024-03-29 16:22:28,661 - EarlyStopping at epoch 23
2024-03-29 16:22:28,664 - Training is finished...
2024-03-29 16:22:28,665 - Testing begins...
2024-03-29 16:22:32,277 - ***** Test: Confusion Matrix *****
2024-03-29 16:22:32,278 - [[39  2  0  0  8  0  1  0  0  1  1  0  4  1  0  0  0  0  0  0]
 [ 0 33  0  1  0  3  1  0  1  0  1  0  2  0  1  0  0  0  0  0]
 [ 1  0 26  0  0  0  0  0  0  0  0  0  0  0  0  0  0  0  0  0]
 [ 0  1  0 24  0  0  0  0  0  0  0  0  0  0  0  0  0  0  0  0]
 [ 5  0  0  0 11  0  2  0  0  0  0  1  2  1  0  0  0  1  0  0]
 [ 0  0  0  0  0 12  0  0  0  0  0  0  0  0  0  0  0  0  0  0]
 [ 1  1  0  0  3  0  2  0  3  0  0  0  1  0  0  0  1  0  0  0]
 [ 3  1  0  0  0  0  0  5  0  1  0  0  0  0  0  0  0  0  0  0]
 [ 1  0  0  0  0  0  1  3  4  0  0  0  0  1  0  0  0  0  0  0]
 [ 1  0  0  0  1  0  0  0  0  3  0  0  0  0  0  3  0  1  0  1]
 [ 1  0  0  0  0  0  1  0  0  2 13  0  0  0  1  0  0  0  0  0]
 [ 0  0  0  0  1  0  1  0  0  0  0 15  0  0  0  0  0  0  1  1]
 [ 3  1  0  1  1  0  0  0  0  0  1  1 39  2  3  1  3  0  0  1]
 [ 0  0  0  0  0  0  2  1  0  0  1  1  1 17  2  0  0  0  0  0]
 [ 0  0  0  0  1  0  0  0  0  0  0  0  0  2 16  0  1  0  0  2]
 [ 0  0  0  0  0  0  0  1  1  0  0  0  4  0  0 14  0  0  0  1]
 [ 0  0  0  0  0  0  0  0  0  0  0  0  3  0  1  0 13  0  0  0]
 [ 0  0  0  0  0  0  0  0  0  1  1  0  2  0  0  0  0 11  0  0]
 [ 0  0  0  0  0  0  0  0  0  0  0  0  2  0  0  1  0  0  9  0]
 [ 0  0  0  0  0  0  0  0  0  0  0  0  1  1  1  0  2  0  0  5]]
2024-03-29 16:22:32,278 - ***** Evaluation results *****
2024-03-29 16:22:32,278 -   acc = 0.6989
2024-03-29 16:22:32,278 -   f1 = 0.6614
2024-03-29 16:22:32,278 -   prec = 0.6653
2024-03-29 16:22:32,278 -   rec = 0.6619
2024-03-29 16:22:32,279 - Testing is finished...
2024-03-29 16:22:32,279 - Multimodal intent recognition is finished...
2024-03-29 16:22:32,279 - Results are saved in results/msz.csv
