2024-03-05 20:16:29,118 - ============================== Params ==============================
2024-03-05 20:16:29,118 - logger_name: msz_MIntRec2_multi-class_seed-1_2024-03-05-20-16-29
2024-03-05 20:16:29,118 - dataset: MIntRec2
2024-03-05 20:16:29,118 - data_mode: multi-class
2024-03-05 20:16:29,118 - method: msz
2024-03-05 20:16:29,118 - text_backbone: bert-base-uncased
2024-03-05 20:16:29,118 - text_backbone_path: /home/sharing/disk1/pretrained_embedding/bert/uncased_L-12_H-768_A-12/
2024-03-05 20:16:29,118 - seed: 1
2024-03-05 20:16:29,118 - num_workers: 8
2024-03-05 20:16:29,118 - gpu_id: 2
2024-03-05 20:16:29,118 - data_path: /home/sharing/disk2/sjh/intentDataset
2024-03-05 20:16:29,118 - train: True
2024-03-05 20:16:29,118 - tune: True
2024-03-05 20:16:29,118 - save_model: False
2024-03-05 20:16:29,118 - save_results: True
2024-03-05 20:16:29,118 - log_path: logs
2024-03-05 20:16:29,118 - cache_path: 
2024-03-05 20:16:29,118 - video_data_path: video_data
2024-03-05 20:16:29,118 - audio_data_path: audio_data
2024-03-05 20:16:29,118 - video_feats_path: video_feats.pkl
2024-03-05 20:16:29,118 - audio_feats_path: audio_feats.pkl
2024-03-05 20:16:29,118 - results_path: results
2024-03-05 20:16:29,118 - output_path: /home/sharing/disk2/sjh/Outputs/MIntRec2
2024-03-05 20:16:29,118 - model_path: models
2024-03-05 20:16:29,118 - config_file_name: msz_MIntRec2
2024-03-05 20:16:29,118 - results_file_name: msz.csv
2024-03-05 20:16:29,118 - padding_mode: zero
2024-03-05 20:16:29,118 - padding_loc: end
2024-03-05 20:16:29,118 - need_aligned: False
2024-03-05 20:16:29,118 - eval_monitor: f1
2024-03-05 20:16:29,118 - train_batch_size: 8
2024-03-05 20:16:29,118 - eval_batch_size: 4
2024-03-05 20:16:29,118 - test_batch_size: 4
2024-03-05 20:16:29,118 - wait_patience: 8
2024-03-05 20:16:29,118 - hidden_dims: 768
2024-03-05 20:16:29,118 - num_attention_heads: 12
2024-03-05 20:16:29,118 - attention_probs_dropout_prob: 0.2
2024-03-05 20:16:29,118 - hidden_dropout_prob: 0.2
2024-03-05 20:16:29,118 - intermediate_size: 768
2024-03-05 20:16:29,118 - num_hidden_layers: 10
2024-03-05 20:16:29,118 - max_position_embeddings: 768
2024-03-05 20:16:29,118 - position_embedding_type: absolute
2024-03-05 20:16:29,119 - batch_first: True
2024-03-05 20:16:29,119 - dropout: 0.1
2024-03-05 20:16:29,119 - aligned_method: conv1d
2024-03-05 20:16:29,119 - num_train_epochs: 100
2024-03-05 20:16:29,119 - lr: 6e-06
2024-03-05 20:16:29,119 - pred_output_path: /home/sharing/disk2/sjh/Outputs/MIntRec2/msz_MIntRec2_multi-class_seed-1_2024-03-05-20-16-29
2024-03-05 20:16:29,119 - model_output_path: /home/sharing/disk2/sjh/Outputs/MIntRec2/msz_MIntRec2_multi-class_seed-1_2024-03-05-20-16-29/models
2024-03-05 20:16:29,119 - num_labels: 30
2024-03-05 20:16:29,119 - text_feat_dim: 768
2024-03-05 20:16:29,119 - video_feat_dim: 256
2024-03-05 20:16:29,119 - audio_feat_dim: 768
2024-03-05 20:16:29,119 - text_seq_len: 50
2024-03-05 20:16:29,119 - video_seq_len: 180
2024-03-05 20:16:29,119 - audio_seq_len: 400
2024-03-05 20:16:29,119 - device: cuda:2
2024-03-05 20:16:29,119 - ============================== End Params ==============================
2024-03-05 20:16:29,191 - Generate Text Features Begin...
2024-03-05 20:16:31,023 - Generate Text Features Finished...
2024-03-05 20:16:31,038 - Load Video Features Begin...
2024-03-05 20:16:42,053 - Load Video Features Finished...
2024-03-05 20:16:55,370 - Load Audio Features Begin...
2024-03-05 20:18:33,048 - Load Audio Features Finished...
2024-03-05 20:19:38,026 - method  begins...
2024-03-05 20:19:50,733 - Multimodal intent recognition begins...
2024-03-05 20:19:50,733 - Training begins...
2024-03-05 20:22:40,231 - ***** Epoch: 1: Eval results *****
2024-03-05 20:22:40,231 -   train_loss = 2.1106
2024-03-05 20:22:40,231 -   best_eval_score = 0.0
2024-03-05 20:22:40,231 -   eval_score = 0.4286
2024-03-05 20:25:41,426 - ***** Epoch: 2: Eval results *****
2024-03-05 20:25:41,426 -   train_loss = 1.3298
2024-03-05 20:25:41,426 -   best_eval_score = 0.4286
2024-03-05 20:25:41,426 -   eval_score = 0.473
2024-03-05 20:28:41,150 - ***** Epoch: 3: Eval results *****
2024-03-05 20:28:41,151 -   train_loss = 1.0165
2024-03-05 20:28:41,151 -   best_eval_score = 0.473
2024-03-05 20:28:41,151 -   eval_score = 0.481
2024-03-05 20:31:33,854 - ***** Epoch: 4: Eval results *****
2024-03-05 20:31:33,854 -   train_loss = 0.7478
2024-03-05 20:31:33,854 -   best_eval_score = 0.481
2024-03-05 20:31:33,854 -   eval_score = 0.512
2024-03-05 20:34:19,270 - ***** Epoch: 5: Eval results *****
2024-03-05 20:34:19,270 -   train_loss = 0.5091
2024-03-05 20:34:19,270 -   best_eval_score = 0.512
2024-03-05 20:34:19,270 -   eval_score = 0.5003
2024-03-05 20:34:19,270 - EarlyStopping counter: 1 out of 8
2024-03-05 20:37:10,508 - ***** Epoch: 6: Eval results *****
2024-03-05 20:37:10,508 -   train_loss = 0.3407
2024-03-05 20:37:10,508 -   best_eval_score = 0.512
2024-03-05 20:37:10,508 -   eval_score = 0.4766
2024-03-05 20:37:10,509 - EarlyStopping counter: 2 out of 8
2024-03-05 20:39:57,613 - ***** Epoch: 7: Eval results *****
2024-03-05 20:39:57,613 -   train_loss = 0.2417
2024-03-05 20:39:57,613 -   best_eval_score = 0.512
2024-03-05 20:39:57,614 -   eval_score = 0.5003
2024-03-05 20:39:57,614 - EarlyStopping counter: 3 out of 8
2024-03-05 20:42:52,389 - ***** Epoch: 8: Eval results *****
2024-03-05 20:42:52,390 -   train_loss = 0.1646
2024-03-05 20:42:52,390 -   best_eval_score = 0.512
2024-03-05 20:42:52,390 -   eval_score = 0.496
2024-03-05 20:42:52,390 - EarlyStopping counter: 4 out of 8
2024-03-05 20:45:39,098 - ***** Epoch: 9: Eval results *****
2024-03-05 20:45:39,099 -   train_loss = 0.1368
2024-03-05 20:45:39,099 -   best_eval_score = 0.512
2024-03-05 20:45:39,099 -   eval_score = 0.5054
2024-03-05 20:45:39,099 - EarlyStopping counter: 5 out of 8
2024-03-05 20:48:26,425 - ***** Epoch: 10: Eval results *****
2024-03-05 20:48:26,426 -   train_loss = 0.1156
2024-03-05 20:48:26,426 -   best_eval_score = 0.512
2024-03-05 20:48:26,426 -   eval_score = 0.5046
2024-03-05 20:48:26,426 - EarlyStopping counter: 6 out of 8
2024-03-05 20:51:11,354 - ***** Epoch: 11: Eval results *****
2024-03-05 20:51:11,354 -   train_loss = 0.0666
2024-03-05 20:51:11,354 -   best_eval_score = 0.512
2024-03-05 20:51:11,354 -   eval_score = 0.5058
2024-03-05 20:51:11,354 - EarlyStopping counter: 7 out of 8
2024-03-05 20:54:02,141 - ***** Epoch: 12: Eval results *****
2024-03-05 20:54:02,142 -   train_loss = 0.0535
2024-03-05 20:54:02,142 -   best_eval_score = 0.512
2024-03-05 20:54:02,142 -   eval_score = 0.5028
2024-03-05 20:54:02,142 - EarlyStopping counter: 8 out of 8
2024-03-05 20:54:02,142 - EarlyStopping at epoch 12
2024-03-05 20:54:02,147 - Training is finished...
2024-03-05 20:54:02,148 - Testing begins...
2024-03-05 20:54:31,592 - ***** Test: Confusion Matrix *****
2024-03-05 20:54:31,594 - [[ 36   0  27   0   0   0   0   0   0   0   2   0   0   0   0   0   0   1
    0   0   0   0   1   1   0   0   0   0   0   0]
 [  0  54   0   0   8   2   5   0   2   0   1   0   4   0   3   0   0   4
    3   3   0   3   1   0   2   0   0   2   0   0]
 [  4   0  49   0   1   0   0   0   0   0   1   0   0   0   0   1   0   2
    1   0   0   0   0   2   3   0   0   0   0   0]
 [  0   0   0  59   0   0   0   0   0   1   0   0   0   0   2   0   1   1
    0   0   0   1   0   0   0   0   0   0   0   0]
 [  0   3   0   0  37   0   0   0   1   0   0   0   0   0   0   0   0   3
    0   1   0   3   0   1   1   0   0   0   1   0]
 [  0   1   0   0   1  26   1   0   0   0   0   0   1   0   1   0   0   3
    0   2   0   0   0   0   0   1   0   0   0   0]
 [  0   0   0   0   0   2  29  10   0   1   1   0   5   0   0   0   0   0
    0   0   0   0   0   0   0   0   0   0   0   0]
 [  0   0   0   0   0   0   8  24   0   0   5   1   5   0   0   0   3   0
    0   0   0   0   0   0   0   1   0   0   0   0]
 [  1   1   1   3   1   0   0   0  20   1   0   1   2   0   2   1   0   5
    0   1   0   0   7   0   2   0   0   0   0   0]
 [  0   1   1   1   1   0   0   0   2  50   1   7  11   0  12   3   0   4
    4   0   0   2   3   0   2   0   0   2   0   0]
 [  0   0   0   0   0   4   6   4   0   0  38   0  34   0   1   0   0   2
    0   2   1   0   0   0   1   0   0   0   0   0]
 [  0   0   0   0   0   0   1   1   0   3   1  22   7   0   1   0   0   2
    2   0   0   0   3   0   1   0   0   1   0   2]
 [  0   1   0   0   0   2   6   9   0   3  19   0  92   0   0   0   2   0
    0   0   0   0   1   0   0   0   0   0   0   0]
 [  0   0   1   0   1   0   0   0   1   2   0   0   0   0   3   3   0   0
    5   0   0   0   1   0   0   0   0   0   0   0]
 [  0   2   2   0   0   2   1   0   6   8   2   1   1   0 122   4   0  17
    7   1   1   0   9   0   3   0   1   3   0   0]
 [  0   0   0   0   1   0   0   0   0   5   0   0   0   0   4   4   0   2
    4   0   0   2   0   0   0   0   0   0   0   0]
 [  0   0   0   0   1   0   1   0   0   0   2   0   1   0   0   1  54   0
    5   0   0   0   0   0   1   0   0   0   0   0]
 [  0   6   2   1   7   5   0   0   2  18   0   3   1   0  13   5   2 100
   25   4   1   3   7   8   0   1   0   2   1   0]
 [  0   2   0   0   0   0   0   0   0   4   1   0   0   0   5   2   1   2
   39   0   2   0   1   0   1   0   0   0   0   0]
 [  0   4   0   0   0   0   3   0   0   0   0   0   0   0   0   0   0   1
    0   8   0   1   0   0   0   0   0   0   0   0]
 [  0   1   2   0   1   0   0   0   1   3   0   1   1   0   1   0   0   3
    6   0   4   0   0   1   2   0   0   2   0   0]
 [  6   1   1   0   1   0   0   0   0   5   0   1   0   0   1   0   4   0
    0   0   0  25   0   7   1   0   0   0   0   0]
 [  0   1   1   1   0   1   0   0   1   4   0   2   0   0  12   1   0   8
    0   0   0   0  74   0   0   9   2   0   0   0]
 [  0   3   1   0   1   0   0   0   0   0   0   0   0   0   0   0   0   6
    2   0   0   2   0  23   0   0   0   0   0   0]
 [  1   0   3   0   0   0   1   0   0   1   0   0   0   0   3   1   0   1
    1   0   0   1   1   1  88   0   0   8   2   0]
 [  1   1   0   0   0   0   0   0   0   0   0   0   0   0   0   0   0   2
    0   0   0   0   3   0   1  22   0   0   0   1]
 [  0   0   0   2   0   0   0   0   0   1   0   0   0   0   2   0   0   3
    0   0   0   2   2   0   0   0   5   0   0   0]
 [  0   3   1   0   1   0   0   0   2   8   2   6   4   0   7   4   0   1
    1   0   1   0   1   0   6   1   0   8   1   0]
 [  0   0   0   0   0   0   0   0   0   0   0   0   0   0   1   0   1   0
    0   0   0   0   0   0   0   0   0   0  56   0]
 [  0   2   0   0   3   0   0   0   2   1   1   1   0   0   0   0   0   2
    2   0   0   1   0   0   1   1   0   0   0   2]]
2024-03-05 20:54:31,594 - ***** Evaluation results *****
2024-03-05 20:54:31,594 -   acc = 0.5755
2024-03-05 20:54:31,594 -   f1 = 0.5151
2024-03-05 20:54:31,594 -   prec = 0.5294
2024-03-05 20:54:31,594 -   rec = 0.5263
2024-03-05 20:54:31,594 - Testing is finished...
2024-03-05 20:54:31,594 - Multimodal intent recognition is finished...
2024-03-05 20:54:31,594 - Results are saved in results/msz.csv
