2024-01-31 09:39:19,452 - ============================== Params ==============================
2024-01-31 09:39:19,452 - logger_name: msz_MIntRec_multi-class_seed-1_2024-01-31-09-39-19
2024-01-31 09:39:19,452 - dataset: MIntRec
2024-01-31 09:39:19,452 - data_mode: multi-class
2024-01-31 09:39:19,452 - method: msz
2024-01-31 09:39:19,452 - text_backbone: bert-base-uncased
2024-01-31 09:39:19,452 - text_backbone_path: /home/sharing/disk1/pretrained_embedding/bert/uncased_L-12_H-768_A-12/
2024-01-31 09:39:19,452 - seed: 1
2024-01-31 09:39:19,452 - num_workers: 8
2024-01-31 09:39:19,452 - gpu_id: 1
2024-01-31 09:39:19,452 - data_path: /home/sharing/disk2/sjh/intentDataset
2024-01-31 09:39:19,452 - train: True
2024-01-31 09:39:19,452 - tune: False
2024-01-31 09:39:19,452 - save_model: True
2024-01-31 09:39:19,452 - save_results: True
2024-01-31 09:39:19,452 - log_path: logs
2024-01-31 09:39:19,453 - cache_path: 
2024-01-31 09:39:19,453 - video_data_path: video_data
2024-01-31 09:39:19,453 - audio_data_path: audio_data
2024-01-31 09:39:19,453 - video_feats_path: video_feats.pkl
2024-01-31 09:39:19,453 - audio_feats_path: audio_feats.pkl
2024-01-31 09:39:19,453 - results_path: results
2024-01-31 09:39:19,453 - output_path: /home/sharing/disk2/sjh/Outputs/MIntRec
2024-01-31 09:39:19,453 - model_path: models
2024-01-31 09:39:19,453 - config_file_name: msz
2024-01-31 09:39:19,453 - results_file_name: msz.csv
2024-01-31 09:39:19,453 - padding_mode: zero
2024-01-31 09:39:19,453 - padding_loc: end
2024-01-31 09:39:19,453 - need_aligned: False
2024-01-31 09:39:19,453 - eval_monitor: f1
2024-01-31 09:39:19,453 - train_batch_size: 16
2024-01-31 09:39:19,453 - eval_batch_size: 8
2024-01-31 09:39:19,453 - test_batch_size: 8
2024-01-31 09:39:19,453 - wait_patience: 8
2024-01-31 09:39:19,453 - hidden_size: 768
2024-01-31 09:39:19,453 - num_attention_heads: 12
2024-01-31 09:39:19,453 - attention_probs_dropout_prob: 0.2
2024-01-31 09:39:19,453 - hidden_dropout_prob: 0.2
2024-01-31 09:39:19,453 - intermediate_size: 768
2024-01-31 09:39:19,453 - num_hidden_layers: 8
2024-01-31 09:39:19,454 - max_position_embeddings: 768
2024-01-31 09:39:19,454 - position_embedding_type: absolute
2024-01-31 09:39:19,454 - batch_first: True
2024-01-31 09:39:19,454 - hidden_dims: 768
2024-01-31 09:39:19,454 - dropout: 0.1
2024-01-31 09:39:19,454 - aligned_method: conv1d
2024-01-31 09:39:19,454 - num_train_epochs: 100
2024-01-31 09:39:19,454 - lr: 8e-06
2024-01-31 09:39:19,454 - pred_output_path: /home/sharing/disk2/sjh/Outputs/MIntRec/msz_MIntRec_multi-class_seed-1_2024-01-31-09-39-19
2024-01-31 09:39:19,454 - model_output_path: /home/sharing/disk2/sjh/Outputs/MIntRec/msz_MIntRec_multi-class_seed-1_2024-01-31-09-39-19/models
2024-01-31 09:39:19,454 - ============================== End Params ==============================
2024-01-31 09:39:19,511 - Generate Text Features Begin...
2024-01-31 09:39:19,932 - Generate Text Features Finished...
2024-01-31 09:39:19,932 - Load Video Features Begin...
2024-01-31 09:39:20,758 - Load Video Features Finished...
2024-01-31 09:39:21,224 - Load Audio Features Begin...
2024-01-31 09:39:26,432 - Load Audio Features Finished...
2024-01-31 09:39:32,028 - method  begins...
2024-01-31 09:39:35,297 - Multimodal intent recognition begins...
2024-01-31 09:39:35,297 - Training begins...
2024-01-31 09:39:57,897 - ***** Epoch: 1: Eval results *****
2024-01-31 09:39:57,897 -   train_loss = 2.522
2024-01-31 09:39:57,897 -   best_eval_score = 0.0
2024-01-31 09:39:57,897 -   eval_score = 0.2619
2024-01-31 09:40:17,812 - ***** Epoch: 2: Eval results *****
2024-01-31 09:40:17,813 -   train_loss = 1.4701
2024-01-31 09:40:17,813 -   best_eval_score = 0.2619
2024-01-31 09:40:17,813 -   eval_score = 0.5447
2024-01-31 09:40:37,790 - ***** Epoch: 3: Eval results *****
2024-01-31 09:40:37,790 -   train_loss = 0.8046
2024-01-31 09:40:37,790 -   best_eval_score = 0.5447
2024-01-31 09:40:37,790 -   eval_score = 0.6048
2024-01-31 09:40:58,124 - ***** Epoch: 4: Eval results *****
2024-01-31 09:40:58,124 -   train_loss = 0.4345
2024-01-31 09:40:58,124 -   best_eval_score = 0.6048
2024-01-31 09:40:58,124 -   eval_score = 0.6732
2024-01-31 09:41:18,154 - ***** Epoch: 5: Eval results *****
2024-01-31 09:41:18,154 -   train_loss = 0.2294
2024-01-31 09:41:18,154 -   best_eval_score = 0.6732
2024-01-31 09:41:18,154 -   eval_score = 0.677
2024-01-31 09:41:38,452 - ***** Epoch: 6: Eval results *****
2024-01-31 09:41:38,452 -   train_loss = 0.1143
2024-01-31 09:41:38,452 -   best_eval_score = 0.677
2024-01-31 09:41:38,452 -   eval_score = 0.667
2024-01-31 09:41:38,452 - EarlyStopping counter: 1 out of 8
