2024-01-06 02:41:37,432 - ============================== Params ==============================
2024-01-06 02:41:37,432 - logger_name: msz_MIntRec_multi-class_seed-2_2024-01-06-02-41-37
2024-01-06 02:41:37,432 - dataset: MIntRec
2024-01-06 02:41:37,432 - data_mode: multi-class
2024-01-06 02:41:37,432 - method: msz
2024-01-06 02:41:37,432 - text_backbone: bert-base-uncased
2024-01-06 02:41:37,432 - text_backbone_path: /home/sharing/disk1/pretrained_embedding/bert/uncased_L-12_H-768_A-12/
2024-01-06 02:41:37,432 - seed: 2
2024-01-06 02:41:37,432 - num_workers: 8
2024-01-06 02:41:37,432 - gpu_id: 1
2024-01-06 02:41:37,432 - data_path: /home/sharing/disk2/sjh/intentDataset
2024-01-06 02:41:37,432 - train: True
2024-01-06 02:41:37,433 - tune: False
2024-01-06 02:41:37,433 - save_model: False
2024-01-06 02:41:37,433 - save_results: True
2024-01-06 02:41:37,433 - log_path: logs
2024-01-06 02:41:37,433 - cache_path: 
2024-01-06 02:41:37,433 - video_data_path: video_data
2024-01-06 02:41:37,433 - audio_data_path: audio_data
2024-01-06 02:41:37,433 - video_feats_path: video_feats.pkl
2024-01-06 02:41:37,433 - audio_feats_path: audio_feats.pkl
2024-01-06 02:41:37,433 - results_path: results
2024-01-06 02:41:37,433 - output_path: /home/sharing/disk2/sjh/Outputs/MIntRec
2024-01-06 02:41:37,433 - model_path: models
2024-01-06 02:41:37,433 - config_file_name: msz
2024-01-06 02:41:37,433 - results_file_name: msz.csv
2024-01-06 02:41:37,433 - padding_mode: zero
2024-01-06 02:41:37,433 - padding_loc: end
2024-01-06 02:41:37,433 - need_aligned: False
2024-01-06 02:41:37,433 - eval_monitor: f1
2024-01-06 02:41:37,433 - train_batch_size: 16
2024-01-06 02:41:37,433 - eval_batch_size: 8
2024-01-06 02:41:37,433 - test_batch_size: 8
2024-01-06 02:41:37,433 - wait_patience: 8
2024-01-06 02:41:37,433 - nheads: 2
2024-01-06 02:41:37,433 - encoder_layers: 2
2024-01-06 02:41:37,433 - attn_dropout: 0.1
2024-01-06 02:41:37,433 - relu_dropout: 0.1
2024-01-06 02:41:37,433 - embed_dropout: 0.1
2024-01-06 02:41:37,433 - res_dropout: 0.1
2024-01-06 02:41:37,433 - attn_mask: False
2024-01-06 02:41:37,433 - hidden_size: 768
2024-01-06 02:41:37,433 - num_attention_heads: 12
2024-01-06 02:41:37,433 - attention_probs_dropout_prob: 0.2
2024-01-06 02:41:37,433 - hidden_dropout_prob: 0.2
2024-01-06 02:41:37,433 - intermediate_size: 768
2024-01-06 02:41:37,433 - num_hidden_layers: 3
2024-01-06 02:41:37,433 - max_position_embeddings: 512
2024-01-06 02:41:37,433 - position_embedding_type: absolute
2024-01-06 02:41:37,433 - batch_first: True
2024-01-06 02:41:37,434 - hidden_dims: 768
2024-01-06 02:41:37,434 - att_dropouts: [0.2, 0.2, 0.2]
2024-01-06 02:41:37,434 - spe_dropouts: [0.1, 0.1, 0.1]
2024-01-06 02:41:37,434 - ta_loss: 0.1
2024-01-06 02:41:37,434 - tv_loss: 0.1
2024-01-06 02:41:37,434 - av_loss: 0.1
2024-01-06 02:41:37,434 - aligned_method: conv1d
2024-01-06 02:41:37,434 - grad_clip: -1
2024-01-06 02:41:37,434 - num_train_epochs: 100
2024-01-06 02:41:37,434 - warmup_proportion: 0.1
2024-01-06 02:41:37,434 - lr: 1e-06
2024-01-06 02:41:37,434 - weight_decay: 0.01
2024-01-06 02:41:37,434 - pred_output_path: /home/sharing/disk2/sjh/Outputs/MIntRec/msz_MIntRec_multi-class_seed-2_2024-01-06-02-41-37
2024-01-06 02:41:37,434 - model_output_path: /home/sharing/disk2/sjh/Outputs/MIntRec/msz_MIntRec_multi-class_seed-2_2024-01-06-02-41-37/models
2024-01-06 02:41:37,434 - ============================== End Params ==============================
2024-01-06 02:41:37,437 - Generate Text Features Begin...
2024-01-06 02:41:37,934 - Generate Text Features Finished...
2024-01-06 02:41:37,934 - Load Video Features Begin...
2024-01-06 02:41:38,250 - Load Video Features Finished...
2024-01-06 02:41:38,766 - Load Audio Features Begin...
2024-01-06 02:41:39,749 - Load Audio Features Finished...
2024-01-06 02:41:43,132 - method  begins...
2024-01-06 02:41:46,347 - Multimodal intent recognition begins...
2024-01-06 02:41:46,347 - Training begins...
2024-01-06 02:42:08,482 - ***** Epoch: 1: Eval results *****
2024-01-06 02:42:08,483 -   train_loss = 2.9811
2024-01-06 02:42:08,483 -   best_eval_score = 0.0
2024-01-06 02:42:08,483 -   eval_score = 0.0548
2024-01-06 02:42:29,071 - ***** Epoch: 2: Eval results *****
2024-01-06 02:42:29,071 -   train_loss = 2.9041
2024-01-06 02:42:29,072 -   best_eval_score = 0.0548
2024-01-06 02:42:29,072 -   eval_score = 0.068
2024-01-06 02:42:48,980 - ***** Epoch: 3: Eval results *****
2024-01-06 02:42:48,981 -   train_loss = 2.7825
2024-01-06 02:42:48,981 -   best_eval_score = 0.068
2024-01-06 02:42:48,981 -   eval_score = 0.0966
2024-01-06 02:43:09,294 - ***** Epoch: 4: Eval results *****
2024-01-06 02:43:09,294 -   train_loss = 2.5925
2024-01-06 02:43:09,294 -   best_eval_score = 0.0966
2024-01-06 02:43:09,294 -   eval_score = 0.1584
2024-01-06 02:43:29,592 - ***** Epoch: 5: Eval results *****
2024-01-06 02:43:29,593 -   train_loss = 2.2974
2024-01-06 02:43:29,593 -   best_eval_score = 0.1584
2024-01-06 02:43:29,593 -   eval_score = 0.2125
2024-01-06 02:43:50,000 - ***** Epoch: 6: Eval results *****
2024-01-06 02:43:50,000 -   train_loss = 1.9331
2024-01-06 02:43:50,000 -   best_eval_score = 0.2125
2024-01-06 02:43:50,000 -   eval_score = 0.3421
2024-01-06 02:44:10,262 - ***** Epoch: 7: Eval results *****
2024-01-06 02:44:10,262 -   train_loss = 1.5497
2024-01-06 02:44:10,262 -   best_eval_score = 0.3421
2024-01-06 02:44:10,262 -   eval_score = 0.4802
2024-01-06 02:44:30,488 - ***** Epoch: 8: Eval results *****
2024-01-06 02:44:30,488 -   train_loss = 1.2707
2024-01-06 02:44:30,488 -   best_eval_score = 0.4802
2024-01-06 02:44:30,488 -   eval_score = 0.4951
2024-01-06 02:44:50,801 - ***** Epoch: 9: Eval results *****
2024-01-06 02:44:50,802 -   train_loss = 1.0353
2024-01-06 02:44:50,802 -   best_eval_score = 0.4951
2024-01-06 02:44:50,802 -   eval_score = 0.5345
2024-01-06 02:45:11,115 - ***** Epoch: 10: Eval results *****
2024-01-06 02:45:11,116 -   train_loss = 0.8237
2024-01-06 02:45:11,116 -   best_eval_score = 0.5345
2024-01-06 02:45:11,116 -   eval_score = 0.5541
2024-01-06 02:45:31,655 - ***** Epoch: 11: Eval results *****
2024-01-06 02:45:31,655 -   train_loss = 0.6449
2024-01-06 02:45:31,655 -   best_eval_score = 0.5541
2024-01-06 02:45:31,655 -   eval_score = 0.6023
2024-01-06 02:45:51,985 - ***** Epoch: 12: Eval results *****
2024-01-06 02:45:51,986 -   train_loss = 0.4511
2024-01-06 02:45:51,986 -   best_eval_score = 0.6023
2024-01-06 02:45:51,986 -   eval_score = 0.5821
2024-01-06 02:45:51,986 - EarlyStopping counter: 1 out of 8
2024-01-06 02:46:13,276 - ***** Epoch: 13: Eval results *****
2024-01-06 02:46:13,276 -   train_loss = 0.3465
2024-01-06 02:46:13,276 -   best_eval_score = 0.6023
2024-01-06 02:46:13,276 -   eval_score = 0.6532
2024-01-06 02:46:33,825 - ***** Epoch: 14: Eval results *****
2024-01-06 02:46:33,825 -   train_loss = 0.1959
2024-01-06 02:46:33,825 -   best_eval_score = 0.6532
2024-01-06 02:46:33,825 -   eval_score = 0.6294
2024-01-06 02:46:33,825 - EarlyStopping counter: 1 out of 8
2024-01-06 02:46:54,209 - ***** Epoch: 15: Eval results *****
2024-01-06 02:46:54,209 -   train_loss = 0.1492
2024-01-06 02:46:54,209 -   best_eval_score = 0.6532
2024-01-06 02:46:54,209 -   eval_score = 0.6245
2024-01-06 02:46:54,209 - EarlyStopping counter: 2 out of 8
2024-01-06 02:47:14,261 - ***** Epoch: 16: Eval results *****
2024-01-06 02:47:14,262 -   train_loss = 0.089
2024-01-06 02:47:14,262 -   best_eval_score = 0.6532
2024-01-06 02:47:14,262 -   eval_score = 0.6437
2024-01-06 02:47:14,262 - EarlyStopping counter: 3 out of 8
2024-01-06 02:47:34,724 - ***** Epoch: 17: Eval results *****
2024-01-06 02:47:34,724 -   train_loss = 0.0661
2024-01-06 02:47:34,724 -   best_eval_score = 0.6532
2024-01-06 02:47:34,724 -   eval_score = 0.6607
2024-01-06 02:47:55,134 - ***** Epoch: 18: Eval results *****
2024-01-06 02:47:55,134 -   train_loss = 0.0507
2024-01-06 02:47:55,134 -   best_eval_score = 0.6607
2024-01-06 02:47:55,134 -   eval_score = 0.6424
2024-01-06 02:47:55,134 - EarlyStopping counter: 1 out of 8
2024-01-06 02:48:15,804 - ***** Epoch: 19: Eval results *****
2024-01-06 02:48:15,804 -   train_loss = 0.0254
2024-01-06 02:48:15,804 -   best_eval_score = 0.6607
2024-01-06 02:48:15,804 -   eval_score = 0.6491
2024-01-06 02:48:15,804 - EarlyStopping counter: 2 out of 8
2024-01-06 02:48:36,097 - ***** Epoch: 20: Eval results *****
2024-01-06 02:48:36,097 -   train_loss = 0.0192
2024-01-06 02:48:36,097 -   best_eval_score = 0.6607
2024-01-06 02:48:36,097 -   eval_score = 0.6248
2024-01-06 02:48:36,097 - EarlyStopping counter: 3 out of 8
2024-01-06 02:48:56,244 - ***** Epoch: 21: Eval results *****
2024-01-06 02:48:56,244 -   train_loss = 0.0182
2024-01-06 02:48:56,244 -   best_eval_score = 0.6607
2024-01-06 02:48:56,244 -   eval_score = 0.6379
2024-01-06 02:48:56,245 - EarlyStopping counter: 4 out of 8
2024-01-06 02:49:16,523 - ***** Epoch: 22: Eval results *****
2024-01-06 02:49:16,523 -   train_loss = 0.0146
2024-01-06 02:49:16,523 -   best_eval_score = 0.6607
2024-01-06 02:49:16,524 -   eval_score = 0.635
2024-01-06 02:49:16,524 - EarlyStopping counter: 5 out of 8
2024-01-06 02:49:36,735 - ***** Epoch: 23: Eval results *****
2024-01-06 02:49:36,736 -   train_loss = 0.0115
2024-01-06 02:49:36,736 -   best_eval_score = 0.6607
2024-01-06 02:49:36,736 -   eval_score = 0.6244
2024-01-06 02:49:36,736 - EarlyStopping counter: 6 out of 8
2024-01-06 02:49:56,926 - ***** Epoch: 24: Eval results *****
2024-01-06 02:49:56,927 -   train_loss = 0.011
2024-01-06 02:49:56,927 -   best_eval_score = 0.6607
2024-01-06 02:49:56,927 -   eval_score = 0.6367
2024-01-06 02:49:56,927 - EarlyStopping counter: 7 out of 8
2024-01-06 02:50:17,057 - ***** Epoch: 25: Eval results *****
2024-01-06 02:50:17,057 -   train_loss = 0.0049
2024-01-06 02:50:17,057 -   best_eval_score = 0.6607
2024-01-06 02:50:17,057 -   eval_score = 0.6413
2024-01-06 02:50:17,057 - EarlyStopping counter: 8 out of 8
2024-01-06 02:50:17,057 - EarlyStopping at epoch 25
2024-01-06 02:50:17,059 - Training is finished...
2024-01-06 02:50:17,059 - Testing begins...
2024-01-06 02:50:20,247 - ***** Test: Confusion Matrix *****
2024-01-06 02:50:20,248 - [[22  1  1  0 11  0  2  4  2  4  2  1  4  2  0  0  1  0  0  0]
 [ 0 38  0  1  0  0  0  1  0  0  1  1  0  1  0  0  0  0  0  0]
 [ 0  0 27  0  0  0  0  0  0  0  0  0  0  0  0  0  0  0  0  0]
 [ 0  0  0 25  0  0  0  0  0  0  0  0  0  0  0  0  0  0  0  0]
 [ 1  1  0  0 14  0  2  0  0  0  1  2  0  0  1  0  0  1  0  0]
 [ 0  0  0  0  0 11  0  0  0  0  0  0  0  0  0  0  1  0  0  0]
 [ 1  2  0  0  3  0  2  0  1  1  0  0  1  0  0  0  0  0  0  1]
 [ 2  0  0  0  0  1  0  5  1  0  1  0  0  0  0  0  0  0  0  0]
 [ 0  0  0  0  1  0  0  3  3  0  0  0  0  2  0  0  1  0  0  0]
 [ 1  0  0  0  0  0  1  0  0  4  2  0  0  0  0  2  0  0  0  0]
 [ 0  0  0  0  0  1  0  1  0  0 16  0  0  0  0  0  0  0  0  0]
 [ 0  0  0  0  0  0  0  0  0  0  0 18  0  0  0  0  0  0  0  1]
 [ 0  2  0  1  0  0  0  1  3  2  0  1 29  6  5  0  4  0  0  3]
 [ 0  0  0  0  0  0  0  0  0  0  1  1  1 22  0  0  0  0  0  0]
 [ 0  0  0  0  0  0  0  0  0  0  0  0  1  4 14  0  0  0  0  3]
 [ 0  2  0  1  1  0  0  0  3  0  0  0  2  0  2  9  0  0  0  1]
 [ 0  0  0  0  0  0  0  0  0  0  0  0  1  0  1  0 14  0  0  1]
 [ 0  0  0  0  0  0  0  0  0  1  1  0  1  1  0  0  0 11  0  0]
 [ 0  0  0  0  0  0  0  0  0  0  0  0  2  0  0  0  0  0 10  0]
 [ 0  0  0  0  0  0  0  0  0  0  0  0  0  1  1  0  0  0  0  8]]
2024-01-06 02:50:20,248 - ***** Evaluation results *****
2024-01-06 02:50:20,248 -   acc = 0.6787
2024-01-06 02:50:20,248 -   f1 = 0.6502
2024-01-06 02:50:20,248 -   prec = 0.6534
2024-01-06 02:50:20,248 -   rec = 0.6821
2024-01-06 02:50:20,248 - Testing is finished...
2024-01-06 02:50:20,248 - Multimodal intent recognition is finished...
2024-01-06 02:50:20,248 - Results are saved in results/msz.csv
