2024-03-31 15:31:15,820 - ============================== Params ==============================
2024-03-31 15:31:15,820 - logger_name: msz_MIntRec_multi-class_seed-1_2024-03-31-15-31-15
2024-03-31 15:31:15,820 - dataset: MIntRec
2024-03-31 15:31:15,820 - data_mode: multi-class
2024-03-31 15:31:15,820 - method: msz
2024-03-31 15:31:15,820 - text_backbone: bert-base-uncased
2024-03-31 15:31:15,820 - text_backbone_path: /home/sharing/disk1/pretrained_embedding/bert/uncased_L-12_H-768_A-12/
2024-03-31 15:31:15,820 - seed: 1
2024-03-31 15:31:15,820 - num_workers: 8
2024-03-31 15:31:15,820 - gpu_id: 3
2024-03-31 15:31:15,820 - data_path: /home/sharing/disk2/sjh/intentDataset
2024-03-31 15:31:15,820 - train: True
2024-03-31 15:31:15,820 - tune: True
2024-03-31 15:31:15,821 - save_model: False
2024-03-31 15:31:15,821 - save_results: True
2024-03-31 15:31:15,821 - log_path: logs
2024-03-31 15:31:15,821 - cache_path: 
2024-03-31 15:31:15,821 - video_data_path: video_data
2024-03-31 15:31:15,821 - audio_data_path: audio_data
2024-03-31 15:31:15,821 - video_feats_path: video_feats.pkl
2024-03-31 15:31:15,821 - audio_feats_path: audio_feats.pkl
2024-03-31 15:31:15,821 - results_path: results
2024-03-31 15:31:15,821 - output_path: /home/sharing/disk2/sjh/Outputs/MIntRec
2024-03-31 15:31:15,821 - model_path: models
2024-03-31 15:31:15,821 - config_file_name: msz_MIntRec
2024-03-31 15:31:15,821 - results_file_name: msz.csv
2024-03-31 15:31:15,821 - padding_mode: zero
2024-03-31 15:31:15,821 - padding_loc: end
2024-03-31 15:31:15,821 - need_aligned: False
2024-03-31 15:31:15,821 - eval_monitor: f1
2024-03-31 15:31:15,821 - train_batch_size: 16
2024-03-31 15:31:15,821 - eval_batch_size: 8
2024-03-31 15:31:15,821 - test_batch_size: 8
2024-03-31 15:31:15,821 - wait_patience: 8
2024-03-31 15:31:15,821 - hidden_dims: 768
2024-03-31 15:31:15,821 - num_attention_heads: 8
2024-03-31 15:31:15,821 - attention_probs_dropout_prob: 0.2
2024-03-31 15:31:15,821 - hidden_dropout_prob: 0.2
2024-03-31 15:31:15,821 - intermediate_size: 768
2024-03-31 15:31:15,821 - num_hidden_layers: 10
2024-03-31 15:31:15,821 - max_position_embeddings: 768
2024-03-31 15:31:15,821 - position_embedding_type: absolute
2024-03-31 15:31:15,821 - batch_first: True
2024-03-31 15:31:15,821 - dropout: 0.4
2024-03-31 15:31:15,821 - aligned_method: conv1d
2024-03-31 15:31:15,821 - num_train_epochs: 100
2024-03-31 15:31:15,821 - lr: 7e-06
2024-03-31 15:31:15,821 - lr_mode: max
2024-03-31 15:31:15,821 - patience: 8
2024-03-31 15:31:15,821 - factor: 0.1
2024-03-31 15:31:15,821 - pred_output_path: /home/sharing/disk2/sjh/Outputs/MIntRec/msz_MIntRec_multi-class_seed-1_2024-03-31-15-31-15
2024-03-31 15:31:15,821 - model_output_path: /home/sharing/disk2/sjh/Outputs/MIntRec/msz_MIntRec_multi-class_seed-1_2024-03-31-15-31-15/models
2024-03-31 15:31:15,821 - num_labels: 20
2024-03-31 15:31:15,822 - text_feat_dim: 768
2024-03-31 15:31:15,822 - video_feat_dim: 256
2024-03-31 15:31:15,822 - audio_feat_dim: 768
2024-03-31 15:31:15,822 - text_seq_len: 30
2024-03-31 15:31:15,822 - video_seq_len: 230
2024-03-31 15:31:15,822 - audio_seq_len: 480
2024-03-31 15:31:15,822 - device: cuda:3
2024-03-31 15:31:15,822 - ============================== End Params ==============================
2024-03-31 15:31:15,904 - Generate Text Features Begin...
2024-03-31 15:31:16,517 - Generate Text Features Finished...
2024-03-31 15:31:16,517 - Load Video Features Begin...
2024-03-31 15:31:27,708 - Load Video Features Finished...
2024-03-31 15:31:28,248 - Load Audio Features Begin...
2024-03-31 15:31:56,717 - Load Audio Features Finished...
2024-03-31 15:31:58,917 - method  begins...
2024-03-31 15:32:04,333 - Multimodal intent recognition begins...
2024-03-31 15:32:04,333 - Training begins...
2024-03-31 15:32:30,191 - ***** Epoch: 1: Eval results *****
2024-03-31 15:32:30,192 -   train_loss = 2.4276
2024-03-31 15:32:30,192 -   best_eval_score = 0.0
2024-03-31 15:32:30,192 -   eval_score = 0.4267
2024-03-31 15:32:54,117 - ***** Epoch: 2: Eval results *****
2024-03-31 15:32:54,117 -   train_loss = 1.1922
2024-03-31 15:32:54,117 -   best_eval_score = 0.4267
2024-03-31 15:32:54,117 -   eval_score = 0.6166
2024-03-31 15:33:19,848 - ***** Epoch: 3: Eval results *****
2024-03-31 15:33:19,848 -   train_loss = 0.7082
2024-03-31 15:33:19,849 -   best_eval_score = 0.6166
2024-03-31 15:33:19,849 -   eval_score = 0.653
2024-03-31 15:33:43,244 - ***** Epoch: 4: Eval results *****
2024-03-31 15:33:43,244 -   train_loss = 0.3865
2024-03-31 15:33:43,244 -   best_eval_score = 0.653
2024-03-31 15:33:43,244 -   eval_score = 0.6395
2024-03-31 15:33:43,244 - EarlyStopping counter: 1 out of 8
2024-03-31 15:34:08,914 - ***** Epoch: 5: Eval results *****
2024-03-31 15:34:08,914 -   train_loss = 0.2148
2024-03-31 15:34:08,914 -   best_eval_score = 0.653
2024-03-31 15:34:08,914 -   eval_score = 0.6697
2024-03-31 15:34:32,628 - ***** Epoch: 6: Eval results *****
2024-03-31 15:34:32,629 -   train_loss = 0.1379
2024-03-31 15:34:32,629 -   best_eval_score = 0.6697
2024-03-31 15:34:32,629 -   eval_score = 0.6541
2024-03-31 15:34:32,629 - EarlyStopping counter: 1 out of 8
2024-03-31 15:34:56,358 - ***** Epoch: 7: Eval results *****
2024-03-31 15:34:56,358 -   train_loss = 0.084
2024-03-31 15:34:56,359 -   best_eval_score = 0.6697
2024-03-31 15:34:56,359 -   eval_score = 0.6562
2024-03-31 15:34:56,359 - EarlyStopping counter: 2 out of 8
2024-03-31 15:35:20,554 - ***** Epoch: 8: Eval results *****
2024-03-31 15:35:20,554 -   train_loss = 0.0441
2024-03-31 15:35:20,554 -   best_eval_score = 0.6697
2024-03-31 15:35:20,554 -   eval_score = 0.6442
2024-03-31 15:35:20,554 - EarlyStopping counter: 3 out of 8
2024-03-31 15:35:44,143 - ***** Epoch: 9: Eval results *****
2024-03-31 15:35:44,143 -   train_loss = 0.0323
2024-03-31 15:35:44,143 -   best_eval_score = 0.6697
2024-03-31 15:35:44,143 -   eval_score = 0.6862
2024-03-31 15:36:07,002 - ***** Epoch: 10: Eval results *****
2024-03-31 15:36:07,002 -   train_loss = 0.0248
2024-03-31 15:36:07,002 -   best_eval_score = 0.6862
2024-03-31 15:36:07,002 -   eval_score = 0.6781
2024-03-31 15:36:07,002 - EarlyStopping counter: 1 out of 8
2024-03-31 15:36:33,806 - ***** Epoch: 11: Eval results *****
2024-03-31 15:36:33,806 -   train_loss = 0.0144
2024-03-31 15:36:33,806 -   best_eval_score = 0.6862
2024-03-31 15:36:33,806 -   eval_score = 0.6739
2024-03-31 15:36:33,806 - EarlyStopping counter: 2 out of 8
2024-03-31 15:36:57,647 - ***** Epoch: 12: Eval results *****
2024-03-31 15:36:57,647 -   train_loss = 0.013
2024-03-31 15:36:57,647 -   best_eval_score = 0.6862
2024-03-31 15:36:57,647 -   eval_score = 0.6699
2024-03-31 15:36:57,647 - EarlyStopping counter: 3 out of 8
2024-03-31 15:37:22,085 - ***** Epoch: 13: Eval results *****
2024-03-31 15:37:22,085 -   train_loss = 0.012
2024-03-31 15:37:22,085 -   best_eval_score = 0.6862
2024-03-31 15:37:22,085 -   eval_score = 0.6602
2024-03-31 15:37:22,085 - EarlyStopping counter: 4 out of 8
2024-03-31 15:37:45,146 - ***** Epoch: 14: Eval results *****
2024-03-31 15:37:45,146 -   train_loss = 0.0109
2024-03-31 15:37:45,146 -   best_eval_score = 0.6862
2024-03-31 15:37:45,146 -   eval_score = 0.6614
2024-03-31 15:37:45,146 - EarlyStopping counter: 5 out of 8
2024-03-31 15:38:08,069 - ***** Epoch: 15: Eval results *****
2024-03-31 15:38:08,070 -   train_loss = 0.0107
2024-03-31 15:38:08,070 -   best_eval_score = 0.6862
2024-03-31 15:38:08,070 -   eval_score = 0.6641
2024-03-31 15:38:08,070 - EarlyStopping counter: 6 out of 8
2024-03-31 15:38:32,041 - ***** Epoch: 16: Eval results *****
2024-03-31 15:38:32,041 -   train_loss = 0.0101
2024-03-31 15:38:32,041 -   best_eval_score = 0.6862
2024-03-31 15:38:32,041 -   eval_score = 0.657
2024-03-31 15:38:32,041 - EarlyStopping counter: 7 out of 8
2024-03-31 15:38:56,903 - ***** Epoch: 17: Eval results *****
2024-03-31 15:38:56,904 -   train_loss = 0.0099
2024-03-31 15:38:56,904 -   best_eval_score = 0.6862
2024-03-31 15:38:56,904 -   eval_score = 0.6625
2024-03-31 15:38:56,904 - EarlyStopping counter: 8 out of 8
2024-03-31 15:38:56,904 - EarlyStopping at epoch 17
2024-03-31 15:38:56,913 - Training is finished...
2024-03-31 15:38:56,914 - Testing begins...
2024-03-31 15:39:01,673 - ***** Test: Confusion Matrix *****
2024-03-31 15:39:01,675 - [[35  3  0  0  8  0  1  0  0  2  1  0  6  1  0  0  0  0  0  0]
 [ 1 34  0  1  0  3  1  0  0  0  0  1  2  0  0  0  0  0  0  0]
 [ 1  0 26  0  0  0  0  0  0  0  0  0  0  0  0  0  0  0  0  0]
 [ 0  1  0 24  0  0  0  0  0  0  0  0  0  0  0  0  0  0  0  0]
 [ 4  0  0  0 10  0  2  0  1  2  0  1  1  0  1  0  0  1  0  0]
 [ 0  0  0  0  0 11  0  0  0  0  0  0  0  0  1  0  0  0  0  0]
 [ 1  0  0  0  2  0  4  0  1  0  0  0  1  0  1  1  1  0  0  0]
 [ 3  0  0  0  0  0  0  6  0  1  0  0  0  0  0  0  0  0  0  0]
 [ 0  0  0  0  0  0  0  3  4  0  0  0  0  2  0  1  0  0  0  0]
 [ 1  0  0  0  0  0  1  0  0  4  0  0  0  0  0  2  0  1  0  1]
 [ 0  0  0  0  0  0  1  1  0  2 12  0  0  0  1  0  1  0  0  0]
 [ 0  0  0  0  0  0  1  0  0  0  0 16  0  0  0  0  0  0  1  1]
 [ 3  1  0  0  1  0  0  3  0  0  1  2 35  2  5  0  2  0  1  1]
 [ 1  1  0  0  0  0  0  0  0  0  1  1  0 19  1  1  0  0  0  0]
 [ 0  0  0  0  0  0  0  0  0  0  0  0  1  1 18  0  1  0  0  1]
 [ 0  0  0  0  0  0  0  1  0  0  0  0  3  1  0 16  0  0  0  0]
 [ 0  0  0  0  0  0  0  0  0  0  0  0  2  0  3  0 12  0  0  0]
 [ 0  0  0  0  0  0  0  0  0  1  2  0  2  0  0  0  0 10  0  0]
 [ 0  0  0  0  0  0  0  0  0  0  0  0  2  0  0  1  0  0  9  0]
 [ 0  0  0  0  0  0  0  0  0  0  0  0  0  0  1  0  1  0  0  8]]
2024-03-31 15:39:01,675 - ***** Evaluation results *****
2024-03-31 15:39:01,675 -   acc = 0.7034
2024-03-31 15:39:01,675 -   f1 = 0.6815
2024-03-31 15:39:01,675 -   prec = 0.6837
2024-03-31 15:39:01,675 -   rec = 0.6899
2024-03-31 15:39:01,675 - Testing is finished...
2024-03-31 15:39:01,675 - Multimodal intent recognition is finished...
2024-03-31 15:39:01,675 - Results are saved in results/msz.csv
