2024-03-09 19:59:49,601 - ============================== Params ==============================
2024-03-09 19:59:49,601 - logger_name: msz_MIntRec_multi-class_seed-1_2024-03-09-19-59-49
2024-03-09 19:59:49,601 - dataset: MIntRec
2024-03-09 19:59:49,602 - data_mode: multi-class
2024-03-09 19:59:49,602 - method: msz
2024-03-09 19:59:49,602 - text_backbone: bert-base-uncased
2024-03-09 19:59:49,602 - text_backbone_path: /home/sharing/disk1/pretrained_embedding/bert/uncased_L-12_H-768_A-12/
2024-03-09 19:59:49,602 - seed: 1
2024-03-09 19:59:49,602 - num_workers: 8
2024-03-09 19:59:49,602 - gpu_id: 2
2024-03-09 19:59:49,602 - data_path: /home/sharing/disk2/sjh/intentDataset
2024-03-09 19:59:49,602 - train: True
2024-03-09 19:59:49,602 - tune: True
2024-03-09 19:59:49,602 - save_model: False
2024-03-09 19:59:49,602 - save_results: True
2024-03-09 19:59:49,602 - log_path: logs
2024-03-09 19:59:49,602 - cache_path: 
2024-03-09 19:59:49,602 - video_data_path: video_data
2024-03-09 19:59:49,602 - audio_data_path: audio_data
2024-03-09 19:59:49,602 - video_feats_path: video_feats.pkl
2024-03-09 19:59:49,602 - audio_feats_path: audio_feats.pkl
2024-03-09 19:59:49,602 - results_path: results
2024-03-09 19:59:49,602 - output_path: /home/sharing/disk2/sjh/Outputs/MIntRec
2024-03-09 19:59:49,602 - model_path: models
2024-03-09 19:59:49,602 - config_file_name: msz_MIntRec
2024-03-09 19:59:49,602 - results_file_name: msz.csv
2024-03-09 19:59:49,602 - padding_mode: zero
2024-03-09 19:59:49,602 - padding_loc: end
2024-03-09 19:59:49,602 - need_aligned: False
2024-03-09 19:59:49,602 - eval_monitor: f1
2024-03-09 19:59:49,602 - train_batch_size: 16
2024-03-09 19:59:49,602 - eval_batch_size: 8
2024-03-09 19:59:49,602 - test_batch_size: 8
2024-03-09 19:59:49,602 - wait_patience: 8
2024-03-09 19:59:49,602 - hidden_dims: 768
2024-03-09 19:59:49,602 - intermediate_size: 768
2024-03-09 19:59:49,602 - position_embedding_type: absolute
2024-03-09 19:59:49,602 - batch_first: True
2024-03-09 19:59:49,602 - d_num_attention_heads: 8
2024-03-09 19:59:49,602 - d_attention_probs_dropout_prob: 0.2
2024-03-09 19:59:49,602 - d_hidden_dropout_prob: 0.2
2024-03-09 19:59:49,602 - d_num_hidden_layers: 10
2024-03-09 19:59:49,602 - d_max_position_embeddings: 768
2024-03-09 19:59:49,602 - m_num_attention_heads: 12
2024-03-09 19:59:49,602 - m_attention_probs_dropout_prob: 0.1
2024-03-09 19:59:49,602 - m_hidden_dropout_prob: 0.2
2024-03-09 19:59:49,603 - m_num_hidden_layers: 8
2024-03-09 19:59:49,603 - m_max_position_embeddings: 768
2024-03-09 19:59:49,603 - dropout: 0.1
2024-03-09 19:59:49,603 - aligned_method: conv1d
2024-03-09 19:59:49,603 - num_train_epochs: 100
2024-03-09 19:59:49,603 - lr: 8e-06
2024-03-09 19:59:49,603 - lr_mode: min
2024-03-09 19:59:49,603 - pred_output_path: /home/sharing/disk2/sjh/Outputs/MIntRec/msz_MIntRec_multi-class_seed-1_2024-03-09-19-59-49
2024-03-09 19:59:49,603 - model_output_path: /home/sharing/disk2/sjh/Outputs/MIntRec/msz_MIntRec_multi-class_seed-1_2024-03-09-19-59-49/models
2024-03-09 19:59:49,603 - num_labels: 20
2024-03-09 19:59:49,603 - text_feat_dim: 768
2024-03-09 19:59:49,603 - video_feat_dim: 256
2024-03-09 19:59:49,603 - audio_feat_dim: 768
2024-03-09 19:59:49,603 - text_seq_len: 30
2024-03-09 19:59:49,603 - video_seq_len: 230
2024-03-09 19:59:49,603 - audio_seq_len: 480
2024-03-09 19:59:49,603 - device: cuda:2
2024-03-09 19:59:49,603 - ============================== End Params ==============================
2024-03-09 19:59:49,605 - Generate Text Features Begin...
2024-03-09 19:59:49,979 - Generate Text Features Finished...
2024-03-09 19:59:49,980 - Load Video Features Begin...
2024-03-09 19:59:50,227 - Load Video Features Finished...
2024-03-09 19:59:50,672 - Load Audio Features Begin...
2024-03-09 19:59:51,427 - Load Audio Features Finished...
2024-03-09 19:59:53,539 - method  begins...
2024-03-09 19:59:55,450 - Multimodal intent recognition begins...
2024-03-09 19:59:55,450 - Training begins...
2024-03-09 20:00:17,700 - ***** Epoch: 1: Eval results *****
2024-03-09 20:00:17,700 -   train_loss = 2.5515
2024-03-09 20:00:17,700 -   best_eval_score = 0.0
2024-03-09 20:00:17,700 -   eval_score = 0.3392
2024-03-09 20:00:39,585 - ***** Epoch: 2: Eval results *****
2024-03-09 20:00:39,585 -   train_loss = 1.4321
2024-03-09 20:00:39,585 -   best_eval_score = 0.3392
2024-03-09 20:00:39,585 -   eval_score = 0.5649
2024-03-09 20:01:02,417 - ***** Epoch: 3: Eval results *****
2024-03-09 20:01:02,417 -   train_loss = 0.7395
2024-03-09 20:01:02,417 -   best_eval_score = 0.5649
2024-03-09 20:01:02,417 -   eval_score = 0.6104
2024-03-09 20:01:24,432 - ***** Epoch: 4: Eval results *****
2024-03-09 20:01:24,432 -   train_loss = 0.4041
2024-03-09 20:01:24,432 -   best_eval_score = 0.6104
2024-03-09 20:01:24,432 -   eval_score = 0.6448
2024-03-09 20:01:46,652 - ***** Epoch: 5: Eval results *****
2024-03-09 20:01:46,652 -   train_loss = 0.2163
2024-03-09 20:01:46,652 -   best_eval_score = 0.6448
2024-03-09 20:01:46,652 -   eval_score = 0.666
2024-03-09 20:02:08,954 - ***** Epoch: 6: Eval results *****
2024-03-09 20:02:08,955 -   train_loss = 0.1115
2024-03-09 20:02:08,955 -   best_eval_score = 0.666
2024-03-09 20:02:08,955 -   eval_score = 0.6954
2024-03-09 20:02:31,420 - ***** Epoch: 7: Eval results *****
2024-03-09 20:02:31,420 -   train_loss = 0.0535
2024-03-09 20:02:31,420 -   best_eval_score = 0.6954
2024-03-09 20:02:31,420 -   eval_score = 0.6814
2024-03-09 20:02:31,420 - EarlyStopping counter: 1 out of 8
2024-03-09 20:02:53,679 - ***** Epoch: 8: Eval results *****
2024-03-09 20:02:53,679 -   train_loss = 0.033
2024-03-09 20:02:53,679 -   best_eval_score = 0.6954
2024-03-09 20:02:53,679 -   eval_score = 0.6745
2024-03-09 20:02:53,679 - EarlyStopping counter: 2 out of 8
2024-03-09 20:03:16,579 - ***** Epoch: 9: Eval results *****
2024-03-09 20:03:16,579 -   train_loss = 0.0202
2024-03-09 20:03:16,579 -   best_eval_score = 0.6954
2024-03-09 20:03:16,579 -   eval_score = 0.698
2024-03-09 20:03:39,304 - ***** Epoch: 10: Eval results *****
2024-03-09 20:03:39,305 -   train_loss = 0.017
2024-03-09 20:03:39,305 -   best_eval_score = 0.698
2024-03-09 20:03:39,305 -   eval_score = 0.6908
2024-03-09 20:03:39,305 - EarlyStopping counter: 1 out of 8
2024-03-09 20:04:01,110 - ***** Epoch: 11: Eval results *****
2024-03-09 20:04:01,110 -   train_loss = 0.0114
2024-03-09 20:04:01,110 -   best_eval_score = 0.698
2024-03-09 20:04:01,110 -   eval_score = 0.6939
2024-03-09 20:04:01,110 - EarlyStopping counter: 2 out of 8
2024-03-09 20:04:23,040 - ***** Epoch: 12: Eval results *****
2024-03-09 20:04:23,040 -   train_loss = 0.0106
2024-03-09 20:04:23,040 -   best_eval_score = 0.698
2024-03-09 20:04:23,041 -   eval_score = 0.695
2024-03-09 20:04:23,041 - EarlyStopping counter: 3 out of 8
2024-03-09 20:04:45,648 - ***** Epoch: 13: Eval results *****
2024-03-09 20:04:45,648 -   train_loss = 0.0108
2024-03-09 20:04:45,648 -   best_eval_score = 0.698
2024-03-09 20:04:45,648 -   eval_score = 0.694
2024-03-09 20:04:45,648 - EarlyStopping counter: 4 out of 8
2024-03-09 20:05:07,185 - ***** Epoch: 14: Eval results *****
2024-03-09 20:05:07,186 -   train_loss = 0.0113
2024-03-09 20:05:07,186 -   best_eval_score = 0.698
2024-03-09 20:05:07,186 -   eval_score = 0.6968
2024-03-09 20:05:07,186 - EarlyStopping counter: 5 out of 8
2024-03-09 20:05:30,083 - ***** Epoch: 15: Eval results *****
2024-03-09 20:05:30,083 -   train_loss = 0.011
2024-03-09 20:05:30,083 -   best_eval_score = 0.698
2024-03-09 20:05:30,083 -   eval_score = 0.6917
2024-03-09 20:05:30,083 - EarlyStopping counter: 6 out of 8
2024-03-09 20:05:52,623 - ***** Epoch: 16: Eval results *****
2024-03-09 20:05:52,623 -   train_loss = 0.0099
2024-03-09 20:05:52,623 -   best_eval_score = 0.698
2024-03-09 20:05:52,623 -   eval_score = 0.6947
2024-03-09 20:05:52,623 - EarlyStopping counter: 7 out of 8
2024-03-09 20:06:15,033 - ***** Epoch: 17: Eval results *****
2024-03-09 20:06:15,034 -   train_loss = 0.0091
2024-03-09 20:06:15,034 -   best_eval_score = 0.698
2024-03-09 20:06:15,034 -   eval_score = 0.693
2024-03-09 20:06:15,034 - EarlyStopping counter: 8 out of 8
2024-03-09 20:06:15,034 - EarlyStopping at epoch 17
2024-03-09 20:06:15,037 - Training is finished...
2024-03-09 20:06:15,038 - Testing begins...
2024-03-09 20:06:19,050 - ***** Test: Confusion Matrix *****
2024-03-09 20:06:19,051 - [[39  3  0  0  7  0  0  1  1  1  1  0  3  1  0  0  0  0  0  0]
 [ 0 34  0  1  0  3  1  0  0  0  1  0  2  0  1  0  0  0  0  0]
 [ 1  0 26  0  0  0  0  0  0  0  0  0  0  0  0  0  0  0  0  0]
 [ 0  1  0 24  0  0  0  0  0  0  0  0  0  0  0  0  0  0  0  0]
 [ 7  0  0  0 10  0  1  0  0  0  0  1  1  0  1  0  0  2  0  0]
 [ 0  0  0  0  0 11  0  0  0  0  0  0  1  0  0  0  0  0  0  0]
 [ 1  1  0  0  2  0  3  0  2  0  0  0  1  0  0  1  1  0  0  0]
 [ 3  0  0  0  0  0  0  4  1  2  0  0  0  0  0  0  0  0  0  0]
 [ 1  0  0  0  0  0  0  2  4  0  0  0  0  2  0  1  0  0  0  0]
 [ 1  0  0  0  0  0  1  0  0  4  1  0  0  0  0  2  0  1  0  0]
 [ 1  0  0  0  0  0  1  0  0  3 12  0  0  0  1  0  0  0  0  0]
 [ 0  0  0  0  0  0  1  0  0  0  0 16  0  0  0  0  0  0  1  1]
 [ 4  3  0  0  1  0  0  0  0  0  0  1 39  3  4  1  1  0  0  0]
 [ 0  0  0  0  0  0  2  0  0  0  1  1  0 19  1  1  0  0  0  0]
 [ 0  0  0  0  1  0  0  0  0  0  0  0  0  2 15  0  1  0  0  3]
 [ 0  0  0  0  0  0  0  1  0  0  0  0  3  0  0 16  0  0  0  1]
 [ 0  0  0  0  0  0  0  1  0  0  0  0  1  0  3  0 11  0  0  1]
 [ 0  0  0  0  0  0  0  0  0  1  2  0  2  0  0  0  0 10  0  0]
 [ 0  0  0  0  0  0  0  0  0  0  0  0  2  0  0  1  0  0  9  0]
 [ 1  0  0  0  0  0  0  0  0  0  0  0  0  1  1  0  0  0  0  7]]
2024-03-09 20:06:19,051 - ***** Evaluation results *****
2024-03-09 20:06:19,051 -   acc = 0.7034
2024-03-09 20:06:19,051 -   f1 = 0.6673
2024-03-09 20:06:19,051 -   prec = 0.6721
2024-03-09 20:06:19,051 -   rec = 0.668
2024-03-09 20:06:19,051 - Testing is finished...
2024-03-09 20:06:19,051 - Multimodal intent recognition is finished...
2024-03-09 20:06:19,051 - Results are saved in results/msz.csv
