2024-05-08 10:37:26,237 - ============================== Params ==============================
2024-05-08 10:37:26,237 - logger_name: msz_MIntRec2_multi-class_seed-5_2024-05-08-10-37-26
2024-05-08 10:37:26,237 - dataset: MIntRec2
2024-05-08 10:37:26,237 - data_mode: multi-class
2024-05-08 10:37:26,237 - method: msz
2024-05-08 10:37:26,237 - text_backbone: bert-base-uncased
2024-05-08 10:37:26,237 - text_backbone_path: /home/sharing/disk1/pretrained_embedding/bert/uncased_L-12_H-768_A-12/
2024-05-08 10:37:26,237 - seed: 5
2024-05-08 10:37:26,237 - num_workers: 8
2024-05-08 10:37:26,237 - gpu_id: 1
2024-05-08 10:37:26,237 - data_path: /home/sharing/disk2/sjh/intentDataset
2024-05-08 10:37:26,237 - train: True
2024-05-08 10:37:26,237 - tune: True
2024-05-08 10:37:26,237 - save_model: False
2024-05-08 10:37:26,237 - save_results: True
2024-05-08 10:37:26,237 - log_path: logs
2024-05-08 10:37:26,237 - cache_path: 
2024-05-08 10:37:26,237 - video_data_path: video_data
2024-05-08 10:37:26,237 - audio_data_path: audio_data
2024-05-08 10:37:26,237 - video_feats_path: video_feats.pkl
2024-05-08 10:37:26,237 - audio_feats_path: audio_feats.pkl
2024-05-08 10:37:26,237 - results_path: results
2024-05-08 10:37:26,237 - output_path: /home/sharing/disk2/sjh/Outputs/ablation_MIntRec2
2024-05-08 10:37:26,237 - model_path: models
2024-05-08 10:37:26,237 - config_file_name: msz_MIntRec2
2024-05-08 10:37:26,237 - results_file_name: ablation_msz.csv
2024-05-08 10:37:26,237 - ablation: no_audio
2024-05-08 10:37:26,237 - padding_mode: zero
2024-05-08 10:37:26,237 - padding_loc: end
2024-05-08 10:37:26,237 - need_aligned: False
2024-05-08 10:37:26,237 - eval_monitor: f1
2024-05-08 10:37:26,237 - train_batch_size: 32
2024-05-08 10:37:26,238 - eval_batch_size: 16
2024-05-08 10:37:26,238 - test_batch_size: 16
2024-05-08 10:37:26,238 - wait_patience: 8
2024-05-08 10:37:26,238 - hidden_dims: 768
2024-05-08 10:37:26,238 - num_attention_heads: 6
2024-05-08 10:37:26,238 - attention_probs_dropout_prob: 0.3
2024-05-08 10:37:26,238 - hidden_dropout_prob: 0.5
2024-05-08 10:37:26,238 - intermediate_size: 768
2024-05-08 10:37:26,238 - num_hidden_layers: 6
2024-05-08 10:37:26,238 - max_position_embeddings: 1000
2024-05-08 10:37:26,238 - position_embedding_type: absolute
2024-05-08 10:37:26,238 - batch_first: True
2024-05-08 10:37:26,238 - dropout: 0.2
2024-05-08 10:37:26,238 - aligned_method: conv1d
2024-05-08 10:37:26,238 - num_train_epochs: 100
2024-05-08 10:37:26,238 - lr: 5e-06
2024-05-08 10:37:26,238 - lr_mode: max
2024-05-08 10:37:26,238 - patience: 5
2024-05-08 10:37:26,238 - factor: 0.2
2024-05-08 10:37:26,238 - pred_output_path: /home/sharing/disk2/sjh/Outputs/ablation_MIntRec2/msz_MIntRec2_multi-class_seed-5_2024-05-08-10-37-26
2024-05-08 10:37:26,238 - model_output_path: /home/sharing/disk2/sjh/Outputs/ablation_MIntRec2/msz_MIntRec2_multi-class_seed-5_2024-05-08-10-37-26/models
2024-05-08 10:37:26,238 - ============================== End Params ==============================
2024-05-08 10:37:26,250 - Generate Text Features Begin...
2024-05-08 10:37:27,881 - Generate Text Features Finished...
2024-05-08 10:37:27,882 - Load Video Features Begin...
2024-05-08 10:37:28,850 - Load Video Features Finished...
2024-05-08 10:37:30,450 - Load Audio Features Begin...
2024-05-08 10:37:34,501 - Load Audio Features Finished...
2024-05-08 10:37:45,497 - method  begins...
2024-05-08 10:37:47,958 - Multimodal intent recognition begins...
2024-05-08 10:37:47,958 - Training begins...
2024-05-08 10:38:55,824 - ***** Epoch: 1: Eval results *****
2024-05-08 10:38:55,824 -   train_loss = 2.812
2024-05-08 10:38:55,824 -   best_eval_score = 0.0
2024-05-08 10:38:55,824 -   eval_score = 0.2488
2024-05-08 10:40:01,290 - ***** Epoch: 2: Eval results *****
2024-05-08 10:40:01,291 -   train_loss = 1.816
2024-05-08 10:40:01,291 -   best_eval_score = 0.2488
2024-05-08 10:40:01,291 -   eval_score = 0.369
2024-05-08 10:41:07,008 - ***** Epoch: 3: Eval results *****
2024-05-08 10:41:07,008 -   train_loss = 1.4113
2024-05-08 10:41:07,008 -   best_eval_score = 0.369
2024-05-08 10:41:07,008 -   eval_score = 0.4269
2024-05-08 10:42:13,178 - ***** Epoch: 4: Eval results *****
2024-05-08 10:42:13,178 -   train_loss = 1.1792
2024-05-08 10:42:13,178 -   best_eval_score = 0.4269
2024-05-08 10:42:13,179 -   eval_score = 0.4676
2024-05-08 10:43:18,615 - ***** Epoch: 5: Eval results *****
2024-05-08 10:43:18,615 -   train_loss = 1.0129
2024-05-08 10:43:18,615 -   best_eval_score = 0.4676
2024-05-08 10:43:18,615 -   eval_score = 0.4932
2024-05-08 10:44:23,639 - ***** Epoch: 6: Eval results *****
2024-05-08 10:44:23,639 -   train_loss = 0.8547
2024-05-08 10:44:23,640 -   best_eval_score = 0.4932
2024-05-08 10:44:23,640 -   eval_score = 0.4997
2024-05-08 10:45:29,063 - ***** Epoch: 7: Eval results *****
2024-05-08 10:45:29,063 -   train_loss = 0.7163
2024-05-08 10:45:29,063 -   best_eval_score = 0.4997
2024-05-08 10:45:29,063 -   eval_score = 0.4886
2024-05-08 10:45:29,063 - EarlyStopping counter: 1 out of 8
2024-05-08 10:46:34,747 - ***** Epoch: 8: Eval results *****
2024-05-08 10:46:34,747 -   train_loss = 0.5628
2024-05-08 10:46:34,747 -   best_eval_score = 0.4997
2024-05-08 10:46:34,747 -   eval_score = 0.5014
2024-05-08 10:47:40,826 - ***** Epoch: 9: Eval results *****
2024-05-08 10:47:40,826 -   train_loss = 0.5354
2024-05-08 10:47:40,826 -   best_eval_score = 0.5014
2024-05-08 10:47:40,826 -   eval_score = 0.512
2024-05-08 10:48:46,291 - ***** Epoch: 10: Eval results *****
2024-05-08 10:48:46,292 -   train_loss = 0.5014
2024-05-08 10:48:46,292 -   best_eval_score = 0.512
2024-05-08 10:48:46,292 -   eval_score = 0.5103
2024-05-08 10:48:46,292 - EarlyStopping counter: 1 out of 8
2024-05-08 10:49:52,051 - ***** Epoch: 11: Eval results *****
2024-05-08 10:49:52,051 -   train_loss = 0.4841
2024-05-08 10:49:52,051 -   best_eval_score = 0.512
2024-05-08 10:49:52,051 -   eval_score = 0.5147
2024-05-08 10:50:58,049 - ***** Epoch: 12: Eval results *****
2024-05-08 10:50:58,049 -   train_loss = 0.4579
2024-05-08 10:50:58,049 -   best_eval_score = 0.5147
2024-05-08 10:50:58,050 -   eval_score = 0.5082
2024-05-08 10:50:58,050 - EarlyStopping counter: 1 out of 8
2024-05-08 10:52:03,579 - ***** Epoch: 13: Eval results *****
2024-05-08 10:52:03,579 -   train_loss = 0.4411
2024-05-08 10:52:03,579 -   best_eval_score = 0.5147
2024-05-08 10:52:03,580 -   eval_score = 0.5153
2024-05-08 10:53:09,093 - ***** Epoch: 14: Eval results *****
2024-05-08 10:53:09,093 -   train_loss = 0.4118
2024-05-08 10:53:09,093 -   best_eval_score = 0.5153
2024-05-08 10:53:09,093 -   eval_score = 0.5121
2024-05-08 10:53:09,093 - EarlyStopping counter: 1 out of 8
2024-05-08 10:54:14,897 - ***** Epoch: 15: Eval results *****
2024-05-08 10:54:14,897 -   train_loss = 0.4013
2024-05-08 10:54:14,897 -   best_eval_score = 0.5153
2024-05-08 10:54:14,897 -   eval_score = 0.5117
2024-05-08 10:54:14,897 - EarlyStopping counter: 2 out of 8
2024-05-08 10:55:20,694 - ***** Epoch: 16: Eval results *****
2024-05-08 10:55:20,694 -   train_loss = 0.4085
2024-05-08 10:55:20,695 -   best_eval_score = 0.5153
2024-05-08 10:55:20,695 -   eval_score = 0.5098
2024-05-08 10:55:20,695 - EarlyStopping counter: 3 out of 8
2024-05-08 10:56:26,615 - ***** Epoch: 17: Eval results *****
2024-05-08 10:56:26,616 -   train_loss = 0.398
2024-05-08 10:56:26,616 -   best_eval_score = 0.5153
2024-05-08 10:56:26,616 -   eval_score = 0.5094
2024-05-08 10:56:26,616 - EarlyStopping counter: 4 out of 8
2024-05-08 10:57:32,495 - ***** Epoch: 18: Eval results *****
2024-05-08 10:57:32,495 -   train_loss = 0.3991
2024-05-08 10:57:32,495 -   best_eval_score = 0.5153
2024-05-08 10:57:32,495 -   eval_score = 0.5119
2024-05-08 10:57:32,495 - EarlyStopping counter: 5 out of 8
2024-05-08 10:58:37,705 - ***** Epoch: 19: Eval results *****
2024-05-08 10:58:37,705 -   train_loss = 0.3868
2024-05-08 10:58:37,705 -   best_eval_score = 0.5153
2024-05-08 10:58:37,705 -   eval_score = 0.513
2024-05-08 10:58:37,705 - EarlyStopping counter: 6 out of 8
2024-05-08 10:59:42,865 - ***** Epoch: 20: Eval results *****
2024-05-08 10:59:42,865 -   train_loss = 0.3834
2024-05-08 10:59:42,865 -   best_eval_score = 0.5153
2024-05-08 10:59:42,865 -   eval_score = 0.5137
2024-05-08 10:59:42,865 - EarlyStopping counter: 7 out of 8
2024-05-08 11:00:48,232 - ***** Epoch: 21: Eval results *****
2024-05-08 11:00:48,232 -   train_loss = 0.3852
2024-05-08 11:00:48,232 -   best_eval_score = 0.5153
2024-05-08 11:00:48,232 -   eval_score = 0.5133
2024-05-08 11:00:48,232 - EarlyStopping counter: 8 out of 8
2024-05-08 11:00:48,232 - EarlyStopping at epoch 21
2024-05-08 11:00:48,236 - Training is finished...
2024-05-08 11:00:48,236 - Testing begins...
2024-05-08 11:00:56,945 - ***** Test: Confusion Matrix *****
2024-05-08 11:00:56,947 - [[ 46   0  16   0   0   0   0   0   1   0   2   0   0   0   0   0   0   0
    0   0   0   0   1   1   1   0   0   0   0   0]
 [  0  60   0   0   9   1   4   0   0   0   4   1   2   0   3   1   0   8
    0   0   0   1   1   0   1   0   0   1   0   0]
 [  6   0  46   0   1   0   0   0   0   0   1   0   0   2   1   0   0   2
    0   0   0   0   0   2   2   0   0   1   0   0]
 [  0   0   0  61   0   0   0   1   0   0   0   0   0   0   1   0   0   1
    0   0   0   0   0   0   0   0   0   1   0   0]
 [  0   5   0   0  35   0   0   0   1   0   0   0   0   0   0   0   0   3
    0   1   0   1   0   2   1   0   0   0   1   1]
 [  0   2   0   0   2  23   0   0   0   2   0   0   1   0   1   0   0   5
    0   1   0   0   0   0   0   0   0   0   0   0]
 [  0   1   0   0   0   2  31   6   0   1   3   1   3   0   0   0   0   0
    0   0   0   0   0   0   0   0   0   0   0   0]
 [  0   0   0   0   0   0   6  27   0   1   6   0   5   0   0   0   1   0
    0   0   0   0   0   0   0   1   0   0   0   0]
 [  1   3   1   3   1   0   0   0  20   1   0   0   1   0   2   1   0   2
    0   0   0   1   9   0   2   0   0   1   0   0]
 [  0   1   0   1   1   0   0   0   2  52   0   9   7   0  14   0   0   5
    0   0   0   2   2   2   4   1   1   3   0   0]
 [  2   1   0   0   0   2   7   2   0   1  46   0  26   0   2   0   0   2
    0   1   0   0   0   0   1   0   0   0   0   0]
 [  0   0   0   0   0   0   1   1   0   6   1  24   5   0   2   0   0   1
    1   0   0   0   2   0   1   0   0   1   0   1]
 [  0   2   0   0   0   0   5  11   0   6  20   1  87   0   2   0   1   0
    0   0   0   0   0   0   0   0   0   0   0   0]
 [  0   0   2   0   1   0   0   0   0   2   0   0   0   0   4   1   0   2
    4   0   0   0   1   0   0   0   0   0   0   0]
 [  0   4   0   0   1   1   0   0   3   7   2   1   1   0 131   2   0  15
    2   0   0   1  13   1   3   0   1   4   0   0]
 [  0   0   1   0   1   0   0   0   0   6   0   0   0   0   2   4   0   4
    1   0   0   1   0   0   0   0   0   1   1   0]
 [  0   0   0   0   1   0   0   3   1   0   1   0   2   0   0   0  54   0
    3   0   0   0   0   0   0   0   0   1   0   0]
 [  0   5   1   0   6   4   0   0   3  14   1   0   1   0  18   1   1 124
    9   3   0   4   5   8   1   1   1   3   1   2]
 [  0   1   0   0   0   0   0   0   0   4   1   0   0   1   8   0   2   9
   27   1   2   0   1   0   2   0   0   1   0   0]
 [  0   5   0   0   1   0   2   0   0   0   1   0   0   0   0   0   0   0
    0   7   0   1   0   0   0   0   0   0   0   0]
 [  0   1   2   0   2   1   0   0   0   2   0   1   1   0   4   0   0   3
    5   0   1   0   1   1   1   0   1   2   0   0]
 [  6   1   0   0   1   0   0   0   0   4   0   0   0   0   1   0   4   0
    0   0   0  28   0   4   1   1   0   2   0   0]
 [  0   1   3   1   0   0   0   0   1   5   0   2   0   0  12   1   0   3
    0   0   0   0  86   0   0   1   0   1   0   0]
 [  0   2   1   0   1   0   0   0   0   1   0   0   0   0   2   1   0   5
    0   0   0   6   0  19   0   0   0   0   0   0]
 [  1   0   4   0   0   0   0   0   2   1   1   1   0   0   5   0   0   1
    0   0   0   0   0   1  83   1   0  10   2   0]
 [  1   0   0   0   0   0   0   0   1   0   0   0   0   0   0   0   0   2
    0   0   0   0   4   0   1  21   0   0   0   1]
 [  0   0   0   1   0   0   0   0   0   1   0   0   0   0   3   0   0   3
    0   0   0   1   3   0   0   0   5   0   0   0]
 [  0   4   2   0   0   0   0   0   2   9   2   2   4   0   6   0   0   0
    0   0   0   0   1   0   8   1   0  14   1   2]
 [  0   0   0   0   0   0   0   0   0   0   0   0   0   0   1   0   1   0
    0   0   0   0   0   0   0   0   0   0  56   0]
 [  0   1   0   0   1   0   0   0   3   2   1   1   0   0   0   0   0   3
    1   0   0   0   0   0   0   1   0   1   0   4]]
2024-05-08 11:00:56,947 - ***** Evaluation results *****
2024-05-08 11:00:56,947 -   acc = 0.6011
2024-05-08 11:00:56,947 -   f1 = 0.5369
2024-05-08 11:00:56,947 -   prec = 0.5556
2024-05-08 11:00:56,947 -   rec = 0.5353
2024-05-08 11:00:56,947 - Testing is finished...
2024-05-08 11:00:56,947 - Multimodal intent recognition is finished...
2024-05-08 11:00:56,947 - Results are saved in results/ablation_msz.csv
