2024-03-29 19:00:45,826 - ============================== Params ==============================
2024-03-29 19:00:45,826 - logger_name: msz_MIntRec_multi-class_seed-2_2024-03-29-19-00-45
2024-03-29 19:00:45,826 - dataset: MIntRec
2024-03-29 19:00:45,826 - data_mode: multi-class
2024-03-29 19:00:45,826 - method: msz
2024-03-29 19:00:45,826 - text_backbone: bert-base-uncased
2024-03-29 19:00:45,826 - text_backbone_path: /home/sharing/disk1/pretrained_embedding/bert/uncased_L-12_H-768_A-12/
2024-03-29 19:00:45,826 - seed: 2
2024-03-29 19:00:45,826 - num_workers: 8
2024-03-29 19:00:45,826 - gpu_id: 3
2024-03-29 19:00:45,826 - data_path: /home/sharing/disk2/sjh/intentDataset
2024-03-29 19:00:45,826 - train: True
2024-03-29 19:00:45,827 - tune: True
2024-03-29 19:00:45,827 - save_model: False
2024-03-29 19:00:45,827 - save_results: True
2024-03-29 19:00:45,827 - log_path: logs
2024-03-29 19:00:45,827 - cache_path: 
2024-03-29 19:00:45,827 - video_data_path: video_data
2024-03-29 19:00:45,827 - audio_data_path: audio_data
2024-03-29 19:00:45,827 - video_feats_path: video_feats.pkl
2024-03-29 19:00:45,827 - audio_feats_path: audio_feats.pkl
2024-03-29 19:00:45,827 - results_path: results
2024-03-29 19:00:45,827 - output_path: /home/sharing/disk2/sjh/Outputs/MIntRec
2024-03-29 19:00:45,827 - model_path: models
2024-03-29 19:00:45,827 - config_file_name: msz_MIntRec
2024-03-29 19:00:45,827 - results_file_name: msz.csv
2024-03-29 19:00:45,827 - padding_mode: zero
2024-03-29 19:00:45,827 - padding_loc: end
2024-03-29 19:00:45,827 - need_aligned: False
2024-03-29 19:00:45,827 - eval_monitor: f1
2024-03-29 19:00:45,827 - train_batch_size: 16
2024-03-29 19:00:45,827 - eval_batch_size: 8
2024-03-29 19:00:45,827 - test_batch_size: 8
2024-03-29 19:00:45,827 - wait_patience: 8
2024-03-29 19:00:45,827 - hidden_dims: 768
2024-03-29 19:00:45,827 - num_attention_heads: 8
2024-03-29 19:00:45,827 - attention_probs_dropout_prob: 0.2
2024-03-29 19:00:45,827 - hidden_dropout_prob: 0.4
2024-03-29 19:00:45,827 - intermediate_size: 768
2024-03-29 19:00:45,827 - num_hidden_layers: 8
2024-03-29 19:00:45,827 - max_position_embeddings: 768
2024-03-29 19:00:45,827 - position_embedding_type: absolute
2024-03-29 19:00:45,827 - batch_first: True
2024-03-29 19:00:45,827 - dropout: 0.1
2024-03-29 19:00:45,827 - aligned_method: conv1d
2024-03-29 19:00:45,827 - num_train_epochs: 100
2024-03-29 19:00:45,827 - lr: 5e-06
2024-03-29 19:00:45,827 - lr_mode: max
2024-03-29 19:00:45,827 - patience: 4
2024-03-29 19:00:45,827 - factor: 0.4
2024-03-29 19:00:45,827 - pred_output_path: /home/sharing/disk2/sjh/Outputs/MIntRec/msz_MIntRec_multi-class_seed-2_2024-03-29-19-00-45
2024-03-29 19:00:45,828 - model_output_path: /home/sharing/disk2/sjh/Outputs/MIntRec/msz_MIntRec_multi-class_seed-2_2024-03-29-19-00-45/models
2024-03-29 19:00:45,828 - num_labels: 20
2024-03-29 19:00:45,828 - text_feat_dim: 768
2024-03-29 19:00:45,828 - video_feat_dim: 256
2024-03-29 19:00:45,828 - audio_feat_dim: 768
2024-03-29 19:00:45,828 - text_seq_len: 30
2024-03-29 19:00:45,828 - video_seq_len: 230
2024-03-29 19:00:45,828 - audio_seq_len: 480
2024-03-29 19:00:45,828 - device: cuda:3
2024-03-29 19:00:45,828 - ============================== End Params ==============================
2024-03-29 19:00:46,267 - Generate Text Features Begin...
2024-03-29 19:00:47,831 - Generate Text Features Finished...
2024-03-29 19:00:47,846 - Load Video Features Begin...
2024-03-29 19:01:12,608 - Load Video Features Finished...
2024-03-29 19:01:18,345 - Load Audio Features Begin...
2024-03-29 19:02:21,378 - Load Audio Features Finished...
2024-03-29 19:02:40,296 - method  begins...
2024-03-29 19:02:47,449 - Multimodal intent recognition begins...
2024-03-29 19:02:47,458 - Training begins...
2024-03-29 19:03:08,218 - ***** Epoch: 1: Eval results *****
2024-03-29 19:03:08,219 -   train_loss = 2.7062
2024-03-29 19:03:08,219 -   best_eval_score = 0.0
2024-03-29 19:03:08,219 -   eval_score = 0.1519
2024-03-29 19:03:28,827 - ***** Epoch: 2: Eval results *****
2024-03-29 19:03:28,828 -   train_loss = 1.9524
2024-03-29 19:03:28,828 -   best_eval_score = 0.1519
2024-03-29 19:03:28,828 -   eval_score = 0.4469
2024-03-29 19:03:49,357 - ***** Epoch: 3: Eval results *****
2024-03-29 19:03:49,358 -   train_loss = 1.2703
2024-03-29 19:03:49,358 -   best_eval_score = 0.4469
2024-03-29 19:03:49,358 -   eval_score = 0.5539
2024-03-29 19:04:09,631 - ***** Epoch: 4: Eval results *****
2024-03-29 19:04:09,631 -   train_loss = 0.804
2024-03-29 19:04:09,631 -   best_eval_score = 0.5539
2024-03-29 19:04:09,631 -   eval_score = 0.603
2024-03-29 19:04:30,223 - ***** Epoch: 5: Eval results *****
2024-03-29 19:04:30,223 -   train_loss = 0.5153
2024-03-29 19:04:30,223 -   best_eval_score = 0.603
2024-03-29 19:04:30,223 -   eval_score = 0.652
2024-03-29 19:04:50,477 - ***** Epoch: 6: Eval results *****
2024-03-29 19:04:50,477 -   train_loss = 0.3113
2024-03-29 19:04:50,477 -   best_eval_score = 0.652
2024-03-29 19:04:50,478 -   eval_score = 0.6875
2024-03-29 19:05:10,761 - ***** Epoch: 7: Eval results *****
2024-03-29 19:05:10,762 -   train_loss = 0.1989
2024-03-29 19:05:10,762 -   best_eval_score = 0.6875
2024-03-29 19:05:10,762 -   eval_score = 0.6963
2024-03-29 19:05:31,718 - ***** Epoch: 8: Eval results *****
2024-03-29 19:05:31,718 -   train_loss = 0.1569
2024-03-29 19:05:31,718 -   best_eval_score = 0.6963
2024-03-29 19:05:31,718 -   eval_score = 0.7006
2024-03-29 19:05:52,300 - ***** Epoch: 9: Eval results *****
2024-03-29 19:05:52,301 -   train_loss = 0.1322
2024-03-29 19:05:52,301 -   best_eval_score = 0.7006
2024-03-29 19:05:52,301 -   eval_score = 0.7031
2024-03-29 19:06:12,397 - ***** Epoch: 10: Eval results *****
2024-03-29 19:06:12,397 -   train_loss = 0.1073
2024-03-29 19:06:12,397 -   best_eval_score = 0.7031
2024-03-29 19:06:12,397 -   eval_score = 0.697
2024-03-29 19:06:12,397 - EarlyStopping counter: 1 out of 8
2024-03-29 19:06:32,774 - ***** Epoch: 11: Eval results *****
2024-03-29 19:06:32,774 -   train_loss = 0.0894
2024-03-29 19:06:32,775 -   best_eval_score = 0.7031
2024-03-29 19:06:32,775 -   eval_score = 0.6934
2024-03-29 19:06:32,775 - EarlyStopping counter: 2 out of 8
2024-03-29 19:06:53,632 - ***** Epoch: 12: Eval results *****
2024-03-29 19:06:53,633 -   train_loss = 0.0714
2024-03-29 19:06:53,633 -   best_eval_score = 0.7031
2024-03-29 19:06:53,633 -   eval_score = 0.6895
2024-03-29 19:06:53,633 - EarlyStopping counter: 3 out of 8
2024-03-29 19:07:14,300 - ***** Epoch: 13: Eval results *****
2024-03-29 19:07:14,300 -   train_loss = 0.0654
2024-03-29 19:07:14,301 -   best_eval_score = 0.7031
2024-03-29 19:07:14,301 -   eval_score = 0.6895
2024-03-29 19:07:14,301 - EarlyStopping counter: 4 out of 8
2024-03-29 19:07:34,585 - ***** Epoch: 14: Eval results *****
2024-03-29 19:07:34,586 -   train_loss = 0.0611
2024-03-29 19:07:34,586 -   best_eval_score = 0.7031
2024-03-29 19:07:34,586 -   eval_score = 0.6977
2024-03-29 19:07:34,586 - EarlyStopping counter: 5 out of 8
2024-03-29 19:07:55,206 - ***** Epoch: 15: Eval results *****
2024-03-29 19:07:55,207 -   train_loss = 0.0566
2024-03-29 19:07:55,207 -   best_eval_score = 0.7031
2024-03-29 19:07:55,207 -   eval_score = 0.6905
2024-03-29 19:07:55,207 - EarlyStopping counter: 6 out of 8
2024-03-29 19:08:15,493 - ***** Epoch: 16: Eval results *****
2024-03-29 19:08:15,501 -   train_loss = 0.0523
2024-03-29 19:08:15,501 -   best_eval_score = 0.7031
2024-03-29 19:08:15,501 -   eval_score = 0.6871
2024-03-29 19:08:15,502 - EarlyStopping counter: 7 out of 8
2024-03-29 19:08:35,491 - ***** Epoch: 17: Eval results *****
2024-03-29 19:08:35,492 -   train_loss = 0.0469
2024-03-29 19:08:35,492 -   best_eval_score = 0.7031
2024-03-29 19:08:35,492 -   eval_score = 0.6817
2024-03-29 19:08:35,492 - EarlyStopping counter: 8 out of 8
2024-03-29 19:08:35,492 - EarlyStopping at epoch 17
2024-03-29 19:08:35,497 - Training is finished...
2024-03-29 19:08:35,497 - Testing begins...
2024-03-29 19:08:39,660 - ***** Test: Confusion Matrix *****
2024-03-29 19:08:39,661 - [[39  2  0  0  8  0  1  0  0  1  1  0  4  1  0  0  0  0  0  0]
 [ 0 34  0  1  0  3  1  0  0  0  1  0  2  0  1  0  0  0  0  0]
 [ 1  0 26  0  0  0  0  0  0  0  0  0  0  0  0  0  0  0  0  0]
 [ 0  0  0 25  0  0  0  0  0  0  0  0  0  0  0  0  0  0  0  0]
 [ 5  0  0  0 11  0  2  0  0  0  0  1  2  1  0  0  0  1  0  0]
 [ 0  0  0  0  0 12  0  0  0  0  0  0  0  0  0  0  0  0  0  0]
 [ 1  1  0  0  3  0  2  0  3  0  0  0  1  0  0  0  1  0  0  0]
 [ 3  1  0  0  0  0  0  5  0  1  0  0  0  0  0  0  0  0  0  0]
 [ 1  0  0  0  0  0  0  3  5  0  0  0  0  1  0  0  0  0  0  0]
 [ 1  0  0  0  1  0  0  0  0  4  0  0  0  0  0  2  1  1  0  0]
 [ 0  1  0  0  0  0  1  0  0  2 13  0  0  0  1  0  0  0  0  0]
 [ 0  0  0  0  1  0  1  0  0  0  0 15  0  0  0  0  0  0  1  1]
 [ 3  1  0  0  1  0  0  0  0  0  1  1 40  1  2  2  3  0  1  1]
 [ 0  0  0  0  0  0  2  1  0  0  1  1  1 17  2  0  0  0  0  0]
 [ 0  0  0  0  1  0  0  0  0  0  0  0  2  2 15  0  1  0  0  1]
 [ 0  0  0  0  0  0  0  1  0  0  0  0  4  0  0 15  0  0  0  1]
 [ 0  0  0  0  0  0  0  0  0  0  0  0  3  0  1  0 13  0  0  0]
 [ 0  0  0  0  0  0  0  0  0  1  1  0  2  0  0  0  0 11  0  0]
 [ 0  0  0  0  0  0  0  0  0  0  0  0  2  0  0  1  0  0  9  0]
 [ 0  0  0  0  0  0  0  0  0  0  0  0  1  1  1  0  2  0  0  5]]
2024-03-29 19:08:39,661 - ***** Evaluation results *****
2024-03-29 19:08:39,661 -   acc = 0.7101
2024-03-29 19:08:39,661 -   f1 = 0.6773
2024-03-29 19:08:39,661 -   prec = 0.6828
2024-03-29 19:08:39,661 -   rec = 0.676
2024-03-29 19:08:39,661 - Testing is finished...
2024-03-29 19:08:39,661 - Multimodal intent recognition is finished...
2024-03-29 19:08:39,661 - Results are saved in results/msz.csv
