2024-05-08 05:12:38,312 - ============================== Params ==============================
2024-05-08 05:12:38,312 - logger_name: msz_MIntRec2_multi-class_seed-1_2024-05-08-05-12-38
2024-05-08 05:12:38,312 - dataset: MIntRec2
2024-05-08 05:12:38,312 - data_mode: multi-class
2024-05-08 05:12:38,312 - method: msz
2024-05-08 05:12:38,312 - text_backbone: bert-base-uncased
2024-05-08 05:12:38,312 - text_backbone_path: /home/sharing/disk1/pretrained_embedding/bert/uncased_L-12_H-768_A-12/
2024-05-08 05:12:38,312 - seed: 1
2024-05-08 05:12:38,313 - num_workers: 8
2024-05-08 05:12:38,313 - gpu_id: 0
2024-05-08 05:12:38,313 - data_path: /home/sharing/disk2/sjh/intentDataset
2024-05-08 05:12:38,313 - train: True
2024-05-08 05:12:38,313 - tune: True
2024-05-08 05:12:38,313 - save_model: False
2024-05-08 05:12:38,313 - save_results: True
2024-05-08 05:12:38,313 - log_path: logs
2024-05-08 05:12:38,313 - cache_path: 
2024-05-08 05:12:38,313 - video_data_path: video_data
2024-05-08 05:12:38,313 - audio_data_path: audio_data
2024-05-08 05:12:38,313 - video_feats_path: video_feats.pkl
2024-05-08 05:12:38,313 - audio_feats_path: audio_feats.pkl
2024-05-08 05:12:38,313 - results_path: results
2024-05-08 05:12:38,313 - output_path: /home/sharing/disk2/sjh/Outputs/ablation_MIntRec2
2024-05-08 05:12:38,313 - model_path: models
2024-05-08 05:12:38,313 - config_file_name: msz_MIntRec2
2024-05-08 05:12:38,313 - results_file_name: ablation_msz.csv
2024-05-08 05:12:38,313 - ablation: no_cross
2024-05-08 05:12:38,313 - padding_mode: zero
2024-05-08 05:12:38,313 - padding_loc: end
2024-05-08 05:12:38,313 - need_aligned: False
2024-05-08 05:12:38,313 - eval_monitor: f1
2024-05-08 05:12:38,313 - train_batch_size: 32
2024-05-08 05:12:38,313 - eval_batch_size: 16
2024-05-08 05:12:38,313 - test_batch_size: 16
2024-05-08 05:12:38,313 - wait_patience: 8
2024-05-08 05:12:38,313 - hidden_dims: 768
2024-05-08 05:12:38,313 - num_attention_heads: 6
2024-05-08 05:12:38,313 - attention_probs_dropout_prob: 0.3
2024-05-08 05:12:38,313 - hidden_dropout_prob: 0.5
2024-05-08 05:12:38,313 - intermediate_size: 768
2024-05-08 05:12:38,313 - num_hidden_layers: 6
2024-05-08 05:12:38,313 - max_position_embeddings: 1000
2024-05-08 05:12:38,313 - position_embedding_type: absolute
2024-05-08 05:12:38,313 - batch_first: True
2024-05-08 05:12:38,313 - dropout: 0.2
2024-05-08 05:12:38,313 - aligned_method: conv1d
2024-05-08 05:12:38,313 - num_train_epochs: 100
2024-05-08 05:12:38,313 - lr: 5e-06
2024-05-08 05:12:38,313 - lr_mode: max
2024-05-08 05:12:38,313 - patience: 5
2024-05-08 05:12:38,313 - factor: 0.2
2024-05-08 05:12:38,313 - pred_output_path: /home/sharing/disk2/sjh/Outputs/ablation_MIntRec2/msz_MIntRec2_multi-class_seed-1_2024-05-08-05-12-38
2024-05-08 05:12:38,313 - model_output_path: /home/sharing/disk2/sjh/Outputs/ablation_MIntRec2/msz_MIntRec2_multi-class_seed-1_2024-05-08-05-12-38/models
2024-05-08 05:12:38,313 - ============================== End Params ==============================
2024-05-08 05:12:38,326 - Generate Text Features Begin...
2024-05-08 05:12:40,099 - Generate Text Features Finished...
2024-05-08 05:12:40,100 - Load Video Features Begin...
2024-05-08 05:12:41,139 - Load Video Features Finished...
2024-05-08 05:12:42,776 - Load Audio Features Begin...
2024-05-08 05:12:46,824 - Load Audio Features Finished...
2024-05-08 05:12:57,934 - method  begins...
2024-05-08 05:13:01,548 - Multimodal intent recognition begins...
2024-05-08 05:13:01,548 - Training begins...
