2024-01-24 03:59:03,899 - ============================== Params ==============================
2024-01-24 03:59:03,899 - logger_name: msz_MIntRec_multi-class_seed-1_2024-01-24-03-59-03
2024-01-24 03:59:03,899 - dataset: MIntRec
2024-01-24 03:59:03,899 - data_mode: multi-class
2024-01-24 03:59:03,899 - method: msz
2024-01-24 03:59:03,899 - text_backbone: bert-base-uncased
2024-01-24 03:59:03,899 - text_backbone_path: /home/sharing/disk1/pretrained_embedding/bert/uncased_L-12_H-768_A-12/
2024-01-24 03:59:03,899 - seed: 1
2024-01-24 03:59:03,899 - num_workers: 8
2024-01-24 03:59:03,899 - gpu_id: 1
2024-01-24 03:59:03,899 - data_path: /home/sharing/disk2/sjh/intentDataset
2024-01-24 03:59:03,899 - train: True
2024-01-24 03:59:03,899 - tune: False
2024-01-24 03:59:03,899 - save_model: False
2024-01-24 03:59:03,899 - save_results: True
2024-01-24 03:59:03,899 - log_path: logs
2024-01-24 03:59:03,899 - cache_path: 
2024-01-24 03:59:03,899 - video_data_path: video_data
2024-01-24 03:59:03,899 - audio_data_path: audio_data
2024-01-24 03:59:03,900 - video_feats_path: video_feats.pkl
2024-01-24 03:59:03,900 - audio_feats_path: audio_feats.pkl
2024-01-24 03:59:03,900 - results_path: results
2024-01-24 03:59:03,900 - output_path: /home/sharing/disk2/sjh/Outputs/MIntRec
2024-01-24 03:59:03,900 - model_path: models
2024-01-24 03:59:03,900 - config_file_name: msz
2024-01-24 03:59:03,900 - results_file_name: msz.csv
2024-01-24 03:59:03,900 - padding_mode: zero
2024-01-24 03:59:03,900 - padding_loc: end
2024-01-24 03:59:03,900 - need_aligned: False
2024-01-24 03:59:03,900 - eval_monitor: f1
2024-01-24 03:59:03,900 - train_batch_size: 16
2024-01-24 03:59:03,900 - eval_batch_size: 8
2024-01-24 03:59:03,900 - test_batch_size: 8
2024-01-24 03:59:03,900 - wait_patience: 8
2024-01-24 03:59:03,900 - hidden_size: 768
2024-01-24 03:59:03,900 - num_attention_heads: 12
2024-01-24 03:59:03,900 - attention_probs_dropout_prob: 0.2
2024-01-24 03:59:03,900 - hidden_dropout_prob: 0.2
2024-01-24 03:59:03,900 - intermediate_size: 768
2024-01-24 03:59:03,900 - num_hidden_layers: 8
2024-01-24 03:59:03,900 - max_position_embeddings: 768
2024-01-24 03:59:03,900 - position_embedding_type: absolute
2024-01-24 03:59:03,900 - batch_first: True
2024-01-24 03:59:03,900 - hidden_dims: 768
2024-01-24 03:59:03,900 - dropout: 0.1
2024-01-24 03:59:03,900 - aligned_method: conv1d
2024-01-24 03:59:03,900 - num_train_epochs: 100
2024-01-24 03:59:03,900 - lr: 5e-06
2024-01-24 03:59:03,900 - scale: 64
2024-01-24 03:59:03,900 - pred_output_path: /home/sharing/disk2/sjh/Outputs/MIntRec/msz_MIntRec_multi-class_seed-1_2024-01-24-03-59-03
2024-01-24 03:59:03,901 - model_output_path: /home/sharing/disk2/sjh/Outputs/MIntRec/msz_MIntRec_multi-class_seed-1_2024-01-24-03-59-03/models
2024-01-24 03:59:03,901 - ============================== End Params ==============================
2024-01-24 03:59:03,904 - Generate Text Features Begin...
2024-01-24 03:59:04,333 - Generate Text Features Finished...
2024-01-24 03:59:04,333 - Load Video Features Begin...
2024-01-24 03:59:04,623 - Load Video Features Finished...
2024-01-24 03:59:05,111 - Load Audio Features Begin...
2024-01-24 03:59:42,271 - Load Audio Features Finished...
2024-01-24 03:59:46,615 - method  begins...
2024-01-24 03:59:59,596 - Multimodal intent recognition begins...
2024-01-24 03:59:59,596 - Training begins...
2024-01-24 04:00:25,319 - ***** Epoch: 1: Eval results *****
2024-01-24 04:00:25,319 -   train_loss = 2.6751
2024-01-24 04:00:25,319 -   best_eval_score = 0.0
2024-01-24 04:00:25,319 -   eval_score = 0.2091
2024-01-24 04:00:46,988 - ***** Epoch: 2: Eval results *****
2024-01-24 04:00:46,988 -   train_loss = 1.6251
2024-01-24 04:00:46,989 -   best_eval_score = 0.2091
2024-01-24 04:00:46,989 -   eval_score = 0.5339
2024-01-24 04:01:08,947 - ***** Epoch: 3: Eval results *****
2024-01-24 04:01:08,948 -   train_loss = 0.9509
2024-01-24 04:01:08,948 -   best_eval_score = 0.5339
2024-01-24 04:01:08,948 -   eval_score = 0.5865
2024-01-24 04:01:31,146 - ***** Epoch: 4: Eval results *****
2024-01-24 04:01:31,146 -   train_loss = 0.6153
2024-01-24 04:01:31,146 -   best_eval_score = 0.5865
2024-01-24 04:01:31,146 -   eval_score = 0.6212
2024-01-24 04:01:53,318 - ***** Epoch: 5: Eval results *****
2024-01-24 04:01:53,318 -   train_loss = 0.381
2024-01-24 04:01:53,318 -   best_eval_score = 0.6212
2024-01-24 04:01:53,318 -   eval_score = 0.6738
2024-01-24 04:02:16,542 - ***** Epoch: 6: Eval results *****
2024-01-24 04:02:16,542 -   train_loss = 0.2527
2024-01-24 04:02:16,542 -   best_eval_score = 0.6738
2024-01-24 04:02:16,542 -   eval_score = 0.6606
2024-01-24 04:02:16,542 - EarlyStopping counter: 1 out of 8
2024-01-24 04:02:40,947 - ***** Epoch: 7: Eval results *****
2024-01-24 04:02:40,947 -   train_loss = 0.1282
2024-01-24 04:02:40,947 -   best_eval_score = 0.6738
2024-01-24 04:02:40,947 -   eval_score = 0.6568
2024-01-24 04:02:40,947 - EarlyStopping counter: 2 out of 8
2024-01-24 04:03:04,202 - ***** Epoch: 8: Eval results *****
2024-01-24 04:03:04,202 -   train_loss = 0.0984
2024-01-24 04:03:04,202 -   best_eval_score = 0.6738
2024-01-24 04:03:04,202 -   eval_score = 0.6629
2024-01-24 04:03:04,202 - EarlyStopping counter: 3 out of 8
2024-01-24 04:03:25,701 - ***** Epoch: 9: Eval results *****
2024-01-24 04:03:25,701 -   train_loss = 0.0611
2024-01-24 04:03:25,701 -   best_eval_score = 0.6738
2024-01-24 04:03:25,701 -   eval_score = 0.6707
2024-01-24 04:03:25,702 - EarlyStopping counter: 4 out of 8
2024-01-24 04:03:48,836 - ***** Epoch: 10: Eval results *****
2024-01-24 04:03:48,836 -   train_loss = 0.0353
2024-01-24 04:03:48,836 -   best_eval_score = 0.6738
2024-01-24 04:03:48,836 -   eval_score = 0.6751
2024-01-24 04:04:10,907 - ***** Epoch: 11: Eval results *****
2024-01-24 04:04:10,908 -   train_loss = 0.0254
2024-01-24 04:04:10,908 -   best_eval_score = 0.6751
2024-01-24 04:04:10,908 -   eval_score = 0.6718
2024-01-24 04:04:10,908 - EarlyStopping counter: 1 out of 8
2024-01-24 04:04:33,135 - ***** Epoch: 12: Eval results *****
2024-01-24 04:04:33,144 -   train_loss = 0.0218
2024-01-24 04:04:33,144 -   best_eval_score = 0.6751
2024-01-24 04:04:33,144 -   eval_score = 0.6682
2024-01-24 04:04:33,144 - EarlyStopping counter: 2 out of 8
2024-01-24 04:04:54,774 - ***** Epoch: 13: Eval results *****
2024-01-24 04:04:54,774 -   train_loss = 0.0194
2024-01-24 04:04:54,774 -   best_eval_score = 0.6751
2024-01-24 04:04:54,774 -   eval_score = 0.6694
2024-01-24 04:04:54,774 - EarlyStopping counter: 3 out of 8
2024-01-24 04:05:18,132 - ***** Epoch: 14: Eval results *****
2024-01-24 04:05:18,133 -   train_loss = 0.0201
2024-01-24 04:05:18,133 -   best_eval_score = 0.6751
2024-01-24 04:05:18,133 -   eval_score = 0.6661
2024-01-24 04:05:18,133 - EarlyStopping counter: 4 out of 8
2024-01-24 04:05:40,666 - ***** Epoch: 15: Eval results *****
2024-01-24 04:05:40,666 -   train_loss = 0.0198
2024-01-24 04:05:40,666 -   best_eval_score = 0.6751
2024-01-24 04:05:40,666 -   eval_score = 0.6634
2024-01-24 04:05:40,666 - EarlyStopping counter: 5 out of 8
2024-01-24 04:06:02,202 - ***** Epoch: 16: Eval results *****
2024-01-24 04:06:02,202 -   train_loss = 0.0166
2024-01-24 04:06:02,203 -   best_eval_score = 0.6751
2024-01-24 04:06:02,203 -   eval_score = 0.6635
2024-01-24 04:06:02,203 - EarlyStopping counter: 6 out of 8
2024-01-24 04:06:25,580 - ***** Epoch: 17: Eval results *****
2024-01-24 04:06:25,580 -   train_loss = 0.0173
2024-01-24 04:06:25,580 -   best_eval_score = 0.6751
2024-01-24 04:06:25,580 -   eval_score = 0.6657
2024-01-24 04:06:25,580 - EarlyStopping counter: 7 out of 8
2024-01-24 04:06:49,124 - ***** Epoch: 18: Eval results *****
2024-01-24 04:06:49,124 -   train_loss = 0.0157
2024-01-24 04:06:49,124 -   best_eval_score = 0.6751
2024-01-24 04:06:49,124 -   eval_score = 0.675
2024-01-24 04:06:49,124 - EarlyStopping counter: 8 out of 8
2024-01-24 04:06:49,124 - EarlyStopping at epoch 18
2024-01-24 04:06:49,127 - Training is finished...
2024-01-24 04:06:49,127 - Testing begins...
2024-01-24 04:06:52,708 - ***** Test: Confusion Matrix *****
2024-01-24 04:06:52,710 - [[33  3  0  0  9  0  2  2  0  3  1  0  3  1  0  0  0  0  0  0]
 [ 1 34  0  1  0  3  0  0  0  0  1  0  2  0  0  0  1  0  0  0]
 [ 1  0 25  0  0  0  0  0  0  0  1  0  0  0  0  0  0  0  0  0]
 [ 0  0  0 25  0  0  0  0  0  0  0  0  0  0  0  0  0  0  0  0]
 [ 6  0  0  0  9  0  2  0  0  0  0  1  2  1  0  0  0  2  0  0]
 [ 0  0  0  0  0 12  0  0  0  0  0  0  0  0  0  0  0  0  0  0]
 [ 1  1  0  0  3  0  2  0  3  0  0  0  1  0  0  0  1  0  0  0]
 [ 3  0  0  0  0  0  1  5  0  1  0  0  0  0  0  0  0  0  0  0]
 [ 1  0  0  0  0  0  0  2  6  0  0  0  0  1  0  0  0  0  0  0]
 [ 1  0  0  0  1  0  0  0  0  4  0  0  0  0  0  2  0  1  0  1]
 [ 1  0  0  0  0  0  0  0  0  1 15  0  0  0  1  0  0  0  0  0]
 [ 0  0  0  0  0  0  0  0  1  0  0 17  0  0  0  0  0  0  0  1]
 [ 3  1  0  1  1  0  0  2  1  0  1  1 33  3  4  1  5  0  0  0]
 [ 0  1  0  0  0  0  2  0  0  0  1  1  0 18  2  0  0  0  0  0]
 [ 0  0  1  0  0  0  0  0  1  0  0  0  1  3 14  0  1  0  0  1]
 [ 0  1  0  0  0  0  0  1  0  0  0  0  4  0  0 14  0  0  0  1]
 [ 0  0  0  0  0  0  0  0  0  0  0  0  2  0  1  0 14  0  0  0]
 [ 0  0  0  0  0  0  0  0  0  1  2  0  1  0  0  0  0 11  0  0]
 [ 0  0  0  0  0  0  0  0  0  0  0  0  2  0  0  1  0  0  9  0]
 [ 0  0  0  0  0  0  0  0  0  0  0  0  1  1  1  0  2  0  0  5]]
2024-01-24 04:06:52,710 - ***** Evaluation results *****
2024-01-24 04:06:52,710 -   acc = 0.6854
2024-01-24 04:06:52,710 -   f1 = 0.6634
2024-01-24 04:06:52,710 -   prec = 0.6607
2024-01-24 04:06:52,710 -   rec = 0.6745
2024-01-24 04:06:52,710 - Testing is finished...
2024-01-24 04:06:52,710 - Multimodal intent recognition is finished...
2024-01-24 04:06:52,711 - Results are saved in results/msz.csv
