2024-01-08 03:37:18,090 - ============================== Params ==============================
2024-01-08 03:37:18,090 - logger_name: msz_MIntRec_multi-class_seed-4_2024-01-08-03-37-18
2024-01-08 03:37:18,090 - dataset: MIntRec
2024-01-08 03:37:18,090 - data_mode: multi-class
2024-01-08 03:37:18,090 - method: msz
2024-01-08 03:37:18,090 - text_backbone: bert-base-uncased
2024-01-08 03:37:18,090 - text_backbone_path: /home/sharing/disk1/pretrained_embedding/bert/uncased_L-12_H-768_A-12/
2024-01-08 03:37:18,090 - seed: 4
2024-01-08 03:37:18,090 - num_workers: 8
2024-01-08 03:37:18,090 - gpu_id: 1
2024-01-08 03:37:18,090 - data_path: /home/sharing/disk2/sjh/intentDataset
2024-01-08 03:37:18,090 - train: True
2024-01-08 03:37:18,090 - tune: False
2024-01-08 03:37:18,090 - save_model: False
2024-01-08 03:37:18,090 - save_results: True
2024-01-08 03:37:18,090 - log_path: logs
2024-01-08 03:37:18,090 - cache_path: 
2024-01-08 03:37:18,090 - video_data_path: video_data
2024-01-08 03:37:18,090 - audio_data_path: audio_data
2024-01-08 03:37:18,090 - video_feats_path: video_feats.pkl
2024-01-08 03:37:18,090 - audio_feats_path: audio_feats.pkl
2024-01-08 03:37:18,090 - results_path: results
2024-01-08 03:37:18,090 - output_path: /home/sharing/disk2/sjh/Outputs/MIntRec
2024-01-08 03:37:18,090 - model_path: models
2024-01-08 03:37:18,090 - config_file_name: msz
2024-01-08 03:37:18,090 - results_file_name: msz.csv
2024-01-08 03:37:18,090 - padding_mode: zero
2024-01-08 03:37:18,090 - padding_loc: end
2024-01-08 03:37:18,090 - need_aligned: False
2024-01-08 03:37:18,090 - eval_monitor: f1
2024-01-08 03:37:18,090 - train_batch_size: 16
2024-01-08 03:37:18,090 - eval_batch_size: 8
2024-01-08 03:37:18,090 - test_batch_size: 8
2024-01-08 03:37:18,090 - wait_patience: 8
2024-01-08 03:37:18,090 - nheads: 2
2024-01-08 03:37:18,090 - encoder_layers: 2
2024-01-08 03:37:18,090 - attn_dropout: 0.1
2024-01-08 03:37:18,090 - relu_dropout: 0.1
2024-01-08 03:37:18,091 - embed_dropout: 0.1
2024-01-08 03:37:18,091 - res_dropout: 0.1
2024-01-08 03:37:18,091 - attn_mask: False
2024-01-08 03:37:18,091 - hidden_size: 768
2024-01-08 03:37:18,091 - num_attention_heads: 12
2024-01-08 03:37:18,091 - attention_probs_dropout_prob: 0.2
2024-01-08 03:37:18,091 - hidden_dropout_prob: 0.2
2024-01-08 03:37:18,091 - intermediate_size: 768
2024-01-08 03:37:18,091 - num_hidden_layers: 3
2024-01-08 03:37:18,091 - max_position_embeddings: 512
2024-01-08 03:37:18,091 - position_embedding_type: absolute
2024-01-08 03:37:18,091 - batch_first: True
2024-01-08 03:37:18,091 - hidden_dims: 768
2024-01-08 03:37:18,091 - att_dropouts: [0.2, 0.2, 0.2]
2024-01-08 03:37:18,091 - spe_dropouts: [0.1, 0.1, 0.1]
2024-01-08 03:37:18,091 - ta_loss: 0.1
2024-01-08 03:37:18,091 - tv_loss: 0.1
2024-01-08 03:37:18,091 - av_loss: 0.1
2024-01-08 03:37:18,091 - aligned_method: conv1d
2024-01-08 03:37:18,091 - grad_clip: -1
2024-01-08 03:37:18,091 - num_train_epochs: 100
2024-01-08 03:37:18,091 - warmup_proportion: 0.1
2024-01-08 03:37:18,091 - lr: 1e-06
2024-01-08 03:37:18,091 - weight_decay: 0.01
2024-01-08 03:37:18,091 - pred_output_path: /home/sharing/disk2/sjh/Outputs/MIntRec/msz_MIntRec_multi-class_seed-4_2024-01-08-03-37-18
2024-01-08 03:37:18,091 - model_output_path: /home/sharing/disk2/sjh/Outputs/MIntRec/msz_MIntRec_multi-class_seed-4_2024-01-08-03-37-18/models
2024-01-08 03:37:18,091 - ============================== End Params ==============================
2024-01-08 03:37:18,093 - Generate Text Features Begin...
2024-01-08 03:37:18,511 - Generate Text Features Finished...
2024-01-08 03:37:18,512 - Load Video Features Begin...
2024-01-08 03:37:18,781 - Load Video Features Finished...
2024-01-08 03:37:19,291 - Load Audio Features Begin...
2024-01-08 03:37:20,285 - Load Audio Features Finished...
2024-01-08 03:37:23,728 - method  begins...
2024-01-08 03:37:26,232 - Multimodal intent recognition begins...
2024-01-08 03:37:26,232 - Training begins...
2024-01-08 03:37:39,751 - ***** Epoch: 1: Eval results *****
2024-01-08 03:37:39,751 -   train_loss = 2.9855
2024-01-08 03:37:39,751 -   best_eval_score = 0.0
2024-01-08 03:37:39,751 -   eval_score = 0.0111
2024-01-08 03:37:51,365 - ***** Epoch: 2: Eval results *****
2024-01-08 03:37:51,365 -   train_loss = 2.9358
2024-01-08 03:37:51,365 -   best_eval_score = 0.0111
2024-01-08 03:37:51,366 -   eval_score = 0.0178
2024-01-08 03:38:03,445 - ***** Epoch: 3: Eval results *****
2024-01-08 03:38:03,445 -   train_loss = 2.8597
2024-01-08 03:38:03,445 -   best_eval_score = 0.0178
2024-01-08 03:38:03,445 -   eval_score = 0.0455
2024-01-08 03:38:15,319 - ***** Epoch: 4: Eval results *****
2024-01-08 03:38:15,319 -   train_loss = 2.7609
2024-01-08 03:38:15,319 -   best_eval_score = 0.0455
2024-01-08 03:38:15,319 -   eval_score = 0.0638
2024-01-08 03:38:27,601 - ***** Epoch: 5: Eval results *****
2024-01-08 03:38:27,601 -   train_loss = 2.6216
2024-01-08 03:38:27,601 -   best_eval_score = 0.0638
2024-01-08 03:38:27,602 -   eval_score = 0.1593
2024-01-08 03:38:39,429 - ***** Epoch: 6: Eval results *****
2024-01-08 03:38:39,429 -   train_loss = 2.3942
2024-01-08 03:38:39,429 -   best_eval_score = 0.1593
2024-01-08 03:38:39,429 -   eval_score = 0.1931
2024-01-08 03:38:50,919 - ***** Epoch: 7: Eval results *****
2024-01-08 03:38:50,919 -   train_loss = 2.0772
2024-01-08 03:38:50,919 -   best_eval_score = 0.1931
2024-01-08 03:38:50,919 -   eval_score = 0.2975
2024-01-08 03:39:01,943 - ***** Epoch: 8: Eval results *****
2024-01-08 03:39:01,944 -   train_loss = 1.729
2024-01-08 03:39:01,944 -   best_eval_score = 0.2975
2024-01-08 03:39:01,944 -   eval_score = 0.391
2024-01-08 03:39:13,894 - ***** Epoch: 9: Eval results *****
2024-01-08 03:39:13,894 -   train_loss = 1.3808
2024-01-08 03:39:13,894 -   best_eval_score = 0.391
2024-01-08 03:39:13,894 -   eval_score = 0.498
2024-01-08 03:39:25,599 - ***** Epoch: 10: Eval results *****
2024-01-08 03:39:25,601 -   train_loss = 1.1279
2024-01-08 03:39:25,601 -   best_eval_score = 0.498
2024-01-08 03:39:25,601 -   eval_score = 0.5047
2024-01-08 03:39:37,317 - ***** Epoch: 11: Eval results *****
2024-01-08 03:39:37,317 -   train_loss = 0.8073
2024-01-08 03:39:37,317 -   best_eval_score = 0.5047
2024-01-08 03:39:37,317 -   eval_score = 0.5452
2024-01-08 03:39:48,990 - ***** Epoch: 12: Eval results *****
2024-01-08 03:39:48,990 -   train_loss = 0.606
2024-01-08 03:39:48,990 -   best_eval_score = 0.5452
2024-01-08 03:39:48,990 -   eval_score = 0.5761
2024-01-08 03:39:59,818 - ***** Epoch: 13: Eval results *****
2024-01-08 03:39:59,818 -   train_loss = 0.4272
2024-01-08 03:39:59,819 -   best_eval_score = 0.5761
2024-01-08 03:39:59,819 -   eval_score = 0.6033
2024-01-08 03:40:11,766 - ***** Epoch: 14: Eval results *****
2024-01-08 03:40:11,766 -   train_loss = 0.3149
2024-01-08 03:40:11,766 -   best_eval_score = 0.6033
2024-01-08 03:40:11,766 -   eval_score = 0.611
2024-01-08 03:40:23,820 - ***** Epoch: 15: Eval results *****
2024-01-08 03:40:23,820 -   train_loss = 0.2052
2024-01-08 03:40:23,820 -   best_eval_score = 0.611
2024-01-08 03:40:23,820 -   eval_score = 0.6251
2024-01-08 03:40:35,912 - ***** Epoch: 16: Eval results *****
2024-01-08 03:40:35,913 -   train_loss = 0.1582
2024-01-08 03:40:35,913 -   best_eval_score = 0.6251
2024-01-08 03:40:35,913 -   eval_score = 0.626
2024-01-08 03:40:48,023 - ***** Epoch: 17: Eval results *****
2024-01-08 03:40:48,023 -   train_loss = 0.0961
2024-01-08 03:40:48,023 -   best_eval_score = 0.626
2024-01-08 03:40:48,023 -   eval_score = 0.6423
2024-01-08 03:40:59,122 - ***** Epoch: 18: Eval results *****
2024-01-08 03:40:59,122 -   train_loss = 0.0749
2024-01-08 03:40:59,122 -   best_eval_score = 0.6423
2024-01-08 03:40:59,122 -   eval_score = 0.6259
2024-01-08 03:40:59,123 - EarlyStopping counter: 1 out of 8
2024-01-08 03:41:11,000 - ***** Epoch: 19: Eval results *****
2024-01-08 03:41:11,000 -   train_loss = 0.069
2024-01-08 03:41:11,000 -   best_eval_score = 0.6423
2024-01-08 03:41:11,000 -   eval_score = 0.5926
2024-01-08 03:41:11,000 - EarlyStopping counter: 2 out of 8
2024-01-08 03:41:23,939 - ***** Epoch: 20: Eval results *****
2024-01-08 03:41:23,939 -   train_loss = 0.0411
2024-01-08 03:41:23,939 -   best_eval_score = 0.6423
2024-01-08 03:41:23,939 -   eval_score = 0.5945
2024-01-08 03:41:23,940 - EarlyStopping counter: 3 out of 8
2024-01-08 03:41:36,074 - ***** Epoch: 21: Eval results *****
2024-01-08 03:41:36,075 -   train_loss = 0.0316
2024-01-08 03:41:36,075 -   best_eval_score = 0.6423
2024-01-08 03:41:36,075 -   eval_score = 0.6093
2024-01-08 03:41:36,075 - EarlyStopping counter: 4 out of 8
2024-01-08 03:41:48,235 - ***** Epoch: 22: Eval results *****
2024-01-08 03:41:48,235 -   train_loss = 0.0211
2024-01-08 03:41:48,235 -   best_eval_score = 0.6423
2024-01-08 03:41:48,235 -   eval_score = 0.6157
2024-01-08 03:41:48,235 - EarlyStopping counter: 5 out of 8
2024-01-08 03:42:00,238 - ***** Epoch: 23: Eval results *****
2024-01-08 03:42:00,238 -   train_loss = 0.0226
2024-01-08 03:42:00,238 -   best_eval_score = 0.6423
2024-01-08 03:42:00,238 -   eval_score = 0.607
2024-01-08 03:42:00,238 - EarlyStopping counter: 6 out of 8
