2024-05-08 09:50:23,276 - ============================== Params ==============================
2024-05-08 09:50:23,277 - logger_name: msz_MIntRec2_multi-class_seed-5_2024-05-08-09-50-23
2024-05-08 09:50:23,277 - dataset: MIntRec2
2024-05-08 09:50:23,277 - data_mode: multi-class
2024-05-08 09:50:23,277 - method: msz
2024-05-08 09:50:23,277 - text_backbone: bert-base-uncased
2024-05-08 09:50:23,277 - text_backbone_path: /home/sharing/disk1/pretrained_embedding/bert/uncased_L-12_H-768_A-12/
2024-05-08 09:50:23,277 - seed: 5
2024-05-08 09:50:23,277 - num_workers: 8
2024-05-08 09:50:23,277 - gpu_id: 1
2024-05-08 09:50:23,277 - data_path: /home/sharing/disk2/sjh/intentDataset
2024-05-08 09:50:23,277 - train: True
2024-05-08 09:50:23,277 - tune: True
2024-05-08 09:50:23,277 - save_model: False
2024-05-08 09:50:23,277 - save_results: True
2024-05-08 09:50:23,277 - log_path: logs
2024-05-08 09:50:23,277 - cache_path: 
2024-05-08 09:50:23,277 - video_data_path: video_data
2024-05-08 09:50:23,277 - audio_data_path: audio_data
2024-05-08 09:50:23,277 - video_feats_path: video_feats.pkl
2024-05-08 09:50:23,277 - audio_feats_path: audio_feats.pkl
2024-05-08 09:50:23,277 - results_path: results
2024-05-08 09:50:23,277 - output_path: /home/sharing/disk2/sjh/Outputs/ablation_MIntRec2
2024-05-08 09:50:23,277 - model_path: models
2024-05-08 09:50:23,277 - config_file_name: msz_MIntRec2
2024-05-08 09:50:23,277 - results_file_name: ablation_msz.csv
2024-05-08 09:50:23,277 - ablation: no_video
2024-05-08 09:50:23,277 - padding_mode: zero
2024-05-08 09:50:23,277 - padding_loc: end
2024-05-08 09:50:23,277 - need_aligned: False
2024-05-08 09:50:23,277 - eval_monitor: f1
2024-05-08 09:50:23,277 - train_batch_size: 32
2024-05-08 09:50:23,277 - eval_batch_size: 16
2024-05-08 09:50:23,277 - test_batch_size: 16
2024-05-08 09:50:23,277 - wait_patience: 8
2024-05-08 09:50:23,277 - hidden_dims: 768
2024-05-08 09:50:23,277 - num_attention_heads: 6
2024-05-08 09:50:23,277 - attention_probs_dropout_prob: 0.3
2024-05-08 09:50:23,277 - hidden_dropout_prob: 0.5
2024-05-08 09:50:23,277 - intermediate_size: 768
2024-05-08 09:50:23,277 - num_hidden_layers: 6
2024-05-08 09:50:23,278 - max_position_embeddings: 1000
2024-05-08 09:50:23,278 - position_embedding_type: absolute
2024-05-08 09:50:23,278 - batch_first: True
2024-05-08 09:50:23,278 - dropout: 0.2
2024-05-08 09:50:23,278 - aligned_method: conv1d
2024-05-08 09:50:23,278 - num_train_epochs: 100
2024-05-08 09:50:23,278 - lr: 5e-06
2024-05-08 09:50:23,278 - lr_mode: max
2024-05-08 09:50:23,278 - patience: 5
2024-05-08 09:50:23,278 - factor: 0.2
2024-05-08 09:50:23,278 - pred_output_path: /home/sharing/disk2/sjh/Outputs/ablation_MIntRec2/msz_MIntRec2_multi-class_seed-5_2024-05-08-09-50-23
2024-05-08 09:50:23,278 - model_output_path: /home/sharing/disk2/sjh/Outputs/ablation_MIntRec2/msz_MIntRec2_multi-class_seed-5_2024-05-08-09-50-23/models
2024-05-08 09:50:23,278 - num_labels: 30
2024-05-08 09:50:23,278 - text_feat_dim: 768
2024-05-08 09:50:23,278 - video_feat_dim: 256
2024-05-08 09:50:23,278 - audio_feat_dim: 768
2024-05-08 09:50:23,278 - text_seq_len: 50
2024-05-08 09:50:23,278 - video_seq_len: 180
2024-05-08 09:50:23,278 - audio_seq_len: 400
2024-05-08 09:50:23,278 - device: cuda:1
2024-05-08 09:50:23,278 - ============================== End Params ==============================
2024-05-08 09:50:23,320 - Generate Text Features Begin...
2024-05-08 09:50:24,929 - Generate Text Features Finished...
2024-05-08 09:50:24,931 - Load Video Features Begin...
2024-05-08 09:50:29,309 - Load Video Features Finished...
2024-05-08 09:50:31,035 - Load Audio Features Begin...
2024-05-08 09:50:55,453 - Load Audio Features Finished...
2024-05-08 09:51:05,508 - method  begins...
2024-05-08 09:51:07,018 - Multimodal intent recognition begins...
2024-05-08 09:51:07,018 - Training begins...
2024-05-08 09:52:16,044 - ***** Epoch: 1: Eval results *****
2024-05-08 09:52:16,044 -   train_loss = 2.8067
2024-05-08 09:52:16,044 -   best_eval_score = 0.0
2024-05-08 09:52:16,044 -   eval_score = 0.2515
2024-05-08 09:53:25,051 - ***** Epoch: 2: Eval results *****
2024-05-08 09:53:25,051 -   train_loss = 1.8141
2024-05-08 09:53:25,051 -   best_eval_score = 0.2515
2024-05-08 09:53:25,051 -   eval_score = 0.3675
2024-05-08 09:54:32,966 - ***** Epoch: 3: Eval results *****
2024-05-08 09:54:32,966 -   train_loss = 1.4092
2024-05-08 09:54:32,966 -   best_eval_score = 0.3675
2024-05-08 09:54:32,966 -   eval_score = 0.4244
2024-05-08 09:55:41,928 - ***** Epoch: 4: Eval results *****
2024-05-08 09:55:41,928 -   train_loss = 1.1773
2024-05-08 09:55:41,928 -   best_eval_score = 0.4244
2024-05-08 09:55:41,928 -   eval_score = 0.4644
2024-05-08 09:56:51,069 - ***** Epoch: 5: Eval results *****
2024-05-08 09:56:51,070 -   train_loss = 1.0094
2024-05-08 09:56:51,070 -   best_eval_score = 0.4644
2024-05-08 09:56:51,070 -   eval_score = 0.4945
2024-05-08 09:58:00,196 - ***** Epoch: 6: Eval results *****
2024-05-08 09:58:00,196 -   train_loss = 0.8523
2024-05-08 09:58:00,196 -   best_eval_score = 0.4945
2024-05-08 09:58:00,197 -   eval_score = 0.4987
2024-05-08 09:59:08,385 - ***** Epoch: 7: Eval results *****
2024-05-08 09:59:08,385 -   train_loss = 0.7123
2024-05-08 09:59:08,385 -   best_eval_score = 0.4987
2024-05-08 09:59:08,385 -   eval_score = 0.487
2024-05-08 09:59:08,385 - EarlyStopping counter: 1 out of 8
2024-05-08 10:00:16,763 - ***** Epoch: 8: Eval results *****
2024-05-08 10:00:16,763 -   train_loss = 0.5584
2024-05-08 10:00:16,764 -   best_eval_score = 0.4987
2024-05-08 10:00:16,764 -   eval_score = 0.4996
2024-05-08 10:01:25,702 - ***** Epoch: 9: Eval results *****
2024-05-08 10:01:25,702 -   train_loss = 0.5316
2024-05-08 10:01:25,702 -   best_eval_score = 0.4996
2024-05-08 10:01:25,702 -   eval_score = 0.5147
2024-05-08 10:02:34,378 - ***** Epoch: 10: Eval results *****
2024-05-08 10:02:34,378 -   train_loss = 0.4973
2024-05-08 10:02:34,378 -   best_eval_score = 0.5147
2024-05-08 10:02:34,378 -   eval_score = 0.5074
2024-05-08 10:02:34,378 - EarlyStopping counter: 1 out of 8
2024-05-08 10:03:42,832 - ***** Epoch: 11: Eval results *****
2024-05-08 10:03:42,833 -   train_loss = 0.4796
2024-05-08 10:03:42,833 -   best_eval_score = 0.5147
2024-05-08 10:03:42,833 -   eval_score = 0.5108
2024-05-08 10:03:42,833 - EarlyStopping counter: 2 out of 8
2024-05-08 10:04:52,470 - ***** Epoch: 12: Eval results *****
2024-05-08 10:04:52,470 -   train_loss = 0.4529
2024-05-08 10:04:52,470 -   best_eval_score = 0.5147
2024-05-08 10:04:52,470 -   eval_score = 0.5124
2024-05-08 10:04:52,470 - EarlyStopping counter: 3 out of 8
2024-05-08 10:06:00,542 - ***** Epoch: 13: Eval results *****
2024-05-08 10:06:00,543 -   train_loss = 0.4366
2024-05-08 10:06:00,543 -   best_eval_score = 0.5147
2024-05-08 10:06:00,543 -   eval_score = 0.5186
2024-05-08 10:07:08,664 - ***** Epoch: 14: Eval results *****
2024-05-08 10:07:08,664 -   train_loss = 0.4074
2024-05-08 10:07:08,665 -   best_eval_score = 0.5186
2024-05-08 10:07:08,665 -   eval_score = 0.5184
2024-05-08 10:07:08,665 - EarlyStopping counter: 1 out of 8
2024-05-08 10:08:16,798 - ***** Epoch: 15: Eval results *****
2024-05-08 10:08:16,799 -   train_loss = 0.3979
2024-05-08 10:08:16,799 -   best_eval_score = 0.5186
2024-05-08 10:08:16,799 -   eval_score = 0.5192
2024-05-08 10:09:26,245 - ***** Epoch: 16: Eval results *****
2024-05-08 10:09:26,245 -   train_loss = 0.4044
2024-05-08 10:09:26,245 -   best_eval_score = 0.5192
2024-05-08 10:09:26,245 -   eval_score = 0.521
2024-05-08 10:10:35,549 - ***** Epoch: 17: Eval results *****
2024-05-08 10:10:35,549 -   train_loss = 0.393
2024-05-08 10:10:35,549 -   best_eval_score = 0.521
2024-05-08 10:10:35,549 -   eval_score = 0.52
2024-05-08 10:10:35,549 - EarlyStopping counter: 1 out of 8
2024-05-08 10:11:44,443 - ***** Epoch: 18: Eval results *****
2024-05-08 10:11:44,443 -   train_loss = 0.3956
2024-05-08 10:11:44,443 -   best_eval_score = 0.521
2024-05-08 10:11:44,443 -   eval_score = 0.5205
2024-05-08 10:11:44,443 - EarlyStopping counter: 2 out of 8
2024-05-08 10:12:53,765 - ***** Epoch: 19: Eval results *****
2024-05-08 10:12:53,765 -   train_loss = 0.3832
2024-05-08 10:12:53,765 -   best_eval_score = 0.521
2024-05-08 10:12:53,766 -   eval_score = 0.5232
2024-05-08 10:14:02,895 - ***** Epoch: 20: Eval results *****
2024-05-08 10:14:02,895 -   train_loss = 0.3799
2024-05-08 10:14:02,895 -   best_eval_score = 0.5232
2024-05-08 10:14:02,895 -   eval_score = 0.5206
2024-05-08 10:14:02,895 - EarlyStopping counter: 1 out of 8
2024-05-08 10:15:10,584 - ***** Epoch: 21: Eval results *****
2024-05-08 10:15:10,584 -   train_loss = 0.3821
2024-05-08 10:15:10,584 -   best_eval_score = 0.5232
2024-05-08 10:15:10,584 -   eval_score = 0.5206
2024-05-08 10:15:10,585 - EarlyStopping counter: 2 out of 8
2024-05-08 10:16:20,049 - ***** Epoch: 22: Eval results *****
2024-05-08 10:16:20,049 -   train_loss = 0.3743
2024-05-08 10:16:20,050 -   best_eval_score = 0.5232
2024-05-08 10:16:20,050 -   eval_score = 0.5196
2024-05-08 10:16:20,050 - EarlyStopping counter: 3 out of 8
2024-05-08 10:17:29,879 - ***** Epoch: 23: Eval results *****
2024-05-08 10:17:29,879 -   train_loss = 0.3806
2024-05-08 10:17:29,879 -   best_eval_score = 0.5232
2024-05-08 10:17:29,879 -   eval_score = 0.5193
2024-05-08 10:17:29,879 - EarlyStopping counter: 4 out of 8
2024-05-08 10:18:39,435 - ***** Epoch: 24: Eval results *****
2024-05-08 10:18:39,435 -   train_loss = 0.3752
2024-05-08 10:18:39,435 -   best_eval_score = 0.5232
2024-05-08 10:18:39,435 -   eval_score = 0.5208
2024-05-08 10:18:39,435 - EarlyStopping counter: 5 out of 8
2024-05-08 10:19:48,797 - ***** Epoch: 25: Eval results *****
2024-05-08 10:19:48,797 -   train_loss = 0.3748
2024-05-08 10:19:48,797 -   best_eval_score = 0.5232
2024-05-08 10:19:48,797 -   eval_score = 0.5212
2024-05-08 10:19:48,797 - EarlyStopping counter: 6 out of 8
2024-05-08 10:20:57,330 - ***** Epoch: 26: Eval results *****
2024-05-08 10:20:57,330 -   train_loss = 0.3791
2024-05-08 10:20:57,330 -   best_eval_score = 0.5232
2024-05-08 10:20:57,330 -   eval_score = 0.5212
2024-05-08 10:20:57,330 - EarlyStopping counter: 7 out of 8
2024-05-08 10:22:06,174 - ***** Epoch: 27: Eval results *****
2024-05-08 10:22:06,174 -   train_loss = 0.3745
2024-05-08 10:22:06,174 -   best_eval_score = 0.5232
2024-05-08 10:22:06,174 -   eval_score = 0.5209
2024-05-08 10:22:06,174 - EarlyStopping counter: 8 out of 8
2024-05-08 10:22:06,174 - EarlyStopping at epoch 27
2024-05-08 10:22:06,181 - Training is finished...
2024-05-08 10:22:06,181 - Testing begins...
2024-05-08 10:22:16,384 - ***** Test: Confusion Matrix *****
2024-05-08 10:22:16,386 - [[ 49   0  13   0   0   0   0   0   1   0   2   0   0   0   0   0   0   0
    0   0   0   0   1   1   1   0   0   0   0   0]
 [  0  58   0   0   9   1   4   0   0   0   3   1   3   0   3   1   0   9
    1   0   0   1   1   0   1   0   0   1   0   0]
 [  8   0  44   0   1   0   0   0   0   0   1   0   0   2   1   0   0   2
    0   0   0   0   0   2   3   0   0   0   0   0]
 [  0   0   0  60   0   0   0   1   0   0   0   0   0   0   2   0   0   1
    0   0   0   0   0   0   0   0   0   1   0   0]
 [  0   5   0   0  33   0   0   0   1   0   0   0   0   0   0   0   0   4
    0   2   0   1   0   2   1   0   0   0   1   1]
 [  0   2   0   0   2  23   0   1   0   2   0   0   1   0   1   0   0   5
    0   0   0   0   0   0   0   0   0   0   0   0]
 [  0   1   0   0   0   2  30   7   0   1   3   1   3   0   0   0   0   0
    0   0   0   0   0   0   0   0   0   0   0   0]
 [  0   0   0   0   0   0   6  26   0   1   6   0   5   0   0   0   2   0
    0   0   0   0   0   0   0   1   0   0   0   0]
 [  1   3   1   3   1   0   0   0  20   2   0   0   1   0   2   1   0   2
    0   0   0   1   8   0   2   0   0   1   0   0]
 [  0   0   0   1   1   0   0   0   2  53   1   8   7   0  16   0   0   5
    0   0   0   2   2   1   4   0   1   3   0   0]
 [  2   1   0   0   0   2   7   2   0   1  46   0  26   0   1   0   0   2
    0   2   0   0   0   0   1   0   0   0   0   0]
 [  0   0   0   0   0   0   1   1   0   6   1  23   5   0   2   0   0   1
    2   0   0   0   2   0   1   0   0   1   0   1]
 [  0   1   0   0   0   0   4  11   0   6  19   1  90   0   1   0   1   0
    0   1   0   0   0   0   0   0   0   0   0   0]
 [  0   0   2   0   1   0   0   0   0   2   0   0   0   0   4   1   0   2
    4   0   0   0   1   0   0   0   0   0   0   0]
 [  0   3   1   0   1   1   0   0   3   6   2   1   1   0 129   1   0  18
    3   0   0   1  13   1   4   0   1   3   0   0]
 [  0   0   1   0   1   0   0   0   0   6   0   0   0   0   2   4   0   3
    2   0   0   1   0   0   0   0   0   1   1   0]
 [  0   0   0   0   1   0   0   1   1   0   1   0   2   0   0   0  55   0
    4   0   0   0   0   0   0   0   0   1   0   0]
 [  0   4   1   0   5   5   0   0   3  14   1   0   1   0  19   1   1 123
   12   2   0   4   5   6   1   2   1   3   1   2]
 [  0   1   0   0   0   0   0   0   0   4   1   0   0   1   7   0   2   9
   28   1   2   0   1   0   2   0   0   1   0   0]
 [  0   5   0   0   1   0   2   0   0   0   1   0   0   0   0   0   0   0
    0   7   0   1   0   0   0   0   0   0   0   0]
 [  0   1   2   0   2   1   0   0   0   1   0   1   1   0   4   0   0   3
    5   0   2   0   1   1   1   0   1   2   0   0]
 [  6   1   0   0   1   0   0   0   0   4   0   0   0   0   1   0   5   0
    0   0   0  28   0   4   1   1   0   1   0   0]
 [  0   0   3   1   1   0   0   0   1   7   0   1   0   0  10   1   0   4
    1   0   0   0  85   0   0   1   0   1   0   0]
 [  0   2   1   0   1   0   0   0   0   1   0   0   0   0   1   1   0   8
    0   0   0   5   0  18   0   0   0   0   0   0]
 [  2   0   3   0   0   0   0   0   1   1   1   1   0   0   4   0   0   1
    0   0   0   0   0   1  86   1   0   9   2   0]
 [  1   0   0   0   0   0   0   0   1   0   0   0   0   0   0   0   0   2
    0   0   0   0   4   0   1  21   0   0   0   1]
 [  0   0   0   1   0   0   0   0   0   1   0   0   0   0   2   0   0   4
    0   0   0   1   2   0   0   0   6   0   0   0]
 [  0   3   2   0   0   0   0   0   2   8   2   2   4   0   6   0   0   1
    0   0   0   0   1   0   8   1   0  15   1   2]
 [  0   0   0   0   0   0   0   0   0   0   0   0   0   0   1   0   1   0
    0   0   0   0   0   0   0   0   0   0  56   0]
 [  0   1   0   0   1   0   0   0   3   2   1   1   0   0   0   0   0   3
    1   0   0   0   0   0   0   1   0   1   0   4]]
2024-05-08 10:22:16,386 - ***** Evaluation results *****
2024-05-08 10:22:16,387 -   acc = 0.6011
2024-05-08 10:22:16,387 -   f1 = 0.5395
2024-05-08 10:22:16,387 -   prec = 0.5623
2024-05-08 10:22:16,387 -   rec = 0.5361
2024-05-08 10:22:16,387 - Testing is finished...
2024-05-08 10:22:16,387 - Multimodal intent recognition is finished...
2024-05-08 10:22:16,387 - Results are saved in results/ablation_msz.csv
