2024-03-07 02:33:43,348 - ============================== Params ==============================
2024-03-07 02:33:43,348 - logger_name: msz_MIntRec2_multi-class_seed-1_2024-03-07-02-33-43
2024-03-07 02:33:43,348 - dataset: MIntRec2
2024-03-07 02:33:43,348 - data_mode: multi-class
2024-03-07 02:33:43,348 - method: msz
2024-03-07 02:33:43,348 - text_backbone: bert-base-uncased
2024-03-07 02:33:43,348 - text_backbone_path: /home/sharing/disk1/pretrained_embedding/bert/uncased_L-12_H-768_A-12/
2024-03-07 02:33:43,348 - seed: 1
2024-03-07 02:33:43,348 - num_workers: 8
2024-03-07 02:33:43,348 - gpu_id: 2
2024-03-07 02:33:43,348 - data_path: /home/sharing/disk2/sjh/intentDataset
2024-03-07 02:33:43,348 - train: True
2024-03-07 02:33:43,348 - tune: True
2024-03-07 02:33:43,348 - save_model: False
2024-03-07 02:33:43,348 - save_results: True
2024-03-07 02:33:43,348 - log_path: logs
2024-03-07 02:33:43,348 - cache_path: 
2024-03-07 02:33:43,348 - video_data_path: video_data
2024-03-07 02:33:43,348 - audio_data_path: audio_data
2024-03-07 02:33:43,349 - video_feats_path: video_feats.pkl
2024-03-07 02:33:43,349 - audio_feats_path: audio_feats.pkl
2024-03-07 02:33:43,349 - results_path: results
2024-03-07 02:33:43,349 - output_path: /home/sharing/disk2/sjh/Outputs/MIntRec2
2024-03-07 02:33:43,349 - model_path: models
2024-03-07 02:33:43,349 - config_file_name: msz_MIntRec2
2024-03-07 02:33:43,349 - results_file_name: msz.csv
2024-03-07 02:33:43,349 - padding_mode: zero
2024-03-07 02:33:43,349 - padding_loc: end
2024-03-07 02:33:43,349 - need_aligned: False
2024-03-07 02:33:43,349 - eval_monitor: f1
2024-03-07 02:33:43,349 - train_batch_size: 32
2024-03-07 02:33:43,349 - eval_batch_size: 16
2024-03-07 02:33:43,349 - test_batch_size: 16
2024-03-07 02:33:43,349 - wait_patience: 8
2024-03-07 02:33:43,349 - hidden_dims: 768
2024-03-07 02:33:43,349 - num_attention_heads: 12
2024-03-07 02:33:43,349 - attention_probs_dropout_prob: 0.1
2024-03-07 02:33:43,349 - hidden_dropout_prob: 0.2
2024-03-07 02:33:43,349 - intermediate_size: 768
2024-03-07 02:33:43,349 - num_hidden_layers: 10
2024-03-07 02:33:43,349 - max_position_embeddings: 768
2024-03-07 02:33:43,349 - position_embedding_type: absolute
2024-03-07 02:33:43,349 - batch_first: True
2024-03-07 02:33:43,349 - dropout: 0.1
2024-03-07 02:33:43,349 - aligned_method: conv1d
2024-03-07 02:33:43,349 - num_train_epochs: 100
2024-03-07 02:33:43,349 - lr: 4e-06
2024-03-07 02:33:43,349 - lr_mode: min
2024-03-07 02:33:43,349 - pred_output_path: /home/sharing/disk2/sjh/Outputs/MIntRec2/msz_MIntRec2_multi-class_seed-1_2024-03-07-02-33-43
2024-03-07 02:33:43,349 - model_output_path: /home/sharing/disk2/sjh/Outputs/MIntRec2/msz_MIntRec2_multi-class_seed-1_2024-03-07-02-33-43/models
2024-03-07 02:33:43,349 - ============================== End Params ==============================
2024-03-07 02:33:43,364 - Generate Text Features Begin...
2024-03-07 02:33:45,306 - Generate Text Features Finished...
2024-03-07 02:33:45,308 - Load Video Features Begin...
2024-03-07 02:33:46,361 - Load Video Features Finished...
2024-03-07 02:33:47,940 - Load Audio Features Begin...
2024-03-07 02:34:55,452 - Load Audio Features Finished...
2024-03-07 02:35:08,678 - method  begins...
2024-03-07 02:35:14,576 - Multimodal intent recognition begins...
2024-03-07 02:35:14,576 - Training begins...
2024-03-07 02:36:48,551 - ***** Epoch: 1: Eval results *****
2024-03-07 02:36:48,551 -   train_loss = 2.7445
2024-03-07 02:36:48,551 -   best_eval_score = 0.0
2024-03-07 02:36:48,551 -   eval_score = 0.2405
2024-03-07 02:38:20,147 - ***** Epoch: 2: Eval results *****
2024-03-07 02:38:20,147 -   train_loss = 1.7891
2024-03-07 02:38:20,147 -   best_eval_score = 0.2405
2024-03-07 02:38:20,147 -   eval_score = 0.3997
2024-03-07 02:39:51,562 - ***** Epoch: 3: Eval results *****
2024-03-07 02:39:51,562 -   train_loss = 1.4021
2024-03-07 02:39:51,562 -   best_eval_score = 0.3997
2024-03-07 02:39:51,562 -   eval_score = 0.4383
2024-03-07 02:41:22,534 - ***** Epoch: 4: Eval results *****
2024-03-07 02:41:22,535 -   train_loss = 1.176
2024-03-07 02:41:22,535 -   best_eval_score = 0.4383
2024-03-07 02:41:22,535 -   eval_score = 0.4676
2024-03-07 02:42:53,928 - ***** Epoch: 5: Eval results *****
2024-03-07 02:42:53,928 -   train_loss = 1.015
2024-03-07 02:42:53,928 -   best_eval_score = 0.4676
2024-03-07 02:42:53,928 -   eval_score = 0.4747
2024-03-07 02:44:25,296 - ***** Epoch: 6: Eval results *****
2024-03-07 02:44:25,296 -   train_loss = 0.8673
2024-03-07 02:44:25,296 -   best_eval_score = 0.4747
2024-03-07 02:44:25,297 -   eval_score = 0.4954
2024-03-07 02:45:56,576 - ***** Epoch: 7: Eval results *****
2024-03-07 02:45:56,576 -   train_loss = 0.7361
2024-03-07 02:45:56,577 -   best_eval_score = 0.4954
2024-03-07 02:45:56,577 -   eval_score = 0.5099
2024-03-07 02:47:27,948 - ***** Epoch: 8: Eval results *****
2024-03-07 02:47:27,948 -   train_loss = 0.6137
2024-03-07 02:47:27,948 -   best_eval_score = 0.5099
2024-03-07 02:47:27,948 -   eval_score = 0.5023
2024-03-07 02:47:27,948 - EarlyStopping counter: 1 out of 8
2024-03-07 02:48:59,681 - ***** Epoch: 9: Eval results *****
2024-03-07 02:48:59,681 -   train_loss = 0.5004
2024-03-07 02:48:59,681 -   best_eval_score = 0.5099
2024-03-07 02:48:59,681 -   eval_score = 0.5323
2024-03-07 02:50:31,129 - ***** Epoch: 10: Eval results *****
2024-03-07 02:50:31,130 -   train_loss = 0.4117
2024-03-07 02:50:31,130 -   best_eval_score = 0.5323
2024-03-07 02:50:31,130 -   eval_score = 0.512
2024-03-07 02:50:31,130 - EarlyStopping counter: 1 out of 8
2024-03-07 02:52:02,600 - ***** Epoch: 11: Eval results *****
2024-03-07 02:52:02,600 -   train_loss = 0.3027
2024-03-07 02:52:02,600 -   best_eval_score = 0.5323
2024-03-07 02:52:02,600 -   eval_score = 0.5316
2024-03-07 02:52:02,600 - EarlyStopping counter: 2 out of 8
2024-03-07 02:53:34,253 - ***** Epoch: 12: Eval results *****
2024-03-07 02:53:34,253 -   train_loss = 0.2898
2024-03-07 02:53:34,253 -   best_eval_score = 0.5323
2024-03-07 02:53:34,253 -   eval_score = 0.535
2024-03-07 02:55:06,224 - ***** Epoch: 13: Eval results *****
2024-03-07 02:55:06,225 -   train_loss = 0.2818
2024-03-07 02:55:06,225 -   best_eval_score = 0.535
2024-03-07 02:55:06,225 -   eval_score = 0.5295
2024-03-07 02:55:06,225 - EarlyStopping counter: 1 out of 8
2024-03-07 02:56:37,387 - ***** Epoch: 14: Eval results *****
2024-03-07 02:56:37,387 -   train_loss = 0.2688
2024-03-07 02:56:37,387 -   best_eval_score = 0.535
2024-03-07 02:56:37,387 -   eval_score = 0.5302
2024-03-07 02:56:37,387 - EarlyStopping counter: 2 out of 8
2024-03-07 02:58:08,737 - ***** Epoch: 15: Eval results *****
2024-03-07 02:58:08,737 -   train_loss = 0.2633
2024-03-07 02:58:08,737 -   best_eval_score = 0.535
2024-03-07 02:58:08,737 -   eval_score = 0.5284
2024-03-07 02:58:08,737 - EarlyStopping counter: 3 out of 8
2024-03-07 02:59:39,854 - ***** Epoch: 16: Eval results *****
2024-03-07 02:59:39,855 -   train_loss = 0.2591
2024-03-07 02:59:39,855 -   best_eval_score = 0.535
2024-03-07 02:59:39,855 -   eval_score = 0.5296
2024-03-07 02:59:39,855 - EarlyStopping counter: 4 out of 8
2024-03-07 03:01:11,083 - ***** Epoch: 17: Eval results *****
2024-03-07 03:01:11,086 -   train_loss = 0.2501
2024-03-07 03:01:11,086 -   best_eval_score = 0.535
2024-03-07 03:01:11,086 -   eval_score = 0.5289
2024-03-07 03:01:11,086 - EarlyStopping counter: 5 out of 8
2024-03-07 03:02:42,630 - ***** Epoch: 18: Eval results *****
2024-03-07 03:02:42,630 -   train_loss = 0.2446
2024-03-07 03:02:42,630 -   best_eval_score = 0.535
2024-03-07 03:02:42,630 -   eval_score = 0.53
2024-03-07 03:02:42,630 - EarlyStopping counter: 6 out of 8
2024-03-07 03:04:14,084 - ***** Epoch: 19: Eval results *****
2024-03-07 03:04:14,084 -   train_loss = 0.232
2024-03-07 03:04:14,084 -   best_eval_score = 0.535
2024-03-07 03:04:14,084 -   eval_score = 0.5325
2024-03-07 03:04:14,084 - EarlyStopping counter: 7 out of 8
2024-03-07 03:05:45,785 - ***** Epoch: 20: Eval results *****
2024-03-07 03:05:45,785 -   train_loss = 0.2186
2024-03-07 03:05:45,785 -   best_eval_score = 0.535
2024-03-07 03:05:45,785 -   eval_score = 0.531
2024-03-07 03:05:45,785 - EarlyStopping counter: 8 out of 8
2024-03-07 03:05:45,785 - EarlyStopping at epoch 20
2024-03-07 03:05:45,790 - Training is finished...
2024-03-07 03:05:45,792 - Testing begins...
2024-03-07 03:05:57,415 - ***** Test: Confusion Matrix *****
2024-03-07 03:05:57,417 - [[ 50   0  13   0   0   0   0   0   1   0   2   0   0   0   0   0   0   0
    0   0   0   1   1   0   0   0   0   0   0   0]
 [  0  56   0   0   9   1   4   0   1   0   2   0   3   0   3   0   0   8
    2   1   0   1   1   0   1   0   0   4   0   0]
 [ 11   0  43   0   2   0   0   0   0   0   1   0   0   0   1   0   0   2
    0   0   0   0   0   1   2   0   0   1   0   0]
 [  0   0   0  58   0   0   0   0   0   2   0   0   0   0   2   0   1   1
    0   0   0   1   0   0   0   0   0   0   0   0]
 [  0   4   0   0  33   0   0   0   1   0   0   0   0   0   0   0   0   6
    0   0   0   2   0   2   1   0   0   1   1   0]
 [  0   2   0   0   2  22   0   0   0   1   1   0   0   0   2   0   0   4
    0   0   0   0   0   1   0   2   0   0   0   0]
 [  0   1   0   0   0   4  24  10   0   1   2   0   6   0   0   0   0   0
    0   0   0   0   0   0   0   0   0   0   0   0]
 [  0   0   0   0   0   0   6  28   0   1   6   0   4   0   0   0   1   0
    0   0   0   0   1   0   0   0   0   0   0   0]
 [  1   1   1   3   1   0   0   0  23   1   0   1   1   0   3   1   0   4
    0   0   0   0   6   0   2   0   0   0   0   0]
 [  0   2   0   2   0   0   0   0   1  53   0   6   6   0  12   0   0   8
    0   0   2   2   2   2   4   0   0   4   0   1]
 [  0   0   0   0   1   4   3   4   2   2  41   0  29   0   1   0   1   1
    0   2   0   1   0   0   1   0   0   0   0   0]
 [  0   0   0   0   0   0   1   0   1   6   1  24   5   0   1   0   0   0
    2   0   0   0   3   0   1   0   0   1   0   1]
 [  0   2   0   0   1   0   3  10   1   6  24   2  83   0   0   0   1   0
    0   1   0   0   0   0   0   0   0   1   0   0]
 [  0   0   3   0   0   0   0   0   1   0   0   0   0   1   3   0   0   3
    3   0   1   0   2   0   0   0   0   0   0   0]
 [  0   2   1   0   1   0   1   0   4   9   2   0   0   0 126   0   0  22
    2   0   1   0  13   0   3   0   1   5   0   0]
 [  0   0   1   0   1   0   0   0   0   4   0   1   0   1   3   4   0   2
    2   0   0   1   0   0   0   0   0   1   1   0]
 [  0   0   0   0   1   0   0   1   0   0   1   0   2   0   0   0  58   0
    2   0   0   0   0   0   1   0   0   0   0   0]
 [  0   4   1   1   5   5   0   0   3  12   0   1   1   2  20   1   1 116
   14   2   0   6   6   7   1   2   0   4   1   1]
 [  0   1   0   0   0   0   0   0   1   5   1   0   0   0   9   1   3   4
   29   0   2   0   1   1   1   0   0   1   0   0]
 [  0   5   0   0   0   0   2   0   0   0   1   0   0   0   0   0   0   1
    0   7   0   1   0   0   0   0   0   0   0   0]
 [  1   2   2   0   2   0   0   0   0   1   1   1   0   0   5   0   0   2
    4   0   3   0   0   2   1   0   0   2   0   0]
 [  7   1   0   0   0   0   0   0   0   3   0   0   0   0   2   0   4   0
    0   0   0  25   1   6   1   0   0   2   0   1]
 [  0   1   1   1   0   0   0   0   2   4   0   2   0   3   9   1   0   4
    0   0   0   0  83   0   1   2   2   1   0   0]
 [  0   2   1   0   1   0   0   0   0   0   0   0   0   0   2   0   0   7
    0   0   0   3   0  22   0   0   0   0   0   0]
 [  1   0   3   0   0   0   0   0   0   1   1   0   0   0   3   0   0   2
    1   0   0   0   1   1  86   0   0  11   2   0]
 [  1   1   0   0   0   0   0   0   0   0   0   0   0   0   0   0   0   2
    0   0   0   1   3   0   1  20   0   0   0   2]
 [  0   0   0   1   0   0   0   0   0   1   0   0   0   1   2   0   0   4
    0   0   0   3   1   0   0   0   4   0   0   0]
 [  1   2   1   0   1   0   0   1   1   7   2   6   3   2   6   0   0   1
    0   0   1   0   2   0   8   1   0  10   1   1]
 [  0   0   0   0   0   0   0   0   0   0   0   0   0   0   0   0   1   0
    0   0   0   0   0   0   0   0   1   0  56   0]
 [  0   3   0   0   2   0   0   0   1   1   1   1   0   0   0   0   0   2
    0   0   0   1   0   0   0   1   0   2   0   4]]
2024-03-07 03:05:57,417 - ***** Evaluation results *****
2024-03-07 03:05:57,417 -   acc = 0.5863
2024-03-07 03:05:57,417 -   f1 = 0.5298
2024-03-07 03:05:57,417 -   prec = 0.5486
2024-03-07 03:05:57,417 -   rec = 0.5267
2024-03-07 03:05:57,417 - Testing is finished...
2024-03-07 03:05:57,417 - Multimodal intent recognition is finished...
2024-03-07 03:05:57,417 - Results are saved in results/msz.csv
