2024-01-06 07:29:29,232 - ============================== Params ==============================
2024-01-06 07:29:29,232 - logger_name: msz_MIntRec_multi-class_seed-1_2024-01-06-07-29-29
2024-01-06 07:29:29,232 - dataset: MIntRec
2024-01-06 07:29:29,232 - data_mode: multi-class
2024-01-06 07:29:29,232 - method: msz
2024-01-06 07:29:29,233 - text_backbone: bert-base-uncased
2024-01-06 07:29:29,233 - text_backbone_path: /home/sharing/disk1/pretrained_embedding/bert/uncased_L-12_H-768_A-12/
2024-01-06 07:29:29,233 - seed: 1
2024-01-06 07:29:29,233 - num_workers: 8
2024-01-06 07:29:29,233 - gpu_id: 1
2024-01-06 07:29:29,233 - data_path: /home/sharing/disk2/sjh/intentDataset
2024-01-06 07:29:29,233 - train: True
2024-01-06 07:29:29,233 - tune: False
2024-01-06 07:29:29,233 - save_model: False
2024-01-06 07:29:29,233 - save_results: True
2024-01-06 07:29:29,233 - log_path: logs
2024-01-06 07:29:29,233 - cache_path: 
2024-01-06 07:29:29,233 - video_data_path: video_data
2024-01-06 07:29:29,233 - audio_data_path: audio_data
2024-01-06 07:29:29,233 - video_feats_path: video_feats.pkl
2024-01-06 07:29:29,233 - audio_feats_path: audio_feats.pkl
2024-01-06 07:29:29,233 - results_path: results
2024-01-06 07:29:29,233 - output_path: /home/sharing/disk2/sjh/Outputs/MIntRec
2024-01-06 07:29:29,233 - model_path: models
2024-01-06 07:29:29,233 - config_file_name: msz
2024-01-06 07:29:29,233 - results_file_name: msz.csv
2024-01-06 07:29:29,233 - padding_mode: zero
2024-01-06 07:29:29,233 - padding_loc: end
2024-01-06 07:29:29,233 - need_aligned: False
2024-01-06 07:29:29,233 - eval_monitor: f1
2024-01-06 07:29:29,233 - train_batch_size: 16
2024-01-06 07:29:29,233 - eval_batch_size: 8
2024-01-06 07:29:29,233 - test_batch_size: 8
2024-01-06 07:29:29,233 - wait_patience: 8
2024-01-06 07:29:29,233 - nheads: 2
2024-01-06 07:29:29,233 - encoder_layers: 2
2024-01-06 07:29:29,233 - attn_dropout: 0.1
2024-01-06 07:29:29,233 - relu_dropout: 0.1
2024-01-06 07:29:29,233 - embed_dropout: 0.1
2024-01-06 07:29:29,233 - res_dropout: 0.1
2024-01-06 07:29:29,233 - attn_mask: False
2024-01-06 07:29:29,233 - hidden_size: 768
2024-01-06 07:29:29,233 - num_attention_heads: 12
2024-01-06 07:29:29,234 - attention_probs_dropout_prob: 0.2
2024-01-06 07:29:29,234 - hidden_dropout_prob: 0.2
2024-01-06 07:29:29,234 - intermediate_size: 768
2024-01-06 07:29:29,234 - num_hidden_layers: 3
2024-01-06 07:29:29,234 - max_position_embeddings: 512
2024-01-06 07:29:29,234 - position_embedding_type: absolute
2024-01-06 07:29:29,234 - batch_first: True
2024-01-06 07:29:29,234 - hidden_dims: 768
2024-01-06 07:29:29,234 - att_dropouts: [0.2, 0.2, 0.2]
2024-01-06 07:29:29,234 - spe_dropouts: [0.1, 0.1, 0.1]
2024-01-06 07:29:29,234 - ta_loss: 0.1
2024-01-06 07:29:29,234 - tv_loss: 0.1
2024-01-06 07:29:29,234 - av_loss: 0.1
2024-01-06 07:29:29,234 - aligned_method: conv1d
2024-01-06 07:29:29,234 - grad_clip: -1
2024-01-06 07:29:29,234 - num_train_epochs: 100
2024-01-06 07:29:29,234 - warmup_proportion: 0.1
2024-01-06 07:29:29,234 - lr: 1e-06
2024-01-06 07:29:29,234 - weight_decay: 0.01
2024-01-06 07:29:29,234 - pred_output_path: /home/sharing/disk2/sjh/Outputs/MIntRec/msz_MIntRec_multi-class_seed-1_2024-01-06-07-29-29
2024-01-06 07:29:29,234 - model_output_path: /home/sharing/disk2/sjh/Outputs/MIntRec/msz_MIntRec_multi-class_seed-1_2024-01-06-07-29-29/models
2024-01-06 07:29:29,234 - ============================== End Params ==============================
2024-01-06 07:29:29,237 - Generate Text Features Begin...
2024-01-06 07:29:29,739 - Generate Text Features Finished...
2024-01-06 07:29:29,739 - Load Video Features Begin...
2024-01-06 07:29:30,679 - Load Video Features Finished...
2024-01-06 07:29:31,268 - Load Audio Features Begin...
2024-01-06 07:29:33,931 - Load Audio Features Finished...
2024-01-06 07:29:37,668 - method  begins...
2024-01-06 07:29:41,481 - Multimodal intent recognition begins...
2024-01-06 07:29:41,481 - Training begins...
2024-01-06 07:30:02,726 - ***** Epoch: 1: Eval results *****
2024-01-06 07:30:02,726 -   train_loss = 3.7535
2024-01-06 07:30:02,726 -   best_eval_score = 0.0
2024-01-06 07:30:02,726 -   eval_score = 0.0276
2024-01-06 07:30:22,085 - ***** Epoch: 2: Eval results *****
2024-01-06 07:30:22,085 -   train_loss = 3.6977
2024-01-06 07:30:22,085 -   best_eval_score = 0.0276
2024-01-06 07:30:22,086 -   eval_score = 0.0452
2024-01-06 07:30:41,223 - ***** Epoch: 3: Eval results *****
2024-01-06 07:30:41,224 -   train_loss = 3.6111
2024-01-06 07:30:41,224 -   best_eval_score = 0.0452
2024-01-06 07:30:41,224 -   eval_score = 0.047
2024-01-06 07:31:00,502 - ***** Epoch: 4: Eval results *****
2024-01-06 07:31:00,502 -   train_loss = 3.5119
2024-01-06 07:31:00,502 -   best_eval_score = 0.047
2024-01-06 07:31:00,503 -   eval_score = 0.0305
2024-01-06 07:31:00,503 - EarlyStopping counter: 1 out of 8
2024-01-06 07:31:19,414 - ***** Epoch: 5: Eval results *****
2024-01-06 07:31:19,414 -   train_loss = 3.3775
2024-01-06 07:31:19,414 -   best_eval_score = 0.047
2024-01-06 07:31:19,414 -   eval_score = 0.0943
2024-01-06 07:31:39,285 - ***** Epoch: 6: Eval results *****
2024-01-06 07:31:39,285 -   train_loss = 3.2359
2024-01-06 07:31:39,285 -   best_eval_score = 0.0943
2024-01-06 07:31:39,285 -   eval_score = 0.1694
2024-01-06 07:31:58,945 - ***** Epoch: 7: Eval results *****
2024-01-06 07:31:58,945 -   train_loss = 3.0832
2024-01-06 07:31:58,945 -   best_eval_score = 0.1694
2024-01-06 07:31:58,945 -   eval_score = 0.226
2024-01-06 07:32:18,230 - ***** Epoch: 8: Eval results *****
2024-01-06 07:32:18,230 -   train_loss = 2.9437
2024-01-06 07:32:18,230 -   best_eval_score = 0.226
2024-01-06 07:32:18,230 -   eval_score = 0.2923
2024-01-06 07:32:37,211 - ***** Epoch: 9: Eval results *****
2024-01-06 07:32:37,212 -   train_loss = 2.8282
2024-01-06 07:32:37,212 -   best_eval_score = 0.2923
2024-01-06 07:32:37,212 -   eval_score = 0.3699
2024-01-06 07:32:56,449 - ***** Epoch: 10: Eval results *****
2024-01-06 07:32:56,449 -   train_loss = 2.6888
2024-01-06 07:32:56,449 -   best_eval_score = 0.3699
2024-01-06 07:32:56,449 -   eval_score = 0.4444
2024-01-06 07:33:15,572 - ***** Epoch: 11: Eval results *****
2024-01-06 07:33:15,572 -   train_loss = 2.5019
2024-01-06 07:33:15,573 -   best_eval_score = 0.4444
2024-01-06 07:33:15,573 -   eval_score = 0.4602
2024-01-06 07:33:34,851 - ***** Epoch: 12: Eval results *****
2024-01-06 07:33:34,851 -   train_loss = 2.2701
2024-01-06 07:33:34,851 -   best_eval_score = 0.4602
2024-01-06 07:33:34,851 -   eval_score = 0.4999
2024-01-06 07:33:53,798 - ***** Epoch: 13: Eval results *****
2024-01-06 07:33:53,798 -   train_loss = 2.0857
2024-01-06 07:33:53,798 -   best_eval_score = 0.4999
2024-01-06 07:33:53,798 -   eval_score = 0.5304
2024-01-06 07:34:13,091 - ***** Epoch: 14: Eval results *****
2024-01-06 07:34:13,091 -   train_loss = 1.8956
2024-01-06 07:34:13,091 -   best_eval_score = 0.5304
2024-01-06 07:34:13,091 -   eval_score = 0.5389
2024-01-06 07:34:32,093 - ***** Epoch: 15: Eval results *****
2024-01-06 07:34:32,093 -   train_loss = 1.6927
2024-01-06 07:34:32,093 -   best_eval_score = 0.5389
2024-01-06 07:34:32,093 -   eval_score = 0.5121
2024-01-06 07:34:32,093 - EarlyStopping counter: 1 out of 8
2024-01-06 07:34:51,248 - ***** Epoch: 16: Eval results *****
2024-01-06 07:34:51,249 -   train_loss = 1.5341
2024-01-06 07:34:51,249 -   best_eval_score = 0.5389
2024-01-06 07:34:51,249 -   eval_score = 0.5649
2024-01-06 07:35:10,896 - ***** Epoch: 17: Eval results *****
2024-01-06 07:35:10,896 -   train_loss = 1.3611
2024-01-06 07:35:10,896 -   best_eval_score = 0.5649
2024-01-06 07:35:10,896 -   eval_score = 0.5881
2024-01-06 07:35:29,970 - ***** Epoch: 18: Eval results *****
2024-01-06 07:35:29,970 -   train_loss = 1.2466
2024-01-06 07:35:29,970 -   best_eval_score = 0.5881
2024-01-06 07:35:29,970 -   eval_score = 0.5984
2024-01-06 07:35:49,177 - ***** Epoch: 19: Eval results *****
2024-01-06 07:35:49,177 -   train_loss = 1.1067
2024-01-06 07:35:49,177 -   best_eval_score = 0.5984
2024-01-06 07:35:49,178 -   eval_score = 0.6059
2024-01-06 07:36:08,227 - ***** Epoch: 20: Eval results *****
2024-01-06 07:36:08,227 -   train_loss = 1.0253
2024-01-06 07:36:08,227 -   best_eval_score = 0.6059
2024-01-06 07:36:08,227 -   eval_score = 0.6094
2024-01-06 07:36:27,395 - ***** Epoch: 21: Eval results *****
2024-01-06 07:36:27,395 -   train_loss = 0.9345
2024-01-06 07:36:27,396 -   best_eval_score = 0.6094
2024-01-06 07:36:27,396 -   eval_score = 0.6338
2024-01-06 07:36:46,648 - ***** Epoch: 22: Eval results *****
2024-01-06 07:36:46,648 -   train_loss = 0.8601
2024-01-06 07:36:46,648 -   best_eval_score = 0.6338
2024-01-06 07:36:46,648 -   eval_score = 0.6516
2024-01-06 07:37:05,586 - ***** Epoch: 23: Eval results *****
2024-01-06 07:37:05,587 -   train_loss = 0.8117
2024-01-06 07:37:05,587 -   best_eval_score = 0.6516
2024-01-06 07:37:05,587 -   eval_score = 0.6569
2024-01-06 07:37:24,658 - ***** Epoch: 24: Eval results *****
2024-01-06 07:37:24,658 -   train_loss = 0.7731
2024-01-06 07:37:24,658 -   best_eval_score = 0.6569
2024-01-06 07:37:24,658 -   eval_score = 0.6597
2024-01-06 07:37:43,504 - ***** Epoch: 25: Eval results *****
2024-01-06 07:37:43,505 -   train_loss = 0.7387
2024-01-06 07:37:43,505 -   best_eval_score = 0.6597
2024-01-06 07:37:43,505 -   eval_score = 0.6525
2024-01-06 07:37:43,505 - EarlyStopping counter: 1 out of 8
2024-01-06 07:38:02,427 - ***** Epoch: 26: Eval results *****
2024-01-06 07:38:02,427 -   train_loss = 0.708
2024-01-06 07:38:02,427 -   best_eval_score = 0.6597
2024-01-06 07:38:02,427 -   eval_score = 0.6478
2024-01-06 07:38:02,428 - EarlyStopping counter: 2 out of 8
2024-01-06 07:38:22,138 - ***** Epoch: 27: Eval results *****
2024-01-06 07:38:22,138 -   train_loss = 0.6909
2024-01-06 07:38:22,138 -   best_eval_score = 0.6597
2024-01-06 07:38:22,138 -   eval_score = 0.6298
2024-01-06 07:38:22,138 - EarlyStopping counter: 3 out of 8
2024-01-06 07:38:41,737 - ***** Epoch: 28: Eval results *****
2024-01-06 07:38:41,737 -   train_loss = 0.6757
2024-01-06 07:38:41,737 -   best_eval_score = 0.6597
2024-01-06 07:38:41,737 -   eval_score = 0.6226
2024-01-06 07:38:41,737 - EarlyStopping counter: 4 out of 8
2024-01-06 07:39:00,662 - ***** Epoch: 29: Eval results *****
2024-01-06 07:39:00,662 -   train_loss = 0.6632
2024-01-06 07:39:00,662 -   best_eval_score = 0.6597
2024-01-06 07:39:00,662 -   eval_score = 0.6022
2024-01-06 07:39:00,662 - EarlyStopping counter: 5 out of 8
2024-01-06 07:39:19,364 - ***** Epoch: 30: Eval results *****
2024-01-06 07:39:19,365 -   train_loss = 0.6551
2024-01-06 07:39:19,365 -   best_eval_score = 0.6597
2024-01-06 07:39:19,365 -   eval_score = 0.6052
2024-01-06 07:39:19,365 - EarlyStopping counter: 6 out of 8
2024-01-06 07:39:38,181 - ***** Epoch: 31: Eval results *****
2024-01-06 07:39:38,181 -   train_loss = 0.641
2024-01-06 07:39:38,181 -   best_eval_score = 0.6597
2024-01-06 07:39:38,181 -   eval_score = 0.6149
2024-01-06 07:39:38,181 - EarlyStopping counter: 7 out of 8
2024-01-06 07:39:57,117 - ***** Epoch: 32: Eval results *****
2024-01-06 07:39:57,117 -   train_loss = 0.6344
2024-01-06 07:39:57,117 -   best_eval_score = 0.6597
2024-01-06 07:39:57,118 -   eval_score = 0.6313
2024-01-06 07:39:57,118 - EarlyStopping counter: 8 out of 8
2024-01-06 07:39:57,118 - EarlyStopping at epoch 32
2024-01-06 07:39:57,119 - Training is finished...
2024-01-06 07:39:57,119 - Testing begins...
2024-01-06 07:40:00,113 - ***** Test: Confusion Matrix *****
2024-01-06 07:40:00,114 - [[22  0  0  0 12  0  0  2  8  5  0  1  3  1  0  3  0  0  0  0]
 [ 0 37  0  1  0  0  0  0  2  0  0  0  2  1  0  0  0  0  0  0]
 [ 1  0 26  0  0  0  0  0  0  0  0  0  0  0  0  0  0  0  0  0]
 [ 0  0  0 25  0  0  0  0  0  0  0  0  0  0  0  0  0  0  0  0]
 [ 2  0  0  0 12  0  0  0  5  1  0  1  0  2  0  0  0  0  0  0]
 [ 0  0  0  0  0 10  0  1  0  0  0  0  0  0  1  0  0  0  0  0]
 [ 0  0  1  0  1  0  0  1  7  1  0  1  0  0  0  0  0  0  0  0]
 [ 2  0  0  0  0  0  0  5  1  1  1  0  0  0  0  0  0  0  0  0]
 [ 0  0  0  0  0  0  0  4  4  0  0  0  0  1  0  1  0  0  0  0]
 [ 2  0  0  0  0  0  0  1  0  1  0  0  0  0  0  3  0  3  0  0]
 [ 0  0  0  0  0  0  0  1  0  4 12  0  0  1  0  0  0  0  0  0]
 [ 0  0  0  0  0  0  0  0  1  0  0 15  1  0  0  0  0  0  1  1]
 [ 2  2  0  0  0  0  0  2  3  0  0  0 31  2  6  4  0  1  2  2]
 [ 0  0  0  0  0  0  0  0  1  0  1  1  0 16  4  0  0  0  0  2]
 [ 0  0  0  0  0  0  0  0  3  0  0  0  0  2 14  0  0  0  0  3]
 [ 0  1  0  1  1  0  0  0  0  0  0  0  2  0  3 13  0  0  0  0]
 [ 0  0  0  0  0  0  0  1  0  0  0  0  1  0  2  0 12  0  0  1]
 [ 0  0  0  0  0  0  0  0  0  1  0  0  1  0  1  0  0 12  0  0]
 [ 0  0  0  0  0  0  0  0  0  0  0  0  0  0  0  1  0  0 11  0]
 [ 0  0  0  0  0  0  0  0  0  0  0  0  0  1  2  0  0  0  1  6]]
2024-01-06 07:40:00,114 - ***** Evaluation results *****
2024-01-06 07:40:00,114 -   acc = 0.6382
2024-01-06 07:40:00,114 -   f1 = 0.6046
2024-01-06 07:40:00,114 -   prec = 0.6136
2024-01-06 07:40:00,114 -   rec = 0.6241
2024-01-06 07:40:00,114 - Testing is finished...
2024-01-06 07:40:00,114 - Multimodal intent recognition is finished...
2024-01-06 07:40:00,114 - Results are saved in results/msz.csv
