2024-01-17 09:19:21,292 - ============================== Params ==============================
2024-01-17 09:19:21,292 - logger_name: msz_MIntRec_multi-class_seed-1_2024-01-17-09-19-21
2024-01-17 09:19:21,292 - dataset: MIntRec
2024-01-17 09:19:21,292 - data_mode: multi-class
2024-01-17 09:19:21,292 - method: msz
2024-01-17 09:19:21,292 - text_backbone: bert-base-uncased
2024-01-17 09:19:21,292 - text_backbone_path: /home/sharing/disk1/pretrained_embedding/bert/uncased_L-12_H-768_A-12/
2024-01-17 09:19:21,293 - seed: 1
2024-01-17 09:19:21,293 - num_workers: 8
2024-01-17 09:19:21,293 - gpu_id: 1
2024-01-17 09:19:21,293 - data_path: /home/sharing/disk2/sjh/intentDataset
2024-01-17 09:19:21,293 - train: True
2024-01-17 09:19:21,293 - tune: False
2024-01-17 09:19:21,293 - save_model: False
2024-01-17 09:19:21,293 - save_results: True
2024-01-17 09:19:21,293 - log_path: logs
2024-01-17 09:19:21,293 - cache_path: 
2024-01-17 09:19:21,293 - video_data_path: video_data
2024-01-17 09:19:21,293 - audio_data_path: audio_data
2024-01-17 09:19:21,293 - video_feats_path: video_feats.pkl
2024-01-17 09:19:21,293 - audio_feats_path: audio_feats.pkl
2024-01-17 09:19:21,293 - results_path: results
2024-01-17 09:19:21,293 - output_path: /home/sharing/disk2/sjh/Outputs/MIntRec
2024-01-17 09:19:21,293 - model_path: models
2024-01-17 09:19:21,293 - config_file_name: msz
2024-01-17 09:19:21,293 - results_file_name: msz.csv
2024-01-17 09:19:21,293 - padding_mode: zero
2024-01-17 09:19:21,293 - padding_loc: end
2024-01-17 09:19:21,293 - need_aligned: False
2024-01-17 09:19:21,293 - eval_monitor: f1
2024-01-17 09:19:21,293 - train_batch_size: 16
2024-01-17 09:19:21,293 - eval_batch_size: 8
2024-01-17 09:19:21,293 - test_batch_size: 8
2024-01-17 09:19:21,293 - wait_patience: 8
2024-01-17 09:19:21,293 - hidden_size: 768
2024-01-17 09:19:21,293 - num_attention_heads: 12
2024-01-17 09:19:21,293 - attention_probs_dropout_prob: 0.2
2024-01-17 09:19:21,293 - hidden_dropout_prob: 0.2
2024-01-17 09:19:21,293 - intermediate_size: 768
2024-01-17 09:19:21,294 - num_hidden_layers: 8
2024-01-17 09:19:21,294 - max_position_embeddings: 768
2024-01-17 09:19:21,294 - position_embedding_type: absolute
2024-01-17 09:19:21,294 - batch_first: True
2024-01-17 09:19:21,294 - hidden_dims: 768
2024-01-17 09:19:21,294 - dropout: 0.1
2024-01-17 09:19:21,294 - aligned_method: conv1d
2024-01-17 09:19:21,294 - num_train_epochs: 100
2024-01-17 09:19:21,294 - lr: 8e-06
2024-01-17 09:19:21,294 - scale: 32
2024-01-17 09:19:21,294 - pred_output_path: /home/sharing/disk2/sjh/Outputs/MIntRec/msz_MIntRec_multi-class_seed-1_2024-01-17-09-19-21
2024-01-17 09:19:21,294 - model_output_path: /home/sharing/disk2/sjh/Outputs/MIntRec/msz_MIntRec_multi-class_seed-1_2024-01-17-09-19-21/models
2024-01-17 09:19:21,294 - ============================== End Params ==============================
2024-01-17 09:19:21,298 - Generate Text Features Begin...
2024-01-17 09:19:21,812 - Generate Text Features Finished...
2024-01-17 09:19:21,813 - Load Video Features Begin...
2024-01-17 09:19:22,222 - Load Video Features Finished...
2024-01-17 09:19:22,833 - Load Audio Features Begin...
2024-01-17 09:19:25,410 - Load Audio Features Finished...
2024-01-17 09:19:29,351 - method  begins...
2024-01-17 09:19:34,476 - Multimodal intent recognition begins...
2024-01-17 09:19:34,477 - Training begins...
2024-01-17 09:20:12,292 - ***** Epoch: 1: Eval results *****
2024-01-17 09:20:12,295 -   train_loss = 1.8904
2024-01-17 09:20:12,295 -   best_eval_score = 0.0
2024-01-17 09:20:12,295 -   eval_score = 0.5562
2024-01-17 09:20:48,122 - ***** Epoch: 2: Eval results *****
2024-01-17 09:20:48,122 -   train_loss = 0.7956
2024-01-17 09:20:48,122 -   best_eval_score = 0.5562
2024-01-17 09:20:48,122 -   eval_score = 0.648
2024-01-17 09:21:23,449 - ***** Epoch: 3: Eval results *****
2024-01-17 09:21:23,450 -   train_loss = 0.3881
2024-01-17 09:21:23,450 -   best_eval_score = 0.648
2024-01-17 09:21:23,450 -   eval_score = 0.6454
2024-01-17 09:21:23,450 - EarlyStopping counter: 1 out of 8
2024-01-17 09:21:59,913 - ***** Epoch: 4: Eval results *****
2024-01-17 09:21:59,913 -   train_loss = 0.1911
2024-01-17 09:21:59,913 -   best_eval_score = 0.648
2024-01-17 09:21:59,913 -   eval_score = 0.683
2024-01-17 09:22:35,271 - ***** Epoch: 5: Eval results *****
2024-01-17 09:22:35,271 -   train_loss = 0.0913
2024-01-17 09:22:35,271 -   best_eval_score = 0.683
2024-01-17 09:22:35,271 -   eval_score = 0.6709
2024-01-17 09:22:35,271 - EarlyStopping counter: 1 out of 8
2024-01-17 09:23:11,438 - ***** Epoch: 6: Eval results *****
2024-01-17 09:23:11,439 -   train_loss = 0.0464
2024-01-17 09:23:11,439 -   best_eval_score = 0.683
2024-01-17 09:23:11,439 -   eval_score = 0.6777
2024-01-17 09:23:11,439 - EarlyStopping counter: 2 out of 8
2024-01-17 09:23:47,204 - ***** Epoch: 7: Eval results *****
2024-01-17 09:23:47,205 -   train_loss = 0.0314
2024-01-17 09:23:47,205 -   best_eval_score = 0.683
2024-01-17 09:23:47,205 -   eval_score = 0.6485
2024-01-17 09:23:47,205 - EarlyStopping counter: 3 out of 8
2024-01-17 09:24:22,634 - ***** Epoch: 8: Eval results *****
2024-01-17 09:24:22,635 -   train_loss = 0.0233
2024-01-17 09:24:22,635 -   best_eval_score = 0.683
2024-01-17 09:24:22,635 -   eval_score = 0.6809
2024-01-17 09:24:22,635 - EarlyStopping counter: 4 out of 8
2024-01-17 09:24:58,500 - ***** Epoch: 9: Eval results *****
2024-01-17 09:24:58,500 -   train_loss = 0.023
2024-01-17 09:24:58,500 -   best_eval_score = 0.683
2024-01-17 09:24:58,500 -   eval_score = 0.6839
2024-01-17 09:25:34,256 - ***** Epoch: 10: Eval results *****
2024-01-17 09:25:34,256 -   train_loss = 0.0114
2024-01-17 09:25:34,256 -   best_eval_score = 0.6839
2024-01-17 09:25:34,256 -   eval_score = 0.6745
2024-01-17 09:25:34,256 - EarlyStopping counter: 1 out of 8
2024-01-17 09:26:11,407 - ***** Epoch: 11: Eval results *****
2024-01-17 09:26:11,407 -   train_loss = 0.0103
2024-01-17 09:26:11,407 -   best_eval_score = 0.6839
2024-01-17 09:26:11,407 -   eval_score = 0.691
2024-01-17 09:26:46,196 - ***** Epoch: 12: Eval results *****
2024-01-17 09:26:46,196 -   train_loss = 0.0097
2024-01-17 09:26:46,196 -   best_eval_score = 0.691
2024-01-17 09:26:46,196 -   eval_score = 0.6965
2024-01-17 09:27:22,418 - ***** Epoch: 13: Eval results *****
2024-01-17 09:27:22,419 -   train_loss = 0.0084
2024-01-17 09:27:22,419 -   best_eval_score = 0.6965
2024-01-17 09:27:22,419 -   eval_score = 0.6955
2024-01-17 09:27:22,419 - EarlyStopping counter: 1 out of 8
2024-01-17 09:27:58,173 - ***** Epoch: 14: Eval results *****
2024-01-17 09:27:58,174 -   train_loss = 0.0086
2024-01-17 09:27:58,174 -   best_eval_score = 0.6965
2024-01-17 09:27:58,174 -   eval_score = 0.6965
2024-01-17 09:27:58,174 - EarlyStopping counter: 2 out of 8
2024-01-17 09:28:33,370 - ***** Epoch: 15: Eval results *****
2024-01-17 09:28:33,371 -   train_loss = 0.0082
2024-01-17 09:28:33,371 -   best_eval_score = 0.6965
2024-01-17 09:28:33,371 -   eval_score = 0.6961
2024-01-17 09:28:33,371 - EarlyStopping counter: 3 out of 8
2024-01-17 09:29:10,621 - ***** Epoch: 16: Eval results *****
2024-01-17 09:29:10,621 -   train_loss = 0.0083
2024-01-17 09:29:10,621 -   best_eval_score = 0.6965
2024-01-17 09:29:10,621 -   eval_score = 0.6961
2024-01-17 09:29:10,621 - EarlyStopping counter: 4 out of 8
2024-01-17 09:29:45,696 - ***** Epoch: 17: Eval results *****
2024-01-17 09:29:45,697 -   train_loss = 0.008
2024-01-17 09:29:45,697 -   best_eval_score = 0.6965
2024-01-17 09:29:45,697 -   eval_score = 0.6965
2024-01-17 09:29:45,697 - EarlyStopping counter: 5 out of 8
2024-01-17 09:30:21,487 - ***** Epoch: 18: Eval results *****
2024-01-17 09:30:21,488 -   train_loss = 0.008
2024-01-17 09:30:21,488 -   best_eval_score = 0.6965
2024-01-17 09:30:21,488 -   eval_score = 0.7008
2024-01-17 09:30:58,690 - ***** Epoch: 19: Eval results *****
2024-01-17 09:30:58,691 -   train_loss = 0.0081
2024-01-17 09:30:58,691 -   best_eval_score = 0.7008
2024-01-17 09:30:58,691 -   eval_score = 0.6965
2024-01-17 09:30:58,691 - EarlyStopping counter: 1 out of 8
2024-01-17 09:31:33,430 - ***** Epoch: 20: Eval results *****
2024-01-17 09:31:33,430 -   train_loss = 0.0071
2024-01-17 09:31:33,430 -   best_eval_score = 0.7008
2024-01-17 09:31:33,430 -   eval_score = 0.6965
2024-01-17 09:31:33,430 - EarlyStopping counter: 2 out of 8
2024-01-17 09:32:10,345 - ***** Epoch: 21: Eval results *****
2024-01-17 09:32:10,345 -   train_loss = 0.0072
2024-01-17 09:32:10,346 -   best_eval_score = 0.7008
2024-01-17 09:32:10,346 -   eval_score = 0.6965
2024-01-17 09:32:10,346 - EarlyStopping counter: 3 out of 8
2024-01-17 09:32:46,160 - ***** Epoch: 22: Eval results *****
2024-01-17 09:32:46,161 -   train_loss = 0.0068
2024-01-17 09:32:46,161 -   best_eval_score = 0.7008
2024-01-17 09:32:46,161 -   eval_score = 0.6965
2024-01-17 09:32:46,161 - EarlyStopping counter: 4 out of 8
2024-01-17 09:33:21,047 - ***** Epoch: 23: Eval results *****
2024-01-17 09:33:21,047 -   train_loss = 0.0069
2024-01-17 09:33:21,047 -   best_eval_score = 0.7008
2024-01-17 09:33:21,047 -   eval_score = 0.6965
2024-01-17 09:33:21,047 - EarlyStopping counter: 5 out of 8
2024-01-17 09:33:54,979 - ***** Epoch: 24: Eval results *****
2024-01-17 09:33:54,979 -   train_loss = 0.0071
2024-01-17 09:33:54,980 -   best_eval_score = 0.7008
2024-01-17 09:33:54,980 -   eval_score = 0.6961
2024-01-17 09:33:54,980 - EarlyStopping counter: 6 out of 8
2024-01-17 09:34:30,567 - ***** Epoch: 25: Eval results *****
2024-01-17 09:34:30,568 -   train_loss = 0.0074
2024-01-17 09:34:30,568 -   best_eval_score = 0.7008
2024-01-17 09:34:30,568 -   eval_score = 0.6961
2024-01-17 09:34:30,568 - EarlyStopping counter: 7 out of 8
2024-01-17 09:35:05,996 - ***** Epoch: 26: Eval results *****
2024-01-17 09:35:05,996 -   train_loss = 0.0077
2024-01-17 09:35:05,996 -   best_eval_score = 0.7008
2024-01-17 09:35:05,996 -   eval_score = 0.6961
2024-01-17 09:35:05,996 - EarlyStopping counter: 8 out of 8
2024-01-17 09:35:05,996 - EarlyStopping at epoch 26
2024-01-17 09:35:06,000 - Training is finished...
2024-01-17 09:35:06,001 - Testing begins...
2024-01-17 09:35:11,990 - ***** Test: Confusion Matrix *****
2024-01-17 09:35:11,991 - [[36  3  0  0  9  0  1  0  0  3  1  0  3  1  0  0  0  0  0  0]
 [ 2 32  0  1  0  3  0  0  1  0  1  0  2  1  0  0  0  0  0  0]
 [ 1  0 25  0  0  0  0  0  0  0  0  0  1  0  0  0  0  0  0  0]
 [ 0  1  0 24  0  0  0  0  0  0  0  0  0  0  0  0  0  0  0  0]
 [ 5  0  0  0 11  0  2  0  0  0  0  1  2  0  1  0  0  1  0  0]
 [ 0  0  0  0  0 12  0  0  0  0  0  0  0  0  0  0  0  0  0  0]
 [ 1  1  0  0  3  0  2  0  3  0  0  0  1  0  0  0  1  0  0  0]
 [ 4  1  0  0  0  0  0  4  0  1  0  0  0  0  0  0  0  0  0  0]
 [ 1  0  0  0  0  0  0  3  4  0  0  0  1  0  0  1  0  0  0  0]
 [ 1  0  0  0  0  0  1  0  0  4  0  0  0  0  0  2  0  2  0  0]
 [ 1  0  0  0  0  0  0  0  0  1 14  0  1  0  0  0  1  0  0  0]
 [ 0  0  0  0  0  0  2  0  0  0  0 16  0  0  0  0  0  0  0  1]
 [ 3  2  0  0  1  0  0  0  0  1  0  1 42  2  2  2  1  0  0  0]
 [ 1  1  0  0  0  0  1  0  0  0  1  1  0 19  1  0  0  0  0  0]
 [ 0  0  0  0  1  0  0  0  1  0  0  0  2  1 15  0  1  0  0  1]
 [ 0  2  0  0  0  0  0  0  0  0  0  0  7  0  0 12  0  0  0  0]
 [ 1  0  0  0  0  0  0  1  0  0  0  0  2  0  1  0 12  0  0  0]
 [ 0  0  0  0  0  0  0  0  0  1  1  0  3  0  0  0  0 10  0  0]
 [ 0  0  0  0  0  0  0  0  0  0  0  0  2  0  0  1  0  0  9  0]
 [ 1  0  0  0  0  0  0  0  0  0  0  0  0  1  1  0  0  0  0  7]]
2024-01-17 09:35:11,992 - ***** Evaluation results *****
2024-01-17 09:35:11,992 -   acc = 0.6966
2024-01-17 09:35:11,992 -   f1 = 0.6736
2024-01-17 09:35:11,992 -   prec = 0.6881
2024-01-17 09:35:11,992 -   rec = 0.665
2024-01-17 09:35:11,992 - Testing is finished...
2024-01-17 09:35:11,992 - Multimodal intent recognition is finished...
2024-01-17 09:35:11,992 - Results are saved in results/msz.csv
