2024-01-08 05:36:47,182 - ============================== Params ==============================
2024-01-08 05:36:47,182 - logger_name: msz_MIntRec_multi-class_seed-2_2024-01-08-05-36-47
2024-01-08 05:36:47,182 - dataset: MIntRec
2024-01-08 05:36:47,182 - data_mode: multi-class
2024-01-08 05:36:47,182 - method: msz
2024-01-08 05:36:47,182 - text_backbone: bert-base-uncased
2024-01-08 05:36:47,182 - text_backbone_path: /home/sharing/disk1/pretrained_embedding/bert/uncased_L-12_H-768_A-12/
2024-01-08 05:36:47,182 - seed: 2
2024-01-08 05:36:47,182 - num_workers: 8
2024-01-08 05:36:47,182 - gpu_id: 1
2024-01-08 05:36:47,182 - data_path: /home/sharing/disk2/sjh/intentDataset
2024-01-08 05:36:47,182 - train: True
2024-01-08 05:36:47,182 - tune: False
2024-01-08 05:36:47,182 - save_model: False
2024-01-08 05:36:47,182 - save_results: True
2024-01-08 05:36:47,183 - log_path: logs
2024-01-08 05:36:47,183 - cache_path: 
2024-01-08 05:36:47,183 - video_data_path: video_data
2024-01-08 05:36:47,183 - audio_data_path: audio_data
2024-01-08 05:36:47,183 - video_feats_path: video_feats.pkl
2024-01-08 05:36:47,183 - audio_feats_path: audio_feats.pkl
2024-01-08 05:36:47,183 - results_path: results
2024-01-08 05:36:47,183 - output_path: /home/sharing/disk2/sjh/Outputs/MIntRec
2024-01-08 05:36:47,183 - model_path: models
2024-01-08 05:36:47,183 - config_file_name: msz
2024-01-08 05:36:47,183 - results_file_name: msz.csv
2024-01-08 05:36:47,183 - padding_mode: zero
2024-01-08 05:36:47,183 - padding_loc: end
2024-01-08 05:36:47,183 - need_aligned: False
2024-01-08 05:36:47,183 - eval_monitor: f1
2024-01-08 05:36:47,183 - train_batch_size: 16
2024-01-08 05:36:47,183 - eval_batch_size: 8
2024-01-08 05:36:47,183 - test_batch_size: 8
2024-01-08 05:36:47,183 - wait_patience: 8
2024-01-08 05:36:47,183 - nheads: 2
2024-01-08 05:36:47,183 - encoder_layers: 3
2024-01-08 05:36:47,183 - attn_dropout: 0.1
2024-01-08 05:36:47,183 - relu_dropout: 0.1
2024-01-08 05:36:47,183 - embed_dropout: 0.1
2024-01-08 05:36:47,183 - res_dropout: 0.1
2024-01-08 05:36:47,183 - attn_mask: False
2024-01-08 05:36:47,183 - hidden_size: 768
2024-01-08 05:36:47,183 - num_attention_heads: 12
2024-01-08 05:36:47,183 - attention_probs_dropout_prob: 0.2
2024-01-08 05:36:47,183 - hidden_dropout_prob: 0.2
2024-01-08 05:36:47,183 - intermediate_size: 768
2024-01-08 05:36:47,183 - num_hidden_layers: 10
2024-01-08 05:36:47,183 - max_position_embeddings: 512
2024-01-08 05:36:47,183 - position_embedding_type: absolute
2024-01-08 05:36:47,183 - batch_first: True
2024-01-08 05:36:47,183 - hidden_dims: 768
2024-01-08 05:36:47,183 - att_dropouts: [0.2, 0.2, 0.2]
2024-01-08 05:36:47,183 - spe_dropouts: [0.1, 0.1, 0.1]
2024-01-08 05:36:47,183 - ta_loss: 0.1
2024-01-08 05:36:47,184 - tv_loss: 0.1
2024-01-08 05:36:47,184 - av_loss: 0.1
2024-01-08 05:36:47,184 - aligned_method: conv1d
2024-01-08 05:36:47,184 - grad_clip: -1
2024-01-08 05:36:47,184 - num_train_epochs: 100
2024-01-08 05:36:47,184 - warmup_proportion: 0.1
2024-01-08 05:36:47,184 - lr: 1e-06
2024-01-08 05:36:47,184 - weight_decay: 0.01
2024-01-08 05:36:47,184 - pred_output_path: /home/sharing/disk2/sjh/Outputs/MIntRec/msz_MIntRec_multi-class_seed-2_2024-01-08-05-36-47
2024-01-08 05:36:47,184 - model_output_path: /home/sharing/disk2/sjh/Outputs/MIntRec/msz_MIntRec_multi-class_seed-2_2024-01-08-05-36-47/models
2024-01-08 05:36:47,184 - ============================== End Params ==============================
2024-01-08 05:36:47,186 - Generate Text Features Begin...
2024-01-08 05:36:47,687 - Generate Text Features Finished...
2024-01-08 05:36:47,688 - Load Video Features Begin...
2024-01-08 05:36:47,999 - Load Video Features Finished...
2024-01-08 05:36:48,573 - Load Audio Features Begin...
2024-01-08 05:36:49,603 - Load Audio Features Finished...
2024-01-08 05:36:53,052 - method  begins...
2024-01-08 05:36:56,171 - Multimodal intent recognition begins...
2024-01-08 05:36:56,171 - Training begins...
2024-01-08 05:37:12,221 - ***** Epoch: 1: Eval results *****
2024-01-08 05:37:12,222 -   train_loss = 3.0049
2024-01-08 05:37:12,222 -   best_eval_score = 0.0
2024-01-08 05:37:12,222 -   eval_score = 0.0243
2024-01-08 05:37:26,521 - ***** Epoch: 2: Eval results *****
2024-01-08 05:37:26,521 -   train_loss = 2.9776
2024-01-08 05:37:26,521 -   best_eval_score = 0.0243
2024-01-08 05:37:26,521 -   eval_score = 0.0498
2024-01-08 05:37:40,700 - ***** Epoch: 3: Eval results *****
2024-01-08 05:37:40,700 -   train_loss = 2.9289
2024-01-08 05:37:40,700 -   best_eval_score = 0.0498
2024-01-08 05:37:40,700 -   eval_score = 0.0499
2024-01-08 05:37:54,815 - ***** Epoch: 4: Eval results *****
2024-01-08 05:37:54,815 -   train_loss = 2.8617
2024-01-08 05:37:54,815 -   best_eval_score = 0.0499
2024-01-08 05:37:54,815 -   eval_score = 0.0656
2024-01-08 05:38:09,012 - ***** Epoch: 5: Eval results *****
2024-01-08 05:38:09,012 -   train_loss = 2.7642
2024-01-08 05:38:09,012 -   best_eval_score = 0.0656
2024-01-08 05:38:09,012 -   eval_score = 0.1432
2024-01-08 05:38:23,155 - ***** Epoch: 6: Eval results *****
2024-01-08 05:38:23,155 -   train_loss = 2.6117
2024-01-08 05:38:23,155 -   best_eval_score = 0.1432
2024-01-08 05:38:23,155 -   eval_score = 0.1658
2024-01-08 05:38:38,011 - ***** Epoch: 7: Eval results *****
2024-01-08 05:38:38,011 -   train_loss = 2.3965
2024-01-08 05:38:38,011 -   best_eval_score = 0.1658
2024-01-08 05:38:38,012 -   eval_score = 0.1747
2024-01-08 05:38:52,137 - ***** Epoch: 8: Eval results *****
2024-01-08 05:38:52,137 -   train_loss = 2.0908
2024-01-08 05:38:52,137 -   best_eval_score = 0.1747
2024-01-08 05:38:52,137 -   eval_score = 0.2393
2024-01-08 05:39:06,088 - ***** Epoch: 9: Eval results *****
2024-01-08 05:39:06,089 -   train_loss = 1.7057
2024-01-08 05:39:06,089 -   best_eval_score = 0.2393
2024-01-08 05:39:06,089 -   eval_score = 0.4716
2024-01-08 05:39:20,500 - ***** Epoch: 10: Eval results *****
2024-01-08 05:39:20,500 -   train_loss = 1.413
2024-01-08 05:39:20,500 -   best_eval_score = 0.4716
2024-01-08 05:39:20,500 -   eval_score = 0.4876
2024-01-08 05:39:34,446 - ***** Epoch: 11: Eval results *****
2024-01-08 05:39:34,446 -   train_loss = 1.1655
2024-01-08 05:39:34,446 -   best_eval_score = 0.4876
2024-01-08 05:39:34,446 -   eval_score = 0.5455
2024-01-08 05:39:48,712 - ***** Epoch: 12: Eval results *****
2024-01-08 05:39:48,713 -   train_loss = 0.9031
2024-01-08 05:39:48,713 -   best_eval_score = 0.5455
2024-01-08 05:39:48,713 -   eval_score = 0.5737
2024-01-08 05:40:03,138 - ***** Epoch: 13: Eval results *****
2024-01-08 05:40:03,138 -   train_loss = 0.7352
2024-01-08 05:40:03,138 -   best_eval_score = 0.5737
2024-01-08 05:40:03,138 -   eval_score = 0.5836
2024-01-08 05:40:17,193 - ***** Epoch: 14: Eval results *****
2024-01-08 05:40:17,193 -   train_loss = 0.6104
2024-01-08 05:40:17,193 -   best_eval_score = 0.5836
2024-01-08 05:40:17,193 -   eval_score = 0.5828
2024-01-08 05:40:17,193 - EarlyStopping counter: 1 out of 8
2024-01-08 05:40:31,151 - ***** Epoch: 15: Eval results *****
2024-01-08 05:40:31,152 -   train_loss = 0.486
2024-01-08 05:40:31,152 -   best_eval_score = 0.5836
2024-01-08 05:40:31,152 -   eval_score = 0.628
2024-01-08 05:40:45,150 - ***** Epoch: 16: Eval results *****
2024-01-08 05:40:45,151 -   train_loss = 0.3876
2024-01-08 05:40:45,151 -   best_eval_score = 0.628
2024-01-08 05:40:45,151 -   eval_score = 0.6248
2024-01-08 05:40:45,151 - EarlyStopping counter: 1 out of 8
2024-01-08 05:40:59,295 - ***** Epoch: 17: Eval results *****
2024-01-08 05:40:59,295 -   train_loss = 0.3076
2024-01-08 05:40:59,295 -   best_eval_score = 0.628
2024-01-08 05:40:59,295 -   eval_score = 0.6409
2024-01-08 05:41:13,339 - ***** Epoch: 18: Eval results *****
2024-01-08 05:41:13,339 -   train_loss = 0.244
2024-01-08 05:41:13,339 -   best_eval_score = 0.6409
2024-01-08 05:41:13,339 -   eval_score = 0.6319
2024-01-08 05:41:13,339 - EarlyStopping counter: 1 out of 8
2024-01-08 05:41:27,614 - ***** Epoch: 19: Eval results *****
2024-01-08 05:41:27,614 -   train_loss = 0.2033
2024-01-08 05:41:27,614 -   best_eval_score = 0.6409
2024-01-08 05:41:27,614 -   eval_score = 0.6284
2024-01-08 05:41:27,614 - EarlyStopping counter: 2 out of 8
2024-01-08 05:41:41,511 - ***** Epoch: 20: Eval results *****
2024-01-08 05:41:41,511 -   train_loss = 0.1596
2024-01-08 05:41:41,511 -   best_eval_score = 0.6409
2024-01-08 05:41:41,511 -   eval_score = 0.6228
2024-01-08 05:41:41,511 - EarlyStopping counter: 3 out of 8
2024-01-08 05:41:55,818 - ***** Epoch: 21: Eval results *****
2024-01-08 05:41:55,818 -   train_loss = 0.1371
2024-01-08 05:41:55,818 -   best_eval_score = 0.6409
2024-01-08 05:41:55,818 -   eval_score = 0.6496
2024-01-08 05:42:09,938 - ***** Epoch: 22: Eval results *****
2024-01-08 05:42:09,938 -   train_loss = 0.1137
2024-01-08 05:42:09,938 -   best_eval_score = 0.6496
2024-01-08 05:42:09,938 -   eval_score = 0.6489
2024-01-08 05:42:09,938 - EarlyStopping counter: 1 out of 8
2024-01-08 05:42:24,115 - ***** Epoch: 23: Eval results *****
2024-01-08 05:42:24,115 -   train_loss = 0.0968
2024-01-08 05:42:24,115 -   best_eval_score = 0.6496
2024-01-08 05:42:24,115 -   eval_score = 0.649
2024-01-08 05:42:24,115 - EarlyStopping counter: 2 out of 8
2024-01-08 05:42:38,026 - ***** Epoch: 24: Eval results *****
2024-01-08 05:42:38,027 -   train_loss = 0.0708
2024-01-08 05:42:38,027 -   best_eval_score = 0.6496
2024-01-08 05:42:38,027 -   eval_score = 0.6388
2024-01-08 05:42:38,027 - EarlyStopping counter: 3 out of 8
2024-01-08 05:42:52,139 - ***** Epoch: 25: Eval results *****
2024-01-08 05:42:52,139 -   train_loss = 0.0648
2024-01-08 05:42:52,139 -   best_eval_score = 0.6496
2024-01-08 05:42:52,139 -   eval_score = 0.6466
2024-01-08 05:42:52,139 - EarlyStopping counter: 4 out of 8
2024-01-08 05:43:06,213 - ***** Epoch: 26: Eval results *****
2024-01-08 05:43:06,213 -   train_loss = 0.0521
2024-01-08 05:43:06,213 -   best_eval_score = 0.6496
2024-01-08 05:43:06,213 -   eval_score = 0.6426
2024-01-08 05:43:06,214 - EarlyStopping counter: 5 out of 8
2024-01-08 05:43:20,202 - ***** Epoch: 27: Eval results *****
2024-01-08 05:43:20,203 -   train_loss = 0.0429
2024-01-08 05:43:20,203 -   best_eval_score = 0.6496
2024-01-08 05:43:20,203 -   eval_score = 0.6452
2024-01-08 05:43:20,203 - EarlyStopping counter: 6 out of 8
2024-01-08 05:43:34,571 - ***** Epoch: 28: Eval results *****
2024-01-08 05:43:34,571 -   train_loss = 0.0396
2024-01-08 05:43:34,571 -   best_eval_score = 0.6496
2024-01-08 05:43:34,571 -   eval_score = 0.6444
2024-01-08 05:43:34,571 - EarlyStopping counter: 7 out of 8
2024-01-08 05:43:48,568 - ***** Epoch: 29: Eval results *****
2024-01-08 05:43:48,568 -   train_loss = 0.0361
2024-01-08 05:43:48,568 -   best_eval_score = 0.6496
2024-01-08 05:43:48,568 -   eval_score = 0.6503
2024-01-08 05:44:03,009 - ***** Epoch: 30: Eval results *****
2024-01-08 05:44:03,010 -   train_loss = 0.0266
2024-01-08 05:44:03,010 -   best_eval_score = 0.6503
2024-01-08 05:44:03,010 -   eval_score = 0.6569
2024-01-08 05:44:17,072 - ***** Epoch: 31: Eval results *****
2024-01-08 05:44:17,072 -   train_loss = 0.022
2024-01-08 05:44:17,073 -   best_eval_score = 0.6569
2024-01-08 05:44:17,073 -   eval_score = 0.6643
2024-01-08 05:44:31,193 - ***** Epoch: 32: Eval results *****
2024-01-08 05:44:31,193 -   train_loss = 0.0249
2024-01-08 05:44:31,193 -   best_eval_score = 0.6643
2024-01-08 05:44:31,194 -   eval_score = 0.6675
2024-01-08 05:44:45,472 - ***** Epoch: 33: Eval results *****
2024-01-08 05:44:45,473 -   train_loss = 0.0165
2024-01-08 05:44:45,473 -   best_eval_score = 0.6675
2024-01-08 05:44:45,473 -   eval_score = 0.6632
2024-01-08 05:44:45,473 - EarlyStopping counter: 1 out of 8
2024-01-08 05:44:59,997 - ***** Epoch: 34: Eval results *****
2024-01-08 05:44:59,997 -   train_loss = 0.0138
2024-01-08 05:44:59,997 -   best_eval_score = 0.6675
2024-01-08 05:44:59,997 -   eval_score = 0.6583
2024-01-08 05:44:59,997 - EarlyStopping counter: 2 out of 8
2024-01-08 05:45:14,275 - ***** Epoch: 35: Eval results *****
2024-01-08 05:45:14,275 -   train_loss = 0.0147
2024-01-08 05:45:14,275 -   best_eval_score = 0.6675
2024-01-08 05:45:14,275 -   eval_score = 0.6498
2024-01-08 05:45:14,275 - EarlyStopping counter: 3 out of 8
2024-01-08 05:45:29,071 - ***** Epoch: 36: Eval results *****
2024-01-08 05:45:29,072 -   train_loss = 0.016
2024-01-08 05:45:29,072 -   best_eval_score = 0.6675
2024-01-08 05:45:29,072 -   eval_score = 0.6395
2024-01-08 05:45:29,072 - EarlyStopping counter: 4 out of 8
2024-01-08 05:45:43,338 - ***** Epoch: 37: Eval results *****
2024-01-08 05:45:43,338 -   train_loss = 0.0104
2024-01-08 05:45:43,338 -   best_eval_score = 0.6675
2024-01-08 05:45:43,338 -   eval_score = 0.641
2024-01-08 05:45:43,338 - EarlyStopping counter: 5 out of 8
2024-01-08 05:45:57,607 - ***** Epoch: 38: Eval results *****
2024-01-08 05:45:57,607 -   train_loss = 0.0152
2024-01-08 05:45:57,607 -   best_eval_score = 0.6675
2024-01-08 05:45:57,607 -   eval_score = 0.6388
2024-01-08 05:45:57,607 - EarlyStopping counter: 6 out of 8
2024-01-08 05:46:11,903 - ***** Epoch: 39: Eval results *****
2024-01-08 05:46:11,903 -   train_loss = 0.0112
2024-01-08 05:46:11,903 -   best_eval_score = 0.6675
2024-01-08 05:46:11,903 -   eval_score = 0.6166
2024-01-08 05:46:11,903 - EarlyStopping counter: 7 out of 8
2024-01-08 05:46:25,921 - ***** Epoch: 40: Eval results *****
2024-01-08 05:46:25,921 -   train_loss = 0.0105
2024-01-08 05:46:25,921 -   best_eval_score = 0.6675
2024-01-08 05:46:25,921 -   eval_score = 0.6169
2024-01-08 05:46:25,921 - EarlyStopping counter: 8 out of 8
2024-01-08 05:46:25,921 - EarlyStopping at epoch 40
2024-01-08 05:46:25,923 - Training is finished...
2024-01-08 05:46:25,923 - Testing begins...
2024-01-08 05:46:28,618 - ***** Test: Confusion Matrix *****
2024-01-08 05:46:28,619 - [[26  1  0  0  7  1  3  3  2  4  0  1  2  2  0  3  1  1  0  0]
 [ 0 38  0  1  0  0  1  0  1  0  0  0  1  1  0  0  0  0  0  0]
 [ 0  0 27  0  0  0  0  0  0  0  0  0  0  0  0  0  0  0  0  0]
 [ 0  0  0 24  0  0  0  0  0  0  0  0  0  0  0  0  0  0  0  1]
 [ 1  1  0  0  9  0  4  0  1  2  0  1  0  2  1  0  0  1  0  0]
 [ 0  0  0  0  0 10  0  0  0  0  0  0  0  0  0  1  0  0  1  0]
 [ 2  0  0  0  0  0  2  0  4  0  0  0  2  0  1  0  0  0  0  1]
 [ 1  0  0  0  0  0  0  7  1  1  0  0  0  0  0  0  0  0  0  0]
 [ 0  0  0  0  1  0  0  2  4  0  0  0  0  2  0  1  0  0  0  0]
 [ 1  0  0  0  0  0  0  0  0  2  1  0  0  0  0  3  0  3  0  0]
 [ 1  1  0  0  0  0  0  0  0  1 14  0  0  0  0  0  1  0  0  0]
 [ 0  0  0  0  0  0  2  0  0  0  0 16  0  0  0  0  0  0  0  1]
 [ 3  0  0  1  1  1  2  3  2  0  1  0 30  2  2  5  0  2  0  2]
 [ 0  0  0  0  0  0  0  0  0  0  1  1  0 19  1  1  0  1  0  1]
 [ 0  0  0  0  1  0  0  0  2  0  0  0  0  2 14  0  1  0  0  2]
 [ 0  1  0  1  0  0  0  0  0  0  0  0  1  0  2 15  0  0  0  1]
 [ 0  0  0  0  0  0  0  2  0  0  0  0  1  0  3  0 10  0  0  1]
 [ 0  0  0  0  0  0  0  0  0  0  0  0  2  0  0  0  0 13  0  0]
 [ 0  0  0  0  0  0  0  0  0  0  0  0  1  0  0  1  0  0 10  0]
 [ 0  0  0  0  0  0  0  0  0  0  0  1  0  1  1  0  0  0  0  7]]
2024-01-08 05:46:28,619 - ***** Evaluation results *****
2024-01-08 05:46:28,619 -   acc = 0.6674
2024-01-08 05:46:28,619 -   f1 = 0.6346
2024-01-08 05:46:28,619 -   prec = 0.6295
2024-01-08 05:46:28,619 -   rec = 0.6618
2024-01-08 05:46:28,619 - Testing is finished...
2024-01-08 05:46:28,619 - Multimodal intent recognition is finished...
2024-01-08 05:46:28,619 - Results are saved in results/msz.csv
