2024-03-10 14:31:37,825 - ============================== Params ==============================
2024-03-10 14:31:37,826 - logger_name: msz_MIntRec2_multi-class_seed-3_2024-03-10-14-31-37
2024-03-10 14:31:37,826 - dataset: MIntRec2
2024-03-10 14:31:37,826 - data_mode: multi-class
2024-03-10 14:31:37,826 - method: msz
2024-03-10 14:31:37,826 - text_backbone: bert-base-uncased
2024-03-10 14:31:37,826 - text_backbone_path: /home/sharing/disk1/pretrained_embedding/bert/uncased_L-12_H-768_A-12/
2024-03-10 14:31:37,826 - seed: 3
2024-03-10 14:31:37,826 - num_workers: 8
2024-03-10 14:31:37,826 - gpu_id: 2
2024-03-10 14:31:37,826 - data_path: /home/sharing/disk2/sjh/intentDataset
2024-03-10 14:31:37,826 - train: True
2024-03-10 14:31:37,826 - tune: True
2024-03-10 14:31:37,826 - save_model: False
2024-03-10 14:31:37,827 - save_results: True
2024-03-10 14:31:37,827 - log_path: logs
2024-03-10 14:31:37,827 - cache_path: 
2024-03-10 14:31:37,827 - video_data_path: video_data
2024-03-10 14:31:37,827 - audio_data_path: audio_data
2024-03-10 14:31:37,827 - video_feats_path: video_feats.pkl
2024-03-10 14:31:37,827 - audio_feats_path: audio_feats.pkl
2024-03-10 14:31:37,827 - results_path: results
2024-03-10 14:31:37,827 - output_path: /home/sharing/disk2/sjh/Outputs/MIntRec2
2024-03-10 14:31:37,827 - model_path: models
2024-03-10 14:31:37,827 - config_file_name: msz_MIntRec2
2024-03-10 14:31:37,827 - results_file_name: msz.csv
2024-03-10 14:31:37,827 - padding_mode: zero
2024-03-10 14:31:37,827 - padding_loc: end
2024-03-10 14:31:37,827 - need_aligned: False
2024-03-10 14:31:37,827 - eval_monitor: f1
2024-03-10 14:31:37,827 - train_batch_size: 32
2024-03-10 14:31:37,827 - eval_batch_size: 16
2024-03-10 14:31:37,827 - test_batch_size: 16
2024-03-10 14:31:37,827 - wait_patience: 8
2024-03-10 14:31:37,827 - hidden_dims: 768
2024-03-10 14:31:37,827 - num_attention_heads: 6
2024-03-10 14:31:37,827 - attention_probs_dropout_prob: 0.3
2024-03-10 14:31:37,827 - hidden_dropout_prob: 0.5
2024-03-10 14:31:37,827 - intermediate_size: 768
2024-03-10 14:31:37,827 - num_hidden_layers: 6
2024-03-10 14:31:37,827 - max_position_embeddings: 1000
2024-03-10 14:31:37,827 - position_embedding_type: absolute
2024-03-10 14:31:37,827 - batch_first: True
2024-03-10 14:31:37,827 - dropout: 0.2
2024-03-10 14:31:37,827 - aligned_method: conv1d
2024-03-10 14:31:37,827 - num_train_epochs: 100
2024-03-10 14:31:37,827 - lr: 5e-06
2024-03-10 14:31:37,827 - lr_mode: min
2024-03-10 14:31:37,827 - pred_output_path: /home/sharing/disk2/sjh/Outputs/MIntRec2/msz_MIntRec2_multi-class_seed-3_2024-03-10-14-31-37
2024-03-10 14:31:37,827 - model_output_path: /home/sharing/disk2/sjh/Outputs/MIntRec2/msz_MIntRec2_multi-class_seed-3_2024-03-10-14-31-37/models
2024-03-10 14:31:37,827 - num_labels: 30
2024-03-10 14:31:37,827 - text_feat_dim: 768
2024-03-10 14:31:37,827 - video_feat_dim: 256
2024-03-10 14:31:37,827 - audio_feat_dim: 768
2024-03-10 14:31:37,827 - text_seq_len: 50
2024-03-10 14:31:37,827 - video_seq_len: 180
2024-03-10 14:31:37,827 - audio_seq_len: 400
2024-03-10 14:31:37,827 - device: cuda:2
2024-03-10 14:31:37,827 - ============================== End Params ==============================
2024-03-10 14:31:37,857 - Generate Text Features Begin...
2024-03-10 14:31:39,512 - Generate Text Features Finished...
2024-03-10 14:31:39,514 - Load Video Features Begin...
2024-03-10 14:31:43,864 - Load Video Features Finished...
2024-03-10 14:31:45,615 - Load Audio Features Begin...
2024-03-10 14:32:10,824 - Load Audio Features Finished...
2024-03-10 14:32:21,848 - method  begins...
2024-03-10 14:32:23,508 - Multimodal intent recognition begins...
2024-03-10 14:32:23,509 - Training begins...
2024-03-10 14:33:32,699 - ***** Epoch: 1: Eval results *****
2024-03-10 14:33:32,700 -   train_loss = 2.8383
2024-03-10 14:33:32,700 -   best_eval_score = 0.0
2024-03-10 14:33:32,700 -   eval_score = 0.2401
2024-03-10 14:34:42,372 - ***** Epoch: 2: Eval results *****
2024-03-10 14:34:42,373 -   train_loss = 1.8213
2024-03-10 14:34:42,373 -   best_eval_score = 0.2401
2024-03-10 14:34:42,373 -   eval_score = 0.3799
2024-03-10 14:35:53,884 - ***** Epoch: 3: Eval results *****
2024-03-10 14:35:53,884 -   train_loss = 1.3998
2024-03-10 14:35:53,884 -   best_eval_score = 0.3799
2024-03-10 14:35:53,884 -   eval_score = 0.4302
2024-03-10 14:37:03,886 - ***** Epoch: 4: Eval results *****
2024-03-10 14:37:03,887 -   train_loss = 1.1804
2024-03-10 14:37:03,887 -   best_eval_score = 0.4302
2024-03-10 14:37:03,887 -   eval_score = 0.4717
2024-03-10 14:38:13,770 - ***** Epoch: 5: Eval results *****
2024-03-10 14:38:13,770 -   train_loss = 1.0125
2024-03-10 14:38:13,770 -   best_eval_score = 0.4717
2024-03-10 14:38:13,770 -   eval_score = 0.4839
2024-03-10 14:39:23,053 - ***** Epoch: 6: Eval results *****
2024-03-10 14:39:23,053 -   train_loss = 0.8514
2024-03-10 14:39:23,053 -   best_eval_score = 0.4839
2024-03-10 14:39:23,053 -   eval_score = 0.5052
2024-03-10 14:40:33,463 - ***** Epoch: 7: Eval results *****
2024-03-10 14:40:33,463 -   train_loss = 0.7061
2024-03-10 14:40:33,463 -   best_eval_score = 0.5052
2024-03-10 14:40:33,463 -   eval_score = 0.5052
2024-03-10 14:40:33,463 - EarlyStopping counter: 1 out of 8
2024-03-10 14:41:42,860 - ***** Epoch: 8: Eval results *****
2024-03-10 14:41:42,860 -   train_loss = 0.5765
2024-03-10 14:41:42,860 -   best_eval_score = 0.5052
2024-03-10 14:41:42,860 -   eval_score = 0.5129
2024-03-10 14:42:52,654 - ***** Epoch: 9: Eval results *****
2024-03-10 14:42:52,655 -   train_loss = 0.4631
2024-03-10 14:42:52,655 -   best_eval_score = 0.5129
2024-03-10 14:42:52,655 -   eval_score = 0.5146
2024-03-10 14:44:02,741 - ***** Epoch: 10: Eval results *****
2024-03-10 14:44:02,741 -   train_loss = 0.3649
2024-03-10 14:44:02,741 -   best_eval_score = 0.5146
2024-03-10 14:44:02,741 -   eval_score = 0.5213
2024-03-10 14:45:13,049 - ***** Epoch: 11: Eval results *****
2024-03-10 14:45:13,050 -   train_loss = 0.2819
2024-03-10 14:45:13,050 -   best_eval_score = 0.5213
2024-03-10 14:45:13,050 -   eval_score = 0.5184
2024-03-10 14:45:13,050 - EarlyStopping counter: 1 out of 8
2024-03-10 14:46:23,333 - ***** Epoch: 12: Eval results *****
2024-03-10 14:46:23,333 -   train_loss = 0.2656
2024-03-10 14:46:23,333 -   best_eval_score = 0.5213
2024-03-10 14:46:23,334 -   eval_score = 0.5207
2024-03-10 14:46:23,334 - EarlyStopping counter: 2 out of 8
2024-03-10 14:47:33,828 - ***** Epoch: 13: Eval results *****
2024-03-10 14:47:33,837 -   train_loss = 0.2539
2024-03-10 14:47:33,837 -   best_eval_score = 0.5213
2024-03-10 14:47:33,837 -   eval_score = 0.5196
2024-03-10 14:47:33,837 - EarlyStopping counter: 3 out of 8
2024-03-10 14:48:44,484 - ***** Epoch: 14: Eval results *****
2024-03-10 14:48:44,484 -   train_loss = 0.2488
2024-03-10 14:48:44,484 -   best_eval_score = 0.5213
2024-03-10 14:48:44,484 -   eval_score = 0.5181
2024-03-10 14:48:44,485 - EarlyStopping counter: 4 out of 8
2024-03-10 14:49:54,170 - ***** Epoch: 15: Eval results *****
2024-03-10 14:49:54,170 -   train_loss = 0.2439
2024-03-10 14:49:54,170 -   best_eval_score = 0.5213
2024-03-10 14:49:54,171 -   eval_score = 0.5309
2024-03-10 14:51:03,792 - ***** Epoch: 16: Eval results *****
2024-03-10 14:51:03,792 -   train_loss = 0.2334
2024-03-10 14:51:03,792 -   best_eval_score = 0.5309
2024-03-10 14:51:03,792 -   eval_score = 0.5269
2024-03-10 14:51:03,792 - EarlyStopping counter: 1 out of 8
2024-03-10 14:52:14,667 - ***** Epoch: 17: Eval results *****
2024-03-10 14:52:14,667 -   train_loss = 0.2293
2024-03-10 14:52:14,667 -   best_eval_score = 0.5309
2024-03-10 14:52:14,667 -   eval_score = 0.5293
2024-03-10 14:52:14,667 - EarlyStopping counter: 2 out of 8
2024-03-10 14:53:24,760 - ***** Epoch: 18: Eval results *****
2024-03-10 14:53:24,760 -   train_loss = 0.2231
2024-03-10 14:53:24,760 -   best_eval_score = 0.5309
2024-03-10 14:53:24,760 -   eval_score = 0.5251
2024-03-10 14:53:24,760 - EarlyStopping counter: 3 out of 8
2024-03-10 14:54:33,726 - ***** Epoch: 19: Eval results *****
2024-03-10 14:54:33,726 -   train_loss = 0.2099
2024-03-10 14:54:33,726 -   best_eval_score = 0.5309
2024-03-10 14:54:33,726 -   eval_score = 0.5319
2024-03-10 14:55:43,256 - ***** Epoch: 20: Eval results *****
2024-03-10 14:55:43,256 -   train_loss = 0.2055
2024-03-10 14:55:43,256 -   best_eval_score = 0.5319
2024-03-10 14:55:43,256 -   eval_score = 0.5307
2024-03-10 14:55:43,256 - EarlyStopping counter: 1 out of 8
2024-03-10 14:56:53,830 - ***** Epoch: 21: Eval results *****
2024-03-10 14:56:53,831 -   train_loss = 0.2027
2024-03-10 14:56:53,831 -   best_eval_score = 0.5319
2024-03-10 14:56:53,831 -   eval_score = 0.533
2024-03-10 14:58:03,787 - ***** Epoch: 22: Eval results *****
2024-03-10 14:58:03,787 -   train_loss = 0.2024
2024-03-10 14:58:03,787 -   best_eval_score = 0.533
2024-03-10 14:58:03,787 -   eval_score = 0.5331
2024-03-10 14:59:12,855 - ***** Epoch: 23: Eval results *****
2024-03-10 14:59:12,855 -   train_loss = 0.2048
2024-03-10 14:59:12,855 -   best_eval_score = 0.5331
2024-03-10 14:59:12,855 -   eval_score = 0.5352
2024-03-10 15:00:22,349 - ***** Epoch: 24: Eval results *****
2024-03-10 15:00:22,349 -   train_loss = 0.2026
2024-03-10 15:00:22,349 -   best_eval_score = 0.5352
2024-03-10 15:00:22,350 -   eval_score = 0.5321
2024-03-10 15:00:22,350 - EarlyStopping counter: 1 out of 8
2024-03-10 15:01:32,568 - ***** Epoch: 25: Eval results *****
2024-03-10 15:01:32,568 -   train_loss = 0.2008
2024-03-10 15:01:32,568 -   best_eval_score = 0.5352
2024-03-10 15:01:32,568 -   eval_score = 0.5352
2024-03-10 15:02:42,087 - ***** Epoch: 26: Eval results *****
2024-03-10 15:02:42,088 -   train_loss = 0.1997
2024-03-10 15:02:42,088 -   best_eval_score = 0.5352
2024-03-10 15:02:42,088 -   eval_score = 0.5335
2024-03-10 15:02:42,088 - EarlyStopping counter: 1 out of 8
2024-03-10 15:03:51,279 - ***** Epoch: 27: Eval results *****
2024-03-10 15:03:51,279 -   train_loss = 0.1999
2024-03-10 15:03:51,279 -   best_eval_score = 0.5352
2024-03-10 15:03:51,279 -   eval_score = 0.5262
2024-03-10 15:03:51,279 - EarlyStopping counter: 2 out of 8
2024-03-10 15:05:01,293 - ***** Epoch: 28: Eval results *****
2024-03-10 15:05:01,293 -   train_loss = 0.2016
2024-03-10 15:05:01,293 -   best_eval_score = 0.5352
2024-03-10 15:05:01,294 -   eval_score = 0.5301
2024-03-10 15:05:01,294 - EarlyStopping counter: 3 out of 8
2024-03-10 15:06:11,081 - ***** Epoch: 29: Eval results *****
2024-03-10 15:06:11,081 -   train_loss = 0.199
2024-03-10 15:06:11,081 -   best_eval_score = 0.5352
2024-03-10 15:06:11,081 -   eval_score = 0.5301
2024-03-10 15:06:11,081 - EarlyStopping counter: 4 out of 8
2024-03-10 15:07:21,258 - ***** Epoch: 30: Eval results *****
2024-03-10 15:07:21,258 -   train_loss = 0.1969
2024-03-10 15:07:21,258 -   best_eval_score = 0.5352
2024-03-10 15:07:21,258 -   eval_score = 0.5292
2024-03-10 15:07:21,258 - EarlyStopping counter: 5 out of 8
2024-03-10 15:08:30,903 - ***** Epoch: 31: Eval results *****
2024-03-10 15:08:30,903 -   train_loss = 0.1958
2024-03-10 15:08:30,904 -   best_eval_score = 0.5352
2024-03-10 15:08:30,904 -   eval_score = 0.5297
2024-03-10 15:08:30,904 - EarlyStopping counter: 6 out of 8
2024-03-10 15:09:41,836 - ***** Epoch: 32: Eval results *****
2024-03-10 15:09:41,836 -   train_loss = 0.1994
2024-03-10 15:09:41,836 -   best_eval_score = 0.5352
2024-03-10 15:09:41,836 -   eval_score = 0.5292
2024-03-10 15:09:41,836 - EarlyStopping counter: 7 out of 8
2024-03-10 15:10:51,771 - ***** Epoch: 33: Eval results *****
2024-03-10 15:10:51,772 -   train_loss = 0.1964
2024-03-10 15:10:51,772 -   best_eval_score = 0.5352
2024-03-10 15:10:51,772 -   eval_score = 0.5292
2024-03-10 15:10:51,772 - EarlyStopping counter: 8 out of 8
2024-03-10 15:10:51,772 - EarlyStopping at epoch 33
2024-03-10 15:10:51,776 - Training is finished...
2024-03-10 15:10:51,776 - Testing begins...
2024-03-10 15:11:02,289 - ***** Test: Confusion Matrix *****
2024-03-10 15:11:02,291 - [[ 48   0  14   0   0   0   0   0   1   0   2   0   0   0   0   1   0   0
    0   0   0   0   0   1   1   0   0   0   0   0]
 [  0  55   0   0   9   1   5   0   1   0   2   0   3   0   3   1   0   7
    1   2   0   2   0   1   1   0   1   2   0   0]
 [  9   0  44   0   1   0   0   0   0   0   1   0   0   1   1   0   0   2
    0   0   0   0   0   2   3   0   0   0   0   0]
 [  0   0   0  62   0   0   0   1   0   0   0   0   0   0   0   0   0   0
    0   0   0   0   0   0   0   0   0   1   0   1]
 [  0   4   0   0  34   0   0   0   2   0   0   0   0   0   0   0   0   3
    0   1   0   1   0   1   1   1   0   1   1   1]
 [  0   1   0   0   2  20   1   1   0   1   0   0   1   0   1   0   0   5
    0   1   0   0   0   1   0   1   1   0   0   0]
 [  0   1   0   0   0   4  26  10   0   1   2   0   4   0   0   0   0   0
    0   0   0   0   0   0   0   0   0   0   0   0]
 [  0   0   0   0   0   0   9  27   0   1   4   0   4   0   0   0   2   0
    0   0   0   0   0   0   0   0   0   0   0   0]
 [  1   2   1   3   1   0   0   0  22   3   0   1   0   1   3   0   0   2
    0   0   0   1   6   0   2   0   0   0   0   0]
 [  0   0   0   1   1   0   0   0   3  54   0   9   5   1  13   0   0   6
    1   0   0   1   2   2   3   2   1   2   0   0]
 [  2   0   0   0   1   2   4   3   0   2  41   0  31   0   3   0   0   0
    0   2   0   0   0   1   1   0   0   0   0   0]
 [  0   0   0   0   0   0   1   1   0   5   1  22   6   0   1   0   0   0
    1   0   2   0   3   0   1   0   0   2   0   1]
 [  0   1   0   0   0   0   6  10   0   6  21   3  83   0   1   0   2   0
    0   1   0   0   0   0   0   0   0   1   0   0]
 [  0   0   2   0   1   0   0   0   0   2   0   0   0   1   3   2   0   1
    2   0   0   0   2   0   0   0   0   1   0   0]
 [  0   2   2   0   0   1   0   0   3   7   2   2   0   1 111   3   0  32
    2   0   4   1  11   1   4   0   1   3   0   0]
 [  0   0   1   0   0   0   0   0   0   4   0   0   0   1   2   4   0   2
    2   0   0   1   0   0   0   0   0   3   1   1]
 [  0   0   0   0   1   0   1   0   0   0   1   0   2   0   0   0  55   1
    5   0   0   0   0   0   0   0   0   0   0   0]
 [  0   4   1   0   5   3   0   0   4   9   1   1   1   0  18   4   1 121
    8   2   1   5   8   9   1   2   1   3   1   3]
 [  0   3   1   0   0   0   0   0   0   4   1   0   0   2   4   0   1   7
   29   1   3   0   1   0   3   0   0   0   0   0]
 [  0   5   0   0   1   0   2   0   0   0   1   0   0   0   0   0   0   0
    0   7   0   1   0   0   0   0   0   0   0   0]
 [  0   1   2   0   2   0   0   0   0   2   0   1   1   0   3   0   0   5
    5   0   3   0   0   1   1   0   0   2   0   0]
 [  7   0   0   0   1   0   0   0   0   3   0   1   0   0   0   0   4   0
    0   0   0  29   2   4   1   0   0   1   0   0]
 [  0   2   2   1   0   0   0   0   2   6   0   3   0   0   9   1   0   4
    0   0   0   1  81   0   0   1   3   1   0   0]
 [  0   3   1   0   1   0   0   0   0   0   0   0   0   0   1   0   0   8
    0   0   0   3   0  21   0   0   0   0   0   0]
 [  1   0   3   0   0   0   0   0   0   1   1   1   0   0   1   0   0   3
    2   0   0   0   1   1  87   0   0   9   2   0]
 [  1   0   0   0   1   0   0   0   0   0   0   1   0   0   0   0   0   2
    0   0   0   1   2   0   1  19   1   0   0   2]
 [  0   1   0   2   0   0   0   0   0   2   0   0   0   1   1   0   0   2
    0   0   0   2   2   0   0   0   4   0   0   0]
 [  0   2   1   0   0   0   0   1   2   8   2   3   3   0   4   0   0   3
    1   0   3   0   1   0   7   1   0  14   1   1]
 [  0   0   0   0   0   0   0   0   0   0   0   0   0   0   1   0   1   0
    0   0   0   0   0   0   0   0   0   0  56   0]
 [  0   2   0   0   0   0   0   0   1   1   1   1   0   0   0   0   0   3
    1   0   0   1   0   0   1   1   0   0   0   6]]
2024-03-10 15:11:02,291 - ***** Evaluation results *****
2024-03-10 15:11:02,291 -   acc = 0.5834
2024-03-10 15:11:02,292 -   f1 = 0.5266
2024-03-10 15:11:02,292 -   prec = 0.5297
2024-03-10 15:11:02,292 -   rec = 0.5284
2024-03-10 15:11:02,292 - Testing is finished...
2024-03-10 15:11:02,292 - Multimodal intent recognition is finished...
2024-03-10 15:11:02,292 - Results are saved in results/msz.csv
