2024-01-26 08:28:16,878 - ============================== Params ==============================
2024-01-26 08:28:16,878 - logger_name: msz_MIntRec_multi-class_seed-1_2024-01-26-08-28-16
2024-01-26 08:28:16,878 - dataset: MIntRec
2024-01-26 08:28:16,878 - data_mode: multi-class
2024-01-26 08:28:16,878 - method: msz
2024-01-26 08:28:16,878 - text_backbone: bert-base-uncased
2024-01-26 08:28:16,878 - text_backbone_path: /home/sharing/disk1/pretrained_embedding/bert/uncased_L-12_H-768_A-12/
2024-01-26 08:28:16,878 - seed: 1
2024-01-26 08:28:16,878 - num_workers: 8
2024-01-26 08:28:16,878 - gpu_id: 1
2024-01-26 08:28:16,878 - data_path: /home/sharing/disk2/sjh/intentDataset
2024-01-26 08:28:16,878 - train: True
2024-01-26 08:28:16,878 - tune: False
2024-01-26 08:28:16,878 - save_model: True
2024-01-26 08:28:16,878 - save_results: True
2024-01-26 08:28:16,878 - log_path: logs
2024-01-26 08:28:16,878 - cache_path: 
2024-01-26 08:28:16,878 - video_data_path: video_data
2024-01-26 08:28:16,878 - audio_data_path: audio_data
2024-01-26 08:28:16,878 - video_feats_path: video_feats.pkl
2024-01-26 08:28:16,878 - audio_feats_path: audio_feats.pkl
2024-01-26 08:28:16,878 - results_path: results
2024-01-26 08:28:16,878 - output_path: /home/sharing/disk2/sjh/Outputs/MIntRec
2024-01-26 08:28:16,878 - model_path: models
2024-01-26 08:28:16,878 - config_file_name: msz
2024-01-26 08:28:16,878 - results_file_name: msz.csv
2024-01-26 08:28:16,878 - padding_mode: zero
2024-01-26 08:28:16,878 - padding_loc: end
2024-01-26 08:28:16,878 - need_aligned: False
2024-01-26 08:28:16,878 - eval_monitor: f1
2024-01-26 08:28:16,878 - train_batch_size: 16
2024-01-26 08:28:16,878 - eval_batch_size: 8
2024-01-26 08:28:16,878 - test_batch_size: 8
2024-01-26 08:28:16,878 - wait_patience: 8
2024-01-26 08:28:16,878 - hidden_size: 768
2024-01-26 08:28:16,879 - num_attention_heads: 12
2024-01-26 08:28:16,879 - attention_probs_dropout_prob: 0.2
2024-01-26 08:28:16,879 - hidden_dropout_prob: 0.2
2024-01-26 08:28:16,879 - intermediate_size: 768
2024-01-26 08:28:16,879 - num_hidden_layers: 8
2024-01-26 08:28:16,879 - max_position_embeddings: 768
2024-01-26 08:28:16,879 - position_embedding_type: absolute
2024-01-26 08:28:16,879 - batch_first: True
2024-01-26 08:28:16,879 - hidden_dims: 768
2024-01-26 08:28:16,879 - dropout: 0.2
2024-01-26 08:28:16,879 - aligned_method: conv1d
2024-01-26 08:28:16,879 - num_train_epochs: 100
2024-01-26 08:28:16,879 - lr: 8e-06
2024-01-26 08:28:16,879 - pred_output_path: /home/sharing/disk2/sjh/Outputs/MIntRec/msz_MIntRec_multi-class_seed-1_2024-01-26-08-28-16
2024-01-26 08:28:16,879 - model_output_path: /home/sharing/disk2/sjh/Outputs/MIntRec/msz_MIntRec_multi-class_seed-1_2024-01-26-08-28-16/models
2024-01-26 08:28:16,879 - ============================== End Params ==============================
2024-01-26 08:28:16,881 - Generate Text Features Begin...
2024-01-26 08:28:17,282 - Generate Text Features Finished...
2024-01-26 08:28:17,282 - Load Video Features Begin...
2024-01-26 08:28:17,530 - Load Video Features Finished...
2024-01-26 08:28:18,033 - Load Audio Features Begin...
2024-01-26 08:28:18,835 - Load Audio Features Finished...
2024-01-26 08:28:21,922 - method  begins...
2024-01-26 08:28:24,774 - Multimodal intent recognition begins...
2024-01-26 08:28:24,774 - Training begins...
2024-01-26 08:28:40,258 - ***** Epoch: 1: Eval results *****
2024-01-26 08:28:40,258 -   train_loss = 2.7862
2024-01-26 08:28:40,258 -   best_eval_score = 0.0
2024-01-26 08:28:40,259 -   eval_score = 0.1403
2024-01-26 08:28:53,855 - ***** Epoch: 2: Eval results *****
2024-01-26 08:28:53,855 -   train_loss = 2.1156
2024-01-26 08:28:53,855 -   best_eval_score = 0.1403
2024-01-26 08:28:53,855 -   eval_score = 0.3925
2024-01-26 08:29:07,958 - ***** Epoch: 3: Eval results *****
2024-01-26 08:29:07,959 -   train_loss = 1.2964
2024-01-26 08:29:07,959 -   best_eval_score = 0.3925
2024-01-26 08:29:07,959 -   eval_score = 0.5705
2024-01-26 08:29:21,718 - ***** Epoch: 4: Eval results *****
2024-01-26 08:29:21,719 -   train_loss = 0.7587
2024-01-26 08:29:21,719 -   best_eval_score = 0.5705
2024-01-26 08:29:21,719 -   eval_score = 0.6149
2024-01-26 08:29:35,682 - ***** Epoch: 5: Eval results *****
2024-01-26 08:29:35,683 -   train_loss = 0.4639
2024-01-26 08:29:35,683 -   best_eval_score = 0.6149
2024-01-26 08:29:35,683 -   eval_score = 0.6276
2024-01-26 08:29:49,441 - ***** Epoch: 6: Eval results *****
2024-01-26 08:29:49,441 -   train_loss = 0.2773
2024-01-26 08:29:49,441 -   best_eval_score = 0.6276
2024-01-26 08:29:49,441 -   eval_score = 0.6796
2024-01-26 08:30:03,823 - ***** Epoch: 7: Eval results *****
2024-01-26 08:30:03,823 -   train_loss = 0.1661
2024-01-26 08:30:03,823 -   best_eval_score = 0.6796
2024-01-26 08:30:03,823 -   eval_score = 0.6693
2024-01-26 08:30:03,823 - EarlyStopping counter: 1 out of 8
2024-01-26 08:30:17,459 - ***** Epoch: 8: Eval results *****
2024-01-26 08:30:17,459 -   train_loss = 0.1028
2024-01-26 08:30:17,459 -   best_eval_score = 0.6796
2024-01-26 08:30:17,459 -   eval_score = 0.6881
2024-01-26 08:30:31,027 - ***** Epoch: 9: Eval results *****
2024-01-26 08:30:31,027 -   train_loss = 0.0647
2024-01-26 08:30:31,027 -   best_eval_score = 0.6881
2024-01-26 08:30:31,027 -   eval_score = 0.6883
2024-01-26 08:30:44,787 - ***** Epoch: 10: Eval results *****
2024-01-26 08:30:44,787 -   train_loss = 0.0463
2024-01-26 08:30:44,787 -   best_eval_score = 0.6883
2024-01-26 08:30:44,787 -   eval_score = 0.675
2024-01-26 08:30:44,787 - EarlyStopping counter: 1 out of 8
2024-01-26 08:30:58,299 - ***** Epoch: 11: Eval results *****
2024-01-26 08:30:58,299 -   train_loss = 0.0324
2024-01-26 08:30:58,299 -   best_eval_score = 0.6883
2024-01-26 08:30:58,299 -   eval_score = 0.6762
2024-01-26 08:30:58,299 - EarlyStopping counter: 2 out of 8
2024-01-26 08:31:11,676 - ***** Epoch: 12: Eval results *****
2024-01-26 08:31:11,676 -   train_loss = 0.0304
2024-01-26 08:31:11,676 -   best_eval_score = 0.6883
2024-01-26 08:31:11,677 -   eval_score = 0.6744
2024-01-26 08:31:11,677 - EarlyStopping counter: 3 out of 8
2024-01-26 08:31:25,903 - ***** Epoch: 13: Eval results *****
2024-01-26 08:31:25,903 -   train_loss = 0.0289
2024-01-26 08:31:25,903 -   best_eval_score = 0.6883
2024-01-26 08:31:25,903 -   eval_score = 0.6735
2024-01-26 08:31:25,903 - EarlyStopping counter: 4 out of 8
2024-01-26 08:31:39,799 - ***** Epoch: 14: Eval results *****
2024-01-26 08:31:39,800 -   train_loss = 0.0278
2024-01-26 08:31:39,800 -   best_eval_score = 0.6883
2024-01-26 08:31:39,800 -   eval_score = 0.6715
2024-01-26 08:31:39,800 - EarlyStopping counter: 5 out of 8
2024-01-26 08:31:53,451 - ***** Epoch: 15: Eval results *****
2024-01-26 08:31:53,451 -   train_loss = 0.0258
2024-01-26 08:31:53,451 -   best_eval_score = 0.6883
2024-01-26 08:31:53,451 -   eval_score = 0.6768
2024-01-26 08:31:53,451 - EarlyStopping counter: 6 out of 8
2024-01-26 08:32:06,677 - ***** Epoch: 16: Eval results *****
2024-01-26 08:32:06,677 -   train_loss = 0.0251
2024-01-26 08:32:06,677 -   best_eval_score = 0.6883
2024-01-26 08:32:06,677 -   eval_score = 0.6721
2024-01-26 08:32:06,677 - EarlyStopping counter: 7 out of 8
2024-01-26 08:32:20,365 - ***** Epoch: 17: Eval results *****
2024-01-26 08:32:20,365 -   train_loss = 0.0253
2024-01-26 08:32:20,365 -   best_eval_score = 0.6883
2024-01-26 08:32:20,365 -   eval_score = 0.6746
2024-01-26 08:32:20,365 - EarlyStopping counter: 8 out of 8
2024-01-26 08:32:20,365 - EarlyStopping at epoch 17
2024-01-26 08:32:20,366 - Trained models are saved in /home/sharing/disk2/sjh/Outputs/MIntRec/msz_MIntRec_multi-class_seed-1_2024-01-26-08-28-16/models
2024-01-26 08:32:21,453 - Training is finished...
2024-01-26 08:32:21,454 - Testing begins...
2024-01-26 08:32:24,255 - ***** Test: Confusion Matrix *****
2024-01-26 08:32:24,256 - [[36  2  0  0  8  0  1  0  0  3  1  0  4  2  0  0  0  0  0  0]
 [ 0 36  0  1  0  2  0  0  0  0  1  0  2  1  0  0  0  0  0  0]
 [ 1  0 26  0  0  0  0  0  0  0  0  0  0  0  0  0  0  0  0  0]
 [ 0  1  0 24  0  0  0  0  0  0  0  0  0  0  0  0  0  0  0  0]
 [ 3  0  0  0 12  0  4  0  0  1  0  1  1  1  0  0  0  0  0  0]
 [ 0  0  0  0  0 12  0  0  0  0  0  0  0  0  0  0  0  0  0  0]
 [ 0  0  0  0  4  0  1  1  4  0  0  0  1  0  0  0  0  0  0  1]
 [ 3  0  0  0  0  0  0  4  1  1  0  0  0  0  0  1  0  0  0  0]
 [ 0  0  0  0  0  0  0  3  6  0  0  0  0  0  0  1  0  0  0  0]
 [ 1  0  0  0  1  0  0  0  0  3  1  0  0  0  0  3  0  1  0  0]
 [ 0  0  0  0  0  0  1  1  0  2 13  0  0  0  0  0  1  0  0  0]
 [ 0  0  0  0  0  0  1  0  0  0  0 17  0  0  0  0  0  0  0  1]
 [ 4  2  0  0  0  0  0  1  0  0  0  1 39  2  3  3  2  0  0  0]
 [ 0  0  0  0  0  0  2  1  0  0  1  1  0 19  1  0  0  0  0  0]
 [ 0  0  0  0  1  0  0  0  2  0  0  0  2  3 12  0  1  0  0  1]
 [ 0  0  0  0  0  0  0  1  0  0  0  0  2  0  0 17  0  0  0  1]
 [ 0  0  0  0  0  0  0  0  0  0  0  0  2  0  2  1 12  0  0  0]
 [ 0  0  0  0  0  0  0  0  0  1  1  0  2  0  0  0  0 11  0  0]
 [ 0  0  0  0  0  0  0  0  0  0  0  0  2  0  0  1  0  0  9  0]
 [ 0  0  0  0  0  0  0  0  0  0  0  0  1  1  1  0  1  0  0  6]]
2024-01-26 08:32:24,256 - ***** Evaluation results *****
2024-01-26 08:32:24,256 -   acc = 0.7079
2024-01-26 08:32:24,256 -   f1 = 0.6703
2024-01-26 08:32:24,256 -   prec = 0.6729
2024-01-26 08:32:24,256 -   rec = 0.6751
2024-01-26 08:32:24,256 - Testing is finished...
2024-01-26 08:32:24,256 - Multimodal intent recognition is finished...
2024-01-26 08:32:24,256 - Results are saved in results/msz.csv
