2024-03-30 15:02:01,043 - ============================== Params ==============================
2024-03-30 15:02:01,043 - logger_name: msz_MIntRec_multi-class_seed-2_2024-03-30-15-02-00
2024-03-30 15:02:01,043 - dataset: MIntRec
2024-03-30 15:02:01,043 - data_mode: multi-class
2024-03-30 15:02:01,043 - method: msz
2024-03-30 15:02:01,043 - text_backbone: bert-base-uncased
2024-03-30 15:02:01,043 - text_backbone_path: /home/sharing/disk1/pretrained_embedding/bert/uncased_L-12_H-768_A-12/
2024-03-30 15:02:01,043 - seed: 2
2024-03-30 15:02:01,043 - num_workers: 8
2024-03-30 15:02:01,043 - gpu_id: 3
2024-03-30 15:02:01,043 - data_path: /home/sharing/disk2/sjh/intentDataset
2024-03-30 15:02:01,043 - train: True
2024-03-30 15:02:01,043 - tune: True
2024-03-30 15:02:01,043 - save_model: False
2024-03-30 15:02:01,043 - save_results: True
2024-03-30 15:02:01,043 - log_path: logs
2024-03-30 15:02:01,043 - cache_path: 
2024-03-30 15:02:01,044 - video_data_path: video_data
2024-03-30 15:02:01,044 - audio_data_path: audio_data
2024-03-30 15:02:01,044 - video_feats_path: video_feats.pkl
2024-03-30 15:02:01,044 - audio_feats_path: audio_feats.pkl
2024-03-30 15:02:01,044 - results_path: results
2024-03-30 15:02:01,044 - output_path: /home/sharing/disk2/sjh/Outputs/MIntRec
2024-03-30 15:02:01,044 - model_path: models
2024-03-30 15:02:01,044 - config_file_name: msz_MIntRec
2024-03-30 15:02:01,044 - results_file_name: msz.csv
2024-03-30 15:02:01,044 - padding_mode: zero
2024-03-30 15:02:01,044 - padding_loc: end
2024-03-30 15:02:01,044 - need_aligned: False
2024-03-30 15:02:01,044 - eval_monitor: f1
2024-03-30 15:02:01,044 - train_batch_size: 16
2024-03-30 15:02:01,044 - eval_batch_size: 8
2024-03-30 15:02:01,044 - test_batch_size: 8
2024-03-30 15:02:01,044 - wait_patience: 8
2024-03-30 15:02:01,044 - hidden_dims: 768
2024-03-30 15:02:01,044 - num_attention_heads: 8
2024-03-30 15:02:01,044 - attention_probs_dropout_prob: 0.2
2024-03-30 15:02:01,044 - hidden_dropout_prob: 0.2
2024-03-30 15:02:01,044 - intermediate_size: 768
2024-03-30 15:02:01,044 - num_hidden_layers: 8
2024-03-30 15:02:01,044 - max_position_embeddings: 768
2024-03-30 15:02:01,044 - position_embedding_type: absolute
2024-03-30 15:02:01,044 - batch_first: True
2024-03-30 15:02:01,044 - dropout: 0.3
2024-03-30 15:02:01,044 - aligned_method: conv1d
2024-03-30 15:02:01,044 - num_train_epochs: 100
2024-03-30 15:02:01,044 - lr: 5e-06
2024-03-30 15:02:01,044 - lr_mode: max
2024-03-30 15:02:01,044 - patience: 5
2024-03-30 15:02:01,044 - factor: 0.4
2024-03-30 15:02:01,044 - pred_output_path: /home/sharing/disk2/sjh/Outputs/MIntRec/msz_MIntRec_multi-class_seed-2_2024-03-30-15-02-00
2024-03-30 15:02:01,044 - model_output_path: /home/sharing/disk2/sjh/Outputs/MIntRec/msz_MIntRec_multi-class_seed-2_2024-03-30-15-02-00/models
2024-03-30 15:02:01,044 - num_labels: 20
2024-03-30 15:02:01,044 - text_feat_dim: 768
2024-03-30 15:02:01,044 - video_feat_dim: 256
2024-03-30 15:02:01,044 - audio_feat_dim: 768
2024-03-30 15:02:01,044 - text_seq_len: 30
2024-03-30 15:02:01,045 - video_seq_len: 230
2024-03-30 15:02:01,045 - audio_seq_len: 480
2024-03-30 15:02:01,045 - device: cuda:3
2024-03-30 15:02:01,045 - ============================== End Params ==============================
2024-03-30 15:02:01,157 - Generate Text Features Begin...
2024-03-30 15:02:01,851 - Generate Text Features Finished...
2024-03-30 15:02:01,852 - Load Video Features Begin...
2024-03-30 15:02:12,843 - Load Video Features Finished...
2024-03-30 15:02:13,514 - Load Audio Features Begin...
2024-03-30 15:02:37,756 - Load Audio Features Finished...
2024-03-30 15:02:40,985 - method  begins...
2024-03-30 15:02:45,521 - Multimodal intent recognition begins...
2024-03-30 15:02:45,530 - Training begins...
2024-03-30 15:03:06,586 - ***** Epoch: 1: Eval results *****
2024-03-30 15:03:06,586 -   train_loss = 2.723
2024-03-30 15:03:06,587 -   best_eval_score = 0.0
2024-03-30 15:03:06,587 -   eval_score = 0.1476
2024-03-30 15:03:27,199 - ***** Epoch: 2: Eval results *****
2024-03-30 15:03:27,199 -   train_loss = 1.9998
2024-03-30 15:03:27,199 -   best_eval_score = 0.1476
2024-03-30 15:03:27,199 -   eval_score = 0.4446
2024-03-30 15:03:48,759 - ***** Epoch: 3: Eval results *****
2024-03-30 15:03:48,759 -   train_loss = 1.3318
2024-03-30 15:03:48,760 -   best_eval_score = 0.4446
2024-03-30 15:03:48,760 -   eval_score = 0.5472
2024-03-30 15:04:09,977 - ***** Epoch: 4: Eval results *****
2024-03-30 15:04:09,986 -   train_loss = 0.8602
2024-03-30 15:04:09,986 -   best_eval_score = 0.5472
2024-03-30 15:04:09,986 -   eval_score = 0.5946
2024-03-30 15:04:31,394 - ***** Epoch: 5: Eval results *****
2024-03-30 15:04:31,394 -   train_loss = 0.5652
2024-03-30 15:04:31,394 -   best_eval_score = 0.5946
2024-03-30 15:04:31,394 -   eval_score = 0.6479
2024-03-30 15:04:52,373 - ***** Epoch: 6: Eval results *****
2024-03-30 15:04:52,373 -   train_loss = 0.35
2024-03-30 15:04:52,373 -   best_eval_score = 0.6479
2024-03-30 15:04:52,373 -   eval_score = 0.6987
2024-03-30 15:05:13,750 - ***** Epoch: 7: Eval results *****
2024-03-30 15:05:13,758 -   train_loss = 0.2268
2024-03-30 15:05:13,758 -   best_eval_score = 0.6987
2024-03-30 15:05:13,758 -   eval_score = 0.6801
2024-03-30 15:05:13,758 - EarlyStopping counter: 1 out of 8
2024-03-30 15:05:34,220 - ***** Epoch: 8: Eval results *****
2024-03-30 15:05:34,229 -   train_loss = 0.1464
2024-03-30 15:05:34,229 -   best_eval_score = 0.6987
2024-03-30 15:05:34,230 -   eval_score = 0.7094
2024-03-30 15:05:55,864 - ***** Epoch: 9: Eval results *****
2024-03-30 15:05:55,865 -   train_loss = 0.1163
2024-03-30 15:05:55,865 -   best_eval_score = 0.7094
2024-03-30 15:05:55,865 -   eval_score = 0.7105
2024-03-30 15:06:17,534 - ***** Epoch: 10: Eval results *****
2024-03-30 15:06:17,534 -   train_loss = 0.0941
2024-03-30 15:06:17,535 -   best_eval_score = 0.7105
2024-03-30 15:06:17,535 -   eval_score = 0.7023
2024-03-30 15:06:17,535 - EarlyStopping counter: 1 out of 8
2024-03-30 15:06:38,382 - ***** Epoch: 11: Eval results *****
2024-03-30 15:06:38,382 -   train_loss = 0.0809
2024-03-30 15:06:38,382 -   best_eval_score = 0.7105
2024-03-30 15:06:38,382 -   eval_score = 0.7033
2024-03-30 15:06:38,382 - EarlyStopping counter: 2 out of 8
2024-03-30 15:06:59,310 - ***** Epoch: 12: Eval results *****
2024-03-30 15:06:59,310 -   train_loss = 0.0679
2024-03-30 15:06:59,310 -   best_eval_score = 0.7105
2024-03-30 15:06:59,310 -   eval_score = 0.7052
2024-03-30 15:06:59,310 - EarlyStopping counter: 3 out of 8
2024-03-30 15:07:20,369 - ***** Epoch: 13: Eval results *****
2024-03-30 15:07:20,369 -   train_loss = 0.0565
2024-03-30 15:07:20,369 -   best_eval_score = 0.7105
2024-03-30 15:07:20,369 -   eval_score = 0.6948
2024-03-30 15:07:20,369 - EarlyStopping counter: 4 out of 8
2024-03-30 15:07:41,205 - ***** Epoch: 14: Eval results *****
2024-03-30 15:07:41,213 -   train_loss = 0.0476
2024-03-30 15:07:41,213 -   best_eval_score = 0.7105
2024-03-30 15:07:41,213 -   eval_score = 0.7087
2024-03-30 15:07:41,213 - EarlyStopping counter: 5 out of 8
2024-03-30 15:08:02,845 - ***** Epoch: 15: Eval results *****
2024-03-30 15:08:02,845 -   train_loss = 0.0447
2024-03-30 15:08:02,846 -   best_eval_score = 0.7105
2024-03-30 15:08:02,846 -   eval_score = 0.7025
2024-03-30 15:08:02,846 - EarlyStopping counter: 6 out of 8
2024-03-30 15:08:24,427 - ***** Epoch: 16: Eval results *****
2024-03-30 15:08:24,427 -   train_loss = 0.0425
2024-03-30 15:08:24,427 -   best_eval_score = 0.7105
2024-03-30 15:08:24,427 -   eval_score = 0.698
2024-03-30 15:08:24,427 - EarlyStopping counter: 7 out of 8
2024-03-30 15:08:45,812 - ***** Epoch: 17: Eval results *****
2024-03-30 15:08:45,812 -   train_loss = 0.0383
2024-03-30 15:08:45,812 -   best_eval_score = 0.7105
2024-03-30 15:08:45,812 -   eval_score = 0.6999
2024-03-30 15:08:45,812 - EarlyStopping counter: 8 out of 8
2024-03-30 15:08:45,812 - EarlyStopping at epoch 17
2024-03-30 15:08:45,815 - Training is finished...
2024-03-30 15:08:45,816 - Testing begins...
2024-03-30 15:08:49,410 - ***** Test: Confusion Matrix *****
2024-03-30 15:08:49,412 - [[37  3  0  0  8  0  1  0  0  2  1  0  4  1  0  0  0  0  0  0]
 [ 0 34  0  1  0  3  1  0  0  0  1  0  2  0  1  0  0  0  0  0]
 [ 1  0 26  0  0  0  0  0  0  0  0  0  0  0  0  0  0  0  0  0]
 [ 0  1  0 24  0  0  0  0  0  0  0  0  0  0  0  0  0  0  0  0]
 [ 5  0  0  0 11  0  2  0  0  0  0  1  2  1  0  0  0  1  0  0]
 [ 0  0  0  0  0 12  0  0  0  0  0  0  0  0  0  0  0  0  0  0]
 [ 1  1  0  0  3  0  2  0  3  0  0  0  1  0  0  0  1  0  0  0]
 [ 3  1  0  0  0  1  0  5  0  0  0  0  0  0  0  0  0  0  0  0]
 [ 1  0  0  0  0  0  0  3  6  0  0  0  0  0  0  0  0  0  0  0]
 [ 1  0  0  0  1  0  0  0  0  4  1  0  0  0  0  2  0  1  0  0]
 [ 0  1  0  0  0  0  1  0  0  2 13  0  0  0  1  0  0  0  0  0]
 [ 0  0  0  0  1  0  1  0  0  0  0 16  0  0  0  0  0  0  1  0]
 [ 3  1  0  0  1  0  0  0  0  0  1  1 41  1  2  2  2  0  1  1]
 [ 0  0  0  0  0  0  2  1  0  0  1  1  1 18  1  0  0  0  0  0]
 [ 0  0  0  0  1  0  0  0  0  0  0  0  2  2 15  0  1  0  0  1]
 [ 0  0  0  0  0  0  0  1  0  0  0  0  4  0  0 15  0  0  0  1]
 [ 0  0  0  0  0  0  0  0  0  0  0  0  3  0  1  0 13  0  0  0]
 [ 0  0  0  0  0  0  0  0  0  1  1  0  2  0  0  0  0 11  0  0]
 [ 0  0  0  0  0  0  0  0  0  0  0  0  2  0  0  1  0  0  9  0]
 [ 0  0  0  0  0  0  0  0  0  0  0  0  1  1  1  0  2  0  0  5]]
2024-03-30 15:08:49,412 - ***** Evaluation results *****
2024-03-30 15:08:49,412 -   acc = 0.7124
2024-03-30 15:08:49,412 -   f1 = 0.6836
2024-03-30 15:08:49,412 -   prec = 0.6889
2024-03-30 15:08:49,412 -   rec = 0.6828
2024-03-30 15:08:49,412 - Testing is finished...
2024-03-30 15:08:49,412 - Multimodal intent recognition is finished...
2024-03-30 15:08:49,412 - Results are saved in results/msz.csv
