2024-03-02 16:14:18,558 - ============================== Params ==============================
2024-03-02 16:14:18,561 - logger_name: msz_MIntRec2_multi-class_seed-2_2024-03-02-16-14-18
2024-03-02 16:14:18,561 - dataset: MIntRec2
2024-03-02 16:14:18,561 - data_mode: multi-class
2024-03-02 16:14:18,561 - method: msz
2024-03-02 16:14:18,561 - text_backbone: bert-base-uncased
2024-03-02 16:14:18,561 - text_backbone_path: /home/sharing/disk1/pretrained_embedding/bert/uncased_L-12_H-768_A-12/
2024-03-02 16:14:18,561 - seed: 2
2024-03-02 16:14:18,561 - num_workers: 8
2024-03-02 16:14:18,561 - gpu_id: 3
2024-03-02 16:14:18,561 - data_path: /home/sharing/disk2/sjh/intentDataset
2024-03-02 16:14:18,561 - train: True
2024-03-02 16:14:18,561 - tune: True
2024-03-02 16:14:18,562 - save_model: True
2024-03-02 16:14:18,562 - save_results: True
2024-03-02 16:14:18,562 - log_path: logs
2024-03-02 16:14:18,562 - cache_path: 
2024-03-02 16:14:18,562 - video_data_path: video_data
2024-03-02 16:14:18,562 - audio_data_path: audio_data
2024-03-02 16:14:18,562 - video_feats_path: video_feats.pkl
2024-03-02 16:14:18,562 - audio_feats_path: audio_feats.pkl
2024-03-02 16:14:18,562 - results_path: results
2024-03-02 16:14:18,562 - output_path: /home/sharing/disk2/sjh/Outputs/MIntRec2
2024-03-02 16:14:18,562 - model_path: models
2024-03-02 16:14:18,562 - config_file_name: msz_MIntRec2
2024-03-02 16:14:18,562 - results_file_name: msz.csv
2024-03-02 16:14:18,562 - padding_mode: zero
2024-03-02 16:14:18,562 - padding_loc: end
2024-03-02 16:14:18,562 - need_aligned: False
2024-03-02 16:14:18,562 - eval_monitor: f1
2024-03-02 16:14:18,562 - train_batch_size: 16
2024-03-02 16:14:18,562 - eval_batch_size: 8
2024-03-02 16:14:18,562 - test_batch_size: 8
2024-03-02 16:14:18,562 - wait_patience: 8
2024-03-02 16:14:18,562 - hidden_size: 768
2024-03-02 16:14:18,562 - num_attention_heads: 8
2024-03-02 16:14:18,563 - attention_probs_dropout_prob: 0.2
2024-03-02 16:14:18,563 - hidden_dropout_prob: 0.2
2024-03-02 16:14:18,563 - intermediate_size: 768
2024-03-02 16:14:18,563 - num_hidden_layers: 8
2024-03-02 16:14:18,563 - max_position_embeddings: 768
2024-03-02 16:14:18,563 - position_embedding_type: absolute
2024-03-02 16:14:18,563 - batch_first: True
2024-03-02 16:14:18,563 - hidden_dims: 768
2024-03-02 16:14:18,563 - dropout: 0.5
2024-03-02 16:14:18,563 - aligned_method: conv1d
2024-03-02 16:14:18,563 - num_train_epochs: 100
2024-03-02 16:14:18,563 - lr: 8e-06
2024-03-02 16:14:18,563 - pred_output_path: /home/sharing/disk2/sjh/Outputs/MIntRec2/msz_MIntRec2_multi-class_seed-2_2024-03-02-16-14-18
2024-03-02 16:14:18,563 - model_output_path: /home/sharing/disk2/sjh/Outputs/MIntRec2/msz_MIntRec2_multi-class_seed-2_2024-03-02-16-14-18/models
2024-03-02 16:14:18,563 - num_labels: 30
2024-03-02 16:14:18,563 - text_feat_dim: 768
2024-03-02 16:14:18,563 - video_feat_dim: 256
2024-03-02 16:14:18,563 - audio_feat_dim: 768
2024-03-02 16:14:18,563 - text_seq_len: 50
2024-03-02 16:14:18,563 - video_seq_len: 180
2024-03-02 16:14:18,563 - audio_seq_len: 400
2024-03-02 16:14:18,564 - device: cuda:3
2024-03-02 16:14:18,564 - ============================== End Params ==============================
2024-03-02 16:14:18,761 - Generate Text Features Begin...
2024-03-02 16:14:22,230 - Generate Text Features Finished...
2024-03-02 16:14:22,271 - Load Video Features Begin...
2024-03-02 16:15:08,160 - Load Video Features Finished...
2024-03-02 16:15:58,551 - Load Audio Features Begin...
2024-03-02 16:18:19,897 - Load Audio Features Finished...
2024-03-02 16:20:02,419 - method  begins...
2024-03-02 16:20:12,770 - Multimodal intent recognition begins...
2024-03-02 16:20:12,770 - Training begins...
2024-03-02 16:21:54,382 - ***** Epoch: 1: Eval results *****
2024-03-02 16:21:54,382 -   train_loss = 2.3809
2024-03-02 16:21:54,382 -   best_eval_score = 0.0
2024-03-02 16:21:54,382 -   eval_score = 0.35
2024-03-02 16:23:35,051 - ***** Epoch: 2: Eval results *****
2024-03-02 16:23:35,052 -   train_loss = 1.509
2024-03-02 16:23:35,052 -   best_eval_score = 0.35
2024-03-02 16:23:35,052 -   eval_score = 0.4388
2024-03-02 16:25:14,366 - ***** Epoch: 3: Eval results *****
2024-03-02 16:25:14,366 -   train_loss = 1.1567
2024-03-02 16:25:14,366 -   best_eval_score = 0.4388
2024-03-02 16:25:14,367 -   eval_score = 0.4779
2024-03-02 16:26:55,074 - ***** Epoch: 4: Eval results *****
2024-03-02 16:26:55,074 -   train_loss = 0.8886
2024-03-02 16:26:55,074 -   best_eval_score = 0.4779
2024-03-02 16:26:55,075 -   eval_score = 0.4903
2024-03-02 16:28:35,091 - ***** Epoch: 5: Eval results *****
2024-03-02 16:28:35,092 -   train_loss = 0.6476
2024-03-02 16:28:35,092 -   best_eval_score = 0.4903
2024-03-02 16:28:35,092 -   eval_score = 0.4916
2024-03-02 16:30:13,654 - ***** Epoch: 6: Eval results *****
2024-03-02 16:30:13,654 -   train_loss = 0.4677
2024-03-02 16:30:13,654 -   best_eval_score = 0.4916
2024-03-02 16:30:13,654 -   eval_score = 0.5072
2024-03-02 16:31:53,373 - ***** Epoch: 7: Eval results *****
2024-03-02 16:31:53,373 -   train_loss = 0.306
2024-03-02 16:31:53,373 -   best_eval_score = 0.5072
2024-03-02 16:31:53,373 -   eval_score = 0.4935
2024-03-02 16:31:53,373 - EarlyStopping counter: 1 out of 8
2024-03-02 16:33:31,361 - ***** Epoch: 8: Eval results *****
2024-03-02 16:33:31,361 -   train_loss = 0.2334
2024-03-02 16:33:31,361 -   best_eval_score = 0.5072
2024-03-02 16:33:31,361 -   eval_score = 0.5007
2024-03-02 16:33:31,361 - EarlyStopping counter: 2 out of 8
2024-03-02 16:35:13,048 - ***** Epoch: 9: Eval results *****
2024-03-02 16:35:13,049 -   train_loss = 0.1788
2024-03-02 16:35:13,049 -   best_eval_score = 0.5072
2024-03-02 16:35:13,049 -   eval_score = 0.5037
2024-03-02 16:35:13,049 - EarlyStopping counter: 3 out of 8
2024-03-02 16:36:52,014 - ***** Epoch: 10: Eval results *****
2024-03-02 16:36:52,015 -   train_loss = 0.1425
2024-03-02 16:36:52,015 -   best_eval_score = 0.5072
2024-03-02 16:36:52,015 -   eval_score = 0.5066
2024-03-02 16:36:52,015 - EarlyStopping counter: 4 out of 8
2024-03-02 16:38:31,573 - ***** Epoch: 11: Eval results *****
2024-03-02 16:38:31,573 -   train_loss = 0.0839
2024-03-02 16:38:31,573 -   best_eval_score = 0.5072
2024-03-02 16:38:31,573 -   eval_score = 0.5147
2024-03-02 16:40:10,422 - ***** Epoch: 12: Eval results *****
2024-03-02 16:40:10,422 -   train_loss = 0.074
2024-03-02 16:40:10,423 -   best_eval_score = 0.5147
2024-03-02 16:40:10,423 -   eval_score = 0.5199
2024-03-02 16:41:47,865 - ***** Epoch: 13: Eval results *****
2024-03-02 16:41:47,865 -   train_loss = 0.0651
2024-03-02 16:41:47,865 -   best_eval_score = 0.5199
2024-03-02 16:41:47,865 -   eval_score = 0.5194
2024-03-02 16:41:47,865 - EarlyStopping counter: 1 out of 8
2024-03-02 16:43:26,818 - ***** Epoch: 14: Eval results *****
2024-03-02 16:43:26,819 -   train_loss = 0.0624
2024-03-02 16:43:26,819 -   best_eval_score = 0.5199
2024-03-02 16:43:26,819 -   eval_score = 0.5102
2024-03-02 16:43:26,819 - EarlyStopping counter: 2 out of 8
2024-03-02 16:45:03,854 - ***** Epoch: 15: Eval results *****
2024-03-02 16:45:03,854 -   train_loss = 0.0585
2024-03-02 16:45:03,854 -   best_eval_score = 0.5199
2024-03-02 16:45:03,854 -   eval_score = 0.5153
2024-03-02 16:45:03,854 - EarlyStopping counter: 3 out of 8
2024-03-02 16:46:43,350 - ***** Epoch: 16: Eval results *****
2024-03-02 16:46:43,350 -   train_loss = 0.0569
2024-03-02 16:46:43,350 -   best_eval_score = 0.5199
2024-03-02 16:46:43,350 -   eval_score = 0.5157
2024-03-02 16:46:43,350 - EarlyStopping counter: 4 out of 8
2024-03-02 16:48:21,773 - ***** Epoch: 17: Eval results *****
2024-03-02 16:48:21,774 -   train_loss = 0.056
2024-03-02 16:48:21,774 -   best_eval_score = 0.5199
2024-03-02 16:48:21,774 -   eval_score = 0.5119
2024-03-02 16:48:21,774 - EarlyStopping counter: 5 out of 8
2024-03-02 16:49:57,898 - ***** Epoch: 18: Eval results *****
2024-03-02 16:49:57,899 -   train_loss = 0.0524
2024-03-02 16:49:57,899 -   best_eval_score = 0.5199
2024-03-02 16:49:57,899 -   eval_score = 0.5155
2024-03-02 16:49:57,899 - EarlyStopping counter: 6 out of 8
2024-03-02 16:51:35,124 - ***** Epoch: 19: Eval results *****
2024-03-02 16:51:35,125 -   train_loss = 0.0509
2024-03-02 16:51:35,125 -   best_eval_score = 0.5199
2024-03-02 16:51:35,125 -   eval_score = 0.5168
2024-03-02 16:51:35,125 - EarlyStopping counter: 7 out of 8
2024-03-02 16:53:11,152 - ***** Epoch: 20: Eval results *****
2024-03-02 16:53:11,153 -   train_loss = 0.0473
2024-03-02 16:53:11,154 -   best_eval_score = 0.5199
2024-03-02 16:53:11,154 -   eval_score = 0.5219
2024-03-02 16:54:47,413 - ***** Epoch: 21: Eval results *****
2024-03-02 16:54:47,413 -   train_loss = 0.0454
2024-03-02 16:54:47,413 -   best_eval_score = 0.5219
2024-03-02 16:54:47,414 -   eval_score = 0.5163
2024-03-02 16:54:47,414 - EarlyStopping counter: 1 out of 8
2024-03-02 16:56:24,426 - ***** Epoch: 22: Eval results *****
2024-03-02 16:56:24,426 -   train_loss = 0.0436
2024-03-02 16:56:24,426 -   best_eval_score = 0.5219
2024-03-02 16:56:24,426 -   eval_score = 0.5178
2024-03-02 16:56:24,426 - EarlyStopping counter: 2 out of 8
2024-03-02 16:58:00,887 - ***** Epoch: 23: Eval results *****
2024-03-02 16:58:00,887 -   train_loss = 0.0458
2024-03-02 16:58:00,888 -   best_eval_score = 0.5219
2024-03-02 16:58:00,888 -   eval_score = 0.5208
2024-03-02 16:58:00,888 - EarlyStopping counter: 3 out of 8
2024-03-02 16:59:37,303 - ***** Epoch: 24: Eval results *****
2024-03-02 16:59:37,303 -   train_loss = 0.0465
2024-03-02 16:59:37,303 -   best_eval_score = 0.5219
2024-03-02 16:59:37,304 -   eval_score = 0.5167
2024-03-02 16:59:37,304 - EarlyStopping counter: 4 out of 8
2024-03-02 17:01:14,146 - ***** Epoch: 25: Eval results *****
2024-03-02 17:01:14,147 -   train_loss = 0.0442
2024-03-02 17:01:14,147 -   best_eval_score = 0.5219
2024-03-02 17:01:14,147 -   eval_score = 0.518
2024-03-02 17:01:14,147 - EarlyStopping counter: 5 out of 8
2024-03-02 17:02:53,607 - ***** Epoch: 26: Eval results *****
2024-03-02 17:02:53,607 -   train_loss = 0.0446
2024-03-02 17:02:53,607 -   best_eval_score = 0.5219
2024-03-02 17:02:53,608 -   eval_score = 0.5161
2024-03-02 17:02:53,608 - EarlyStopping counter: 6 out of 8
2024-03-02 17:04:30,211 - ***** Epoch: 27: Eval results *****
2024-03-02 17:04:30,211 -   train_loss = 0.0423
2024-03-02 17:04:30,211 -   best_eval_score = 0.5219
2024-03-02 17:04:30,211 -   eval_score = 0.5136
2024-03-02 17:04:30,211 - EarlyStopping counter: 7 out of 8
2024-03-02 17:06:08,924 - ***** Epoch: 28: Eval results *****
2024-03-02 17:06:08,925 -   train_loss = 0.0442
2024-03-02 17:06:08,925 -   best_eval_score = 0.5219
2024-03-02 17:06:08,925 -   eval_score = 0.5141
2024-03-02 17:06:08,925 - EarlyStopping counter: 8 out of 8
2024-03-02 17:06:08,925 - EarlyStopping at epoch 28
2024-03-02 17:06:08,926 - Trained models are saved in /home/sharing/disk2/sjh/Outputs/MIntRec2/msz_MIntRec2_multi-class_seed-2_2024-03-02-16-14-18/models
2024-03-02 17:06:12,532 - Training is finished...
2024-03-02 17:06:12,533 - Testing begins...
2024-03-02 17:06:28,337 - ***** Test: Confusion Matrix *****
2024-03-02 17:06:28,339 - [[ 49   0  13   0   0   0   0   0   1   0   2   0   0   0   0   1   0   0
    0   0   0   1   0   0   1   0   0   0   0   0]
 [  0  51   0   0  10   1   7   0   2   0   0   0   4   0   4   0   0   6
    3   2   1   0   1   1   2   0   0   2   0   0]
 [ 12   0  37   0   2   0   0   0   0   0   1   0   0   2   1   0   0   3
    1   0   0   1   0   1   3   0   0   0   0   0]
 [  0   0   0  60   0   0   0   1   0   0   0   0   0   0   1   0   0   0
    0   0   0   1   0   0   0   0   1   1   0   0]
 [  0   2   0   0  34   0   0   0   1   0   0   0   0   0   0   0   0   4
    0   1   0   2   0   1   1   0   0   1   1   3]
 [  0   0   0   0   1  24   0   0   0   1   1   0   0   0   1   0   0   5
    0   0   0   0   0   1   0   1   0   1   0   1]
 [  0   1   0   0   0   4  29   7   0   1   2   0   4   0   0   0   0   0
    0   0   0   0   0   0   0   0   0   0   0   0]
 [  0   0   0   0   0   2   5  29   0   0   6   0   3   0   0   0   1   0
    0   0   1   0   0   0   0   0   0   0   0   0]
 [  1   4   1   3   1   1   0   0  20   0   0   2   1   1   4   0   0   4
    0   0   0   0   4   0   2   0   0   0   0   0]
 [  0   1   2   0   0   0   0   0   1  52   0   6   7   0  13   0   0   6
    2   0   1   3   2   1   3   0   0   4   0   3]
 [  2   1   0   0   1   2   6   4   1   1  41   0  29   0   0   0   0   1
    0   2   0   0   0   1   1   0   0   0   0   0]
 [  0   0   0   0   0   0   0   2   0   6   1  18   6   1   1   0   0   1
    1   0   0   0   2   0   1   0   0   5   0   2]
 [  0   1   0   0   0   1   4  13   0   3  19   0  88   0   0   0   2   1
    1   0   0   0   0   0   0   0   0   2   0   0]
 [  0   0   2   0   0   0   0   0   0   1   0   0   0   2   4   1   0   2
    3   0   1   0   1   0   0   0   0   0   0   0]
 [  0   4   2   0   0   1   1   0   3   9   2   1   1   2 114   1   0  26
    3   0   3   0  11   0   3   0   0   6   0   0]
 [  0   0   1   0   1   0   0   0   0   3   0   0   0   1   2   4   0   2
    2   0   1   1   1   0   0   0   0   2   1   0]
 [  0   0   0   0   1   0   1   2   0   0   1   0   1   1   0   0  55   0
    3   0   0   0   0   0   1   0   0   0   0   0]
 [  0   3   2   1   6   2   1   0   3  11   3   0   1   2  17   4   1 118
    6   2   4   5   7   7   1   1   1   4   1   3]
 [  0   2   0   0   0   1   0   0   0   3   1   0   0   2   9   1   3  10
   24   1   1   0   1   0   1   0   0   0   0   0]
 [  0   4   0   0   0   0   2   0   0   0   1   0   0   0   0   0   0   1
    0   7   0   2   0   0   0   0   0   0   0   0]
 [  0   1   2   0   1   0   0   0   0   1   1   1   0   0   5   1   0   3
    3   0   5   0   0   1   0   0   0   4   0   0]
 [  6   0   0   0   0   0   0   0   0   2   0   0   0   0   1   0   4   1
    0   1   2  24   1   5   1   0   2   1   0   2]
 [  0   0   1   1   1   0   0   1   1   3   0   2   1   2  11   0   0   5
    0   0   0   1  73   0   1   3   9   1   0   0]
 [  0   2   1   0   0   0   0   0   0   1   0   0   0   0   2   0   0   7
    0   0   1   3   0  21   0   0   0   0   0   0]
 [  2   0   1   0   0   0   0   0   1   1   2   1   0   0   2   1   0   1
    0   0   0   0   1   1  91   0   0   7   1   0]
 [  1   2   0   0   1   0   0   0   0   0   0   0   0   0   0   0   0   2
    0   0   0   0   2   0   1  20   1   0   0   1]
 [  0   0   0   0   0   0   0   0   0   1   0   0   0   0   2   0   0   4
    0   0   0   1   2   0   0   0   5   0   2   0]
 [  0   3   1   0   0   0   0   1   3   8   3   3   3   1   3   1   0   2
    0   0   2   0   2   0   6   1   0  13   1   1]
 [  0   0   0   0   0   0   0   0   0   0   0   0   0   0   1   0   1   0
    0   0   0   0   0   0   0   0   0   0  56   0]
 [  0   1   0   0   1   0   0   0   2   0   1   1   0   0   0   0   0   2
    2   0   1   1   0   0   1   1   0   0   0   5]]
2024-03-02 17:06:28,339 - ***** Evaluation results *****
2024-03-02 17:06:28,339 -   acc = 0.575
2024-03-02 17:06:28,339 -   f1 = 0.5225
2024-03-02 17:06:28,339 -   prec = 0.5246
2024-03-02 17:06:28,339 -   rec = 0.5244
2024-03-02 17:06:28,340 - Testing is finished...
2024-03-02 17:06:28,340 - Multimodal intent recognition is finished...
2024-03-02 17:06:28,340 - Results are saved in results/msz.csv
