2024-03-05 11:51:41,967 - ============================== Params ==============================
2024-03-05 11:51:41,968 - logger_name: msz_MIntRec2_multi-class_seed-2_2024-03-05-11-51-41
2024-03-05 11:51:41,968 - dataset: MIntRec2
2024-03-05 11:51:41,968 - data_mode: multi-class
2024-03-05 11:51:41,968 - method: msz
2024-03-05 11:51:41,968 - text_backbone: bert-base-uncased
2024-03-05 11:51:41,968 - text_backbone_path: /home/sharing/disk1/pretrained_embedding/bert/uncased_L-12_H-768_A-12/
2024-03-05 11:51:41,968 - seed: 2
2024-03-05 11:51:41,968 - num_workers: 8
2024-03-05 11:51:41,969 - gpu_id: 3
2024-03-05 11:51:41,969 - data_path: /home/sharing/disk2/sjh/intentDataset
2024-03-05 11:51:41,969 - train: True
2024-03-05 11:51:41,969 - tune: True
2024-03-05 11:51:41,969 - save_model: False
2024-03-05 11:51:41,969 - save_results: True
2024-03-05 11:51:41,969 - log_path: logs
2024-03-05 11:51:41,969 - cache_path: 
2024-03-05 11:51:41,969 - video_data_path: video_data
2024-03-05 11:51:41,969 - audio_data_path: audio_data
2024-03-05 11:51:41,969 - video_feats_path: video_feats.pkl
2024-03-05 11:51:41,970 - audio_feats_path: audio_feats.pkl
2024-03-05 11:51:41,970 - results_path: results
2024-03-05 11:51:41,970 - output_path: /home/sharing/disk2/sjh/Outputs/MIntRec2
2024-03-05 11:51:41,970 - model_path: models
2024-03-05 11:51:41,970 - config_file_name: msz_MIntRec2
2024-03-05 11:51:41,970 - results_file_name: msz.csv
2024-03-05 11:51:41,970 - padding_mode: zero
2024-03-05 11:51:41,970 - padding_loc: end
2024-03-05 11:51:41,970 - need_aligned: False
2024-03-05 11:51:41,970 - eval_monitor: f1
2024-03-05 11:51:41,970 - train_batch_size: 16
2024-03-05 11:51:41,971 - eval_batch_size: 8
2024-03-05 11:51:41,971 - test_batch_size: 8
2024-03-05 11:51:41,971 - wait_patience: 8
2024-03-05 11:51:41,971 - hidden_dims: 1024
2024-03-05 11:51:41,971 - num_attention_heads: 6
2024-03-05 11:51:41,971 - attention_probs_dropout_prob: 0.2
2024-03-05 11:51:41,971 - hidden_dropout_prob: 0.2
2024-03-05 11:51:41,971 - intermediate_size: 768
2024-03-05 11:51:41,971 - num_hidden_layers: 8
2024-03-05 11:51:41,971 - max_position_embeddings: 768
2024-03-05 11:51:41,971 - position_embedding_type: absolute
2024-03-05 11:51:41,972 - batch_first: True
2024-03-05 11:51:41,972 - dropout: 0.1
2024-03-05 11:51:41,972 - aligned_method: conv1d
2024-03-05 11:51:41,972 - num_train_epochs: 100
2024-03-05 11:51:41,972 - lr: 6e-06
2024-03-05 11:51:41,972 - pred_output_path: /home/sharing/disk2/sjh/Outputs/MIntRec2/msz_MIntRec2_multi-class_seed-2_2024-03-05-11-51-41
2024-03-05 11:51:41,972 - model_output_path: /home/sharing/disk2/sjh/Outputs/MIntRec2/msz_MIntRec2_multi-class_seed-2_2024-03-05-11-51-41/models
2024-03-05 11:51:41,972 - ============================== End Params ==============================
2024-03-05 11:51:42,301 - Generate Text Features Begin...
2024-03-05 11:51:44,266 - Generate Text Features Finished...
2024-03-05 11:51:44,322 - Load Video Features Begin...
2024-03-05 11:52:54,802 - Load Video Features Finished...
2024-03-05 11:52:57,119 - Load Audio Features Begin...
2024-03-05 11:55:26,405 - Load Audio Features Finished...
2024-03-05 11:56:31,856 - method  begins...
