2024-03-29 22:39:35,768 - ============================== Params ==============================
2024-03-29 22:39:35,768 - logger_name: msz_MIntRec_multi-class_seed-2_2024-03-29-22-39-35
2024-03-29 22:39:35,768 - dataset: MIntRec
2024-03-29 22:39:35,768 - data_mode: multi-class
2024-03-29 22:39:35,768 - method: msz
2024-03-29 22:39:35,768 - text_backbone: bert-base-uncased
2024-03-29 22:39:35,769 - text_backbone_path: /home/sharing/disk1/pretrained_embedding/bert/uncased_L-12_H-768_A-12/
2024-03-29 22:39:35,769 - seed: 2
2024-03-29 22:39:35,769 - num_workers: 8
2024-03-29 22:39:35,769 - gpu_id: 3
2024-03-29 22:39:35,769 - data_path: /home/sharing/disk2/sjh/intentDataset
2024-03-29 22:39:35,769 - train: True
2024-03-29 22:39:35,769 - tune: True
2024-03-29 22:39:35,769 - save_model: False
2024-03-29 22:39:35,769 - save_results: True
2024-03-29 22:39:35,769 - log_path: logs
2024-03-29 22:39:35,769 - cache_path: 
2024-03-29 22:39:35,769 - video_data_path: video_data
2024-03-29 22:39:35,769 - audio_data_path: audio_data
2024-03-29 22:39:35,769 - video_feats_path: video_feats.pkl
2024-03-29 22:39:35,769 - audio_feats_path: audio_feats.pkl
2024-03-29 22:39:35,769 - results_path: results
2024-03-29 22:39:35,769 - output_path: /home/sharing/disk2/sjh/Outputs/MIntRec
2024-03-29 22:39:35,769 - model_path: models
2024-03-29 22:39:35,769 - config_file_name: msz_MIntRec
2024-03-29 22:39:35,769 - results_file_name: msz.csv
2024-03-29 22:39:35,769 - padding_mode: zero
2024-03-29 22:39:35,769 - padding_loc: end
2024-03-29 22:39:35,769 - need_aligned: False
2024-03-29 22:39:35,769 - eval_monitor: f1
2024-03-29 22:39:35,769 - train_batch_size: 16
2024-03-29 22:39:35,770 - eval_batch_size: 8
2024-03-29 22:39:35,770 - test_batch_size: 8
2024-03-29 22:39:35,770 - wait_patience: 8
2024-03-29 22:39:35,770 - hidden_dims: 768
2024-03-29 22:39:35,770 - num_attention_heads: 8
2024-03-29 22:39:35,770 - attention_probs_dropout_prob: 0.2
2024-03-29 22:39:35,770 - hidden_dropout_prob: 0.4
2024-03-29 22:39:35,770 - intermediate_size: 768
2024-03-29 22:39:35,770 - num_hidden_layers: 8
2024-03-29 22:39:35,770 - max_position_embeddings: 768
2024-03-29 22:39:35,770 - position_embedding_type: absolute
2024-03-29 22:39:35,770 - batch_first: True
2024-03-29 22:39:35,770 - dropout: 0.1
2024-03-29 22:39:35,770 - aligned_method: conv1d
2024-03-29 22:39:35,770 - num_train_epochs: 100
2024-03-29 22:39:35,770 - lr: 6e-06
2024-03-29 22:39:35,770 - lr_mode: max
2024-03-29 22:39:35,770 - patience: 5
2024-03-29 22:39:35,770 - factor: 0.5
2024-03-29 22:39:35,770 - pred_output_path: /home/sharing/disk2/sjh/Outputs/MIntRec/msz_MIntRec_multi-class_seed-2_2024-03-29-22-39-35
2024-03-29 22:39:35,770 - model_output_path: /home/sharing/disk2/sjh/Outputs/MIntRec/msz_MIntRec_multi-class_seed-2_2024-03-29-22-39-35/models
2024-03-29 22:39:35,770 - num_labels: 20
2024-03-29 22:39:35,770 - text_feat_dim: 768
2024-03-29 22:39:35,770 - video_feat_dim: 256
2024-03-29 22:39:35,770 - audio_feat_dim: 768
2024-03-29 22:39:35,770 - text_seq_len: 30
2024-03-29 22:39:35,771 - video_seq_len: 230
2024-03-29 22:39:35,771 - audio_seq_len: 480
2024-03-29 22:39:35,771 - device: cuda:3
2024-03-29 22:39:35,771 - ============================== End Params ==============================
2024-03-29 22:39:35,947 - Generate Text Features Begin...
2024-03-29 22:39:37,017 - Generate Text Features Finished...
2024-03-29 22:39:37,022 - Load Video Features Begin...
2024-03-29 22:39:59,130 - Load Video Features Finished...
2024-03-29 22:39:59,649 - Load Audio Features Begin...
2024-03-29 22:40:35,471 - Load Audio Features Finished...
2024-03-29 22:40:37,944 - method  begins...
2024-03-29 22:40:46,605 - Multimodal intent recognition begins...
2024-03-29 22:40:46,605 - Training begins...
2024-03-29 22:41:08,278 - ***** Epoch: 1: Eval results *****
2024-03-29 22:41:08,279 -   train_loss = 2.6551
2024-03-29 22:41:08,279 -   best_eval_score = 0.0
2024-03-29 22:41:08,279 -   eval_score = 0.1825
2024-03-29 22:41:29,245 - ***** Epoch: 2: Eval results *****
2024-03-29 22:41:29,245 -   train_loss = 1.7851
2024-03-29 22:41:29,245 -   best_eval_score = 0.1825
2024-03-29 22:41:29,245 -   eval_score = 0.4961
2024-03-29 22:41:51,153 - ***** Epoch: 3: Eval results *****
2024-03-29 22:41:51,153 -   train_loss = 1.0826
2024-03-29 22:41:51,153 -   best_eval_score = 0.4961
2024-03-29 22:41:51,154 -   eval_score = 0.5794
2024-03-29 22:42:12,473 - ***** Epoch: 4: Eval results *****
2024-03-29 22:42:12,473 -   train_loss = 0.638
2024-03-29 22:42:12,473 -   best_eval_score = 0.5794
2024-03-29 22:42:12,473 -   eval_score = 0.6256
2024-03-29 22:42:34,829 - ***** Epoch: 5: Eval results *****
2024-03-29 22:42:34,829 -   train_loss = 0.3811
2024-03-29 22:42:34,829 -   best_eval_score = 0.6256
2024-03-29 22:42:34,829 -   eval_score = 0.6656
2024-03-29 22:42:56,617 - ***** Epoch: 6: Eval results *****
2024-03-29 22:42:56,617 -   train_loss = 0.2118
2024-03-29 22:42:56,617 -   best_eval_score = 0.6656
2024-03-29 22:42:56,618 -   eval_score = 0.691
2024-03-29 22:43:17,396 - ***** Epoch: 7: Eval results *****
2024-03-29 22:43:17,396 -   train_loss = 0.1258
2024-03-29 22:43:17,396 -   best_eval_score = 0.691
2024-03-29 22:43:17,397 -   eval_score = 0.7001
2024-03-29 22:43:39,091 - ***** Epoch: 8: Eval results *****
2024-03-29 22:43:39,091 -   train_loss = 0.0734
2024-03-29 22:43:39,091 -   best_eval_score = 0.7001
2024-03-29 22:43:39,091 -   eval_score = 0.721
2024-03-29 22:44:01,369 - ***** Epoch: 9: Eval results *****
2024-03-29 22:44:01,369 -   train_loss = 0.0588
2024-03-29 22:44:01,369 -   best_eval_score = 0.721
2024-03-29 22:44:01,369 -   eval_score = 0.7186
2024-03-29 22:44:01,369 - EarlyStopping counter: 1 out of 8
2024-03-29 22:44:22,196 - ***** Epoch: 10: Eval results *****
2024-03-29 22:44:22,196 -   train_loss = 0.0447
2024-03-29 22:44:22,196 -   best_eval_score = 0.721
2024-03-29 22:44:22,196 -   eval_score = 0.71
2024-03-29 22:44:22,196 - EarlyStopping counter: 2 out of 8
2024-03-29 22:44:43,817 - ***** Epoch: 11: Eval results *****
2024-03-29 22:44:43,817 -   train_loss = 0.0364
2024-03-29 22:44:43,817 -   best_eval_score = 0.721
2024-03-29 22:44:43,817 -   eval_score = 0.6961
2024-03-29 22:44:43,817 - EarlyStopping counter: 3 out of 8
2024-03-29 22:45:05,649 - ***** Epoch: 12: Eval results *****
2024-03-29 22:45:05,649 -   train_loss = 0.029
2024-03-29 22:45:05,650 -   best_eval_score = 0.721
2024-03-29 22:45:05,650 -   eval_score = 0.701
2024-03-29 22:45:05,650 - EarlyStopping counter: 4 out of 8
2024-03-29 22:45:27,039 - ***** Epoch: 13: Eval results *****
2024-03-29 22:45:27,039 -   train_loss = 0.0239
2024-03-29 22:45:27,039 -   best_eval_score = 0.721
2024-03-29 22:45:27,039 -   eval_score = 0.7062
2024-03-29 22:45:27,040 - EarlyStopping counter: 5 out of 8
2024-03-29 22:45:48,030 - ***** Epoch: 14: Eval results *****
2024-03-29 22:45:48,030 -   train_loss = 0.0201
2024-03-29 22:45:48,030 -   best_eval_score = 0.721
2024-03-29 22:45:48,030 -   eval_score = 0.7152
2024-03-29 22:45:48,030 - EarlyStopping counter: 6 out of 8
2024-03-29 22:46:09,388 - ***** Epoch: 15: Eval results *****
2024-03-29 22:46:09,388 -   train_loss = 0.0195
2024-03-29 22:46:09,388 -   best_eval_score = 0.721
2024-03-29 22:46:09,388 -   eval_score = 0.7082
2024-03-29 22:46:09,388 - EarlyStopping counter: 7 out of 8
2024-03-29 22:46:30,015 - ***** Epoch: 16: Eval results *****
2024-03-29 22:46:30,015 -   train_loss = 0.0171
2024-03-29 22:46:30,015 -   best_eval_score = 0.721
2024-03-29 22:46:30,015 -   eval_score = 0.7095
2024-03-29 22:46:30,015 - EarlyStopping counter: 8 out of 8
2024-03-29 22:46:30,015 - EarlyStopping at epoch 16
2024-03-29 22:46:30,018 - Training is finished...
2024-03-29 22:46:30,018 - Testing begins...
2024-03-29 22:46:33,754 - ***** Test: Confusion Matrix *****
2024-03-29 22:46:33,756 - [[39  2  0  0  7  0  2  0  0  1  1  0  4  1  0  0  0  0  0  0]
 [ 0 34  0  1  0  3  1  0  0  0  1  0  2  1  0  0  0  0  0  0]
 [ 1  0 26  0  0  0  0  0  0  0  0  0  0  0  0  0  0  0  0  0]
 [ 0  0  0 25  0  0  0  0  0  0  0  0  0  0  0  0  0  0  0  0]
 [ 5  0  0  0 11  0  2  0  0  0  0  1  2  1  0  0  0  1  0  0]
 [ 0  0  0  0  0 12  0  0  0  0  0  0  0  0  0  0  0  0  0  0]
 [ 1  1  0  0  3  0  2  0  3  0  0  0  1  0  0  0  1  0  0  0]
 [ 3  1  0  0  0  0  0  5  0  1  0  0  0  0  0  0  0  0  0  0]
 [ 1  0  0  0  0  0  2  3  2  0  0  0  0  1  0  1  0  0  0  0]
 [ 1  0  0  0  1  0  0  0  0  4  0  0  0  0  0  2  0  1  0  1]
 [ 1  0  0  0  0  0  1  0  0  2 13  0  0  0  1  0  0  0  0  0]
 [ 0  0  0  0  1  0  1  0  0  0  0 15  0  0  0  0  0  0  1  1]
 [ 3  1  0  0  1  0  0  0  0  0  1  1 41  1  2  2  3  0  0  1]
 [ 0  0  0  0  0  0  2  1  0  0  1  1  1 18  1  0  0  0  0  0]
 [ 0  0  0  0  1  0  0  0  1  0  0  0  0  2 16  0  1  0  0  1]
 [ 0  0  0  0  0  0  0  1  0  0  0  0  4  0  0 15  0  0  0  1]
 [ 0  0  0  0  0  0  0  0  0  0  0  0  3  0  1  0 13  0  0  0]
 [ 0  0  0  0  0  0  0  0  0  1  1  0  2  0  0  0  0 11  0  0]
 [ 0  0  0  0  0  0  0  0  0  0  0  0  2  0  0  1  0  0  9  0]
 [ 1  0  0  0  0  0  0  0  0  0  0  0  1  1  1  0  1  0  0  5]]
2024-03-29 22:46:33,756 - ***** Evaluation results *****
2024-03-29 22:46:33,756 -   acc = 0.7101
2024-03-29 22:46:33,756 -   f1 = 0.6675
2024-03-29 22:46:33,756 -   prec = 0.6736
2024-03-29 22:46:33,756 -   rec = 0.6662
2024-03-29 22:46:33,756 - Testing is finished...
2024-03-29 22:46:33,756 - Multimodal intent recognition is finished...
2024-03-29 22:46:33,756 - Results are saved in results/msz.csv
