2024-03-07 05:24:16,767 - ============================== Params ==============================
2024-03-07 05:24:16,767 - logger_name: msz_MIntRec2_multi-class_seed-1_2024-03-07-05-24-16
2024-03-07 05:24:16,768 - dataset: MIntRec2
2024-03-07 05:24:16,768 - data_mode: multi-class
2024-03-07 05:24:16,768 - method: msz
2024-03-07 05:24:16,768 - text_backbone: bert-base-uncased
2024-03-07 05:24:16,768 - text_backbone_path: /home/sharing/disk1/pretrained_embedding/bert/uncased_L-12_H-768_A-12/
2024-03-07 05:24:16,768 - seed: 1
2024-03-07 05:24:16,768 - num_workers: 8
2024-03-07 05:24:16,768 - gpu_id: 2
2024-03-07 05:24:16,768 - data_path: /home/sharing/disk2/sjh/intentDataset
2024-03-07 05:24:16,768 - train: True
2024-03-07 05:24:16,768 - tune: True
2024-03-07 05:24:16,768 - save_model: False
2024-03-07 05:24:16,768 - save_results: True
2024-03-07 05:24:16,768 - log_path: logs
2024-03-07 05:24:16,768 - cache_path: 
2024-03-07 05:24:16,768 - video_data_path: video_data
2024-03-07 05:24:16,768 - audio_data_path: audio_data
2024-03-07 05:24:16,768 - video_feats_path: video_feats.pkl
2024-03-07 05:24:16,768 - audio_feats_path: audio_feats.pkl
2024-03-07 05:24:16,768 - results_path: results
2024-03-07 05:24:16,768 - output_path: /home/sharing/disk2/sjh/Outputs/MIntRec2
2024-03-07 05:24:16,768 - model_path: models
2024-03-07 05:24:16,768 - config_file_name: msz_MIntRec2
2024-03-07 05:24:16,768 - results_file_name: msz.csv
2024-03-07 05:24:16,768 - padding_mode: zero
2024-03-07 05:24:16,768 - padding_loc: end
2024-03-07 05:24:16,768 - need_aligned: False
2024-03-07 05:24:16,768 - eval_monitor: f1
2024-03-07 05:24:16,768 - train_batch_size: 32
2024-03-07 05:24:16,768 - eval_batch_size: 16
2024-03-07 05:24:16,769 - test_batch_size: 16
2024-03-07 05:24:16,769 - wait_patience: 8
2024-03-07 05:24:16,769 - hidden_dims: 768
2024-03-07 05:24:16,769 - num_attention_heads: 12
2024-03-07 05:24:16,769 - attention_probs_dropout_prob: 0.1
2024-03-07 05:24:16,769 - hidden_dropout_prob: 0.2
2024-03-07 05:24:16,769 - intermediate_size: 768
2024-03-07 05:24:16,769 - num_hidden_layers: 10
2024-03-07 05:24:16,769 - max_position_embeddings: 1024
2024-03-07 05:24:16,769 - position_embedding_type: absolute
2024-03-07 05:24:16,769 - batch_first: True
2024-03-07 05:24:16,769 - dropout: 0.1
2024-03-07 05:24:16,769 - aligned_method: conv1d
2024-03-07 05:24:16,769 - num_train_epochs: 100
2024-03-07 05:24:16,769 - lr: 5e-06
2024-03-07 05:24:16,769 - lr_mode: min
2024-03-07 05:24:16,769 - pred_output_path: /home/sharing/disk2/sjh/Outputs/MIntRec2/msz_MIntRec2_multi-class_seed-1_2024-03-07-05-24-16
2024-03-07 05:24:16,769 - model_output_path: /home/sharing/disk2/sjh/Outputs/MIntRec2/msz_MIntRec2_multi-class_seed-1_2024-03-07-05-24-16/models
2024-03-07 05:24:16,769 - num_labels: 30
2024-03-07 05:24:16,769 - text_feat_dim: 768
2024-03-07 05:24:16,769 - video_feat_dim: 256
2024-03-07 05:24:16,769 - audio_feat_dim: 768
2024-03-07 05:24:16,769 - text_seq_len: 50
2024-03-07 05:24:16,769 - video_seq_len: 180
2024-03-07 05:24:16,769 - audio_seq_len: 400
2024-03-07 05:24:16,769 - device: cuda:2
2024-03-07 05:24:16,769 - ============================== End Params ==============================
2024-03-07 05:24:16,791 - Generate Text Features Begin...
2024-03-07 05:24:18,413 - Generate Text Features Finished...
2024-03-07 05:24:18,432 - Load Video Features Begin...
2024-03-07 05:24:21,046 - Load Video Features Finished...
2024-03-07 05:24:22,878 - Load Audio Features Begin...
