2024-05-08 05:50:31,937 - ============================== Params ==============================
2024-05-08 05:50:31,937 - logger_name: msz_MIntRec_multi-class_seed-1_2024-05-08-05-50-31
2024-05-08 05:50:31,937 - dataset: MIntRec
2024-05-08 05:50:31,937 - data_mode: multi-class
2024-05-08 05:50:31,937 - method: msz
2024-05-08 05:50:31,938 - text_backbone: bert-base-uncased
2024-05-08 05:50:31,938 - text_backbone_path: /home/sharing/disk1/pretrained_embedding/bert/uncased_L-12_H-768_A-12/
2024-05-08 05:50:31,938 - seed: 1
2024-05-08 05:50:31,938 - num_workers: 8
2024-05-08 05:50:31,938 - gpu_id: 3
2024-05-08 05:50:31,938 - data_path: /home/sharing/disk2/sjh/intentDataset
2024-05-08 05:50:31,938 - train: True
2024-05-08 05:50:31,938 - tune: True
2024-05-08 05:50:31,938 - save_model: False
2024-05-08 05:50:31,938 - save_results: True
2024-05-08 05:50:31,938 - log_path: logs
2024-05-08 05:50:31,938 - cache_path: 
2024-05-08 05:50:31,938 - video_data_path: video_data
2024-05-08 05:50:31,938 - audio_data_path: audio_data
2024-05-08 05:50:31,938 - video_feats_path: video_feats.pkl
2024-05-08 05:50:31,938 - audio_feats_path: audio_feats.pkl
2024-05-08 05:50:31,938 - results_path: results
2024-05-08 05:50:31,938 - output_path: /home/sharing/disk2/sjh/Outputs/ablation_MIntRec
2024-05-08 05:50:31,938 - model_path: models
2024-05-08 05:50:31,938 - config_file_name: msz_MIntRec
2024-05-08 05:50:31,938 - results_file_name: ablation_msz.csv
2024-05-08 05:50:31,938 - ablation: no_fatt
2024-05-08 05:50:31,938 - padding_mode: zero
2024-05-08 05:50:31,938 - padding_loc: end
2024-05-08 05:50:31,938 - need_aligned: False
2024-05-08 05:50:31,938 - eval_monitor: f1
2024-05-08 05:50:31,938 - train_batch_size: 16
2024-05-08 05:50:31,938 - eval_batch_size: 8
2024-05-08 05:50:31,938 - test_batch_size: 8
2024-05-08 05:50:31,938 - wait_patience: 8
2024-05-08 05:50:31,938 - hidden_dims: 768
2024-05-08 05:50:31,938 - num_attention_heads: 12
2024-05-08 05:50:31,938 - attention_probs_dropout_prob: 0.2
2024-05-08 05:50:31,938 - hidden_dropout_prob: 0.2
2024-05-08 05:50:31,938 - intermediate_size: 768
2024-05-08 05:50:31,938 - num_hidden_layers: 8
2024-05-08 05:50:31,938 - max_position_embeddings: 768
2024-05-08 05:50:31,938 - position_embedding_type: absolute
2024-05-08 05:50:31,938 - batch_first: True
2024-05-08 05:50:31,938 - dropout: 0.1
2024-05-08 05:50:31,938 - aligned_method: conv1d
2024-05-08 05:50:31,938 - num_train_epochs: 100
2024-05-08 05:50:31,938 - lr: 8e-06
2024-05-08 05:50:31,938 - lr_mode: max
2024-05-08 05:50:31,938 - patience: 8
2024-05-08 05:50:31,939 - factor: 0.1
2024-05-08 05:50:31,939 - pred_output_path: /home/sharing/disk2/sjh/Outputs/ablation_MIntRec/msz_MIntRec_multi-class_seed-1_2024-05-08-05-50-31
2024-05-08 05:50:31,939 - model_output_path: /home/sharing/disk2/sjh/Outputs/ablation_MIntRec/msz_MIntRec_multi-class_seed-1_2024-05-08-05-50-31/models
2024-05-08 05:50:31,939 - ============================== End Params ==============================
2024-05-08 05:50:31,941 - Generate Text Features Begin...
2024-05-08 05:50:32,348 - Generate Text Features Finished...
2024-05-08 05:50:32,348 - Load Video Features Begin...
2024-05-08 05:50:32,639 - Load Video Features Finished...
2024-05-08 05:50:33,131 - Load Audio Features Begin...
2024-05-08 05:50:33,976 - Load Audio Features Finished...
2024-05-08 05:50:37,193 - method  begins...
2024-05-08 05:50:40,168 - Multimodal intent recognition begins...
2024-05-08 05:50:40,168 - Training begins...
2024-05-08 05:51:01,840 - ***** Epoch: 1: Eval results *****
2024-05-08 05:51:01,841 -   train_loss = 2.343
2024-05-08 05:51:01,841 -   best_eval_score = 0.0
2024-05-08 05:51:01,841 -   eval_score = 0.3973
2024-05-08 05:51:21,803 - ***** Epoch: 2: Eval results *****
2024-05-08 05:51:21,803 -   train_loss = 1.2329
2024-05-08 05:51:21,803 -   best_eval_score = 0.3973
2024-05-08 05:51:21,803 -   eval_score = 0.5743
2024-05-08 05:51:41,671 - ***** Epoch: 3: Eval results *****
2024-05-08 05:51:41,671 -   train_loss = 0.7003
2024-05-08 05:51:41,672 -   best_eval_score = 0.5743
2024-05-08 05:51:41,672 -   eval_score = 0.621
2024-05-08 05:52:01,614 - ***** Epoch: 4: Eval results *****
2024-05-08 05:52:01,615 -   train_loss = 0.3957
2024-05-08 05:52:01,615 -   best_eval_score = 0.621
2024-05-08 05:52:01,615 -   eval_score = 0.6601
2024-05-08 05:52:21,626 - ***** Epoch: 5: Eval results *****
2024-05-08 05:52:21,626 -   train_loss = 0.2177
2024-05-08 05:52:21,626 -   best_eval_score = 0.6601
2024-05-08 05:52:21,626 -   eval_score = 0.6696
2024-05-08 05:52:40,928 - ***** Epoch: 6: Eval results *****
2024-05-08 05:52:40,928 -   train_loss = 0.1102
2024-05-08 05:52:40,928 -   best_eval_score = 0.6696
2024-05-08 05:52:40,928 -   eval_score = 0.6729
2024-05-08 05:53:01,164 - ***** Epoch: 7: Eval results *****
2024-05-08 05:53:01,164 -   train_loss = 0.0691
2024-05-08 05:53:01,164 -   best_eval_score = 0.6729
2024-05-08 05:53:01,164 -   eval_score = 0.6761
2024-05-08 05:53:21,237 - ***** Epoch: 8: Eval results *****
2024-05-08 05:53:21,237 -   train_loss = 0.0453
2024-05-08 05:53:21,237 -   best_eval_score = 0.6761
2024-05-08 05:53:21,237 -   eval_score = 0.6747
2024-05-08 05:53:21,237 - EarlyStopping counter: 1 out of 8
2024-05-08 05:53:41,844 - ***** Epoch: 9: Eval results *****
2024-05-08 05:53:41,844 -   train_loss = 0.0278
2024-05-08 05:53:41,844 -   best_eval_score = 0.6761
2024-05-08 05:53:41,844 -   eval_score = 0.6772
2024-05-08 05:54:01,715 - ***** Epoch: 10: Eval results *****
2024-05-08 05:54:01,715 -   train_loss = 0.0211
2024-05-08 05:54:01,715 -   best_eval_score = 0.6772
2024-05-08 05:54:01,715 -   eval_score = 0.6836
2024-05-08 05:54:21,720 - ***** Epoch: 11: Eval results *****
2024-05-08 05:54:21,720 -   train_loss = 0.0156
2024-05-08 05:54:21,720 -   best_eval_score = 0.6836
2024-05-08 05:54:21,720 -   eval_score = 0.6912
2024-05-08 05:54:42,392 - ***** Epoch: 12: Eval results *****
2024-05-08 05:54:42,392 -   train_loss = 0.0152
2024-05-08 05:54:42,392 -   best_eval_score = 0.6912
2024-05-08 05:54:42,392 -   eval_score = 0.6823
2024-05-08 05:54:42,392 - EarlyStopping counter: 1 out of 8
2024-05-08 05:55:02,197 - ***** Epoch: 13: Eval results *****
2024-05-08 05:55:02,198 -   train_loss = 0.0134
2024-05-08 05:55:02,198 -   best_eval_score = 0.6912
2024-05-08 05:55:02,198 -   eval_score = 0.6845
2024-05-08 05:55:02,198 - EarlyStopping counter: 2 out of 8
2024-05-08 05:55:22,078 - ***** Epoch: 14: Eval results *****
2024-05-08 05:55:22,078 -   train_loss = 0.0133
2024-05-08 05:55:22,079 -   best_eval_score = 0.6912
2024-05-08 05:55:22,079 -   eval_score = 0.6856
2024-05-08 05:55:22,079 - EarlyStopping counter: 3 out of 8
2024-05-08 05:55:42,408 - ***** Epoch: 15: Eval results *****
2024-05-08 05:55:42,409 -   train_loss = 0.0127
2024-05-08 05:55:42,409 -   best_eval_score = 0.6912
2024-05-08 05:55:42,409 -   eval_score = 0.6845
2024-05-08 05:55:42,409 - EarlyStopping counter: 4 out of 8
2024-05-08 05:56:02,067 - ***** Epoch: 16: Eval results *****
2024-05-08 05:56:02,067 -   train_loss = 0.0121
2024-05-08 05:56:02,067 -   best_eval_score = 0.6912
2024-05-08 05:56:02,068 -   eval_score = 0.6826
2024-05-08 05:56:02,068 - EarlyStopping counter: 5 out of 8
2024-05-08 05:56:21,454 - ***** Epoch: 17: Eval results *****
2024-05-08 05:56:21,454 -   train_loss = 0.0123
2024-05-08 05:56:21,455 -   best_eval_score = 0.6912
2024-05-08 05:56:21,455 -   eval_score = 0.6826
2024-05-08 05:56:21,455 - EarlyStopping counter: 6 out of 8
2024-05-08 05:56:41,231 - ***** Epoch: 18: Eval results *****
2024-05-08 05:56:41,231 -   train_loss = 0.0115
2024-05-08 05:56:41,231 -   best_eval_score = 0.6912
2024-05-08 05:56:41,231 -   eval_score = 0.6801
2024-05-08 05:56:41,231 - EarlyStopping counter: 7 out of 8
2024-05-08 05:57:00,962 - ***** Epoch: 19: Eval results *****
2024-05-08 05:57:00,962 -   train_loss = 0.0115
2024-05-08 05:57:00,962 -   best_eval_score = 0.6912
2024-05-08 05:57:00,962 -   eval_score = 0.682
2024-05-08 05:57:00,962 - EarlyStopping counter: 8 out of 8
2024-05-08 05:57:00,962 - EarlyStopping at epoch 19
2024-05-08 05:57:00,965 - Training is finished...
2024-05-08 05:57:00,965 - Testing begins...
2024-05-08 05:57:04,464 - ***** Test: Confusion Matrix *****
2024-05-08 05:57:04,465 - [[38  3  0  0  8  0  1  0  0  1  1  0  4  1  0  0  0  0  0  0]
 [ 0 35  0  1  0  4  0  0  0  0  0  0  2  0  1  0  0  0  0  0]
 [ 1  0 26  0  0  0  0  0  0  0  0  0  0  0  0  0  0  0  0  0]
 [ 0  1  0 24  0  0  0  0  0  0  0  0  0  0  0  0  0  0  0  0]
 [ 6  0  0  0 10  0  1  0  0  0  0  1  2  1  0  0  0  2  0  0]
 [ 0  0  0  0  0 11  0  0  0  0  1  0  0  0  0  0  0  0  0  0]
 [ 1  1  0  0  2  0  3  0  3  0  0  0  1  0  0  0  1  0  0  0]
 [ 3  0  0  0  0  0  0  5  1  1  0  0  0  0  0  0  0  0  0  0]
 [ 1  0  0  0  0  0  0  2  5  0  0  0  0  2  0  0  0  0  0  0]
 [ 1  0  0  0  0  0  1  0  1  4  0  0  0  0  0  2  0  1  0  0]
 [ 0  1  0  0  0  0  1  0  0  2 13  0  0  0  1  0  0  0  0  0]
 [ 0  0  0  0  0  0  1  0  0  0  0 17  0  0  0  0  0  0  0  1]
 [ 4  2  0  0  1  0  0  2  0  0  0  1 38  2  4  2  1  0  0  0]
 [ 0  1  0  0  0  0  2  0  0  0  1  1  0 18  2  0  0  0  0  0]
 [ 0  0  0  0  1  0  0  0  1  0  0  0  0  2 17  0  1  0  0  0]
 [ 0  1  0  0  0  0  0  0  1  0  0  0  4  0  0 14  0  0  0  1]
 [ 0  0  0  0  0  0  0  0  0  0  0  0  2  0  1  0 14  0  0  0]
 [ 0  0  0  0  0  0  0  0  0  1  2  0  1  0  0  0  0 11  0  0]
 [ 0  0  0  0  0  0  0  0  0  0  0  0  2  0  0  1  0  0  9  0]
 [ 0  0  0  0  0  0  0  0  0  0  0  0  1  1  2  0  2  0  0  4]]
2024-05-08 05:57:04,465 - ***** Evaluation results *****
2024-05-08 05:57:04,466 -   acc = 0.7101
2024-05-08 05:57:04,466 -   f1 = 0.6788
2024-05-08 05:57:04,466 -   prec = 0.6886
2024-05-08 05:57:04,466 -   rec = 0.6777
2024-05-08 05:57:04,466 - Testing is finished...
2024-05-08 05:57:04,466 - Multimodal intent recognition is finished...
2024-05-08 05:57:04,466 - Results are saved in results/ablation_msz.csv
