2024-01-09 11:12:33,914 - ============================== Params ==============================
2024-01-09 11:12:33,914 - logger_name: msz_MIntRec_multi-class_seed-1_2024-01-09-11-12-33
2024-01-09 11:12:33,914 - dataset: MIntRec
2024-01-09 11:12:33,914 - data_mode: multi-class
2024-01-09 11:12:33,914 - method: msz
2024-01-09 11:12:33,914 - text_backbone: bert-base-uncased
2024-01-09 11:12:33,914 - text_backbone_path: /home/sharing/disk1/pretrained_embedding/bert/uncased_L-12_H-768_A-12/
2024-01-09 11:12:33,914 - seed: 1
2024-01-09 11:12:33,914 - num_workers: 8
2024-01-09 11:12:33,914 - gpu_id: 1
2024-01-09 11:12:33,914 - data_path: /home/sharing/disk2/sjh/intentDataset
2024-01-09 11:12:33,914 - train: True
2024-01-09 11:12:33,914 - tune: False
2024-01-09 11:12:33,914 - save_model: False
2024-01-09 11:12:33,914 - save_results: True
2024-01-09 11:12:33,914 - log_path: logs
2024-01-09 11:12:33,914 - cache_path: 
2024-01-09 11:12:33,914 - video_data_path: video_data
2024-01-09 11:12:33,914 - audio_data_path: audio_data
2024-01-09 11:12:33,915 - video_feats_path: video_feats.pkl
2024-01-09 11:12:33,915 - audio_feats_path: audio_feats.pkl
2024-01-09 11:12:33,915 - results_path: results
2024-01-09 11:12:33,915 - output_path: /home/sharing/disk2/sjh/Outputs/MIntRec
2024-01-09 11:12:33,915 - model_path: models
2024-01-09 11:12:33,915 - config_file_name: msz
2024-01-09 11:12:33,915 - results_file_name: msz.csv
2024-01-09 11:12:33,915 - padding_mode: zero
2024-01-09 11:12:33,915 - padding_loc: end
2024-01-09 11:12:33,915 - need_aligned: False
2024-01-09 11:12:33,915 - eval_monitor: f1
2024-01-09 11:12:33,915 - train_batch_size: 16
2024-01-09 11:12:33,915 - eval_batch_size: 8
2024-01-09 11:12:33,915 - test_batch_size: 8
2024-01-09 11:12:33,915 - wait_patience: 8
2024-01-09 11:12:33,915 - nheads: 12
2024-01-09 11:12:33,915 - encoder_layers: 6
2024-01-09 11:12:33,915 - attn_dropout: 0.1
2024-01-09 11:12:33,915 - relu_dropout: 0.1
2024-01-09 11:12:33,915 - embed_dropout: 0.1
2024-01-09 11:12:33,915 - res_dropout: 0.1
2024-01-09 11:12:33,915 - attn_mask: False
2024-01-09 11:12:33,915 - hidden_size: 768
2024-01-09 11:12:33,915 - num_attention_heads: 12
2024-01-09 11:12:33,915 - attention_probs_dropout_prob: 0.1
2024-01-09 11:12:33,915 - hidden_dropout_prob: 0.1
2024-01-09 11:12:33,915 - intermediate_size: 768
2024-01-09 11:12:33,915 - num_hidden_layers: 6
2024-01-09 11:12:33,915 - max_position_embeddings: 768
2024-01-09 11:12:33,915 - position_embedding_type: absolute
2024-01-09 11:12:33,915 - batch_first: True
2024-01-09 11:12:33,915 - hidden_dims: 768
2024-01-09 11:12:33,915 - att_dropouts: [0.2, 0.2, 0.2]
2024-01-09 11:12:33,915 - spe_dropouts: [0.2, 0.1, 0.1]
2024-01-09 11:12:33,915 - aligned_method: conv1d
2024-01-09 11:12:33,916 - grad_clip: 3
2024-01-09 11:12:33,916 - num_train_epochs: 100
2024-01-09 11:12:33,916 - warmup_proportion: 0.1
2024-01-09 11:12:33,916 - lr: 5e-06
2024-01-09 11:12:33,916 - weight_decay: 0.01
2024-01-09 11:12:33,916 - pred_output_path: /home/sharing/disk2/sjh/Outputs/MIntRec/msz_MIntRec_multi-class_seed-1_2024-01-09-11-12-33
2024-01-09 11:12:33,916 - model_output_path: /home/sharing/disk2/sjh/Outputs/MIntRec/msz_MIntRec_multi-class_seed-1_2024-01-09-11-12-33/models
2024-01-09 11:12:33,916 - ============================== End Params ==============================
2024-01-09 11:12:33,964 - Generate Text Features Begin...
2024-01-09 11:12:34,486 - Generate Text Features Finished...
2024-01-09 11:12:34,488 - Load Video Features Begin...
2024-01-09 11:12:35,330 - Load Video Features Finished...
2024-01-09 11:12:36,009 - Load Audio Features Begin...
2024-01-09 11:12:41,194 - Load Audio Features Finished...
2024-01-09 11:12:45,742 - method  begins...
2024-01-09 11:12:53,062 - Multimodal intent recognition begins...
2024-01-09 11:12:53,062 - Training begins...
2024-01-09 11:13:59,014 - ***** Epoch: 1: Eval results *****
2024-01-09 11:13:59,023 -   train_loss = 2.9719
2024-01-09 11:13:59,023 -   best_eval_score = 0.0
2024-01-09 11:13:59,024 -   eval_score = 0.0114
2024-01-09 11:15:01,214 - ***** Epoch: 2: Eval results *****
2024-01-09 11:15:01,214 -   train_loss = 2.8773
2024-01-09 11:15:01,214 -   best_eval_score = 0.0114
2024-01-09 11:15:01,214 -   eval_score = 0.0382
2024-01-09 11:16:02,713 - ***** Epoch: 3: Eval results *****
2024-01-09 11:16:02,714 -   train_loss = 2.704
2024-01-09 11:16:02,714 -   best_eval_score = 0.0382
2024-01-09 11:16:02,714 -   eval_score = 0.1558
2024-01-09 11:17:05,132 - ***** Epoch: 4: Eval results *****
2024-01-09 11:17:05,132 -   train_loss = 2.2569
2024-01-09 11:17:05,132 -   best_eval_score = 0.1558
2024-01-09 11:17:05,132 -   eval_score = 0.2219
2024-01-09 11:18:06,966 - ***** Epoch: 5: Eval results *****
2024-01-09 11:18:06,967 -   train_loss = 1.6788
2024-01-09 11:18:06,967 -   best_eval_score = 0.2219
2024-01-09 11:18:06,967 -   eval_score = 0.4174
2024-01-09 11:19:07,759 - ***** Epoch: 6: Eval results *****
2024-01-09 11:19:07,759 -   train_loss = 1.1658
2024-01-09 11:19:07,759 -   best_eval_score = 0.4174
2024-01-09 11:19:07,759 -   eval_score = 0.5069
2024-01-09 11:20:09,570 - ***** Epoch: 7: Eval results *****
2024-01-09 11:20:09,575 -   train_loss = 0.7823
2024-01-09 11:20:09,577 -   best_eval_score = 0.5069
2024-01-09 11:20:09,578 -   eval_score = 0.5795
2024-01-09 11:21:13,052 - ***** Epoch: 8: Eval results *****
2024-01-09 11:21:13,053 -   train_loss = 0.515
2024-01-09 11:21:13,053 -   best_eval_score = 0.5795
2024-01-09 11:21:13,053 -   eval_score = 0.5978
2024-01-09 11:22:14,091 - ***** Epoch: 9: Eval results *****
2024-01-09 11:22:14,092 -   train_loss = 0.3408
2024-01-09 11:22:14,092 -   best_eval_score = 0.5978
2024-01-09 11:22:14,092 -   eval_score = 0.5947
2024-01-09 11:22:14,092 - EarlyStopping counter: 1 out of 8
2024-01-09 11:23:16,615 - ***** Epoch: 10: Eval results *****
2024-01-09 11:23:16,615 -   train_loss = 0.2154
2024-01-09 11:23:16,615 -   best_eval_score = 0.5978
2024-01-09 11:23:16,615 -   eval_score = 0.6177
2024-01-09 11:24:19,333 - ***** Epoch: 11: Eval results *****
2024-01-09 11:24:19,333 -   train_loss = 0.1536
2024-01-09 11:24:19,333 -   best_eval_score = 0.6177
2024-01-09 11:24:19,333 -   eval_score = 0.6514
2024-01-09 11:25:20,066 - ***** Epoch: 12: Eval results *****
2024-01-09 11:25:20,066 -   train_loss = 0.1021
2024-01-09 11:25:20,067 -   best_eval_score = 0.6514
2024-01-09 11:25:20,067 -   eval_score = 0.6415
2024-01-09 11:25:20,067 - EarlyStopping counter: 1 out of 8
2024-01-09 11:26:23,011 - ***** Epoch: 13: Eval results *****
2024-01-09 11:26:23,012 -   train_loss = 0.0809
2024-01-09 11:26:23,012 -   best_eval_score = 0.6514
2024-01-09 11:26:23,012 -   eval_score = 0.6572
2024-01-09 11:27:26,341 - ***** Epoch: 14: Eval results *****
2024-01-09 11:27:26,341 -   train_loss = 0.0461
2024-01-09 11:27:26,341 -   best_eval_score = 0.6572
2024-01-09 11:27:26,341 -   eval_score = 0.6593
2024-01-09 11:28:27,437 - ***** Epoch: 15: Eval results *****
2024-01-09 11:28:27,438 -   train_loss = 0.0285
2024-01-09 11:28:27,438 -   best_eval_score = 0.6593
2024-01-09 11:28:27,438 -   eval_score = 0.6622
2024-01-09 11:29:29,704 - ***** Epoch: 16: Eval results *****
2024-01-09 11:29:29,704 -   train_loss = 0.023
2024-01-09 11:29:29,704 -   best_eval_score = 0.6622
2024-01-09 11:29:29,704 -   eval_score = 0.687
2024-01-09 11:30:33,526 - ***** Epoch: 17: Eval results *****
2024-01-09 11:30:33,527 -   train_loss = 0.0252
2024-01-09 11:30:33,527 -   best_eval_score = 0.687
2024-01-09 11:30:33,527 -   eval_score = 0.6626
2024-01-09 11:30:33,527 - EarlyStopping counter: 1 out of 8
2024-01-09 11:31:35,930 - ***** Epoch: 18: Eval results *****
2024-01-09 11:31:35,931 -   train_loss = 0.0151
2024-01-09 11:31:35,931 -   best_eval_score = 0.687
2024-01-09 11:31:35,931 -   eval_score = 0.6656
2024-01-09 11:31:35,931 - EarlyStopping counter: 2 out of 8
2024-01-09 11:32:40,584 - ***** Epoch: 19: Eval results *****
2024-01-09 11:32:40,584 -   train_loss = 0.0077
2024-01-09 11:32:40,584 -   best_eval_score = 0.687
2024-01-09 11:32:40,584 -   eval_score = 0.6539
2024-01-09 11:32:40,584 - EarlyStopping counter: 3 out of 8
2024-01-09 11:33:45,156 - ***** Epoch: 20: Eval results *****
2024-01-09 11:33:45,157 -   train_loss = 0.0073
2024-01-09 11:33:45,157 -   best_eval_score = 0.687
2024-01-09 11:33:45,157 -   eval_score = 0.6569
2024-01-09 11:33:45,157 - EarlyStopping counter: 4 out of 8
2024-01-09 11:34:47,939 - ***** Epoch: 21: Eval results *****
2024-01-09 11:34:47,939 -   train_loss = 0.006
2024-01-09 11:34:47,940 -   best_eval_score = 0.687
2024-01-09 11:34:47,940 -   eval_score = 0.6528
2024-01-09 11:34:47,940 - EarlyStopping counter: 5 out of 8
2024-01-09 11:35:52,591 - ***** Epoch: 22: Eval results *****
2024-01-09 11:35:52,591 -   train_loss = 0.006
2024-01-09 11:35:52,592 -   best_eval_score = 0.687
2024-01-09 11:35:52,592 -   eval_score = 0.6469
2024-01-09 11:35:52,592 - EarlyStopping counter: 6 out of 8
2024-01-09 11:36:56,741 - ***** Epoch: 23: Eval results *****
2024-01-09 11:36:56,741 -   train_loss = 0.0049
2024-01-09 11:36:56,741 -   best_eval_score = 0.687
2024-01-09 11:36:56,741 -   eval_score = 0.6343
2024-01-09 11:36:56,741 - EarlyStopping counter: 7 out of 8
2024-01-09 11:37:59,546 - ***** Epoch: 24: Eval results *****
2024-01-09 11:37:59,546 -   train_loss = 0.0035
2024-01-09 11:37:59,546 -   best_eval_score = 0.687
2024-01-09 11:37:59,547 -   eval_score = 0.6658
2024-01-09 11:37:59,547 - EarlyStopping counter: 8 out of 8
2024-01-09 11:37:59,547 - EarlyStopping at epoch 24
2024-01-09 11:37:59,555 - Training is finished...
2024-01-09 11:37:59,556 - Testing begins...
2024-01-09 11:38:06,282 - ***** Test: Confusion Matrix *****
2024-01-09 11:38:06,283 - [[34  2  0  0  9  0  2  1  0  2  1  0  4  2  0  0  0  0  0  0]
 [ 0 34  0  2  0  2  1  0  0  0  1  0  2  1  0  0  0  0  0  0]
 [ 1  0 25  0  0  0  1  0  0  0  0  0  0  0  0  0  0  0  0  0]
 [ 0  0  1 24  0  0  0  0  0  0  0  0  0  0  0  0  0  0  0  0]
 [ 3  0  1  0 13  0  3  0  0  0  0  1  1  1  0  0  0  0  0  0]
 [ 0  0  0  0  0 11  0  0  0  0  1  0  0  0  0  0  0  0  0  0]
 [ 1  0  0  0  3  1  2  0  2  0  0  0  1  0  0  1  0  0  0  1]
 [ 2  0  0  0  0  1  1  4  0  0  1  0  0  0  0  1  0  0  0  0]
 [ 1  0  0  0  0  0  2  1  2  0  0  0  0  2  0  2  0  0  0  0]
 [ 1  0  0  0  0  0  1  0  0  3  1  0  0  0  0  3  0  1  0  0]
 [ 0  0  0  0  0  1  1  1  0  1 13  0  0  0  1  0  0  0  0  0]
 [ 0  0  0  0  0  0  1  0  0  0  0 17  0  0  0  0  0  0  0  1]
 [ 4  3  0  0  1  0  0  0  0  0  0  2 32  3  5  3  2  0  1  1]
 [ 0  0  0  0  0  0  2  0  0  0  2  1  0 20  0  0  0  0  0  0]
 [ 0  0  0  0  0  0  0  0  1  0  0  0  1  4 13  0  2  0  0  1]
 [ 0  0  0  0  0  0  0  1  2  0  0  0  5  0  0 12  0  0  0  1]
 [ 0  0  0  0  0  0  0  0  0  0  0  0  2  0  2  1 12  0  0  0]
 [ 0  0  0  0  0  0  0  0  0  1  0  0  1  1  0  0  0 12  0  0]
 [ 0  0  0  0  0  0  0  0  0  0  0  1  1  0  0  1  0  0  9  0]
 [ 0  0  0  0  0  0  0  0  0  0  0  0  0  1  1  0  1  0  1  6]]
2024-01-09 11:38:06,283 - ***** Evaluation results *****
2024-01-09 11:38:06,284 -   acc = 0.6697
2024-01-09 11:38:06,284 -   f1 = 0.6328
2024-01-09 11:38:06,284 -   prec = 0.6341
2024-01-09 11:38:06,284 -   rec = 0.6409
2024-01-09 11:38:06,284 - Testing is finished...
2024-01-09 11:38:06,284 - Multimodal intent recognition is finished...
2024-01-09 11:38:06,284 - Results are saved in results/msz.csv
