2024-05-08 11:58:12,396 - ============================== Params ==============================
2024-05-08 11:58:12,396 - logger_name: msz_MIntRec_multi-class_seed-1_2024-05-08-11-58-12
2024-05-08 11:58:12,396 - dataset: MIntRec
2024-05-08 11:58:12,397 - data_mode: multi-class
2024-05-08 11:58:12,397 - method: msz
2024-05-08 11:58:12,397 - text_backbone: bert-base-uncased
2024-05-08 11:58:12,397 - text_backbone_path: /home/sharing/disk1/pretrained_embedding/bert/uncased_L-12_H-768_A-12/
2024-05-08 11:58:12,397 - seed: 1
2024-05-08 11:58:12,397 - num_workers: 8
2024-05-08 11:58:12,397 - gpu_id: 1
2024-05-08 11:58:12,397 - data_path: /home/sharing/disk2/sjh/intentDataset
2024-05-08 11:58:12,397 - train: True
2024-05-08 11:58:12,397 - tune: True
2024-05-08 11:58:12,397 - save_model: False
2024-05-08 11:58:12,397 - save_results: True
2024-05-08 11:58:12,397 - log_path: logs
2024-05-08 11:58:12,397 - cache_path: 
2024-05-08 11:58:12,397 - video_data_path: video_data
2024-05-08 11:58:12,397 - audio_data_path: audio_data
2024-05-08 11:58:12,397 - video_feats_path: video_feats.pkl
2024-05-08 11:58:12,397 - audio_feats_path: audio_feats.pkl
2024-05-08 11:58:12,397 - results_path: results
2024-05-08 11:58:12,397 - output_path: /home/sharing/disk2/sjh/Outputs/ablation_MIntRec
2024-05-08 11:58:12,398 - model_path: models
2024-05-08 11:58:12,398 - config_file_name: msz_MIntRec
2024-05-08 11:58:12,398 - results_file_name: ablation_msz.csv
2024-05-08 11:58:12,398 - ablation: no_audio
2024-05-08 11:58:12,398 - padding_mode: zero
2024-05-08 11:58:12,398 - padding_loc: end
2024-05-08 11:58:12,398 - need_aligned: False
2024-05-08 11:58:12,398 - eval_monitor: f1
2024-05-08 11:58:12,398 - train_batch_size: 16
2024-05-08 11:58:12,398 - eval_batch_size: 8
2024-05-08 11:58:12,398 - test_batch_size: 8
2024-05-08 11:58:12,398 - wait_patience: 8
2024-05-08 11:58:12,398 - hidden_dims: 768
2024-05-08 11:58:12,398 - num_attention_heads: 12
2024-05-08 11:58:12,398 - attention_probs_dropout_prob: 0.2
2024-05-08 11:58:12,398 - hidden_dropout_prob: 0.2
2024-05-08 11:58:12,398 - intermediate_size: 768
2024-05-08 11:58:12,398 - num_hidden_layers: 8
2024-05-08 11:58:12,398 - max_position_embeddings: 768
2024-05-08 11:58:12,398 - position_embedding_type: absolute
2024-05-08 11:58:12,398 - batch_first: True
2024-05-08 11:58:12,398 - dropout: 0.1
2024-05-08 11:58:12,399 - aligned_method: conv1d
2024-05-08 11:58:12,399 - num_train_epochs: 100
2024-05-08 11:58:12,399 - lr: 8e-06
2024-05-08 11:58:12,399 - lr_mode: max
2024-05-08 11:58:12,399 - patience: 8
2024-05-08 11:58:12,399 - factor: 0.1
2024-05-08 11:58:12,399 - pred_output_path: /home/sharing/disk2/sjh/Outputs/ablation_MIntRec/msz_MIntRec_multi-class_seed-1_2024-05-08-11-58-12
2024-05-08 11:58:12,399 - model_output_path: /home/sharing/disk2/sjh/Outputs/ablation_MIntRec/msz_MIntRec_multi-class_seed-1_2024-05-08-11-58-12/models
2024-05-08 11:58:12,399 - num_labels: 20
2024-05-08 11:58:12,399 - text_feat_dim: 768
2024-05-08 11:58:12,399 - video_feat_dim: 256
2024-05-08 11:58:12,399 - audio_feat_dim: 768
2024-05-08 11:58:12,399 - text_seq_len: 30
2024-05-08 11:58:12,399 - video_seq_len: 230
2024-05-08 11:58:12,399 - audio_seq_len: 480
2024-05-08 11:58:12,399 - device: cuda:1
2024-05-08 11:58:12,399 - ============================== End Params ==============================
2024-05-08 11:58:12,404 - Generate Text Features Begin...
2024-05-08 11:58:12,928 - Generate Text Features Finished...
2024-05-08 11:58:12,929 - Load Video Features Begin...
2024-05-08 11:58:13,196 - Load Video Features Finished...
2024-05-08 11:58:13,629 - Load Audio Features Begin...
2024-05-08 11:58:14,351 - Load Audio Features Finished...
2024-05-08 11:58:16,457 - method  begins...
2024-05-08 11:58:18,158 - Multimodal intent recognition begins...
2024-05-08 11:58:18,158 - Training begins...
2024-05-08 11:58:37,533 - ***** Epoch: 1: Eval results *****
2024-05-08 11:58:37,533 -   train_loss = 2.5215
2024-05-08 11:58:37,533 -   best_eval_score = 0.0
2024-05-08 11:58:37,533 -   eval_score = 0.2515
2024-05-08 11:58:56,812 - ***** Epoch: 2: Eval results *****
2024-05-08 11:58:56,813 -   train_loss = 1.4769
2024-05-08 11:58:56,813 -   best_eval_score = 0.2515
2024-05-08 11:58:56,813 -   eval_score = 0.5305
2024-05-08 11:59:16,304 - ***** Epoch: 3: Eval results *****
2024-05-08 11:59:16,304 -   train_loss = 0.8092
2024-05-08 11:59:16,304 -   best_eval_score = 0.5305
2024-05-08 11:59:16,304 -   eval_score = 0.6122
2024-05-08 11:59:36,365 - ***** Epoch: 4: Eval results *****
2024-05-08 11:59:36,366 -   train_loss = 0.4384
2024-05-08 11:59:36,366 -   best_eval_score = 0.6122
2024-05-08 11:59:36,366 -   eval_score = 0.6571
2024-05-08 11:59:56,544 - ***** Epoch: 5: Eval results *****
2024-05-08 11:59:56,544 -   train_loss = 0.2321
2024-05-08 11:59:56,544 -   best_eval_score = 0.6571
2024-05-08 11:59:56,544 -   eval_score = 0.6695
2024-05-08 12:00:16,567 - ***** Epoch: 6: Eval results *****
2024-05-08 12:00:16,567 -   train_loss = 0.1141
2024-05-08 12:00:16,567 -   best_eval_score = 0.6695
2024-05-08 12:00:16,567 -   eval_score = 0.6671
2024-05-08 12:00:16,568 - EarlyStopping counter: 1 out of 8
2024-05-08 12:00:36,242 - ***** Epoch: 7: Eval results *****
2024-05-08 12:00:36,242 -   train_loss = 0.0683
2024-05-08 12:00:36,243 -   best_eval_score = 0.6695
2024-05-08 12:00:36,243 -   eval_score = 0.6625
2024-05-08 12:00:36,243 - EarlyStopping counter: 2 out of 8
2024-05-08 12:00:56,208 - ***** Epoch: 8: Eval results *****
2024-05-08 12:00:56,208 -   train_loss = 0.0466
2024-05-08 12:00:56,208 -   best_eval_score = 0.6695
2024-05-08 12:00:56,208 -   eval_score = 0.6618
2024-05-08 12:00:56,208 - EarlyStopping counter: 3 out of 8
2024-05-08 12:01:15,686 - ***** Epoch: 9: Eval results *****
2024-05-08 12:01:15,686 -   train_loss = 0.0251
2024-05-08 12:01:15,687 -   best_eval_score = 0.6695
2024-05-08 12:01:15,687 -   eval_score = 0.6708
2024-05-08 12:01:35,871 - ***** Epoch: 10: Eval results *****
2024-05-08 12:01:35,871 -   train_loss = 0.0206
2024-05-08 12:01:35,871 -   best_eval_score = 0.6708
2024-05-08 12:01:35,871 -   eval_score = 0.6895
2024-05-08 12:01:55,694 - ***** Epoch: 11: Eval results *****
2024-05-08 12:01:55,694 -   train_loss = 0.0127
2024-05-08 12:01:55,694 -   best_eval_score = 0.6895
2024-05-08 12:01:55,694 -   eval_score = 0.6819
2024-05-08 12:01:55,694 - EarlyStopping counter: 1 out of 8
2024-05-08 12:02:15,547 - ***** Epoch: 12: Eval results *****
2024-05-08 12:02:15,548 -   train_loss = 0.0116
2024-05-08 12:02:15,548 -   best_eval_score = 0.6895
2024-05-08 12:02:15,548 -   eval_score = 0.6793
2024-05-08 12:02:15,548 - EarlyStopping counter: 2 out of 8
2024-05-08 12:02:35,415 - ***** Epoch: 13: Eval results *****
2024-05-08 12:02:35,416 -   train_loss = 0.0109
2024-05-08 12:02:35,416 -   best_eval_score = 0.6895
2024-05-08 12:02:35,416 -   eval_score = 0.6783
2024-05-08 12:02:35,416 - EarlyStopping counter: 3 out of 8
2024-05-08 12:02:55,336 - ***** Epoch: 14: Eval results *****
2024-05-08 12:02:55,337 -   train_loss = 0.0105
2024-05-08 12:02:55,337 -   best_eval_score = 0.6895
2024-05-08 12:02:55,337 -   eval_score = 0.6786
2024-05-08 12:02:55,337 - EarlyStopping counter: 4 out of 8
2024-05-08 12:03:15,423 - ***** Epoch: 15: Eval results *****
2024-05-08 12:03:15,423 -   train_loss = 0.0098
2024-05-08 12:03:15,423 -   best_eval_score = 0.6895
2024-05-08 12:03:15,423 -   eval_score = 0.6761
2024-05-08 12:03:15,423 - EarlyStopping counter: 5 out of 8
2024-05-08 12:03:36,130 - ***** Epoch: 16: Eval results *****
2024-05-08 12:03:36,130 -   train_loss = 0.0097
2024-05-08 12:03:36,130 -   best_eval_score = 0.6895
2024-05-08 12:03:36,130 -   eval_score = 0.6786
2024-05-08 12:03:36,130 - EarlyStopping counter: 6 out of 8
2024-05-08 12:03:55,544 - ***** Epoch: 17: Eval results *****
2024-05-08 12:03:55,544 -   train_loss = 0.0095
2024-05-08 12:03:55,544 -   best_eval_score = 0.6895
2024-05-08 12:03:55,544 -   eval_score = 0.6786
2024-05-08 12:03:55,544 - EarlyStopping counter: 7 out of 8
2024-05-08 12:04:15,177 - ***** Epoch: 18: Eval results *****
2024-05-08 12:04:15,177 -   train_loss = 0.0091
2024-05-08 12:04:15,177 -   best_eval_score = 0.6895
2024-05-08 12:04:15,177 -   eval_score = 0.6753
2024-05-08 12:04:15,177 - EarlyStopping counter: 8 out of 8
2024-05-08 12:04:15,177 - EarlyStopping at epoch 18
2024-05-08 12:04:15,182 - Training is finished...
2024-05-08 12:04:15,183 - Testing begins...
2024-05-08 12:04:18,318 - ***** Test: Confusion Matrix *****
2024-05-08 12:04:18,319 - [[39  2  0  0  6  0  3  0  0  1  1  0  4  1  0  0  0  0  0  0]
 [ 0 34  0  1  0  4  1  0  0  0  0  0  2  1  0  0  0  0  0  0]
 [ 1  0 26  0  0  0  0  0  0  0  0  0  0  0  0  0  0  0  0  0]
 [ 0  1  0 23  0  0  0  0  0  0  0  0  0  1  0  0  0  0  0  0]
 [ 5  0  0  0 10  0  3  0  0  0  0  1  2  1  0  0  0  1  0  0]
 [ 0  0  0  0  0 11  0  0  0  0  1  0  0  0  0  0  0  0  0  0]
 [ 1  1  0  0  2  0  3  0  3  0  0  0  1  0  0  0  1  0  0  0]
 [ 3  0  0  0  0  0  0  5  1  1  0  0  0  0  0  0  0  0  0  0]
 [ 1  0  0  0  0  0  0  2  6  0  0  0  0  1  0  0  0  0  0  0]
 [ 1  0  0  0  0  0  1  0  1  4  0  0  0  0  0  2  0  1  0  0]
 [ 1  0  0  0  0  0  1  0  0  2 13  0  0  0  1  0  0  0  0  0]
 [ 0  0  0  0  0  0  1  0  0  0  0 17  0  0  0  0  0  0  0  1]
 [ 4  1  0  0  1  0  1  2  1  0  0  1 39  1  4  1  1  0  0  0]
 [ 0  1  0  0  0  0  2  0  0  0  1  1  0 19  1  0  0  0  0  0]
 [ 0  0  0  0  1  0  0  0  1  0  0  0  0  2 17  0  1  0  0  0]
 [ 0  1  0  0  0  0  0  0  1  0  0  0  4  1  0 14  0  0  0  0]
 [ 1  0  0  0  0  0  0  0  0  0  0  0  2  0  1  0 13  0  0  0]
 [ 0  0  0  0  0  0  0  0  0  1  2  0  1  0  0  0  0 11  0  0]
 [ 0  0  0  0  0  0  0  0  0  0  0  0  2  0  0  1  0  0  9  0]
 [ 0  0  0  0  0  0  0  0  0  0  0  0  0  1  2  0  2  0  0  5]]
2024-05-08 12:04:18,319 - ***** Evaluation results *****
2024-05-08 12:04:18,319 -   acc = 0.7146
2024-05-08 12:04:18,319 -   f1 = 0.6887
2024-05-08 12:04:18,319 -   prec = 0.7033
2024-05-08 12:04:18,319 -   rec = 0.6854
2024-05-08 12:04:18,319 - Testing is finished...
2024-05-08 12:04:18,319 - Multimodal intent recognition is finished...
2024-05-08 12:04:18,320 - Results are saved in results/ablation_msz.csv
