2024-03-13 13:06:49,399 - ============================== Params ==============================
2024-03-13 13:06:49,400 - logger_name: msz_MIntRec2_multi-class_seed-3_2024-03-13-13-06-49
2024-03-13 13:06:49,400 - dataset: MIntRec2
2024-03-13 13:06:49,400 - data_mode: multi-class
2024-03-13 13:06:49,400 - method: msz
2024-03-13 13:06:49,400 - text_backbone: bert-base-uncased
2024-03-13 13:06:49,400 - text_backbone_path: /home/sharing/disk1/pretrained_embedding/bert/uncased_L-12_H-768_A-12/
2024-03-13 13:06:49,400 - seed: 3
2024-03-13 13:06:49,400 - num_workers: 8
2024-03-13 13:06:49,400 - gpu_id: 3
2024-03-13 13:06:49,400 - data_path: /home/sharing/disk2/sjh/intentDataset
2024-03-13 13:06:49,400 - train: True
2024-03-13 13:06:49,400 - tune: True
2024-03-13 13:06:49,401 - save_model: False
2024-03-13 13:06:49,401 - save_results: True
2024-03-13 13:06:49,401 - log_path: logs
2024-03-13 13:06:49,401 - cache_path: 
2024-03-13 13:06:49,401 - video_data_path: video_data
2024-03-13 13:06:49,401 - audio_data_path: audio_data
2024-03-13 13:06:49,401 - video_feats_path: video_feats.pkl
2024-03-13 13:06:49,401 - audio_feats_path: audio_feats.pkl
2024-03-13 13:06:49,401 - results_path: results
2024-03-13 13:06:49,401 - output_path: /home/sharing/disk2/sjh/Outputs/MIntRec2
2024-03-13 13:06:49,401 - model_path: models
2024-03-13 13:06:49,401 - config_file_name: msz_MIntRec2
2024-03-13 13:06:49,401 - results_file_name: msz.csv
2024-03-13 13:06:49,401 - padding_mode: zero
2024-03-13 13:06:49,401 - padding_loc: end
2024-03-13 13:06:49,401 - need_aligned: False
2024-03-13 13:06:49,401 - eval_monitor: f1
2024-03-13 13:06:49,401 - train_batch_size: 32
2024-03-13 13:06:49,401 - eval_batch_size: 16
2024-03-13 13:06:49,401 - test_batch_size: 16
2024-03-13 13:06:49,401 - wait_patience: 8
2024-03-13 13:06:49,402 - hidden_dims: 768
2024-03-13 13:06:49,402 - num_attention_heads: 6
2024-03-13 13:06:49,402 - attention_probs_dropout_prob: 0.3
2024-03-13 13:06:49,402 - hidden_dropout_prob: 0.6
2024-03-13 13:06:49,402 - intermediate_size: 768
2024-03-13 13:06:49,402 - num_hidden_layers: 6
2024-03-13 13:06:49,402 - max_position_embeddings: 1000
2024-03-13 13:06:49,402 - position_embedding_type: absolute
2024-03-13 13:06:49,402 - batch_first: True
2024-03-13 13:06:49,402 - dropout: 0.2
2024-03-13 13:06:49,402 - aligned_method: conv1d
2024-03-13 13:06:49,402 - num_train_epochs: 100
2024-03-13 13:06:49,402 - lr: 4e-06
2024-03-13 13:06:49,402 - lr_mode: min
2024-03-13 13:06:49,402 - pred_output_path: /home/sharing/disk2/sjh/Outputs/MIntRec2/msz_MIntRec2_multi-class_seed-3_2024-03-13-13-06-49
2024-03-13 13:06:49,402 - model_output_path: /home/sharing/disk2/sjh/Outputs/MIntRec2/msz_MIntRec2_multi-class_seed-3_2024-03-13-13-06-49/models
2024-03-13 13:06:49,402 - ============================== End Params ==============================
2024-03-13 13:06:49,638 - Generate Text Features Begin...
2024-03-13 13:06:51,611 - Generate Text Features Finished...
2024-03-13 13:06:51,635 - Load Video Features Begin...
2024-03-13 13:08:14,847 - Load Video Features Finished...
2024-03-13 13:08:16,917 - Load Audio Features Begin...
