2024-01-04 03:49:07,620 - ============================== Params ==============================
2024-01-04 03:49:07,620 - logger_name: msz_MIntRec_multi-class_seed-1_2024-01-04-03-49-07
2024-01-04 03:49:07,620 - dataset: MIntRec
2024-01-04 03:49:07,620 - data_mode: multi-class
2024-01-04 03:49:07,620 - method: msz
2024-01-04 03:49:07,620 - text_backbone: bert-base-uncased
2024-01-04 03:49:07,620 - text_backbone_path: /home/sharing/disk1/pretrained_embedding/bert/uncased_L-12_H-768_A-12/
2024-01-04 03:49:07,620 - seed: 1
2024-01-04 03:49:07,620 - num_workers: 8
2024-01-04 03:49:07,620 - gpu_id: 1
2024-01-04 03:49:07,620 - data_path: /home/sharing/disk2/sjh/intentDataset
2024-01-04 03:49:07,620 - train: True
2024-01-04 03:49:07,620 - tune: False
2024-01-04 03:49:07,620 - save_model: False
2024-01-04 03:49:07,620 - save_results: True
2024-01-04 03:49:07,620 - log_path: logs
2024-01-04 03:49:07,620 - cache_path: 
2024-01-04 03:49:07,620 - video_data_path: video_data
2024-01-04 03:49:07,620 - audio_data_path: audio_data
2024-01-04 03:49:07,620 - video_feats_path: video_feats.pkl
2024-01-04 03:49:07,620 - audio_feats_path: audio_feats.pkl
2024-01-04 03:49:07,620 - results_path: results
2024-01-04 03:49:07,620 - output_path: /home/sujianhua/Outputs/MIntRec
2024-01-04 03:49:07,620 - model_path: models
2024-01-04 03:49:07,620 - config_file_name: msz
2024-01-04 03:49:07,620 - results_file_name: msz.csv
2024-01-04 03:49:07,620 - padding_mode: zero
2024-01-04 03:49:07,620 - padding_loc: end
2024-01-04 03:49:07,620 - need_aligned: False
2024-01-04 03:49:07,620 - eval_monitor: f1
2024-01-04 03:49:07,620 - train_batch_size: 16
2024-01-04 03:49:07,620 - eval_batch_size: 8
2024-01-04 03:49:07,620 - test_batch_size: 8
2024-01-04 03:49:07,621 - wait_patience: 8
2024-01-04 03:49:07,621 - nheads: 2
2024-01-04 03:49:07,621 - encoder_layers: 2
2024-01-04 03:49:07,621 - attn_dropout: 0.1
2024-01-04 03:49:07,621 - relu_dropout: 0.1
2024-01-04 03:49:07,621 - embed_dropout: 0.1
2024-01-04 03:49:07,621 - res_dropout: 0.1
2024-01-04 03:49:07,621 - attn_mask: False
2024-01-04 03:49:07,621 - hidden_size: 768
2024-01-04 03:49:07,621 - num_attention_heads: 12
2024-01-04 03:49:07,621 - attention_probs_dropout_prob: 0.2
2024-01-04 03:49:07,621 - hidden_dropout_prob: 0.2
2024-01-04 03:49:07,621 - intermediate_size: 768
2024-01-04 03:49:07,621 - num_hidden_layers: 3
2024-01-04 03:49:07,621 - max_position_embeddings: 512
2024-01-04 03:49:07,621 - position_embedding_type: absolute
2024-01-04 03:49:07,621 - batch_first: True
2024-01-04 03:49:07,621 - hidden_dims: 768
2024-01-04 03:49:07,621 - att_dropouts: [0.2, 0.2, 0.2]
2024-01-04 03:49:07,621 - spe_dropouts: [0.1, 0.1, 0.1]
2024-01-04 03:49:07,621 - ta_loss: 0.1
2024-01-04 03:49:07,621 - tv_loss: 0.1
2024-01-04 03:49:07,621 - av_loss: 0.1
2024-01-04 03:49:07,621 - aligned_method: conv1d
2024-01-04 03:49:07,621 - grad_clip: -1
2024-01-04 03:49:07,621 - num_train_epochs: 100
2024-01-04 03:49:07,621 - warmup_proportion: 0.1
2024-01-04 03:49:07,621 - lr: 1e-06
2024-01-04 03:49:07,621 - weight_decay: 0.01
2024-01-04 03:49:07,621 - pred_output_path: /home/sujianhua/Outputs/MIntRec/msz_MIntRec_multi-class_seed-1_2024-01-04-03-49-07
2024-01-04 03:49:07,621 - model_output_path: /home/sujianhua/Outputs/MIntRec/msz_MIntRec_multi-class_seed-1_2024-01-04-03-49-07/models
2024-01-04 03:49:07,621 - ============================== End Params ==============================
2024-01-04 03:49:07,624 - Generate Text Features Begin...
2024-01-04 03:49:08,806 - Generate Text Features Finished...
2024-01-04 03:49:08,806 - Load Video Features Begin...
2024-01-04 03:49:09,124 - Load Video Features Finished...
2024-01-04 03:49:09,710 - Load Audio Features Begin...
2024-01-04 03:51:40,998 - Load Audio Features Finished...
2024-01-04 03:51:44,619 - method  begins...
2024-01-04 03:51:48,498 - Multimodal intent recognition begins...
2024-01-04 03:51:48,498 - Training begins...
