2024-03-09 23:33:57,501 - ============================== Params ==============================
2024-03-09 23:33:57,501 - logger_name: msz_MIntRec_multi-class_seed-1_2024-03-09-23-33-57
2024-03-09 23:33:57,501 - dataset: MIntRec
2024-03-09 23:33:57,501 - data_mode: multi-class
2024-03-09 23:33:57,501 - method: msz
2024-03-09 23:33:57,501 - text_backbone: bert-base-uncased
2024-03-09 23:33:57,501 - text_backbone_path: /home/sharing/disk1/pretrained_embedding/bert/uncased_L-12_H-768_A-12/
2024-03-09 23:33:57,501 - seed: 1
2024-03-09 23:33:57,501 - num_workers: 8
2024-03-09 23:33:57,501 - gpu_id: 2
2024-03-09 23:33:57,501 - data_path: /home/sharing/disk2/sjh/intentDataset
2024-03-09 23:33:57,501 - train: True
2024-03-09 23:33:57,501 - tune: True
2024-03-09 23:33:57,502 - save_model: False
2024-03-09 23:33:57,502 - save_results: True
2024-03-09 23:33:57,502 - log_path: logs
2024-03-09 23:33:57,502 - cache_path: 
2024-03-09 23:33:57,502 - video_data_path: video_data
2024-03-09 23:33:57,502 - audio_data_path: audio_data
2024-03-09 23:33:57,502 - video_feats_path: video_feats.pkl
2024-03-09 23:33:57,502 - audio_feats_path: audio_feats.pkl
2024-03-09 23:33:57,502 - results_path: results
2024-03-09 23:33:57,502 - output_path: /home/sharing/disk2/sjh/Outputs/MIntRec
2024-03-09 23:33:57,502 - model_path: models
2024-03-09 23:33:57,502 - config_file_name: msz_MIntRec
2024-03-09 23:33:57,502 - results_file_name: msz.csv
2024-03-09 23:33:57,502 - padding_mode: zero
2024-03-09 23:33:57,502 - padding_loc: end
2024-03-09 23:33:57,502 - need_aligned: False
2024-03-09 23:33:57,502 - eval_monitor: f1
2024-03-09 23:33:57,502 - train_batch_size: 16
2024-03-09 23:33:57,502 - eval_batch_size: 8
2024-03-09 23:33:57,502 - test_batch_size: 8
2024-03-09 23:33:57,502 - wait_patience: 8
2024-03-09 23:33:57,502 - hidden_dims: 768
2024-03-09 23:33:57,502 - intermediate_size: 768
2024-03-09 23:33:57,502 - position_embedding_type: absolute
2024-03-09 23:33:57,502 - batch_first: True
2024-03-09 23:33:57,502 - d_num_attention_heads: 8
2024-03-09 23:33:57,502 - d_attention_probs_dropout_prob: 0.2
2024-03-09 23:33:57,502 - d_hidden_dropout_prob: 0.2
2024-03-09 23:33:57,502 - d_num_hidden_layers: 10
2024-03-09 23:33:57,502 - d_max_position_embeddings: 768
2024-03-09 23:33:57,502 - m_num_attention_heads: 12
2024-03-09 23:33:57,502 - m_attention_probs_dropout_prob: 0.2
2024-03-09 23:33:57,502 - m_hidden_dropout_prob: 0.3
2024-03-09 23:33:57,502 - m_num_hidden_layers: 8
2024-03-09 23:33:57,502 - m_max_position_embeddings: 768
2024-03-09 23:33:57,502 - dropout: 0.2
2024-03-09 23:33:57,502 - aligned_method: conv1d
2024-03-09 23:33:57,502 - num_train_epochs: 100
2024-03-09 23:33:57,502 - lr: 8e-06
2024-03-09 23:33:57,502 - lr_mode: min
2024-03-09 23:33:57,503 - pred_output_path: /home/sharing/disk2/sjh/Outputs/MIntRec/msz_MIntRec_multi-class_seed-1_2024-03-09-23-33-57
2024-03-09 23:33:57,503 - model_output_path: /home/sharing/disk2/sjh/Outputs/MIntRec/msz_MIntRec_multi-class_seed-1_2024-03-09-23-33-57/models
2024-03-09 23:33:57,503 - num_labels: 20
2024-03-09 23:33:57,503 - text_feat_dim: 768
2024-03-09 23:33:57,503 - video_feat_dim: 256
2024-03-09 23:33:57,503 - audio_feat_dim: 768
2024-03-09 23:33:57,503 - text_seq_len: 30
2024-03-09 23:33:57,503 - video_seq_len: 230
2024-03-09 23:33:57,503 - audio_seq_len: 480
2024-03-09 23:33:57,503 - device: cuda:2
2024-03-09 23:33:57,503 - ============================== End Params ==============================
2024-03-09 23:33:57,505 - Generate Text Features Begin...
2024-03-09 23:33:57,957 - Generate Text Features Finished...
2024-03-09 23:33:57,957 - Load Video Features Begin...
2024-03-09 23:33:58,253 - Load Video Features Finished...
2024-03-09 23:33:58,745 - Load Audio Features Begin...
2024-03-09 23:33:59,626 - Load Audio Features Finished...
2024-03-09 23:34:01,770 - method  begins...
2024-03-09 23:34:03,670 - Multimodal intent recognition begins...
2024-03-09 23:34:03,670 - Training begins...
2024-03-09 23:34:25,825 - ***** Epoch: 1: Eval results *****
2024-03-09 23:34:25,825 -   train_loss = 2.5747
2024-03-09 23:34:25,825 -   best_eval_score = 0.0
2024-03-09 23:34:25,825 -   eval_score = 0.336
2024-03-09 23:34:48,549 - ***** Epoch: 2: Eval results *****
2024-03-09 23:34:48,549 -   train_loss = 1.4916
2024-03-09 23:34:48,549 -   best_eval_score = 0.336
2024-03-09 23:34:48,549 -   eval_score = 0.5631
2024-03-09 23:35:11,191 - ***** Epoch: 3: Eval results *****
2024-03-09 23:35:11,192 -   train_loss = 0.7897
2024-03-09 23:35:11,192 -   best_eval_score = 0.5631
2024-03-09 23:35:11,192 -   eval_score = 0.6112
2024-03-09 23:35:33,124 - ***** Epoch: 4: Eval results *****
2024-03-09 23:35:33,125 -   train_loss = 0.4295
2024-03-09 23:35:33,125 -   best_eval_score = 0.6112
2024-03-09 23:35:33,125 -   eval_score = 0.6522
2024-03-09 23:35:55,990 - ***** Epoch: 5: Eval results *****
2024-03-09 23:35:55,990 -   train_loss = 0.232
2024-03-09 23:35:55,990 -   best_eval_score = 0.6522
2024-03-09 23:35:55,990 -   eval_score = 0.6528
2024-03-09 23:36:18,530 - ***** Epoch: 6: Eval results *****
2024-03-09 23:36:18,530 -   train_loss = 0.1225
2024-03-09 23:36:18,530 -   best_eval_score = 0.6528
2024-03-09 23:36:18,530 -   eval_score = 0.6756
2024-03-09 23:36:40,616 - ***** Epoch: 7: Eval results *****
2024-03-09 23:36:40,616 -   train_loss = 0.0631
2024-03-09 23:36:40,616 -   best_eval_score = 0.6756
2024-03-09 23:36:40,616 -   eval_score = 0.6743
2024-03-09 23:36:40,616 - EarlyStopping counter: 1 out of 8
2024-03-09 23:37:03,201 - ***** Epoch: 8: Eval results *****
2024-03-09 23:37:03,201 -   train_loss = 0.038
2024-03-09 23:37:03,201 -   best_eval_score = 0.6756
2024-03-09 23:37:03,201 -   eval_score = 0.6926
2024-03-09 23:37:26,097 - ***** Epoch: 9: Eval results *****
2024-03-09 23:37:26,097 -   train_loss = 0.0226
2024-03-09 23:37:26,097 -   best_eval_score = 0.6926
2024-03-09 23:37:26,097 -   eval_score = 0.6936
2024-03-09 23:37:48,637 - ***** Epoch: 10: Eval results *****
2024-03-09 23:37:48,637 -   train_loss = 0.0187
2024-03-09 23:37:48,637 -   best_eval_score = 0.6936
2024-03-09 23:37:48,637 -   eval_score = 0.6842
2024-03-09 23:37:48,637 - EarlyStopping counter: 1 out of 8
2024-03-09 23:38:10,419 - ***** Epoch: 11: Eval results *****
2024-03-09 23:38:10,419 -   train_loss = 0.0123
2024-03-09 23:38:10,419 -   best_eval_score = 0.6936
2024-03-09 23:38:10,419 -   eval_score = 0.6893
2024-03-09 23:38:10,419 - EarlyStopping counter: 2 out of 8
2024-03-09 23:38:33,027 - ***** Epoch: 12: Eval results *****
2024-03-09 23:38:33,029 -   train_loss = 0.0121
2024-03-09 23:38:33,029 -   best_eval_score = 0.6936
2024-03-09 23:38:33,029 -   eval_score = 0.6984
2024-03-09 23:38:55,208 - ***** Epoch: 13: Eval results *****
2024-03-09 23:38:55,208 -   train_loss = 0.0117
2024-03-09 23:38:55,208 -   best_eval_score = 0.6984
2024-03-09 23:38:55,208 -   eval_score = 0.6957
2024-03-09 23:38:55,208 - EarlyStopping counter: 1 out of 8
2024-03-09 23:39:17,364 - ***** Epoch: 14: Eval results *****
2024-03-09 23:39:17,364 -   train_loss = 0.0118
2024-03-09 23:39:17,364 -   best_eval_score = 0.6984
2024-03-09 23:39:17,364 -   eval_score = 0.6937
2024-03-09 23:39:17,364 - EarlyStopping counter: 2 out of 8
2024-03-09 23:39:40,249 - ***** Epoch: 15: Eval results *****
2024-03-09 23:39:40,249 -   train_loss = 0.0126
2024-03-09 23:39:40,249 -   best_eval_score = 0.6984
2024-03-09 23:39:40,249 -   eval_score = 0.6894
2024-03-09 23:39:40,249 - EarlyStopping counter: 3 out of 8
2024-03-09 23:40:02,490 - ***** Epoch: 16: Eval results *****
2024-03-09 23:40:02,490 -   train_loss = 0.011
2024-03-09 23:40:02,490 -   best_eval_score = 0.6984
2024-03-09 23:40:02,490 -   eval_score = 0.6849
2024-03-09 23:40:02,490 - EarlyStopping counter: 4 out of 8
2024-03-09 23:40:24,627 - ***** Epoch: 17: Eval results *****
2024-03-09 23:40:24,628 -   train_loss = 0.0104
2024-03-09 23:40:24,628 -   best_eval_score = 0.6984
2024-03-09 23:40:24,628 -   eval_score = 0.6851
2024-03-09 23:40:24,628 - EarlyStopping counter: 5 out of 8
2024-03-09 23:40:46,949 - ***** Epoch: 18: Eval results *****
2024-03-09 23:40:46,949 -   train_loss = 0.0102
2024-03-09 23:40:46,949 -   best_eval_score = 0.6984
2024-03-09 23:40:46,949 -   eval_score = 0.6856
2024-03-09 23:40:46,949 - EarlyStopping counter: 6 out of 8
2024-03-09 23:41:08,933 - ***** Epoch: 19: Eval results *****
2024-03-09 23:41:08,933 -   train_loss = 0.0094
2024-03-09 23:41:08,933 -   best_eval_score = 0.6984
2024-03-09 23:41:08,933 -   eval_score = 0.6853
2024-03-09 23:41:08,933 - EarlyStopping counter: 7 out of 8
2024-03-09 23:41:31,165 - ***** Epoch: 20: Eval results *****
2024-03-09 23:41:31,165 -   train_loss = 0.0092
2024-03-09 23:41:31,165 -   best_eval_score = 0.6984
2024-03-09 23:41:31,165 -   eval_score = 0.6853
2024-03-09 23:41:31,165 - EarlyStopping counter: 8 out of 8
2024-03-09 23:41:31,165 - EarlyStopping at epoch 20
2024-03-09 23:41:31,168 - Training is finished...
2024-03-09 23:41:31,169 - Testing begins...
2024-03-09 23:41:35,234 - ***** Test: Confusion Matrix *****
2024-03-09 23:41:35,235 - [[38  3  0  0  9  0  0  1  0  1  1  0  3  1  0  0  0  0  0  0]
 [ 0 35  0  1  0  2  0  0  1  0  1  0  2  0  1  0  0  0  0  0]
 [ 1  0 26  0  0  0  0  0  0  0  0  0  0  0  0  0  0  0  0  0]
 [ 0  1  0 24  0  0  0  0  0  0  0  0  0  0  0  0  0  0  0  0]
 [ 6  0  0  0 11  0  1  0  1  0  0  1  1  0  1  0  0  1  0  0]
 [ 0  0  0  0  0 11  0  0  0  0  0  0  1  0  0  0  0  0  0  0]
 [ 1  1  0  0  3  0  3  0  2  0  0  0  1  0  0  0  1  0  0  0]
 [ 3  0  0  0  0  0  0  4  1  2  0  0  0  0  0  0  0  0  0  0]
 [ 1  0  0  0  0  0  0  2  4  0  0  0  0  2  0  1  0  0  0  0]
 [ 1  0  0  0  0  0  1  0  0  4  1  0  0  0  0  2  0  1  0  0]
 [ 1  0  0  0  0  0  0  0  0  2 14  0  0  0  1  0  0  0  0  0]
 [ 0  0  0  0  0  0  1  0  0  0  0 16  0  0  0  0  0  0  1  1]
 [ 4  3  0  0  1  0  0  0  0  0  0  1 41  3  3  0  1  0  0  0]
 [ 0  0  0  0  0  0  2  0  0  0  1  1  0 19  1  1  0  0  0  0]
 [ 0  0  0  0  1  0  0  0  0  0  0  0  0  2 15  0  1  0  0  3]
 [ 0  0  0  0  0  0  0  1  1  0  0  0  3  0  0 15  0  0  0  1]
 [ 0  0  0  0  0  0  0  0  0  0  0  0  2  0  2  0 13  0  0  0]
 [ 0  0  0  0  0  0  0  0  0  1  2  0  2  0  0  0  0 10  0  0]
 [ 0  0  0  0  0  0  0  0  0  0  0  0  2  0  0  1  0  0  9  0]
 [ 0  0  0  0  0  0  0  0  0  0  0  0  0  1  1  0  1  0  0  7]]
2024-03-09 23:41:35,236 - ***** Evaluation results *****
2024-03-09 23:41:35,236 -   acc = 0.7169
2024-03-09 23:41:35,236 -   f1 = 0.6825
2024-03-09 23:41:35,236 -   prec = 0.6886
2024-03-09 23:41:35,236 -   rec = 0.6813
2024-03-09 23:41:35,236 - Testing is finished...
2024-03-09 23:41:35,236 - Multimodal intent recognition is finished...
2024-03-09 23:41:35,236 - Results are saved in results/msz.csv
