2024-03-29 17:47:52,461 - ============================== Params ==============================
2024-03-29 17:47:52,461 - logger_name: msz_MIntRec_multi-class_seed-2_2024-03-29-17-47-52
2024-03-29 17:47:52,461 - dataset: MIntRec
2024-03-29 17:47:52,461 - data_mode: multi-class
2024-03-29 17:47:52,461 - method: msz
2024-03-29 17:47:52,462 - text_backbone: bert-base-uncased
2024-03-29 17:47:52,462 - text_backbone_path: /home/sharing/disk1/pretrained_embedding/bert/uncased_L-12_H-768_A-12/
2024-03-29 17:47:52,462 - seed: 2
2024-03-29 17:47:52,462 - num_workers: 8
2024-03-29 17:47:52,462 - gpu_id: 3
2024-03-29 17:47:52,462 - data_path: /home/sharing/disk2/sjh/intentDataset
2024-03-29 17:47:52,462 - train: True
2024-03-29 17:47:52,462 - tune: True
2024-03-29 17:47:52,462 - save_model: False
2024-03-29 17:47:52,462 - save_results: True
2024-03-29 17:47:52,462 - log_path: logs
2024-03-29 17:47:52,462 - cache_path: 
2024-03-29 17:47:52,462 - video_data_path: video_data
2024-03-29 17:47:52,462 - audio_data_path: audio_data
2024-03-29 17:47:52,462 - video_feats_path: video_feats.pkl
2024-03-29 17:47:52,462 - audio_feats_path: audio_feats.pkl
2024-03-29 17:47:52,462 - results_path: results
2024-03-29 17:47:52,462 - output_path: /home/sharing/disk2/sjh/Outputs/MIntRec
2024-03-29 17:47:52,462 - model_path: models
2024-03-29 17:47:52,462 - config_file_name: msz_MIntRec
2024-03-29 17:47:52,462 - results_file_name: msz.csv
2024-03-29 17:47:52,462 - padding_mode: zero
2024-03-29 17:47:52,462 - padding_loc: end
2024-03-29 17:47:52,462 - need_aligned: False
2024-03-29 17:47:52,462 - eval_monitor: f1
2024-03-29 17:47:52,462 - train_batch_size: 16
2024-03-29 17:47:52,462 - eval_batch_size: 8
2024-03-29 17:47:52,462 - test_batch_size: 8
2024-03-29 17:47:52,462 - wait_patience: 8
2024-03-29 17:47:52,463 - hidden_dims: 768
2024-03-29 17:47:52,463 - num_attention_heads: 8
2024-03-29 17:47:52,463 - attention_probs_dropout_prob: 0.2
2024-03-29 17:47:52,463 - hidden_dropout_prob: 0.4
2024-03-29 17:47:52,463 - intermediate_size: 768
2024-03-29 17:47:52,463 - num_hidden_layers: 8
2024-03-29 17:47:52,463 - max_position_embeddings: 768
2024-03-29 17:47:52,463 - position_embedding_type: absolute
2024-03-29 17:47:52,463 - batch_first: True
2024-03-29 17:47:52,463 - dropout: 0.3
2024-03-29 17:47:52,463 - aligned_method: conv1d
2024-03-29 17:47:52,463 - num_train_epochs: 100
2024-03-29 17:47:52,463 - lr: 8e-06
2024-03-29 17:47:52,463 - lr_mode: max
2024-03-29 17:47:52,463 - patience: 3
2024-03-29 17:47:52,463 - factor: 0.6
2024-03-29 17:47:52,463 - pred_output_path: /home/sharing/disk2/sjh/Outputs/MIntRec/msz_MIntRec_multi-class_seed-2_2024-03-29-17-47-52
2024-03-29 17:47:52,463 - model_output_path: /home/sharing/disk2/sjh/Outputs/MIntRec/msz_MIntRec_multi-class_seed-2_2024-03-29-17-47-52/models
2024-03-29 17:47:52,463 - num_labels: 20
2024-03-29 17:47:52,463 - text_feat_dim: 768
2024-03-29 17:47:52,463 - video_feat_dim: 256
2024-03-29 17:47:52,463 - audio_feat_dim: 768
2024-03-29 17:47:52,463 - text_seq_len: 30
2024-03-29 17:47:52,463 - video_seq_len: 230
2024-03-29 17:47:52,463 - audio_seq_len: 480
2024-03-29 17:47:52,463 - device: cuda:3
2024-03-29 17:47:52,463 - ============================== End Params ==============================
2024-03-29 17:47:52,643 - Generate Text Features Begin...
2024-03-29 17:47:53,357 - Generate Text Features Finished...
2024-03-29 17:47:53,357 - Load Video Features Begin...
2024-03-29 17:48:00,855 - Load Video Features Finished...
2024-03-29 17:48:01,417 - Load Audio Features Begin...
2024-03-29 17:48:30,022 - Load Audio Features Finished...
2024-03-29 17:48:33,735 - method  begins...
2024-03-29 17:48:43,194 - Multimodal intent recognition begins...
2024-03-29 17:48:43,194 - Training begins...
2024-03-29 17:49:04,736 - ***** Epoch: 1: Eval results *****
2024-03-29 17:49:04,736 -   train_loss = 2.6171
2024-03-29 17:49:04,736 -   best_eval_score = 0.0
2024-03-29 17:49:04,736 -   eval_score = 0.185
2024-03-29 17:49:25,882 - ***** Epoch: 2: Eval results *****
2024-03-29 17:49:25,882 -   train_loss = 1.6351
2024-03-29 17:49:25,882 -   best_eval_score = 0.185
2024-03-29 17:49:25,882 -   eval_score = 0.5257
2024-03-29 17:49:46,231 - ***** Epoch: 3: Eval results *****
2024-03-29 17:49:46,231 -   train_loss = 0.9231
2024-03-29 17:49:46,231 -   best_eval_score = 0.5257
2024-03-29 17:49:46,231 -   eval_score = 0.6285
2024-03-29 17:50:07,572 - ***** Epoch: 4: Eval results *****
2024-03-29 17:50:07,572 -   train_loss = 0.4957
2024-03-29 17:50:07,572 -   best_eval_score = 0.6285
2024-03-29 17:50:07,572 -   eval_score = 0.6326
2024-03-29 17:50:28,484 - ***** Epoch: 5: Eval results *****
2024-03-29 17:50:28,485 -   train_loss = 0.2707
2024-03-29 17:50:28,485 -   best_eval_score = 0.6326
2024-03-29 17:50:28,485 -   eval_score = 0.6869
2024-03-29 17:50:49,999 - ***** Epoch: 6: Eval results *****
2024-03-29 17:50:49,999 -   train_loss = 0.1365
2024-03-29 17:50:49,999 -   best_eval_score = 0.6869
2024-03-29 17:50:49,999 -   eval_score = 0.6951
2024-03-29 17:51:11,435 - ***** Epoch: 7: Eval results *****
2024-03-29 17:51:11,435 -   train_loss = 0.0855
2024-03-29 17:51:11,435 -   best_eval_score = 0.6951
2024-03-29 17:51:11,435 -   eval_score = 0.7125
2024-03-29 17:51:32,711 - ***** Epoch: 8: Eval results *****
2024-03-29 17:51:32,712 -   train_loss = 0.0607
2024-03-29 17:51:32,712 -   best_eval_score = 0.7125
2024-03-29 17:51:32,712 -   eval_score = 0.7225
2024-03-29 17:51:54,428 - ***** Epoch: 9: Eval results *****
2024-03-29 17:51:54,429 -   train_loss = 0.0448
2024-03-29 17:51:54,429 -   best_eval_score = 0.7225
2024-03-29 17:51:54,429 -   eval_score = 0.7174
2024-03-29 17:51:54,429 - EarlyStopping counter: 1 out of 8
2024-03-29 17:52:15,228 - ***** Epoch: 10: Eval results *****
2024-03-29 17:52:15,228 -   train_loss = 0.0323
2024-03-29 17:52:15,228 -   best_eval_score = 0.7225
2024-03-29 17:52:15,228 -   eval_score = 0.7226
2024-03-29 17:52:36,351 - ***** Epoch: 11: Eval results *****
2024-03-29 17:52:36,351 -   train_loss = 0.0278
2024-03-29 17:52:36,351 -   best_eval_score = 0.7226
2024-03-29 17:52:36,351 -   eval_score = 0.7054
2024-03-29 17:52:36,351 - EarlyStopping counter: 1 out of 8
2024-03-29 17:52:57,084 - ***** Epoch: 12: Eval results *****
2024-03-29 17:52:57,085 -   train_loss = 0.0245
2024-03-29 17:52:57,085 -   best_eval_score = 0.7226
2024-03-29 17:52:57,085 -   eval_score = 0.7174
2024-03-29 17:52:57,085 - EarlyStopping counter: 2 out of 8
2024-03-29 17:53:18,222 - ***** Epoch: 13: Eval results *****
2024-03-29 17:53:18,222 -   train_loss = 0.0209
2024-03-29 17:53:18,222 -   best_eval_score = 0.7226
2024-03-29 17:53:18,222 -   eval_score = 0.7024
2024-03-29 17:53:18,222 - EarlyStopping counter: 3 out of 8
2024-03-29 17:53:39,521 - ***** Epoch: 14: Eval results *****
2024-03-29 17:53:39,521 -   train_loss = 0.0182
2024-03-29 17:53:39,521 -   best_eval_score = 0.7226
2024-03-29 17:53:39,521 -   eval_score = 0.7126
2024-03-29 17:53:39,521 - EarlyStopping counter: 4 out of 8
2024-03-29 17:54:01,087 - ***** Epoch: 15: Eval results *****
2024-03-29 17:54:01,087 -   train_loss = 0.0167
2024-03-29 17:54:01,087 -   best_eval_score = 0.7226
2024-03-29 17:54:01,087 -   eval_score = 0.7167
2024-03-29 17:54:01,088 - EarlyStopping counter: 5 out of 8
2024-03-29 17:54:21,906 - ***** Epoch: 16: Eval results *****
2024-03-29 17:54:21,906 -   train_loss = 0.0148
2024-03-29 17:54:21,907 -   best_eval_score = 0.7226
2024-03-29 17:54:21,907 -   eval_score = 0.7091
2024-03-29 17:54:21,907 - EarlyStopping counter: 6 out of 8
2024-03-29 17:54:42,848 - ***** Epoch: 17: Eval results *****
2024-03-29 17:54:42,849 -   train_loss = 0.0134
2024-03-29 17:54:42,849 -   best_eval_score = 0.7226
2024-03-29 17:54:42,849 -   eval_score = 0.7099
2024-03-29 17:54:42,849 - EarlyStopping counter: 7 out of 8
2024-03-29 17:55:03,740 - ***** Epoch: 18: Eval results *****
2024-03-29 17:55:03,740 -   train_loss = 0.0125
2024-03-29 17:55:03,740 -   best_eval_score = 0.7226
2024-03-29 17:55:03,740 -   eval_score = 0.7074
2024-03-29 17:55:03,740 - EarlyStopping counter: 8 out of 8
2024-03-29 17:55:03,740 - EarlyStopping at epoch 18
2024-03-29 17:55:03,743 - Training is finished...
2024-03-29 17:55:03,743 - Testing begins...
2024-03-29 17:55:07,439 - ***** Test: Confusion Matrix *****
2024-03-29 17:55:07,440 - [[40  1  0  0  8  0  1  0  0  2  1  0  3  1  0  0  0  0  0  0]
 [ 1 34  0  1  0  3  0  0  0  0  1  0  2  1  0  0  0  0  0  0]
 [ 1  0 26  0  0  0  0  0  0  0  0  0  0  0  0  0  0  0  0  0]
 [ 0  0  0 25  0  0  0  0  0  0  0  0  0  0  0  0  0  0  0  0]
 [ 4  0  0  0 12  0  2  0  0  0  0  1  2  1  0  0  0  1  0  0]
 [ 0  0  0  0  0 12  0  0  0  0  0  0  0  0  0  0  0  0  0  0]
 [ 1  1  0  0  3  0  2  0  3  0  0  0  1  0  0  0  0  0  0  1]
 [ 3  1  0  0  0  1  0  5  0  0  0  0  0  0  0  0  0  0  0  0]
 [ 1  0  0  0  0  0  1  3  3  0  0  0  0  1  0  1  0  0  0  0]
 [ 1  0  0  0  1  0  0  0  0  4  0  0  0  0  0  2  0  1  0  1]
 [ 1  0  0  0  0  0  1  0  0  2 13  0  0  0  1  0  0  0  0  0]
 [ 0  0  0  0  1  0  1  0  0  0  0 16  0  0  0  0  0  0  0  1]
 [ 3  1  0  0  1  0  0  0  0  0  1  1 42  3  3  0  1  0  0  1]
 [ 0  0  0  0  0  0  2  1  0  0  1  1  0 19  1  0  0  0  0  0]
 [ 0  0  0  0  1  0  0  0  0  0  0  0  1  2 16  0  1  0  0  1]
 [ 0  0  0  0  0  0  0  1  1  0  0  0  4  0  0 14  0  0  0  1]
 [ 0  0  0  0  0  0  0  0  0  0  0  0  3  0  1  0 13  0  0  0]
 [ 0  0  0  0  0  0  0  0  0  1  1  0  2  0  0  0  0 11  0  0]
 [ 0  0  0  0  0  0  0  0  0  0  0  0  2  0  0  1  0  0  9  0]
 [ 0  0  0  0  0  0  0  0  0  0  0  0  1  1  1  0  0  0  0  7]]
2024-03-29 17:55:07,440 - ***** Evaluation results *****
2024-03-29 17:55:07,440 -   acc = 0.7258
2024-03-29 17:55:07,440 -   f1 = 0.6882
2024-03-29 17:55:07,440 -   prec = 0.6974
2024-03-29 17:55:07,440 -   rec = 0.6873
2024-03-29 17:55:07,440 - Testing is finished...
2024-03-29 17:55:07,440 - Multimodal intent recognition is finished...
2024-03-29 17:55:07,440 - Results are saved in results/msz.csv
