2024-05-08 11:46:26,505 - ============================== Params ==============================
2024-05-08 11:46:26,505 - logger_name: msz_MIntRec2_multi-class_seed-1_2024-05-08-11-46-26
2024-05-08 11:46:26,505 - dataset: MIntRec2
2024-05-08 11:46:26,505 - data_mode: multi-class
2024-05-08 11:46:26,505 - method: msz
2024-05-08 11:46:26,505 - text_backbone: bert-base-uncased
2024-05-08 11:46:26,505 - text_backbone_path: /home/sharing/disk1/pretrained_embedding/bert/uncased_L-12_H-768_A-12/
2024-05-08 11:46:26,505 - seed: 1
2024-05-08 11:46:26,505 - num_workers: 8
2024-05-08 11:46:26,505 - gpu_id: 2
2024-05-08 11:46:26,505 - data_path: /home/sharing/disk2/sjh/intentDataset
2024-05-08 11:46:26,505 - train: True
2024-05-08 11:46:26,505 - tune: True
2024-05-08 11:46:26,505 - save_model: False
2024-05-08 11:46:26,505 - save_results: True
2024-05-08 11:46:26,505 - log_path: logs
2024-05-08 11:46:26,505 - cache_path: 
2024-05-08 11:46:26,505 - video_data_path: video_data
2024-05-08 11:46:26,505 - audio_data_path: audio_data
2024-05-08 11:46:26,505 - video_feats_path: video_feats.pkl
2024-05-08 11:46:26,505 - audio_feats_path: audio_feats.pkl
2024-05-08 11:46:26,505 - results_path: results
2024-05-08 11:46:26,505 - output_path: /home/sharing/disk2/sjh/Outputs/ablation_MIntRec2
2024-05-08 11:46:26,505 - model_path: models
2024-05-08 11:46:26,506 - config_file_name: msz_MIntRec2
2024-05-08 11:46:26,506 - results_file_name: ablation_msz.csv
2024-05-08 11:46:26,506 - ablation: no_text
2024-05-08 11:46:26,506 - padding_mode: zero
2024-05-08 11:46:26,506 - padding_loc: end
2024-05-08 11:46:26,506 - need_aligned: False
2024-05-08 11:46:26,506 - eval_monitor: f1
2024-05-08 11:46:26,506 - train_batch_size: 32
2024-05-08 11:46:26,506 - eval_batch_size: 16
2024-05-08 11:46:26,506 - test_batch_size: 16
2024-05-08 11:46:26,506 - wait_patience: 8
2024-05-08 11:46:26,506 - hidden_dims: 768
2024-05-08 11:46:26,506 - num_attention_heads: 6
2024-05-08 11:46:26,506 - attention_probs_dropout_prob: 0.3
2024-05-08 11:46:26,506 - hidden_dropout_prob: 0.5
2024-05-08 11:46:26,506 - intermediate_size: 768
2024-05-08 11:46:26,506 - num_hidden_layers: 6
2024-05-08 11:46:26,506 - max_position_embeddings: 1000
2024-05-08 11:46:26,506 - position_embedding_type: absolute
2024-05-08 11:46:26,506 - batch_first: True
2024-05-08 11:46:26,506 - dropout: 0.2
2024-05-08 11:46:26,506 - aligned_method: conv1d
2024-05-08 11:46:26,506 - num_train_epochs: 100
2024-05-08 11:46:26,506 - lr: 5e-06
2024-05-08 11:46:26,506 - lr_mode: max
2024-05-08 11:46:26,506 - patience: 5
2024-05-08 11:46:26,506 - factor: 0.2
2024-05-08 11:46:26,506 - pred_output_path: /home/sharing/disk2/sjh/Outputs/ablation_MIntRec2/msz_MIntRec2_multi-class_seed-1_2024-05-08-11-46-26
2024-05-08 11:46:26,506 - model_output_path: /home/sharing/disk2/sjh/Outputs/ablation_MIntRec2/msz_MIntRec2_multi-class_seed-1_2024-05-08-11-46-26/models
2024-05-08 11:46:26,506 - ============================== End Params ==============================
2024-05-08 11:46:26,520 - Generate Text Features Begin...
2024-05-08 11:46:28,137 - Generate Text Features Finished...
2024-05-08 11:46:28,138 - Load Video Features Begin...
2024-05-08 11:46:29,141 - Load Video Features Finished...
2024-05-08 11:46:30,750 - Load Audio Features Begin...
2024-05-08 11:46:34,862 - Load Audio Features Finished...
2024-05-08 11:46:45,685 - method  begins...
2024-05-08 11:46:48,119 - Multimodal intent recognition begins...
2024-05-08 11:46:48,119 - Training begins...
2024-05-08 11:47:44,831 - ***** Epoch: 1: Eval results *****
2024-05-08 11:47:44,831 -   train_loss = 3.2504
2024-05-08 11:47:44,831 -   best_eval_score = 0.0
2024-05-08 11:47:44,831 -   eval_score = 0.0058
2024-05-08 11:48:39,411 - ***** Epoch: 2: Eval results *****
2024-05-08 11:48:39,412 -   train_loss = 3.2268
2024-05-08 11:48:39,412 -   best_eval_score = 0.0058
2024-05-08 11:48:39,412 -   eval_score = 0.0058
2024-05-08 11:48:39,412 - EarlyStopping counter: 1 out of 8
2024-05-08 11:49:34,250 - ***** Epoch: 3: Eval results *****
2024-05-08 11:49:34,250 -   train_loss = 3.2084
2024-05-08 11:49:34,250 -   best_eval_score = 0.0058
2024-05-08 11:49:34,251 -   eval_score = 0.0116
2024-05-08 11:50:28,677 - ***** Epoch: 4: Eval results *****
2024-05-08 11:50:28,678 -   train_loss = 3.1624
2024-05-08 11:50:28,678 -   best_eval_score = 0.0116
2024-05-08 11:50:28,678 -   eval_score = 0.0266
2024-05-08 11:51:23,350 - ***** Epoch: 5: Eval results *****
2024-05-08 11:51:23,350 -   train_loss = 3.1177
2024-05-08 11:51:23,350 -   best_eval_score = 0.0266
2024-05-08 11:51:23,350 -   eval_score = 0.0289
2024-05-08 11:52:17,487 - ***** Epoch: 6: Eval results *****
2024-05-08 11:52:17,487 -   train_loss = 3.0852
2024-05-08 11:52:17,487 -   best_eval_score = 0.0289
2024-05-08 11:52:17,488 -   eval_score = 0.0493
2024-05-08 11:53:11,616 - ***** Epoch: 7: Eval results *****
2024-05-08 11:53:11,616 -   train_loss = 3.0542
2024-05-08 11:53:11,616 -   best_eval_score = 0.0493
2024-05-08 11:53:11,616 -   eval_score = 0.0485
2024-05-08 11:53:11,617 - EarlyStopping counter: 1 out of 8
2024-05-08 11:54:06,205 - ***** Epoch: 8: Eval results *****
2024-05-08 11:54:06,205 -   train_loss = 3.0271
2024-05-08 11:54:06,205 -   best_eval_score = 0.0493
2024-05-08 11:54:06,205 -   eval_score = 0.0532
2024-05-08 11:55:00,761 - ***** Epoch: 9: Eval results *****
2024-05-08 11:55:00,761 -   train_loss = 3.0224
2024-05-08 11:55:00,761 -   best_eval_score = 0.0532
2024-05-08 11:55:00,761 -   eval_score = 0.0496
2024-05-08 11:55:00,761 - EarlyStopping counter: 1 out of 8
2024-05-08 11:55:55,226 - ***** Epoch: 10: Eval results *****
2024-05-08 11:55:55,226 -   train_loss = 3.0128
2024-05-08 11:55:55,226 -   best_eval_score = 0.0532
2024-05-08 11:55:55,226 -   eval_score = 0.0506
2024-05-08 11:55:55,227 - EarlyStopping counter: 2 out of 8
2024-05-08 11:56:49,081 - ***** Epoch: 11: Eval results *****
2024-05-08 11:56:49,081 -   train_loss = 3.0099
2024-05-08 11:56:49,081 -   best_eval_score = 0.0532
2024-05-08 11:56:49,081 -   eval_score = 0.0531
2024-05-08 11:56:49,081 - EarlyStopping counter: 3 out of 8
2024-05-08 11:57:44,688 - ***** Epoch: 12: Eval results *****
2024-05-08 11:57:44,688 -   train_loss = 3.0035
2024-05-08 11:57:44,688 -   best_eval_score = 0.0532
2024-05-08 11:57:44,689 -   eval_score = 0.051
2024-05-08 11:57:44,689 - EarlyStopping counter: 4 out of 8
2024-05-08 11:58:39,556 - ***** Epoch: 13: Eval results *****
2024-05-08 11:58:39,556 -   train_loss = 2.9981
2024-05-08 11:58:39,556 -   best_eval_score = 0.0532
2024-05-08 11:58:39,556 -   eval_score = 0.0536
2024-05-08 11:59:33,800 - ***** Epoch: 14: Eval results *****
2024-05-08 11:59:33,801 -   train_loss = 2.9916
2024-05-08 11:59:33,801 -   best_eval_score = 0.0536
2024-05-08 11:59:33,801 -   eval_score = 0.0539
2024-05-08 12:00:29,157 - ***** Epoch: 15: Eval results *****
2024-05-08 12:00:29,157 -   train_loss = 2.9889
2024-05-08 12:00:29,157 -   best_eval_score = 0.0539
2024-05-08 12:00:29,157 -   eval_score = 0.0533
2024-05-08 12:00:29,157 - EarlyStopping counter: 1 out of 8
2024-05-08 12:01:24,059 - ***** Epoch: 16: Eval results *****
2024-05-08 12:01:24,059 -   train_loss = 2.9957
2024-05-08 12:01:24,059 -   best_eval_score = 0.0539
2024-05-08 12:01:24,059 -   eval_score = 0.0555
2024-05-08 12:02:19,481 - ***** Epoch: 17: Eval results *****
2024-05-08 12:02:19,482 -   train_loss = 2.9884
2024-05-08 12:02:19,482 -   best_eval_score = 0.0555
2024-05-08 12:02:19,482 -   eval_score = 0.0545
2024-05-08 12:02:19,482 - EarlyStopping counter: 1 out of 8
2024-05-08 12:03:14,132 - ***** Epoch: 18: Eval results *****
2024-05-08 12:03:14,132 -   train_loss = 2.9893
2024-05-08 12:03:14,132 -   best_eval_score = 0.0555
2024-05-08 12:03:14,132 -   eval_score = 0.0526
2024-05-08 12:03:14,132 - EarlyStopping counter: 2 out of 8
2024-05-08 12:04:09,266 - ***** Epoch: 19: Eval results *****
2024-05-08 12:04:09,267 -   train_loss = 2.988
2024-05-08 12:04:09,267 -   best_eval_score = 0.0555
2024-05-08 12:04:09,267 -   eval_score = 0.0541
2024-05-08 12:04:09,267 - EarlyStopping counter: 3 out of 8
2024-05-08 12:05:04,495 - ***** Epoch: 20: Eval results *****
2024-05-08 12:05:04,495 -   train_loss = 2.9858
2024-05-08 12:05:04,495 -   best_eval_score = 0.0555
2024-05-08 12:05:04,496 -   eval_score = 0.0533
2024-05-08 12:05:04,496 - EarlyStopping counter: 4 out of 8
2024-05-08 12:05:59,651 - ***** Epoch: 21: Eval results *****
2024-05-08 12:05:59,651 -   train_loss = 2.9847
2024-05-08 12:05:59,651 -   best_eval_score = 0.0555
2024-05-08 12:05:59,651 -   eval_score = 0.0526
2024-05-08 12:05:59,652 - EarlyStopping counter: 5 out of 8
2024-05-08 12:06:53,733 - ***** Epoch: 22: Eval results *****
2024-05-08 12:06:53,734 -   train_loss = 2.9865
2024-05-08 12:06:53,734 -   best_eval_score = 0.0555
2024-05-08 12:06:53,734 -   eval_score = 0.0518
2024-05-08 12:06:53,734 - EarlyStopping counter: 6 out of 8
2024-05-08 12:07:48,986 - ***** Epoch: 23: Eval results *****
2024-05-08 12:07:48,986 -   train_loss = 2.9873
2024-05-08 12:07:48,986 -   best_eval_score = 0.0555
2024-05-08 12:07:48,986 -   eval_score = 0.0525
2024-05-08 12:07:48,986 - EarlyStopping counter: 7 out of 8
2024-05-08 12:08:44,185 - ***** Epoch: 24: Eval results *****
2024-05-08 12:08:44,185 -   train_loss = 2.9862
2024-05-08 12:08:44,185 -   best_eval_score = 0.0555
2024-05-08 12:08:44,185 -   eval_score = 0.0531
2024-05-08 12:08:44,185 - EarlyStopping counter: 8 out of 8
2024-05-08 12:08:44,185 - EarlyStopping at epoch 24
2024-05-08 12:08:44,186 - Training is finished...
2024-05-08 12:08:44,187 - Testing begins...
2024-05-08 12:08:53,878 - ***** Test: Confusion Matrix *****
2024-05-08 12:08:53,879 - [[ 45   0   3   0   0   0   0   0   0   0   0   0   8   0   0   0   7   4
    0   0   0   0   0   0   1   0   0   0   0   0]
 [  0   0   1   0   0   0   0   0   0   0   0   0  20   0  21   0   0  53
    0   0   0   0   0   0   2   0   0   0   0   0]
 [ 21   0   9   0   0   0   0   0   0   0   0   0  11   0   1   0   4  14
    0   0   0   0   0   0   4   0   0   0   0   0]
 [  2   0   4   0   0   0   0   0   0   0   0   0  21   0   7   0   7  21
    0   0   0   0   1   0   2   0   0   0   0   0]
 [  2   0   2   0   0   0   0   0   0   0   0   0  12   0   6   0   2  26
    0   0   0   0   0   0   1   0   0   0   0   0]
 [  0   0   0   0   0   0   0   0   0   0   0   0   8   0   7   0   1  20
    0   0   0   0   1   0   0   0   0   0   0   0]
 [  0   0   2   0   0   0   0   0   0   0   0   0  23   0   8   0   3  12
    0   0   0   0   0   0   0   0   0   0   0   0]
 [  1   0   4   0   0   0   0   0   0   0   0   0  19   0   0   0   1  20
    0   0   0   0   0   0   2   0   0   0   0   0]
 [  3   0   1   0   0   0   0   0   0   0   0   0  16   0   5   0   1  20
    0   0   0   0   1   0   2   0   0   0   0   0]
 [  4   0   2   0   0   0   0   0   0   0   0   0  26   0  24   0   3  41
    0   0   0   0   0   0   7   0   0   0   0   0]
 [  6   0   1   0   0   0   0   0   0   0   0   0  34   0  12   0   0  39
    0   0   0   0   0   0   1   0   0   0   0   0]
 [  1   0   1   0   0   0   0   0   0   0   0   0  11   0   8   0   2  22
    0   0   0   0   0   0   2   0   0   0   0   0]
 [ 15   0   0   0   0   0   0   0   0   0   0   0  58   0  17   0   6  37
    0   0   0   0   1   0   1   0   0   0   0   0]
 [  0   0   0   0   0   0   0   0   0   0   0   0   5   0   3   0   0   8
    0   0   0   0   0   0   1   0   0   0   0   0]
 [  0   0   2   0   0   0   0   0   0   0   0   0  33   0  82   0   0  75
    0   0   0   0   1   0   0   0   0   0   0   0]
 [  1   0   0   0   0   0   0   0   0   0   0   0   6   0   4   0   0  11
    0   0   0   0   0   0   0   0   0   0   0   0]
 [ 21   0   6   0   0   0   0   0   0   0   0   0  13   0   0   0  11  10
    0   0   0   0   0   0   5   0   0   0   0   0]
 [  6   0   7   0   0   0   0   0   0   0   0   0  27   0  23   0   1 144
    0   0   0   0   0   0   9   0   0   0   0   0]
 [  1   0   1   0   0   0   0   0   0   0   0   0  12   0  14   0   1  29
    0   0   0   0   0   0   2   0   0   0   0   0]
 [  0   0   0   0   0   0   0   0   0   0   0   0   6   0   4   0   0   5
    0   0   0   0   1   0   1   0   0   0   0   0]
 [  1   0   1   0   0   0   0   0   0   0   0   0   6   0   2   0   0  15
    0   0   0   0   0   0   4   0   0   0   0   0]
 [  9   0   3   0   0   0   0   0   0   0   0   0  26   0   2   0   4   8
    0   0   0   0   0   0   1   0   0   0   0   0]
 [ 13   0   3   0   0   0   0   0   0   0   0   0  25   0  12   0   7  50
    0   0   0   0   2   0   5   0   0   0   0   0]
 [  0   0   0   0   0   0   0   0   0   0   0   0   7   0  10   0   0  21
    0   0   0   0   0   0   0   0   0   0   0   0]
 [  8   0   3   0   0   0   0   0   0   1   0   0  29   0  15   0   4  46
    0   0   0   0   0   0   7   0   0   0   0   0]
 [  3   0   3   0   0   0   0   0   0   0   0   0   3   0   6   0   3  12
    0   0   0   0   0   0   1   0   0   0   0   0]
 [  1   0   0   0   0   0   0   0   0   0   0   0   5   0   6   0   0   4
    0   0   0   0   0   0   1   0   0   0   0   0]
 [  3   0   2   0   0   0   0   0   0   0   0   0  15   0   9   0   0  28
    0   0   0   0   0   0   1   0   0   0   0   0]
 [ 21   0   1   0   0   0   0   0   0   0   0   0  11   0   3   0   7  10
    0   0   0   0   0   0   5   0   0   0   0   0]
 [  0   0   0   0   0   0   0   0   0   0   0   0   6   0   3   0   0   8
    0   0   0   0   0   0   2   0   0   0   0   0]]
2024-05-08 12:08:53,879 - ***** Evaluation results *****
2024-05-08 12:08:53,879 -   acc = 0.1761
2024-05-08 12:08:53,879 -   f1 = 0.0515
2024-05-08 12:08:53,879 -   prec = 0.0478
2024-05-08 12:08:53,879 -   rec = 0.0855
2024-05-08 12:08:53,879 - Testing is finished...
2024-05-08 12:08:53,879 - Multimodal intent recognition is finished...
2024-05-08 12:08:53,879 - Results are saved in results/ablation_msz.csv
