2024-01-06 11:00:46,801 - ============================== Params ==============================
2024-01-06 11:00:46,801 - logger_name: msz_MIntRec_multi-class_seed-1_2024-01-06-11-00-46
2024-01-06 11:00:46,801 - dataset: MIntRec
2024-01-06 11:00:46,801 - data_mode: multi-class
2024-01-06 11:00:46,801 - method: msz
2024-01-06 11:00:46,801 - text_backbone: bert-base-uncased
2024-01-06 11:00:46,801 - text_backbone_path: /home/sharing/disk1/pretrained_embedding/bert/uncased_L-12_H-768_A-12/
2024-01-06 11:00:46,801 - seed: 1
2024-01-06 11:00:46,801 - num_workers: 8
2024-01-06 11:00:46,801 - gpu_id: 1
2024-01-06 11:00:46,801 - data_path: /home/sharing/disk2/sjh/intentDataset
2024-01-06 11:00:46,801 - train: True
2024-01-06 11:00:46,801 - tune: False
2024-01-06 11:00:46,801 - save_model: False
2024-01-06 11:00:46,801 - save_results: True
2024-01-06 11:00:46,801 - log_path: logs
2024-01-06 11:00:46,801 - cache_path: 
2024-01-06 11:00:46,801 - video_data_path: video_data
2024-01-06 11:00:46,801 - audio_data_path: audio_data
2024-01-06 11:00:46,801 - video_feats_path: video_feats.pkl
2024-01-06 11:00:46,801 - audio_feats_path: audio_feats.pkl
2024-01-06 11:00:46,801 - results_path: results
2024-01-06 11:00:46,801 - output_path: /home/sharing/disk2/sjh/Outputs/MIntRec
2024-01-06 11:00:46,801 - model_path: models
2024-01-06 11:00:46,801 - config_file_name: msz
2024-01-06 11:00:46,801 - results_file_name: msz.csv
2024-01-06 11:00:46,801 - padding_mode: zero
2024-01-06 11:00:46,801 - padding_loc: end
2024-01-06 11:00:46,801 - need_aligned: False
2024-01-06 11:00:46,801 - eval_monitor: f1
2024-01-06 11:00:46,801 - train_batch_size: 16
2024-01-06 11:00:46,802 - eval_batch_size: 8
2024-01-06 11:00:46,802 - test_batch_size: 8
2024-01-06 11:00:46,802 - wait_patience: 8
2024-01-06 11:00:46,802 - nheads: 2
2024-01-06 11:00:46,802 - encoder_layers: 2
2024-01-06 11:00:46,802 - attn_dropout: 0.1
2024-01-06 11:00:46,802 - relu_dropout: 0.1
2024-01-06 11:00:46,802 - embed_dropout: 0.1
2024-01-06 11:00:46,802 - res_dropout: 0.1
2024-01-06 11:00:46,802 - attn_mask: False
2024-01-06 11:00:46,802 - hidden_size: 768
2024-01-06 11:00:46,802 - num_attention_heads: 12
2024-01-06 11:00:46,802 - attention_probs_dropout_prob: 0.2
2024-01-06 11:00:46,802 - hidden_dropout_prob: 0.2
2024-01-06 11:00:46,802 - intermediate_size: 768
2024-01-06 11:00:46,802 - num_hidden_layers: 3
2024-01-06 11:00:46,802 - max_position_embeddings: 512
2024-01-06 11:00:46,802 - position_embedding_type: absolute
2024-01-06 11:00:46,802 - batch_first: True
2024-01-06 11:00:46,802 - hidden_dims: 768
2024-01-06 11:00:46,802 - att_dropouts: [0.2, 0.2, 0.2]
2024-01-06 11:00:46,802 - spe_dropouts: [0.1, 0.1, 0.1]
2024-01-06 11:00:46,802 - ta_loss: 0.1
2024-01-06 11:00:46,802 - tv_loss: 0.1
2024-01-06 11:00:46,802 - av_loss: 0.1
2024-01-06 11:00:46,802 - aligned_method: conv1d
2024-01-06 11:00:46,802 - grad_clip: -1
2024-01-06 11:00:46,802 - num_train_epochs: 100
2024-01-06 11:00:46,802 - warmup_proportion: 0.1
2024-01-06 11:00:46,802 - lr: 1e-06
2024-01-06 11:00:46,802 - weight_decay: 0.01
2024-01-06 11:00:46,802 - pred_output_path: /home/sharing/disk2/sjh/Outputs/MIntRec/msz_MIntRec_multi-class_seed-1_2024-01-06-11-00-46
2024-01-06 11:00:46,802 - model_output_path: /home/sharing/disk2/sjh/Outputs/MIntRec/msz_MIntRec_multi-class_seed-1_2024-01-06-11-00-46/models
2024-01-06 11:00:46,802 - ============================== End Params ==============================
2024-01-06 11:00:46,805 - Generate Text Features Begin...
2024-01-06 11:00:47,329 - Generate Text Features Finished...
2024-01-06 11:00:47,330 - Load Video Features Begin...
2024-01-06 11:00:47,673 - Load Video Features Finished...
2024-01-06 11:00:48,233 - Load Audio Features Begin...
2024-01-06 11:00:49,266 - Load Audio Features Finished...
2024-01-06 11:00:53,087 - method  begins...
2024-01-06 11:00:56,934 - Multimodal intent recognition begins...
2024-01-06 11:00:56,934 - Training begins...
2024-01-06 11:01:14,445 - ***** Epoch: 1: Eval results *****
2024-01-06 11:01:14,447 -   train_loss = 3.0685
2024-01-06 11:01:14,447 -   best_eval_score = 0.0
2024-01-06 11:01:14,448 -   eval_score = 0.0053
2024-01-06 11:01:29,792 - ***** Epoch: 2: Eval results *****
2024-01-06 11:01:29,792 -   train_loss = 3.0328
2024-01-06 11:01:29,792 -   best_eval_score = 0.0053
2024-01-06 11:01:29,792 -   eval_score = 0.0053
2024-01-06 11:01:29,792 - EarlyStopping counter: 1 out of 8
2024-01-06 11:01:44,803 - ***** Epoch: 3: Eval results *****
2024-01-06 11:01:44,804 -   train_loss = 2.9769
2024-01-06 11:01:44,804 -   best_eval_score = 0.0053
2024-01-06 11:01:44,804 -   eval_score = 0.0053
2024-01-06 11:01:44,804 - EarlyStopping counter: 2 out of 8
2024-01-06 11:01:59,798 - ***** Epoch: 4: Eval results *****
2024-01-06 11:01:59,798 -   train_loss = 2.911
2024-01-06 11:01:59,798 -   best_eval_score = 0.0053
2024-01-06 11:01:59,798 -   eval_score = 0.0799
2024-01-06 11:02:14,782 - ***** Epoch: 5: Eval results *****
2024-01-06 11:02:14,782 -   train_loss = 2.824
2024-01-06 11:02:14,782 -   best_eval_score = 0.0799
2024-01-06 11:02:14,782 -   eval_score = 0.1214
2024-01-06 11:02:29,731 - ***** Epoch: 6: Eval results *****
2024-01-06 11:02:29,731 -   train_loss = 2.7225
2024-01-06 11:02:29,731 -   best_eval_score = 0.1214
2024-01-06 11:02:29,731 -   eval_score = 0.1565
2024-01-06 11:02:44,726 - ***** Epoch: 7: Eval results *****
2024-01-06 11:02:44,726 -   train_loss = 2.6093
2024-01-06 11:02:44,726 -   best_eval_score = 0.1565
2024-01-06 11:02:44,726 -   eval_score = 0.1838
2024-01-06 11:02:59,839 - ***** Epoch: 8: Eval results *****
2024-01-06 11:02:59,839 -   train_loss = 2.4859
2024-01-06 11:02:59,839 -   best_eval_score = 0.1838
2024-01-06 11:02:59,839 -   eval_score = 0.1718
2024-01-06 11:02:59,839 - EarlyStopping counter: 1 out of 8
2024-01-06 11:03:14,817 - ***** Epoch: 9: Eval results *****
2024-01-06 11:03:14,817 -   train_loss = 2.3596
2024-01-06 11:03:14,817 -   best_eval_score = 0.1838
2024-01-06 11:03:14,817 -   eval_score = 0.1756
2024-01-06 11:03:14,817 - EarlyStopping counter: 2 out of 8
2024-01-06 11:03:30,261 - ***** Epoch: 10: Eval results *****
2024-01-06 11:03:30,261 -   train_loss = 2.2407
2024-01-06 11:03:30,261 -   best_eval_score = 0.1838
2024-01-06 11:03:30,261 -   eval_score = 0.1964
2024-01-06 11:03:45,585 - ***** Epoch: 11: Eval results *****
2024-01-06 11:03:45,585 -   train_loss = 2.1252
2024-01-06 11:03:45,585 -   best_eval_score = 0.1964
2024-01-06 11:03:45,585 -   eval_score = 0.1886
2024-01-06 11:03:45,585 - EarlyStopping counter: 1 out of 8
2024-01-06 11:04:00,912 - ***** Epoch: 12: Eval results *****
2024-01-06 11:04:00,913 -   train_loss = 2.0143
2024-01-06 11:04:00,913 -   best_eval_score = 0.1964
2024-01-06 11:04:00,913 -   eval_score = 0.2019
2024-01-06 11:04:16,553 - ***** Epoch: 13: Eval results *****
2024-01-06 11:04:16,554 -   train_loss = 1.9008
2024-01-06 11:04:16,554 -   best_eval_score = 0.2019
2024-01-06 11:04:16,554 -   eval_score = 0.2321
2024-01-06 11:04:31,541 - ***** Epoch: 14: Eval results *****
2024-01-06 11:04:31,541 -   train_loss = 1.7974
2024-01-06 11:04:31,541 -   best_eval_score = 0.2321
2024-01-06 11:04:31,541 -   eval_score = 0.2816
2024-01-06 11:04:46,935 - ***** Epoch: 15: Eval results *****
2024-01-06 11:04:46,936 -   train_loss = 1.7126
2024-01-06 11:04:46,936 -   best_eval_score = 0.2816
2024-01-06 11:04:46,936 -   eval_score = 0.2459
2024-01-06 11:04:46,936 - EarlyStopping counter: 1 out of 8
2024-01-06 11:05:02,325 - ***** Epoch: 16: Eval results *****
2024-01-06 11:05:02,325 -   train_loss = 1.631
2024-01-06 11:05:02,325 -   best_eval_score = 0.2816
2024-01-06 11:05:02,325 -   eval_score = 0.2569
2024-01-06 11:05:02,325 - EarlyStopping counter: 2 out of 8
2024-01-06 11:05:18,184 - ***** Epoch: 17: Eval results *****
2024-01-06 11:05:18,184 -   train_loss = 1.5375
2024-01-06 11:05:18,185 -   best_eval_score = 0.2816
2024-01-06 11:05:18,185 -   eval_score = 0.2929
2024-01-06 11:05:33,322 - ***** Epoch: 18: Eval results *****
2024-01-06 11:05:33,323 -   train_loss = 1.4675
2024-01-06 11:05:33,323 -   best_eval_score = 0.2929
2024-01-06 11:05:33,323 -   eval_score = 0.3398
2024-01-06 11:05:48,953 - ***** Epoch: 19: Eval results *****
2024-01-06 11:05:48,953 -   train_loss = 1.3976
2024-01-06 11:05:48,953 -   best_eval_score = 0.3398
2024-01-06 11:05:48,953 -   eval_score = 0.3757
2024-01-06 11:06:04,596 - ***** Epoch: 20: Eval results *****
2024-01-06 11:06:04,596 -   train_loss = 1.3313
2024-01-06 11:06:04,596 -   best_eval_score = 0.3757
2024-01-06 11:06:04,596 -   eval_score = 0.4262
2024-01-06 11:06:20,091 - ***** Epoch: 21: Eval results *****
2024-01-06 11:06:20,091 -   train_loss = 1.2761
2024-01-06 11:06:20,091 -   best_eval_score = 0.4262
2024-01-06 11:06:20,092 -   eval_score = 0.4312
2024-01-06 11:06:35,266 - ***** Epoch: 22: Eval results *****
2024-01-06 11:06:35,266 -   train_loss = 1.2198
2024-01-06 11:06:35,266 -   best_eval_score = 0.4312
2024-01-06 11:06:35,266 -   eval_score = 0.4269
2024-01-06 11:06:35,266 - EarlyStopping counter: 1 out of 8
2024-01-06 11:06:51,051 - ***** Epoch: 23: Eval results *****
2024-01-06 11:06:51,051 -   train_loss = 1.164
2024-01-06 11:06:51,051 -   best_eval_score = 0.4312
2024-01-06 11:06:51,051 -   eval_score = 0.4236
2024-01-06 11:06:51,051 - EarlyStopping counter: 2 out of 8
2024-01-06 11:07:05,802 - ***** Epoch: 24: Eval results *****
2024-01-06 11:07:05,802 -   train_loss = 1.1233
2024-01-06 11:07:05,802 -   best_eval_score = 0.4312
2024-01-06 11:07:05,802 -   eval_score = 0.4272
2024-01-06 11:07:05,802 - EarlyStopping counter: 3 out of 8
2024-01-06 11:07:20,937 - ***** Epoch: 25: Eval results *****
2024-01-06 11:07:20,937 -   train_loss = 1.065
2024-01-06 11:07:20,937 -   best_eval_score = 0.4312
2024-01-06 11:07:20,937 -   eval_score = 0.4326
2024-01-06 11:07:36,068 - ***** Epoch: 26: Eval results *****
2024-01-06 11:07:36,069 -   train_loss = 1.0187
2024-01-06 11:07:36,069 -   best_eval_score = 0.4326
2024-01-06 11:07:36,069 -   eval_score = 0.4301
2024-01-06 11:07:36,069 - EarlyStopping counter: 1 out of 8
2024-01-06 11:07:51,290 - ***** Epoch: 27: Eval results *****
2024-01-06 11:07:51,290 -   train_loss = 0.979
2024-01-06 11:07:51,290 -   best_eval_score = 0.4326
2024-01-06 11:07:51,290 -   eval_score = 0.4168
2024-01-06 11:07:51,290 - EarlyStopping counter: 2 out of 8
2024-01-06 11:08:06,479 - ***** Epoch: 28: Eval results *****
2024-01-06 11:08:06,479 -   train_loss = 0.9354
2024-01-06 11:08:06,479 -   best_eval_score = 0.4326
2024-01-06 11:08:06,479 -   eval_score = 0.4766
2024-01-06 11:08:21,831 - ***** Epoch: 29: Eval results *****
2024-01-06 11:08:21,832 -   train_loss = 0.9033
2024-01-06 11:08:21,832 -   best_eval_score = 0.4766
2024-01-06 11:08:21,832 -   eval_score = 0.5143
2024-01-06 11:08:37,020 - ***** Epoch: 30: Eval results *****
2024-01-06 11:08:37,020 -   train_loss = 0.8624
2024-01-06 11:08:37,020 -   best_eval_score = 0.5143
2024-01-06 11:08:37,020 -   eval_score = 0.5222
2024-01-06 11:08:52,152 - ***** Epoch: 31: Eval results *****
2024-01-06 11:08:52,153 -   train_loss = 0.8261
2024-01-06 11:08:52,153 -   best_eval_score = 0.5222
2024-01-06 11:08:52,153 -   eval_score = 0.5151
2024-01-06 11:08:52,153 - EarlyStopping counter: 1 out of 8
2024-01-06 11:09:07,319 - ***** Epoch: 32: Eval results *****
2024-01-06 11:09:07,319 -   train_loss = 0.795
2024-01-06 11:09:07,319 -   best_eval_score = 0.5222
2024-01-06 11:09:07,319 -   eval_score = 0.5085
2024-01-06 11:09:07,319 - EarlyStopping counter: 2 out of 8
2024-01-06 11:09:22,306 - ***** Epoch: 33: Eval results *****
2024-01-06 11:09:22,306 -   train_loss = 0.7629
2024-01-06 11:09:22,306 -   best_eval_score = 0.5222
2024-01-06 11:09:22,307 -   eval_score = 0.5094
2024-01-06 11:09:22,307 - EarlyStopping counter: 3 out of 8
2024-01-06 11:09:38,219 - ***** Epoch: 34: Eval results *****
2024-01-06 11:09:38,219 -   train_loss = 0.7358
2024-01-06 11:09:38,219 -   best_eval_score = 0.5222
2024-01-06 11:09:38,219 -   eval_score = 0.5268
2024-01-06 11:09:53,538 - ***** Epoch: 35: Eval results *****
2024-01-06 11:09:53,539 -   train_loss = 0.7022
2024-01-06 11:09:53,539 -   best_eval_score = 0.5268
2024-01-06 11:09:53,539 -   eval_score = 0.5325
2024-01-06 11:10:08,698 - ***** Epoch: 36: Eval results *****
2024-01-06 11:10:08,698 -   train_loss = 0.6783
2024-01-06 11:10:08,698 -   best_eval_score = 0.5325
2024-01-06 11:10:08,698 -   eval_score = 0.5291
2024-01-06 11:10:08,698 - EarlyStopping counter: 1 out of 8
2024-01-06 11:10:23,593 - ***** Epoch: 37: Eval results *****
2024-01-06 11:10:23,593 -   train_loss = 0.6499
2024-01-06 11:10:23,593 -   best_eval_score = 0.5325
2024-01-06 11:10:23,593 -   eval_score = 0.5348
2024-01-06 11:10:38,777 - ***** Epoch: 38: Eval results *****
2024-01-06 11:10:38,778 -   train_loss = 0.6272
2024-01-06 11:10:38,778 -   best_eval_score = 0.5348
2024-01-06 11:10:38,778 -   eval_score = 0.5366
2024-01-06 11:10:53,768 - ***** Epoch: 39: Eval results *****
2024-01-06 11:10:53,769 -   train_loss = 0.607
2024-01-06 11:10:53,769 -   best_eval_score = 0.5366
2024-01-06 11:10:53,769 -   eval_score = 0.5367
2024-01-06 11:11:08,929 - ***** Epoch: 40: Eval results *****
2024-01-06 11:11:08,930 -   train_loss = 0.5861
2024-01-06 11:11:08,930 -   best_eval_score = 0.5367
2024-01-06 11:11:08,930 -   eval_score = 0.534
2024-01-06 11:11:08,930 - EarlyStopping counter: 1 out of 8
2024-01-06 11:11:24,241 - ***** Epoch: 41: Eval results *****
2024-01-06 11:11:24,242 -   train_loss = 0.564
2024-01-06 11:11:24,242 -   best_eval_score = 0.5367
2024-01-06 11:11:24,242 -   eval_score = 0.5435
2024-01-06 11:11:40,137 - ***** Epoch: 42: Eval results *****
2024-01-06 11:11:40,137 -   train_loss = 0.5446
2024-01-06 11:11:40,137 -   best_eval_score = 0.5435
2024-01-06 11:11:40,137 -   eval_score = 0.5551
2024-01-06 11:11:55,411 - ***** Epoch: 43: Eval results *****
2024-01-06 11:11:55,411 -   train_loss = 0.5254
2024-01-06 11:11:55,411 -   best_eval_score = 0.5551
2024-01-06 11:11:55,411 -   eval_score = 0.5435
2024-01-06 11:11:55,411 - EarlyStopping counter: 1 out of 8
2024-01-06 11:12:10,505 - ***** Epoch: 44: Eval results *****
2024-01-06 11:12:10,505 -   train_loss = 0.5048
2024-01-06 11:12:10,505 -   best_eval_score = 0.5551
2024-01-06 11:12:10,505 -   eval_score = 0.5442
2024-01-06 11:12:10,505 - EarlyStopping counter: 2 out of 8
2024-01-06 11:12:26,609 - ***** Epoch: 45: Eval results *****
2024-01-06 11:12:26,610 -   train_loss = 0.4881
2024-01-06 11:12:26,610 -   best_eval_score = 0.5551
2024-01-06 11:12:26,610 -   eval_score = 0.5473
2024-01-06 11:12:26,610 - EarlyStopping counter: 3 out of 8
2024-01-06 11:12:42,515 - ***** Epoch: 46: Eval results *****
2024-01-06 11:12:42,515 -   train_loss = 0.4767
2024-01-06 11:12:42,515 -   best_eval_score = 0.5551
2024-01-06 11:12:42,515 -   eval_score = 0.5596
2024-01-06 11:12:57,778 - ***** Epoch: 47: Eval results *****
2024-01-06 11:12:57,778 -   train_loss = 0.4599
2024-01-06 11:12:57,778 -   best_eval_score = 0.5596
2024-01-06 11:12:57,779 -   eval_score = 0.5806
2024-01-06 11:13:12,826 - ***** Epoch: 48: Eval results *****
2024-01-06 11:13:12,827 -   train_loss = 0.4443
2024-01-06 11:13:12,827 -   best_eval_score = 0.5806
2024-01-06 11:13:12,827 -   eval_score = 0.5789
2024-01-06 11:13:12,827 - EarlyStopping counter: 1 out of 8
2024-01-06 11:13:27,878 - ***** Epoch: 49: Eval results *****
2024-01-06 11:13:27,878 -   train_loss = 0.4352
2024-01-06 11:13:27,878 -   best_eval_score = 0.5806
2024-01-06 11:13:27,878 -   eval_score = 0.5884
2024-01-06 11:13:43,107 - ***** Epoch: 50: Eval results *****
2024-01-06 11:13:43,107 -   train_loss = 0.4153
2024-01-06 11:13:43,107 -   best_eval_score = 0.5884
2024-01-06 11:13:43,107 -   eval_score = 0.5939
2024-01-06 11:13:58,603 - ***** Epoch: 51: Eval results *****
2024-01-06 11:13:58,603 -   train_loss = 0.4097
2024-01-06 11:13:58,603 -   best_eval_score = 0.5939
2024-01-06 11:13:58,603 -   eval_score = 0.5687
2024-01-06 11:13:58,603 - EarlyStopping counter: 1 out of 8
2024-01-06 11:14:13,577 - ***** Epoch: 52: Eval results *****
2024-01-06 11:14:13,577 -   train_loss = 0.3945
2024-01-06 11:14:13,577 -   best_eval_score = 0.5939
2024-01-06 11:14:13,577 -   eval_score = 0.5687
2024-01-06 11:14:13,577 - EarlyStopping counter: 2 out of 8
2024-01-06 11:14:29,097 - ***** Epoch: 53: Eval results *****
2024-01-06 11:14:29,097 -   train_loss = 0.3889
2024-01-06 11:14:29,097 -   best_eval_score = 0.5939
2024-01-06 11:14:29,097 -   eval_score = 0.5753
2024-01-06 11:14:29,097 - EarlyStopping counter: 3 out of 8
2024-01-06 11:14:44,307 - ***** Epoch: 54: Eval results *****
2024-01-06 11:14:44,307 -   train_loss = 0.3731
2024-01-06 11:14:44,307 -   best_eval_score = 0.5939
2024-01-06 11:14:44,307 -   eval_score = 0.5781
2024-01-06 11:14:44,307 - EarlyStopping counter: 4 out of 8
2024-01-06 11:14:59,723 - ***** Epoch: 55: Eval results *****
2024-01-06 11:14:59,723 -   train_loss = 0.3617
2024-01-06 11:14:59,723 -   best_eval_score = 0.5939
2024-01-06 11:14:59,723 -   eval_score = 0.5807
2024-01-06 11:14:59,723 - EarlyStopping counter: 5 out of 8
2024-01-06 11:15:15,152 - ***** Epoch: 56: Eval results *****
2024-01-06 11:15:15,152 -   train_loss = 0.3495
2024-01-06 11:15:15,152 -   best_eval_score = 0.5939
2024-01-06 11:15:15,152 -   eval_score = 0.5925
2024-01-06 11:15:15,152 - EarlyStopping counter: 6 out of 8
2024-01-06 11:15:30,559 - ***** Epoch: 57: Eval results *****
2024-01-06 11:15:30,560 -   train_loss = 0.3438
2024-01-06 11:15:30,560 -   best_eval_score = 0.5939
2024-01-06 11:15:30,560 -   eval_score = 0.5898
2024-01-06 11:15:30,560 - EarlyStopping counter: 7 out of 8
2024-01-06 11:15:45,839 - ***** Epoch: 58: Eval results *****
2024-01-06 11:15:45,839 -   train_loss = 0.3332
2024-01-06 11:15:45,839 -   best_eval_score = 0.5939
2024-01-06 11:15:45,839 -   eval_score = 0.5797
2024-01-06 11:15:45,839 - EarlyStopping counter: 8 out of 8
2024-01-06 11:15:45,840 - EarlyStopping at epoch 58
2024-01-06 11:15:45,841 - Training is finished...
2024-01-06 11:15:45,841 - Testing begins...
2024-01-06 11:15:49,148 - ***** Test: Confusion Matrix *****
2024-01-06 11:15:49,149 - [[19  2  0  0 11  1  3  2  0  2  1  1  9  2  0  4  0  0  0  0]
 [ 0 37  0  1  0  0  2  0  0  0  0  0  1  1  0  1  0  0  0  0]
 [ 0  0 26  0  0  0  0  0  0  1  0  0  0  0  0  0  0  0  0  0]
 [ 0  0  0 25  0  0  0  0  0  0  0  0  0  0  0  0  0  0  0  0]
 [ 1  0  0  0 11  0  5  0  0  1  0  1  0  2  1  0  0  1  0  0]
 [ 0  0  0  0  0 10  0  0  0  0  0  0  0  0  0  1  0  1  0  0]
 [ 0  1  0  0  4  0  2  0  0  0  0  1  0  0  0  2  0  2  0  0]
 [ 2  1  0  0  0  0  0  4  0  2  0  0  1  0  0  0  0  0  0  0]
 [ 0  1  0  0  1  0  1  4  0  0  0  0  0  2  0  1  0  0  0  0]
 [ 1  1  0  0  0  0  0  0  0  3  0  0  1  0  0  2  0  2  0  0]
 [ 1  0  1  0  0  0  0  0  0  1 13  0  1  1  0  0  0  0  0  0]
 [ 0  1  0  0  0  0  1  0  0  0  0 15  1  0  0  0  0  0  0  1]
 [ 2  3  0  0  1  0  3  1  0  0  1  1 38  1  0  4  0  1  1  0]
 [ 1  0  0  1  1  0  0  0  0  0  0  1  3 18  0  0  0  0  0  0]
 [ 0  0  0  0  0  0  0  0  0  0  0  0  1  4 13  0  1  0  0  3]
 [ 0  1  0  1  0  0  0  0  0  0  0  0  5  0  2 12  0  0  0  0]
 [ 0  0  0  0  0  0  0  0  0  0  0  0  3  1  2  0 11  0  0  0]
 [ 0  0  0  0  0  0  0  0  0  1  0  0  1  0  0  0  0 13  0  0]
 [ 0  0  0  0  0  1  0  0  0  0  0  0  4  0  0  1  0  0  6  0]
 [ 0  0  0  0  0  0  0  0  0  0  0  2  0  1  1  0  0  0  0  6]]
2024-01-06 11:15:49,149 - ***** Evaluation results *****
2024-01-06 11:15:49,149 -   acc = 0.6337
2024-01-06 11:15:49,149 -   f1 = 0.5917
2024-01-06 11:15:49,149 -   prec = 0.6039
2024-01-06 11:15:49,149 -   rec = 0.6005
2024-01-06 11:15:49,149 - Testing is finished...
2024-01-06 11:15:49,149 - Multimodal intent recognition is finished...
2024-01-06 11:15:49,149 - Results are saved in results/msz.csv
