2024-05-08 08:52:08,580 - ============================== Params ==============================
2024-05-08 08:52:08,580 - logger_name: msz_MIntRec_multi-class_seed-5_2024-05-08-08-52-08
2024-05-08 08:52:08,581 - dataset: MIntRec
2024-05-08 08:52:08,581 - data_mode: multi-class
2024-05-08 08:52:08,581 - method: msz
2024-05-08 08:52:08,581 - text_backbone: bert-base-uncased
2024-05-08 08:52:08,581 - text_backbone_path: /home/sharing/disk1/pretrained_embedding/bert/uncased_L-12_H-768_A-12/
2024-05-08 08:52:08,581 - seed: 5
2024-05-08 08:52:08,581 - num_workers: 8
2024-05-08 08:52:08,581 - gpu_id: 1
2024-05-08 08:52:08,581 - data_path: /home/sharing/disk2/sjh/intentDataset
2024-05-08 08:52:08,581 - train: True
2024-05-08 08:52:08,581 - tune: True
2024-05-08 08:52:08,581 - save_model: False
2024-05-08 08:52:08,581 - save_results: True
2024-05-08 08:52:08,581 - log_path: logs
2024-05-08 08:52:08,581 - cache_path: 
2024-05-08 08:52:08,581 - video_data_path: video_data
2024-05-08 08:52:08,581 - audio_data_path: audio_data
2024-05-08 08:52:08,581 - video_feats_path: video_feats.pkl
2024-05-08 08:52:08,581 - audio_feats_path: audio_feats.pkl
2024-05-08 08:52:08,581 - results_path: results
2024-05-08 08:52:08,581 - output_path: /home/sharing/disk2/sjh/Outputs/ablation_MIntRec
2024-05-08 08:52:08,581 - model_path: models
2024-05-08 08:52:08,581 - config_file_name: msz_MIntRec
2024-05-08 08:52:08,582 - results_file_name: ablation_msz.csv
2024-05-08 08:52:08,582 - ablation: no_video
2024-05-08 08:52:08,582 - padding_mode: zero
2024-05-08 08:52:08,582 - padding_loc: end
2024-05-08 08:52:08,582 - need_aligned: False
2024-05-08 08:52:08,582 - eval_monitor: f1
2024-05-08 08:52:08,582 - train_batch_size: 16
2024-05-08 08:52:08,582 - eval_batch_size: 8
2024-05-08 08:52:08,582 - test_batch_size: 8
2024-05-08 08:52:08,582 - wait_patience: 8
2024-05-08 08:52:08,582 - hidden_dims: 768
2024-05-08 08:52:08,582 - num_attention_heads: 12
2024-05-08 08:52:08,582 - attention_probs_dropout_prob: 0.2
2024-05-08 08:52:08,582 - hidden_dropout_prob: 0.2
2024-05-08 08:52:08,582 - intermediate_size: 768
2024-05-08 08:52:08,582 - num_hidden_layers: 8
2024-05-08 08:52:08,582 - max_position_embeddings: 768
2024-05-08 08:52:08,582 - position_embedding_type: absolute
2024-05-08 08:52:08,582 - batch_first: True
2024-05-08 08:52:08,582 - dropout: 0.1
2024-05-08 08:52:08,582 - aligned_method: conv1d
2024-05-08 08:52:08,582 - num_train_epochs: 100
2024-05-08 08:52:08,582 - lr: 8e-06
2024-05-08 08:52:08,582 - lr_mode: max
2024-05-08 08:52:08,582 - patience: 8
2024-05-08 08:52:08,582 - factor: 0.1
2024-05-08 08:52:08,582 - pred_output_path: /home/sharing/disk2/sjh/Outputs/ablation_MIntRec/msz_MIntRec_multi-class_seed-5_2024-05-08-08-52-08
2024-05-08 08:52:08,582 - model_output_path: /home/sharing/disk2/sjh/Outputs/ablation_MIntRec/msz_MIntRec_multi-class_seed-5_2024-05-08-08-52-08/models
2024-05-08 08:52:08,582 - num_labels: 20
2024-05-08 08:52:08,582 - text_feat_dim: 768
2024-05-08 08:52:08,583 - video_feat_dim: 256
2024-05-08 08:52:08,583 - audio_feat_dim: 768
2024-05-08 08:52:08,583 - text_seq_len: 30
2024-05-08 08:52:08,583 - video_seq_len: 230
2024-05-08 08:52:08,583 - audio_seq_len: 480
2024-05-08 08:52:08,583 - device: cuda:1
2024-05-08 08:52:08,583 - ============================== End Params ==============================
2024-05-08 08:52:08,586 - Generate Text Features Begin...
2024-05-08 08:52:09,106 - Generate Text Features Finished...
2024-05-08 08:52:09,107 - Load Video Features Begin...
2024-05-08 08:52:09,399 - Load Video Features Finished...
2024-05-08 08:52:09,957 - Load Audio Features Begin...
2024-05-08 08:52:10,938 - Load Audio Features Finished...
2024-05-08 08:52:13,610 - method  begins...
2024-05-08 08:52:15,303 - Multimodal intent recognition begins...
2024-05-08 08:52:15,304 - Training begins...
2024-05-08 08:52:35,625 - ***** Epoch: 1: Eval results *****
2024-05-08 08:52:35,625 -   train_loss = 2.5492
2024-05-08 08:52:35,625 -   best_eval_score = 0.0
2024-05-08 08:52:35,625 -   eval_score = 0.3582
2024-05-08 08:52:56,644 - ***** Epoch: 2: Eval results *****
2024-05-08 08:52:56,644 -   train_loss = 1.4452
2024-05-08 08:52:56,644 -   best_eval_score = 0.3582
2024-05-08 08:52:56,644 -   eval_score = 0.5367
2024-05-08 08:53:16,362 - ***** Epoch: 3: Eval results *****
2024-05-08 08:53:16,362 -   train_loss = 0.7744
2024-05-08 08:53:16,362 -   best_eval_score = 0.5367
2024-05-08 08:53:16,362 -   eval_score = 0.6128
2024-05-08 08:53:36,263 - ***** Epoch: 4: Eval results *****
2024-05-08 08:53:36,263 -   train_loss = 0.4298
2024-05-08 08:53:36,263 -   best_eval_score = 0.6128
2024-05-08 08:53:36,263 -   eval_score = 0.6265
2024-05-08 08:53:56,562 - ***** Epoch: 5: Eval results *****
2024-05-08 08:53:56,562 -   train_loss = 0.2393
2024-05-08 08:53:56,562 -   best_eval_score = 0.6265
2024-05-08 08:53:56,562 -   eval_score = 0.678
2024-05-08 08:54:17,169 - ***** Epoch: 6: Eval results *****
2024-05-08 08:54:17,170 -   train_loss = 0.1033
2024-05-08 08:54:17,170 -   best_eval_score = 0.678
2024-05-08 08:54:17,170 -   eval_score = 0.6709
2024-05-08 08:54:17,170 - EarlyStopping counter: 1 out of 8
2024-05-08 08:54:37,224 - ***** Epoch: 7: Eval results *****
2024-05-08 08:54:37,224 -   train_loss = 0.0653
2024-05-08 08:54:37,224 -   best_eval_score = 0.678
2024-05-08 08:54:37,224 -   eval_score = 0.6789
2024-05-08 08:54:57,559 - ***** Epoch: 8: Eval results *****
2024-05-08 08:54:57,559 -   train_loss = 0.0454
2024-05-08 08:54:57,559 -   best_eval_score = 0.6789
2024-05-08 08:54:57,559 -   eval_score = 0.6885
2024-05-08 08:55:18,092 - ***** Epoch: 9: Eval results *****
2024-05-08 08:55:18,092 -   train_loss = 0.0319
2024-05-08 08:55:18,092 -   best_eval_score = 0.6885
2024-05-08 08:55:18,093 -   eval_score = 0.6756
2024-05-08 08:55:18,093 - EarlyStopping counter: 1 out of 8
2024-05-08 08:55:38,811 - ***** Epoch: 10: Eval results *****
2024-05-08 08:55:38,812 -   train_loss = 0.018
2024-05-08 08:55:38,812 -   best_eval_score = 0.6885
2024-05-08 08:55:38,812 -   eval_score = 0.6823
2024-05-08 08:55:38,812 - EarlyStopping counter: 2 out of 8
2024-05-08 08:55:59,256 - ***** Epoch: 11: Eval results *****
2024-05-08 08:55:59,256 -   train_loss = 0.0143
2024-05-08 08:55:59,256 -   best_eval_score = 0.6885
2024-05-08 08:55:59,256 -   eval_score = 0.6768
2024-05-08 08:55:59,257 - EarlyStopping counter: 3 out of 8
2024-05-08 08:56:19,966 - ***** Epoch: 12: Eval results *****
2024-05-08 08:56:19,966 -   train_loss = 0.0127
2024-05-08 08:56:19,966 -   best_eval_score = 0.6885
2024-05-08 08:56:19,966 -   eval_score = 0.678
2024-05-08 08:56:19,967 - EarlyStopping counter: 4 out of 8
2024-05-08 08:56:40,869 - ***** Epoch: 13: Eval results *****
2024-05-08 08:56:40,869 -   train_loss = 0.0125
2024-05-08 08:56:40,869 -   best_eval_score = 0.6885
2024-05-08 08:56:40,869 -   eval_score = 0.6862
2024-05-08 08:56:40,869 - EarlyStopping counter: 5 out of 8
2024-05-08 08:57:01,313 - ***** Epoch: 14: Eval results *****
2024-05-08 08:57:01,314 -   train_loss = 0.0111
2024-05-08 08:57:01,314 -   best_eval_score = 0.6885
2024-05-08 08:57:01,314 -   eval_score = 0.689
2024-05-08 08:57:22,459 - ***** Epoch: 15: Eval results *****
2024-05-08 08:57:22,459 -   train_loss = 0.0116
2024-05-08 08:57:22,459 -   best_eval_score = 0.689
2024-05-08 08:57:22,459 -   eval_score = 0.6889
2024-05-08 08:57:22,459 - EarlyStopping counter: 1 out of 8
2024-05-08 08:57:43,290 - ***** Epoch: 16: Eval results *****
2024-05-08 08:57:43,291 -   train_loss = 0.0104
2024-05-08 08:57:43,291 -   best_eval_score = 0.689
2024-05-08 08:57:43,291 -   eval_score = 0.6762
2024-05-08 08:57:43,291 - EarlyStopping counter: 2 out of 8
2024-05-08 08:58:03,864 - ***** Epoch: 17: Eval results *****
2024-05-08 08:58:03,864 -   train_loss = 0.0103
2024-05-08 08:58:03,865 -   best_eval_score = 0.689
2024-05-08 08:58:03,865 -   eval_score = 0.6765
2024-05-08 08:58:03,865 - EarlyStopping counter: 3 out of 8
2024-05-08 08:58:24,500 - ***** Epoch: 18: Eval results *****
2024-05-08 08:58:24,500 -   train_loss = 0.01
2024-05-08 08:58:24,500 -   best_eval_score = 0.689
2024-05-08 08:58:24,500 -   eval_score = 0.6843
2024-05-08 08:58:24,500 - EarlyStopping counter: 4 out of 8
2024-05-08 08:58:44,840 - ***** Epoch: 19: Eval results *****
2024-05-08 08:58:44,840 -   train_loss = 0.0096
2024-05-08 08:58:44,840 -   best_eval_score = 0.689
2024-05-08 08:58:44,840 -   eval_score = 0.6861
2024-05-08 08:58:44,840 - EarlyStopping counter: 5 out of 8
2024-05-08 08:59:04,988 - ***** Epoch: 20: Eval results *****
2024-05-08 08:59:04,988 -   train_loss = 0.0092
2024-05-08 08:59:04,988 -   best_eval_score = 0.689
2024-05-08 08:59:04,988 -   eval_score = 0.6861
2024-05-08 08:59:04,988 - EarlyStopping counter: 6 out of 8
2024-05-08 08:59:25,418 - ***** Epoch: 21: Eval results *****
2024-05-08 08:59:25,418 -   train_loss = 0.0094
2024-05-08 08:59:25,418 -   best_eval_score = 0.689
2024-05-08 08:59:25,418 -   eval_score = 0.6861
2024-05-08 08:59:25,418 - EarlyStopping counter: 7 out of 8
2024-05-08 08:59:45,864 - ***** Epoch: 22: Eval results *****
2024-05-08 08:59:45,865 -   train_loss = 0.0092
2024-05-08 08:59:45,865 -   best_eval_score = 0.689
2024-05-08 08:59:45,865 -   eval_score = 0.684
2024-05-08 08:59:45,865 - EarlyStopping counter: 8 out of 8
2024-05-08 08:59:45,865 - EarlyStopping at epoch 22
2024-05-08 08:59:45,869 - Training is finished...
2024-05-08 08:59:45,870 - Testing begins...
2024-05-08 08:59:49,372 - ***** Test: Confusion Matrix *****
2024-05-08 08:59:49,373 - [[34  3  0  0  5  0  3  0  1  4  0  1  4  1  0  1  0  0  0  0]
 [ 0 35  0  1  0  2  1  0  0  0  1  0  2  0  0  0  1  0  0  0]
 [ 1  0 26  0  0  0  0  0  0  0  0  0  0  0  0  0  0  0  0  0]
 [ 0  1  0 24  0  0  0  0  0  0  0  0  0  0  0  0  0  0  0  0]
 [ 4  0  0  0 10  0  1  0  0  2  0  1  2  1  0  0  0  2  0  0]
 [ 0  0  0  0  0 11  0  0  0  0  0  0  1  0  0  0  0  0  0  0]
 [ 1  1  0  0  2  0  3  0  3  0  0  1  1  0  0  0  0  0  0  0]
 [ 2  1  0  0  0  1  0  5  0  0  1  0  0  0  0  0  0  0  0  0]
 [ 1  0  0  0  0  0  1  1  6  0  0  0  0  0  0  1  0  0  0  0]
 [ 1  0  0  0  0  0  1  0  0  4  1  0  0  0  0  2  0  1  0  0]
 [ 1  0  0  0  0  0  1  0  0  3 12  0  0  0  1  0  0  0  0  0]
 [ 0  0  0  0  0  0  1  0  0  0  0 16  0  0  0  0  0  0  1  1]
 [ 3  2  0  0  0  0  0  1  1  0  0  1 39  3  3  2  2  0  0  0]
 [ 0  0  0  0  0  1  2  0  0  0  1  1  1 17  2  0  0  0  0  0]
 [ 0  0  0  0  1  0  0  0  0  0  0  0  0  1 18  0  1  0  0  1]
 [ 0  0  0  0  0  0  0  1  0  0  0  0  4  1  0 15  0  0  0  0]
 [ 0  0  0  0  0  0  0  0  0  0  0  0  3  0  2  0 12  0  0  0]
 [ 0  0  0  0  0  0  0  0  0  1  2  0  1  0  0  0  0 11  0  0]
 [ 0  0  0  0  0  0  0  0  0  0  0  0  2  0  0  1  0  0  9  0]
 [ 0  0  0  0  0  0  0  0  0  0  0  0  0  1  1  0  1  0  0  7]]
2024-05-08 08:59:49,373 - ***** Evaluation results *****
2024-05-08 08:59:49,373 -   acc = 0.7056
2024-05-08 08:59:49,373 -   f1 = 0.6831
2024-05-08 08:59:49,373 -   prec = 0.6859
2024-05-08 08:59:49,373 -   rec = 0.6865
2024-05-08 08:59:49,373 - Testing is finished...
2024-05-08 08:59:49,373 - Multimodal intent recognition is finished...
2024-05-08 08:59:49,373 - Results are saved in results/ablation_msz.csv
