2024-03-09 20:21:55,663 - ============================== Params ==============================
2024-03-09 20:21:55,663 - logger_name: msz_MIntRec_multi-class_seed-1_2024-03-09-20-21-55
2024-03-09 20:21:55,663 - dataset: MIntRec
2024-03-09 20:21:55,663 - data_mode: multi-class
2024-03-09 20:21:55,663 - method: msz
2024-03-09 20:21:55,663 - text_backbone: bert-base-uncased
2024-03-09 20:21:55,663 - text_backbone_path: /home/sharing/disk1/pretrained_embedding/bert/uncased_L-12_H-768_A-12/
2024-03-09 20:21:55,663 - seed: 1
2024-03-09 20:21:55,663 - num_workers: 8
2024-03-09 20:21:55,663 - gpu_id: 2
2024-03-09 20:21:55,663 - data_path: /home/sharing/disk2/sjh/intentDataset
2024-03-09 20:21:55,663 - train: True
2024-03-09 20:21:55,663 - tune: True
2024-03-09 20:21:55,663 - save_model: False
2024-03-09 20:21:55,663 - save_results: True
2024-03-09 20:21:55,663 - log_path: logs
2024-03-09 20:21:55,664 - cache_path: 
2024-03-09 20:21:55,664 - video_data_path: video_data
2024-03-09 20:21:55,664 - audio_data_path: audio_data
2024-03-09 20:21:55,664 - video_feats_path: video_feats.pkl
2024-03-09 20:21:55,664 - audio_feats_path: audio_feats.pkl
2024-03-09 20:21:55,664 - results_path: results
2024-03-09 20:21:55,664 - output_path: /home/sharing/disk2/sjh/Outputs/MIntRec
2024-03-09 20:21:55,664 - model_path: models
2024-03-09 20:21:55,664 - config_file_name: msz_MIntRec
2024-03-09 20:21:55,664 - results_file_name: msz.csv
2024-03-09 20:21:55,664 - padding_mode: zero
2024-03-09 20:21:55,664 - padding_loc: end
2024-03-09 20:21:55,664 - need_aligned: False
2024-03-09 20:21:55,664 - eval_monitor: f1
2024-03-09 20:21:55,664 - train_batch_size: 16
2024-03-09 20:21:55,664 - eval_batch_size: 8
2024-03-09 20:21:55,664 - test_batch_size: 8
2024-03-09 20:21:55,664 - wait_patience: 8
2024-03-09 20:21:55,664 - hidden_dims: 768
2024-03-09 20:21:55,664 - intermediate_size: 768
2024-03-09 20:21:55,664 - position_embedding_type: absolute
2024-03-09 20:21:55,664 - batch_first: True
2024-03-09 20:21:55,664 - d_num_attention_heads: 8
2024-03-09 20:21:55,664 - d_attention_probs_dropout_prob: 0.2
2024-03-09 20:21:55,664 - d_hidden_dropout_prob: 0.2
2024-03-09 20:21:55,664 - d_num_hidden_layers: 10
2024-03-09 20:21:55,664 - d_max_position_embeddings: 768
2024-03-09 20:21:55,664 - m_num_attention_heads: 12
2024-03-09 20:21:55,664 - m_attention_probs_dropout_prob: 0.1
2024-03-09 20:21:55,664 - m_hidden_dropout_prob: 0.2
2024-03-09 20:21:55,664 - m_num_hidden_layers: 10
2024-03-09 20:21:55,664 - m_max_position_embeddings: 1024
2024-03-09 20:21:55,664 - dropout: 0.2
2024-03-09 20:21:55,664 - aligned_method: conv1d
2024-03-09 20:21:55,664 - num_train_epochs: 100
2024-03-09 20:21:55,664 - lr: 5e-06
2024-03-09 20:21:55,664 - lr_mode: min
2024-03-09 20:21:55,664 - pred_output_path: /home/sharing/disk2/sjh/Outputs/MIntRec/msz_MIntRec_multi-class_seed-1_2024-03-09-20-21-55
2024-03-09 20:21:55,664 - model_output_path: /home/sharing/disk2/sjh/Outputs/MIntRec/msz_MIntRec_multi-class_seed-1_2024-03-09-20-21-55/models
2024-03-09 20:21:55,664 - num_labels: 20
2024-03-09 20:21:55,665 - text_feat_dim: 768
2024-03-09 20:21:55,665 - video_feat_dim: 256
2024-03-09 20:21:55,665 - audio_feat_dim: 768
2024-03-09 20:21:55,665 - text_seq_len: 30
2024-03-09 20:21:55,665 - video_seq_len: 230
2024-03-09 20:21:55,665 - audio_seq_len: 480
2024-03-09 20:21:55,665 - device: cuda:2
2024-03-09 20:21:55,665 - ============================== End Params ==============================
2024-03-09 20:21:55,667 - Generate Text Features Begin...
2024-03-09 20:21:56,112 - Generate Text Features Finished...
2024-03-09 20:21:56,113 - Load Video Features Begin...
2024-03-09 20:21:56,401 - Load Video Features Finished...
2024-03-09 20:21:56,896 - Load Audio Features Begin...
2024-03-09 20:21:57,899 - Load Audio Features Finished...
2024-03-09 20:22:00,225 - method  begins...
2024-03-09 20:22:02,211 - Multimodal intent recognition begins...
2024-03-09 20:22:02,211 - Training begins...
2024-03-09 20:22:25,448 - ***** Epoch: 1: Eval results *****
2024-03-09 20:22:25,448 -   train_loss = 2.6891
2024-03-09 20:22:25,448 -   best_eval_score = 0.0
2024-03-09 20:22:25,448 -   eval_score = 0.2013
2024-03-09 20:22:48,709 - ***** Epoch: 2: Eval results *****
2024-03-09 20:22:48,710 -   train_loss = 1.8471
2024-03-09 20:22:48,710 -   best_eval_score = 0.2013
2024-03-09 20:22:48,710 -   eval_score = 0.4675
2024-03-09 20:23:12,566 - ***** Epoch: 3: Eval results *****
2024-03-09 20:23:12,566 -   train_loss = 1.1928
2024-03-09 20:23:12,566 -   best_eval_score = 0.4675
2024-03-09 20:23:12,566 -   eval_score = 0.571
2024-03-09 20:23:36,158 - ***** Epoch: 4: Eval results *****
2024-03-09 20:23:36,160 -   train_loss = 0.7755
2024-03-09 20:23:36,160 -   best_eval_score = 0.571
2024-03-09 20:23:36,160 -   eval_score = 0.6165
2024-03-09 20:23:59,364 - ***** Epoch: 5: Eval results *****
2024-03-09 20:23:59,364 -   train_loss = 0.4599
2024-03-09 20:23:59,364 -   best_eval_score = 0.6165
2024-03-09 20:23:59,364 -   eval_score = 0.6768
2024-03-09 20:24:23,253 - ***** Epoch: 6: Eval results *****
2024-03-09 20:24:23,253 -   train_loss = 0.2844
2024-03-09 20:24:23,253 -   best_eval_score = 0.6768
2024-03-09 20:24:23,253 -   eval_score = 0.6686
2024-03-09 20:24:23,253 - EarlyStopping counter: 1 out of 8
2024-03-09 20:24:46,339 - ***** Epoch: 7: Eval results *****
2024-03-09 20:24:46,340 -   train_loss = 0.1819
2024-03-09 20:24:46,340 -   best_eval_score = 0.6768
2024-03-09 20:24:46,340 -   eval_score = 0.7064
2024-03-09 20:25:09,439 - ***** Epoch: 8: Eval results *****
2024-03-09 20:25:09,439 -   train_loss = 0.1086
2024-03-09 20:25:09,439 -   best_eval_score = 0.7064
2024-03-09 20:25:09,439 -   eval_score = 0.6774
2024-03-09 20:25:09,439 - EarlyStopping counter: 1 out of 8
2024-03-09 20:25:32,171 - ***** Epoch: 9: Eval results *****
2024-03-09 20:25:32,171 -   train_loss = 0.0682
2024-03-09 20:25:32,171 -   best_eval_score = 0.7064
2024-03-09 20:25:32,171 -   eval_score = 0.6987
2024-03-09 20:25:32,171 - EarlyStopping counter: 2 out of 8
2024-03-09 20:25:55,562 - ***** Epoch: 10: Eval results *****
2024-03-09 20:25:55,562 -   train_loss = 0.0441
2024-03-09 20:25:55,562 -   best_eval_score = 0.7064
2024-03-09 20:25:55,562 -   eval_score = 0.6979
2024-03-09 20:25:55,562 - EarlyStopping counter: 3 out of 8
2024-03-09 20:26:19,366 - ***** Epoch: 11: Eval results *****
2024-03-09 20:26:19,366 -   train_loss = 0.0332
2024-03-09 20:26:19,366 -   best_eval_score = 0.7064
2024-03-09 20:26:19,366 -   eval_score = 0.6933
2024-03-09 20:26:19,366 - EarlyStopping counter: 4 out of 8
2024-03-09 20:26:42,994 - ***** Epoch: 12: Eval results *****
2024-03-09 20:26:42,994 -   train_loss = 0.0312
2024-03-09 20:26:42,994 -   best_eval_score = 0.7064
2024-03-09 20:26:42,995 -   eval_score = 0.6949
2024-03-09 20:26:42,995 - EarlyStopping counter: 5 out of 8
2024-03-09 20:27:07,125 - ***** Epoch: 13: Eval results *****
2024-03-09 20:27:07,125 -   train_loss = 0.0307
2024-03-09 20:27:07,125 -   best_eval_score = 0.7064
2024-03-09 20:27:07,125 -   eval_score = 0.6947
2024-03-09 20:27:07,125 - EarlyStopping counter: 6 out of 8
2024-03-09 20:27:31,049 - ***** Epoch: 14: Eval results *****
2024-03-09 20:27:31,049 -   train_loss = 0.0298
2024-03-09 20:27:31,049 -   best_eval_score = 0.7064
2024-03-09 20:27:31,049 -   eval_score = 0.6947
2024-03-09 20:27:31,050 - EarlyStopping counter: 7 out of 8
2024-03-09 20:27:54,282 - ***** Epoch: 15: Eval results *****
2024-03-09 20:27:54,282 -   train_loss = 0.0284
2024-03-09 20:27:54,282 -   best_eval_score = 0.7064
2024-03-09 20:27:54,283 -   eval_score = 0.6922
2024-03-09 20:27:54,283 - EarlyStopping counter: 8 out of 8
2024-03-09 20:27:54,283 - EarlyStopping at epoch 15
2024-03-09 20:27:54,286 - Training is finished...
2024-03-09 20:27:54,287 - Testing begins...
2024-03-09 20:27:58,308 - ***** Test: Confusion Matrix *****
2024-03-09 20:27:58,309 - [[40  3  0  0  8  0  0  0  0  2  0  0  3  1  0  0  0  0  0  0]
 [ 1 34  0  1  0  3  0  0  0  0  1  0  3  0  0  0  0  0  0  0]
 [ 1  0 26  0  0  0  0  0  0  0  0  0  0  0  0  0  0  0  0  0]
 [ 0  1  0 24  0  0  0  0  0  0  0  0  0  0  0  0  0  0  0  0]
 [ 6  0  0  0 12  0  1  0  1  0  0  1  0  0  1  0  0  1  0  0]
 [ 0  0  0  0  0 11  0  0  0  0  0  0  0  0  1  0  0  0  0  0]
 [ 1  1  0  0  3  0  2  0  3  0  0  0  1  0  0  0  1  0  0  0]
 [ 3  0  0  0  0  0  0  4  1  1  1  0  0  0  0  0  0  0  0  0]
 [ 2  0  0  0  0  0  0  3  3  0  0  0  0  1  0  1  0  0  0  0]
 [ 1  0  0  0  1  0  0  0  0  4  1  0  0  0  0  2  0  1  0  0]
 [ 0  1  0  0  0  0  0  0  0  1 15  0  0  0  1  0  0  0  0  0]
 [ 0  0  0  0  0  0  1  0  0  0  0 17  0  0  0  0  0  0  0  1]
 [ 4  2  0  0  1  0  0  2  1  0  0  2 34  1  6  1  2  0  1  0]
 [ 1  0  0  0  0  0  1  1  0  0  1  1  2 15  3  0  0  0  0  0]
 [ 0  0  0  0  1  0  0  0  1  0  0  0  0  1 17  0  1  0  0  1]
 [ 0  0  0  0  0  0  1  1  0  0  0  0  4  0  0 14  0  0  0  1]
 [ 0  0  0  0  0  0  0  1  0  0  0  0  2  0  2  0 12  0  0  0]
 [ 0  0  0  0  0  0  0  0  0  1  0  0  2  0  0  0  0 12  0  0]
 [ 0  0  0  0  0  0  0  0  0  0  0  0  2  0  0  0  0  0 10  0]
 [ 0  0  0  0  0  0  0  0  0  0  0  1  0  1  2  0  1  0  0  5]]
2024-03-09 20:27:58,309 - ***** Evaluation results *****
2024-03-09 20:27:58,309 -   acc = 0.6989
2024-03-09 20:27:58,309 -   f1 = 0.6644
2024-03-09 20:27:58,309 -   prec = 0.6719
2024-03-09 20:27:58,309 -   rec = 0.6662
2024-03-09 20:27:58,309 - Testing is finished...
2024-03-09 20:27:58,309 - Multimodal intent recognition is finished...
2024-03-09 20:27:58,309 - Results are saved in results/msz.csv
