2024-05-08 04:42:43,348 - ============================== Params ==============================
2024-05-08 04:42:43,348 - logger_name: msz_MIntRec2_multi-class_seed-1_2024-05-08-04-42-43
2024-05-08 04:42:43,348 - dataset: MIntRec2
2024-05-08 04:42:43,348 - data_mode: multi-class
2024-05-08 04:42:43,348 - method: msz
2024-05-08 04:42:43,348 - text_backbone: bert-base-uncased
2024-05-08 04:42:43,348 - text_backbone_path: /home/sharing/disk1/pretrained_embedding/bert/uncased_L-12_H-768_A-12/
2024-05-08 04:42:43,349 - seed: 1
2024-05-08 04:42:43,349 - num_workers: 8
2024-05-08 04:42:43,349 - gpu_id: 0
2024-05-08 04:42:43,349 - data_path: /home/sharing/disk2/sjh/intentDataset
2024-05-08 04:42:43,349 - train: True
2024-05-08 04:42:43,349 - tune: True
2024-05-08 04:42:43,349 - save_model: False
2024-05-08 04:42:43,349 - save_results: True
2024-05-08 04:42:43,349 - log_path: logs
2024-05-08 04:42:43,349 - cache_path: 
2024-05-08 04:42:43,349 - video_data_path: video_data
2024-05-08 04:42:43,349 - audio_data_path: audio_data
2024-05-08 04:42:43,349 - video_feats_path: video_feats.pkl
2024-05-08 04:42:43,349 - audio_feats_path: audio_feats.pkl
2024-05-08 04:42:43,349 - results_path: results
2024-05-08 04:42:43,349 - output_path: /home/sharing/disk2/sjh/Outputs/ablation_MIntRec2
2024-05-08 04:42:43,349 - model_path: models
2024-05-08 04:42:43,349 - config_file_name: msz_MIntRec2
2024-05-08 04:42:43,349 - results_file_name: ablation_msz.csv
2024-05-08 04:42:43,349 - ablation: no_cross
2024-05-08 04:42:43,349 - padding_mode: zero
2024-05-08 04:42:43,349 - padding_loc: end
2024-05-08 04:42:43,349 - need_aligned: False
2024-05-08 04:42:43,349 - eval_monitor: f1
2024-05-08 04:42:43,349 - train_batch_size: 32
2024-05-08 04:42:43,349 - eval_batch_size: 16
2024-05-08 04:42:43,349 - test_batch_size: 16
2024-05-08 04:42:43,349 - wait_patience: 8
2024-05-08 04:42:43,349 - hidden_dims: 768
2024-05-08 04:42:43,349 - num_attention_heads: 6
2024-05-08 04:42:43,349 - attention_probs_dropout_prob: 0.3
2024-05-08 04:42:43,349 - hidden_dropout_prob: 0.5
2024-05-08 04:42:43,349 - intermediate_size: 768
2024-05-08 04:42:43,349 - num_hidden_layers: 6
2024-05-08 04:42:43,349 - max_position_embeddings: 1000
2024-05-08 04:42:43,349 - position_embedding_type: absolute
2024-05-08 04:42:43,349 - batch_first: True
2024-05-08 04:42:43,349 - dropout: 0.2
2024-05-08 04:42:43,349 - aligned_method: conv1d
2024-05-08 04:42:43,349 - num_train_epochs: 100
2024-05-08 04:42:43,349 - lr: 5e-06
2024-05-08 04:42:43,349 - lr_mode: max
2024-05-08 04:42:43,350 - patience: 5
2024-05-08 04:42:43,350 - factor: 0.2
2024-05-08 04:42:43,350 - pred_output_path: /home/sharing/disk2/sjh/Outputs/ablation_MIntRec2/msz_MIntRec2_multi-class_seed-1_2024-05-08-04-42-43
2024-05-08 04:42:43,350 - model_output_path: /home/sharing/disk2/sjh/Outputs/ablation_MIntRec2/msz_MIntRec2_multi-class_seed-1_2024-05-08-04-42-43/models
2024-05-08 04:42:43,350 - ============================== End Params ==============================
2024-05-08 04:42:43,363 - Generate Text Features Begin...
2024-05-08 04:42:44,995 - Generate Text Features Finished...
2024-05-08 04:42:44,996 - Load Video Features Begin...
2024-05-08 04:42:46,026 - Load Video Features Finished...
2024-05-08 04:42:47,686 - Load Audio Features Begin...
2024-05-08 04:42:52,002 - Load Audio Features Finished...
2024-05-08 04:43:03,302 - method  begins...
2024-05-08 04:43:05,655 - Multimodal intent recognition begins...
2024-05-08 04:43:05,655 - Training begins...
