2024-03-09 12:48:40,590 - ============================== Params ==============================
2024-03-09 12:48:40,591 - logger_name: msz_MIntRec_multi-class_seed-2_2024-03-09-12-48-40
2024-03-09 12:48:40,591 - dataset: MIntRec
2024-03-09 12:48:40,591 - data_mode: multi-class
2024-03-09 12:48:40,591 - method: msz
2024-03-09 12:48:40,591 - text_backbone: bert-base-uncased
2024-03-09 12:48:40,591 - text_backbone_path: /home/sharing/disk1/pretrained_embedding/bert/uncased_L-12_H-768_A-12/
2024-03-09 12:48:40,591 - seed: 2
2024-03-09 12:48:40,591 - num_workers: 8
2024-03-09 12:48:40,591 - gpu_id: 2
2024-03-09 12:48:40,591 - data_path: /home/sharing/disk2/sjh/intentDataset
2024-03-09 12:48:40,591 - train: True
2024-03-09 12:48:40,591 - tune: True
2024-03-09 12:48:40,591 - save_model: False
2024-03-09 12:48:40,591 - save_results: True
2024-03-09 12:48:40,591 - log_path: logs
2024-03-09 12:48:40,591 - cache_path: 
2024-03-09 12:48:40,591 - video_data_path: video_data
2024-03-09 12:48:40,591 - audio_data_path: audio_data
2024-03-09 12:48:40,591 - video_feats_path: video_feats.pkl
2024-03-09 12:48:40,591 - audio_feats_path: audio_feats.pkl
2024-03-09 12:48:40,591 - results_path: results
2024-03-09 12:48:40,591 - output_path: /home/sharing/disk2/sjh/Outputs/MIntRec
2024-03-09 12:48:40,591 - model_path: models
2024-03-09 12:48:40,591 - config_file_name: msz_MIntRec
2024-03-09 12:48:40,591 - results_file_name: msz.csv
2024-03-09 12:48:40,591 - padding_mode: zero
2024-03-09 12:48:40,591 - padding_loc: end
2024-03-09 12:48:40,591 - need_aligned: False
2024-03-09 12:48:40,591 - eval_monitor: f1
2024-03-09 12:48:40,591 - train_batch_size: 16
2024-03-09 12:48:40,591 - eval_batch_size: 8
2024-03-09 12:48:40,591 - test_batch_size: 8
2024-03-09 12:48:40,591 - wait_patience: 8
2024-03-09 12:48:40,591 - hidden_dims: 768
2024-03-09 12:48:40,591 - intermediate_size: 768
2024-03-09 12:48:40,591 - position_embedding_type: absolute
2024-03-09 12:48:40,591 - batch_first: True
2024-03-09 12:48:40,592 - d_num_attention_heads: 8
2024-03-09 12:48:40,592 - d_attention_probs_dropout_prob: 0.1
2024-03-09 12:48:40,592 - d_hidden_dropout_prob: 0.2
2024-03-09 12:48:40,592 - d_num_hidden_layers: 10
2024-03-09 12:48:40,592 - d_max_position_embeddings: 768
2024-03-09 12:48:40,592 - m_num_attention_heads: 12
2024-03-09 12:48:40,592 - m_attention_probs_dropout_prob: 0.3
2024-03-09 12:48:40,592 - m_hidden_dropout_prob: 0.1
2024-03-09 12:48:40,592 - m_num_hidden_layers: 8
2024-03-09 12:48:40,592 - m_max_position_embeddings: 1024
2024-03-09 12:48:40,592 - dropout: 0.1
2024-03-09 12:48:40,592 - aligned_method: conv1d
2024-03-09 12:48:40,592 - num_train_epochs: 100
2024-03-09 12:48:40,592 - lr: 1e-05
2024-03-09 12:48:40,592 - pred_output_path: /home/sharing/disk2/sjh/Outputs/MIntRec/msz_MIntRec_multi-class_seed-2_2024-03-09-12-48-40
2024-03-09 12:48:40,592 - model_output_path: /home/sharing/disk2/sjh/Outputs/MIntRec/msz_MIntRec_multi-class_seed-2_2024-03-09-12-48-40/models
2024-03-09 12:48:40,592 - ============================== End Params ==============================
2024-03-09 12:48:40,595 - Generate Text Features Begin...
