2024-05-08 05:07:14,366 - ============================== Params ==============================
2024-05-08 05:07:14,367 - logger_name: msz_MIntRec2_multi-class_seed-1_2024-05-08-05-07-14
2024-05-08 05:07:14,367 - dataset: MIntRec2
2024-05-08 05:07:14,367 - data_mode: multi-class
2024-05-08 05:07:14,367 - method: msz
2024-05-08 05:07:14,367 - text_backbone: bert-base-uncased
2024-05-08 05:07:14,367 - text_backbone_path: /home/sharing/disk1/pretrained_embedding/bert/uncased_L-12_H-768_A-12/
2024-05-08 05:07:14,367 - seed: 1
2024-05-08 05:07:14,367 - num_workers: 8
2024-05-08 05:07:14,367 - gpu_id: 0
2024-05-08 05:07:14,367 - data_path: /home/sharing/disk2/sjh/intentDataset
2024-05-08 05:07:14,367 - train: True
2024-05-08 05:07:14,367 - tune: True
2024-05-08 05:07:14,367 - save_model: False
2024-05-08 05:07:14,367 - save_results: True
2024-05-08 05:07:14,367 - log_path: logs
2024-05-08 05:07:14,367 - cache_path: 
2024-05-08 05:07:14,367 - video_data_path: video_data
2024-05-08 05:07:14,367 - audio_data_path: audio_data
2024-05-08 05:07:14,367 - video_feats_path: video_feats.pkl
2024-05-08 05:07:14,367 - audio_feats_path: audio_feats.pkl
2024-05-08 05:07:14,367 - results_path: results
2024-05-08 05:07:14,367 - output_path: /home/sharing/disk2/sjh/Outputs/ablation_MIntRec2
2024-05-08 05:07:14,367 - model_path: models
2024-05-08 05:07:14,367 - config_file_name: msz_MIntRec2
2024-05-08 05:07:14,367 - results_file_name: ablation_msz.csv
2024-05-08 05:07:14,367 - ablation: no_cross
2024-05-08 05:07:14,367 - padding_mode: zero
2024-05-08 05:07:14,367 - padding_loc: end
2024-05-08 05:07:14,367 - need_aligned: False
2024-05-08 05:07:14,367 - eval_monitor: f1
2024-05-08 05:07:14,367 - train_batch_size: 32
2024-05-08 05:07:14,367 - eval_batch_size: 16
2024-05-08 05:07:14,367 - test_batch_size: 16
2024-05-08 05:07:14,367 - wait_patience: 8
2024-05-08 05:07:14,367 - hidden_dims: 768
2024-05-08 05:07:14,367 - num_attention_heads: 6
2024-05-08 05:07:14,367 - attention_probs_dropout_prob: 0.3
2024-05-08 05:07:14,367 - hidden_dropout_prob: 0.5
2024-05-08 05:07:14,367 - intermediate_size: 768
2024-05-08 05:07:14,367 - num_hidden_layers: 6
2024-05-08 05:07:14,368 - max_position_embeddings: 1000
2024-05-08 05:07:14,368 - position_embedding_type: absolute
2024-05-08 05:07:14,368 - batch_first: True
2024-05-08 05:07:14,368 - dropout: 0.2
2024-05-08 05:07:14,368 - aligned_method: conv1d
2024-05-08 05:07:14,368 - num_train_epochs: 100
2024-05-08 05:07:14,368 - lr: 5e-06
2024-05-08 05:07:14,368 - lr_mode: max
2024-05-08 05:07:14,368 - patience: 5
2024-05-08 05:07:14,368 - factor: 0.2
2024-05-08 05:07:14,368 - pred_output_path: /home/sharing/disk2/sjh/Outputs/ablation_MIntRec2/msz_MIntRec2_multi-class_seed-1_2024-05-08-05-07-14
2024-05-08 05:07:14,368 - model_output_path: /home/sharing/disk2/sjh/Outputs/ablation_MIntRec2/msz_MIntRec2_multi-class_seed-1_2024-05-08-05-07-14/models
2024-05-08 05:07:14,368 - ============================== End Params ==============================
2024-05-08 05:07:14,381 - Generate Text Features Begin...
2024-05-08 05:07:16,018 - Generate Text Features Finished...
2024-05-08 05:07:16,019 - Load Video Features Begin...
2024-05-08 05:07:17,128 - Load Video Features Finished...
2024-05-08 05:07:18,708 - Load Audio Features Begin...
2024-05-08 05:07:22,852 - Load Audio Features Finished...
2024-05-08 05:07:33,847 - method  begins...
2024-05-08 05:07:37,538 - Multimodal intent recognition begins...
2024-05-08 05:07:37,538 - Training begins...
