2024-03-02 23:41:20,069 - ============================== Params ==============================
2024-03-02 23:41:20,071 - logger_name: msz_MIntRec2_multi-class_seed-2_2024-03-02-23-41-20
2024-03-02 23:41:20,071 - dataset: MIntRec2
2024-03-02 23:41:20,071 - data_mode: multi-class
2024-03-02 23:41:20,071 - method: msz
2024-03-02 23:41:20,071 - text_backbone: bert-base-uncased
2024-03-02 23:41:20,071 - text_backbone_path: /home/sharing/disk1/pretrained_embedding/bert/uncased_L-12_H-768_A-12/
2024-03-02 23:41:20,071 - seed: 2
2024-03-02 23:41:20,071 - num_workers: 8
2024-03-02 23:41:20,071 - gpu_id: 3
2024-03-02 23:41:20,071 - data_path: /home/sharing/disk2/sjh/intentDataset
2024-03-02 23:41:20,071 - train: True
2024-03-02 23:41:20,071 - tune: True
2024-03-02 23:41:20,071 - save_model: True
2024-03-02 23:41:20,071 - save_results: True
2024-03-02 23:41:20,071 - log_path: logs
2024-03-02 23:41:20,071 - cache_path: 
2024-03-02 23:41:20,071 - video_data_path: video_data
2024-03-02 23:41:20,071 - audio_data_path: audio_data
2024-03-02 23:41:20,071 - video_feats_path: video_feats.pkl
2024-03-02 23:41:20,071 - audio_feats_path: audio_feats.pkl
2024-03-02 23:41:20,071 - results_path: results
2024-03-02 23:41:20,071 - output_path: /home/sharing/disk2/sjh/Outputs/MIntRec2
2024-03-02 23:41:20,071 - model_path: models
2024-03-02 23:41:20,071 - config_file_name: msz_MIntRec2
2024-03-02 23:41:20,071 - results_file_name: msz.csv
2024-03-02 23:41:20,071 - padding_mode: zero
2024-03-02 23:41:20,071 - padding_loc: end
2024-03-02 23:41:20,071 - need_aligned: False
2024-03-02 23:41:20,071 - eval_monitor: f1
2024-03-02 23:41:20,071 - train_batch_size: 16
2024-03-02 23:41:20,071 - eval_batch_size: 8
2024-03-02 23:41:20,071 - test_batch_size: 8
2024-03-02 23:41:20,071 - wait_patience: 8
2024-03-02 23:41:20,071 - hidden_size: 768
2024-03-02 23:41:20,072 - num_attention_heads: 12
2024-03-02 23:41:20,072 - attention_probs_dropout_prob: 0.2
2024-03-02 23:41:20,072 - hidden_dropout_prob: 0.2
2024-03-02 23:41:20,072 - intermediate_size: 768
2024-03-02 23:41:20,072 - num_hidden_layers: 10
2024-03-02 23:41:20,072 - max_position_embeddings: 768
2024-03-02 23:41:20,072 - position_embedding_type: absolute
2024-03-02 23:41:20,072 - batch_first: True
2024-03-02 23:41:20,072 - hidden_dims: 768
2024-03-02 23:41:20,072 - dropout: 0.5
2024-03-02 23:41:20,072 - aligned_method: conv1d
2024-03-02 23:41:20,072 - num_train_epochs: 100
2024-03-02 23:41:20,072 - lr: 1e-05
2024-03-02 23:41:20,072 - pred_output_path: /home/sharing/disk2/sjh/Outputs/MIntRec2/msz_MIntRec2_multi-class_seed-2_2024-03-02-23-41-20
2024-03-02 23:41:20,072 - model_output_path: /home/sharing/disk2/sjh/Outputs/MIntRec2/msz_MIntRec2_multi-class_seed-2_2024-03-02-23-41-20/models
2024-03-02 23:41:20,072 - num_labels: 30
2024-03-02 23:41:20,072 - text_feat_dim: 768
2024-03-02 23:41:20,072 - video_feat_dim: 256
2024-03-02 23:41:20,072 - audio_feat_dim: 768
2024-03-02 23:41:20,072 - text_seq_len: 50
2024-03-02 23:41:20,072 - video_seq_len: 180
2024-03-02 23:41:20,072 - audio_seq_len: 400
2024-03-02 23:41:20,072 - device: cuda:3
2024-03-02 23:41:20,072 - ============================== End Params ==============================
2024-03-02 23:41:20,085 - Generate Text Features Begin...
2024-03-02 23:41:21,651 - Generate Text Features Finished...
2024-03-02 23:41:21,651 - Load Video Features Begin...
2024-03-02 23:41:22,736 - Load Video Features Finished...
2024-03-02 23:41:24,370 - Load Audio Features Begin...
2024-03-02 23:41:27,953 - Load Audio Features Finished...
2024-03-02 23:41:38,329 - method  begins...
2024-03-02 23:41:40,273 - Multimodal intent recognition begins...
2024-03-02 23:41:40,273 - Training begins...
2024-03-02 23:43:32,011 - ***** Epoch: 1: Eval results *****
2024-03-02 23:43:32,011 -   train_loss = 2.2919
2024-03-02 23:43:32,012 -   best_eval_score = 0.0
2024-03-02 23:43:32,012 -   eval_score = 0.3639
2024-03-02 23:45:24,361 - ***** Epoch: 2: Eval results *****
2024-03-02 23:45:24,361 -   train_loss = 1.4431
2024-03-02 23:45:24,361 -   best_eval_score = 0.3639
2024-03-02 23:45:24,361 -   eval_score = 0.4537
2024-03-02 23:47:16,987 - ***** Epoch: 3: Eval results *****
2024-03-02 23:47:16,987 -   train_loss = 1.1039
2024-03-02 23:47:16,987 -   best_eval_score = 0.4537
2024-03-02 23:47:16,987 -   eval_score = 0.4802
2024-03-02 23:49:10,963 - ***** Epoch: 4: Eval results *****
2024-03-02 23:49:10,963 -   train_loss = 0.8018
2024-03-02 23:49:10,963 -   best_eval_score = 0.4802
2024-03-02 23:49:10,963 -   eval_score = 0.4914
2024-03-02 23:51:02,806 - ***** Epoch: 5: Eval results *****
2024-03-02 23:51:02,806 -   train_loss = 0.546
2024-03-02 23:51:02,806 -   best_eval_score = 0.4914
2024-03-02 23:51:02,806 -   eval_score = 0.516
2024-03-02 23:52:54,586 - ***** Epoch: 6: Eval results *****
2024-03-02 23:52:54,586 -   train_loss = 0.3831
2024-03-02 23:52:54,586 -   best_eval_score = 0.516
2024-03-02 23:52:54,587 -   eval_score = 0.5288
2024-03-02 23:54:46,366 - ***** Epoch: 7: Eval results *****
2024-03-02 23:54:46,366 -   train_loss = 0.2705
2024-03-02 23:54:46,366 -   best_eval_score = 0.5288
2024-03-02 23:54:46,366 -   eval_score = 0.499
2024-03-02 23:54:46,366 - EarlyStopping counter: 1 out of 8
2024-03-02 23:56:38,616 - ***** Epoch: 8: Eval results *****
2024-03-02 23:56:38,616 -   train_loss = 0.2083
2024-03-02 23:56:38,616 -   best_eval_score = 0.5288
2024-03-02 23:56:38,616 -   eval_score = 0.4897
2024-03-02 23:56:38,616 - EarlyStopping counter: 2 out of 8
2024-03-02 23:58:30,261 - ***** Epoch: 9: Eval results *****
2024-03-02 23:58:30,261 -   train_loss = 0.1498
2024-03-02 23:58:30,261 -   best_eval_score = 0.5288
2024-03-02 23:58:30,261 -   eval_score = 0.5162
2024-03-02 23:58:30,262 - EarlyStopping counter: 3 out of 8
2024-03-03 00:00:22,628 - ***** Epoch: 10: Eval results *****
2024-03-03 00:00:22,628 -   train_loss = 0.131
2024-03-03 00:00:22,628 -   best_eval_score = 0.5288
2024-03-03 00:00:22,628 -   eval_score = 0.4724
2024-03-03 00:00:22,628 - EarlyStopping counter: 4 out of 8
2024-03-03 00:02:15,291 - ***** Epoch: 11: Eval results *****
2024-03-03 00:02:15,291 -   train_loss = 0.078
2024-03-03 00:02:15,292 -   best_eval_score = 0.5288
2024-03-03 00:02:15,292 -   eval_score = 0.5038
2024-03-03 00:02:15,292 - EarlyStopping counter: 5 out of 8
2024-03-03 00:04:07,169 - ***** Epoch: 12: Eval results *****
2024-03-03 00:04:07,169 -   train_loss = 0.0607
2024-03-03 00:04:07,169 -   best_eval_score = 0.5288
2024-03-03 00:04:07,169 -   eval_score = 0.5048
2024-03-03 00:04:07,169 - EarlyStopping counter: 6 out of 8
2024-03-03 00:05:58,832 - ***** Epoch: 13: Eval results *****
2024-03-03 00:05:58,832 -   train_loss = 0.0576
2024-03-03 00:05:58,832 -   best_eval_score = 0.5288
2024-03-03 00:05:58,832 -   eval_score = 0.5084
2024-03-03 00:05:58,832 - EarlyStopping counter: 7 out of 8
2024-03-03 00:07:51,323 - ***** Epoch: 14: Eval results *****
2024-03-03 00:07:51,323 -   train_loss = 0.0522
2024-03-03 00:07:51,323 -   best_eval_score = 0.5288
2024-03-03 00:07:51,323 -   eval_score = 0.5093
2024-03-03 00:07:51,324 - EarlyStopping counter: 8 out of 8
2024-03-03 00:07:51,324 - EarlyStopping at epoch 14
2024-03-03 00:07:51,324 - Trained models are saved in /home/sharing/disk2/sjh/Outputs/MIntRec2/msz_MIntRec2_multi-class_seed-2_2024-03-02-23-41-20/models
2024-03-03 00:07:52,467 - Training is finished...
2024-03-03 00:07:52,468 - Testing begins...
2024-03-03 00:08:07,120 - ***** Test: Confusion Matrix *****
2024-03-03 00:08:07,126 - [[ 44   0  17   0   0   0   0   0   0   0   2   0   0   0   0   1   0   1
    0   0   0   1   1   0   1   0   0   0   0   0]
 [  0  56   0   0   9   1   2   0   2   0   2   1   3   0   3   0   0   6
    1   5   0   0   1   2   1   1   0   1   0   0]
 [  8   0  40   0   1   0   0   0   0   0   1   0   0   2   2   0   0   3
    2   0   0   1   0   1   3   0   0   0   0   0]
 [  0   0   0  61   0   0   0   0   0   1   0   0   0   0   1   0   2   0
    0   0   0   0   0   0   0   0   0   0   0   0]
 [  0   4   0   0  28   0   0   0   1   0   0   0   0   0   0   0   0   7
    0   4   0   1   0   2   1   0   0   0   0   3]
 [  0   2   0   0   1  22   0   0   0   3   1   0   0   0   2   0   0   2
    0   0   0   0   0   2   0   1   1   0   0   0]
 [  0   1   0   0   0   4  24   9   0   4   2   0   4   0   0   0   0   0
    0   0   0   0   0   0   0   0   0   0   0   0]
 [  0   1   0   0   0   0   5  21   0   4   5   0   6   0   0   0   3   0
    0   0   0   0   1   0   1   0   0   0   0   0]
 [  1   2   1   3   1   0   0   0  21   3   0   0   0   0   9   0   0   1
    0   0   0   1   3   0   2   0   0   1   0   0]
 [  0   0   1   0   0   0   0   0   1  60   0   3   5   0  13   1   0   9
    2   0   0   3   2   1   2   2   0   2   0   0]
 [  2   0   0   0   0   4   5   1   0   2  40   0  26   0   3   0   1   1
    0   4   1   1   0   0   1   0   0   1   0   0]
 [  0   1   0   0   0   0   0   0   0   6   0  22   5   0   2   0   0   3
    1   0   0   0   1   0   1   0   1   4   0   0]
 [  0   2   0   0   1   1   2   7   0  16  27   2  68   0   0   0   4   1
    0   2   1   0   0   0   0   0   0   1   0   0]
 [  0   0   1   0   1   0   0   0   0   2   0   0   0   3   5   1   0   1
    2   0   0   0   1   0   0   0   0   0   0   0]
 [  0   2   1   0   0   1   1   0   2  13   2   1   1   0 121   1   0  21
    6   0   1   0   8   2   3   0   2   4   0   0]
 [  0   0   0   0   0   0   0   0   0   6   0   0   0   0   3   4   0   2
    2   0   1   2   0   0   0   0   0   2   0   0]
 [  0   0   0   0   1   0   0   0   0   0   0   0   1   0   0   1  57   0
    5   0   0   0   0   0   0   0   0   1   0   0]
 [  0   4   1   0   5   3   0   0   2  13   0   0   1   0  21   1   2 119
   17   5   1   4   5   9   0   1   0   2   1   0]
 [  0   1   0   0   0   0   0   0   0   5   1   0   0   0   9   0   1   6
   30   1   3   0   0   0   3   0   0   0   0   0]
 [  0   3   0   0   0   0   2   0   0   0   1   0   0   0   0   0   0   0
    0   9   0   1   0   1   0   0   0   0   0   0]
 [  0   1   2   0   1   0   0   0   1   2   0   1   1   0   1   1   0   2
    7   1   3   0   0   2   1   0   0   2   0   0]
 [  6   1   0   0   1   0   0   0   0   2   0   0   0   0   0   0   5   0
    0   1   0  27   0   5   1   0   2   2   0   0]
 [  0   2   0   1   0   0   0   0   1   8   0   2   0   1  14   0   0   3
    0   0   0   1  64   0   0   8  10   2   0   0]
 [  0   2   1   0   1   0   0   0   0   3   0   0   0   0   0   0   0   7
    1   0   0   4   0  19   0   0   0   0   0   0]
 [  3   0   1   0   0   0   0   0   1   1   0   0   0   0   2   0   0   4
    0   0   0   0   1   0  90   0   0   9   1   0]
 [  1   0   0   0   1   0   0   0   1   0   0   0   0   0   0   0   0   2
    0   0   0   0   1   0   1  24   0   0   0   0]
 [  0   0   0   2   0   0   0   0   0   2   0   0   0   0   0   0   0   4
    0   0   0   0   1   2   0   0   6   0   0   0]
 [  0   2   1   0   0   0   0   0   3   6   3   2   3   0   5   1   0   5
    3   0   2   0   0   0   8   2   0  11   1   0]
 [  0   0   0   0   0   0   0   0   0   0   0   0   0   0   0   0   1   0
    0   0   0   0   0   0   0   0   1   0  56   0]
 [  0   1   0   0   0   0   0   0   2   2   1   1   0   0   0   0   0   3
    1   0   1   0   0   0   1   2   0   1   0   3]]
2024-03-03 00:08:07,126 - ***** Evaluation results *****
2024-03-03 00:08:07,126 -   acc = 0.5671
2024-03-03 00:08:07,127 -   f1 = 0.5179
2024-03-03 00:08:07,127 -   prec = 0.5397
2024-03-03 00:08:07,127 -   rec = 0.5198
2024-03-03 00:08:07,127 - Testing is finished...
2024-03-03 00:08:07,127 - Multimodal intent recognition is finished...
2024-03-03 00:08:07,127 - Results are saved in results/msz.csv
