2024-01-10 03:36:01,138 - ============================== Params ==============================
2024-01-10 03:36:01,138 - logger_name: msz_MIntRec_multi-class_seed-1_2024-01-10-03-36-01
2024-01-10 03:36:01,138 - dataset: MIntRec
2024-01-10 03:36:01,138 - data_mode: multi-class
2024-01-10 03:36:01,138 - method: msz
2024-01-10 03:36:01,138 - text_backbone: bert-base-uncased
2024-01-10 03:36:01,138 - text_backbone_path: /home/sharing/disk1/pretrained_embedding/bert/uncased_L-12_H-768_A-12/
2024-01-10 03:36:01,138 - seed: 1
2024-01-10 03:36:01,138 - num_workers: 8
2024-01-10 03:36:01,138 - gpu_id: 1
2024-01-10 03:36:01,139 - data_path: /home/sharing/disk2/sjh/intentDataset
2024-01-10 03:36:01,139 - train: True
2024-01-10 03:36:01,139 - tune: False
2024-01-10 03:36:01,139 - save_model: False
2024-01-10 03:36:01,139 - save_results: True
2024-01-10 03:36:01,139 - log_path: logs
2024-01-10 03:36:01,139 - cache_path: 
2024-01-10 03:36:01,139 - video_data_path: video_data
2024-01-10 03:36:01,139 - audio_data_path: audio_data
2024-01-10 03:36:01,139 - video_feats_path: video_feats.pkl
2024-01-10 03:36:01,139 - audio_feats_path: audio_feats.pkl
2024-01-10 03:36:01,139 - results_path: results
2024-01-10 03:36:01,139 - output_path: /home/sharing/disk2/sjh/Outputs/MIntRec
2024-01-10 03:36:01,139 - model_path: models
2024-01-10 03:36:01,139 - config_file_name: msz
2024-01-10 03:36:01,139 - results_file_name: msz.csv
2024-01-10 03:36:01,139 - padding_mode: zero
2024-01-10 03:36:01,139 - padding_loc: end
2024-01-10 03:36:01,139 - need_aligned: False
2024-01-10 03:36:01,139 - eval_monitor: f1
2024-01-10 03:36:01,139 - train_batch_size: 16
2024-01-10 03:36:01,139 - eval_batch_size: 8
2024-01-10 03:36:01,139 - test_batch_size: 8
2024-01-10 03:36:01,139 - wait_patience: 8
2024-01-10 03:36:01,139 - nheads: 12
2024-01-10 03:36:01,139 - encoder_layers: 6
2024-01-10 03:36:01,139 - attn_dropout: 0.1
2024-01-10 03:36:01,139 - relu_dropout: 0.1
2024-01-10 03:36:01,139 - embed_dropout: 0.1
2024-01-10 03:36:01,139 - res_dropout: 0.1
2024-01-10 03:36:01,139 - attn_mask: False
2024-01-10 03:36:01,139 - hidden_size: 768
2024-01-10 03:36:01,139 - num_attention_heads: 12
2024-01-10 03:36:01,139 - attention_probs_dropout_prob: 0.1
2024-01-10 03:36:01,139 - hidden_dropout_prob: 0.1
2024-01-10 03:36:01,140 - intermediate_size: 768
2024-01-10 03:36:01,140 - num_hidden_layers: 6
2024-01-10 03:36:01,140 - max_position_embeddings: 768
2024-01-10 03:36:01,140 - position_embedding_type: absolute
2024-01-10 03:36:01,140 - batch_first: True
2024-01-10 03:36:01,140 - hidden_dims: 768
2024-01-10 03:36:01,140 - att_dropouts: [0.2, 0.2, 0.2]
2024-01-10 03:36:01,140 - spe_dropouts: [0.2, 0.1, 0.1]
2024-01-10 03:36:01,140 - aligned_method: conv1d
2024-01-10 03:36:01,140 - grad_clip: 2
2024-01-10 03:36:01,140 - num_train_epochs: 100
2024-01-10 03:36:01,140 - warmup_proportion: 0.1
2024-01-10 03:36:01,140 - lr: 3e-06
2024-01-10 03:36:01,140 - weight_decay: 0.01
2024-01-10 03:36:01,140 - pred_output_path: /home/sharing/disk2/sjh/Outputs/MIntRec/msz_MIntRec_multi-class_seed-1_2024-01-10-03-36-01
2024-01-10 03:36:01,140 - model_output_path: /home/sharing/disk2/sjh/Outputs/MIntRec/msz_MIntRec_multi-class_seed-1_2024-01-10-03-36-01/models
2024-01-10 03:36:01,140 - ============================== End Params ==============================
2024-01-10 03:36:01,143 - Generate Text Features Begin...
2024-01-10 03:36:01,648 - Generate Text Features Finished...
2024-01-10 03:36:01,649 - Load Video Features Begin...
2024-01-10 03:36:01,984 - Load Video Features Finished...
2024-01-10 03:36:02,661 - Load Audio Features Begin...
2024-01-10 03:36:03,760 - Load Audio Features Finished...
2024-01-10 03:36:07,603 - method  begins...
2024-01-10 03:36:13,093 - Multimodal intent recognition begins...
2024-01-10 03:36:13,093 - Training begins...
