2024-01-09 03:23:13,103 - ============================== Params ==============================
2024-01-09 03:23:13,103 - logger_name: msz_MIntRec_multi-class_seed-3_2024-01-09-03-23-13
2024-01-09 03:23:13,104 - dataset: MIntRec
2024-01-09 03:23:13,104 - data_mode: multi-class
2024-01-09 03:23:13,104 - method: msz
2024-01-09 03:23:13,104 - text_backbone: bert-base-uncased
2024-01-09 03:23:13,104 - text_backbone_path: /home/sharing/disk1/pretrained_embedding/bert/uncased_L-12_H-768_A-12/
2024-01-09 03:23:13,104 - seed: 3
2024-01-09 03:23:13,104 - num_workers: 8
2024-01-09 03:23:13,104 - gpu_id: 1
2024-01-09 03:23:13,104 - data_path: /home/sharing/disk2/sjh/intentDataset
2024-01-09 03:23:13,104 - train: True
2024-01-09 03:23:13,104 - tune: False
2024-01-09 03:23:13,104 - save_model: False
2024-01-09 03:23:13,104 - save_results: True
2024-01-09 03:23:13,104 - log_path: logs
2024-01-09 03:23:13,104 - cache_path: 
2024-01-09 03:23:13,104 - video_data_path: video_data
2024-01-09 03:23:13,104 - audio_data_path: audio_data
2024-01-09 03:23:13,104 - video_feats_path: video_feats.pkl
2024-01-09 03:23:13,104 - audio_feats_path: audio_feats.pkl
2024-01-09 03:23:13,104 - results_path: results
2024-01-09 03:23:13,104 - output_path: /home/sharing/disk2/sjh/Outputs/MIntRec
2024-01-09 03:23:13,104 - model_path: models
2024-01-09 03:23:13,104 - config_file_name: msz
2024-01-09 03:23:13,104 - results_file_name: msz.csv
2024-01-09 03:23:13,104 - padding_mode: zero
2024-01-09 03:23:13,104 - padding_loc: end
2024-01-09 03:23:13,104 - need_aligned: False
2024-01-09 03:23:13,104 - eval_monitor: f1
2024-01-09 03:23:13,104 - train_batch_size: 16
2024-01-09 03:23:13,104 - eval_batch_size: 8
2024-01-09 03:23:13,104 - test_batch_size: 8
2024-01-09 03:23:13,104 - wait_patience: 8
2024-01-09 03:23:13,104 - nheads: 12
2024-01-09 03:23:13,104 - encoder_layers: 6
2024-01-09 03:23:13,104 - attn_dropout: 0.1
2024-01-09 03:23:13,104 - relu_dropout: 0.1
2024-01-09 03:23:13,104 - embed_dropout: 0.1
2024-01-09 03:23:13,105 - res_dropout: 0.1
2024-01-09 03:23:13,105 - attn_mask: False
2024-01-09 03:23:13,105 - hidden_size: 768
2024-01-09 03:23:13,105 - num_attention_heads: 12
2024-01-09 03:23:13,105 - attention_probs_dropout_prob: 0.1
2024-01-09 03:23:13,105 - hidden_dropout_prob: 0.1
2024-01-09 03:23:13,105 - intermediate_size: 768
2024-01-09 03:23:13,105 - num_hidden_layers: 6
2024-01-09 03:23:13,105 - max_position_embeddings: 768
2024-01-09 03:23:13,105 - position_embedding_type: absolute
2024-01-09 03:23:13,105 - batch_first: True
2024-01-09 03:23:13,105 - hidden_dims: 768
2024-01-09 03:23:13,105 - att_dropouts: [0.2, 0.2, 0.2]
2024-01-09 03:23:13,105 - spe_dropouts: [0.2, 0.1, 0.1]
2024-01-09 03:23:13,105 - aligned_method: conv1d
2024-01-09 03:23:13,105 - grad_clip: 2
2024-01-09 03:23:13,105 - num_train_epochs: 100
2024-01-09 03:23:13,105 - warmup_proportion: 0.1
2024-01-09 03:23:13,105 - lr: 3e-06
2024-01-09 03:23:13,105 - weight_decay: 0.01
2024-01-09 03:23:13,105 - pred_output_path: /home/sharing/disk2/sjh/Outputs/MIntRec/msz_MIntRec_multi-class_seed-3_2024-01-09-03-23-13
2024-01-09 03:23:13,105 - model_output_path: /home/sharing/disk2/sjh/Outputs/MIntRec/msz_MIntRec_multi-class_seed-3_2024-01-09-03-23-13/models
2024-01-09 03:23:13,105 - ============================== End Params ==============================
2024-01-09 03:23:13,108 - Generate Text Features Begin...
2024-01-09 03:23:13,604 - Generate Text Features Finished...
2024-01-09 03:23:13,604 - Load Video Features Begin...
2024-01-09 03:23:14,273 - Load Video Features Finished...
2024-01-09 03:23:14,848 - Load Audio Features Begin...
2024-01-09 03:23:18,565 - Load Audio Features Finished...
2024-01-09 03:23:22,185 - method  begins...
2024-01-09 03:23:27,468 - Multimodal intent recognition begins...
2024-01-09 03:23:27,468 - Training begins...
2024-01-09 03:24:12,592 - ***** Epoch: 1: Eval results *****
2024-01-09 03:24:12,592 -   train_loss = 2.9325
2024-01-09 03:24:12,592 -   best_eval_score = 0.0
2024-01-09 03:24:12,592 -   eval_score = 0.0269
2024-01-09 03:24:56,133 - ***** Epoch: 2: Eval results *****
2024-01-09 03:24:56,134 -   train_loss = 2.7994
2024-01-09 03:24:56,134 -   best_eval_score = 0.0269
2024-01-09 03:24:56,134 -   eval_score = 0.054
2024-01-09 03:25:39,579 - ***** Epoch: 3: Eval results *****
2024-01-09 03:25:39,579 -   train_loss = 2.5711
2024-01-09 03:25:39,579 -   best_eval_score = 0.054
2024-01-09 03:25:39,579 -   eval_score = 0.1501
2024-01-09 03:26:24,693 - ***** Epoch: 4: Eval results *****
2024-01-09 03:26:24,694 -   train_loss = 2.1202
2024-01-09 03:26:24,694 -   best_eval_score = 0.1501
2024-01-09 03:26:24,694 -   eval_score = 0.3179
2024-01-09 03:27:08,394 - ***** Epoch: 5: Eval results *****
2024-01-09 03:27:08,394 -   train_loss = 1.6229
2024-01-09 03:27:08,394 -   best_eval_score = 0.3179
2024-01-09 03:27:08,394 -   eval_score = 0.5022
2024-01-09 03:27:51,630 - ***** Epoch: 6: Eval results *****
2024-01-09 03:27:51,630 -   train_loss = 1.1745
2024-01-09 03:27:51,631 -   best_eval_score = 0.5022
2024-01-09 03:27:51,631 -   eval_score = 0.5577
2024-01-09 03:28:35,213 - ***** Epoch: 7: Eval results *****
2024-01-09 03:28:35,213 -   train_loss = 0.8054
2024-01-09 03:28:35,213 -   best_eval_score = 0.5577
2024-01-09 03:28:35,213 -   eval_score = 0.59
2024-01-09 03:29:19,103 - ***** Epoch: 8: Eval results *****
2024-01-09 03:29:19,103 -   train_loss = 0.553
2024-01-09 03:29:19,103 -   best_eval_score = 0.59
2024-01-09 03:29:19,104 -   eval_score = 0.6196
2024-01-09 03:30:02,749 - ***** Epoch: 9: Eval results *****
2024-01-09 03:30:02,749 -   train_loss = 0.3685
2024-01-09 03:30:02,749 -   best_eval_score = 0.6196
2024-01-09 03:30:02,749 -   eval_score = 0.6717
2024-01-09 03:30:47,356 - ***** Epoch: 10: Eval results *****
2024-01-09 03:30:47,357 -   train_loss = 0.2528
2024-01-09 03:30:47,357 -   best_eval_score = 0.6717
2024-01-09 03:30:47,357 -   eval_score = 0.675
2024-01-09 03:31:31,047 - ***** Epoch: 11: Eval results *****
2024-01-09 03:31:31,047 -   train_loss = 0.1547
2024-01-09 03:31:31,047 -   best_eval_score = 0.675
2024-01-09 03:31:31,047 -   eval_score = 0.6744
2024-01-09 03:31:31,047 - EarlyStopping counter: 1 out of 8
2024-01-09 03:32:14,380 - ***** Epoch: 12: Eval results *****
2024-01-09 03:32:14,381 -   train_loss = 0.0933
2024-01-09 03:32:14,381 -   best_eval_score = 0.675
2024-01-09 03:32:14,381 -   eval_score = 0.6706
2024-01-09 03:32:14,381 - EarlyStopping counter: 2 out of 8
2024-01-09 03:32:57,856 - ***** Epoch: 13: Eval results *****
2024-01-09 03:32:57,857 -   train_loss = 0.0692
2024-01-09 03:32:57,857 -   best_eval_score = 0.675
2024-01-09 03:32:57,857 -   eval_score = 0.6685
2024-01-09 03:32:57,857 - EarlyStopping counter: 3 out of 8
2024-01-09 03:33:41,988 - ***** Epoch: 14: Eval results *****
2024-01-09 03:33:41,989 -   train_loss = 0.049
2024-01-09 03:33:41,989 -   best_eval_score = 0.675
2024-01-09 03:33:41,989 -   eval_score = 0.6683
2024-01-09 03:33:41,989 - EarlyStopping counter: 4 out of 8
2024-01-09 03:34:25,741 - ***** Epoch: 15: Eval results *****
2024-01-09 03:34:25,741 -   train_loss = 0.0347
2024-01-09 03:34:25,741 -   best_eval_score = 0.675
2024-01-09 03:34:25,742 -   eval_score = 0.6777
2024-01-09 03:35:09,236 - ***** Epoch: 16: Eval results *****
2024-01-09 03:35:09,236 -   train_loss = 0.0294
2024-01-09 03:35:09,237 -   best_eval_score = 0.6777
2024-01-09 03:35:09,237 -   eval_score = 0.6756
2024-01-09 03:35:09,237 - EarlyStopping counter: 1 out of 8
2024-01-09 03:35:52,583 - ***** Epoch: 17: Eval results *****
2024-01-09 03:35:52,583 -   train_loss = 0.0235
2024-01-09 03:35:52,583 -   best_eval_score = 0.6777
2024-01-09 03:35:52,583 -   eval_score = 0.6741
2024-01-09 03:35:52,583 - EarlyStopping counter: 2 out of 8
2024-01-09 03:36:37,158 - ***** Epoch: 18: Eval results *****
2024-01-09 03:36:37,158 -   train_loss = 0.0196
2024-01-09 03:36:37,158 -   best_eval_score = 0.6777
2024-01-09 03:36:37,158 -   eval_score = 0.6672
2024-01-09 03:36:37,158 - EarlyStopping counter: 3 out of 8
2024-01-09 03:37:20,754 - ***** Epoch: 19: Eval results *****
2024-01-09 03:37:20,754 -   train_loss = 0.017
2024-01-09 03:37:20,754 -   best_eval_score = 0.6777
2024-01-09 03:37:20,754 -   eval_score = 0.6726
2024-01-09 03:37:20,754 - EarlyStopping counter: 4 out of 8
2024-01-09 03:38:04,268 - ***** Epoch: 20: Eval results *****
2024-01-09 03:38:04,269 -   train_loss = 0.0177
2024-01-09 03:38:04,269 -   best_eval_score = 0.6777
2024-01-09 03:38:04,269 -   eval_score = 0.6743
2024-01-09 03:38:04,269 - EarlyStopping counter: 5 out of 8
2024-01-09 03:38:47,871 - ***** Epoch: 21: Eval results *****
2024-01-09 03:38:47,871 -   train_loss = 0.0119
2024-01-09 03:38:47,871 -   best_eval_score = 0.6777
2024-01-09 03:38:47,871 -   eval_score = 0.6817
2024-01-09 03:39:31,716 - ***** Epoch: 22: Eval results *****
2024-01-09 03:39:31,716 -   train_loss = 0.0102
2024-01-09 03:39:31,716 -   best_eval_score = 0.6817
2024-01-09 03:39:31,716 -   eval_score = 0.6737
2024-01-09 03:39:31,716 - EarlyStopping counter: 1 out of 8
2024-01-09 03:40:16,714 - ***** Epoch: 23: Eval results *****
2024-01-09 03:40:16,714 -   train_loss = 0.0085
2024-01-09 03:40:16,714 -   best_eval_score = 0.6817
2024-01-09 03:40:16,715 -   eval_score = 0.672
2024-01-09 03:40:16,715 - EarlyStopping counter: 2 out of 8
2024-01-09 03:41:00,591 - ***** Epoch: 24: Eval results *****
2024-01-09 03:41:00,592 -   train_loss = 0.0075
2024-01-09 03:41:00,592 -   best_eval_score = 0.6817
2024-01-09 03:41:00,592 -   eval_score = 0.676
2024-01-09 03:41:00,592 - EarlyStopping counter: 3 out of 8
2024-01-09 03:41:44,378 - ***** Epoch: 25: Eval results *****
2024-01-09 03:41:44,379 -   train_loss = 0.0075
2024-01-09 03:41:44,379 -   best_eval_score = 0.6817
2024-01-09 03:41:44,379 -   eval_score = 0.6734
2024-01-09 03:41:44,379 - EarlyStopping counter: 4 out of 8
2024-01-09 03:42:28,379 - ***** Epoch: 26: Eval results *****
2024-01-09 03:42:28,379 -   train_loss = 0.0058
2024-01-09 03:42:28,379 -   best_eval_score = 0.6817
2024-01-09 03:42:28,379 -   eval_score = 0.6828
2024-01-09 03:43:12,129 - ***** Epoch: 27: Eval results *****
2024-01-09 03:43:12,129 -   train_loss = 0.0056
2024-01-09 03:43:12,129 -   best_eval_score = 0.6828
2024-01-09 03:43:12,129 -   eval_score = 0.68
2024-01-09 03:43:12,129 - EarlyStopping counter: 1 out of 8
2024-01-09 03:43:56,141 - ***** Epoch: 28: Eval results *****
2024-01-09 03:43:56,142 -   train_loss = 0.0049
2024-01-09 03:43:56,142 -   best_eval_score = 0.6828
2024-01-09 03:43:56,142 -   eval_score = 0.6802
2024-01-09 03:43:56,142 - EarlyStopping counter: 2 out of 8
2024-01-09 03:44:40,722 - ***** Epoch: 29: Eval results *****
2024-01-09 03:44:40,722 -   train_loss = 0.0052
2024-01-09 03:44:40,722 -   best_eval_score = 0.6828
2024-01-09 03:44:40,722 -   eval_score = 0.6817
2024-01-09 03:44:40,722 - EarlyStopping counter: 3 out of 8
2024-01-09 03:45:24,168 - ***** Epoch: 30: Eval results *****
2024-01-09 03:45:24,168 -   train_loss = 0.0046
2024-01-09 03:45:24,169 -   best_eval_score = 0.6828
2024-01-09 03:45:24,169 -   eval_score = 0.6741
2024-01-09 03:45:24,169 - EarlyStopping counter: 4 out of 8
2024-01-09 03:46:07,735 - ***** Epoch: 31: Eval results *****
2024-01-09 03:46:07,735 -   train_loss = 0.0069
2024-01-09 03:46:07,735 -   best_eval_score = 0.6828
2024-01-09 03:46:07,735 -   eval_score = 0.6753
2024-01-09 03:46:07,735 - EarlyStopping counter: 5 out of 8
2024-01-09 03:46:51,747 - ***** Epoch: 32: Eval results *****
2024-01-09 03:46:51,747 -   train_loss = 0.0038
2024-01-09 03:46:51,748 -   best_eval_score = 0.6828
2024-01-09 03:46:51,748 -   eval_score = 0.6872
2024-01-09 03:47:35,486 - ***** Epoch: 33: Eval results *****
2024-01-09 03:47:35,486 -   train_loss = 0.0036
2024-01-09 03:47:35,486 -   best_eval_score = 0.6872
2024-01-09 03:47:35,486 -   eval_score = 0.6757
2024-01-09 03:47:35,486 - EarlyStopping counter: 1 out of 8
2024-01-09 03:48:18,943 - ***** Epoch: 34: Eval results *****
2024-01-09 03:48:18,943 -   train_loss = 0.0034
2024-01-09 03:48:18,943 -   best_eval_score = 0.6872
2024-01-09 03:48:18,943 -   eval_score = 0.6838
2024-01-09 03:48:18,943 - EarlyStopping counter: 2 out of 8
2024-01-09 03:49:04,461 - ***** Epoch: 35: Eval results *****
2024-01-09 03:49:04,461 -   train_loss = 0.003
2024-01-09 03:49:04,461 -   best_eval_score = 0.6872
2024-01-09 03:49:04,461 -   eval_score = 0.6796
2024-01-09 03:49:04,461 - EarlyStopping counter: 3 out of 8
2024-01-09 03:49:48,045 - ***** Epoch: 36: Eval results *****
2024-01-09 03:49:48,045 -   train_loss = 0.0028
2024-01-09 03:49:48,045 -   best_eval_score = 0.6872
2024-01-09 03:49:48,045 -   eval_score = 0.6831
2024-01-09 03:49:48,045 - EarlyStopping counter: 4 out of 8
2024-01-09 03:50:31,487 - ***** Epoch: 37: Eval results *****
2024-01-09 03:50:31,487 -   train_loss = 0.0028
2024-01-09 03:50:31,487 -   best_eval_score = 0.6872
2024-01-09 03:50:31,487 -   eval_score = 0.6801
2024-01-09 03:50:31,487 - EarlyStopping counter: 5 out of 8
2024-01-09 03:51:14,605 - ***** Epoch: 38: Eval results *****
2024-01-09 03:51:14,605 -   train_loss = 0.0026
2024-01-09 03:51:14,605 -   best_eval_score = 0.6872
2024-01-09 03:51:14,605 -   eval_score = 0.6794
2024-01-09 03:51:14,605 - EarlyStopping counter: 6 out of 8
2024-01-09 03:51:57,933 - ***** Epoch: 39: Eval results *****
2024-01-09 03:51:57,933 -   train_loss = 0.0023
2024-01-09 03:51:57,933 -   best_eval_score = 0.6872
2024-01-09 03:51:57,933 -   eval_score = 0.6809
2024-01-09 03:51:57,933 - EarlyStopping counter: 7 out of 8
2024-01-09 03:52:41,516 - ***** Epoch: 40: Eval results *****
2024-01-09 03:52:41,516 -   train_loss = 0.0024
2024-01-09 03:52:41,516 -   best_eval_score = 0.6872
2024-01-09 03:52:41,516 -   eval_score = 0.6794
2024-01-09 03:52:41,516 - EarlyStopping counter: 8 out of 8
2024-01-09 03:52:41,516 - EarlyStopping at epoch 40
2024-01-09 03:52:41,520 - Training is finished...
2024-01-09 03:52:41,521 - Testing begins...
2024-01-09 03:52:48,316 - ***** Test: Confusion Matrix *****
2024-01-09 03:52:48,317 - [[36  2  0  0  7  0  3  1  0  1  1  0  4  1  0  0  0  0  0  1]
 [ 0 35  0  1  0  3  0  0  0  0  1  0  2  1  0  0  0  0  0  0]
 [ 1  0 26  0  0  0  0  0  0  0  0  0  0  0  0  0  0  0  0  0]
 [ 0  1  0 24  0  0  0  0  0  0  0  0  0  0  0  0  0  0  0  0]
 [ 5  0  0  0 10  0  2  0  1  0  0  1  1  1  0  0  0  2  0  0]
 [ 0  0  0  0  0 11  0  0  0  0  0  0  1  0  0  0  0  0  0  0]
 [ 1  1  0  0  4  0  1  0  2  0  0  1  1  0  0  1  0  0  0  0]
 [ 3  0  0  0  0  1  0  6  0  0  0  0  0  0  0  0  0  0  0  0]
 [ 1  0  0  0  0  0  0  1  5  0  0  0  0  2  0  1  0  0  0  0]
 [ 1  0  0  0  0  0  0  0  0  4  0  0  0  0  0  2  0  2  0  1]
 [ 0  1  0  0  0  0  0  0  0  2 14  0  0  0  1  0  0  0  0  0]
 [ 0  0  0  0  0  0  1  0  0  0  0 17  0  0  0  0  0  0  0  1]
 [ 4  3  0  0  1  0  0  1  0  0  0  1 36  4  4  0  2  0  1  0]
 [ 0  1  0  0  0  0  2  0  0  0  1  1  1 18  1  0  0  0  0  0]
 [ 0  0  0  0  1  0  0  0  1  0  0  0  0  1 17  0  1  0  0  1]
 [ 0  0  0  0  0  0  0  1  1  0  0  0  4  1  0 14  0  0  0  0]
 [ 0  0  0  0  0  0  0  0  0  0  0  0  3  0  2  0 12  0  0  0]
 [ 0  0  0  0  0  0  0  0  0  1  1  0  1  0  0  0  0 12  0  0]
 [ 0  0  0  0  0  0  0  0  0  0  0  0  2  0  0  1  0  0  9  0]
 [ 1  0  0  0  0  0  0  0  0  0  0  0  0  1  1  0  1  0  0  6]]
2024-01-09 03:52:48,317 - ***** Evaluation results *****
2024-01-09 03:52:48,317 -   acc = 0.7034
2024-01-09 03:52:48,317 -   f1 = 0.6769
2024-01-09 03:52:48,317 -   prec = 0.6767
2024-01-09 03:52:48,317 -   rec = 0.6811
2024-01-09 03:52:48,317 - Testing is finished...
2024-01-09 03:52:48,317 - Multimodal intent recognition is finished...
2024-01-09 03:52:48,317 - Results are saved in results/msz.csv
