2024-03-03 15:18:34,623 - ============================== Params ==============================
2024-03-03 15:18:34,623 - logger_name: msz_MIntRec2_multi-class_seed-1_2024-03-03-15-18-34
2024-03-03 15:18:34,623 - dataset: MIntRec2
2024-03-03 15:18:34,623 - data_mode: multi-class
2024-03-03 15:18:34,623 - method: msz
2024-03-03 15:18:34,623 - text_backbone: bert-base-uncased
2024-03-03 15:18:34,624 - text_backbone_path: /home/sharing/disk1/pretrained_embedding/bert/uncased_L-12_H-768_A-12/
2024-03-03 15:18:34,624 - seed: 1
2024-03-03 15:18:34,624 - num_workers: 8
2024-03-03 15:18:34,624 - gpu_id: 3
2024-03-03 15:18:34,624 - data_path: /home/sharing/disk2/sjh/intentDataset
2024-03-03 15:18:34,624 - train: True
2024-03-03 15:18:34,624 - tune: True
2024-03-03 15:18:34,624 - save_model: True
2024-03-03 15:18:34,624 - save_results: True
2024-03-03 15:18:34,624 - log_path: logs
2024-03-03 15:18:34,624 - cache_path: 
2024-03-03 15:18:34,624 - video_data_path: video_data
2024-03-03 15:18:34,624 - audio_data_path: audio_data
2024-03-03 15:18:34,624 - video_feats_path: video_feats.pkl
2024-03-03 15:18:34,624 - audio_feats_path: audio_feats.pkl
2024-03-03 15:18:34,624 - results_path: results
2024-03-03 15:18:34,624 - output_path: /home/sharing/disk2/sjh/Outputs/MIntRec2
2024-03-03 15:18:34,624 - model_path: models
2024-03-03 15:18:34,624 - config_file_name: msz_MIntRec2
2024-03-03 15:18:34,624 - results_file_name: msz.csv
2024-03-03 15:18:34,624 - padding_mode: zero
2024-03-03 15:18:34,624 - padding_loc: end
2024-03-03 15:18:34,624 - need_aligned: False
2024-03-03 15:18:34,624 - eval_monitor: f1
2024-03-03 15:18:34,624 - train_batch_size: 16
2024-03-03 15:18:34,624 - eval_batch_size: 8
2024-03-03 15:18:34,624 - test_batch_size: 8
2024-03-03 15:18:34,624 - wait_patience: 8
2024-03-03 15:18:34,624 - hidden_dims: 768
2024-03-03 15:18:34,624 - num_attention_heads: 12
2024-03-03 15:18:34,624 - attention_probs_dropout_prob: 0.2
2024-03-03 15:18:34,624 - hidden_dropout_prob: 0.2
2024-03-03 15:18:34,624 - intermediate_size: 768
2024-03-03 15:18:34,624 - num_hidden_layers: 10
2024-03-03 15:18:34,624 - max_position_embeddings: 768
2024-03-03 15:18:34,624 - position_embedding_type: absolute
2024-03-03 15:18:34,624 - batch_first: True
2024-03-03 15:18:34,624 - dropout: 0.1
2024-03-03 15:18:34,624 - aligned_method: conv1d
2024-03-03 15:18:34,624 - num_train_epochs: 100
2024-03-03 15:18:34,624 - lr: 9e-06
2024-03-03 15:18:34,624 - pred_output_path: /home/sharing/disk2/sjh/Outputs/MIntRec2/msz_MIntRec2_multi-class_seed-1_2024-03-03-15-18-34
2024-03-03 15:18:34,625 - model_output_path: /home/sharing/disk2/sjh/Outputs/MIntRec2/msz_MIntRec2_multi-class_seed-1_2024-03-03-15-18-34/models
2024-03-03 15:18:34,625 - num_labels: 30
2024-03-03 15:18:34,625 - text_feat_dim: 768
2024-03-03 15:18:34,625 - video_feat_dim: 256
2024-03-03 15:18:34,625 - audio_feat_dim: 768
2024-03-03 15:18:34,625 - text_seq_len: 50
2024-03-03 15:18:34,625 - video_seq_len: 180
2024-03-03 15:18:34,625 - audio_seq_len: 400
2024-03-03 15:18:34,625 - device: cuda:3
2024-03-03 15:18:34,625 - ============================== End Params ==============================
2024-03-03 15:18:34,638 - Generate Text Features Begin...
2024-03-03 15:18:36,258 - Generate Text Features Finished...
2024-03-03 15:18:36,259 - Load Video Features Begin...
2024-03-03 15:18:37,228 - Load Video Features Finished...
2024-03-03 15:18:38,860 - Load Audio Features Begin...
2024-03-03 15:18:42,561 - Load Audio Features Finished...
2024-03-03 15:18:52,974 - method  begins...
2024-03-03 15:18:54,878 - Multimodal intent recognition begins...
2024-03-03 15:18:54,878 - Training begins...
2024-03-03 15:20:45,085 - ***** Epoch: 1: Eval results *****
2024-03-03 15:20:45,085 -   train_loss = 2.1382
2024-03-03 15:20:45,085 -   best_eval_score = 0.0
2024-03-03 15:20:45,085 -   eval_score = 0.4056
2024-03-03 15:22:34,452 - ***** Epoch: 2: Eval results *****
2024-03-03 15:22:34,453 -   train_loss = 1.3365
2024-03-03 15:22:34,453 -   best_eval_score = 0.4056
2024-03-03 15:22:34,453 -   eval_score = 0.4724
2024-03-03 15:24:23,794 - ***** Epoch: 3: Eval results *****
2024-03-03 15:24:23,794 -   train_loss = 0.9899
2024-03-03 15:24:23,794 -   best_eval_score = 0.4724
2024-03-03 15:24:23,794 -   eval_score = 0.4943
2024-03-03 15:26:13,211 - ***** Epoch: 4: Eval results *****
2024-03-03 15:26:13,212 -   train_loss = 0.7161
2024-03-03 15:26:13,212 -   best_eval_score = 0.4943
2024-03-03 15:26:13,212 -   eval_score = 0.4915
2024-03-03 15:26:13,212 - EarlyStopping counter: 1 out of 8
2024-03-03 15:28:02,683 - ***** Epoch: 5: Eval results *****
2024-03-03 15:28:02,683 -   train_loss = 0.4801
2024-03-03 15:28:02,683 -   best_eval_score = 0.4943
2024-03-03 15:28:02,683 -   eval_score = 0.5046
2024-03-03 15:29:52,119 - ***** Epoch: 6: Eval results *****
2024-03-03 15:29:52,120 -   train_loss = 0.3172
2024-03-03 15:29:52,120 -   best_eval_score = 0.5046
2024-03-03 15:29:52,120 -   eval_score = 0.4923
2024-03-03 15:29:52,120 - EarlyStopping counter: 1 out of 8
2024-03-03 15:31:42,473 - ***** Epoch: 7: Eval results *****
2024-03-03 15:31:42,473 -   train_loss = 0.2258
2024-03-03 15:31:42,473 -   best_eval_score = 0.5046
2024-03-03 15:31:42,474 -   eval_score = 0.4997
2024-03-03 15:31:42,474 - EarlyStopping counter: 2 out of 8
2024-03-03 15:33:32,249 - ***** Epoch: 8: Eval results *****
2024-03-03 15:33:32,249 -   train_loss = 0.1583
2024-03-03 15:33:32,249 -   best_eval_score = 0.5046
2024-03-03 15:33:32,249 -   eval_score = 0.4902
2024-03-03 15:33:32,249 - EarlyStopping counter: 3 out of 8
2024-03-03 15:35:23,484 - ***** Epoch: 9: Eval results *****
2024-03-03 15:35:23,484 -   train_loss = 0.1152
2024-03-03 15:35:23,484 -   best_eval_score = 0.5046
2024-03-03 15:35:23,484 -   eval_score = 0.5087
2024-03-03 15:37:14,673 - ***** Epoch: 10: Eval results *****
2024-03-03 15:37:14,673 -   train_loss = 0.132
2024-03-03 15:37:14,673 -   best_eval_score = 0.5087
2024-03-03 15:37:14,673 -   eval_score = 0.5092
2024-03-03 15:39:04,799 - ***** Epoch: 11: Eval results *****
2024-03-03 15:39:04,799 -   train_loss = 0.0643
2024-03-03 15:39:04,799 -   best_eval_score = 0.5092
2024-03-03 15:39:04,799 -   eval_score = 0.5147
2024-03-03 15:40:54,675 - ***** Epoch: 12: Eval results *****
2024-03-03 15:40:54,675 -   train_loss = 0.0545
2024-03-03 15:40:54,675 -   best_eval_score = 0.5147
2024-03-03 15:40:54,675 -   eval_score = 0.5238
2024-03-03 15:42:44,557 - ***** Epoch: 13: Eval results *****
2024-03-03 15:42:44,557 -   train_loss = 0.0455
2024-03-03 15:42:44,557 -   best_eval_score = 0.5238
2024-03-03 15:42:44,557 -   eval_score = 0.517
2024-03-03 15:42:44,557 - EarlyStopping counter: 1 out of 8
2024-03-03 15:44:34,103 - ***** Epoch: 14: Eval results *****
2024-03-03 15:44:34,103 -   train_loss = 0.0459
2024-03-03 15:44:34,103 -   best_eval_score = 0.5238
2024-03-03 15:44:34,103 -   eval_score = 0.5195
2024-03-03 15:44:34,103 - EarlyStopping counter: 2 out of 8
2024-03-03 15:46:23,664 - ***** Epoch: 15: Eval results *****
2024-03-03 15:46:23,665 -   train_loss = 0.0423
2024-03-03 15:46:23,665 -   best_eval_score = 0.5238
2024-03-03 15:46:23,665 -   eval_score = 0.5069
2024-03-03 15:46:23,665 - EarlyStopping counter: 3 out of 8
2024-03-03 15:48:13,022 - ***** Epoch: 16: Eval results *****
2024-03-03 15:48:13,022 -   train_loss = 0.0404
2024-03-03 15:48:13,022 -   best_eval_score = 0.5238
2024-03-03 15:48:13,022 -   eval_score = 0.5143
2024-03-03 15:48:13,022 - EarlyStopping counter: 4 out of 8
2024-03-03 15:50:02,838 - ***** Epoch: 17: Eval results *****
2024-03-03 15:50:02,838 -   train_loss = 0.0393
2024-03-03 15:50:02,838 -   best_eval_score = 0.5238
2024-03-03 15:50:02,838 -   eval_score = 0.515
2024-03-03 15:50:02,839 - EarlyStopping counter: 5 out of 8
2024-03-03 15:51:51,677 - ***** Epoch: 18: Eval results *****
2024-03-03 15:51:51,678 -   train_loss = 0.0387
2024-03-03 15:51:51,678 -   best_eval_score = 0.5238
2024-03-03 15:51:51,678 -   eval_score = 0.5117
2024-03-03 15:51:51,678 - EarlyStopping counter: 6 out of 8
2024-03-03 15:53:40,870 - ***** Epoch: 19: Eval results *****
2024-03-03 15:53:40,871 -   train_loss = 0.0368
2024-03-03 15:53:40,871 -   best_eval_score = 0.5238
2024-03-03 15:53:40,871 -   eval_score = 0.5093
2024-03-03 15:53:40,871 - EarlyStopping counter: 7 out of 8
2024-03-03 15:55:30,898 - ***** Epoch: 20: Eval results *****
2024-03-03 15:55:30,898 -   train_loss = 0.0343
2024-03-03 15:55:30,898 -   best_eval_score = 0.5238
2024-03-03 15:55:30,898 -   eval_score = 0.5133
2024-03-03 15:55:30,898 - EarlyStopping counter: 8 out of 8
2024-03-03 15:55:30,898 - EarlyStopping at epoch 20
2024-03-03 15:55:30,899 - Trained models are saved in /home/sharing/disk2/sjh/Outputs/MIntRec2/msz_MIntRec2_multi-class_seed-1_2024-03-03-15-18-34/models
2024-03-03 15:55:32,514 - Training is finished...
2024-03-03 15:55:32,516 - Testing begins...
2024-03-03 15:55:47,269 - ***** Test: Confusion Matrix *****
2024-03-03 15:55:47,270 - [[ 48   0  13   0   0   0   0   0   1   0   2   0   0   0   0   0   0   1
    0   0   0   1   1   1   0   0   0   0   0   0]
 [  0  55   0   0   9   1   5   0   2   0   1   0   4   0   4   0   0   8
    0   0   0   3   1   0   1   0   0   3   0   0]
 [ 13   0  38   0   1   0   0   0   0   0   1   0   0   1   1   1   0   2
    1   0   0   1   0   1   3   0   0   0   0   0]
 [  0   0   0  60   0   0   0   1   0   2   0   0   0   0   0   0   0   0
    0   0   0   0   0   0   0   0   0   1   0   1]
 [  0   2   0   0  30   3   0   0   1   0   0   0   0   0   0   0   0   5
    0   1   0   4   0   0   1   0   0   2   0   2]
 [  0   1   0   0   2  21   0   1   0   2   0   0   1   0   2   0   0   4
    0   0   0   0   0   1   0   1   0   0   0   1]
 [  0   1   0   0   0   4  26   8   0   2   3   0   4   0   0   0   0   0
    0   0   0   0   0   0   0   0   0   0   0   0]
 [  0   0   0   0   0   0   6  24   0   1   6   0   6   0   0   0   2   0
    0   0   0   0   1   0   0   0   0   1   0   0]
 [  1   2   1   3   1   0   0   0  24   1   0   0   0   1   4   0   0   6
    0   0   0   0   3   0   1   0   0   0   0   1]
 [  0   0   1   1   0   0   0   0   2  47   0   8   8   1  11   1   0  10
    1   0   1   2   3   1   2   1   1   5   0   0]
 [  0   1   0   0   1   4   6   4   2   0  43   0  25   0   1   0   1   1
    0   2   1   0   0   0   1   0   0   0   0   0]
 [  0   1   0   0   0   0   0   0   1   4   0  18   8   0   1   0   0   2
    2   0   0   0   2   0   0   0   0   6   0   2]
 [  0   2   0   0   0   0   5  10   0   6  22   0  82   1   0   0   2   1
    0   1   0   0   0   0   0   0   0   3   0   0]
 [  0   0   1   0   1   0   0   0   0   3   0   0   0   2   3   2   0   2
    1   0   0   1   1   0   0   0   0   0   0   0]
 [  0   2   2   0   1   1   1   0   4  11   2   2   0   4 121   1   0  18
    2   0   1   1  11   0   3   0   0   5   0   0]
 [  0   0   1   0   0   0   0   0   0   3   0   0   0   1   3   4   0   3
    2   0   2   1   0   0   0   0   0   1   1   0]
 [  0   0   0   0   1   0   0   1   0   0   2   0   1   0   0   0  55   1
    3   0   0   0   0   0   2   0   0   0   0   0]
 [  0   6   2   0   6   5   0   0   1  15   0   0   1   4  17   4   1 111
   12   1   3   6   6   7   1   2   0   2   1   3]
 [  0   3   0   0   0   0   0   0   1   5   1   0   0   1   7   1   2   6
   29   1   1   0   0   1   1   0   0   0   0   0]
 [  0   5   0   0   0   0   2   0   0   0   2   0   0   0   1   0   0   1
    0   4   0   2   0   0   0   0   0   0   0   0]
 [  0   1   2   0   1   0   0   0   0   1   0   1   1   0   4   0   0   4
    3   0   4   0   0   1   1   0   0   5   0   0]
 [  6   0   0   0   0   0   0   0   1   2   0   0   0   0   1   0   4   0
    0   1   0  26   0   7   1   1   0   2   0   1]
 [  0   1   0   1   0   1   0   0   0   4   0   3   0   2  10   0   0   3
    0   0   0   2  78   0   1   3   7   1   0   0]
 [  0   2   1   0   0   1   0   0   0   2   0   0   0   0   1   0   0   6
    0   0   1   2   0  22   0   0   0   0   0   0]
 [  2   0   1   0   0   0   1   0   1   1   0   1   0   2   2   1   0   2
    0   0   0   2   1   1  83   0   0  11   1   0]
 [  1   1   0   0   0   0   0   0   0   0   0   0   0   0   0   0   0   2
    0   0   0   0   2   0   1  21   1   0   0   2]
 [  0   0   0   0   0   0   0   0   0   2   0   0   0   0   1   0   0   5
    0   0   0   1   1   0   0   0   5   0   2   0]
 [  0   2   1   0   0   0   0   1   2   6   2   6   3   2   4   1   0   3
    1   0   4   0   1   0   5   1   1  10   1   1]
 [  0   0   0   1   0   0   0   0   0   0   0   0   0   0   0   0   1   0
    0   0   0   0   0   0   0   0   0   0  56   0]
 [  0   3   0   0   1   0   0   0   0   1   1   2   0   0   0   0   0   2
    1   0   0   1   0   0   0   1   0   0   0   6]]
2024-03-03 15:55:47,271 - ***** Evaluation results *****
2024-03-03 15:55:47,271 -   acc = 0.5671
2024-03-03 15:55:47,271 -   f1 = 0.5129
2024-03-03 15:55:47,271 -   prec = 0.5156
2024-03-03 15:55:47,271 -   rec = 0.5134
2024-03-03 15:55:47,271 - Testing is finished...
2024-03-03 15:55:47,271 - Multimodal intent recognition is finished...
2024-03-03 15:55:47,271 - Results are saved in results/msz.csv
