2024-01-04 03:34:38,369 - ============================== Params ==============================
2024-01-04 03:34:38,369 - logger_name: msz_MIntRec_multi-class_seed-0_2024-01-04-03-34-38
2024-01-04 03:34:38,369 - dataset: MIntRec
2024-01-04 03:34:38,369 - data_mode: multi-class
2024-01-04 03:34:38,369 - method: msz
2024-01-04 03:34:38,369 - text_backbone: bert-base-uncased
2024-01-04 03:34:38,369 - text_backbone_path: /home/sharing/disk1/pretrained_embedding/bert/uncased_L-12_H-768_A-12/
2024-01-04 03:34:38,369 - seed: 0
2024-01-04 03:34:38,369 - num_workers: 8
2024-01-04 03:34:38,369 - gpu_id: 1
2024-01-04 03:34:38,369 - data_path: /home/sharing/disk2/sjh/intentDataset
2024-01-04 03:34:38,369 - train: True
2024-01-04 03:34:38,369 - tune: False
2024-01-04 03:34:38,369 - save_model: False
2024-01-04 03:34:38,369 - save_results: True
2024-01-04 03:34:38,369 - log_path: logs
2024-01-04 03:34:38,369 - cache_path: 
2024-01-04 03:34:38,369 - video_data_path: video_data
2024-01-04 03:34:38,369 - audio_data_path: audio_data
2024-01-04 03:34:38,369 - video_feats_path: video_feats.pkl
2024-01-04 03:34:38,369 - audio_feats_path: audio_feats.pkl
2024-01-04 03:34:38,369 - results_path: results
2024-01-04 03:34:38,369 - output_path: /home/sujianhua/Outputs/MIntRec
2024-01-04 03:34:38,369 - model_path: models
2024-01-04 03:34:38,369 - config_file_name: msz
2024-01-04 03:34:38,369 - results_file_name: msz.csv
2024-01-04 03:34:38,369 - padding_mode: zero
2024-01-04 03:34:38,369 - padding_loc: end
2024-01-04 03:34:38,369 - need_aligned: False
2024-01-04 03:34:38,369 - eval_monitor: f1
2024-01-04 03:34:38,369 - train_batch_size: 16
2024-01-04 03:34:38,370 - eval_batch_size: 8
2024-01-04 03:34:38,370 - test_batch_size: 8
2024-01-04 03:34:38,370 - wait_patience: 8
2024-01-04 03:34:38,370 - nheads: 2
2024-01-04 03:34:38,370 - encoder_layers: 2
2024-01-04 03:34:38,370 - attn_dropout: 0.1
2024-01-04 03:34:38,370 - relu_dropout: 0.1
2024-01-04 03:34:38,370 - embed_dropout: 0.1
2024-01-04 03:34:38,370 - res_dropout: 0.1
2024-01-04 03:34:38,370 - attn_mask: False
2024-01-04 03:34:38,370 - hidden_size: 768
2024-01-04 03:34:38,370 - num_attention_heads: 12
2024-01-04 03:34:38,370 - attention_probs_dropout_prob: 0.2
2024-01-04 03:34:38,370 - hidden_dropout_prob: 0.2
2024-01-04 03:34:38,370 - intermediate_size: 768
2024-01-04 03:34:38,370 - num_hidden_layers: 3
2024-01-04 03:34:38,370 - max_position_embeddings: 512
2024-01-04 03:34:38,370 - position_embedding_type: absolute
2024-01-04 03:34:38,370 - batch_first: True
2024-01-04 03:34:38,370 - hidden_dims: 768
2024-01-04 03:34:38,370 - att_dropouts: [0.2, 0.2, 0.2]
2024-01-04 03:34:38,370 - spe_dropouts: [0.1, 0.1, 0.1]
2024-01-04 03:34:38,370 - ta_loss: 0.1
2024-01-04 03:34:38,370 - tv_loss: 0.1
2024-01-04 03:34:38,370 - av_loss: 0.1
2024-01-04 03:34:38,370 - aligned_method: conv1d
2024-01-04 03:34:38,370 - grad_clip: -1
2024-01-04 03:34:38,370 - num_train_epochs: 100
2024-01-04 03:34:38,370 - warmup_proportion: 0.1
2024-01-04 03:34:38,370 - lr: 1e-06
2024-01-04 03:34:38,370 - weight_decay: 0.01
2024-01-04 03:34:38,370 - pred_output_path: /home/sujianhua/Outputs/MIntRec/msz_MIntRec_multi-class_seed-0_2024-01-04-03-34-38
2024-01-04 03:34:38,370 - model_output_path: /home/sujianhua/Outputs/MIntRec/msz_MIntRec_multi-class_seed-0_2024-01-04-03-34-38/models
2024-01-04 03:34:38,370 - ============================== End Params ==============================
2024-01-04 03:34:38,372 - Generate Text Features Begin...
2024-01-04 03:34:38,783 - Generate Text Features Finished...
2024-01-04 03:34:38,784 - Load Video Features Begin...
2024-01-04 03:36:31,667 - Load Video Features Finished...
2024-01-04 03:36:32,228 - Load Audio Features Begin...
2024-01-04 03:42:42,638 - Load Audio Features Finished...
2024-01-04 03:42:46,399 - method  begins...
2024-01-04 03:43:14,946 - Multimodal intent recognition begins...
2024-01-04 03:43:14,946 - Training begins...
