2024-01-04 12:18:20,128 - ============================== Params ==============================
2024-01-04 12:18:20,128 - logger_name: msz_MIntRec_multi-class_seed-0_2024-01-04-12-18-20
2024-01-04 12:18:20,128 - dataset: MIntRec
2024-01-04 12:18:20,128 - data_mode: multi-class
2024-01-04 12:18:20,128 - method: msz
2024-01-04 12:18:20,128 - text_backbone: bert-base-uncased
2024-01-04 12:18:20,128 - text_backbone_path: /home/sharing/disk1/pretrained_embedding/bert/uncased_L-12_H-768_A-12/
2024-01-04 12:18:20,128 - seed: 0
2024-01-04 12:18:20,128 - num_workers: 8
2024-01-04 12:18:20,128 - gpu_id: 1
2024-01-04 12:18:20,128 - data_path: /home/sharing/disk2/sjh/intentDataset
2024-01-04 12:18:20,128 - train: True
2024-01-04 12:18:20,128 - tune: False
2024-01-04 12:18:20,128 - save_model: False
2024-01-04 12:18:20,128 - save_results: True
2024-01-04 12:18:20,128 - log_path: logs
2024-01-04 12:18:20,128 - cache_path: 
2024-01-04 12:18:20,128 - video_data_path: video_data
2024-01-04 12:18:20,128 - audio_data_path: audio_data
2024-01-04 12:18:20,128 - video_feats_path: video_feats.pkl
2024-01-04 12:18:20,128 - audio_feats_path: audio_feats.pkl
2024-01-04 12:18:20,128 - results_path: results
2024-01-04 12:18:20,128 - output_path: /home/sujianhua/Outputs/MIntRec
2024-01-04 12:18:20,128 - model_path: models
2024-01-04 12:18:20,129 - config_file_name: msz
2024-01-04 12:18:20,129 - results_file_name: msz.csv
2024-01-04 12:18:20,129 - padding_mode: zero
2024-01-04 12:18:20,129 - padding_loc: end
2024-01-04 12:18:20,129 - need_aligned: False
2024-01-04 12:18:20,129 - eval_monitor: f1
2024-01-04 12:18:20,129 - train_batch_size: 16
2024-01-04 12:18:20,129 - eval_batch_size: 8
2024-01-04 12:18:20,129 - test_batch_size: 8
2024-01-04 12:18:20,129 - wait_patience: 8
2024-01-04 12:18:20,129 - nheads: 2
2024-01-04 12:18:20,129 - encoder_layers: 2
2024-01-04 12:18:20,129 - attn_dropout: 0.1
2024-01-04 12:18:20,129 - relu_dropout: 0.1
2024-01-04 12:18:20,129 - embed_dropout: 0.1
2024-01-04 12:18:20,129 - res_dropout: 0.1
2024-01-04 12:18:20,129 - attn_mask: False
2024-01-04 12:18:20,129 - hidden_size: 768
2024-01-04 12:18:20,129 - num_attention_heads: 12
2024-01-04 12:18:20,129 - attention_probs_dropout_prob: 0.2
2024-01-04 12:18:20,129 - hidden_dropout_prob: 0.2
2024-01-04 12:18:20,129 - intermediate_size: 768
2024-01-04 12:18:20,129 - num_hidden_layers: 3
2024-01-04 12:18:20,129 - max_position_embeddings: 512
2024-01-04 12:18:20,129 - position_embedding_type: absolute
2024-01-04 12:18:20,129 - batch_first: True
2024-01-04 12:18:20,129 - hidden_dims: 768
2024-01-04 12:18:20,129 - att_dropouts: [0.2, 0.2, 0.2]
2024-01-04 12:18:20,129 - spe_dropouts: [0.1, 0.1, 0.1]
2024-01-04 12:18:20,129 - ta_loss: 0.1
2024-01-04 12:18:20,129 - tv_loss: 0.1
2024-01-04 12:18:20,129 - av_loss: 0.1
2024-01-04 12:18:20,129 - aligned_method: conv1d
2024-01-04 12:18:20,129 - grad_clip: -1
2024-01-04 12:18:20,129 - num_train_epochs: 100
2024-01-04 12:18:20,129 - warmup_proportion: 0.1
2024-01-04 12:18:20,129 - lr: 1e-06
2024-01-04 12:18:20,129 - weight_decay: 0.01
2024-01-04 12:18:20,129 - pred_output_path: /home/sujianhua/Outputs/MIntRec/msz_MIntRec_multi-class_seed-0_2024-01-04-12-18-20
2024-01-04 12:18:20,129 - model_output_path: /home/sujianhua/Outputs/MIntRec/msz_MIntRec_multi-class_seed-0_2024-01-04-12-18-20/models
2024-01-04 12:18:20,129 - ============================== End Params ==============================
2024-01-04 12:18:20,948 - Generate Text Features Begin...
2024-01-04 12:18:21,384 - Generate Text Features Finished...
2024-01-04 12:18:21,385 - Load Video Features Begin...
2024-01-04 12:19:45,523 - Load Video Features Finished...
2024-01-04 12:19:46,141 - Load Audio Features Begin...
2024-01-04 12:20:51,390 - Load Audio Features Finished...
2024-01-04 12:20:54,903 - method  begins...
2024-01-04 12:21:04,593 - Multimodal intent recognition begins...
2024-01-04 12:21:04,593 - Training begins...
2024-01-04 12:21:27,595 - ***** Epoch: 1: Eval results *****
2024-01-04 12:21:27,596 -   train_loss = 2.9934
2024-01-04 12:21:27,596 -   best_eval_score = 0.0
2024-01-04 12:21:27,596 -   eval_score = 0.0457
2024-01-04 12:21:48,963 - ***** Epoch: 2: Eval results *****
2024-01-04 12:21:48,964 -   train_loss = 2.9299
2024-01-04 12:21:48,964 -   best_eval_score = 0.0457
2024-01-04 12:21:48,964 -   eval_score = 0.0351
2024-01-04 12:21:48,964 - EarlyStopping counter: 1 out of 8
2024-01-04 12:22:10,013 - ***** Epoch: 3: Eval results *****
2024-01-04 12:22:10,013 -   train_loss = 2.8196
2024-01-04 12:22:10,013 -   best_eval_score = 0.0457
2024-01-04 12:22:10,013 -   eval_score = 0.057
2024-01-04 12:22:31,252 - ***** Epoch: 4: Eval results *****
2024-01-04 12:22:31,252 -   train_loss = 2.6459
2024-01-04 12:22:31,252 -   best_eval_score = 0.057
2024-01-04 12:22:31,252 -   eval_score = 0.1544
2024-01-04 12:22:52,080 - ***** Epoch: 5: Eval results *****
2024-01-04 12:22:52,080 -   train_loss = 2.3545
2024-01-04 12:22:52,080 -   best_eval_score = 0.1544
2024-01-04 12:22:52,080 -   eval_score = 0.2006
2024-01-04 12:23:13,593 - ***** Epoch: 6: Eval results *****
2024-01-04 12:23:13,593 -   train_loss = 1.9892
2024-01-04 12:23:13,593 -   best_eval_score = 0.2006
2024-01-04 12:23:13,593 -   eval_score = 0.2945
2024-01-04 12:23:34,676 - ***** Epoch: 7: Eval results *****
2024-01-04 12:23:34,676 -   train_loss = 1.5942
2024-01-04 12:23:34,676 -   best_eval_score = 0.2945
2024-01-04 12:23:34,676 -   eval_score = 0.4554
2024-01-04 12:23:55,701 - ***** Epoch: 8: Eval results *****
2024-01-04 12:23:55,701 -   train_loss = 1.2727
2024-01-04 12:23:55,701 -   best_eval_score = 0.4554
2024-01-04 12:23:55,701 -   eval_score = 0.5142
2024-01-04 12:24:16,751 - ***** Epoch: 9: Eval results *****
2024-01-04 12:24:16,751 -   train_loss = 1.0012
2024-01-04 12:24:16,751 -   best_eval_score = 0.5142
2024-01-04 12:24:16,751 -   eval_score = 0.5546
2024-01-04 12:24:38,094 - ***** Epoch: 10: Eval results *****
2024-01-04 12:24:38,095 -   train_loss = 0.793
2024-01-04 12:24:38,095 -   best_eval_score = 0.5546
2024-01-04 12:24:38,095 -   eval_score = 0.5194
2024-01-04 12:24:38,095 - EarlyStopping counter: 1 out of 8
2024-01-04 12:24:58,981 - ***** Epoch: 11: Eval results *****
2024-01-04 12:24:58,981 -   train_loss = 0.4936
2024-01-04 12:24:58,981 -   best_eval_score = 0.5546
2024-01-04 12:24:58,981 -   eval_score = 0.6283
2024-01-04 12:25:19,806 - ***** Epoch: 12: Eval results *****
2024-01-04 12:25:19,807 -   train_loss = 0.4255
2024-01-04 12:25:19,807 -   best_eval_score = 0.6283
2024-01-04 12:25:19,807 -   eval_score = 0.6635
2024-01-04 12:25:40,879 - ***** Epoch: 13: Eval results *****
2024-01-04 12:25:40,879 -   train_loss = 0.2576
2024-01-04 12:25:40,879 -   best_eval_score = 0.6635
2024-01-04 12:25:40,879 -   eval_score = 0.6724
2024-01-04 12:26:02,077 - ***** Epoch: 14: Eval results *****
2024-01-04 12:26:02,077 -   train_loss = 0.1837
2024-01-04 12:26:02,077 -   best_eval_score = 0.6724
2024-01-04 12:26:02,077 -   eval_score = 0.6495
2024-01-04 12:26:02,077 - EarlyStopping counter: 1 out of 8
2024-01-04 12:26:22,674 - ***** Epoch: 15: Eval results *****
2024-01-04 12:26:22,675 -   train_loss = 0.1215
2024-01-04 12:26:22,675 -   best_eval_score = 0.6724
2024-01-04 12:26:22,675 -   eval_score = 0.6472
2024-01-04 12:26:22,675 - EarlyStopping counter: 2 out of 8
2024-01-04 12:26:43,768 - ***** Epoch: 16: Eval results *****
2024-01-04 12:26:43,768 -   train_loss = 0.0887
2024-01-04 12:26:43,768 -   best_eval_score = 0.6724
2024-01-04 12:26:43,768 -   eval_score = 0.6416
2024-01-04 12:26:43,768 - EarlyStopping counter: 3 out of 8
2024-01-04 12:27:04,446 - ***** Epoch: 17: Eval results *****
2024-01-04 12:27:04,446 -   train_loss = 0.0493
2024-01-04 12:27:04,447 -   best_eval_score = 0.6724
2024-01-04 12:27:04,447 -   eval_score = 0.6493
2024-01-04 12:27:04,447 - EarlyStopping counter: 4 out of 8
2024-01-04 12:27:25,565 - ***** Epoch: 18: Eval results *****
2024-01-04 12:27:25,565 -   train_loss = 0.0283
2024-01-04 12:27:25,565 -   best_eval_score = 0.6724
2024-01-04 12:27:25,565 -   eval_score = 0.6356
2024-01-04 12:27:25,565 - EarlyStopping counter: 5 out of 8
2024-01-04 12:27:46,774 - ***** Epoch: 19: Eval results *****
2024-01-04 12:27:46,774 -   train_loss = 0.0251
2024-01-04 12:27:46,774 -   best_eval_score = 0.6724
2024-01-04 12:27:46,774 -   eval_score = 0.6452
2024-01-04 12:27:46,774 - EarlyStopping counter: 6 out of 8
2024-01-04 12:28:07,918 - ***** Epoch: 20: Eval results *****
2024-01-04 12:28:07,918 -   train_loss = 0.0183
2024-01-04 12:28:07,918 -   best_eval_score = 0.6724
2024-01-04 12:28:07,918 -   eval_score = 0.6575
2024-01-04 12:28:07,918 - EarlyStopping counter: 7 out of 8
2024-01-04 12:28:28,968 - ***** Epoch: 21: Eval results *****
2024-01-04 12:28:28,968 -   train_loss = 0.0111
2024-01-04 12:28:28,968 -   best_eval_score = 0.6724
2024-01-04 12:28:28,968 -   eval_score = 0.6671
2024-01-04 12:28:28,968 - EarlyStopping counter: 8 out of 8
2024-01-04 12:28:28,968 - EarlyStopping at epoch 21
2024-01-04 12:28:28,969 - Training is finished...
2024-01-04 12:28:28,969 - Testing begins...
2024-01-04 12:28:32,771 - ***** Test: Confusion Matrix *****
2024-01-04 12:28:32,772 - [[23  3  0  0  5  0  6  4  6  6  0  0  2  2  0  0  0  0  0  0]
 [ 0 36  0  1  0  1  0  2  1  0  1  0  0  1  0  0  0  0  0  0]
 [ 1  0 25  0  0  0  0  0  0  1  0  0  0  0  0  0  0  0  0  0]
 [ 0  1  0 24  0  0  0  0  0  0  0  0  0  0  0  0  0  0  0  0]
 [ 0  0  0  0  9  0 11  0  0  1  0  0  0  0  1  0  0  1  0  0]
 [ 0  0  0  0  0 11  0  0  0  0  1  0  0  0  0  0  0  0  0  0]
 [ 0  1  0  0  2  0  5  2  1  0  0  0  0  0  0  0  1  0  0  0]
 [ 1  1  0  0  0  0  0  6  0  1  1  0  0  0  0  0  0  0  0  0]
 [ 0  0  0  0  0  0  0  3  6  0  0  0  0  1  0  0  0  0  0  0]
 [ 0  0  0  0  1  0  0  1  0  4  0  0  0  0  0  3  0  1  0  0]
 [ 0  0  0  0  0  0  0  1  0  3 13  0  0  0  0  0  0  1  0  0]
 [ 0  1  0  0  1  0  2  0  0  0  0 13  1  0  0  0  0  0  1  0]
 [ 2  2  1  1  0  1  0  7  5  2  0  0 17  3  6  4  2  1  1  2]
 [ 0  1  0  0  0  0  0  0  2  0  1  1  0 17  3  0  0  0  0  0]
 [ 0  0  0  0  0  0  0  0  1  0  0  0  0  2 17  0  1  0  0  1]
 [ 0  2  0  1  0  0  0  2  4  0  0  0  2  0  1  8  0  0  0  1]
 [ 1  0  0  0  0  0  0  1  0  0  0  0  0  0  1  0 12  0  0  2]
 [ 0  0  0  0  0  0  0  0  0  1  0  0  0  0  0  0  0 14  0  0]
 [ 0  0  0  0  0  0  0  0  0  0  0  0  1  0  0  0  0  0 11  0]
 [ 0  0  0  0  0  0  0  0  0  0  0  0  0  1  2  0  4  0  0  3]]
2024-01-04 12:28:32,772 - ***** Evaluation results *****
2024-01-04 12:28:32,772 -   acc = 0.6157
2024-01-04 12:28:32,772 -   f1 = 0.6051
2024-01-04 12:28:32,772 -   prec = 0.6163
2024-01-04 12:28:32,772 -   rec = 0.6423
2024-01-04 12:28:32,773 - Testing is finished...
2024-01-04 12:28:32,773 - Multimodal intent recognition is finished...
2024-01-04 12:28:32,773 - Results are saved in results/msz.csv
