2024-01-10 04:27:29,235 - ============================== Params ==============================
2024-01-10 04:27:29,235 - logger_name: msz_MIntRec_multi-class_seed-4_2024-01-10-04-27-29
2024-01-10 04:27:29,235 - dataset: MIntRec
2024-01-10 04:27:29,235 - data_mode: multi-class
2024-01-10 04:27:29,235 - method: msz
2024-01-10 04:27:29,235 - text_backbone: bert-base-uncased
2024-01-10 04:27:29,235 - text_backbone_path: /home/sharing/disk1/pretrained_embedding/bert/uncased_L-12_H-768_A-12/
2024-01-10 04:27:29,235 - seed: 4
2024-01-10 04:27:29,235 - num_workers: 8
2024-01-10 04:27:29,235 - gpu_id: 1
2024-01-10 04:27:29,235 - data_path: /home/sharing/disk2/sjh/intentDataset
2024-01-10 04:27:29,235 - train: True
2024-01-10 04:27:29,235 - tune: False
2024-01-10 04:27:29,235 - save_model: False
2024-01-10 04:27:29,235 - save_results: True
2024-01-10 04:27:29,235 - log_path: logs
2024-01-10 04:27:29,235 - cache_path: 
2024-01-10 04:27:29,236 - video_data_path: video_data
2024-01-10 04:27:29,236 - audio_data_path: audio_data
2024-01-10 04:27:29,236 - video_feats_path: video_feats.pkl
2024-01-10 04:27:29,236 - audio_feats_path: audio_feats.pkl
2024-01-10 04:27:29,236 - results_path: results
2024-01-10 04:27:29,236 - output_path: /home/sharing/disk2/sjh/Outputs/MIntRec
2024-01-10 04:27:29,236 - model_path: models
2024-01-10 04:27:29,236 - config_file_name: msz
2024-01-10 04:27:29,236 - results_file_name: msz.csv
2024-01-10 04:27:29,236 - padding_mode: zero
2024-01-10 04:27:29,236 - padding_loc: end
2024-01-10 04:27:29,236 - need_aligned: False
2024-01-10 04:27:29,236 - eval_monitor: f1
2024-01-10 04:27:29,236 - train_batch_size: 16
2024-01-10 04:27:29,236 - eval_batch_size: 8
2024-01-10 04:27:29,236 - test_batch_size: 8
2024-01-10 04:27:29,236 - wait_patience: 8
2024-01-10 04:27:29,236 - nheads: 12
2024-01-10 04:27:29,236 - encoder_layers: 6
2024-01-10 04:27:29,236 - attn_dropout: 0.1
2024-01-10 04:27:29,236 - relu_dropout: 0.1
2024-01-10 04:27:29,236 - embed_dropout: 0.1
2024-01-10 04:27:29,236 - res_dropout: 0.1
2024-01-10 04:27:29,236 - attn_mask: False
2024-01-10 04:27:29,236 - hidden_size: 768
2024-01-10 04:27:29,236 - num_attention_heads: 12
2024-01-10 04:27:29,236 - attention_probs_dropout_prob: 0.1
2024-01-10 04:27:29,236 - hidden_dropout_prob: 0.1
2024-01-10 04:27:29,236 - intermediate_size: 768
2024-01-10 04:27:29,236 - num_hidden_layers: 6
2024-01-10 04:27:29,236 - max_position_embeddings: 768
2024-01-10 04:27:29,236 - position_embedding_type: absolute
2024-01-10 04:27:29,236 - batch_first: True
2024-01-10 04:27:29,236 - hidden_dims: 768
2024-01-10 04:27:29,236 - att_dropouts: [0.2, 0.2, 0.2]
2024-01-10 04:27:29,237 - spe_dropouts: [0.2, 0.1, 0.1]
2024-01-10 04:27:29,237 - aligned_method: conv1d
2024-01-10 04:27:29,237 - grad_clip: 2
2024-01-10 04:27:29,237 - num_train_epochs: 100
2024-01-10 04:27:29,237 - warmup_proportion: 0.1
2024-01-10 04:27:29,237 - lr: 3e-06
2024-01-10 04:27:29,237 - weight_decay: 0.01
2024-01-10 04:27:29,237 - pred_output_path: /home/sharing/disk2/sjh/Outputs/MIntRec/msz_MIntRec_multi-class_seed-4_2024-01-10-04-27-29
2024-01-10 04:27:29,237 - model_output_path: /home/sharing/disk2/sjh/Outputs/MIntRec/msz_MIntRec_multi-class_seed-4_2024-01-10-04-27-29/models
2024-01-10 04:27:29,237 - ============================== End Params ==============================
2024-01-10 04:27:29,240 - Generate Text Features Begin...
2024-01-10 04:27:29,748 - Generate Text Features Finished...
2024-01-10 04:27:29,749 - Load Video Features Begin...
2024-01-10 04:27:30,084 - Load Video Features Finished...
2024-01-10 04:27:30,772 - Load Audio Features Begin...
2024-01-10 04:27:31,887 - Load Audio Features Finished...
2024-01-10 04:27:35,812 - method  begins...
2024-01-10 04:27:41,430 - Multimodal intent recognition begins...
2024-01-10 04:27:41,431 - Training begins...
2024-01-10 04:28:28,590 - ***** Epoch: 1: Eval results *****
2024-01-10 04:28:28,590 -   train_loss = 2.9957
2024-01-10 04:28:28,590 -   best_eval_score = 0.0
2024-01-10 04:28:28,590 -   eval_score = 0.0066
2024-01-10 04:29:13,786 - ***** Epoch: 2: Eval results *****
2024-01-10 04:29:13,788 -   train_loss = 2.9957
2024-01-10 04:29:13,788 -   best_eval_score = 0.0066
2024-01-10 04:29:13,788 -   eval_score = 0.017
2024-01-10 04:29:59,439 - ***** Epoch: 3: Eval results *****
2024-01-10 04:29:59,439 -   train_loss = 2.9957
2024-01-10 04:29:59,439 -   best_eval_score = 0.017
2024-01-10 04:29:59,439 -   eval_score = 0.0183
2024-01-10 04:30:45,033 - ***** Epoch: 4: Eval results *****
2024-01-10 04:30:45,033 -   train_loss = 2.9957
2024-01-10 04:30:45,033 -   best_eval_score = 0.0183
2024-01-10 04:30:45,033 -   eval_score = 0.0405
2024-01-10 04:31:30,940 - ***** Epoch: 5: Eval results *****
2024-01-10 04:31:30,940 -   train_loss = 2.9957
2024-01-10 04:31:30,940 -   best_eval_score = 0.0405
2024-01-10 04:31:30,940 -   eval_score = 0.0455
2024-01-10 04:32:16,706 - ***** Epoch: 6: Eval results *****
2024-01-10 04:32:16,707 -   train_loss = 2.9957
2024-01-10 04:32:16,707 -   best_eval_score = 0.0455
2024-01-10 04:32:16,707 -   eval_score = 0.0361
2024-01-10 04:32:16,707 - EarlyStopping counter: 1 out of 8
2024-01-10 04:33:01,934 - ***** Epoch: 7: Eval results *****
2024-01-10 04:33:01,934 -   train_loss = 2.9957
2024-01-10 04:33:01,934 -   best_eval_score = 0.0455
2024-01-10 04:33:01,934 -   eval_score = 0.0362
2024-01-10 04:33:01,934 - EarlyStopping counter: 2 out of 8
2024-01-10 04:33:47,368 - ***** Epoch: 8: Eval results *****
2024-01-10 04:33:47,369 -   train_loss = 2.9957
2024-01-10 04:33:47,369 -   best_eval_score = 0.0455
2024-01-10 04:33:47,369 -   eval_score = 0.0372
2024-01-10 04:33:47,369 - EarlyStopping counter: 3 out of 8
2024-01-10 04:34:33,182 - ***** Epoch: 9: Eval results *****
2024-01-10 04:34:33,183 -   train_loss = 2.9957
2024-01-10 04:34:33,183 -   best_eval_score = 0.0455
2024-01-10 04:34:33,183 -   eval_score = 0.0409
2024-01-10 04:34:33,183 - EarlyStopping counter: 4 out of 8
2024-01-10 04:35:18,631 - ***** Epoch: 10: Eval results *****
2024-01-10 04:35:18,631 -   train_loss = 2.9957
2024-01-10 04:35:18,631 -   best_eval_score = 0.0455
2024-01-10 04:35:18,631 -   eval_score = 0.0424
2024-01-10 04:35:18,631 - EarlyStopping counter: 5 out of 8
2024-01-10 04:36:04,211 - ***** Epoch: 11: Eval results *****
2024-01-10 04:36:04,211 -   train_loss = 2.9957
2024-01-10 04:36:04,211 -   best_eval_score = 0.0455
2024-01-10 04:36:04,211 -   eval_score = 0.0353
2024-01-10 04:36:04,211 - EarlyStopping counter: 6 out of 8
2024-01-10 04:36:49,663 - ***** Epoch: 12: Eval results *****
2024-01-10 04:36:49,664 -   train_loss = 2.9957
2024-01-10 04:36:49,664 -   best_eval_score = 0.0455
2024-01-10 04:36:49,664 -   eval_score = 0.0354
2024-01-10 04:36:49,664 - EarlyStopping counter: 7 out of 8
2024-01-10 04:37:35,305 - ***** Epoch: 13: Eval results *****
2024-01-10 04:37:35,305 -   train_loss = 2.9957
2024-01-10 04:37:35,305 -   best_eval_score = 0.0455
2024-01-10 04:37:35,305 -   eval_score = 0.0424
2024-01-10 04:37:35,305 - EarlyStopping counter: 8 out of 8
2024-01-10 04:37:35,305 - EarlyStopping at epoch 13
2024-01-10 04:37:35,310 - Training is finished...
2024-01-10 04:37:35,311 - Testing begins...
2024-01-10 04:37:41,352 - ***** Test: Confusion Matrix *****
2024-01-10 04:37:41,353 - [[ 4  2  3  3  4  7  3  2  0  1  2  1  4 10  1  2  0  1  3  4]
 [ 6  4  0  3  0 10  3  1  0  0  0  2  0  4  2  3  0  1  1  3]
 [ 2  0  0  2  0  1  4  3  2  0  0  1  2  3  0  1  0  1  5  0]
 [ 1  1  0  7  0  3  4  1  2  1  0  0  0  1  0  2  0  1  1  0]
 [ 3  1  0  2  1  0  0  1  0  0  2  1  1  3  1  1  4  0  2  0]
 [ 3  2  0  2  0  0  0  0  0  0  0  0  0  2  1  0  1  0  0  1]
 [ 0  1  2  1  1  1  0  0  0  0  0  2  0  0  0  1  1  0  0  2]
 [ 0  1  0  1  1  0  1  0  0  0  2  1  1  1  0  0  1  0  0  0]
 [ 1  1  1  1  1  0  0  0  0  0  0  2  0  1  1  0  0  0  1  0]
 [ 1  0  0  0  0  1  3  0  0  0  0  0  1  0  0  1  2  0  0  1]
 [ 4  0  0  2  0  0  0  0  0  0  1  2  1  0  4  1  1  0  2  0]
 [ 5  0  1  3  0  1  1  0  0  1  0  1  1  0  2  0  0  0  1  2]
 [ 7  2  3  6  2  1  4  3  1  1  1  5  3  5  1  2  1  1  4  4]
 [ 3  1  3  4  0  1  1  1  1  1  1  0  1  2  1  1  1  0  0  2]
 [ 6  0  0  1  1  1  0  1  0  0  2  1  0  0  1  0  2  1  3  2]
 [ 2  1  2  0  1  3  1  0  1  1  1  1  2  2  1  1  0  0  0  1]
 [ 1  1  0  2  0  2  2  0  0  0  0  1  2  3  0  1  0  0  1  1]
 [ 2  1  0  2  1  0  0  0  0  0  0  3  0  0  2  0  0  1  3  0]
 [ 1  0  1  1  1  1  1  0  1  0  0  2  0  0  0  0  3  0  0  0]
 [ 0  1  0  3  1  0  0  1  0  0  0  0  0  2  0  1  0  0  0  1]]
2024-01-10 04:37:41,353 - ***** Evaluation results *****
2024-01-10 04:37:41,353 -   acc = 0.0607
2024-01-10 04:37:41,353 -   f1 = 0.0477
2024-01-10 04:37:41,354 -   prec = 0.0561
2024-01-10 04:37:41,354 -   rec = 0.0494
2024-01-10 04:37:41,354 - Testing is finished...
2024-01-10 04:37:41,354 - Multimodal intent recognition is finished...
2024-01-10 04:37:41,354 - Results are saved in results/msz.csv
