2024-03-29 19:18:23,584 - ============================== Params ==============================
2024-03-29 19:18:23,584 - logger_name: msz_MIntRec_multi-class_seed-2_2024-03-29-19-18-22
2024-03-29 19:18:23,584 - dataset: MIntRec
2024-03-29 19:18:23,584 - data_mode: multi-class
2024-03-29 19:18:23,585 - method: msz
2024-03-29 19:18:23,585 - text_backbone: bert-base-uncased
2024-03-29 19:18:23,585 - text_backbone_path: /home/sharing/disk1/pretrained_embedding/bert/uncased_L-12_H-768_A-12/
2024-03-29 19:18:23,585 - seed: 2
2024-03-29 19:18:23,585 - num_workers: 8
2024-03-29 19:18:23,585 - gpu_id: 3
2024-03-29 19:18:23,585 - data_path: /home/sharing/disk2/sjh/intentDataset
2024-03-29 19:18:23,585 - train: True
2024-03-29 19:18:23,585 - tune: True
2024-03-29 19:18:23,585 - save_model: False
2024-03-29 19:18:23,585 - save_results: True
2024-03-29 19:18:23,585 - log_path: logs
2024-03-29 19:18:23,585 - cache_path: 
2024-03-29 19:18:23,585 - video_data_path: video_data
2024-03-29 19:18:23,585 - audio_data_path: audio_data
2024-03-29 19:18:23,585 - video_feats_path: video_feats.pkl
2024-03-29 19:18:23,585 - audio_feats_path: audio_feats.pkl
2024-03-29 19:18:23,585 - results_path: results
2024-03-29 19:18:23,585 - output_path: /home/sharing/disk2/sjh/Outputs/MIntRec
2024-03-29 19:18:23,585 - model_path: models
2024-03-29 19:18:23,585 - config_file_name: msz_MIntRec
2024-03-29 19:18:23,585 - results_file_name: msz.csv
2024-03-29 19:18:23,585 - padding_mode: zero
2024-03-29 19:18:23,585 - padding_loc: end
2024-03-29 19:18:23,585 - need_aligned: False
2024-03-29 19:18:23,585 - eval_monitor: f1
2024-03-29 19:18:23,585 - train_batch_size: 16
2024-03-29 19:18:23,585 - eval_batch_size: 8
2024-03-29 19:18:23,585 - test_batch_size: 8
2024-03-29 19:18:23,585 - wait_patience: 8
2024-03-29 19:18:23,585 - hidden_dims: 768
2024-03-29 19:18:23,585 - num_attention_heads: 8
2024-03-29 19:18:23,585 - attention_probs_dropout_prob: 0.2
2024-03-29 19:18:23,585 - hidden_dropout_prob: 0.4
2024-03-29 19:18:23,585 - intermediate_size: 768
2024-03-29 19:18:23,585 - num_hidden_layers: 8
2024-03-29 19:18:23,585 - max_position_embeddings: 768
2024-03-29 19:18:23,585 - position_embedding_type: absolute
2024-03-29 19:18:23,586 - batch_first: True
2024-03-29 19:18:23,586 - dropout: 0.1
2024-03-29 19:18:23,586 - aligned_method: conv1d
2024-03-29 19:18:23,586 - num_train_epochs: 100
2024-03-29 19:18:23,586 - lr: 5e-06
2024-03-29 19:18:23,586 - lr_mode: max
2024-03-29 19:18:23,586 - patience: 4
2024-03-29 19:18:23,586 - factor: 0.6
2024-03-29 19:18:23,586 - pred_output_path: /home/sharing/disk2/sjh/Outputs/MIntRec/msz_MIntRec_multi-class_seed-2_2024-03-29-19-18-22
2024-03-29 19:18:23,586 - model_output_path: /home/sharing/disk2/sjh/Outputs/MIntRec/msz_MIntRec_multi-class_seed-2_2024-03-29-19-18-22/models
2024-03-29 19:18:23,586 - num_labels: 20
2024-03-29 19:18:23,586 - text_feat_dim: 768
2024-03-29 19:18:23,586 - video_feat_dim: 256
2024-03-29 19:18:23,586 - audio_feat_dim: 768
2024-03-29 19:18:23,586 - text_seq_len: 30
2024-03-29 19:18:23,586 - video_seq_len: 230
2024-03-29 19:18:23,586 - audio_seq_len: 480
2024-03-29 19:18:23,586 - device: cuda:3
2024-03-29 19:18:23,586 - ============================== End Params ==============================
2024-03-29 19:18:23,880 - Generate Text Features Begin...
2024-03-29 19:18:25,520 - Generate Text Features Finished...
2024-03-29 19:18:25,531 - Load Video Features Begin...
2024-03-29 19:18:45,312 - Load Video Features Finished...
2024-03-29 19:18:50,450 - Load Audio Features Begin...
2024-03-29 19:20:11,841 - Load Audio Features Finished...
2024-03-29 19:20:15,524 - method  begins...
2024-03-29 19:20:35,611 - Multimodal intent recognition begins...
2024-03-29 19:20:35,611 - Training begins...
2024-03-29 19:20:57,346 - ***** Epoch: 1: Eval results *****
2024-03-29 19:20:57,346 -   train_loss = 2.7062
2024-03-29 19:20:57,346 -   best_eval_score = 0.0
2024-03-29 19:20:57,346 -   eval_score = 0.1519
2024-03-29 19:21:17,145 - ***** Epoch: 2: Eval results *****
2024-03-29 19:21:17,145 -   train_loss = 1.9524
2024-03-29 19:21:17,145 -   best_eval_score = 0.1519
2024-03-29 19:21:17,145 -   eval_score = 0.4469
2024-03-29 19:21:37,892 - ***** Epoch: 3: Eval results *****
2024-03-29 19:21:37,892 -   train_loss = 1.2703
2024-03-29 19:21:37,892 -   best_eval_score = 0.4469
2024-03-29 19:21:37,892 -   eval_score = 0.5539
2024-03-29 19:21:58,400 - ***** Epoch: 4: Eval results *****
2024-03-29 19:21:58,400 -   train_loss = 0.804
2024-03-29 19:21:58,400 -   best_eval_score = 0.5539
2024-03-29 19:21:58,400 -   eval_score = 0.603
2024-03-29 19:22:19,438 - ***** Epoch: 5: Eval results *****
2024-03-29 19:22:19,438 -   train_loss = 0.5153
2024-03-29 19:22:19,438 -   best_eval_score = 0.603
2024-03-29 19:22:19,438 -   eval_score = 0.652
2024-03-29 19:22:40,049 - ***** Epoch: 6: Eval results *****
2024-03-29 19:22:40,050 -   train_loss = 0.3113
2024-03-29 19:22:40,050 -   best_eval_score = 0.652
2024-03-29 19:22:40,050 -   eval_score = 0.6875
2024-03-29 19:23:00,232 - ***** Epoch: 7: Eval results *****
2024-03-29 19:23:00,232 -   train_loss = 0.198
2024-03-29 19:23:00,232 -   best_eval_score = 0.6875
2024-03-29 19:23:00,232 -   eval_score = 0.6994
2024-03-29 19:23:21,019 - ***** Epoch: 8: Eval results *****
2024-03-29 19:23:21,019 -   train_loss = 0.1426
2024-03-29 19:23:21,019 -   best_eval_score = 0.6994
2024-03-29 19:23:21,019 -   eval_score = 0.7035
2024-03-29 19:23:42,170 - ***** Epoch: 9: Eval results *****
2024-03-29 19:23:42,170 -   train_loss = 0.1112
2024-03-29 19:23:42,170 -   best_eval_score = 0.7035
2024-03-29 19:23:42,170 -   eval_score = 0.6961
2024-03-29 19:23:42,170 - EarlyStopping counter: 1 out of 8
2024-03-29 19:24:02,971 - ***** Epoch: 10: Eval results *****
2024-03-29 19:24:02,971 -   train_loss = 0.0832
2024-03-29 19:24:02,971 -   best_eval_score = 0.7035
2024-03-29 19:24:02,971 -   eval_score = 0.6926
2024-03-29 19:24:02,971 - EarlyStopping counter: 2 out of 8
2024-03-29 19:24:23,549 - ***** Epoch: 11: Eval results *****
2024-03-29 19:24:23,549 -   train_loss = 0.0649
2024-03-29 19:24:23,549 -   best_eval_score = 0.7035
2024-03-29 19:24:23,549 -   eval_score = 0.6938
2024-03-29 19:24:23,549 - EarlyStopping counter: 3 out of 8
2024-03-29 19:24:44,162 - ***** Epoch: 12: Eval results *****
2024-03-29 19:24:44,171 -   train_loss = 0.0483
2024-03-29 19:24:44,171 -   best_eval_score = 0.7035
2024-03-29 19:24:44,171 -   eval_score = 0.6901
2024-03-29 19:24:44,171 - EarlyStopping counter: 4 out of 8
2024-03-29 19:25:05,838 - ***** Epoch: 13: Eval results *****
2024-03-29 19:25:05,839 -   train_loss = 0.0414
2024-03-29 19:25:05,839 -   best_eval_score = 0.7035
2024-03-29 19:25:05,839 -   eval_score = 0.6935
2024-03-29 19:25:05,839 - EarlyStopping counter: 5 out of 8
2024-03-29 19:25:27,843 - ***** Epoch: 14: Eval results *****
2024-03-29 19:25:27,844 -   train_loss = 0.0367
2024-03-29 19:25:27,844 -   best_eval_score = 0.7035
2024-03-29 19:25:27,844 -   eval_score = 0.6966
2024-03-29 19:25:27,844 - EarlyStopping counter: 6 out of 8
2024-03-29 19:25:48,197 - ***** Epoch: 15: Eval results *****
2024-03-29 19:25:48,206 -   train_loss = 0.0328
2024-03-29 19:25:48,206 -   best_eval_score = 0.7035
2024-03-29 19:25:48,206 -   eval_score = 0.7028
2024-03-29 19:25:48,206 - EarlyStopping counter: 7 out of 8
2024-03-29 19:26:08,112 - ***** Epoch: 16: Eval results *****
2024-03-29 19:26:08,112 -   train_loss = 0.0285
2024-03-29 19:26:08,112 -   best_eval_score = 0.7035
2024-03-29 19:26:08,113 -   eval_score = 0.6856
2024-03-29 19:26:08,113 - EarlyStopping counter: 8 out of 8
2024-03-29 19:26:08,113 - EarlyStopping at epoch 16
2024-03-29 19:26:08,117 - Training is finished...
2024-03-29 19:26:08,118 - Testing begins...
2024-03-29 19:26:11,384 - ***** Test: Confusion Matrix *****
2024-03-29 19:26:11,385 - [[39  3  0  0  8  0  0  0  0  1  1  0  4  1  0  0  0  0  0  0]
 [ 0 35  0  1  0  3  0  0  0  0  1  0  2  0  1  0  0  0  0  0]
 [ 1  0 26  0  0  0  0  0  0  0  0  0  0  0  0  0  0  0  0  0]
 [ 0  0  0 25  0  0  0  0  0  0  0  0  0  0  0  0  0  0  0  0]
 [ 5  0  0  0 11  0  2  0  0  0  0  1  2  1  0  0  0  1  0  0]
 [ 0  0  0  0  0 12  0  0  0  0  0  0  0  0  0  0  0  0  0  0]
 [ 1  2  0  0  3  0  2  0  2  0  0  0  1  0  0  0  1  0  0  0]
 [ 3  1  0  0  0  0  0  5  0  1  0  0  0  0  0  0  0  0  0  0]
 [ 1  0  0  0  0  0  0  3  4  0  0  0  0  1  0  1  0  0  0  0]
 [ 1  0  0  0  1  0  0  0  0  4  0  0  0  0  0  2  0  1  0  1]
 [ 0  1  0  0  0  0  1  0  0  2 13  0  0  0  1  0  0  0  0  0]
 [ 0  0  0  0  1  0  1  0  0  0  0 15  0  0  0  0  0  0  1  1]
 [ 4  2  0  0  1  0  0  0  0  0  0  1 41  1  2  2  1  0  1  1]
 [ 0  0  0  0  0  0  2  1  0  0  1  1  1 18  1  0  0  0  0  0]
 [ 0  0  0  0  1  0  0  0  0  0  0  0  2  2 15  0  1  0  0  1]
 [ 0  0  0  0  0  0  0  1  0  0  0  0  4  0  0 15  0  0  0  1]
 [ 0  0  0  0  0  0  0  0  0  0  0  0  3  0  1  0 13  0  0  0]
 [ 0  0  0  0  0  0  0  0  0  1  1  0  2  0  0  0  0 11  0  0]
 [ 0  0  0  0  0  0  0  0  0  0  0  0  2  0  0  1  0  0  9  0]
 [ 0  0  0  0  0  0  0  0  0  0  0  0  1  1  1  0  2  0  0  5]]
2024-03-29 19:26:11,385 - ***** Evaluation results *****
2024-03-29 19:26:11,386 -   acc = 0.7146
2024-03-29 19:26:11,386 -   f1 = 0.6787
2024-03-29 19:26:11,386 -   prec = 0.6891
2024-03-29 19:26:11,386 -   rec = 0.6751
2024-03-29 19:26:11,386 - Testing is finished...
2024-03-29 19:26:11,386 - Multimodal intent recognition is finished...
2024-03-29 19:26:11,386 - Results are saved in results/msz.csv
