2024-03-10 05:47:59,149 - ============================== Params ==============================
2024-03-10 05:47:59,150 - logger_name: msz_MIntRec_multi-class_seed-2_2024-03-10-05-47-59
2024-03-10 05:47:59,150 - dataset: MIntRec
2024-03-10 05:47:59,150 - data_mode: multi-class
2024-03-10 05:47:59,150 - method: msz
2024-03-10 05:47:59,150 - text_backbone: bert-base-uncased
2024-03-10 05:47:59,150 - text_backbone_path: /home/sharing/disk1/pretrained_embedding/bert/uncased_L-12_H-768_A-12/
2024-03-10 05:47:59,150 - seed: 2
2024-03-10 05:47:59,150 - num_workers: 8
2024-03-10 05:47:59,150 - gpu_id: 2
2024-03-10 05:47:59,150 - data_path: /home/sharing/disk2/sjh/intentDataset
2024-03-10 05:47:59,150 - train: True
2024-03-10 05:47:59,150 - tune: True
2024-03-10 05:47:59,150 - save_model: False
2024-03-10 05:47:59,150 - save_results: True
2024-03-10 05:47:59,150 - log_path: logs
2024-03-10 05:47:59,150 - cache_path: 
2024-03-10 05:47:59,150 - video_data_path: video_data
2024-03-10 05:47:59,150 - audio_data_path: audio_data
2024-03-10 05:47:59,150 - video_feats_path: video_feats.pkl
2024-03-10 05:47:59,150 - audio_feats_path: audio_feats.pkl
2024-03-10 05:47:59,150 - results_path: results
2024-03-10 05:47:59,150 - output_path: /home/sharing/disk2/sjh/Outputs/MIntRec
2024-03-10 05:47:59,150 - model_path: models
2024-03-10 05:47:59,150 - config_file_name: msz_MIntRec
2024-03-10 05:47:59,150 - results_file_name: msz.csv
2024-03-10 05:47:59,150 - padding_mode: zero
2024-03-10 05:47:59,150 - padding_loc: end
2024-03-10 05:47:59,150 - need_aligned: False
2024-03-10 05:47:59,150 - eval_monitor: f1
2024-03-10 05:47:59,150 - train_batch_size: 16
2024-03-10 05:47:59,150 - eval_batch_size: 8
2024-03-10 05:47:59,150 - test_batch_size: 8
2024-03-10 05:47:59,150 - wait_patience: 8
2024-03-10 05:47:59,150 - hidden_dims: 768
2024-03-10 05:47:59,150 - intermediate_size: 768
2024-03-10 05:47:59,150 - position_embedding_type: absolute
2024-03-10 05:47:59,150 - batch_first: True
2024-03-10 05:47:59,150 - d_num_attention_heads: 8
2024-03-10 05:47:59,151 - d_attention_probs_dropout_prob: 0.2
2024-03-10 05:47:59,151 - d_hidden_dropout_prob: 0.2
2024-03-10 05:47:59,151 - d_num_hidden_layers: 10
2024-03-10 05:47:59,151 - d_max_position_embeddings: 768
2024-03-10 05:47:59,151 - m_num_attention_heads: 12
2024-03-10 05:47:59,151 - m_attention_probs_dropout_prob: 0.1
2024-03-10 05:47:59,151 - m_hidden_dropout_prob: 0.3
2024-03-10 05:47:59,151 - m_num_hidden_layers: 8
2024-03-10 05:47:59,151 - m_max_position_embeddings: 1024
2024-03-10 05:47:59,151 - dropout: 0.2
2024-03-10 05:47:59,151 - aligned_method: conv1d
2024-03-10 05:47:59,151 - num_train_epochs: 100
2024-03-10 05:47:59,151 - lr: 3e-06
2024-03-10 05:47:59,151 - lr_mode: min
2024-03-10 05:47:59,151 - pred_output_path: /home/sharing/disk2/sjh/Outputs/MIntRec/msz_MIntRec_multi-class_seed-2_2024-03-10-05-47-59
2024-03-10 05:47:59,151 - model_output_path: /home/sharing/disk2/sjh/Outputs/MIntRec/msz_MIntRec_multi-class_seed-2_2024-03-10-05-47-59/models
2024-03-10 05:47:59,151 - ============================== End Params ==============================
2024-03-10 05:47:59,154 - Generate Text Features Begin...
2024-03-10 05:47:59,634 - Generate Text Features Finished...
2024-03-10 05:47:59,634 - Load Video Features Begin...
2024-03-10 05:47:59,938 - Load Video Features Finished...
2024-03-10 05:48:00,473 - Load Audio Features Begin...
2024-03-10 05:48:01,410 - Load Audio Features Finished...
2024-03-10 05:48:05,466 - method  begins...
2024-03-10 05:48:09,363 - Multimodal intent recognition begins...
2024-03-10 05:48:09,363 - Training begins...
