2024-03-29 20:00:35,649 - ============================== Params ==============================
2024-03-29 20:00:35,649 - logger_name: msz_MIntRec_multi-class_seed-2_2024-03-29-20-00-35
2024-03-29 20:00:35,649 - dataset: MIntRec
2024-03-29 20:00:35,649 - data_mode: multi-class
2024-03-29 20:00:35,649 - method: msz
2024-03-29 20:00:35,649 - text_backbone: bert-base-uncased
2024-03-29 20:00:35,649 - text_backbone_path: /home/sharing/disk1/pretrained_embedding/bert/uncased_L-12_H-768_A-12/
2024-03-29 20:00:35,649 - seed: 2
2024-03-29 20:00:35,649 - num_workers: 8
2024-03-29 20:00:35,649 - gpu_id: 3
2024-03-29 20:00:35,649 - data_path: /home/sharing/disk2/sjh/intentDataset
2024-03-29 20:00:35,649 - train: True
2024-03-29 20:00:35,649 - tune: True
2024-03-29 20:00:35,649 - save_model: False
2024-03-29 20:00:35,649 - save_results: True
2024-03-29 20:00:35,649 - log_path: logs
2024-03-29 20:00:35,649 - cache_path: 
2024-03-29 20:00:35,649 - video_data_path: video_data
2024-03-29 20:00:35,649 - audio_data_path: audio_data
2024-03-29 20:00:35,649 - video_feats_path: video_feats.pkl
2024-03-29 20:00:35,649 - audio_feats_path: audio_feats.pkl
2024-03-29 20:00:35,650 - results_path: results
2024-03-29 20:00:35,650 - output_path: /home/sharing/disk2/sjh/Outputs/MIntRec
2024-03-29 20:00:35,650 - model_path: models
2024-03-29 20:00:35,650 - config_file_name: msz_MIntRec
2024-03-29 20:00:35,650 - results_file_name: msz.csv
2024-03-29 20:00:35,650 - padding_mode: zero
2024-03-29 20:00:35,650 - padding_loc: end
2024-03-29 20:00:35,650 - need_aligned: False
2024-03-29 20:00:35,650 - eval_monitor: f1
2024-03-29 20:00:35,650 - train_batch_size: 16
2024-03-29 20:00:35,650 - eval_batch_size: 8
2024-03-29 20:00:35,650 - test_batch_size: 8
2024-03-29 20:00:35,650 - wait_patience: 8
2024-03-29 20:00:35,650 - hidden_dims: 768
2024-03-29 20:00:35,650 - num_attention_heads: 8
2024-03-29 20:00:35,650 - attention_probs_dropout_prob: 0.2
2024-03-29 20:00:35,650 - hidden_dropout_prob: 0.4
2024-03-29 20:00:35,650 - intermediate_size: 768
2024-03-29 20:00:35,650 - num_hidden_layers: 8
2024-03-29 20:00:35,650 - max_position_embeddings: 768
2024-03-29 20:00:35,650 - position_embedding_type: absolute
2024-03-29 20:00:35,650 - batch_first: True
2024-03-29 20:00:35,650 - dropout: 0.1
2024-03-29 20:00:35,650 - aligned_method: conv1d
2024-03-29 20:00:35,650 - num_train_epochs: 100
2024-03-29 20:00:35,650 - lr: 5e-06
2024-03-29 20:00:35,650 - lr_mode: max
2024-03-29 20:00:35,650 - patience: 5
2024-03-29 20:00:35,650 - factor: 0.3
2024-03-29 20:00:35,650 - pred_output_path: /home/sharing/disk2/sjh/Outputs/MIntRec/msz_MIntRec_multi-class_seed-2_2024-03-29-20-00-35
2024-03-29 20:00:35,650 - model_output_path: /home/sharing/disk2/sjh/Outputs/MIntRec/msz_MIntRec_multi-class_seed-2_2024-03-29-20-00-35/models
2024-03-29 20:00:35,650 - num_labels: 20
2024-03-29 20:00:35,650 - text_feat_dim: 768
2024-03-29 20:00:35,650 - video_feat_dim: 256
2024-03-29 20:00:35,650 - audio_feat_dim: 768
2024-03-29 20:00:35,650 - text_seq_len: 30
2024-03-29 20:00:35,650 - video_seq_len: 230
2024-03-29 20:00:35,651 - audio_seq_len: 480
2024-03-29 20:00:35,651 - device: cuda:3
2024-03-29 20:00:35,651 - ============================== End Params ==============================
2024-03-29 20:00:35,924 - Generate Text Features Begin...
2024-03-29 20:00:37,032 - Generate Text Features Finished...
2024-03-29 20:00:37,049 - Load Video Features Begin...
2024-03-29 20:01:03,840 - Load Video Features Finished...
2024-03-29 20:01:08,184 - Load Audio Features Begin...
2024-03-29 20:02:20,429 - Load Audio Features Finished...
2024-03-29 20:02:39,971 - method  begins...
2024-03-29 20:02:51,039 - Multimodal intent recognition begins...
2024-03-29 20:02:51,040 - Training begins...
2024-03-29 20:03:11,968 - ***** Epoch: 1: Eval results *****
2024-03-29 20:03:11,969 -   train_loss = 2.7062
2024-03-29 20:03:11,969 -   best_eval_score = 0.0
2024-03-29 20:03:11,969 -   eval_score = 0.1519
2024-03-29 20:03:33,387 - ***** Epoch: 2: Eval results *****
2024-03-29 20:03:33,387 -   train_loss = 1.9524
2024-03-29 20:03:33,387 -   best_eval_score = 0.1519
2024-03-29 20:03:33,387 -   eval_score = 0.4469
2024-03-29 20:03:54,296 - ***** Epoch: 3: Eval results *****
2024-03-29 20:03:54,296 -   train_loss = 1.2703
2024-03-29 20:03:54,296 -   best_eval_score = 0.4469
2024-03-29 20:03:54,296 -   eval_score = 0.5539
2024-03-29 20:04:15,400 - ***** Epoch: 4: Eval results *****
2024-03-29 20:04:15,400 -   train_loss = 0.804
2024-03-29 20:04:15,400 -   best_eval_score = 0.5539
2024-03-29 20:04:15,400 -   eval_score = 0.603
2024-03-29 20:04:36,095 - ***** Epoch: 5: Eval results *****
2024-03-29 20:04:36,095 -   train_loss = 0.5153
2024-03-29 20:04:36,095 -   best_eval_score = 0.603
2024-03-29 20:04:36,095 -   eval_score = 0.652
2024-03-29 20:04:56,807 - ***** Epoch: 6: Eval results *****
2024-03-29 20:04:56,807 -   train_loss = 0.3113
2024-03-29 20:04:56,808 -   best_eval_score = 0.652
2024-03-29 20:04:56,808 -   eval_score = 0.6875
2024-03-29 20:05:17,520 - ***** Epoch: 7: Eval results *****
2024-03-29 20:05:17,521 -   train_loss = 0.1983
2024-03-29 20:05:17,521 -   best_eval_score = 0.6875
2024-03-29 20:05:17,521 -   eval_score = 0.6768
2024-03-29 20:05:17,521 - EarlyStopping counter: 1 out of 8
2024-03-29 20:05:38,671 - ***** Epoch: 8: Eval results *****
2024-03-29 20:05:38,672 -   train_loss = 0.1238
2024-03-29 20:05:38,672 -   best_eval_score = 0.6875
2024-03-29 20:05:38,672 -   eval_score = 0.702
2024-03-29 20:05:59,557 - ***** Epoch: 9: Eval results *****
2024-03-29 20:05:59,558 -   train_loss = 0.1062
2024-03-29 20:05:59,558 -   best_eval_score = 0.702
2024-03-29 20:05:59,558 -   eval_score = 0.6968
2024-03-29 20:05:59,558 - EarlyStopping counter: 1 out of 8
2024-03-29 20:06:20,030 - ***** Epoch: 10: Eval results *****
2024-03-29 20:06:20,030 -   train_loss = 0.0903
2024-03-29 20:06:20,030 -   best_eval_score = 0.702
2024-03-29 20:06:20,030 -   eval_score = 0.6996
2024-03-29 20:06:20,030 - EarlyStopping counter: 2 out of 8
2024-03-29 20:06:40,280 - ***** Epoch: 11: Eval results *****
2024-03-29 20:06:40,280 -   train_loss = 0.0797
2024-03-29 20:06:40,280 -   best_eval_score = 0.702
2024-03-29 20:06:40,280 -   eval_score = 0.7031
2024-03-29 20:07:00,588 - ***** Epoch: 12: Eval results *****
2024-03-29 20:07:00,588 -   train_loss = 0.0667
2024-03-29 20:07:00,588 -   best_eval_score = 0.7031
2024-03-29 20:07:00,588 -   eval_score = 0.6867
2024-03-29 20:07:00,588 - EarlyStopping counter: 1 out of 8
2024-03-29 20:07:20,922 - ***** Epoch: 13: Eval results *****
2024-03-29 20:07:20,922 -   train_loss = 0.0571
2024-03-29 20:07:20,922 -   best_eval_score = 0.7031
2024-03-29 20:07:20,922 -   eval_score = 0.6864
2024-03-29 20:07:20,922 - EarlyStopping counter: 2 out of 8
2024-03-29 20:07:42,837 - ***** Epoch: 14: Eval results *****
2024-03-29 20:07:42,837 -   train_loss = 0.0507
2024-03-29 20:07:42,837 -   best_eval_score = 0.7031
2024-03-29 20:07:42,838 -   eval_score = 0.6938
2024-03-29 20:07:42,838 - EarlyStopping counter: 3 out of 8
2024-03-29 20:08:04,358 - ***** Epoch: 15: Eval results *****
2024-03-29 20:08:04,360 -   train_loss = 0.049
2024-03-29 20:08:04,360 -   best_eval_score = 0.7031
2024-03-29 20:08:04,360 -   eval_score = 0.6895
2024-03-29 20:08:04,360 - EarlyStopping counter: 4 out of 8
2024-03-29 20:08:25,524 - ***** Epoch: 16: Eval results *****
2024-03-29 20:08:25,525 -   train_loss = 0.0468
2024-03-29 20:08:25,525 -   best_eval_score = 0.7031
2024-03-29 20:08:25,525 -   eval_score = 0.6958
2024-03-29 20:08:25,525 - EarlyStopping counter: 5 out of 8
2024-03-29 20:08:45,287 - ***** Epoch: 17: Eval results *****
2024-03-29 20:08:45,287 -   train_loss = 0.0434
2024-03-29 20:08:45,287 -   best_eval_score = 0.7031
2024-03-29 20:08:45,287 -   eval_score = 0.6907
2024-03-29 20:08:45,287 - EarlyStopping counter: 6 out of 8
2024-03-29 20:09:06,476 - ***** Epoch: 18: Eval results *****
2024-03-29 20:09:06,476 -   train_loss = 0.043
2024-03-29 20:09:06,477 -   best_eval_score = 0.7031
2024-03-29 20:09:06,477 -   eval_score = 0.6928
2024-03-29 20:09:06,477 - EarlyStopping counter: 7 out of 8
2024-03-29 20:09:26,616 - ***** Epoch: 19: Eval results *****
2024-03-29 20:09:26,616 -   train_loss = 0.043
2024-03-29 20:09:26,616 -   best_eval_score = 0.7031
2024-03-29 20:09:26,616 -   eval_score = 0.6909
2024-03-29 20:09:26,617 - EarlyStopping counter: 8 out of 8
2024-03-29 20:09:26,617 - EarlyStopping at epoch 19
2024-03-29 20:09:26,621 - Training is finished...
2024-03-29 20:09:26,622 - Testing begins...
2024-03-29 20:09:31,821 - ***** Test: Confusion Matrix *****
2024-03-29 20:09:31,821 - [[37  3  0  0  7  0  2  1  0  1  1  0  4  1  0  0  0  0  0  0]
 [ 0 34  0  1  0  3  1  0  0  0  1  0  2  0  1  0  0  0  0  0]
 [ 1  0 26  0  0  0  0  0  0  0  0  0  0  0  0  0  0  0  0  0]
 [ 0  1  0 24  0  0  0  0  0  0  0  0  0  0  0  0  0  0  0  0]
 [ 5  0  0  0 11  0  2  0  0  0  0  1  2  1  0  0  0  1  0  0]
 [ 0  0  0  0  0 12  0  0  0  0  0  0  0  0  0  0  0  0  0  0]
 [ 1  1  0  0  3  0  2  0  3  0  0  0  1  0  0  0  1  0  0  0]
 [ 3  1  0  0  0  0  0  5  0  1  0  0  0  0  0  0  0  0  0  0]
 [ 1  0  0  0  0  0  0  3  5  0  0  0  0  1  0  0  0  0  0  0]
 [ 1  0  0  0  1  0  0  0  0  4  0  0  0  0  0  2  0  1  0  1]
 [ 0  1  0  0  0  0  1  0  0  2 13  0  0  0  1  0  0  0  0  0]
 [ 0  0  0  0  1  0  1  0  0  0  0 15  0  0  0  0  0  0  1  1]
 [ 3  2  0  0  1  0  0  0  1  0  0  1 40  2  2  2  2  0  1  0]
 [ 0  0  0  0  0  0  2  1  0  0  1  1  1 17  2  0  0  0  0  0]
 [ 0  0  0  0  1  0  0  0  1  0  0  0  1  2 15  0  1  0  0  1]
 [ 0  0  0  0  0  0  0  1  0  0  0  0  4  0  0 15  0  0  0  1]
 [ 0  0  0  0  0  0  0  0  0  0  0  0  3  0  1  0 13  0  0  0]
 [ 0  0  0  0  0  0  0  0  0  1  1  0  2  0  0  0  0 11  0  0]
 [ 0  0  0  0  0  0  0  0  0  0  0  0  2  0  0  1  0  0  9  0]
 [ 0  0  0  0  0  0  0  0  0  0  0  0  1  1  1  0  1  0  0  6]]
2024-03-29 20:09:31,822 - ***** Evaluation results *****
2024-03-29 20:09:31,822 -   acc = 0.7056
2024-03-29 20:09:31,822 -   f1 = 0.6769
2024-03-29 20:09:31,822 -   prec = 0.6792
2024-03-29 20:09:31,822 -   rec = 0.6773
2024-03-29 20:09:31,822 - Testing is finished...
2024-03-29 20:09:31,822 - Multimodal intent recognition is finished...
2024-03-29 20:09:31,822 - Results are saved in results/msz.csv
