2024-03-31 17:43:38,903 - ============================== Params ==============================
2024-03-31 17:43:38,903 - logger_name: msz_MIntRec_multi-class_seed-1_2024-03-31-17-43-38
2024-03-31 17:43:38,903 - dataset: MIntRec
2024-03-31 17:43:38,903 - data_mode: multi-class
2024-03-31 17:43:38,903 - method: msz
2024-03-31 17:43:38,903 - text_backbone: bert-base-uncased
2024-03-31 17:43:38,903 - text_backbone_path: /home/sharing/disk1/pretrained_embedding/bert/uncased_L-12_H-768_A-12/
2024-03-31 17:43:38,904 - seed: 1
2024-03-31 17:43:38,904 - num_workers: 8
2024-03-31 17:43:38,904 - gpu_id: 3
2024-03-31 17:43:38,904 - data_path: /home/sharing/disk2/sjh/intentDataset
2024-03-31 17:43:38,904 - train: True
2024-03-31 17:43:38,904 - tune: True
2024-03-31 17:43:38,904 - save_model: False
2024-03-31 17:43:38,904 - save_results: True
2024-03-31 17:43:38,904 - log_path: logs
2024-03-31 17:43:38,904 - cache_path: 
2024-03-31 17:43:38,904 - video_data_path: video_data
2024-03-31 17:43:38,904 - audio_data_path: audio_data
2024-03-31 17:43:38,904 - video_feats_path: video_feats.pkl
2024-03-31 17:43:38,904 - audio_feats_path: audio_feats.pkl
2024-03-31 17:43:38,904 - results_path: results
2024-03-31 17:43:38,904 - output_path: /home/sharing/disk2/sjh/Outputs/MIntRec
2024-03-31 17:43:38,904 - model_path: models
2024-03-31 17:43:38,904 - config_file_name: msz_MIntRec
2024-03-31 17:43:38,904 - results_file_name: msz.csv
2024-03-31 17:43:38,904 - padding_mode: zero
2024-03-31 17:43:38,904 - padding_loc: end
2024-03-31 17:43:38,904 - need_aligned: False
2024-03-31 17:43:38,904 - eval_monitor: f1
2024-03-31 17:43:38,904 - train_batch_size: 16
2024-03-31 17:43:38,904 - eval_batch_size: 8
2024-03-31 17:43:38,904 - test_batch_size: 8
2024-03-31 17:43:38,904 - wait_patience: 8
2024-03-31 17:43:38,904 - hidden_dims: 768
2024-03-31 17:43:38,904 - num_attention_heads: 6
2024-03-31 17:43:38,904 - attention_probs_dropout_prob: 0.3
2024-03-31 17:43:38,904 - hidden_dropout_prob: 0.2
2024-03-31 17:43:38,904 - intermediate_size: 768
2024-03-31 17:43:38,904 - num_hidden_layers: 8
2024-03-31 17:43:38,904 - max_position_embeddings: 768
2024-03-31 17:43:38,904 - position_embedding_type: absolute
2024-03-31 17:43:38,904 - batch_first: True
2024-03-31 17:43:38,904 - dropout: 0.4
2024-03-31 17:43:38,904 - aligned_method: conv1d
2024-03-31 17:43:38,904 - num_train_epochs: 100
2024-03-31 17:43:38,905 - lr: 7e-06
2024-03-31 17:43:38,905 - lr_mode: max
2024-03-31 17:43:38,905 - patience: 8
2024-03-31 17:43:38,905 - factor: 0.1
2024-03-31 17:43:38,905 - pred_output_path: /home/sharing/disk2/sjh/Outputs/MIntRec/msz_MIntRec_multi-class_seed-1_2024-03-31-17-43-38
2024-03-31 17:43:38,905 - model_output_path: /home/sharing/disk2/sjh/Outputs/MIntRec/msz_MIntRec_multi-class_seed-1_2024-03-31-17-43-38/models
2024-03-31 17:43:38,905 - num_labels: 20
2024-03-31 17:43:38,905 - text_feat_dim: 768
2024-03-31 17:43:38,905 - video_feat_dim: 256
2024-03-31 17:43:38,905 - audio_feat_dim: 768
2024-03-31 17:43:38,905 - text_seq_len: 30
2024-03-31 17:43:38,905 - video_seq_len: 230
2024-03-31 17:43:38,905 - audio_seq_len: 480
2024-03-31 17:43:38,905 - device: cuda:3
2024-03-31 17:43:38,905 - ============================== End Params ==============================
2024-03-31 17:43:38,987 - Generate Text Features Begin...
2024-03-31 17:43:39,599 - Generate Text Features Finished...
2024-03-31 17:43:39,599 - Load Video Features Begin...
2024-03-31 17:43:50,012 - Load Video Features Finished...
2024-03-31 17:43:51,243 - Load Audio Features Begin...
2024-03-31 17:44:16,984 - Load Audio Features Finished...
2024-03-31 17:44:19,674 - method  begins...
2024-03-31 17:44:32,576 - Multimodal intent recognition begins...
2024-03-31 17:44:32,577 - Training begins...
2024-03-31 17:44:53,473 - ***** Epoch: 1: Eval results *****
2024-03-31 17:44:53,474 -   train_loss = 2.4268
2024-03-31 17:44:53,474 -   best_eval_score = 0.0
2024-03-31 17:44:53,474 -   eval_score = 0.4727
2024-03-31 17:45:15,078 - ***** Epoch: 2: Eval results *****
2024-03-31 17:45:15,079 -   train_loss = 1.1215
2024-03-31 17:45:15,079 -   best_eval_score = 0.4727
2024-03-31 17:45:15,079 -   eval_score = 0.6278
2024-03-31 17:45:36,039 - ***** Epoch: 3: Eval results *****
2024-03-31 17:45:36,039 -   train_loss = 0.6344
2024-03-31 17:45:36,039 -   best_eval_score = 0.6278
2024-03-31 17:45:36,039 -   eval_score = 0.6313
2024-03-31 17:45:57,372 - ***** Epoch: 4: Eval results *****
2024-03-31 17:45:57,372 -   train_loss = 0.3935
2024-03-31 17:45:57,372 -   best_eval_score = 0.6313
2024-03-31 17:45:57,372 -   eval_score = 0.6451
2024-03-31 17:46:18,176 - ***** Epoch: 5: Eval results *****
2024-03-31 17:46:18,176 -   train_loss = 0.2162
2024-03-31 17:46:18,176 -   best_eval_score = 0.6451
2024-03-31 17:46:18,176 -   eval_score = 0.6599
2024-03-31 17:46:38,117 - ***** Epoch: 6: Eval results *****
2024-03-31 17:46:38,117 -   train_loss = 0.1056
2024-03-31 17:46:38,117 -   best_eval_score = 0.6599
2024-03-31 17:46:38,117 -   eval_score = 0.6592
2024-03-31 17:46:38,117 - EarlyStopping counter: 1 out of 8
2024-03-31 17:46:58,843 - ***** Epoch: 7: Eval results *****
2024-03-31 17:46:58,843 -   train_loss = 0.0655
2024-03-31 17:46:58,843 -   best_eval_score = 0.6599
2024-03-31 17:46:58,843 -   eval_score = 0.6698
2024-03-31 17:47:19,722 - ***** Epoch: 8: Eval results *****
2024-03-31 17:47:19,723 -   train_loss = 0.0417
2024-03-31 17:47:19,723 -   best_eval_score = 0.6698
2024-03-31 17:47:19,723 -   eval_score = 0.6682
2024-03-31 17:47:19,723 - EarlyStopping counter: 1 out of 8
2024-03-31 17:47:40,235 - ***** Epoch: 9: Eval results *****
2024-03-31 17:47:40,235 -   train_loss = 0.0241
2024-03-31 17:47:40,235 -   best_eval_score = 0.6698
2024-03-31 17:47:40,235 -   eval_score = 0.6698
2024-03-31 17:47:40,235 - EarlyStopping counter: 2 out of 8
2024-03-31 17:48:02,316 - ***** Epoch: 10: Eval results *****
2024-03-31 17:48:02,316 -   train_loss = 0.0204
2024-03-31 17:48:02,316 -   best_eval_score = 0.6698
2024-03-31 17:48:02,316 -   eval_score = 0.6602
2024-03-31 17:48:02,317 - EarlyStopping counter: 3 out of 8
2024-03-31 17:48:24,082 - ***** Epoch: 11: Eval results *****
2024-03-31 17:48:24,083 -   train_loss = 0.017
2024-03-31 17:48:24,083 -   best_eval_score = 0.6698
2024-03-31 17:48:24,083 -   eval_score = 0.6654
2024-03-31 17:48:24,083 - EarlyStopping counter: 4 out of 8
2024-03-31 17:48:45,894 - ***** Epoch: 12: Eval results *****
2024-03-31 17:48:45,894 -   train_loss = 0.0123
2024-03-31 17:48:45,894 -   best_eval_score = 0.6698
2024-03-31 17:48:45,894 -   eval_score = 0.6776
2024-03-31 17:49:07,178 - ***** Epoch: 13: Eval results *****
2024-03-31 17:49:07,178 -   train_loss = 0.0157
2024-03-31 17:49:07,178 -   best_eval_score = 0.6776
2024-03-31 17:49:07,178 -   eval_score = 0.6599
2024-03-31 17:49:07,178 - EarlyStopping counter: 1 out of 8
2024-03-31 17:49:28,766 - ***** Epoch: 14: Eval results *****
2024-03-31 17:49:28,766 -   train_loss = 0.0125
2024-03-31 17:49:28,767 -   best_eval_score = 0.6776
2024-03-31 17:49:28,767 -   eval_score = 0.6622
2024-03-31 17:49:28,767 - EarlyStopping counter: 2 out of 8
2024-03-31 17:49:50,357 - ***** Epoch: 15: Eval results *****
2024-03-31 17:49:50,357 -   train_loss = 0.0117
2024-03-31 17:49:50,357 -   best_eval_score = 0.6776
2024-03-31 17:49:50,357 -   eval_score = 0.6686
2024-03-31 17:49:50,357 - EarlyStopping counter: 3 out of 8
2024-03-31 17:50:12,799 - ***** Epoch: 16: Eval results *****
2024-03-31 17:50:12,799 -   train_loss = 0.0116
2024-03-31 17:50:12,799 -   best_eval_score = 0.6776
2024-03-31 17:50:12,800 -   eval_score = 0.669
2024-03-31 17:50:12,800 - EarlyStopping counter: 4 out of 8
2024-03-31 17:50:33,261 - ***** Epoch: 17: Eval results *****
2024-03-31 17:50:33,261 -   train_loss = 0.0108
2024-03-31 17:50:33,261 -   best_eval_score = 0.6776
2024-03-31 17:50:33,261 -   eval_score = 0.6768
2024-03-31 17:50:33,261 - EarlyStopping counter: 5 out of 8
2024-03-31 17:50:55,579 - ***** Epoch: 18: Eval results *****
2024-03-31 17:50:55,579 -   train_loss = 0.0107
2024-03-31 17:50:55,580 -   best_eval_score = 0.6776
2024-03-31 17:50:55,580 -   eval_score = 0.6609
2024-03-31 17:50:55,580 - EarlyStopping counter: 6 out of 8
2024-03-31 17:51:16,875 - ***** Epoch: 19: Eval results *****
2024-03-31 17:51:16,876 -   train_loss = 0.009
2024-03-31 17:51:16,876 -   best_eval_score = 0.6776
2024-03-31 17:51:16,876 -   eval_score = 0.6577
2024-03-31 17:51:16,876 - EarlyStopping counter: 7 out of 8
2024-03-31 17:51:37,824 - ***** Epoch: 20: Eval results *****
2024-03-31 17:51:37,824 -   train_loss = 0.0087
2024-03-31 17:51:37,824 -   best_eval_score = 0.6776
2024-03-31 17:51:37,824 -   eval_score = 0.6577
2024-03-31 17:51:37,824 - EarlyStopping counter: 8 out of 8
2024-03-31 17:51:37,824 - EarlyStopping at epoch 20
2024-03-31 17:51:37,827 - Training is finished...
2024-03-31 17:51:37,827 - Testing begins...
2024-03-31 17:51:41,029 - ***** Test: Confusion Matrix *****
2024-03-31 17:51:41,030 - [[36  3  0  0  8  0  0  1  0  2  1  0  5  1  0  0  0  0  0  0]
 [ 1 34  0  1  0  2  0  0  1  0  0  0  3  1  0  0  0  0  0  0]
 [ 1  0 25  0  0  0  0  0  0  0  0  0  1  0  0  0  0  0  0  0]
 [ 0  1  1 23  0  0  0  0  0  0  0  0  0  0  0  0  0  0  0  0]
 [ 4  0  0  0 13  0  0  0  0  0  0  1  2  2  0  0  0  1  0  0]
 [ 0  0  0  0  0 11  0  0  0  0  0  0  0  0  1  0  0  0  0  0]
 [ 2  1  0  0  2  0  2  1  2  0  0  0  1  0  0  0  1  0  0  0]
 [ 3  1  0  0  0  0  1  4  0  1  0  0  0  0  0  0  0  0  0  0]
 [ 1  0  0  0  0  0  0  2  6  0  0  0  0  1  0  0  0  0  0  0]
 [ 1  0  0  0  0  0  0  0  0  3  0  0  0  0  0  3  0  2  0  1]
 [ 1  0  0  0  0  0  1  0  0  1 13  0  0  0  0  0  1  1  0  0]
 [ 0  0  0  0  0  0  1  0  0  0  0 17  0  0  0  0  0  0  0  1]
 [ 4  2  0  0  1  0  0  2  0  0  0  1 40  0  2  2  2  0  0  1]
 [ 1  0  0  0  0  0  1  0  0  0  1  1  0 20  1  0  0  0  0  0]
 [ 0  0  0  0  1  0  0  0  1  0  0  0  2  2 14  0  1  0  0  1]
 [ 0  1  0  0  0  0  0  0  0  0  0  0  6  0  0 14  0  0  0  0]
 [ 1  0  0  0  0  0  0  0  0  0  0  0  3  0  1  0 12  0  0  0]
 [ 0  0  0  0  0  0  0  0  0  1  2  0  1  0  0  0  0 11  0  0]
 [ 0  0  0  0  0  0  0  0  0  0  0  0  2  0  0  1  0  0  9  0]
 [ 1  0  0  0  0  0  0  0  0  0  0  0  1  1  1  0  1  0  0  5]]
2024-03-31 17:51:41,030 - ***** Evaluation results *****
2024-03-31 17:51:41,030 -   acc = 0.7011
2024-03-31 17:51:41,030 -   f1 = 0.6724
2024-03-31 17:51:41,030 -   prec = 0.6849
2024-03-31 17:51:41,030 -   rec = 0.6664
2024-03-31 17:51:41,031 - Testing is finished...
2024-03-31 17:51:41,031 - Multimodal intent recognition is finished...
2024-03-31 17:51:41,031 - Results are saved in results/msz.csv
