2024-01-08 14:59:12,834 - ============================== Params ==============================
2024-01-08 14:59:12,834 - logger_name: msz_MIntRec_multi-class_seed-4_2024-01-08-14-59-12
2024-01-08 14:59:12,834 - dataset: MIntRec
2024-01-08 14:59:12,834 - data_mode: multi-class
2024-01-08 14:59:12,834 - method: msz
2024-01-08 14:59:12,834 - text_backbone: bert-base-uncased
2024-01-08 14:59:12,834 - text_backbone_path: /home/sharing/disk1/pretrained_embedding/bert/uncased_L-12_H-768_A-12/
2024-01-08 14:59:12,834 - seed: 4
2024-01-08 14:59:12,834 - num_workers: 8
2024-01-08 14:59:12,834 - gpu_id: 1
2024-01-08 14:59:12,834 - data_path: /home/sharing/disk2/sjh/intentDataset
2024-01-08 14:59:12,834 - train: True
2024-01-08 14:59:12,834 - tune: False
2024-01-08 14:59:12,834 - save_model: False
2024-01-08 14:59:12,834 - save_results: True
2024-01-08 14:59:12,834 - log_path: logs
2024-01-08 14:59:12,834 - cache_path: 
2024-01-08 14:59:12,834 - video_data_path: video_data
2024-01-08 14:59:12,834 - audio_data_path: audio_data
2024-01-08 14:59:12,834 - video_feats_path: video_feats.pkl
2024-01-08 14:59:12,834 - audio_feats_path: audio_feats.pkl
2024-01-08 14:59:12,834 - results_path: results
2024-01-08 14:59:12,834 - output_path: /home/sharing/disk2/sjh/Outputs/MIntRec
2024-01-08 14:59:12,834 - model_path: models
2024-01-08 14:59:12,834 - config_file_name: msz
2024-01-08 14:59:12,834 - results_file_name: msz.csv
2024-01-08 14:59:12,834 - padding_mode: zero
2024-01-08 14:59:12,834 - padding_loc: end
2024-01-08 14:59:12,834 - need_aligned: False
2024-01-08 14:59:12,835 - eval_monitor: f1
2024-01-08 14:59:12,835 - train_batch_size: 16
2024-01-08 14:59:12,835 - eval_batch_size: 8
2024-01-08 14:59:12,835 - test_batch_size: 8
2024-01-08 14:59:12,835 - wait_patience: 8
2024-01-08 14:59:12,835 - nheads: 12
2024-01-08 14:59:12,835 - encoder_layers: 5
2024-01-08 14:59:12,835 - attn_dropout: 0.2
2024-01-08 14:59:12,835 - relu_dropout: 0.2
2024-01-08 14:59:12,835 - embed_dropout: 0.3
2024-01-08 14:59:12,835 - res_dropout: 0.2
2024-01-08 14:59:12,835 - attn_mask: False
2024-01-08 14:59:12,835 - hidden_size: 768
2024-01-08 14:59:12,835 - num_attention_heads: 12
2024-01-08 14:59:12,835 - attention_probs_dropout_prob: 0.1
2024-01-08 14:59:12,835 - hidden_dropout_prob: 0.1
2024-01-08 14:59:12,835 - intermediate_size: 768
2024-01-08 14:59:12,835 - num_hidden_layers: 5
2024-01-08 14:59:12,835 - max_position_embeddings: 512
2024-01-08 14:59:12,835 - position_embedding_type: absolute
2024-01-08 14:59:12,835 - batch_first: True
2024-01-08 14:59:12,835 - hidden_dims: 768
2024-01-08 14:59:12,835 - att_dropouts: [0.2, 0.2, 0.2]
2024-01-08 14:59:12,835 - spe_dropouts: [0.2, 0.1, 0.1]
2024-01-08 14:59:12,835 - ta_loss: 0.1
2024-01-08 14:59:12,835 - tv_loss: 0.1
2024-01-08 14:59:12,835 - av_loss: 0.1
2024-01-08 14:59:12,835 - aligned_method: conv1d
2024-01-08 14:59:12,835 - grad_clip: 2
2024-01-08 14:59:12,835 - num_train_epochs: 100
2024-01-08 14:59:12,835 - warmup_proportion: 0.1
2024-01-08 14:59:12,835 - lr: 2e-06
2024-01-08 14:59:12,835 - weight_decay: 0.01
2024-01-08 14:59:12,835 - pred_output_path: /home/sharing/disk2/sjh/Outputs/MIntRec/msz_MIntRec_multi-class_seed-4_2024-01-08-14-59-12
2024-01-08 14:59:12,835 - model_output_path: /home/sharing/disk2/sjh/Outputs/MIntRec/msz_MIntRec_multi-class_seed-4_2024-01-08-14-59-12/models
2024-01-08 14:59:12,835 - ============================== End Params ==============================
2024-01-08 14:59:12,838 - Generate Text Features Begin...
2024-01-08 14:59:13,341 - Generate Text Features Finished...
2024-01-08 14:59:13,341 - Load Video Features Begin...
2024-01-08 14:59:13,658 - Load Video Features Finished...
2024-01-08 14:59:14,275 - Load Audio Features Begin...
2024-01-08 14:59:15,315 - Load Audio Features Finished...
2024-01-08 14:59:18,875 - method  begins...
2024-01-08 14:59:23,681 - Multimodal intent recognition begins...
2024-01-08 14:59:23,681 - Training begins...
2024-01-08 15:00:03,906 - ***** Epoch: 1: Eval results *****
2024-01-08 15:00:03,906 -   train_loss = 2.9529
2024-01-08 15:00:03,906 -   best_eval_score = 0.0
2024-01-08 15:00:03,906 -   eval_score = 0.0361
2024-01-08 15:00:41,799 - ***** Epoch: 2: Eval results *****
2024-01-08 15:00:41,799 -   train_loss = 2.8621
2024-01-08 15:00:41,799 -   best_eval_score = 0.0361
2024-01-08 15:00:41,799 -   eval_score = 0.0357
2024-01-08 15:00:41,799 - EarlyStopping counter: 1 out of 8
2024-01-08 15:01:19,739 - ***** Epoch: 3: Eval results *****
2024-01-08 15:01:19,740 -   train_loss = 2.7714
2024-01-08 15:01:19,740 -   best_eval_score = 0.0361
2024-01-08 15:01:19,740 -   eval_score = 0.0609
2024-01-08 15:01:57,956 - ***** Epoch: 4: Eval results *****
2024-01-08 15:01:57,957 -   train_loss = 2.5776
2024-01-08 15:01:57,957 -   best_eval_score = 0.0609
2024-01-08 15:01:57,957 -   eval_score = 0.1452
2024-01-08 15:02:36,122 - ***** Epoch: 5: Eval results *****
2024-01-08 15:02:36,122 -   train_loss = 2.2679
2024-01-08 15:02:36,123 -   best_eval_score = 0.1452
2024-01-08 15:02:36,123 -   eval_score = 0.2135
2024-01-08 15:03:14,250 - ***** Epoch: 6: Eval results *****
2024-01-08 15:03:14,250 -   train_loss = 1.8806
2024-01-08 15:03:14,250 -   best_eval_score = 0.2135
2024-01-08 15:03:14,250 -   eval_score = 0.3308
2024-01-08 15:03:52,234 - ***** Epoch: 7: Eval results *****
2024-01-08 15:03:52,234 -   train_loss = 1.4727
2024-01-08 15:03:52,235 -   best_eval_score = 0.3308
2024-01-08 15:03:52,235 -   eval_score = 0.4597
2024-01-08 15:04:30,160 - ***** Epoch: 8: Eval results *****
2024-01-08 15:04:30,160 -   train_loss = 1.1246
2024-01-08 15:04:30,160 -   best_eval_score = 0.4597
2024-01-08 15:04:30,160 -   eval_score = 0.55
2024-01-08 15:05:08,059 - ***** Epoch: 9: Eval results *****
2024-01-08 15:05:08,060 -   train_loss = 0.8376
2024-01-08 15:05:08,060 -   best_eval_score = 0.55
2024-01-08 15:05:08,060 -   eval_score = 0.5775
2024-01-08 15:05:46,309 - ***** Epoch: 10: Eval results *****
2024-01-08 15:05:46,309 -   train_loss = 0.6192
2024-01-08 15:05:46,309 -   best_eval_score = 0.5775
2024-01-08 15:05:46,309 -   eval_score = 0.621
2024-01-08 15:06:24,607 - ***** Epoch: 11: Eval results *****
2024-01-08 15:06:24,607 -   train_loss = 0.4411
2024-01-08 15:06:24,607 -   best_eval_score = 0.621
2024-01-08 15:06:24,607 -   eval_score = 0.6613
2024-01-08 15:07:02,724 - ***** Epoch: 12: Eval results *****
2024-01-08 15:07:02,724 -   train_loss = 0.3372
2024-01-08 15:07:02,724 -   best_eval_score = 0.6613
2024-01-08 15:07:02,724 -   eval_score = 0.6692
2024-01-08 15:07:41,048 - ***** Epoch: 13: Eval results *****
2024-01-08 15:07:41,048 -   train_loss = 0.2501
2024-01-08 15:07:41,049 -   best_eval_score = 0.6692
2024-01-08 15:07:41,049 -   eval_score = 0.6656
2024-01-08 15:07:41,049 - EarlyStopping counter: 1 out of 8
2024-01-08 15:08:18,818 - ***** Epoch: 14: Eval results *****
2024-01-08 15:08:18,818 -   train_loss = 0.1981
2024-01-08 15:08:18,818 -   best_eval_score = 0.6692
2024-01-08 15:08:18,818 -   eval_score = 0.6617
2024-01-08 15:08:18,818 - EarlyStopping counter: 2 out of 8
2024-01-08 15:08:56,587 - ***** Epoch: 15: Eval results *****
2024-01-08 15:08:56,588 -   train_loss = 0.1512
2024-01-08 15:08:56,588 -   best_eval_score = 0.6692
2024-01-08 15:08:56,588 -   eval_score = 0.6757
2024-01-08 15:09:34,622 - ***** Epoch: 16: Eval results *****
2024-01-08 15:09:34,623 -   train_loss = 0.1263
2024-01-08 15:09:34,623 -   best_eval_score = 0.6757
2024-01-08 15:09:34,623 -   eval_score = 0.6707
2024-01-08 15:09:34,623 - EarlyStopping counter: 1 out of 8
2024-01-08 15:10:12,501 - ***** Epoch: 17: Eval results *****
2024-01-08 15:10:12,501 -   train_loss = 0.0989
2024-01-08 15:10:12,501 -   best_eval_score = 0.6757
2024-01-08 15:10:12,502 -   eval_score = 0.6646
2024-01-08 15:10:12,502 - EarlyStopping counter: 2 out of 8
2024-01-08 15:10:50,500 - ***** Epoch: 18: Eval results *****
2024-01-08 15:10:50,500 -   train_loss = 0.0799
2024-01-08 15:10:50,500 -   best_eval_score = 0.6757
2024-01-08 15:10:50,500 -   eval_score = 0.6714
2024-01-08 15:10:50,500 - EarlyStopping counter: 3 out of 8
2024-01-08 15:11:28,490 - ***** Epoch: 19: Eval results *****
2024-01-08 15:11:28,490 -   train_loss = 0.0714
2024-01-08 15:11:28,490 -   best_eval_score = 0.6757
2024-01-08 15:11:28,490 -   eval_score = 0.675
2024-01-08 15:11:28,490 - EarlyStopping counter: 4 out of 8
2024-01-08 15:12:06,270 - ***** Epoch: 20: Eval results *****
2024-01-08 15:12:06,270 -   train_loss = 0.0623
2024-01-08 15:12:06,270 -   best_eval_score = 0.6757
2024-01-08 15:12:06,270 -   eval_score = 0.6782
2024-01-08 15:12:44,755 - ***** Epoch: 21: Eval results *****
2024-01-08 15:12:44,756 -   train_loss = 0.0493
2024-01-08 15:12:44,756 -   best_eval_score = 0.6782
2024-01-08 15:12:44,756 -   eval_score = 0.6758
2024-01-08 15:12:44,756 - EarlyStopping counter: 1 out of 8
2024-01-08 15:13:22,870 - ***** Epoch: 22: Eval results *****
2024-01-08 15:13:22,870 -   train_loss = 0.043
2024-01-08 15:13:22,870 -   best_eval_score = 0.6782
2024-01-08 15:13:22,870 -   eval_score = 0.6826
2024-01-08 15:14:00,856 - ***** Epoch: 23: Eval results *****
2024-01-08 15:14:00,856 -   train_loss = 0.0364
2024-01-08 15:14:00,856 -   best_eval_score = 0.6826
2024-01-08 15:14:00,856 -   eval_score = 0.6863
2024-01-08 15:14:39,087 - ***** Epoch: 24: Eval results *****
2024-01-08 15:14:39,087 -   train_loss = 0.0292
2024-01-08 15:14:39,087 -   best_eval_score = 0.6863
2024-01-08 15:14:39,087 -   eval_score = 0.6882
2024-01-08 15:15:17,191 - ***** Epoch: 25: Eval results *****
2024-01-08 15:15:17,192 -   train_loss = 0.0324
2024-01-08 15:15:17,192 -   best_eval_score = 0.6882
2024-01-08 15:15:17,192 -   eval_score = 0.6761
2024-01-08 15:15:17,192 - EarlyStopping counter: 1 out of 8
2024-01-08 15:15:54,868 - ***** Epoch: 26: Eval results *****
2024-01-08 15:15:54,869 -   train_loss = 0.0249
2024-01-08 15:15:54,869 -   best_eval_score = 0.6882
2024-01-08 15:15:54,869 -   eval_score = 0.6859
2024-01-08 15:15:54,869 - EarlyStopping counter: 2 out of 8
2024-01-08 15:16:32,882 - ***** Epoch: 27: Eval results *****
2024-01-08 15:16:32,882 -   train_loss = 0.0211
2024-01-08 15:16:32,882 -   best_eval_score = 0.6882
2024-01-08 15:16:32,882 -   eval_score = 0.6732
2024-01-08 15:16:32,882 - EarlyStopping counter: 3 out of 8
2024-01-08 15:17:10,865 - ***** Epoch: 28: Eval results *****
2024-01-08 15:17:10,866 -   train_loss = 0.0224
2024-01-08 15:17:10,866 -   best_eval_score = 0.6882
2024-01-08 15:17:10,866 -   eval_score = 0.6756
2024-01-08 15:17:10,866 - EarlyStopping counter: 4 out of 8
2024-01-08 15:17:48,975 - ***** Epoch: 29: Eval results *****
2024-01-08 15:17:48,975 -   train_loss = 0.0193
2024-01-08 15:17:48,975 -   best_eval_score = 0.6882
2024-01-08 15:17:48,975 -   eval_score = 0.6828
2024-01-08 15:17:48,975 - EarlyStopping counter: 5 out of 8
2024-01-08 15:18:27,155 - ***** Epoch: 30: Eval results *****
2024-01-08 15:18:27,155 -   train_loss = 0.0158
2024-01-08 15:18:27,155 -   best_eval_score = 0.6882
2024-01-08 15:18:27,155 -   eval_score = 0.6753
2024-01-08 15:18:27,155 - EarlyStopping counter: 6 out of 8
2024-01-08 15:19:04,892 - ***** Epoch: 31: Eval results *****
2024-01-08 15:19:04,892 -   train_loss = 0.0143
2024-01-08 15:19:04,892 -   best_eval_score = 0.6882
2024-01-08 15:19:04,892 -   eval_score = 0.6782
2024-01-08 15:19:04,892 - EarlyStopping counter: 7 out of 8
2024-01-08 15:19:42,724 - ***** Epoch: 32: Eval results *****
2024-01-08 15:19:42,724 -   train_loss = 0.0131
2024-01-08 15:19:42,724 -   best_eval_score = 0.6882
2024-01-08 15:19:42,724 -   eval_score = 0.6933
2024-01-08 15:20:20,960 - ***** Epoch: 33: Eval results *****
2024-01-08 15:20:20,960 -   train_loss = 0.0132
2024-01-08 15:20:20,960 -   best_eval_score = 0.6933
2024-01-08 15:20:20,960 -   eval_score = 0.6783
2024-01-08 15:20:20,960 - EarlyStopping counter: 1 out of 8
2024-01-08 15:20:58,960 - ***** Epoch: 34: Eval results *****
2024-01-08 15:20:58,960 -   train_loss = 0.0109
2024-01-08 15:20:58,961 -   best_eval_score = 0.6933
2024-01-08 15:20:58,961 -   eval_score = 0.6821
2024-01-08 15:20:58,961 - EarlyStopping counter: 2 out of 8
2024-01-08 15:21:36,584 - ***** Epoch: 35: Eval results *****
2024-01-08 15:21:36,584 -   train_loss = 0.0095
2024-01-08 15:21:36,584 -   best_eval_score = 0.6933
2024-01-08 15:21:36,584 -   eval_score = 0.6735
2024-01-08 15:21:36,584 - EarlyStopping counter: 3 out of 8
2024-01-08 15:22:14,570 - ***** Epoch: 36: Eval results *****
2024-01-08 15:22:14,570 -   train_loss = 0.0109
2024-01-08 15:22:14,571 -   best_eval_score = 0.6933
2024-01-08 15:22:14,571 -   eval_score = 0.6831
2024-01-08 15:22:14,571 - EarlyStopping counter: 4 out of 8
2024-01-08 15:22:52,111 - ***** Epoch: 37: Eval results *****
2024-01-08 15:22:52,111 -   train_loss = 0.0095
2024-01-08 15:22:52,111 -   best_eval_score = 0.6933
2024-01-08 15:22:52,111 -   eval_score = 0.679
2024-01-08 15:22:52,111 - EarlyStopping counter: 5 out of 8
2024-01-08 15:23:30,082 - ***** Epoch: 38: Eval results *****
2024-01-08 15:23:30,082 -   train_loss = 0.0084
2024-01-08 15:23:30,082 -   best_eval_score = 0.6933
2024-01-08 15:23:30,082 -   eval_score = 0.6825
2024-01-08 15:23:30,082 - EarlyStopping counter: 6 out of 8
2024-01-08 15:24:08,077 - ***** Epoch: 39: Eval results *****
2024-01-08 15:24:08,077 -   train_loss = 0.0074
2024-01-08 15:24:08,077 -   best_eval_score = 0.6933
2024-01-08 15:24:08,077 -   eval_score = 0.6835
2024-01-08 15:24:08,077 - EarlyStopping counter: 7 out of 8
2024-01-08 15:24:45,764 - ***** Epoch: 40: Eval results *****
2024-01-08 15:24:45,765 -   train_loss = 0.0072
2024-01-08 15:24:45,765 -   best_eval_score = 0.6933
2024-01-08 15:24:45,765 -   eval_score = 0.6739
2024-01-08 15:24:45,765 - EarlyStopping counter: 8 out of 8
2024-01-08 15:24:45,765 - EarlyStopping at epoch 40
2024-01-08 15:24:45,769 - Training is finished...
2024-01-08 15:24:45,769 - Testing begins...
2024-01-08 15:24:51,004 - ***** Test: Confusion Matrix *****
2024-01-08 15:24:51,006 - [[38  2  0  0  7  0  2  1  0  1  1  0  4  1  0  0  0  0  0  0]
 [ 1 34  0  1  0  3  0  0  0  0  1  0  2  0  1  0  0  0  0  0]
 [ 1  0 26  0  0  0  0  0  0  0  0  0  0  0  0  0  0  0  0  0]
 [ 0  1  0 24  0  0  0  0  0  0  0  0  0  0  0  0  0  0  0  0]
 [ 5  0  0  0  9  0  2  0  1  1  0  1  1  0  1  0  0  2  0  0]
 [ 0  0  0  0  0 12  0  0  0  0  0  0  0  0  0  0  0  0  0  0]
 [ 1  1  0  0  3  0  4  0  1  0  0  0  1  0  1  0  0  0  0  0]
 [ 3  0  0  0  0  1  0  5  1  0  0  0  0  0  0  0  0  0  0  0]
 [ 1  0  0  0  0  0  0  2  3  0  0  0  0  2  0  1  0  0  0  1]
 [ 1  0  0  0  1  0  0  0  0  4  0  0  0  0  0  2  0  1  0  1]
 [ 1  0  0  0  0  0  0  0  0  1 14  0  0  0  1  0  1  0  0  0]
 [ 0  0  0  0  0  0  1  0  0  0  0 17  0  0  0  0  0  0  0  1]
 [ 4  1  0  0  1  0  1  2  0  0  0  1 32  4  6  3  2  0  0  0]
 [ 0  1  0  0  0  0  2  0  0  0  1  1  0 18  2  0  0  0  0  0]
 [ 0  0  1  0  1  0  0  0  1  0  0  0  0  1 16  0  1  0  0  1]
 [ 0  0  0  0  0  0  0  1  0  0  0  0  2  1  0 17  0  0  0  0]
 [ 0  0  0  0  0  0  0  0  0  0  0  0  2  0  3  0 12  0  0  0]
 [ 0  0  0  0  0  0  0  0  0  1  1  0  1  0  0  0  0 12  0  0]
 [ 0  0  0  0  0  0  0  0  0  0  0  0  2  0  0  1  0  0  9  0]
 [ 0  0  0  0  0  0  0  0  0  0  0  0  0  1  1  0  2  0  0  6]]
2024-01-08 15:24:51,006 - ***** Evaluation results *****
2024-01-08 15:24:51,006 -   acc = 0.7011
2024-01-08 15:24:51,006 -   f1 = 0.6757
2024-01-08 15:24:51,006 -   prec = 0.6777
2024-01-08 15:24:51,006 -   rec = 0.6826
2024-01-08 15:24:51,006 - Testing is finished...
2024-01-08 15:24:51,006 - Multimodal intent recognition is finished...
2024-01-08 15:24:51,006 - Results are saved in results/msz.csv
