2024-03-31 16:07:09,893 - ============================== Params ==============================
2024-03-31 16:07:09,894 - logger_name: msz_MIntRec_multi-class_seed-1_2024-03-31-16-07-09
2024-03-31 16:07:09,894 - dataset: MIntRec
2024-03-31 16:07:09,894 - data_mode: multi-class
2024-03-31 16:07:09,895 - method: msz
2024-03-31 16:07:09,895 - text_backbone: bert-base-uncased
2024-03-31 16:07:09,895 - text_backbone_path: /home/sharing/disk1/pretrained_embedding/bert/uncased_L-12_H-768_A-12/
2024-03-31 16:07:09,895 - seed: 1
2024-03-31 16:07:09,895 - num_workers: 8
2024-03-31 16:07:09,895 - gpu_id: 3
2024-03-31 16:07:09,895 - data_path: /home/sharing/disk2/sjh/intentDataset
2024-03-31 16:07:09,895 - train: True
2024-03-31 16:07:09,895 - tune: True
2024-03-31 16:07:09,895 - save_model: False
2024-03-31 16:07:09,895 - save_results: True
2024-03-31 16:07:09,895 - log_path: logs
2024-03-31 16:07:09,895 - cache_path: 
2024-03-31 16:07:09,895 - video_data_path: video_data
2024-03-31 16:07:09,895 - audio_data_path: audio_data
2024-03-31 16:07:09,896 - video_feats_path: video_feats.pkl
2024-03-31 16:07:09,896 - audio_feats_path: audio_feats.pkl
2024-03-31 16:07:09,896 - results_path: results
2024-03-31 16:07:09,896 - output_path: /home/sharing/disk2/sjh/Outputs/MIntRec
2024-03-31 16:07:09,896 - model_path: models
2024-03-31 16:07:09,896 - config_file_name: msz_MIntRec
2024-03-31 16:07:09,896 - results_file_name: msz.csv
2024-03-31 16:07:09,896 - padding_mode: zero
2024-03-31 16:07:09,896 - padding_loc: end
2024-03-31 16:07:09,896 - need_aligned: False
2024-03-31 16:07:09,896 - eval_monitor: f1
2024-03-31 16:07:09,896 - train_batch_size: 16
2024-03-31 16:07:09,896 - eval_batch_size: 8
2024-03-31 16:07:09,896 - test_batch_size: 8
2024-03-31 16:07:09,896 - wait_patience: 8
2024-03-31 16:07:09,897 - hidden_dims: 768
2024-03-31 16:07:09,897 - num_attention_heads: 8
2024-03-31 16:07:09,897 - attention_probs_dropout_prob: 0.2
2024-03-31 16:07:09,897 - hidden_dropout_prob: 0.2
2024-03-31 16:07:09,897 - intermediate_size: 768
2024-03-31 16:07:09,897 - num_hidden_layers: 8
2024-03-31 16:07:09,897 - max_position_embeddings: 768
2024-03-31 16:07:09,897 - position_embedding_type: absolute
2024-03-31 16:07:09,897 - batch_first: True
2024-03-31 16:07:09,897 - dropout: 0.4
2024-03-31 16:07:09,897 - aligned_method: conv1d
2024-03-31 16:07:09,897 - num_train_epochs: 100
2024-03-31 16:07:09,897 - lr: 7e-06
2024-03-31 16:07:09,897 - lr_mode: max
2024-03-31 16:07:09,897 - patience: 8
2024-03-31 16:07:09,898 - factor: 0.1
2024-03-31 16:07:09,898 - pred_output_path: /home/sharing/disk2/sjh/Outputs/MIntRec/msz_MIntRec_multi-class_seed-1_2024-03-31-16-07-09
2024-03-31 16:07:09,898 - model_output_path: /home/sharing/disk2/sjh/Outputs/MIntRec/msz_MIntRec_multi-class_seed-1_2024-03-31-16-07-09/models
2024-03-31 16:07:09,898 - num_labels: 20
2024-03-31 16:07:09,898 - text_feat_dim: 768
2024-03-31 16:07:09,898 - video_feat_dim: 256
2024-03-31 16:07:09,898 - audio_feat_dim: 768
2024-03-31 16:07:09,898 - text_seq_len: 30
2024-03-31 16:07:09,898 - video_seq_len: 230
2024-03-31 16:07:09,898 - audio_seq_len: 480
2024-03-31 16:07:09,898 - device: cuda:3
2024-03-31 16:07:09,898 - ============================== End Params ==============================
2024-03-31 16:07:10,036 - Generate Text Features Begin...
2024-03-31 16:07:10,883 - Generate Text Features Finished...
2024-03-31 16:07:10,892 - Load Video Features Begin...
2024-03-31 16:07:25,467 - Load Video Features Finished...
2024-03-31 16:07:30,575 - Load Audio Features Begin...
2024-03-31 16:08:12,838 - Load Audio Features Finished...
2024-03-31 16:08:57,186 - method  begins...
2024-03-31 16:09:03,930 - Multimodal intent recognition begins...
2024-03-31 16:09:03,930 - Training begins...
2024-03-31 16:09:25,979 - ***** Epoch: 1: Eval results *****
2024-03-31 16:09:25,979 -   train_loss = 2.4101
2024-03-31 16:09:25,979 -   best_eval_score = 0.0
2024-03-31 16:09:25,979 -   eval_score = 0.4846
2024-03-31 16:09:46,432 - ***** Epoch: 2: Eval results *****
2024-03-31 16:09:46,432 -   train_loss = 1.118
2024-03-31 16:09:46,432 -   best_eval_score = 0.4846
2024-03-31 16:09:46,432 -   eval_score = 0.6168
2024-03-31 16:10:08,519 - ***** Epoch: 3: Eval results *****
2024-03-31 16:10:08,519 -   train_loss = 0.6393
2024-03-31 16:10:08,519 -   best_eval_score = 0.6168
2024-03-31 16:10:08,519 -   eval_score = 0.6295
2024-03-31 16:10:29,697 - ***** Epoch: 4: Eval results *****
2024-03-31 16:10:29,697 -   train_loss = 0.402
2024-03-31 16:10:29,698 -   best_eval_score = 0.6295
2024-03-31 16:10:29,698 -   eval_score = 0.6574
2024-03-31 16:10:50,415 - ***** Epoch: 5: Eval results *****
2024-03-31 16:10:50,415 -   train_loss = 0.2185
2024-03-31 16:10:50,415 -   best_eval_score = 0.6574
2024-03-31 16:10:50,415 -   eval_score = 0.6609
2024-03-31 16:11:11,416 - ***** Epoch: 6: Eval results *****
2024-03-31 16:11:11,416 -   train_loss = 0.1128
2024-03-31 16:11:11,416 -   best_eval_score = 0.6609
2024-03-31 16:11:11,416 -   eval_score = 0.6569
2024-03-31 16:11:11,416 - EarlyStopping counter: 1 out of 8
2024-03-31 16:11:31,950 - ***** Epoch: 7: Eval results *****
2024-03-31 16:11:31,951 -   train_loss = 0.0702
2024-03-31 16:11:31,951 -   best_eval_score = 0.6609
2024-03-31 16:11:31,951 -   eval_score = 0.6526
2024-03-31 16:11:31,951 - EarlyStopping counter: 2 out of 8
2024-03-31 16:11:52,832 - ***** Epoch: 8: Eval results *****
2024-03-31 16:11:52,833 -   train_loss = 0.046
2024-03-31 16:11:52,833 -   best_eval_score = 0.6609
2024-03-31 16:11:52,833 -   eval_score = 0.6629
2024-03-31 16:12:13,747 - ***** Epoch: 9: Eval results *****
2024-03-31 16:12:13,747 -   train_loss = 0.0322
2024-03-31 16:12:13,747 -   best_eval_score = 0.6629
2024-03-31 16:12:13,748 -   eval_score = 0.6678
2024-03-31 16:12:35,273 - ***** Epoch: 10: Eval results *****
2024-03-31 16:12:35,273 -   train_loss = 0.0205
2024-03-31 16:12:35,273 -   best_eval_score = 0.6678
2024-03-31 16:12:35,273 -   eval_score = 0.6528
2024-03-31 16:12:35,273 - EarlyStopping counter: 1 out of 8
2024-03-31 16:12:55,873 - ***** Epoch: 11: Eval results *****
2024-03-31 16:12:55,874 -   train_loss = 0.0191
2024-03-31 16:12:55,874 -   best_eval_score = 0.6678
2024-03-31 16:12:55,874 -   eval_score = 0.6607
2024-03-31 16:12:55,874 - EarlyStopping counter: 2 out of 8
2024-03-31 16:13:16,796 - ***** Epoch: 12: Eval results *****
2024-03-31 16:13:16,796 -   train_loss = 0.0141
2024-03-31 16:13:16,796 -   best_eval_score = 0.6678
2024-03-31 16:13:16,796 -   eval_score = 0.6673
2024-03-31 16:13:16,796 - EarlyStopping counter: 3 out of 8
2024-03-31 16:13:38,320 - ***** Epoch: 13: Eval results *****
2024-03-31 16:13:38,321 -   train_loss = 0.0153
2024-03-31 16:13:38,321 -   best_eval_score = 0.6678
2024-03-31 16:13:38,321 -   eval_score = 0.6632
2024-03-31 16:13:38,321 - EarlyStopping counter: 4 out of 8
2024-03-31 16:14:00,564 - ***** Epoch: 14: Eval results *****
2024-03-31 16:14:00,565 -   train_loss = 0.0128
2024-03-31 16:14:00,565 -   best_eval_score = 0.6678
2024-03-31 16:14:00,565 -   eval_score = 0.6566
2024-03-31 16:14:00,565 - EarlyStopping counter: 5 out of 8
2024-03-31 16:14:22,541 - ***** Epoch: 15: Eval results *****
2024-03-31 16:14:22,542 -   train_loss = 0.0119
2024-03-31 16:14:22,542 -   best_eval_score = 0.6678
2024-03-31 16:14:22,542 -   eval_score = 0.6642
2024-03-31 16:14:22,542 - EarlyStopping counter: 6 out of 8
2024-03-31 16:14:44,651 - ***** Epoch: 16: Eval results *****
2024-03-31 16:14:44,651 -   train_loss = 0.0123
2024-03-31 16:14:44,651 -   best_eval_score = 0.6678
2024-03-31 16:14:44,651 -   eval_score = 0.6619
2024-03-31 16:14:44,651 - EarlyStopping counter: 7 out of 8
2024-03-31 16:15:06,345 - ***** Epoch: 17: Eval results *****
2024-03-31 16:15:06,345 -   train_loss = 0.011
2024-03-31 16:15:06,345 -   best_eval_score = 0.6678
2024-03-31 16:15:06,345 -   eval_score = 0.6629
2024-03-31 16:15:06,345 - EarlyStopping counter: 8 out of 8
2024-03-31 16:15:06,345 - EarlyStopping at epoch 17
2024-03-31 16:15:06,352 - Training is finished...
2024-03-31 16:15:06,353 - Testing begins...
2024-03-31 16:15:09,781 - ***** Test: Confusion Matrix *****
2024-03-31 16:15:09,782 - [[38  2  0  0  9  0  0  1  0  2  1  0  3  1  0  0  0  0  0  0]
 [ 1 33  0  1  0  3  0  0  1  0  0  0  3  1  0  0  0  0  0  0]
 [ 1  0 25  0  0  0  1  0  0  0  0  0  0  0  0  0  0  0  0  0]
 [ 0  1  1 23  0  0  0  0  0  0  0  0  0  0  0  0  0  0  0  0]
 [ 5  0  0  0 14  0  0  0  0  1  0  1  0  2  0  0  0  0  0  0]
 [ 0  0  0  0  0 11  0  0  0  0  0  0  0  0  1  0  0  0  0  0]
 [ 2  1  0  0  2  0  2  1  2  0  0  0  1  0  0  0  1  0  0  0]
 [ 4  1  0  0  0  0  1  3  0  1  0  0  0  0  0  0  0  0  0  0]
 [ 1  0  0  0  0  0  0  1  8  0  0  0  0  0  0  0  0  0  0  0]
 [ 1  0  0  0  0  0  1  0  0  3  0  0  0  0  0  3  0  1  0  1]
 [ 1  1  0  0  0  0  0  0  0  0 14  0  0  0  1  0  1  0  0  0]
 [ 0  0  0  0  0  0  2  0  0  0  0 16  0  0  0  0  0  0  0  1]
 [ 4  2  0  0  1  0  0  2  0  0  0  1 35  3  5  2  2  0  0  0]
 [ 1  0  0  0  0  0  1  0  1  0  1  1  0 18  2  0  0  0  0  0]
 [ 0  0  1  0  1  0  0  0  1  0  0  0  0  2 15  0  1  0  0  1]
 [ 0  1  0  0  0  0  1  0  0  0  0  0  4  1  0 14  0  0  0  0]
 [ 1  0  0  0  0  0  0  1  0  0  0  0  1  0  3  0 11  0  0  0]
 [ 0  0  0  0  0  0  0  0  0  1  2  0  1  0  0  0  0 11  0  0]
 [ 0  0  0  0  0  0  0  0  0  0  0  0  1  0  0  1  0  0 10  0]
 [ 1  0  0  0  0  0  0  0  0  0  0  0  1  1  1  0  0  0  0  6]]
2024-03-31 16:15:09,782 - ***** Evaluation results *****
2024-03-31 16:15:09,782 -   acc = 0.6966
2024-03-31 16:15:09,782 -   f1 = 0.6736
2024-03-31 16:15:09,782 -   prec = 0.6795
2024-03-31 16:15:09,782 -   rec = 0.6744
2024-03-31 16:15:09,782 - Testing is finished...
2024-03-31 16:15:09,782 - Multimodal intent recognition is finished...
2024-03-31 16:15:09,782 - Results are saved in results/msz.csv
