2024-01-09 02:34:38,849 - ============================== Params ==============================
2024-01-09 02:34:38,849 - logger_name: msz_MIntRec_multi-class_seed-1_2024-01-09-02-34-38
2024-01-09 02:34:38,849 - dataset: MIntRec
2024-01-09 02:34:38,849 - data_mode: multi-class
2024-01-09 02:34:38,849 - method: msz
2024-01-09 02:34:38,849 - text_backbone: bert-base-uncased
2024-01-09 02:34:38,849 - text_backbone_path: /home/sharing/disk1/pretrained_embedding/bert/uncased_L-12_H-768_A-12/
2024-01-09 02:34:38,849 - seed: 1
2024-01-09 02:34:38,849 - num_workers: 8
2024-01-09 02:34:38,849 - gpu_id: 1
2024-01-09 02:34:38,849 - data_path: /home/sharing/disk2/sjh/intentDataset
2024-01-09 02:34:38,849 - train: True
2024-01-09 02:34:38,849 - tune: False
2024-01-09 02:34:38,850 - save_model: False
2024-01-09 02:34:38,850 - save_results: True
2024-01-09 02:34:38,850 - log_path: logs
2024-01-09 02:34:38,850 - cache_path: 
2024-01-09 02:34:38,850 - video_data_path: video_data
2024-01-09 02:34:38,850 - audio_data_path: audio_data
2024-01-09 02:34:38,850 - video_feats_path: video_feats.pkl
2024-01-09 02:34:38,850 - audio_feats_path: audio_feats.pkl
2024-01-09 02:34:38,850 - results_path: results
2024-01-09 02:34:38,850 - output_path: /home/sharing/disk2/sjh/Outputs/MIntRec
2024-01-09 02:34:38,850 - model_path: models
2024-01-09 02:34:38,850 - config_file_name: msz
2024-01-09 02:34:38,850 - results_file_name: msz.csv
2024-01-09 02:34:38,850 - padding_mode: zero
2024-01-09 02:34:38,850 - padding_loc: end
2024-01-09 02:34:38,850 - need_aligned: False
2024-01-09 02:34:38,850 - eval_monitor: f1
2024-01-09 02:34:38,850 - train_batch_size: 16
2024-01-09 02:34:38,850 - eval_batch_size: 8
2024-01-09 02:34:38,850 - test_batch_size: 8
2024-01-09 02:34:38,850 - wait_patience: 8
2024-01-09 02:34:38,850 - nheads: 12
2024-01-09 02:34:38,850 - encoder_layers: 6
2024-01-09 02:34:38,850 - attn_dropout: 0.1
2024-01-09 02:34:38,850 - relu_dropout: 0.1
2024-01-09 02:34:38,850 - embed_dropout: 0.1
2024-01-09 02:34:38,850 - res_dropout: 0.1
2024-01-09 02:34:38,850 - attn_mask: False
2024-01-09 02:34:38,850 - hidden_size: 768
2024-01-09 02:34:38,850 - num_attention_heads: 12
2024-01-09 02:34:38,850 - attention_probs_dropout_prob: 0.1
2024-01-09 02:34:38,850 - hidden_dropout_prob: 0.1
2024-01-09 02:34:38,850 - intermediate_size: 768
2024-01-09 02:34:38,850 - num_hidden_layers: 6
2024-01-09 02:34:38,850 - max_position_embeddings: 768
2024-01-09 02:34:38,850 - position_embedding_type: absolute
2024-01-09 02:34:38,850 - batch_first: True
2024-01-09 02:34:38,851 - hidden_dims: 768
2024-01-09 02:34:38,851 - att_dropouts: [0.2, 0.2, 0.2]
2024-01-09 02:34:38,851 - spe_dropouts: [0.2, 0.1, 0.1]
2024-01-09 02:34:38,851 - aligned_method: conv1d
2024-01-09 02:34:38,851 - grad_clip: 2
2024-01-09 02:34:38,851 - num_train_epochs: 100
2024-01-09 02:34:38,851 - warmup_proportion: 0.1
2024-01-09 02:34:38,851 - lr: 3e-06
2024-01-09 02:34:38,851 - weight_decay: 0.01
2024-01-09 02:34:38,851 - pred_output_path: /home/sharing/disk2/sjh/Outputs/MIntRec/msz_MIntRec_multi-class_seed-1_2024-01-09-02-34-38
2024-01-09 02:34:38,851 - model_output_path: /home/sharing/disk2/sjh/Outputs/MIntRec/msz_MIntRec_multi-class_seed-1_2024-01-09-02-34-38/models
2024-01-09 02:34:38,851 - ============================== End Params ==============================
2024-01-09 02:34:38,853 - Generate Text Features Begin...
2024-01-09 02:34:39,346 - Generate Text Features Finished...
2024-01-09 02:34:39,346 - Load Video Features Begin...
2024-01-09 02:34:39,657 - Load Video Features Finished...
2024-01-09 02:34:40,200 - Load Audio Features Begin...
2024-01-09 02:34:41,181 - Load Audio Features Finished...
2024-01-09 02:34:44,523 - method  begins...
2024-01-09 02:34:49,447 - Multimodal intent recognition begins...
2024-01-09 02:34:49,448 - Training begins...
2024-01-09 02:35:34,134 - ***** Epoch: 1: Eval results *****
2024-01-09 02:35:34,134 -   train_loss = 2.9335
2024-01-09 02:35:34,135 -   best_eval_score = 0.0
2024-01-09 02:35:34,135 -   eval_score = 0.0114
2024-01-09 02:36:17,200 - ***** Epoch: 2: Eval results *****
2024-01-09 02:36:17,200 -   train_loss = 2.8194
2024-01-09 02:36:17,200 -   best_eval_score = 0.0114
2024-01-09 02:36:17,200 -   eval_score = 0.033
2024-01-09 02:36:59,556 - ***** Epoch: 3: Eval results *****
2024-01-09 02:36:59,556 -   train_loss = 2.6393
2024-01-09 02:36:59,556 -   best_eval_score = 0.033
2024-01-09 02:36:59,556 -   eval_score = 0.158
2024-01-09 02:37:42,266 - ***** Epoch: 4: Eval results *****
2024-01-09 02:37:42,266 -   train_loss = 2.2078
2024-01-09 02:37:42,266 -   best_eval_score = 0.158
2024-01-09 02:37:42,266 -   eval_score = 0.3195
2024-01-09 02:38:25,287 - ***** Epoch: 5: Eval results *****
2024-01-09 02:38:25,287 -   train_loss = 1.6463
2024-01-09 02:38:25,287 -   best_eval_score = 0.3195
2024-01-09 02:38:25,287 -   eval_score = 0.495
2024-01-09 02:39:07,994 - ***** Epoch: 6: Eval results *****
2024-01-09 02:39:07,995 -   train_loss = 1.1523
2024-01-09 02:39:07,995 -   best_eval_score = 0.495
2024-01-09 02:39:07,995 -   eval_score = 0.5592
2024-01-09 02:39:51,017 - ***** Epoch: 7: Eval results *****
2024-01-09 02:39:51,018 -   train_loss = 0.7775
2024-01-09 02:39:51,018 -   best_eval_score = 0.5592
2024-01-09 02:39:51,018 -   eval_score = 0.6122
2024-01-09 02:40:33,833 - ***** Epoch: 8: Eval results *****
2024-01-09 02:40:33,834 -   train_loss = 0.5204
2024-01-09 02:40:33,834 -   best_eval_score = 0.6122
2024-01-09 02:40:33,834 -   eval_score = 0.6638
2024-01-09 02:41:17,142 - ***** Epoch: 9: Eval results *****
2024-01-09 02:41:17,142 -   train_loss = 0.3343
2024-01-09 02:41:17,142 -   best_eval_score = 0.6638
2024-01-09 02:41:17,142 -   eval_score = 0.6488
2024-01-09 02:41:17,142 - EarlyStopping counter: 1 out of 8
2024-01-09 02:42:01,084 - ***** Epoch: 10: Eval results *****
2024-01-09 02:42:01,084 -   train_loss = 0.2087
2024-01-09 02:42:01,084 -   best_eval_score = 0.6638
2024-01-09 02:42:01,084 -   eval_score = 0.6689
2024-01-09 02:42:45,029 - ***** Epoch: 11: Eval results *****
2024-01-09 02:42:45,029 -   train_loss = 0.1393
2024-01-09 02:42:45,029 -   best_eval_score = 0.6689
2024-01-09 02:42:45,029 -   eval_score = 0.6679
2024-01-09 02:42:45,029 - EarlyStopping counter: 1 out of 8
2024-01-09 02:43:28,666 - ***** Epoch: 12: Eval results *****
2024-01-09 02:43:28,666 -   train_loss = 0.0911
2024-01-09 02:43:28,666 -   best_eval_score = 0.6689
2024-01-09 02:43:28,666 -   eval_score = 0.6758
2024-01-09 02:44:11,843 - ***** Epoch: 13: Eval results *****
2024-01-09 02:44:11,843 -   train_loss = 0.0623
2024-01-09 02:44:11,843 -   best_eval_score = 0.6758
2024-01-09 02:44:11,843 -   eval_score = 0.6697
2024-01-09 02:44:11,843 - EarlyStopping counter: 1 out of 8
2024-01-09 02:44:55,302 - ***** Epoch: 14: Eval results *****
2024-01-09 02:44:55,304 -   train_loss = 0.0433
2024-01-09 02:44:55,304 -   best_eval_score = 0.6758
2024-01-09 02:44:55,304 -   eval_score = 0.68
2024-01-09 02:45:39,200 - ***** Epoch: 15: Eval results *****
2024-01-09 02:45:39,200 -   train_loss = 0.0288
2024-01-09 02:45:39,200 -   best_eval_score = 0.68
2024-01-09 02:45:39,200 -   eval_score = 0.6858
2024-01-09 02:46:23,187 - ***** Epoch: 16: Eval results *****
2024-01-09 02:46:23,187 -   train_loss = 0.0256
2024-01-09 02:46:23,187 -   best_eval_score = 0.6858
2024-01-09 02:46:23,187 -   eval_score = 0.6778
2024-01-09 02:46:23,187 - EarlyStopping counter: 1 out of 8
2024-01-09 02:47:06,778 - ***** Epoch: 17: Eval results *****
2024-01-09 02:47:06,778 -   train_loss = 0.0231
2024-01-09 02:47:06,778 -   best_eval_score = 0.6858
2024-01-09 02:47:06,778 -   eval_score = 0.6764
2024-01-09 02:47:06,779 - EarlyStopping counter: 2 out of 8
2024-01-09 02:47:49,995 - ***** Epoch: 18: Eval results *****
2024-01-09 02:47:49,995 -   train_loss = 0.0181
2024-01-09 02:47:49,995 -   best_eval_score = 0.6858
2024-01-09 02:47:49,995 -   eval_score = 0.6868
2024-01-09 02:48:34,514 - ***** Epoch: 19: Eval results *****
2024-01-09 02:48:34,514 -   train_loss = 0.0127
2024-01-09 02:48:34,514 -   best_eval_score = 0.6868
2024-01-09 02:48:34,514 -   eval_score = 0.6798
2024-01-09 02:48:34,514 - EarlyStopping counter: 1 out of 8
2024-01-09 02:49:17,711 - ***** Epoch: 20: Eval results *****
2024-01-09 02:49:17,712 -   train_loss = 0.012
2024-01-09 02:49:17,712 -   best_eval_score = 0.6868
2024-01-09 02:49:17,712 -   eval_score = 0.672
2024-01-09 02:49:17,712 - EarlyStopping counter: 2 out of 8
2024-01-09 02:50:00,918 - ***** Epoch: 21: Eval results *****
2024-01-09 02:50:00,918 -   train_loss = 0.011
2024-01-09 02:50:00,918 -   best_eval_score = 0.6868
2024-01-09 02:50:00,919 -   eval_score = 0.6893
2024-01-09 02:50:44,940 - ***** Epoch: 22: Eval results *****
2024-01-09 02:50:44,941 -   train_loss = 0.0092
2024-01-09 02:50:44,941 -   best_eval_score = 0.6893
2024-01-09 02:50:44,941 -   eval_score = 0.6834
2024-01-09 02:50:44,941 - EarlyStopping counter: 1 out of 8
2024-01-09 02:51:27,630 - ***** Epoch: 23: Eval results *****
2024-01-09 02:51:27,630 -   train_loss = 0.008
2024-01-09 02:51:27,631 -   best_eval_score = 0.6893
2024-01-09 02:51:27,631 -   eval_score = 0.6867
2024-01-09 02:51:27,631 - EarlyStopping counter: 2 out of 8
2024-01-09 02:52:11,854 - ***** Epoch: 24: Eval results *****
2024-01-09 02:52:11,854 -   train_loss = 0.0071
2024-01-09 02:52:11,854 -   best_eval_score = 0.6893
2024-01-09 02:52:11,854 -   eval_score = 0.6753
2024-01-09 02:52:11,854 - EarlyStopping counter: 3 out of 8
2024-01-09 02:52:56,284 - ***** Epoch: 25: Eval results *****
2024-01-09 02:52:56,285 -   train_loss = 0.0061
2024-01-09 02:52:56,285 -   best_eval_score = 0.6893
2024-01-09 02:52:56,285 -   eval_score = 0.6733
2024-01-09 02:52:56,285 - EarlyStopping counter: 4 out of 8
2024-01-09 02:53:39,534 - ***** Epoch: 26: Eval results *****
2024-01-09 02:53:39,534 -   train_loss = 0.0056
2024-01-09 02:53:39,534 -   best_eval_score = 0.6893
2024-01-09 02:53:39,535 -   eval_score = 0.6942
2024-01-09 02:54:22,711 - ***** Epoch: 27: Eval results *****
2024-01-09 02:54:22,711 -   train_loss = 0.0053
2024-01-09 02:54:22,711 -   best_eval_score = 0.6942
2024-01-09 02:54:22,711 -   eval_score = 0.6924
2024-01-09 02:54:22,711 - EarlyStopping counter: 1 out of 8
2024-01-09 02:55:08,016 - ***** Epoch: 28: Eval results *****
2024-01-09 02:55:08,017 -   train_loss = 0.0053
2024-01-09 02:55:08,017 -   best_eval_score = 0.6942
2024-01-09 02:55:08,017 -   eval_score = 0.6794
2024-01-09 02:55:08,017 - EarlyStopping counter: 2 out of 8
2024-01-09 02:55:53,035 - ***** Epoch: 29: Eval results *****
2024-01-09 02:55:53,035 -   train_loss = 0.0044
2024-01-09 02:55:53,035 -   best_eval_score = 0.6942
2024-01-09 02:55:53,035 -   eval_score = 0.6852
2024-01-09 02:55:53,035 - EarlyStopping counter: 3 out of 8
2024-01-09 02:56:36,470 - ***** Epoch: 30: Eval results *****
2024-01-09 02:56:36,470 -   train_loss = 0.0042
2024-01-09 02:56:36,470 -   best_eval_score = 0.6942
2024-01-09 02:56:36,470 -   eval_score = 0.6972
2024-01-09 02:57:19,881 - ***** Epoch: 31: Eval results *****
2024-01-09 02:57:19,881 -   train_loss = 0.0038
2024-01-09 02:57:19,881 -   best_eval_score = 0.6972
2024-01-09 02:57:19,881 -   eval_score = 0.6814
2024-01-09 02:57:19,881 - EarlyStopping counter: 1 out of 8
2024-01-09 02:58:03,195 - ***** Epoch: 32: Eval results *****
2024-01-09 02:58:03,196 -   train_loss = 0.0034
2024-01-09 02:58:03,196 -   best_eval_score = 0.6972
2024-01-09 02:58:03,196 -   eval_score = 0.6852
2024-01-09 02:58:03,196 - EarlyStopping counter: 2 out of 8
2024-01-09 02:58:46,347 - ***** Epoch: 33: Eval results *****
2024-01-09 02:58:46,348 -   train_loss = 0.0034
2024-01-09 02:58:46,348 -   best_eval_score = 0.6972
2024-01-09 02:58:46,348 -   eval_score = 0.6832
2024-01-09 02:58:46,348 - EarlyStopping counter: 3 out of 8
2024-01-09 02:59:29,685 - ***** Epoch: 34: Eval results *****
2024-01-09 02:59:29,685 -   train_loss = 0.0034
2024-01-09 02:59:29,686 -   best_eval_score = 0.6972
2024-01-09 02:59:29,686 -   eval_score = 0.6844
2024-01-09 02:59:29,686 - EarlyStopping counter: 4 out of 8
2024-01-09 03:00:12,567 - ***** Epoch: 35: Eval results *****
2024-01-09 03:00:12,567 -   train_loss = 0.0029
2024-01-09 03:00:12,567 -   best_eval_score = 0.6972
2024-01-09 03:00:12,567 -   eval_score = 0.6798
2024-01-09 03:00:12,567 - EarlyStopping counter: 5 out of 8
2024-01-09 03:00:56,013 - ***** Epoch: 36: Eval results *****
2024-01-09 03:00:56,013 -   train_loss = 0.0028
2024-01-09 03:00:56,013 -   best_eval_score = 0.6972
2024-01-09 03:00:56,013 -   eval_score = 0.6816
2024-01-09 03:00:56,013 - EarlyStopping counter: 6 out of 8
2024-01-09 03:01:39,363 - ***** Epoch: 37: Eval results *****
2024-01-09 03:01:39,363 -   train_loss = 0.0025
2024-01-09 03:01:39,363 -   best_eval_score = 0.6972
2024-01-09 03:01:39,363 -   eval_score = 0.6839
2024-01-09 03:01:39,364 - EarlyStopping counter: 7 out of 8
2024-01-09 03:02:23,853 - ***** Epoch: 38: Eval results *****
2024-01-09 03:02:23,853 -   train_loss = 0.003
2024-01-09 03:02:23,853 -   best_eval_score = 0.6972
2024-01-09 03:02:23,853 -   eval_score = 0.6622
2024-01-09 03:02:23,853 - EarlyStopping counter: 8 out of 8
2024-01-09 03:02:23,853 - EarlyStopping at epoch 38
2024-01-09 03:02:23,857 - Training is finished...
2024-01-09 03:02:23,857 - Testing begins...
2024-01-09 03:02:30,253 - ***** Test: Confusion Matrix *****
2024-01-09 03:02:30,254 - [[36  3  0  0  8  0  2  1  0  1  1  0  4  1  0  0  0  0  0  0]
 [ 0 34  0  1  0  3  0  0  1  0  2  0  2  0  0  0  0  0  0  0]
 [ 1  0 26  0  0  0  0  0  0  0  0  0  0  0  0  0  0  0  0  0]
 [ 0  1  0 24  0  0  0  0  0  0  0  0  0  0  0  0  0  0  0  0]
 [ 3  0  0  0 11  0  3  0  0  1  0  1  1  1  0  0  0  2  0  0]
 [ 0  0  0  0  0 12  0  0  0  0  0  0  0  0  0  0  0  0  0  0]
 [ 1  1  0  0  2  0  3  0  3  0  0  0  1  0  0  0  1  0  0  0]
 [ 3  1  0  0  0  0  0  6  0  0  0  0  0  0  0  0  0  0  0  0]
 [ 1  0  0  0  0  0  0  2  3  0  0  0  0  2  0  1  1  0  0  0]
 [ 1  0  0  0  0  0  1  0  0  4  0  0  0  0  0  2  1  1  0  0]
 [ 1  0  0  0  0  0  0  0  0  1 13  1  0  0  1  0  1  0  0  0]
 [ 0  0  0  0  0  0  1  0  0  0  0 17  0  0  0  0  0  0  0  1]
 [ 4  3  0  0  1  0  0  0  0  0  0  1 35  3  6  1  3  0  0  0]
 [ 0  0  0  0  0  0  2  0  0  0  1  1  0 19  2  0  0  0  0  0]
 [ 0  0  0  0  0  0  0  0  0  0  0  0  1  2 15  0  1  0  0  3]
 [ 0  0  0  0  0  0  0  1  1  0  0  0  3  0  1 14  0  0  0  1]
 [ 0  0  0  0  0  0  0  0  0  0  0  0  2  0  1  0 14  0  0  0]
 [ 0  0  0  0  0  0  0  0  0  1  1  0  1  0  0  0  0 12  0  0]
 [ 0  0  0  0  0  0  0  0  0  0  0  0  2  0  0  0  0  0 10  0]
 [ 0  0  0  0  0  0  0  0  0  0  0  0  0  1  1  0  2  0  0  6]]
2024-01-09 03:02:30,254 - ***** Evaluation results *****
2024-01-09 03:02:30,254 -   acc = 0.7056
2024-01-09 03:02:30,254 -   f1 = 0.6808
2024-01-09 03:02:30,254 -   prec = 0.6802
2024-01-09 03:02:30,255 -   rec = 0.6885
2024-01-09 03:02:30,255 - Testing is finished...
2024-01-09 03:02:30,255 - Multimodal intent recognition is finished...
2024-01-09 03:02:30,255 - Results are saved in results/msz.csv
