2024-03-08 05:32:20,366 - ============================== Params ==============================
2024-03-08 05:32:20,366 - logger_name: msz_MIntRec2_multi-class_seed-4_2024-03-08-05-32-20
2024-03-08 05:32:20,366 - dataset: MIntRec2
2024-03-08 05:32:20,366 - data_mode: multi-class
2024-03-08 05:32:20,366 - method: msz
2024-03-08 05:32:20,366 - text_backbone: bert-base-uncased
2024-03-08 05:32:20,366 - text_backbone_path: /home/sharing/disk1/pretrained_embedding/bert/uncased_L-12_H-768_A-12/
2024-03-08 05:32:20,366 - seed: 4
2024-03-08 05:32:20,366 - num_workers: 8
2024-03-08 05:32:20,366 - gpu_id: 2
2024-03-08 05:32:20,366 - data_path: /home/sharing/disk2/sjh/intentDataset
2024-03-08 05:32:20,366 - train: True
2024-03-08 05:32:20,366 - tune: True
2024-03-08 05:32:20,366 - save_model: False
2024-03-08 05:32:20,366 - save_results: True
2024-03-08 05:32:20,366 - log_path: logs
2024-03-08 05:32:20,366 - cache_path: 
2024-03-08 05:32:20,366 - video_data_path: video_data
2024-03-08 05:32:20,366 - audio_data_path: audio_data
2024-03-08 05:32:20,366 - video_feats_path: video_feats.pkl
2024-03-08 05:32:20,366 - audio_feats_path: audio_feats.pkl
2024-03-08 05:32:20,366 - results_path: results
2024-03-08 05:32:20,366 - output_path: /home/sharing/disk2/sjh/Outputs/MIntRec2
2024-03-08 05:32:20,366 - model_path: models
2024-03-08 05:32:20,366 - config_file_name: msz_MIntRec2
2024-03-08 05:32:20,366 - results_file_name: msz.csv
2024-03-08 05:32:20,366 - padding_mode: zero
2024-03-08 05:32:20,366 - padding_loc: end
2024-03-08 05:32:20,366 - need_aligned: False
2024-03-08 05:32:20,366 - eval_monitor: f1
2024-03-08 05:32:20,366 - train_batch_size: 32
2024-03-08 05:32:20,366 - eval_batch_size: 16
2024-03-08 05:32:20,366 - test_batch_size: 16
2024-03-08 05:32:20,366 - wait_patience: 8
2024-03-08 05:32:20,366 - hidden_dims: 768
2024-03-08 05:32:20,366 - num_attention_heads: 8
2024-03-08 05:32:20,366 - attention_probs_dropout_prob: 0.2
2024-03-08 05:32:20,366 - hidden_dropout_prob: 0.2
2024-03-08 05:32:20,367 - intermediate_size: 768
2024-03-08 05:32:20,367 - num_hidden_layers: 8
2024-03-08 05:32:20,367 - max_position_embeddings: 1024
2024-03-08 05:32:20,367 - position_embedding_type: absolute
2024-03-08 05:32:20,367 - batch_first: True
2024-03-08 05:32:20,367 - dropout: 0.2
2024-03-08 05:32:20,367 - aligned_method: conv1d
2024-03-08 05:32:20,367 - num_train_epochs: 100
2024-03-08 05:32:20,367 - lr: 4e-06
2024-03-08 05:32:20,367 - lr_mode: min
2024-03-08 05:32:20,367 - pred_output_path: /home/sharing/disk2/sjh/Outputs/MIntRec2/msz_MIntRec2_multi-class_seed-4_2024-03-08-05-32-20
2024-03-08 05:32:20,367 - model_output_path: /home/sharing/disk2/sjh/Outputs/MIntRec2/msz_MIntRec2_multi-class_seed-4_2024-03-08-05-32-20/models
2024-03-08 05:32:20,367 - ============================== End Params ==============================
2024-03-08 05:32:20,396 - Generate Text Features Begin...
2024-03-08 05:32:22,036 - Generate Text Features Finished...
2024-03-08 05:32:22,037 - Load Video Features Begin...
2024-03-08 05:32:26,326 - Load Video Features Finished...
2024-03-08 05:32:28,061 - Load Audio Features Begin...
2024-03-08 05:32:49,418 - Load Audio Features Finished...
2024-03-08 05:33:02,557 - method  begins...
2024-03-08 05:33:05,623 - Multimodal intent recognition begins...
2024-03-08 05:33:05,623 - Training begins...
2024-03-08 05:34:28,484 - ***** Epoch: 1: Eval results *****
2024-03-08 05:34:28,484 -   train_loss = 2.7986
2024-03-08 05:34:28,484 -   best_eval_score = 0.0
2024-03-08 05:34:28,484 -   eval_score = 0.2667
2024-03-08 05:35:49,535 - ***** Epoch: 2: Eval results *****
2024-03-08 05:35:49,535 -   train_loss = 1.8389
2024-03-08 05:35:49,535 -   best_eval_score = 0.2667
2024-03-08 05:35:49,535 -   eval_score = 0.3791
2024-03-08 05:37:08,424 - ***** Epoch: 3: Eval results *****
2024-03-08 05:37:08,425 -   train_loss = 1.4256
2024-03-08 05:37:08,426 -   best_eval_score = 0.3791
2024-03-08 05:37:08,426 -   eval_score = 0.4408
2024-03-08 05:38:28,688 - ***** Epoch: 4: Eval results *****
2024-03-08 05:38:28,688 -   train_loss = 1.2068
2024-03-08 05:38:28,688 -   best_eval_score = 0.4408
2024-03-08 05:38:28,688 -   eval_score = 0.4504
2024-03-08 05:39:49,034 - ***** Epoch: 5: Eval results *****
2024-03-08 05:39:49,034 -   train_loss = 1.0437
2024-03-08 05:39:49,034 -   best_eval_score = 0.4504
2024-03-08 05:39:49,034 -   eval_score = 0.4824
2024-03-08 05:41:09,141 - ***** Epoch: 6: Eval results *****
2024-03-08 05:41:09,141 -   train_loss = 0.9081
2024-03-08 05:41:09,141 -   best_eval_score = 0.4824
2024-03-08 05:41:09,141 -   eval_score = 0.4845
2024-03-08 05:42:28,504 - ***** Epoch: 7: Eval results *****
2024-03-08 05:42:28,504 -   train_loss = 0.7671
2024-03-08 05:42:28,504 -   best_eval_score = 0.4845
2024-03-08 05:42:28,504 -   eval_score = 0.4847
2024-03-08 05:43:49,833 - ***** Epoch: 8: Eval results *****
2024-03-08 05:43:49,833 -   train_loss = 0.6454
2024-03-08 05:43:49,833 -   best_eval_score = 0.4847
2024-03-08 05:43:49,833 -   eval_score = 0.4837
2024-03-08 05:43:49,833 - EarlyStopping counter: 1 out of 8
2024-03-08 05:45:09,544 - ***** Epoch: 9: Eval results *****
2024-03-08 05:45:09,553 -   train_loss = 0.5398
2024-03-08 05:45:09,553 -   best_eval_score = 0.4847
2024-03-08 05:45:09,553 -   eval_score = 0.5098
2024-03-08 05:46:29,798 - ***** Epoch: 10: Eval results *****
2024-03-08 05:46:29,798 -   train_loss = 0.4435
2024-03-08 05:46:29,798 -   best_eval_score = 0.5098
2024-03-08 05:46:29,798 -   eval_score = 0.5115
2024-03-08 05:47:50,504 - ***** Epoch: 11: Eval results *****
2024-03-08 05:47:50,504 -   train_loss = 0.3495
2024-03-08 05:47:50,504 -   best_eval_score = 0.5115
2024-03-08 05:47:50,504 -   eval_score = 0.4988
2024-03-08 05:47:50,504 - EarlyStopping counter: 1 out of 8
2024-03-08 05:49:10,712 - ***** Epoch: 12: Eval results *****
2024-03-08 05:49:10,712 -   train_loss = 0.3389
2024-03-08 05:49:10,712 -   best_eval_score = 0.5115
2024-03-08 05:49:10,712 -   eval_score = 0.4988
2024-03-08 05:49:10,712 - EarlyStopping counter: 2 out of 8
2024-03-08 05:50:31,479 - ***** Epoch: 13: Eval results *****
2024-03-08 05:50:31,479 -   train_loss = 0.3273
2024-03-08 05:50:31,479 -   best_eval_score = 0.5115
2024-03-08 05:50:31,479 -   eval_score = 0.5055
2024-03-08 05:50:31,480 - EarlyStopping counter: 3 out of 8
2024-03-08 05:51:53,481 - ***** Epoch: 14: Eval results *****
2024-03-08 05:51:53,481 -   train_loss = 0.3189
2024-03-08 05:51:53,481 -   best_eval_score = 0.5115
2024-03-08 05:51:53,481 -   eval_score = 0.4986
2024-03-08 05:51:53,481 - EarlyStopping counter: 4 out of 8
2024-03-08 05:53:16,921 - ***** Epoch: 15: Eval results *****
2024-03-08 05:53:16,921 -   train_loss = 0.3147
2024-03-08 05:53:16,921 -   best_eval_score = 0.5115
2024-03-08 05:53:16,921 -   eval_score = 0.5048
2024-03-08 05:53:16,921 - EarlyStopping counter: 5 out of 8
2024-03-08 05:54:39,577 - ***** Epoch: 16: Eval results *****
2024-03-08 05:54:39,577 -   train_loss = 0.2997
2024-03-08 05:54:39,577 -   best_eval_score = 0.5115
2024-03-08 05:54:39,577 -   eval_score = 0.5055
2024-03-08 05:54:39,578 - EarlyStopping counter: 6 out of 8
2024-03-08 05:56:01,489 - ***** Epoch: 17: Eval results *****
2024-03-08 05:56:01,489 -   train_loss = 0.2941
2024-03-08 05:56:01,489 -   best_eval_score = 0.5115
2024-03-08 05:56:01,490 -   eval_score = 0.5002
2024-03-08 05:56:01,490 - EarlyStopping counter: 7 out of 8
2024-03-08 05:57:23,647 - ***** Epoch: 18: Eval results *****
2024-03-08 05:57:23,648 -   train_loss = 0.2884
2024-03-08 05:57:23,648 -   best_eval_score = 0.5115
2024-03-08 05:57:23,649 -   eval_score = 0.5022
2024-03-08 05:57:23,649 - EarlyStopping counter: 8 out of 8
2024-03-08 05:57:23,649 - EarlyStopping at epoch 18
2024-03-08 05:57:23,653 - Training is finished...
2024-03-08 05:57:23,653 - Testing begins...
2024-03-08 05:57:36,451 - ***** Test: Confusion Matrix *****
2024-03-08 05:57:36,455 - [[ 50   0  12   0   0   0   0   0   1   0   2   0   0   0   0   1   0   0
    0   0   0   0   1   0   1   0   0   0   0   0]
 [  0  56   0   0   9   2   4   0   2   0   1   1   4   0   4   0   0   8
    0   0   0   1   1   0   1   0   0   3   0   0]
 [ 10   0  43   0   1   0   0   0   0   0   1   0   0   0   2   1   0   2
    0   0   0   0   0   1   2   0   0   1   0   0]
 [  0   0   0  59   0   0   0   1   0   1   0   0   0   0   2   0   0   1
    0   0   0   0   0   0   0   0   0   1   0   0]
 [  0   6   0   0  33   0   0   0   1   0   0   0   0   0   0   0   0   5
    0   1   0   1   0   1   1   0   0   1   1   0]
 [  0   1   0   0   3  26   0   0   0   0   1   0   0   0   1   0   0   3
    0   0   0   0   0   1   0   0   1   0   0   0]
 [  0   1   0   0   0   4  26  10   0   1   1   1   4   0   0   0   0   0
    0   0   0   0   0   0   0   0   0   0   0   0]
 [  0   0   0   0   0   0   6  28   0   0   5   1   6   0   0   0   1   0
    0   0   0   0   0   0   0   0   0   0   0   0]
 [  1   2   1   3   1   0   0   0  25   0   0   2   1   0   3   0   0   3
    0   0   1   0   3   0   2   0   0   0   0   1]
 [  0   1   1   0   1   0   0   0   3  46   0  10   8   0  16   0   0   5
    0   0   0   1   4   1   4   0   0   5   0   1]
 [  2   1   0   0   1   6   1   4   0   0  39   0  31   0   3   0   1   0
    0   2   0   0   0   0   1   0   0   1   0   0]
 [  0   0   0   0   0   0   1   0   0   4   0  24   7   0   1   0   0   1
    1   0   0   0   3   0   1   0   0   4   0   0]
 [  0   1   0   0   0   1   3   6   0   5  23   1  94   0   1   0   0   0
    0   0   0   0   0   0   0   0   0   0   0   0]
 [  0   0   1   0   1   0   0   0   0   2   0   0   0   2   6   0   0   2
    2   0   0   0   1   0   0   0   0   0   0   0]
 [  0   2   0   0   1   1   1   0   5   6   1   1   1   0 134   1   0  17
    3   0   0   0   9   1   3   0   0   5   0   1]
 [  0   0   1   0   1   0   0   0   0   3   0   1   0   0   2   3   0   2
    3   0   0   1   0   0   0   0   0   4   1   0]
 [  0   0   0   0   1   0   0   3   1   0   2   0   1   0   0   0  53   1
    2   0   0   0   0   0   1   0   0   1   0   0]
 [  0   5   1   1   6   7   0   0   3  10   2   2   1   1  27   2   1 110
    8   0   2   4   7  10   0   2   0   1   1   3]
 [  0   2   1   0   0   0   0   0   1   3   1   0   0   0  10   1   4   7
   24   0   2   0   0   0   2   0   0   2   0   0]
 [  0   8   0   0   0   0   2   0   0   0   1   0   0   0   0   0   0   0
    0   5   0   1   0   0   0   0   0   0   0   0]
 [  0   2   2   0   2   0   0   0   1   1   0   1   1   0   5   0   0   1
    5   0   2   0   1   1   2   0   0   1   0   1]
 [  7   1   0   0   1   0   0   0   0   4   0   0   0   0   0   0   4   1
    0   0   0  23   1   8   1   0   0   1   0   1]
 [  0   1   1   1   0   0   0   0   3   4   0   3   0   0  12   0   0   2
    0   0   1   0  84   0   0   3   1   1   0   0]
 [  0   3   1   0   1   0   0   0   0   1   0   0   0   0   1   0   0   7
    0   0   0   2   0  22   0   0   0   0   0   0]
 [  3   0   1   1   1   0   1   0   2   1   0   2   0   0   2   0   0   2
    0   0   0   0   1   1  86   0   0   7   2   0]
 [  1   2   0   0   0   0   0   0   1   0   0   1   0   0   0   0   0   1
    0   0   0   0   2   0   1  21   0   0   0   1]
 [  0   0   0   2   0   0   0   0   0   2   0   0   0   0   2   0   0   2
    0   0   0   1   3   0   0   0   5   0   0   0]
 [  1   2   1   0   0   0   0   0   2   7   2   5   4   1   5   0   0   2
    0   0   2   0   1   0   8   1   0  12   1   1]
 [  0   0   0   0   0   0   0   0   0   0   0   0   0   0   1   0   1   0
    0   0   0   0   0   0   0   0   0   0  56   0]
 [  0   2   0   0   1   0   0   0   2   0   1   2   0   0   0   0   0   3
    0   0   0   0   0   0   1   1   0   0   0   6]]
2024-03-08 05:57:36,455 - ***** Evaluation results *****
2024-03-08 05:57:36,455 -   acc = 0.5888
2024-03-08 05:57:36,456 -   f1 = 0.5338
2024-03-08 05:57:36,456 -   prec = 0.5652
2024-03-08 05:57:36,456 -   rec = 0.5306
2024-03-08 05:57:36,456 - Testing is finished...
2024-03-08 05:57:36,456 - Multimodal intent recognition is finished...
2024-03-08 05:57:36,456 - Results are saved in results/msz.csv
