2024-03-03 05:15:11,105 - ============================== Params ==============================
2024-03-03 05:15:11,105 - logger_name: msz_MIntRec2_multi-class_seed-2_2024-03-03-05-15-08
2024-03-03 05:15:11,105 - dataset: MIntRec2
2024-03-03 05:15:11,105 - data_mode: multi-class
2024-03-03 05:15:11,105 - method: msz
2024-03-03 05:15:11,105 - text_backbone: bert-base-uncased
2024-03-03 05:15:11,105 - text_backbone_path: /home/sharing/disk1/pretrained_embedding/bert/uncased_L-12_H-768_A-12/
2024-03-03 05:15:11,105 - seed: 2
2024-03-03 05:15:11,105 - num_workers: 8
2024-03-03 05:15:11,105 - gpu_id: 3
2024-03-03 05:15:11,105 - data_path: /home/sharing/disk2/sjh/intentDataset
2024-03-03 05:15:11,106 - train: True
2024-03-03 05:15:11,106 - tune: True
2024-03-03 05:15:11,106 - save_model: True
2024-03-03 05:15:11,106 - save_results: True
2024-03-03 05:15:11,106 - log_path: logs
2024-03-03 05:15:11,106 - cache_path: 
2024-03-03 05:15:11,106 - video_data_path: video_data
2024-03-03 05:15:11,106 - audio_data_path: audio_data
2024-03-03 05:15:11,106 - video_feats_path: video_feats.pkl
2024-03-03 05:15:11,106 - audio_feats_path: audio_feats.pkl
2024-03-03 05:15:11,106 - results_path: results
2024-03-03 05:15:11,106 - output_path: /home/sharing/disk2/sjh/Outputs/MIntRec2
2024-03-03 05:15:11,106 - model_path: models
2024-03-03 05:15:11,106 - config_file_name: msz_MIntRec2
2024-03-03 05:15:11,106 - results_file_name: msz.csv
2024-03-03 05:15:11,106 - padding_mode: zero
2024-03-03 05:15:11,106 - padding_loc: end
2024-03-03 05:15:11,106 - need_aligned: False
2024-03-03 05:15:11,106 - eval_monitor: f1
2024-03-03 05:15:11,106 - train_batch_size: 16
2024-03-03 05:15:11,106 - eval_batch_size: 8
2024-03-03 05:15:11,106 - test_batch_size: 8
2024-03-03 05:15:11,106 - wait_patience: 8
2024-03-03 05:15:11,106 - hidden_size: 768
2024-03-03 05:15:11,106 - num_attention_heads: 12
2024-03-03 05:15:11,106 - attention_probs_dropout_prob: 0.2
2024-03-03 05:15:11,106 - hidden_dropout_prob: 0.2
2024-03-03 05:15:11,106 - intermediate_size: 768
2024-03-03 05:15:11,106 - num_hidden_layers: 6
2024-03-03 05:15:11,106 - max_position_embeddings: 768
2024-03-03 05:15:11,106 - position_embedding_type: absolute
2024-03-03 05:15:11,106 - batch_first: True
2024-03-03 05:15:11,106 - hidden_dims: 768
2024-03-03 05:15:11,106 - dropout: 0.5
2024-03-03 05:15:11,106 - aligned_method: conv1d
2024-03-03 05:15:11,106 - num_train_epochs: 100
2024-03-03 05:15:11,106 - lr: 8e-06
2024-03-03 05:15:11,106 - pred_output_path: /home/sharing/disk2/sjh/Outputs/MIntRec2/msz_MIntRec2_multi-class_seed-2_2024-03-03-05-15-08
2024-03-03 05:15:11,106 - model_output_path: /home/sharing/disk2/sjh/Outputs/MIntRec2/msz_MIntRec2_multi-class_seed-2_2024-03-03-05-15-08/models
2024-03-03 05:15:11,106 - num_labels: 30
2024-03-03 05:15:11,106 - text_feat_dim: 768
2024-03-03 05:15:11,106 - video_feat_dim: 256
2024-03-03 05:15:11,106 - audio_feat_dim: 768
2024-03-03 05:15:11,107 - text_seq_len: 50
2024-03-03 05:15:11,107 - video_seq_len: 180
2024-03-03 05:15:11,107 - audio_seq_len: 400
2024-03-03 05:15:11,107 - device: cuda:3
2024-03-03 05:15:11,107 - ============================== End Params ==============================
2024-03-03 05:15:11,153 - Generate Text Features Begin...
2024-03-03 05:15:12,801 - Generate Text Features Finished...
2024-03-03 05:15:12,802 - Load Video Features Begin...
2024-03-03 05:15:17,139 - Load Video Features Finished...
2024-03-03 05:15:19,041 - Load Audio Features Begin...
2024-03-03 05:15:44,053 - Load Audio Features Finished...
2024-03-03 05:15:55,001 - method  begins...
2024-03-03 05:15:56,627 - Multimodal intent recognition begins...
2024-03-03 05:15:56,627 - Training begins...
2024-03-03 05:17:19,217 - ***** Epoch: 1: Eval results *****
2024-03-03 05:17:19,218 -   train_loss = 2.42
2024-03-03 05:17:19,218 -   best_eval_score = 0.0
2024-03-03 05:17:19,218 -   eval_score = 0.3564
2024-03-03 05:18:41,428 - ***** Epoch: 2: Eval results *****
2024-03-03 05:18:41,428 -   train_loss = 1.5115
2024-03-03 05:18:41,428 -   best_eval_score = 0.3564
2024-03-03 05:18:41,428 -   eval_score = 0.4216
2024-03-03 05:20:03,541 - ***** Epoch: 3: Eval results *****
2024-03-03 05:20:03,542 -   train_loss = 1.1735
2024-03-03 05:20:03,542 -   best_eval_score = 0.4216
2024-03-03 05:20:03,542 -   eval_score = 0.4827
2024-03-03 05:21:26,091 - ***** Epoch: 4: Eval results *****
2024-03-03 05:21:26,091 -   train_loss = 0.8824
2024-03-03 05:21:26,091 -   best_eval_score = 0.4827
2024-03-03 05:21:26,091 -   eval_score = 0.4973
2024-03-03 05:22:48,867 - ***** Epoch: 5: Eval results *****
2024-03-03 05:22:48,867 -   train_loss = 0.6576
2024-03-03 05:22:48,867 -   best_eval_score = 0.4973
2024-03-03 05:22:48,867 -   eval_score = 0.5239
2024-03-03 05:24:11,778 - ***** Epoch: 6: Eval results *****
2024-03-03 05:24:11,778 -   train_loss = 0.4818
2024-03-03 05:24:11,778 -   best_eval_score = 0.5239
2024-03-03 05:24:11,778 -   eval_score = 0.4977
2024-03-03 05:24:11,778 - EarlyStopping counter: 1 out of 8
2024-03-03 05:25:34,520 - ***** Epoch: 7: Eval results *****
2024-03-03 05:25:34,520 -   train_loss = 0.3329
2024-03-03 05:25:34,520 -   best_eval_score = 0.5239
2024-03-03 05:25:34,520 -   eval_score = 0.5071
2024-03-03 05:25:34,520 - EarlyStopping counter: 2 out of 8
2024-03-03 05:26:58,118 - ***** Epoch: 8: Eval results *****
2024-03-03 05:26:58,118 -   train_loss = 0.2355
2024-03-03 05:26:58,119 -   best_eval_score = 0.5239
2024-03-03 05:26:58,119 -   eval_score = 0.5009
2024-03-03 05:26:58,119 - EarlyStopping counter: 3 out of 8
2024-03-03 05:28:20,822 - ***** Epoch: 9: Eval results *****
2024-03-03 05:28:20,822 -   train_loss = 0.1698
2024-03-03 05:28:20,822 -   best_eval_score = 0.5239
2024-03-03 05:28:20,822 -   eval_score = 0.5141
2024-03-03 05:28:20,822 - EarlyStopping counter: 4 out of 8
2024-03-03 05:29:43,893 - ***** Epoch: 10: Eval results *****
2024-03-03 05:29:43,894 -   train_loss = 0.1354
2024-03-03 05:29:43,894 -   best_eval_score = 0.5239
2024-03-03 05:29:43,894 -   eval_score = 0.4775
2024-03-03 05:29:43,894 - EarlyStopping counter: 5 out of 8
2024-03-03 05:31:06,040 - ***** Epoch: 11: Eval results *****
2024-03-03 05:31:06,040 -   train_loss = 0.0944
2024-03-03 05:31:06,040 -   best_eval_score = 0.5239
2024-03-03 05:31:06,040 -   eval_score = 0.5058
2024-03-03 05:31:06,040 - EarlyStopping counter: 6 out of 8
2024-03-03 05:32:28,675 - ***** Epoch: 12: Eval results *****
2024-03-03 05:32:28,675 -   train_loss = 0.078
2024-03-03 05:32:28,676 -   best_eval_score = 0.5239
2024-03-03 05:32:28,676 -   eval_score = 0.5157
2024-03-03 05:32:28,676 - EarlyStopping counter: 7 out of 8
2024-03-03 05:33:50,649 - ***** Epoch: 13: Eval results *****
2024-03-03 05:33:50,650 -   train_loss = 0.0759
2024-03-03 05:33:50,650 -   best_eval_score = 0.5239
2024-03-03 05:33:50,650 -   eval_score = 0.5131
2024-03-03 05:33:50,650 - EarlyStopping counter: 8 out of 8
2024-03-03 05:33:50,650 - EarlyStopping at epoch 13
2024-03-03 05:33:50,650 - Trained models are saved in /home/sharing/disk2/sjh/Outputs/MIntRec2/msz_MIntRec2_multi-class_seed-2_2024-03-03-05-15-08/models
2024-03-03 05:33:51,589 - Training is finished...
2024-03-03 05:33:51,589 - Testing begins...
2024-03-03 05:34:02,711 - ***** Test: Confusion Matrix *****
2024-03-03 05:34:02,713 - [[ 36   0  25   0   0   0   0   0   0   0   2   0   0   0   0   1   0   1
    0   0   0   0   1   1   1   0   0   0   0   0]
 [  0  57   0   0   9   1   3   0   2   0   1   0   4   0   4   0   0   8
    0   0   0   1   1   1   2   0   0   3   0   0]
 [  5   0  46   0   1   0   0   0   0   0   1   0   0   1   2   0   0   4
    0   0   0   0   0   1   2   0   0   1   0   0]
 [  0   0   0  57   0   0   0   1   0   0   0   0   0   0   4   0   0   2
    0   0   0   1   0   0   0   0   0   0   0   0]
 [  0   4   0   0  31   0   0   0   1   0   0   0   0   0   0   0   0   7
    0   2   0   1   0   1   1   0   0   0   1   2]
 [  0   1   0   0   2  22   0   0   0   0   0   0   2   0   1   0   0   7
    0   2   0   0   0   0   0   0   0   0   0   0]
 [  0   1   0   0   0   1  28   7   0   0   2   0   9   0   0   0   0   0
    0   0   0   0   0   0   0   0   0   0   0   0]
 [  0   0   0   0   0   0   6  27   0   0   6   1   6   0   0   0   0   0
    0   0   0   0   1   0   0   0   0   0   0   0]
 [  1   2   1   2   1   0   0   0  21   0   0   1   1   0   4   1   0   6
    0   0   0   0   6   0   2   0   0   0   0   0]
 [  0   0   1   1   0   0   0   0   1  42   0   4  12   0  15   0   0  13
    1   0   0   0   4   1   4   1   1   5   0   1]
 [  2   2   0   0   0   4   2   0   1   1  45   0  31   0   2   0   0   1
    0   1   0   0   0   0   1   0   0   0   0   0]
 [  0   0   0   0   0   0   1   0   0   5   0  13  10   0   1   0   0   5
    1   0   0   0   3   0   1   0   0   6   0   1]
 [  0   1   0   0   0   0   2   9   0   1  19   0 100   0   2   0   1   0
    0   0   0   0   0   0   0   0   0   0   0   0]
 [  0   0   1   0   1   0   0   0   0   2   0   0   0   1   3   1   0   4
    3   0   0   0   1   0   0   0   0   0   0   0]
 [  0   3   1   0   0   1   1   0   2   4   1   1   2   0 123   1   0  31
    2   0   0   0  14   0   3   0   0   3   0   0]
 [  0   0   0   0   1   0   0   0   0   4   0   0   0   1   2   5   0   6
    1   0   0   1   0   0   0   0   0   0   1   0]
 [  0   0   0   1   1   0   1   3   0   0   1   0   2   0   0   0  50   0
    4   0   0   0   0   0   3   0   0   0   0   0]
 [  0   6   1   0   5   2   0   0   1   7   0   0   1   0  24   1   2 132
    6   3   2   4   6   6   1   2   1   3   1   0]
 [  0   2   0   0   0   0   0   0   0   4   1   0   0   0   8   0   1  14
   27   0   0   0   1   0   1   0   0   1   0   0]
 [  0   8   0   0   0   0   2   0   0   0   1   0   0   0   0   0   0   0
    0   5   0   1   0   0   0   0   0   0   0   0]
 [  0   1   2   0   1   0   0   0   0   1   0   1   1   0   3   0   0   6
    5   0   3   0   0   2   2   0   0   1   0   0]
 [  6   1   0   4   1   0   0   0   0   3   0   0   0   0   0   0   0   1
    0   0   0  28   1   4   1   0   1   2   0   0]
 [  0   0   1   0   0   0   0   0   2   2   0   1   0   0  11   1   0   4
    0   0   0   1  88   0   0   5   0   1   0   0]
 [  0   3   2   0   1   0   0   0   0   0   0   0   0   0   1   0   0   7
    0   0   0   4   0  20   0   0   0   0   0   0]
 [  1   0   3   0   0   0   0   0   0   1   1   0   1   0   3   0   0   3
    0   0   0   0   1   1  89   0   0   8   1   0]
 [  1   0   0   0   1   0   0   0   1   0   0   0   0   0   0   0   0   2
    0   0   0   0   5   0   1  19   0   0   0   1]
 [  0   0   0   0   0   0   0   0   0   2   0   0   0   0   2   0   0   4
    0   0   0   1   4   0   0   0   2   0   2   0]
 [  0   3   1   0   0   0   0   0   1   7   5   3   2   0   2   0   0   7
    0   0   0   0   2   0   8   1   0  14   1   1]
 [  0   0   0   0   0   0   0   0   0   1   0   0   0   0   0   0   1   0
    0   0   0   0   0   0   0   0   0   0  56   0]
 [  0   2   0   0   1   0   0   0   2   1   1   1   0   0   0   0   0   3
    1   0   0   1   0   0   1   1   0   0   0   4]]
2024-03-03 05:34:02,713 - ***** Evaluation results *****
2024-03-03 05:34:02,713 -   acc = 0.5858
2024-03-03 05:34:02,713 -   f1 = 0.5223
2024-03-03 05:34:02,713 -   prec = 0.5725
2024-03-03 05:34:02,713 -   rec = 0.5091
2024-03-03 05:34:02,713 - Testing is finished...
2024-03-03 05:34:02,713 - Multimodal intent recognition is finished...
2024-03-03 05:34:02,713 - Results are saved in results/msz.csv
