2024-03-29 15:15:49,662 - ============================== Params ==============================
2024-03-29 15:15:49,662 - logger_name: msz_MIntRec_multi-class_seed-2_2024-03-29-15-15-49
2024-03-29 15:15:49,662 - dataset: MIntRec
2024-03-29 15:15:49,662 - data_mode: multi-class
2024-03-29 15:15:49,663 - method: msz
2024-03-29 15:15:49,663 - text_backbone: bert-base-uncased
2024-03-29 15:15:49,663 - text_backbone_path: /home/sharing/disk1/pretrained_embedding/bert/uncased_L-12_H-768_A-12/
2024-03-29 15:15:49,663 - seed: 2
2024-03-29 15:15:49,663 - num_workers: 8
2024-03-29 15:15:49,663 - gpu_id: 3
2024-03-29 15:15:49,663 - data_path: /home/sharing/disk2/sjh/intentDataset
2024-03-29 15:15:49,663 - train: True
2024-03-29 15:15:49,663 - tune: True
2024-03-29 15:15:49,663 - save_model: False
2024-03-29 15:15:49,663 - save_results: True
2024-03-29 15:15:49,663 - log_path: logs
2024-03-29 15:15:49,663 - cache_path: 
2024-03-29 15:15:49,663 - video_data_path: video_data
2024-03-29 15:15:49,663 - audio_data_path: audio_data
2024-03-29 15:15:49,663 - video_feats_path: video_feats.pkl
2024-03-29 15:15:49,663 - audio_feats_path: audio_feats.pkl
2024-03-29 15:15:49,664 - results_path: results
2024-03-29 15:15:49,664 - output_path: /home/sharing/disk2/sjh/Outputs/MIntRec
2024-03-29 15:15:49,664 - model_path: models
2024-03-29 15:15:49,664 - config_file_name: msz_MIntRec
2024-03-29 15:15:49,664 - results_file_name: msz.csv
2024-03-29 15:15:49,664 - padding_mode: zero
2024-03-29 15:15:49,664 - padding_loc: end
2024-03-29 15:15:49,664 - need_aligned: False
2024-03-29 15:15:49,664 - eval_monitor: f1
2024-03-29 15:15:49,664 - train_batch_size: 16
2024-03-29 15:15:49,664 - eval_batch_size: 8
2024-03-29 15:15:49,664 - test_batch_size: 8
2024-03-29 15:15:49,664 - wait_patience: 8
2024-03-29 15:15:49,664 - hidden_dims: 768
2024-03-29 15:15:49,664 - num_attention_heads: 8
2024-03-29 15:15:49,664 - attention_probs_dropout_prob: 0.2
2024-03-29 15:15:49,664 - hidden_dropout_prob: 0.4
2024-03-29 15:15:49,664 - intermediate_size: 768
2024-03-29 15:15:49,664 - num_hidden_layers: 8
2024-03-29 15:15:49,664 - max_position_embeddings: 768
2024-03-29 15:15:49,664 - position_embedding_type: absolute
2024-03-29 15:15:49,665 - batch_first: True
2024-03-29 15:15:49,665 - dropout: 0.3
2024-03-29 15:15:49,665 - aligned_method: conv1d
2024-03-29 15:15:49,665 - num_train_epochs: 100
2024-03-29 15:15:49,665 - lr: 6e-06
2024-03-29 15:15:49,665 - lr_mode: max
2024-03-29 15:15:49,665 - patience: 4
2024-03-29 15:15:49,665 - factor: 0.5
2024-03-29 15:15:49,665 - pred_output_path: /home/sharing/disk2/sjh/Outputs/MIntRec/msz_MIntRec_multi-class_seed-2_2024-03-29-15-15-49
2024-03-29 15:15:49,665 - model_output_path: /home/sharing/disk2/sjh/Outputs/MIntRec/msz_MIntRec_multi-class_seed-2_2024-03-29-15-15-49/models
2024-03-29 15:15:49,665 - num_labels: 20
2024-03-29 15:15:49,665 - text_feat_dim: 768
2024-03-29 15:15:49,665 - video_feat_dim: 256
2024-03-29 15:15:49,665 - audio_feat_dim: 768
2024-03-29 15:15:49,665 - text_seq_len: 30
2024-03-29 15:15:49,665 - video_seq_len: 230
2024-03-29 15:15:49,665 - audio_seq_len: 480
2024-03-29 15:15:49,665 - device: cuda:3
2024-03-29 15:15:49,665 - ============================== End Params ==============================
2024-03-29 15:15:49,771 - Generate Text Features Begin...
2024-03-29 15:15:50,482 - Generate Text Features Finished...
2024-03-29 15:15:50,482 - Load Video Features Begin...
2024-03-29 15:16:06,248 - Load Video Features Finished...
2024-03-29 15:16:06,755 - Load Audio Features Begin...
2024-03-29 15:16:46,118 - Load Audio Features Finished...
2024-03-29 15:16:48,364 - method  begins...
2024-03-29 15:16:54,683 - Multimodal intent recognition begins...
2024-03-29 15:16:54,684 - Training begins...
2024-03-29 15:17:14,942 - ***** Epoch: 1: Eval results *****
2024-03-29 15:17:14,942 -   train_loss = 2.7051
2024-03-29 15:17:14,942 -   best_eval_score = 0.0
2024-03-29 15:17:14,942 -   eval_score = 0.1569
2024-03-29 15:17:35,459 - ***** Epoch: 2: Eval results *****
2024-03-29 15:17:35,459 -   train_loss = 1.9079
2024-03-29 15:17:35,459 -   best_eval_score = 0.1569
2024-03-29 15:17:35,459 -   eval_score = 0.4572
2024-03-29 15:17:55,172 - ***** Epoch: 3: Eval results *****
2024-03-29 15:17:55,172 -   train_loss = 1.2035
2024-03-29 15:17:55,172 -   best_eval_score = 0.4572
2024-03-29 15:17:55,172 -   eval_score = 0.5589
2024-03-29 15:18:15,125 - ***** Epoch: 4: Eval results *****
2024-03-29 15:18:15,126 -   train_loss = 0.7272
2024-03-29 15:18:15,126 -   best_eval_score = 0.5589
2024-03-29 15:18:15,126 -   eval_score = 0.6167
2024-03-29 15:18:35,306 - ***** Epoch: 5: Eval results *****
2024-03-29 15:18:35,306 -   train_loss = 0.4453
2024-03-29 15:18:35,306 -   best_eval_score = 0.6167
2024-03-29 15:18:35,306 -   eval_score = 0.6709
2024-03-29 15:18:55,631 - ***** Epoch: 6: Eval results *****
2024-03-29 15:18:55,631 -   train_loss = 0.2597
2024-03-29 15:18:55,631 -   best_eval_score = 0.6709
2024-03-29 15:18:55,631 -   eval_score = 0.6865
2024-03-29 15:19:16,156 - ***** Epoch: 7: Eval results *****
2024-03-29 15:19:16,156 -   train_loss = 0.1512
2024-03-29 15:19:16,157 -   best_eval_score = 0.6865
2024-03-29 15:19:16,157 -   eval_score = 0.7071
2024-03-29 15:19:36,591 - ***** Epoch: 8: Eval results *****
2024-03-29 15:19:36,592 -   train_loss = 0.1124
2024-03-29 15:19:36,592 -   best_eval_score = 0.7071
2024-03-29 15:19:36,592 -   eval_score = 0.7048
2024-03-29 15:19:36,592 - EarlyStopping counter: 1 out of 8
2024-03-29 15:19:56,983 - ***** Epoch: 9: Eval results *****
2024-03-29 15:19:56,983 -   train_loss = 0.0907
2024-03-29 15:19:56,983 -   best_eval_score = 0.7071
2024-03-29 15:19:56,983 -   eval_score = 0.701
2024-03-29 15:19:56,983 - EarlyStopping counter: 2 out of 8
2024-03-29 15:20:17,231 - ***** Epoch: 10: Eval results *****
2024-03-29 15:20:17,231 -   train_loss = 0.0657
2024-03-29 15:20:17,231 -   best_eval_score = 0.7071
2024-03-29 15:20:17,231 -   eval_score = 0.696
2024-03-29 15:20:17,231 - EarlyStopping counter: 3 out of 8
2024-03-29 15:20:37,399 - ***** Epoch: 11: Eval results *****
2024-03-29 15:20:37,399 -   train_loss = 0.0541
2024-03-29 15:20:37,399 -   best_eval_score = 0.7071
2024-03-29 15:20:37,400 -   eval_score = 0.7069
2024-03-29 15:20:37,400 - EarlyStopping counter: 4 out of 8
2024-03-29 15:20:57,581 - ***** Epoch: 12: Eval results *****
2024-03-29 15:20:57,581 -   train_loss = 0.0444
2024-03-29 15:20:57,581 -   best_eval_score = 0.7071
2024-03-29 15:20:57,581 -   eval_score = 0.7012
2024-03-29 15:20:57,581 - EarlyStopping counter: 5 out of 8
2024-03-29 15:21:17,619 - ***** Epoch: 13: Eval results *****
2024-03-29 15:21:17,619 -   train_loss = 0.0388
2024-03-29 15:21:17,619 -   best_eval_score = 0.7071
2024-03-29 15:21:17,619 -   eval_score = 0.6966
2024-03-29 15:21:17,619 - EarlyStopping counter: 6 out of 8
2024-03-29 15:21:37,265 - ***** Epoch: 14: Eval results *****
2024-03-29 15:21:37,266 -   train_loss = 0.0343
2024-03-29 15:21:37,266 -   best_eval_score = 0.7071
2024-03-29 15:21:37,266 -   eval_score = 0.7023
2024-03-29 15:21:37,266 - EarlyStopping counter: 7 out of 8
2024-03-29 15:21:57,386 - ***** Epoch: 15: Eval results *****
2024-03-29 15:21:57,386 -   train_loss = 0.0315
2024-03-29 15:21:57,386 -   best_eval_score = 0.7071
2024-03-29 15:21:57,386 -   eval_score = 0.7015
2024-03-29 15:21:57,386 - EarlyStopping counter: 8 out of 8
2024-03-29 15:21:57,386 - EarlyStopping at epoch 15
2024-03-29 15:21:57,389 - Training is finished...
2024-03-29 15:21:57,389 - Testing begins...
2024-03-29 15:22:00,846 - ***** Test: Confusion Matrix *****
2024-03-29 15:22:00,847 - [[40  3  0  0  7  0  0  0  0  1  1  0  4  1  0  0  0  0  0  0]
 [ 1 34  0  1  0  3  0  0  0  0  1  0  2  1  0  0  0  0  0  0]
 [ 1  0 26  0  0  0  0  0  0  0  0  0  0  0  0  0  0  0  0  0]
 [ 0  0  0 25  0  0  0  0  0  0  0  0  0  0  0  0  0  0  0  0]
 [ 7  0  0  0 10  0  1  0  0  0  0  1  2  1  0  0  0  1  0  0]
 [ 0  0  0  0  0 12  0  0  0  0  0  0  0  0  0  0  0  0  0  0]
 [ 2  1  0  0  3  0  1  0  3  0  0  0  1  0  0  0  1  0  0  0]
 [ 3  1  0  0  0  0  0  5  0  1  0  0  0  0  0  0  0  0  0  0]
 [ 1  0  0  0  0  0  1  4  3  0  0  0  0  1  0  0  0  0  0  0]
 [ 1  0  0  0  1  0  0  0  0  4  0  0  0  0  0  2  0  1  0  1]
 [ 1  0  0  0  0  0  1  0  0  1 14  0  0  0  1  0  0  0  0  0]
 [ 0  0  0  0  1  0  1  0  0  0  0 17  0  0  0  0  0  0  0  0]
 [ 4  1  0  1  1  0  0  0  0  0  1  1 41  2  2  0  2  0  0  1]
 [ 0  0  0  0  0  0  2  1  0  0  1  1  1 18  1  0  0  0  0  0]
 [ 0  0  0  0  1  0  0  0  0  0  0  0  3  3 13  0  1  0  0  1]
 [ 0  0  0  0  0  0  0  1  0  0  0  0  4  0  0 15  0  0  0  1]
 [ 0  0  0  0  0  0  0  0  0  0  0  0  3  0  1  0 13  0  0  0]
 [ 0  0  0  0  0  0  0  0  0  1  1  0  2  0  0  0  0 11  0  0]
 [ 0  0  0  0  0  0  0  0  0  0  0  0  2  0  0  1  0  0  9  0]
 [ 0  0  0  0  0  0  0  0  0  0  0  0  1  1  1  0  2  0  0  5]]
2024-03-29 15:22:00,847 - ***** Evaluation results *****
2024-03-29 15:22:00,847 -   acc = 0.7101
2024-03-29 15:22:00,847 -   f1 = 0.6712
2024-03-29 15:22:00,848 -   prec = 0.685
2024-03-29 15:22:00,848 -   rec = 0.6669
2024-03-29 15:22:00,848 - Testing is finished...
2024-03-29 15:22:00,848 - Multimodal intent recognition is finished...
2024-03-29 15:22:00,848 - Results are saved in results/msz.csv
