2024-01-03 13:15:08,042 - ============================== Params ==============================
2024-01-03 13:15:08,042 - logger_name: msz_MIntRec_multi-class_seed-3_2024-01-03-13-15-08
2024-01-03 13:15:08,042 - dataset: MIntRec
2024-01-03 13:15:08,042 - data_mode: multi-class
2024-01-03 13:15:08,042 - method: msz
2024-01-03 13:15:08,042 - text_backbone: bert-base-uncased
2024-01-03 13:15:08,042 - text_backbone_path: /home/sharing/disk1/pretrained_embedding/bert/uncased_L-12_H-768_A-12/
2024-01-03 13:15:08,042 - seed: 3
2024-01-03 13:15:08,042 - num_workers: 8
2024-01-03 13:15:08,042 - gpu_id: 1
2024-01-03 13:15:08,042 - data_path: /home/sharing/disk2/sjh/intentDataset
2024-01-03 13:15:08,043 - train: True
2024-01-03 13:15:08,043 - tune: False
2024-01-03 13:15:08,043 - save_model: False
2024-01-03 13:15:08,043 - save_results: True
2024-01-03 13:15:08,043 - log_path: logs
2024-01-03 13:15:08,043 - cache_path: 
2024-01-03 13:15:08,043 - video_data_path: video_data
2024-01-03 13:15:08,043 - audio_data_path: audio_data
2024-01-03 13:15:08,043 - video_feats_path: video_feats.pkl
2024-01-03 13:15:08,043 - audio_feats_path: audio_feats.pkl
2024-01-03 13:15:08,043 - results_path: results
2024-01-03 13:15:08,043 - output_path: /home/sujianhua/Outputs/MIntRec
2024-01-03 13:15:08,043 - model_path: models
2024-01-03 13:15:08,043 - config_file_name: msz
2024-01-03 13:15:08,043 - results_file_name: msz.csv
2024-01-03 13:15:08,043 - padding_mode: zero
2024-01-03 13:15:08,043 - padding_loc: end
2024-01-03 13:15:08,043 - need_aligned: False
2024-01-03 13:15:08,043 - eval_monitor: f1
2024-01-03 13:15:08,043 - train_batch_size: 16
2024-01-03 13:15:08,043 - eval_batch_size: 8
2024-01-03 13:15:08,043 - test_batch_size: 8
2024-01-03 13:15:08,043 - wait_patience: 8
2024-01-03 13:15:08,043 - nheads: 2
2024-01-03 13:15:08,043 - encoder_layers: 2
2024-01-03 13:15:08,043 - attn_dropout: 0.1
2024-01-03 13:15:08,043 - relu_dropout: 0.1
2024-01-03 13:15:08,043 - embed_dropout: 0.1
2024-01-03 13:15:08,043 - res_dropout: 0.1
2024-01-03 13:15:08,043 - attn_mask: False
2024-01-03 13:15:08,043 - hidden_size: 768
2024-01-03 13:15:08,043 - num_attention_heads: 12
2024-01-03 13:15:08,043 - attention_probs_dropout_prob: 0.2
2024-01-03 13:15:08,043 - hidden_dropout_prob: 0.2
2024-01-03 13:15:08,043 - intermediate_size: 768
2024-01-03 13:15:08,043 - num_hidden_layers: 3
2024-01-03 13:15:08,043 - max_position_embeddings: 512
2024-01-03 13:15:08,043 - position_embedding_type: absolute
2024-01-03 13:15:08,044 - batch_first: True
2024-01-03 13:15:08,044 - hidden_dims: 768
2024-01-03 13:15:08,044 - att_dropouts: [0.2, 0.2, 0.2]
2024-01-03 13:15:08,044 - spe_dropouts: [0.1, 0.1, 0.1]
2024-01-03 13:15:08,044 - ta_loss: 0.02
2024-01-03 13:15:08,044 - tv_loss: 0.03
2024-01-03 13:15:08,044 - av_loss: 0.03
2024-01-03 13:15:08,044 - aligned_method: conv1d
2024-01-03 13:15:08,044 - grad_clip: -1
2024-01-03 13:15:08,044 - num_train_epochs: 100
2024-01-03 13:15:08,044 - warmup_proportion: 0.1
2024-01-03 13:15:08,044 - lr: 1e-06
2024-01-03 13:15:08,044 - weight_decay: 0.02
2024-01-03 13:15:08,044 - pred_output_path: /home/sujianhua/Outputs/MIntRec/msz_MIntRec_multi-class_seed-3_2024-01-03-13-15-08
2024-01-03 13:15:08,044 - model_output_path: /home/sujianhua/Outputs/MIntRec/msz_MIntRec_multi-class_seed-3_2024-01-03-13-15-08/models
2024-01-03 13:15:08,044 - ============================== End Params ==============================
2024-01-03 13:15:08,150 - Generate Text Features Begin...
2024-01-03 13:15:08,858 - Generate Text Features Finished...
2024-01-03 13:15:08,858 - Load Video Features Begin...
2024-01-03 13:15:20,285 - Load Video Features Finished...
2024-01-03 13:15:20,968 - Load Audio Features Begin...
2024-01-03 13:15:56,297 - Load Audio Features Finished...
2024-01-03 13:16:00,540 - method  begins...
2024-01-03 13:16:10,029 - Multimodal intent recognition begins...
2024-01-03 13:16:10,029 - Training begins...
2024-01-03 13:16:36,302 - ***** Epoch: 1: Eval results *****
2024-01-03 13:16:36,303 -   train_loss = 9.3494
2024-01-03 13:16:36,303 -   best_eval_score = 0.0
2024-01-03 13:16:36,303 -   eval_score = 0.0272
2024-01-03 13:17:01,001 - ***** Epoch: 2: Eval results *****
2024-01-03 13:17:01,001 -   train_loss = 6.0076
2024-01-03 13:17:01,001 -   best_eval_score = 0.0272
2024-01-03 13:17:01,001 -   eval_score = 0.033
2024-01-03 13:17:25,832 - ***** Epoch: 3: Eval results *****
2024-01-03 13:17:25,832 -   train_loss = 4.2674
2024-01-03 13:17:25,832 -   best_eval_score = 0.033
2024-01-03 13:17:25,832 -   eval_score = 0.1677
2024-01-03 13:17:50,669 - ***** Epoch: 4: Eval results *****
2024-01-03 13:17:50,669 -   train_loss = 3.5226
2024-01-03 13:17:50,669 -   best_eval_score = 0.1677
2024-01-03 13:17:50,669 -   eval_score = 0.3325
2024-01-03 13:18:14,240 - ***** Epoch: 5: Eval results *****
2024-01-03 13:18:14,240 -   train_loss = 2.9408
2024-01-03 13:18:14,240 -   best_eval_score = 0.3325
2024-01-03 13:18:14,240 -   eval_score = 0.4572
2024-01-03 13:18:37,245 - ***** Epoch: 6: Eval results *****
2024-01-03 13:18:37,246 -   train_loss = 2.466
2024-01-03 13:18:37,246 -   best_eval_score = 0.4572
2024-01-03 13:18:37,246 -   eval_score = 0.5019
2024-01-03 13:19:00,325 - ***** Epoch: 7: Eval results *****
2024-01-03 13:19:00,326 -   train_loss = 2.0822
2024-01-03 13:19:00,326 -   best_eval_score = 0.5019
2024-01-03 13:19:00,326 -   eval_score = 0.5302
2024-01-03 13:19:24,187 - ***** Epoch: 8: Eval results *****
2024-01-03 13:19:24,188 -   train_loss = 1.7495
2024-01-03 13:19:24,188 -   best_eval_score = 0.5302
2024-01-03 13:19:24,188 -   eval_score = 0.5754
2024-01-03 13:19:50,683 - ***** Epoch: 9: Eval results *****
2024-01-03 13:19:50,683 -   train_loss = 1.5609
2024-01-03 13:19:50,684 -   best_eval_score = 0.5754
2024-01-03 13:19:50,684 -   eval_score = 0.572
2024-01-03 13:19:50,684 - EarlyStopping counter: 1 out of 8
2024-01-03 13:20:16,526 - ***** Epoch: 10: Eval results *****
2024-01-03 13:20:16,526 -   train_loss = 1.4114
2024-01-03 13:20:16,526 -   best_eval_score = 0.5754
2024-01-03 13:20:16,527 -   eval_score = 0.5817
2024-01-03 13:20:41,680 - ***** Epoch: 11: Eval results *****
2024-01-03 13:20:41,680 -   train_loss = 1.3163
2024-01-03 13:20:41,680 -   best_eval_score = 0.5817
2024-01-03 13:20:41,680 -   eval_score = 0.6152
2024-01-03 13:21:06,856 - ***** Epoch: 12: Eval results *****
2024-01-03 13:21:06,856 -   train_loss = 1.2132
2024-01-03 13:21:06,856 -   best_eval_score = 0.6152
2024-01-03 13:21:06,856 -   eval_score = 0.6069
2024-01-03 13:21:06,856 - EarlyStopping counter: 1 out of 8
2024-01-03 13:21:31,861 - ***** Epoch: 13: Eval results *****
2024-01-03 13:21:31,863 -   train_loss = 1.1443
2024-01-03 13:21:31,864 -   best_eval_score = 0.6152
2024-01-03 13:21:31,864 -   eval_score = 0.6306
2024-01-03 13:21:56,696 - ***** Epoch: 14: Eval results *****
2024-01-03 13:21:56,696 -   train_loss = 0.9656
2024-01-03 13:21:56,696 -   best_eval_score = 0.6306
2024-01-03 13:21:56,696 -   eval_score = 0.6354
2024-01-03 13:22:20,993 - ***** Epoch: 15: Eval results *****
2024-01-03 13:22:20,994 -   train_loss = 0.9563
2024-01-03 13:22:20,994 -   best_eval_score = 0.6354
2024-01-03 13:22:20,994 -   eval_score = 0.6582
2024-01-03 13:22:46,203 - ***** Epoch: 16: Eval results *****
2024-01-03 13:22:46,204 -   train_loss = 0.8761
2024-01-03 13:22:46,204 -   best_eval_score = 0.6582
2024-01-03 13:22:46,204 -   eval_score = 0.6434
2024-01-03 13:22:46,204 - EarlyStopping counter: 1 out of 8
2024-01-03 13:23:15,576 - ***** Epoch: 17: Eval results *****
2024-01-03 13:23:15,577 -   train_loss = 0.8404
2024-01-03 13:23:15,577 -   best_eval_score = 0.6582
2024-01-03 13:23:15,577 -   eval_score = 0.6552
2024-01-03 13:23:15,578 - EarlyStopping counter: 2 out of 8
2024-01-03 13:23:40,768 - ***** Epoch: 18: Eval results *****
2024-01-03 13:23:40,768 -   train_loss = 0.7958
2024-01-03 13:23:40,768 -   best_eval_score = 0.6582
2024-01-03 13:23:40,768 -   eval_score = 0.6466
2024-01-03 13:23:40,768 - EarlyStopping counter: 3 out of 8
2024-01-03 13:24:05,495 - ***** Epoch: 19: Eval results *****
2024-01-03 13:24:05,495 -   train_loss = 0.7744
2024-01-03 13:24:05,495 -   best_eval_score = 0.6582
2024-01-03 13:24:05,495 -   eval_score = 0.6398
2024-01-03 13:24:05,495 - EarlyStopping counter: 4 out of 8
2024-01-03 13:24:29,874 - ***** Epoch: 20: Eval results *****
2024-01-03 13:24:29,874 -   train_loss = 0.7521
2024-01-03 13:24:29,874 -   best_eval_score = 0.6582
2024-01-03 13:24:29,874 -   eval_score = 0.6083
2024-01-03 13:24:29,874 - EarlyStopping counter: 5 out of 8
2024-01-03 13:24:55,270 - ***** Epoch: 21: Eval results *****
2024-01-03 13:24:55,270 -   train_loss = 0.735
2024-01-03 13:24:55,270 -   best_eval_score = 0.6582
2024-01-03 13:24:55,271 -   eval_score = 0.6048
2024-01-03 13:24:55,271 - EarlyStopping counter: 6 out of 8
2024-01-03 13:25:20,478 - ***** Epoch: 22: Eval results *****
2024-01-03 13:25:20,478 -   train_loss = 0.7239
2024-01-03 13:25:20,478 -   best_eval_score = 0.6582
2024-01-03 13:25:20,479 -   eval_score = 0.6075
2024-01-03 13:25:20,479 - EarlyStopping counter: 7 out of 8
2024-01-03 13:25:44,994 - ***** Epoch: 23: Eval results *****
2024-01-03 13:25:44,994 -   train_loss = 0.7185
2024-01-03 13:25:44,994 -   best_eval_score = 0.6582
2024-01-03 13:25:44,994 -   eval_score = 0.6242
2024-01-03 13:25:44,994 - EarlyStopping counter: 8 out of 8
2024-01-03 13:25:44,994 - EarlyStopping at epoch 23
2024-01-03 13:25:44,997 - Training is finished...
2024-01-03 13:25:44,997 - Testing begins...
2024-01-03 13:25:50,754 - ***** Test: Confusion Matrix *****
2024-01-03 13:25:50,758 - [[25  1  0  0  8  0  4  6  0  8  1  0  0  2  0  2  0  0  0  0]
 [ 1 34  0  1  0  3  1  0  0  1  0  0  1  1  0  0  0  0  0  0]
 [ 0  0 27  0  0  0  0  0  0  0  0  0  0  0  0  0  0  0  0  0]
 [ 0  0  0 25  0  0  0  0  0  0  0  0  0  0  0  0  0  0  0  0]
 [ 0  0  0  0 13  0  2  0  0  3  1  1  0  1  1  0  0  1  0  0]
 [ 0  0  0  0  0 12  0  0  0  0  0  0  0  0  0  0  0  0  0  0]
 [ 0  0  0  0  2  0  3  1  0  2  0  1  1  0  0  2  0  0  0  0]
 [ 2  0  0  0  0  0  0  5  1  1  1  0  0  0  0  0  0  0  0  0]
 [ 0  0  0  0  0  0  1  6  0  0  0  0  0  2  0  1  0  0  0  0]
 [ 0  0  0  0  0  0  0  0  0  5  1  0  0  0  0  2  0  2  0  0]
 [ 0  0  0  0  0  1  1  0  0  3 12  0  0  0  0  0  0  1  0  0]
 [ 0  0  0  0  0  0  0  0  0  0  0 18  0  0  0  0  0  0  1  0]
 [ 1  0  1  0  1  2  1  2  0  2  1  2 30  1  1  9  0  1  2  0]
 [ 0  0  0  0  0  1  2  0  0  0  2  1  1 15  1  1  0  0  0  1]
 [ 0  0  0  0  1  0  0  0  0  0  0  0  2  1 14  0  1  2  0  1]
 [ 0  0  0  0  1  0  0  1  0  0  0  0  2  0  0 16  0  0  0  1]
 [ 1  0  0  0  0  0  0  0  0  0  0  0  3  0  1  0 12  0  0  0]
 [ 0  0  0  0  0  0  0  0  0  1  0  0  0  0  0  0  0 14  0  0]
 [ 0  0  0  0  0  0  0  0  0  0  0  0  0  0  0  1  0  0 11  0]
 [ 0  0  0  0  0  0  0  0  0  0  0  0  0  0  1  0  0  0  1  8]]
2024-01-03 13:25:50,758 - ***** Evaluation results *****
2024-01-03 13:25:50,758 -   acc = 0.6719
2024-01-03 13:25:50,758 -   f1 = 0.6352
2024-01-03 13:25:50,758 -   prec = 0.6283
2024-01-03 13:25:50,758 -   rec = 0.677
2024-01-03 13:25:50,758 - Testing is finished...
2024-01-03 13:25:50,758 - Multimodal intent recognition is finished...
2024-01-03 13:25:50,758 - Results are saved in results/msz.csv
