2024-01-26 07:39:29,394 - ============================== Params ==============================
2024-01-26 07:39:29,394 - logger_name: msz_MIntRec_multi-class_seed-2_2024-01-26-07-39-29
2024-01-26 07:39:29,394 - dataset: MIntRec
2024-01-26 07:39:29,394 - data_mode: multi-class
2024-01-26 07:39:29,394 - method: msz
2024-01-26 07:39:29,394 - text_backbone: bert-base-uncased
2024-01-26 07:39:29,394 - text_backbone_path: /home/sharing/disk1/pretrained_embedding/bert/uncased_L-12_H-768_A-12/
2024-01-26 07:39:29,394 - seed: 2
2024-01-26 07:39:29,394 - num_workers: 8
2024-01-26 07:39:29,394 - gpu_id: 1
2024-01-26 07:39:29,394 - data_path: /home/sharing/disk2/sjh/intentDataset
2024-01-26 07:39:29,394 - train: True
2024-01-26 07:39:29,394 - tune: False
2024-01-26 07:39:29,394 - save_model: True
2024-01-26 07:39:29,394 - save_results: True
2024-01-26 07:39:29,394 - log_path: logs
2024-01-26 07:39:29,394 - cache_path: 
2024-01-26 07:39:29,394 - video_data_path: video_data
2024-01-26 07:39:29,394 - audio_data_path: audio_data
2024-01-26 07:39:29,394 - video_feats_path: video_feats.pkl
2024-01-26 07:39:29,394 - audio_feats_path: audio_feats.pkl
2024-01-26 07:39:29,394 - results_path: results
2024-01-26 07:39:29,394 - output_path: /home/sharing/disk2/sjh/Outputs/MIntRec
2024-01-26 07:39:29,394 - model_path: models
2024-01-26 07:39:29,395 - config_file_name: msz
2024-01-26 07:39:29,395 - results_file_name: msz.csv
2024-01-26 07:39:29,395 - padding_mode: zero
2024-01-26 07:39:29,395 - padding_loc: end
2024-01-26 07:39:29,395 - need_aligned: False
2024-01-26 07:39:29,395 - eval_monitor: f1
2024-01-26 07:39:29,395 - train_batch_size: 16
2024-01-26 07:39:29,395 - eval_batch_size: 8
2024-01-26 07:39:29,395 - test_batch_size: 8
2024-01-26 07:39:29,395 - wait_patience: 8
2024-01-26 07:39:29,395 - hidden_size: 768
2024-01-26 07:39:29,395 - num_attention_heads: 12
2024-01-26 07:39:29,395 - attention_probs_dropout_prob: 0.2
2024-01-26 07:39:29,395 - hidden_dropout_prob: 0.2
2024-01-26 07:39:29,395 - intermediate_size: 768
2024-01-26 07:39:29,395 - num_hidden_layers: 8
2024-01-26 07:39:29,395 - max_position_embeddings: 768
2024-01-26 07:39:29,395 - position_embedding_type: absolute
2024-01-26 07:39:29,395 - batch_first: True
2024-01-26 07:39:29,395 - hidden_dims: 768
2024-01-26 07:39:29,395 - dropout: 0.1
2024-01-26 07:39:29,395 - aligned_method: conv1d
2024-01-26 07:39:29,395 - num_train_epochs: 100
2024-01-26 07:39:29,395 - lr: 8e-06
2024-01-26 07:39:29,395 - pred_output_path: /home/sharing/disk2/sjh/Outputs/MIntRec/msz_MIntRec_multi-class_seed-2_2024-01-26-07-39-29
2024-01-26 07:39:29,395 - model_output_path: /home/sharing/disk2/sjh/Outputs/MIntRec/msz_MIntRec_multi-class_seed-2_2024-01-26-07-39-29/models
2024-01-26 07:39:29,395 - ============================== End Params ==============================
2024-01-26 07:39:29,398 - Generate Text Features Begin...
2024-01-26 07:39:29,867 - Generate Text Features Finished...
2024-01-26 07:39:29,867 - Load Video Features Begin...
2024-01-26 07:39:30,111 - Load Video Features Finished...
2024-01-26 07:39:30,573 - Load Audio Features Begin...
2024-01-26 07:39:31,359 - Load Audio Features Finished...
2024-01-26 07:39:34,433 - method  begins...
2024-01-26 07:39:37,217 - Multimodal intent recognition begins...
2024-01-26 07:39:37,217 - Training begins...
2024-01-26 07:39:58,543 - ***** Epoch: 1: Eval results *****
2024-01-26 07:39:58,543 -   train_loss = 2.5267
2024-01-26 07:39:58,543 -   best_eval_score = 0.0
2024-01-26 07:39:58,543 -   eval_score = 0.2408
2024-01-26 07:40:18,129 - ***** Epoch: 2: Eval results *****
2024-01-26 07:40:18,129 -   train_loss = 1.4676
2024-01-26 07:40:18,129 -   best_eval_score = 0.2408
2024-01-26 07:40:18,129 -   eval_score = 0.535
2024-01-26 07:40:38,802 - ***** Epoch: 3: Eval results *****
2024-01-26 07:40:38,802 -   train_loss = 0.794
2024-01-26 07:40:38,802 -   best_eval_score = 0.535
2024-01-26 07:40:38,803 -   eval_score = 0.6365
2024-01-26 07:40:58,972 - ***** Epoch: 4: Eval results *****
2024-01-26 07:40:58,972 -   train_loss = 0.4114
2024-01-26 07:40:58,972 -   best_eval_score = 0.6365
2024-01-26 07:40:58,972 -   eval_score = 0.6379
2024-01-26 07:41:19,607 - ***** Epoch: 5: Eval results *****
2024-01-26 07:41:19,607 -   train_loss = 0.2163
2024-01-26 07:41:19,607 -   best_eval_score = 0.6379
2024-01-26 07:41:19,607 -   eval_score = 0.6818
2024-01-26 07:41:39,900 - ***** Epoch: 6: Eval results *****
2024-01-26 07:41:39,901 -   train_loss = 0.099
2024-01-26 07:41:39,901 -   best_eval_score = 0.6818
2024-01-26 07:41:39,901 -   eval_score = 0.6974
2024-01-26 07:42:00,027 - ***** Epoch: 7: Eval results *****
2024-01-26 07:42:00,027 -   train_loss = 0.0573
2024-01-26 07:42:00,027 -   best_eval_score = 0.6974
2024-01-26 07:42:00,027 -   eval_score = 0.6971
2024-01-26 07:42:00,027 - EarlyStopping counter: 1 out of 8
2024-01-26 07:42:19,463 - ***** Epoch: 8: Eval results *****
2024-01-26 07:42:19,463 -   train_loss = 0.0406
2024-01-26 07:42:19,463 -   best_eval_score = 0.6974
2024-01-26 07:42:19,464 -   eval_score = 0.6951
2024-01-26 07:42:19,464 - EarlyStopping counter: 2 out of 8
2024-01-26 07:42:39,761 - ***** Epoch: 9: Eval results *****
2024-01-26 07:42:39,762 -   train_loss = 0.0253
2024-01-26 07:42:39,762 -   best_eval_score = 0.6974
2024-01-26 07:42:39,762 -   eval_score = 0.7051
2024-01-26 07:42:59,639 - ***** Epoch: 10: Eval results *****
2024-01-26 07:42:59,639 -   train_loss = 0.0187
2024-01-26 07:42:59,639 -   best_eval_score = 0.7051
2024-01-26 07:42:59,639 -   eval_score = 0.6899
2024-01-26 07:42:59,639 - EarlyStopping counter: 1 out of 8
2024-01-26 07:43:18,402 - ***** Epoch: 11: Eval results *****
2024-01-26 07:43:18,402 -   train_loss = 0.0129
2024-01-26 07:43:18,402 -   best_eval_score = 0.7051
2024-01-26 07:43:18,402 -   eval_score = 0.7048
2024-01-26 07:43:18,402 - EarlyStopping counter: 2 out of 8
2024-01-26 07:43:38,338 - ***** Epoch: 12: Eval results *****
2024-01-26 07:43:38,338 -   train_loss = 0.0106
2024-01-26 07:43:38,339 -   best_eval_score = 0.7051
2024-01-26 07:43:38,339 -   eval_score = 0.7013
2024-01-26 07:43:38,339 - EarlyStopping counter: 3 out of 8
2024-01-26 07:43:58,994 - ***** Epoch: 13: Eval results *****
2024-01-26 07:43:58,995 -   train_loss = 0.0123
2024-01-26 07:43:58,995 -   best_eval_score = 0.7051
2024-01-26 07:43:58,995 -   eval_score = 0.7029
2024-01-26 07:43:58,995 - EarlyStopping counter: 4 out of 8
2024-01-26 07:44:18,883 - ***** Epoch: 14: Eval results *****
2024-01-26 07:44:18,883 -   train_loss = 0.0104
2024-01-26 07:44:18,883 -   best_eval_score = 0.7051
2024-01-26 07:44:18,883 -   eval_score = 0.7027
2024-01-26 07:44:18,883 - EarlyStopping counter: 5 out of 8
2024-01-26 07:44:38,888 - ***** Epoch: 15: Eval results *****
2024-01-26 07:44:38,888 -   train_loss = 0.0093
2024-01-26 07:44:38,888 -   best_eval_score = 0.7051
2024-01-26 07:44:38,888 -   eval_score = 0.7058
2024-01-26 07:44:59,121 - ***** Epoch: 16: Eval results *****
2024-01-26 07:44:59,121 -   train_loss = 0.0089
2024-01-26 07:44:59,121 -   best_eval_score = 0.7058
2024-01-26 07:44:59,122 -   eval_score = 0.7034
2024-01-26 07:44:59,122 - EarlyStopping counter: 1 out of 8
2024-01-26 07:45:19,537 - ***** Epoch: 17: Eval results *****
2024-01-26 07:45:19,537 -   train_loss = 0.0085
2024-01-26 07:45:19,537 -   best_eval_score = 0.7058
2024-01-26 07:45:19,537 -   eval_score = 0.7007
2024-01-26 07:45:19,537 - EarlyStopping counter: 2 out of 8
2024-01-26 07:45:39,813 - ***** Epoch: 18: Eval results *****
2024-01-26 07:45:39,813 -   train_loss = 0.0083
2024-01-26 07:45:39,813 -   best_eval_score = 0.7058
2024-01-26 07:45:39,813 -   eval_score = 0.7007
2024-01-26 07:45:39,813 - EarlyStopping counter: 3 out of 8
2024-01-26 07:45:59,243 - ***** Epoch: 19: Eval results *****
2024-01-26 07:45:59,244 -   train_loss = 0.0087
2024-01-26 07:45:59,244 -   best_eval_score = 0.7058
2024-01-26 07:45:59,244 -   eval_score = 0.7005
2024-01-26 07:45:59,244 - EarlyStopping counter: 4 out of 8
2024-01-26 07:46:18,857 - ***** Epoch: 20: Eval results *****
2024-01-26 07:46:18,857 -   train_loss = 0.0078
2024-01-26 07:46:18,857 -   best_eval_score = 0.7058
2024-01-26 07:46:18,857 -   eval_score = 0.7005
2024-01-26 07:46:18,857 - EarlyStopping counter: 5 out of 8
2024-01-26 07:46:38,424 - ***** Epoch: 21: Eval results *****
2024-01-26 07:46:38,424 -   train_loss = 0.0082
2024-01-26 07:46:38,424 -   best_eval_score = 0.7058
2024-01-26 07:46:38,424 -   eval_score = 0.7005
2024-01-26 07:46:38,424 - EarlyStopping counter: 6 out of 8
2024-01-26 07:46:57,962 - ***** Epoch: 22: Eval results *****
2024-01-26 07:46:57,962 -   train_loss = 0.0078
2024-01-26 07:46:57,962 -   best_eval_score = 0.7058
2024-01-26 07:46:57,962 -   eval_score = 0.7005
2024-01-26 07:46:57,963 - EarlyStopping counter: 7 out of 8
2024-01-26 07:47:17,286 - ***** Epoch: 23: Eval results *****
2024-01-26 07:47:17,286 -   train_loss = 0.008
2024-01-26 07:47:17,287 -   best_eval_score = 0.7058
2024-01-26 07:47:17,287 -   eval_score = 0.7005
2024-01-26 07:47:17,287 - EarlyStopping counter: 8 out of 8
2024-01-26 07:47:17,287 - EarlyStopping at epoch 23
2024-01-26 07:47:17,287 - Trained models are saved in /home/sharing/disk2/sjh/Outputs/MIntRec/msz_MIntRec_multi-class_seed-2_2024-01-26-07-39-29/models
2024-01-26 07:47:18,286 - Training is finished...
2024-01-26 07:47:18,286 - Testing begins...
2024-01-26 07:47:21,275 - ***** Test: Confusion Matrix *****
2024-01-26 07:47:21,276 - [[41  2  0  0  7  0  1  0  0  1  1  0  3  1  0  0  0  0  0  0]
 [ 1 34  0  1  0  3  0  0  0  0  1  0  2  1  0  0  0  0  0  0]
 [ 1  0 26  0  0  0  0  0  0  0  0  0  0  0  0  0  0  0  0  0]
 [ 0  1  0 24  0  0  0  0  0  0  0  0  0  0  0  0  0  0  0  0]
 [ 5  0  0  0 11  0  2  0  0  0  0  1  2  0  1  0  0  1  0  0]
 [ 0  0  0  0  0 12  0  0  0  0  0  0  0  0  0  0  0  0  0  0]
 [ 1  1  0  0  3  0  2  0  3  0  0  0  1  0  0  0  1  0  0  0]
 [ 3  1  0  0  0  1  0  5  0  0  0  0  0  0  0  0  0  0  0  0]
 [ 1  0  0  0  0  0  1  2  5  0  0  0  0  1  0  0  0  0  0  0]
 [ 1  0  0  0  1  0  0  0  0  4  0  0  0  0  0  2  0  1  0  1]
 [ 1  0  0  0  0  0  1  0  0  2 13  0  0  0  1  0  0  0  0  0]
 [ 0  0  0  0  1  0  1  0  0  0  0 15  0  0  0  0  0  0  1  1]
 [ 3  1  0  0  1  0  0  0  0  0  1  1 40  4  3  0  2  0  0  1]
 [ 0  1  0  0  0  0  2  0  0  0  1  1  0 18  2  0  0  0  0  0]
 [ 0  0  0  0  1  0  0  0  1  0  0  0  0  2 16  0  1  0  0  1]
 [ 0  0  0  0  0  0  0  1  1  0  0  0  3  0  1 14  0  0  0  1]
 [ 1  0  0  0  0  0  0  0  0  0  0  0  3  0  1  0 12  0  0  0]
 [ 0  0  0  0  0  0  0  0  0  1  1  0  2  0  0  0  0 11  0  0]
 [ 0  0  0  0  0  0  0  0  0  0  0  0  2  0  0  1  0  0  9  0]
 [ 1  0  0  0  0  0  0  0  0  0  0  0  1  1  1  0  0  0  0  6]]
2024-01-26 07:47:21,276 - ***** Evaluation results *****
2024-01-26 07:47:21,276 -   acc = 0.7146
2024-01-26 07:47:21,276 -   f1 = 0.6828
2024-01-26 07:47:21,276 -   prec = 0.6922
2024-01-26 07:47:21,276 -   rec = 0.6797
2024-01-26 07:47:21,277 - Testing is finished...
2024-01-26 07:47:21,277 - Multimodal intent recognition is finished...
2024-01-26 07:47:21,277 - Results are saved in results/msz.csv
