2024-01-05 02:44:40,915 - ============================== Params ==============================
2024-01-05 02:44:40,915 - logger_name: msz_MIntRec_multi-class_seed-1_2024-01-05-02-44-40
2024-01-05 02:44:40,915 - dataset: MIntRec
2024-01-05 02:44:40,915 - data_mode: multi-class
2024-01-05 02:44:40,915 - method: msz
2024-01-05 02:44:40,915 - text_backbone: bert-base-uncased
2024-01-05 02:44:40,915 - text_backbone_path: /home/sharing/disk1/pretrained_embedding/bert/uncased_L-12_H-768_A-12/
2024-01-05 02:44:40,915 - seed: 1
2024-01-05 02:44:40,915 - num_workers: 8
2024-01-05 02:44:40,915 - gpu_id: 1
2024-01-05 02:44:40,915 - data_path: /home/sharing/disk2/sjh/intentDataset
2024-01-05 02:44:40,915 - train: True
2024-01-05 02:44:40,915 - tune: False
2024-01-05 02:44:40,915 - save_model: False
2024-01-05 02:44:40,915 - save_results: True
2024-01-05 02:44:40,915 - log_path: logs
2024-01-05 02:44:40,915 - cache_path: 
2024-01-05 02:44:40,915 - video_data_path: video_data
2024-01-05 02:44:40,916 - audio_data_path: audio_data
2024-01-05 02:44:40,916 - video_feats_path: video_feats.pkl
2024-01-05 02:44:40,916 - audio_feats_path: audio_feats.pkl
2024-01-05 02:44:40,916 - results_path: results
2024-01-05 02:44:40,916 - output_path: /home/sharing/disk2/sjh/Outputs/MIntRec
2024-01-05 02:44:40,916 - model_path: models
2024-01-05 02:44:40,916 - config_file_name: msz
2024-01-05 02:44:40,916 - results_file_name: msz.csv
2024-01-05 02:44:40,916 - padding_mode: zero
2024-01-05 02:44:40,916 - padding_loc: end
2024-01-05 02:44:40,916 - need_aligned: False
2024-01-05 02:44:40,916 - eval_monitor: f1
2024-01-05 02:44:40,916 - train_batch_size: 16
2024-01-05 02:44:40,916 - eval_batch_size: 8
2024-01-05 02:44:40,916 - test_batch_size: 8
2024-01-05 02:44:40,916 - wait_patience: 8
2024-01-05 02:44:40,916 - nheads: 2
2024-01-05 02:44:40,916 - encoder_layers: 2
2024-01-05 02:44:40,916 - attn_dropout: 0.1
2024-01-05 02:44:40,916 - relu_dropout: 0.1
2024-01-05 02:44:40,916 - embed_dropout: 0.1
2024-01-05 02:44:40,916 - res_dropout: 0.1
2024-01-05 02:44:40,916 - attn_mask: False
2024-01-05 02:44:40,916 - hidden_size: 768
2024-01-05 02:44:40,916 - num_attention_heads: 12
2024-01-05 02:44:40,916 - attention_probs_dropout_prob: 0.2
2024-01-05 02:44:40,916 - hidden_dropout_prob: 0.2
2024-01-05 02:44:40,916 - intermediate_size: 768
2024-01-05 02:44:40,916 - num_hidden_layers: 3
2024-01-05 02:44:40,916 - max_position_embeddings: 512
2024-01-05 02:44:40,916 - position_embedding_type: absolute
2024-01-05 02:44:40,916 - batch_first: True
2024-01-05 02:44:40,916 - hidden_dims: 768
2024-01-05 02:44:40,916 - att_dropouts: [0.2, 0.2, 0.2]
2024-01-05 02:44:40,916 - spe_dropouts: [0.1, 0.1, 0.1]
2024-01-05 02:44:40,916 - ta_loss: 0.1
2024-01-05 02:44:40,916 - tv_loss: 0.1
2024-01-05 02:44:40,917 - av_loss: 0.1
2024-01-05 02:44:40,917 - aligned_method: conv1d
2024-01-05 02:44:40,917 - grad_clip: -1
2024-01-05 02:44:40,917 - num_train_epochs: 100
2024-01-05 02:44:40,917 - warmup_proportion: 0.1
2024-01-05 02:44:40,917 - lr: 1e-06
2024-01-05 02:44:40,917 - weight_decay: 0.01
2024-01-05 02:44:40,917 - pred_output_path: /home/sharing/disk2/sjh/Outputs/MIntRec/msz_MIntRec_multi-class_seed-1_2024-01-05-02-44-40
2024-01-05 02:44:40,917 - model_output_path: /home/sharing/disk2/sjh/Outputs/MIntRec/msz_MIntRec_multi-class_seed-1_2024-01-05-02-44-40/models
2024-01-05 02:44:40,917 - ============================== End Params ==============================
2024-01-05 02:44:40,920 - Generate Text Features Begin...
2024-01-05 02:44:41,437 - Generate Text Features Finished...
2024-01-05 02:44:41,438 - Load Video Features Begin...
2024-01-05 02:45:16,028 - Load Video Features Finished...
2024-01-05 02:45:16,728 - Load Audio Features Begin...
2024-01-05 02:45:50,445 - Load Audio Features Finished...
2024-01-05 02:45:55,134 - method  begins...
2024-01-05 02:46:09,175 - Multimodal intent recognition begins...
2024-01-05 02:46:09,186 - Training begins...
