2024-05-08 06:59:27,777 - ============================== Params ==============================
2024-05-08 06:59:27,777 - logger_name: msz_MIntRec2_multi-class_seed-3_2024-05-08-06-59-27
2024-05-08 06:59:27,777 - dataset: MIntRec2
2024-05-08 06:59:27,777 - data_mode: multi-class
2024-05-08 06:59:27,777 - method: msz
2024-05-08 06:59:27,777 - text_backbone: bert-base-uncased
2024-05-08 06:59:27,777 - text_backbone_path: /home/sharing/disk1/pretrained_embedding/bert/uncased_L-12_H-768_A-12/
2024-05-08 06:59:27,777 - seed: 3
2024-05-08 06:59:27,777 - num_workers: 8
2024-05-08 06:59:27,777 - gpu_id: 3
2024-05-08 06:59:27,777 - data_path: /home/sharing/disk2/sjh/intentDataset
2024-05-08 06:59:27,777 - train: True
2024-05-08 06:59:27,777 - tune: True
2024-05-08 06:59:27,777 - save_model: False
2024-05-08 06:59:27,777 - save_results: True
2024-05-08 06:59:27,777 - log_path: logs
2024-05-08 06:59:27,777 - cache_path: 
2024-05-08 06:59:27,777 - video_data_path: video_data
2024-05-08 06:59:27,777 - audio_data_path: audio_data
2024-05-08 06:59:27,777 - video_feats_path: video_feats.pkl
2024-05-08 06:59:27,777 - audio_feats_path: audio_feats.pkl
2024-05-08 06:59:27,777 - results_path: results
2024-05-08 06:59:27,777 - output_path: /home/sharing/disk2/sjh/Outputs/ablation_MIntRec2
2024-05-08 06:59:27,777 - model_path: models
2024-05-08 06:59:27,777 - config_file_name: msz_MIntRec2
2024-05-08 06:59:27,777 - results_file_name: ablation_msz.csv
2024-05-08 06:59:27,778 - ablation: no_fatt
2024-05-08 06:59:27,778 - padding_mode: zero
2024-05-08 06:59:27,778 - padding_loc: end
2024-05-08 06:59:27,778 - need_aligned: False
2024-05-08 06:59:27,778 - eval_monitor: f1
2024-05-08 06:59:27,778 - train_batch_size: 32
2024-05-08 06:59:27,778 - eval_batch_size: 16
2024-05-08 06:59:27,778 - test_batch_size: 16
2024-05-08 06:59:27,778 - wait_patience: 8
2024-05-08 06:59:27,778 - hidden_dims: 768
2024-05-08 06:59:27,778 - num_attention_heads: 6
2024-05-08 06:59:27,778 - attention_probs_dropout_prob: 0.3
2024-05-08 06:59:27,778 - hidden_dropout_prob: 0.5
2024-05-08 06:59:27,778 - intermediate_size: 768
2024-05-08 06:59:27,778 - num_hidden_layers: 6
2024-05-08 06:59:27,778 - max_position_embeddings: 1000
2024-05-08 06:59:27,778 - position_embedding_type: absolute
2024-05-08 06:59:27,778 - batch_first: True
2024-05-08 06:59:27,778 - dropout: 0.2
2024-05-08 06:59:27,778 - aligned_method: conv1d
2024-05-08 06:59:27,778 - num_train_epochs: 100
2024-05-08 06:59:27,778 - lr: 5e-06
2024-05-08 06:59:27,778 - lr_mode: max
2024-05-08 06:59:27,778 - patience: 5
2024-05-08 06:59:27,778 - factor: 0.2
2024-05-08 06:59:27,778 - pred_output_path: /home/sharing/disk2/sjh/Outputs/ablation_MIntRec2/msz_MIntRec2_multi-class_seed-3_2024-05-08-06-59-27
2024-05-08 06:59:27,778 - model_output_path: /home/sharing/disk2/sjh/Outputs/ablation_MIntRec2/msz_MIntRec2_multi-class_seed-3_2024-05-08-06-59-27/models
2024-05-08 06:59:27,778 - ============================== End Params ==============================
2024-05-08 06:59:27,793 - Generate Text Features Begin...
2024-05-08 06:59:29,550 - Generate Text Features Finished...
2024-05-08 06:59:29,552 - Load Video Features Begin...
2024-05-08 06:59:30,579 - Load Video Features Finished...
2024-05-08 06:59:32,227 - Load Audio Features Begin...
2024-05-08 06:59:36,487 - Load Audio Features Finished...
2024-05-08 06:59:47,577 - method  begins...
2024-05-08 06:59:49,971 - Multimodal intent recognition begins...
2024-05-08 06:59:49,971 - Training begins...
2024-05-08 07:00:58,450 - ***** Epoch: 1: Eval results *****
2024-05-08 07:00:58,450 -   train_loss = 2.6749
2024-05-08 07:00:58,450 -   best_eval_score = 0.0
2024-05-08 07:00:58,450 -   eval_score = 0.2712
2024-05-08 07:02:05,090 - ***** Epoch: 2: Eval results *****
2024-05-08 07:02:05,091 -   train_loss = 1.7149
2024-05-08 07:02:05,092 -   best_eval_score = 0.2712
2024-05-08 07:02:05,092 -   eval_score = 0.3922
2024-05-08 07:03:12,007 - ***** Epoch: 3: Eval results *****
2024-05-08 07:03:12,007 -   train_loss = 1.381
2024-05-08 07:03:12,007 -   best_eval_score = 0.3922
2024-05-08 07:03:12,007 -   eval_score = 0.4284
2024-05-08 07:04:18,332 - ***** Epoch: 4: Eval results *****
2024-05-08 07:04:18,332 -   train_loss = 1.1824
2024-05-08 07:04:18,332 -   best_eval_score = 0.4284
2024-05-08 07:04:18,332 -   eval_score = 0.4605
2024-05-08 07:05:24,661 - ***** Epoch: 5: Eval results *****
2024-05-08 07:05:24,661 -   train_loss = 1.0214
2024-05-08 07:05:24,661 -   best_eval_score = 0.4605
2024-05-08 07:05:24,661 -   eval_score = 0.4861
2024-05-08 07:06:30,798 - ***** Epoch: 6: Eval results *****
2024-05-08 07:06:30,798 -   train_loss = 0.8632
2024-05-08 07:06:30,799 -   best_eval_score = 0.4861
2024-05-08 07:06:30,799 -   eval_score = 0.5174
2024-05-08 07:07:36,858 - ***** Epoch: 7: Eval results *****
2024-05-08 07:07:36,858 -   train_loss = 0.7213
2024-05-08 07:07:36,858 -   best_eval_score = 0.5174
2024-05-08 07:07:36,858 -   eval_score = 0.4987
2024-05-08 07:07:36,858 - EarlyStopping counter: 1 out of 8
2024-05-08 07:08:42,590 - ***** Epoch: 8: Eval results *****
2024-05-08 07:08:42,591 -   train_loss = 0.5702
2024-05-08 07:08:42,591 -   best_eval_score = 0.5174
2024-05-08 07:08:42,591 -   eval_score = 0.5046
2024-05-08 07:08:42,591 - EarlyStopping counter: 2 out of 8
2024-05-08 07:09:49,012 - ***** Epoch: 9: Eval results *****
2024-05-08 07:09:49,012 -   train_loss = 0.5394
2024-05-08 07:09:49,012 -   best_eval_score = 0.5174
2024-05-08 07:09:49,012 -   eval_score = 0.5135
2024-05-08 07:09:49,012 - EarlyStopping counter: 3 out of 8
2024-05-08 07:10:55,663 - ***** Epoch: 10: Eval results *****
2024-05-08 07:10:55,664 -   train_loss = 0.5089
2024-05-08 07:10:55,664 -   best_eval_score = 0.5174
2024-05-08 07:10:55,664 -   eval_score = 0.5123
2024-05-08 07:10:55,664 - EarlyStopping counter: 4 out of 8
2024-05-08 07:12:01,615 - ***** Epoch: 11: Eval results *****
2024-05-08 07:12:01,616 -   train_loss = 0.4891
2024-05-08 07:12:01,616 -   best_eval_score = 0.5174
2024-05-08 07:12:01,616 -   eval_score = 0.521
2024-05-08 07:13:07,584 - ***** Epoch: 12: Eval results *****
2024-05-08 07:13:07,584 -   train_loss = 0.4636
2024-05-08 07:13:07,584 -   best_eval_score = 0.521
2024-05-08 07:13:07,585 -   eval_score = 0.5211
2024-05-08 07:14:14,696 - ***** Epoch: 13: Eval results *****
2024-05-08 07:14:14,696 -   train_loss = 0.4411
2024-05-08 07:14:14,697 -   best_eval_score = 0.5211
2024-05-08 07:14:14,697 -   eval_score = 0.5158
2024-05-08 07:14:14,697 - EarlyStopping counter: 1 out of 8
2024-05-08 07:15:22,369 - ***** Epoch: 14: Eval results *****
2024-05-08 07:15:22,369 -   train_loss = 0.4198
2024-05-08 07:15:22,370 -   best_eval_score = 0.5211
2024-05-08 07:15:22,370 -   eval_score = 0.5155
2024-05-08 07:15:22,370 - EarlyStopping counter: 2 out of 8
2024-05-08 07:16:30,728 - ***** Epoch: 15: Eval results *****
2024-05-08 07:16:30,728 -   train_loss = 0.4137
2024-05-08 07:16:30,728 -   best_eval_score = 0.5211
2024-05-08 07:16:30,728 -   eval_score = 0.5172
2024-05-08 07:16:30,728 - EarlyStopping counter: 3 out of 8
2024-05-08 07:17:37,627 - ***** Epoch: 16: Eval results *****
2024-05-08 07:17:37,627 -   train_loss = 0.4081
2024-05-08 07:17:37,627 -   best_eval_score = 0.5211
2024-05-08 07:17:37,627 -   eval_score = 0.5185
2024-05-08 07:17:37,627 - EarlyStopping counter: 4 out of 8
2024-05-08 07:18:45,061 - ***** Epoch: 17: Eval results *****
2024-05-08 07:18:45,062 -   train_loss = 0.4067
2024-05-08 07:18:45,062 -   best_eval_score = 0.5211
2024-05-08 07:18:45,062 -   eval_score = 0.517
2024-05-08 07:18:45,062 - EarlyStopping counter: 5 out of 8
2024-05-08 07:19:52,728 - ***** Epoch: 18: Eval results *****
2024-05-08 07:19:52,728 -   train_loss = 0.4045
2024-05-08 07:19:52,728 -   best_eval_score = 0.5211
2024-05-08 07:19:52,728 -   eval_score = 0.5175
2024-05-08 07:19:52,729 - EarlyStopping counter: 6 out of 8
2024-05-08 07:20:59,930 - ***** Epoch: 19: Eval results *****
2024-05-08 07:20:59,930 -   train_loss = 0.3901
2024-05-08 07:20:59,930 -   best_eval_score = 0.5211
2024-05-08 07:20:59,930 -   eval_score = 0.5182
2024-05-08 07:20:59,930 - EarlyStopping counter: 7 out of 8
2024-05-08 07:22:08,343 - ***** Epoch: 20: Eval results *****
2024-05-08 07:22:08,344 -   train_loss = 0.3889
2024-05-08 07:22:08,344 -   best_eval_score = 0.5211
2024-05-08 07:22:08,344 -   eval_score = 0.5201
2024-05-08 07:22:08,344 - EarlyStopping counter: 8 out of 8
2024-05-08 07:22:08,344 - EarlyStopping at epoch 20
2024-05-08 07:22:08,348 - Training is finished...
2024-05-08 07:22:08,349 - Testing begins...
2024-05-08 07:22:17,977 - ***** Test: Confusion Matrix *****
2024-05-08 07:22:17,982 - [[ 51   0  10   0   0   0   0   0   1   0   2   0   0   0   0   1   0   0
    0   0   0   0   1   1   1   0   0   0   0   0]
 [  0  56   0   0   9   1   5   0   0   0   2   0   3   0   3   1   0   7
    1   1   0   2   0   1   1   0   1   3   0   0]
 [ 12   0  41   0   1   0   0   0   0   0   1   0   0   1   1   1   0   2
    0   0   0   0   0   1   3   0   0   0   0   0]
 [  0   0   0  61   0   0   0   1   0   1   0   0   0   0   1   0   0   0
    0   0   0   0   0   0   0   0   0   0   0   1]
 [  0   6   0   0  31   0   0   0   1   0   0   0   0   0   0   0   0   7
    0   1   0   1   0   1   1   1   0   0   1   0]
 [  0   1   0   0   2  22   0   0   0   1   1   0   0   0   1   0   0   6
    0   1   0   0   0   0   0   1   1   0   0   0]
 [  0   1   0   0   0   3  28   9   0   1   0   1   5   0   0   0   0   0
    0   0   0   0   0   0   0   0   0   0   0   0]
 [  0   0   0   0   0   0   7  27   0   1   5   0   5   0   0   0   1   0
    0   0   0   0   1   0   0   0   0   0   0   0]
 [  1   2   1   3   1   0   0   0  23   2   0   2   0   1   3   0   0   4
    0   0   0   0   4   0   2   0   0   0   0   0]
 [  0   0   1   1   0   0   0   0   2  57   0   7   7   0  15   0   0   2
    0   0   0   1   2   2   3   2   1   4   0   0]
 [  2   1   0   0   0   2   5   2   0   2  41   0  32   0   3   0   0   1
    0   1   0   0   0   0   1   0   0   0   0   0]
 [  0   0   0   0   0   0   1   0   0   7   1  21   8   0   1   0   0   1
    1   0   0   0   2   0   1   0   0   2   0   1]
 [  0   3   0   0   0   0   5   7   0   5  27   2  82   0   2   0   2   0
    0   0   0   0   0   0   0   0   0   0   0   0]
 [  0   0   2   0   1   0   0   0   0   2   0   0   0   1   2   1   0   2
    3   0   0   0   2   0   0   0   0   1   0   0]
 [  0   2   1   0   0   1   1   0   3   7   2   1   0   0 121   1   0  26
    5   0   2   0  11   1   4   0   0   4   0   0]
 [  0   0   1   0   1   0   0   0   0   6   0   0   0   0   2   4   0   3
    1   0   0   1   0   0   0   0   0   2   1   0]
 [  0   0   0   0   1   0   0   0   0   0   1   0   2   0   0   0  54   1
    5   0   0   0   0   0   1   0   0   1   0   0]
 [  0   5   1   0   5   3   0   0   3  14   1   0   1   0  17   1   1 126
    9   3   1   5   5   7   1   1   1   3   1   2]
 [  0   3   1   0   0   0   0   0   0   4   1   0   0   0   6   0   2   6
   30   1   2   0   1   0   3   0   0   0   0   0]
 [  0   5   0   0   1   0   2   0   0   0   1   0   0   0   0   0   0   0
    0   7   0   1   0   0   0   0   0   0   0   0]
 [  1   1   2   0   2   0   0   0   0   2   0   1   1   0   4   0   0   5
    5   0   2   0   0   1   1   0   0   1   0   0]
 [  7   1   0   0   1   0   0   0   0   5   0   0   0   0   0   0   4   1
    0   0   0  27   0   4   1   0   0   1   0   1]
 [  0   0   2   1   0   0   0   0   1   6   0   2   0   0  11   0   0   3
    0   0   0   1  84   0   0   4   2   0   0   0]
 [  0   3   1   0   1   0   0   0   0   0   0   0   0   0   1   0   0   8
    0   0   0   3   0  21   0   0   0   0   0   0]
 [  1   0   2   0   0   0   0   0   0   1   2   1   0   0   3   0   0   3
    0   0   0   0   1   1  88   0   0   8   2   0]
 [  1   0   0   0   0   0   0   0   0   0   0   0   0   0   0   0   0   2
    0   0   0   1   2   0   1  21   0   0   0   3]
 [  0   1   0   2   0   0   0   0   0   2   0   0   0   0   1   0   0   4
    0   0   0   2   1   0   0   0   3   0   1   0]
 [  0   2   1   0   0   0   0   0   1   9   2   4   4   0   4   0   0   4
    0   0   2   0   1   0   8   1   0  13   1   1]
 [  0   0   0   0   0   0   0   0   0   0   0   0   0   0   1   0   1   0
    0   0   0   0   0   0   0   0   0   0  56   0]
 [  0   2   0   0   1   0   0   0   1   2   1   1   0   0   0   0   0   4
    1   0   0   0   0   0   1   1   0   0   0   4]]
2024-05-08 07:22:17,982 - ***** Evaluation results *****
2024-05-08 07:22:17,982 -   acc = 0.5917
2024-05-08 07:22:17,983 -   f1 = 0.5312
2024-05-08 07:22:17,983 -   prec = 0.5522
2024-05-08 07:22:17,983 -   rec = 0.5275
2024-05-08 07:22:17,983 - Testing is finished...
2024-05-08 07:22:17,983 - Multimodal intent recognition is finished...
2024-05-08 07:22:17,983 - Results are saved in results/ablation_msz.csv
