2024-03-09 13:19:36,951 - ============================== Params ==============================
2024-03-09 13:19:36,951 - logger_name: msz_MIntRec_multi-class_seed-1_2024-03-09-13-19-36
2024-03-09 13:19:36,951 - dataset: MIntRec
2024-03-09 13:19:36,951 - data_mode: multi-class
2024-03-09 13:19:36,951 - method: msz
2024-03-09 13:19:36,951 - text_backbone: bert-base-uncased
2024-03-09 13:19:36,951 - text_backbone_path: /home/sharing/disk1/pretrained_embedding/bert/uncased_L-12_H-768_A-12/
2024-03-09 13:19:36,951 - seed: 1
2024-03-09 13:19:36,951 - num_workers: 8
2024-03-09 13:19:36,951 - gpu_id: 2
2024-03-09 13:19:36,951 - data_path: /home/sharing/disk2/sjh/intentDataset
2024-03-09 13:19:36,951 - train: True
2024-03-09 13:19:36,951 - tune: True
2024-03-09 13:19:36,951 - save_model: False
2024-03-09 13:19:36,951 - save_results: True
2024-03-09 13:19:36,951 - log_path: logs
2024-03-09 13:19:36,951 - cache_path: 
2024-03-09 13:19:36,951 - video_data_path: video_data
2024-03-09 13:19:36,951 - audio_data_path: audio_data
2024-03-09 13:19:36,951 - video_feats_path: video_feats.pkl
2024-03-09 13:19:36,951 - audio_feats_path: audio_feats.pkl
2024-03-09 13:19:36,951 - results_path: results
2024-03-09 13:19:36,951 - output_path: /home/sharing/disk2/sjh/Outputs/MIntRec
2024-03-09 13:19:36,951 - model_path: models
2024-03-09 13:19:36,951 - config_file_name: msz_MIntRec
2024-03-09 13:19:36,951 - results_file_name: msz.csv
2024-03-09 13:19:36,951 - padding_mode: zero
2024-03-09 13:19:36,951 - padding_loc: end
2024-03-09 13:19:36,951 - need_aligned: False
2024-03-09 13:19:36,951 - eval_monitor: f1
2024-03-09 13:19:36,951 - train_batch_size: 16
2024-03-09 13:19:36,951 - eval_batch_size: 8
2024-03-09 13:19:36,952 - test_batch_size: 8
2024-03-09 13:19:36,952 - wait_patience: 8
2024-03-09 13:19:36,952 - hidden_dims: 768
2024-03-09 13:19:36,952 - intermediate_size: 768
2024-03-09 13:19:36,952 - position_embedding_type: absolute
2024-03-09 13:19:36,952 - batch_first: True
2024-03-09 13:19:36,952 - d_num_attention_heads: 8
2024-03-09 13:19:36,952 - d_attention_probs_dropout_prob: 0.1
2024-03-09 13:19:36,952 - d_hidden_dropout_prob: 0.2
2024-03-09 13:19:36,952 - d_num_hidden_layers: 10
2024-03-09 13:19:36,952 - d_max_position_embeddings: 768
2024-03-09 13:19:36,952 - m_num_attention_heads: 12
2024-03-09 13:19:36,952 - m_attention_probs_dropout_prob: 0.3
2024-03-09 13:19:36,952 - m_hidden_dropout_prob: 0.1
2024-03-09 13:19:36,952 - m_num_hidden_layers: 8
2024-03-09 13:19:36,952 - m_max_position_embeddings: 1024
2024-03-09 13:19:36,952 - dropout: 0.2
2024-03-09 13:19:36,952 - aligned_method: conv1d
2024-03-09 13:19:36,952 - num_train_epochs: 100
2024-03-09 13:19:36,952 - lr: 8e-06
2024-03-09 13:19:36,952 - lr_mode: min
2024-03-09 13:19:36,952 - pred_output_path: /home/sharing/disk2/sjh/Outputs/MIntRec/msz_MIntRec_multi-class_seed-1_2024-03-09-13-19-36
2024-03-09 13:19:36,952 - model_output_path: /home/sharing/disk2/sjh/Outputs/MIntRec/msz_MIntRec_multi-class_seed-1_2024-03-09-13-19-36/models
2024-03-09 13:19:36,952 - num_labels: 20
2024-03-09 13:19:36,952 - text_feat_dim: 768
2024-03-09 13:19:36,952 - video_feat_dim: 256
2024-03-09 13:19:36,952 - audio_feat_dim: 768
2024-03-09 13:19:36,952 - text_seq_len: 30
2024-03-09 13:19:36,952 - video_seq_len: 230
2024-03-09 13:19:36,952 - audio_seq_len: 480
2024-03-09 13:19:36,952 - device: cuda:2
2024-03-09 13:19:36,952 - ============================== End Params ==============================
2024-03-09 13:19:36,955 - Generate Text Features Begin...
2024-03-09 13:19:37,411 - Generate Text Features Finished...
2024-03-09 13:19:37,411 - Load Video Features Begin...
2024-03-09 13:19:37,697 - Load Video Features Finished...
2024-03-09 13:19:38,173 - Load Audio Features Begin...
2024-03-09 13:19:39,010 - Load Audio Features Finished...
2024-03-09 13:19:41,248 - method  begins...
2024-03-09 13:19:43,378 - Multimodal intent recognition begins...
2024-03-09 13:19:43,378 - Training begins...
2024-03-09 13:20:06,177 - ***** Epoch: 1: Eval results *****
2024-03-09 13:20:06,177 -   train_loss = 2.5227
2024-03-09 13:20:06,177 -   best_eval_score = 0.0
2024-03-09 13:20:06,178 -   eval_score = 0.3755
2024-03-09 13:20:28,418 - ***** Epoch: 2: Eval results *****
2024-03-09 13:20:28,418 -   train_loss = 1.4799
2024-03-09 13:20:28,419 -   best_eval_score = 0.3755
2024-03-09 13:20:28,419 -   eval_score = 0.5621
2024-03-09 13:20:50,284 - ***** Epoch: 3: Eval results *****
2024-03-09 13:20:50,284 -   train_loss = 0.7938
2024-03-09 13:20:50,284 -   best_eval_score = 0.5621
2024-03-09 13:20:50,284 -   eval_score = 0.618
2024-03-09 13:21:12,830 - ***** Epoch: 4: Eval results *****
2024-03-09 13:21:12,831 -   train_loss = 0.4184
2024-03-09 13:21:12,831 -   best_eval_score = 0.618
2024-03-09 13:21:12,831 -   eval_score = 0.664
2024-03-09 13:21:35,541 - ***** Epoch: 5: Eval results *****
2024-03-09 13:21:35,541 -   train_loss = 0.2157
2024-03-09 13:21:35,541 -   best_eval_score = 0.664
2024-03-09 13:21:35,541 -   eval_score = 0.657
2024-03-09 13:21:35,541 - EarlyStopping counter: 1 out of 8
2024-03-09 13:21:58,152 - ***** Epoch: 6: Eval results *****
2024-03-09 13:21:58,152 -   train_loss = 0.1137
2024-03-09 13:21:58,152 -   best_eval_score = 0.664
2024-03-09 13:21:58,152 -   eval_score = 0.6555
2024-03-09 13:21:58,152 - EarlyStopping counter: 2 out of 8
2024-03-09 13:22:20,484 - ***** Epoch: 7: Eval results *****
2024-03-09 13:22:20,484 -   train_loss = 0.0707
2024-03-09 13:22:20,484 -   best_eval_score = 0.664
2024-03-09 13:22:20,484 -   eval_score = 0.6584
2024-03-09 13:22:20,484 - EarlyStopping counter: 3 out of 8
2024-03-09 13:22:42,845 - ***** Epoch: 8: Eval results *****
2024-03-09 13:22:42,845 -   train_loss = 0.0382
2024-03-09 13:22:42,845 -   best_eval_score = 0.664
2024-03-09 13:22:42,845 -   eval_score = 0.6581
2024-03-09 13:22:42,845 - EarlyStopping counter: 4 out of 8
2024-03-09 13:23:06,114 - ***** Epoch: 9: Eval results *****
2024-03-09 13:23:06,114 -   train_loss = 0.0281
2024-03-09 13:23:06,115 -   best_eval_score = 0.664
2024-03-09 13:23:06,115 -   eval_score = 0.6578
2024-03-09 13:23:06,115 - EarlyStopping counter: 5 out of 8
2024-03-09 13:23:28,518 - ***** Epoch: 10: Eval results *****
2024-03-09 13:23:28,518 -   train_loss = 0.0257
2024-03-09 13:23:28,518 -   best_eval_score = 0.664
2024-03-09 13:23:28,518 -   eval_score = 0.6819
2024-03-09 13:23:50,719 - ***** Epoch: 11: Eval results *****
2024-03-09 13:23:50,719 -   train_loss = 0.0118
2024-03-09 13:23:50,719 -   best_eval_score = 0.6819
2024-03-09 13:23:50,719 -   eval_score = 0.6762
2024-03-09 13:23:50,719 - EarlyStopping counter: 1 out of 8
2024-03-09 13:24:12,244 - ***** Epoch: 12: Eval results *****
2024-03-09 13:24:12,244 -   train_loss = 0.0114
2024-03-09 13:24:12,245 -   best_eval_score = 0.6819
2024-03-09 13:24:12,245 -   eval_score = 0.6688
2024-03-09 13:24:12,245 - EarlyStopping counter: 2 out of 8
2024-03-09 13:24:34,692 - ***** Epoch: 13: Eval results *****
2024-03-09 13:24:34,692 -   train_loss = 0.0109
2024-03-09 13:24:34,692 -   best_eval_score = 0.6819
2024-03-09 13:24:34,692 -   eval_score = 0.6652
2024-03-09 13:24:34,692 - EarlyStopping counter: 3 out of 8
2024-03-09 13:24:57,205 - ***** Epoch: 14: Eval results *****
2024-03-09 13:24:57,205 -   train_loss = 0.01
2024-03-09 13:24:57,205 -   best_eval_score = 0.6819
2024-03-09 13:24:57,205 -   eval_score = 0.667
2024-03-09 13:24:57,205 - EarlyStopping counter: 4 out of 8
2024-03-09 13:25:19,489 - ***** Epoch: 15: Eval results *****
2024-03-09 13:25:19,489 -   train_loss = 0.0103
2024-03-09 13:25:19,489 -   best_eval_score = 0.6819
2024-03-09 13:25:19,489 -   eval_score = 0.6674
2024-03-09 13:25:19,490 - EarlyStopping counter: 5 out of 8
2024-03-09 13:25:41,786 - ***** Epoch: 16: Eval results *****
2024-03-09 13:25:41,786 -   train_loss = 0.0098
2024-03-09 13:25:41,786 -   best_eval_score = 0.6819
2024-03-09 13:25:41,786 -   eval_score = 0.6671
2024-03-09 13:25:41,786 - EarlyStopping counter: 6 out of 8
2024-03-09 13:26:03,382 - ***** Epoch: 17: Eval results *****
2024-03-09 13:26:03,382 -   train_loss = 0.0091
2024-03-09 13:26:03,382 -   best_eval_score = 0.6819
2024-03-09 13:26:03,382 -   eval_score = 0.6645
2024-03-09 13:26:03,382 - EarlyStopping counter: 7 out of 8
2024-03-09 13:26:25,314 - ***** Epoch: 18: Eval results *****
2024-03-09 13:26:25,314 -   train_loss = 0.0082
2024-03-09 13:26:25,314 -   best_eval_score = 0.6819
2024-03-09 13:26:25,314 -   eval_score = 0.6643
2024-03-09 13:26:25,314 - EarlyStopping counter: 8 out of 8
2024-03-09 13:26:25,314 - EarlyStopping at epoch 18
2024-03-09 13:26:25,317 - Training is finished...
2024-03-09 13:26:25,318 - Testing begins...
2024-03-09 13:26:29,177 - ***** Test: Confusion Matrix *****
2024-03-09 13:26:29,178 - [[37  2  0  0  6  0  2  1  0  2  1  0  5  1  0  0  0  0  0  0]
 [ 0 35  0  1  0  3  1  0  0  0  1  0  2  0  0  0  0  0  0  0]
 [ 1  0 26  0  0  0  0  0  0  0  0  0  0  0  0  0  0  0  0  0]
 [ 0  1  0 24  0  0  0  0  0  0  0  0  0  0  0  0  0  0  0  0]
 [ 1  0  0  0 12  0  4  0  0  2  0  1  1  0  1  0  0  1  0  0]
 [ 0  0  0  0  0 12  0  0  0  0  0  0  0  0  0  0  0  0  0  0]
 [ 1  1  0  0  2  0  3  0  3  0  0  0  1  0  0  0  1  0  0  0]
 [ 2  0  0  0  0  1  0  6  1  0  0  0  0  0  0  0  0  0  0  0]
 [ 1  0  0  0  0  0  0  1  6  0  0  0  1  0  0  1  0  0  0  0]
 [ 1  0  0  0  0  0  1  0  0  4  1  0  0  0  0  2  0  1  0  0]
 [ 1  0  0  0  0  0  0  0  0  2 12  1  0  0  1  0  1  0  0  0]
 [ 0  0  0  0  0  0  2  0  0  0  0 16  0  0  0  0  0  0  0  1]
 [ 4  2  0  0  1  0  0  0  1  0  0  1 39  3  2  2  2  0  0  0]
 [ 0  0  0  0  0  0  2  0  0  0  1  1  0 21  0  0  0  0  0  0]
 [ 0  0  1  0  1  0  0  0  1  0  0  0  0  2 15  0  1  0  0  1]
 [ 0  1  0  0  0  0  0  1  0  0  0  0  3  0  0 15  0  0  0  1]
 [ 0  0  0  0  0  0  0  0  1  0  0  0  2  0  1  0 13  0  0  0]
 [ 0  0  0  0  0  0  0  0  0  1  1  0  2  0  0  0  0 11  0  0]
 [ 0  0  0  0  0  0  0  0  0  0  0  0  2  0  0  1  0  0  9  0]
 [ 0  0  0  0  0  0  0  0  0  0  0  1  0  1  1  0  2  0  0  5]]
2024-03-09 13:26:29,178 - ***** Evaluation results *****
2024-03-09 13:26:29,178 -   acc = 0.7213
2024-03-09 13:26:29,178 -   f1 = 0.6931
2024-03-09 13:26:29,178 -   prec = 0.6969
2024-03-09 13:26:29,178 -   rec = 0.6967
2024-03-09 13:26:29,178 - Testing is finished...
2024-03-09 13:26:29,178 - Multimodal intent recognition is finished...
2024-03-09 13:26:29,178 - Results are saved in results/msz.csv
