2024-01-09 10:43:30,497 - ============================== Params ==============================
2024-01-09 10:43:30,497 - logger_name: msz_MIntRec_multi-class_seed-3_2024-01-09-10-43-30
2024-01-09 10:43:30,497 - dataset: MIntRec
2024-01-09 10:43:30,497 - data_mode: multi-class
2024-01-09 10:43:30,497 - method: msz
2024-01-09 10:43:30,497 - text_backbone: bert-base-uncased
2024-01-09 10:43:30,497 - text_backbone_path: /home/sharing/disk1/pretrained_embedding/bert/uncased_L-12_H-768_A-12/
2024-01-09 10:43:30,497 - seed: 3
2024-01-09 10:43:30,497 - num_workers: 8
2024-01-09 10:43:30,497 - gpu_id: 1
2024-01-09 10:43:30,497 - data_path: /home/sharing/disk2/sjh/intentDataset
2024-01-09 10:43:30,497 - train: True
2024-01-09 10:43:30,497 - tune: False
2024-01-09 10:43:30,497 - save_model: False
2024-01-09 10:43:30,498 - save_results: True
2024-01-09 10:43:30,498 - log_path: logs
2024-01-09 10:43:30,498 - cache_path: 
2024-01-09 10:43:30,498 - video_data_path: video_data
2024-01-09 10:43:30,498 - audio_data_path: audio_data
2024-01-09 10:43:30,498 - video_feats_path: video_feats.pkl
2024-01-09 10:43:30,498 - audio_feats_path: audio_feats.pkl
2024-01-09 10:43:30,498 - results_path: results
2024-01-09 10:43:30,498 - output_path: /home/sharing/disk2/sjh/Outputs/MIntRec
2024-01-09 10:43:30,498 - model_path: models
2024-01-09 10:43:30,498 - config_file_name: msz
2024-01-09 10:43:30,498 - results_file_name: msz.csv
2024-01-09 10:43:30,498 - padding_mode: zero
2024-01-09 10:43:30,498 - padding_loc: end
2024-01-09 10:43:30,498 - need_aligned: False
2024-01-09 10:43:30,498 - eval_monitor: f1
2024-01-09 10:43:30,498 - train_batch_size: 16
2024-01-09 10:43:30,498 - eval_batch_size: 8
2024-01-09 10:43:30,498 - test_batch_size: 8
2024-01-09 10:43:30,498 - wait_patience: 8
2024-01-09 10:43:30,498 - nheads: 12
2024-01-09 10:43:30,498 - encoder_layers: 6
2024-01-09 10:43:30,498 - attn_dropout: 0.1
2024-01-09 10:43:30,498 - relu_dropout: 0.1
2024-01-09 10:43:30,498 - embed_dropout: 0.1
2024-01-09 10:43:30,498 - res_dropout: 0.1
2024-01-09 10:43:30,498 - attn_mask: False
2024-01-09 10:43:30,499 - hidden_size: 768
2024-01-09 10:43:30,499 - num_attention_heads: 12
2024-01-09 10:43:30,499 - attention_probs_dropout_prob: 0.1
2024-01-09 10:43:30,499 - hidden_dropout_prob: 0.1
2024-01-09 10:43:30,499 - intermediate_size: 768
2024-01-09 10:43:30,499 - num_hidden_layers: 6
2024-01-09 10:43:30,499 - max_position_embeddings: 768
2024-01-09 10:43:30,499 - position_embedding_type: absolute
2024-01-09 10:43:30,499 - batch_first: True
2024-01-09 10:43:30,499 - hidden_dims: 768
2024-01-09 10:43:30,499 - att_dropouts: [0.2, 0.2, 0.2]
2024-01-09 10:43:30,499 - spe_dropouts: [0.2, 0.1, 0.1]
2024-01-09 10:43:30,499 - aligned_method: conv1d
2024-01-09 10:43:30,499 - grad_clip: 3
2024-01-09 10:43:30,499 - num_train_epochs: 100
2024-01-09 10:43:30,499 - warmup_proportion: 0.1
2024-01-09 10:43:30,499 - lr: 3e-06
2024-01-09 10:43:30,499 - weight_decay: 0.01
2024-01-09 10:43:30,499 - pred_output_path: /home/sharing/disk2/sjh/Outputs/MIntRec/msz_MIntRec_multi-class_seed-3_2024-01-09-10-43-30
2024-01-09 10:43:30,499 - model_output_path: /home/sharing/disk2/sjh/Outputs/MIntRec/msz_MIntRec_multi-class_seed-3_2024-01-09-10-43-30/models
2024-01-09 10:43:30,499 - ============================== End Params ==============================
2024-01-09 10:43:30,549 - Generate Text Features Begin...
2024-01-09 10:43:31,113 - Generate Text Features Finished...
2024-01-09 10:43:31,114 - Load Video Features Begin...
2024-01-09 10:43:31,968 - Load Video Features Finished...
2024-01-09 10:43:32,696 - Load Audio Features Begin...
2024-01-09 10:43:37,888 - Load Audio Features Finished...
2024-01-09 10:43:42,936 - method  begins...
2024-01-09 10:43:51,740 - Multimodal intent recognition begins...
2024-01-09 10:43:51,741 - Training begins...
2024-01-09 10:45:02,560 - ***** Epoch: 1: Eval results *****
2024-01-09 10:45:02,560 -   train_loss = 2.9778
2024-01-09 10:45:02,560 -   best_eval_score = 0.0
2024-01-09 10:45:02,560 -   eval_score = 0.0114
2024-01-09 10:46:11,044 - ***** Epoch: 2: Eval results *****
2024-01-09 10:46:11,044 -   train_loss = 2.907
2024-01-09 10:46:11,045 -   best_eval_score = 0.0114
2024-01-09 10:46:11,045 -   eval_score = 0.0114
2024-01-09 10:46:11,045 - EarlyStopping counter: 1 out of 8
2024-01-09 10:47:19,330 - ***** Epoch: 3: Eval results *****
2024-01-09 10:47:19,330 -   train_loss = 2.8213
2024-01-09 10:47:19,330 -   best_eval_score = 0.0114
2024-01-09 10:47:19,330 -   eval_score = 0.0365
2024-01-09 10:48:26,627 - ***** Epoch: 4: Eval results *****
2024-01-09 10:48:26,627 -   train_loss = 2.6154
2024-01-09 10:48:26,628 -   best_eval_score = 0.0365
2024-01-09 10:48:26,628 -   eval_score = 0.1482
2024-01-09 10:49:36,072 - ***** Epoch: 5: Eval results *****
2024-01-09 10:49:36,074 -   train_loss = 2.2352
2024-01-09 10:49:36,074 -   best_eval_score = 0.1482
2024-01-09 10:49:36,074 -   eval_score = 0.2055
2024-01-09 10:50:43,644 - ***** Epoch: 6: Eval results *****
2024-01-09 10:50:43,644 -   train_loss = 1.7946
2024-01-09 10:50:43,644 -   best_eval_score = 0.2055
2024-01-09 10:50:43,644 -   eval_score = 0.3167
2024-01-09 10:51:51,181 - ***** Epoch: 7: Eval results *****
2024-01-09 10:51:51,181 -   train_loss = 1.3874
2024-01-09 10:51:51,181 -   best_eval_score = 0.3167
2024-01-09 10:51:51,182 -   eval_score = 0.4747
2024-01-09 10:52:59,664 - ***** Epoch: 8: Eval results *****
2024-01-09 10:52:59,673 -   train_loss = 1.0348
2024-01-09 10:52:59,673 -   best_eval_score = 0.4747
2024-01-09 10:52:59,673 -   eval_score = 0.5211
2024-01-09 10:54:06,453 - ***** Epoch: 9: Eval results *****
2024-01-09 10:54:06,453 -   train_loss = 0.7523
2024-01-09 10:54:06,453 -   best_eval_score = 0.5211
2024-01-09 10:54:06,453 -   eval_score = 0.5395
2024-01-09 10:55:15,519 - ***** Epoch: 10: Eval results *****
2024-01-09 10:55:15,519 -   train_loss = 0.5064
2024-01-09 10:55:15,519 -   best_eval_score = 0.5395
2024-01-09 10:55:15,519 -   eval_score = 0.6151
2024-01-09 10:56:23,565 - ***** Epoch: 11: Eval results *****
2024-01-09 10:56:23,566 -   train_loss = 0.3542
2024-01-09 10:56:23,566 -   best_eval_score = 0.6151
2024-01-09 10:56:23,566 -   eval_score = 0.619
2024-01-09 10:57:31,110 - ***** Epoch: 12: Eval results *****
2024-01-09 10:57:31,111 -   train_loss = 0.2559
2024-01-09 10:57:31,111 -   best_eval_score = 0.619
2024-01-09 10:57:31,111 -   eval_score = 0.6155
2024-01-09 10:57:31,111 - EarlyStopping counter: 1 out of 8
2024-01-09 10:58:40,018 - ***** Epoch: 13: Eval results *****
2024-01-09 10:58:40,019 -   train_loss = 0.1915
2024-01-09 10:58:40,019 -   best_eval_score = 0.619
2024-01-09 10:58:40,019 -   eval_score = 0.6149
2024-01-09 10:58:40,019 - EarlyStopping counter: 2 out of 8
2024-01-09 10:59:47,873 - ***** Epoch: 14: Eval results *****
2024-01-09 10:59:47,873 -   train_loss = 0.1309
2024-01-09 10:59:47,873 -   best_eval_score = 0.619
2024-01-09 10:59:47,873 -   eval_score = 0.6264
2024-01-09 11:00:55,627 - ***** Epoch: 15: Eval results *****
2024-01-09 11:00:55,628 -   train_loss = 0.0938
2024-01-09 11:00:55,628 -   best_eval_score = 0.6264
2024-01-09 11:00:55,628 -   eval_score = 0.6312
2024-01-09 11:02:04,545 - ***** Epoch: 16: Eval results *****
2024-01-09 11:02:04,545 -   train_loss = 0.0654
2024-01-09 11:02:04,545 -   best_eval_score = 0.6312
2024-01-09 11:02:04,545 -   eval_score = 0.6286
2024-01-09 11:02:04,546 - EarlyStopping counter: 1 out of 8
2024-01-09 11:03:11,699 - ***** Epoch: 17: Eval results *****
2024-01-09 11:03:11,699 -   train_loss = 0.0538
2024-01-09 11:03:11,699 -   best_eval_score = 0.6312
2024-01-09 11:03:11,699 -   eval_score = 0.6262
2024-01-09 11:03:11,699 - EarlyStopping counter: 2 out of 8
2024-01-09 11:04:20,512 - ***** Epoch: 18: Eval results *****
2024-01-09 11:04:20,512 -   train_loss = 0.0486
2024-01-09 11:04:20,512 -   best_eval_score = 0.6312
2024-01-09 11:04:20,512 -   eval_score = 0.6239
2024-01-09 11:04:20,512 - EarlyStopping counter: 3 out of 8
2024-01-09 11:05:28,614 - ***** Epoch: 19: Eval results *****
2024-01-09 11:05:28,614 -   train_loss = 0.0381
2024-01-09 11:05:28,615 -   best_eval_score = 0.6312
2024-01-09 11:05:28,615 -   eval_score = 0.6279
2024-01-09 11:05:28,615 - EarlyStopping counter: 4 out of 8
2024-01-09 11:06:35,806 - ***** Epoch: 20: Eval results *****
2024-01-09 11:06:35,807 -   train_loss = 0.0289
2024-01-09 11:06:35,807 -   best_eval_score = 0.6312
2024-01-09 11:06:35,807 -   eval_score = 0.6489
2024-01-09 11:07:44,506 - ***** Epoch: 21: Eval results *****
2024-01-09 11:07:44,507 -   train_loss = 0.023
2024-01-09 11:07:44,507 -   best_eval_score = 0.6489
2024-01-09 11:07:44,507 -   eval_score = 0.6318
2024-01-09 11:07:44,507 - EarlyStopping counter: 1 out of 8
2024-01-09 11:08:51,619 - ***** Epoch: 22: Eval results *****
2024-01-09 11:08:51,619 -   train_loss = 0.0304
2024-01-09 11:08:51,619 -   best_eval_score = 0.6489
2024-01-09 11:08:51,619 -   eval_score = 0.6284
2024-01-09 11:08:51,619 - EarlyStopping counter: 2 out of 8
2024-01-09 11:09:59,023 - ***** Epoch: 23: Eval results *****
2024-01-09 11:09:59,023 -   train_loss = 0.0219
2024-01-09 11:09:59,023 -   best_eval_score = 0.6489
2024-01-09 11:09:59,023 -   eval_score = 0.6382
2024-01-09 11:09:59,023 - EarlyStopping counter: 3 out of 8
2024-01-09 11:11:07,786 - ***** Epoch: 24: Eval results *****
2024-01-09 11:11:07,786 -   train_loss = 0.0241
2024-01-09 11:11:07,786 -   best_eval_score = 0.6489
2024-01-09 11:11:07,786 -   eval_score = 0.6265
2024-01-09 11:11:07,786 - EarlyStopping counter: 4 out of 8
