2024-01-08 12:25:41,311 - ============================== Params ==============================
2024-01-08 12:25:41,311 - logger_name: msz_MIntRec_multi-class_seed-2_2024-01-08-12-25-41
2024-01-08 12:25:41,311 - dataset: MIntRec
2024-01-08 12:25:41,311 - data_mode: multi-class
2024-01-08 12:25:41,311 - method: msz
2024-01-08 12:25:41,311 - text_backbone: bert-base-uncased
2024-01-08 12:25:41,311 - text_backbone_path: /home/sharing/disk1/pretrained_embedding/bert/uncased_L-12_H-768_A-12/
2024-01-08 12:25:41,311 - seed: 2
2024-01-08 12:25:41,311 - num_workers: 8
2024-01-08 12:25:41,311 - gpu_id: 1
2024-01-08 12:25:41,311 - data_path: /home/sharing/disk2/sjh/intentDataset
2024-01-08 12:25:41,311 - train: True
2024-01-08 12:25:41,311 - tune: False
2024-01-08 12:25:41,311 - save_model: False
2024-01-08 12:25:41,311 - save_results: True
2024-01-08 12:25:41,312 - log_path: logs
2024-01-08 12:25:41,312 - cache_path: 
2024-01-08 12:25:41,312 - video_data_path: video_data
2024-01-08 12:25:41,312 - audio_data_path: audio_data
2024-01-08 12:25:41,312 - video_feats_path: video_feats.pkl
2024-01-08 12:25:41,312 - audio_feats_path: audio_feats.pkl
2024-01-08 12:25:41,312 - results_path: results
2024-01-08 12:25:41,312 - output_path: /home/sharing/disk2/sjh/Outputs/MIntRec
2024-01-08 12:25:41,312 - model_path: models
2024-01-08 12:25:41,312 - config_file_name: msz
2024-01-08 12:25:41,312 - results_file_name: msz.csv
2024-01-08 12:25:41,312 - padding_mode: zero
2024-01-08 12:25:41,312 - padding_loc: end
2024-01-08 12:25:41,312 - need_aligned: False
2024-01-08 12:25:41,312 - eval_monitor: f1
2024-01-08 12:25:41,312 - train_batch_size: 16
2024-01-08 12:25:41,312 - eval_batch_size: 8
2024-01-08 12:25:41,312 - test_batch_size: 8
2024-01-08 12:25:41,312 - wait_patience: 8
2024-01-08 12:25:41,312 - nheads: 12
2024-01-08 12:25:41,312 - encoder_layers: 5
2024-01-08 12:25:41,312 - attn_dropout: 0.2
2024-01-08 12:25:41,312 - relu_dropout: 0.2
2024-01-08 12:25:41,312 - embed_dropout: 0.3
2024-01-08 12:25:41,312 - res_dropout: 0.2
2024-01-08 12:25:41,312 - attn_mask: False
2024-01-08 12:25:41,312 - hidden_size: 768
2024-01-08 12:25:41,312 - num_attention_heads: 12
2024-01-08 12:25:41,312 - attention_probs_dropout_prob: 0.1
2024-01-08 12:25:41,312 - hidden_dropout_prob: 0.1
2024-01-08 12:25:41,312 - intermediate_size: 768
2024-01-08 12:25:41,312 - num_hidden_layers: 5
2024-01-08 12:25:41,312 - max_position_embeddings: 512
2024-01-08 12:25:41,312 - position_embedding_type: absolute
2024-01-08 12:25:41,312 - batch_first: True
2024-01-08 12:25:41,312 - hidden_dims: 768
2024-01-08 12:25:41,312 - att_dropouts: [0.2, 0.2, 0.2]
2024-01-08 12:25:41,312 - spe_dropouts: [0.2, 0.1, 0.1]
2024-01-08 12:25:41,312 - ta_loss: 0.1
2024-01-08 12:25:41,313 - tv_loss: 0.1
2024-01-08 12:25:41,313 - av_loss: 0.1
2024-01-08 12:25:41,313 - aligned_method: conv1d
2024-01-08 12:25:41,313 - grad_clip: 2
2024-01-08 12:25:41,313 - num_train_epochs: 100
2024-01-08 12:25:41,313 - warmup_proportion: 0.1
2024-01-08 12:25:41,313 - lr: 2e-06
2024-01-08 12:25:41,313 - weight_decay: 0.01
2024-01-08 12:25:41,313 - pred_output_path: /home/sharing/disk2/sjh/Outputs/MIntRec/msz_MIntRec_multi-class_seed-2_2024-01-08-12-25-41
2024-01-08 12:25:41,313 - model_output_path: /home/sharing/disk2/sjh/Outputs/MIntRec/msz_MIntRec_multi-class_seed-2_2024-01-08-12-25-41/models
2024-01-08 12:25:41,313 - ============================== End Params ==============================
2024-01-08 12:25:41,315 - Generate Text Features Begin...
2024-01-08 12:25:41,819 - Generate Text Features Finished...
2024-01-08 12:25:41,819 - Load Video Features Begin...
2024-01-08 12:25:42,136 - Load Video Features Finished...
2024-01-08 12:25:42,752 - Load Audio Features Begin...
2024-01-08 12:25:43,813 - Load Audio Features Finished...
2024-01-08 12:25:47,376 - method  begins...
2024-01-08 12:25:51,758 - Multimodal intent recognition begins...
2024-01-08 12:25:51,759 - Training begins...
2024-01-08 12:26:21,959 - ***** Epoch: 1: Eval results *****
2024-01-08 12:26:21,959 -   train_loss = 2.9544
2024-01-08 12:26:21,959 -   best_eval_score = 0.0
2024-01-08 12:26:21,959 -   eval_score = 0.0429
2024-01-08 12:26:49,827 - ***** Epoch: 2: Eval results *****
2024-01-08 12:26:49,827 -   train_loss = 2.8742
2024-01-08 12:26:49,827 -   best_eval_score = 0.0429
2024-01-08 12:26:49,827 -   eval_score = 0.0315
2024-01-08 12:26:49,827 - EarlyStopping counter: 1 out of 8
2024-01-08 12:27:17,905 - ***** Epoch: 3: Eval results *****
2024-01-08 12:27:17,906 -   train_loss = 2.801
2024-01-08 12:27:17,906 -   best_eval_score = 0.0429
2024-01-08 12:27:17,906 -   eval_score = 0.0333
2024-01-08 12:27:17,906 - EarlyStopping counter: 2 out of 8
2024-01-08 12:27:46,086 - ***** Epoch: 4: Eval results *****
2024-01-08 12:27:46,086 -   train_loss = 2.6995
2024-01-08 12:27:46,086 -   best_eval_score = 0.0429
2024-01-08 12:27:46,087 -   eval_score = 0.12
2024-01-08 12:28:14,198 - ***** Epoch: 5: Eval results *****
2024-01-08 12:28:14,199 -   train_loss = 2.4744
2024-01-08 12:28:14,199 -   best_eval_score = 0.12
2024-01-08 12:28:14,199 -   eval_score = 0.161
2024-01-08 12:28:42,198 - ***** Epoch: 6: Eval results *****
2024-01-08 12:28:42,198 -   train_loss = 2.1411
2024-01-08 12:28:42,199 -   best_eval_score = 0.161
2024-01-08 12:28:42,199 -   eval_score = 0.2308
2024-01-08 12:29:10,117 - ***** Epoch: 7: Eval results *****
2024-01-08 12:29:10,118 -   train_loss = 1.755
2024-01-08 12:29:10,118 -   best_eval_score = 0.2308
2024-01-08 12:29:10,118 -   eval_score = 0.4071
2024-01-08 12:29:38,481 - ***** Epoch: 8: Eval results *****
2024-01-08 12:29:38,482 -   train_loss = 1.3591
2024-01-08 12:29:38,482 -   best_eval_score = 0.4071
2024-01-08 12:29:38,482 -   eval_score = 0.5223
2024-01-08 12:30:06,290 - ***** Epoch: 9: Eval results *****
2024-01-08 12:30:06,290 -   train_loss = 1.0427
2024-01-08 12:30:06,290 -   best_eval_score = 0.5223
2024-01-08 12:30:06,290 -   eval_score = 0.576
2024-01-08 12:30:34,411 - ***** Epoch: 10: Eval results *****
2024-01-08 12:30:34,411 -   train_loss = 0.7938
2024-01-08 12:30:34,411 -   best_eval_score = 0.576
2024-01-08 12:30:34,411 -   eval_score = 0.595
2024-01-08 12:31:02,814 - ***** Epoch: 11: Eval results *****
2024-01-08 12:31:02,814 -   train_loss = 0.6072
2024-01-08 12:31:02,815 -   best_eval_score = 0.595
2024-01-08 12:31:02,815 -   eval_score = 0.6242
2024-01-08 12:31:31,059 - ***** Epoch: 12: Eval results *****
2024-01-08 12:31:31,059 -   train_loss = 0.4587
2024-01-08 12:31:31,059 -   best_eval_score = 0.6242
2024-01-08 12:31:31,059 -   eval_score = 0.6425
2024-01-08 12:31:59,201 - ***** Epoch: 13: Eval results *****
2024-01-08 12:31:59,201 -   train_loss = 0.3711
2024-01-08 12:31:59,201 -   best_eval_score = 0.6425
2024-01-08 12:31:59,201 -   eval_score = 0.6637
2024-01-08 12:32:27,268 - ***** Epoch: 14: Eval results *****
2024-01-08 12:32:27,268 -   train_loss = 0.2893
2024-01-08 12:32:27,268 -   best_eval_score = 0.6637
2024-01-08 12:32:27,268 -   eval_score = 0.6811
2024-01-08 12:32:55,493 - ***** Epoch: 15: Eval results *****
2024-01-08 12:32:55,493 -   train_loss = 0.2346
2024-01-08 12:32:55,493 -   best_eval_score = 0.6811
2024-01-08 12:32:55,493 -   eval_score = 0.6717
2024-01-08 12:32:55,493 - EarlyStopping counter: 1 out of 8
2024-01-08 12:33:23,695 - ***** Epoch: 16: Eval results *****
2024-01-08 12:33:23,696 -   train_loss = 0.1929
2024-01-08 12:33:23,696 -   best_eval_score = 0.6811
2024-01-08 12:33:23,696 -   eval_score = 0.678
2024-01-08 12:33:23,696 - EarlyStopping counter: 2 out of 8
2024-01-08 12:33:51,673 - ***** Epoch: 17: Eval results *****
2024-01-08 12:33:51,673 -   train_loss = 0.1534
2024-01-08 12:33:51,673 -   best_eval_score = 0.6811
2024-01-08 12:33:51,673 -   eval_score = 0.6737
2024-01-08 12:33:51,673 - EarlyStopping counter: 3 out of 8
2024-01-08 12:34:19,929 - ***** Epoch: 18: Eval results *****
2024-01-08 12:34:19,929 -   train_loss = 0.1275
2024-01-08 12:34:19,929 -   best_eval_score = 0.6811
2024-01-08 12:34:19,929 -   eval_score = 0.6807
2024-01-08 12:34:19,929 - EarlyStopping counter: 4 out of 8
2024-01-08 12:34:48,254 - ***** Epoch: 19: Eval results *****
2024-01-08 12:34:48,254 -   train_loss = 0.1045
2024-01-08 12:34:48,254 -   best_eval_score = 0.6811
2024-01-08 12:34:48,254 -   eval_score = 0.6651
2024-01-08 12:34:48,254 - EarlyStopping counter: 5 out of 8
2024-01-08 12:35:16,376 - ***** Epoch: 20: Eval results *****
2024-01-08 12:35:16,377 -   train_loss = 0.0914
2024-01-08 12:35:16,377 -   best_eval_score = 0.6811
2024-01-08 12:35:16,377 -   eval_score = 0.6582
2024-01-08 12:35:16,377 - EarlyStopping counter: 6 out of 8
2024-01-08 12:35:44,295 - ***** Epoch: 21: Eval results *****
2024-01-08 12:35:44,295 -   train_loss = 0.0728
2024-01-08 12:35:44,295 -   best_eval_score = 0.6811
2024-01-08 12:35:44,295 -   eval_score = 0.6629
2024-01-08 12:35:44,295 - EarlyStopping counter: 7 out of 8
2024-01-08 12:36:12,211 - ***** Epoch: 22: Eval results *****
2024-01-08 12:36:12,211 -   train_loss = 0.0628
2024-01-08 12:36:12,211 -   best_eval_score = 0.6811
2024-01-08 12:36:12,211 -   eval_score = 0.6758
2024-01-08 12:36:12,211 - EarlyStopping counter: 8 out of 8
2024-01-08 12:36:12,211 - EarlyStopping at epoch 22
2024-01-08 12:36:12,215 - Training is finished...
2024-01-08 12:36:12,215 - Testing begins...
2024-01-08 12:36:16,804 - ***** Test: Confusion Matrix *****
2024-01-08 12:36:16,805 - [[38  2  0  0  8  0  1  1  0  2  1  0  2  1  0  1  0  0  0  0]
 [ 0 34  0  1  0  3  0  1  0  0  1  0  2  1  0  0  0  0  0  0]
 [ 1  0 26  0  0  0  0  0  0  0  0  0  0  0  0  0  0  0  0  0]
 [ 0  1  0 24  0  0  0  0  0  0  0  0  0  0  0  0  0  0  0  0]
 [ 6  0  0  0  7  0  4  0  0  0  0  1  2  1  0  0  0  2  0  0]
 [ 0  0  0  0  0 12  0  0  0  0  0  0  0  0  0  0  0  0  0  0]
 [ 2  1  0  0  2  0  2  0  2  0  0  0  1  0  0  1  1  0  0  0]
 [ 3  0  0  0  0  1  0  6  0  0  0  0  0  0  0  0  0  0  0  0]
 [ 3  0  0  0  0  0  1  3  0  0  0  0  0  2  0  1  0  0  0  0]
 [ 1  0  0  0  1  0  0  0  0  4  1  0  0  0  0  2  0  1  0  0]
 [ 1  0  0  0  0  0  0  0  0  1 13  1  0  0  1  0  1  0  0  0]
 [ 0  0  0  0  0  0  1  0  0  0  0 18  0  0  0  0  0  0  0  0]
 [ 4  3  0  0  1  0  0  0  0  0  0  2 33  1  3  4  4  0  1  1]
 [ 1  1  0  0  0  0  1  0  0  0  1  1  0 18  2  0  0  0  0  0]
 [ 0  0  0  0  0  0  0  0  0  0  0  0  3  2 14  0  1  0  0  2]
 [ 0  0  0  0  0  0  0  1  0  0  0  0  2  0  0 17  0  0  0  1]
 [ 0  0  0  0  0  0  0  0  0  0  0  0  1  0  2  1 13  0  0  0]
 [ 0  0  0  0  0  0  0  0  0  1  1  0  2  0  0  0  0 11  0  0]
 [ 0  0  0  0  0  0  0  0  0  0  0  0  2  0  0  1  0  0  9  0]
 [ 0  0  0  0  0  0  0  0  0  0  0  0  1  0  1  0  2  0  0  6]]
2024-01-08 12:36:16,805 - ***** Evaluation results *****
2024-01-08 12:36:16,805 -   acc = 0.6854
2024-01-08 12:36:16,805 -   f1 = 0.6404
2024-01-08 12:36:16,805 -   prec = 0.6329
2024-01-08 12:36:16,805 -   rec = 0.6557
2024-01-08 12:36:16,805 - Testing is finished...
2024-01-08 12:36:16,805 - Multimodal intent recognition is finished...
2024-01-08 12:36:16,805 - Results are saved in results/msz.csv
