2024-01-22 13:32:07,049 - ============================== Params ==============================
2024-01-22 13:32:07,049 - logger_name: msz_MIntRec_multi-class_seed-1_2024-01-22-13-32-06
2024-01-22 13:32:07,049 - dataset: MIntRec
2024-01-22 13:32:07,050 - data_mode: multi-class
2024-01-22 13:32:07,050 - method: msz
2024-01-22 13:32:07,050 - text_backbone: bert-base-uncased
2024-01-22 13:32:07,050 - text_backbone_path: /home/sharing/disk1/pretrained_embedding/bert/uncased_L-12_H-768_A-12/
2024-01-22 13:32:07,050 - seed: 1
2024-01-22 13:32:07,050 - num_workers: 8
2024-01-22 13:32:07,050 - gpu_id: 0
2024-01-22 13:32:07,050 - data_path: /home/sharing/disk2/sjh/intentDataset
2024-01-22 13:32:07,050 - train: True
2024-01-22 13:32:07,050 - tune: False
2024-01-22 13:32:07,050 - save_model: False
2024-01-22 13:32:07,050 - save_results: True
2024-01-22 13:32:07,050 - log_path: logs
2024-01-22 13:32:07,050 - cache_path: 
2024-01-22 13:32:07,050 - video_data_path: video_data
2024-01-22 13:32:07,050 - audio_data_path: audio_data
2024-01-22 13:32:07,050 - video_feats_path: video_feats.pkl
2024-01-22 13:32:07,050 - audio_feats_path: audio_feats.pkl
2024-01-22 13:32:07,050 - results_path: results
2024-01-22 13:32:07,050 - output_path: /home/sharing/disk2/sjh/Outputs/MIntRec
2024-01-22 13:32:07,050 - model_path: models
2024-01-22 13:32:07,050 - config_file_name: msz
2024-01-22 13:32:07,050 - results_file_name: msz.csv
2024-01-22 13:32:07,050 - padding_mode: zero
2024-01-22 13:32:07,050 - padding_loc: end
2024-01-22 13:32:07,050 - need_aligned: False
2024-01-22 13:32:07,050 - eval_monitor: f1
2024-01-22 13:32:07,050 - train_batch_size: 16
2024-01-22 13:32:07,050 - eval_batch_size: 8
2024-01-22 13:32:07,050 - test_batch_size: 8
2024-01-22 13:32:07,051 - wait_patience: 8
2024-01-22 13:32:07,051 - hidden_size: 768
2024-01-22 13:32:07,051 - num_attention_heads: 12
2024-01-22 13:32:07,051 - attention_probs_dropout_prob: 0.2
2024-01-22 13:32:07,051 - hidden_dropout_prob: 0.2
2024-01-22 13:32:07,051 - intermediate_size: 768
2024-01-22 13:32:07,051 - num_hidden_layers: 8
2024-01-22 13:32:07,051 - max_position_embeddings: 768
2024-01-22 13:32:07,051 - position_embedding_type: absolute
2024-01-22 13:32:07,051 - batch_first: True
2024-01-22 13:32:07,051 - hidden_dims: 768
2024-01-22 13:32:07,051 - dropout: 0.1
2024-01-22 13:32:07,051 - aligned_method: conv1d
2024-01-22 13:32:07,051 - num_train_epochs: 100
2024-01-22 13:32:07,051 - lr: 8e-06
2024-01-22 13:32:07,051 - pred_output_path: /home/sharing/disk2/sjh/Outputs/MIntRec/msz_MIntRec_multi-class_seed-1_2024-01-22-13-32-06
2024-01-22 13:32:07,051 - model_output_path: /home/sharing/disk2/sjh/Outputs/MIntRec/msz_MIntRec_multi-class_seed-1_2024-01-22-13-32-06/models
2024-01-22 13:32:07,051 - ============================== End Params ==============================
2024-01-22 13:32:07,089 - Generate Text Features Begin...
2024-01-22 13:32:07,651 - Generate Text Features Finished...
2024-01-22 13:32:07,653 - Load Video Features Begin...
2024-01-22 13:32:08,489 - Load Video Features Finished...
2024-01-22 13:32:09,219 - Load Audio Features Begin...
2024-01-22 13:32:14,397 - Load Audio Features Finished...
2024-01-22 13:32:19,269 - method  begins...
2024-01-22 13:32:26,889 - Multimodal intent recognition begins...
2024-01-22 13:32:26,898 - Training begins...
