2024-01-08 03:43:55,018 - ============================== Params ==============================
2024-01-08 03:43:55,019 - logger_name: msz_MIntRec_multi-class_seed-2_2024-01-08-03-43-55
2024-01-08 03:43:55,019 - dataset: MIntRec
2024-01-08 03:43:55,019 - data_mode: multi-class
2024-01-08 03:43:55,019 - method: msz
2024-01-08 03:43:55,019 - text_backbone: bert-base-uncased
2024-01-08 03:43:55,019 - text_backbone_path: /home/sharing/disk1/pretrained_embedding/bert/uncased_L-12_H-768_A-12/
2024-01-08 03:43:55,019 - seed: 2
2024-01-08 03:43:55,019 - num_workers: 8
2024-01-08 03:43:55,019 - gpu_id: 1
2024-01-08 03:43:55,019 - data_path: /home/sharing/disk2/sjh/intentDataset
2024-01-08 03:43:55,019 - train: True
2024-01-08 03:43:55,019 - tune: False
2024-01-08 03:43:55,019 - save_model: False
2024-01-08 03:43:55,019 - save_results: True
2024-01-08 03:43:55,019 - log_path: logs
2024-01-08 03:43:55,019 - cache_path: 
2024-01-08 03:43:55,019 - video_data_path: video_data
2024-01-08 03:43:55,019 - audio_data_path: audio_data
2024-01-08 03:43:55,019 - video_feats_path: video_feats.pkl
2024-01-08 03:43:55,019 - audio_feats_path: audio_feats.pkl
2024-01-08 03:43:55,019 - results_path: results
2024-01-08 03:43:55,019 - output_path: /home/sharing/disk2/sjh/Outputs/MIntRec
2024-01-08 03:43:55,019 - model_path: models
2024-01-08 03:43:55,019 - config_file_name: msz
2024-01-08 03:43:55,019 - results_file_name: msz.csv
2024-01-08 03:43:55,019 - padding_mode: zero
2024-01-08 03:43:55,019 - padding_loc: end
2024-01-08 03:43:55,019 - need_aligned: False
2024-01-08 03:43:55,019 - eval_monitor: f1
2024-01-08 03:43:55,019 - train_batch_size: 16
2024-01-08 03:43:55,019 - eval_batch_size: 8
2024-01-08 03:43:55,019 - test_batch_size: 8
2024-01-08 03:43:55,019 - wait_patience: 8
2024-01-08 03:43:55,019 - nheads: 2
2024-01-08 03:43:55,019 - encoder_layers: 2
2024-01-08 03:43:55,019 - attn_dropout: 0.1
2024-01-08 03:43:55,019 - relu_dropout: 0.1
2024-01-08 03:43:55,019 - embed_dropout: 0.1
2024-01-08 03:43:55,019 - res_dropout: 0.1
2024-01-08 03:43:55,020 - attn_mask: False
2024-01-08 03:43:55,020 - hidden_size: 768
2024-01-08 03:43:55,020 - num_attention_heads: 12
2024-01-08 03:43:55,020 - attention_probs_dropout_prob: 0.2
2024-01-08 03:43:55,020 - hidden_dropout_prob: 0.2
2024-01-08 03:43:55,020 - intermediate_size: 768
2024-01-08 03:43:55,020 - num_hidden_layers: 3
2024-01-08 03:43:55,020 - max_position_embeddings: 512
2024-01-08 03:43:55,020 - position_embedding_type: absolute
2024-01-08 03:43:55,020 - batch_first: True
2024-01-08 03:43:55,020 - hidden_dims: 768
2024-01-08 03:43:55,020 - att_dropouts: [0.2, 0.2, 0.2]
2024-01-08 03:43:55,020 - spe_dropouts: [0.1, 0.1, 0.1]
2024-01-08 03:43:55,020 - ta_loss: 0.1
2024-01-08 03:43:55,020 - tv_loss: 0.1
2024-01-08 03:43:55,020 - av_loss: 0.1
2024-01-08 03:43:55,020 - aligned_method: conv1d
2024-01-08 03:43:55,020 - grad_clip: -1
2024-01-08 03:43:55,020 - num_train_epochs: 100
2024-01-08 03:43:55,020 - warmup_proportion: 0.1
2024-01-08 03:43:55,020 - lr: 1e-06
2024-01-08 03:43:55,020 - weight_decay: 0.01
2024-01-08 03:43:55,020 - pred_output_path: /home/sharing/disk2/sjh/Outputs/MIntRec/msz_MIntRec_multi-class_seed-2_2024-01-08-03-43-55
2024-01-08 03:43:55,020 - model_output_path: /home/sharing/disk2/sjh/Outputs/MIntRec/msz_MIntRec_multi-class_seed-2_2024-01-08-03-43-55/models
2024-01-08 03:43:55,020 - ============================== End Params ==============================
2024-01-08 03:43:55,022 - Generate Text Features Begin...
2024-01-08 03:43:55,441 - Generate Text Features Finished...
2024-01-08 03:43:55,441 - Load Video Features Begin...
2024-01-08 03:43:55,709 - Load Video Features Finished...
