2024-03-09 17:10:03,044 - ============================== Params ==============================
2024-03-09 17:10:03,044 - logger_name: msz_MIntRec_multi-class_seed-1_2024-03-09-17-10-02
2024-03-09 17:10:03,044 - dataset: MIntRec
2024-03-09 17:10:03,044 - data_mode: multi-class
2024-03-09 17:10:03,044 - method: msz
2024-03-09 17:10:03,044 - text_backbone: bert-base-uncased
2024-03-09 17:10:03,044 - text_backbone_path: /home/sharing/disk1/pretrained_embedding/bert/uncased_L-12_H-768_A-12/
2024-03-09 17:10:03,044 - seed: 1
2024-03-09 17:10:03,044 - num_workers: 8
2024-03-09 17:10:03,044 - gpu_id: 2
2024-03-09 17:10:03,044 - data_path: /home/sharing/disk2/sjh/intentDataset
2024-03-09 17:10:03,045 - train: True
2024-03-09 17:10:03,045 - tune: True
2024-03-09 17:10:03,045 - save_model: False
2024-03-09 17:10:03,045 - save_results: True
2024-03-09 17:10:03,045 - log_path: logs
2024-03-09 17:10:03,045 - cache_path: 
2024-03-09 17:10:03,045 - video_data_path: video_data
2024-03-09 17:10:03,045 - audio_data_path: audio_data
2024-03-09 17:10:03,045 - video_feats_path: video_feats.pkl
2024-03-09 17:10:03,045 - audio_feats_path: audio_feats.pkl
2024-03-09 17:10:03,045 - results_path: results
2024-03-09 17:10:03,045 - output_path: /home/sharing/disk2/sjh/Outputs/MIntRec
2024-03-09 17:10:03,045 - model_path: models
2024-03-09 17:10:03,045 - config_file_name: msz_MIntRec
2024-03-09 17:10:03,045 - results_file_name: msz.csv
2024-03-09 17:10:03,045 - padding_mode: zero
2024-03-09 17:10:03,045 - padding_loc: end
2024-03-09 17:10:03,045 - need_aligned: False
2024-03-09 17:10:03,045 - eval_monitor: f1
2024-03-09 17:10:03,045 - train_batch_size: 16
2024-03-09 17:10:03,045 - eval_batch_size: 8
2024-03-09 17:10:03,045 - test_batch_size: 8
2024-03-09 17:10:03,045 - wait_patience: 8
2024-03-09 17:10:03,045 - hidden_dims: 768
2024-03-09 17:10:03,045 - intermediate_size: 768
2024-03-09 17:10:03,045 - position_embedding_type: absolute
2024-03-09 17:10:03,045 - batch_first: True
2024-03-09 17:10:03,045 - d_num_attention_heads: 8
2024-03-09 17:10:03,045 - d_attention_probs_dropout_prob: 0.2
2024-03-09 17:10:03,045 - d_hidden_dropout_prob: 0.2
2024-03-09 17:10:03,045 - d_num_hidden_layers: 10
2024-03-09 17:10:03,045 - d_max_position_embeddings: 768
2024-03-09 17:10:03,045 - m_num_attention_heads: 12
2024-03-09 17:10:03,045 - m_attention_probs_dropout_prob: 0.1
2024-03-09 17:10:03,045 - m_hidden_dropout_prob: 0.3
2024-03-09 17:10:03,045 - m_num_hidden_layers: 10
2024-03-09 17:10:03,045 - m_max_position_embeddings: 768
2024-03-09 17:10:03,045 - dropout: 0.2
2024-03-09 17:10:03,045 - aligned_method: conv1d
2024-03-09 17:10:03,045 - num_train_epochs: 100
2024-03-09 17:10:03,046 - lr: 3e-06
2024-03-09 17:10:03,046 - lr_mode: min
2024-03-09 17:10:03,046 - pred_output_path: /home/sharing/disk2/sjh/Outputs/MIntRec/msz_MIntRec_multi-class_seed-1_2024-03-09-17-10-02
2024-03-09 17:10:03,046 - model_output_path: /home/sharing/disk2/sjh/Outputs/MIntRec/msz_MIntRec_multi-class_seed-1_2024-03-09-17-10-02/models
2024-03-09 17:10:03,046 - num_labels: 20
2024-03-09 17:10:03,046 - text_feat_dim: 768
2024-03-09 17:10:03,046 - video_feat_dim: 256
2024-03-09 17:10:03,046 - audio_feat_dim: 768
2024-03-09 17:10:03,046 - text_seq_len: 30
2024-03-09 17:10:03,046 - video_seq_len: 230
2024-03-09 17:10:03,046 - audio_seq_len: 480
2024-03-09 17:10:03,046 - device: cuda:2
2024-03-09 17:10:03,046 - ============================== End Params ==============================
2024-03-09 17:10:03,049 - Generate Text Features Begin...
2024-03-09 17:10:03,484 - Generate Text Features Finished...
2024-03-09 17:10:03,484 - Load Video Features Begin...
2024-03-09 17:10:03,730 - Load Video Features Finished...
2024-03-09 17:10:04,151 - Load Audio Features Begin...
2024-03-09 17:10:04,911 - Load Audio Features Finished...
2024-03-09 17:10:06,937 - method  begins...
2024-03-09 17:10:08,807 - Multimodal intent recognition begins...
2024-03-09 17:10:08,807 - Training begins...
2024-03-09 17:10:32,341 - ***** Epoch: 1: Eval results *****
2024-03-09 17:10:32,341 -   train_loss = 2.7976
2024-03-09 17:10:32,341 -   best_eval_score = 0.0
2024-03-09 17:10:32,341 -   eval_score = 0.1013
2024-03-09 17:10:55,737 - ***** Epoch: 2: Eval results *****
2024-03-09 17:10:55,737 -   train_loss = 2.3017
2024-03-09 17:10:55,737 -   best_eval_score = 0.1013
2024-03-09 17:10:55,737 -   eval_score = 0.3217
2024-03-09 17:11:18,528 - ***** Epoch: 3: Eval results *****
2024-03-09 17:11:18,528 -   train_loss = 1.7168
2024-03-09 17:11:18,528 -   best_eval_score = 0.3217
2024-03-09 17:11:18,528 -   eval_score = 0.452
2024-03-09 17:11:42,614 - ***** Epoch: 4: Eval results *****
2024-03-09 17:11:42,614 -   train_loss = 1.2749
2024-03-09 17:11:42,614 -   best_eval_score = 0.452
2024-03-09 17:11:42,614 -   eval_score = 0.5395
2024-03-09 17:12:06,431 - ***** Epoch: 5: Eval results *****
2024-03-09 17:12:06,432 -   train_loss = 0.946
2024-03-09 17:12:06,432 -   best_eval_score = 0.5395
2024-03-09 17:12:06,432 -   eval_score = 0.5829
2024-03-09 17:12:30,394 - ***** Epoch: 6: Eval results *****
2024-03-09 17:12:30,394 -   train_loss = 0.6953
2024-03-09 17:12:30,394 -   best_eval_score = 0.5829
2024-03-09 17:12:30,394 -   eval_score = 0.6075
2024-03-09 17:12:53,754 - ***** Epoch: 7: Eval results *****
2024-03-09 17:12:53,754 -   train_loss = 0.4919
2024-03-09 17:12:53,754 -   best_eval_score = 0.6075
2024-03-09 17:12:53,754 -   eval_score = 0.6485
2024-03-09 17:13:16,608 - ***** Epoch: 8: Eval results *****
2024-03-09 17:13:16,608 -   train_loss = 0.3598
2024-03-09 17:13:16,608 -   best_eval_score = 0.6485
2024-03-09 17:13:16,608 -   eval_score = 0.6721
2024-03-09 17:13:39,963 - ***** Epoch: 9: Eval results *****
2024-03-09 17:13:39,963 -   train_loss = 0.2607
2024-03-09 17:13:39,963 -   best_eval_score = 0.6721
2024-03-09 17:13:39,963 -   eval_score = 0.6729
2024-03-09 17:14:03,937 - ***** Epoch: 10: Eval results *****
2024-03-09 17:14:03,937 -   train_loss = 0.1877
2024-03-09 17:14:03,937 -   best_eval_score = 0.6729
2024-03-09 17:14:03,937 -   eval_score = 0.6716
2024-03-09 17:14:03,937 - EarlyStopping counter: 1 out of 8
2024-03-09 17:14:28,090 - ***** Epoch: 11: Eval results *****
2024-03-09 17:14:28,090 -   train_loss = 0.1419
2024-03-09 17:14:28,090 -   best_eval_score = 0.6729
2024-03-09 17:14:28,090 -   eval_score = 0.6795
2024-03-09 17:14:50,833 - ***** Epoch: 12: Eval results *****
2024-03-09 17:14:50,833 -   train_loss = 0.1291
2024-03-09 17:14:50,833 -   best_eval_score = 0.6795
2024-03-09 17:14:50,833 -   eval_score = 0.6885
2024-03-09 17:15:14,999 - ***** Epoch: 13: Eval results *****
2024-03-09 17:15:14,999 -   train_loss = 0.125
2024-03-09 17:15:14,999 -   best_eval_score = 0.6885
2024-03-09 17:15:14,999 -   eval_score = 0.6886
2024-03-09 17:15:38,285 - ***** Epoch: 14: Eval results *****
2024-03-09 17:15:38,285 -   train_loss = 0.121
2024-03-09 17:15:38,285 -   best_eval_score = 0.6886
2024-03-09 17:15:38,285 -   eval_score = 0.6877
2024-03-09 17:15:38,285 - EarlyStopping counter: 1 out of 8
2024-03-09 17:16:01,843 - ***** Epoch: 15: Eval results *****
2024-03-09 17:16:01,843 -   train_loss = 0.1154
2024-03-09 17:16:01,843 -   best_eval_score = 0.6886
2024-03-09 17:16:01,843 -   eval_score = 0.6914
2024-03-09 17:16:26,292 - ***** Epoch: 16: Eval results *****
2024-03-09 17:16:26,293 -   train_loss = 0.1114
2024-03-09 17:16:26,293 -   best_eval_score = 0.6914
2024-03-09 17:16:26,293 -   eval_score = 0.6916
2024-03-09 17:16:49,433 - ***** Epoch: 17: Eval results *****
2024-03-09 17:16:49,433 -   train_loss = 0.105
2024-03-09 17:16:49,433 -   best_eval_score = 0.6916
2024-03-09 17:16:49,433 -   eval_score = 0.6929
2024-03-09 17:17:12,261 - ***** Epoch: 18: Eval results *****
2024-03-09 17:17:12,261 -   train_loss = 0.1038
2024-03-09 17:17:12,261 -   best_eval_score = 0.6929
2024-03-09 17:17:12,261 -   eval_score = 0.6939
2024-03-09 17:17:35,404 - ***** Epoch: 19: Eval results *****
2024-03-09 17:17:35,404 -   train_loss = 0.098
2024-03-09 17:17:35,404 -   best_eval_score = 0.6939
2024-03-09 17:17:35,404 -   eval_score = 0.6938
2024-03-09 17:17:35,404 - EarlyStopping counter: 1 out of 8
2024-03-09 17:17:58,513 - ***** Epoch: 20: Eval results *****
2024-03-09 17:17:58,513 -   train_loss = 0.0988
2024-03-09 17:17:58,513 -   best_eval_score = 0.6939
2024-03-09 17:17:58,513 -   eval_score = 0.6947
2024-03-09 17:18:21,567 - ***** Epoch: 21: Eval results *****
2024-03-09 17:18:21,567 -   train_loss = 0.0991
2024-03-09 17:18:21,567 -   best_eval_score = 0.6947
2024-03-09 17:18:21,567 -   eval_score = 0.6947
2024-03-09 17:18:21,567 - EarlyStopping counter: 1 out of 8
2024-03-09 17:18:44,588 - ***** Epoch: 22: Eval results *****
2024-03-09 17:18:44,588 -   train_loss = 0.0961
2024-03-09 17:18:44,588 -   best_eval_score = 0.6947
2024-03-09 17:18:44,588 -   eval_score = 0.6947
2024-03-09 17:18:44,588 - EarlyStopping counter: 2 out of 8
2024-03-09 17:19:08,365 - ***** Epoch: 23: Eval results *****
2024-03-09 17:19:08,365 -   train_loss = 0.097
2024-03-09 17:19:08,365 -   best_eval_score = 0.6947
2024-03-09 17:19:08,365 -   eval_score = 0.6947
2024-03-09 17:19:08,365 - EarlyStopping counter: 3 out of 8
2024-03-09 17:19:31,786 - ***** Epoch: 24: Eval results *****
2024-03-09 17:19:31,786 -   train_loss = 0.0992
2024-03-09 17:19:31,786 -   best_eval_score = 0.6947
2024-03-09 17:19:31,786 -   eval_score = 0.6947
2024-03-09 17:19:31,786 - EarlyStopping counter: 4 out of 8
2024-03-09 17:19:54,851 - ***** Epoch: 25: Eval results *****
2024-03-09 17:19:54,852 -   train_loss = 0.0962
2024-03-09 17:19:54,852 -   best_eval_score = 0.6947
2024-03-09 17:19:54,852 -   eval_score = 0.6936
2024-03-09 17:19:54,852 - EarlyStopping counter: 5 out of 8
2024-03-09 17:20:18,247 - ***** Epoch: 26: Eval results *****
2024-03-09 17:20:18,248 -   train_loss = 0.0953
2024-03-09 17:20:18,248 -   best_eval_score = 0.6947
2024-03-09 17:20:18,248 -   eval_score = 0.6944
2024-03-09 17:20:18,248 - EarlyStopping counter: 6 out of 8
2024-03-09 17:20:41,385 - ***** Epoch: 27: Eval results *****
2024-03-09 17:20:41,385 -   train_loss = 0.0939
2024-03-09 17:20:41,385 -   best_eval_score = 0.6947
2024-03-09 17:20:41,385 -   eval_score = 0.6944
2024-03-09 17:20:41,385 - EarlyStopping counter: 7 out of 8
2024-03-09 17:21:05,035 - ***** Epoch: 28: Eval results *****
2024-03-09 17:21:05,035 -   train_loss = 0.0938
2024-03-09 17:21:05,035 -   best_eval_score = 0.6947
2024-03-09 17:21:05,035 -   eval_score = 0.6945
2024-03-09 17:21:05,035 - EarlyStopping counter: 8 out of 8
2024-03-09 17:21:05,035 - EarlyStopping at epoch 28
2024-03-09 17:21:05,038 - Training is finished...
2024-03-09 17:21:05,039 - Testing begins...
2024-03-09 17:21:09,532 - ***** Test: Confusion Matrix *****
2024-03-09 17:21:09,533 - [[36  2  0  0 11  0  1  0  0  1  1  0  4  1  0  0  0  0  0  0]
 [ 1 34  0  1  0  3  0  0  0  0  1  0  2  1  0  0  0  0  0  0]
 [ 1  0 26  0  0  0  0  0  0  0  0  0  0  0  0  0  0  0  0  0]
 [ 0  1  0 24  0  0  0  0  0  0  0  0  0  0  0  0  0  0  0  0]
 [ 5  0  0  0 12  0  0  0  0  2  0  1  2  1  0  0  0  0  0  0]
 [ 0  0  0  0  0 11  0  0  0  0  0  0  1  0  0  0  0  0  0  0]
 [ 2  1  0  0  3  0  1  1  2  0  0  0  1  0  0  0  1  0  0  0]
 [ 3  0  0  0  0  0  0  5  1  1  0  0  0  0  0  0  0  0  0  0]
 [ 1  0  0  0  0  0  0  3  4  0  0  0  0  2  0  0  0  0  0  0]
 [ 1  0  0  0  0  0  1  0  0  4  1  0  0  0  0  2  0  1  0  0]
 [ 1  0  0  0  0  0  1  0  0  2 13  0  0  0  1  0  0  0  0  0]
 [ 0  0  0  0  0  0  1  0  0  0  0 17  0  0  0  0  0  0  0  1]
 [ 4  2  0  0  0  0  0  2  0  0  0  2 37  2  5  1  2  0  0  0]
 [ 0  0  0  0  0  0  2  0  0  0  1  1  0 20  1  0  0  0  0  0]
 [ 0  0  0  0  1  0  0  0  0  0  0  0  2  1 15  0  1  0  0  2]
 [ 0  0  0  0  0  0  0  1  1  0  0  0  4  0  0 14  0  0  0  1]
 [ 1  0  0  0  0  0  0  0  0  0  0  0  3  0  2  0 11  0  0  0]
 [ 0  0  0  0  0  0  0  0  0  1  1  0  2  0  0  0  0 11  0  0]
 [ 0  0  0  0  0  0  0  0  0  0  0  0  2  0  0  1  0  0  9  0]
 [ 0  0  0  0  0  0  0  0  0  0  0  0  1  0  2  0  1  0  0  6]]
2024-03-09 17:21:09,533 - ***** Evaluation results *****
2024-03-09 17:21:09,533 -   acc = 0.6966
2024-03-09 17:21:09,533 -   f1 = 0.6672
2024-03-09 17:21:09,533 -   prec = 0.6759
2024-03-09 17:21:09,533 -   rec = 0.6656
2024-03-09 17:21:09,534 - Testing is finished...
2024-03-09 17:21:09,534 - Multimodal intent recognition is finished...
2024-03-09 17:21:09,534 - Results are saved in results/msz.csv
