2024-02-29 07:35:58,010 - ============================== Params ==============================
2024-02-29 07:35:58,010 - logger_name: msz_MIntRec2_multi-class_seed-4_2024-02-29-07-35-57
2024-02-29 07:35:58,010 - dataset: MIntRec2
2024-02-29 07:35:58,010 - data_mode: multi-class
2024-02-29 07:35:58,011 - method: msz
2024-02-29 07:35:58,011 - text_backbone: bert-base-uncased
2024-02-29 07:35:58,011 - text_backbone_path: /home/sharing/disk1/pretrained_embedding/bert/uncased_L-12_H-768_A-12/
2024-02-29 07:35:58,011 - seed: 4
2024-02-29 07:35:58,011 - num_workers: 8
2024-02-29 07:35:58,011 - gpu_id: 1
2024-02-29 07:35:58,011 - data_path: /home/sharing/disk2/sjh/intentDataset
2024-02-29 07:35:58,011 - train: True
2024-02-29 07:35:58,011 - tune: False
2024-02-29 07:35:58,011 - save_model: True
2024-02-29 07:35:58,011 - save_results: True
2024-02-29 07:35:58,011 - log_path: logs
2024-02-29 07:35:58,011 - cache_path: 
2024-02-29 07:35:58,011 - video_data_path: video_data
2024-02-29 07:35:58,011 - audio_data_path: audio_data
2024-02-29 07:35:58,011 - video_feats_path: video_feats.pkl
2024-02-29 07:35:58,011 - audio_feats_path: audio_feats.pkl
2024-02-29 07:35:58,011 - results_path: results
2024-02-29 07:35:58,011 - output_path: /home/sharing/disk2/sjh/Outputs/MIntRec2
2024-02-29 07:35:58,011 - model_path: models
2024-02-29 07:35:58,011 - config_file_name: msz_MIntRec2
2024-02-29 07:35:58,011 - results_file_name: msz.csv
2024-02-29 07:35:58,011 - padding_mode: zero
2024-02-29 07:35:58,011 - padding_loc: end
2024-02-29 07:35:58,011 - need_aligned: False
2024-02-29 07:35:58,011 - eval_monitor: f1
2024-02-29 07:35:58,011 - train_batch_size: 16
2024-02-29 07:35:58,011 - eval_batch_size: 8
2024-02-29 07:35:58,011 - test_batch_size: 8
2024-02-29 07:35:58,011 - wait_patience: 8
2024-02-29 07:35:58,011 - hidden_size: 768
2024-02-29 07:35:58,011 - num_attention_heads: 12
2024-02-29 07:35:58,011 - attention_probs_dropout_prob: 0.2
2024-02-29 07:35:58,011 - hidden_dropout_prob: 0.2
2024-02-29 07:35:58,011 - intermediate_size: 768
2024-02-29 07:35:58,011 - num_hidden_layers: 8
2024-02-29 07:35:58,011 - max_position_embeddings: 768
2024-02-29 07:35:58,011 - position_embedding_type: absolute
2024-02-29 07:35:58,012 - batch_first: True
2024-02-29 07:35:58,012 - hidden_dims: 768
2024-02-29 07:35:58,012 - dropout: 0.1
2024-02-29 07:35:58,012 - aligned_method: conv1d
2024-02-29 07:35:58,012 - num_train_epochs: 100
2024-02-29 07:35:58,012 - lr: 8e-06
2024-02-29 07:35:58,012 - pred_output_path: /home/sharing/disk2/sjh/Outputs/MIntRec2/msz_MIntRec2_multi-class_seed-4_2024-02-29-07-35-57
2024-02-29 07:35:58,012 - model_output_path: /home/sharing/disk2/sjh/Outputs/MIntRec2/msz_MIntRec2_multi-class_seed-4_2024-02-29-07-35-57/models
2024-02-29 07:35:58,012 - ============================== End Params ==============================
