2024-03-07 02:21:54,454 - ============================== Params ==============================
2024-03-07 02:21:54,454 - logger_name: msz_MIntRec2_multi-class_seed-1_2024-03-07-02-21-54
2024-03-07 02:21:54,454 - dataset: MIntRec2
2024-03-07 02:21:54,454 - data_mode: multi-class
2024-03-07 02:21:54,454 - method: msz
2024-03-07 02:21:54,454 - text_backbone: bert-base-uncased
2024-03-07 02:21:54,454 - text_backbone_path: /home/sharing/disk1/pretrained_embedding/bert/uncased_L-12_H-768_A-12/
2024-03-07 02:21:54,454 - seed: 1
2024-03-07 02:21:54,454 - num_workers: 8
2024-03-07 02:21:54,454 - gpu_id: 2
2024-03-07 02:21:54,454 - data_path: /home/sharing/disk2/sjh/intentDataset
2024-03-07 02:21:54,454 - train: True
2024-03-07 02:21:54,454 - tune: True
2024-03-07 02:21:54,454 - save_model: False
2024-03-07 02:21:54,454 - save_results: True
2024-03-07 02:21:54,454 - log_path: logs
2024-03-07 02:21:54,454 - cache_path: 
2024-03-07 02:21:54,454 - video_data_path: video_data
2024-03-07 02:21:54,454 - audio_data_path: audio_data
2024-03-07 02:21:54,454 - video_feats_path: video_feats.pkl
2024-03-07 02:21:54,454 - audio_feats_path: audio_feats.pkl
2024-03-07 02:21:54,454 - results_path: results
2024-03-07 02:21:54,454 - output_path: /home/sharing/disk2/sjh/Outputs/MIntRec2
2024-03-07 02:21:54,454 - model_path: models
2024-03-07 02:21:54,454 - config_file_name: msz_MIntRec2
2024-03-07 02:21:54,454 - results_file_name: msz.csv
2024-03-07 02:21:54,454 - padding_mode: zero
2024-03-07 02:21:54,454 - padding_loc: end
2024-03-07 02:21:54,454 - need_aligned: False
2024-03-07 02:21:54,455 - eval_monitor: f1
2024-03-07 02:21:54,455 - train_batch_size: 32
2024-03-07 02:21:54,455 - eval_batch_size: 16
2024-03-07 02:21:54,455 - test_batch_size: 16
2024-03-07 02:21:54,455 - wait_patience: 8
2024-03-07 02:21:54,455 - hidden_dims: 768
2024-03-07 02:21:54,455 - num_attention_heads: 12
2024-03-07 02:21:54,455 - attention_probs_dropout_prob: 0.2
2024-03-07 02:21:54,455 - hidden_dropout_prob: 0.2
2024-03-07 02:21:54,455 - intermediate_size: 768
2024-03-07 02:21:54,455 - num_hidden_layers: 8
2024-03-07 02:21:54,455 - max_position_embeddings: 768
2024-03-07 02:21:54,455 - position_embedding_type: absolute
2024-03-07 02:21:54,455 - batch_first: True
2024-03-07 02:21:54,455 - dropout: 0.1
2024-03-07 02:21:54,455 - aligned_method: conv1d
2024-03-07 02:21:54,455 - num_train_epochs: 100
2024-03-07 02:21:54,455 - lr: 4e-06
2024-03-07 02:21:54,455 - lr_mode: min
2024-03-07 02:21:54,455 - pred_output_path: /home/sharing/disk2/sjh/Outputs/MIntRec2/msz_MIntRec2_multi-class_seed-1_2024-03-07-02-21-54
2024-03-07 02:21:54,455 - model_output_path: /home/sharing/disk2/sjh/Outputs/MIntRec2/msz_MIntRec2_multi-class_seed-1_2024-03-07-02-21-54/models
2024-03-07 02:21:54,455 - ============================== End Params ==============================
2024-03-07 02:21:54,467 - Generate Text Features Begin...
2024-03-07 02:21:56,101 - Generate Text Features Finished...
2024-03-07 02:21:56,103 - Load Video Features Begin...
2024-03-07 02:21:57,121 - Load Video Features Finished...
2024-03-07 02:21:58,693 - Load Audio Features Begin...
2024-03-07 02:22:02,795 - Load Audio Features Finished...
2024-03-07 02:22:16,700 - method  begins...
2024-03-07 02:22:21,910 - Multimodal intent recognition begins...
2024-03-07 02:22:21,919 - Training begins...
2024-03-07 02:23:50,221 - ***** Epoch: 1: Eval results *****
2024-03-07 02:23:50,221 -   train_loss = 2.7861
2024-03-07 02:23:50,221 -   best_eval_score = 0.0
2024-03-07 02:23:50,222 -   eval_score = 0.2529
2024-03-07 02:25:12,707 - ***** Epoch: 2: Eval results *****
2024-03-07 02:25:12,708 -   train_loss = 1.8239
2024-03-07 02:25:12,708 -   best_eval_score = 0.2529
2024-03-07 02:25:12,708 -   eval_score = 0.3541
2024-03-07 02:26:33,235 - ***** Epoch: 3: Eval results *****
2024-03-07 02:26:33,244 -   train_loss = 1.434
2024-03-07 02:26:33,244 -   best_eval_score = 0.3541
2024-03-07 02:26:33,244 -   eval_score = 0.4385
2024-03-07 02:27:54,668 - ***** Epoch: 4: Eval results *****
2024-03-07 02:27:54,668 -   train_loss = 1.2115
2024-03-07 02:27:54,668 -   best_eval_score = 0.4385
2024-03-07 02:27:54,668 -   eval_score = 0.4751
2024-03-07 02:29:16,547 - ***** Epoch: 5: Eval results *****
2024-03-07 02:29:16,557 -   train_loss = 1.0531
2024-03-07 02:29:16,557 -   best_eval_score = 0.4751
2024-03-07 02:29:16,557 -   eval_score = 0.4821
2024-03-07 02:30:36,466 - ***** Epoch: 6: Eval results *****
2024-03-07 02:30:36,466 -   train_loss = 0.9144
2024-03-07 02:30:36,466 -   best_eval_score = 0.4821
2024-03-07 02:30:36,466 -   eval_score = 0.4993
2024-03-07 02:31:58,523 - ***** Epoch: 7: Eval results *****
2024-03-07 02:31:58,523 -   train_loss = 0.774
2024-03-07 02:31:58,524 -   best_eval_score = 0.4993
2024-03-07 02:31:58,524 -   eval_score = 0.495
2024-03-07 02:31:58,524 - EarlyStopping counter: 1 out of 8
