2024-03-09 13:26:29,273 - ============================== Params ==============================
2024-03-09 13:26:29,273 - logger_name: msz_MIntRec_multi-class_seed-1_2024-03-09-13-26-29
2024-03-09 13:26:29,274 - dataset: MIntRec
2024-03-09 13:26:29,274 - data_mode: multi-class
2024-03-09 13:26:29,274 - method: msz
2024-03-09 13:26:29,274 - text_backbone: bert-base-uncased
2024-03-09 13:26:29,274 - text_backbone_path: /home/sharing/disk1/pretrained_embedding/bert/uncased_L-12_H-768_A-12/
2024-03-09 13:26:29,274 - seed: 1
2024-03-09 13:26:29,274 - num_workers: 8
2024-03-09 13:26:29,274 - gpu_id: 2
2024-03-09 13:26:29,274 - data_path: /home/sharing/disk2/sjh/intentDataset
2024-03-09 13:26:29,274 - train: True
2024-03-09 13:26:29,274 - tune: True
2024-03-09 13:26:29,274 - save_model: False
2024-03-09 13:26:29,274 - save_results: True
2024-03-09 13:26:29,274 - log_path: logs
2024-03-09 13:26:29,274 - cache_path: 
2024-03-09 13:26:29,274 - video_data_path: video_data
2024-03-09 13:26:29,274 - audio_data_path: audio_data
2024-03-09 13:26:29,274 - video_feats_path: video_feats.pkl
2024-03-09 13:26:29,274 - audio_feats_path: audio_feats.pkl
2024-03-09 13:26:29,274 - results_path: results
2024-03-09 13:26:29,274 - output_path: /home/sharing/disk2/sjh/Outputs/MIntRec
2024-03-09 13:26:29,274 - model_path: models
2024-03-09 13:26:29,274 - config_file_name: msz_MIntRec
2024-03-09 13:26:29,274 - results_file_name: msz.csv
2024-03-09 13:26:29,274 - padding_mode: zero
2024-03-09 13:26:29,274 - padding_loc: end
2024-03-09 13:26:29,274 - need_aligned: False
2024-03-09 13:26:29,274 - eval_monitor: f1
2024-03-09 13:26:29,274 - train_batch_size: 16
2024-03-09 13:26:29,274 - eval_batch_size: 8
2024-03-09 13:26:29,274 - test_batch_size: 8
2024-03-09 13:26:29,274 - wait_patience: 8
2024-03-09 13:26:29,274 - hidden_dims: 768
2024-03-09 13:26:29,275 - intermediate_size: 768
2024-03-09 13:26:29,275 - position_embedding_type: absolute
2024-03-09 13:26:29,275 - batch_first: True
2024-03-09 13:26:29,275 - d_num_attention_heads: 8
2024-03-09 13:26:29,275 - d_attention_probs_dropout_prob: 0.1
2024-03-09 13:26:29,275 - d_hidden_dropout_prob: 0.2
2024-03-09 13:26:29,275 - d_num_hidden_layers: 10
2024-03-09 13:26:29,275 - d_max_position_embeddings: 768
2024-03-09 13:26:29,275 - m_num_attention_heads: 12
2024-03-09 13:26:29,275 - m_attention_probs_dropout_prob: 0.3
2024-03-09 13:26:29,275 - m_hidden_dropout_prob: 0.1
2024-03-09 13:26:29,275 - m_num_hidden_layers: 8
2024-03-09 13:26:29,275 - m_max_position_embeddings: 768
2024-03-09 13:26:29,275 - dropout: 0.1
2024-03-09 13:26:29,275 - aligned_method: conv1d
2024-03-09 13:26:29,275 - num_train_epochs: 100
2024-03-09 13:26:29,275 - lr: 5e-06
2024-03-09 13:26:29,275 - lr_mode: min
2024-03-09 13:26:29,275 - pred_output_path: /home/sharing/disk2/sjh/Outputs/MIntRec/msz_MIntRec_multi-class_seed-1_2024-03-09-13-26-29
2024-03-09 13:26:29,275 - model_output_path: /home/sharing/disk2/sjh/Outputs/MIntRec/msz_MIntRec_multi-class_seed-1_2024-03-09-13-26-29/models
2024-03-09 13:26:29,275 - num_labels: 20
2024-03-09 13:26:29,275 - text_feat_dim: 768
2024-03-09 13:26:29,275 - video_feat_dim: 256
2024-03-09 13:26:29,275 - audio_feat_dim: 768
2024-03-09 13:26:29,275 - text_seq_len: 30
2024-03-09 13:26:29,275 - video_seq_len: 230
2024-03-09 13:26:29,275 - audio_seq_len: 480
2024-03-09 13:26:29,275 - device: cuda:2
2024-03-09 13:26:29,275 - ============================== End Params ==============================
2024-03-09 13:26:29,278 - Generate Text Features Begin...
2024-03-09 13:26:29,793 - Generate Text Features Finished...
2024-03-09 13:26:29,793 - Load Video Features Begin...
2024-03-09 13:26:30,169 - Load Video Features Finished...
2024-03-09 13:26:31,010 - Load Audio Features Begin...
2024-03-09 13:26:31,931 - Load Audio Features Finished...
2024-03-09 13:26:34,002 - method  begins...
2024-03-09 13:26:36,359 - Multimodal intent recognition begins...
2024-03-09 13:26:36,359 - Training begins...
2024-03-09 13:26:58,070 - ***** Epoch: 1: Eval results *****
2024-03-09 13:26:58,071 -   train_loss = 2.6977
2024-03-09 13:26:58,071 -   best_eval_score = 0.0
2024-03-09 13:26:58,071 -   eval_score = 0.2466
2024-03-09 13:27:20,680 - ***** Epoch: 2: Eval results *****
2024-03-09 13:27:20,680 -   train_loss = 1.8628
2024-03-09 13:27:20,680 -   best_eval_score = 0.2466
2024-03-09 13:27:20,680 -   eval_score = 0.4724
2024-03-09 13:27:43,132 - ***** Epoch: 3: Eval results *****
2024-03-09 13:27:43,133 -   train_loss = 1.1605
2024-03-09 13:27:43,133 -   best_eval_score = 0.4724
2024-03-09 13:27:43,133 -   eval_score = 0.5813
2024-03-09 13:28:05,100 - ***** Epoch: 4: Eval results *****
2024-03-09 13:28:05,100 -   train_loss = 0.7332
2024-03-09 13:28:05,100 -   best_eval_score = 0.5813
2024-03-09 13:28:05,100 -   eval_score = 0.5937
2024-03-09 13:28:27,453 - ***** Epoch: 5: Eval results *****
2024-03-09 13:28:27,453 -   train_loss = 0.4541
2024-03-09 13:28:27,454 -   best_eval_score = 0.5937
2024-03-09 13:28:27,454 -   eval_score = 0.6501
2024-03-09 13:28:49,542 - ***** Epoch: 6: Eval results *****
2024-03-09 13:28:49,543 -   train_loss = 0.2845
2024-03-09 13:28:49,543 -   best_eval_score = 0.6501
2024-03-09 13:28:49,543 -   eval_score = 0.6671
2024-03-09 13:29:11,439 - ***** Epoch: 7: Eval results *****
2024-03-09 13:29:11,439 -   train_loss = 0.1671
2024-03-09 13:29:11,439 -   best_eval_score = 0.6671
2024-03-09 13:29:11,439 -   eval_score = 0.6592
2024-03-09 13:29:11,439 - EarlyStopping counter: 1 out of 8
2024-03-09 13:29:33,471 - ***** Epoch: 8: Eval results *****
2024-03-09 13:29:33,471 -   train_loss = 0.1035
2024-03-09 13:29:33,471 -   best_eval_score = 0.6671
2024-03-09 13:29:33,471 -   eval_score = 0.6818
2024-03-09 13:29:55,773 - ***** Epoch: 9: Eval results *****
2024-03-09 13:29:55,773 -   train_loss = 0.0628
2024-03-09 13:29:55,773 -   best_eval_score = 0.6818
2024-03-09 13:29:55,773 -   eval_score = 0.6943
2024-03-09 13:30:18,512 - ***** Epoch: 10: Eval results *****
2024-03-09 13:30:18,512 -   train_loss = 0.0453
2024-03-09 13:30:18,512 -   best_eval_score = 0.6943
2024-03-09 13:30:18,512 -   eval_score = 0.6973
2024-03-09 13:30:41,869 - ***** Epoch: 11: Eval results *****
2024-03-09 13:30:41,869 -   train_loss = 0.0355
2024-03-09 13:30:41,870 -   best_eval_score = 0.6973
2024-03-09 13:30:41,870 -   eval_score = 0.6895
2024-03-09 13:30:41,870 - EarlyStopping counter: 1 out of 8
2024-03-09 13:31:04,417 - ***** Epoch: 12: Eval results *****
2024-03-09 13:31:04,417 -   train_loss = 0.0305
2024-03-09 13:31:04,417 -   best_eval_score = 0.6973
2024-03-09 13:31:04,417 -   eval_score = 0.7017
2024-03-09 13:31:26,493 - ***** Epoch: 13: Eval results *****
2024-03-09 13:31:26,493 -   train_loss = 0.0305
2024-03-09 13:31:26,493 -   best_eval_score = 0.7017
2024-03-09 13:31:26,493 -   eval_score = 0.6924
2024-03-09 13:31:26,493 - EarlyStopping counter: 1 out of 8
2024-03-09 13:31:48,632 - ***** Epoch: 14: Eval results *****
2024-03-09 13:31:48,632 -   train_loss = 0.029
2024-03-09 13:31:48,632 -   best_eval_score = 0.7017
2024-03-09 13:31:48,632 -   eval_score = 0.6939
2024-03-09 13:31:48,632 - EarlyStopping counter: 2 out of 8
2024-03-09 13:32:10,233 - ***** Epoch: 15: Eval results *****
2024-03-09 13:32:10,233 -   train_loss = 0.0284
2024-03-09 13:32:10,233 -   best_eval_score = 0.7017
2024-03-09 13:32:10,233 -   eval_score = 0.6971
2024-03-09 13:32:10,233 - EarlyStopping counter: 3 out of 8
2024-03-09 13:32:33,225 - ***** Epoch: 16: Eval results *****
2024-03-09 13:32:33,226 -   train_loss = 0.0258
2024-03-09 13:32:33,226 -   best_eval_score = 0.7017
2024-03-09 13:32:33,226 -   eval_score = 0.6939
2024-03-09 13:32:33,226 - EarlyStopping counter: 4 out of 8
2024-03-09 13:32:55,852 - ***** Epoch: 17: Eval results *****
2024-03-09 13:32:55,852 -   train_loss = 0.025
2024-03-09 13:32:55,852 -   best_eval_score = 0.7017
2024-03-09 13:32:55,852 -   eval_score = 0.6941
2024-03-09 13:32:55,852 - EarlyStopping counter: 5 out of 8
2024-03-09 13:33:18,821 - ***** Epoch: 18: Eval results *****
2024-03-09 13:33:18,821 -   train_loss = 0.0241
2024-03-09 13:33:18,821 -   best_eval_score = 0.7017
2024-03-09 13:33:18,821 -   eval_score = 0.6935
2024-03-09 13:33:18,821 - EarlyStopping counter: 6 out of 8
2024-03-09 13:33:41,571 - ***** Epoch: 19: Eval results *****
2024-03-09 13:33:41,572 -   train_loss = 0.0235
2024-03-09 13:33:41,572 -   best_eval_score = 0.7017
2024-03-09 13:33:41,572 -   eval_score = 0.6924
2024-03-09 13:33:41,572 - EarlyStopping counter: 7 out of 8
2024-03-09 13:34:04,196 - ***** Epoch: 20: Eval results *****
2024-03-09 13:34:04,196 -   train_loss = 0.0224
2024-03-09 13:34:04,196 -   best_eval_score = 0.7017
2024-03-09 13:34:04,196 -   eval_score = 0.6915
2024-03-09 13:34:04,196 - EarlyStopping counter: 8 out of 8
2024-03-09 13:34:04,196 - EarlyStopping at epoch 20
2024-03-09 13:34:04,199 - Training is finished...
2024-03-09 13:34:04,199 - Testing begins...
2024-03-09 13:34:07,882 - ***** Test: Confusion Matrix *****
2024-03-09 13:34:07,883 - [[38  3  0  0  9  0  0  1  0  1  1  0  3  1  0  0  0  0  0  0]
 [ 0 35  0  1  0  2  1  0  0  0  1  0  2  0  1  0  0  0  0  0]
 [ 1  0 26  0  0  0  0  0  0  0  0  0  0  0  0  0  0  0  0  0]
 [ 0  1  0 24  0  0  0  0  0  0  0  0  0  0  0  0  0  0  0  0]
 [ 5  0  0  0 13  0  1  0  1  0  0  1  1  0  0  0  0  1  0  0]
 [ 0  0  0  0  0 11  0  0  0  0  0  0  1  0  0  0  0  0  0  0]
 [ 2  1  0  0  3  0  1  0  3  0  0  0  1  0  0  0  1  0  0  0]
 [ 3  0  0  0  0  0  0  4  1  2  0  0  0  0  0  0  0  0  0  0]
 [ 1  0  0  0  0  0  0  1  6  0  0  0  0  1  0  1  0  0  0  0]
 [ 1  0  0  0  0  0  1  0  0  4  1  0  0  0  0  2  0  1  0  0]
 [ 1  0  0  0  0  0  0  0  0  2 13  1  0  0  1  0  0  0  0  0]
 [ 0  0  0  0  0  0  1  0  0  0  0 17  0  0  0  0  0  0  0  1]
 [ 4  3  0  0  1  0  0  0  0  0  0  1 40  3  3  0  1  0  1  0]
 [ 0  0  0  0  0  0  2  0  0  0  1  1  0 19  1  1  0  0  0  0]
 [ 0  0  0  0  1  0  0  0  0  0  0  0  0  3 14  0  1  0  0  3]
 [ 0  0  0  0  0  0  0  1  0  0  0  0  3  0  0 16  0  0  0  1]
 [ 1  0  0  0  0  0  0  0  0  0  0  0  3  0  2  0 10  0  0  1]
 [ 0  0  0  0  0  0  0  0  0  1  1  0  2  0  0  0  0 11  0  0]
 [ 0  0  0  0  0  0  0  0  0  0  0  0  2  0  0  1  0  0  9  0]
 [ 0  0  0  0  0  0  0  0  0  0  0  0  0  1  1  0  2  0  0  6]]
2024-03-09 13:34:07,884 - ***** Evaluation results *****
2024-03-09 13:34:07,884 -   acc = 0.7124
2024-03-09 13:34:07,884 -   f1 = 0.6756
2024-03-09 13:34:07,884 -   prec = 0.6806
2024-03-09 13:34:07,884 -   rec = 0.6759
2024-03-09 13:34:07,884 - Testing is finished...
2024-03-09 13:34:07,884 - Multimodal intent recognition is finished...
2024-03-09 13:34:07,884 - Results are saved in results/msz.csv
