2024-03-11 02:46:04,657 - ============================== Params ==============================
2024-03-11 02:46:04,658 - logger_name: mult_MIntRec2_multi-class_seed-1_2024-03-11-02-46-04
2024-03-11 02:46:04,658 - dataset: MIntRec2
2024-03-11 02:46:04,658 - data_mode: multi-class
2024-03-11 02:46:04,659 - method: mult
2024-03-11 02:46:04,659 - text_backbone: bert-base-uncased
2024-03-11 02:46:04,659 - text_backbone_path: /home/sharing/disk1/pretrained_embedding/bert/uncased_L-12_H-768_A-12/
2024-03-11 02:46:04,659 - seed: 1
2024-03-11 02:46:04,659 - num_workers: 8
2024-03-11 02:46:04,659 - gpu_id: 3
2024-03-11 02:46:04,659 - data_path: /home/sharing/disk2/sjh/intentDataset
2024-03-11 02:46:04,659 - train: True
2024-03-11 02:46:04,659 - tune: True
2024-03-11 02:46:04,659 - save_model: False
2024-03-11 02:46:04,659 - save_results: True
2024-03-11 02:46:04,659 - log_path: logs
2024-03-11 02:46:04,659 - cache_path: 
2024-03-11 02:46:04,659 - video_data_path: video_data
2024-03-11 02:46:04,659 - audio_data_path: audio_data
2024-03-11 02:46:04,659 - video_feats_path: video_feats.pkl
2024-03-11 02:46:04,659 - audio_feats_path: audio_feats.pkl
2024-03-11 02:46:04,659 - results_path: results
2024-03-11 02:46:04,659 - output_path: /home/sharing/disk2/sjh/Outputs/MIntRec2
2024-03-11 02:46:04,659 - model_path: models
2024-03-11 02:46:04,659 - config_file_name: mult_bert_MIntRec2
2024-03-11 02:46:04,659 - results_file_name: mult_bert.csv
2024-03-11 02:46:04,659 - padding_mode: zero
2024-03-11 02:46:04,659 - padding_loc: end
2024-03-11 02:46:04,659 - need_aligned: False
2024-03-11 02:46:04,659 - eval_monitor: f1
2024-03-11 02:46:04,659 - train_batch_size: 32
2024-03-11 02:46:04,659 - eval_batch_size: 16
2024-03-11 02:46:04,659 - test_batch_size: 16
2024-03-11 02:46:04,659 - wait_patience: 8
2024-03-11 02:46:04,659 - num_train_epochs: 100
2024-03-11 02:46:04,659 - dst_feature_dims: 80
2024-03-11 02:46:04,659 - nheads: 8
2024-03-11 02:46:04,659 - n_levels: 8
2024-03-11 02:46:04,659 - attn_dropout: 0.0
2024-03-11 02:46:04,659 - attn_dropout_v: 0.1
2024-03-11 02:46:04,659 - attn_dropout_a: 0.2
2024-03-11 02:46:04,659 - relu_dropout: 0.1
2024-03-11 02:46:04,659 - embed_dropout: 0.2
2024-03-11 02:46:04,659 - res_dropout: 0.0
2024-03-11 02:46:04,659 - output_dropout: 0.2
2024-03-11 02:46:04,660 - text_dropout: 0.2
2024-03-11 02:46:04,660 - grad_clip: 0.5
2024-03-11 02:46:04,660 - attn_mask: True
2024-03-11 02:46:04,660 - conv1d_kernel_size_l: 6
2024-03-11 02:46:04,660 - conv1d_kernel_size_v: 1
2024-03-11 02:46:04,660 - conv1d_kernel_size_a: 2
2024-03-11 02:46:04,660 - lr: 2e-05
2024-03-11 02:46:04,660 - pred_output_path: /home/sharing/disk2/sjh/Outputs/MIntRec2/mult_MIntRec2_multi-class_seed-1_2024-03-11-02-46-04
2024-03-11 02:46:04,660 - model_output_path: /home/sharing/disk2/sjh/Outputs/MIntRec2/mult_MIntRec2_multi-class_seed-1_2024-03-11-02-46-04/models
2024-03-11 02:46:04,660 - num_labels: 30
2024-03-11 02:46:04,660 - text_feat_dim: 768
2024-03-11 02:46:04,660 - video_feat_dim: 256
2024-03-11 02:46:04,660 - audio_feat_dim: 768
2024-03-11 02:46:04,660 - text_seq_len: 50
2024-03-11 02:46:04,660 - video_seq_len: 180
2024-03-11 02:46:04,660 - audio_seq_len: 400
2024-03-11 02:46:04,660 - device: cuda:3
2024-03-11 02:46:04,660 - ============================== End Params ==============================
2024-03-11 02:46:04,857 - Generate Text Features Begin...
2024-03-11 02:46:07,089 - Generate Text Features Finished...
2024-03-11 02:46:07,327 - Load Video Features Begin...
2024-03-11 02:48:23,401 - Load Video Features Finished...
2024-03-11 02:48:30,003 - Load Audio Features Begin...
2024-03-11 02:55:26,384 - Load Audio Features Finished...
2024-03-11 02:55:42,556 - method  begins...
2024-03-11 02:55:53,898 - Multimodal intent recognition begins...
2024-03-11 02:55:53,898 - Training begins...
2024-03-11 02:57:32,428 - ***** Epoch: 1: Eval results *****
2024-03-11 02:57:32,437 -   best_eval_score = 0.0
2024-03-11 02:57:32,437 -   eval_score = 0.3648
2024-03-11 02:57:32,437 -   train_loss = 2.3775
2024-03-11 02:59:09,423 - ***** Epoch: 2: Eval results *****
2024-03-11 02:59:09,431 -   best_eval_score = 0.3648
2024-03-11 02:59:09,431 -   eval_score = 0.4634
2024-03-11 02:59:09,431 -   train_loss = 1.5245
2024-03-11 03:00:46,874 - ***** Epoch: 3: Eval results *****
2024-03-11 03:00:46,874 -   best_eval_score = 0.4634
2024-03-11 03:00:46,874 -   eval_score = 0.4754
2024-03-11 03:00:46,874 -   train_loss = 1.1301
2024-03-11 03:02:24,185 - ***** Epoch: 4: Eval results *****
2024-03-11 03:02:24,186 -   best_eval_score = 0.4754
2024-03-11 03:02:24,186 -   eval_score = 0.5073
2024-03-11 03:02:24,186 -   train_loss = 0.8014
2024-03-11 03:04:01,975 - ***** Epoch: 5: Eval results *****
2024-03-11 03:04:01,975 -   best_eval_score = 0.5073
2024-03-11 03:04:01,975 -   eval_score = 0.4918
2024-03-11 03:04:01,975 -   train_loss = 0.5189
2024-03-11 03:04:01,975 - EarlyStopping counter: 1 out of 8
2024-03-11 03:05:41,050 - ***** Epoch: 6: Eval results *****
2024-03-11 03:05:41,050 -   best_eval_score = 0.5073
2024-03-11 03:05:41,050 -   eval_score = 0.515
2024-03-11 03:05:41,050 -   train_loss = 0.3362
2024-03-11 03:07:20,169 - ***** Epoch: 7: Eval results *****
2024-03-11 03:07:20,179 -   best_eval_score = 0.515
2024-03-11 03:07:20,179 -   eval_score = 0.5357
2024-03-11 03:07:20,179 -   train_loss = 0.2237
2024-03-11 03:08:59,287 - ***** Epoch: 8: Eval results *****
2024-03-11 03:08:59,288 -   best_eval_score = 0.5357
2024-03-11 03:08:59,288 -   eval_score = 0.5222
2024-03-11 03:08:59,288 -   train_loss = 0.1482
2024-03-11 03:08:59,288 - EarlyStopping counter: 1 out of 8
2024-03-11 03:10:38,624 - ***** Epoch: 9: Eval results *****
2024-03-11 03:10:38,625 -   best_eval_score = 0.5357
2024-03-11 03:10:38,625 -   eval_score = 0.5226
2024-03-11 03:10:38,625 -   train_loss = 0.1151
2024-03-11 03:10:38,625 - EarlyStopping counter: 2 out of 8
2024-03-11 03:12:24,976 - ***** Epoch: 10: Eval results *****
2024-03-11 03:12:24,985 -   best_eval_score = 0.5357
2024-03-11 03:12:24,985 -   eval_score = 0.5334
2024-03-11 03:12:24,985 -   train_loss = 0.0922
2024-03-11 03:12:24,985 - EarlyStopping counter: 3 out of 8
2024-03-11 03:14:04,881 - ***** Epoch: 11: Eval results *****
2024-03-11 03:14:04,881 -   best_eval_score = 0.5357
2024-03-11 03:14:04,881 -   eval_score = 0.5224
2024-03-11 03:14:04,882 -   train_loss = 0.0881
2024-03-11 03:14:04,882 - EarlyStopping counter: 4 out of 8
2024-03-11 03:15:44,291 - ***** Epoch: 12: Eval results *****
2024-03-11 03:15:44,292 -   best_eval_score = 0.5357
2024-03-11 03:15:44,292 -   eval_score = 0.5259
2024-03-11 03:15:44,292 -   train_loss = 0.0652
2024-03-11 03:15:44,292 - EarlyStopping counter: 5 out of 8
2024-03-11 03:17:21,638 - ***** Epoch: 13: Eval results *****
2024-03-11 03:17:21,639 -   best_eval_score = 0.5357
2024-03-11 03:17:21,639 -   eval_score = 0.5298
2024-03-11 03:17:21,639 -   train_loss = 0.056
2024-03-11 03:17:21,639 - EarlyStopping counter: 6 out of 8
2024-03-11 03:19:00,452 - ***** Epoch: 14: Eval results *****
2024-03-11 03:19:00,452 -   best_eval_score = 0.5357
2024-03-11 03:19:00,453 -   eval_score = 0.5322
2024-03-11 03:19:00,453 -   train_loss = 0.0512
2024-03-11 03:19:00,453 - EarlyStopping counter: 7 out of 8
2024-03-11 03:20:39,847 - ***** Epoch: 15: Eval results *****
2024-03-11 03:20:39,847 -   best_eval_score = 0.5357
2024-03-11 03:20:39,847 -   eval_score = 0.5272
2024-03-11 03:20:39,847 -   train_loss = 0.0513
2024-03-11 03:20:39,847 - EarlyStopping counter: 8 out of 8
2024-03-11 03:20:39,847 - EarlyStopping at epoch 15
2024-03-11 03:20:39,851 - Training is finished...
2024-03-11 03:20:39,852 - Testing begins...
2024-03-11 03:20:55,784 - ***** Test: Confusion Matrix *****
2024-03-11 03:20:55,785 - [[ 49   0  10   0   0   0   0   0   2   0   2   0   0   0   0   0   0   0
    1   0   0   0   0   1   3   0   0   0   0   0]
 [  0  58   0   0   7   2   4   0   2   0   1   0   4   0   2   0   0   8
    1   2   0   1   0   1   1   1   0   2   0   0]
 [ 13   0  38   0   1   0   0   0   0   0   1   0   0   1   1   1   0   3
    0   0   0   1   0   1   2   0   0   1   0   0]
 [  0   0   0  61   0   0   0   1   0   0   0   0   0   0   2   0   0   1
    0   0   0   0   0   0   0   0   0   0   0   0]
 [  0   4   0   0  34   0   0   0   1   0   0   0   0   0   0   0   0   5
    0   0   0   2   0   2   1   0   0   0   1   1]
 [  0   1   0   0   0  26   1   0   0   1   1   0   0   0   1   0   0   5
    0   0   0   0   0   1   0   0   0   0   0   0]
 [  0   0   0   0   0   3  32   8   0   0   2   1   2   0   0   0   0   0
    0   0   0   0   0   0   0   0   0   0   0   0]
 [  0   0   0   0   0   0  10  24   0   0   6   1   4   0   0   0   1   0
    0   0   0   0   1   0   0   0   0   0   0   0]
 [  1   3   1   3   1   0   0   0  21   0   0   1   0   1   4   2   0   6
    0   0   0   0   3   0   2   0   0   0   0   0]
 [  0   2   1   1   0   0   0   0   2  46   0   4  11   3   8   2   0   7
    3   0   3   4   3   1   2   0   0   3   0   1]
 [  2   0   0   0   0   3  11   3   0   2  42   0  23   0   3   0   0   1
    0   1   1   0   0   0   1   0   0   0   0   0]
 [  0   1   0   0   0   0   0   1   1   5   1  15   8   1   1   0   0   2
    1   0   0   0   3   0   0   0   0   6   0   1]
 [  0   1   0   0   0   1  13   9   1   4  18   1  83   1   0   0   1   0
    0   1   0   0   0   0   0   0   0   1   0   0]
 [  0   0   2   0   1   0   0   0   0   1   0   0   0   1   6   0   0   2
    2   0   1   0   1   0   0   0   0   0   0   0]
 [  0   2   1   0   0   1   0   0   4   5   1   1   2   4 112   4   0  30
    4   0   1   0  14   0   4   0   1   2   0   0]
 [  0   0   0   0   0   0   0   0   0   3   0   0   0   2   3   5   0   1
    2   0   1   1   0   1   0   0   0   2   1   0]
 [  0   0   0   0   1   0   0   2   0   0   1   0   1   0   0   1  54   0
    4   1   0   0   0   0   1   0   0   0   0   0]
 [  2   4   1   0   5   6   1   0   2   6   1   0   1   3  19   4   2 121
    9   0   2   3   6  12   0   0   1   3   1   2]
 [  0   1   1   0   0   0   1   0   0   3   2   0   0   0   6   1   1   9
   27   1   5   0   0   0   1   0   0   1   0   0]
 [  0   6   0   0   0   0   4   1   1   0   0   0   0   0   0   0   0   0
    0   4   0   1   0   0   0   0   0   0   0   0]
 [  0   1   2   0   1   0   0   0   0   1   1   0   0   0   3   0   0   4
    5   0   5   0   0   1   2   0   0   2   0   1]
 [  6   1   0   0   1   0   0   0   0   2   0   0   0   0   0   0   5   1
    0   0   0  26   1   6   1   1   1   0   0   1]
 [  0   1   0   1   0   0   0   1   0   2   0   0   0   0   8   1   0   3
    1   0   0   2  82   0   2   3   9   1   0   0]
 [  0   3   1   0   1   0   0   0   0   1   0   0   0   0   1   0   0   6
    0   0   0   2   0  23   0   0   0   0   0   0]
 [  1   0   2   0   0   0   1   0   1   1   0   1   0   0   4   0   0   3
    0   0   0   1   1   1  85   0   0   9   2   0]
 [  1   2   0   0   1   0   0   0   0   0   0   0   0   0   0   0   0   2
    0   0   0   0   4   0   1  18   1   0   0   1]
 [  0   1   0   0   0   0   0   0   0   2   0   0   0   1   1   0   0   2
    0   0   0   0   2   0   0   0   6   0   2   0]
 [  0   3   2   0   1   0   0   1   2   4   2   3   3   1   3   1   0   5
    1   0   1   1   2   0   8   1   0  12   1   0]
 [  0   0   0   0   0   0   0   0   0   0   0   0   0   0   1   0   1   0
    0   0   0   0   0   0   0   0   0   0  56   0]
 [  0   1   0   0   1   0   0   0   0   2   1   1   0   0   0   0   0   3
    1   0   0   3   0   0   1   1   0   0   0   4]]
2024-03-11 03:20:55,786 - ***** Evaluation results *****
2024-03-11 03:20:55,786 -   acc = 0.5755
2024-03-11 03:20:55,786 -   f1 = 0.5178
2024-03-11 03:20:55,786 -   prec = 0.5248
2024-03-11 03:20:55,786 -   rec = 0.5202
2024-03-11 03:20:55,786 - Testing is finished...
2024-03-11 03:20:55,786 - Multimodal intent recognition is finished...
2024-03-11 03:20:55,786 - Results are saved in results/mult_bert.csv
