2024-02-29 15:37:17,872 - ============================== Params ==============================
2024-02-29 15:37:17,872 - logger_name: mult_MIntRec2_multi-class_seed-4_2024-02-29-15-37-17
2024-02-29 15:37:17,872 - dataset: MIntRec2
2024-02-29 15:37:17,872 - data_mode: multi-class
2024-02-29 15:37:17,872 - method: mult
2024-02-29 15:37:17,872 - text_backbone: bert-base-uncased
2024-02-29 15:37:17,872 - text_backbone_path: /home/sharing/disk1/pretrained_embedding/bert/uncased_L-12_H-768_A-12/
2024-02-29 15:37:17,872 - seed: 4
2024-02-29 15:37:17,872 - num_workers: 8
2024-02-29 15:37:17,872 - gpu_id: 2
2024-02-29 15:37:17,872 - data_path: /home/sharing/disk2/sjh/intentDataset
2024-02-29 15:37:17,872 - train: True
2024-02-29 15:37:17,872 - tune: False
2024-02-29 15:37:17,872 - save_model: False
2024-02-29 15:37:17,872 - save_results: True
2024-02-29 15:37:17,872 - log_path: logs
2024-02-29 15:37:17,872 - cache_path: 
2024-02-29 15:37:17,872 - video_data_path: video_data
2024-02-29 15:37:17,872 - audio_data_path: audio_data
2024-02-29 15:37:17,872 - video_feats_path: video_feats.pkl
2024-02-29 15:37:17,872 - audio_feats_path: audio_feats.pkl
2024-02-29 15:37:17,872 - results_path: results
2024-02-29 15:37:17,872 - output_path: /home/sharing/disk2/sjh/Outputs/MIntRec2
2024-02-29 15:37:17,872 - model_path: models
2024-02-29 15:37:17,872 - config_file_name: mult_bert_MIntRec2
2024-02-29 15:37:17,872 - results_file_name: mult_bert.csv
2024-02-29 15:37:17,872 - padding_mode: zero
2024-02-29 15:37:17,872 - padding_loc: end
2024-02-29 15:37:17,872 - need_aligned: False
2024-02-29 15:37:17,872 - eval_monitor: f1
2024-02-29 15:37:17,872 - train_batch_size: 16
2024-02-29 15:37:17,872 - eval_batch_size: 8
2024-02-29 15:37:17,872 - test_batch_size: 8
2024-02-29 15:37:17,873 - wait_patience: 8
2024-02-29 15:37:17,873 - num_train_epochs: 100
2024-02-29 15:37:17,873 - dst_feature_dims: 120
2024-02-29 15:37:17,873 - nheads: 8
2024-02-29 15:37:17,873 - n_levels: 4
2024-02-29 15:37:17,873 - attn_dropout: 0.0
2024-02-29 15:37:17,873 - attn_dropout_v: 0.2
2024-02-29 15:37:17,873 - attn_dropout_a: 0.2
2024-02-29 15:37:17,873 - relu_dropout: 0.0
2024-02-29 15:37:17,873 - embed_dropout: 0.1
2024-02-29 15:37:17,873 - res_dropout: 0.0
2024-02-29 15:37:17,873 - output_dropout: 0.2
2024-02-29 15:37:17,873 - text_dropout: 0.4
2024-02-29 15:37:17,873 - grad_clip: 0.5
2024-02-29 15:37:17,873 - attn_mask: True
2024-02-29 15:37:17,873 - conv1d_kernel_size_l: 5
2024-02-29 15:37:17,873 - conv1d_kernel_size_v: 1
2024-02-29 15:37:17,873 - conv1d_kernel_size_a: 1
2024-02-29 15:37:17,873 - lr: 2e-05
2024-02-29 15:37:17,873 - pred_output_path: /home/sharing/disk2/sjh/Outputs/MIntRec2/mult_MIntRec2_multi-class_seed-4_2024-02-29-15-37-17
2024-02-29 15:37:17,873 - model_output_path: /home/sharing/disk2/sjh/Outputs/MIntRec2/mult_MIntRec2_multi-class_seed-4_2024-02-29-15-37-17/models
2024-02-29 15:37:17,873 - ============================== End Params ==============================
2024-02-29 15:37:17,886 - Generate Text Features Begin...
2024-02-29 15:37:19,510 - Generate Text Features Finished...
2024-02-29 15:37:19,511 - Load Video Features Begin...
2024-02-29 15:37:20,577 - Load Video Features Finished...
2024-02-29 15:37:22,256 - Load Audio Features Begin...
2024-02-29 15:37:26,770 - Load Audio Features Finished...
2024-02-29 15:37:38,774 - method  begins...
2024-02-29 15:37:40,631 - Multimodal intent recognition begins...
2024-02-29 15:37:40,631 - Training begins...
2024-02-29 15:39:13,188 - ***** Epoch: 1: Eval results *****
2024-02-29 15:39:13,188 -   best_eval_score = 0.0
2024-02-29 15:39:13,188 -   eval_score = 0.4289
2024-02-29 15:39:13,188 -   train_loss = 2.0274
2024-02-29 15:40:43,018 - ***** Epoch: 2: Eval results *****
2024-02-29 15:40:43,018 -   best_eval_score = 0.4289
2024-02-29 15:40:43,018 -   eval_score = 0.4713
2024-02-29 15:40:43,019 -   train_loss = 1.2519
2024-02-29 15:42:12,658 - ***** Epoch: 3: Eval results *****
2024-02-29 15:42:12,658 -   best_eval_score = 0.4713
2024-02-29 15:42:12,658 -   eval_score = 0.495
2024-02-29 15:42:12,658 -   train_loss = 0.8179
2024-02-29 15:43:45,255 - ***** Epoch: 4: Eval results *****
2024-02-29 15:43:45,256 -   best_eval_score = 0.495
2024-02-29 15:43:45,256 -   eval_score = 0.5339
2024-02-29 15:43:45,256 -   train_loss = 0.4935
2024-02-29 15:45:16,805 - ***** Epoch: 5: Eval results *****
2024-02-29 15:45:16,805 -   best_eval_score = 0.5339
2024-02-29 15:45:16,805 -   eval_score = 0.5169
2024-02-29 15:45:16,805 -   train_loss = 0.2719
2024-02-29 15:45:16,806 - EarlyStopping counter: 1 out of 8
2024-02-29 15:46:48,029 - ***** Epoch: 6: Eval results *****
2024-02-29 15:46:48,029 -   best_eval_score = 0.5339
2024-02-29 15:46:48,029 -   eval_score = 0.501
2024-02-29 15:46:48,029 -   train_loss = 0.1657
2024-02-29 15:46:48,029 - EarlyStopping counter: 2 out of 8
2024-02-29 15:48:17,655 - ***** Epoch: 7: Eval results *****
2024-02-29 15:48:17,655 -   best_eval_score = 0.5339
2024-02-29 15:48:17,655 -   eval_score = 0.502
2024-02-29 15:48:17,655 -   train_loss = 0.119
2024-02-29 15:48:17,655 - EarlyStopping counter: 3 out of 8
2024-02-29 15:49:46,451 - ***** Epoch: 8: Eval results *****
2024-02-29 15:49:46,451 -   best_eval_score = 0.5339
2024-02-29 15:49:46,451 -   eval_score = 0.4935
2024-02-29 15:49:46,451 -   train_loss = 0.1019
2024-02-29 15:49:46,451 - EarlyStopping counter: 4 out of 8
2024-02-29 15:51:18,277 - ***** Epoch: 9: Eval results *****
2024-02-29 15:51:18,277 -   best_eval_score = 0.5339
2024-02-29 15:51:18,277 -   eval_score = 0.5058
2024-02-29 15:51:18,277 -   train_loss = 0.0799
2024-02-29 15:51:18,277 - EarlyStopping counter: 5 out of 8
2024-02-29 15:52:47,380 - ***** Epoch: 10: Eval results *****
2024-02-29 15:52:47,380 -   best_eval_score = 0.5339
2024-02-29 15:52:47,380 -   eval_score = 0.4974
2024-02-29 15:52:47,381 -   train_loss = 0.0694
2024-02-29 15:52:47,381 - EarlyStopping counter: 6 out of 8
2024-02-29 15:54:16,924 - ***** Epoch: 11: Eval results *****
2024-02-29 15:54:16,925 -   best_eval_score = 0.5339
2024-02-29 15:54:16,925 -   eval_score = 0.5033
2024-02-29 15:54:16,925 -   train_loss = 0.0419
2024-02-29 15:54:16,925 - EarlyStopping counter: 7 out of 8
2024-02-29 15:55:48,117 - ***** Epoch: 12: Eval results *****
2024-02-29 15:55:48,117 -   best_eval_score = 0.5339
2024-02-29 15:55:48,117 -   eval_score = 0.504
2024-02-29 15:55:48,117 -   train_loss = 0.035
2024-02-29 15:55:48,117 - EarlyStopping counter: 8 out of 8
2024-02-29 15:55:48,117 - EarlyStopping at epoch 12
2024-02-29 15:55:48,120 - Training is finished...
2024-02-29 15:55:48,121 - Testing begins...
2024-02-29 15:56:03,180 - ***** Test: Confusion Matrix *****
2024-02-29 15:56:03,182 - [[ 52   0  10   0   0   0   0   0   0   0   2   0   0   1   0   0   0   0
    0   0   0   1   0   0   2   0   0   0   0   0]
 [  0  62   0   0   8   0   2   0   1   0   3   0   2   0   5   0   0   7
    0   2   0   0   1   0   2   0   0   2   0   0]
 [ 11   1  40   0   1   0   0   0   0   0   1   0   0   0   1   1   0   4
    0   0   0   0   0   2   1   0   0   1   0   0]
 [  0   0   0  61   0   0   0   1   0   0   0   0   0   0   3   0   0   0
    0   0   0   0   0   0   0   0   0   0   0   0]
 [  0   3   0   0  37   1   0   0   1   0   0   0   0   0   0   0   0   3
    0   0   0   2   0   1   1   0   0   1   1   0]
 [  0   3   0   0   1  20   1   1   0   1   2   0   0   0   1   0   0   5
    0   0   0   0   1   1   0   0   0   0   0   0]
 [  0   1   0   0   0   2  23   9   0   2   3   0   7   0   0   0   0   0
    0   1   0   0   0   0   0   0   0   0   0   0]
 [  0   0   0   0   0   0   7  21   0   1   8   0   9   0   0   0   0   0
    0   0   0   0   0   0   0   0   0   1   0   0]
 [  1   2   2   3   1   0   0   0  20   0   0   1   1   1   3   0   0   3
    0   0   0   1   8   0   2   0   0   0   0   0]
 [  0   2   1   0   0   0   0   0   2  60   1   4   4   1  11   0   0   7
    2   0   0   2   3   1   1   0   0   3   0   2]
 [  2   1   0   0   0   3   1   1   0   2  48   0  27   0   2   0   1   0
    0   3   0   0   0   1   1   0   0   0   0   0]
 [  0   1   0   0   0   0   0   0   0   8   2  17   8   0   1   0   0   3
    0   0   0   1   3   0   0   0   0   3   0   0]
 [  0   2   2   0   0   1   1   3   0   7  28   0  87   0   1   0   0   0
    0   0   0   1   1   0   0   0   0   1   0   0]
 [  0   0   2   0   0   0   0   0   0   2   0   0   0   0   4   1   0   5
    2   0   1   0   0   0   0   0   0   0   0   0]
 [  0   4   1   0   1   0   0   1   2  15   1   0   1   0 117   3   0  21
    3   1   1   0  16   1   3   0   0   1   0   0]
 [  0   0   1   0   1   0   0   0   0   5   0   0   0   0   2   4   0   4
    1   0   0   1   0   0   0   0   0   2   1   0]
 [  0   0   0   0   1   0   0   4   0   0   1   0   2   0   0   1  50   1
    5   0   0   1   0   0   0   0   0   0   0   0]
 [  1   6   2   0   7   4   0   0   2  13   0   0   1   1  20   3   1 121
    9   3   0   5   6   7   0   1   1   1   1   1]
 [  0   1   1   0   1   0   1   0   0   4   1   0   0   1   7   0   1  11
   28   0   2   0   0   0   0   0   0   1   0   0]
 [  0   7   0   0   0   0   2   0   0   0   1   0   0   0   0   0   0   1
    0   4   0   1   0   1   0   0   0   0   0   0]
 [  0   1   2   0   1   0   0   0   0   2   1   1   0   0   6   0   0   5
    4   0   1   0   1   0   2   0   0   1   0   1]
 [  6   1   0   0   1   0   0   0   0   6   0   0   0   0   0   0   4   1
    0   0   0  28   1   3   1   0   0   0   0   1]
 [  0   1   3   0   1   0   0   0   0   4   1   3   0   0  10   1   0   2
    0   0   0   1  84   0   0   2   4   0   0   0]
 [  0   4   2   0   1   0   0   0   0   2   0   0   0   0   1   0   0   6
    0   0   0   3   0  19   0   0   0   0   0   0]
 [  1   1   2   0   0   0   0   0   0   2   0   2   0   1   4   0   0   3
    2   0   0   2   1   1  78   0   0  11   2   0]
 [  1   0   0   0   0   0   0   0   2   0   0   1   0   0   0   0   0   2
    0   0   0   0   6   0   1  17   0   0   0   1]
 [  0   0   0   0   0   0   0   0   0   3   0   0   0   0   1   0   0   4
    0   0   0   1   3   0   0   0   4   0   1   0]
 [  0   2   1   0   0   0   0   0   2   7   3   3   3   1   4   0   0   5
    1   0   0   0   2   0   6   1   0  15   1   1]
 [  0   0   0   0   0   0   0   0   0   1   0   0   0   0   0   0   1   0
    0   0   0   0   0   0   0   0   0   0  56   0]
 [  0   1   0   0   0   0   0   0   1   1   1   1   0   0   0   0   0   4
    1   0   1   1   0   0   0   2   0   1   0   4]]
2024-02-29 15:56:03,182 - ***** Evaluation results *****
2024-02-29 15:56:03,182 -   acc = 0.5794
2024-02-29 15:56:03,182 -   f1 = 0.5127
2024-02-29 15:56:03,182 -   prec = 0.5352
2024-02-29 15:56:03,182 -   rec = 0.5048
2024-02-29 15:56:03,182 - Testing is finished...
2024-02-29 15:56:03,182 - Multimodal intent recognition is finished...
2024-02-29 15:56:03,182 - Results are saved in results/mult_bert.csv
