2024-03-02 09:37:42,458 - ============================== Params ==============================
2024-03-02 09:37:42,458 - logger_name: mult_MIntRec2_multi-class_seed-1_2024-03-02-09-37-42
2024-03-02 09:37:42,458 - dataset: MIntRec2
2024-03-02 09:37:42,458 - data_mode: multi-class
2024-03-02 09:37:42,458 - method: mult
2024-03-02 09:37:42,458 - text_backbone: bert-base-uncased
2024-03-02 09:37:42,458 - text_backbone_path: /home/sharing/disk1/pretrained_embedding/bert/uncased_L-12_H-768_A-12/
2024-03-02 09:37:42,458 - seed: 1
2024-03-02 09:37:42,458 - num_workers: 8
2024-03-02 09:37:42,458 - gpu_id: 2
2024-03-02 09:37:42,458 - data_path: /home/sharing/disk2/sjh/intentDataset
2024-03-02 09:37:42,458 - train: True
2024-03-02 09:37:42,458 - tune: True
2024-03-02 09:37:42,458 - save_model: False
2024-03-02 09:37:42,459 - save_results: True
2024-03-02 09:37:42,459 - log_path: logs
2024-03-02 09:37:42,459 - cache_path: 
2024-03-02 09:37:42,459 - video_data_path: video_data
2024-03-02 09:37:42,459 - audio_data_path: audio_data
2024-03-02 09:37:42,459 - video_feats_path: video_feats.pkl
2024-03-02 09:37:42,459 - audio_feats_path: audio_feats.pkl
2024-03-02 09:37:42,459 - results_path: results
2024-03-02 09:37:42,459 - output_path: /home/sharing/disk2/sjh/Outputs/MIntRec2
2024-03-02 09:37:42,459 - model_path: models
2024-03-02 09:37:42,459 - config_file_name: mult_bert_MIntRec2
2024-03-02 09:37:42,459 - results_file_name: mult_bert.csv
2024-03-02 09:37:42,459 - padding_mode: zero
2024-03-02 09:37:42,459 - padding_loc: end
2024-03-02 09:37:42,459 - need_aligned: False
2024-03-02 09:37:42,459 - eval_monitor: f1
2024-03-02 09:37:42,459 - train_batch_size: 16
2024-03-02 09:37:42,459 - eval_batch_size: 8
2024-03-02 09:37:42,459 - test_batch_size: 8
2024-03-02 09:37:42,459 - wait_patience: 8
2024-03-02 09:37:42,459 - num_train_epochs: 100
2024-03-02 09:37:42,459 - dst_feature_dims: 120
2024-03-02 09:37:42,459 - nheads: 8
2024-03-02 09:37:42,459 - n_levels: 4
2024-03-02 09:37:42,459 - attn_dropout: 0.0
2024-03-02 09:37:42,459 - attn_dropout_v: 0.2
2024-03-02 09:37:42,459 - attn_dropout_a: 0.2
2024-03-02 09:37:42,459 - relu_dropout: 0.0
2024-03-02 09:37:42,459 - embed_dropout: 0.1
2024-03-02 09:37:42,459 - res_dropout: 0.0
2024-03-02 09:37:42,459 - output_dropout: 0.2
2024-03-02 09:37:42,459 - text_dropout: 0.4
2024-03-02 09:37:42,459 - grad_clip: 0.5
2024-03-02 09:37:42,459 - attn_mask: True
2024-03-02 09:37:42,459 - conv1d_kernel_size_l: 6
2024-03-02 09:37:42,459 - conv1d_kernel_size_v: 1
2024-03-02 09:37:42,460 - conv1d_kernel_size_a: 1
2024-03-02 09:37:42,460 - lr: 2e-05
2024-03-02 09:37:42,460 - pred_output_path: /home/sharing/disk2/sjh/Outputs/MIntRec2/mult_MIntRec2_multi-class_seed-1_2024-03-02-09-37-42
2024-03-02 09:37:42,460 - model_output_path: /home/sharing/disk2/sjh/Outputs/MIntRec2/mult_MIntRec2_multi-class_seed-1_2024-03-02-09-37-42/models
2024-03-02 09:37:42,460 - num_labels: 30
2024-03-02 09:37:42,460 - text_feat_dim: 768
2024-03-02 09:37:42,460 - video_feat_dim: 256
2024-03-02 09:37:42,460 - audio_feat_dim: 768
2024-03-02 09:37:42,460 - text_seq_len: 50
2024-03-02 09:37:42,460 - video_seq_len: 180
2024-03-02 09:37:42,460 - audio_seq_len: 400
2024-03-02 09:37:42,460 - device: cuda:2
2024-03-02 09:37:42,460 - ============================== End Params ==============================
2024-03-02 09:37:42,928 - Generate Text Features Begin...
2024-03-02 09:37:48,239 - Generate Text Features Finished...
2024-03-02 09:37:48,240 - Load Video Features Begin...
2024-03-02 09:39:25,662 - Load Video Features Finished...
2024-03-02 09:40:21,015 - Load Audio Features Begin...
2024-03-02 09:48:32,894 - Load Audio Features Finished...
2024-03-02 10:00:24,440 - method  begins...
2024-03-02 10:01:23,970 - Multimodal intent recognition begins...
2024-03-02 10:01:23,980 - Training begins...
2024-03-02 10:04:47,048 - ***** Epoch: 1: Eval results *****
2024-03-02 10:04:47,049 -   best_eval_score = 0.0
2024-03-02 10:04:47,050 -   eval_score = 0.4226
2024-03-02 10:04:47,050 -   train_loss = 2.0592
2024-03-02 10:08:11,616 - ***** Epoch: 2: Eval results *****
2024-03-02 10:08:11,623 -   best_eval_score = 0.4226
2024-03-02 10:08:11,623 -   eval_score = 0.4567
2024-03-02 10:08:11,623 -   train_loss = 1.2497
2024-03-02 10:11:46,740 - ***** Epoch: 3: Eval results *****
2024-03-02 10:11:46,740 -   best_eval_score = 0.4567
2024-03-02 10:11:46,740 -   eval_score = 0.4965
2024-03-02 10:11:46,740 -   train_loss = 0.837
2024-03-02 10:13:41,159 - ***** Epoch: 4: Eval results *****
2024-03-02 10:13:41,160 -   best_eval_score = 0.4965
2024-03-02 10:13:41,160 -   eval_score = 0.4922
2024-03-02 10:13:41,160 -   train_loss = 0.4952
2024-03-02 10:13:41,161 - EarlyStopping counter: 1 out of 8
2024-03-02 10:15:36,648 - ***** Epoch: 5: Eval results *****
2024-03-02 10:15:36,649 -   best_eval_score = 0.4965
2024-03-02 10:15:36,649 -   eval_score = 0.5097
2024-03-02 10:15:36,649 -   train_loss = 0.2949
2024-03-02 10:17:58,132 - ***** Epoch: 6: Eval results *****
2024-03-02 10:17:58,133 -   best_eval_score = 0.5097
2024-03-02 10:17:58,133 -   eval_score = 0.5028
2024-03-02 10:17:58,133 -   train_loss = 0.174
2024-03-02 10:17:58,133 - EarlyStopping counter: 1 out of 8
2024-03-02 10:19:53,384 - ***** Epoch: 7: Eval results *****
2024-03-02 10:19:53,384 -   best_eval_score = 0.5097
2024-03-02 10:19:53,384 -   eval_score = 0.498
2024-03-02 10:19:53,385 -   train_loss = 0.1199
2024-03-02 10:19:53,385 - EarlyStopping counter: 2 out of 8
2024-03-02 10:21:52,640 - ***** Epoch: 8: Eval results *****
2024-03-02 10:21:52,641 -   best_eval_score = 0.5097
2024-03-02 10:21:52,641 -   eval_score = 0.4927
2024-03-02 10:21:52,641 -   train_loss = 0.115
2024-03-02 10:21:52,641 - EarlyStopping counter: 3 out of 8
2024-03-02 10:24:11,967 - ***** Epoch: 9: Eval results *****
2024-03-02 10:24:11,968 -   best_eval_score = 0.5097
2024-03-02 10:24:11,968 -   eval_score = 0.5144
2024-03-02 10:24:11,968 -   train_loss = 0.0856
2024-03-02 10:26:28,693 - ***** Epoch: 10: Eval results *****
2024-03-02 10:26:28,713 -   best_eval_score = 0.5144
2024-03-02 10:26:28,713 -   eval_score = 0.4988
2024-03-02 10:26:28,713 -   train_loss = 0.0851
2024-03-02 10:26:28,715 - EarlyStopping counter: 1 out of 8
2024-03-02 10:28:41,373 - ***** Epoch: 11: Eval results *****
2024-03-02 10:28:41,374 -   best_eval_score = 0.5144
2024-03-02 10:28:41,374 -   eval_score = 0.4833
2024-03-02 10:28:41,375 -   train_loss = 0.0604
2024-03-02 10:28:41,375 - EarlyStopping counter: 2 out of 8
2024-03-02 10:30:35,603 - ***** Epoch: 12: Eval results *****
2024-03-02 10:30:35,604 -   best_eval_score = 0.5144
2024-03-02 10:30:35,604 -   eval_score = 0.5133
2024-03-02 10:30:35,604 -   train_loss = 0.0376
2024-03-02 10:30:35,604 - EarlyStopping counter: 3 out of 8
2024-03-02 10:32:30,480 - ***** Epoch: 13: Eval results *****
2024-03-02 10:32:30,480 -   best_eval_score = 0.5144
2024-03-02 10:32:30,480 -   eval_score = 0.5061
2024-03-02 10:32:30,481 -   train_loss = 0.0294
2024-03-02 10:32:30,481 - EarlyStopping counter: 4 out of 8
2024-03-02 10:34:18,268 - ***** Epoch: 14: Eval results *****
2024-03-02 10:34:18,268 -   best_eval_score = 0.5144
2024-03-02 10:34:18,268 -   eval_score = 0.5147
2024-03-02 10:34:18,269 -   train_loss = 0.0259
2024-03-02 10:36:42,866 - ***** Epoch: 15: Eval results *****
2024-03-02 10:36:42,866 -   best_eval_score = 0.5147
2024-03-02 10:36:42,866 -   eval_score = 0.515
2024-03-02 10:36:42,866 -   train_loss = 0.0237
2024-03-02 10:39:05,179 - ***** Epoch: 16: Eval results *****
2024-03-02 10:39:05,180 -   best_eval_score = 0.515
2024-03-02 10:39:05,180 -   eval_score = 0.5162
2024-03-02 10:39:05,180 -   train_loss = 0.0228
2024-03-02 10:41:05,206 - ***** Epoch: 17: Eval results *****
2024-03-02 10:41:05,206 -   best_eval_score = 0.5162
2024-03-02 10:41:05,206 -   eval_score = 0.5064
2024-03-02 10:41:05,206 -   train_loss = 0.0209
2024-03-02 10:41:05,208 - EarlyStopping counter: 1 out of 8
2024-03-02 10:43:12,248 - ***** Epoch: 18: Eval results *****
2024-03-02 10:43:12,248 -   best_eval_score = 0.5162
2024-03-02 10:43:12,248 -   eval_score = 0.5079
2024-03-02 10:43:12,249 -   train_loss = 0.0209
2024-03-02 10:43:12,249 - EarlyStopping counter: 2 out of 8
2024-03-02 10:44:45,063 - ***** Epoch: 19: Eval results *****
2024-03-02 10:44:45,064 -   best_eval_score = 0.5162
2024-03-02 10:44:45,064 -   eval_score = 0.5118
2024-03-02 10:44:45,064 -   train_loss = 0.0207
2024-03-02 10:44:45,064 - EarlyStopping counter: 3 out of 8
2024-03-02 10:46:18,879 - ***** Epoch: 20: Eval results *****
2024-03-02 10:46:18,880 -   best_eval_score = 0.5162
2024-03-02 10:46:18,880 -   eval_score = 0.5115
2024-03-02 10:46:18,880 -   train_loss = 0.0191
2024-03-02 10:46:18,880 - EarlyStopping counter: 4 out of 8
2024-03-02 10:47:52,396 - ***** Epoch: 21: Eval results *****
2024-03-02 10:47:52,397 -   best_eval_score = 0.5162
2024-03-02 10:47:52,397 -   eval_score = 0.5081
2024-03-02 10:47:52,397 -   train_loss = 0.0169
2024-03-02 10:47:52,397 - EarlyStopping counter: 5 out of 8
2024-03-02 10:49:26,105 - ***** Epoch: 22: Eval results *****
2024-03-02 10:49:26,105 -   best_eval_score = 0.5162
2024-03-02 10:49:26,105 -   eval_score = 0.5068
2024-03-02 10:49:26,106 -   train_loss = 0.0165
2024-03-02 10:49:26,106 - EarlyStopping counter: 6 out of 8
2024-03-02 10:50:59,892 - ***** Epoch: 23: Eval results *****
2024-03-02 10:50:59,893 -   best_eval_score = 0.5162
2024-03-02 10:50:59,893 -   eval_score = 0.5064
2024-03-02 10:50:59,893 -   train_loss = 0.016
2024-03-02 10:50:59,893 - EarlyStopping counter: 7 out of 8
2024-03-02 10:52:33,464 - ***** Epoch: 24: Eval results *****
2024-03-02 10:52:33,465 -   best_eval_score = 0.5162
2024-03-02 10:52:33,465 -   eval_score = 0.5059
2024-03-02 10:52:33,465 -   train_loss = 0.0161
2024-03-02 10:52:33,465 - EarlyStopping counter: 8 out of 8
2024-03-02 10:52:33,465 - EarlyStopping at epoch 24
2024-03-02 10:52:33,469 - Training is finished...
2024-03-02 10:52:33,470 - Testing begins...
2024-03-02 10:53:05,329 - ***** Test: Confusion Matrix *****
2024-03-02 10:53:05,334 - [[ 47   0  14   0   0   0   0   0   0   0   2   0   0   1   0   0   0   2
    0   0   0   0   0   0   1   0   0   1   0   0]
 [  0  56   0   0   9   1   4   0   2   0   3   0   3   0   5   0   0   7
    0   0   0   1   1   0   1   0   0   3   0   1]
 [  8   0  42   0   1   0   0   0   1   0   1   1   0   2   1   0   0   2
    1   0   0   0   0   1   3   0   0   0   0   0]
 [  0   0   0  61   0   0   0   1   0   0   0   0   0   0   2   0   0   0
    0   0   0   0   0   0   0   0   0   0   0   1]
 [  0   3   0   0  33   2   0   0   2   0   0   0   0   0   0   0   0   3
    0   1   0   2   0   1   1   0   0   0   1   2]
 [  0   0   0   0   4  23   2   0   0   2   1   0   0   0   1   0   0   3
    0   0   0   0   0   1   0   0   0   0   0   0]
 [  0   1   0   0   0   3  33   3   0   1   1   1   5   0   0   0   0   0
    0   0   0   0   0   0   0   0   0   0   0   0]
 [  0   2   0   0   0   0   5  22   0   0   7   1   6   0   0   0   3   0
    0   0   0   0   0   0   0   1   0   0   0   0]
 [  1   1   1   3   1   0   0   0  23   1   0   2   1   0   6   0   0   4
    0   0   0   1   2   0   2   0   0   0   0   0]
 [  0   1   1   3   0   0   0   0   2  47   1   6  10   0  13   1   0   7
    2   0   0   1   2   0   3   0   0   5   0   2]
 [  2   0   0   0   0   3   2   1   1   0  46   0  34   0   1   0   0   2
    0   1   0   0   0   0   0   0   0   0   0   0]
 [  0   0   0   0   0   0   1   0   0   6   0  19   7   0   1   0   0   2
    2   0   0   1   3   0   0   0   0   3   0   2]
 [  0   4   0   0   0   1   3   6   0   4  20   0  96   0   0   0   0   0
    0   0   0   0   0   0   0   0   0   1   0   0]
 [  0   0   3   0   1   0   0   0   0   2   0   0   0   1   6   1   0   0
    2   0   0   0   0   0   0   0   0   1   0   0]
 [  0   1   1   0   1   2   0   0   3   7   1   2   2   2 118   2   0  27
    2   0   3   0   8   0   4   0   0   7   0   0]
 [  0   0   1   0   1   0   0   0   0   4   0   1   0   0   3   6   0   1
    2   0   0   1   1   0   0   0   0   0   1   0]
 [  0   0   0   0   1   0   0   2   1   0   2   0   1   0   1   1  53   0
    4   0   0   0   0   0   0   0   0   0   0   0]
 [  0   5   1   0  10   2   0   0   2   9   1   1   1   1  20   4   1 121
    9   2   2   3   6   9   0   1   1   2   1   2]
 [  0   1   0   0   2   0   0   0   0   4   2   0   0   2   9   1   2   6
   28   0   2   0   0   0   1   0   0   0   0   0]
 [  0   5   0   0   0   0   2   0   0   0   1   0   0   0   1   0   0   1
    0   6   0   1   0   0   0   0   0   0   0   0]
 [  1   1   2   0   1   0   0   0   0   2   0   1   1   0   5   1   0   3
    4   0   3   0   0   1   1   0   0   2   0   0]
 [  6   1   0   0   1   0   0   0   0   2   0   0   0   0   2   0   4   0
    0   0   2  25   1   4   1   0   1   1   0   2]
 [  0   0   0   1   1   0   0   0   1   3   1   4   0   2   8   0   0   3
    0   0   0   1  80   0   1   1   8   2   0   0]
 [  0   3   1   0   1   0   0   0   0   2   0   0   0   0   1   0   0   9
    0   0   0   2   0  19   0   0   0   0   0   0]
 [  2   0   1   0   0   0   1   0   1   2   1   2   0   0   3   2   0   3
    0   0   0   0   1   0  86   0   0   6   2   0]
 [  1   1   0   0   1   0   0   1   0   0   0   0   0   0   0   0   0   2
    0   0   0   0   2   0   1  19   1   0   0   2]
 [  0   0   0   1   0   0   0   0   0   2   0   0   0   1   2   0   0   3
    0   0   0   0   1   0   0   0   4   0   3   0]
 [  0   3   1   0   1   0   0   0   2   7   2   3   4   0   2   1   0   4
    2   0   2   0   2   0   7   1   1  13   0   0]
 [  0   0   0   0   0   0   0   0   0   0   0   0   0   0   0   0   1   0
    0   0   0   0   0   0   0   0   0   1  56   0]
 [  0   2   0   0   0   0   0   0   2   0   1   2   0   0   0   0   0   2
    1   0   0   1   0   0   0   1   0   1   0   6]]
2024-03-02 10:53:05,334 - ***** Evaluation results *****
2024-03-02 10:53:05,334 -   acc = 0.5863
2024-03-02 10:53:05,334 -   f1 = 0.5311
2024-03-02 10:53:05,334 -   prec = 0.5435
2024-03-02 10:53:05,335 -   rec = 0.5268
2024-03-02 10:53:05,335 - Testing is finished...
2024-03-02 10:53:05,335 - Multimodal intent recognition is finished...
2024-03-02 10:53:05,335 - Results are saved in results/mult_bert.csv
