2024-03-06 15:55:01,003 - ============================== Params ==============================
2024-03-06 15:55:01,004 - logger_name: text_MIntRec2_multi-class_seed-2_2024-03-06-15-55-01
2024-03-06 15:55:01,004 - dataset: MIntRec2
2024-03-06 15:55:01,004 - data_mode: multi-class
2024-03-06 15:55:01,004 - method: text
2024-03-06 15:55:01,004 - text_backbone: bert-base-uncased
2024-03-06 15:55:01,004 - text_backbone_path: /home/sharing/disk1/pretrained_embedding/bert/uncased_L-12_H-768_A-12/
2024-03-06 15:55:01,004 - seed: 2
2024-03-06 15:55:01,004 - num_workers: 8
2024-03-06 15:55:01,004 - gpu_id: 3
2024-03-06 15:55:01,004 - data_path: /home/sharing/disk2/sjh/intentDataset
2024-03-06 15:55:01,004 - train: True
2024-03-06 15:55:01,004 - tune: True
2024-03-06 15:55:01,004 - save_model: False
2024-03-06 15:55:01,004 - save_results: True
2024-03-06 15:55:01,004 - log_path: logs
2024-03-06 15:55:01,004 - cache_path: 
2024-03-06 15:55:01,004 - video_data_path: video_data
2024-03-06 15:55:01,004 - audio_data_path: audio_data
2024-03-06 15:55:01,004 - video_feats_path: video_feats.pkl
2024-03-06 15:55:01,004 - audio_feats_path: audio_feats.pkl
2024-03-06 15:55:01,004 - results_path: results
2024-03-06 15:55:01,004 - output_path: /home/sharing/disk2/sjh/Outputs/MIntRec2
2024-03-06 15:55:01,004 - model_path: models
2024-03-06 15:55:01,005 - config_file_name: text_bert_MIntRec2
2024-03-06 15:55:01,005 - results_file_name: text_bert.csv
2024-03-06 15:55:01,005 - padding_mode: zero
2024-03-06 15:55:01,005 - padding_loc: end
2024-03-06 15:55:01,005 - eval_monitor: f1
2024-03-06 15:55:01,005 - train_batch_size: 32
2024-03-06 15:55:01,005 - eval_batch_size: 16
2024-03-06 15:55:01,005 - test_batch_size: 16
2024-03-06 15:55:01,005 - wait_patience: 8
2024-03-06 15:55:01,005 - num_train_epochs: 100
2024-03-06 15:55:01,005 - warmup_proportion: 0.1
2024-03-06 15:55:01,005 - lr: 2e-05
2024-03-06 15:55:01,005 - weight_decay: 0.1
2024-03-06 15:55:01,005 - pred_output_path: /home/sharing/disk2/sjh/Outputs/MIntRec2/text_MIntRec2_multi-class_seed-2_2024-03-06-15-55-01
2024-03-06 15:55:01,005 - model_output_path: /home/sharing/disk2/sjh/Outputs/MIntRec2/text_MIntRec2_multi-class_seed-2_2024-03-06-15-55-01/models
2024-03-06 15:55:01,005 - num_labels: 30
2024-03-06 15:55:01,005 - text_feat_dim: 768
2024-03-06 15:55:01,005 - video_feat_dim: 256
2024-03-06 15:55:01,005 - audio_feat_dim: 768
2024-03-06 15:55:01,005 - text_seq_len: 50
2024-03-06 15:55:01,005 - video_seq_len: 180
2024-03-06 15:55:01,005 - audio_seq_len: 400
2024-03-06 15:55:01,005 - ============================== End Params ==============================
2024-03-06 15:55:01,018 - Generate Text Features Begin...
2024-03-06 15:55:02,600 - Generate Text Features Finished...
2024-03-06 15:55:02,601 - Load Video Features Begin...
2024-03-06 15:55:03,600 - Load Video Features Finished...
2024-03-06 15:55:05,102 - Load Audio Features Begin...
2024-03-06 15:55:08,844 - Load Audio Features Finished...
2024-03-06 15:55:20,082 - method  begins...
2024-03-06 15:55:20,969 - text_data loading complete...
2024-03-06 15:55:20,970 - Multimodal intent recognition begins...
2024-03-06 15:55:20,970 - Training begins...
2024-03-06 15:55:45,579 - ***** Epoch: 1: Eval results *****
2024-03-06 15:55:45,579 -   train_loss = 3.3438
2024-03-06 15:55:45,579 -   best_eval_score = 0.0
2024-03-06 15:55:45,579 -   eval_score = 0.0598
2024-03-06 15:56:10,915 - ***** Epoch: 2: Eval results *****
2024-03-06 15:56:10,916 -   train_loss = 2.8709
2024-03-06 15:56:10,916 -   best_eval_score = 0.0598
2024-03-06 15:56:10,916 -   eval_score = 0.1578
2024-03-06 15:56:35,938 - ***** Epoch: 3: Eval results *****
2024-03-06 15:56:35,938 -   train_loss = 2.3543
2024-03-06 15:56:35,938 -   best_eval_score = 0.1578
2024-03-06 15:56:35,938 -   eval_score = 0.2989
2024-03-06 15:57:00,120 - ***** Epoch: 4: Eval results *****
2024-03-06 15:57:00,121 -   train_loss = 1.8839
2024-03-06 15:57:00,121 -   best_eval_score = 0.2989
2024-03-06 15:57:00,121 -   eval_score = 0.3762
2024-03-06 15:57:24,509 - ***** Epoch: 5: Eval results *****
2024-03-06 15:57:24,509 -   train_loss = 1.5511
2024-03-06 15:57:24,509 -   best_eval_score = 0.3762
2024-03-06 15:57:24,509 -   eval_score = 0.4092
2024-03-06 15:57:49,442 - ***** Epoch: 6: Eval results *****
2024-03-06 15:57:49,442 -   train_loss = 1.2771
2024-03-06 15:57:49,442 -   best_eval_score = 0.4092
2024-03-06 15:57:49,442 -   eval_score = 0.4347
2024-03-06 15:58:14,129 - ***** Epoch: 7: Eval results *****
2024-03-06 15:58:14,129 -   train_loss = 1.0225
2024-03-06 15:58:14,129 -   best_eval_score = 0.4347
2024-03-06 15:58:14,130 -   eval_score = 0.465
2024-03-06 15:58:38,255 - ***** Epoch: 8: Eval results *****
2024-03-06 15:58:38,255 -   train_loss = 0.7989
2024-03-06 15:58:38,255 -   best_eval_score = 0.465
2024-03-06 15:58:38,255 -   eval_score = 0.4637
2024-03-06 15:58:38,255 - EarlyStopping counter: 1 out of 8
2024-03-06 15:59:03,107 - ***** Epoch: 9: Eval results *****
2024-03-06 15:59:03,107 -   train_loss = 0.5938
2024-03-06 15:59:03,107 -   best_eval_score = 0.465
2024-03-06 15:59:03,107 -   eval_score = 0.4638
2024-03-06 15:59:03,108 - EarlyStopping counter: 2 out of 8
2024-03-06 15:59:28,066 - ***** Epoch: 10: Eval results *****
2024-03-06 15:59:28,066 -   train_loss = 0.4543
2024-03-06 15:59:28,066 -   best_eval_score = 0.465
2024-03-06 15:59:28,066 -   eval_score = 0.4818
2024-03-06 15:59:52,752 - ***** Epoch: 11: Eval results *****
2024-03-06 15:59:52,752 -   train_loss = 0.3287
2024-03-06 15:59:52,752 -   best_eval_score = 0.4818
2024-03-06 15:59:52,752 -   eval_score = 0.4943
2024-03-06 16:00:17,081 - ***** Epoch: 12: Eval results *****
2024-03-06 16:00:17,081 -   train_loss = 0.2373
2024-03-06 16:00:17,081 -   best_eval_score = 0.4943
2024-03-06 16:00:17,081 -   eval_score = 0.5137
2024-03-06 16:00:42,205 - ***** Epoch: 13: Eval results *****
2024-03-06 16:00:42,206 -   train_loss = 0.1704
2024-03-06 16:00:42,206 -   best_eval_score = 0.5137
2024-03-06 16:00:42,206 -   eval_score = 0.5154
2024-03-06 16:01:07,954 - ***** Epoch: 14: Eval results *****
2024-03-06 16:01:07,954 -   train_loss = 0.1384
2024-03-06 16:01:07,954 -   best_eval_score = 0.5154
2024-03-06 16:01:07,954 -   eval_score = 0.5065
2024-03-06 16:01:07,954 - EarlyStopping counter: 1 out of 8
2024-03-06 16:01:32,927 - ***** Epoch: 15: Eval results *****
2024-03-06 16:01:32,927 -   train_loss = 0.1093
2024-03-06 16:01:32,927 -   best_eval_score = 0.5154
2024-03-06 16:01:32,927 -   eval_score = 0.5169
2024-03-06 16:01:57,087 - ***** Epoch: 16: Eval results *****
2024-03-06 16:01:57,088 -   train_loss = 0.0978
2024-03-06 16:01:57,088 -   best_eval_score = 0.5169
2024-03-06 16:01:57,088 -   eval_score = 0.4921
2024-03-06 16:01:57,088 - EarlyStopping counter: 1 out of 8
2024-03-06 16:02:21,431 - ***** Epoch: 17: Eval results *****
2024-03-06 16:02:21,431 -   train_loss = 0.0877
2024-03-06 16:02:21,431 -   best_eval_score = 0.5169
2024-03-06 16:02:21,431 -   eval_score = 0.503
2024-03-06 16:02:21,431 - EarlyStopping counter: 2 out of 8
2024-03-06 16:02:46,000 - ***** Epoch: 18: Eval results *****
2024-03-06 16:02:46,000 -   train_loss = 0.0748
2024-03-06 16:02:46,000 -   best_eval_score = 0.5169
2024-03-06 16:02:46,000 -   eval_score = 0.4887
2024-03-06 16:02:46,000 - EarlyStopping counter: 3 out of 8
2024-03-06 16:03:10,527 - ***** Epoch: 19: Eval results *****
2024-03-06 16:03:10,527 -   train_loss = 0.0694
2024-03-06 16:03:10,527 -   best_eval_score = 0.5169
2024-03-06 16:03:10,527 -   eval_score = 0.5022
2024-03-06 16:03:10,527 - EarlyStopping counter: 4 out of 8
2024-03-06 16:03:35,295 - ***** Epoch: 20: Eval results *****
2024-03-06 16:03:35,295 -   train_loss = 0.0666
2024-03-06 16:03:35,295 -   best_eval_score = 0.5169
2024-03-06 16:03:35,295 -   eval_score = 0.4908
2024-03-06 16:03:35,295 - EarlyStopping counter: 5 out of 8
2024-03-06 16:04:01,214 - ***** Epoch: 21: Eval results *****
2024-03-06 16:04:01,214 -   train_loss = 0.0623
2024-03-06 16:04:01,214 -   best_eval_score = 0.5169
2024-03-06 16:04:01,214 -   eval_score = 0.49
2024-03-06 16:04:01,214 - EarlyStopping counter: 6 out of 8
2024-03-06 16:04:25,734 - ***** Epoch: 22: Eval results *****
2024-03-06 16:04:25,734 -   train_loss = 0.0603
2024-03-06 16:04:25,734 -   best_eval_score = 0.5169
2024-03-06 16:04:25,734 -   eval_score = 0.4931
2024-03-06 16:04:25,734 - EarlyStopping counter: 7 out of 8
2024-03-06 16:04:49,797 - ***** Epoch: 23: Eval results *****
2024-03-06 16:04:49,797 -   train_loss = 0.0592
2024-03-06 16:04:49,797 -   best_eval_score = 0.5169
2024-03-06 16:04:49,797 -   eval_score = 0.4953
2024-03-06 16:04:49,797 - EarlyStopping counter: 8 out of 8
2024-03-06 16:04:49,797 - EarlyStopping at epoch 23
2024-03-06 16:04:49,800 - Training is finished...
2024-03-06 16:04:49,800 - Testing begins...
2024-03-06 16:04:54,935 - ***** Test: Confusion Matrix *****
2024-03-06 16:04:54,938 - [[ 46   0  11   0   0   0   0   0   1   0   2   0   0   1   0   0   0   1
    0   0   0   2   1   0   2   0   0   1   0   0]
 [  0  55   0   0   8   3   5   0   2   0   3   0   2   1   4   0   0   4
    2   2   0   2   1   0   1   0   0   2   0   0]
 [ 12   1  38   0   0   0   0   0   1   0   1   0   0   1   1   0   0   2
    1   0   0   2   0   1   3   0   0   0   0   0]
 [  0   0   0  62   0   0   0   1   0   0   0   0   0   0   1   0   0   1
    0   0   0   0   0   0   0   0   0   0   0   0]
 [  0   1   0   0  33   1   0   0   1   0   0   0   0   1   0   0   0   4
    0   1   0   4   0   1   1   0   0   0   1   2]
 [  0   0   0   0   0  26   1   1   0   1   0   0   1   0   1   0   0   6
    0   0   0   0   0   0   0   0   0   0   0   0]
 [  0   0   0   0   0   3  26   8   0   1   4   0   6   0   0   0   0   0
    0   0   0   0   0   0   0   0   0   0   0   0]
 [  0   0   0   0   0   0   5  23   0   1   4   0  10   0   0   0   3   0
    0   0   0   0   0   0   0   0   0   1   0   0]
 [  1   2   1   2   1   0   0   0  26   1   0   2   1   3   3   0   0   2
    0   0   0   2   2   0   0   0   0   0   0   0]
 [  0   0   1   0   1   0   0   0   5  49   1   8  11   1   8   1   0  11
    2   0   0   1   1   1   1   0   1   2   0   1]
 [  0   0   0   0   0   2   6   3   3   0  40   0  33   0   1   0   0   2
    0   2   0   0   0   0   1   0   0   0   0   0]
 [  0   0   0   0   0   0   1   0   2   9   0  17   8   0   1   0   0   2
    1   0   1   0   3   0   0   0   0   2   0   0]
 [  0   0   2   0   0   0   4  13   0   6  16   1  89   0   0   0   1   0
    0   0   0   1   0   0   0   0   0   2   0   0]
 [  0   0   2   0   1   0   0   0   1   1   0   0   0   2   4   0   0   3
    2   0   1   0   0   0   0   0   0   0   0   0]
 [  0   2   1   0   0   0   1   0   8   6   2   0   2   5 113   0   0  29
    3   0   2   0   8   0   4   0   1   6   0   0]
 [  0   0   1   0   1   0   0   0   1   3   0   0   0   4   0   4   0   3
    2   0   0   0   2   0   0   0   0   0   1   0]
 [  0   0   0   0   1   0   1   1   1   0   0   0   2   0   0   0  56   0
    3   0   0   0   0   0   1   0   0   0   0   0]
 [  0   3   1   0   7   4   1   0   5  11   3   0   0   3  15   1   1 126
   12   1   1   3   5   5   0   0   2   5   1   1]
 [  0   1   0   0   0   0   1   0   1   2   2   0   0   4   6   1   3   8
   24   0   3   0   0   0   3   1   0   0   0   0]
 [  0   5   0   0   0   0   2   0   0   0   2   0   0   0   0   0   0   0
    0   7   0   1   0   0   0   0   0   0   0   0]
 [  0   1   2   0   0   0   0   0   1   0   0   1   1   0   4   0   0   7
    5   1   4   0   0   0   1   0   0   1   0   0]
 [  7   1   0   0   0   0   0   0   1   1   0   0   0   1   1   0   4   0
    0   1   1  27   1   4   0   0   0   1   0   2]
 [  0   0   1   0   0   0   0   0   2   5   0   3   1   1   7   0   0   9
    0   0   0   0  77   0   0   2   8   1   0   0]
 [  0   3   0   0   1   0   0   0   0   2   0   0   0   0   1   0   0   9
    1   0   0   2   0  19   0   0   0   0   0   0]
 [  2   0   0   0   0   0   0   0   6   2   1   3   0   0   1   0   0   4
    0   0   0   0   1   0  87   0   0   5   1   0]
 [  1   2   0   0   1   0   0   1   0   0   0   0   0   0   0   0   1   2
    0   0   0   0   2   0   1  16   2   0   0   2]
 [  0   0   0   0   0   0   0   0   0   1   0   0   0   0   1   0   0   3
    0   0   0   1   3   0   0   0   6   0   2   0]
 [  0   2   0   0   0   0   0   0   3   6   3   4   4   0   3   1   0   2
    0   0   1   0   2   0   9   1   0  15   0   2]
 [  0   0   0   0   0   0   0   0   0   0   0   0   0   0   0   0   1   0
    0   0   0   0   0   0   0   0   0   1  56   0]
 [  0   1   0   0   0   0   0   0   2   2   1   1   0   0   0   0   0   5
    1   0   0   0   0   0   1   1   0   0   0   4]]
2024-03-06 16:04:54,938 - ***** Evaluation results *****
2024-03-06 16:04:54,938 -   acc = 0.577
2024-03-06 16:04:54,938 -   f1 = 0.5248
2024-03-06 16:04:54,939 -   prec = 0.5422
2024-03-06 16:04:54,939 -   rec = 0.5205
2024-03-06 16:04:54,939 - Testing is finished...
2024-03-06 16:04:54,939 - Multimodal intent recognition is finished...
2024-03-06 16:04:54,939 - Results are saved in results/text_bert.csv
