2024-02-29 10:44:20,874 - ============================== Params ==============================
2024-02-29 10:44:20,875 - logger_name: text_MIntRec2_multi-class_seed-2_2024-02-29-10-44-20
2024-02-29 10:44:20,875 - dataset: MIntRec2
2024-02-29 10:44:20,875 - data_mode: multi-class
2024-02-29 10:44:20,875 - method: text
2024-02-29 10:44:20,875 - text_backbone: bert-base-uncased
2024-02-29 10:44:20,875 - text_backbone_path: /home/sharing/disk1/pretrained_embedding/bert/uncased_L-12_H-768_A-12/
2024-02-29 10:44:20,875 - seed: 2
2024-02-29 10:44:20,875 - num_workers: 8
2024-02-29 10:44:20,875 - gpu_id: 1
2024-02-29 10:44:20,875 - data_path: /home/sharing/disk2/sjh/intentDataset
2024-02-29 10:44:20,875 - train: True
2024-02-29 10:44:20,875 - tune: False
2024-02-29 10:44:20,875 - save_model: False
2024-02-29 10:44:20,875 - save_results: True
2024-02-29 10:44:20,875 - log_path: logs
2024-02-29 10:44:20,875 - cache_path: 
2024-02-29 10:44:20,875 - video_data_path: video_data
2024-02-29 10:44:20,875 - audio_data_path: audio_data
2024-02-29 10:44:20,875 - video_feats_path: video_feats.pkl
2024-02-29 10:44:20,875 - audio_feats_path: audio_feats.pkl
2024-02-29 10:44:20,875 - results_path: results
2024-02-29 10:44:20,875 - output_path: /home/sharing/disk2/sjh/Outputs/MIntRec2
2024-02-29 10:44:20,875 - model_path: models
2024-02-29 10:44:20,875 - config_file_name: text_bert_MIntRec2
2024-02-29 10:44:20,875 - results_file_name: text_bert.csv
2024-02-29 10:44:20,875 - padding_mode: zero
2024-02-29 10:44:20,875 - padding_loc: end
2024-02-29 10:44:20,875 - eval_monitor: f1
2024-02-29 10:44:20,876 - train_batch_size: 16
2024-02-29 10:44:20,876 - eval_batch_size: 8
2024-02-29 10:44:20,876 - test_batch_size: 8
2024-02-29 10:44:20,876 - wait_patience: 8
2024-02-29 10:44:20,876 - num_train_epochs: 100
2024-02-29 10:44:20,876 - warmup_proportion: 0.1
2024-02-29 10:44:20,876 - lr: 1e-05
2024-02-29 10:44:20,876 - weight_decay: 0.1
2024-02-29 10:44:20,876 - pred_output_path: /home/sharing/disk2/sjh/Outputs/MIntRec2/text_MIntRec2_multi-class_seed-2_2024-02-29-10-44-20
2024-02-29 10:44:20,876 - model_output_path: /home/sharing/disk2/sjh/Outputs/MIntRec2/text_MIntRec2_multi-class_seed-2_2024-02-29-10-44-20/models
2024-02-29 10:44:20,876 - ============================== End Params ==============================
2024-02-29 10:44:20,889 - Generate Text Features Begin...
2024-02-29 10:44:22,522 - Generate Text Features Finished...
2024-02-29 10:44:22,524 - Load Video Features Begin...
2024-02-29 10:44:23,686 - Load Video Features Finished...
2024-02-29 10:44:25,487 - Load Audio Features Begin...
2024-02-29 10:44:30,448 - Load Audio Features Finished...
2024-02-29 10:44:43,319 - method  begins...
2024-02-29 10:44:45,502 - text_data loading complete...
2024-02-29 10:44:45,502 - Multimodal intent recognition begins...
2024-02-29 10:44:45,502 - Training begins...
2024-02-29 10:45:19,243 - ***** Epoch: 1: Eval results *****
2024-02-29 10:45:19,244 -   train_loss = 3.408
2024-02-29 10:45:19,244 -   best_eval_score = 0.0
2024-02-29 10:45:19,244 -   eval_score = 0.0537
2024-02-29 10:45:52,204 - ***** Epoch: 2: Eval results *****
2024-02-29 10:45:52,205 -   train_loss = 3.0459
2024-02-29 10:45:52,205 -   best_eval_score = 0.0537
2024-02-29 10:45:52,205 -   eval_score = 0.0837
2024-02-29 10:46:24,195 - ***** Epoch: 3: Eval results *****
2024-02-29 10:46:24,195 -   train_loss = 2.7002
2024-02-29 10:46:24,195 -   best_eval_score = 0.0837
2024-02-29 10:46:24,195 -   eval_score = 0.2068
2024-02-29 10:46:57,273 - ***** Epoch: 4: Eval results *****
2024-02-29 10:46:57,274 -   train_loss = 2.3104
2024-02-29 10:46:57,274 -   best_eval_score = 0.2068
2024-02-29 10:46:57,274 -   eval_score = 0.2863
2024-02-29 10:47:32,043 - ***** Epoch: 5: Eval results *****
2024-02-29 10:47:32,044 -   train_loss = 1.9533
2024-02-29 10:47:32,044 -   best_eval_score = 0.2863
2024-02-29 10:47:32,044 -   eval_score = 0.3361
2024-02-29 10:48:04,884 - ***** Epoch: 6: Eval results *****
2024-02-29 10:48:04,884 -   train_loss = 1.6704
2024-02-29 10:48:04,885 -   best_eval_score = 0.3361
2024-02-29 10:48:04,885 -   eval_score = 0.4017
2024-02-29 10:48:35,320 - ***** Epoch: 7: Eval results *****
2024-02-29 10:48:35,320 -   train_loss = 1.4241
2024-02-29 10:48:35,321 -   best_eval_score = 0.4017
2024-02-29 10:48:35,321 -   eval_score = 0.4187
2024-02-29 10:49:06,580 - ***** Epoch: 8: Eval results *****
2024-02-29 10:49:06,581 -   train_loss = 1.2118
2024-02-29 10:49:06,581 -   best_eval_score = 0.4187
2024-02-29 10:49:06,581 -   eval_score = 0.4365
2024-02-29 10:49:39,911 - ***** Epoch: 9: Eval results *****
2024-02-29 10:49:39,911 -   train_loss = 1.0114
2024-02-29 10:49:39,911 -   best_eval_score = 0.4365
2024-02-29 10:49:39,912 -   eval_score = 0.455
2024-02-29 10:50:13,144 - ***** Epoch: 10: Eval results *****
2024-02-29 10:50:13,144 -   train_loss = 0.8128
2024-02-29 10:50:13,144 -   best_eval_score = 0.455
2024-02-29 10:50:13,144 -   eval_score = 0.4637
2024-02-29 10:50:46,683 - ***** Epoch: 11: Eval results *****
2024-02-29 10:50:46,683 -   train_loss = 0.6431
2024-02-29 10:50:46,683 -   best_eval_score = 0.4637
2024-02-29 10:50:46,683 -   eval_score = 0.4744
2024-02-29 10:51:19,222 - ***** Epoch: 12: Eval results *****
2024-02-29 10:51:19,222 -   train_loss = 0.5006
2024-02-29 10:51:19,222 -   best_eval_score = 0.4744
2024-02-29 10:51:19,222 -   eval_score = 0.4945
2024-02-29 10:51:53,133 - ***** Epoch: 13: Eval results *****
2024-02-29 10:51:53,133 -   train_loss = 0.3962
2024-02-29 10:51:53,133 -   best_eval_score = 0.4945
2024-02-29 10:51:53,133 -   eval_score = 0.4923
2024-02-29 10:51:53,133 - EarlyStopping counter: 1 out of 8
2024-02-29 10:52:26,531 - ***** Epoch: 14: Eval results *****
2024-02-29 10:52:26,531 -   train_loss = 0.3141
2024-02-29 10:52:26,531 -   best_eval_score = 0.4945
2024-02-29 10:52:26,531 -   eval_score = 0.4991
2024-02-29 10:52:59,543 - ***** Epoch: 15: Eval results *****
2024-02-29 10:52:59,544 -   train_loss = 0.2336
2024-02-29 10:52:59,544 -   best_eval_score = 0.4991
2024-02-29 10:52:59,544 -   eval_score = 0.4979
2024-02-29 10:52:59,544 - EarlyStopping counter: 1 out of 8
2024-02-29 10:53:32,635 - ***** Epoch: 16: Eval results *****
2024-02-29 10:53:32,636 -   train_loss = 0.1884
2024-02-29 10:53:32,636 -   best_eval_score = 0.4991
2024-02-29 10:53:32,636 -   eval_score = 0.4906
2024-02-29 10:53:32,636 - EarlyStopping counter: 2 out of 8
2024-02-29 10:54:04,951 - ***** Epoch: 17: Eval results *****
2024-02-29 10:54:04,951 -   train_loss = 0.1555
2024-02-29 10:54:04,951 -   best_eval_score = 0.4991
2024-02-29 10:54:04,951 -   eval_score = 0.5032
2024-02-29 10:54:38,958 - ***** Epoch: 18: Eval results *****
2024-02-29 10:54:38,958 -   train_loss = 0.125
2024-02-29 10:54:38,959 -   best_eval_score = 0.5032
2024-02-29 10:54:38,959 -   eval_score = 0.4741
2024-02-29 10:54:38,959 - EarlyStopping counter: 1 out of 8
2024-02-29 10:55:12,104 - ***** Epoch: 19: Eval results *****
2024-02-29 10:55:12,105 -   train_loss = 0.1141
2024-02-29 10:55:12,105 -   best_eval_score = 0.5032
2024-02-29 10:55:12,105 -   eval_score = 0.4852
2024-02-29 10:55:12,105 - EarlyStopping counter: 2 out of 8
2024-02-29 10:55:44,815 - ***** Epoch: 20: Eval results *****
2024-02-29 10:55:44,815 -   train_loss = 0.0917
2024-02-29 10:55:44,815 -   best_eval_score = 0.5032
2024-02-29 10:55:44,815 -   eval_score = 0.4905
2024-02-29 10:55:44,815 - EarlyStopping counter: 3 out of 8
2024-02-29 10:56:18,398 - ***** Epoch: 21: Eval results *****
2024-02-29 10:56:18,398 -   train_loss = 0.0842
2024-02-29 10:56:18,399 -   best_eval_score = 0.5032
2024-02-29 10:56:18,399 -   eval_score = 0.4906
2024-02-29 10:56:18,399 - EarlyStopping counter: 4 out of 8
2024-02-29 10:56:51,622 - ***** Epoch: 22: Eval results *****
2024-02-29 10:56:51,622 -   train_loss = 0.0727
2024-02-29 10:56:51,622 -   best_eval_score = 0.5032
2024-02-29 10:56:51,622 -   eval_score = 0.4915
2024-02-29 10:56:51,622 - EarlyStopping counter: 5 out of 8
2024-02-29 10:57:25,922 - ***** Epoch: 23: Eval results *****
2024-02-29 10:57:25,922 -   train_loss = 0.0787
2024-02-29 10:57:25,922 -   best_eval_score = 0.5032
2024-02-29 10:57:25,922 -   eval_score = 0.4868
2024-02-29 10:57:25,922 - EarlyStopping counter: 6 out of 8
2024-02-29 10:57:59,618 - ***** Epoch: 24: Eval results *****
2024-02-29 10:57:59,618 -   train_loss = 0.0653
2024-02-29 10:57:59,618 -   best_eval_score = 0.5032
2024-02-29 10:57:59,619 -   eval_score = 0.4908
2024-02-29 10:57:59,619 - EarlyStopping counter: 7 out of 8
2024-02-29 10:58:33,254 - ***** Epoch: 25: Eval results *****
2024-02-29 10:58:33,254 -   train_loss = 0.0711
2024-02-29 10:58:33,255 -   best_eval_score = 0.5032
2024-02-29 10:58:33,255 -   eval_score = 0.4895
2024-02-29 10:58:33,255 - EarlyStopping counter: 8 out of 8
2024-02-29 10:58:33,255 - EarlyStopping at epoch 25
2024-02-29 10:58:33,257 - Training is finished...
2024-02-29 10:58:33,257 - Testing begins...
2024-02-29 10:58:38,898 - ***** Test: Confusion Matrix *****
2024-02-29 10:58:38,899 - [[ 45   0  15   0   0   0   0   0   0   1   2   0   0   0   0   1   0   1
    0   0   0   0   0   1   2   0   0   0   0   0]
 [  0  54   0   0   7   0   3   0   1   0   3   0   2   0   4   0   0  12
    1   2   0   3   1   0   1   0   0   3   0   0]
 [ 12   1  39   0   0   0   0   0   0   0   1   0   0   2   0   0   0   4
    1   0   0   0   0   1   3   0   0   0   0   0]
 [  0   0   0  62   0   0   0   0   0   0   0   0   0   0   1   0   1   1
    0   0   0   0   0   0   0   0   0   0   0   0]
 [  0   2   0   0  31   0   0   0   1   0   0   0   0   1   0   0   0   3
    0   1   0   4   0   2   1   1   0   0   1   3]
 [  0   0   0   0   1  23   1   0   0   1   0   0   1   0   1   0   0   8
    0   1   0   0   0   0   0   0   0   0   0   0]
 [  0   1   0   0   0   3  24  13   0   2   2   0   3   0   0   0   0   0
    0   0   0   0   0   0   0   0   0   0   0   0]
 [  0   0   0   0   0   0   6  24   0   1   6   0   5   0   0   0   5   0
    0   0   0   0   0   0   0   0   0   0   0   0]
 [  2   3   0   3   1   0   0   0  21   2   0   1   1   2   3   1   0   3
    0   0   0   0   4   0   1   0   0   1   0   0]
 [  0   1   1   0   1   0   1   0   2  48   0   4   9   1  12   1   0  11
    2   0   0   1   3   2   3   1   0   3   0   0]
 [  2   0   0   0   0   4   5   2   0   0  43   0  29   0   2   0   0   2
    0   2   0   0   0   1   1   0   0   0   0   0]
 [  0   0   0   0   0   0   1   2   1   9   1  15   6   0   1   0   0   3
    1   0   0   0   3   0   0   0   0   4   0   0]
 [  0   1   0   0   0   0   4  11   0   3  24   1  84   1   0   0   2   0
    0   0   1   1   0   0   0   0   0   2   0   0]
 [  0   0   2   0   0   0   0   0   1   1   0   0   0   1   2   1   0   4
    3   0   1   0   1   0   0   0   0   0   0   0]
 [  0   2   1   0   1   1   0   0   3   6   3   0   2   7 103   1   0  41
    4   0   0   0   9   1   3   1   0   4   0   0]
 [  0   0   1   0   1   0   0   0   0   3   0   0   0   1   1   4   0   4
    3   0   0   1   1   0   0   0   0   1   1   0]
 [  0   0   0   0   1   0   0   0   0   0   0   0   2   0   0   0  60   0
    2   1   0   0   0   0   0   0   0   0   0   0]
 [  1   5   1   0   4   2   0   0   4  11   1   0   0   2  11   0   2 133
    8   2   1   6   6   8   1   1   1   2   1   3]
 [  0   1   1   0   0   0   1   0   0   3   1   0   0   2   3   1   2  16
   26   0   1   0   0   0   2   0   0   0   0   0]
 [  0   4   0   0   0   0   2   0   0   0   1   0   0   0   0   0   0   1
    0   5   0   3   0   1   0   0   0   0   0   0]
 [  0   1   2   0   1   0   0   0   1   1   0   1   1   0   3   1   0   7
    5   0   3   0   0   1   0   0   0   1   0   0]
 [  7   1   0   0   0   0   0   0   0   1   0   0   0   1   0   0   4   1
    0   0   0  28   0   4   1   0   1   2   0   2]
 [  0   1   2   0   0   0   0   0   1   6   0   2   0   2   8   1   0   4
    0   0   0   1  82   0   0   2   5   0   0   0]
 [  0   3   2   0   1   0   0   0   0   2   0   0   0   0   1   0   0   7
    0   0   0   3   0  19   0   0   0   0   0   0]
 [  3   0   2   0   0   0   0   0   2   1   0   2   0   0   2   2   0   3
    0   0   0   0   1   1  86   0   0   7   1   0]
 [  1   1   0   0   0   0   0   1   1   0   0   0   0   0   0   0   0   2
    0   0   0   0   1   0   1  20   1   0   0   2]
 [  0   0   0   0   0   0   0   0   0   2   0   0   0   1   1   0   0   4
    0   0   0   2   2   1   0   0   2   0   2   0]
 [  0   2   0   0   1   0   0   1   2   4   2   5   3   0   3   0   0   3
    1   0   2   0   2   0   8   1   1  15   1   1]
 [  0   0   0   0   0   0   0   0   0   0   0   0   0   0   1   0   1   0
    0   0   0   0   0   0   0   0   0   0  56   0]
 [  0   1   0   0   0   0   0   0   3   1   1   1   0   0   0   0   0   3
    1   0   0   0   0   0   1   1   0   0   0   6]]
2024-02-29 10:58:38,899 - ***** Evaluation results *****
2024-02-29 10:58:38,900 -   acc = 0.5716
2024-02-29 10:58:38,900 -   f1 = 0.5107
2024-02-29 10:58:38,900 -   prec = 0.5231
2024-02-29 10:58:38,900 -   rec = 0.5074
2024-02-29 10:58:38,900 - Testing is finished...
2024-02-29 10:58:38,900 - Multimodal intent recognition is finished...
2024-02-29 10:58:38,900 - Results are saved in results/text_bert.csv
