2024-03-06 20:07:16,076 - ============================== Params ==============================
2024-03-06 20:07:16,077 - logger_name: text_MIntRec2_multi-class_seed-4_2024-03-06-20-07-16
2024-03-06 20:07:16,077 - dataset: MIntRec2
2024-03-06 20:07:16,077 - data_mode: multi-class
2024-03-06 20:07:16,077 - method: text
2024-03-06 20:07:16,077 - text_backbone: bert-base-uncased
2024-03-06 20:07:16,077 - text_backbone_path: /home/sharing/disk1/pretrained_embedding/bert/uncased_L-12_H-768_A-12/
2024-03-06 20:07:16,077 - seed: 4
2024-03-06 20:07:16,077 - num_workers: 8
2024-03-06 20:07:16,077 - gpu_id: 3
2024-03-06 20:07:16,077 - data_path: /home/sharing/disk2/sjh/intentDataset
2024-03-06 20:07:16,077 - train: True
2024-03-06 20:07:16,077 - tune: True
2024-03-06 20:07:16,077 - save_model: False
2024-03-06 20:07:16,077 - save_results: True
2024-03-06 20:07:16,077 - log_path: logs
2024-03-06 20:07:16,077 - cache_path: 
2024-03-06 20:07:16,077 - video_data_path: video_data
2024-03-06 20:07:16,077 - audio_data_path: audio_data
2024-03-06 20:07:16,077 - video_feats_path: video_feats.pkl
2024-03-06 20:07:16,077 - audio_feats_path: audio_feats.pkl
2024-03-06 20:07:16,077 - results_path: results
2024-03-06 20:07:16,077 - output_path: /home/sharing/disk2/sjh/Outputs/MIntRec2
2024-03-06 20:07:16,077 - model_path: models
2024-03-06 20:07:16,077 - config_file_name: text_bert_MIntRec2
2024-03-06 20:07:16,077 - results_file_name: text_bert.csv
2024-03-06 20:07:16,077 - padding_mode: zero
2024-03-06 20:07:16,077 - padding_loc: end
2024-03-06 20:07:16,077 - eval_monitor: f1
2024-03-06 20:07:16,077 - train_batch_size: 32
2024-03-06 20:07:16,077 - eval_batch_size: 16
2024-03-06 20:07:16,077 - test_batch_size: 16
2024-03-06 20:07:16,077 - wait_patience: 8
2024-03-06 20:07:16,077 - num_train_epochs: 100
2024-03-06 20:07:16,077 - warmup_proportion: 0.05
2024-03-06 20:07:16,077 - lr: 2e-05
2024-03-06 20:07:16,077 - weight_decay: 0.1
2024-03-06 20:07:16,077 - pred_output_path: /home/sharing/disk2/sjh/Outputs/MIntRec2/text_MIntRec2_multi-class_seed-4_2024-03-06-20-07-16
2024-03-06 20:07:16,077 - model_output_path: /home/sharing/disk2/sjh/Outputs/MIntRec2/text_MIntRec2_multi-class_seed-4_2024-03-06-20-07-16/models
2024-03-06 20:07:16,077 - num_labels: 30
2024-03-06 20:07:16,077 - text_feat_dim: 768
2024-03-06 20:07:16,077 - video_feat_dim: 256
2024-03-06 20:07:16,077 - audio_feat_dim: 768
2024-03-06 20:07:16,077 - text_seq_len: 50
2024-03-06 20:07:16,077 - video_seq_len: 180
2024-03-06 20:07:16,077 - audio_seq_len: 400
2024-03-06 20:07:16,077 - ============================== End Params ==============================
2024-03-06 20:07:16,090 - Generate Text Features Begin...
2024-03-06 20:07:17,673 - Generate Text Features Finished...
2024-03-06 20:07:17,674 - Load Video Features Begin...
2024-03-06 20:07:18,649 - Load Video Features Finished...
2024-03-06 20:07:20,221 - Load Audio Features Begin...
2024-03-06 20:07:23,888 - Load Audio Features Finished...
2024-03-06 20:07:34,611 - method  begins...
2024-03-06 20:07:35,636 - text_data loading complete...
2024-03-06 20:07:35,636 - Multimodal intent recognition begins...
2024-03-06 20:07:35,636 - Training begins...
2024-03-06 20:08:00,756 - ***** Epoch: 1: Eval results *****
2024-03-06 20:08:00,756 -   train_loss = 3.186
2024-03-06 20:08:00,756 -   best_eval_score = 0.0
2024-03-06 20:08:00,756 -   eval_score = 0.0458
2024-03-06 20:08:25,347 - ***** Epoch: 2: Eval results *****
2024-03-06 20:08:25,347 -   train_loss = 2.4348
2024-03-06 20:08:25,348 -   best_eval_score = 0.0458
2024-03-06 20:08:25,348 -   eval_score = 0.2982
2024-03-06 20:08:50,606 - ***** Epoch: 3: Eval results *****
2024-03-06 20:08:50,606 -   train_loss = 1.7938
2024-03-06 20:08:50,606 -   best_eval_score = 0.2982
2024-03-06 20:08:50,606 -   eval_score = 0.38
2024-03-06 20:09:15,879 - ***** Epoch: 4: Eval results *****
2024-03-06 20:09:15,879 -   train_loss = 1.3917
2024-03-06 20:09:15,879 -   best_eval_score = 0.38
2024-03-06 20:09:15,879 -   eval_score = 0.4236
2024-03-06 20:09:41,279 - ***** Epoch: 5: Eval results *****
2024-03-06 20:09:41,279 -   train_loss = 1.063
2024-03-06 20:09:41,279 -   best_eval_score = 0.4236
2024-03-06 20:09:41,279 -   eval_score = 0.445
2024-03-06 20:10:06,682 - ***** Epoch: 6: Eval results *****
2024-03-06 20:10:06,683 -   train_loss = 0.7806
2024-03-06 20:10:06,683 -   best_eval_score = 0.445
2024-03-06 20:10:06,683 -   eval_score = 0.4609
2024-03-06 20:10:32,120 - ***** Epoch: 7: Eval results *****
2024-03-06 20:10:32,121 -   train_loss = 0.5413
2024-03-06 20:10:32,121 -   best_eval_score = 0.4609
2024-03-06 20:10:32,121 -   eval_score = 0.4944
2024-03-06 20:10:57,427 - ***** Epoch: 8: Eval results *****
2024-03-06 20:10:57,427 -   train_loss = 0.3632
2024-03-06 20:10:57,427 -   best_eval_score = 0.4944
2024-03-06 20:10:57,427 -   eval_score = 0.4901
2024-03-06 20:10:57,427 - EarlyStopping counter: 1 out of 8
2024-03-06 20:11:22,750 - ***** Epoch: 9: Eval results *****
2024-03-06 20:11:22,750 -   train_loss = 0.2689
2024-03-06 20:11:22,750 -   best_eval_score = 0.4944
2024-03-06 20:11:22,750 -   eval_score = 0.4937
2024-03-06 20:11:22,750 - EarlyStopping counter: 2 out of 8
2024-03-06 20:11:47,710 - ***** Epoch: 10: Eval results *****
2024-03-06 20:11:47,710 -   train_loss = 0.1901
2024-03-06 20:11:47,710 -   best_eval_score = 0.4944
2024-03-06 20:11:47,710 -   eval_score = 0.5187
2024-03-06 20:12:12,841 - ***** Epoch: 11: Eval results *****
2024-03-06 20:12:12,841 -   train_loss = 0.1432
2024-03-06 20:12:12,841 -   best_eval_score = 0.5187
2024-03-06 20:12:12,841 -   eval_score = 0.4996
2024-03-06 20:12:12,841 - EarlyStopping counter: 1 out of 8
2024-03-06 20:12:38,261 - ***** Epoch: 12: Eval results *****
2024-03-06 20:12:38,261 -   train_loss = 0.113
2024-03-06 20:12:38,261 -   best_eval_score = 0.5187
2024-03-06 20:12:38,261 -   eval_score = 0.5133
2024-03-06 20:12:38,261 - EarlyStopping counter: 2 out of 8
2024-03-06 20:13:03,378 - ***** Epoch: 13: Eval results *****
2024-03-06 20:13:03,379 -   train_loss = 0.0947
2024-03-06 20:13:03,379 -   best_eval_score = 0.5187
2024-03-06 20:13:03,379 -   eval_score = 0.5144
2024-03-06 20:13:03,379 - EarlyStopping counter: 3 out of 8
2024-03-06 20:13:29,528 - ***** Epoch: 14: Eval results *****
2024-03-06 20:13:29,528 -   train_loss = 0.0903
2024-03-06 20:13:29,528 -   best_eval_score = 0.5187
2024-03-06 20:13:29,528 -   eval_score = 0.4866
2024-03-06 20:13:29,528 - EarlyStopping counter: 4 out of 8
2024-03-06 20:13:55,467 - ***** Epoch: 15: Eval results *****
2024-03-06 20:13:55,468 -   train_loss = 0.0741
2024-03-06 20:13:55,468 -   best_eval_score = 0.5187
2024-03-06 20:13:55,468 -   eval_score = 0.496
2024-03-06 20:13:55,468 - EarlyStopping counter: 5 out of 8
2024-03-06 20:14:20,989 - ***** Epoch: 16: Eval results *****
2024-03-06 20:14:20,989 -   train_loss = 0.0669
2024-03-06 20:14:20,989 -   best_eval_score = 0.5187
2024-03-06 20:14:20,989 -   eval_score = 0.4987
2024-03-06 20:14:20,989 - EarlyStopping counter: 6 out of 8
2024-03-06 20:14:46,380 - ***** Epoch: 17: Eval results *****
2024-03-06 20:14:46,380 -   train_loss = 0.0595
2024-03-06 20:14:46,380 -   best_eval_score = 0.5187
2024-03-06 20:14:46,380 -   eval_score = 0.5008
2024-03-06 20:14:46,380 - EarlyStopping counter: 7 out of 8
2024-03-06 20:15:12,251 - ***** Epoch: 18: Eval results *****
2024-03-06 20:15:12,251 -   train_loss = 0.0606
2024-03-06 20:15:12,251 -   best_eval_score = 0.5187
2024-03-06 20:15:12,251 -   eval_score = 0.5131
2024-03-06 20:15:12,251 - EarlyStopping counter: 8 out of 8
2024-03-06 20:15:12,251 - EarlyStopping at epoch 18
2024-03-06 20:15:12,254 - Training is finished...
2024-03-06 20:15:12,255 - Testing begins...
2024-03-06 20:15:17,980 - ***** Test: Confusion Matrix *****
2024-03-06 20:15:17,984 - [[ 49   0  11   0   0   0   0   0   0   0   2   0   0   1   0   1   0   0
    0   0   0   0   0   1   3   0   0   0   0   0]
 [  0  48   0   0  11   2   3   0   2   0   3   0   3   1   4   0   0   9
    1   0   0   1   1   0   1   0   0   6   0   1]
 [ 10   0  38   0   2   0   0   0   0   0   1   0   0   3   0   0   0   3
    1   0   0   0   0   2   4   0   0   0   0   0]
 [  0   0   0  62   0   0   0   1   0   1   0   0   0   0   0   0   0   1
    0   0   0   0   0   0   0   0   0   0   0   0]
 [  0   3   0   0  36   0   0   0   1   0   0   0   0   0   0   0   0   3
    0   0   0   3   0   1   1   0   0   0   0   3]
 [  0   1   0   0   2  27   0   0   0   2   1   0   0   0   0   0   0   4
    0   0   0   0   0   0   0   0   0   0   0   0]
 [  0   1   0   0   0   4  21  10   0   1   7   1   3   0   0   0   0   0
    0   0   0   0   0   0   0   0   0   0   0   0]
 [  0   0   0   0   0   0   6  23   0   1   6   0   5   0   0   0   3   0
    0   1   0   0   1   0   0   0   0   1   0   0]
 [  1   2   1   3   2   0   0   0  23   2   0   0   1   1   4   2   0   1
    0   0   0   0   4   0   2   0   0   0   0   0]
 [  0   1   1   0   1   0   0   0   1  43   1   9   7   0   8   2   0  11
    3   0   3   1   2   1   4   1   1   5   0   1]
 [  0   0   0   0   0   4   4   1   2   1  45   0  28   1   0   0   1   2
    0   1   1   0   0   0   1   0   0   1   0   0]
 [  0   0   0   0   0   0   1   0   0   6   0  19   6   0   1   0   0   1
    1   0   2   0   2   0   1   0   1   3   0   3]
 [  0   0   0   0   0   0   4   8   0   4  30   0  84   1   0   0   1   0
    0   1   0   0   1   0   0   0   0   1   0   0]
 [  0   0   2   0   1   0   0   0   0   2   0   0   0   2   4   2   0   1
    2   0   0   0   0   0   0   0   0   1   0   0]
 [  0   1   1   2   1   3   0   0   2   9   5   1   1  11  88   5   0  30
    4   0   2   0  15   0   5   0   0   7   0   0]
 [  0   0   2   0   1   0   0   0   0   4   0   0   0   1   1   6   0   3
    2   0   0   1   0   0   0   0   0   0   1   0]
 [  0   0   0   0   1   0   1   2   0   0   2   0   1   0   0   0  51   0
    7   0   0   1   0   0   0   0   0   0   0   0]
 [  0   4   2   0   9   2   0   0   2   8   1   1   1   3  14   6   2 119
   13   0   3   3   7   8   2   0   1   3   1   2]
 [  0   1   0   0   1   0   1   0   0   3   1   0   0   4   4   2   1   5
   32   0   3   0   0   0   1   0   0   1   0   0]
 [  0   3   0   0   1   0   3   0   0   0   1   0   0   0   0   0   0   2
    0   5   0   2   0   0   0   0   0   0   0   0]
 [  0   1   2   0   1   0   0   0   0   0   1   0   0   0   2   2   0   5
    5   0   5   0   0   0   0   0   0   4   0   1]
 [  6   0   0   0   1   0   0   0   0   3   0   0   0   0   0   0   0   0
    0   0   0  29   1   6   2   1   1   2   0   1]
 [  0   1   0   1   1   0   0   0   1   4   0   1   0   2   6   1   0   4
    0   0   0   0  82   0   0   4   7   2   0   0]
 [  0   2   1   0   1   0   0   0   0   0   0   0   0   0   0   1   0   9
    0   0   0   1   0  23   0   0   0   0   0   0]
 [  1   0   1   0   0   0   0   0   0   1   0   1   0   0   0   1   0   3
    1   0   0   0   1   0  88   0   0  14   1   0]
 [  1   1   0   0   0   0   0   0   0   0   0   0   0   0   0   0   0   2
    0   0   0   0   2   0   1  22   1   0   0   1]
 [  0   0   0   0   0   0   0   0   0   2   0   0   0   1   0   0   0   3
    0   0   0   1   2   1   0   0   5   0   2   0]
 [  0   2   1   0   1   0   0   0   2   3   3   4   3   1   2   0   0   3
    3   0   1   0   2   0   9   1   0  14   1   2]
 [  0   0   0   0   0   0   0   0   0   0   0   0   0   0   1   0   1   0
    0   0   0   0   0   0   0   0   0   0  56   0]
 [  0   0   0   0   1   0   0   0   2   1   1   1   0   0   0   0   0   3
    1   0   2   0   0   0   1   1   0   0   0   5]]
2024-03-06 20:15:17,984 - ***** Evaluation results *****
2024-03-06 20:15:17,984 -   acc = 0.5657
2024-03-06 20:15:17,985 -   f1 = 0.5246
2024-03-06 20:15:17,985 -   prec = 0.5348
2024-03-06 20:15:17,985 -   rec = 0.526
2024-03-06 20:15:17,985 - Testing is finished...
2024-03-06 20:15:17,985 - Multimodal intent recognition is finished...
2024-03-06 20:15:17,985 - Results are saved in results/text_bert.csv
