2024-03-06 20:24:31,466 - ============================== Params ==============================
2024-03-06 20:24:31,466 - logger_name: text_MIntRec2_multi-class_seed-4_2024-03-06-20-24-31
2024-03-06 20:24:31,466 - dataset: MIntRec2
2024-03-06 20:24:31,466 - data_mode: multi-class
2024-03-06 20:24:31,466 - method: text
2024-03-06 20:24:31,466 - text_backbone: bert-base-uncased
2024-03-06 20:24:31,466 - text_backbone_path: /home/sharing/disk1/pretrained_embedding/bert/uncased_L-12_H-768_A-12/
2024-03-06 20:24:31,466 - seed: 4
2024-03-06 20:24:31,466 - num_workers: 8
2024-03-06 20:24:31,466 - gpu_id: 3
2024-03-06 20:24:31,466 - data_path: /home/sharing/disk2/sjh/intentDataset
2024-03-06 20:24:31,466 - train: True
2024-03-06 20:24:31,467 - tune: True
2024-03-06 20:24:31,467 - save_model: False
2024-03-06 20:24:31,467 - save_results: True
2024-03-06 20:24:31,467 - log_path: logs
2024-03-06 20:24:31,467 - cache_path: 
2024-03-06 20:24:31,467 - video_data_path: video_data
2024-03-06 20:24:31,467 - audio_data_path: audio_data
2024-03-06 20:24:31,467 - video_feats_path: video_feats.pkl
2024-03-06 20:24:31,467 - audio_feats_path: audio_feats.pkl
2024-03-06 20:24:31,467 - results_path: results
2024-03-06 20:24:31,467 - output_path: /home/sharing/disk2/sjh/Outputs/MIntRec2
2024-03-06 20:24:31,467 - model_path: models
2024-03-06 20:24:31,467 - config_file_name: text_bert_MIntRec2
2024-03-06 20:24:31,467 - results_file_name: text_bert.csv
2024-03-06 20:24:31,467 - padding_mode: zero
2024-03-06 20:24:31,467 - padding_loc: end
2024-03-06 20:24:31,467 - eval_monitor: f1
2024-03-06 20:24:31,467 - train_batch_size: 32
2024-03-06 20:24:31,467 - eval_batch_size: 16
2024-03-06 20:24:31,467 - test_batch_size: 16
2024-03-06 20:24:31,467 - wait_patience: 8
2024-03-06 20:24:31,467 - num_train_epochs: 100
2024-03-06 20:24:31,467 - warmup_proportion: 0.01
2024-03-06 20:24:31,467 - lr: 1e-05
2024-03-06 20:24:31,467 - weight_decay: 0.1
2024-03-06 20:24:31,467 - pred_output_path: /home/sharing/disk2/sjh/Outputs/MIntRec2/text_MIntRec2_multi-class_seed-4_2024-03-06-20-24-31
2024-03-06 20:24:31,467 - model_output_path: /home/sharing/disk2/sjh/Outputs/MIntRec2/text_MIntRec2_multi-class_seed-4_2024-03-06-20-24-31/models
2024-03-06 20:24:31,467 - num_labels: 30
2024-03-06 20:24:31,467 - text_feat_dim: 768
2024-03-06 20:24:31,467 - video_feat_dim: 256
2024-03-06 20:24:31,467 - audio_feat_dim: 768
2024-03-06 20:24:31,467 - text_seq_len: 50
2024-03-06 20:24:31,467 - video_seq_len: 180
2024-03-06 20:24:31,467 - audio_seq_len: 400
2024-03-06 20:24:31,467 - ============================== End Params ==============================
2024-03-06 20:24:31,482 - Generate Text Features Begin...
2024-03-06 20:24:33,382 - Generate Text Features Finished...
2024-03-06 20:24:33,384 - Load Video Features Begin...
2024-03-06 20:24:34,557 - Load Video Features Finished...
2024-03-06 20:24:36,185 - Load Audio Features Begin...
2024-03-06 20:24:40,654 - Load Audio Features Finished...
2024-03-06 20:24:50,519 - method  begins...
2024-03-06 20:24:52,001 - text_data loading complete...
2024-03-06 20:24:52,001 - Multimodal intent recognition begins...
2024-03-06 20:24:52,001 - Training begins...
2024-03-06 20:25:17,759 - ***** Epoch: 1: Eval results *****
2024-03-06 20:25:17,760 -   train_loss = 2.9282
2024-03-06 20:25:17,760 -   best_eval_score = 0.0
2024-03-06 20:25:17,760 -   eval_score = 0.2544
2024-03-06 20:25:43,267 - ***** Epoch: 2: Eval results *****
2024-03-06 20:25:43,268 -   train_loss = 1.8688
2024-03-06 20:25:43,268 -   best_eval_score = 0.2544
2024-03-06 20:25:43,268 -   eval_score = 0.3589
2024-03-06 20:26:09,286 - ***** Epoch: 3: Eval results *****
2024-03-06 20:26:09,286 -   train_loss = 1.4043
2024-03-06 20:26:09,286 -   best_eval_score = 0.3589
2024-03-06 20:26:09,286 -   eval_score = 0.4191
2024-03-06 20:26:34,105 - ***** Epoch: 4: Eval results *****
2024-03-06 20:26:34,105 -   train_loss = 1.1022
2024-03-06 20:26:34,105 -   best_eval_score = 0.4191
2024-03-06 20:26:34,105 -   eval_score = 0.4546
2024-03-06 20:26:58,392 - ***** Epoch: 5: Eval results *****
2024-03-06 20:26:58,392 -   train_loss = 0.881
2024-03-06 20:26:58,392 -   best_eval_score = 0.4546
2024-03-06 20:26:58,392 -   eval_score = 0.4503
2024-03-06 20:26:58,392 - EarlyStopping counter: 1 out of 8
2024-03-06 20:27:22,864 - ***** Epoch: 6: Eval results *****
2024-03-06 20:27:22,864 -   train_loss = 0.7042
2024-03-06 20:27:22,864 -   best_eval_score = 0.4546
2024-03-06 20:27:22,864 -   eval_score = 0.4708
2024-03-06 20:27:47,378 - ***** Epoch: 7: Eval results *****
2024-03-06 20:27:47,378 -   train_loss = 0.5615
2024-03-06 20:27:47,378 -   best_eval_score = 0.4708
2024-03-06 20:27:47,378 -   eval_score = 0.4786
2024-03-06 20:28:12,190 - ***** Epoch: 8: Eval results *****
2024-03-06 20:28:12,191 -   train_loss = 0.4487
2024-03-06 20:28:12,191 -   best_eval_score = 0.4786
2024-03-06 20:28:12,191 -   eval_score = 0.4923
2024-03-06 20:28:37,276 - ***** Epoch: 9: Eval results *****
2024-03-06 20:28:37,277 -   train_loss = 0.3617
2024-03-06 20:28:37,277 -   best_eval_score = 0.4923
2024-03-06 20:28:37,277 -   eval_score = 0.4988
2024-03-06 20:29:02,848 - ***** Epoch: 10: Eval results *****
2024-03-06 20:29:02,848 -   train_loss = 0.2924
2024-03-06 20:29:02,848 -   best_eval_score = 0.4988
2024-03-06 20:29:02,848 -   eval_score = 0.4979
2024-03-06 20:29:02,848 - EarlyStopping counter: 1 out of 8
2024-03-06 20:29:28,328 - ***** Epoch: 11: Eval results *****
2024-03-06 20:29:28,328 -   train_loss = 0.2427
2024-03-06 20:29:28,328 -   best_eval_score = 0.4988
2024-03-06 20:29:28,328 -   eval_score = 0.5108
2024-03-06 20:29:53,165 - ***** Epoch: 12: Eval results *****
2024-03-06 20:29:53,165 -   train_loss = 0.1978
2024-03-06 20:29:53,165 -   best_eval_score = 0.5108
2024-03-06 20:29:53,165 -   eval_score = 0.5049
2024-03-06 20:29:53,165 - EarlyStopping counter: 1 out of 8
2024-03-06 20:30:17,930 - ***** Epoch: 13: Eval results *****
2024-03-06 20:30:17,930 -   train_loss = 0.1622
2024-03-06 20:30:17,930 -   best_eval_score = 0.5108
2024-03-06 20:30:17,930 -   eval_score = 0.5029
2024-03-06 20:30:17,930 - EarlyStopping counter: 2 out of 8
2024-03-06 20:30:43,069 - ***** Epoch: 14: Eval results *****
2024-03-06 20:30:43,069 -   train_loss = 0.1441
2024-03-06 20:30:43,069 -   best_eval_score = 0.5108
2024-03-06 20:30:43,069 -   eval_score = 0.503
2024-03-06 20:30:43,069 - EarlyStopping counter: 3 out of 8
2024-03-06 20:31:07,382 - ***** Epoch: 15: Eval results *****
2024-03-06 20:31:07,382 -   train_loss = 0.1225
2024-03-06 20:31:07,382 -   best_eval_score = 0.5108
2024-03-06 20:31:07,382 -   eval_score = 0.5007
2024-03-06 20:31:07,382 - EarlyStopping counter: 4 out of 8
2024-03-06 20:31:31,662 - ***** Epoch: 16: Eval results *****
2024-03-06 20:31:31,662 -   train_loss = 0.1072
2024-03-06 20:31:31,662 -   best_eval_score = 0.5108
2024-03-06 20:31:31,662 -   eval_score = 0.4894
2024-03-06 20:31:31,662 - EarlyStopping counter: 5 out of 8
2024-03-06 20:31:56,531 - ***** Epoch: 17: Eval results *****
2024-03-06 20:31:56,531 -   train_loss = 0.0983
2024-03-06 20:31:56,531 -   best_eval_score = 0.5108
2024-03-06 20:31:56,531 -   eval_score = 0.5083
2024-03-06 20:31:56,531 - EarlyStopping counter: 6 out of 8
2024-03-06 20:32:21,544 - ***** Epoch: 18: Eval results *****
2024-03-06 20:32:21,544 -   train_loss = 0.0875
2024-03-06 20:32:21,544 -   best_eval_score = 0.5108
2024-03-06 20:32:21,544 -   eval_score = 0.5071
2024-03-06 20:32:21,544 - EarlyStopping counter: 7 out of 8
2024-03-06 20:32:46,247 - ***** Epoch: 19: Eval results *****
2024-03-06 20:32:46,247 -   train_loss = 0.0789
2024-03-06 20:32:46,247 -   best_eval_score = 0.5108
2024-03-06 20:32:46,247 -   eval_score = 0.512
2024-03-06 20:33:11,195 - ***** Epoch: 20: Eval results *****
2024-03-06 20:33:11,195 -   train_loss = 0.0724
2024-03-06 20:33:11,196 -   best_eval_score = 0.512
2024-03-06 20:33:11,196 -   eval_score = 0.5055
2024-03-06 20:33:11,196 - EarlyStopping counter: 1 out of 8
2024-03-06 20:33:36,789 - ***** Epoch: 21: Eval results *****
2024-03-06 20:33:36,789 -   train_loss = 0.0668
2024-03-06 20:33:36,789 -   best_eval_score = 0.512
2024-03-06 20:33:36,789 -   eval_score = 0.5051
2024-03-06 20:33:36,789 - EarlyStopping counter: 2 out of 8
2024-03-06 20:34:03,494 - ***** Epoch: 22: Eval results *****
2024-03-06 20:34:03,495 -   train_loss = 0.0659
2024-03-06 20:34:03,495 -   best_eval_score = 0.512
2024-03-06 20:34:03,495 -   eval_score = 0.4995
2024-03-06 20:34:03,495 - EarlyStopping counter: 3 out of 8
2024-03-06 20:34:28,607 - ***** Epoch: 23: Eval results *****
2024-03-06 20:34:28,608 -   train_loss = 0.0596
2024-03-06 20:34:28,608 -   best_eval_score = 0.512
2024-03-06 20:34:28,608 -   eval_score = 0.4974
2024-03-06 20:34:28,608 - EarlyStopping counter: 4 out of 8
2024-03-06 20:34:54,429 - ***** Epoch: 24: Eval results *****
2024-03-06 20:34:54,429 -   train_loss = 0.0572
2024-03-06 20:34:54,429 -   best_eval_score = 0.512
2024-03-06 20:34:54,429 -   eval_score = 0.5071
2024-03-06 20:34:54,429 - EarlyStopping counter: 5 out of 8
2024-03-06 20:35:18,930 - ***** Epoch: 25: Eval results *****
2024-03-06 20:35:18,930 -   train_loss = 0.0571
2024-03-06 20:35:18,930 -   best_eval_score = 0.512
2024-03-06 20:35:18,930 -   eval_score = 0.4938
2024-03-06 20:35:18,930 - EarlyStopping counter: 6 out of 8
2024-03-06 20:35:44,247 - ***** Epoch: 26: Eval results *****
2024-03-06 20:35:44,247 -   train_loss = 0.0501
2024-03-06 20:35:44,247 -   best_eval_score = 0.512
2024-03-06 20:35:44,247 -   eval_score = 0.504
2024-03-06 20:35:44,247 - EarlyStopping counter: 7 out of 8
2024-03-06 20:36:09,184 - ***** Epoch: 27: Eval results *****
2024-03-06 20:36:09,184 -   train_loss = 0.0454
2024-03-06 20:36:09,184 -   best_eval_score = 0.512
2024-03-06 20:36:09,184 -   eval_score = 0.4977
2024-03-06 20:36:09,184 - EarlyStopping counter: 8 out of 8
2024-03-06 20:36:09,184 - EarlyStopping at epoch 27
2024-03-06 20:36:09,187 - Training is finished...
2024-03-06 20:36:09,187 - Testing begins...
2024-03-06 20:36:14,317 - ***** Test: Confusion Matrix *****
2024-03-06 20:36:14,319 - [[ 39   0  23   0   0   0   0   0   0   0   2   0   0   2   0   0   0   0
    0   0   0   0   0   1   1   0   0   0   0   0]
 [  0  57   0   0   6   1   6   0   1   0   3   0   2   1   3   1   0   7
    0   0   0   1   2   0   1   0   0   4   0   1]
 [  7   1  42   0   0   0   0   0   0   0   1   0   0   3   1   0   0   4
    0   0   0   1   0   1   1   0   0   2   0   0]
 [  0   0   0  62   0   0   0   1   0   0   0   0   0   0   0   0   0   1
    0   0   0   0   0   0   0   0   0   1   0   0]
 [  0   3   0   0  32   1   0   0   1   0   0   1   0   0   0   0   0   3
    0   1   0   2   0   2   1   0   0   0   1   3]
 [  0   2   0   0   2  22   3   0   0   3   0   0   1   0   0   0   0   4
    0   0   0   0   0   0   0   0   0   0   0   0]
 [  0   1   0   0   0   3  29   5   0   0   4   0   6   0   0   0   0   0
    0   0   0   0   0   0   0   0   0   0   0   0]
 [  0   0   0   0   0   0   8  19   0   0   6   0  10   0   0   0   1   0
    0   0   0   0   1   0   0   0   0   2   0   0]
 [  1   3   1   2   1   0   0   0  22   3   0   0   1   3   3   1   0   2
    0   0   0   0   4   0   2   0   0   0   0   0]
 [  0   1   1   0   0   0   0   0   2  47   0   9   9   1  12   0   0   9
    3   0   2   3   1   1   2   1   2   0   0   1]
 [  0   0   0   0   0   2   5   1   2   0  46   0  31   0   2   0   0   1
    0   1   1   0   0   0   1   0   0   0   0   0]
 [  0   0   0   0   0   0   1   0   0   8   1  19   7   0   1   0   0   2
    1   0   0   0   2   0   0   0   1   3   0   1]
 [  0   0   2   0   0   0   9   3   0   1  20   1  93   1   0   0   1   0
    0   0   0   0   1   0   0   0   0   3   0   0]
 [  0   0   2   0   1   0   0   0   1   2   0   0   0   1   2   1   0   2
    2   0   0   0   3   0   0   0   0   0   0   0]
 [  0   0   1   0   0   2   1   0   3  11   3   0   1   8 104   2   0  26
    3   0   2   0  17   1   4   0   0   4   0   0]
 [  0   0   1   0   0   0   0   0   0   4   0   0   0   1   1   4   0   3
    3   0   2   1   1   0   0   0   0   0   1   0]
 [  0   0   0   0   1   0   1   3   0   0   2   0   1   0   0   0  53   1
    4   0   0   0   0   0   0   0   0   0   0   0]
 [  0   5   2   0   7   3   0   0   3  11   2   1   0   6  17   2   1 122
    6   1   2   3   5  10   1   1   1   2   1   2]
 [  0   2   0   0   0   0   1   0   0   3   2   0   0   4   5   2   1   6
   27   1   3   0   0   0   2   0   0   1   0   0]
 [  0   5   0   0   0   0   3   0   0   0   1   0   0   0   0   0   0   0
    0   6   0   2   0   0   0   0   0   0   0   0]
 [  0   1   2   0   1   0   0   0   0   1   1   1   0   0   3   2   0   5
    4   0   4   0   0   1   1   0   0   2   0   0]
 [  6   1   0   0   0   0   0   0   0   3   0   0   0   0   1   0   4   0
    0   1   1  24   1   5   1   1   1   1   0   2]
 [  0   0   0   0   0   0   0   0   3   1   0   2   0   2   6   0   0   4
    0   0   1   0  81   0   0   5  10   2   0   0]
 [  0   3   2   0   1   0   0   0   0   0   0   0   0   0   1   0   0   8
    0   0   0   4   0  19   0   0   0   0   0   0]
 [  1   0   2   0   0   0   0   0   0   1   0   2   0   1   2   1   0   3
    1   0   0   0   1   1  83   0   0  12   2   0]
 [  1   1   0   0   0   0   0   0   0   0   0   0   0   0   0   0   0   2
    0   0   0   0   2   0   1  22   1   0   0   1]
 [  0   1   0   0   0   0   0   0   0   2   0   0   0   0   0   0   0   3
    0   0   0   2   4   0   0   0   3   0   2   0]
 [  0   3   2   0   0   0   0   0   3   4   2   5   4   0   1   0   0   3
    1   0   5   0   2   0   8   1   0  11   1   2]
 [  0   0   0   0   0   0   0   0   0   0   0   0   0   0   1   0   1   0
    0   0   0   0   0   0   0   0   0   0  56   0]
 [  0   1   0   0   1   0   0   0   1   1   1   1   0   0   0   0   0   4
    1   0   1   0   0   0   0   1   0   1   0   5]]
2024-03-06 20:36:14,320 - ***** Evaluation results *****
2024-03-06 20:36:14,320 -   acc = 0.5676
2024-03-06 20:36:14,320 -   f1 = 0.5113
2024-03-06 20:36:14,320 -   prec = 0.5217
2024-03-06 20:36:14,320 -   rec = 0.5082
2024-03-06 20:36:14,320 - Testing is finished...
2024-03-06 20:36:14,320 - Multimodal intent recognition is finished...
2024-03-06 20:36:14,320 - Results are saved in results/text_bert.csv
