2024-10-07 17:33:28,345 - Detection - Open Intent Detection Begin...
2024-10-07 17:33:28,345 - Detection - Parameters Initialization...
2024-10-07 17:33:28,346 - Detection - Data and Model Preparation...
2024-10-07 17:33:28,346 - Detection - The number of known intents is 58
2024-10-07 17:33:28,346 - Detection - Lists of known labels are: ['direct_debit_payment_not_recognised', 'declined_cash_withdrawal', 'supported_cards_and_currencies', 'pin_blocked', 'verify_top_up', 'compromised_card', 'wrong_exchange_rate_for_cash_withdrawal', 'activate_my_card', 'verify_source_of_funds', 'reverted_card_payment?', 'request_refund', 'transfer_into_account', 'card_delivery_estimate', 'failed_transfer', 'top_up_by_card_charge', 'unable_to_verify_identity', 'disposable_card_limits', 'top_up_by_cash_or_cheque', 'cash_withdrawal_not_recognised', 'card_about_to_expire', 'getting_virtual_card', 'extra_charge_on_statement', 'card_payment_wrong_exchange_rate', 'order_physical_card', 'card_acceptance', 'Refund_not_showing_up', 'passcode_forgotten', 'top_up_by_bank_transfer_charge', 'declined_transfer', 'card_linking', 'exchange_charge', 'country_support', 'cancel_transfer', 'visa_or_mastercard', 'card_payment_not_recognised', 'transfer_fee_charged', 'terminate_account', 'beneficiary_not_allowed', 'wrong_amount_of_cash_received', 'declined_card_payment', 'verify_my_identity', 'card_arrival', 'card_payment_fee_charged', 'age_limit', 'pending_top_up', 'card_swallowed', 'transfer_not_received_by_recipient', 'balance_not_updated_after_bank_transfer', 'pending_card_payment', 'top_up_limits', 'contactless_not_working', 'automatic_top_up', 'topping_up_by_card', 'exchange_rate', 'top_up_failed', 'top_up_reverted', 'transfer_timing', 'receiving_money']
2024-10-07 17:33:28,376 - Detection - Number of labeled training samples = 6904
2024-10-07 17:33:28,376 - Detection - Number of unlabeled training samples = 2099
2024-10-07 17:33:28,378 - Detection - Number of evaluation samples = 766
2024-10-07 17:33:28,385 - Detection - Number of testing samples = 3080
2024-10-07 17:33:30,734 - Detection - ============================== Params ==============================
2024-10-07 17:33:30,734 - Detection - type:	open_intent_detection
2024-10-07 17:33:30,734 - Detection - logger_name:	Detection
2024-10-07 17:33:30,734 - Detection - log_dir:	logs
2024-10-07 17:33:30,734 - Detection - dataset:	banking
2024-10-07 17:33:30,734 - Detection - known_cls_ratio:	0.75
2024-10-07 17:33:30,734 - Detection - labeled_ratio:	1.0
2024-10-07 17:33:30,734 - Detection - method:	ADB
2024-10-07 17:33:30,734 - Detection - train:	True
2024-10-07 17:33:30,734 - Detection - tune:	True
2024-10-07 17:33:30,734 - Detection - pretrain:	True
2024-10-07 17:33:30,734 - Detection - b_train:	False
2024-10-07 17:33:30,734 - Detection - save_model:	True
2024-10-07 17:33:30,734 - Detection - backbone:	bert
2024-10-07 17:33:30,735 - Detection - config_file_name:	ADB_banking
2024-10-07 17:33:30,735 - Detection - seed:	2
2024-10-07 17:33:30,735 - Detection - gpu_id:	0
2024-10-07 17:33:30,735 - Detection - pipe_results_path:	pipe_results
2024-10-07 17:33:30,735 - Detection - data_dir:	/home/sharing/disk3/wangyifan/sujianhua/TEXTOIR_ct_adb/open_intent_detection/../data
2024-10-07 17:33:30,735 - Detection - output_dir:	/home/sharing/disk3/wangyifan/sujianhua/output
2024-10-07 17:33:30,735 - Detection - model_dir:	models
2024-10-07 17:33:30,735 - Detection - load_pretrained_method:	None
2024-10-07 17:33:30,735 - Detection - result_dir:	results
2024-10-07 17:33:30,735 - Detection - results_file_name:	results_ADB_banking_ab.csv
2024-10-07 17:33:30,735 - Detection - save_results:	True
2024-10-07 17:33:30,735 - Detection - loss_fct:	CrossEntropyLoss
2024-10-07 17:33:30,735 - Detection - dataset_neg:	SQUAD
2024-10-07 17:33:30,735 - Detection - method_output_dir:	/home/sharing/disk3/wangyifan/sujianhua/output/open_intent_detection/ADB_banking_0.75_1.0_bert_2
2024-10-07 17:33:30,735 - Detection - model_output_dir:	/home/sharing/disk3/wangyifan/sujianhua/output/open_intent_detection/ADB_banking_0.75_1.0_bert_2/models
2024-10-07 17:33:30,735 - Detection - bert_model:	/home/sharing/disk1/pretrained_embedding/bert/uncased_L-12_H-768_A-12/
2024-10-07 17:33:30,735 - Detection - num_train_epochs:	100
2024-10-07 17:33:30,735 - Detection - num_labels:	58
2024-10-07 17:33:30,735 - Detection - max_seq_length:	55
2024-10-07 17:33:30,735 - Detection - freeze_backbone_parameters:	True
2024-10-07 17:33:30,735 - Detection - feat_dim:	768
2024-10-07 17:33:30,735 - Detection - warmup_proportion:	0.1
2024-10-07 17:33:30,735 - Detection - lr_boundary:	0.05
2024-10-07 17:33:30,735 - Detection - lr:	2e-05
2024-10-07 17:33:30,735 - Detection - activation:	relu
2024-10-07 17:33:30,735 - Detection - train_batch_size:	128
2024-10-07 17:33:30,735 - Detection - eval_batch_size:	64
2024-10-07 17:33:30,735 - Detection - test_batch_size:	64
2024-10-07 17:33:30,735 - Detection - wait_patient:	10
2024-10-07 17:33:30,735 - Detection - safe1:	0.8
2024-10-07 17:33:30,735 - Detection - safe2:	0.7
2024-10-07 17:33:30,735 - Detection - neg_weight:	0
2024-10-07 17:33:30,735 - Detection - margin:	0.5
2024-10-07 17:33:30,735 - Detection - p:	2
2024-10-07 17:33:30,735 - Detection - loss_weight:	1
2024-10-07 17:33:30,735 - Detection - supcon_loss_weight:	0.8
2024-10-07 17:33:30,735 - Detection - triplet_loss_weight:	0.7
2024-10-07 17:33:30,735 - Detection - unseen_label_id:	58
2024-10-07 17:33:30,735 - Detection - anum_labels:	59
2024-10-07 17:33:30,735 - Detection - ============================== End Params ==============================
2024-10-07 17:33:31,778 - Detection - Freeze all parameters but the last layer for efficiency
2024-10-07 17:33:32,852 - Detection - Pre-training Begin...
2024-10-07 17:33:43,926 - Detection - ***** Epoch: 1: Eval results *****
2024-10-07 17:33:43,927 - Detection -   best_eval_score = 0
2024-10-07 17:33:43,927 - Detection -   eval_score = 1.57
2024-10-07 17:33:43,927 - Detection -   train_loss = 9.42311105021724
2024-10-07 17:33:54,407 - Detection - ***** Epoch: 2: Eval results *****
2024-10-07 17:33:54,407 - Detection -   best_eval_score = 1.57
2024-10-07 17:33:54,407 - Detection -   eval_score = 0.91
2024-10-07 17:33:54,407 - Detection -   train_loss = 8.967759256009701
2024-10-07 17:34:05,038 - Detection - ***** Epoch: 3: Eval results *****
2024-10-07 17:34:05,038 - Detection -   best_eval_score = 1.57
2024-10-07 17:34:05,038 - Detection -   eval_score = 2.61
2024-10-07 17:34:05,038 - Detection -   train_loss = 8.559583116460729
2024-10-07 17:34:16,016 - Detection - ***** Epoch: 4: Eval results *****
2024-10-07 17:34:16,016 - Detection -   best_eval_score = 2.61
2024-10-07 17:34:16,016 - Detection -   eval_score = 6.27
2024-10-07 17:34:16,016 - Detection -   train_loss = 8.14439438007496
2024-10-07 17:34:27,243 - Detection - ***** Epoch: 5: Eval results *****
2024-10-07 17:34:27,243 - Detection -   best_eval_score = 6.27
2024-10-07 17:34:27,243 - Detection -   eval_score = 8.88
2024-10-07 17:34:27,243 - Detection -   train_loss = 7.885648665604768
2024-10-07 17:34:38,454 - Detection - ***** Epoch: 6: Eval results *****
2024-10-07 17:34:38,454 - Detection -   best_eval_score = 8.88
2024-10-07 17:34:38,454 - Detection -   eval_score = 10.7
2024-10-07 17:34:38,454 - Detection -   train_loss = 7.698013932616623
2024-10-07 17:34:49,473 - Detection - ***** Epoch: 7: Eval results *****
2024-10-07 17:34:49,473 - Detection -   best_eval_score = 10.7
2024-10-07 17:34:49,473 - Detection -   eval_score = 15.01
2024-10-07 17:34:49,473 - Detection -   train_loss = 7.554615577061971
2024-10-07 17:35:00,419 - Detection - ***** Epoch: 8: Eval results *****
2024-10-07 17:35:00,419 - Detection -   best_eval_score = 15.01
2024-10-07 17:35:00,419 - Detection -   eval_score = 22.72
2024-10-07 17:35:00,419 - Detection -   train_loss = 7.442575163311428
2024-10-07 17:35:11,437 - Detection - ***** Epoch: 9: Eval results *****
2024-10-07 17:35:11,437 - Detection -   best_eval_score = 22.72
2024-10-07 17:35:11,441 - Detection -   eval_score = 30.03
2024-10-07 17:35:11,441 - Detection -   train_loss = 7.3367994626363116
2024-10-07 17:35:22,533 - Detection - ***** Epoch: 10: Eval results *****
2024-10-07 17:35:22,533 - Detection -   best_eval_score = 30.03
2024-10-07 17:35:22,533 - Detection -   eval_score = 40.6
2024-10-07 17:35:22,533 - Detection -   train_loss = 7.206697596444024
2024-10-07 17:35:33,771 - Detection - ***** Epoch: 11: Eval results *****
2024-10-07 17:35:33,771 - Detection -   best_eval_score = 40.6
2024-10-07 17:35:33,771 - Detection -   eval_score = 51.17
2024-10-07 17:35:33,771 - Detection -   train_loss = 7.0701774579507335
2024-10-07 17:35:44,852 - Detection - ***** Epoch: 12: Eval results *****
2024-10-07 17:35:44,852 - Detection -   best_eval_score = 51.17
2024-10-07 17:35:44,852 - Detection -   eval_score = 59.4
2024-10-07 17:35:44,852 - Detection -   train_loss = 6.89821391635471
2024-10-07 17:35:55,962 - Detection - ***** Epoch: 13: Eval results *****
2024-10-07 17:35:55,962 - Detection -   best_eval_score = 59.4
2024-10-07 17:35:55,962 - Detection -   eval_score = 63.58
2024-10-07 17:35:55,962 - Detection -   train_loss = 6.667954409563983
2024-10-07 17:36:06,362 - Detection - ***** Epoch: 14: Eval results *****
2024-10-07 17:36:06,362 - Detection -   best_eval_score = 63.58
2024-10-07 17:36:06,362 - Detection -   eval_score = 66.45
2024-10-07 17:36:06,362 - Detection -   train_loss = 6.36491455855193
2024-10-07 17:36:16,784 - Detection - ***** Epoch: 15: Eval results *****
2024-10-07 17:36:16,784 - Detection -   best_eval_score = 66.45
2024-10-07 17:36:16,784 - Detection -   eval_score = 70.63
2024-10-07 17:36:16,784 - Detection -   train_loss = 5.991684569252862
2024-10-07 17:36:27,258 - Detection - ***** Epoch: 16: Eval results *****
2024-10-07 17:36:27,258 - Detection -   best_eval_score = 70.63
2024-10-07 17:36:27,258 - Detection -   eval_score = 76.11
2024-10-07 17:36:27,258 - Detection -   train_loss = 5.569377899169922
2024-10-07 17:36:37,665 - Detection - ***** Epoch: 17: Eval results *****
2024-10-07 17:36:37,665 - Detection -   best_eval_score = 76.11
2024-10-07 17:36:37,665 - Detection -   eval_score = 79.24
2024-10-07 17:36:37,665 - Detection -   train_loss = 5.202742726714523
2024-10-07 17:36:48,235 - Detection - ***** Epoch: 18: Eval results *****
2024-10-07 17:36:48,235 - Detection -   best_eval_score = 79.24
2024-10-07 17:36:48,235 - Detection -   eval_score = 81.72
2024-10-07 17:36:48,235 - Detection -   train_loss = 4.915242230450666
2024-10-07 17:36:58,540 - Detection - ***** Epoch: 19: Eval results *****
2024-10-07 17:36:58,540 - Detection -   best_eval_score = 81.72
2024-10-07 17:36:58,540 - Detection -   eval_score = 83.42
2024-10-07 17:36:58,540 - Detection -   train_loss = 4.615682707892524
2024-10-07 17:37:08,903 - Detection - ***** Epoch: 20: Eval results *****
2024-10-07 17:37:08,903 - Detection -   best_eval_score = 83.42
2024-10-07 17:37:08,904 - Detection -   eval_score = 85.51
2024-10-07 17:37:08,904 - Detection -   train_loss = 4.399105292779428
2024-10-07 17:37:19,965 - Detection - ***** Epoch: 21: Eval results *****
2024-10-07 17:37:19,965 - Detection -   best_eval_score = 85.51
2024-10-07 17:37:19,965 - Detection -   eval_score = 86.68
2024-10-07 17:37:19,965 - Detection -   train_loss = 4.220628173262985
2024-10-07 17:37:30,405 - Detection - ***** Epoch: 22: Eval results *****
2024-10-07 17:37:30,405 - Detection -   best_eval_score = 86.68
2024-10-07 17:37:30,405 - Detection -   eval_score = 87.86
2024-10-07 17:37:30,405 - Detection -   train_loss = 4.086036576165093
2024-10-07 17:37:40,809 - Detection - ***** Epoch: 23: Eval results *****
2024-10-07 17:37:40,809 - Detection -   best_eval_score = 87.86
2024-10-07 17:37:40,809 - Detection -   eval_score = 89.16
2024-10-07 17:37:40,809 - Detection -   train_loss = 3.9482983659814903
2024-10-07 17:37:51,209 - Detection - ***** Epoch: 24: Eval results *****
2024-10-07 17:37:51,209 - Detection -   best_eval_score = 89.16
2024-10-07 17:37:51,209 - Detection -   eval_score = 89.43
2024-10-07 17:37:51,209 - Detection -   train_loss = 3.8587573104434543
2024-10-07 17:38:01,994 - Detection - ***** Epoch: 25: Eval results *****
2024-10-07 17:38:01,994 - Detection -   best_eval_score = 89.43
2024-10-07 17:38:01,994 - Detection -   eval_score = 90.21
2024-10-07 17:38:01,994 - Detection -   train_loss = 3.746365957789951
2024-10-07 17:38:13,107 - Detection - ***** Epoch: 26: Eval results *****
2024-10-07 17:38:13,107 - Detection -   best_eval_score = 90.21
2024-10-07 17:38:13,111 - Detection -   eval_score = 90.47
2024-10-07 17:38:13,111 - Detection -   train_loss = 3.6874057010368064
2024-10-07 17:38:24,325 - Detection - ***** Epoch: 27: Eval results *****
2024-10-07 17:38:24,326 - Detection -   best_eval_score = 90.47
2024-10-07 17:38:24,326 - Detection -   eval_score = 90.47
2024-10-07 17:38:24,326 - Detection -   train_loss = 3.5898202613547996
2024-10-07 17:38:35,698 - Detection - ***** Epoch: 28: Eval results *****
2024-10-07 17:38:35,698 - Detection -   best_eval_score = 90.47
2024-10-07 17:38:35,698 - Detection -   eval_score = 91.12
2024-10-07 17:38:35,698 - Detection -   train_loss = 3.560138388916298
2024-10-07 17:38:46,764 - Detection - ***** Epoch: 29: Eval results *****
2024-10-07 17:38:46,764 - Detection -   best_eval_score = 91.12
2024-10-07 17:38:46,765 - Detection -   eval_score = 91.78
2024-10-07 17:38:46,765 - Detection -   train_loss = 3.466860713782134
2024-10-07 17:38:57,822 - Detection - ***** Epoch: 30: Eval results *****
2024-10-07 17:38:57,822 - Detection -   best_eval_score = 91.78
2024-10-07 17:38:57,823 - Detection -   eval_score = 91.12
2024-10-07 17:38:57,823 - Detection -   train_loss = 3.4285319602047957
2024-10-07 17:39:08,791 - Detection - ***** Epoch: 31: Eval results *****
2024-10-07 17:39:08,791 - Detection -   best_eval_score = 91.78
2024-10-07 17:39:08,791 - Detection -   eval_score = 91.64
2024-10-07 17:39:08,791 - Detection -   train_loss = 3.3802731522807368
2024-10-07 17:39:21,073 - Detection - ***** Epoch: 32: Eval results *****
2024-10-07 17:39:21,074 - Detection -   best_eval_score = 91.78
2024-10-07 17:39:21,074 - Detection -   eval_score = 91.64
2024-10-07 17:39:21,074 - Detection -   train_loss = 3.328598035706414
2024-10-07 17:39:31,532 - Detection - ***** Epoch: 33: Eval results *****
2024-10-07 17:39:31,532 - Detection -   best_eval_score = 91.78
2024-10-07 17:39:31,532 - Detection -   eval_score = 91.91
2024-10-07 17:39:31,533 - Detection -   train_loss = 3.2929642465379505
2024-10-07 17:39:41,945 - Detection - ***** Epoch: 34: Eval results *****
2024-10-07 17:39:41,945 - Detection -   best_eval_score = 91.91
2024-10-07 17:39:41,945 - Detection -   eval_score = 91.91
2024-10-07 17:39:41,945 - Detection -   train_loss = 3.2862927383846707
2024-10-07 17:39:52,445 - Detection - ***** Epoch: 35: Eval results *****
2024-10-07 17:39:52,445 - Detection -   best_eval_score = 91.91
2024-10-07 17:39:52,445 - Detection -   eval_score = 92.04
2024-10-07 17:39:52,445 - Detection -   train_loss = 3.2442316081788807
2024-10-07 17:40:03,005 - Detection - ***** Epoch: 36: Eval results *****
2024-10-07 17:40:03,005 - Detection -   best_eval_score = 92.04
2024-10-07 17:40:03,005 - Detection -   eval_score = 91.91
2024-10-07 17:40:03,005 - Detection -   train_loss = 3.1989750023241394
2024-10-07 17:40:13,369 - Detection - ***** Epoch: 37: Eval results *****
2024-10-07 17:40:13,370 - Detection -   best_eval_score = 92.04
2024-10-07 17:40:13,370 - Detection -   eval_score = 91.64
2024-10-07 17:40:13,370 - Detection -   train_loss = 3.1626462362430714
2024-10-07 17:40:23,863 - Detection - ***** Epoch: 38: Eval results *****
2024-10-07 17:40:23,864 - Detection -   best_eval_score = 92.04
2024-10-07 17:40:23,864 - Detection -   eval_score = 92.04
2024-10-07 17:40:23,864 - Detection -   train_loss = 3.169682838298656
2024-10-07 17:40:34,314 - Detection - ***** Epoch: 39: Eval results *****
2024-10-07 17:40:34,314 - Detection -   best_eval_score = 92.04
2024-10-07 17:40:34,314 - Detection -   eval_score = 92.17
2024-10-07 17:40:34,314 - Detection -   train_loss = 3.132615160059046
2024-10-07 17:40:44,748 - Detection - ***** Epoch: 40: Eval results *****
2024-10-07 17:40:44,748 - Detection -   best_eval_score = 92.17
2024-10-07 17:40:44,748 - Detection -   eval_score = 92.04
2024-10-07 17:40:44,748 - Detection -   train_loss = 3.1023730392809266
2024-10-07 17:40:55,114 - Detection - ***** Epoch: 41: Eval results *****
2024-10-07 17:40:55,114 - Detection -   best_eval_score = 92.17
2024-10-07 17:40:55,114 - Detection -   eval_score = 91.91
2024-10-07 17:40:55,114 - Detection -   train_loss = 3.09039447484193
2024-10-07 17:41:05,486 - Detection - ***** Epoch: 42: Eval results *****
2024-10-07 17:41:05,486 - Detection -   best_eval_score = 92.17
2024-10-07 17:41:05,486 - Detection -   eval_score = 91.91
2024-10-07 17:41:05,486 - Detection -   train_loss = 3.051916387346056
2024-10-07 17:41:16,019 - Detection - ***** Epoch: 43: Eval results *****
2024-10-07 17:41:16,019 - Detection -   best_eval_score = 92.17
2024-10-07 17:41:16,019 - Detection -   eval_score = 92.04
2024-10-07 17:41:16,019 - Detection -   train_loss = 3.0632862603222883
2024-10-07 17:41:26,582 - Detection - ***** Epoch: 44: Eval results *****
2024-10-07 17:41:26,582 - Detection -   best_eval_score = 92.17
2024-10-07 17:41:26,582 - Detection -   eval_score = 92.17
2024-10-07 17:41:26,582 - Detection -   train_loss = 3.021321084764269
2024-10-07 17:41:39,116 - Detection - ***** Epoch: 45: Eval results *****
2024-10-07 17:41:39,116 - Detection -   best_eval_score = 92.17
2024-10-07 17:41:39,116 - Detection -   eval_score = 92.17
2024-10-07 17:41:39,116 - Detection -   train_loss = 2.993846509191725
2024-10-07 17:41:50,118 - Detection - ***** Epoch: 46: Eval results *****
2024-10-07 17:41:50,118 - Detection -   best_eval_score = 92.17
2024-10-07 17:41:50,118 - Detection -   eval_score = 92.3
2024-10-07 17:41:50,118 - Detection -   train_loss = 2.9994619025124445
2024-10-07 17:42:01,096 - Detection - ***** Epoch: 47: Eval results *****
2024-10-07 17:42:01,096 - Detection -   best_eval_score = 92.3
2024-10-07 17:42:01,096 - Detection -   eval_score = 92.56
2024-10-07 17:42:01,096 - Detection -   train_loss = 2.9611960649490356
2024-10-07 17:42:12,352 - Detection - ***** Epoch: 48: Eval results *****
2024-10-07 17:42:12,353 - Detection -   best_eval_score = 92.56
2024-10-07 17:42:12,353 - Detection -   eval_score = 92.82
2024-10-07 17:42:12,353 - Detection -   train_loss = 2.9524689073915833
2024-10-07 17:42:23,332 - Detection - ***** Epoch: 49: Eval results *****
2024-10-07 17:42:23,332 - Detection -   best_eval_score = 92.82
2024-10-07 17:42:23,332 - Detection -   eval_score = 92.56
2024-10-07 17:42:23,332 - Detection -   train_loss = 2.935538406725283
2024-10-07 17:42:34,594 - Detection - ***** Epoch: 50: Eval results *****
2024-10-07 17:42:34,594 - Detection -   best_eval_score = 92.82
2024-10-07 17:42:34,594 - Detection -   eval_score = 92.69
2024-10-07 17:42:34,594 - Detection -   train_loss = 2.9321955177519055
2024-10-07 17:42:45,832 - Detection - ***** Epoch: 51: Eval results *****
2024-10-07 17:42:45,832 - Detection -   best_eval_score = 92.82
2024-10-07 17:42:45,832 - Detection -   eval_score = 92.82
2024-10-07 17:42:45,832 - Detection -   train_loss = 2.9137534786153725
2024-10-07 17:42:56,519 - Detection - ***** Epoch: 52: Eval results *****
2024-10-07 17:42:56,519 - Detection -   best_eval_score = 92.82
2024-10-07 17:42:56,519 - Detection -   eval_score = 92.95
2024-10-07 17:42:56,519 - Detection -   train_loss = 2.897410021887885
2024-10-07 17:43:07,225 - Detection - ***** Epoch: 53: Eval results *****
2024-10-07 17:43:07,225 - Detection -   best_eval_score = 92.95
2024-10-07 17:43:07,225 - Detection -   eval_score = 92.82
2024-10-07 17:43:07,226 - Detection -   train_loss = 2.8868886320679277
2024-10-07 17:43:17,831 - Detection - ***** Epoch: 54: Eval results *****
2024-10-07 17:43:17,831 - Detection -   best_eval_score = 92.95
2024-10-07 17:43:17,831 - Detection -   eval_score = 92.69
2024-10-07 17:43:17,832 - Detection -   train_loss = 2.8696900562003806
2024-10-07 17:43:28,274 - Detection - ***** Epoch: 55: Eval results *****
2024-10-07 17:43:28,274 - Detection -   best_eval_score = 92.95
2024-10-07 17:43:28,274 - Detection -   eval_score = 92.56
2024-10-07 17:43:28,274 - Detection -   train_loss = 2.8660819309729115
2024-10-07 17:43:38,556 - Detection - ***** Epoch: 56: Eval results *****
2024-10-07 17:43:38,556 - Detection -   best_eval_score = 92.95
2024-10-07 17:43:38,556 - Detection -   eval_score = 92.69
2024-10-07 17:43:38,556 - Detection -   train_loss = 2.852611042835094
2024-10-07 17:43:48,962 - Detection - ***** Epoch: 57: Eval results *****
2024-10-07 17:43:48,963 - Detection -   best_eval_score = 92.95
2024-10-07 17:43:48,963 - Detection -   eval_score = 92.56
2024-10-07 17:43:48,963 - Detection -   train_loss = 2.842995431688097
2024-10-07 17:43:59,283 - Detection - ***** Epoch: 58: Eval results *****
2024-10-07 17:43:59,283 - Detection -   best_eval_score = 92.95
2024-10-07 17:43:59,283 - Detection -   eval_score = 92.56
2024-10-07 17:43:59,283 - Detection -   train_loss = 2.853097156242088
2024-10-07 17:44:09,776 - Detection - ***** Epoch: 59: Eval results *****
2024-10-07 17:44:09,776 - Detection -   best_eval_score = 92.95
2024-10-07 17:44:09,776 - Detection -   eval_score = 92.69
2024-10-07 17:44:09,776 - Detection -   train_loss = 2.8289493719736734
2024-10-07 17:44:20,041 - Detection - ***** Epoch: 60: Eval results *****
2024-10-07 17:44:20,041 - Detection -   best_eval_score = 92.95
2024-10-07 17:44:20,041 - Detection -   eval_score = 92.43
2024-10-07 17:44:20,041 - Detection -   train_loss = 2.8120870192845664
2024-10-07 17:44:31,000 - Detection - ***** Epoch: 61: Eval results *****
2024-10-07 17:44:31,001 - Detection -   best_eval_score = 92.95
2024-10-07 17:44:31,001 - Detection -   eval_score = 92.43
2024-10-07 17:44:31,001 - Detection -   train_loss = 2.817113443657204
2024-10-07 17:44:41,993 - Detection - ***** Epoch: 62: Eval results *****
2024-10-07 17:44:41,993 - Detection -   best_eval_score = 92.95
2024-10-07 17:44:41,993 - Detection -   eval_score = 92.56
2024-10-07 17:44:41,993 - Detection -   train_loss = 2.791955996442724
2024-10-07 17:44:41,994 - Detection - Trained models are saved in /home/sharing/disk3/wangyifan/sujianhua/output/open_intent_detection/ADB_banking_0.75_1.0_bert_2/models
2024-10-07 17:44:43,612 - Detection - Pre-training finished...
2024-10-07 17:44:43,613 - Detection - Training Begin...
2024-10-07 17:45:07,206 - Detection - ***** Epoch: 1: Eval results *****
2024-10-07 17:45:07,207 - Detection -   best_eval_score = 0
2024-10-07 17:45:07,207 - Detection -   eval_score = 1.89
2024-10-07 17:45:07,207 - Detection -   train_loss = 7.556424732561465
2024-10-07 17:45:18,364 - Detection - ***** Epoch: 2: Eval results *****
2024-10-07 17:45:18,364 - Detection -   best_eval_score = 1.89
2024-10-07 17:45:18,364 - Detection -   eval_score = 37.24
2024-10-07 17:45:18,364 - Detection -   train_loss = 5.360924385212086
2024-10-07 17:45:29,468 - Detection - ***** Epoch: 3: Eval results *****
2024-10-07 17:45:29,468 - Detection -   best_eval_score = 37.24
2024-10-07 17:45:29,472 - Detection -   eval_score = 78.08
2024-10-07 17:45:29,472 - Detection -   train_loss = 2.781012680795458
2024-10-07 17:45:39,150 - Detection - ***** Epoch: 4: Eval results *****
2024-10-07 17:45:39,151 - Detection -   best_eval_score = 78.08
2024-10-07 17:45:39,151 - Detection -   eval_score = 87.94
2024-10-07 17:45:39,151 - Detection -   train_loss = 1.1720883658638708
2024-10-07 17:45:47,891 - Detection - ***** Epoch: 5: Eval results *****
2024-10-07 17:45:47,891 - Detection -   best_eval_score = 87.94
2024-10-07 17:45:47,891 - Detection -   eval_score = 88.54
2024-10-07 17:45:47,891 - Detection -   train_loss = 0.9712332983811697
2024-10-07 17:45:56,525 - Detection - ***** Epoch: 6: Eval results *****
2024-10-07 17:45:56,525 - Detection -   best_eval_score = 88.54
2024-10-07 17:45:56,525 - Detection -   eval_score = 88.39
2024-10-07 17:45:56,525 - Detection -   train_loss = 0.9651380424146299
2024-10-07 17:46:05,748 - Detection - ***** Epoch: 7: Eval results *****
2024-10-07 17:46:05,748 - Detection -   best_eval_score = 88.54
2024-10-07 17:46:05,748 - Detection -   eval_score = 88.22
2024-10-07 17:46:05,748 - Detection -   train_loss = 0.9689187506834666
2024-10-07 17:46:15,083 - Detection - ***** Epoch: 8: Eval results *****
2024-10-07 17:46:15,083 - Detection -   best_eval_score = 88.54
2024-10-07 17:46:15,083 - Detection -   eval_score = 88.27
2024-10-07 17:46:15,083 - Detection -   train_loss = 0.9707765413655175
2024-10-07 17:46:24,190 - Detection - ***** Epoch: 9: Eval results *****
2024-10-07 17:46:24,190 - Detection -   best_eval_score = 88.54
2024-10-07 17:46:24,190 - Detection -   eval_score = 88.09
2024-10-07 17:46:24,190 - Detection -   train_loss = 0.9768899745411344
2024-10-07 17:46:33,546 - Detection - ***** Epoch: 10: Eval results *****
2024-10-07 17:46:33,546 - Detection -   best_eval_score = 88.54
2024-10-07 17:46:33,546 - Detection -   eval_score = 88.6
2024-10-07 17:46:33,546 - Detection -   train_loss = 0.9707529346148173
2024-10-07 17:46:42,874 - Detection - ***** Epoch: 11: Eval results *****
2024-10-07 17:46:42,874 - Detection -   best_eval_score = 88.6
2024-10-07 17:46:42,874 - Detection -   eval_score = 88.95
2024-10-07 17:46:42,875 - Detection -   train_loss = 0.9703733236701401
2024-10-07 17:46:51,912 - Detection - ***** Epoch: 12: Eval results *****
2024-10-07 17:46:51,913 - Detection -   best_eval_score = 88.95
2024-10-07 17:46:51,913 - Detection -   eval_score = 88.67
2024-10-07 17:46:51,913 - Detection -   train_loss = 0.9796900285614861
2024-10-07 17:47:00,456 - Detection - ***** Epoch: 13: Eval results *****
2024-10-07 17:47:00,456 - Detection -   best_eval_score = 88.95
2024-10-07 17:47:00,456 - Detection -   eval_score = 88.3
2024-10-07 17:47:00,456 - Detection -   train_loss = 0.9804447249129966
2024-10-07 17:47:09,379 - Detection - ***** Epoch: 14: Eval results *****
2024-10-07 17:47:09,379 - Detection -   best_eval_score = 88.95
2024-10-07 17:47:09,383 - Detection -   eval_score = 88.53
2024-10-07 17:47:09,383 - Detection -   train_loss = 0.9665218702069035
2024-10-07 17:47:18,355 - Detection - ***** Epoch: 15: Eval results *****
2024-10-07 17:47:18,355 - Detection -   best_eval_score = 88.95
2024-10-07 17:47:18,355 - Detection -   eval_score = 88.2
2024-10-07 17:47:18,355 - Detection -   train_loss = 0.9812177033336075
2024-10-07 17:47:27,321 - Detection - ***** Epoch: 16: Eval results *****
2024-10-07 17:47:27,321 - Detection -   best_eval_score = 88.95
2024-10-07 17:47:27,321 - Detection -   eval_score = 88.47
2024-10-07 17:47:27,322 - Detection -   train_loss = 0.9723993859909199
2024-10-07 17:47:36,568 - Detection - ***** Epoch: 17: Eval results *****
2024-10-07 17:47:36,568 - Detection -   best_eval_score = 88.95
2024-10-07 17:47:36,568 - Detection -   eval_score = 88.25
2024-10-07 17:47:36,568 - Detection -   train_loss = 0.9665739216186382
2024-10-07 17:47:45,498 - Detection - ***** Epoch: 18: Eval results *****
2024-10-07 17:47:45,498 - Detection -   best_eval_score = 88.95
2024-10-07 17:47:45,498 - Detection -   eval_score = 88.33
2024-10-07 17:47:45,498 - Detection -   train_loss = 0.9776218114075838
2024-10-07 17:47:54,834 - Detection - ***** Epoch: 19: Eval results *****
2024-10-07 17:47:54,834 - Detection -   best_eval_score = 88.95
2024-10-07 17:47:54,834 - Detection -   eval_score = 88.39
2024-10-07 17:47:54,834 - Detection -   train_loss = 0.9673397309250302
2024-10-07 17:48:04,049 - Detection - ***** Epoch: 20: Eval results *****
2024-10-07 17:48:04,049 - Detection -   best_eval_score = 88.95
2024-10-07 17:48:04,049 - Detection -   eval_score = 88.14
2024-10-07 17:48:04,049 - Detection -   train_loss = 0.9770779422035923
2024-10-07 17:48:13,599 - Detection - ***** Epoch: 21: Eval results *****
2024-10-07 17:48:13,599 - Detection -   best_eval_score = 88.95
2024-10-07 17:48:13,599 - Detection -   eval_score = 88.34
2024-10-07 17:48:13,600 - Detection -   train_loss = 0.983003928705498
2024-10-07 17:48:13,601 - Detection - Training Finished...
2024-10-07 17:48:13,601 - Detection - Testing begin...
2024-10-07 17:48:16,501 - Detection - ***** Test: Confusion Matrix *****
2024-10-07 17:48:16,502 - Detection - [[ 28   0   0 ...   0   0  11]
 [  0  36   0 ...   0   0   4]
 [  0   0  31 ...   0   0   9]
 ...
 [  0   0   0 ...  33   0   4]
 [  0   0   0 ...   0  31   9]
 [  0   2  14 ...   2   2 557]]
2024-10-07 17:48:16,502 - Detection - ***** Test results *****
2024-10-07 17:48:16,502 - Detection -   Acc = 80.88
2024-10-07 17:48:16,502 - Detection -   F1 = 85.6733
2024-10-07 17:48:16,502 - Detection -   F1-known = 85.975
2024-10-07 17:48:16,502 - Detection -   F1-open = 68.1763
2024-10-07 17:48:16,502 - Detection - Testing finished...
2024-10-07 17:48:16,502 - Detection - Results saved in results/results_ADB_banking_ab.csv
2024-10-07 17:48:16,526 - Detection - Open Intent Detection Finished...
