2024-10-07 12:48:32,748 - Detection - Open Intent Detection Begin...
2024-10-07 12:48:32,748 - Detection - Parameters Initialization...
2024-10-07 12:48:32,749 - Detection - Data and Model Preparation...
2024-10-07 12:48:32,749 - Detection - The number of known intents is 75
2024-10-07 12:48:32,749 - Detection - Lists of known labels are: ['traffic', 'card_declined', 'transfer', 'roll_dice', 'routing', 'oil_change_how', 'pay_bill', 'calories', 'are_you_a_bot', 'travel_notification', 'change_volume', 'calculator', 'calendar', 'last_maintenance', 'smart_home', 'definition', 'international_fees', 'alarm', 'change_user_name', 'timezone', 'direct_deposit', 'tire_change', 'meaning_of_life', 'confirm_reservation', 'credit_limit_change', 'carry_on', 'find_phone', 'cancel_reservation', 'change_accent', 'restaurant_reservation', 'payday', 'gas', 'schedule_maintenance', 'account_blocked', 'redeem_rewards', 'what_song', 'tire_pressure', 'recipe', 'play_music', 'fun_fact', 'uber', 'bill_balance', 'make_call', 'book_hotel', 'travel_alert', 'calendar_update', 'cancel', 'international_visa', 'pto_used', 'sync_device', 'cook_time', 'measurement_conversion', 'tell_joke', 'update_playlist', 'replacement_card_duration', 'repeat', 'flip_coin', 'lost_luggage', 'text', 'pto_request_status', 'balance', 'pto_balance', 'exchange_rate', 'next_holiday', 'shopping_list_update', 'nutrition_info', 'share_location', 'pin_change', 'book_flight', 'rollover_401k', 'thank_you', 'current_location', 'order', 'reset_settings', 'apr']
2024-10-07 12:48:32,814 - Detection - Number of labeled training samples = 7500
2024-10-07 12:48:32,814 - Detection - Number of unlabeled training samples = 7500
2024-10-07 12:48:32,821 - Detection - Number of evaluation samples = 1500
2024-10-07 12:48:32,902 - Detection - Number of testing samples = 5700
2024-10-07 12:48:35,864 - Detection - ============================== Params ==============================
2024-10-07 12:48:35,864 - Detection - type:	open_intent_detection
2024-10-07 12:48:35,864 - Detection - logger_name:	Detection
2024-10-07 12:48:35,864 - Detection - log_dir:	logs
2024-10-07 12:48:35,864 - Detection - dataset:	oos
2024-10-07 12:48:35,864 - Detection - known_cls_ratio:	0.5
2024-10-07 12:48:35,864 - Detection - labeled_ratio:	1.0
2024-10-07 12:48:35,864 - Detection - method:	ADB
2024-10-07 12:48:35,864 - Detection - train:	True
2024-10-07 12:48:35,864 - Detection - tune:	True
2024-10-07 12:48:35,864 - Detection - pretrain:	True
2024-10-07 12:48:35,864 - Detection - b_train:	False
2024-10-07 12:48:35,864 - Detection - save_model:	True
2024-10-07 12:48:35,864 - Detection - backbone:	bert
2024-10-07 12:48:35,864 - Detection - config_file_name:	ADB_oos
2024-10-07 12:48:35,864 - Detection - seed:	4
2024-10-07 12:48:35,864 - Detection - gpu_id:	1
2024-10-07 12:48:35,864 - Detection - pipe_results_path:	pipe_results
2024-10-07 12:48:35,864 - Detection - data_dir:	/home/sharing/disk3/wangyifan/sujianhua/TEXTOIR_ct_adb/open_intent_detection/../data
2024-10-07 12:48:35,864 - Detection - output_dir:	/home/sharing/disk3/wangyifan/sujianhua/output
2024-10-07 12:48:35,864 - Detection - model_dir:	models
2024-10-07 12:48:35,864 - Detection - load_pretrained_method:	None
2024-10-07 12:48:35,864 - Detection - result_dir:	results
2024-10-07 12:48:35,864 - Detection - results_file_name:	results_ADB_oos.csv
2024-10-07 12:48:35,864 - Detection - save_results:	True
2024-10-07 12:48:35,864 - Detection - loss_fct:	CrossEntropyLoss
2024-10-07 12:48:35,864 - Detection - dataset_neg:	SQUAD
2024-10-07 12:48:35,864 - Detection - method_output_dir:	/home/sharing/disk3/wangyifan/sujianhua/output/open_intent_detection/ADB_oos_0.5_1.0_bert_4
2024-10-07 12:48:35,865 - Detection - model_output_dir:	/home/sharing/disk3/wangyifan/sujianhua/output/open_intent_detection/ADB_oos_0.5_1.0_bert_4/models
2024-10-07 12:48:35,865 - Detection - bert_model:	/home/sharing/disk1/pretrained_embedding/bert/uncased_L-12_H-768_A-12/
2024-10-07 12:48:35,865 - Detection - num_train_epochs:	1
2024-10-07 12:48:35,865 - Detection - num_labels:	75
2024-10-07 12:48:35,865 - Detection - max_seq_length:	30
2024-10-07 12:48:35,865 - Detection - freeze_backbone_parameters:	True
2024-10-07 12:48:35,865 - Detection - feat_dim:	768
2024-10-07 12:48:35,865 - Detection - warmup_proportion:	0.1
2024-10-07 12:48:35,865 - Detection - lr_boundary:	0.05
2024-10-07 12:48:35,865 - Detection - lr:	2e-05
2024-10-07 12:48:35,865 - Detection - activation:	relu
2024-10-07 12:48:35,865 - Detection - train_batch_size:	128
2024-10-07 12:48:35,865 - Detection - eval_batch_size:	64
2024-10-07 12:48:35,865 - Detection - test_batch_size:	64
2024-10-07 12:48:35,865 - Detection - wait_patient:	10
2024-10-07 12:48:35,865 - Detection - safe1:	0.5
2024-10-07 12:48:35,865 - Detection - safe2:	0.8
2024-10-07 12:48:35,865 - Detection - neg_weight:	0.3
2024-10-07 12:48:35,865 - Detection - margin:	0.8
2024-10-07 12:48:35,865 - Detection - p:	2
2024-10-07 12:48:35,865 - Detection - loss_weight:	1
2024-10-07 12:48:35,865 - Detection - supcon_loss_weight:	0.7
2024-10-07 12:48:35,865 - Detection - triplet_loss_weight:	0.9
2024-10-07 12:48:35,865 - Detection - unseen_label_id:	75
2024-10-07 12:48:35,865 - Detection - anum_labels:	76
2024-10-07 12:48:35,865 - Detection - ============================== End Params ==============================
2024-10-07 12:48:36,917 - Detection - Freeze all parameters but the last layer for efficiency
2024-10-07 12:48:38,103 - Detection - Pre-training Begin...
2024-10-07 12:48:47,409 - Detection - ***** Epoch: 1: Eval results *****
2024-10-07 12:48:47,409 - Detection -   best_eval_score = 0
2024-10-07 12:48:47,409 - Detection -   eval_score = 10.47
2024-10-07 12:48:47,409 - Detection -   train_loss = 8.478216163182664
2024-10-07 12:48:47,423 - Detection - Trained models are saved in /home/sharing/disk3/wangyifan/sujianhua/output/open_intent_detection/ADB_oos_0.5_1.0_bert_4/models
2024-10-07 12:48:48,881 - Detection - Pre-training finished...
2024-10-07 12:48:48,882 - Detection - Training Begin...
2024-10-07 12:49:05,312 - Detection - ***** Epoch: 1: Eval results *****
2024-10-07 12:49:05,312 - Detection -   best_eval_score = 0
2024-10-07 12:49:05,312 - Detection -   eval_score = 74.02
2024-10-07 12:49:05,312 - Detection -   train_loss = 0.7047581016007116
2024-10-07 12:49:05,314 - Detection - Training Finished...
2024-10-07 12:49:05,314 - Detection - Testing begin...
2024-10-07 12:49:07,556 - Detection - ***** Test: Confusion Matrix *****
2024-10-07 12:49:07,556 - Detection - [[  20    0    0 ...    0    0   10]
 [   0   22    0 ...    0    0    8]
 [   0    0   26 ...    0    0    2]
 ...
 [   0    0    0 ...   25    0    4]
 [   0    0    0 ...    0    1   28]
 [   0   21    8 ...    8    0 2702]]
2024-10-07 12:49:07,556 - Detection - ***** Test results *****
2024-10-07 12:49:07,556 - Detection -   Acc = 74.63
2024-10-07 12:49:07,556 - Detection -   F1 = 65.5111
2024-10-07 12:49:07,556 - Detection -   F1-known = 65.3165
2024-10-07 12:49:07,556 - Detection -   F1-open = 80.1067
2024-10-07 12:49:07,556 - Detection - Testing finished...
2024-10-07 12:49:07,556 - Detection - Results saved in results/results_ADB_oos.csv
2024-10-07 12:49:07,582 - Detection - Open Intent Detection Finished...
