2024-10-06 00:38:52,968 - Detection - Open Intent Detection Begin...
2024-10-06 00:38:52,968 - Detection - Parameters Initialization...
2024-10-06 00:38:52,968 - Detection - Data and Model Preparation...
2024-10-06 00:38:52,969 - Detection - The number of known intents is 19
2024-10-06 00:38:52,969 - Detection - Lists of known labels are: ['edit_personal_details', 'lost_or_stolen_phone', 'declined_card_payment', 'why_verify_identity', 'top_up_by_cash_or_cheque', 'top_up_failed', 'top_up_reverted', 'receiving_money', 'failed_transfer', 'top_up_by_card_charge', 'card_about_to_expire', 'reverted_card_payment?', 'exchange_via_app', 'age_limit', 'verify_top_up', 'declined_cash_withdrawal', 'pending_card_payment', 'card_not_working', 'passcode_forgotten']
2024-10-06 00:38:53,002 - Detection - Number of labeled training samples = 2215
2024-10-06 00:38:53,002 - Detection - Number of unlabeled training samples = 6788
2024-10-06 00:38:53,005 - Detection - Number of evaluation samples = 245
2024-10-06 00:38:53,013 - Detection - Number of testing samples = 3080
2024-10-06 00:38:56,743 - Detection - ============================== Params ==============================
2024-10-06 00:38:56,743 - Detection - type:	open_intent_detection
2024-10-06 00:38:56,743 - Detection - logger_name:	Detection
2024-10-06 00:38:56,743 - Detection - log_dir:	logs
2024-10-06 00:38:56,743 - Detection - dataset:	banking
2024-10-06 00:38:56,743 - Detection - known_cls_ratio:	0.25
2024-10-06 00:38:56,743 - Detection - labeled_ratio:	1.0
2024-10-06 00:38:56,743 - Detection - method:	ADB
2024-10-06 00:38:56,743 - Detection - train:	True
2024-10-06 00:38:56,743 - Detection - tune:	True
2024-10-06 00:38:56,743 - Detection - pretrain:	True
2024-10-06 00:38:56,744 - Detection - b_train:	False
2024-10-06 00:38:56,744 - Detection - save_model:	False
2024-10-06 00:38:56,744 - Detection - backbone:	bert
2024-10-06 00:38:56,744 - Detection - config_file_name:	ADB
2024-10-06 00:38:56,744 - Detection - seed:	1
2024-10-06 00:38:56,744 - Detection - gpu_id:	0
2024-10-06 00:38:56,744 - Detection - pipe_results_path:	pipe_results
2024-10-06 00:38:56,744 - Detection - data_dir:	/root/autodl-tmp/TEXTOIR_ct_adb_three_ad/open_intent_detection/../data
2024-10-06 00:38:56,744 - Detection - output_dir:	/home/sharing/disk3/wangyifan/sujianhua/TEXTOIR_ct_adb_three_ad/output
2024-10-06 00:38:56,744 - Detection - model_dir:	models
2024-10-06 00:38:56,744 - Detection - load_pretrained_method:	None
2024-10-06 00:38:56,744 - Detection - result_dir:	results
2024-10-06 00:38:56,744 - Detection - results_file_name:	results_ADB_f.csv
2024-10-06 00:38:56,744 - Detection - save_results:	True
2024-10-06 00:38:56,744 - Detection - loss_fct:	CrossEntropyLoss
2024-10-06 00:38:56,744 - Detection - dataset_neg:	SQUAD
2024-10-06 00:38:56,744 - Detection - method_output_dir:	/home/sharing/disk3/wangyifan/sujianhua/TEXTOIR_ct_adb_three_ad/output/open_intent_detection/ADB_banking_0.25_1.0_bert_1
2024-10-06 00:38:56,744 - Detection - model_output_dir:	/home/sharing/disk3/wangyifan/sujianhua/TEXTOIR_ct_adb_three_ad/output/open_intent_detection/ADB_banking_0.25_1.0_bert_1/models
2024-10-06 00:38:56,744 - Detection - bert_model:	/root/autodl-tmp/bert-base-uncased
2024-10-06 00:38:56,744 - Detection - num_train_epochs:	1
2024-10-06 00:38:56,744 - Detection - num_labels:	19
2024-10-06 00:38:56,744 - Detection - max_seq_length:	55
2024-10-06 00:38:56,744 - Detection - freeze_backbone_parameters:	True
2024-10-06 00:38:56,744 - Detection - feat_dim:	768
2024-10-06 00:38:56,744 - Detection - warmup_proportion:	0.1
2024-10-06 00:38:56,744 - Detection - lr_boundary:	0.05
2024-10-06 00:38:56,744 - Detection - lr:	2e-05
2024-10-06 00:38:56,744 - Detection - activation:	relu
2024-10-06 00:38:56,744 - Detection - train_batch_size:	128
2024-10-06 00:38:56,744 - Detection - eval_batch_size:	64
2024-10-06 00:38:56,744 - Detection - test_batch_size:	64
2024-10-06 00:38:56,744 - Detection - wait_patient:	10
2024-10-06 00:38:56,744 - Detection - safe1:	0.8
2024-10-06 00:38:56,744 - Detection - safe2:	0.7
2024-10-06 00:38:56,744 - Detection - neg_weight:	0.5
2024-10-06 00:38:56,744 - Detection - margin:	0.5
2024-10-06 00:38:56,744 - Detection - p:	2
2024-10-06 00:38:56,744 - Detection - loss_weight:	1
2024-10-06 00:38:56,744 - Detection - supcon_loss_weight:	0.8
2024-10-06 00:38:56,745 - Detection - triplet_loss_weight:	0.7
2024-10-06 00:38:56,745 - Detection - unseen_label_id:	19
2024-10-06 00:38:56,745 - Detection - anum_labels:	20
2024-10-06 00:38:56,745 - Detection - ============================== End Params ==============================
2024-10-06 00:38:57,985 - Detection - Freeze all parameters but the last layer for efficiency
2024-10-06 00:38:59,018 - Detection - Pre-training Begin...
2024-10-06 00:39:03,144 - Detection - ***** Epoch: 1: Eval results *****
2024-10-06 00:39:03,144 - Detection -   best_eval_score = 0
2024-10-06 00:39:03,144 - Detection -   eval_score = 5.31
2024-10-06 00:39:03,144 - Detection -   train_loss = 8.071006615956625
2024-10-06 00:39:03,163 - Detection - Pre-training finished...
2024-10-06 00:39:03,163 - Detection - Training Begin...
