2024-10-06 20:30:09,424 - Detection - Open Intent Detection Begin...
2024-10-06 20:30:09,424 - Detection - Parameters Initialization...
2024-10-06 20:30:09,424 - Detection - Data and Model Preparation...
2024-10-06 20:30:09,425 - Detection - The number of known intents is 38
2024-10-06 20:30:09,425 - Detection - Lists of known labels are: ['edit_personal_details', 'lost_or_stolen_phone', 'declined_card_payment', 'why_verify_identity', 'top_up_by_cash_or_cheque', 'top_up_failed', 'top_up_reverted', 'receiving_money', 'failed_transfer', 'top_up_by_card_charge', 'card_about_to_expire', 'reverted_card_payment?', 'exchange_via_app', 'age_limit', 'verify_top_up', 'declined_cash_withdrawal', 'pending_card_payment', 'card_not_working', 'passcode_forgotten', 'card_swallowed', 'wrong_exchange_rate_for_cash_withdrawal', 'verify_source_of_funds', 'transaction_charged_twice', 'wrong_amount_of_cash_received', 'topping_up_by_card', 'extra_charge_on_statement', 'get_disposable_virtual_card', 'terminate_account', 'exchange_rate', 'transfer_timing', 'getting_spare_card', 'cash_withdrawal_not_recognised', 'unable_to_verify_identity', 'apple_pay_or_google_pay', 'order_physical_card', 'top_up_by_bank_transfer_charge', 'get_physical_card', 'pending_cash_withdrawal']
2024-10-06 20:30:09,452 - Detection - Number of labeled training samples = 4378
2024-10-06 20:30:09,453 - Detection - Number of unlabeled training samples = 4625
2024-10-06 20:30:09,455 - Detection - Number of evaluation samples = 485
2024-10-06 20:30:09,462 - Detection - Number of testing samples = 3080
2024-10-06 20:30:12,015 - Detection - ============================== Params ==============================
2024-10-06 20:30:12,015 - Detection - type:	open_intent_detection
2024-10-06 20:30:12,015 - Detection - logger_name:	Detection
2024-10-06 20:30:12,015 - Detection - log_dir:	logs
2024-10-06 20:30:12,015 - Detection - dataset:	banking
2024-10-06 20:30:12,015 - Detection - known_cls_ratio:	0.5
2024-10-06 20:30:12,015 - Detection - labeled_ratio:	1.0
2024-10-06 20:30:12,015 - Detection - method:	ADB
2024-10-06 20:30:12,015 - Detection - train:	True
2024-10-06 20:30:12,015 - Detection - tune:	True
2024-10-06 20:30:12,015 - Detection - pretrain:	True
2024-10-06 20:30:12,015 - Detection - b_train:	False
2024-10-06 20:30:12,015 - Detection - save_model:	True
2024-10-06 20:30:12,015 - Detection - backbone:	bert
2024-10-06 20:30:12,015 - Detection - config_file_name:	ADB_banking
2024-10-06 20:30:12,015 - Detection - seed:	1
2024-10-06 20:30:12,015 - Detection - gpu_id:	0
2024-10-06 20:30:12,015 - Detection - pipe_results_path:	pipe_results
2024-10-06 20:30:12,015 - Detection - data_dir:	/home/sharing/disk3/wangyifan/sujianhua/TEXTOIR_ct_adb/open_intent_detection/../data
2024-10-06 20:30:12,015 - Detection - output_dir:	/home/sharing/disk3/wangyifan/sujianhua/output
2024-10-06 20:30:12,015 - Detection - model_dir:	models
2024-10-06 20:30:12,015 - Detection - load_pretrained_method:	None
2024-10-06 20:30:12,015 - Detection - result_dir:	results
2024-10-06 20:30:12,015 - Detection - results_file_name:	results_ADB_banking.csv
2024-10-06 20:30:12,015 - Detection - save_results:	True
2024-10-06 20:30:12,015 - Detection - loss_fct:	CrossEntropyLoss
2024-10-06 20:30:12,015 - Detection - dataset_neg:	SQUAD
2024-10-06 20:30:12,015 - Detection - method_output_dir:	/home/sharing/disk3/wangyifan/sujianhua/output/open_intent_detection/ADB_banking_0.5_1.0_bert_1
2024-10-06 20:30:12,015 - Detection - model_output_dir:	/home/sharing/disk3/wangyifan/sujianhua/output/open_intent_detection/ADB_banking_0.5_1.0_bert_1/models
2024-10-06 20:30:12,015 - Detection - bert_model:	/home/sharing/disk1/pretrained_embedding/bert/uncased_L-12_H-768_A-12/
2024-10-06 20:30:12,015 - Detection - num_train_epochs:	100
2024-10-06 20:30:12,015 - Detection - num_labels:	38
2024-10-06 20:30:12,015 - Detection - max_seq_length:	55
2024-10-06 20:30:12,015 - Detection - freeze_backbone_parameters:	True
2024-10-06 20:30:12,015 - Detection - feat_dim:	768
2024-10-06 20:30:12,015 - Detection - warmup_proportion:	0.1
2024-10-06 20:30:12,015 - Detection - lr_boundary:	0.05
2024-10-06 20:30:12,016 - Detection - lr:	2e-05
2024-10-06 20:30:12,016 - Detection - activation:	relu
2024-10-06 20:30:12,016 - Detection - train_batch_size:	128
2024-10-06 20:30:12,016 - Detection - eval_batch_size:	64
2024-10-06 20:30:12,016 - Detection - test_batch_size:	64
2024-10-06 20:30:12,016 - Detection - wait_patient:	10
2024-10-06 20:30:12,016 - Detection - safe1:	0.8
2024-10-06 20:30:12,016 - Detection - safe2:	0.7
2024-10-06 20:30:12,016 - Detection - neg_weight:	0.5
2024-10-06 20:30:12,016 - Detection - margin:	0.5
2024-10-06 20:30:12,016 - Detection - p:	2
2024-10-06 20:30:12,016 - Detection - loss_weight:	1
2024-10-06 20:30:12,016 - Detection - supcon_loss_weight:	0.8
2024-10-06 20:30:12,016 - Detection - triplet_loss_weight:	0.7
2024-10-06 20:30:12,016 - Detection - unseen_label_id:	38
2024-10-06 20:30:12,016 - Detection - anum_labels:	39
2024-10-06 20:30:12,016 - Detection - ============================== End Params ==============================
2024-10-06 20:30:13,128 - Detection - Freeze all parameters but the last layer for efficiency
2024-10-06 20:30:14,354 - Detection - Pre-training Begin...
2024-10-06 20:30:21,922 - Detection - ***** Epoch: 1: Eval results *****
2024-10-06 20:30:21,922 - Detection -   best_eval_score = 0
2024-10-06 20:30:21,922 - Detection -   eval_score = 2.27
2024-10-06 20:30:21,922 - Detection -   train_loss = 9.097686767578125
2024-10-06 20:30:28,718 - Detection - ***** Epoch: 2: Eval results *****
2024-10-06 20:30:28,718 - Detection -   best_eval_score = 2.27
2024-10-06 20:30:28,718 - Detection -   eval_score = 2.27
2024-10-06 20:30:28,718 - Detection -   train_loss = 8.65979642868042
2024-10-06 20:30:35,378 - Detection - ***** Epoch: 3: Eval results *****
2024-10-06 20:30:35,378 - Detection -   best_eval_score = 2.27
2024-10-06 20:30:35,379 - Detection -   eval_score = 3.09
2024-10-06 20:30:35,379 - Detection -   train_loss = 8.496462304251535
2024-10-06 20:30:42,038 - Detection - ***** Epoch: 4: Eval results *****
2024-10-06 20:30:42,038 - Detection -   best_eval_score = 3.09
2024-10-06 20:30:42,038 - Detection -   eval_score = 8.25
2024-10-06 20:30:42,038 - Detection -   train_loss = 8.007742663792202
2024-10-06 20:30:48,742 - Detection - ***** Epoch: 5: Eval results *****
2024-10-06 20:30:48,743 - Detection -   best_eval_score = 8.25
2024-10-06 20:30:48,743 - Detection -   eval_score = 11.34
2024-10-06 20:30:48,743 - Detection -   train_loss = 7.614464296613421
2024-10-06 20:30:55,332 - Detection - ***** Epoch: 6: Eval results *****
2024-10-06 20:30:55,332 - Detection -   best_eval_score = 11.34
2024-10-06 20:30:55,332 - Detection -   eval_score = 15.46
2024-10-06 20:30:55,332 - Detection -   train_loss = 7.377954660143171
2024-10-06 20:31:02,051 - Detection - ***** Epoch: 7: Eval results *****
2024-10-06 20:31:02,051 - Detection -   best_eval_score = 15.46
2024-10-06 20:31:02,052 - Detection -   eval_score = 22.89
2024-10-06 20:31:02,052 - Detection -   train_loss = 7.1969267981393
2024-10-06 20:31:09,088 - Detection - ***** Epoch: 8: Eval results *****
2024-10-06 20:31:09,088 - Detection -   best_eval_score = 22.89
2024-10-06 20:31:09,088 - Detection -   eval_score = 29.48
2024-10-06 20:31:09,088 - Detection -   train_loss = 7.047912747519357
2024-10-06 20:31:15,966 - Detection - ***** Epoch: 9: Eval results *****
2024-10-06 20:31:15,966 - Detection -   best_eval_score = 29.48
2024-10-06 20:31:15,966 - Detection -   eval_score = 37.94
2024-10-06 20:31:15,966 - Detection -   train_loss = 6.917225156511579
2024-10-06 20:31:22,756 - Detection - ***** Epoch: 10: Eval results *****
2024-10-06 20:31:22,756 - Detection -   best_eval_score = 37.94
2024-10-06 20:31:22,756 - Detection -   eval_score = 51.55
2024-10-06 20:31:22,756 - Detection -   train_loss = 6.769446999686105
2024-10-06 20:31:29,738 - Detection - ***** Epoch: 11: Eval results *****
2024-10-06 20:31:29,738 - Detection -   best_eval_score = 51.55
2024-10-06 20:31:29,738 - Detection -   eval_score = 65.57
2024-10-06 20:31:29,738 - Detection -   train_loss = 6.654983411516462
2024-10-06 20:31:36,580 - Detection - ***** Epoch: 12: Eval results *****
2024-10-06 20:31:36,580 - Detection -   best_eval_score = 65.57
2024-10-06 20:31:36,580 - Detection -   eval_score = 73.2
2024-10-06 20:31:36,580 - Detection -   train_loss = 6.486363588060652
2024-10-06 20:31:43,559 - Detection - ***** Epoch: 13: Eval results *****
2024-10-06 20:31:43,559 - Detection -   best_eval_score = 73.2
2024-10-06 20:31:43,559 - Detection -   eval_score = 78.35
2024-10-06 20:31:43,559 - Detection -   train_loss = 6.298867756979806
2024-10-06 20:31:50,450 - Detection - ***** Epoch: 14: Eval results *****
2024-10-06 20:31:50,450 - Detection -   best_eval_score = 78.35
2024-10-06 20:31:50,450 - Detection -   eval_score = 80.0
2024-10-06 20:31:50,450 - Detection -   train_loss = 6.041709518432617
2024-10-06 20:31:57,300 - Detection - ***** Epoch: 15: Eval results *****
2024-10-06 20:31:57,300 - Detection -   best_eval_score = 80.0
2024-10-06 20:31:57,300 - Detection -   eval_score = 82.06
2024-10-06 20:31:57,300 - Detection -   train_loss = 5.726594257354736
2024-10-06 20:32:04,018 - Detection - ***** Epoch: 16: Eval results *****
2024-10-06 20:32:04,018 - Detection -   best_eval_score = 82.06
2024-10-06 20:32:04,018 - Detection -   eval_score = 83.71
2024-10-06 20:32:04,018 - Detection -   train_loss = 5.341486590249198
2024-10-06 20:32:10,833 - Detection - ***** Epoch: 17: Eval results *****
2024-10-06 20:32:10,833 - Detection -   best_eval_score = 83.71
2024-10-06 20:32:10,834 - Detection -   eval_score = 84.74
2024-10-06 20:32:10,834 - Detection -   train_loss = 4.999000808170863
2024-10-06 20:32:17,694 - Detection - ***** Epoch: 18: Eval results *****
2024-10-06 20:32:17,694 - Detection -   best_eval_score = 84.74
2024-10-06 20:32:17,694 - Detection -   eval_score = 85.98
2024-10-06 20:32:17,694 - Detection -   train_loss = 4.63627496446882
2024-10-06 20:32:24,511 - Detection - ***** Epoch: 19: Eval results *****
2024-10-06 20:32:24,512 - Detection -   best_eval_score = 85.98
2024-10-06 20:32:24,512 - Detection -   eval_score = 88.25
2024-10-06 20:32:24,512 - Detection -   train_loss = 4.331323037828718
2024-10-06 20:32:31,296 - Detection - ***** Epoch: 20: Eval results *****
2024-10-06 20:32:31,296 - Detection -   best_eval_score = 88.25
2024-10-06 20:32:31,296 - Detection -   eval_score = 88.87
2024-10-06 20:32:31,296 - Detection -   train_loss = 4.137850945336478
2024-10-06 20:32:38,292 - Detection - ***** Epoch: 21: Eval results *****
2024-10-06 20:32:38,292 - Detection -   best_eval_score = 88.87
2024-10-06 20:32:38,292 - Detection -   eval_score = 90.93
2024-10-06 20:32:38,292 - Detection -   train_loss = 3.902801990509033
2024-10-06 20:32:45,189 - Detection - ***** Epoch: 22: Eval results *****
2024-10-06 20:32:45,189 - Detection -   best_eval_score = 90.93
2024-10-06 20:32:45,189 - Detection -   eval_score = 91.75
2024-10-06 20:32:45,189 - Detection -   train_loss = 3.7847856657845633
2024-10-06 20:32:52,025 - Detection - ***** Epoch: 23: Eval results *****
2024-10-06 20:32:52,025 - Detection -   best_eval_score = 91.75
2024-10-06 20:32:52,025 - Detection -   eval_score = 91.96
2024-10-06 20:32:52,025 - Detection -   train_loss = 3.6142402444567
2024-10-06 20:32:58,768 - Detection - ***** Epoch: 24: Eval results *****
2024-10-06 20:32:58,768 - Detection -   best_eval_score = 91.96
2024-10-06 20:32:58,768 - Detection -   eval_score = 93.4
2024-10-06 20:32:58,768 - Detection -   train_loss = 3.5137574298041208
2024-10-06 20:33:05,561 - Detection - ***** Epoch: 25: Eval results *****
2024-10-06 20:33:05,561 - Detection -   best_eval_score = 93.4
2024-10-06 20:33:05,561 - Detection -   eval_score = 93.4
2024-10-06 20:33:05,561 - Detection -   train_loss = 3.416252316747393
2024-10-06 20:33:12,306 - Detection - ***** Epoch: 26: Eval results *****
2024-10-06 20:33:12,306 - Detection -   best_eval_score = 93.4
2024-10-06 20:33:12,306 - Detection -   eval_score = 94.02
2024-10-06 20:33:12,306 - Detection -   train_loss = 3.3377903836114067
2024-10-06 20:33:19,109 - Detection - ***** Epoch: 27: Eval results *****
2024-10-06 20:33:19,109 - Detection -   best_eval_score = 94.02
2024-10-06 20:33:19,109 - Detection -   eval_score = 94.23
2024-10-06 20:33:19,109 - Detection -   train_loss = 3.255890100342887
2024-10-06 20:33:26,021 - Detection - ***** Epoch: 28: Eval results *****
2024-10-06 20:33:26,021 - Detection -   best_eval_score = 94.23
2024-10-06 20:33:26,021 - Detection -   eval_score = 94.23
2024-10-06 20:33:26,021 - Detection -   train_loss = 3.2210462978907994
2024-10-06 20:33:32,987 - Detection - ***** Epoch: 29: Eval results *****
2024-10-06 20:33:32,987 - Detection -   best_eval_score = 94.23
2024-10-06 20:33:32,987 - Detection -   eval_score = 94.23
2024-10-06 20:33:32,987 - Detection -   train_loss = 3.167062967164176
2024-10-06 20:33:39,958 - Detection - ***** Epoch: 30: Eval results *****
2024-10-06 20:33:39,958 - Detection -   best_eval_score = 94.23
2024-10-06 20:33:39,958 - Detection -   eval_score = 94.43
2024-10-06 20:33:39,958 - Detection -   train_loss = 3.109554270335606
2024-10-06 20:33:46,899 - Detection - ***** Epoch: 31: Eval results *****
2024-10-06 20:33:46,899 - Detection -   best_eval_score = 94.43
2024-10-06 20:33:46,899 - Detection -   eval_score = 94.85
2024-10-06 20:33:46,899 - Detection -   train_loss = 3.0802658932549614
2024-10-06 20:33:53,803 - Detection - ***** Epoch: 32: Eval results *****
2024-10-06 20:33:53,803 - Detection -   best_eval_score = 94.85
2024-10-06 20:33:53,803 - Detection -   eval_score = 94.85
2024-10-06 20:33:53,804 - Detection -   train_loss = 3.0233040469033376
2024-10-06 20:34:00,777 - Detection - ***** Epoch: 33: Eval results *****
2024-10-06 20:34:00,777 - Detection -   best_eval_score = 94.85
2024-10-06 20:34:00,777 - Detection -   eval_score = 94.64
2024-10-06 20:34:00,777 - Detection -   train_loss = 2.9980745451790947
2024-10-06 20:34:07,753 - Detection - ***** Epoch: 34: Eval results *****
2024-10-06 20:34:07,754 - Detection -   best_eval_score = 94.85
2024-10-06 20:34:07,754 - Detection -   eval_score = 94.64
2024-10-06 20:34:07,754 - Detection -   train_loss = 2.9676815680095125
2024-10-06 20:34:14,604 - Detection - ***** Epoch: 35: Eval results *****
2024-10-06 20:34:14,604 - Detection -   best_eval_score = 94.85
2024-10-06 20:34:14,604 - Detection -   eval_score = 94.43
2024-10-06 20:34:14,604 - Detection -   train_loss = 2.943320672852652
2024-10-06 20:34:21,608 - Detection - ***** Epoch: 36: Eval results *****
2024-10-06 20:34:21,608 - Detection -   best_eval_score = 94.85
2024-10-06 20:34:21,608 - Detection -   eval_score = 94.23
2024-10-06 20:34:21,608 - Detection -   train_loss = 2.9138620955603463
2024-10-06 20:34:28,630 - Detection - ***** Epoch: 37: Eval results *****
2024-10-06 20:34:28,630 - Detection -   best_eval_score = 94.85
2024-10-06 20:34:28,630 - Detection -   eval_score = 94.23
2024-10-06 20:34:28,630 - Detection -   train_loss = 2.878029843739101
2024-10-06 20:34:35,389 - Detection - ***** Epoch: 38: Eval results *****
2024-10-06 20:34:35,389 - Detection -   best_eval_score = 94.85
2024-10-06 20:34:35,389 - Detection -   eval_score = 94.02
2024-10-06 20:34:35,389 - Detection -   train_loss = 2.8934154442378452
2024-10-06 20:34:42,164 - Detection - ***** Epoch: 39: Eval results *****
2024-10-06 20:34:42,164 - Detection -   best_eval_score = 94.85
2024-10-06 20:34:42,164 - Detection -   eval_score = 94.64
2024-10-06 20:34:42,164 - Detection -   train_loss = 2.8587735346385412
2024-10-06 20:34:49,184 - Detection - ***** Epoch: 40: Eval results *****
2024-10-06 20:34:49,184 - Detection -   best_eval_score = 94.85
2024-10-06 20:34:49,184 - Detection -   eval_score = 94.23
2024-10-06 20:34:49,184 - Detection -   train_loss = 2.8300917863845827
2024-10-06 20:34:56,203 - Detection - ***** Epoch: 41: Eval results *****
2024-10-06 20:34:56,203 - Detection -   best_eval_score = 94.85
2024-10-06 20:34:56,204 - Detection -   eval_score = 94.23
2024-10-06 20:34:56,204 - Detection -   train_loss = 2.8060940435954502
2024-10-06 20:34:56,204 - Detection - Trained models are saved in /home/sharing/disk3/wangyifan/sujianhua/output/open_intent_detection/ADB_banking_0.5_1.0_bert_1/models
2024-10-06 20:34:56,820 - Detection - Pre-training finished...
2024-10-06 20:34:56,821 - Detection - Training Begin...
2024-10-06 20:36:51,595 - Detection - ***** Epoch: 1: Eval results *****
2024-10-06 20:36:51,595 - Detection -   best_eval_score = 0
2024-10-06 20:36:51,595 - Detection -   eval_score = 2.55
2024-10-06 20:36:51,595 - Detection -   train_loss = 8.535341140202114
2024-10-06 20:38:35,013 - Detection - ***** Epoch: 2: Eval results *****
2024-10-06 20:38:35,013 - Detection -   best_eval_score = 2.55
2024-10-06 20:38:35,013 - Detection -   eval_score = 24.49
2024-10-06 20:38:35,013 - Detection -   train_loss = 6.563881683349609
2024-10-06 20:40:19,672 - Detection - ***** Epoch: 3: Eval results *****
2024-10-06 20:40:19,673 - Detection -   best_eval_score = 24.49
2024-10-06 20:40:19,673 - Detection -   eval_score = 68.23
2024-10-06 20:40:19,673 - Detection -   train_loss = 4.392383520943778
2024-10-06 20:42:03,553 - Detection - ***** Epoch: 4: Eval results *****
2024-10-06 20:42:03,553 - Detection -   best_eval_score = 68.23
2024-10-06 20:42:03,553 - Detection -   eval_score = 84.87
2024-10-06 20:42:03,553 - Detection -   train_loss = 2.741046633039202
2024-10-06 20:43:47,029 - Detection - ***** Epoch: 5: Eval results *****
2024-10-06 20:43:47,030 - Detection -   best_eval_score = 84.87
2024-10-06 20:43:47,030 - Detection -   eval_score = 87.98
2024-10-06 20:43:47,030 - Detection -   train_loss = 1.9830355644226074
2024-10-06 20:45:30,206 - Detection - ***** Epoch: 6: Eval results *****
2024-10-06 20:45:30,206 - Detection -   best_eval_score = 87.98
2024-10-06 20:45:30,206 - Detection -   eval_score = 88.39
2024-10-06 20:45:30,206 - Detection -   train_loss = 1.8738193580082485
2024-10-06 20:47:14,840 - Detection - ***** Epoch: 7: Eval results *****
2024-10-06 20:47:14,840 - Detection -   best_eval_score = 88.39
2024-10-06 20:47:14,840 - Detection -   eval_score = 87.94
2024-10-06 20:47:14,840 - Detection -   train_loss = 1.9017113413129534
2024-10-06 20:48:58,815 - Detection - ***** Epoch: 8: Eval results *****
2024-10-06 20:48:58,815 - Detection -   best_eval_score = 88.39
2024-10-06 20:48:58,815 - Detection -   eval_score = 87.92
2024-10-06 20:48:58,815 - Detection -   train_loss = 1.8534874984196255
2024-10-06 20:50:42,618 - Detection - ***** Epoch: 9: Eval results *****
2024-10-06 20:50:42,618 - Detection -   best_eval_score = 88.39
2024-10-06 20:50:42,618 - Detection -   eval_score = 87.9
2024-10-06 20:50:42,618 - Detection -   train_loss = 1.8733063391276767
2024-10-06 20:52:25,882 - Detection - ***** Epoch: 10: Eval results *****
2024-10-06 20:52:25,882 - Detection -   best_eval_score = 88.39
2024-10-06 20:52:25,882 - Detection -   eval_score = 88.07
2024-10-06 20:52:25,882 - Detection -   train_loss = 1.8735220057623727
2024-10-06 20:54:09,415 - Detection - ***** Epoch: 11: Eval results *****
2024-10-06 20:54:09,416 - Detection -   best_eval_score = 88.39
2024-10-06 20:54:09,416 - Detection -   eval_score = 88.07
2024-10-06 20:54:09,416 - Detection -   train_loss = 1.8834814752851214
2024-10-06 20:55:53,339 - Detection - ***** Epoch: 12: Eval results *****
2024-10-06 20:55:53,339 - Detection -   best_eval_score = 88.39
2024-10-06 20:55:53,339 - Detection -   eval_score = 87.94
2024-10-06 20:55:53,339 - Detection -   train_loss = 1.884408838408334
2024-10-06 20:57:36,068 - Detection - ***** Epoch: 13: Eval results *****
2024-10-06 20:57:36,068 - Detection -   best_eval_score = 88.39
2024-10-06 20:57:36,068 - Detection -   eval_score = 87.92
2024-10-06 20:57:36,068 - Detection -   train_loss = 1.865122880254473
2024-10-06 20:59:19,754 - Detection - ***** Epoch: 14: Eval results *****
2024-10-06 20:59:19,754 - Detection -   best_eval_score = 88.39
2024-10-06 20:59:19,754 - Detection -   eval_score = 88.06
2024-10-06 20:59:19,754 - Detection -   train_loss = 1.8683299371174404
2024-10-06 21:01:04,077 - Detection - ***** Epoch: 15: Eval results *****
2024-10-06 21:01:04,077 - Detection -   best_eval_score = 88.39
2024-10-06 21:01:04,077 - Detection -   eval_score = 88.33
2024-10-06 21:01:04,077 - Detection -   train_loss = 1.8677206414086478
2024-10-06 21:02:47,902 - Detection - ***** Epoch: 16: Eval results *****
2024-10-06 21:02:47,902 - Detection -   best_eval_score = 88.39
2024-10-06 21:02:47,902 - Detection -   eval_score = 87.92
2024-10-06 21:02:47,902 - Detection -   train_loss = 1.857714513369969
2024-10-06 21:02:47,910 - Detection - Training Finished...
2024-10-06 21:02:47,910 - Detection - Testing begin...
2024-10-06 21:02:50,009 - Detection - ***** Test: Confusion Matrix *****
2024-10-06 21:02:50,010 - Detection - [[  39    0    0 ...    0    0    1]
 [   0   35    0 ...    0    0    5]
 [   0    0   33 ...    0    0    7]
 ...
 [   0    0    0 ...   37    0    3]
 [   0    0    0 ...    0   31    9]
 [   0    0    7 ...   22    1 1271]]
2024-10-06 21:02:50,010 - Detection - ***** Test results *****
2024-10-06 21:02:50,010 - Detection -   Acc = 84.06
2024-10-06 21:02:50,010 - Detection -   F1 = 84.7478
2024-10-06 21:02:50,010 - Detection -   F1-known = 84.7593
2024-10-06 21:02:50,010 - Detection -   F1-open = 84.3118
2024-10-06 21:02:50,010 - Detection - Testing finished...
2024-10-06 21:02:50,010 - Detection - Results saved in results/results_ADB_banking.csv
2024-10-06 21:02:50,042 - Detection - Open Intent Detection Finished...
