2024-10-05 19:00:03,106 - Detection - Open Intent Detection Begin...
2024-10-05 19:00:03,106 - Detection - Parameters Initialization...
2024-10-05 19:00:03,107 - Detection - Data and Model Preparation...
2024-10-05 19:00:03,107 - Detection - The number of known intents is 112
2024-10-05 19:00:03,107 - Detection - Lists of known labels are: ['traffic', 'card_declined', 'transfer', 'roll_dice', 'routing', 'oil_change_how', 'pay_bill', 'calories', 'are_you_a_bot', 'travel_notification', 'change_volume', 'calculator', 'calendar', 'last_maintenance', 'smart_home', 'definition', 'international_fees', 'alarm', 'change_user_name', 'timezone', 'direct_deposit', 'tire_change', 'meaning_of_life', 'confirm_reservation', 'credit_limit_change', 'carry_on', 'find_phone', 'cancel_reservation', 'change_accent', 'restaurant_reservation', 'payday', 'gas', 'schedule_maintenance', 'account_blocked', 'redeem_rewards', 'what_song', 'tire_pressure', 'recipe', 'play_music', 'fun_fact', 'uber', 'bill_balance', 'make_call', 'book_hotel', 'travel_alert', 'calendar_update', 'cancel', 'international_visa', 'pto_used', 'sync_device', 'cook_time', 'measurement_conversion', 'tell_joke', 'update_playlist', 'replacement_card_duration', 'repeat', 'flip_coin', 'lost_luggage', 'text', 'pto_request_status', 'balance', 'pto_balance', 'exchange_rate', 'next_holiday', 'shopping_list_update', 'nutrition_info', 'share_location', 'pin_change', 'book_flight', 'rollover_401k', 'thank_you', 'current_location', 'order', 'reset_settings', 'apr', 'todo_list_update', 'income', 'yes', 'mpg', 'distance', 'travel_suggestion', 'how_busy', 'restaurant_reviews', 'directions', 'shopping_list', 'improve_credit_score', 'w2', 'order_status', 'what_can_i_ask_you', 'min_payment', 'meeting_schedule', 'who_made_you', 'report_lost_card', 'next_song', 'spelling', 'jump_start', 'meal_suggestion', 'change_language', 'weather', 'change_speed', 'no', 'gas_type', 'interest_rate', 'new_card', 'pto_request', 'order_checks', 'car_rental', 'where_are_you_from', 'vaccines', 'reminder_update', 'report_fraud', 'oil_change_when']
2024-10-05 19:00:03,188 - Detection - Number of labeled training samples = 11200
2024-10-05 19:00:03,188 - Detection - Number of unlabeled training samples = 3800
2024-10-05 19:00:03,198 - Detection - Number of evaluation samples = 2240
2024-10-05 19:00:03,217 - Detection - Number of testing samples = 5700
2024-10-05 19:00:08,456 - Detection - ============================== Params ==============================
2024-10-05 19:00:08,457 - Detection - type:	open_intent_detection
2024-10-05 19:00:08,457 - Detection - logger_name:	Detection
2024-10-05 19:00:08,457 - Detection - log_dir:	logs
2024-10-05 19:00:08,457 - Detection - dataset:	oos
2024-10-05 19:00:08,457 - Detection - known_cls_ratio:	0.75
2024-10-05 19:00:08,457 - Detection - labeled_ratio:	1.0
2024-10-05 19:00:08,457 - Detection - method:	ADB
2024-10-05 19:00:08,457 - Detection - train:	True
2024-10-05 19:00:08,457 - Detection - tune:	True
2024-10-05 19:00:08,457 - Detection - pretrain:	True
2024-10-05 19:00:08,457 - Detection - b_train:	False
2024-10-05 19:00:08,457 - Detection - save_model:	False
2024-10-05 19:00:08,457 - Detection - backbone:	bert
2024-10-05 19:00:08,457 - Detection - config_file_name:	ADB
2024-10-05 19:00:08,457 - Detection - seed:	4
2024-10-05 19:00:08,457 - Detection - gpu_id:	0
2024-10-05 19:00:08,457 - Detection - pipe_results_path:	pipe_results
2024-10-05 19:00:08,457 - Detection - data_dir:	/root/autodl-tmp/TEXTOIR_ct_adb_three_ad/open_intent_detection/../data
2024-10-05 19:00:08,457 - Detection - output_dir:	/home/sharing/disk3/wangyifan/sujianhua/TEXTOIR_ct_adb_three_ad/output
2024-10-05 19:00:08,457 - Detection - model_dir:	models
2024-10-05 19:00:08,457 - Detection - load_pretrained_method:	None
2024-10-05 19:00:08,457 - Detection - result_dir:	results
2024-10-05 19:00:08,457 - Detection - results_file_name:	results_ADB_f.csv
2024-10-05 19:00:08,457 - Detection - save_results:	True
2024-10-05 19:00:08,457 - Detection - loss_fct:	CrossEntropyLoss
2024-10-05 19:00:08,457 - Detection - dataset_neg:	SQUAD
2024-10-05 19:00:08,457 - Detection - method_output_dir:	/home/sharing/disk3/wangyifan/sujianhua/TEXTOIR_ct_adb_three_ad/output/open_intent_detection/ADB_oos_0.75_1.0_bert_4
2024-10-05 19:00:08,457 - Detection - model_output_dir:	/home/sharing/disk3/wangyifan/sujianhua/TEXTOIR_ct_adb_three_ad/output/open_intent_detection/ADB_oos_0.75_1.0_bert_4/models
2024-10-05 19:00:08,457 - Detection - bert_model:	/root/autodl-tmp/bert-base-uncased
2024-10-05 19:00:08,457 - Detection - num_train_epochs:	100
2024-10-05 19:00:08,457 - Detection - num_labels:	112
2024-10-05 19:00:08,457 - Detection - max_seq_length:	30
2024-10-05 19:00:08,457 - Detection - freeze_backbone_parameters:	True
2024-10-05 19:00:08,457 - Detection - feat_dim:	768
2024-10-05 19:00:08,457 - Detection - warmup_proportion:	0.1
2024-10-05 19:00:08,457 - Detection - lr_boundary:	0.05
2024-10-05 19:00:08,458 - Detection - lr:	2e-05
2024-10-05 19:00:08,458 - Detection - activation:	relu
2024-10-05 19:00:08,458 - Detection - train_batch_size:	128
2024-10-05 19:00:08,458 - Detection - eval_batch_size:	64
2024-10-05 19:00:08,458 - Detection - test_batch_size:	64
2024-10-05 19:00:08,458 - Detection - wait_patient:	10
2024-10-05 19:00:08,458 - Detection - safe1:	0.5
2024-10-05 19:00:08,458 - Detection - safe2:	0.8
2024-10-05 19:00:08,458 - Detection - neg_weight:	0.3
2024-10-05 19:00:08,458 - Detection - margin:	0.8
2024-10-05 19:00:08,458 - Detection - p:	2
2024-10-05 19:00:08,458 - Detection - loss_weight:	1
2024-10-05 19:00:08,458 - Detection - supcon_loss_weight:	0.7
2024-10-05 19:00:08,458 - Detection - triplet_loss_weight:	0.9
2024-10-05 19:00:08,458 - Detection - unseen_label_id:	112
2024-10-05 19:00:08,458 - Detection - anum_labels:	113
2024-10-05 19:00:08,458 - Detection - ============================== End Params ==============================
2024-10-05 19:00:09,729 - Detection - Freeze all parameters but the last layer for efficiency
2024-10-05 19:00:10,843 - Detection - Pre-training Begin...
2024-10-05 19:00:24,245 - Detection - ***** Epoch: 1: Eval results *****
2024-10-05 19:00:24,245 - Detection -   best_eval_score = 0
2024-10-05 19:00:24,245 - Detection -   eval_score = 1.12
2024-10-05 19:00:24,245 - Detection -   train_loss = 9.59610355984081
2024-10-05 19:00:37,072 - Detection - ***** Epoch: 2: Eval results *****
2024-10-05 19:00:37,072 - Detection -   best_eval_score = 1.12
2024-10-05 19:00:37,072 - Detection -   eval_score = 1.65
2024-10-05 19:00:37,072 - Detection -   train_loss = 9.016474279490383
2024-10-05 19:00:49,884 - Detection - ***** Epoch: 3: Eval results *****
2024-10-05 19:00:49,884 - Detection -   best_eval_score = 1.65
2024-10-05 19:00:49,884 - Detection -   eval_score = 3.66
2024-10-05 19:00:49,884 - Detection -   train_loss = 8.4358581087806
2024-10-05 19:01:02,714 - Detection - ***** Epoch: 4: Eval results *****
2024-10-05 19:01:02,714 - Detection -   best_eval_score = 3.66
2024-10-05 19:01:02,714 - Detection -   eval_score = 5.4
2024-10-05 19:01:02,714 - Detection -   train_loss = 8.059347716244785
2024-10-05 19:01:15,496 - Detection - ***** Epoch: 5: Eval results *****
2024-10-05 19:01:15,496 - Detection -   best_eval_score = 5.4
2024-10-05 19:01:15,496 - Detection -   eval_score = 11.83
2024-10-05 19:01:15,496 - Detection -   train_loss = 7.825592230666768
2024-10-05 19:01:28,236 - Detection - ***** Epoch: 6: Eval results *****
2024-10-05 19:01:28,236 - Detection -   best_eval_score = 11.83
2024-10-05 19:01:28,236 - Detection -   eval_score = 21.52
2024-10-05 19:01:28,236 - Detection -   train_loss = 7.61866202137687
2024-10-05 19:01:40,946 - Detection - ***** Epoch: 7: Eval results *****
2024-10-05 19:01:40,946 - Detection -   best_eval_score = 21.52
2024-10-05 19:01:40,946 - Detection -   eval_score = 37.1
2024-10-05 19:01:40,946 - Detection -   train_loss = 7.379059417681261
2024-10-05 19:01:53,714 - Detection - ***** Epoch: 8: Eval results *****
2024-10-05 19:01:53,714 - Detection -   best_eval_score = 37.1
2024-10-05 19:01:53,714 - Detection -   eval_score = 53.93
2024-10-05 19:01:53,714 - Detection -   train_loss = 7.098129006949338
2024-10-05 19:02:06,374 - Detection - ***** Epoch: 9: Eval results *****
2024-10-05 19:02:06,375 - Detection -   best_eval_score = 53.93
2024-10-05 19:02:06,375 - Detection -   eval_score = 68.12
2024-10-05 19:02:06,375 - Detection -   train_loss = 6.687505331906405
2024-10-05 19:02:18,900 - Detection - ***** Epoch: 10: Eval results *****
2024-10-05 19:02:18,900 - Detection -   best_eval_score = 68.12
2024-10-05 19:02:18,900 - Detection -   eval_score = 77.05
2024-10-05 19:02:18,900 - Detection -   train_loss = 6.073352499441667
2024-10-05 19:02:31,496 - Detection - ***** Epoch: 11: Eval results *****
2024-10-05 19:02:31,497 - Detection -   best_eval_score = 77.05
2024-10-05 19:02:31,497 - Detection -   eval_score = 83.26
2024-10-05 19:02:31,497 - Detection -   train_loss = 5.380185457793149
2024-10-05 19:02:44,173 - Detection - ***** Epoch: 12: Eval results *****
2024-10-05 19:02:44,173 - Detection -   best_eval_score = 83.26
2024-10-05 19:02:44,173 - Detection -   eval_score = 87.77
2024-10-05 19:02:44,173 - Detection -   train_loss = 4.657855486327952
2024-10-05 19:02:57,069 - Detection - ***** Epoch: 13: Eval results *****
2024-10-05 19:02:57,069 - Detection -   best_eval_score = 87.77
2024-10-05 19:02:57,069 - Detection -   eval_score = 90.67
2024-10-05 19:02:57,069 - Detection -   train_loss = 4.110248232429678
2024-10-05 19:03:09,709 - Detection - ***** Epoch: 14: Eval results *****
2024-10-05 19:03:09,709 - Detection -   best_eval_score = 90.67
2024-10-05 19:03:09,709 - Detection -   eval_score = 92.01
2024-10-05 19:03:09,709 - Detection -   train_loss = 3.7091004333712836
2024-10-05 19:03:22,521 - Detection - ***** Epoch: 15: Eval results *****
2024-10-05 19:03:22,521 - Detection -   best_eval_score = 92.01
2024-10-05 19:03:22,521 - Detection -   eval_score = 92.77
2024-10-05 19:03:22,521 - Detection -   train_loss = 3.388318186456507
2024-10-05 19:03:35,056 - Detection - ***** Epoch: 16: Eval results *****
2024-10-05 19:03:35,057 - Detection -   best_eval_score = 92.77
2024-10-05 19:03:35,057 - Detection -   eval_score = 93.44
2024-10-05 19:03:35,057 - Detection -   train_loss = 3.15635531057011
2024-10-05 19:03:47,614 - Detection - ***** Epoch: 17: Eval results *****
2024-10-05 19:03:47,614 - Detection -   best_eval_score = 93.44
2024-10-05 19:03:47,614 - Detection -   eval_score = 94.2
2024-10-05 19:03:47,614 - Detection -   train_loss = 3.0191932835362176
2024-10-05 19:04:00,293 - Detection - ***** Epoch: 18: Eval results *****
2024-10-05 19:04:00,293 - Detection -   best_eval_score = 94.2
2024-10-05 19:04:00,293 - Detection -   eval_score = 94.69
2024-10-05 19:04:00,293 - Detection -   train_loss = 2.8822237226096066
2024-10-05 19:04:12,933 - Detection - ***** Epoch: 19: Eval results *****
2024-10-05 19:04:12,933 - Detection -   best_eval_score = 94.69
2024-10-05 19:04:12,933 - Detection -   eval_score = 94.91
2024-10-05 19:04:12,933 - Detection -   train_loss = 2.783997216007926
2024-10-05 19:04:25,486 - Detection - ***** Epoch: 20: Eval results *****
2024-10-05 19:04:25,486 - Detection -   best_eval_score = 94.91
2024-10-05 19:04:25,486 - Detection -   eval_score = 94.73
2024-10-05 19:04:25,486 - Detection -   train_loss = 2.721575449813496
2024-10-05 19:04:38,146 - Detection - ***** Epoch: 21: Eval results *****
2024-10-05 19:04:38,146 - Detection -   best_eval_score = 94.91
2024-10-05 19:04:38,146 - Detection -   eval_score = 94.69
2024-10-05 19:04:38,146 - Detection -   train_loss = 2.6543063182722437
2024-10-05 19:04:50,829 - Detection - ***** Epoch: 22: Eval results *****
2024-10-05 19:04:50,829 - Detection -   best_eval_score = 94.91
2024-10-05 19:04:50,829 - Detection -   eval_score = 94.96
2024-10-05 19:04:50,830 - Detection -   train_loss = 2.5883873348886315
2024-10-05 19:05:03,473 - Detection - ***** Epoch: 23: Eval results *****
2024-10-05 19:05:03,474 - Detection -   best_eval_score = 94.96
2024-10-05 19:05:03,474 - Detection -   eval_score = 95.13
2024-10-05 19:05:03,474 - Detection -   train_loss = 2.544514542276209
2024-10-05 19:05:16,190 - Detection - ***** Epoch: 24: Eval results *****
2024-10-05 19:05:16,190 - Detection -   best_eval_score = 95.13
2024-10-05 19:05:16,190 - Detection -   eval_score = 95.09
2024-10-05 19:05:16,190 - Detection -   train_loss = 2.5239468040791424
2024-10-05 19:05:28,862 - Detection - ***** Epoch: 25: Eval results *****
2024-10-05 19:05:28,862 - Detection -   best_eval_score = 95.13
2024-10-05 19:05:28,862 - Detection -   eval_score = 95.13
2024-10-05 19:05:28,862 - Detection -   train_loss = 2.4789981855587526
2024-10-05 19:05:41,730 - Detection - ***** Epoch: 26: Eval results *****
2024-10-05 19:05:41,730 - Detection -   best_eval_score = 95.13
2024-10-05 19:05:41,730 - Detection -   eval_score = 95.49
2024-10-05 19:05:41,730 - Detection -   train_loss = 2.448036116632548
2024-10-05 19:05:54,909 - Detection - ***** Epoch: 27: Eval results *****
2024-10-05 19:05:54,909 - Detection -   best_eval_score = 95.49
2024-10-05 19:05:54,909 - Detection -   eval_score = 95.45
2024-10-05 19:05:54,909 - Detection -   train_loss = 2.4183700694279238
2024-10-05 19:06:07,696 - Detection - ***** Epoch: 28: Eval results *****
2024-10-05 19:06:07,696 - Detection -   best_eval_score = 95.49
2024-10-05 19:06:07,696 - Detection -   eval_score = 95.67
2024-10-05 19:06:07,697 - Detection -   train_loss = 2.3911463062871587
2024-10-05 19:06:20,407 - Detection - ***** Epoch: 29: Eval results *****
2024-10-05 19:06:20,407 - Detection -   best_eval_score = 95.67
2024-10-05 19:06:20,407 - Detection -   eval_score = 95.71
2024-10-05 19:06:20,407 - Detection -   train_loss = 2.371647387742996
2024-10-05 19:06:33,265 - Detection - ***** Epoch: 30: Eval results *****
2024-10-05 19:06:33,266 - Detection -   best_eval_score = 95.71
2024-10-05 19:06:33,266 - Detection -   eval_score = 95.8
2024-10-05 19:06:33,266 - Detection -   train_loss = 2.368094899437644
2024-10-05 19:06:46,051 - Detection - ***** Epoch: 31: Eval results *****
2024-10-05 19:06:46,051 - Detection -   best_eval_score = 95.8
2024-10-05 19:06:46,051 - Detection -   eval_score = 95.8
2024-10-05 19:06:46,051 - Detection -   train_loss = 2.323187530040741
2024-10-05 19:06:58,903 - Detection - ***** Epoch: 32: Eval results *****
2024-10-05 19:06:58,903 - Detection -   best_eval_score = 95.8
2024-10-05 19:06:58,903 - Detection -   eval_score = 95.76
2024-10-05 19:06:58,903 - Detection -   train_loss = 2.3308854821053417
2024-10-05 19:07:11,608 - Detection - ***** Epoch: 33: Eval results *****
2024-10-05 19:07:11,609 - Detection -   best_eval_score = 95.8
2024-10-05 19:07:11,609 - Detection -   eval_score = 95.89
2024-10-05 19:07:11,609 - Detection -   train_loss = 2.3074484318494797
2024-10-05 19:07:24,346 - Detection - ***** Epoch: 34: Eval results *****
2024-10-05 19:07:24,347 - Detection -   best_eval_score = 95.89
2024-10-05 19:07:24,347 - Detection -   eval_score = 95.76
2024-10-05 19:07:24,347 - Detection -   train_loss = 2.2953024479475888
2024-10-05 19:07:37,032 - Detection - ***** Epoch: 35: Eval results *****
2024-10-05 19:07:37,032 - Detection -   best_eval_score = 95.89
2024-10-05 19:07:37,032 - Detection -   eval_score = 95.89
2024-10-05 19:07:37,033 - Detection -   train_loss = 2.267538631504232
2024-10-05 19:07:49,836 - Detection - ***** Epoch: 36: Eval results *****
2024-10-05 19:07:49,837 - Detection -   best_eval_score = 95.89
2024-10-05 19:07:49,837 - Detection -   eval_score = 95.85
2024-10-05 19:07:49,837 - Detection -   train_loss = 2.250678066502918
2024-10-05 19:08:02,570 - Detection - ***** Epoch: 37: Eval results *****
2024-10-05 19:08:02,570 - Detection -   best_eval_score = 95.89
2024-10-05 19:08:02,570 - Detection -   eval_score = 95.85
2024-10-05 19:08:02,570 - Detection -   train_loss = 2.246991577473554
2024-10-05 19:08:15,094 - Detection - ***** Epoch: 38: Eval results *****
2024-10-05 19:08:15,094 - Detection -   best_eval_score = 95.89
2024-10-05 19:08:15,094 - Detection -   eval_score = 95.94
2024-10-05 19:08:15,094 - Detection -   train_loss = 2.2270776724273507
2024-10-05 19:08:27,536 - Detection - ***** Epoch: 39: Eval results *****
2024-10-05 19:08:27,536 - Detection -   best_eval_score = 95.94
2024-10-05 19:08:27,536 - Detection -   eval_score = 95.85
2024-10-05 19:08:27,536 - Detection -   train_loss = 2.2216919498010115
2024-10-05 19:08:40,060 - Detection - ***** Epoch: 40: Eval results *****
2024-10-05 19:08:40,060 - Detection -   best_eval_score = 95.94
2024-10-05 19:08:40,060 - Detection -   eval_score = 95.76
2024-10-05 19:08:40,060 - Detection -   train_loss = 2.213468059897423
2024-10-05 19:08:52,583 - Detection - ***** Epoch: 41: Eval results *****
2024-10-05 19:08:52,583 - Detection -   best_eval_score = 95.94
2024-10-05 19:08:52,584 - Detection -   eval_score = 95.94
2024-10-05 19:08:52,584 - Detection -   train_loss = 2.1990707408298147
2024-10-05 19:09:05,128 - Detection - ***** Epoch: 42: Eval results *****
2024-10-05 19:09:05,128 - Detection -   best_eval_score = 95.94
2024-10-05 19:09:05,128 - Detection -   eval_score = 95.85
2024-10-05 19:09:05,128 - Detection -   train_loss = 2.192070459777659
2024-10-05 19:09:17,727 - Detection - ***** Epoch: 43: Eval results *****
2024-10-05 19:09:17,727 - Detection -   best_eval_score = 95.94
2024-10-05 19:09:17,727 - Detection -   eval_score = 95.85
2024-10-05 19:09:17,727 - Detection -   train_loss = 2.1921243992718784
2024-10-05 19:09:30,601 - Detection - ***** Epoch: 44: Eval results *****
2024-10-05 19:09:30,601 - Detection -   best_eval_score = 95.94
2024-10-05 19:09:30,601 - Detection -   eval_score = 95.89
2024-10-05 19:09:30,602 - Detection -   train_loss = 2.1874881942163813
2024-10-05 19:09:43,605 - Detection - ***** Epoch: 45: Eval results *****
2024-10-05 19:09:43,605 - Detection -   best_eval_score = 95.94
2024-10-05 19:09:43,605 - Detection -   eval_score = 95.8
2024-10-05 19:09:43,605 - Detection -   train_loss = 2.1782923205332323
2024-10-05 19:09:56,372 - Detection - ***** Epoch: 46: Eval results *****
2024-10-05 19:09:56,372 - Detection -   best_eval_score = 95.94
2024-10-05 19:09:56,372 - Detection -   eval_score = 96.12
2024-10-05 19:09:56,372 - Detection -   train_loss = 2.163959660313346
2024-10-05 19:10:09,153 - Detection - ***** Epoch: 47: Eval results *****
2024-10-05 19:10:09,153 - Detection -   best_eval_score = 96.12
2024-10-05 19:10:09,153 - Detection -   eval_score = 95.94
2024-10-05 19:10:09,153 - Detection -   train_loss = 2.1646662882783194
2024-10-05 19:10:21,786 - Detection - ***** Epoch: 48: Eval results *****
2024-10-05 19:10:21,786 - Detection -   best_eval_score = 96.12
2024-10-05 19:10:21,786 - Detection -   eval_score = 95.98
2024-10-05 19:10:21,786 - Detection -   train_loss = 2.1470720944079487
2024-10-05 19:10:34,495 - Detection - ***** Epoch: 49: Eval results *****
2024-10-05 19:10:34,495 - Detection -   best_eval_score = 96.12
2024-10-05 19:10:34,495 - Detection -   eval_score = 95.89
2024-10-05 19:10:34,495 - Detection -   train_loss = 2.1524901539087296
2024-10-05 19:10:47,161 - Detection - ***** Epoch: 50: Eval results *****
2024-10-05 19:10:47,161 - Detection -   best_eval_score = 96.12
2024-10-05 19:10:47,161 - Detection -   eval_score = 96.03
2024-10-05 19:10:47,161 - Detection -   train_loss = 2.1413218920881096
2024-10-05 19:11:00,165 - Detection - ***** Epoch: 51: Eval results *****
2024-10-05 19:11:00,165 - Detection -   best_eval_score = 96.12
2024-10-05 19:11:00,165 - Detection -   eval_score = 95.89
2024-10-05 19:11:00,165 - Detection -   train_loss = 2.1384921358390288
2024-10-05 19:11:12,868 - Detection - ***** Epoch: 52: Eval results *****
2024-10-05 19:11:12,869 - Detection -   best_eval_score = 96.12
2024-10-05 19:11:12,869 - Detection -   eval_score = 95.89
2024-10-05 19:11:12,869 - Detection -   train_loss = 2.135828596624461
2024-10-05 19:11:25,619 - Detection - ***** Epoch: 53: Eval results *****
2024-10-05 19:11:25,619 - Detection -   best_eval_score = 96.12
2024-10-05 19:11:25,619 - Detection -   eval_score = 96.03
2024-10-05 19:11:25,619 - Detection -   train_loss = 2.120287851853804
2024-10-05 19:11:38,310 - Detection - ***** Epoch: 54: Eval results *****
2024-10-05 19:11:38,310 - Detection -   best_eval_score = 96.12
2024-10-05 19:11:38,310 - Detection -   eval_score = 96.07
2024-10-05 19:11:38,310 - Detection -   train_loss = 2.133518335494128
2024-10-05 19:11:51,193 - Detection - ***** Epoch: 55: Eval results *****
2024-10-05 19:11:51,194 - Detection -   best_eval_score = 96.12
2024-10-05 19:11:51,194 - Detection -   eval_score = 95.94
2024-10-05 19:11:51,194 - Detection -   train_loss = 2.12475110725923
2024-10-05 19:12:04,058 - Detection - ***** Epoch: 56: Eval results *****
2024-10-05 19:12:04,058 - Detection -   best_eval_score = 96.12
2024-10-05 19:12:04,058 - Detection -   eval_score = 96.03
2024-10-05 19:12:04,058 - Detection -   train_loss = 2.109404447403821
2024-10-05 19:12:04,059 - Detection - Pre-training finished...
2024-10-05 19:12:04,060 - Detection - Training Begin...
2024-10-05 19:12:20,316 - Detection - ***** Epoch: 1: Eval results *****
2024-10-05 19:12:20,316 - Detection -   best_eval_score = 0
2024-10-05 19:12:20,316 - Detection -   eval_score = 3.91
2024-10-05 19:12:20,316 - Detection -   train_loss = 13.08623411438682
2024-10-05 19:12:27,777 - Detection - ***** Epoch: 2: Eval results *****
2024-10-05 19:12:27,778 - Detection -   best_eval_score = 3.91
2024-10-05 19:12:27,778 - Detection -   eval_score = 63.12
2024-10-05 19:12:27,778 - Detection -   train_loss = 8.62348580902273
2024-10-05 19:12:35,239 - Detection - ***** Epoch: 3: Eval results *****
2024-10-05 19:12:35,239 - Detection -   best_eval_score = 63.12
2024-10-05 19:12:35,239 - Detection -   eval_score = 89.68
2024-10-05 19:12:35,239 - Detection -   train_loss = 4.114785343408585
2024-10-05 19:12:42,689 - Detection - ***** Epoch: 4: Eval results *****
2024-10-05 19:12:42,689 - Detection -   best_eval_score = 89.68
2024-10-05 19:12:42,689 - Detection -   eval_score = 92.73
2024-10-05 19:12:42,689 - Detection -   train_loss = 1.8821979639205066
2024-10-05 19:12:50,600 - Detection - ***** Epoch: 5: Eval results *****
2024-10-05 19:12:50,600 - Detection -   best_eval_score = 92.73
2024-10-05 19:12:50,600 - Detection -   eval_score = 92.99
2024-10-05 19:12:50,600 - Detection -   train_loss = 1.7130218080498956
2024-10-05 19:12:58,171 - Detection - ***** Epoch: 6: Eval results *****
2024-10-05 19:12:58,171 - Detection -   best_eval_score = 92.99
2024-10-05 19:12:58,171 - Detection -   eval_score = 93.09
2024-10-05 19:12:58,171 - Detection -   train_loss = 1.7031880793246357
2024-10-05 19:13:05,662 - Detection - ***** Epoch: 7: Eval results *****
2024-10-05 19:13:05,662 - Detection -   best_eval_score = 93.09
2024-10-05 19:13:05,662 - Detection -   eval_score = 93.02
2024-10-05 19:13:05,662 - Detection -   train_loss = 1.7110794606533917
2024-10-05 19:13:13,126 - Detection - ***** Epoch: 8: Eval results *****
2024-10-05 19:13:13,127 - Detection -   best_eval_score = 93.09
2024-10-05 19:13:13,127 - Detection -   eval_score = 93.01
2024-10-05 19:13:13,127 - Detection -   train_loss = 1.7154107147997075
2024-10-05 19:13:20,627 - Detection - ***** Epoch: 9: Eval results *****
2024-10-05 19:13:20,628 - Detection -   best_eval_score = 93.09
2024-10-05 19:13:20,628 - Detection -   eval_score = 93.01
2024-10-05 19:13:20,628 - Detection -   train_loss = 1.7024561966007405
2024-10-05 19:13:28,073 - Detection - ***** Epoch: 10: Eval results *****
2024-10-05 19:13:28,074 - Detection -   best_eval_score = 93.09
2024-10-05 19:13:28,074 - Detection -   eval_score = 93.1
2024-10-05 19:13:28,074 - Detection -   train_loss = 1.7211765687574039
2024-10-05 19:13:35,530 - Detection - ***** Epoch: 11: Eval results *****
2024-10-05 19:13:35,531 - Detection -   best_eval_score = 93.1
2024-10-05 19:13:35,531 - Detection -   eval_score = 93.02
2024-10-05 19:13:35,531 - Detection -   train_loss = 1.706108881668611
2024-10-05 19:13:43,011 - Detection - ***** Epoch: 12: Eval results *****
2024-10-05 19:13:43,011 - Detection -   best_eval_score = 93.1
2024-10-05 19:13:43,011 - Detection -   eval_score = 92.9
2024-10-05 19:13:43,011 - Detection -   train_loss = 1.7103808955712752
2024-10-05 19:13:50,491 - Detection - ***** Epoch: 13: Eval results *****
2024-10-05 19:13:50,491 - Detection -   best_eval_score = 93.1
2024-10-05 19:13:50,491 - Detection -   eval_score = 93.13
2024-10-05 19:13:50,491 - Detection -   train_loss = 1.7143046788193963
2024-10-05 19:13:58,517 - Detection - ***** Epoch: 14: Eval results *****
2024-10-05 19:13:58,518 - Detection -   best_eval_score = 93.13
2024-10-05 19:13:58,518 - Detection -   eval_score = 92.97
2024-10-05 19:13:58,518 - Detection -   train_loss = 1.7164947404102846
2024-10-05 19:14:06,096 - Detection - ***** Epoch: 15: Eval results *****
2024-10-05 19:14:06,096 - Detection -   best_eval_score = 93.13
2024-10-05 19:14:06,096 - Detection -   eval_score = 92.96
2024-10-05 19:14:06,096 - Detection -   train_loss = 1.7177066667513414
2024-10-05 19:14:13,603 - Detection - ***** Epoch: 16: Eval results *****
2024-10-05 19:14:13,603 - Detection -   best_eval_score = 93.13
2024-10-05 19:14:13,603 - Detection -   eval_score = 93.05
2024-10-05 19:14:13,603 - Detection -   train_loss = 1.733314343474128
2024-10-05 19:14:21,102 - Detection - ***** Epoch: 17: Eval results *****
2024-10-05 19:14:21,103 - Detection -   best_eval_score = 93.13
2024-10-05 19:14:21,103 - Detection -   eval_score = 92.97
2024-10-05 19:14:21,103 - Detection -   train_loss = 1.728565520860932
2024-10-05 19:14:28,574 - Detection - ***** Epoch: 18: Eval results *****
2024-10-05 19:14:28,574 - Detection -   best_eval_score = 93.13
2024-10-05 19:14:28,574 - Detection -   eval_score = 93.07
2024-10-05 19:14:28,574 - Detection -   train_loss = 1.7168553038076921
2024-10-05 19:14:36,048 - Detection - ***** Epoch: 19: Eval results *****
2024-10-05 19:14:36,048 - Detection -   best_eval_score = 93.13
2024-10-05 19:14:36,048 - Detection -   eval_score = 93.07
2024-10-05 19:14:36,048 - Detection -   train_loss = 1.7235174233263189
2024-10-05 19:14:43,495 - Detection - ***** Epoch: 20: Eval results *****
2024-10-05 19:14:43,495 - Detection -   best_eval_score = 93.13
2024-10-05 19:14:43,495 - Detection -   eval_score = 93.03
2024-10-05 19:14:43,495 - Detection -   train_loss = 1.7340782718224959
2024-10-05 19:14:50,946 - Detection - ***** Epoch: 21: Eval results *****
2024-10-05 19:14:50,946 - Detection -   best_eval_score = 93.13
2024-10-05 19:14:50,946 - Detection -   eval_score = 92.89
2024-10-05 19:14:50,946 - Detection -   train_loss = 1.7184892689639872
2024-10-05 19:14:58,456 - Detection - ***** Epoch: 22: Eval results *****
2024-10-05 19:14:58,457 - Detection -   best_eval_score = 93.13
2024-10-05 19:14:58,457 - Detection -   eval_score = 92.87
2024-10-05 19:14:58,457 - Detection -   train_loss = 1.7181127965450287
2024-10-05 19:15:06,017 - Detection - ***** Epoch: 23: Eval results *****
2024-10-05 19:15:06,017 - Detection -   best_eval_score = 93.13
2024-10-05 19:15:06,017 - Detection -   eval_score = 92.99
2024-10-05 19:15:06,017 - Detection -   train_loss = 1.7037252119996331
2024-10-05 19:15:06,021 - Detection - Training Finished...
2024-10-05 19:15:06,021 - Detection - Testing begin...
2024-10-05 19:15:08,236 - Detection - ***** Test: Confusion Matrix *****
2024-10-05 19:15:08,237 - Detection - [[  28    0    0 ...    0    0    2]
 [   0   24    0 ...    0    0    6]
 [   0    0   27 ...    0    0    2]
 ...
 [   0    0    0 ...   20    0    9]
 [   0    0    0 ...    0   26    2]
 [   0    1    0 ...    0    0 2030]]
2024-10-05 19:15:08,237 - Detection - ***** Test results *****
2024-10-05 19:15:08,237 - Detection -   Acc = 87.93
2024-10-05 19:15:08,237 - Detection -   F1 = 89.3707
2024-10-05 19:15:08,237 - Detection -   F1-known = 89.3983
2024-10-05 19:15:08,237 - Detection -   F1-open = 86.2728
2024-10-05 19:15:08,237 - Detection - Testing finished...
2024-10-05 19:15:08,237 - Detection - Results saved in results/results_ADB_f.csv
2024-10-05 19:15:08,277 - Detection - Open Intent Detection Finished...
