2024-10-05 20:18:29,336 - Detection - Open Intent Detection Begin...
2024-10-05 20:18:29,336 - Detection - Parameters Initialization...
2024-10-05 20:18:29,336 - Detection - Data and Model Preparation...
2024-10-05 20:18:29,336 - Detection - The number of known intents is 5
2024-10-05 20:18:29,336 - Detection - Lists of known labels are: ['osx', 'drupal', 'visual-studio', 'ajax', 'magento']
2024-10-05 20:18:29,375 - Detection - Number of labeled training samples = 3000
2024-10-05 20:18:29,375 - Detection - Number of unlabeled training samples = 9000
2024-10-05 20:18:29,380 - Detection - Number of evaluation samples = 500
2024-10-05 20:18:29,395 - Detection - Number of testing samples = 6000
2024-10-05 20:18:34,404 - Detection - ============================== Params ==============================
2024-10-05 20:18:34,404 - Detection - type:	open_intent_detection
2024-10-05 20:18:34,404 - Detection - logger_name:	Detection
2024-10-05 20:18:34,404 - Detection - log_dir:	logs
2024-10-05 20:18:34,404 - Detection - dataset:	stackoverflow
2024-10-05 20:18:34,404 - Detection - known_cls_ratio:	0.25
2024-10-05 20:18:34,404 - Detection - labeled_ratio:	1.0
2024-10-05 20:18:34,404 - Detection - method:	ADB
2024-10-05 20:18:34,404 - Detection - train:	True
2024-10-05 20:18:34,404 - Detection - tune:	True
2024-10-05 20:18:34,404 - Detection - pretrain:	True
2024-10-05 20:18:34,404 - Detection - b_train:	False
2024-10-05 20:18:34,405 - Detection - save_model:	False
2024-10-05 20:18:34,405 - Detection - backbone:	bert
2024-10-05 20:18:34,405 - Detection - config_file_name:	ADB
2024-10-05 20:18:34,405 - Detection - seed:	2
2024-10-05 20:18:34,405 - Detection - gpu_id:	0
2024-10-05 20:18:34,405 - Detection - pipe_results_path:	pipe_results
2024-10-05 20:18:34,405 - Detection - data_dir:	/root/autodl-tmp/TEXTOIR_ct_adb_three_ad/open_intent_detection/../data
2024-10-05 20:18:34,405 - Detection - output_dir:	/home/sharing/disk3/wangyifan/sujianhua/TEXTOIR_ct_adb_three_ad/output
2024-10-05 20:18:34,405 - Detection - model_dir:	models
2024-10-05 20:18:34,405 - Detection - load_pretrained_method:	None
2024-10-05 20:18:34,405 - Detection - result_dir:	results
2024-10-05 20:18:34,405 - Detection - results_file_name:	results_ADB_f.csv
2024-10-05 20:18:34,405 - Detection - save_results:	True
2024-10-05 20:18:34,405 - Detection - loss_fct:	CrossEntropyLoss
2024-10-05 20:18:34,405 - Detection - dataset_neg:	SQUAD
2024-10-05 20:18:34,405 - Detection - method_output_dir:	/home/sharing/disk3/wangyifan/sujianhua/TEXTOIR_ct_adb_three_ad/output/open_intent_detection/ADB_stackoverflow_0.25_1.0_bert_2
2024-10-05 20:18:34,405 - Detection - model_output_dir:	/home/sharing/disk3/wangyifan/sujianhua/TEXTOIR_ct_adb_three_ad/output/open_intent_detection/ADB_stackoverflow_0.25_1.0_bert_2/models
2024-10-05 20:18:34,405 - Detection - bert_model:	/root/autodl-tmp/bert-base-uncased
2024-10-05 20:18:34,405 - Detection - num_train_epochs:	100
2024-10-05 20:18:34,405 - Detection - num_labels:	5
2024-10-05 20:18:34,405 - Detection - max_seq_length:	45
2024-10-05 20:18:34,405 - Detection - freeze_backbone_parameters:	True
2024-10-05 20:18:34,405 - Detection - feat_dim:	768
2024-10-05 20:18:34,405 - Detection - warmup_proportion:	0.1
2024-10-05 20:18:34,405 - Detection - lr_boundary:	0.05
2024-10-05 20:18:34,405 - Detection - lr:	2e-05
2024-10-05 20:18:34,405 - Detection - activation:	relu
2024-10-05 20:18:34,405 - Detection - train_batch_size:	128
2024-10-05 20:18:34,405 - Detection - eval_batch_size:	64
2024-10-05 20:18:34,405 - Detection - test_batch_size:	64
2024-10-05 20:18:34,405 - Detection - wait_patient:	10
2024-10-05 20:18:34,405 - Detection - safe1:	0.5
2024-10-05 20:18:34,405 - Detection - safe2:	0.8
2024-10-05 20:18:34,405 - Detection - neg_weight:	0
2024-10-05 20:18:34,405 - Detection - margin:	0.2
2024-10-05 20:18:34,405 - Detection - p:	2
2024-10-05 20:18:34,405 - Detection - loss_weight:	1
2024-10-05 20:18:34,405 - Detection - supcon_loss_weight:	0.3
2024-10-05 20:18:34,406 - Detection - triplet_loss_weight:	0.2
2024-10-05 20:18:34,406 - Detection - unseen_label_id:	5
2024-10-05 20:18:34,406 - Detection - anum_labels:	6
2024-10-05 20:18:34,406 - Detection - ============================== End Params ==============================
2024-10-05 20:18:35,631 - Detection - Freeze all parameters but the last layer for efficiency
2024-10-05 20:18:36,720 - Detection - Pre-training Begin...
