2024-10-07 00:33:20,430 - Detection - Open Intent Detection Begin...
2024-10-07 00:33:20,430 - Detection - Parameters Initialization...
2024-10-07 00:33:20,430 - Detection - Data and Model Preparation...
2024-10-07 00:33:20,430 - Detection - The number of known intents is 58
2024-10-07 00:33:20,431 - Detection - Lists of known labels are: ['edit_personal_details', 'lost_or_stolen_phone', 'declined_card_payment', 'why_verify_identity', 'top_up_by_cash_or_cheque', 'top_up_failed', 'top_up_reverted', 'receiving_money', 'failed_transfer', 'top_up_by_card_charge', 'card_about_to_expire', 'reverted_card_payment?', 'exchange_via_app', 'age_limit', 'verify_top_up', 'declined_cash_withdrawal', 'pending_card_payment', 'card_not_working', 'passcode_forgotten', 'card_swallowed', 'wrong_exchange_rate_for_cash_withdrawal', 'verify_source_of_funds', 'transaction_charged_twice', 'wrong_amount_of_cash_received', 'topping_up_by_card', 'extra_charge_on_statement', 'get_disposable_virtual_card', 'terminate_account', 'exchange_rate', 'transfer_timing', 'getting_spare_card', 'cash_withdrawal_not_recognised', 'unable_to_verify_identity', 'apple_pay_or_google_pay', 'order_physical_card', 'top_up_by_bank_transfer_charge', 'get_physical_card', 'pending_cash_withdrawal', 'contactless_not_working', 'beneficiary_not_allowed', 'card_payment_not_recognised', 'Refund_not_showing_up', 'verify_my_identity', 'pending_top_up', 'balance_not_updated_after_cheque_or_cash_deposit', 'visa_or_mastercard', 'request_refund', 'card_delivery_estimate', 'change_pin', 'exchange_charge', 'disposable_card_limits', 'pending_transfer', 'getting_virtual_card', 'supported_cards_and_currencies', 'compromised_card', 'atm_support', 'transfer_not_received_by_recipient', 'card_linking']
2024-10-07 00:33:20,463 - Detection - Number of labeled training samples = 6711
2024-10-07 00:33:20,463 - Detection - Number of unlabeled training samples = 2292
2024-10-07 00:33:20,466 - Detection - Number of evaluation samples = 745
2024-10-07 00:33:20,473 - Detection - Number of testing samples = 3080
2024-10-07 00:33:22,905 - Detection - ============================== Params ==============================
2024-10-07 00:33:22,905 - Detection - type:	open_intent_detection
2024-10-07 00:33:22,905 - Detection - logger_name:	Detection
2024-10-07 00:33:22,905 - Detection - log_dir:	logs
2024-10-07 00:33:22,905 - Detection - dataset:	banking
2024-10-07 00:33:22,905 - Detection - known_cls_ratio:	0.75
2024-10-07 00:33:22,905 - Detection - labeled_ratio:	1.0
2024-10-07 00:33:22,905 - Detection - method:	ADB
2024-10-07 00:33:22,905 - Detection - train:	True
2024-10-07 00:33:22,905 - Detection - tune:	True
2024-10-07 00:33:22,905 - Detection - pretrain:	True
2024-10-07 00:33:22,905 - Detection - b_train:	False
2024-10-07 00:33:22,905 - Detection - save_model:	True
2024-10-07 00:33:22,905 - Detection - backbone:	bert
2024-10-07 00:33:22,905 - Detection - config_file_name:	ADB_banking
2024-10-07 00:33:22,905 - Detection - seed:	1
2024-10-07 00:33:22,905 - Detection - gpu_id:	0
2024-10-07 00:33:22,905 - Detection - pipe_results_path:	pipe_results
2024-10-07 00:33:22,905 - Detection - data_dir:	/home/sharing/disk3/wangyifan/sujianhua/TEXTOIR_ct_adb/open_intent_detection/../data
2024-10-07 00:33:22,905 - Detection - output_dir:	/home/sharing/disk3/wangyifan/sujianhua/output
2024-10-07 00:33:22,905 - Detection - model_dir:	models
2024-10-07 00:33:22,905 - Detection - load_pretrained_method:	None
2024-10-07 00:33:22,905 - Detection - result_dir:	results
2024-10-07 00:33:22,905 - Detection - results_file_name:	results_ADB_banking.csv
2024-10-07 00:33:22,905 - Detection - save_results:	True
2024-10-07 00:33:22,905 - Detection - loss_fct:	CrossEntropyLoss
2024-10-07 00:33:22,905 - Detection - dataset_neg:	SQUAD
2024-10-07 00:33:22,905 - Detection - method_output_dir:	/home/sharing/disk3/wangyifan/sujianhua/output/open_intent_detection/ADB_banking_0.75_1.0_bert_1
2024-10-07 00:33:22,905 - Detection - model_output_dir:	/home/sharing/disk3/wangyifan/sujianhua/output/open_intent_detection/ADB_banking_0.75_1.0_bert_1/models
2024-10-07 00:33:22,905 - Detection - bert_model:	/home/sharing/disk1/pretrained_embedding/bert/uncased_L-12_H-768_A-12/
2024-10-07 00:33:22,905 - Detection - num_train_epochs:	100
2024-10-07 00:33:22,905 - Detection - num_labels:	58
2024-10-07 00:33:22,905 - Detection - max_seq_length:	55
2024-10-07 00:33:22,905 - Detection - freeze_backbone_parameters:	True
2024-10-07 00:33:22,905 - Detection - feat_dim:	768
2024-10-07 00:33:22,905 - Detection - warmup_proportion:	0.1
2024-10-07 00:33:22,905 - Detection - lr_boundary:	0.05
2024-10-07 00:33:22,905 - Detection - lr:	2e-05
2024-10-07 00:33:22,905 - Detection - activation:	relu
2024-10-07 00:33:22,905 - Detection - train_batch_size:	128
2024-10-07 00:33:22,905 - Detection - eval_batch_size:	64
2024-10-07 00:33:22,905 - Detection - test_batch_size:	64
2024-10-07 00:33:22,905 - Detection - wait_patient:	10
2024-10-07 00:33:22,905 - Detection - safe1:	0.8
2024-10-07 00:33:22,905 - Detection - safe2:	0.7
2024-10-07 00:33:22,905 - Detection - neg_weight:	0.5
2024-10-07 00:33:22,905 - Detection - margin:	0.5
2024-10-07 00:33:22,906 - Detection - p:	2
2024-10-07 00:33:22,906 - Detection - loss_weight:	1
2024-10-07 00:33:22,906 - Detection - supcon_loss_weight:	0.8
2024-10-07 00:33:22,906 - Detection - triplet_loss_weight:	0.7
2024-10-07 00:33:22,906 - Detection - unseen_label_id:	58
2024-10-07 00:33:22,906 - Detection - anum_labels:	59
2024-10-07 00:33:22,906 - Detection - ============================== End Params ==============================
2024-10-07 00:33:24,002 - Detection - Freeze all parameters but the last layer for efficiency
2024-10-07 00:33:25,236 - Detection - Pre-training Begin...
2024-10-07 00:33:36,310 - Detection - ***** Epoch: 1: Eval results *****
2024-10-07 00:33:36,311 - Detection -   best_eval_score = 0
2024-10-07 00:33:36,311 - Detection -   eval_score = 4.16
2024-10-07 00:33:36,311 - Detection -   train_loss = 9.414115509896908
2024-10-07 00:33:46,339 - Detection - ***** Epoch: 2: Eval results *****
2024-10-07 00:33:46,339 - Detection -   best_eval_score = 4.16
2024-10-07 00:33:46,339 - Detection -   eval_score = 4.03
2024-10-07 00:33:46,340 - Detection -   train_loss = 8.963728202963775
2024-10-07 00:33:56,580 - Detection - ***** Epoch: 3: Eval results *****
2024-10-07 00:33:56,581 - Detection -   best_eval_score = 4.16
2024-10-07 00:33:56,581 - Detection -   eval_score = 4.56
2024-10-07 00:33:56,581 - Detection -   train_loss = 8.580531849051422
2024-10-07 00:34:06,731 - Detection - ***** Epoch: 4: Eval results *****
2024-10-07 00:34:06,731 - Detection -   best_eval_score = 4.56
2024-10-07 00:34:06,731 - Detection -   eval_score = 6.04
2024-10-07 00:34:06,731 - Detection -   train_loss = 8.118569338096762
2024-10-07 00:34:17,045 - Detection - ***** Epoch: 5: Eval results *****
2024-10-07 00:34:17,045 - Detection -   best_eval_score = 6.04
2024-10-07 00:34:17,045 - Detection -   eval_score = 8.72
2024-10-07 00:34:17,045 - Detection -   train_loss = 7.857359814194013
2024-10-07 00:34:27,137 - Detection - ***** Epoch: 6: Eval results *****
2024-10-07 00:34:27,138 - Detection -   best_eval_score = 8.72
2024-10-07 00:34:27,138 - Detection -   eval_score = 15.03
2024-10-07 00:34:27,138 - Detection -   train_loss = 7.673376785134369
2024-10-07 00:34:37,296 - Detection - ***** Epoch: 7: Eval results *****
2024-10-07 00:34:37,296 - Detection -   best_eval_score = 15.03
2024-10-07 00:34:37,296 - Detection -   eval_score = 18.26
2024-10-07 00:34:37,296 - Detection -   train_loss = 7.521977838480248
2024-10-07 00:34:47,231 - Detection - ***** Epoch: 8: Eval results *****
2024-10-07 00:34:47,231 - Detection -   best_eval_score = 18.26
2024-10-07 00:34:47,231 - Detection -   eval_score = 24.7
2024-10-07 00:34:47,231 - Detection -   train_loss = 7.37393049024186
2024-10-07 00:34:57,753 - Detection - ***** Epoch: 9: Eval results *****
2024-10-07 00:34:57,753 - Detection -   best_eval_score = 24.7
2024-10-07 00:34:57,754 - Detection -   eval_score = 34.36
2024-10-07 00:34:57,754 - Detection -   train_loss = 7.260227113399866
2024-10-07 00:35:07,664 - Detection - ***** Epoch: 10: Eval results *****
2024-10-07 00:35:07,664 - Detection -   best_eval_score = 34.36
2024-10-07 00:35:07,664 - Detection -   eval_score = 45.23
2024-10-07 00:35:07,664 - Detection -   train_loss = 7.136425927000226
2024-10-07 00:35:17,921 - Detection - ***** Epoch: 11: Eval results *****
2024-10-07 00:35:17,921 - Detection -   best_eval_score = 45.23
2024-10-07 00:35:17,921 - Detection -   eval_score = 56.78
2024-10-07 00:35:17,921 - Detection -   train_loss = 6.969424247741699
2024-10-07 00:35:28,278 - Detection - ***** Epoch: 12: Eval results *****
2024-10-07 00:35:28,278 - Detection -   best_eval_score = 56.78
2024-10-07 00:35:28,278 - Detection -   eval_score = 66.44
2024-10-07 00:35:28,278 - Detection -   train_loss = 6.746712864569898
2024-10-07 00:35:38,490 - Detection - ***** Epoch: 13: Eval results *****
2024-10-07 00:35:38,490 - Detection -   best_eval_score = 66.44
2024-10-07 00:35:38,490 - Detection -   eval_score = 72.21
2024-10-07 00:35:38,491 - Detection -   train_loss = 6.45571036608714
2024-10-07 00:35:48,926 - Detection - ***** Epoch: 14: Eval results *****
2024-10-07 00:35:48,926 - Detection -   best_eval_score = 72.21
2024-10-07 00:35:48,926 - Detection -   eval_score = 76.11
2024-10-07 00:35:48,926 - Detection -   train_loss = 6.084442336604281
2024-10-07 00:35:59,096 - Detection - ***** Epoch: 15: Eval results *****
2024-10-07 00:35:59,096 - Detection -   best_eval_score = 76.11
2024-10-07 00:35:59,096 - Detection -   eval_score = 79.73
2024-10-07 00:35:59,096 - Detection -   train_loss = 5.6461931984379605
2024-10-07 00:36:09,242 - Detection - ***** Epoch: 16: Eval results *****
2024-10-07 00:36:09,242 - Detection -   best_eval_score = 79.73
2024-10-07 00:36:09,242 - Detection -   eval_score = 81.74
2024-10-07 00:36:09,242 - Detection -   train_loss = 5.194056411959091
2024-10-07 00:36:19,723 - Detection - ***** Epoch: 17: Eval results *****
2024-10-07 00:36:19,723 - Detection -   best_eval_score = 81.74
2024-10-07 00:36:19,723 - Detection -   eval_score = 84.3
2024-10-07 00:36:19,723 - Detection -   train_loss = 4.836050442929538
2024-10-07 00:36:30,360 - Detection - ***** Epoch: 18: Eval results *****
2024-10-07 00:36:30,360 - Detection -   best_eval_score = 84.3
2024-10-07 00:36:30,360 - Detection -   eval_score = 85.77
2024-10-07 00:36:30,360 - Detection -   train_loss = 4.555195246102675
2024-10-07 00:36:40,774 - Detection - ***** Epoch: 19: Eval results *****
2024-10-07 00:36:40,774 - Detection -   best_eval_score = 85.77
2024-10-07 00:36:40,774 - Detection -   eval_score = 87.25
2024-10-07 00:36:40,774 - Detection -   train_loss = 4.302894970156112
2024-10-07 00:36:51,284 - Detection - ***** Epoch: 20: Eval results *****
2024-10-07 00:36:51,285 - Detection -   best_eval_score = 87.25
2024-10-07 00:36:51,285 - Detection -   eval_score = 88.46
2024-10-07 00:36:51,285 - Detection -   train_loss = 4.1372091095402554
2024-10-07 00:37:01,285 - Detection - ***** Epoch: 21: Eval results *****
2024-10-07 00:37:01,285 - Detection -   best_eval_score = 88.46
2024-10-07 00:37:01,285 - Detection -   eval_score = 88.99
2024-10-07 00:37:01,285 - Detection -   train_loss = 3.9655118033571064
2024-10-07 00:37:11,468 - Detection - ***** Epoch: 22: Eval results *****
2024-10-07 00:37:11,468 - Detection -   best_eval_score = 88.99
2024-10-07 00:37:11,468 - Detection -   eval_score = 89.93
2024-10-07 00:37:11,468 - Detection -   train_loss = 3.842357059694686
2024-10-07 00:37:21,786 - Detection - ***** Epoch: 23: Eval results *****
2024-10-07 00:37:21,786 - Detection -   best_eval_score = 89.93
2024-10-07 00:37:21,786 - Detection -   eval_score = 89.4
2024-10-07 00:37:21,786 - Detection -   train_loss = 3.7301491971285836
2024-10-07 00:37:31,810 - Detection - ***** Epoch: 24: Eval results *****
2024-10-07 00:37:31,810 - Detection -   best_eval_score = 89.93
2024-10-07 00:37:31,810 - Detection -   eval_score = 89.8
2024-10-07 00:37:31,810 - Detection -   train_loss = 3.646381976469508
2024-10-07 00:37:42,027 - Detection - ***** Epoch: 25: Eval results *****
2024-10-07 00:37:42,027 - Detection -   best_eval_score = 89.93
2024-10-07 00:37:42,027 - Detection -   eval_score = 90.74
2024-10-07 00:37:42,027 - Detection -   train_loss = 3.554883471075094
2024-10-07 00:37:52,263 - Detection - ***** Epoch: 26: Eval results *****
2024-10-07 00:37:52,263 - Detection -   best_eval_score = 90.74
2024-10-07 00:37:52,263 - Detection -   eval_score = 90.6
2024-10-07 00:37:52,263 - Detection -   train_loss = 3.4780880010352946
2024-10-07 00:38:02,447 - Detection - ***** Epoch: 27: Eval results *****
2024-10-07 00:38:02,448 - Detection -   best_eval_score = 90.74
2024-10-07 00:38:02,448 - Detection -   eval_score = 91.14
2024-10-07 00:38:02,448 - Detection -   train_loss = 3.4449419930296123
2024-10-07 00:38:12,762 - Detection - ***** Epoch: 28: Eval results *****
2024-10-07 00:38:12,763 - Detection -   best_eval_score = 91.14
2024-10-07 00:38:12,763 - Detection -   eval_score = 91.41
2024-10-07 00:38:12,763 - Detection -   train_loss = 3.3735622055125685
2024-10-07 00:38:23,123 - Detection - ***** Epoch: 29: Eval results *****
2024-10-07 00:38:23,123 - Detection -   best_eval_score = 91.41
2024-10-07 00:38:23,123 - Detection -   eval_score = 91.41
2024-10-07 00:38:23,123 - Detection -   train_loss = 3.332288139271286
2024-10-07 00:38:33,332 - Detection - ***** Epoch: 30: Eval results *****
2024-10-07 00:38:33,332 - Detection -   best_eval_score = 91.41
2024-10-07 00:38:33,332 - Detection -   eval_score = 91.81
2024-10-07 00:38:33,332 - Detection -   train_loss = 3.289957199456557
2024-10-07 00:38:43,626 - Detection - ***** Epoch: 31: Eval results *****
2024-10-07 00:38:43,626 - Detection -   best_eval_score = 91.81
2024-10-07 00:38:43,626 - Detection -   eval_score = 92.08
2024-10-07 00:38:43,626 - Detection -   train_loss = 3.2287014835285692
2024-10-07 00:38:53,775 - Detection - ***** Epoch: 32: Eval results *****
2024-10-07 00:38:53,775 - Detection -   best_eval_score = 92.08
2024-10-07 00:38:53,775 - Detection -   eval_score = 91.68
2024-10-07 00:38:53,775 - Detection -   train_loss = 3.2201381809306593
2024-10-07 00:39:03,937 - Detection - ***** Epoch: 33: Eval results *****
2024-10-07 00:39:03,937 - Detection -   best_eval_score = 92.08
2024-10-07 00:39:03,937 - Detection -   eval_score = 92.35
2024-10-07 00:39:03,937 - Detection -   train_loss = 3.1696110266559527
2024-10-07 00:39:14,521 - Detection - ***** Epoch: 34: Eval results *****
2024-10-07 00:39:14,522 - Detection -   best_eval_score = 92.35
2024-10-07 00:39:14,522 - Detection -   eval_score = 92.08
2024-10-07 00:39:14,522 - Detection -   train_loss = 3.1363309239441493
2024-10-07 00:39:25,070 - Detection - ***** Epoch: 35: Eval results *****
2024-10-07 00:39:25,070 - Detection -   best_eval_score = 92.35
2024-10-07 00:39:25,070 - Detection -   eval_score = 92.48
2024-10-07 00:39:25,070 - Detection -   train_loss = 3.1205123190609916
2024-10-07 00:39:35,401 - Detection - ***** Epoch: 36: Eval results *****
2024-10-07 00:39:35,401 - Detection -   best_eval_score = 92.48
2024-10-07 00:39:35,401 - Detection -   eval_score = 92.62
2024-10-07 00:39:35,401 - Detection -   train_loss = 3.076708235830631
2024-10-07 00:39:45,710 - Detection - ***** Epoch: 37: Eval results *****
2024-10-07 00:39:45,710 - Detection -   best_eval_score = 92.62
2024-10-07 00:39:45,710 - Detection -   eval_score = 92.48
2024-10-07 00:39:45,710 - Detection -   train_loss = 3.066322790001923
2024-10-07 00:39:56,067 - Detection - ***** Epoch: 38: Eval results *****
2024-10-07 00:39:56,067 - Detection -   best_eval_score = 92.62
2024-10-07 00:39:56,067 - Detection -   eval_score = 92.48
2024-10-07 00:39:56,067 - Detection -   train_loss = 3.039733684287881
2024-10-07 00:40:06,256 - Detection - ***** Epoch: 39: Eval results *****
2024-10-07 00:40:06,257 - Detection -   best_eval_score = 92.62
2024-10-07 00:40:06,257 - Detection -   eval_score = 92.89
2024-10-07 00:40:06,257 - Detection -   train_loss = 3.0287365058683
2024-10-07 00:40:16,810 - Detection - ***** Epoch: 40: Eval results *****
2024-10-07 00:40:16,810 - Detection -   best_eval_score = 92.89
2024-10-07 00:40:16,810 - Detection -   eval_score = 92.48
2024-10-07 00:40:16,810 - Detection -   train_loss = 3.010608929508137
2024-10-07 00:40:27,227 - Detection - ***** Epoch: 41: Eval results *****
2024-10-07 00:40:27,227 - Detection -   best_eval_score = 92.89
2024-10-07 00:40:27,227 - Detection -   eval_score = 92.75
2024-10-07 00:40:27,227 - Detection -   train_loss = 2.9795161868041418
2024-10-07 00:40:37,721 - Detection - ***** Epoch: 42: Eval results *****
2024-10-07 00:40:37,721 - Detection -   best_eval_score = 92.89
2024-10-07 00:40:37,721 - Detection -   eval_score = 92.62
2024-10-07 00:40:37,721 - Detection -   train_loss = 2.963817686404822
2024-10-07 00:40:48,286 - Detection - ***** Epoch: 43: Eval results *****
2024-10-07 00:40:48,287 - Detection -   best_eval_score = 92.89
2024-10-07 00:40:48,287 - Detection -   eval_score = 92.62
2024-10-07 00:40:48,287 - Detection -   train_loss = 2.9370779361364976
2024-10-07 00:40:58,781 - Detection - ***** Epoch: 44: Eval results *****
2024-10-07 00:40:58,781 - Detection -   best_eval_score = 92.89
2024-10-07 00:40:58,782 - Detection -   eval_score = 92.75
2024-10-07 00:40:58,782 - Detection -   train_loss = 2.932453452416186
2024-10-07 00:41:09,381 - Detection - ***** Epoch: 45: Eval results *****
2024-10-07 00:41:09,382 - Detection -   best_eval_score = 92.89
2024-10-07 00:41:09,382 - Detection -   eval_score = 92.62
2024-10-07 00:41:09,382 - Detection -   train_loss = 2.9189954208877853
2024-10-07 00:41:19,881 - Detection - ***** Epoch: 46: Eval results *****
2024-10-07 00:41:19,881 - Detection -   best_eval_score = 92.89
2024-10-07 00:41:19,881 - Detection -   eval_score = 92.35
2024-10-07 00:41:19,881 - Detection -   train_loss = 2.8917018152632803
2024-10-07 00:41:29,992 - Detection - ***** Epoch: 47: Eval results *****
2024-10-07 00:41:29,992 - Detection -   best_eval_score = 92.89
2024-10-07 00:41:29,992 - Detection -   eval_score = 92.48
2024-10-07 00:41:29,992 - Detection -   train_loss = 2.8894552689678266
2024-10-07 00:41:40,086 - Detection - ***** Epoch: 48: Eval results *****
2024-10-07 00:41:40,086 - Detection -   best_eval_score = 92.89
2024-10-07 00:41:40,086 - Detection -   eval_score = 92.75
2024-10-07 00:41:40,086 - Detection -   train_loss = 2.8661531457361185
2024-10-07 00:41:50,163 - Detection - ***** Epoch: 49: Eval results *****
2024-10-07 00:41:50,163 - Detection -   best_eval_score = 92.89
2024-10-07 00:41:50,163 - Detection -   eval_score = 92.62
2024-10-07 00:41:50,163 - Detection -   train_loss = 2.8429995437837996
2024-10-07 00:41:50,164 - Detection - Trained models are saved in /home/sharing/disk3/wangyifan/sujianhua/output/open_intent_detection/ADB_banking_0.75_1.0_bert_1/models
2024-10-07 00:41:50,777 - Detection - Pre-training finished...
2024-10-07 00:41:50,777 - Detection - Training Begin...
2024-10-07 00:44:45,041 - Detection - ***** Epoch: 1: Eval results *****
2024-10-07 00:44:45,041 - Detection -   best_eval_score = 0
2024-10-07 00:44:45,041 - Detection -   eval_score = 1.97
2024-10-07 00:44:45,041 - Detection -   train_loss = 10.46558272163823
2024-10-07 00:47:31,160 - Detection - ***** Epoch: 2: Eval results *****
2024-10-07 00:47:31,160 - Detection -   best_eval_score = 1.97
2024-10-07 00:47:31,160 - Detection -   eval_score = 40.99
2024-10-07 00:47:31,160 - Detection -   train_loss = 7.28220286459293
2024-10-07 00:50:14,640 - Detection - ***** Epoch: 3: Eval results *****
2024-10-07 00:50:14,640 - Detection -   best_eval_score = 40.99
2024-10-07 00:50:14,640 - Detection -   eval_score = 79.09
2024-10-07 00:50:14,640 - Detection -   train_loss = 4.216883133042534
2024-10-07 00:53:00,633 - Detection - ***** Epoch: 4: Eval results *****
2024-10-07 00:53:00,633 - Detection -   best_eval_score = 79.09
2024-10-07 00:53:00,633 - Detection -   eval_score = 87.53
2024-10-07 00:53:00,633 - Detection -   train_loss = 2.5810097928317086
2024-10-07 00:55:45,268 - Detection - ***** Epoch: 5: Eval results *****
2024-10-07 00:55:45,268 - Detection -   best_eval_score = 87.53
2024-10-07 00:55:45,268 - Detection -   eval_score = 88.43
2024-10-07 00:55:45,268 - Detection -   train_loss = 2.2509462630973673
2024-10-07 00:58:29,640 - Detection - ***** Epoch: 6: Eval results *****
2024-10-07 00:58:29,640 - Detection -   best_eval_score = 88.43
2024-10-07 00:58:29,640 - Detection -   eval_score = 88.89
2024-10-07 00:58:29,640 - Detection -   train_loss = 2.225804567337036
2024-10-07 01:01:15,754 - Detection - ***** Epoch: 7: Eval results *****
2024-10-07 01:01:15,755 - Detection -   best_eval_score = 88.89
2024-10-07 01:01:15,755 - Detection -   eval_score = 88.44
2024-10-07 01:01:15,755 - Detection -   train_loss = 2.2129695572943056
2024-10-07 01:04:01,284 - Detection - ***** Epoch: 8: Eval results *****
2024-10-07 01:04:01,284 - Detection -   best_eval_score = 88.89
2024-10-07 01:04:01,284 - Detection -   eval_score = 88.72
2024-10-07 01:04:01,284 - Detection -   train_loss = 2.223716085811831
2024-10-07 01:06:47,511 - Detection - ***** Epoch: 9: Eval results *****
2024-10-07 01:06:47,511 - Detection -   best_eval_score = 88.89
2024-10-07 01:06:47,511 - Detection -   eval_score = 88.61
2024-10-07 01:06:47,511 - Detection -   train_loss = 2.225014439168966
2024-10-07 01:09:34,239 - Detection - ***** Epoch: 10: Eval results *****
2024-10-07 01:09:34,239 - Detection -   best_eval_score = 88.89
2024-10-07 01:09:34,239 - Detection -   eval_score = 88.65
2024-10-07 01:09:34,239 - Detection -   train_loss = 2.2320428254469387
2024-10-07 01:12:18,866 - Detection - ***** Epoch: 11: Eval results *****
2024-10-07 01:12:18,867 - Detection -   best_eval_score = 88.89
2024-10-07 01:12:18,867 - Detection -   eval_score = 88.57
2024-10-07 01:12:18,867 - Detection -   train_loss = 2.230371997041522
2024-10-07 01:15:04,771 - Detection - ***** Epoch: 12: Eval results *****
2024-10-07 01:15:04,772 - Detection -   best_eval_score = 88.89
2024-10-07 01:15:04,772 - Detection -   eval_score = 88.63
2024-10-07 01:15:04,772 - Detection -   train_loss = 2.2206934173152133
2024-10-07 01:17:50,553 - Detection - ***** Epoch: 13: Eval results *****
2024-10-07 01:17:50,553 - Detection -   best_eval_score = 88.89
2024-10-07 01:17:50,553 - Detection -   eval_score = 88.73
2024-10-07 01:17:50,553 - Detection -   train_loss = 2.240765189224819
2024-10-07 01:20:34,189 - Detection - ***** Epoch: 14: Eval results *****
2024-10-07 01:20:34,189 - Detection -   best_eval_score = 88.89
2024-10-07 01:20:34,189 - Detection -   eval_score = 88.77
2024-10-07 01:20:34,189 - Detection -   train_loss = 2.22800952533506
2024-10-07 01:23:10,542 - Detection - ***** Epoch: 15: Eval results *****
2024-10-07 01:23:10,543 - Detection -   best_eval_score = 88.89
2024-10-07 01:23:10,543 - Detection -   eval_score = 88.6
2024-10-07 01:23:10,543 - Detection -   train_loss = 2.2238766494786963
2024-10-07 01:25:48,192 - Detection - ***** Epoch: 16: Eval results *****
2024-10-07 01:25:48,192 - Detection -   best_eval_score = 88.89
2024-10-07 01:25:48,192 - Detection -   eval_score = 88.73
2024-10-07 01:25:48,192 - Detection -   train_loss = 2.237889181892827
2024-10-07 01:25:48,206 - Detection - Training Finished...
2024-10-07 01:25:48,206 - Detection - Testing begin...
2024-10-07 01:25:50,302 - Detection - ***** Test: Confusion Matrix *****
2024-10-07 01:25:50,302 - Detection - [[ 39   0   0 ...   0   0   1]
 [  0  35   0 ...   0   0   5]
 [  0   0  33 ...   0   0   7]
 ...
 [  0   0   0 ...  31   0   6]
 [  0   0   0 ...   0  34   6]
 [  0   0   4 ...  11  13 598]]
2024-10-07 01:25:50,302 - Detection - ***** Test results *****
2024-10-07 01:25:50,302 - Detection -   Acc = 83.31
2024-10-07 01:25:50,302 - Detection -   F1 = 87.1155
2024-10-07 01:25:50,302 - Detection -   F1-known = 87.367
2024-10-07 01:25:50,302 - Detection -   F1-open = 72.5288
2024-10-07 01:25:50,302 - Detection - Testing finished...
2024-10-07 01:25:50,302 - Detection - Results saved in results/results_ADB_banking.csv
2024-10-07 01:25:50,328 - Detection - Open Intent Detection Finished...
